(dp0
S''
p1
I3
sS'raining'
p2
I73
sS'colleges'
p3
I73
sS'blisters'
p4
I74
sS'sleep'
p5
I51
sS'hanging'
p6
I73
sS'hate'
p7
I64
sS'feeding'
p8
I74
sS'buddy'
p9
I74
sS'tweet'
p10
I63
sS'sweetest'
p11
I74
sS'presents'
p12
I74
sS'swat'
p13
I74
sS'under'
p14
I74
sS'lord'
p15
I71
sS'sorry'
p16
I71
sS'this...i'
p17
I74
sS'worth'
p18
I72
sS'happy\xe2\x9d\xa4\xef\xb8\x8f'
p19
I74
sS'updated'
p20
I74
sS'rescue'
p21
I74
sS'every'
p22
I72
sS'jack'
p23
I72
sS'tickets'
p24
I73
sS'school'
p25
I60
sS'baking'
p26
I73
sS'okhello'
p27
I64
sS'wednesday'
p28
I73
sS'solid'
p29
I74
sS'cheeto'
p30
I74
sS'heading'
p31
I74
sS'clothes'
p32
I74
sS'tired'
p33
I68
sS'phones'
p34
I74
sS'almond'
p35
I74
sS'chef'
p36
I73
sS'rusty'
p37
I74
sS'street'
p38
I74
sS"porto's"
p39
I74
sS'panda'
p40
I73
sS'even'
p41
I50
sS'singing\xe2\x9d\xa4'
p42
I74
sS'preferences'
p43
I74
sS'saved'
p44
I74
sS'+'
p45
I74
sS'cooking'
p46
I74
sS'fingers'
p47
I74
sS'poison'
p48
I74
sS'new'
p49
I60
sS'counting....fuck'
p50
I74
sS'chopped...i'
p51
I74
sS'ever'
p52
I62
sS'disney'
p53
I73
sS'told'
p54
I66
sS'never'
p55
I51
sS'here'
p56
I58
sS'fanmail'
p57
I74
sS'xfactor\xe2\x9d\xa4\xe2\x9d\xa4\xe2\x9d\xa4'
p58
I74
sS'\xe2\x9d\xa4\xef\xb8\x8f'
p59
I62
sS'pursuit'
p60
I74
sS'tealaaaaa'
p61
I74
sS"aren't"
p62
I74
sS'kids'
p63
I74
sS'k'
p64
I74
sS'climbed'
p65
I74
sS'ally'
p66
I71
sS'walkin'
p67
I74
sS"i'd"
p68
I74
sS'froyo'
p69
I72
sS'me:('
p70
I74
sS'me:)'
p71
I74
sS"i'm"
p72
I12
sS'parents\xe2\x9d\xa4\xef\xb8\x8f'
p73
I74
sS'golden'
p74
I72
sS'envious'
p75
I74
sS'inlaws'
p76
I73
sS'grandma'
p77
I74
sS'perfff\xe2\x9d\xa4\xef\xb8\x8f'
p78
I74
sS'bro'
p79
I73
sS'hahahahah'
p80
I74
sS'insta'
p81
I74
sS'total'
p82
I74
sS'sexyshawty'
p83
I74
sS'would'
p84
I48
sS'indians'
p85
I74
sS'swolen'
p86
I74
sS'princess'
p87
I74
sS'call'
p88
I64
sS'indiana'
p89
I74
sS'tell'
p90
I67
sS'holy'
p91
I72
sS'relax'
p92
I73
sS'haha'
p93
I44
sS'phone'
p94
I72
sS'teaching'
p95
I74
sS'90'
p96
I74
sS'hold'
p97
I73
sS'must'
p98
I74
sS'shoot'
p99
I72
sS'now:('
p100
I74
sS'locked'
p101
I74
sS'room'
p102
I68
sS'mm'
p103
I74
sS'work'
p104
I69
sS'said"'
p105
I74
sS'foshooooo'
p106
I74
sS'movies'
p107
I71
sS'cuddle'
p108
I73
sS'naaaaaaa'
p109
I74
sS'yup'
p110
I74
sS'my'
p111
I7
sS'carmel'
p112
I74
sS'give'
p113
I69
sS'indie'
p114
I74
sS'household'
p115
I74
sS'550'
p116
I74
sS'julissa'
p117
I74
sS'homie'
p118
I74
sS'veggies'
p119
I74
sS'want'
p120
I35
sS'maleficent'
p121
I74
sS'times'
p122
I70
sS'returned'
p123
I74
sS'end'
p124
I70
sS'thing'
p125
I69
sS'sitting'
p126
I71
sS'length'
p127
I74
sS'far'
p128
I71
sS'amazing'
p129
I55
sS'hop'
p130
I73
sS'back....hell'
p131
I74
sS'if'
p132
I44
sS'beach'
p133
I65
sS'horror'
p134
I74
sS'gamble'
p135
I74
sS'pizza'
p136
I74
sS'badly'
p137
I73
sS'it!"'
p138
I74
sS'funny'
p139
I73
sS'bday'
p140
I73
sS'insecure'
p141
I74
sS'earlier'
p142
I71
sS'wrong'
p143
I70
sS'daaaaym'
p144
I74
sS'dumbo'
p145
I74
sS'law'
p146
I74
sS'turnovers'
p147
I74
sS'third'
p148
I74
sS'greet'
p149
I74
sS'think'
p150
I64
sS'green'
p151
I73
sS'jungle'
p152
I74
sS'fan'
p153
I74
sS'order'
p154
I74
sS'cheese'
p155
I72
sS'over'
p156
I59
sS'foreal'
p157
I74
sS'before'
p158
I65
sS'ima'
p159
I73
sS'40$'
p160
I74
sS'on.best'
p161
I74
sS'writing'
p162
I73
sS'better'
p163
I66
sS'"myself."me'
p164
I74
sS'man-child'
p165
I74
sS'pictures...jk'
p166
I74
sS'weeks'
p167
I71
sS'easier'
p168
I74
sS'harmony'
p169
I74
sS'then'
p170
I47
sS'them'
p171
I61
sS'thrones'
p172
I74
sS'workout'
p173
I73
sS'safe'
p174
I72
sS"we'll"
p175
I71
sS'maddimorris'
p176
I70
sS'anythinnnng'
p177
I74
sS'they'
p178
I60
sS'hours.fackkkk'
p179
I74
sS'refollow'
p180
I73
sS'one'
p181
I45
sS'bread'
p182
I73
sS'alex'
p183
I74
sS'meat'
p184
I74
sS'forgiveness'
p185
I74
sS'future...ballers'
p186
I74
sS'choir'
p187
I72
sS'shenanigans'
p188
I74
sS'im5'
p189
I74
sS'40miles'
p190
I74
sS'each'
p191
I73
sS'went'
p192
I67
sS'side'
p193
I72
sS'mean'
p194
I66
sS'series'
p195
I74
sS'shows"'
p196
I74
sS'waffle'
p197
I74
sS'393'
p198
I74
sS'seductress'
p199
I74
sS'saturday'
p200
I71
sS'rt'
p201
I72
sS'driving'
p202
I74
sS'dinosaur'
p203
I74
sS'god'
p204
I65
sS"x-ray's"
p205
I74
sS'smh'
p206
I74
sS'got'
p207
I44
sS'smd'
p208
I74
sS'ever\xe2\x9d\xa4\xef\xb8\x8f'
p209
I74
sS"you're"
p210
I72
sS"20's"
p211
I74
sS'leftovers'
p212
I74
sS'little'
p213
I66
sS'free'
p214
I72
sS'putty'
p215
I74
sS'struggle'
p216
I73
sS'womannnnn\xe2\x80\x9d'
p217
I74
sS'wanted'
p218
I66
sS'gameplay'
p219
I74
sS'mvp'
p220
I74
sS'ate'
p221
I73
sS'maniac'
p222
I74
sS'woooo!4:20'
p223
I74
sS'days'
p224
I67
sS'twitcams'
p225
I74
sS'heck'
p226
I73
sS"today's"
p227
I74
sS'ise'
p228
I74
sS'already'
p229
I65
sS'unfollowed'
p230
I74
sS'grade'
p231
I74
sS'another'
p232
I73
sS'sober'
p233
I74
sS'praisin'
p234
I74
sS'hood'
p235
I74
sS'basketball'
p236
I74
sS'top'
p237
I73
sS'girls'
p238
I66
sS'tango'
p239
I74
sS'master'
p240
I74
sS'too'
p241
I53
sS'wildly'
p242
I74
sS'hollywood'
p243
I73
sS'genesis'
p244
I74
sS'haines'
p245
I73
sS'hangout'
p246
I69
sS'emblem'
p247
I74
sS'tooo'
p248
I73
sS'gym'
p249
I70
sS'took'
p250
I72
sS'digi'
p251
I74
sS'somewhat'
p252
I74
sS'wasted'
p253
I74
sS'nail'
p254
I74
sS'anxiety'
p255
I71
sS'target'
p256
I74
sS'frankly'
p257
I73
sS'hike'
p258
I73
sS'tree'
p259
I74
sS'likely'
p260
I74
sS'shower'
p261
I72
sS'matter'
p262
I73
sS'sheen'
p263
I74
sS'9:30am'
p264
I74
sS'feeling'
p265
I70
sS'minus'
p266
I74
sS'mini'
p267
I74
sS'manned'
p268
I74
sS'ran'
p269
I74
sS'modern'
p270
I74
sS'mind'
p271
I68
sS'mine'
p272
I74
sS'anybody'
p273
I71
sS'talking'
p274
I68
sS'rat'
p275
I74
sS'seed'
p276
I74
sS'seen'
p277
I70
sS'ohhhh'
p278
I74
sS'mins'
p279
I73
sS'dozen'
p280
I74
sS'forgive'
p281
I74
sS"guys'"
p282
I74
sS'-'
p283
I74
sS'show:)'
p284
I74
sS'bitchhhhh'
p285
I74
sS'1am?i'
p286
I74
sS'though'
p287
I64
sS'fackkkkkkk'
p288
I74
sS'doin'
p289
I74
sS'dial'
p290
I74
sS'audition'
p291
I73
sS'regular'
p292
I74
sS'mouth'
p293
I74
sS"can't:("
p294
I74
sS'icloud'
p295
I74
sS'jumpin'
p296
I74
sS'phase'
p297
I74
sS'drought'
p298
I74
sS'maddi'
p299
I74
sS'maria'
p300
I74
sS'episode'
p301
I72
sS'citywalk'
p302
I73
sS'nostrils'
p303
I74
sS'alarm'
p304
I71
sS'camp'
p305
I74
sS'dog'
p306
I72
sS'doe'
p307
I74
sS'cami'
p308
I74
sS'definitely'
p309
I72
sS'aunt'
p310
I74
sS'scream'
p311
I74
sS'indtagram'
p312
I74
sS'advisory'
p313
I74
sS'bomb'
p314
I72
sS'queen'
p315
I74
sS'revolver'
p316
I74
sS'pops'
p317
I74
sS'forsure'
p318
I74
sS'reschedule'
p319
I74
sS'probz'
p320
I74
sS'7.5'
p321
I74
sS'earth'
p322
I74
sS'probs'
p323
I73
sS'you:('
p324
I74
sS'confusedvanilla'
p325
I74
sS'busy'
p326
I72
sS'cousins'
p327
I74
sS'explain'
p328
I74
sS'appreciated'
p329
I74
sS'version'
p330
I74
sS'bliss'
p331
I74
sS'rice'
p332
I74
sS'wearing'
p333
I74
sS'do'
p334
I37
sS'dm'
p335
I68
sS'miley:('
p336
I74
sS'de'
p337
I70
sS'stop'
p338
I71
sS'da'
p339
I73
sS'pocket'
p340
I74
sS'amazon'
p341
I74
sS'christopher'
p342
I74
sS'wedding'
p343
I73
sS'wish:('
p344
I74
sS'midterms'
p345
I74
sS'dr'
p346
I72
sS'fun\xe2\x98\xba\xef\xb8\x8f'
p347
I74
sS'bar'
p348
I74
sS'spilling'
p349
I74
sS'emo'
p350
I74
sS'vlog'
p351
I74
sS'bag'
p352
I74
sS'bad'
p353
I55
sS'bae'
p354
I72
sS'shots'
p355
I74
sS'release'
p356
I74
sS'together\xe2\x9d\xa4\xef\xb8\x8f'
p357
I74
sS'yasss'
p358
I74
sS'scandal:)'
p359
I74
sS'fluffy'
p360
I74
sS'testing'
p361
I74
sS'goodnight'
p362
I59
sS'decided'
p363
I74
sS'best'
p364
I57
sS'said'
p365
I71
sS'inappropriate'
p366
I74
sS'lots'
p367
I74
sS'away'
p368
I71
sS'mug'
p369
I74
sS"there's"
p370
I74
sS'prada'
p371
I74
sS'warrior'
p372
I74
sS'we'
p373
I34
sS'men'
p374
I74
sS'omg'
p375
I63
sS'wears'
p376
I74
sS'boss'
p377
I74
sS'drew'
p378
I74
sS'wtf'
p379
I71
sS'dedication'
p380
I74
sS"plummer's"
p381
I74
sS'flexin'
p382
I74
sS'creds'
p383
I74
sS'kitchen'
p384
I74
sS'tfti'
p385
I72
sS'cow'
p386
I74
sS'met'
p387
I72
sS'ill'
p388
I74
sS'sleepiest'
p389
I74
sS'adventures'
p390
I73
sS'todayso'
p391
I74
sS'cuddles'
p392
I74
sS'games'
p393
I71
sS'planned'
p394
I74
sS'smashfest'
p395
I74
sS'asked'
p396
I72
sS'ily'
p397
I74
sS'winnie'
p398
I74
sS'had'
p399
I60
sS'2nd'
p400
I73
sS'canyon'
p401
I73
sS'written'
p402
I74
sS'loaded'
p403
I74
sS'trust'
p404
I73
sS'gratitude'
p405
I74
sS'"you'
p406
I74
sS'shout'
p407
I73
sS'been'
p408
I50
sS'quickly'
p409
I74
sS'beer'
p410
I74
sS'much'
p411
I49
sS'"kenny'
p412
I74
sS'itskendalk||'
p413
I74
sS'lovely'
p414
I73
sS'(mbf)'
p415
I74
sS'life'
p416
I61
sS'crying'
p417
I72
sS'relaxing'
p418
I74
sS'eastern'
p419
I74
sS'2420'
p420
I74
sS'sooooo'
p421
I73
sS'soooon'
p422
I74
sS'fest'
p423
I73
sS'personally'
p424
I74
sS'catch'
p425
I73
sS'videos\xe2\x9d\xa4\xef\xb8\x8f'
p426
I74
sS'chill'
p427
I71
sS'nown'
p428
I74
sS'has'
p429
I61
sS'tank'
p430
I74
sS'winding'
p431
I74
sS'n'
p432
I74
sS'ugly'
p433
I74
sS'near'
p434
I74
sS'slo'
p435
I74
sS'stopping'
p436
I74
sS'text:('
p437
I74
sS'voice'
p438
I73
sS'iz'
p439
I74
sS'"a'
p440
I74
sS'played'
p441
I74
sS'is'
p442
I10
sS'it'
p443
I17
sS'throat'
p444
I71
sS'cant'
p445
I74
sS'im'
p446
I61
sS'cans'
p447
I74
sS'in'
p448
I13
sS'id'
p449
I74
sS'ig'
p450
I74
sS':0000'
p451
I74
sS'hour...like'
p452
I74
sS'nike'
p453
I74
sS'perform'
p454
I73
sS'things'
p455
I70
sS'make'
p456
I62
sS'wound'
p457
I74
sS'amount'
p458
I73
sS'meetup'
p459
I74
sS'noahhoed'
p460
I72
sS'hahah'
p461
I74
sS'cried:('
p462
I74
sS'bunny'
p463
I73
sS'meets'
p464
I74
sS'smoke'
p465
I73
sS'nic'
p466
I74
sS'out!!this'
p467
I74
sS'hang'
p468
I70
sS'rain'
p469
I74
sS'garlic'
p470
I74
sS'jealous'
p471
I74
sS'homeschooled'
p472
I74
sS'aka'
p473
I74
sS'kid'
p474
I73
sS'butter'
p475
I74
sS'dylan'
p476
I74
sS'hopping'
p477
I74
sS'youre'
p478
I73
sS'tho'
p479
I74
sS'greatest'
p480
I74
sS'mother'
p481
I73
sS'hearts'
p482
I73
sS'the'
p483
I5
sS'800'
p484
I74
sS'thb'
p485
I74
sS'just'
p486
I18
sS'yea'
p487
I74
sS'photo'
p488
I73
sS'sleepy'
p489
I74
sS'9k'
p490
I74
sS'hahahha'
p491
I74
sS'thanks'
p492
I64
sS'yes'
p493
I70
sS'yet'
p494
I74
sS'jose'
p495
I73
sS'thankfully'
p496
I74
sS'character'
p497
I74
sS"ma'am"
p498
I74
sS'spread'
p499
I74
sS'easy'
p500
I74
sS'save'
p501
I72
sS'hat'
p502
I74
sS'gave'
p503
I72
sS'maya'
p504
I73
sS'babes'
p505
I74
sS'casually'
p506
I74
sS'possible'
p507
I74
sS'opa'
p508
I74
sS'background'
p509
I74
sS'judge'
p510
I72
sS'dreams'
p511
I74
sS'gift'
p512
I74
sS'texts'
p513
I74
sS'51'
p514
I74
sS'theyre'
p515
I74
sS'droolin'
p516
I74
sS'night'
p517
I43
sS'hung'
p518
I74
sS'\xe2\x9d\xa4\xef\xb8\x8f>'
p519
I74
sS'hmu'
p520
I74
sS'right'
p521
I50
sS'old'
p522
I70
sS'deal'
p523
I74
sS'people'
p524
I57
sS'lock-in'
p525
I74
sS'idgaf'
p526
I74
sS'dear'
p527
I73
sS'indirect'
p528
I74
sS'finna'
p529
I74
sS'for'
p530
I11
sS'bottom'
p531
I74
sS'purple'
p532
I74
sS'soto'
p533
I74
sS'/'
p534
I74
sS'everything'
p535
I71
sS'asking'
p536
I74
sS'4/20'
p537
I74
sS'umm'
p538
I72
sS'adorable'
p539
I74
sS'christmas'
p540
I72
sS'tht'
p541
I72
sS'deleted'
p542
I74
sS'huskynala'
p543
I73
sS'defensive'
p544
I74
sS'post'
p545
I72
sS'pll'
p546
I74
sS'super'
p547
I60
sS'filipino'
p548
I74
sS'meow'
p549
I72
sS'dollars'
p550
I74
sS'months'
p551
I74
sS'o'
p552
I74
sS'dinner'
p553
I68
sS'afternoon'
p554
I74
sS'stoked'
p555
I74
sS'commit'
p556
I74
sS'curry'
p557
I74
sS'facetime'
p558
I72
sS'whats'
p559
I74
sS'subs'
p560
I74
sS'highschools'
p561
I74
sS'selfie'
p562
I74
sS'soo'
p563
I72
sS'two'
p564
I71
sS'down'
p565
I63
sS'thankful'
p566
I74
sS'accomplishments'
p567
I74
sS'east'
p568
I74
sS'tcasss'
p569
I74
sS'support'
p570
I74
sS'why'
p571
I41
sS'gig'
p572
I74
sS'stuck'
p573
I74
sS'way'
p574
I66
sS'music'
p575
I74
sS'was'
p576
I25
sS'happy'
p577
I51
sS'head'
p578
I72
sS'northridge'
p579
I74
sS'batman'
p580
I73
sS'becoming'
p581
I74
sS'gorgeous'
p582
I74
sS'26th'
p583
I74
sS'heat'
p584
I73
sS'hear'
p585
I71
sS'dead'
p586
I74
sS'true'
p587
I74
sS'happen'
p588
I73
sS'attached'
p589
I73
sS'until'
p590
I69
sS'blu-ray'
p591
I74
sS'delete'
p592
I74
sS'proud'
p593
I72
sS'trig'
p594
I74
sS'bathrobe'
p595
I74
sS'covers'
p596
I74
sS'drive'
p597
I73
sS'soothe'
p598
I74
sS"rollin'"
p599
I74
sS'ship'
p600
I74
sS'annoying'
p601
I72
sS'check'
p602
I67
sS'shit'
p603
I54
sS'4-8'
p604
I74
sS'faithful'
p605
I74
sS'aunts'
p606
I72
sS'floor'
p607
I73
sS'when'
p608
I35
sS'ny'
p609
I74
sS'vicodin'
p610
I74
sS'digital'
p611
I74
sS'test'
p612
I74
sS'roll'
p613
I71
sS'tess'
p614
I74
sS'picture'
p615
I70
sS"'s"
p616
I73
sS'brothers'
p617
I73
sS"o'clock"
p618
I74
sS'turnup'
p619
I74
sS'welcome'
p620
I71
sS'update'
p621
I73
sS"let's"
p622
I71
sS'fell'
p623
I73
sS'diem'
p624
I74
sS'15k'
p625
I74
sS'weekend'
p626
I69
sS'hiii'
p627
I74
sS'mcdonalds."alright'
p628
I74
sS'happening'
p629
I73
sS'love\xe2\x80\x9d'
p630
I74
sS'salt'
p631
I74
sS'together'
p632
I74
sS'tried."'
p633
I74
sS'oooohh'
p634
I74
sS'time'
p635
I31
sS'serious'
p636
I70
sS'songs'
p637
I74
sS'morning...with'
p638
I74
sS':/'
p639
I72
sS':('
p640
I59
sS':)'
p641
I67
sS'whoever'
p642
I73
sS'dance'
p643
I71
sS'ice'
p644
I74
sS'grateful'
p645
I74
sS':0'
p646
I74
sS'milk'
p647
I74
sS'fun.nap'
p648
I74
sS'ballet'
p649
I74
sS'baller'
p650
I74
sS'zone'
p651
I74
sS'breather'
p652
I74
sS"when's"
p653
I74
sS'doeeeee'
p654
I74
sS'environment'
p655
I74
sS'finally'
p656
I72
sS'me'
p657
I9
sS'3am'
p658
I74
sS'\xe2\x9a\xbe\xef\xb8\x8f'
p659
I74
sS'brownie'
p660
I74
sS'choice'
p661
I74
sS'oyyy'
p662
I74
sS'vegas'
p663
I71
sS'defying'
p664
I74
sS'cook'
p665
I72
sS'you\xe2\x9d\xa4\xef\xb8\x8f'
p666
I73
sS':p'
p667
I74
sS'minute'
p668
I73
sS'cool'
p669
I72
sS'dating'
p670
I74
sS'kooya'
p671
I74
sS'did'
p672
I65
sS'die'
p673
I72
sS'brother'
p674
I70
sS'leave'
p675
I69
sS':]'
p676
I74
sS'soooo'
p677
I70
sS'team'
p678
I73
sS'fuuuck'
p679
I74
sS'guy'
p680
I67
sS"it'll"
p681
I74
sS'shave'
p682
I74
sS'upper'
p683
I74
sS'talked'
p684
I72
sS'says'
p685
I71
sS'porn'
p686
I74
sS'sigh'
p687
I74
sS'better\xe2\x9d\xa4\xef\xb8\x8f'
p688
I74
sS'notetakers'
p689
I74
sS'run'
p690
I70
sS'bake'
p691
I74
sS'fear'
p692
I74
sS'drinks'
p693
I73
sS'stressful'
p694
I74
sS'hungry'
p695
I74
sS'escorted'
p696
I74
sS'goes'
p697
I71
sS'reply'
p698
I74
sS'falling'
p699
I74
sS'freaky'
p700
I74
sS'meowwwwww'
p701
I74
sS'azusa'
p702
I74
sS'angelina'
p703
I74
sS'yeeees'
p704
I74
sS'bandwagon'
p705
I74
sS'pornstars'
p706
I74
sS'learn'
p707
I74
sS'french'
p708
I74
sS'backkkkkk\xe2\x80\x9d'
p709
I74
sS'water'
p710
I70
sS'men||papa'
p711
I74
sS'"yum."'
p712
I74
sS'alone'
p713
I72
sS'along'
p714
I74
sS'teacher'
p715
I73
sS'stuntin'
p716
I74
sS'wait'
p717
I58
sS'box'
p718
I74
sS'buck'
p719
I74
sS'soon...this'
p720
I74
sS'healthy'
p721
I74
sS'guilty'
p722
I74
sS'midnight...then'
p723
I74
sS'cinnamon'
p724
I74
sS'boo'
p725
I73
sS'usually'
p726
I73
sS'weird'
p727
I72
sS'incredible.do'
p728
I74
sS'love'
p729
I38
sS'lounges'
p730
I74
sS'aidan'
p731
I74
sS'1st'
p732
I73
sS'everybody'
p733
I73
sS'perf'
p734
I74
sS'wrecking'
p735
I74
sS'dude'
p736
I73
sS'only'
p737
I68
sS'live'
p738
I70
sS'iphone'
p739
I73
sS'today'
p740
I39
sS'them....with'
p741
I74
sS'chocolate'
p742
I72
sS'everywhere'
p743
I73
sS'\xe2\x9d\xa4\xef\xb8\x8f\xe2\x9d\xa4\xef\xb8\x8f'
p744
I71
sS'sickkk'
p745
I74
sS'effort'
p746
I72
sS'douche'
p747
I74
sS'anything'
p748
I71
sS'alllllll'
p749
I74
sS'car'
p750
I72
sS'soul'
p751
I74
sS'soup'
p752
I72
sS'hardest'
p753
I74
sS'can'
p754
I37
sS'making'
p755
I73
sS'niggah'
p756
I74
sS'social'
p757
I74
sS'heart'
p758
I71
sS'crazy'
p759
I64
sS'nithing'
p760
I74
sS'figure'
p761
I74
sS'awesome'
p762
I72
sS"didn't"
p763
I66
sS'fuck'
p764
I65
sS'agent'
p765
I74
sS'messages*'
p766
I74
sS'heard'
p767
I73
sS'critic'
p768
I74
sS'burbank'
p769
I71
sS'counting'
p770
I74
sS'pink'
p771
I73
sS'discussion'
p772
I74
sS'means'
p773
I74
sS'1'
p774
I73
sS'till'
p775
I74
sS'sunday'
p776
I69
sS'to?"me'
p777
I74
sS'speaks'
p778
I73
sS'day\xe2\x9d\xa4'
p779
I74
sS'rewatched'
p780
I74
sS'unbelievable'
p781
I74
sS'laundry'
p782
I71
sS'irrational'
p783
I74
sS'may'
p784
I73
sS'spot'
p785
I73
sS'voice\xe2\x80\x9d'
p786
I74
sS'dats'
p787
I74
sS'lucky'
p788
I74
sS'levi'
p789
I74
sS'birthday'
p790
I50
sS'mad'
p791
I69
sS'date'
p792
I69
sS'such'
p793
I65
sS'suck'
p794
I73
sS'guys'
p795
I60
sS'dinner\xe2\x9d\xa4\xef\xb8\x8f\xe2\x9d\xa4\xef\xb8\x8f'
p796
I74
sS'man'
p797
I64
sS'remember'
p798
I73
sS'whenever'
p799
I73
sS'maybe'
p800
I70
sS'today...my'
p801
I74
sS'so'
p802
I13
sS'talk'
p803
I61
sS'typical'
p804
I74
sS'cute'
p805
I68
sS'i\xe2\x9d\xa4\xef\xb8\x8f'
p806
I74
sS'midnight'
p807
I74
sS'years'
p808
I74
sS'lyric'
p809
I74
sS'shake'
p810
I74
sS'cold'
p811
I72
sS'still'
p812
I60
sS'\xe2\x9c\xa8good'
p813
I74
sS'group'
p814
I71
sS'thank'
p815
I59
sS'how'
p816
I52
sS'birthdays'
p817
I74
sS'hot'
p818
I71
sS're-watching'
p819
I74
sS'dreadfully'
p820
I74
sS'tweets'
p821
I72
sS'mail'
p822
I74
sS'happened'
p823
I70
sS'non'
p824
I74
sS'lonely'
p825
I73
sS'3'
p826
I65
sS'moms'
p827
I74
sS'bein'
p828
I73
sS'feelin'
p829
I73
sS'lunch'
p830
I73
sS'attention\xe2\x80\x9d'
p831
I74
sS'safari'
p832
I74
sS'half'
p833
I74
sS'not'
p834
I30
sS'now'
p835
I32
sS'hall'
p836
I74
sS'crying:('
p837
I74
sS"days....there's"
p838
I74
sS'term'
p839
I74
sS'name'
p840
I71
sS'clutch'
p841
I74
sS'rock'
p842
I74
sS'quarter'
p843
I74
sS'you!\xe2\x9d\xa4\xef\xb8\x8f\xe2\x9d\xa4\xef\xb8\x8f'
p844
I74
sS'married'
p845
I74
sS'ed'
p846
I74
sS'yeah'
p847
I68
sS'replay'
p848
I74
sS'year'
p849
I65
sS'girl'
p850
I61
sS'ep'
p851
I74
sS'album'
p852
I72
sS'ultimately'
p853
I74
sS'3rd'
p854
I74
sS'mufasa'
p855
I74
sS'obispo'
p856
I74
sS'looking'
p857
I73
sS'seriously'
p858
I66
sS'100x'
p859
I74
sS'sangrias'
p860
I74
sS'bugging'
p861
I74
sS'people\xe2\x80\x9d'
p862
I74
sS'eagle'
p863
I74
sS'after'
p864
I72
sS'cars'
p865
I74
sS'quite'
p866
I73
sS'california'
p867
I74
sS'besides'
p868
I73
sS"granada's"
p869
I74
sS'uhhhhhhhh'
p870
I74
sS'care'
p871
I72
sS'overanalyze'
p872
I74
sS'vidcon'
p873
I73
sS'honest'
p874
I72
sS'chevy'
p875
I74
sS'turn'
p876
I71
sS'place'
p877
I70
sS'backkkkkk'
p878
I74
sS'view'
p879
I74
sS'childhood'
p880
I73
sS'first'
p881
I69
sS'hoed'
p882
I70
sS'americana'
p883
I72
sS'xm'
p884
I74
sS'spoken'
p885
I74
sS'anymore"'
p886
I74
sS'what....lawl'
p887
I74
sS'rachel'
p888
I74
sS'potter'
p889
I73
sS'zac'
p890
I74
sS'yourself'
p891
I72
sS'fast'
p892
I73
sS'impossible'
p893
I74
sS'ring'
p894
I74
sS'drove'
p895
I74
sS'open'
p896
I70
sS'tomorrow'
p897
I47
sS'size'
p898
I74
sS'gertrude'
p899
I74
sS'city'
p900
I71
sS'given'
p901
I74
sS'silent'
p902
I74
sS"valentine's"
p903
I74
sS'caught'
p904
I74
sS'slept'
p905
I74
sS'plastic'
p906
I74
sS'anyone'
p907
I60
sS'download'
p908
I74
sS'2'
p909
I65
sS'white'
p910
I73
sS'friend'
p911
I70
sS'thaw'
p912
I74
sS'that'
p913
I20
sS'season'
p914
I71
sS'huh'
p915
I74
sS'boba'
p916
I73
sS'butt'
p917
I68
sS'thai'
p918
I72
sS'copy'
p919
I74
sS'than'
p920
I71
sS'11'
p921
I74
sS'10'
p922
I71
sS'13'
p923
I74
sS'12'
p924
I73
sS'lmao'
p925
I67
sS'17'
p926
I74
sS"o'melveney"
p927
I74
sS'depressed'
p928
I73
sS'18'
p929
I73
sS'gotta'
p930
I70
sS'.5'
p931
I74
sS'future'
p932
I74
sS'apples'
p933
I74
sS'were'
p934
I63
sS'"chow'
p935
I74
sS'and'
p936
I8
sS'san'
p937
I73
sS'turned'
p938
I73
sS'picturemy'
p939
I74
sS'sad'
p940
I69
sS'zuma'
p941
I74
sS'say'
p942
I66
sS'rent'
p943
I74
sS'breakfast'
p944
I72
sS'saw'
p945
I66
sS'any'
p946
I70
sS'marathon'
p947
I73
sS'elsewhere'
p948
I74
sS'week\xe2\x9c\x8c\xef\xb8\x8f'
p949
I74
sS'sending'
p950
I73
sS'hookah'
p951
I74
sS'take'
p952
I61
sS'performance'
p953
I69
sS'late"'
p954
I74
sS'switching'
p955
I74
sS'channel'
p956
I72
sS'ultimate'
p957
I74
sS'21:)'
p958
I74
sS'fyi'
p959
I74
sS'sure'
p960
I72
sS'theatre'
p961
I74
sS'track'
p962
I74
sS'rehearsal'
p963
I74
sS"titanicthat's"
p964
I74
sS'connor'
p965
I74
sS'story>>'
p966
I74
sS'america'
p967
I74
sS'pages'
p968
I74
sS'forever'
p969
I68
sS'especially'
p970
I71
sS'(obviously)'
p971
I74
sS'egg'
p972
I74
sS'later'
p973
I72
sS'sale'
p974
I74
sS'crafty'
p975
I74
sS'sunset'
p976
I73
sS'understandable'
p977
I74
sS'senior'
p978
I74
sS'cuddled'
p979
I74
sS'shop'
p980
I72
sS'picture...i'
p981
I74
sS'shot'
p982
I72
sS'\xe2\x9c\xa8'
p983
I74
sS'show'
p984
I70
sS'drunchies..the'
p985
I74
sS'fifth'
p986
I74
sS'geography'
p987
I74
sS'aint'
p988
I72
sS'fuzzzzzzzzz'
p989
I74
sS'daily'
p990
I74
sS'dick'
p991
I74
sS'tomorrow:('
p992
I71
sS'crime'
p993
I74
sS'tears'
p994
I73
sS'going'
p995
I37
sS'black'
p996
I74
sS'\xe2\x99\xa1'
p997
I74
sS'pumpkin'
p998
I74
sS'uncles'
p999
I74
sS'get'
p1000
I28
sS'goodluck'
p1001
I73
sS'jazz'
p1002
I74
sS'blackfish'
p1003
I74
sS'cannot'
p1004
I68
sS'dye'
p1005
I74
sS'gen'
p1006
I73
sS'celebrate'
p1007
I74
sS'freaking'
p1008
I69
sS'prime'
p1009
I74
sS'disabled'
p1010
I74
sS'settings'
p1011
I74
sS'talk..."like'
p1012
I74
sS'borrow'
p1013
I74
sS'morning'
p1014
I65
sS'yayyyy'
p1015
I74
sS'stupid'
p1016
I73
sS'worries'
p1017
I74
sS'miley'
p1018
I72
sS'finishing'
p1019
I74
sS'where'
p1020
I68
sS"everything's"
p1021
I74
sS"y'all"
p1022
I72
sS'picnic'
p1023
I74
sS'concert'
p1024
I72
sS'now!!!said'
p1025
I74
sS"hasn't"
p1026
I74
sS'asleep'
p1027
I73
sS'anyways'
p1028
I74
sS'ignores'
p1029
I74
sS'half-ass'
p1030
I74
sS'surgery'
p1031
I74
sS'wonder'
p1032
I74
sS'planet'
p1033
I74
sS'fails'
p1034
I74
sS'ways'
p1035
I74
sS'its'
p1036
I60
sS'outside'
p1037
I70
sS'gaga'
p1038
I74
sS'reading'
p1039
I72
sS'august'
p1040
I74
sS'screen'
p1041
I74
sS'dome'
p1042
I74
sS'killing'
p1043
I73
sS'guitar'
p1044
I74
sS'armenian'
p1045
I74
sS'jk'
p1046
I72
sS'coma'
p1047
I74
sS'comeback'
p1048
I74
sS'tub'
p1049
I74
sS'here\xe2\x9d\xa4\xef\xb8\x8f'
p1050
I74
sS'come'
p1051
I58
sS'thanksgiving'
p1052
I74
sS'jc'
p1053
I74
sS'summa'
p1054
I74
sS'many'
p1055
I64
sS'fuckkkkkkk'
p1056
I74
sS'conference'
p1057
I74
sS's'
p1058
I73
sS'4:20'
p1059
I74
sS'susanxonicole||'
p1060
I74
sS'parents...so'
p1061
I74
sS"can't"
p1062
I42
sS'packget'
p1063
I74
sS'color'
p1064
I74
sS'hurts'
p1065
I74
sS'well....damn'
p1066
I74
sS'period'
p1067
I73
sS"couldn't"
p1068
I73
sS'crew'
p1069
I74
sS'stories>everythingyou'
p1070
I74
sS'nicole'
p1071
I71
sS'caring'
p1072
I74
sS'cares'
p1073
I73
sS'nowwwwwwwww'
p1074
I74
sS'tonsils'
p1075
I74
sS'"cake"'
p1076
I74
sS'statham'
p1077
I74
sS'crawford'
p1078
I74
sS'exhaustion'
p1079
I74
sS'wants'
p1080
I73
sS'direction'
p1081
I74
sS'shopping'
p1082
I73
sS'andrew'
p1083
I74
sS'wake'
p1084
I73
sS'"who'
p1085
I74
sS'those'
p1086
I73
sS'horrid.\xe2\x80\x9d'
p1087
I74
sS'case'
p1088
I74
sS'myself'
p1089
I68
sS'casa'
p1090
I68
sS'these'
p1091
I68
sS"haven't"
p1092
I63
sS'coco'
p1093
I74
sS'situation'
p1094
I74
sS"person's"
p1095
I74
sS'orientation'
p1096
I73
sS'eventually'
p1097
I74
sS'"hey..you'
p1098
I74
sS'rubbing'
p1099
I74
sS'home||love'
p1100
I74
sS'hills'
p1101
I74
sS'sleeping'
p1102
I73
sS'couples'
p1103
I74
sS'middle'
p1104
I73
sS'good'
p1105
I42
sS'dafuq'
p1106
I74
sS'somebody'
p1107
I74
sS'ivy'
p1108
I74
sS'worry'
p1109
I74
sS'breakfast?"me'
p1110
I74
sS'different'
p1111
I74
sS'doctor'
p1112
I74
sS'pay'
p1113
I72
sS'thinkin'
p1114
I74
sS'bowl'
p1115
I74
sS'today....nothing'
p1116
I74
sS'same'
p1117
I70
sS'ya'
p1118
I74
sS'struggling'
p1119
I74
sS'week'
p1120
I64
sS'oil'
p1121
I74
sS'closest'
p1122
I74
sS'driver'
p1123
I74
sS'weed'
p1124
I74
sS'running'
p1125
I74
sS'harris'
p1126
I73
sS'uhh'
p1127
I74
sS'rainnnnn'
p1128
I74
sS'totally'
p1129
I74
sS'one-man'
p1130
I74
sS'break'
p1131
I72
sS'good:('
p1132
I74
sS'theater'
p1133
I74
sS'dying'
p1134
I72
sS'no'
p1135
I56
sS'nothin'
p1136
I74
sS'go:('
p1137
I73
sS'without'
p1138
I72
sS'comes'
p1139
I74
sS'hubby'
p1140
I74
sS'errrrthang'
p1141
I74
sS'hurting:('
p1142
I74
sS'starbucks'
p1143
I74
sS'summer'
p1144
I68
sS'\xe2\x98\xba\xef\xb8\x8f'
p1145
I72
sS'being'
p1146
I67
sS'money'
p1147
I72
sS'dancers'
p1148
I73
sS'rest'
p1149
I74
sS'kill'
p1150
I73
sS'ps3'
p1151
I74
sS'flavor'
p1152
I73
sS'halfway'
p1153
I74
sS'blow'
p1154
I73
sS'death'
p1155
I74
sS"everyone's"
p1156
I74
sS'blog'
p1157
I74
sS'gangnam'
p1158
I74
sS'4'
p1159
I70
sS'tuesday'
p1160
I74
sS'borat'
p1161
I74
sS'real'
p1162
I64
sS'starving'
p1163
I73
sS'coked'
p1164
I74
sS'aspects'
p1165
I74
sS'around'
p1166
I73
sS'read'
p1167
I74
sS'gonna'
p1168
I58
sS'early'
p1169
I72
sS'\xe2\x9d\xa4'
p1170
I73
sS'world'
p1171
I73
sS'cd'
p1172
I74
sS'lady'
p1173
I73
sS'dare'
p1174
I74
sS"reece's"
p1175
I74
sS"barney's"
p1176
I74
sS'kennedy'
p1177
I74
sS'sanity'
p1178
I74
sS't'
p1179
I74
sS'fully'
p1180
I74
sS'grub'
p1181
I71
sS'confused'
p1182
I74
sS'nonsenseee'
p1183
I74
sS'ibuprofen'
p1184
I74
sS'thinks'
p1185
I74
sS'yesss'
p1186
I74
sS'gross'
p1187
I74
sS'mood'
p1188
I66
sS'douchebag'
p1189
I74
sS'moon'
p1190
I74
sS'yaaassssss'
p1191
I74
sS'fun\xe2\x9c\x8c\xef\xb8\x8f'
p1192
I74
sS'abercrombie'
p1193
I74
sS'nuggets'
p1194
I74
sS'football'
p1195
I74
sS'power'
p1196
I74
sS'lmfao'
p1197
I70
sS'me...but'
p1198
I74
sS'chefs'
p1199
I74
sS'broken'
p1200
I74
sS'home//my'
p1201
I74
sS'exciting'
p1202
I74
sS'throw'
p1203
I74
sS'on'
p1204
I16
sS'ok'
p1205
I67
sS'oh'
p1206
I62
sS'og'
p1207
I74
sS'of'
p1208
I14
sS'sad\xe2\x9d\xa4\xef\xb8\x8f'
p1209
I74
sS'favorite'
p1210
I66
sS'cude'
p1211
I74
sS'anythingguhhh'
p1212
I74
sS'niall'
p1213
I74
sS'chow'
p1214
I74
sS'mixed'
p1215
I74
sS'luck'
p1216
I74
sS'backup'
p1217
I74
sS'or'
p1218
I51
sS'amber'
p1219
I74
sS'heater'
p1220
I74
sS'blessed'
p1221
I74
sS'snapchat'
p1222
I71
sS'freaked'
p1223
I74
sS'bedtime'
p1224
I74
sS'parties'
p1225
I74
sS'nowadays'
p1226
I74
sS'your'
p1227
I27
sS'log'
p1228
I74
sS'her'
p1229
I61
sS'area'
p1230
I74
sS'well:('
p1231
I74
sS'there'
p1232
I55
sS'madden'
p1233
I73
sS'lol'
p1234
I33
sS'tonight\xe2\x98\xba\xef\xb8\x8f\xe2\x9d\xa4\xef\xb8\x8f'
p1235
I74
sS'start'
p1236
I71
sS"how'd"
p1237
I74
sS'tacobell'
p1238
I73
sS'lot'
p1239
I70
sS'valley'
p1240
I74
sS'chats'
p1241
I74
sS'mornings'
p1242
I74
sS'complete'
p1243
I73
sS'enough'
p1244
I74
sS'yayy'
p1245
I73
sS'cottage'
p1246
I73
sS'trying'
p1247
I63
sS'with'
p1248
I21
sS'buying'
p1249
I74
sS'spice'
p1250
I74
sS'pull'
p1251
I74
sS'naming'
p1252
I74
sS"wasn't"
p1253
I69
sS'4:30hello'
p1254
I74
sS'marny'
p1255
I72
sS'pharrels'
p1256
I74
sS'define'
p1257
I74
sS'agree'
p1258
I74
sS'misery'
p1259
I74
sS'gone'
p1260
I74
sS'taylor'
p1261
I74
sS'ohh'
p1262
I74
sS'videos'
p1263
I68
sS'exhausted'
p1264
I73
sS'certain'
p1265
I74
sS'carpe'
p1266
I74
sS'forgot'
p1267
I73
sS'am'
p1268
I59
sS'an'
p1269
I42
sS'deen'
p1270
I74
sS'as'
p1271
I59
sS'at'
p1272
I23
sS'girlfriend'
p1273
I74
sS'watched'
p1274
I74
sS'moves'
p1275
I74
sS'cream'
p1276
I74
sS'again'
p1277
I59
sS'graduate'
p1278
I74
sS'roses'
p1279
I74
sS'hella'
p1280
I72
sS'5'
p1281
I72
sS'raining\xe2\x98\x94\xef\xb8\x8f'
p1282
I74
sS'you'
p1283
I4
sS'puppy'
p1284
I71
sS"president's"
p1285
I74
sS'twerrrkkk'
p1286
I74
sS'requested'
p1287
I74
sS'releasing'
p1288
I74
sS'bother'
p1289
I74
sS'day:/'
p1290
I74
sS'finale'
p1291
I74
sS'day:('
p1292
I74
sS'important'
p1293
I74
sS"she's"
p1294
I71
sS'chris'
p1295
I73
sS'pooh'
p1296
I74
sS'finals'
p1297
I73
sS'pool'
p1298
I74
sS'apathy'
p1299
I74
sS'vines'
p1300
I74
sS'hello'
p1301
I69
sS'u'
p1302
I49
sS'alright'
p1303
I71
sS'starting'
p1304
I70
sS'daaaaaa'
p1305
I74
sS'2015*which'
p1306
I74
sS'neighbors'
p1307
I74
sS'all'
p1308
I29
sS'forget'
p1309
I73
sS'ali'
p1310
I74
sS'instincts'
p1311
I74
sS"justin's"
p1312
I74
sS'month'
p1313
I69
sS'younow'
p1314
I74
sS'cameron'
p1315
I74
sS'follow'
p1316
I66
sS'emily'
p1317
I72
sS'ots'
p1318
I74
sS'tv'
p1319
I71
sS'switched'
p1320
I74
sS'day.what'
p1321
I74
sS'thursday'
p1322
I74
sS'to'
p1323
I2
sS'tl'
p1324
I73
sS'danielle'
p1325
I74
sS'smile'
p1326
I73
sS'enjoying'
p1327
I73
sS'"hi'
p1328
I74
sS'woman'
p1329
I74
sS'appointment'
p1330
I74
sS'7'
p1331
I66
sS'song'
p1332
I71
sS'very'
p1333
I69
sS'khatch'
p1334
I73
sS'grindr'
p1335
I74
sS'fat'
p1336
I74
sS'do:('
p1337
I74
sS'selfies'
p1338
I74
sS'worst'
p1339
I70
sS'fall'
p1340
I73
sS'fag'
p1341
I74
sS'treating'
p1342
I74
sS'heaven'
p1343
I74
sS'oh...well'
p1344
I74
sS'laying'
p1345
I72
sS'joined'
p1346
I74
sS'sang'
p1347
I74
sS'pobrecito'
p1348
I74
sS'harry'
p1349
I70
sS'small'
p1350
I74
sS'dodger'
p1351
I74
sS'20th'
p1352
I74
sS"i'll"
p1353
I61
sS'cookies'
p1354
I66
sS'wallflower'
p1355
I74
sS'instagram'
p1356
I70
sS'tea'
p1357
I70
sS'somewhere"'
p1358
I74
sS'past'
p1359
I71
sS'szohr'
p1360
I74
sS'jesus'
p1361
I73
sS'what'
p1362
I35
sS'richard'
p1363
I74
sS'clock'
p1364
I74
sS'sun'
p1365
I74
sS'spendin'
p1366
I74
sS'booing'
p1367
I74
sS'abs'
p1368
I74
sS'verdugo'
p1369
I74
sS'public'
p1370
I74
sS'$240'
p1371
I74
sS'full'
p1372
I74
sS'christian'
p1373
I69
sS'venice'
p1374
I74
sS'answers'
p1375
I73
sS'motherfucker'
p1376
I74
sS'hours'
p1377
I67
sS'jonas'
p1378
I73
sS'table'
p1379
I74
sS'ahead'
p1380
I73
sS'there.just'
p1381
I74
sS'jackie'
p1382
I74
sS'experience'
p1383
I74
sS'pics'
p1384
I74
sS'airport'
p1385
I74
sS'ohhhhh'
p1386
I74
sS'pick'
p1387
I72
sS'jonahhh\xe2\x9d\xa4\xef\xb8\x8f\xe2\x9d\xa4\xef\xb8\x8f'
p1388
I74
sS'rummaging'
p1389
I74
sS'via'
p1390
I73
sS'followed'
p1391
I72
sS'family'
p1392
I70
sS'ask'
p1393
I65
sS'semester'
p1394
I73
sS'rican'
p1395
I74
sS'gosh'
p1396
I73
sS'takes'
p1397
I72
sS'donuts'
p1398
I74
sS'texting'
p1399
I74
sS'charge'
p1400
I74
sS'marathon...see'
p1401
I74
sS'omgggg'
p1402
I73
sS'6'
p1403
I71
sS'vape'
p1404
I74
sS'more'
p1405
I66
sS'teen'
p1406
I74
sS'flat'
p1407
I74
sS'knows'
p1408
I74
sS'company'
p1409
I74
sS'resevoir'
p1410
I73
sS'excuse'
p1411
I74
sS'antibiotics'
p1412
I74
sS'floyd'
p1413
I74
sS"ain't"
p1414
I73
sS'broke'
p1415
I74
sS'known'
p1416
I73
sS'producing'
p1417
I74
sS'glad'
p1418
I74
sS'town'
p1419
I73
sS'keeping'
p1420
I74
sS'hour'
p1421
I70
sS'canceled'
p1422
I74
sS'sucks'
p1423
I70
sS'vapes"'
p1424
I74
sS'sudden'
p1425
I74
sS'dazed'
p1426
I73
sS'knocked'
p1427
I74
sS'def'
p1428
I74
sS'history'
p1429
I74
sS'beautiful'
p1430
I73
sS'pony'
p1431
I74
sS'wthhh'
p1432
I74
sS'suggestions'
p1433
I74
sS'squeezin'
p1434
I74
sS'dress'
p1435
I74
sS"10's"
p1436
I74
sS'information'
p1437
I74
sS'needs'
p1438
I72
sS'goal'
p1439
I73
sS'awkward'
p1440
I72
sS'cheering'
p1441
I74
sS'rather'
p1442
I74
sS'breaking'
p1443
I74
sS'hugh'
p1444
I74
sS'stayed'
p1445
I73
sS'chace'
p1446
I74
sS'disturbed'
p1447
I74
sS"...ma'am"
p1448
I74
sS'shouldnt'
p1449
I74
sS'okay'
p1450
I67
sS'tried'
p1451
I74
sS'par'
p1452
I74
sS'adventure'
p1453
I73
sS'coming'
p1454
I70
sS'a'
p1455
I6
sS'imagery'
p1456
I74
sS'tweeting'
p1457
I73
sS'shady'
p1458
I74
sS'sellin'
p1459
I74
sS'overnight'
p1460
I74
sS'buns'
p1461
I74
sS'discussing'
p1462
I74
sS'fuckin'
p1463
I74
sS'pleasure'
p1464
I73
sS'home!!!now'
p1465
I74
sS'dream'
p1466
I70
sS'playing'
p1467
I72
sS"that's"
p1468
I68
sS'$2500'
p1469
I74
sS'mexican'
p1470
I74
sS'help'
p1471
I65
sS"don't"
p1472
I40
sS'sooo'
p1473
I71
sS'soon'
p1474
I68
sS'zac\xe2\x9d\xa4\xef\xb8\x8f'
p1475
I74
sS'paper'
p1476
I72
sS'through'
p1477
I66
sS'replies'
p1478
I74
sS'hell'
p1479
I74
sS'mcdonalds'
p1480
I74
sS'decorating'
p1481
I73
sS'style'
p1482
I72
sS'20'
p1483
I74
sS'21'
p1484
I74
sS'22'
p1485
I73
sS'pray'
p1486
I74
sS'thnx'
p1487
I74
sS'29'
p1488
I74
sS'actually'
p1489
I63
sS'late'
p1490
I73
sS'dammn'
p1491
I74
sS'ruining'
p1492
I74
sS'today....oh'
p1493
I74
sS'bout'
p1494
I74
sS'cutie'
p1495
I74
sS'might'
p1496
I71
sS'goodmorning'
p1497
I67
sS'fool'
p1498
I74
sS'hurting'
p1499
I74
sS'someone'
p1500
I47
sS'return'
p1501
I74
sS'yo'
p1502
I71
sS'food'
p1503
I66
sS'clippers'
p1504
I73
sS'walls'
p1505
I74
sS"you've"
p1506
I73
sS'nomatter'
p1507
I74
sS'always'
p1508
I65
sS'"panties"'
p1509
I74
sS'drake'
p1510
I74
sS"victoria's"
p1511
I74
sS'bless'
p1512
I73
sS'*yeets'
p1513
I74
sS'12th'
p1514
I74
sS'found'
p1515
I72
sS'friendship'
p1516
I74
sS"isn't"
p1517
I69
sS'everyone'
p1518
I55
sS'today...i'
p1519
I74
sS'house'
p1520
I68
sS'throwin'
p1521
I74
sS'hard'
p1522
I72
sS'idea'
p1523
I74
sS'connect'
p1524
I74
sS'streetshoooooooot'
p1525
I74
sS'flavio'
p1526
I71
sS'really'
p1527
I38
sS'prolly'
p1528
I74
sS'alcohol'
p1529
I74
sS'millers...yessssssss'
p1530
I74
sS'since'
p1531
I59
sS'"go'
p1532
I74
sS'acting'
p1533
I74
sS'bubl\xc3\xa9'
p1534
I74
sS"they'll"
p1535
I72
sS'darling'
p1536
I73
sS'issue'
p1537
I73
sS'ass'
p1538
I69
sS'upon'
p1539
I74
sS'friday'
p1540
I64
sS'story'
p1541
I71
sS'straightener'
p1542
I74
sS'reason'
p1543
I72
sS'cookie'
p1544
I74
sS'disneyland'
p1545
I72
sS'put'
p1546
I71
sS'teach'
p1547
I74
sS'bumpin'
p1548
I74
sS'm.a.a.d'
p1549
I74
sS'walks/talks...she'
p1550
I74
sS'love\xe2\x9d\xa4\xe2\x9d\xa4'
p1551
I74
sS'half-blood'
p1552
I74
sS'american'
p1553
I74
sS'5sos'
p1554
I71
sS'castle'
p1555
I71
sS'major'
p1556
I74
sS'dont'
p1557
I69
sS'feel'
p1558
I56
sS'relate'
p1559
I74
sS'number'
p1560
I73
sS'feet'
p1561
I74
sS'fucked'
p1562
I72
sS'done'
p1563
I67
sS'bored:)'
p1564
I74
sS'pablo'
p1565
I74
sS'ironing'
p1566
I74
sS'miss'
p1567
I46
sS'ikea'
p1568
I74
sS'guess'
p1569
I70
sS'jew'
p1570
I74
sS'script'
p1571
I74
sS'5th'
p1572
I73
sS'least'
p1573
I72
sS'paint'
p1574
I73
sS'wonderful'
p1575
I73
sS'passed'
p1576
I74
sS'woohooo'
p1577
I74
sS'mama'
p1578
I72
sS'made.\xe2\x80\x9dand'
p1579
I74
sS'hyperventilating'
p1580
I74
sS'headache'
p1581
I72
sS'guesssss'
p1582
I74
sS'storm'
p1583
I74
sS'relationship'
p1584
I72
sS'hotel'
p1585
I74
sS'park'
p1586
I72
sS'blondie'
p1587
I74
sS'part'
p1588
I71
sS'jordan'
p1589
I74
sS'believe'
p1590
I71
sS'$1'
p1591
I74
sS'king'
p1592
I73
sS'kind'
p1593
I70
sS'b'
p1594
I71
sS'gotten'
p1595
I74
sS'youth'
p1596
I70
sS'tummy'
p1597
I74
sS'dang'
p1598
I73
sS'hyde'
p1599
I74
sS'lease'
p1600
I74
sS'breakeven'
p1601
I74
sS'motivation'
p1602
I74
sS"emi's"
p1603
I74
sS'lmaooooo'
p1604
I74
sS'yayyy'
p1605
I74
sS'zidnnnt'
p1606
I74
sS'option'
p1607
I74
sS'sell'
p1608
I74
sS'fiji'
p1609
I74
sS'dancing'
p1610
I74
sS'lil'
p1611
I74
sS'mein"'
p1612
I74
sS'couch'
p1613
I74
sS'also'
p1614
I71
sS'costs'
p1615
I74
sS'useless'
p1616
I74
sS'imafangirlwbu||'
p1617
I74
sS'props'
p1618
I74
sS'eff'
p1619
I72
sS'kendal'
p1620
I73
sS'play'
p1621
I69
sS'added'
p1622
I74
sS'reach'
p1623
I74
sS'most'
p1624
I73
sS'brooklyn'
p1625
I73
sS'plan'
p1626
I73
sS'days!!\xe2\x98\xba\xef\xb8\x8f\xe2\x9d\xa4\xef\xb8\x8f'
p1627
I74
sS'tips'
p1628
I74
sS'nothing'
p1629
I70
sS'seasons'
p1630
I74
sS'11:11'
p1631
I74
sS'extremely'
p1632
I74
sS'unshared'
p1633
I74
sS'kk'
p1634
I74
sS'clear'
p1635
I74
sS'sometimes'
p1636
I72
sS'cover'
p1637
I68
sS'ziggy'
p1638
I74
sS'10am'
p1639
I74
sS'me.i'
p1640
I74
sS'clean'
p1641
I73
sS'gabe'
p1642
I74
sS'"dani'
p1643
I74
sS'lying'
p1644
I74
sS'despise'
p1645
I74
sS'mexico'
p1646
I73
sS'gold'
p1647
I73
sS'retypin'
p1648
I74
sS'stfu'
p1649
I74
sS'session'
p1650
I73
sS'hyped'
p1651
I74
sS'all.\xe2\x80\x9d'
p1652
I74
sS'hopped'
p1653
I74
sS'find'
p1654
I69
sS'feels:('
p1655
I74
sS'nervous'
p1656
I73
sS'"neither'
p1657
I74
sS'pretty'
p1658
I61
sS'luis'
p1659
I74
sS"carineh's"
p1660
I74
sS'discuss'
p1661
I74
sS'"top'
p1662
I74
sS'hip'
p1663
I74
sS'his'
p1664
I67
sS'mein'
p1665
I74
sS'luke'
p1666
I74
sS'express'
p1667
I73
sS'whistle'
p1668
I74
sS'feels'
p1669
I72
sS'gavin'
p1670
I74
sS'during'
p1671
I74
sS'him'
p1672
I67
sS'de\xe2\x80\xa6'
p1673
I73
sS'diggin'
p1674
I74
sS'set'
p1675
I72
sS'art'
p1676
I74
sS'sex'
p1677
I71
sS'see'
p1678
I40
sS'are'
p1679
I33
sS'sea'
p1680
I74
sS'close'
p1681
I71
sS'sh*t'
p1682
I74
sS'knees'
p1683
I74
sS'pictures'
p1684
I71
sS'wow'
p1685
I72
sS'currently'
p1686
I73
sS'please'
p1687
I61
sS'fans'
p1688
I73
sS'probably'
p1689
I72
sS'nope'
p1690
I74
sS'"that'
p1691
I74
sS'9/11'
p1692
I74
sS'missing'
p1693
I73
sS'cityd'
p1694
I74
sS'nuthin'
p1695
I74
sS'coffee'
p1696
I74
sS'that."me'
p1697
I74
sS'marilyn'
p1698
I74
sS'both'
p1699
I73
sS'last'
p1700
I57
sS'license'
p1701
I73
sS"wouldn't"
p1702
I73
sS'barely'
p1703
I70
sS'thos'
p1704
I74
sS'alot'
p1705
I74
sS'whole'
p1706
I68
sS'millions'
p1707
I74
sS'liked'
p1708
I74
sS'\xe2\x98\xba'
p1709
I72
sS'drunk'
p1710
I71
sS'reasons'
p1711
I73
sS'sweet'
p1712
I69
sS'loveee'
p1713
I74
sS'ollg'
p1714
I74
sS'lake'
p1715
I74
sS'fashion'
p1716
I74
sS'likes'
p1717
I73
sS'sexy'
p1718
I72
sS'iphone5c'
p1719
I74
sS'belt'
p1720
I74
sS'pr'
p1721
I74
sS'caspar'
p1722
I74
sS'devil'
p1723
I74
sS'naps'
p1724
I74
sS'tomorrow!\xe2\x9d\xa4\xef\xb8\x8f'
p1725
I74
sS'stamp'
p1726
I74
sS'due'
p1727
I74
sS'earthquake'
p1728
I74
sS'hitting'
p1729
I74
sS'wasnt'
p1730
I74
sS'secret'
p1731
I74
sS'damn'
p1732
I68
sS'change'
p1733
I74
sS'brick'
p1734
I74
sS'yogurtland'
p1735
I74
sS'meeting'
p1736
I70
sS'woke'
p1737
I69
sS'firm'
p1738
I74
sS'siting'
p1739
I74
sS'lived'
p1740
I74
sS'boy'
p1741
I70
sS'fire'
p1742
I74
sS"what's"
p1743
I71
sS'crack'
p1744
I74
sS'gas'
p1745
I72
sS'bitchy'
p1746
I73
sS'awake'
p1747
I71
sS'demand'
p1748
I74
sS'rocking'
p1749
I74
sS'kuya'
p1750
I74
sS'pierce'
p1751
I74
sS'look'
p1752
I64
sS'live:('
p1753
I74
sS'frozen'
p1754
I74
sS'straight'
p1755
I73
sS'convo'
p1756
I74
sS'while'
p1757
I66
sS'replaced'
p1758
I74
sS'kick'
p1759
I74
sS'fun'
p1760
I63
sS'theres'
p1761
I73
sS'styles'
p1762
I74
sS"von's"
p1763
I74
sS'<3'
p1764
I74
sS'rip'
p1765
I74
sS'reads'
p1766
I74
sS'triple'
p1767
I74
sS'ready'
p1768
I62
sS'rid'
p1769
I73
sS'seem'
p1770
I74
sS'leavesb'
p1771
I74
sS'shirt'
p1772
I70
sS'anymore'
p1773
I64
sS'text-to-speech'
p1774
I74
sS'eww'
p1775
I74
sS'soundtrack>everything'
p1776
I74
sS'used'
p1777
I74
sS'flooded'
p1778
I74
sS'blair'
p1779
I74
sS'yesterday'
p1780
I74
sS'alert'
p1781
I74
sS'moment'
p1782
I72
sS'moving'
p1783
I74
sS'off:p'
p1784
I74
sS'yours'
p1785
I74
sS'me\xe2\x9d\xa4\xef\xb8\x8f\xe2\x9d\xa4\xef\xb8\x8f'
p1786
I74
sS'spent'
p1787
I73
sS'honor'
p1788
I74
sS'person'
p1789
I70
sS'cheer'
p1790
I69
sS'kelly'
p1791
I74
sS'entry'
p1792
I74
sS'loveeee'
p1793
I74
sS'know'
p1794
I39
sS'abilities'
p1795
I73
sS'mom'
p1796
I64
sS'"like'
p1797
I74
sS'boutta'
p1798
I74
sS'questions'
p1799
I70
sS'roasted'
p1800
I74
sS'retired'
p1801
I74
sS'prince'
p1802
I70
sS'just...from'
p1803
I74
sS'gems'
p1804
I73
sS'cemetery'
p1805
I74
sS'cuz'
p1806
I73
sS'havin'
p1807
I74
sS'overthinking'
p1808
I74
sS'parents'
p1809
I69
sS'location'
p1810
I74
sS'soooooo'
p1811
I73
sS'homies'
p1812
I74
sS'snap'
p1813
I74
sS'input'
p1814
I74
sS'easter'
p1815
I74
sS'excited'
p1816
I61
sS'video:)'
p1817
I74
sS'wntd'
p1818
I74
sS'album\xe2\x9d\xa4\xef\xb8\x8f'
p1819
I74
sS'big'
p1820
I68
sS'couple'
p1821
I72
sS'matters'
p1822
I74
sS'game'
p1823
I63
sS'wbu'
p1824
I74
sS"noah's"
p1825
I73
sS"tomorrowi'm"
p1826
I74
sS'bit'
p1827
I73
sS'knock'
p1828
I74
sS'vday'
p1829
I74
sS'ceelo'
p1830
I74
sS'wingstop'
p1831
I74
sS'signal'
p1832
I74
sS'marquel'
p1833
I74
sS'roscoes'
p1834
I73
sS'google'
p1835
I74
sS'often'
p1836
I74
sS'somo'
p1837
I74
sS'fucking'
p1838
I70
sS'fake'
p1839
I74
sS'some'
p1840
I47
sS'back'
p1841
I55
sS'candy'
p1842
I74
sS'28th'
p1843
I74
sS'sprint'
p1844
I74
sS'tomorrow...like'
p1845
I74
sS'chumps'
p1846
I74
sS'pet'
p1847
I74
sS'absolutely'
p1848
I73
sS'shall'
p1849
I73
sS'pros'
p1850
I74
sS'debra'
p1851
I74
sS'prom'
p1852
I71
sS"netflix..i'm"
p1853
I74
sS'epic'
p1854
I74
sS'prob'
p1855
I74
sS'either'
p1856
I74
sS'be'
p1857
I22
sS'bf'
p1858
I74
sS'eating'
p1859
I71
sS'bb'
p1860
I74
sS'laker'
p1861
I74
sS'confidence'
p1862
I74
sS'bucks..fuck'
p1863
I74
sS'nowhere'
p1864
I74
sS'santa'
p1865
I73
sS'chick'
p1866
I74
sS'everyday'
p1867
I74
sS'crap'
p1868
I74
sS'by'
p1869
I62
sS'rut'
p1870
I74
sS'working'
p1871
I74
sS'wouldnt'
p1872
I74
sS'wore'
p1873
I74
sS'gere'
p1874
I74
sS'truck'
p1875
I74
sS'drama'
p1876
I74
sS'stupid\xe2\x80\x9d'
p1877
I74
sS'idk'
p1878
I67
sS'foshooo'
p1879
I74
sS'wanna'
p1880
I51
sS'seeing'
p1881
I67
sS'nsn'
p1882
I74
sS'visit'
p1883
I74
sS'into'
p1884
I70
sS'like...what'
p1885
I74
sS'11:12'
p1886
I74
sS'because'
p1887
I52
sS'steven'
p1888
I74
sS'lesson'
p1889
I74
sS'smells'
p1890
I74
sS'queue'
p1891
I74
sS'spending'
p1892
I72
sS'question'
p1893
I74
sS'long'
p1894
I70
sS'toodooloo'
p1895
I74
sS'sleep:('
p1896
I74
sS"we're"
p1897
I69
sS'bridesmaids'
p1898
I74
sS'forward'
p1899
I74
sS'bored'
p1900
I70
sS'twitter'
p1901
I72
sS'canas'
p1902
I74
sS'trick-or-yeet'
p1903
I74
sS'himself'
p1904
I74
sS'invite'
p1905
I72
sS'jewish'
p1906
I74
sS'toooo'
p1907
I72
sS'\xe2\x9c\x96\xef\xb8\x8f'
p1908
I74
sS'boys'
p1909
I69
sS'line'
p1910
I74
sS'swarm'
p1911
I74
sS'posted'
p1912
I72
sS'fries'
p1913
I74
sS'up'
p1914
I26
sS'us'
p1915
I72
sS'ur'
p1916
I74
sS'um'
p1917
I73
sS'uh'
p1918
I73
sS'called'
p1919
I71
sS'uber'
p1920
I74
sS'stripped'
p1921
I74
sS'listening'
p1922
I74
sS'mothafuckin'
p1923
I74
sS'single'
p1924
I73
sS'evening'
p1925
I74
sS'chat'
p1926
I74
sS'rupert'
p1927
I74
sS'cafe'
p1928
I74
sS'rainbow'
p1929
I73
sS'grr'
p1930
I74
sS'truuu'
p1931
I74
sS'nah'
p1932
I73
sS'realest'
p1933
I73
sS'nick'
p1934
I73
sS'nap'
p1935
I71
sS'naw'
p1936
I74
sS'hydrated'
p1937
I74
sS'wishing'
p1938
I74
sS'nice'
p1939
I70
sS'accidental'
p1940
I74
sS'backbone'
p1941
I74
sS'papa'
p1942
I74
sS'helping'
p1943
I74
sS"flavio's"
p1944
I74
sS'sides'
p1945
I74
sS'ago'
p1946
I74
sS'uhhhhh'
p1947
I74
sS'land'
p1948
I74
sS'school:/'
p1949
I74
sS'trail'
p1950
I74
sS'pre-friday'
p1951
I74
sS'youtube'
p1952
I69
sS'walked'
p1953
I74
sS'cinco:('
p1954
I74
sS'cooked'
p1955
I74
sS'me>>'
p1956
I74
sS'much:('
p1957
I73
sS'fresh'
p1958
I73
sS'leaked'
p1959
I74
sS'svu'
p1960
I74
sS'having'
p1961
I67
sS'once'
p1962
I72
sS'essay'
p1963
I74
sS'\xe2\x98\xba\xef\xb8\x8f\xe2\x98\xba\xef\xb8\x8f\xe2\x98\xba\xef\xb8\x8f'
p1964
I74
sS'gt'
p1965
I74
sS'jason'
p1966
I74
sS'melts'
p1967
I74
sS'olive'
p1968
I74
sS'infatuation'
p1969
I74
sS'go'
p1970
I19
sS'gossip'
p1971
I73
sS'tweeted'
p1972
I74
sS'peanut'
p1973
I74
sS'young'
p1974
I74
sS'send'
p1975
I71
sS'campfire'
p1976
I74
sS'helps'
p1977
I74
sS'stawwwwppp'
p1978
I74
sS'ever!\xe2\x98\xba\xef\xb8\x8f'
p1979
I74
sS'random'
p1980
I72
sS'garden'
p1981
I74
sS'dessert'
p1982
I74
sS'"don\'t"'
p1983
I74
sS'spoon'
p1984
I74
sS'telling'
p1985
I74
sS'drinking'
p1986
I73
sS'edible'
p1987
I74
sS'21but'
p1988
I74
sS'gettin'
p1989
I73
sS'michael'
p1990
I73
sS'eve'
p1991
I74
sS'ryan'
p1992
I74
sS'try'
p1993
I72
sS'meee'
p1994
I74
sS'congrats'
p1995
I73
sS'radio'
p1996
I74
sS'havent'
p1997
I74
sS'tru'
p1998
I73
sS'8:30am'
p1999
I74
sS'someday'
p2000
I74
sS"tuna's"
p2001
I74
sS'booty'
p2002
I72
sS"you'd"
p2003
I73
sS'waking'
p2004
I72
sS'jump'
p2005
I74
sS'video'
p2006
I66
sS'picked'
p2007
I74
sS'ummm'
p2008
I74
sS'acid'
p2009
I74
sS'hemmings'
p2010
I74
sS'index'
p2011
I74
sS'junior'
p2012
I74
sS'donut'
p2013
I74
sS'giving'
p2014
I72
sS'espresso'
p2015
I74
sS'vampire'
p2016
I74
sS'overwhelmed'
p2017
I74
sS'lovers...and'
p2018
I74
sS'waiting'
p2019
I69
sS'body'
p2020
I74
sS'degree'
p2021
I74
sS'commercial'
p2022
I74
sS'leo'
p2023
I67
sS'packing'
p2024
I72
sS'let'
p2025
I70
sS'others'
p2026
I74
sS'flirtfavorite'
p2027
I74
sS'sing'
p2028
I71
sS'great'
p2029
I60
sS'*wishes'
p2030
I74
sS'youtube:)'
p2031
I74
sS'titanic'
p2032
I74
sS'leaving'
p2033
I71
sS'engine'
p2034
I74
sS"weren't"
p2035
I74
sS'gene'
p2036
I74
sS'makes'
p2037
I69
sS'life\xe2\x80\x9d'
p2038
I74
sS'thats'
p2039
I73
sS'named'
p2040
I73
sS'apple'
p2041
I74
sS'win'
p2042
I74
sS'apu'
p2043
I74
sS'volt'
p2044
I74
sS'jackass'
p2045
I74
sS'sugar'
p2046
I74
sS'singing'
p2047
I71
sS'use'
p2048
I73
sS'fee'
p2049
I74
sS'from'
p2050
I52
sS'usa'
p2051
I74
sS'&'
p2052
I72
sS'illegal'
p2053
I74
sS'hiking"she\'s'
p2054
I74
sS'amcelebrating'
p2055
I74
sS'next'
p2056
I61
sS'few'
p2057
I73
sS'collabs!!!\xe2\x9d\xa4\xef\xb8\x8f\xe2\x9d\xa4\xef\xb8\x8f'
p2058
I74
sS'\xe2\x9d\xa4\xe2\x9d\xa4\xe2\x9d\xa4\xe2\x9d\xa4'
p2059
I74
sS'chip'
p2060
I74
sS'dreamiest'
p2061
I74
sS'baba'
p2062
I74
sS'babe'
p2063
I74
sS'1/2'
p2064
I74
sS'started'
p2065
I72
sS'about'
p2066
I61
sS'charming'
p2067
I73
sS'sore'
p2068
I72
sS"nephew's"
p2069
I74
sS'rabbit'
p2070
I74
sS'baby'
p2071
I73
sS'women'
p2072
I73
sS'horrorland'
p2073
I74
sS'account'
p2074
I74
sS'balls'
p2075
I74
sS'salad'
p2076
I74
sS'this'
p2077
I19
sS'ride'
p2078
I74
sS'peaced'
p2079
I74
sS'crossed'
p2080
I74
sS'praise'
p2081
I74
sS'khatchetourian'
p2082
I66
sS'meet'
p2083
I63
sS'crocker'
p2084
I74
sS'didnt'
p2085
I70
sS'weird:/'
p2086
I74
sS'salad."..this'
p2087
I74
sS'dropped'
p2088
I74
sS'links'
p2089
I74
sS'monica'
p2090
I74
sS'oc'
p2091
I74
sS'halloween'
p2092
I73
sS'pieces'
p2093
I74
sS'high'
p2094
I73
sS'tag'
p2095
I74
sS'something'
p2096
I64
sS'skirt'
p2097
I74
sS'sis'
p2098
I74
sS'sir'
p2099
I73
sS'sit'
p2100
I73
sS'cry:('
p2101
I74
sS'poetry'
p2102
I74
sS'pair'
p2103
I74
sS'galleria'
p2104
I73
sS'instead'
p2105
I72
sS'ahmanson'
p2106
I74
sS'panic'
p2107
I73
sS'kian'
p2108
I74
sS'watch'
p2109
I59
sS'youve'
p2110
I74
sS'masks'
p2111
I74
sS'hahahaha'
p2112
I70
sS'cuddling'
p2113
I74
sS'somethin'
p2114
I74
sS'realized'
p2115
I72
sS'americana\xe2\x98\xba\xef\xb8\x8f'
p2116
I74
sS'"its'
p2117
I74
sS'lame'
p2118
I73
sS'honestly'
p2119
I71
sS'classy'
p2120
I74
sS'fattest'
p2121
I74
sS'....stop'
p2122
I74
sS'move'
p2123
I74
sS"won't"
p2124
I69
sS'motorcycle'
p2125
I74
sS'yea:)'
p2126
I74
sS'nowwwwww'
p2127
I74
sS'bunch'
p2128
I74
sS'perfect'
p2129
I73
sS'write'
p2130
I73
sS'la'
p2131
I57
sS'glee'
p2132
I74
sS'tyler'
p2133
I74
sS'degrees'
p2134
I74
sS'ever...because'
p2135
I74
sS'puerto'
p2136
I74
sS'holiday'
p2137
I73
sS'tss'
p2138
I73
sS'dad'
p2139
I71
sS'practice'
p2140
I73
sS'school.bring'
p2141
I74
sS'b/c'
p2142
I74
sS'dat'
p2143
I74
sS'snake'
p2144
I74
sS'kiss'
p2145
I74
sS'hands'
p2146
I74
sS'front'
p2147
I74
sS'day'
p2148
I33
sS'february'
p2149
I74
sS'sneezed'
p2150
I74
sS'unpredictable'
p2151
I74
sS'weather'
p2152
I74
sS'truth'
p2153
I74
sS'champ'
p2154
I74
sS'shaking'
p2155
I74
sS'*sigh*'
p2156
I74
sS'household.even'
p2157
I74
sS'doing'
p2158
I63
sS'heated'
p2159
I74
sS'incredible.\xe2\x9c\x89\xef\xb8\x8f'
p2160
I74
sS'goodnighttttt'
p2161
I74
sS'changed'
p2162
I74
sS'our'
p2163
I68
sS'edibles'
p2164
I74
sS'special'
p2165
I74
sS'out'
p2166
I24
sS'nannette'
p2167
I73
sS'welll'
p2168
I74
sS'mood:('
p2169
I74
sS'valve'
p2170
I73
sS'cure-'
p2171
I74
sS'freshman'
p2172
I73
sS'mata'
p2173
I74
sS'smog'
p2174
I74
sS'cause'
p2175
I66
sS'red'
p2176
I74
sS"lc's"
p2177
I74
sS'shut'
p2178
I74
sS'://\xe2\x80\x9d'
p2179
I74
sS'today\xe2\x98\xba\xef\xb8\x8f'
p2180
I74
sS'approaches'
p2181
I74
sS'usual'
p2182
I74
sS'craving'
p2183
I73
sS'scary'
p2184
I74
sS'could'
p2185
I63
sS'keep'
p2186
I64
sS'conversation'
p2187
I74
sS'snapchati'
p2188
I74
sS'4th'
p2189
I74
sS'sorryyyy'
p2190
I74
sS'\xe2\x9d\xa4\xe2\x9d\xa4'
p2191
I73
sS'maureeeeen!!"i'
p2192
I74
sS'9:30-3:30'
p2193
I74
sS'wayyy'
p2194
I74
sS'hey'
p2195
I64
sS'open-learning'
p2196
I74
sS'bitch'
p2197
I71
sS'kidding'
p2198
I74
sS'hehe'
p2199
I74
sS'prank'
p2200
I74
sS"doesn't"
p2201
I74
sS'10x'
p2202
I74
sS'ordering'
p2203
I73
sS'revealed'
p2204
I74
sS'system'
p2205
I74
sS'their'
p2206
I70
sS'attack'
p2207
I74
sS'like....i'
p2208
I74
sS'mondays'
p2209
I74
sS'messing'
p2210
I74
sS'xoxo'
p2211
I74
sS'vid'
p2212
I74
sS'stomach'
p2213
I74
sS'stars'
p2214
I74
sS'exactly'
p2215
I72
sS'fuzzy'
p2216
I74
sS'july'
p2217
I74
sS'haven'
p2218
I74
sS'loved'
p2219
I72
sS'niggas'
p2220
I74
sS'haahaha'
p2221
I74
sS'"ball'
p2222
I74
sS'boring'
p2223
I74
sS'degraw>>'
p2224
I74
sS'bed'
p2225
I55
sS"boombie's"
p2226
I74
sS'loves'
p2227
I74
sS'lover'
p2228
I72
sS'stop\xe2\x9d\xa4'
p2229
I74
sS'naturally'
p2230
I74
sS'whyyy'
p2231
I74
sS'carrots'
p2232
I73
sS'this....as'
p2233
I74
sS'comfortable'
p2234
I74
sS'tonight'
p2235
I35
sS'>>>>>'
p2236
I74
sS'have'
p2237
I15
sS'need'
p2238
I52
sS'apparently'
p2239
I74
sS'screw'
p2240
I74
sS'bastard'
p2241
I74
sS'milly'
p2242
I74
sS'dallas'
p2243
I74
sS'studying'
p2244
I74
sS'able'
p2245
I70
sS'gravity'
p2246
I74
sS'waffles'
p2247
I73
sS'which'
p2248
I73
sS'god\xe2\x9d\xa4'
p2249
I74
sS'asshole'
p2250
I74
sS'lily'
p2251
I72
sS'youuuu'
p2252
I73
sS'tuna'
p2253
I74
sS'unless'
p2254
I73
sS'aww'
p2255
I74
sS'who'
p2256
I58
sS'vidcon/meeting'
p2257
I74
sS'awe'
p2258
I73
sS'class'
p2259
I67
sS'disease'
p2260
I74
sS'face'
p2261
I72
sS"you'll"
p2262
I74
sS'twitter:('
p2263
I74
sS'movie'
p2264
I71
sS'brew'
p2265
I74
sS'fact'
p2266
I74
sS'inspirations'
p2267
I74
sS'sandr000o'
p2268
I74
sS'text'
p2269
I67
sS'supported'
p2270
I74
sS'anyway'
p2271
I73
sS'bring'
p2272
I73
sS'lmao\xe2\x80\x9d'
p2273
I74
sS'chicken'
p2274
I73
sS'food:(1'
p2275
I74
sS'costco'
p2276
I74
sS'winner'
p2277
I74
sS'should'
p2278
I55
sS'girlie'
p2279
I74
sS'hope'
p2280
I62
sS'meant'
p2281
I74
sS'handle'
p2282
I74
sS'watching'
p2283
I48
sS'beat'
p2284
I74
sS'haaaaaaaaaaaaaa'
p2285
I74
sS'hopefully'
p2286
I70
sS'overall'
p2287
I74
sS'tbt'
p2288
I74
sS'bear'
p2289
I74
sS'me.\xe2\x80\x9d'
p2290
I74
sS'thatsosummer'
p2291
I73
sS'words'
p2292
I74
sS'distraught'
p2293
I74
sS'kardashians'
p2294
I73
sS'smash'
p2295
I73
sS'*sat'
p2296
I74
sS'had-'
p2297
I74
sS'shy'
p2298
I74
sS'digitour'
p2299
I74
sS'fixes'
p2300
I74
sS'calling'
p2301
I73
sS'drop?a'
p2302
I74
sS'stuff'
p2303
I71
sS'she'
p2304
I66
sS'contain'
p2305
I73
sS'glendale'
p2306
I73
sS'grab'
p2307
I72
sS'fixed'
p2308
I74
sS'grad'
p2309
I74
sS'preach'
p2310
I74
sS'exists'
p2311
I74
sS'national'
p2312
I74
sS'lazy'
p2313
I74
sS'month:('
p2314
I74
sS'signed'
p2315
I74
sS'awaits'
p2316
I74
sS'computer'
p2317
I74
sS'faauqq'
p2318
I74
sS'luv'
p2319
I73
sS'picture\xe2\x80\x9d'
p2320
I74
sS'nightmare'
p2321
I74
sS'genius'
p2322
I74
sS'state'
p2323
I73
sS'neighneigh'
p2324
I74
sS'horrible'
p2325
I74
sS'stories'
p2326
I74
sS'email'
p2327
I74
sS'pants'
p2328
I74
sS'ends'
p2329
I74
sS'ability'
p2330
I73
sS'joy'
p2331
I74
sS'butts'
p2332
I74
sS'job'
p2333
I71
sS'joe'
p2334
I74
sS'"a+"'
p2335
I74
sS'titties'
p2336
I74
sS'piece'
p2337
I74
sS'duhfuk'
p2338
I74
sS'joke'
p2339
I73
sS'taking'
p2340
I72
sS"he's"
p2341
I70
sS'atleast'
p2342
I73
sS'glorious'
p2343
I74
sS'relevant'
p2344
I74
sS'pages.\xe2\x80\x9d'
p2345
I74
sS'lyingirl'
p2346
I74
sS'walk'
p2347
I70
sS'subscribe'
p2348
I72
sS'laugh'
p2349
I73
sS'cousin'
p2350
I74
sS'kings'
p2351
I74
sS"whatever's"
p2352
I74
sS"it's"
p2353
I36
sS'quiz'
p2354
I74
sS'apologize'
p2355
I74
sS'taste'
p2356
I74
sS'literal'
p2357
I74
sS'drank'
p2358
I73
sS'hellish'
p2359
I74
sS'yah'
p2360
I74
sS'bby'
p2361
I74
sS'aquamarine'
p2362
I74
sS'bbp'
p2363
I74
sS'day...actually'
p2364
I74
sS'*curvy'
p2365
I74
sS'moved'
p2366
I74
sS'digifest'
p2367
I73
sS'mccambridge'
p2368
I73
sS'hmm'
p2369
I74
sS'finished'
p2370
I73
sS'covered'
p2371
I74
sS'fellow'
p2372
I74
sS'please?\xe2\x80\x9d'
p2373
I74
sS'present'
p2374
I72
sS'salmaa'
p2375
I74
sS'people!!!let'
p2376
I74
sS'will'
p2377
I51
sS'chellitag'
p2378
I74
sS'hahaha'
p2379
I51
sS'wild'
p2380
I74
sS'~'
p2381
I74
sS'almost'
p2382
I71
sS'blood'
p2383
I73
sS'surprisingly'
p2384
I74
sS'helped'
p2385
I74
sS'vs'
p2386
I74
sS'against'
p2387
I74
sS"ucb's"
p2388
I74
sS'fkn'
p2389
I73
sS'juan'
p2390
I74
sS'allergies'
p2391
I74
sS'wantin'
p2392
I74
sS'party'
p2393
I71
sS'gets'
p2394
I73
sS'ball'
p2395
I73
sS'drink'
p2396
I73
sS'ios'
p2397
I74
sS'fucker'
p2398
I74
sS'flew'
p2399
I74
sS'student'
p2400
I73
sS'sisters'
p2401
I73
sS'spree'
p2402
I72
sS'jalape\xc3\xb1o'
p2403
I74
sS"lilly's"
p2404
I74
sS'off'
p2405
I55
sS'center'
p2406
I74
sS'i'
p2407
I1
sS'approve'
p2408
I73
sS'well'
p2409
I45
sS'lawllll'
p2410
I74
sS'thought'
p2411
I73
sS'oops'
p2412
I74
sS'damnnnn'
p2413
I74
sS'excessive'
p2414
I73
sS'stein\xe2\x80\x9d'
p2415
I74
sS'less'
p2416
I74
sS'spelle'
p2417
I74
sS'mistakes'
p2418
I74
sS'soulja'
p2419
I74
sS'happiness'
p2420
I73
sS'sky'
p2421
I74
sS'carillo'
p2422
I74
sS'realize'
p2423
I73
sS'simple'
p2424
I74
sS'other'
p2425
I70
sS'hoe\xe2\x80\x9d'
p2426
I74
sS'vids'
p2427
I74
sS'ohhh'
p2428
I74
sS'homework'
p2429
I73
sS"who's"
p2430
I68
sS'five'
p2431
I74
sS'whatever'
p2432
I73
sS"who'd"
p2433
I74
sS'trash'
p2434
I74
sS'necessary'
p2435
I74
sS'like'
p2436
I19
sS'lost'
p2437
I74
sS'miami'
p2438
I73
sS'workc'
p2439
I74
sS'fernando'
p2440
I74
sS'loser'
p2441
I74
sS'payments'
p2442
I74
sS'james'
p2443
I74
sS'watch:)'
p2444
I74
sS'become'
p2445
I71
sS'works'
p2446
I73
sS'nigga'
p2447
I70
sS'drawn:('
p2448
I74
sS'zzzzz'
p2449
I74
sS'foreseeable'
p2450
I74
sS'scared'
p2451
I72
sS'church'
p2452
I68
sS'hair'
p2453
I70
sS'niggs'
p2454
I74
sS'choosing'
p2455
I74
sS'home'
p2456
I56
sS'happens'
p2457
I74
sS'competitor'
p2458
I74
sS'me\xe2\x9d\xa4\xef\xb8\x8f\xe2\x9d\xa4\xef\xb8\x8f\xe2\x9d\xa4\xef\xb8\x8f'
p2459
I74
sS'literally'
p2460
I67
sS'caught\xe2\x9c\xa8'
p2461
I74
sS'philosopher'
p2462
I74
sS'bash:('
p2463
I74
sS'does'
p2464
I66
sS'passion'
p2465
I74
sS'snuggle'
p2466
I74
sS'uhhhh'
p2467
I74
sS'bestfriend'
p2468
I74
sS'blowing'
p2469
I73
sS'obey'
p2470
I74
sS'buddah'
p2471
I74
sS'schedule'
p2472
I74
sS'r'
p2473
I74
sS'guaranteed'
p2474
I74
sS'sister'
p2475
I72
sS'getting'
p2476
I65
sS'mothertruckermy'
p2477
I74
sS'hungry\xe2\x80\x9d'
p2478
I74
sS'chla'
p2479
I74
sS'perks'
p2480
I74
sS'swear'
p2481
I70
sS'swimming'
p2482
I74
sS'own'
p2483
I68
sS'owe'
p2484
I74
sS'screamed'
p2485
I74
sS'doesnt'
p2486
I73
sS'promise'
p2487
I72
sS'artists'
p2488
I74
sS'cyrus'
p2489
I74
sS'yea\xe2\x9d\xa4\xef\xb8\x8f'
p2490
I74
sS'2k15'
p2491
I74
sS'brownies'
p2492
I72
sS'sleepover'
p2493
I74
sS'noticed'
p2494
I73
sS'inspiration'
p2495
I72
sS'amnesia'
p2496
I74
sS'buy'
p2497
I73
sS"i've"
p2498
I62
sS'funds'
p2499
I74
sS'bitches'
p2500
I73
sS'hw'
p2501
I72
sS'but'
p2502
I25
sS'hi'
p2503
I66
sS'bun'
p2504
I74
sS'goals'
p2505
I73
sS'bum'
p2506
I74
sS'eat'
p2507
I70
sS'he'
p2508
I59
sS'made'
p2509
I66
sS'too:('
p2510
I74
sS'places'
p2511
I74
sS'whether'
p2512
I73
sS'wish'
p2513
I69
sS'nightgown'
p2514
I74
sS'below'
p2515
I74
sS'dms'
p2516
I71
sS'barbershop'
p2517
I74
sS'dmv'
p2518
I74
sS'cake'
p2519
I74
sS'problem'
p2520
I74
sS'baptism'
p2521
I74
sS'minutes'
p2522
I73
sS'cmon'
p2523
I74
sS'replying'
p2524
I74
sS'sneak'
p2525
I74
sS'roams'
p2526
I74
sS'busta'
p2527
I74
sS'48'
p2528
I74
sS'ingredients'
p2529
I74
sS'lately'
p2530
I74
sS'book'
p2531
I72
sS'sick'
p2532
I70
sS'sheeran!!\xe2\x9d\xa4\xef\xb8\x8f'
p2533
I74
sS'healthy."me'
p2534
I74
sS'adjustments'
p2535
I74
sS'canada'
p2536
I74
sS'star'
p2537
I74
sS'monday'
p2538
I73
sS'june'
p2539
I74
sS'stay'
p2540
I71
sS'chance'
p2541
I74
sS'calum'
p2542
I74
sS'kinda'
p2543
I68
sS'nintendo'
p2544
I74
sS'else'
p2545
I73
sS'friends'
p2546
I68
sS'goin'
p2547
I73
sS'ghost'
p2548
I73
sS'rule'
p2549
I74
sS'amanda'
p2550
I74
sS'understand'
p2551
I72
sS'"the'
p2552
I74
sS"jammin'"
p2553
I74
s.