(dp0
S''
p1
I1
sS'raining'
p2
I76
sS'03:36:12.0,34.240954,-118.26650075,1013,why'
p3
I76
sS'dynamic'
p4
I76
sS'derp'
p5
I76
sS'betch'
p6
I76
sS'sleep'
p7
I62
sS'mdbp'
p8
I74
sS'balls\xe2\x80\x9d'
p9
I76
sS'hanging'
p10
I75
sS'suicidal'
p11
I76
sS'hate'
p12
I58
sS'drinkin'
p13
I76
sS'tweet'
p14
I68
sS'tickle'
p15
I76
sS'thennnn,91042\n488758877710585856,pushaj_,2014-07-14'
p16
I76
sS'\xe2\x9c\xa8sup'
p17
I76
sS'dillons'
p18
I76
sS'under'
p19
I75
sS'lord'
p20
I75
sS'sorry'
p21
I68
sS'worth'
p22
I71
sS'callin'
p23
I76
sS'stanton'
p24
I76
sS'rescue'
p25
I76
sS'00:15:47.0,34.24694233,-118.26746135,1013,this'
p26
I76
sS'blanket'
p27
I76
sS'af\xe2\x80\x9d'
p28
I76
sS'smack'
p29
I76
sS'stolen'
p30
I76
sS'every'
p31
I64
sS'leisurely'
p32
I76
sS'screenshotted'
p33
I76
sS'bringing'
p34
I76
sS'tickets'
p35
I72
sS'poppa'
p36
I76
sS'school'
p37
I72
sS'bestfriend'
p38
I76
sS'should...there'
p39
I76
sS'wednesday'
p40
I76
sS"20:00:28.0,34.24094099,-118.26658069,1013,i'm"
p41
I76
sS'refreshing'
p42
I76
sS'red'
p43
I74
sS'burbank\xe2\x80\x9d'
p44
I76
sS'oooh'
p45
I76
sS'clothes'
p46
I74
sS'enjoy'
p47
I76
sS'18:42:47.0,34.24091221,-118.26679654,1013,my'
p48
I76
sS'leaders'
p49
I76
sS'me"'
p50
I76
sS'miller'
p51
I76
sS'bacon'
p52
I76
sS'forrrrrrsuuuuuurreeeeeeee'
p53
I76
sS'nail'
p54
I73
sS'second'
p55
I74
sS'street'
p56
I75
sS'7th'
p57
I76
sS'n'
p58
I67
sS'specs'
p59
I76
sS'baaaaaabbbbbeeehhhhh'
p60
I76
sS'even'
p61
I56
sS'+'
p62
I75
sS'cooking'
p63
I76
sS'lights'
p64
I75
sS'bipolar'
p65
I76
sS'selena'
p66
I76
sS'\xe2\x9d\xa4\xef\xb8\x8f\xe2\x9d\xa4\xef\xb8\x8fthanks'
p67
I76
sS'$8000'
p68
I76
sS'resilient'
p69
I76
sS'new'
p70
I60
sS'tips'
p71
I76
sS'ever'
p72
I66
sS'told'
p73
I75
sS'relationships'
p74
I76
sS'hero'
p75
I76
sS'join'
p76
I76
sS'never'
p77
I60
sS'jasmine'
p78
I76
sS'loling'
p79
I76
sS'here'
p80
I63
sS'\xe2\x9d\xa4\xef\xb8\x8f'
p81
I73
sS'china'
p82
I76
sS'hulk'
p83
I76
sS'path'
p84
I76
sS'100'
p85
I76
sS"aren't"
p86
I72
sS'arroyo'
p87
I76
sS'maman'
p88
I76
sS'kids'
p89
I73
sS'daughter'
p90
I76
sS'employees'
p91
I76
sS'widdit'
p92
I76
sS'tv'
p93
I75
sS'me:"'
p94
I76
sS'smoke'
p95
I75
sS'\xe2\x9c\x94\xef\xb8\x8f'
p96
I76
sS"i'm"
p97
I15
sS'theres'
p98
I76
sS'dre'
p99
I75
sS'golden'
p100
I76
sS'tu'
p101
I76
sS'graders'
p102
I76
sS'feelings'
p103
I76
sS'bro'
p104
I65
sS'hahahahah'
p105
I76
sS'insta'
p106
I73
sS'guests'
p107
I76
sS'hahahahaa'
p108
I76
sS'total'
p109
I76
sS'"what?"'
p110
I76
sS'bra'
p111
I76
sS'hoping'
p112
I76
sS'set...........bye'
p113
I76
sS'would'
p114
I67
sS'sweater'
p115
I75
sS'watering'
p116
I76
sS'arms'
p117
I76
sS'armo'
p118
I75
sS'call'
p119
I71
sS'er"'
p120
I76
sS'albertsons'
p121
I75
sS'until'
p122
I69
sS'nyquil'
p123
I74
sS'supporters'
p124
I76
sS'holy'
p125
I73
sS'relax'
p126
I76
sS'successful'
p127
I76
sS'haha'
p128
I72
sS'hurt'
p129
I74
sS'phone'
p130
I66
sS'warm'
p131
I75
sS'excellent'
p132
I76
sS'hole'
p133
I72
sS'must'
p134
I74
sS'me'
p135
I11
sS'17:34:43.0,34.24552072,-118.27505266,1013,nigga'
p136
I76
sS'1992'
p137
I76
sS'word'
p138
I75
sS'room'
p139
I73
sS'shame'
p140
I76
sS',91042\n489500300760604675,marriiaaaaaa,2014-07-16'
p141
I76
sS'mo'
p142
I73
sS'work'
p143
I40
sS'mi'
p144
I76
sS'regrets'
p145
I76
sS'marks,91042\n485136422500704256,addimarusich_,2014-07-04'
p146
I76
sS'tinder'
p147
I76
sS'grimey'
p148
I76
sS'ms'
p149
I76
sS'henry'
p150
I76
sS'fooookin'
p151
I76
sS'"born'
p152
I76
sS'it\xe2\x80\x9dyes'
p153
I76
sS'my'
p154
I6
sS'fresher'
p155
I76
sS'give'
p156
I70
sS'want'
p157
I60
sS'hahahahahahahahaahhahahahahahahhahahahaha'
p158
I76
sS'keep'
p159
I67
sS'advancing'
p160
I76
sS'worse'
p161
I76
sS'hoe'
p162
I74
sS'iggy'
p163
I76
sS'thing'
p164
I67
sS'mouse'
p165
I76
sS'travel'
p166
I76
sS'sitting'
p167
I76
sS'nuts'
p168
I76
sS'butterflies'
p169
I76
sS'id'
p170
I75
sS'machine'
p171
I75
sS'how'
p172
I50
sS'amazing'
p173
I69
sS'hahahahahahahahhahahahaha'
p174
I76
sS'yum'
p175
I73
sS'flow'
p176
I76
sS'cooool'
p177
I76
sS'beach'
p178
I75
sS'pizza'
p179
I75
sS'elizabeth'
p180
I76
sS'bday'
p181
I74
sS'"he'
p182
I76
sS'after'
p183
I65
sS'(tujunga'
p184
I67
sS'wrong'
p185
I71
sS'hahahahha'
p186
I76
sS'tujunga'
p187
I69
sS'duuuuh'
p188
I76
sS'wins'
p189
I74
sS'upside'
p190
I76
sS'goodbye'
p191
I76
sS'me,91042\n471497018217488384,montaaayy,2014-05-28'
p192
I76
sS'fan'
p193
I75
sS"cuba's"
p194
I76
sS'greeeeat'
p195
I76
sS'order'
p196
I76
sS'wine'
p197
I75
sS'fifa'
p198
I76
sS'vart'
p199
I76
sS'salon'
p200
I76
sS'niki'
p201
I76
sS'04:27:29.0,34.24090061,-118.26663348,1013,21'
p202
I76
sS'wut'
p203
I73
sS'over'
p204
I66
sS'tricked'
p205
I76
sS'1-10'
p206
I76
sS'24th'
p207
I74
sS'before'
p208
I67
sS'ima'
p209
I76
sS'"only'
p210
I75
sS'goooalllll'
p211
I76
sS'bishes'
p212
I76
sS'better'
p213
I59
sS'answers.\xe2\x80\x9d'
p214
I76
sS'weeks'
p215
I73
sS'then'
p216
I63
sS'them'
p217
I67
sS'alekhandro'
p218
I76
sS'exclusives'
p219
I76
sS'lambert'
p220
I76
sS'safe'
p221
I76
sS"we'll"
p222
I76
sS'welcome"'
p223
I76
sS'cuties'
p224
I76
sS'break'
p225
I71
sS'bang'
p226
I76
sS'they'
p227
I53
sS'one'
p228
I42
sS'00:06:42.0,34.24612212,-118.27475569,1013,people'
p229
I76
sS'netherlands'
p230
I76
sS'alex'
p231
I76
sS'edit)'
p232
I76
sS'upppppp'
p233
I76
sS'rocks'
p234
I74
sS'each'
p235
I73
sS'cashmere'
p236
I75
sS'went'
p237
I71
sS'yung'
p238
I75
sS'bong'
p239
I75
sS'side'
p240
I73
sS'mean'
p241
I66
sS'candy'
p242
I76
sS'snakes'
p243
I75
sS'diana'
p244
I76
sS'20:53:53.0,34.24201323,-118.26982646,1013,i'
p245
I76
sS'turnin'
p246
I76
sS'bowls'
p247
I76
sS'loge'
p248
I76
sS'forgot'
p249
I74
sS'dawn'
p250
I76
sS'saturday'
p251
I71
sS'rt'
p252
I71
sS'gon'
p253
I76
sS'itch'
p254
I76
sS'"wow'
p255
I76
sS'god'
p256
I70
sS'hooked'
p257
I76
sS'vibes'
p258
I76
sS'tomorrow'
p259
I65
sS'sparkle'
p260
I76
sS'ihop'
p261
I75
sS'smh'
p262
I76
sS'rl'
p263
I74
sS'got'
p264
I41
sS'rn'
p265
I58
sS'wutwut'
p266
I76
sS'arizona'
p267
I76
sS'turning'
p268
I75
sS'cutest'
p269
I75
sS"you're"
p270
I55
sS'little'
p271
I67
sS'free'
p272
I76
sS'wanted'
p273
I69
sS'soundcloud'
p274
I73
sS'greasy'
p275
I76
sS'anyone.\xe2\x80\x9d'
p276
I76
sS'dayz'
p277
I75
sS'dayum'
p278
I73
sS'created'
p279
I76
sS'starts'
p280
I75
sS'atl'
p281
I76
sS'atm'
p282
I76
sS'cosmic'
p283
I76
sS'days'
p284
I63
sS'outfits'
p285
I73
sS'festival'
p286
I76
sS'att'
p287
I76
sS'hahhaahahhha'
p288
I76
sS'pagin'
p289
I76
sS'soda'
p290
I76
sS'shootin'
p291
I76
sS'(at'
p292
I73
sS'caught'
p293
I76
sS'fuckin'
p294
I69
sS'lazers'
p295
I76
sS'already'
p296
I62
sS'grade'
p297
I76
sS'hilary'
p298
I75
sS'duuuuunnnnnnnn'
p299
I76
sS'another'
p300
I73
sS'comin'
p301
I76
sS'service'
p302
I76
sS'top'
p303
I70
sS'tired'
p304
I70
sS'girls'
p305
I71
sS'work?"'
p306
I76
sS'needed'
p307
I76
sS'disappointed'
p308
I76
sS'too'
p309
I62
sS'hollywood'
p310
I76
sS'legs'
p311
I76
sS'listen'
p312
I74
sS'gym'
p313
I75
sS'-tom'
p314
I76
sS'*god'
p315
I76
sS'took'
p316
I70
sS'trippy'
p317
I76
sS'wisdom'
p318
I76
sS'little,91042\n506975709777383424,bekahcharters22,2014-09-03'
p319
I76
sS'cereal'
p320
I75
sS'i-*tons'
p321
I76
sS'begins'
p322
I76
sS'anxiety'
p323
I76
sS'showed'
p324
I76
sS'hike'
p325
I76
sS'jack\xc3\xbc'
p326
I76
sS'crave'
p327
I76
sS'fairest'
p328
I76
sS'shower'
p329
I74
sS'don\xe2\x80\x99t'
p330
I76
sS'step-father'
p331
I76
sS'silly'
p332
I76
sS'mermaid'
p333
I76
sS'hottie'
p334
I75
sS'feeling'
p335
I72
sS'mini'
p336
I76
sS'rad'
p337
I76
sS'youre'
p338
I76
sS'smokes'
p339
I76
sS'mind'
p340
I75
sS'mine'
p341
I74
sS'talking'
p342
I74
sS'seed'
p343
I76
sS'rap'
p344
I75
sS'seen'
p345
I72
sS'seem'
p346
I76
sS'obviously'
p347
I76
sS'"core"'
p348
I76
sS'-'
p349
I72
sS'hahahahahahhaha'
p350
I76
sS'zapquillomoy'
p351
I76
sS'hooooolddddd'
p352
I76
sS'blue'
p353
I76
sS'nobody'
p354
I76
sS'clvck'
p355
I76
sS'lion'
p356
I76
sS'shall'
p357
I76
sS'sue'
p358
I76
sS'mario'
p359
I76
sS'regular'
p360
I76
sS'mouth'
p361
I73
sS'jumpin'
p362
I76
sS'tamagotchi'
p363
I76
sS'again...fuck'
p364
I76
sS'alarm'
p365
I75
sS'camp'
p366
I74
sS'nighttime'
p367
I76
sS'dog'
p368
I76
sS'definitely'
p369
I73
sS'tech'
p370
I76
sS'pineapple'
p371
I76
sS'boyfriends'
p372
I76
sS'scream'
p373
I76
sS'came'
p374
I68
sS'kristen'
p375
I75
sS'saying'
p376
I73
sS'bomb'
p377
I68
sS'lyrics'
p378
I75
sS'random'
p379
I76
sS'nominated'
p380
I76
sS'radio'
p381
I74
sS'baauer\xe2\x80\x9dtower'
p382
I76
sS'probs'
p383
I75
sS'busy'
p384
I74
sS'pep\xc3\xa9'
p385
I76
sS'\xe2\xac\x87\xef\xb8\x8f\xe2\xac\x87\xef\xb8\x8f\xe2\xac\x87\xef\xb8\x8fabout'
p386
I76
sS'sick,91042\n469696987541954560,montaaayy,2014-05-23'
p387
I76
sS'explain'
p388
I74
sS"baby's"
p389
I76
sS'theme'
p390
I76
sS'rich'
p391
I75
sS'gods'
p392
I76
sS'announce'
p393
I76
sS'chipotle'
p394
I76
sS'boyfriend'
p395
I76
sS'grenda'
p396
I76
sS'wearing'
p397
I74
sS'do'
p398
I37
sS'dj'
p399
I72
sS'watch'
p400
I69
sS'da'
p401
I73
sS'heppi'
p402
I76
sS'watermelon'
p403
I76
sS'wedding'
p404
I76
sS'minnnndddd'
p405
I76
sS'ds'
p406
I76
sS'hahahahahahahhha'
p407
I76
sS'beads'
p408
I74
sS'switched'
p409
I76
sS"sara's"
p410
I76
sS'fields'
p411
I76
sS'hello'
p412
I76
sS'disco'
p413
I75
sS"children's"
p414
I76
sS'bad'
p415
I52
sS'bae'
p416
I75
sS'shots'
p417
I74
sS'release'
p418
I76
sS'uuuu\xe2\x80\x9d'
p419
I76
sS'steal'
p420
I74
sS'19:50:57.0,34.24204154,-118.26991078,1013,ive'
p421
I76
sS'blew'
p422
I76
sS'fascinating'
p423
I76
sS'w/'
p424
I76
sS'depends'
p425
I76
sS'decided'
p426
I76
sS'disturbing'
p427
I76
sS'nocturnal'
p428
I75
sS'ayso'
p429
I76
sS'tomorrowland'
p430
I76
sS'best'
p431
I59
sS"c'mon"
p432
I76
sS'brazil'
p433
I72
sS'said'
p434
I70
sS'duff'
p435
I75
sS'inappropriate'
p436
I76
sS'lots'
p437
I75
sS'away'
p438
I69
sS'face*'
p439
I76
sS'"oh'
p440
I76
sS"there's"
p441
I70
sS'melissa'
p442
I75
sS'hopefully'
p443
I76
sS'wage'
p444
I76
sS'lazy'
p445
I75
sS'men'
p446
I76
sS'omg'
p447
I47
sS'biatchhhhhhh'
p448
I76
sS'herrera'
p449
I76
sS'handful'
p450
I76
sS'boss'
p451
I72
sS'nahhh'
p452
I76
sS'wear'
p453
I73
sS'wtf'
p454
I66
sS'news'
p455
I73
sS'kitchen'
p456
I75
sS'cos'
p457
I55
sS'tfti'
p458
I73
sS'met'
p459
I76
sS'country'
p460
I76
sS'against'
p461
I75
sS'dopest'
p462
I76
sS'asked'
p463
I74
sS'ily'
p464
I73
sS'bro...naturally'
p465
I76
sS'waaat'
p466
I76
sS'had'
p467
I61
sS'yaas'
p468
I76
sS'epidemic'
p469
I76
sS'canyon'
p470
I72
sS'yallllllllaaaaa'
p471
I76
sS'yaaa'
p472
I76
sS'springs'
p473
I76
sS'trust'
p474
I76
sS'wowowow'
p475
I76
sS'ana'
p476
I75
sS'conference'
p477
I76
sS'bathroom'
p478
I75
sS'workplace'
p479
I76
sS'pregame'
p480
I76
sS'"you'
p481
I76
sS'three'
p482
I76
sS'been'
p483
I58
sS'legend'
p484
I76
sS'oooooo'
p485
I75
sS'beer'
p486
I71
sS'much'
p487
I51
sS'basic'
p488
I76
sS'lovely'
p489
I76
sS'idol'
p490
I76
sS'threw'
p491
I76
sS'chug'
p492
I74
sS'life'
p493
I64
sS'ooooo'
p494
I75
sS'mushroom'
p495
I76
sS'drugs'
p496
I76
sS'sooooo'
p497
I75
sS'ariana'
p498
I75
sS'fest'
p499
I76
sS'craft'
p500
I76
sS'chile'
p501
I75
sS'catch'
p502
I76
sS'worked'
p503
I76
sS'haters'
p504
I76
sS'palladium'
p505
I76
sS'chill'
p506
I73
sS'fukn'
p507
I76
sS'has'
p508
I69
sS'tank'
p509
I75
sS'vineeeeeee'
p510
I76
sS'air'
p511
I76
sS'ugly'
p512
I76
sS'lizard'
p513
I76
sS'droppin'
p514
I76
sS'suppose'
p515
I76
sS'hates'
p516
I76
sS'suspense'
p517
I76
sS'35th'
p518
I76
sS'k'
p519
I76
sS'picturing'
p520
I76
sS'dream\xe2\x80\x9d'
p521
I76
sS'mexico'
p522
I74
sS'is'
p523
I8
sS'it'
p524
I13
sS'missin'
p525
I76
sS'player'
p526
I76
sS'cant'
p527
I74
sS'hahahahahahahahahahahahaha'
p528
I76
sS'im'
p529
I73
sS'in'
p530
I12
sS'16:15:56.0,34.2317066,-118.2687321,1013,the'
p531
I76
sS'driver?????,91214\n420359071619751936,dommmega,2014-01-07'
p532
I76
sS'turner'
p533
I76
sS'disappear'
p534
I76
sS'if'
p535
I43
sS'hone'
p536
I76
sS'babyyyyyy'
p537
I76
sS'things'
p538
I73
sS'make'
p539
I64
sS'burger)'
p540
I76
sS'amount'
p541
I76
sS'bells'
p542
I76
sS'hank'
p543
I76
sS'fairly'
p544
I76
sS'cheeks'
p545
I76
sS'hang'
p546
I72
sS'coachella'
p547
I67
sS'fridays'
p548
I76
sS'jealous'
p549
I76
sS'aka'
p550
I76
sS'tune'
p551
I76
sS'kid'
p552
I73
sS'lucas'
p553
I76
sS'thx'
p554
I68
sS'charlie'
p555
I76
sS'tht'
p556
I76
sS'dada'
p557
I76
sS'tho'
p558
I52
sS'contact'
p559
I76
sS'greatest'
p560
I75
sS'pandora'
p561
I75
sS'mother'
p562
I76
sS'the'
p563
I3
sS'yours'
p564
I76
sS'tha'
p565
I76
sS'left'
p566
I67
sS'just'
p567
I17
sS'yea'
p568
I74
sS'photo'
p569
I75
sS'hahahha'
p570
I76
sS'hahahahahahahhaaha'
p571
I76
sS'birmingham'
p572
I76
sS'thanks'
p573
I70
sS'yes'
p574
I49
sS'yet'
p575
I72
sS'warren'
p576
I76
sS'flooring'
p577
I76
sS'photographer'
p578
I76
sS'josh'
p579
I75
sS'pharmacy'
p580
I76
sS'(los'
p581
I75
sS'shout'
p582
I74
sS'easy'
p583
I75
sS'enchilada'
p584
I76
sS'save'
p585
I74
sS'hat'
p586
I76
sS'\xe2\x9c\xa8\xe2\x9c\xa8\xe2\x9c\xa8\xe2\x9c\xa8\xe2\x9c\xa8\xe2\x9c\xa8\xe2\x9c\xa8\xe2\x9a\xa0\xef\xb8\x8f\xe2\x9a\xa0\xef\xb8\x8f\xe2\x9a\xa0\xef\xb8\x8f\xe2\x9a\xa0\xef\xb8\x8fomg'
p587
I76
sS'gave'
p588
I76
sS'possibly'
p589
I76
sS'god-'
p590
I76
sS'judge'
p591
I76
sS'\xc2\xaf\\_(\xe3\x83\x84)_/\xc2\xaf\xe2\x80\x9d'
p592
I76
sS'never\xe2\x80\x9d'
p593
I76
sS'dreams'
p594
I76
sS'desire'
p595
I76
sS'ninjas'
p596
I76
sS'-_-'
p597
I76
sS'patience'
p598
I76
sS'cooler'
p599
I76
sS'='
p600
I76
sS'50'
p601
I76
sS'xbox'
p602
I76
sS'remind'
p603
I75
sS'zombies'
p604
I76
sS'night'
p605
I49
sS'hung'
p606
I76
sS'01:38:07.0,34.24093113,-118.26648502,1013,great'
p607
I76
sS'security'
p608
I76
sS'avlider'
p609
I76
sS'(6240'
p610
I76
sS'right'
p611
I63
sS'old'
p612
I73
sS'spongebob'
p613
I76
sS'people'
p614
I53
sS'dead'
p615
I72
sS',91042\n502287094631235584,valerie_kirsten,2014-08-21'
p616
I76
sS'donald'
p617
I76
sS'escape'
p618
I76
sS'steph'
p619
I76
sS'vato'
p620
I76
sS'exiled\xe2\x80\x9dhahahahaha'
p621
I76
sS'for'
p622
I18
sS'carts'
p623
I75
sS'/'
p624
I75
sS'everything'
p625
I70
sS'asking'
p626
I74
sS'kira'
p627
I76
sS'420'
p628
I76
sS'foo'
p629
I76
sS'christmas'
p630
I72
sS'photo.\xe2\x80\x9dhahahaha'
p631
I76
sS'core'
p632
I76
sS'knew'
p633
I76
sS'payment'
p634
I76
sS'plz'
p635
I69
sS'baaaaaby'
p636
I76
sS'question.....\xe2\x80\x9d'
p637
I76
sS'englishmen'
p638
I76
sS'coachie'
p639
I76
sS'losing'
p640
I75
sS'post'
p641
I72
sS'pll'
p642
I76
sS'super'
p643
I73
sS'deletes'
p644
I76
sS'yelling'
p645
I76
sS"dj's"
p646
I75
sS'months'
p647
I75
sS'o'
p648
I72
sS'dinner'
p649
I74
sS'plus'
p650
I76
sS'afternoon'
p651
I75
sS'done'
p652
I70
sS'frustrated/annoyed'
p653
I76
sS'automatically'
p654
I75
sS'aha'
p655
I76
sS'low"'
p656
I76
sS'"bae"'
p657
I76
sS'23:43:04.0,34.23229902,-118.26992563,1013,stigmata,91214\n367519551002386432,jlove1922,2013-08-14'
p658
I76
sS'selfie'
p659
I75
sS'honeymoon'
p660
I76
sS'sketch'
p661
I76
sS'ppl'
p662
I75
sS'down'
p663
I57
sS"ex's"
p664
I76
sS'life\xe2\x80\x9d'
p665
I76
sS'yesterday\xe2\x9d\xa4\xef\xb8\x8f'
p666
I76
sS'whata'
p667
I76
sS'worker'
p668
I76
sS'alnighter\xe2\x9c\x94\xef\xb8\x8f'
p669
I76
sS'bet,91042\n471495127282634752,montaaayy,2014-05-28'
p670
I76
sS'deal'
p671
I76
sS'cali'
p672
I76
sS'support'
p673
I76
sS'flying'
p674
I76
sS'fight'
p675
I75
sS'stuck'
p676
I76
sS'tho\xe2\x98\xba\xef\xb8\x8f'
p677
I76
sS'way'
p678
I60
sS'why)'
p679
I76
sS'music'
p680
I70
sS'was'
p681
I19
sS'happy'
p682
I51
sS'head'
p683
I74
sS'blunt\xe2\x80\x9d'
p684
I76
sS'converse'
p685
I76
sS'"show'
p686
I76
sS'cuban'
p687
I75
sS',91042\n502288231891607552,valerie_kirsten,2014-08-21'
p688
I76
sS'26th'
p689
I76
sS'heat'
p690
I75
sS'hahahahhahahahahahahahaha'
p691
I76
sS'hear'
p692
I71
sS'idgaf'
p693
I76
sS'04:22:14.0,34.24502322,-118.27411501,1013,i'
p694
I76
sS'true'
p695
I70
sS'fort'
p696
I76
sS'happen'
p697
I75
sS"else's"
p698
I76
sS'heartwarming'
p699
I76
sS'inside'
p700
I75
sS'whys'
p701
I76
sS'tell'
p702
I67
sS'palm'
p703
I76
sS'latch'
p704
I76
sS'trim'
p705
I76
sS'breathe'
p706
I75
sS'proud'
p707
I73
sS'disgrace'
p708
I76
sS'moore'
p709
I76
sS'scandalous'
p710
I76
sS'2\xe2\x80\x9d'
p711
I76
sS'drive'
p712
I71
sS'brodinski'
p713
I76
sS"rollin'"
p714
I76
sS'awhile'
p715
I76
sS'trip'
p716
I75
sS'shit'
p717
I48
sS'physical'
p718
I76
sS'twin-in-laws'
p719
I76
sS'faithful'
p720
I76
sS'dying'
p721
I74
sS'no'
p722
I35
sS'"does'
p723
I76
sS'reality'
p724
I76
sS'cry\xe2\x80\x9d'
p725
I76
sS'jona'
p726
I76
sS'tio'
p727
I76
sS'holding'
p728
I75
sS'np'
p729
I76
sS'hangin'
p730
I75
sS'roll'
p731
I75
sS'scored'
p732
I75
sS'picture'
p733
I76
sS'models'
p734
I76
sS'9%'
p735
I76
sS'felt'
p736
I71
sS'weirdest'
p737
I76
sS"let's"
p738
I64
sS'fell'
p739
I75
sS'attendees'
p740
I76
sS'weekend'
p741
I70
sS'indo'
p742
I76
sS'mothafukas'
p743
I76
sS'jones'
p744
I76
sS'tweeting'
p745
I75
sS'happening'
p746
I76
sS'meeeeeerrrrrrrrrr'
p747
I76
sS'packets'
p748
I75
sS'together'
p749
I74
sS'jacket'
p750
I76
sS'aaaaay'
p751
I76
sS'*bass'
p752
I76
sS'fantasssstic'
p753
I76
sS'time'
p754
I44
sS'serious'
p755
I76
sS'songs'
p756
I75
sS'18:56:11.0,34.2410843,-118.26773672,1013,when'
p757
I76
sS'exxxxxaaaaaacccctlllllly'
p758
I76
sS'coach'
p759
I76
sS':('
p760
I72
sS':)'
p761
I70
sS'whoever'
p762
I75
sS'dance'
p763
I75
sS'focus'
p764
I76
sS'hawaii'
p765
I76
sS'manager'
p766
I76
sS'ice'
p767
I74
sS'skin'
p768
I75
sS'battle'
p769
I76
sS'chair'
p770
I75
sS'milk'
p771
I76
sS'shlauzed'
p772
I76
sS'moretho'
p773
I76
sS'amaze'
p774
I76
sS'finally'
p775
I67
sS'golly,91042\n493205950916853760,mariahdntcarey,2014-07-27'
p776
I76
sS'rhythm'
p777
I76
sS'text'
p778
I71
sS'adventist'
p779
I76
sS'jettro'
p780
I76
sS':o'
p781
I76
sS'string'
p782
I76
sS'hellyeaaah'
p783
I76
sS'feeeelz'
p784
I76
sS'distant'
p785
I76
sS'choice'
p786
I76
sS'cook'
p787
I76
sS"tiesto's"
p788
I76
sS'trouble'
p789
I75
sS'blast'
p790
I76
sS'exact'
p791
I76
sS'minute'
p792
I75
sS'cool'
p793
I71
sS'cooks'
p794
I75
sS'impressive'
p795
I76
sS'\xe2\x9a\xa0\xef\xb8\x8f\xe2\x9a\xa0\xef\xb8\x8f\xe2\x9a\xa0\xef\xb8\x8f'
p796
I76
sS'level'
p797
I76
sS'did'
p798
I63
sS'die'
p799
I76
sS'peeps'
p800
I74
sS'brother'
p801
I68
sS'turnt'
p802
I75
sS'leave'
p803
I75
sS'soooo'
p804
I75
sS'snailed'
p805
I76
sS'team'
p806
I73
sS'quick'
p807
I75
sS'guy'
p808
I73
sS'hardsummer'
p809
I76
sS'dis'
p810
I75
sS'talked'
p811
I75
sS'says'
p812
I74
sS'det'
p813
I76
sS'goooooo'
p814
I76
sS'sign'
p815
I75
sS'run'
p816
I74
sS'lol,91042\n420359187193794560,dommmega,2014-01-07'
p817
I76
sS'drinks'
p818
I75
sS'hymn'
p819
I76
sS'fire\xe2\x9d\xa4\xef\xb8\x8f\xe2\x9d\xa4\xef\xb8\x8f'
p820
I76
sS'stands'
p821
I75
sS'ummmz'
p822
I76
sS'landslides'
p823
I76
sS'00:59:47.0,34.23197473,-118.26940704,1013,,91214\n512270360687820800,whyyouhaydenn,2014-09-17'
p824
I76
sS'goes'
p825
I74
sS'reply'
p826
I76
sS'falling'
p827
I76
sS'boost'
p828
I76
sS'filled'
p829
I76
sS'supporting'
p830
I76
sS'clerk'
p831
I76
sS'ouch'
p832
I76
sS'french'
p833
I76
sS'water'
p834
I74
sS'witch'
p835
I76
sS'crippled'
p836
I76
sS'alone'
p837
I75
sS'teacher'
p838
I76
sS'change'
p839
I76
sS'wait'
p840
I60
sS'boy'
p841
I76
sS'yessss'
p842
I74
sS'shove'
p843
I76
sS'shift'
p844
I76
sS'bruises'
p845
I76
sS'overflowing'
p846
I76
sS'lakers'
p847
I76
sS'dohhh\xe2\x80\x9dcome'
p848
I76
sS'jammin'
p849
I76
sS'bangs'
p850
I76
sS'pediatric'
p851
I76
sS'boo'
p852
I73
sS'weird'
p853
I72
sS'pillow'
p854
I75
sS'massage'
p855
I76
sS'borgore'
p856
I76
sS'love'
p857
I38
sS'backlumberjvckits'
p858
I76
sS'hiking'
p859
I76
sS'extra'
p860
I74
sS'la\xe2\x80\x9d'
p861
I76
sS'fake'
p862
I75
sS'started\xe2\x80\x9dhahahahahhahha'
p863
I76
sS'market'
p864
I74
sS'everybody'
p865
I76
sS'working'
p866
I67
sS'"those'
p867
I76
sS'amazeballs'
p868
I76
sS'dude'
p869
I71
sS'sports'
p870
I76
sS'ca)'
p871
I66
sS'bases'
p872
I76
sS'andy'
p873
I76
sS'iphone'
p874
I74
sS'ahhh'
p875
I76
sS'cuter'
p876
I76
sS',91042\n489503617393508352,marriiaaaaaa,2014-07-16'
p877
I76
sS'thru'
p878
I72
sS'angels'
p879
I76
sS'today'
p880
I45
sS'loving'
p881
I76
sS'club'
p882
I73
sS'ooo'
p883
I76
sS'cashier'
p884
I76
sS'thru*'
p885
I76
sS'everywhere'
p886
I76
sS'\xc2\xa1\xc2\xa1\xc2\xa1\xc2\xa1\xc2\xa1\xc2\xa1wow'
p887
I76
sS'\xe2\x9d\xa4\xef\xb8\x8f\xe2\x9d\xa4\xef\xb8\x8f'
p888
I76
sS'butterfingers"'
p889
I76
sS'8pm'
p890
I76
sS'eeeeee'
p891
I76
sS'car'
p892
I70
sS'soul'
p893
I75
sS'cat'
p894
I71
sS'purge'
p895
I76
sS'meow'
p896
I73
sS'hardest'
p897
I76
sS'sour'
p898
I76
sS'can'
p899
I37
sS'co-workers'
p900
I75
sS'making'
p901
I67
sS'heart'
p902
I71
sS'crazy'
p903
I73
sS'figure'
p904
I76
sS'awesome'
p905
I69
sS"didn't"
p906
I64
sS'fuck'
p907
I50
sS'sample'
p908
I76
sS'heard'
p909
I75
sS'noct'
p910
I76
sS'dropped'
p911
I69
sS'allowed'
p912
I75
sS'pong'
p913
I76
sS'voice,91042\n502234182144524289,mariahdntcarey,2014-08-20'
p914
I76
sS'pink'
p915
I73
sS'slowwww'
p916
I76
sS'winter'
p917
I76
sS'watching'
p918
I66
sS'freezer'
p919
I76
sS'1'
p920
I71
sS'till'
p921
I71
sS'sunday'
p922
I72
sS'04:31:03.0,34.24101333,-118.2664668,1013,chillin'
p923
I76
sS'speaks'
p924
I76
sS'plur'
p925
I75
sS'$100'
p926
I76
sS'snaps'
p927
I75
sS'stoked'
p928
I72
sS'ballroom'
p929
I76
sS'may'
p930
I73
sS'blasting'
p931
I76
sS'spot'
p932
I74
sS'lucky'
p933
I76
sS'birthday'
p934
I65
sS'mad'
p935
I70
sS'date'
p936
I75
sS'end'
p937
I73
sS'suck'
p938
I74
sS'guys'
p939
I66
sS'easyyyyy'
p940
I76
sS'man'
p941
I64
sS'stress'
p942
I76
sS'remember'
p943
I71
sS'whenever'
p944
I75
sS'maybe'
p945
I71
sS'hehehehehe'
p946
I76
sS'benny'
p947
I76
sS'mango'
p948
I75
sS'so'
p949
I10
sS'talk'
p950
I71
sS'sd'
p951
I76
sS'cute'
p952
I69
sS'acts'
p953
I76
sS'nrg\xe2\x9c\x94\xef\xb8\x8f'
p954
I76
sS'shoes'
p955
I76
sS'disclosure'
p956
I76
sS'wishing'
p957
I75
sS'sick\xe2\x80\x9d'
p958
I76
sS'course'
p959
I73
sS'episodes'
p960
I76
sS'romi'
p961
I76
sS'cold'
p962
I75
sS'still'
p963
I58
sS'blocked'
p964
I75
sS'gta'
p965
I73
sS'group'
p966
I75
sS'thank'
p967
I73
sS"he's"
p968
I70
sS'interesting'
p969
I75
sS'mufuckin'
p970
I76
sS'torn'
p971
I76
sS'hot'
p972
I68
sS'(x2'
p973
I76
sS'offers'
p974
I76
sS'celebrate'
p975
I76
sS'tweets'
p976
I76
sS'gel'
p977
I76
sS'ahh'
p978
I76
sS'happened'
p979
I71
sS'lonely'
p980
I75
sS'hot,91042\n477484525899898881,jbecerrita,2014-06-13'
p981
I76
sS'conversations'
p982
I76
sS'feelin'
p983
I76
sS'moonstradamus'
p984
I76
sS'lunch'
p985
I73
sS'wristband........................................\xe2\x80\xa6'
p986
I76
sS'half'
p987
I72
sS'not'
p988
I26
sS'in-laws'
p989
I75
sS'now'
p990
I48
sS'killed'
p991
I76
sS'argentina'
p992
I73
sS'\xe2\x98\x81\xef\xb8\x8fclouds\xe2\x98\x81\xef\xb8\x8f'
p993
I76
sS'name'
p994
I69
sS'deads'
p995
I76
sS'clutch'
p996
I75
sS'drop'
p997
I74
sS'tandz'
p998
I76
sS'rock'
p999
I74
sS'soda\xe2\x80\x9drelax'
p1000
I76
sS'cliffs'
p1001
I76
sS'christian'
p1002
I76
sS'lowkey'
p1003
I76
sS'\xc2\xbfwhy'
p1004
I76
sS"s'cute"
p1005
I76
sS'st\xc3\xa5r'
p1006
I76
sS'yeah'
p1007
I63
sS'catching'
p1008
I76
sS'sponsor'
p1009
I76
sS'year'
p1010
I71
sS'girl'
p1011
I66
sS'worried'
p1012
I76
sS'ep'
p1013
I76
sS'description'
p1014
I76
sS'troll'
p1015
I76
sS'naked'
p1016
I76
sS'accomplish'
p1017
I76
sS'jackson'
p1018
I76
sS'opened'
p1019
I75
sS'3rd'
p1020
I76
sS'jokes'
p1021
I76
sS'classy'
p1022
I76
sS'looking'
p1023
I72
sS'attracted'
p1024
I76
sS'seriously'
p1025
I65
sS"shouldn't"
p1026
I76
sS'internet'
p1027
I75
sS'yessss,91042\n484779010803499008,mariahdntcarey,2014-07-03'
p1028
I76
sS'perfeeect"'
p1029
I76
sS'bynes'
p1030
I76
sS'dodgers'
p1031
I70
sS'monster'
p1032
I75
sS'thong'
p1033
I76
sS'cars'
p1034
I75
sS'million'
p1035
I76
sS'boobs'
p1036
I75
sS'cart'
p1037
I76
sS'unreal\xe2\x80\x9ddid'
p1038
I76
sS'bumps'
p1039
I76
sS'california'
p1040
I76
sS'grandma'
p1041
I76
sS'care'
p1042
I75
sS'language'
p1043
I76
sS'oakpark'
p1044
I75
sS'weekend...i'
p1045
I76
sS'hab3sh'
p1046
I76
sS'turn'
p1047
I72
sS'funky'
p1048
I75
sS'place'
p1049
I73
sS'gordon'
p1050
I76
sS'think'
p1051
I57
sS'first'
p1052
I66
sS'tennis'
p1053
I76
sS'saving'
p1054
I76
sS'stevens'
p1055
I76
sS'potter'
p1056
I75
sS'yourself'
p1057
I75
sS'fast'
p1058
I76
sS'spanish'
p1059
I76
sS'impossible'
p1060
I76
sS'ring'
p1061
I75
sS'open'
p1062
I75
sS'cheesy'
p1063
I75
sS'city'
p1064
I76
sS'given'
p1065
I76
sS'checked'
p1066
I76
sS'quality'
p1067
I76
sS'bite'
p1068
I75
sS'slept'
p1069
I76
sS'anyone'
p1070
I74
sS'pockets*'
p1071
I76
sS'fml'
p1072
I76
sS'2'
p1073
I52
sS'1d'
p1074
I76
sS'blasian(vietnamese'
p1075
I76
sS'white'
p1076
I72
sS'makoor'
p1077
I76
sS'friend'
p1078
I70
sS'gives'
p1079
I76
sS'eyes'
p1080
I75
sS'freaky"'
p1081
I76
sS'that'
p1082
I16
sS'neverland'
p1083
I76
sS'season'
p1084
I75
sS'bruh'
p1085
I76
sS'yost'
p1086
I76
sS'hut'
p1087
I76
sS'timesss'
p1088
I76
sS'nigganese)\xe2\x80\x9d,91042\n499369274478039040,tomohmit,2014-08-13'
p1089
I76
sS'hard.\xe2\x80\x9d'
p1090
I76
sS'butt'
p1091
I74
sS'flowers'
p1092
I76
sS'than'
p1093
I63
sS'royal'
p1094
I76
sS'11'
p1095
I73
sS'10'
p1096
I73
sS'13'
p1097
I76
sS'12'
p1098
I74
sS'fuking'
p1099
I75
sS'lmao'
p1100
I63
sS'16'
p1101
I76
sS'depressed'
p1102
I76
sS'gotta'
p1103
I67
sS'dafuqqq'
p1104
I76
sS'r'
p1105
I70
sS'were'
p1106
I59
sS'asleep'
p1107
I76
sS'fruity'
p1108
I76
sS'and'
p1109
I9
sS'gaynada'
p1110
I76
sS'san'
p1111
I75
sS'angel'
p1112
I76
sS'parking'
p1113
I76
sS'forrealllll'
p1114
I76
sS'sad'
p1115
I70
sS'13th'
p1116
I76
sS'zuma'
p1117
I76
sS'say'
p1118
I64
sS'tanning'
p1119
I75
sS'breakfast'
p1120
I73
sS'recover'
p1121
I76
sS'saw'
p1122
I69
sS'any'
p1123
I71
sS'speakers'
p1124
I76
sS'burnin'
p1125
I76
sS'tujunga)'
p1126
I75
sS'shocked'
p1127
I76
sS'olesse,91042\n481945704609243136,fabeeez,2014-06-25'
p1128
I76
sS'omfg'
p1129
I76
sS'go...."'
p1130
I76
sS'take'
p1131
I63
sS'"yeah'
p1132
I76
sS'online'
p1133
I76
sS'interior'
p1134
I76
sS'destroy'
p1135
I75
sS'sure'
p1136
I65
sS'pain'
p1137
I75
sS'track'
p1138
I75
sS'price'
p1139
I76
sS'keeps'
p1140
I74
sS'paid'
p1141
I73
sS'mango)'
p1142
I76
sS'bless,91042\n495774893519036416,fernn26,2014-08-03'
p1143
I76
sS'sheets'
p1144
I76
sS'knee'
p1145
I75
sS'america'
p1146
I76
sS'sushiya'
p1147
I76
sS'michelle'
p1148
I76
sS'forever'
p1149
I74
sS'especially'
p1150
I75
sS'lawd'
p1151
I76
sS'adopt'
p1152
I76
sS'hungry'
p1153
I75
sS'tooth'
p1154
I76
sS'sunset'
p1155
I75
sS'jeter'
p1156
I75
sS'understandable'
p1157
I76
sS'senior'
p1158
I76
sS'something"'
p1159
I76
sS'bawling'
p1160
I76
sS'shot'
p1161
I71
sS'\xe2\x9c\xa8'
p1162
I73
sS'show'
p1163
I69
sS'elav'
p1164
I76
sS"daniel's"
p1165
I76
sS'16:02:26.0,34.24185825,-118.26781606,1013,the'
p1166
I76
sS'realizing'
p1167
I76
sS'slot'
p1168
I76
sS'slow'
p1169
I73
sS'ratio'
p1170
I76
sS"ever\xe2\x80\x9dthey're"
p1171
I76
sS'dick'
p1172
I76
sS'outside'
p1173
I75
sS'buubbbblesssss'
p1174
I76
sS'either'
p1175
I76
sS'only'
p1176
I58
sS'going'
p1177
I51
sS'black'
p1178
I72
sS'robe'
p1179
I76
sS'july!\xe2\x80\x9d'
p1180
I76
sS"croatia's"
p1181
I76
sS'pastrami'
p1182
I76
sS'get'
p1183
I29
sS'cannon'
p1184
I76
sS'truly'
p1185
I76
sS'nearly'
p1186
I76
sS'bracelets'
p1187
I76
sS'gem'
p1188
I76
sS'freaking'
p1189
I75
sS"fartin'"
p1190
I76
sS'cliqqqqqqqq'
p1191
I76
sS'artist'
p1192
I76
sS'emin'
p1193
I76
sS'sex\xe2\x80\x9d'
p1194
I76
sS'baauer'
p1195
I76
sS'morning'
p1196
I71
sS":'("
p1197
I72
sS":')"
p1198
I74
sS'tension'
p1199
I76
sS'stupid'
p1200
I73
sS'candys'
p1201
I76
sS"could've"
p1202
I73
sS'podolski'
p1203
I76
sS'worries'
p1204
I75
sS'bought'
p1205
I72
sS'where'
p1206
I66
sS'xmas'
p1207
I76
sS'concert'
p1208
I76
sS'stoooooopid'
p1209
I76
sS'college'
p1210
I75
sS'hoes'
p1211
I75
sS'smiling'
p1212
I76
sS'rager'
p1213
I76
sS'19:18:57.0,34.2448462,-118.2743112,1013,first'
p1214
I76
sS'um'
p1215
I75
sS'dexter'
p1216
I74
sS'satisfying'
p1217
I76
sS'camping'
p1218
I76
sS'winter,91214\n467731239936344064,mariahdntcarey,2014-05-17'
p1219
I76
sS'jumped'
p1220
I75
sS'heavenly'
p1221
I76
sS'3'
p1222
I72
sS'a.m'
p1223
I76
sS'teens'
p1224
I76
sS'reading'
p1225
I75
sS'august'
p1226
I76
sS'comp'
p1227
I76
sS'hahahaahhahahahahaha'
p1228
I76
sS'jr'
p1229
I76
sS'tortas'
p1230
I76
sS'jk'
p1231
I74
sS'jets'
p1232
I76
sS'comeback'
p1233
I75
sS'trolling'
p1234
I76
sS'come'
p1235
I61
sS'hahahahahaaha'
p1236
I76
sS'dates'
p1237
I76
sS'jalape\xc3\xb1os...insight'
p1238
I76
sS'many'
p1239
I70
sS'stupidest'
p1240
I76
sS'quiet'
p1241
I76
sS'tour'
p1242
I75
sS'dated'
p1243
I76
sS'traded'
p1244
I76
sS"can't"
p1245
I39
sS'uber'
p1246
I76
sS'"get'
p1247
I76
sS'madness'
p1248
I76
sS'key'
p1249
I74
sS'hurts'
p1250
I76
sS'pop'
p1251
I76
sS'satisfaction'
p1252
I76
sS'twin'
p1253
I76
sS'anti'
p1254
I76
sS'\xe2\x9c\xa8gots'
p1255
I76
sS'supervisor'
p1256
I75
sS'yooooo'
p1257
I76
sS'turkey'
p1258
I76
sS'west'
p1259
I76
sS'50yr'
p1260
I76
sS'vacation'
p1261
I76
sS'carez'
p1262
I76
sS'sesh'
p1263
I75
sS'staring'
p1264
I76
sS'wants'
p1265
I69
sS'shopping'
p1266
I76
sS'drawer'
p1267
I76
sS'wake'
p1268
I73
sS'hashtag'
p1269
I76
sS'hardcore'
p1270
I76
sS'ethier'
p1271
I75
sS'moombahton'
p1272
I74
sS'hahahahahahha'
p1273
I76
sS'case'
p1274
I75
sS'myself'
p1275
I70
sS'cutie'
p1276
I76
sS'stacked'
p1277
I76
sS'\xc2\xa1\xc2\xa1\xc2\xa1\xc2\xa1\xc2\xa1\xc2\xa1\xc2\xa1\xc2\xa1\xc2\xa1'
p1278
I76
sS'licuado'
p1279
I76
sS'these'
p1280
I68
sS'sauce'
p1281
I76
sS'cash'
p1282
I76
sS'hdy'
p1283
I76
sS'aaaayyyyyy'
p1284
I76
sS'love"'
p1285
I76
sS'ratchet'
p1286
I75
sS'coco'
p1287
I76
sS'coolest'
p1288
I76
sS'(far'
p1289
I76
sS'purse'
p1290
I76
sS'coffee'
p1291
I74
sS'sleeping'
p1292
I76
sS'middle'
p1293
I76
sS'numba'
p1294
I76
sS'someone'
p1295
I64
sS'punched'
p1296
I74
sS'pretty.,91214\n384370667858038784,montaaayy,2013-09-29'
p1297
I76
sS'fame'
p1298
I76
sS'worry'
p1299
I76
sS'different'
p1300
I75
sS'williams'
p1301
I76
sS'verified'
p1302
I76
sS'rooting'
p1303
I76
sS'pay'
p1304
I74
sS'bowl'
p1305
I75
sS's'
p1306
I76
sS'same'
p1307
I67
sS'check'
p1308
I74
sS'ya'
p1309
I57
sS'set"my'
p1310
I76
sS'kandi\xe2\x9c\xa8'
p1311
I76
sS'"i'
p1312
I76
sS'emojis'
p1313
I75
sS'retweeting'
p1314
I74
sS'events'
p1315
I76
sS'mane'
p1316
I76
sS'week'
p1317
I67
sS'finish'
p1318
I74
sS'screenshot'
p1319
I76
sS'sickness'
p1320
I76
sS'streets.\xe2\x80\x9d'
p1321
I76
sS'driver'
p1322
I76
sS'weed'
p1323
I74
sS'cheers'
p1324
I76
sS'fruit'
p1325
I74
sS'deff'
p1326
I76
sS'totally'
p1327
I72
sS'\xe2\x9c\x8c\xef\xb8\x8f'
p1328
I75
sS'omelette'
p1329
I76
sS'hubba'
p1330
I75
sS'burrito'
p1331
I76
sS'charger'
p1332
I74
sS'ranch'
p1333
I76
sS'without'
p1334
I73
sS'comes'
p1335
I74
sS'summer'
p1336
I51
sS'\xe2\x98\xba\xef\xb8\x8f'
p1337
I76
sS'being'
p1338
I62
sS'money'
p1339
I71
sS'toby'
p1340
I76
sS'rest'
p1341
I75
sS'filet-o-fish'
p1342
I76
sS'2sexual4u'
p1343
I76
sS'hehehe'
p1344
I76
sS'kill'
p1345
I69
sS'touch'
p1346
I75
sS'babe\xe2\x9d\xa4\xef\xb8\x8f'
p1347
I76
sS'thinking'
p1348
I72
sS'headhunterz'
p1349
I75
sS"everyone's"
p1350
I76
sS'except'
p1351
I76
sS'\xe2\x97\x9f(\xe1\xb5\x89\xcc\xb7\xcd\x88\xe2\x97\xa1\xe1\xb5\x89\xcc\xb7\xcd\x88\xe0\xb9\x91)\xe2\x97\x9e'
p1352
I75
sS'pasadena'
p1353
I76
sS'9:30'
p1354
I75
sS'4'
p1355
I68
sS'visine'
p1356
I75
sS'tuesday'
p1357
I76
sS'real'
p1358
I66
sS'22:54:51.0,34.24852893,-118.27508205,1013,my'
p1359
I76
sS'ahahaha'
p1360
I76
sS'around'
p1361
I75
sS'kills'
p1362
I75
sS'read'
p1363
I73
sS'gonna'
p1364
I49
sS'early'
p1365
I74
sS'test'
p1366
I76
sS'listening'
p1367
I72
sS'mandame'
p1368
I76
sS'world'
p1369
I67
sS'cd'
p1370
I76
sS'lady'
p1371
I72
sS'dare'
p1372
I76
sS',91042\n509917579146584064,valerie_kirsten,2014-09-11'
p1373
I76
sS'in-n-out'
p1374
I74
sS'towel'
p1375
I76
sS'kennedy'
p1376
I76
sS'warmly)'
p1377
I76
sS'nissan'
p1378
I76
sS'piece'
p1379
I76
sS'miracle'
p1380
I76
sS'\xe2\x9d\x82'
p1381
I76
sS'nose'
p1382
I75
sS'served'
p1383
I76
sS'great\xe2\x9d\xa4\xef\xb8\x8f\xe2\x9d\xa4\xef\xb8\x8f'
p1384
I76
sS'noo'
p1385
I76
sS'whaaaaat'
p1386
I76
sS'69'
p1387
I76
sS'bluetooth'
p1388
I76
sS'sevan'
p1389
I76
sS'gross'
p1390
I75
sS'regina'
p1391
I76
sS'mood'
p1392
I76
sS'memories'
p1393
I76
sS'recorded'
p1394
I76
sS'moon'
p1395
I74
sS'sucha'
p1396
I76
sS'edc\xe2\x9c\x94\xef\xb8\x8f'
p1397
I76
sS'atmozfears'
p1398
I76
sS'aaahhhhhhhhhhhh'
p1399
I76
sS'hahahahahahahhaha'
p1400
I76
sS'quitting'
p1401
I76
sS'knife'
p1402
I76
sS'considering'
p1403
I76
sS'welcome'
p1404
I76
sS'power'
p1405
I76
sS'asap'
p1406
I76
sS'lmfao'
p1407
I75
sS'nails'
p1408
I76
sS'skrillex'
p1409
I74
sS'volkswagen'
p1410
I76
sS'death<<'
p1411
I76
sS'^_^'
p1412
I76
sS'daaayummmm'
p1413
I76
sS';)'
p1414
I76
sS'throw'
p1415
I75
sS'earlier'
p1416
I75
sS'on'
p1417
I18
sS'ok'
p1418
I66
sS'oh'
p1419
I60
sS'of'
p1420
I14
sS'paralysis'
p1421
I76
sS'favorite'
p1422
I75
sS'azalea\xe2\x80\x9d'
p1423
I76
sS'crocs'
p1424
I76
sS'billzerian'
p1425
I76
sS'cude'
p1426
I76
sS'~(\xe2\x81\xb0\xe2\x96\xbf\xe2\x81\xb0)~'
p1427
I76
sS'lol\xe2\x9c\xa8'
p1428
I76
sS'luck'
p1429
I75
sS'or'
p1430
I52
sS'amber'
p1431
I76
sS'2nite'
p1432
I74
sS'burning'
p1433
I76
sS'blockerz'
p1434
I76
sS'snapchat'
p1435
I76
sS'slash'
p1436
I76
sS'apologize'
p1437
I75
sS'minds.\xe2\x80\x9daaaaayyy'
p1438
I76
sS'your'
p1439
I36
sS'(\xe2\x9d\x80\xe2\x97\xa6\xe2\x80\xbf\xe2\x97\xa6)'
p1440
I76
sS'fill'
p1441
I76
sS'her'
p1442
I53
sS'there'
p1443
I56
sS'hey'
p1444
I70
sS'lol'
p1445
I20
sS'start'
p1446
I71
sS'dayquil'
p1447
I76
sS'low'
p1448
I71
sS'stars'
p1449
I75
sS'4:30'
p1450
I76
sS'valley'
p1451
I76
sS'hysterical'
p1452
I76
sS'strict'
p1453
I76
sS'complete'
p1454
I76
sS'enough'
p1455
I76
sS'05:14:59.0,34.24546775,-118.27297261,1013,just'
p1456
I76
sS'lmaooo'
p1457
I76
sS'jul'
p1458
I76
sS'jus'
p1459
I76
sS'hiii'
p1460
I76
sS'ended'
p1461
I76
sS'05:23:49.0,34.24113711,-118.26702682,1013,i'
p1462
I76
sS'shrugs'
p1463
I76
sS'trying'
p1464
I68
sS'with'
p1465
I22
sS'buying'
p1466
I76
sS"they're"
p1467
I75
sS'rush'
p1468
I76
sS'romantic'
p1469
I76
sS'rage'
p1470
I76
sS"wasn't"
p1471
I73
sS'bucket'
p1472
I76
sS"brother's"
p1473
I76
sS'sadness'
p1474
I76
sS'dirty'
p1475
I75
sS'tad'
p1476
I76
sS'>'
p1477
I76
sS'expect'
p1478
I76
sS'gone'
p1479
I74
sS'ohh'
p1480
I76
sS'butthole'
p1481
I76
sS'af'
p1482
I73
sS'exhausted'
p1483
I75
sS'battle\xe2\x80\x9d'
p1484
I76
sS'ignorant'
p1485
I76
sS'am'
p1486
I59
sS'deep'
p1487
I76
sS'an'
p1488
I60
sS'as'
p1489
I63
sS'homosexual'
p1490
I76
sS'at'
p1491
I14
sS'walks'
p1492
I75
sS'ay'
p1493
I76
sS'watched'
p1494
I74
sS'ghosts'
p1495
I76
sS'cream'
p1496
I74
sS'again'
p1497
I67
sS'notttt'
p1498
I76
sS'idiot'
p1499
I73
sS'deserve'
p1500
I76
sS'jenga'
p1501
I76
sS'green'
p1502
I76
sS'workday'
p1503
I76
sS'tight'
p1504
I75
sS'doyers'
p1505
I76
sS'5'
p1506
I67
sS'you'
p1507
I5
sS'puppy'
p1508
I76
sS'defqon1'
p1509
I75
sS'poor'
p1510
I76
sS'drive-thru'
p1511
I76
sS'a+'
p1512
I76
sS'cups..."'
p1513
I76
sS'-__-'
p1514
I76
sS'important'
p1515
I75
sS'fresh'
p1516
I75
sS'chris'
p1517
I76
sS'stocks'
p1518
I76
sS'awkwardly'
p1519
I76
sS'niceee'
p1520
I76
sS'building'
p1521
I76
sS'regency'
p1522
I76
sS'studio'
p1523
I76
sS'tea\xe2\x9a\xa0\xef\xb8\x8f'
p1524
I76
sS'vines'
p1525
I76
sS'having'
p1526
I71
sS'exhausting'
p1527
I76
sS'posts'
p1528
I75
sS'u'
p1529
I55
sS'adam'
p1530
I76
sS'sickk'
p1531
I76
sS'starting'
p1532
I75
sS'all'
p1533
I32
sS'diss'
p1534
I76
sS'forget'
p1535
I73
sS'messi'
p1536
I76
sS'overcast\xe2\x9b\x85\xef\xb8\x8f'
p1537
I76
sS'dollar'
p1538
I76
sS'splitting'
p1539
I76
sS'month'
p1540
I76
sS'daughter."'
p1541
I76
sS'talks'
p1542
I76
sS'follow'
p1543
I71
sS'(in'
p1544
I76
sS'kutcher'
p1545
I76
sS'asada'
p1546
I74
sS'apartment'
p1547
I76
sS'vikings'
p1548
I76
sS'ty'
p1549
I76
sS'imma'
p1550
I73
sS'wassup'
p1551
I75
sS'thursday'
p1552
I74
sS'to'
p1553
I4
sS'those'
p1554
I71
sS'baddies'
p1555
I76
sS'smile'
p1556
I75
sS'ta'
p1557
I76
sS'ghana'
p1558
I76
sS'sound'
p1559
I75
sS'woman'
p1560
I76
sS'nite'
p1561
I76
sS'song'
p1562
I72
sS'very'
p1563
I67
sS'puffy'
p1564
I76
sS'fav'
p1565
I73
sS'fat'
p1566
I76
sS'hahahahahahaha'
p1567
I75
sS'selfies'
p1568
I75
sS'innout'
p1569
I76
sS'worst'
p1570
I74
sS'decide'
p1571
I75
sS'fall'
p1572
I75
sS"bmw's"
p1573
I76
sS'ticket'
p1574
I68
sS'hdykids'
p1575
I76
sS'disconnected'
p1576
I76
sS'treating'
p1577
I76
sS'trippin'
p1578
I76
sS'pre'
p1579
I76
sS'17th'
p1580
I76
sS'idk.............soon'
p1581
I76
sS'--'
p1582
I74
sS'list'
p1583
I76
sS'joined'
p1584
I76
sS'sand'
p1585
I76
sS'hogan'
p1586
I76
sS'wearer'
p1587
I76
sS'harry'
p1588
I75
sS'small'
p1589
I75
sS'dodger'
p1590
I75
sS'l.o.l'
p1591
I76
sS'taco)'
p1592
I76
sS"i'll"
p1593
I62
sS'neighborhood'
p1594
I76
sS'instagram'
p1595
I73
sS'tea'
p1596
I76
sS'hahaha\xe2\x80\x9d'
p1597
I76
sS'past'
p1598
I76
sS'burger'
p1599
I76
sS'dre\xe2\x80\x9d'
p1600
I76
sS'pass'
p1601
I75
sS'19%'
p1602
I76
sS'hahahahahahahahahhaha'
p1603
I76
sS'what'
p1604
I29
sS'clock'
p1605
I76
sS'sun'
p1606
I76
sS'anniversary'
p1607
I75
sS'overload'
p1608
I76
sS'crush'
p1609
I76
sS'suv'
p1610
I76
sS'abt'
p1611
I75
sS'sup'
p1612
I75
sS'learned'
p1613
I76
sS'guns'
p1614
I76
sS'elliothahahahahahaha'
p1615
I76
sS'tattoos'
p1616
I76
sS'full'
p1617
I75
sS'iran'
p1618
I76
sS'shiiitttt'
p1619
I76
sS'drawing'
p1620
I76
sS'hours'
p1621
I69
sS'sport,91042\n404424207762599936,marriiaaaaaa,2013-11-24'
p1622
I76
sS'relaxation'
p1623
I76
sS'november'
p1624
I75
sS'table'
p1625
I76
sS'b2b'
p1626
I75
sS'creeps'
p1627
I76
sS'ahead'
p1628
I76
sS'experience'
p1629
I76
sS'pics'
p1630
I76
sS'\xe2\x98\xba\xef\xb8\x8f\xe2\x98\xba\xef\xb8\x8f\xe2\x98\xba\xef\xb8\x8f\xe2\x98\xba\xef\xb8\x8f\xe2\x98\xba\xef\xb8\x8f\xe2\x98\xba\xef\xb8\x8f\xe2\x98\xba\xef\xb8\x8f\xe2\x98\xba\xef\xb8\x8f\xe2\x98\xba\xef\xb8\x8f\xe2\x98\xba\xef\xb8\x8f\xe2\x98\xba\xef\xb8\x8f\xe2\x98\xba\xef\xb8\x8f\xe2\x98\xba\xef\xb8\x8f\xe2\x98\xba\xef\xb8\x8f\xe2\x98\xba\xef\xb8\x8f\xe2\x98\xba\xef\xb8\x8f\xe2\x98\xba\xef\xb8\x8f\xe2\x98\xba\xef\xb8\x8f\xe2\x98\xba\xef\xb8\x8f\xe2\x98\xba\xef\xb8\x8f\xe2\x98\xba\xef\xb8\x8flast'
p1631
I76
sS'ohhhhh'
p1632
I76
sS'arent'
p1633
I76
sS"would've"
p1634
I76
sS'no,91214\n466006586465341440,sean_shamim,2014-05-13'
p1635
I76
sS'tralala'
p1636
I76
sS'via'
p1637
I75
sS'followed'
p1638
I76
sS'family'
p1639
I74
sS'"let\'s'
p1640
I76
sS'put'
p1641
I65
sS'vip'
p1642
I76
sS'armen'
p1643
I76
sS'gosh'
p1644
I76
sS'emoji'
p1645
I75
sS'silva'
p1646
I76
sS'eye'
p1647
I74
sS'"have'
p1648
I76
sS'0'
p1649
I76
sS'hardcourt'
p1650
I76
sS'\xe2\x98\x9d\xef\xb8\x8f'
p1651
I76
sS'two'
p1652
I71
sS'irritate'
p1653
I76
sS'zedd'
p1654
I76
sS'pls\xe2\x80\x9d'
p1655
I76
sS'rustie'
p1656
I76
sS'6'
p1657
I75
sS'zeds'
p1658
I72
sS'pupils'
p1659
I76
sS'homework'
p1660
I75
sS'minor'
p1661
I76
sS'more'
p1662
I57
sS'tryna'
p1663
I76
sS'door'
p1664
I76
sS'knows'
p1665
I75
sS'landed'
p1666
I76
sS"ain't"
p1667
I72
sS'basically'
p1668
I76
sS'broke'
p1669
I75
sS'youuuuu'
p1670
I76
sS'hurry'
p1671
I76
sS'karaoke'
p1672
I76
sS'glad'
p1673
I72
sS'luv'
p1674
I70
sS'yessssssssssss'
p1675
I76
sS'hour'
p1676
I69
sS'science'
p1677
I76
sS'policemen'
p1678
I76
sS'sucks'
p1679
I74
sS'kickass'
p1680
I76
sS'1:15'
p1681
I76
sS'thooooo'
p1682
I76
sS'del'
p1683
I75
sS'def'
p1684
I75
sS'beautiful'
p1685
I72
sS'lives'
p1686
I76
sS'share'
p1687
I76
sS'accept'
p1688
I76
sS'socal'
p1689
I76
sS'festival/event'
p1690
I76
sS"purrin'"
p1691
I76
sS'sense'
p1692
I76
sS'destination'
p1693
I76
sS'airplane'
p1694
I76
sS'scar'
p1695
I76
sS'dress'
p1696
I75
sS'ughhhh'
p1697
I76
sS'eeep'
p1698
I76
sS'huge'
p1699
I76
sS'needs'
p1700
I71
sS'goal'
p1701
I74
sS'awkward'
p1702
I73
sS'rather'
p1703
I76
sS'breaking'
p1704
I66
sS'\xe2\x9a\xbe\xef\xb8\x8f'
p1705
I76
sS'occasionally'
p1706
I76
sS'mah'
p1707
I75
sS'rude'
p1708
I75
sS'minimum'
p1709
I76
sS'plane'
p1710
I76
sS'adventure'
p1711
I75
sS'coming'
p1712
I74
sS'rudy'
p1713
I76
sS'sloppy'
p1714
I76
sS'authentic'
p1715
I76
sS'response'
p1716
I76
sS'a'
p1717
I7
sS'short'
p1718
I76
sS'tupac'
p1719
I76
sS"that'd"
p1720
I76
sS'loud'
p1721
I76
sS'shady'
p1722
I76
sS'grande'
p1723
I76
sS'scaring'
p1724
I76
sS'pleasure'
p1725
I76
sS'dream'
p1726
I71
sS'playing'
p1727
I70
sS"that's"
p1728
I60
sS'feed'
p1729
I76
sS'mexican'
p1730
I75
sS'help'
p1731
I71
sS"don't"
p1732
I33
sS'brotha'
p1733
I76
sS'soon'
p1734
I75
sS',91042\n498911465282101249,ikissedmikey,2014-08-11'
p1735
I76
sS'soos'
p1736
I75
sS'through'
p1737
I75
sS'doooooood'
p1738
I76
sS'hell'
p1739
I73
sS'mcdonalds'
p1740
I73
sS'its'
p1741
I69
sS'24'
p1742
I76
sS'style'
p1743
I76
sS'20'
p1744
I76
sS'21'
p1745
I76
sS'shifts'
p1746
I76
sS'pray'
p1747
I76
sS'civic'
p1748
I76
sS'actually'
p1749
I69
sS'late'
p1750
I76
sS'bout'
p1751
I74
sS'soccer'
p1752
I73
sS'might'
p1753
I71
sS"haven't"
p1754
I70
sS'fool'
p1755
I76
sS'lowell'
p1756
I76
sS'good'
p1757
I53
sS'yo'
p1758
I58
sS'food'
p1759
I72
sS'ralphs'
p1760
I76
sS'it,91042\n499786237621059584,anni_kaay,2014-08-14'
p1761
I76
sS'hahahahahaha'
p1762
I68
sS"you've"
p1763
I76
sS'foot'
p1764
I76
sS'successful)'
p1765
I76
sS'hearing'
p1766
I76
sS'complain'
p1767
I76
sS'bigger'
p1768
I76
sS'alwayz'
p1769
I76
sS'easily'
p1770
I76
sS'always'
p1771
I63
sS'korra'
p1772
I76
sS',91042\n489190435135311872,valerie_kirsten,2014-07-15'
p1773
I76
sS'denny'
p1774
I76
sS'stopped'
p1775
I76
sS'turns'
p1776
I76
sS'found'
p1777
I71
sS'fairy'
p1778
I76
sS'(touches'
p1779
I76
sS'notes'
p1780
I76
sS"isn't"
p1781
I71
sS'alec'
p1782
I76
sS'everyone'
p1783
I69
sS'delicious'
p1784
I75
sS'house'
p1785
I67
sS'hard'
p1786
I30
sS'idea'
p1787
I76
sS'gun'
p1788
I75
sS'clockwork'
p1789
I76
sS'justcallmedaddy'
p1790
I76
sS'oil'
p1791
I76
sS'hell,91042\n500369059792158720,montaaayy,2014-08-15'
p1792
I76
sS'fist'
p1793
I76
sS'beyond'
p1794
I74
sS'event'
p1795
I76
sS'really'
p1796
I60
sS'fuqen'
p1797
I76
sS'prolly'
p1798
I76
sS'glitter'
p1799
I76
sS'since'
p1800
I71
sS'ashley'
p1801
I76
sS'\xe2\x98\x81\xef\xb8\x8f'
p1802
I76
sS'acting'
p1803
I76
sS'7'
p1804
I76
sS'paradise'
p1805
I76
sS'lolz'
p1806
I75
sS'protohype'
p1807
I76
sS'ass'
p1808
I64
sS'bass'
p1809
I75
sS'risen'
p1810
I75
sS'friday'
p1811
I70
sS'forgive'
p1812
I76
sS'reason'
p1813
I74
sS'base'
p1814
I76
sS'disneyland'
p1815
I74
sS'tiedye'
p1816
I75
sS'imagine'
p1817
I75
sS'ask'
p1818
I68
sS'beginning'
p1819
I76
sS'meliska'
p1820
I76
sS'definition'
p1821
I74
sS'deleting'
p1822
I76
sS'burritos)'
p1823
I76
sS'one.\xe2\x80\x9dplz'
p1824
I76
sS'american'
p1825
I76
sS'ashton'
p1826
I76
sS'w'
p1827
I73
sS'joey'
p1828
I76
sS'throws'
p1829
I76
sS'\xc2\xaf\\_(\xe3\x83\x84)_/\xc2\xaf'
p1830
I75
sS'ding'
p1831
I75
sS'fouresome'
p1832
I76
sS'dont'
p1833
I76
sS'feel'
p1834
I61
sS'hahahahahha'
p1835
I75
sS'knocking'
p1836
I76
sS'gopros'
p1837
I76
sS'approaching\xe2\x80\x9d'
p1838
I76
sS'dominating'
p1839
I76
sS'dong'
p1840
I76
sS'miss'
p1841
I68
sS'grandtheft'
p1842
I76
sS'eeeeyyyy'
p1843
I76
sS'passes'
p1844
I76
sS'guess'
p1845
I73
sS'tati'
p1846
I76
sS'guest'
p1847
I76
sS'jet'
p1848
I75
sS'18+'
p1849
I76
sS'5th'
p1850
I76
sS'grime'
p1851
I75
sS'comfy'
p1852
I76
sS'least'
p1853
I76
sS'station'
p1854
I76
sS'passed'
p1855
I75
sS'"wtf'
p1856
I76
sS'mama'
p1857
I76
sS'raaaaaaaaccccchhhhhhheeeeellllllll'
p1858
I76
sS'knoooo'
p1859
I76
sS'selling'
p1860
I76
sS'imperfect'
p1861
I76
sS'pump'
p1862
I76
sS'you\xe2\x80\x9d'
p1863
I76
sS'rewinded'
p1864
I76
sS'part'
p1865
I72
sS'vasily'
p1866
I76
sS'worrying'
p1867
I76
sS'football,91214\n429485214641819648,ambgrav,2014-02-01'
p1868
I76
sS'albums'
p1869
I76
sS'believe'
p1870
I70
sS'nigeria'
p1871
I76
sS'carnage'
p1872
I76
sS'king'
p1873
I76
sS'kind'
p1874
I76
sS'b'
p1875
I74
sS'compliments'
p1876
I76
sS'double'
p1877
I74
sS'sth'
p1878
I76
sS'unbought'
p1879
I76
sS'check....sorry'
p1880
I76
sS'ooookay'
p1881
I76
sS'determined'
p1882
I76
sS'dang'
p1883
I76
sS'dushanbehtajikistan'
p1884
I76
sS'mickey'
p1885
I76
sS'deciding'
p1886
I76
sS'outta'
p1887
I75
sS'kart'
p1888
I76
sS'wasnt'
p1889
I76
sS'huh"'
p1890
I76
sS'ages'
p1891
I76
sS'juicy'
p1892
I76
sS'alike'
p1893
I75
sS'sentences'
p1894
I76
sS'ditched'
p1895
I76
sS'lie'
p1896
I73
sS'nights'
p1897
I76
sS'lil'
p1898
I75
sS'odd'
p1899
I76
sS'self'
p1900
I76
sS'also'
p1901
I76
sS"harris'"
p1902
I76
sS'eye)\xe2\x80\x9deye'
p1903
I76
sS'play'
p1904
I75
sS'2am'
p1905
I76
sS'burts'
p1906
I76
sS'measures'
p1907
I76
sS'wasssup'
p1908
I76
sS'reunited'
p1909
I76
sS'most'
p1910
I76
sS"surprise..i'm"
p1911
I76
sS'exes'
p1912
I76
sS'nothing'
p1913
I74
sS"ep's"
p1914
I76
sS'extremely'
p1915
I75
sS'garrix'
p1916
I76
sS'mach'
p1917
I76
sS'gabz'
p1918
I75
sS'goodwill'
p1919
I76
sS'wtf..why'
p1920
I76
sS'"you\'re'
p1921
I76
sS'sometimes'
p1922
I76
sS'clubbing'
p1923
I76
sS'ziggy'
p1924
I73
sS'10am'
p1925
I75
sS'mammoth'
p1926
I76
sS'clean'
p1927
I76
sS'\xe2\x98\x80\xef\xb8\x8f'
p1928
I76
sS'jordan'
p1929
I76
sS'lying'
p1930
I75
sS'wording'
p1931
I76
sS'ugh'
p1932
I75
sS'humid'
p1933
I76
sS'didn\xe2\x80\x99t'
p1934
I76
sS'carne'
p1935
I74
sS'hyped'
p1936
I76
sS'fine'
p1937
I75
sS'find'
p1938
I72
sS'costing'
p1939
I76
sS'(and'
p1940
I76
sS'bff'
p1941
I75
sS'payday'
p1942
I76
sS'penalty'
p1943
I76
sS'fritos'
p1944
I76
sS'pretty'
p1945
I69
sS'california)'
p1946
I76
sS'8'
p1947
I76
sS'hahhaa\xe2\x80\x9d'
p1948
I76
sS'accurate'
p1949
I76
sS'giants'
p1950
I74
sS'his'
p1951
I64
sS'hit'
p1952
I69
sS'beyonc\xc3\xa9'
p1953
I76
sS'mein'
p1954
I76
sS'dependent'
p1955
I76
sS'luke'
p1956
I76
sS'feels'
p1957
I75
sS'observatory'
p1958
I75
sS'baskin'
p1959
I76
sS'shared'
p1960
I76
sS'during'
p1961
I76
sS'silk'
p1962
I76
sS'him'
p1963
I65
sS'hahahahahahahahahahahahahahahahahahahahahhaahhaah'
p1964
I76
sS'cry'
p1965
I76
sS'ahhhhh'
p1966
I76
sS',91042\n415687079704535040,daniemma,2013-12-25'
p1967
I76
sS'croatia'
p1968
I76
sS'glover'
p1969
I76
sS'witches'
p1970
I76
sS'gotten'
p1971
I76
sS'x'
p1972
I76
sS'insane'
p1973
I76
sS'set'
p1974
I67
sS'faggots.,91042\n367511845306765312,jlove1922,2013-08-14'
p1975
I76
sS'vine'
p1976
I76
sS'kylie'
p1977
I76
sS'see'
p1978
I46
sS'hard,91042\n499804296763166720,anni_kaay,2014-08-14'
p1979
I76
sS'are'
p1980
I25
sS'close'
p1981
I73
sS'arm'
p1982
I75
sS'04:13:19.0,34.24486484,-118.27415572,1013,saturday'
p1983
I76
sS'healthy"'
p1984
I76
sS'movie'
p1985
I76
sS'wow'
p1986
I46
sS'currently'
p1987
I76
sS'please'
p1988
I76
sS'happy,91214\n497561321786073089,mariahdntcarey,2014-08-08'
p1989
I76
sS'robins'
p1990
I76
sS'fans'
p1991
I75
sS'won'
p1992
I74
sS'probably'
p1993
I71
sS'champagne'
p1994
I76
sS'nope'
p1995
I74
sS'15th'
p1996
I76
sS'watchin'
p1997
I76
sS'ikr'
p1998
I76
sS'missing'
p1999
I76
sS'pisses'
p2000
I75
sS'spoiled'
p2001
I76
sS'mom...how'
p2002
I76
sS'outfit'
p2003
I75
sS'foothill'
p2004
I74
sS'pissed'
p2005
I75
sS'g,91042\n477176248834072576,marriiaaaaaa,2014-06-12'
p2006
I76
sS'both'
p2007
I72
sS'c'
p2008
I76
sS'last'
p2009
I43
sS'barely'
p2010
I75
sS'onion'
p2011
I76
sS'connection'
p2012
I76
sS'became'
p2013
I75
sS'alot'
p2014
I76
sS'forgotten'
p2015
I76
sS'collection'
p2016
I76
sS'baseball'
p2017
I76
sS'bond'
p2018
I76
sS'whole'
p2019
I75
sS'grill)'
p2020
I76
sS'drunk'
p2021
I71
sS'battery'
p2022
I76
sS'sweet'
p2023
I75
sS'sweep'
p2024
I76
sS'whatever'
p2025
I76
sS'dietary'
p2026
I76
sS'simply'
p2027
I76
sS'caked'
p2028
I76
sS'rave'
p2029
I74
sS'bench'
p2030
I76
sS'likey'
p2031
I76
sS'duh'
p2032
I76
sS'devil'
p2033
I76
sS'daquan'
p2034
I75
sS'~~'
p2035
I76
sS'dun'
p2036
I75
sS'"d"'
p2037
I76
sS'due'
p2038
I75
sS'whos'
p2039
I76
sS'damn'
p2040
I68
sS'ahhhh'
p2041
I75
sS'ph'
p2042
I76
sS'whoa'
p2043
I75
sS'woke'
p2044
I75
sS'pm'
p2045
I76
sS',91042\n379314368036347905,daniemma,2013-09-15'
p2046
I76
sS'lived'
p2047
I76
sS'gay'
p2048
I75
sS'sending'
p2049
I76
sS'fire'
p2050
I73
sS"what's"
p2051
I73
sS'rainbows'
p2052
I76
sS'edclv'
p2053
I76
sS'else'
p2054
I73
sS'anthony'
p2055
I76
sS'awake'
p2056
I75
sS'sunland'
p2057
I76
sS"(don't"
p2058
I76
sS'funk'
p2059
I76
sS'honest'
p2060
I76
sS'pierce'
p2061
I75
sS'georgia'
p2062
I75
sS'look'
p2063
I70
sS'solid'
p2064
I76
sS'straight'
p2065
I76
sS'crutch'
p2066
I76
sS'while'
p2067
I71
sS'ropa'
p2068
I76
sS'kick'
p2069
I75
sS'behavior'
p2070
I76
sS'fun'
p2071
I68
sS'hehehehhee'
p2072
I76
sS'fuk'
p2073
I75
sS'pack'
p2074
I75
sS'swim'
p2075
I76
sS'pound'
p2076
I76
sS'<3'
p2077
I74
sS'<>'
p2078
I76
sS'incredible'
p2079
I76
sS'l.a\xe2\x80\x9dily'
p2080
I76
sS'rip'
p2081
I76
sS'raise'
p2082
I76
sS'04:23:48.0,34.24072493,-118.26650865,1013,take'
p2083
I76
sS'ready'
p2084
I74
sS'robin'
p2085
I76
sS'killing'
p2086
I76
sS'kings'
p2087
I76
sS'funny'
p2088
I72
sS'raiders'
p2089
I76
sS'shirt'
p2090
I72
sS'anymore'
p2091
I76
sS'noooo'
p2092
I76
sS'tells'
p2093
I76
sS'puig'
p2094
I71
sS'9'
p2095
I73
sS'itchy'
p2096
I76
sS'used'
p2097
I76
sS'snail'
p2098
I76
sS'coachelllllla'
p2099
I76
sS'kemp'
p2100
I75
sS'yesterday'
p2101
I73
sS'alert'
p2102
I76
sS'night.check'
p2103
I76
sS'moment'
p2104
I70
sS'levels'
p2105
I76
sS'me?\xe2\x80\x9dhahahahahahha'
p2106
I76
sS'residents'
p2107
I76
sS'kno'
p2108
I72
sS"dad's"
p2109
I76
sS'spent'
p2110
I76
sS'grind'
p2111
I76
sS'person'
p2112
I76
sS'edge'
p2113
I76
sS'y'
p2114
I76
sS'five'
p2115
I76
sS'bounced'
p2116
I76
sS'dark'
p2117
I76
sS'hotdog'
p2118
I76
sS'i\xe2\x80\x99m'
p2119
I76
sS'mom'
p2120
I64
sS'tonight\xe2\x80\x9d'
p2121
I76
sS',91042\n429484471973199872,ambgrav,2014-02-01'
p2122
I76
sS'gunna'
p2123
I76
sS'nylons'
p2124
I76
sS'hehehehe'
p2125
I76
sS'chors'
p2126
I76
sS'questions'
p2127
I75
sS'using'
p2128
I76
sS'arins'
p2129
I76
sS'prince'
p2130
I76
sS'letting'
p2131
I75
sS'cut'
p2132
I74
sS'cus'
p2133
I76
sS'cup'
p2134
I75
sS'summer\xe2\x9c\x94\xef\xb8\x8f'
p2135
I76
sS'workers'
p2136
I76
sS'cuz'
p2137
I71
sS'caballito'
p2138
I76
sS'all\xe2\x80\x9d'
p2139
I76
sS'parents'
p2140
I73
sS'crying'
p2141
I73
sS'homies'
p2142
I75
sS'snap'
p2143
I75
sS'excited'
p2144
I67
sS'unloading'
p2145
I76
sS'hater'
p2146
I76
sS'bio'
p2147
I76
sS'customers'
p2148
I75
sS'australia'
p2149
I76
sS'ight'
p2150
I76
sS'big'
p2151
I71
sS'couple'
p2152
I74
sS'mins'
p2153
I76
sS'shitty'
p2154
I76
sS'game'
p2155
I58
sS'private'
p2156
I76
sS'bit'
p2157
I75
sS'house/edm'
p2158
I76
sS'knock'
p2159
I75
sS'lost'
p2160
I74
sS'flux'
p2161
I75
sS'fabulous\xe2\x9c\xa8\xe2\x9c\xa8\xe2\x9c\xa8\xe2\x9c\xa8love'
p2162
I76
sS'anymore\xe2\x80\x9dyeah'
p2163
I76
sS'terminology'
p2164
I76
sS'allsssooo'
p2165
I76
sS'fucking'
p2166
I60
sS'1st'
p2167
I75
sS'some'
p2168
I55
sS'back'
p2169
I55
sS"jack\xc3\xbc's"
p2170
I76
sS'30k'
p2171
I76
sS'kasia'
p2172
I75
sS'fabric'
p2173
I76
sS'\xe2\x98\x95\xef\xb8\x8fhere'
p2174
I76
sS'pale'
p2175
I76
sS'seluda'
p2176
I76
sS'contacts'
p2177
I76
sS'pet'
p2178
I76
sS'though'
p2179
I76
sS'stingy'
p2180
I76
sS'edc.great'
p2181
I76
sS'yoooo'
p2182
I76
sS'pee'
p2183
I76
sS'trillion'
p2184
I76
sS'invade'
p2185
I76
sS'laughing'
p2186
I76
sS'be'
p2187
I21
sS'bf'
p2188
I76
sS'eating'
p2189
I75
sS'bb'
p2190
I75
sS'bc'
p2191
I76
sS'300'
p2192
I76
sS'martin'
p2193
I76
sS'nelly'
p2194
I76
sS'bp'
p2195
I75
sS'santa'
p2196
I75
sS'by'
p2197
I59
sS'anything'
p2198
I75
sS'netflix'
p2199
I75
sS'seshing!!?,91214\n186600455957262336,jjbalouz,2012-04-01'
p2200
I76
sS'iced'
p2201
I76
sS"mcdonald's"
p2202
I76
sS'deserves'
p2203
I76
sS'idk'
p2204
I72
sS'germany'
p2205
I74
sS'classics'
p2206
I76
sS'wanna'
p2207
I58
sS'beanz'
p2208
I76
sS'seeing'
p2209
I74
sS'idgi'
p2210
I76
sS'\xe2\x9a\xbe\xef\xb8\x8f\xe2\x9a\xbe\xef\xb8\x8f\xe2\x9a\xbe\xef\xb8\x8f\xe2\x9a\xbe\xef\xb8\x8f'
p2211
I76
sS'visit'
p2212
I76
sS'into'
p2213
I71
sS'\xe2\x80\x9cfact'
p2214
I76
sS'elvira'
p2215
I76
sS'because'
p2216
I64
sS'lebron'
p2217
I76
sS'smells'
p2218
I74
sS'holla'
p2219
I76
sS'story'
p2220
I76
sS'spending'
p2221
I76
sS'question'
p2222
I75
sS'live'
p2223
I76
sS'long'
p2224
I69
sS'u2'
p2225
I76
sS"we're"
p2226
I71
sS'suit'
p2227
I76
sS'forward'
p2228
I76
sS'chunti'
p2229
I76
sS'scared'
p2230
I76
sS'cheeky'
p2231
I76
sS'files'
p2232
I76
sS'out...always'
p2233
I76
sS'inches'
p2234
I76
sS'boys'
p2235
I76
sS'yesssss'
p2236
I76
sS'sn\xc3\xa4lla'
p2237
I76
sS'\xe2\x99\xab'
p2238
I76
sS'ling'
p2239
I75
sS'line'
p2240
I68
sS'posted'
p2241
I75
sS'groovy'
p2242
I75
sS"\xe2\x9c\xa8\xe2\x80\xa2let's"
p2243
I76
sS'murica'
p2244
I76
sS'sounds'
p2245
I76
sS'uti'
p2246
I76
sS'up'
p2247
I24
sS'us'
p2248
I68
sS'ur'
p2249
I71
sS'planet'
p2250
I75
sS'slander'
p2251
I75
sS'diplo...\xe2\x80\x9d'
p2252
I76
sS'played'
p2253
I76
sS'faded'
p2254
I75
sS'z'
p2255
I76
sS'groove'
p2256
I76
sS'called'
p2257
I73
sS'aaaaayyyyyyeeeeee'
p2258
I76
sS'ordered'
p2259
I76
sS'stick'
p2260
I76
sS'm'
p2261
I75
sS'\xe2\x9a\xa0\xef\xb8\x8f\xe2\x9c\xa8'
p2262
I76
sS'flossy'
p2263
I76
sS'rains'
p2264
I76
sS'nah'
p2265
I73
sS'peace'
p2266
I76
sS'grande\xe2\x80\x9d'
p2267
I76
sS'nick'
p2268
I76
sS'nap'
p2269
I75
sS'juiice'
p2270
I76
sS'hydrated'
p2271
I76
sS'95%'
p2272
I76
sS'nice'
p2273
I71
sS'smiles'
p2274
I76
sS'is"'
p2275
I76
sS'kansas'
p2276
I75
sS'clvckguess'
p2277
I76
sS'allowing'
p2278
I76
sS'bcos'
p2279
I76
sS'score'
p2280
I76
sS'earphones'
p2281
I76
sS'ago'
p2282
I74
sS'remix'
p2283
I68
sS'land'
p2284
I76
sS'texted'
p2285
I75
sS'trail'
p2286
I76
sS'stressin'
p2287
I76
sS'dvf'
p2288
I76
sS'nikica'
p2289
I76
sS'walked'
p2290
I72
sS"hit'em"
p2291
I76
sS'dot'
p2292
I74
sS"she's"
p2293
I74
sS'menace'
p2294
I76
sS'scroll'
p2295
I75
sS'once'
p2296
I73
sS'yes\xe2\x98\xba\xef\xb8\x8f\xe2\x98\xba\xef\xb8\x8f\xe2\x98\xba\xef\xb8\x8f\xe2\x98\xba\xef\xb8\x8f\xe2\x98\xba\xef\xb8\x8f'
p2297
I76
sS'edc'
p2298
I59
sS'kats'
p2299
I73
sS'results'
p2300
I76
sS'edm'
p2301
I74
sS'olive'
p2302
I76
sS'gang'
p2303
I76
sS'go'
p2304
I28
sS'golf'
p2305
I76
sS't-pained'
p2306
I76
sS'chillin'
p2307
I76
sS'visiting'
p2308
I76
sS'lumberjvck'
p2309
I75
sS'misssssss'
p2310
I76
sS'young'
p2311
I75
sS'send'
p2312
I75
sS'shitttttt'
p2313
I76
sS'blaze'
p2314
I76
sS'02:52:30.0,34.23876355,-118.27139727,1013,this'
p2315
I76
sS'head...if'
p2316
I76
sS'dislike'
p2317
I76
sS'sent'
p2318
I76
sS'01:00:14.0,34.2324284,-118.27140066,1013,and'
p2319
I76
sS'\xc3\xa4r'
p2320
I76
sS'mangirl\xe2\x80\x9d'
p2321
I76
sS'kitty'
p2322
I76
sS'avalon'
p2323
I76
sS'wishes'
p2324
I76
sS'putting'
p2325
I76
sS'telling'
p2326
I76
sS'portos'
p2327
I72
sS'drinking'
p2328
I76
sS'now.\xe2\x80\x9d'
p2329
I76
sS'entire'
p2330
I76
sS'magic'
p2331
I75
sS'marry'
p2332
I75
sS'country>>'
p2333
I76
sS'michael'
p2334
I76
sS'try'
p2335
I76
sS'bj,91214\n469697350361817089,montaaayy,2014-05-23'
p2336
I76
sS'congrats'
p2337
I76
sS'done.\xe2\x80\x9d!!!!!!!!!!yes'
p2338
I76
sS'obesity'
p2339
I76
sS'tru'
p2340
I76
sS'challenge'
p2341
I76
sS'8:30am'
p2342
I76
sS'someday'
p2343
I76
sS'zo'
p2344
I72
sS'booty'
p2345
I76
sS'spaghettis'
p2346
I76
sS'(6555'
p2347
I76
sS'\xe2\x9d\xa4'
p2348
I76
sS'crop'
p2349
I76
sS'waking'
p2350
I75
sS'23:31:03.0,34.24494686,-118.27417994,1013,kev'
p2351
I76
sS'video'
p2352
I74
sS'uncomfortable'
p2353
I75
sS'missy'
p2354
I76
sS'download'
p2355
I76
sS'acid'
p2356
I76
sS'spaghetti'
p2357
I75
sS'click'
p2358
I75
sS'graduating'
p2359
I76
sS'ladies\xe2\x9c\xa8'
p2360
I76
sS'duuuude'
p2361
I76
sS'hhahahaha'
p2362
I76
sS'giving'
p2363
I74
sS'tuesdays'
p2364
I76
sS'firme'
p2365
I76
sS'jacksoni'
p2366
I76
sS'waiting'
p2367
I73
sS'unreal'
p2368
I76
sS'twins'
p2369
I76
sS'friday...ooh'
p2370
I76
sS'8-4'
p2371
I76
sS'bird'
p2372
I75
sS'body'
p2373
I76
sS'led'
p2374
I76
sS'leg'
p2375
I75
sS'fun....but'
p2376
I76
sS'commercial'
p2377
I74
sS'let'
p2378
I74
sS'others'
p2379
I74
sS'pazooki'
p2380
I76
sS'sexy'
p2381
I76
sS'akon'
p2382
I76
sS'aaww'
p2383
I76
sS'great'
p2384
I64
sS'31'
p2385
I76
sS'30'
p2386
I73
sS'calvin'
p2387
I76
sS'leaving'
p2388
I76
sS'climb'
p2389
I76
sS'makes'
p2390
I73
sS'weekends'
p2391
I76
sS'thats'
p2392
I76
sS'girllll'
p2393
I76
sS'named'
p2394
I76
sS'clark'
p2395
I75
sS'neigbor'
p2396
I76
sS'win'
p2397
I74
sS'app'
p2398
I75
sS'yessss\xe2\xac\x87\xef\xb8\x8f\xe2\xac\x87\xef\xb8\x8f\xe2\xac\x87\xef\xb8\x8f\xe2\xac\x87\xef\xb8\x8f'
p2399
I76
sS'zlatan'
p2400
I76
sS'huf'
p2401
I76
sS'"thank'
p2402
I76
sS'use'
p2403
I75
sS'hahahahaha'
p2404
I65
sS'from'
p2405
I53
sS'usa'
p2406
I70
sS'&'
p2407
I68
sS'ookay'
p2408
I76
sS'next'
p2409
I64
sS'procrastinate'
p2410
I76
sS'few'
p2411
I76
sS'"sex'
p2412
I76
sS'chu'
p2413
I76
sS'bottomless'
p2414
I76
sS'amazing\xe2\x80\x9d'
p2415
I76
sS'dexter>sleep'
p2416
I76
sS'baba'
p2417
I76
sS'xcited'
p2418
I76
sS'popped'
p2419
I76
sS'parliament'
p2420
I76
sS'babe'
p2421
I75
sS'18:19:52.0,34.24065923,-118.26630417,1013,my'
p2422
I76
sS'confused'
p2423
I76
sS'sore'
p2424
I76
sS'rabbit'
p2425
I74
sS'kasha'
p2426
I75
sS'baby'
p2427
I75
sS'rare'
p2428
I76
sS'"to'
p2429
I76
sS'2014\xe2\x80\x9dhahahahahah'
p2430
I76
sS'balls'
p2431
I76
sS'f'
p2432
I71
sS'this'
p2433
I13
sS'ride'
p2434
I75
sS'when'
p2435
I31
sS'carrot'
p2436
I76
sS'obvious'
p2437
I76
sS'meet'
p2438
I75
sS'drops'
p2439
I76
sS'didnt'
p2440
I75
sS'\xe2\x9d\xa4\xef\xb8\x8f\xe2\x9a\xbd\xef\xb8\x8f\xe2\x9d\xa4\xef\xb8\x8f\xe2\x9a\xbd\xef\xb8\x8f\xe2\x9d\xa4\xef\xb8\x8f\xe2\x9a\xbd\xef\xb8\x8f\xe2\x9d\xa4\xef\xb8\x8f\xe2\x9a\xbd\xef\xb8\x8f\xe2\x9d\xa4\xef\xb8\x8f\xe2\x9a\xbd\xef\xb8\x8f\xe2\x9d\xa4\xef\xb8\x8f'
p2441
I76
sS'control'
p2442
I76
sS'hip'
p2443
I76
sS'tap'
p2444
I75
sS'thirsty'
p2445
I75
sS'benz'
p2446
I76
sS'halloween'
p2447
I76
sS'tay'
p2448
I76
sS'high'
p2449
I73
sS'tag'
p2450
I74
sS'something'
p2451
I63
sS'blvd'
p2452
I74
sS'wonderful'
p2453
I76
sS'paws'
p2454
I76
sS'sis'
p2455
I76
sS'hucci'
p2456
I76
sS'surrounded'
p2457
I76
sS'sit'
p2458
I74
sS'vibe'
p2459
I75
sS'instead'
p2460
I74
sS'panic'
p2461
I76
sS'gurl'
p2462
I75
sS'stock'
p2463
I76
sS'swedish'
p2464
I76
sS'attend'
p2465
I74
sS'stop'
p2466
I67
sS'waters'
p2467
I76
sS'chow'
p2468
I76
sS'tied'
p2469
I75
sS'set........lol'
p2470
I76
sS'taco'
p2471
I75
sS'hahahaha'
p2472
I64
sS'coast'
p2473
I76
sS'realized'
p2474
I74
sS'amiryte'
p2475
I76
sS'light'
p2476
I76
sS'lame'
p2477
I75
sS'liner'
p2478
I76
sS'expired...idk'
p2479
I76
sS'honestly'
p2480
I74
sS'healthcare'
p2481
I75
sS'ha-ha-ha-ha-ha-ha-hard'
p2482
I76
sS'ummmmm'
p2483
I76
sS'bathing'
p2484
I76
sS'\xe2\x9a\xa0\xef\xb8\x8f\xe2\x9a\xa0\xef\xb8\x8f\xe2\x9a\xa0\xef\xb8\x8f\xe2\x9a\xa0\xef\xb8\x8f'
p2485
I76
sS'move'
p2486
I75
sS'\xe2\x9a\xa1\xef\xb8\x8f'
p2487
I76
sS"won't"
p2488
I68
sS'looks'
p2489
I70
sS'gooaaaallll'
p2490
I76
sS'horny'
p2491
I76
sS'you\xe2\x80\x9disle'
p2492
I76
sS'perfect'
p2493
I74
sS'lounge'
p2494
I76
sS'lc'
p2495
I76
sS'la'
p2496
I70
sS'dr'
p2497
I76
sS'll'
p2498
I76
sS'ships'
p2499
I76
sS'orange'
p2500
I75
sS'd0000000d'
p2501
I76
sS'bye'
p2502
I74
sS'2012'
p2503
I76
sS'dad'
p2504
I64
sS'2-0!!\xe2\x80\x9dily'
p2505
I76
sS'plurrvert'
p2506
I76
sS'dan'
p2507
I76
sS'practice'
p2508
I76
sS'snails'
p2509
I76
sS'seshed'
p2510
I76
sS'snake'
p2511
I72
sS'kiss'
p2512
I75
sS'whyyyyyy'
p2513
I76
sS'front'
p2514
I74
sS'kindness'
p2515
I76
sS'circadian'
p2516
I76
sS'day'
p2517
I53
sS'masters'
p2518
I76
sS'dillon/sonny/deadmu5'
p2519
I76
sS'betta'
p2520
I76
sS'boobz'
p2521
I76
sS'trap'
p2522
I73
sS'truth'
p2523
I76
sS'lmao\xe2\x9c\xa8\xe2\x9c\xa8\xe2\x9c\xa8\xe2\x9c\xa8\xe2\x9c\xa8\xe2\x9c\xa8\xe2\x9c\xa8\xe2\x9c\xa8\xe2\x9c\xa8\xe2\x9c\xa8\xe2\x9c\xa8\xe2\x9c\xa8'
p2524
I76
sS'economy'
p2525
I76
sS'bigfoot'
p2526
I76
sS'hardfest'
p2527
I76
sS'doing'
p2528
I73
sS'parties'
p2529
I75
sS'related'
p2530
I75
sS'8%'
p2531
I76
sS'climatic'
p2532
I76
sS'books'
p2533
I76
sS'our'
p2534
I69
sS'patch'
p2535
I76
sS'86'
p2536
I76
sS'edibles'
p2537
I76
sS'special'
p2538
I75
sS'out'
p2539
I27
sS'matt'
p2540
I74
sS'skillet'
p2541
I76
sS"janeth's"
p2542
I76
sS'yup'
p2543
I76
sS'hypo'
p2544
I76
sS'hardstyle'
p2545
I74
sS'ren'
p2546
I76
sS'memes'
p2547
I76
sS'cause'
p2548
I73
sS'announced'
p2549
I76
sS'wuddup'
p2550
I76
sS'shut'
p2551
I74
sS'bww'
p2552
I76
sS'pours'
p2553
I76
sS'scumbag'
p2554
I76
sS'abuela'
p2555
I76
sS'jeff'
p2556
I76
sS'lmfaoo'
p2557
I75
sS'vieja'
p2558
I76
sS'apt'
p2559
I76
sS'craving'
p2560
I75
sS'"can'
p2561
I76
sS'g'
p2562
I75
sS'snapchats'
p2563
I76
sS'could'
p2564
I73
sS'times'
p2565
I69
sS'black.\xe2\x80\x9d'
p2566
I76
sS'bff\xe2\x9d\xa4\xef\xb8\x8f'
p2567
I76
sS'kendall'
p2568
I76
sS'ihy'
p2569
I76
sS'unfollowing'
p2570
I75
sS'embarrassed'
p2571
I76
sS'sorority'
p2572
I76
sS'"no"'
p2573
I76
sS'hurdle'
p2574
I76
sS'bitch'
p2575
I69
sS'such'
p2576
I73
sS'uribe'
p2577
I75
sS'reached'
p2578
I76
sS'hehe'
p2579
I72
sS'45%'
p2580
I76
sS"doesn't"
p2581
I73
sS'mom?!\xe2\x80\x9dget'
p2582
I76
sS'los'
p2583
I76
sS'bears'
p2584
I76
sS'system'
p2585
I75
sS'their'
p2586
I70
sS'wrapped'
p2587
I76
sS'mondays'
p2588
I76
sS'final'
p2589
I76
sS'flume'
p2590
I75
sS'thanksgiving?me'
p2591
I76
sS'gummy'
p2592
I75
sS'lot'
p2593
I74
sS'shorts'
p2594
I76
sS'update'
p2595
I76
sS'exactly'
p2596
I74
sS'galt/rearden'
p2597
I76
sS'slides'
p2598
I76
sS'july'
p2599
I75
sS'steel'
p2600
I76
sS'loved'
p2601
I75
sS'boring'
p2602
I76
sS'bother'
p2603
I76
sS'beg'
p2604
I76
sS'bed'
p2605
I73
sS'hahahahahahahaha'
p2606
I71
sS'uribae'
p2607
I76
sS'loves'
p2608
I74
sS'lover'
p2609
I76
sS'grubbed'
p2610
I76
sS'crescenta'
p2611
I76
sS'purify'
p2612
I76
sS'\\m/'
p2613
I76
sS'trusting'
p2614
I76
sS'tonight'
p2615
I59
sS'alfonso'
p2616
I76
sS'have'
p2617
I25
sS'need'
p2618
I68
sS'chatting'
p2619
I76
sS'min'
p2620
I71
sS'studying'
p2621
I74
sS'able'
p2622
I74
sS'retweet'
p2623
I76
sS'mix'
p2624
I75
sS'which'
p2625
I73
sS'truck'
p2626
I75
sS'asshole'
p2627
I74
sS'lily'
p2628
I75
sS'youuuu'
p2629
I76
sS'motha'
p2630
I76
sS'bay'
p2631
I76
sS'molly'
p2632
I76
sS'belieber*'
p2633
I76
sS'who'
p2634
I59
sS'you"'
p2635
I75
sS"where's"
p2636
I73
sS'uuuuuuppppp'
p2637
I76
sS'awk'
p2638
I76
sS'but'
p2639
I33
sS'awe'
p2640
I76
sS'medal'
p2641
I76
sS'why'
p2642
I44
sS'lames'
p2643
I76
sS'takes'
p2644
I76
sS'salty'
p2645
I76
sS'gather'
p2646
I76
sS'thanksgiving'
p2647
I76
sS'brought'
p2648
I76
sS'face'
p2649
I72
sS'looked'
p2650
I75
sS'uddlec'
p2651
I76
sS"you'll"
p2652
I75
sS'pictures'
p2653
I76
sS'chargers'
p2654
I76
sS'typical'
p2655
I76
sS'fact'
p2656
I76
sS'ughhh'
p2657
I76
sS'son'
p2658
I74
sS'atmosphere'
p2659
I76
sS'recess'
p2660
I75
sS'hoodies'
p2661
I76
sS'kaskade'
p2662
I76
sS'lmaoo'
p2663
I72
sS'reeeeeaal'
p2664
I76
sS'assholes'
p2665
I76
sS"sippin'"
p2666
I75
sS'bring'
p2667
I73
sS'chicken'
p2668
I76
sS"dillon's"
p2669
I76
sS'inspiring'
p2670
I76
sS'earned'
p2671
I76
sS'sparks'
p2672
I76
sS'('
p2673
I75
sS'nudes."'
p2674
I76
sS'winner'
p2675
I75
sS'days\xe2\x9d\xa4\xef\xb8\x8f'
p2676
I76
sS'should'
p2677
I65
sS'jan'
p2678
I76
sS'knooooo'
p2679
I76
sS'jam'
p2680
I74
sS'lemme'
p2681
I75
sS'subway)'
p2682
I76
sS'employee'
p2683
I76
sS'jag'
p2684
I76
sS'hope'
p2685
I67
sS'means'
p2686
I73
sS'beat'
p2687
I75
sS'dope'
p2688
I72
sS'ko'
p2689
I76
sS'bear'
p2690
I76
sS'party\xe2\x9c\xa8\xe2\x9c\xa8\xe2\x9c\xa8'
p2691
I76
sS'tbh'
p2692
I76
sS'ones'
p2693
I76
sS'words'
p2694
I76
sS'diplo'
p2695
I75
sS'ghetto'
p2696
I76
sS'qt'
p2697
I76
sS'trucks'
p2698
I76
sS'meet\xe2\x80\x9d'
p2699
I76
sS'shy'
p2700
I76
sS'married'
p2701
I76
sS'eyebrow'
p2702
I76
sS'teams'
p2703
I76
sS'stuff'
p2704
I73
sS'she'
p2705
I56
sS'dangerous'
p2706
I76
sS'grab'
p2707
I76
sS'fixed'
p2708
I76
sS'asian'
p2709
I76
sS'btw'
p2710
I71
sS'official'
p2711
I76
sS'dillon'
p2712
I72
sS'filangy'
p2713
I76
sS'we'
p2714
I25
sS'edition'
p2715
I76
sS'vanak'
p2716
I76
sS'platanos'
p2717
I76
sS'eeeppppp'
p2718
I76
sS'2\xe2\x83\xa3days'
p2719
I76
sS'closer'
p2720
I76
sS'cole'
p2721
I76
sS'closet'
p2722
I75
sS'chapstick'
p2723
I76
sS'written'
p2724
I76
sS'sets)'
p2725
I76
sS'correctly'
p2726
I75
sS'horrible'
p2727
I75
sS'ufo/aliens'
p2728
I76
sS'neither'
p2729
I76
sS'bunch'
p2730
I76
sS'email'
p2731
I76
sS'pants'
p2732
I75
sS'glen'
p2733
I76
sS'ends'
p2734
I75
sS'attention'
p2735
I76
sS'bound'
p2736
I76
sS'trynna'
p2737
I74
sS'keg'
p2738
I76
sS'joy'
p2739
I75
sS'\xe2\x9a\xa0\xef\xb8\x8f'
p2740
I76
sS'kicking'
p2741
I76
sS'job'
p2742
I71
sS'joe'
p2743
I74
sS'merry'
p2744
I75
sS'explain\xe2\x80\x9d'
p2745
I76
sS'thanks"'
p2746
I76
sS'legit'
p2747
I76
sS'thumb'
p2748
I76
sS'figured'
p2749
I76
sS'joke'
p2750
I75
sS'heppy'
p2751
I76
sS'aaaawww'
p2752
I76
sS'journey'
p2753
I76
sS'comment'
p2754
I75
sS'birthdays'
p2755
I76
sS'd\xc3\xb6r'
p2756
I76
sS'ca'
p2757
I75
sS'paranormal'
p2758
I76
sS'walk'
p2759
I74
sS'laugh'
p2760
I72
sS'\\_(*~*)_/'
p2761
I76
sS'respect'
p2762
I76
sS'mafia'
p2763
I76
sS'6:30am\xc2\xbf'
p2764
I76
sS'(lord)'
p2765
I76
sS'quit'
p2766
I74
sS'yay'
p2767
I70
sS"it's"
p2768
I34
sS'silvia'
p2769
I76
sS'bbc'
p2770
I76
sS'copies'
p2771
I76
sS'taste'
p2772
I75
sS'bronze'
p2773
I76
sS'costumers'
p2774
I76
sS'*at'
p2775
I76
sS'closed'
p2776
I76
sS'pic'
p2777
I71
sS'finishes'
p2778
I76
sS'hmu'
p2779
I76
sS'releasing'
p2780
I76
sS'2\xe2\x83\xa3nite'
p2781
I76
sS'awwwww'
p2782
I76
sS'hmm'
p2783
I75
sS'finished'
p2784
I76
sS'lets'
p2785
I76
sS'2014'
p2786
I76
sS'kicks'
p2787
I76
sS'smoking'
p2788
I75
sS'spain'
p2789
I76
sS'homes'
p2790
I76
sS'tired?,91042\n456863533070684160,pushaj_,2014-04-17'
p2791
I76
sS'harder'
p2792
I76
sS'cvs'
p2793
I76
sS'will'
p2794
I47
sS'vicks'
p2795
I76
sS'gucci'
p2796
I76
sS'rbi'
p2797
I76
sS'hahaha'
p2798
I63
sS'wild'
p2799
I76
sS'jay'
p2800
I76
sS'eyeliner'
p2801
I76
sS'ultra'
p2802
I76
sS":''')"
p2803
I76
sS'supply'
p2804
I76
sS'lambo'
p2805
I76
sS'flex'
p2806
I76
sS'almost'
p2807
I74
sS'vs'
p2808
I71
sS'avi'
p2809
I73
sS'ave'
p2810
I75
sS'bffl'
p2811
I76
sS'tattoo'
p2812
I76
sS'aaahhhhh'
p2813
I76
sS'fkn'
p2814
I76
sS'dilate'
p2815
I76
sS'flaskk'
p2816
I76
sS'knowsss'
p2817
I76
sS'nerd'
p2818
I76
sS'bruh"me-'
p2819
I76
sS'party'
p2820
I66
sS'gets'
p2821
I74
sS'solange'
p2822
I76
sS'flower!"hi'
p2823
I76
sS'injured'
p2824
I74
sS'tonight\xe2\x80\xa6\xe2\x80\x9d'
p2825
I76
sS'yooo'
p2826
I76
sS'ball'
p2827
I75
sS'pre-season'
p2828
I76
sS'drink'
p2829
I75
sS'fucken'
p2830
I76
sS'wuuuut'
p2831
I76
sS'fucked'
p2832
I69
sS'oooyy'
p2833
I76
sS'nation'
p2834
I76
sS'pull'
p2835
I76
sS'"lol'
p2836
I76
sS'off'
p2837
I58
sS'center'
p2838
I75
sS'sweets'
p2839
I76
sS'i'
p2840
I2
sS'shotgun'
p2841
I76
sS'obstacles'
p2842
I76
sS'well'
p2843
I69
sS'thought'
p2844
I69
sS'oops'
p2845
I74
sS'energizer'
p2846
I76
sS'sets'
p2847
I76
sS'flint'
p2848
I76
sS'raving'
p2849
I76
sS'drivers'
p2850
I76
sS'cried'
p2851
I76
sS'heavily'
p2852
I76
sS'moments'
p2853
I76
sS"should've"
p2854
I75
sS'hands'
p2855
I76
sS'7:50'
p2856
I76
sS'mfn'
p2857
I76
sS'nicknamed'
p2858
I76
sS'mighty'
p2859
I76
sS'voting'
p2860
I76
sS'bautista'
p2861
I75
sS'lauren'
p2862
I73
sS'\xe2\x80\xbc\xef\xb8\x8f\xe2\x80\xbc\xef\xb8\x8f'
p2863
I76
sS'happiness'
p2864
I76
sS'pruitt'
p2865
I76
sS'lukey'
p2866
I76
sS'point'
p2867
I74
sS'ganna'
p2868
I73
sS'finally\xe2\x80\x9d'
p2869
I76
sS'ketchup'
p2870
I76
sS'other'
p2871
I69
sS'givin'
p2872
I76
sS'weather<<'
p2873
I76
sS'sunburned<<<'
p2874
I76
sS'crack'
p2875
I76
sS'titta'
p2876
I76
sS'smart'
p2877
I76
sS'weekend.\xe2\x80\x9d'
p2878
I76
sS'admit'
p2879
I76
sS"who's"
p2880
I75
sS'bitch\xe2\x80\xa2\xe2\x9c\xa8'
p2881
I76
sS'5am'
p2882
I75
sS'know'
p2883
I32
sS'belgium'
p2884
I76
sS'nvm'
p2885
I76
sS'pier'
p2886
I76
sS'fools'
p2887
I76
sS'mhm'
p2888
I75
sS'minnie'
p2889
I76
sS'like'
p2890
I23
sS'weather\xe2\x9d\xa4\xef\xb8\x8f'
p2891
I76
sS'miami'
p2892
I76
sS'gus'
p2893
I76
sS'ahhhhhhhhhhh'
p2894
I75
sS'jayz'
p2895
I76
sS'clown'
p2896
I76
sS'lose'
p2897
I76
sS'dancer'
p2898
I76
sS'james'
p2899
I76
sS'leaves'
p2900
I76
sS'funniest'
p2901
I76
sS'page'
p2902
I76
sS'armand'
p2903
I76
sS'nigga'
p2904
I73
sS'twitter'
p2905
I72
sS'19:01:51.0,34.24553443,-118.27498259,1013,4th'
p2906
I76
sS'alive'
p2907
I76
sS'hair'
p2908
I73
sS'..,91042\n509919824047136768,valerie_kirsten,2014-09-11'
p2909
I76
sS'home'
p2910
I64
sS'scares'
p2911
I76
sS'98%'
p2912
I76
sS'happens'
p2913
I73
sS'leaf'
p2914
I76
sS'literally'
p2915
I72
sS'lean'
p2916
I76
sS'twerking'
p2917
I76
sS'brennan'
p2918
I76
sS'floss'
p2919
I74
sS'does'
p2920
I72
sS'passion'
p2921
I75
sS'ravewear'
p2922
I76
sS'screwed'
p2923
I76
sS'bosses'
p2924
I75
sS'hokis'
p2925
I76
sS'fanny'
p2926
I76
sS'mode'
p2927
I75
sS'platinum'
p2928
I76
sS'ripped'
p2929
I76
sS'schedule'
p2930
I76
sS'"melissa'
p2931
I76
sS'bowling'
p2932
I76
sS'fwy'
p2933
I76
sS'pasta'
p2934
I76
sS'stage'
p2935
I75
sS'about'
p2936
I47
sS'bills'
p2937
I76
sS'actual'
p2938
I75
sS'puts'
p2939
I76
sS'getting'
p2940
I63
sS'mommy'
p2941
I76
sS'duo'
p2942
I76
sS'angeles'
p2943
I75
sS'swear'
p2944
I75
sS'god...,91042\n448956274550390784,sean_shamim,2014-03-26'
p2945
I76
sS'own'
p2946
I71
sS'gatsby'
p2947
I76
sS'deep........i'
p2948
I76
sS'matter'
p2949
I76
sS'socks'
p2950
I76
sS'guard'
p2951
I76
sS'weather'
p2952
I74
sS'female'
p2953
I76
sS'hmmmmm'
p2954
I76
sS'wack'
p2955
I76
sS'legends'
p2956
I76
sS"diplo's"
p2957
I75
sS'finals'
p2958
I76
sS'bees'
p2959
I76
sS'biggest'
p2960
I76
sS'dolphins'
p2961
I76
sS'place)'
p2962
I75
sS'laredo'
p2963
I76
sS'function'
p2964
I76
sS'buy'
p2965
I73
sS'kandi'
p2966
I73
sS"i've"
p2967
I63
sS'hr'
p2968
I76
sS'brand'
p2969
I76
sS'bitches'
p2970
I74
sS'hw'
p2971
I76
sS'forreal'
p2972
I74
sS'hi'
p2973
I68
sS'goals'
p2974
I74
sS'overflow'
p2975
I74
sS'ha'
p2976
I67
sS'eat'
p2977
I72
sS'bud'
p2978
I76
sS'he'
p2979
I54
sS'made'
p2980
I52
sS'places'
p2981
I76
sS'whether'
p2982
I74
sS'wish'
p2983
I70
sS'j'
p2984
I75
sS'smooth'
p2985
I76
sS'record'
p2986
I76
sS'hahahaa'
p2987
I75
sS'gagged'
p2988
I76
sS'cake'
p2989
I76
sS'problem'
p2990
I75
sS'daaawwww'
p2991
I76
sS'minutes'
p2992
I74
sS'rabbits'
p2993
I76
sS'drugz'
p2994
I76
sS'penny'
p2995
I76
sS'kisses'
p2996
I76
sS'beats'
p2997
I76
sS'father-in-law'
p2998
I76
sS'shooting'
p2999
I76
sS'pit'
p3000
I76
sS'ew'
p3001
I76
sS'jesse'
p3002
I74
sS'school!!!,91042\n497848194869379072,marriiaaaaaa,2014-08-08'
p3003
I76
sS'49'
p3004
I76
sS'45'
p3005
I76
sS'lately'
p3006
I75
sS'book'
p3007
I71
sS'flys'
p3008
I76
sS'sick'
p3009
I72
sS'ebooks'
p3010
I76
sS'talkin'
p3011
I76
sS'05:20:52.0,34.24113711,-118.26702682,1013,my'
p3012
I76
sS'album'
p3013
I76
sS'francisco'
p3014
I75
sS'monday'
p3015
I75
sS'gas'
p3016
I76
sS'class'
p3017
I74
sS'june'
p3018
I76
sS'stay'
p3019
I72
sS'\xe2\x9a\xa1\xef\xb8\x8f\xe2\x9a\xa1\xef\xb8\x8f\xe2\x9a\xa1\xef\xb8\x8f\xe2\x9a\xa1\xef\xb8\x8f'
p3020
I75
sS'alright'
p3021
I76
sS'chance'
p3022
I76
sS'kinda'
p3023
I71
sS'aaayy'
p3024
I76
sS'friends'
p3025
I65
sS'petsmart'
p3026
I76
sS'goin'
p3027
I76
sS'gooooooo'
p3028
I76
sS'ughhhhh'
p3029
I76
sS'amanda'
p3030
I76
sS'understand'
p3031
I72
sS'mehdiiii'
p3032
I76
sS'work\xe2\x80\x9d'
p3033
I76
sS'on....and'
p3034
I76
s.