(dp0
S''
p1
I1
sS'dinosaur'
p2
I77
sS'yellow'
p3
I77
sS'venting....back'
p4
I77
sS'four'
p5
I77
sS'andre'
p6
I76
sS'sleep'
p7
I56
sS'asian'
p8
I76
sS'hanging'
p9
I76
sS'hate'
p10
I65
sS'rocking'
p11
I77
sS'relationships'
p12
I77
sS'ravedaqu33n'
p13
I77
sS'bayc'
p14
I77
sS'buddy'
p15
I77
sS'tweet'
p16
I74
sS'mistakes'
p17
I77
sS'under'
p18
I77
sS'lord'
p19
I75
sS'sorry'
p20
I72
sS'$40'
p21
I77
sS'worth'
p22
I72
sS'divergent'
p23
I77
sS'camp\xe2\x9d\xa4\xef\xb8\x8f'
p24
I77
sS'rise'
p25
I77
sS'every'
p26
I66
sS'todayy'
p27
I77
sS'bringing'
p28
I76
sS'tickets'
p29
I73
sS'school'
p30
I55
sS'bestfriend'
p31
I76
sS'ridiclious'
p32
I77
sS'skills'
p33
I76
sS'wednesday'
p34
I76
sS'samurai'
p35
I77
sS'putca'
p36
I77
sS'fhy'
p37
I77
sS'red'
p38
I77
sS'oooh'
p39
I77
sS'u\xe2\x80\x9d'
p40
I77
sS'heading'
p41
I77
sS'enjoy'
p42
I76
sS'tired'
p43
I62
sS'hating'
p44
I77
sS'direct'
p45
I77
sS'nail'
p46
I76
sS'second'
p47
I74
sS'street'
p48
I77
sS'chem'
p49
I77
sS'quite'
p50
I77
sS'even'
p51
I55
sS'errors'
p52
I77
sS'christ'
p53
I77
sS'ugly'
p54
I70
sS'pts'
p55
I77
sS'+'
p56
I77
sS'lizard'
p57
I77
sS'merican'
p58
I77
sS'jackoff'
p59
I76
sS'new'
p60
I70
sS'tips'
p61
I77
sS'hmmm'
p62
I77
sS'ever'
p63
I58
sS'disney'
p64
I76
sS'told'
p65
I74
sS'shutup'
p66
I75
sS'jessie'
p67
I76
sS'pancakes'
p68
I77
sS'jhouse'
p69
I77
sS'never'
p70
I52
sS'meh'
p71
I77
sS'here'
p72
I64
sS'\xe2\x9d\xa4\xef\xb8\x8f'
p73
I48
sS'108'
p74
I77
sS'studio'
p75
I76
sS'mer'
p76
I77
sS'chewbacca'
p77
I77
sS"aren't"
p78
I74
sS'celebration'
p79
I77
sS'dry'
p80
I77
sS'kids'
p81
I77
sS'masha'
p82
I77
sS'14:41:11.0,34.24573944,-118.2859484,1014,20'
p83
I77
sS'k'
p84
I76
sS'piercing'
p85
I77
sS'robin'
p86
I77
sS'credit'
p87
I77
sS"i'd"
p88
I75
sS'smoke'
p89
I76
sS'stressed'
p90
I75
sS"i'm"
p91
I9
sS'dre'
p92
I77
sS'eyebrows'
p93
I76
sS'dumpster'
p94
I77
sS'feelings'
p95
I77
sS'bro'
p96
I37
sS'drunk...maybe'
p97
I77
sS'txu'
p98
I77
sS'txt'
p99
I76
sS'brb'
p100
I77
sS'soujoukhov'
p101
I77
sS'assed'
p102
I77
sS'would'
p103
I64
sS'army'
p104
I77
sS'achieve'
p105
I77
sS'arms'
p106
I77
sS'craving'
p107
I77
sS'cali'
p108
I74
sS'call'
p109
I72
sS'spike'
p110
I77
sS'typa'
p111
I77
sS'survive'
p112
I75
sS'calc'
p113
I75
sS'type'
p114
I77
sS'until'
p115
I70
sS'ir'
p116
I77
sS'love\xe2\x9d\xa4\xef\xb8\x8f\xe2\x9d\xa4\xef\xb8\x8f'
p117
I77
sS'posting'
p118
I76
sS'royalpains'
p119
I77
sS'evening'
p120
I77
sS'successful'
p121
I77
sS'gyming'
p122
I77
sS'haha'
p123
I57
sS'yerazit'
p124
I77
sS'hurt'
p125
I76
sS'phone'
p126
I64
sS'kisher'
p127
I77
sS'teaching'
p128
I77
sS'hole'
p129
I77
sS'hold'
p130
I76
sS'blocking'
p131
I77
sS'must'
p132
I74
sS'shoot'
p133
I77
sS'1990'
p134
I77
sS'onig'
p135
I74
sS'join'
p136
I77
sS'room'
p137
I75
sS'divorced'
p138
I77
sS'player'
p139
I76
sS'work'
p140
I30
sS'eclipse'
p141
I77
sS'cant'
p142
I74
sS'349'
p143
I77
sS'movies'
p144
I73
sS'ms'
p145
I77
sS'mr'
p146
I74
sS'crackers'
p147
I77
sS'shaving'
p148
I77
sS'my'
p149
I6
sS'cone'
p150
I77
sS"nazan's"
p151
I77
sS'soooooo'
p152
I77
sS'give'
p153
I60
sS'calories'
p154
I77
sS'homie'
p155
I75
sS'want'
p156
I53
sS'mk6_kevvv'
p157
I77
sS'keep'
p158
I68
sS'ooooooooh'
p159
I77
sS'hoe'
p160
I72
sS'end'
p161
I72
sS'liam'
p162
I77
sS'thing'
p163
I65
sS'respected'
p164
I77
sS'drying'
p165
I77
sS'nuts'
p166
I77
sS'happen\xe2\x80\x9d'
p167
I77
sS'machine'
p168
I77
sS'how'
p169
I43
sS'hot'
p170
I76
sS'rookie'
p171
I77
sS'interview'
p172
I76
sS'turk'
p173
I77
sS'chase'
p174
I77
sS'beach'
p175
I77
sS'ronnie'
p176
I77
sS"vma's"
p177
I76
sS'beauty'
p178
I76
sS'horoscope'
p179
I77
sS'bday'
p180
I76
sS'insecure'
p181
I76
sS'after'
p182
I69
sS'whyyyy'
p183
I77
sS'thankyou'
p184
I49
sS'wrong'
p185
I76
sS'president'
p186
I76
sS'meaningful'
p187
I77
sS'types'
p188
I77
sS'tujunga'
p189
I72
sS'attempt'
p190
I77
sS'innout'
p191
I77
sS'chillen'
p192
I77
sS'appreciate'
p193
I73
sS'fictional'
p194
I77
sS'cigarettes'
p195
I77
sS'18th'
p196
I77
sS'green'
p197
I75
sS'goodbye'
p198
I77
sS'keeps'
p199
I74
sS'romper'
p200
I77
sS'wind'
p201
I77
sS'wine'
p202
I77
sS'fifa'
p203
I77
sS'salon'
p204
I77
sS'office'
p205
I74
sS'enter'
p206
I77
sS'lolololololol'
p207
I77
sS'over'
p208
I61
sS'fam'
p209
I76
sS'2013-2014-rest'
p210
I77
sS'tiffs'
p211
I77
sS'finest'
p212
I77
sS'jangrandes'
p213
I77
sS'ma\xc3\xb1ana'
p214
I77
sS'medusa'
p215
I77
sS'wiffeyy'
p216
I77
sS'mayor'
p217
I75
sS"maela's"
p218
I77
sS'before'
p219
I66
sS'ima'
p220
I72
sS'beside'
p221
I77
sS'then"'
p222
I77
sS'screaming'
p223
I77
sS'fix'
p224
I76
sS'bishes'
p225
I77
sS'expectations'
p226
I75
sS'comprehend'
p227
I77
sS'better'
p228
I64
sS'hakim'
p229
I77
sS'differently'
p230
I77
sS'imy'
p231
I76
sS'weeks'
p232
I70
sS'easier'
p233
I76
sS'prius'
p234
I76
sS'3:30pm'
p235
I77
sS'yaaass'
p236
I77
sS'then'
p237
I54
sS'them'
p238
I65
sS'woken'
p239
I77
sS'workout'
p240
I72
sS'safe'
p241
I75
sS"we'll"
p242
I77
sS'break'
p243
I74
sS'how*'
p244
I77
sS'bang'
p245
I76
sS'therapy'
p246
I77
sS'they'
p247
I55
sS'schools'
p248
I77
sS'baking'
p249
I76
sS'one'
p250
I42
sS'silver'
p251
I77
sS'heyyyy'
p252
I77
sS"grey's"
p253
I75
sS'alex'
p254
I77
sS'meat'
p255
I76
sS'wend'
p256
I76
sS'sleepless'
p257
I77
sS'chuck'
p258
I77
sS'choir'
p259
I77
sS'weekends'
p260
I77
sS'panini'
p261
I77
sS'roast'
p262
I77
sS'fitness'
p263
I77
sS'went'
p264
I69
sS'side'
p265
I77
sS'vessel'
p266
I77
sS'mean'
p267
I71
sS'series'
p268
I77
sS'turnin'
p269
I77
sS'friend\xe2\x80\x9d'
p270
I77
sS'yeeeaaaahhhh'
p271
I77
sS'disappointing'
p272
I77
sS'dawg'
p273
I73
sS'trading'
p274
I76
sS"we'd"
p275
I77
sS'forgot'
p276
I73
sS'ghosts'
p277
I77
sS'saturday'
p278
I75
sS'rt'
p279
I71
sS'goo'
p280
I77
sS'gon'
p281
I77
sS'driving'
p282
I75
sS'boreddddddddddddddddddddd'
p283
I77
sS'god'
p284
I76
sS'diesel'
p285
I77
sS'nigger'
p286
I77
sS'day1'
p287
I77
sS'content'
p288
I77
sS're'
p289
I77
sS'highkey'
p290
I77
sS'smh'
p291
I72
sS'got'
p292
I43
sS'rn'
p293
I67
sS'smd'
p294
I76
sS'ofcourse'
p295
I76
sS'perception'
p296
I77
sS"doesn't"
p297
I70
sS'revenge'
p298
I73
sS'free'
p299
I73
sS'struggle'
p300
I75
sS'detecting'
p301
I77
sS'wanted'
p302
I75
sS'eyeshadow'
p303
I77
sS'ate'
p304
I77
sS'starts'
p305
I75
sS'yelav'
p306
I77
sS'atm'
p307
I77
sS'messages'
p308
I77
sS'days'
p309
I62
sS'priorities'
p310
I77
sS'heck'
p311
I77
sS'whatta'
p312
I77
sS"today's"
p313
I75
sS'helank'
p314
I77
sS'(at'
p315
I75
sS'caught'
p316
I77
sS'fuckin'
p317
I72
sS'tijuana'
p318
I77
sS'odarootyoun'
p319
I77
sS'already'
p320
I70
sS'loool'
p321
I77
sS'hoop'
p322
I77
sS'walkers'
p323
I77
sS'*ancestors'
p324
I77
sS'another'
p325
I74
sS'comic'
p326
I77
sS'hood'
p327
I77
sS'raayyiizz'
p328
I77
sS'olds'
p329
I77
sS'basketball'
p330
I76
sS'top'
p331
I76
sS'girls'
p332
I67
sS"he'll"
p333
I77
sS'needed'
p334
I75
sS'master'
p335
I76
sS'too'
p336
I47
sS'vaiii'
p337
I77
sS'girlf'
p338
I77
sS'john'
p339
I77
sS'listen'
p340
I77
sS'gandoni'
p341
I77
sS'murder'
p342
I77
sS'tooo'
p343
I77
sS'gym'
p344
I52
sS'freekin'
p345
I74
sS'took'
p346
I74
sS'wisdom'
p347
I75
sS'\xe2\x9c\x8c\xef\xb8\x8f\xe2\x9c\x8c\xef\xb8\x8f'
p348
I77
sS'cereal'
p349
I77
sS'wardrobe'
p350
I77
sS'men,91042\n486212806815916032,holastormy,2014-07-07'
p351
I77
sS'mercy'
p352
I76
sS'tities'
p353
I77
sS'target'
p354
I77
sS'ew'
p355
I77
sS'"bad'
p356
I75
sS'hike'
p357
I76
sS'us,91042\n486210626708992000,holastormy,2014-07-07'
p358
I77
sS'tree'
p359
I77
sS"god's"
p360
I77
sS'project'
p361
I77
sS'matter'
p362
I75
sS'classes'
p363
I75
sS'guilt'
p364
I77
sS'williams'
p365
I77
sS'deserving'
p366
I77
sS'powerade'
p367
I77
sS'garodov'
p368
I76
sS'girl"'
p369
I77
sS'baneer'
p370
I77
sS'mini'
p371
I73
sS'cheek'
p372
I77
sS'entail'
p373
I77
sS'fcking'
p374
I77
sS'quench'
p375
I77
sS'mind'
p376
I73
sS'mine'
p377
I76
sS'spent'
p378
I77
sS'talking'
p379
I71
sS'rat'
p380
I77
sS'rap'
p381
I77
sS'seen'
p382
I69
sS'seem'
p383
I75
sS'shoorchbar'
p384
I77
sS'raz'
p385
I76
sS'tells'
p386
I77
sS'arbi'
p387
I77
sS'ray'
p388
I77
sS'forced'
p389
I77
sS'it\xe2\x80\xa6'
p390
I77
sS'escalator'
p391
I77
sS'soaked'
p392
I77
sS'-'
p393
I76
sS'snow'
p394
I76
sS'night.staying'
p395
I77
sS'contact'
p396
I77
sS'amusing'
p397
I77
sS'laughed'
p398
I77
sS'me\xe2\x80\x9drt'
p399
I77
sS'reals'
p400
I77
sS'panties'
p401
I77
sS"adrienne's"
p402
I64
sS'blue'
p403
I74
sS'nobody'
p404
I75
sS'paindisappointment&'
p405
I77
sS'though'
p406
I76
sS'look>\xe2\x80\x9d'
p407
I77
sS'anatomy'
p408
I74
sS'mario'
p409
I77
sS'regular'
p410
I76
sS'mouth'
p411
I75
sS'boba'
p412
I77
sS'letter'
p413
I76
sS"neymar's"
p414
I77
sS'coin'
p415
I77
sS'nachos'
p416
I77
sS'maria'
p417
I71
sS'episode'
p418
I77
sS'doo'
p419
I76
sS'cops'
p420
I77
sS'accord'
p421
I77
sS'camp'
p422
I77
sS'flow'
p423
I77
sS'dog'
p424
I76
sS'doe'
p425
I75
sS'freeway'
p426
I77
sS'kkkkkkkkkkkkk'
p427
I77
sS'definitely'
p428
I71
sS'aunt'
p429
I76
sS'pineapple'
p430
I77
sS'yessssssss'
p431
I77
sS'annoyed'
p432
I77
sS'came'
p433
I77
sS'renting'
p434
I77
sS'saying'
p435
I72
sS'bomb'
p436
I75
sS'lyrics'
p437
I77
sS'slutty'
p438
I77
sS'tequila'
p439
I77
sS'random'
p440
I75
sS'(6433'
p441
I77
sS'"gal'
p442
I77
sS'caffeine'
p443
I77
sS'pops'
p444
I75
sS'forsure'
p445
I77
sS'colors'
p446
I77
sS'probz'
p447
I77
sS'lessons'
p448
I77
sS'alivevin'
p449
I77
sS'busy'
p450
I72
sS'sleeps'
p451
I77
sS'$$$$$'
p452
I77
sS'ayyyy'
p453
I73
sS'cousins'
p454
I77
sS"teesonthegreen's"
p455
I77
sS'hrs'
p456
I77
sS'appreciated'
p457
I77
sS'rihanna'
p458
I77
sS'athletic'
p459
I77
sS'theme'
p460
I77
sS'unlucky'
p461
I77
sS'rich'
p462
I77
sS'chipotle'
p463
I77
sS'rice'
p464
I77
sS'wearing'
p465
I77
sS'do'
p466
I21
sS'dm'
p467
I76
sS'sleepy'
p468
I77
sS'blur'
p469
I77
sS'watch'
p470
I72
sS'coast'
p471
I76
sS'pocket'
p472
I77
sS'nigguh'
p473
I77
sS'happiest'
p474
I77
sS'botanical'
p475
I77
sS'learned'
p476
I77
sS'14'
p477
I77
sS'bar'
p478
I77
sS'officially'
p479
I75
sS'rowing'
p480
I77
sS'up\xe2\x80\x9dthis'
p481
I77
sS'dipping'
p482
I77
sS'foreeallllllllllll'
p483
I77
sS'bad'
p484
I64
sS'bae'
p485
I74
sS'embids'
p486
I77
sS'ruins'
p487
I77
sS'effing'
p488
I77
sS'goodbyee'
p489
I77
sS'ears'
p490
I77
sS'respond'
p491
I76
sS'start.hope'
p492
I77
sS'besties'
p493
I77
sS'swept'
p494
I77
sS'w/'
p495
I77
sS'generally'
p496
I77
sS'lemonade'
p497
I77
sS',91042\n493108102565085185,holastormy,2014-07-26'
p498
I77
sS'goodnight'
p499
I67
sS'decided'
p500
I77
sS'fail'
p501
I77
sS'miserable'
p502
I77
sS'nocturnal'
p503
I77
sS'jerseys'
p504
I77
sS'best'
p505
I45
sS'said'
p506
I72
sS'mitch'
p507
I77
sS'baban'
p508
I77
sS'lots'
p509
I75
sS'away'
p510
I70
sS'arabic'
p511
I77
sS"there's"
p512
I75
sS"memosa..that's"
p513
I77
sS'hopefully'
p514
I76
sS'zzzzzzzzz'
p515
I77
sS'descanso'
p516
I77
sS'360'
p517
I77
sS'a**hole'
p518
I77
sS'warrior'
p519
I77
sS'lazy'
p520
I73
sS'men'
p521
I74
sS'omg'
p522
I56
sS'wears'
p523
I77
sS'maynn'
p524
I77
sS'weak'
p525
I76
sS'vacuuming'
p526
I77
sS'boss'
p527
I70
sS'kunar'
p528
I77
sS'devour'
p529
I77
sS'wear'
p530
I74
sS'wtf'
p531
I64
sS'wth'
p532
I77
sS'cousin'
p533
I74
sS'aunties'
p534
I77
sS'kitchen'
p535
I76
sS'pity'
p536
I77
sS'cop'
p537
I76
sS'cos'
p538
I77
sS'tfti'
p539
I77
sS'cow'
p540
I77
sS'met'
p541
I76
sS'country'
p542
I75
sS'ill'
p543
I77
sS'fags'
p544
I77
sS'dough'
p545
I77
sS'"driver'
p546
I77
sS'players'
p547
I77
sS'games'
p548
I77
sS'cod'
p549
I77
sS'brad'
p550
I77
sS'fagg'
p551
I77
sS'asked'
p552
I76
sS'coo'
p553
I77
sS'ily'
p554
I71
sS'tough'
p555
I76
sS'tututu'
p556
I77
sS'character'
p557
I77
sS'height'
p558
I77
sS'canyon'
p559
I76
sS'loaded'
p560
I77
sS'blonde'
p561
I77
sS'trust'
p562
I76
sS'heals'
p563
I77
sS'speak'
p564
I75
sS'honostly'
p565
I77
sS'angel'
p566
I77
sS'asks'
p567
I77
sS'three'
p568
I76
sS'been'
p569
I49
sS'quickly'
p570
I77
sS'confident'
p571
I76
sS'much'
p572
I54
sS'puta'
p573
I77
sS'frish'
p574
I77
sS'stadium'
p575
I77
sS'assssssssssss'
p576
I77
sS'superhuman'
p577
I77
sS'lovely'
p578
I76
sS"chillin'"
p579
I77
sS'unsupportive'
p580
I77
sS'life'
p581
I49
sS'nayi'
p582
I77
sS'relaxing'
p583
I77
sS'valifornia'
p584
I72
sS'drugs'
p585
I77
sS'dismiss'
p586
I77
sS'worker'
p587
I75
sS'mca'
p588
I77
sS'hershey'
p589
I77
sS'lift'
p590
I77
sS'skorpios'
p591
I77
sS'personally'
p592
I77
sS'catch'
p593
I77
sS'worked'
p594
I77
sS'chill'
p595
I74
sS'bead'
p596
I77
sS'east'
p597
I75
sS'n'
p598
I74
sS'bish"'
p599
I75
sS'near'
p600
I76
sS'gna'
p601
I60
sS'suppose'
p602
I77
sS'trashed'
p603
I76
sS'stopping'
p604
I77
sS'voice'
p605
I74
sS'kidz'
p606
I77
sS'remembering'
p607
I75
sS'dream\xe2\x80\x9d'
p608
I77
sS'played'
p609
I77
sS'is'
p610
I12
sS'sushi'
p611
I76
sS'8kalacas'
p612
I77
sS'it'
p613
I14
sS'shame'
p614
I76
sS'ik'
p615
I75
sS'im'
p616
I70
sS'il'
p617
I74
sS'in'
p618
I11
sS'awakening"...sorry'
p619
I77
sS'id'
p620
I75
sS'if'
p621
I34
sS'thingy'
p622
I77
sS'pawnshop'
p623
I77
sS'kaken'
p624
I77
sS'things'
p625
I72
sS'make'
p626
I62
sS'pubes'
p627
I77
sS'hahah'
p628
I73
sS'avoids'
p629
I77
sS':(('
p630
I77
sS'shawty'
p631
I77
sS'several'
p632
I77
sS'bunny'
p633
I77
sS'yung'
p634
I77
sS'meets'
p635
I77
sS'ily2'
p636
I77
sS'screw'
p637
I77
sS'nic'
p638
I77
sS'week\xe2\x98\xba\xef\xb8\x8f\xe2\x9d\xa4\xef\xb8\x8f'
p639
I77
sS'hang'
p640
I75
sS'coachella'
p641
I75
sS'rain'
p642
I74
sS'hand'
p643
I77
sS'"7'
p644
I77
sS'preachy'
p645
I77
sS'kim'
p646
I73
sS'jealous'
p647
I74
sS'tuna'
p648
I76
sS'aka'
p649
I76
sS'tune'
p650
I77
sS'kid'
p651
I76
sS'lucas'
p652
I77
sS'scenario'
p653
I77
sS'thx'
p654
I74
sS'charlie'
p655
I77
sS'youre'
p656
I77
sS'tho'
p657
I69
sS'hispanic'
p658
I77
sS'practices'
p659
I77
sS'greatest'
p660
I76
sS'pandora'
p661
I76
sS'mother'
p662
I75
sS'the'
p663
I4
sS'yours'
p664
I77
sS'karina'
p665
I76
sS'left'
p666
I69
sS'opinions'
p667
I75
sS'swag'
p668
I77
sS'just'
p669
I17
sS'yea'
p670
I76
sS'newton'
p671
I77
sS'yee'
p672
I71
sS'greys'
p673
I76
sS'grades'
p674
I77
sS'thanks'
p675
I48
sS'human'
p676
I77
sS'yep'
p677
I77
sS'yes'
p678
I69
sS'\xe2\x80\x9cordinary'
p679
I77
sS'yet'
p680
I71
sS'chubby'
p681
I77
sS'nigga,91042\n486374300178337792,holastormy,2014-07-08'
p682
I77
sS'hills'
p683
I75
sS'lmao,91042\n486375493130678272,holastormy,2014-07-08'
p684
I77
sS'shidag'
p685
I77
sS'had'
p686
I57
sS'passive'
p687
I77
sS'shout'
p688
I77
sS'sureee'
p689
I77
sS'advanced'
p690
I77
sS'easy'
p691
I75
sS'prison'
p692
I77
sS"jessica's"
p693
I77
sS'furgot'
p694
I77
sS'has'
p695
I54
sS'humanity'
p696
I77
sS'jiger'
p697
I76
sS'gave'
p698
I75
sS'which'
p699
I77
sS'casually'
p700
I75
sS'possible'
p701
I77
sS'caps'
p702
I77
sS'tmrw'
p703
I65
sS'possibly'
p704
I76
sS'sleep&'
p705
I77
sS'bastards'
p706
I77
sS'background'
p707
I77
sS'rrrrr'
p708
I77
sS'burnt'
p709
I76
sS'asshole'
p710
I77
sS'dreams'
p711
I73
sS'apart'
p712
I77
sS'brought'
p713
I77
sS'moon.....er....sun'
p714
I77
sS'tiredd'
p715
I77
sS'j-town'
p716
I77
sS'-_-'
p717
I77
sS'texts'
p718
I75
sS'steph'
p719
I77
sS'specific'
p720
I77
sS',91042\n492680970173042688,holastormy,2014-07-25'
p721
I77
sS'overrated'
p722
I77
sS'night'
p723
I39
sS'dammm....ur'
p724
I77
sS'right'
p725
I59
sS'old'
p726
I75
sS'deal'
p727
I73
sS'people'
p728
I41
sS'groupies'
p729
I77
sS'dead'
p730
I75
sS'born'
p731
I77
sS'skinned'
p732
I77
sS'usher'
p733
I76
sS'dear'
p734
I77
sS'advertise'
p735
I77
sS'theyre'
p736
I77
sS'creep'
p737
I76
sS'bolognie'
p738
I77
sS"regret.don't"
p739
I77
sS'for'
p740
I13
sS'purple'
p741
I77
sS'opposite'
p742
I77
sS'/'
p743
I75
sS'everything'
p744
I72
sS'asking'
p745
I76
sS'fob'
p746
I77
sS'3:30'
p747
I76
sS'foo'
p748
I76
sS'christmas'
p749
I77
sS'holiday'
p750
I77
sS'bold'
p751
I77
sS'deleted'
p752
I75
sS'burn'
p753
I76
sS'blackmail'
p754
I77
sS'before,91042\n493475283551256576,holastormy,2014-07-27'
p755
I77
sS'promos'
p756
I77
sS'alsoooo'
p757
I77
sS'starring'
p758
I77
sS'posses'
p759
I77
sS'losing'
p760
I77
sS'post'
p761
I77
sS'bury'
p762
I76
sS'takes'
p763
I77
sS'hard'
p764
I73
sS'meow'
p765
I77
sS'acquire'
p766
I77
sS'months'
p767
I74
sS'choke'
p768
I77
sS'o'
p769
I76
sS'dinner'
p770
I71
sS'repellent'
p771
I76
sS'here!!sorry'
p772
I77
sS'hillhaven'
p773
I77
sS'world...thanks'
p774
I77
sS'wasting'
p775
I76
sS'selfie'
p776
I77
sS'bound'
p777
I76
sS'soo'
p778
I76
sS'son'
p779
I76
sS'down'
p780
I55
sS'thankful'
p781
I77
sS'accomplishments'
p782
I77
sS'ppv'
p783
I77
sS'rely'
p784
I76
sS'beth'
p785
I77
sS'tho,91042\n486215964342489090,holastormy,2014-07-07'
p786
I77
sS'you\xe2\x99\xa1me'
p787
I77
sS'armo'
p788
I76
sS'support'
p789
I74
sS'constantly'
p790
I76
sS'jealousy'
p791
I77
sS'nova'
p792
I76
sS'fight'
p793
I73
sS'stuck'
p794
I76
sS'counterproductive'
p795
I77
sS'shitiest'
p796
I77
sS'way'
p797
I58
sS'waw'
p798
I77
sS'music'
p799
I73
sS'was'
p800
I26
sS'man\xe2\x80\x9d'
p801
I77
sS'happy'
p802
I39
sS'head'
p803
I75
sS'form'
p804
I77
sS'batman'
p805
I77
sS'becoming'
p806
I77
sS'fireworks'
p807
I77
sS'strike'
p808
I77
sS'hear'
p809
I74
sS'solar'
p810
I77
sS'true'
p811
I70
sS'penas'
p812
I76
sS'"well'
p813
I77
sS'happen'
p814
I71
sS'inside'
p815
I77
sS'tell'
p816
I74
sS'r.i.p'
p817
I77
sS'nicest'
p818
I77
sS'(cont)'
p819
I76
sS'smashed'
p820
I77
sS'latch'
p821
I77
sS'promises'
p822
I77
sS'proud'
p823
I77
sS'sight'
p824
I77
sS'america'
p825
I77
sS'tesla'
p826
I77
sS'bangable'
p827
I77
sS"beauty's"
p828
I77
sS'hungry'
p829
I71
sS'tommoorw'
p830
I77
sS'lmfaooooooooo'
p831
I73
sS'awhile'
p832
I77
sS'annoying'
p833
I71
sS'check'
p834
I75
sS'shit'
p835
I60
sS'realllllly'
p836
I77
sS'holy'
p837
I77
sS'floor'
p838
I76
sS'na'
p839
I77
sS'when'
p840
I37
sS'reality'
p841
I77
sS'interested'
p842
I77
sS'republic'
p843
I77
sS'holding'
p844
I76
sS'test'
p845
I77
sS'holly'
p846
I74
sS'hangin'
p847
I77
sS'smell'
p848
I76
sS'roll'
p849
I75
sS'meeeee'
p850
I77
sS'picture'
p851
I71
sS"'s"
p852
I77
sS'brothers'
p853
I77
sS'turnup'
p854
I76
sS'surprise'
p855
I77
sS'felt'
p856
I75
sS'convincing'
p857
I77
sS'polite'
p858
I77
sS'diet'
p859
I77
sS'subtweet'
p860
I77
sS"let's"
p861
I68
sS'fell'
p862
I76
sS'pierced'
p863
I77
sS'weekend'
p864
I71
sS'died'
p865
I75
sS'babysitting'
p866
I77
sS'longer'
p867
I76
sS'sacks'
p868
I77
sS'flag'
p869
I77
sS'together'
p870
I75
sS'lmfaoaoaooooooo'
p871
I77
sS'teeth'
p872
I75
sS'push'
p873
I76
sS'serious'
p874
I77
sS'stacks'
p875
I77
sS'songs'
p876
I75
sS'neighbors'
p877
I76
sS'bfast'
p878
I77
sS':/'
p879
I76
sS':('
p880
I75
sS':)'
p881
I57
sS',91042\n492510767925575680,holastormy,2014-07-25'
p882
I77
sS'whoever'
p883
I77
sS'dance'
p884
I76
sS'manager'
p885
I77
sS'12c'
p886
I77
sS'ice'
p887
I72
sS'skin'
p888
I77
sS'raffis'
p889
I77
sS'chair'
p890
I77
sS'fegit'
p891
I77
sS'helicopter'
p892
I77
sS'row'
p893
I77
sS'21st'
p894
I77
sS'suicide'
p895
I77
sS'yummy'
p896
I76
sS'disgusting'
p897
I76
sS'818'
p898
I77
sS'0'
p899
I77
sS'finally'
p900
I69
sS'vorut'
p901
I77
sS'lmaoo'
p902
I73
sS'followin'
p903
I77
sS'canada\xe2\x80\x9d'
p904
I77
sS'rebecca'
p905
I77
sS'brown'
p906
I75
sS'....you'
p907
I77
sS':i'
p908
I77
sS'advantage'
p909
I77
sS':d'
p910
I76
sS'wishess'
p911
I76
sS'"wut'
p912
I77
sS'tacos'
p913
I77
sS'vegas'
p914
I76
sS'cook'
p915
I77
sS'word'
p916
I77
sS'blast'
p917
I77
sS'exact'
p918
I77
sS'cool'
p919
I74
sS'gatta'
p920
I75
sS'dating'
p921
I77
sS'rebelling'
p922
I77
sS'level'
p923
I77
sS'did'
p924
I60
sS'die'
p925
I72
sS'dig'
p926
I77
sS'peeps'
p927
I77
sS'brother'
p928
I77
sS'nazans'
p929
I77
sS'leave'
p930
I69
sS'soooo'
p931
I77
sS'gerereh'
p932
I77
sS'subway'
p933
I77
sS'team'
p934
I74
sS'quick'
p935
I75
sS'guy'
p936
I69
sS'shooters'
p937
I77
sS'dip'
p938
I76
sS'round'
p939
I77
sS'teesonthegreen'
p940
I76
sS'blade'
p941
I77
sS'says'
p942
I74
sS'regret'
p943
I76
sS'porn'
p944
I77
sS'collage'
p945
I77
sS'sigh'
p946
I77
sS'\xee\x90\x86'
p947
I77
sS'\xee\x90\x81'
p948
I77
sS'slaters5050'
p949
I77
sS'sign'
p950
I75
sS'fergieallthetimeicomearoundbrothersgatherroundalwayslookinatmeupanddownlookinatmyuhhhhh\xe2\x80\x9d'
p951
I77
sS'sheeran'
p952
I74
sS'\xee\x90\x95'
p953
I75
sS'run'
p954
I73
sS'bake'
p955
I76
sS'pedi'
p956
I77
sS'fear'
p957
I77
sS'irritated'
p958
I76
sS'stressful'
p959
I76
sS'stands'
p960
I77
sS'posers'
p961
I77
sS'uniform'
p962
I77
sS'goes'
p963
I73
sS'reply'
p964
I77
sS'order'
p965
I77
sS'boost'
p966
I77
sS'supporting'
p967
I77
sS'jury'
p968
I77
sS'cheetos'
p969
I77
sS'pornstars'
p970
I77
sS'bh'
p971
I77
sS'inauguration'
p972
I77
sS'makeup'
p973
I75
sS'understanding'
p974
I77
sS'water'
p975
I75
sS'2:30'
p976
I76
sS'shape'
p977
I77
sS'slow'
p978
I77
sS'redskins'
p979
I77
sS'tommys'
p980
I77
sS'crippled'
p981
I77
sS'alone'
p982
I73
sS'along'
p983
I75
sS'teacher'
p984
I77
sS'change'
p985
I73
sS'wait'
p986
I65
sS'boy'
p987
I72
sS"joselito's"
p988
I75
sS'yessss'
p989
I76
sS'stair'
p990
I77
sS'canadian'
p991
I77
sS'brilliant'
p992
I77
sS'guilty'
p993
I77
sS'binder'
p994
I77
sS'boo'
p995
I74
sS'usually'
p996
I77
sS'hrs\xe2\x9c\x94\xef\xb8\x8f,91042\n476061260589436928,bigbanked22,2014-06-09'
p997
I77
sS'weird'
p998
I76
sS'mala'
p999
I77
sS'omggggg'
p1000
I76
sS'homecoming'
p1001
I75
sS'genuinely'
p1002
I77
sS'motherfucking'
p1003
I77
sS'lmfaoooo'
p1004
I75
sS'love'
p1005
I32
sS'kebab'
p1006
I77
sS'fake'
p1007
I72
sS'touchdown'
p1008
I77
sS'axperussss'
p1009
I77
sS'everybody'
p1010
I77
sS'ayo'
p1011
I76
sS'kamala,91042\n486210703787696128,holastormy,2014-07-07'
p1012
I77
sS'working'
p1013
I67
sS'"doesn\'t'
p1014
I77
sS'aye'
p1015
I77
sS'positive'
p1016
I75
sS'visit'
p1017
I75
sS'tears'
p1018
I77
sS'filme'
p1019
I77
sS'by'
p1020
I67
sS'live'
p1021
I72
sS'iphone'
p1022
I77
sS'msg'
p1023
I77
sS'actin'
p1024
I76
sS'thru'
p1025
I76
sS'sexualizing'
p1026
I77
sS'today'
p1027
I48
sS'loving'
p1028
I77
sS'scratched'
p1029
I77
sS'outweighs'
p1030
I77
sS'sharing'
p1031
I77
sS'club'
p1032
I77
sS'dislikes'
p1033
I77
sS'ooh'
p1034
I77
sS'chocolate'
p1035
I76
sS'ignorant'
p1036
I76
sS'\xe2\x9d\xa4\xef\xb8\x8f\xe2\x9d\xa4\xef\xb8\x8f'
p1037
I77
sS'given'
p1038
I76
sS'fly'
p1039
I77
sS"bears'"
p1040
I77
sS'car'
p1041
I70
sS'looool'
p1042
I76
sS'pretend'
p1043
I77
sS'jude'
p1044
I77
sS'cat'
p1045
I77
sS'gyankuh'
p1046
I77
sS'can'
p1047
I40
sS'following'
p1048
I77
sS'making'
p1049
I68
sS'"...."'
p1050
I77
sS'niggah'
p1051
I77
sS'social'
p1052
I77
sS'heart'
p1053
I75
sS'crazy'
p1054
I74
sS'performer'
p1055
I77
sS'hippo'
p1056
I77
sS'awesome'
p1057
I76
sS"didn't"
p1058
I69
sS'fuck'
p1059
I34
sS'heard'
p1060
I74
sS"manny's"
p1061
I77
sS'burbank'
p1062
I75
sS'lorde'
p1063
I76
sS'counting'
p1064
I76
sS'cardio'
p1065
I76
sS'tiredjust'
p1066
I77
sS'wayyyy'
p1067
I77
sS'listens'
p1068
I75
sS'pink'
p1069
I76
sS'winter'
p1070
I76
sS'means'
p1071
I77
sS'sundae'
p1072
I77
sS'gasol'
p1073
I77
sS'1'
p1074
I67
sS'till'
p1075
I69
sS'sunday'
p1076
I75
sS'fourth'
p1077
I77
sS'plus'
p1078
I74
sS'speaks'
p1079
I77
sS'rmean'
p1080
I77
sS'urth'
p1081
I77
sS'chores'
p1082
I77
sS'leavin'
p1083
I77
sS'thissssssssssss'
p1084
I77
sS'may'
p1085
I76
sS'slush'
p1086
I77
sS'southern'
p1087
I76
sS'disgusted'
p1088
I77
sS'mac'
p1089
I77
sS'birthday'
p1090
I45
sS'mad'
p1091
I74
sS'noise'
p1092
I77
sS'date'
p1093
I77
sS'such'
p1094
I63
sS'guys'
p1095
I59
sS'unbelievably'
p1096
I76
sS'man'
p1097
I52
sS'stress'
p1098
I75
sS'natural'
p1099
I77
sS'waist'
p1100
I77
sS'conscious'
p1101
I77
sS'whenever'
p1102
I77
sS'wanna'
p1103
I69
sS'chef'
p1104
I77
sS'unimportant'
p1105
I77
sS'fluent'
p1106
I77
sS'so'
p1107
I15
sS'sc'
p1108
I77
sS'wolves'
p1109
I77
sS'pulled'
p1110
I75
sS'night...sweet'
p1111
I77
sS'talk'
p1112
I69
sS'typical'
p1113
I76
sS'gookam'
p1114
I77
sS'cute'
p1115
I69
sS'snapple'
p1116
I77
sS'bush'
p1117
I77
sS'shoes'
p1118
I76
sS'no*'
p1119
I77
sS'usc'
p1120
I77
sS'haircut'
p1121
I77
sS'displayed'
p1122
I76
sS'years'
p1123
I75
sS'course'
p1124
I75
sS'episodes'
p1125
I77
sS'terrace'
p1126
I77
sS'kanye'
p1127
I77
sS'cold'
p1128
I77
sS'still'
p1129
I63
sS'gta'
p1130
I77
sS'group'
p1131
I77
sS'thank'
p1132
I42
sS'curly'
p1133
I77
sS"he's"
p1134
I62
sS'thang'
p1135
I76
sS'sexiest'
p1136
I76
sS'amazing'
p1137
I70
sS'highschools'
p1138
I77
sS'gatorade'
p1139
I77
sS'tweets'
p1140
I74
sS'main'
p1141
I77
sS'anelu-'
p1142
I77
sS'texas'
p1143
I77
sS'happened'
p1144
I76
sS'earlyy'
p1145
I77
sS'noo'
p1146
I77
sS'emailed'
p1147
I77
sS'3'
p1148
I67
sS'moms'
p1149
I77
sS'easly'
p1150
I77
sS'616-hp'
p1151
I77
sS'answer'
p1152
I76
sS'touching'
p1153
I77
sS'tax'
p1154
I77
sS'half'
p1155
I74
sS'not'
p1156
I25
sS'now'
p1157
I41
sS'bullshit'
p1158
I75
sS'name'
p1159
I74
sS'realist'
p1160
I77
sS'january'
p1161
I77
sS'drop'
p1162
I76
sS'roasts'
p1163
I77
sS"jiroum's"
p1164
I77
sS'debating'
p1165
I77
sS'nodding'
p1166
I77
sS'loss.want'
p1167
I77
sS'dabs'
p1168
I76
sS'injury'
p1169
I77
sS"22:01:40.0,34.25527889,-118.29877999,1014,tommy's"
p1170
I77
sS'pizza'
p1171
I76
sS'em'
p1172
I75
sS'lowkey'
p1173
I76
sS'mexico'
p1174
I77
sS'ed'
p1175
I73
sS'glasswing'
p1176
I77
sS'yeah'
p1177
I64
sS'cantonese\xe2\x80\x9dhahahah'
p1178
I77
sS'ey'
p1179
I77
sS'ex'
p1180
I77
sS'year'
p1181
I60
sS'et'
p1182
I76
sS'girl'
p1183
I70
sS'\xee\x84\x86'
p1184
I77
sS'es'
p1185
I71
sS'album'
p1186
I77
sS'living'
p1187
I75
sS'ultimately'
p1188
I77
sS'haaayyyy'
p1189
I77
sS'opened'
p1190
I77
sS'factory'
p1191
I77
sS'thirst'
p1192
I77
sS'tingly'
p1193
I77
sS'looking'
p1194
I73
sS'mess'
p1195
I77
sS'seriously'
p1196
I69
sS'miles'
p1197
I77
sS'blk'
p1198
I77
sS'correct'
p1199
I77
sS'shows'
p1200
I75
sS'smfh'
p1201
I77
sS'dodgers'
p1202
I76
sS'monster'
p1203
I77
sS'alllll'
p1204
I77
sS"dd's"
p1205
I77
sS'million'
p1206
I76
sS'\xee\x90\xa1\xee\x90\xa1\xee\x90\xa1\xee\x90\xa1\xee\x90\xa1'
p1207
I77
sS"pauline's"
p1208
I77
sS'complicated'
p1209
I77
sS'lausd'
p1210
I77
sS'grandma'
p1211
I75
sS'brooke'
p1212
I77
sS'cough'
p1213
I77
sS'marine'
p1214
I76
sS'card'
p1215
I77
sS'care'
p1216
I72
sS'language'
p1217
I76
sS'teachers'
p1218
I76
sS'the_slice'
p1219
I77
sS'a&e'
p1220
I77
sS'100%'
p1221
I76
sS'headphones'
p1222
I77
sS'dirk'
p1223
I77
sS'aweeee'
p1224
I77
sS'honest'
p1225
I77
sS'turn'
p1226
I73
sS'funky'
p1227
I77
sS'place'
p1228
I74
sS'view'
p1229
I77
sS'yess'
p1230
I77
sS'think'
p1231
I55
sS'tura'
p1232
I77
sS'first'
p1233
I68
sS'cheese'
p1234
I76
sS'tennis'
p1235
I77
sS'saving'
p1236
I77
sS'katie,91042\n486374548929904641,holastormy,2014-07-08'
p1237
I77
sS'americana'
p1238
I77
sS'revenue'
p1239
I77
sS'champions'
p1240
I77
sS'yourself'
p1241
I72
sS'fast'
p1242
I77
sS'suspended'
p1243
I77
sS'impossible'
p1244
I76
sS'sounds'
p1245
I72
sS'raped'
p1246
I77
sS'open'
p1247
I75
sS'tomorrow'
p1248
I73
sS'honesty'
p1249
I77
sS'tingling'
p1250
I77
sS'cloths'
p1251
I77
sS'little'
p1252
I60
sS'day\xe2\x80\x9d'
p1253
I77
sS'virgin'
p1254
I77
sS'bite'
p1255
I77
sS'slept'
p1256
I74
sS't'
p1257
I77
sS'anyone'
p1258
I69
sS'cooling'
p1259
I77
sS'2'
p1260
I66
sS'imma'
p1261
I77
sS"mindy's"
p1262
I77
sS'white'
p1263
I73
sS'friend'
p1264
I67
sS'gives'
p1265
I75
sS'arda'
p1266
I77
sS'eyes'
p1267
I74
sS'hug'
p1268
I73
sS'mostly'
p1269
I77
sS'that'
p1270
I12
sS'season'
p1271
I74
sS'huh'
p1272
I77
sS'20:52:35.0,34.25496746,-118.29902457,1014,bumpin'
p1273
I77
sS'alan'
p1274
I76
sS'thankss'
p1275
I76
sS'released'
p1276
I77
sS'dudes'
p1277
I77
sS'ridiculous'
p1278
I77
sS'butt'
p1279
I77
sS'thai'
p1280
I76
sS'blurred'
p1281
I77
sS'than'
p1282
I65
sS'boyfriend'
p1283
I76
sS'11'
p1284
I72
sS'10'
p1285
I69
sS'13'
p1286
I77
sS'12'
p1287
I73
sS'nathan'
p1288
I77
sS'lmao'
p1289
I59
sS'food*'
p1290
I77
sS'16'
p1291
I75
sS'19'
p1292
I77
sS'18'
p1293
I77
sS'gotta'
p1294
I69
sS'marinee'
p1295
I77
sS'life\xe2\x9c\x8c\xef\xb8\x8f'
p1296
I77
sS'future'
p1297
I75
sS'apples'
p1298
I77
sS'venture'
p1299
I77
sS'were'
p1300
I69
sS'cards'
p1301
I77
sS'havnt'
p1302
I77
sS'lmfaolmfaolmfao'
p1303
I76
sS'sophia'
p1304
I77
sS'sean'
p1305
I77
sS'and'
p1306
I8
sS'tasted'
p1307
I77
sS'sam'
p1308
I77
sS'yalla'
p1309
I72
sS'turned'
p1310
I77
sS'argument'
p1311
I77
sS'sad'
p1312
I73
sS'13th'
p1313
I77
sS'say'
p1314
I62
sS'unload'
p1315
I77
sS'breakfast'
p1316
I73
sS'saw'
p1317
I73
sS'any'
p1318
I76
sS'kevin'
p1319
I77
sS'sat'
p1320
I76
sS'tujunga)'
p1321
I76
sS'doesint'
p1322
I76
sS'omfg'
p1323
I76
sS'there:when'
p1324
I77
sS'arleta'
p1325
I77
sS'hookah'
p1326
I72
sS'take'
p1327
I68
sS'"yeah'
p1328
I77
sS'online'
p1329
I76
sS'wanting'
p1330
I77
sS'jigerrr'
p1331
I77
sS'potassium'
p1332
I77
sS'channel'
p1333
I76
sS'together....scene'
p1334
I77
sS'butterfly'
p1335
I77
sS'sure'
p1336
I72
sS'pain'
p1337
I76
sS'theatre'
p1338
I77
sS'normal'
p1339
I77
sS'track'
p1340
I75
sS'knew'
p1341
I76
sS'now,91042\n486211616019451904,holastormy,2014-07-07'
p1342
I77
sS'falls'
p1343
I76
sS'banks'
p1344
I77
sS'onig"'
p1345
I77
sS'4:30am'
p1346
I77
sS'crochet'
p1347
I77
sS'freshman'
p1348
I75
sS'fck'
p1349
I76
sS'pages'
p1350
I76
sS'icon'
p1351
I77
sS'\xee\x90\x88'
p1352
I77
sS'forever'
p1353
I74
sS'kal'
p1354
I77
sS'considered'
p1355
I77
sS'egg'
p1356
I77
sS'later'
p1357
I76
sS'drive'
p1358
I76
sS'tooth'
p1359
I75
sS'trafficking'
p1360
I77
sS'upstairs'
p1361
I77
sS'shit,91042\n486213125629161472,holastormy,2014-07-07'
p1362
I77
sS'shop'
p1363
I77
sS'walking'
p1364
I74
sS'show'
p1365
I71
sS'razmig'
p1366
I76
sS'recipe'
p1367
I77
sS'faster'
p1368
I77
sS'fuck"'
p1369
I77
sS'corner'
p1370
I76
sS'aggressive'
p1371
I77
sS'whillleeeee'
p1372
I77
sS'snack'
p1373
I77
sS'\xe2\x9c\x8b'
p1374
I76
sS'daily'
p1375
I77
sS'dick'
p1376
I75
sS'enough'
p1377
I75
sS'"if'
p1378
I76
sS'only'
p1379
I47
sS'going'
p1380
I56
sS'black'
p1381
I76
sS'dancing'
p1382
I77
sS'slob'
p1383
I77
sS'partake'
p1384
I77
sS'kese'
p1385
I77
sS'week...this'
p1386
I77
sS'versache'
p1387
I77
sS'bridge'
p1388
I77
sS'ger'
p1389
I76
sS'boxers"'
p1390
I77
sS'get'
p1391
I29
sS'goodluck'
p1392
I77
sS'mormon'
p1393
I76
sS'truly'
p1394
I77
sS'baghdad'
p1395
I77
sS'gee'
p1396
I76
sS'\xee\x90\x84'
p1397
I77
sS'dye'
p1398
I77
sS'celebrate'
p1399
I77
sS'freaking'
p1400
I77
sS'derulo'
p1401
I77
sS'artist'
p1402
I77
sS'\xee\x84\x85'
p1403
I76
sS'isnt'
p1404
I77
sS'fainted'
p1405
I77
sS'morning'
p1406
I70
sS'stupid'
p1407
I65
sS"could've"
p1408
I77
sS'nostril'
p1409
I77
sS'scott'
p1410
I76
sS'where'
p1411
I64
sS'xmas'
p1412
I77
sS"y'all"
p1413
I73
sS'concert'
p1414
I76
sS'buuuuut'
p1415
I77
sS'"yoooooooooo"'
p1416
I77
sS'up'
p1417
I22
sS'asleep'
p1418
I73
sS'anyways'
p1419
I77
sS'surgery'
p1420
I75
sS'ruined'
p1421
I77
sS'purest'
p1422
I77
sS'wonder'
p1423
I77
sS'planet'
p1424
I77
sS'dexter'
p1425
I75
sS'lmfaoaoao'
p1426
I77
sS'happy..instead'
p1427
I77
sS'sleepin'
p1428
I77
sS'ways'
p1429
I76
sS'jumped'
p1430
I77
sS'review'
p1431
I76
sS'its'
p1432
I77
sS'behind'
p1433
I76
sS'killin'
p1434
I77
sS'teens'
p1435
I77
sS'reading'
p1436
I77
sS'checks'
p1437
I77
sS'wuss'
p1438
I77
sS'arrival'
p1439
I77
sS'notice'
p1440
I77
sS'august'
p1441
I76
sS'killing'
p1442
I77
sS'guitar'
p1443
I77
sS'kooneled'
p1444
I77
sS'awards'
p1445
I77
sS'armenian'
p1446
I75
sS'invite'
p1447
I77
sS'hurts'
p1448
I75
sS',91042\n486213581151543297,holastormy,2014-07-07'
p1449
I77
sS'js'
p1450
I77
sS'come'
p1451
I57
sS'instagrams'
p1452
I77
sS'talented'
p1453
I77
sS'many'
p1454
I76
sS'west)'
p1455
I76
sS'(tujunga)'
p1456
I54
sS'tour'
p1457
I77
sS'berry'
p1458
I77
sS'yeeee'
p1459
I77
sS'mani'
p1460
I77
sS'expression'
p1461
I77
sS'18:00:23.0,34.25534645,-118.29905659,1014,3'
p1462
I77
sS"can't"
p1463
I29
sS'natures'
p1464
I77
sS'"get'
p1465
I77
sS'poz'
p1466
I76
sS'merry'
p1467
I77
sS"so...i'm"
p1468
I77
sS'twit'
p1469
I77
sS'jk'
p1470
I76
sS'satisfaction'
p1471
I77
sS'twin'
p1472
I77
sS'anti'
p1473
I77
sS"couldn't"
p1474
I74
sS'polo'
p1475
I77
sS'writing'
p1476
I77
sS'charismatic'
p1477
I77
sS'nicole'
p1478
I75
sS'save'
p1479
I77
sS'teddy'
p1480
I77
sS'west'
p1481
I74
sS'informed'
p1482
I76
sS'vacation'
p1483
I76
sS'mart'
p1484
I73
sS'barre'
p1485
I77
sS'judging'
p1486
I77
sS'sesh'
p1487
I72
sS'mary'
p1488
I77
sS'500'
p1489
I77
sS'wants'
p1490
I67
sS'direction'
p1491
I77
sS'educated'
p1492
I76
sS'shopping'
p1493
I74
sS'squash'
p1494
I77
sS'wake'
p1495
I70
sS'lonely'
p1496
I77
sS'pcc'
p1497
I77
sS'careful'
p1498
I77
sS'former'
p1499
I77
sS'those'
p1500
I71
sS'sound'
p1501
I76
sS'myself'
p1502
I67
sS'soccer'
p1503
I77
sS'casa'
p1504
I77
sS'smart&final'
p1505
I77
sS'these'
p1506
I67
sS"'gummy"
p1507
I77
sS'cash'
p1508
I77
sS'premature'
p1509
I77
sS'trick'
p1510
I76
sS'cast'
p1511
I77
sS'warning'
p1512
I77
sS'ratchet'
p1513
I74
sS'care"'
p1514
I77
sS'kaitlin'
p1515
I77
sS'reaaalllyyyy'
p1516
I77
sS'coolest'
p1517
I77
sS'therre'
p1518
I77
sS'purse'
p1519
I77
sS'sleeping'
p1520
I74
sS'blah'
p1521
I77
sS'someone'
p1522
I68
sS'dafuq'
p1523
I77
sS'everyday'
p1524
I74
sS'\xe2\x9c\x94\xef\xb8\x8f,91042\n475034814983057408,bigbanked22,2014-06-06'
p1525
I77
sS'different'
p1526
I76
sS'pau'
p1527
I68
sS'sence'
p1528
I76
sS'pay'
p1529
I75
sS'granted'
p1530
I77
sS'10:30'
p1531
I76
sS'bowl'
p1532
I77
sS's'
p1533
I77
sS'same'
p1534
I64
sS'trip'
p1535
I74
sS'gentlemen'
p1536
I77
sS'food'
p1537
I67
sS'busted'
p1538
I77
sS'followers'
p1539
I76
sS'catfish'
p1540
I77
sS'coworkers'
p1541
I77
sS'buys'
p1542
I77
sS'emojis'
p1543
I77
sS'retweeting'
p1544
I77
sS'week'
p1545
I67
sS'favorited'
p1546
I77
sS'bitch!!not'
p1547
I77
sS'boosted'
p1548
I77
sS'alrighty'
p1549
I77
sS'oglmgkmg'
p1550
I77
sS'weed'
p1551
I76
sS'running'
p1552
I77
sS'fruit'
p1553
I77
sS'barber'
p1554
I77
sS'tashnag'
p1555
I77
sS'fiending'
p1556
I77
sS'19:00:07.0,34.25534389,-118.29888736,1014,4'
p1557
I77
sS'oit'
p1558
I77
sS'totally'
p1559
I75
sS'cartoon'
p1560
I77
sS'\xe2\x9c\x8c\xef\xb8\x8f'
p1561
I74
sS'drain'
p1562
I77
sS'burrito'
p1563
I77
sS'alrighttt'
p1564
I77
sS'charger'
p1565
I77
sS'bootyful'
p1566
I77
sS'no'
p1567
I35
sS'lady'
p1568
I77
sS'roommate'
p1569
I77
sS'without'
p1570
I72
sS'comes'
p1571
I73
sS'summer'
p1572
I74
sS'outdoor'
p1573
I77
sS'\xe2\x98\xba\xef\xb8\x8f'
p1574
I76
sS'210'
p1575
I75
sS'being'
p1576
I59
sS'money'
p1577
I73
sS'alberstons'
p1578
I77
sS'pacha'
p1579
I77
sS'rest'
p1580
I76
sS'pissing'
p1581
I77
sS'kill'
p1582
I74
sS'cutiee'
p1583
I76
sS'touch'
p1584
I77
sS'polish'
p1585
I76
sS'speed'
p1586
I77
sS'ps4'
p1587
I77
sS'death'
p1588
I76
sS'hallajians'
p1589
I77
sS'thinking'
p1590
I76
sS'rose'
p1591
I77
sS"everyone's"
p1592
I73
sS'except'
p1593
I77
sS'cc'
p1594
I77
sS'lets'
p1595
I76
sS'ahhhh'
p1596
I76
sS'4'
p1597
I67
sS'thoughts'
p1598
I77
sS'dicks'
p1599
I77
sS'real'
p1600
I70
sS'alwayz'
p1601
I77
sS'mucho'
p1602
I77
sS'around'
p1603
I68
sS'kills'
p1604
I77
sS'read'
p1605
I67
sS'mor'
p1606
I77
sS'fridge'
p1607
I76
sS'gonna'
p1608
I53
sS'early'
p1609
I75
sS'...add'
p1610
I77
sS'traffic'
p1611
I76
sS'listening'
p1612
I76
sS'tie'
p1613
I77
sS'world'
p1614
I70
sS'disappointed'
p1615
I74
sS"('"
p1616
I77
sS'dare'
p1617
I77
sS'christina'
p1618
I77
sS'depot'
p1619
I77
sS'pounds'
p1620
I77
sS'widddittttttttt'
p1621
I77
sS'patrick'
p1622
I77
sS'pregnant'
p1623
I77
sS'pole'
p1624
I77
sS'either'
p1625
I71
sS'stranded'
p1626
I77
sS'3-yr'
p1627
I77
sS'doll'
p1628
I77
sS'madrid'
p1629
I77
sS'l'
p1630
I77
sS',91042\n486375785926647809,holastormy,2014-07-08'
p1631
I77
sS'\xee\x8c\xba\xee\x8c\xba'
p1632
I77
sS'respect'
p1633
I77
sS'playin'
p1634
I77
sS'snoring'
p1635
I77
sS'wiggins'
p1636
I76
sS'motherfucker'
p1637
I77
sS'outs'
p1638
I77
sS'outt'
p1639
I76
sS'mood'
p1640
I75
sS'memories'
p1641
I77
sS'you"loser'
p1642
I77
sS'throat'
p1643
I76
sS'911'
p1644
I77
sS'sharbek'
p1645
I77
sS'yaaaaasss'
p1646
I77
sS'football'
p1647
I77
sS'business'
p1648
I75
sS'asap'
p1649
I76
sS'lmfao'
p1650
I66
sS'nails'
p1651
I76
sS'each'
p1652
I77
sS'free.till'
p1653
I77
sS'skrillex'
p1654
I77
sS'update'
p1655
I77
sS'doing.\xe2\x80\x9d'
p1656
I77
sS';)'
p1657
I77
sS'exciting'
p1658
I77
sS'throw'
p1659
I76
sS'acc'
p1660
I77
sS'on'
p1661
I16
sS'monopoly'
p1662
I77
sS'ok'
p1663
I77
sS'ace'
p1664
I77
sS'oh'
p1665
I61
sS'roar'
p1666
I77
sS'of'
p1667
I14
sS'favorite'
p1668
I76
sS'albertaons'
p1669
I77
sS'hampere'
p1670
I77
sS'wolf'
p1671
I76
sS'stand'
p1672
I76
sS'neighbor'
p1673
I77
sS'act'
p1674
I76
sS'ot'
p1675
I76
sS'backup'
p1676
I77
sS'or'
p1677
I49
sS'road'
p1678
I77
sS'ladies'
p1679
I77
sS'tweet...great'
p1680
I77
sS'whites'
p1681
I77
sS'\xe2\x80\xbc\xef\xb8\x8f'
p1682
I77
sS'homeland'
p1683
I77
sS'snapchat'
p1684
I74
sS'rising'
p1685
I77
sS'parties'
p1686
I76
sS'elementary'
p1687
I77
sS'youu'
p1688
I77
sS'yous'
p1689
I77
sS'your'
p1690
I28
sS'mcgroarty'
p1691
I77
sS'logics'
p1692
I77
sS'fill'
p1693
I77
sS"how's"
p1694
I77
sS'her'
p1695
I51
sS'hes'
p1696
I76
sS'spaaa'
p1697
I77
sS'there'
p1698
I65
sS'hey'
p1699
I71
sS'lol'
p1700
I21
sS'"rude'
p1701
I77
sS'lmfaooo'
p1702
I76
sS'los'
p1703
I76
sS'low'
p1704
I74
sS'lot'
p1705
I72
sS'4:30'
p1706
I76
sS'valley'
p1707
I77
sS'tiffany'
p1708
I77
sS'ehh'
p1709
I77
sS'...need'
p1710
I77
sS'chats'
p1711
I77
sS'spicy'
p1712
I75
sS'complete'
p1713
I76
sS'kittens'
p1714
I77
sS'"i\'m'
p1715
I77
sS'lane'
p1716
I77
sS'jus'
p1717
I77
sS'dip(pancake'
p1718
I77
sS'billionaires'
p1719
I77
sS'texted'
p1720
I76
sS'trying'
p1721
I69
sS'with'
p1722
I18
sS'tryina'
p1723
I77
sS'happening'
p1724
I73
sS'pull'
p1725
I76
sS'apartment)'
p1726
I77
sS'alwaaaayssss'
p1727
I77
sS'brothaaa'
p1728
I77
sS'rage'
p1729
I76
sS'bucket'
p1730
I77
sS'tellin'
p1731
I77
sS'hobo'
p1732
I77
sS'"it\'s'
p1733
I77
sS'taught'
p1734
I77
sS'bbq'
p1735
I77
sS'grass'
p1736
I77
sS'agree'
p1737
I77
sS'"plant'
p1738
I77
sS'debils'
p1739
I77
sS'on\xe2\x80\xa6'
p1740
I77
sS'ab'
p1741
I76
sS'ohh'
p1742
I76
sS'johnny'
p1743
I76
sS'af'
p1744
I76
sS'taste'
p1745
I77
sS'stealing'
p1746
I77
sS'am'
p1747
I67
sS'deep'
p1748
I76
sS'an'
p1749
I57
sS'lmfaolmfao'
p1750
I77
sS'ap'
p1751
I76
sS'as'
p1752
I52
sS'senses'
p1753
I77
sS'at'
p1754
I15
sS'aw'
p1755
I76
sS'girlfriend'
p1756
I77
sS'watched'
p1757
I76
sS'yummmm'
p1758
I77
sS'you.\xe2\x80\x9d'
p1759
I77
sS'cream'
p1760
I75
sS'again'
p1761
I67
sS'arrowhead'
p1762
I77
sS'deserve'
p1763
I77
sS'drivers'
p1764
I77
sS'swords'
p1765
I77
sS'&fruit'
p1766
I77
sS'workday'
p1767
I77
sS'roses'
p1768
I77
sS'2001'
p1769
I77
sS'5'
p1770
I70
sS'togetherr'
p1771
I77
sS'you'
p1772
I5
sS'trash'
p1773
I75
sS"brinda's"
p1774
I77
sS'vocabulary'
p1775
I77
sS'time'
p1776
I37
sS'drift'
p1777
I77
sS"miley's"
p1778
I77
sS'brandy'
p1779
I76
sS'important'
p1780
I77
sS'fresh'
p1781
I74
sS'lol,91042\n474221350014701568,bigbanked22,2014-06-04'
p1782
I77
sS'calls'
p1783
I77
sS'wife'
p1784
I76
sS"life's"
p1785
I76
sS'wifi'
p1786
I77
sS'mask'
p1787
I77
sS'tonight\xe2\x98\xba\xef\xb8\x8f'
p1788
I77
sS'having'
p1789
I60
sS'fraudulent'
p1790
I77
sS'u'
p1791
I45
sS'adam'
p1792
I77
sS'alright'
p1793
I75
sS'faux-supportive'
p1794
I77
sS'starting'
p1795
I75
sS'original'
p1796
I77
sS'kawhis'
p1797
I77
sS'represent'
p1798
I77
sS'all'
p1799
I27
sS'forget'
p1800
I74
sS'chinese'
p1801
I77
sS'01:17:06.0,34.24586679,-118.28610006,1014,3'
p1802
I77
sS'dollar'
p1803
I76
sS'none'
p1804
I77
sS'month'
p1805
I69
sS"tee's"
p1806
I75
sS'coach'
p1807
I77
sS'talks'
p1808
I77
sS'follow'
p1809
I73
sS'scv'
p1810
I77
sS'decisions'
p1811
I77
sS'emily'
p1812
I77
sS'shattered'
p1813
I76
sS'apartment'
p1814
I50
sS'stay"'
p1815
I77
sS'higby'
p1816
I77
sS'ty'
p1817
I76
sS'tv'
p1818
I71
sS'lining'
p1819
I77
sS'shudda'
p1820
I77
sS'wassup'
p1821
I73
sS'thursday'
p1822
I77
sS'spirit'
p1823
I77
sS'to'
p1824
I3
sS'tl'
p1825
I77
sS'eywaaa'
p1826
I77
sS'tf'
p1827
I76
sS'smile'
p1828
I77
sS'enjoying'
p1829
I76
sS'tc'
p1830
I75
sS'instigating'
p1831
I77
sS'paying'
p1832
I77
sS'7'
p1833
I76
sS'insults'
p1834
I77
sS'song'
p1835
I72
sS'very'
p1836
I67
sS'horror'
p1837
I77
sS'fav'
p1838
I76
sS'fat'
p1839
I75
sS'me'
p1840
I10
sS'novel'
p1841
I77
sS'worst'
p1842
I72
sS'decide'
p1843
I76
sS'fall'
p1844
I74
sS'fac'
p1845
I76
sS'24th'
p1846
I77
sS'fag'
p1847
I75
sS'vern'
p1848
I77
sS'hittttt'
p1849
I77
sS'trippin'
p1850
I77
sS'heaven'
p1851
I77
sS'talee'
p1852
I77
sS'laying'
p1853
I76
sS'longgggggggggggggggg'
p1854
I77
sS'darovgoolank'
p1855
I77
sS'lmfaooooooooooooo'
p1856
I77
sS'sane'
p1857
I77
sS'study'
p1858
I77
sS'anal'
p1859
I77
sS'dodger'
p1860
I77
sS"i'll"
p1861
I63
sS'wallflower'
p1862
I77
sS'neighborhood'
p1863
I77
sS'instagram'
p1864
I76
sS'tea'
p1865
I76
sS'streets'
p1866
I77
sS'past'
p1867
I74
sS'design'
p1868
I77
sS'\xee\x8c\x8b\xee\x81\x84\xee\x8c\x8c\xee\x81\x87'
p1869
I77
sS'pass'
p1870
I76
sS'nba'
p1871
I77
sS'mill'
p1872
I77
sS'what'
p1873
I43
sS'stood'
p1874
I77
sS'sun'
p1875
I77
sS'youuu'
p1876
I77
sS'18:36:36.0,34.24564167,-118.28581209,1014,i'
p1877
I77
sS'fucks'
p1878
I77
sS'crush'
p1879
I77
sS'dzar'
p1880
I77
sS'verdugo'
p1881
I74
sS'upuve'
p1882
I77
sS'public'
p1883
I77
sS'bowls'
p1884
I77
sS'full'
p1885
I73
sS'yaaaaay'
p1886
I77
sS'ma'
p1887
I77
sS'hungover'
p1888
I77
sS'answers'
p1889
I76
sS'forgive'
p1890
I77
sS'hours'
p1891
I66
sS'ranger'
p1892
I76
sS'fuckkkkkmg'
p1893
I77
sS'shaxs'
p1894
I77
sS'grape'
p1895
I77
sS'strong'
p1896
I77
sS'yaaaaaa'
p1897
I77
sS'legend'
p1898
I76
sS'\xe2\x9d\xa4\xef\xb8\x8fthanks'
p1899
I77
sS'bdayyyyyyy'
p1900
I77
sS'experience'
p1901
I77
sS'pics'
p1902
I76
sS'evil'
p1903
I77
sS'amount'
p1904
I77
sS'fwy'
p1905
I77
sS'pick'
p1906
I74
sS'raza'
p1907
I77
sS'luck'
p1908
I76
sS'sweetness'
p1909
I77
sS'via'
p1910
I77
sS'family'
p1911
I75
sS'"studio"'
p1912
I77
sS'badoyans'
p1913
I77
sS'put'
p1914
I70
sS'semester'
p1915
I76
sS'pulls'
p1916
I77
sS'armed'
p1917
I77
sS'estimate'
p1918
I77
sS'emoji'
p1919
I77
sS'attendance'
p1920
I77
sS'eye'
p1921
I73
sS'19:49:03.0,34.24563403,-118.28601344,1014,cause'
p1922
I77
sS'intense'
p1923
I77
sS'donuts'
p1924
I76
sS'texting'
p1925
I74
sS'two'
p1926
I67
sS'zo?\xe2\x80\x9d'
p1927
I77
sS'yeva'
p1928
I77
sS'6'
p1929
I76
sS'shits'
p1930
I77
sS'homework'
p1931
I72
sS'more'
p1932
I51
sS'teen'
p1933
I77
sS'tryna'
p1934
I74
sS'door'
p1935
I77
sS'knows'
p1936
I69
sS'obvious\xe2\x9c\x8b'
p1937
I77
sS'grabbing'
p1938
I77
sS'syrup)\xe2\x80\x9d'
p1939
I77
sS'excuse'
p1940
I77
sS'landed'
p1941
I77
sS"ain't"
p1942
I74
sS'basically'
p1943
I77
sS'freds'
p1944
I77
sS'known'
p1945
I76
sS'youuuuu'
p1946
I77
sS'hurry'
p1947
I77
sS'glad'
p1948
I75
sS'ouija'
p1949
I77
sS'town'
p1950
I75
sS'grill'
p1951
I77
sS'keeping'
p1952
I76
sS'hour'
p1953
I69
sS'quick\xe2\x80\x9d'
p1954
I77
sS'recall'
p1955
I77
sS'latching'
p1956
I77
sS'sucks'
p1957
I75
sS'vs'
p1958
I77
sS'nine'
p1959
I77
sS'learn'
p1960
I75
sS'knocked'
p1961
I76
sS'tortuga'
p1962
I77
sS'def'
p1963
I77
sS'history'
p1964
I77
sS'beautiful'
p1965
I64
sS'mehh'
p1966
I77
sS'salesmen'
p1967
I77
sS'greeley'
p1968
I49
sS'gas"'
p1969
I77
sS'share'
p1970
I76
sS'lolol'
p1971
I70
sS'funnyy'
p1972
I77
sS'sense'
p1973
I76
sS"sorrow.don't"
p1974
I77
sS'dress'
p1975
I77
sS'species'
p1976
I77
sS'concept'
p1977
I77
sS'huge'
p1978
I76
sS'needs'
p1979
I74
sS'court'
p1980
I77
sS'goal'
p1981
I77
sS'drained'
p1982
I77
sS'rather'
p1983
I75
sS'16:09:15.0,34.25527076,-118.29879239,1014,furst'
p1984
I77
sS'stayed'
p1985
I77
sS'needa'
p1986
I76
sS'worry'
p1987
I77
sS'sandwich'
p1988
I77
sS'okay'
p1989
I62
sS'gwateber'
p1990
I77
sS'algebra'
p1991
I77
sS'janlav'
p1992
I77
sS'par'
p1993
I77
sS'soundtrack'
p1994
I77
sS'tries'
p1995
I77
sS'lighting'
p1996
I77
sS'blood'
p1997
I76
sS'coming'
p1998
I70
sS'rudy'
p1999
I75
sS'castle'
p2000
I77
sS'a'
p2001
I7
sS'refuse'
p2002
I77
sS'gaylia'
p2003
I76
sS'onto'
p2004
I77
sS'shady'
p2005
I76
sS'rooting'
p2006
I77
sS'spoon'
p2007
I77
sS'anytime'
p2008
I76
sS'bitch.rather'
p2009
I77
sS'discussing'
p2010
I77
sS'lmfaooooo'
p2011
I76
sS'"f*ck'
p2012
I77
sS'dream'
p2013
I76
sS'playing'
p2014
I74
sS'patio'
p2015
I77
sS"that's"
p2016
I47
sS'itl'
p2017
I77
sS'help'
p2018
I77
sS"don't"
p2019
I38
sS'september'
p2020
I76
sS'nighter'
p2021
I77
sS'brotha'
p2022
I76
sS'vicodins'
p2023
I77
sS'jarod'
p2024
I77
sS'soon'
p2025
I64
sS'friess'
p2026
I77
sS'attitude'
p2027
I76
sS'paper'
p2028
I77
sS'through'
p2029
I74
sS'hell'
p2030
I77
sS'itt'
p2031
I73
sS'uve'
p2032
I77
sS'24'
p2033
I77
sS'25'
p2034
I77
sS'style'
p2035
I77
sS'20'
p2036
I76
sS'21'
p2037
I77
sS'22'
p2038
I77
sS'course)'
p2039
I77
sS'28'
p2040
I76
sS'actually'
p2041
I73
sS'late'
p2042
I76
sS'hehhehehehehe'
p2043
I77
sS'pad'
p2044
I75
sS'bout'
p2045
I72
sS'cutie'
p2046
I72
sS'might'
p2047
I75
sS'hahahahahha'
p2048
I77
sS"haven't"
p2049
I63
sS'fool'
p2050
I77
sS'good'
p2051
I36
sS'somebody'
p2052
I77
sS'yo'
p2053
I74
sS'balotelli'
p2054
I77
sS'ya'
p2055
I65
sS'ye'
p2056
I76
sS'peeing'
p2057
I77
sS'walls'
p2058
I77
sS'hahahahahaha'
p2059
I75
sS"you've"
p2060
I75
sS'party'
p2061
I70
sS'foot'
p2062
I77
sS'ninja'
p2063
I77
sS"beyonc\xc3\xa9's"
p2064
I77
sS'mystery'
p2065
I77
sS'easily'
p2066
I76
sS'exbosses'
p2067
I77
sS'fantasy'
p2068
I77
sS'always'
p2069
I57
sS'okaayy'
p2070
I76
sS'drake'
p2071
I76
sS'bless'
p2072
I77
sS'sameee'
p2073
I77
sS"nicole's"
p2074
I77
sS'turns'
p2075
I76
sS'found'
p2076
I73
sS'fairy'
p2077
I77
sS"isn't"
p2078
I71
sS'\xee\x8d\x8d\xee\x8d\x80\xee\x8c\xbf\xee\x8d\x81\xee\x8d\x8c\xee\x8d\x84\xee\x8c\xbd\xee\x84\xa0\xee\x8c\xbb\xee\x8d\x8d\xee\x8c\xba\xee\x8c\xbc\xee\x8d\x83\xee\x85\x87\xee\x90\xbf\xee\x8d\x86\xee\x8d\x8b\xee\x8d\x88\xee\x81\x86\xee\x8d\x87\xee\x8d\x8a\xee\x8c\xbb\xee\x8c\xbd'
p2079
I77
sS'everyone'
p2080
I63
sS'england'
p2081
I77
sS'shelfie'
p2082
I77
sS'weight'
p2083
I77
sS'capitalized'
p2084
I77
sS'generation'
p2085
I75
sS'house'
p2086
I66
sS'energy'
p2087
I77
sS'house)'
p2088
I65
sS'idea'
p2089
I75
sS'patty'
p2090
I77
sS'finish'
p2091
I77
sS'blues'
p2092
I77
sS'braided'
p2093
I77
sS'really'
p2094
I42
sS'anxious'
p2095
I77
sS'missed'
p2096
I74
sS'blacks'
p2097
I76
sS'walked'
p2098
I77
sS'since'
p2099
I71
sS'glendora'
p2100
I77
sS'loll'
p2101
I76
sS'misses'
p2102
I77
sS'hill'
p2103
I77
sS"they'll"
p2104
I76
sS'goorban'
p2105
I77
sS'caucasian'
p2106
I77
sS'ass'
p2107
I57
sS'vorov'
p2108
I77
sS'bass'
p2109
I77
sS'friday'
p2110
I76
sS'story'
p2111
I76
sS'gyot'
p2112
I74
sS'reason'
p2113
I75
sS'rated'
p2114
I77
sS'cookie'
p2115
I76
sS'\xee\x84\x86\xee\x84\x86\xee\x90\x98\xee\x90\x95\xee\x90\x98\xee\x90\x95'
p2116
I77
sS'imagine'
p2117
I76
sS'ask'
p2118
I73
sS'ankam'
p2119
I77
sS'bumpin'
p2120
I77
sS'beginning'
p2121
I77
sS'kamala'
p2122
I77
sS'lag'
p2123
I77
sS'bullying'
p2124
I77
sS'fuckimg'
p2125
I77
sS'w'
p2126
I67
sS'bumper'
p2127
I77
sS'neglected'
p2128
I77
sS'feed'
p2129
I77
sS'5pm'
p2130
I77
sS'dont'
p2131
I77
sS'feel'
p2132
I55
sS'relate'
p2133
I77
sS'ewwwww'
p2134
I77
sS'butterflies\xe2\x80\x9d'
p2135
I77
sS'welcome'
p2136
I77
sS'feet'
p2137
I75
sS'dust'
p2138
I77
sS'dint'
p2139
I77
sS'done'
p2140
I55
sS'pablo'
p2141
I76
sS'miss'
p2142
I53
sS"ilytoo('"
p2143
I77
sS'passes'
p2144
I77
sS'guess'
p2145
I74
sS'"'
p2146
I77
sS'guest'
p2147
I77
sS'22:30:19.0,34.24182728,-118.31255816,1014,i'
p2148
I77
sS'sucks:/'
p2149
I77
sS'4-5k'
p2150
I77
sS'mami'
p2151
I77
sS'audie'
p2152
I77
sS'passed'
p2153
I77
sS'arguing'
p2154
I77
sS'mama'
p2155
I74
sS'dumbass'
p2156
I76
sS'store'
p2157
I77
sS'headache'
p2158
I76
sS'(lake'
p2159
I77
sS'relationship'
p2160
I76
sS'helloooo'
p2161
I77
sS'park'
p2162
I77
sS'pari'
p2163
I77
sS'mmmm'
p2164
I76
sS'sharjes'
p2165
I77
sS'part'
p2166
I73
sS'jordan'
p2167
I74
sS'boots'
p2168
I77
sS'ashley'
p2169
I77
sS'believe'
p2170
I72
sS'stairs'
p2171
I77
sS'1st-degree'
p2172
I77
sS'albeit'
p2173
I77
sS'b'
p2174
I75
sS'gotten'
p2175
I77
sS'tisdale'
p2176
I77
sS'youth'
p2177
I77
sS'tummy'
p2178
I77
sS'greg'
p2179
I76
sS'risks'
p2180
I77
sS'rainnn'
p2181
I77
sS'caitlyn'
p2182
I77
sS'ousted'
p2183
I76
sS'deciding'
p2184
I77
sS'50349'
p2185
I77
sS'wasnt'
p2186
I77
sS'yeee'
p2187
I77
sS'lmaooooo'
p2188
I77
sS'randomly'
p2189
I77
sS'boosel'
p2190
I77
sS'illiterate'
p2191
I77
sS'ahahah'
p2192
I77
sS'cleaned'
p2193
I77
sS'"shit'
p2194
I77
sS'gooooodx'
p2195
I77
sS'karo'
p2196
I77
sS'choot'
p2197
I77
sS'dasssss'
p2198
I77
sS'nights'
p2199
I76
sS'built'
p2200
I77
sS'wokeup'
p2201
I76
sS'lil'
p2202
I73
sS'......;)'
p2203
I77
sS'self'
p2204
I77
sS'youuuuuuuuuuuuu\xe2\x80\x9d'
p2205
I77
sS'couch'
p2206
I77
sS'also'
p2207
I74
sS'lip'
p2208
I77
sS'sandwiches'
p2209
I77
sS'yeahh'
p2210
I76
sS'finding'
p2211
I77
sS'guitly'
p2212
I77
sS'eff'
p2213
I76
sS'family.\xe2\x80\x9d'
p2214
I77
sS'play'
p2215
I76
sS'2am'
p2216
I77
sS'steam'
p2217
I77
sS'most'
p2218
I66
sS'plan'
p2219
I76
sS'\xee\x90\x90\xee\x90\x90\xee\x90\x90'
p2220
I77
sS'exes'
p2221
I77
sS'nothing'
p2222
I72
sS'plz'
p2223
I77
sS'awks.,91042\n449387146336817152,rachelsmithers2,2014-03-28'
p2224
I77
sS'funnier'
p2225
I77
sS'blows"hahaha\xe2\x80\x9d'
p2226
I77
sS'kb'
p2227
I77
sS'incase'
p2228
I77
sS'sometimes'
p2229
I74
sS'wore'
p2230
I77
sS'bills'
p2231
I77
sS'km'
p2232
I77
sS'ziggy'
p2233
I77
sS'concepts'
p2234
I77
sS'ya,91042\n493475763971047425,holastormy,2014-07-27'
p2235
I77
sS'arten'
p2236
I77
sS'physics'
p2237
I77
sS'lying'
p2238
I77
sS"they're"
p2239
I76
sS'ugh'
p2240
I75
sS'golf'
p2241
I72
sS'grandmas'
p2242
I77
sS'wasted'
p2243
I77
sS'stfu'
p2244
I74
sS'fine'
p2245
I73
sS'find'
p2246
I70
sS'lmfaoooooooooooo'
p2247
I77
sS'sayin'
p2248
I77
sS'justice'
p2249
I77
sS'ruin'
p2250
I77
sS"geiger's"
p2251
I77
sS'bestfriends'
p2252
I77
sS'idiots'
p2253
I76
sS'pretty'
p2254
I67
sS'19:17:04.0,34.24570798,-118.28594442,1014,18,91042\n493464990662156288,holastormy,2014-07-27'
p2255
I77
sS'8'
p2256
I77
sS'obama'
p2257
I77
sS'03:45:17.0,34.24564634,-118.28595707,1014,hahaha'
p2258
I77
sS'his'
p2259
I67
sS'hit'
p2260
I76
sS'gains'
p2261
I77
sS'beyonc\xc3\xa9'
p2262
I76
sS"they'r"
p2263
I76
sS'tommorow'
p2264
I76
sS'sunny'
p2265
I76
sS'woosies'
p2266
I77
sS'famous'
p2267
I76
sS'hid'
p2268
I77
sS'longest'
p2269
I77
sS'during'
p2270
I70
sS'him'
p2271
I66
sS'whubby'
p2272
I77
sS'cry'
p2273
I73
sS'bird'
p2274
I77
sS'kitching'
p2275
I77
sS'lmfaoooooo'
p2276
I75
sS'laves'
p2277
I77
sS'marinaa'
p2278
I77
sS'wrote'
p2279
I76
sS'insane'
p2280
I76
sS'set'
p2281
I77
sS'art'
p2282
I75
sS'sameeeee'
p2283
I77
sS'throwing'
p2284
I76
sS'vine'
p2285
I77
sS'bozi'
p2286
I76
sS'sex'
p2287
I72
sS'brooooo'
p2288
I76
sS'see'
p2289
I52
sS'defense'
p2290
I77
sS'bare'
p2291
I77
sS'are'
p2292
I31
sS'headin'
p2293
I77
sS'close'
p2294
I76
sS'shower'
p2295
I77
sS'movin'
p2296
I77
sS'"reminder'
p2297
I77
sS"cashin'"
p2298
I77
sS'movie'
p2299
I73
sS'wow'
p2300
I74
sS'currently'
p2301
I76
sS'nutella'
p2302
I76
sS'innouts'
p2303
I77
sS'won'
p2304
I77
sS'nooskidstar'
p2305
I77
sS'probably'
p2306
I68
sS'wether'
p2307
I77
sS'nope'
p2308
I76
sS'compliment'
p2309
I75
sS'piss'
p2310
I77
sS'knowing'
p2311
I76
sS'korea'
p2312
I77
sS'recently'
p2313
I77
sS'missing'
p2314
I74
sS'intimidated'
p2315
I77
sS'attention'
p2316
I76
sS'lmfaooooooooooo'
p2317
I77
sS'dang'
p2318
I77
sS'succeed'
p2319
I77
sS'foothill'
p2320
I75
sS'ikk'
p2321
I77
sS'leo'
p2322
I77
sS'pissed'
p2323
I77
sS'both'
p2324
I76
sS'c'
p2325
I77
sS'feeling'
p2326
I66
sS'last'
p2327
I55
sS'license'
p2328
I77
sS'restaurant'
p2329
I76
sS'censor'
p2330
I77
sS'minus'
p2331
I77
sS'became'
p2332
I76
sS'8am'
p2333
I77
sS'annie'
p2334
I77
sS"we've"
p2335
I77
sS'pepperdine'
p2336
I77
sS'finds'
p2337
I77
sS'hungryy'
p2338
I77
sS'\xe2\x98\xba'
p2339
I77
sS'loaa'
p2340
I77
sS'point'
p2341
I75
sS'simple'
p2342
I74
sS'sweet'
p2343
I72
sS"history's"
p2344
I77
sS'whatever'
p2345
I74
sS'lake'
p2346
I77
sS'stancis'
p2347
I77
sS'derik'
p2348
I77
sS'tennessee'
p2349
I77
sS')-'
p2350
I77
sS'likes'
p2351
I76
sS'church'
p2352
I77
sS'rave'
p2353
I76
sS'sing'
p2354
I77
sS'acrid'
p2355
I77
sS'expensive'
p2356
I77
sS'dui'
p2357
I77
sS'due'
p2358
I76
sS'appears'
p2359
I77
sS'runner'
p2360
I77
sS'seshin'
p2361
I77
sS'dropping'
p2362
I76
sS'damn'
p2363
I64
sS'woke'
p2364
I75
sS'pm'
p2365
I75
sS'lived'
p2366
I77
sS'champion'
p2367
I76
sS'gay'
p2368
I77
sS"what's"
p2369
I69
sS'crack'
p2370
I77
sS'gas'
p2371
I77
sS'gar'
p2372
I77
sS'else'
p2373
I77
sS'awake'
p2374
I70
sS'oitnb'
p2375
I77
sS'towns'
p2376
I77
sS'idk.....lmfaolmfao'
p2377
I77
sS'perrier'
p2378
I77
sS'stolen'
p2379
I77
sS'look'
p2380
I64
sS'georgie'
p2381
I77
sS'straight'
p2382
I75
sS'impatiently'
p2383
I77
sS'vitiman'
p2384
I77
sS'forgetting'
p2385
I76
sS'while'
p2386
I63
sS'smart'
p2387
I73
sS'\xee\x90\xbc\xee\x81\x8b'
p2388
I77
sS'fun'
p2389
I67
sS'mitchell'
p2390
I77
sS'fuk'
p2391
I77
sS'pack'
p2392
I74
sS'headed-ness'
p2393
I77
sS'scheduled'
p2394
I77
sS'mclaren'
p2395
I77
sS'hoping'
p2396
I77
sS'everywhere'
p2397
I77
sS'rip'
p2398
I76
sS'w/me.repeat'
p2399
I77
sS'1000%'
p2400
I77
sS'shaxs\xe2\x9d\xa4\xef\xb8\x8f'
p2401
I77
sS'ready'
p2402
I71
sS'rid'
p2403
I76
sS'this"'
p2404
I77
sS'ohhhh'
p2405
I77
sS'retarded'
p2406
I77
sS'funny'
p2407
I70
sS'hahahahha'
p2408
I77
sS'shirt'
p2409
I77
sS'anymore'
p2410
I77
sS'uuuup'
p2411
I77
sS'mint'
p2412
I76
sS'9'
p2413
I76
sS'g.i'
p2414
I77
sS'frolf'
p2415
I77
sS'temporary'
p2416
I73
sS'dime'
p2417
I75
sS'yesterday'
p2418
I77
sS'alert'
p2419
I77
sS'badwood'
p2420
I77
sS'moment'
p2421
I76
sS'moving'
p2422
I75
sS'sandals'
p2423
I77
sS'stack'
p2424
I77
sS'arturo'
p2425
I77
sS'koonaar'
p2426
I77
sS'found"'
p2427
I77
sS'people"'
p2428
I77
sS"dad's"
p2429
I76
sS'ampa'
p2430
I77
sS'anybody'
p2431
I76
sS'county'
p2432
I77
sS'grind'
p2433
I77
sS'craves'
p2434
I77
sS'person'
p2435
I64
sS'cheer'
p2436
I77
sS'flags'
p2437
I77
sS'massage'
p2438
I77
sS'y'
p2439
I75
sS'five'
p2440
I77
sS'dark'
p2441
I77
sS'spend'
p2442
I74
sS'atchu'
p2443
I77
sS'mom'
p2444
I65
sS':)heard'
p2445
I77
sS'"like'
p2446
I77
sS'untz'
p2447
I77
sS"do'"
p2448
I77
sS'llolololol'
p2449
I77
sS'questions'
p2450
I76
sS'roasted'
p2451
I77
sS'useful'
p2452
I77
sS'234k'
p2453
I77
sS'prince'
p2454
I77
sS'cut'
p2455
I77
sS'cus'
p2456
I66
sS'$'
p2457
I77
sS'4-3v3r'
p2458
I77
sS'hated'
p2459
I76
sS'workers'
p2460
I77
sS'cuz'
p2461
I74
sS'overthinking'
p2462
I77
sS'parents'
p2463
I74
sS'crying'
p2464
I75
sS'homies'
p2465
I75
sS'snap'
p2466
I75
sS'guarantees'
p2467
I77
sS'\xee\x8c\x91\xee\x8c\x91'
p2468
I77
sS'excited'
p2469
I69
sS'hater'
p2470
I76
sS'bio'
p2471
I76
sS'"..."'
p2472
I77
sS'ight'
p2473
I77
sS'emergency'
p2474
I77
sS'big'
p2475
I73
sS'rebound'
p2476
I77
sS'mins'
p2477
I77
sS'game'
p2478
I64
sS'wbu'
p2479
I77
sS'bit'
p2480
I74
sS'everythin'
p2481
I77
sS'wings'
p2482
I77
sS'flannel'
p2483
I77
sS'knock'
p2484
I76
sS'success'
p2485
I77
sS'message'
p2486
I77
sS'fagot'
p2487
I77
sS'arthur'
p2488
I75
sS'popular'
p2489
I77
sS'paycheck,91042\n493475174675542017,holastormy,2014-07-27'
p2490
I77
sS'pippen'
p2491
I77
sS'healthy'
p2492
I77
sS'melville'
p2493
I77
sS'saturdays'
p2494
I77
sS'fucking'
p2495
I53
sS'spring'
p2496
I77
sS"aram's"
p2497
I77
sS'some'
p2498
I47
sS'back'
p2499
I57
sS'fernando'
p2500
I77
sS'understood'
p2501
I77
sS'lips'
p2502
I76
sS'loser'
p2503
I77
sS'lmfaoaoaoao'
p2504
I77
sS'".."'
p2505
I77
sS'transparent'
p2506
I77
sS'jackass"'
p2507
I77
sS'delivered'
p2508
I77
sS'absolutely'
p2509
I77
sS'shall'
p2510
I77
sS'per'
p2511
I77
sS'pee'
p2512
I77
sS'bellagio'
p2513
I77
sS'anna'
p2514
I76
sS'laughing'
p2515
I75
sS'be'
p2516
I20
sS'bf'
p2517
I76
sS'eating'
p2518
I74
sS'ba'
p2519
I76
sS'bb'
p2520
I76
sS'bc'
p2521
I75
sS'300'
p2522
I77
sS'lmaoooo'
p2523
I77
sS'kelsey'
p2524
I77
sS'laker'
p2525
I77
sS'bt'
p2526
I77
sS'step'
p2527
I76
sS'santa'
p2528
I77
sS'chick'
p2529
I77
sS'from'
p2530
I46
sS'chunty'
p2531
I77
sS'tripping'
p2532
I76
sS'rut'
p2533
I77
sS'shine'
p2534
I77
sS'faith'
p2535
I76
sS"j's"
p2536
I77
sS'anything'
p2537
I73
sS'netflix'
p2538
I75
sS'baes'
p2539
I77
sS'oatmeal'
p2540
I77
sS'awwww'
p2541
I77
sS'idk'
p2542
I66
sS'bish'
p2543
I77
sS'loodsvi'
p2544
I77
sS'hahahah'
p2545
I76
sS'block'
p2546
I77
sS'ppl'
p2547
I74
sS'seeing'
p2548
I76
sS'garbage'
p2549
I77
sS'dude'
p2550
I73
sS'into'
p2551
I73
sS'kunumen'
p2552
I77
sS'nigga'
p2553
I71
sS'changin'
p2554
I77
sS'ayyy'
p2555
I77
sS'france'
p2556
I77
sS'eskimo'
p2557
I77
sS'katie'
p2558
I77
sS'ontario'
p2559
I77
sS'spending'
p2560
I77
sS'ache'
p2561
I75
sS'lone'
p2562
I77
sS'ca)'
p2563
I75
sS'long'
p2564
I73
sS'fuckkkkkkkkkkkkk'
p2565
I77
sS"we're"
p2566
I75
sS'bruh'
p2567
I77
sS'forward'
p2568
I77
sS'bored'
p2569
I74
sS'scared'
p2570
I77
sS'himself'
p2571
I77
sS'boyf'
p2572
I77
sS'jacks'
p2573
I76
sS'tutored'
p2574
I77
sS'douchebag'
p2575
I77
sS'karen'
p2576
I77
sS'immigration'
p2577
I77
sS'boys'
p2578
I76
sS'ommfgggg'
p2579
I77
sS'scope'
p2580
I76
sS'posted'
p2581
I77
sS'info'
p2582
I75
sS'swagger'
p2583
I77
sS'biggie'
p2584
I76
sS'restaraunt'
p2585
I77
sS"hasn't"
p2586
I76
sS'us'
p2587
I70
sS'ur'
p2588
I72
sS'um'
p2589
I77
sS'thankyouuuuu'
p2590
I77
sS'uo'
p2591
I77
sS'erase'
p2592
I77
sS'highlight'
p2593
I77
sS'called'
p2594
I75
sS'"onig'
p2595
I77
sS'freak'
p2596
I76
sS'adults'
p2597
I77
sS'snapping'
p2598
I77
sS'chai'
p2599
I76
sS'metals'
p2600
I77
sS'single'
p2601
I76
sS'diverse'
p2602
I77
sS'birthday-_-'
p2603
I77
sS'cafe'
p2604
I77
sS'facebook'
p2605
I77
sS'disappoints'
p2606
I77
sS'lemon'
p2607
I77
sS'nah'
p2608
I70
sS'nai'
p2609
I76
sS'nap'
p2610
I72
sS'points'
p2611
I77
sS'backk'
p2612
I76
sS'tits'
p2613
I75
sS'angelesca'
p2614
I77
sS'kira'
p2615
I77
sS'nicole..a'
p2616
I77
sS'nice'
p2617
I72
sS'explaining'
p2618
I76
sS'papi'
p2619
I77
sS'energetic'
p2620
I77
sS'gross'
p2621
I76
sS'gyots'
p2622
I77
sS'understatement'
p2623
I77
sS'problems'
p2624
I75
sS'janelle'
p2625
I77
sS"m&m's"
p2626
I77
sS'drag'
p2627
I77
sS'aguilera'
p2628
I77
sS'bcos'
p2629
I77
sS'meals'
p2630
I77
sS'ago'
p2631
I72
sS'remix'
p2632
I76
sS'happier'
p2633
I76
sS'dawg.me'
p2634
I77
sS'aga'
p2635
I76
sS'heath'
p2636
I77
sS'impatient'
p2637
I77
sS'cooked'
p2638
I77
sS'hella'
p2639
I77
sS'2004'
p2640
I77
sS'drenched'
p2641
I77
sS'far'
p2642
I72
sS"she's"
p2643
I67
sS'nash'
p2644
I77
sS'"dag"'
p2645
I77
sS'hello'
p2646
I76
sS'once'
p2647
I72
sS'essay'
p2648
I77
sS'gu'
p2649
I77
sS'jason'
p2650
I76
sS'guessing'
p2651
I77
sS'scratch'
p2652
I77
sS'gf'
p2653
I76
sS'freakin'
p2654
I75
sS'go'
p2655
I33
sS'gn'
p2656
I73
sS'tweeted'
p2657
I75
sS'kate'
p2658
I77
sS'cody'
p2659
I77
sS'arin'
p2660
I77
sS'imanoom'
p2661
I77
sS'concerned'
p2662
I77
sS'tyty'
p2663
I77
sS'young'
p2664
I77
sS'send'
p2665
I75
sS'helpp'
p2666
I77
sS'blackman'
p2667
I77
sS'dislike'
p2668
I77
sS'fatal'
p2669
I77
sS'friendly'
p2670
I77
sS'sent'
p2671
I77
sS'nah?\xe2\x80\x9d'
p2672
I77
sS'garden'
p2673
I76
sS'avalon'
p2674
I77
sS'cod4'
p2675
I77
sS'wishes'
p2676
I76
sS'putting'
p2677
I76
sS'nominated'
p2678
I77
sS'muzzled'
p2679
I77
sS'telling'
p2680
I75
sS'wickity'
p2681
I77
sS":'))))"
p2682
I77
sS'sometimess'
p2683
I77
sS'entire'
p2684
I73
sS'alin'
p2685
I77
sS'michael'
p2686
I76
sS'try'
p2687
I66
sS'....mmmm'
p2688
I77
sS'min'
p2689
I77
sS'valle'
p2690
I77
sS'babbyyy\xe2\x9d\xa4\xef\xb8\x8f'
p2691
I77
sS'challenge'
p2692
I76
sS'hugsongtalk....;)'
p2693
I77
sS'someday'
p2694
I77
sS'oddball'
p2695
I77
sS'booty'
p2696
I76
sS'carter'
p2697
I77
sS'destroys'
p2698
I77
sS'favorites'
p2699
I77
sS'silly'
p2700
I77
sS'waking'
p2701
I73
sS'rubios'
p2702
I77
sS"badoyan's"
p2703
I77
sS'video'
p2704
I75
sS'picked'
p2705
I77
sS'breeeaaattthhhh'
p2706
I77
sS'twitters'
p2707
I77
sS'rivera'
p2708
I77
sS'power'
p2709
I77
sS'fix?"marley\'s'
p2710
I77
sS'giving'
p2711
I74
sS'firme'
p2712
I77
sS'vampire'
p2713
I76
sS'overwhelmed'
p2714
I77
sS'boosizahayel'
p2715
I77
sS'waiting'
p2716
I75
sS'indian'
p2717
I77
sS'twins'
p2718
I76
sS'equivalent'
p2719
I77
sS'body'
p2720
I77
sS'communicate'
p2721
I77
sS'ticketmaster'
p2722
I77
sS'pushing'
p2723
I77
sS'commercial'
p2724
I76
sS'punch'
p2725
I77
sS'eminem'
p2726
I75
sS'let'
p2727
I70
sS'others'
p2728
I77
sS'sexy'
p2729
I71
sS'invented'
p2730
I77
sS'desert'
p2731
I77
sS'irritating'
p2732
I77
sS'vacay'
p2733
I77
sS'great'
p2734
I64
sS'technical'
p2735
I77
sS'involved'
p2736
I77
sS'30'
p2737
I77
sS'spiced'
p2738
I76
sS'leaving'
p2739
I77
sS"1960's"
p2740
I77
sS'defeat'
p2741
I77
sS'opinion'
p2742
I77
sS'unpacking'
p2743
I77
sS'makes'
p2744
I72
sS'esqualetto'
p2745
I77
sS'pajama'
p2746
I77
sS'thats'
p2747
I76
sS'control'
p2748
I77
sS'apple'
p2749
I76
sS'win'
p2750
I74
sS'app'
p2751
I77
sS'manage'
p2752
I77
sS'thisss'
p2753
I77
sS'austria'
p2754
I77
sS'jackass'
p2755
I77
sS'(3/16)'
p2756
I77
sS'singing'
p2757
I76
sS'use'
p2758
I75
sS'hahahahaha'
p2759
I74
sS'crap'
p2760
I76
sS'che'
p2761
I77
sS'&'
p2762
I49
sS'chocolates'
p2763
I77
sS'viagra'
p2764
I77
sS'next'
p2765
I70
sS'few'
p2766
I76
sS'doubt'
p2767
I77
sS'd'
p2768
I77
sS'toy'
p2769
I77
sS'panel'
p2770
I77
sS'weirdest'
p2771
I77
sS'chip'
p2772
I77
sS'sort'
p2773
I77
sS'iverson'
p2774
I77
sS'popped'
p2775
I77
sS'babe'
p2776
I77
sS'gorrrrrr'
p2777
I77
sS'started'
p2778
I76
sS'aywaaaaywaaaa'
p2779
I77
sS'about'
p2780
I45
sS'dayyyy'
p2781
I77
sS'payne'
p2782
I77
sS'sore'
p2783
I76
sS'soooooooo'
p2784
I77
sS':-)'
p2785
I77
sS'baby'
p2786
I69
sS'tearing'
p2787
I77
sS'potential'
p2788
I77
sS'women'
p2789
I75
sS'annoy'
p2790
I77
sS'family"...you'
p2791
I77
sS'account'
p2792
I76
sS'balls'
p2793
I76
sS'fe"'
p2794
I77
sS'meek'
p2795
I77
sS'f'
p2796
I77
sS'this'
p2797
I19
sS'ride'
p2798
I75
sS'sad\xe2\x80\x9d'
p2799
I77
sS'stageit'
p2800
I77
sS'lmfaoooooooo'
p2801
I76
sS'kickkkkked'
p2802
I77
sS'island'
p2803
I77
sS'meet'
p2804
I70
sS'closing'
p2805
I77
sS'drops'
p2806
I74
sS'gerolsteiner'
p2807
I77
sS'bend'
p2808
I77
sS'tat'
p2809
I75
sS'uhmmm'
p2810
I77
sS'patrol'
p2811
I77
sS'bent'
p2812
I77
sS'plate'
p2813
I77
sS'nowshootout'
p2814
I77
sS'allowed'
p2815
I77
sS'halloween'
p2816
I75
sS'high'
p2817
I71
sS'day...thank'
p2818
I77
sS'something'
p2819
I66
sS'seriouslyyyy'
p2820
I77
sS'blvd'
p2821
I77
sS'stories'
p2822
I77
sS'tan'
p2823
I76
sS'onions'
p2824
I77
sS'rape'
p2825
I77
sS'sis'
p2826
I77
sS'sit'
p2827
I76
sS'stole'
p2828
I77
sS'anythinggg'
p2829
I77
sS'six'
p2830
I75
sS'sia'
p2831
I77
sS'pair'
p2832
I77
sS'gurl'
p2833
I77
sS'narb'
p2834
I77
sS'profile'
p2835
I77
sS'honda'
p2836
I77
sS'stop'
p2837
I66
sS'chow'
p2838
I77
sS'lmfaoo'
p2839
I74
sS'bothered'
p2840
I76
sS'notebook'
p2841
I77
sS'wrist'
p2842
I77
sS'taco'
p2843
I76
sS'hahahaha'
p2844
I71
sS'da'
p2845
I73
sS'fray'
p2846
I77
sS'tomato'
p2847
I77
sS'somethin'
p2848
I76
sS'realized'
p2849
I77
sS'amiryte'
p2850
I77
sS'whistle'
p2851
I77
sS'light'
p2852
I77
sS'talar'
p2853
I77
sS'reminders'
p2854
I77
sS'hum'
p2855
I77
sS'eyy'
p2856
I77
sS'honestly'
p2857
I70
sS'addiction'
p2858
I77
sS'aram'
p2859
I77
sS'bathing'
p2860
I77
sS'boxing'
p2861
I77
sS'soggy'
p2862
I77
sS'fattest'
p2863
I77
sS'move'
p2864
I77
sS'whilst'
p2865
I77
sS'130'
p2866
I77
sS"won't"
p2867
I76
sS'looks'
p2868
I71
sS"george's"
p2869
I77
sS"cakin'"
p2870
I77
sS'efrain'
p2871
I77
sS'bunch'
p2872
I76
sS'perfect'
p2873
I75
sS'lounge'
p2874
I76
sS'morning\xe2\x9c\x8c\xef\xb8\x8f'
p2875
I77
sS'tsk'
p2876
I77
sS'la'
p2877
I75
sS'brooo'
p2878
I77
sS'dr'
p2879
I77
sS'[pic]'
p2880
I76
sS'trinity'
p2881
I77
sS'spoiling'
p2882
I77
sS'total'
p2883
I77
sS'baaaaaae'
p2884
I77
sS'bye'
p2885
I66
sS'omfgg'
p2886
I77
sS'2013'
p2887
I77
sS'dad'
p2888
I73
sS'twerkin'
p2889
I77
sS'dam'
p2890
I77
sS'practice'
p2891
I77
sS'impressing'
p2892
I77
sS'dat'
p2893
I75
sS'mention'
p2894
I77
sS'pregaming'
p2895
I77
sS'hands'
p2896
I77
sS'front'
p2897
I76
sS'day'
p2898
I44
sS'dream.tomorrow'
p2899
I77
sS'10pm'
p2900
I76
sS'persuasion'
p2901
I77
sS'thanks\xe2\x80\x9d'
p2902
I77
sS'un-informed'
p2903
I77
sS'feast'
p2904
I77
sS'mode'
p2905
I76
sS'truth'
p2906
I75
sS'annnaaaa'
p2907
I77
sS'19:19:25.0,34.24565519,-118.2860164,1014,never'
p2908
I77
sS'glasses'
p2909
I77
sS'lie'
p2910
I77
sS'(7308'
p2911
I77
sS'doing'
p2912
I65
sS'gulirus'
p2913
I75
sS'mexkes'
p2914
I77
sS'related'
p2915
I77
sS'society'
p2916
I77
sS'mar'
p2917
I77
sS'our'
p2918
I70
sS'special'
p2919
I74
sS'out'
p2920
I31
sS'category'
p2921
I76
sS'istdeh'
p2922
I75
sS'rex'
p2923
I77
sS'nowadays'
p2924
I77
sS'bob'
p2925
I77
sS'yup'
p2926
I77
sS'chaos'
p2927
I76
sS'ricky'
p2928
I77
sS'wheneverrrrrrrrrr'
p2929
I77
sS'messenger'
p2930
I77
sS'please.\xe2\x80\x9d'
p2931
I77
sS'flushing'
p2932
I77
sS'hilarious'
p2933
I76
sS'hott'
p2934
I77
sS'garcetti'
p2935
I77
sS'cause'
p2936
I68
sS'math'
p2937
I76
sS'shitload'
p2938
I77
sS'already!!!,91042\n493638864301346819,holastormy,2014-07-28'
p2939
I77
sS'ugliest'
p2940
I77
sS'grunting'
p2941
I77
sS'molly'
p2942
I77
sS'70s'
p2943
I77
sS'completely'
p2944
I77
sS'please'
p2945
I71
sS'onn'
p2946
I77
sS'x'
p2947
I77
sS'baneeru'
p2948
I77
sS'sitting'
p2949
I77
sS'princess'
p2950
I76
sS'scary'
p2951
I76
sS'hunny'
p2952
I77
sS'mc\xe2\x80\x9d'
p2953
I77
sS'g'
p2954
I65
sS'could'
p2955
I68
sS'area'
p2956
I77
sS'spongebob'
p2957
I77
sS'times'
p2958
I73
sS'conversation'
p2959
I76
sS'4th'
p2960
I77
sS'(tujunga'
p2961
I76
sS'seriously,91042\n493603069607686145,holastormy,2014-07-28'
p2962
I77
sS'mein'
p2963
I77
sS'tita'
p2964
I77
sS'austin'
p2965
I77
sS'scare'
p2966
I77
sS'exam'
p2967
I77
sS'ihy'
p2968
I75
sS'anyone"'
p2969
I77
sS'tskrt'
p2970
I77
sS'scene'
p2971
I75
sS'jesus'
p2972
I77
sS'nigggga'
p2973
I77
sS'bitch'
p2974
I67
sS'enail'
p2975
I77
sS'quality'
p2976
I76
sS'owning'
p2977
I76
sS"you're"
p2978
I43
sS'abriss'
p2979
I77
sS'management'
p2980
I77
sS'smaller'
p2981
I77
sS'fair'
p2982
I77
sS'start'
p2983
I72
sS'festival'
p2984
I77
sS'ahh'
p2985
I77
sS'their'
p2986
I68
sS'attack'
p2987
I77
sS'txa,91042\n476076292207411200,bigbanked22,2014-06-09'
p2988
I77
sS'idfk'
p2989
I77
sS'wrapped'
p2990
I77
sS'nastiest'
p2991
I77
sS'painful'
p2992
I77
sS'photoshopped'
p2993
I77
sS'testing'
p2994
I77
sS'stomach'
p2995
I76
sS'ash'
p2996
I77
sS'exactly'
p2997
I75
sS'biggest'
p2998
I77
sS'verse'
p2999
I77
sS'grandpa'
p3000
I77
sS'gotchu'
p3001
I77
sS'remember'
p3002
I77
sS'ipad'
p3003
I77
sS'whatever\xe2\x80\x9d'
p3004
I77
sS'beb'
p3005
I77
sS'bother'
p3006
I76
sS'ghs'
p3007
I77
sS'bed'
p3008
I69
sS'instead,91042\n492510201270902785,holastormy,2014-07-25'
p3009
I77
sS'loves'
p3010
I76
sS'maybe'
p3011
I77
sS'kenny.,91042\n486213066397212672,holastormy,2014-07-07'
p3012
I77
sS'r1p1'
p3013
I77
sS'lovez'
p3014
I77
sS'12-18'
p3015
I77
sS'teenagers'
p3016
I77
sS'aywa'
p3017
I77
sS'tonight'
p3018
I58
sS'gunshots'
p3019
I77
sS'*i'
p3020
I77
sS'have'
p3021
I23
sS'need'
p3022
I48
sS'forsure\xe2\x80\xbc\xef\xb8\x8f'
p3023
I77
sS'goodies'
p3024
I77
sS'clearly'
p3025
I77
sS'babee'
p3026
I77
sS'sings'
p3027
I77
sS'bastard'
p3028
I77
sS'afraid'
p3029
I77
sS'lightweight'
p3030
I77
sS'dishes'
p3031
I76
sS'congrats'
p3032
I76
sS'mia'
p3033
I77
sS'studying'
p3034
I76
sS'oldd'
p3035
I77
sS'able'
p3036
I77
sS'mid'
p3037
I76
sS'hangover'
p3038
I77
sS"taco's"
p3039
I77
sS'mix'
p3040
I77
sS'concerns'
p3041
I77
sS'danica'
p3042
I77
sS'babes'
p3043
I77
sS'dreaming'
p3044
I77
sS'nutsssss'
p3045
I77
sS'disclosure'
p3046
I77
sS'brand'
p3047
I77
sS'toughest'
p3048
I77
sS'vist'
p3049
I77
sS'\xe2\x9b\x84\xef\xb8\x8f\xe2\x9b\x84\xef\xb8\x8f\xe2\x9b\x84\xef\xb8\x8f\xe2\x9b\x84\xef\xb8\x8f\xe2\x9b\x84\xef\xb8\x8f'
p3050
I77
sS'aww'
p3051
I76
sS'who'
p3052
I53
sS'murk'
p3053
I77
sS'disappointments'
p3054
I77
sS'wtffffffffffff'
p3055
I77
sS'but'
p3056
I33
sS'vultures'
p3057
I77
sS'why'
p3058
I43
sS'riiigghtttt'
p3059
I77
sS'sexyyyyyyy'
p3060
I77
sS'lines'
p3061
I77
sS'eachother'
p3062
I76
sS'visiting'
p3063
I77
sS'thanksgiving'
p3064
I77
sS'face'
p3065
I74
sS'looked'
p3066
I77
sS"you'll"
p3067
I73
sS'okaay'
p3068
I77
sS'mustache'
p3069
I77
sS'drop"1st'
p3070
I77
sS'fact'
p3071
I76
sS'$$$'
p3072
I77
sS'thriftin'
p3073
I77
sS'sells'
p3074
I77
sS'parker'
p3075
I76
sS'super'
p3076
I75
sS'chances'
p3077
I77
sS'text'
p3078
I73
sS"dreamin'"
p3079
I77
sS'bring'
p3080
I76
sS'shittttt'
p3081
I77
sS'ommgggg'
p3082
I77
sS'chicken'
p3083
I76
sS'determined'
p3084
I77
sS'debate'
p3085
I77
sS'nazouk'
p3086
I77
sS'promote'
p3087
I76
sS'('
p3088
I75
sS'should'
p3089
I62
sS'jan'
p3090
I76
sS'tape'
p3091
I75
sS'lemme'
p3092
I77
sS'scorpios'
p3093
I77
sS'piano'
p3094
I77
sS'margo'
p3095
I77
sS'local'
p3096
I77
sS'hope'
p3097
I70
sS'meant'
p3098
I76
sS'cube'
p3099
I77
sS'workin'
p3100
I77
sS'watching'
p3101
I64
sS'battles?\xe2\x80\x9d'
p3102
I77
sS'wishing'
p3103
I77
sS'dope'
p3104
I77
sS'overall'
p3105
I77
sS'lucky'
p3106
I76
sS'tbh'
p3107
I73
sS'awww'
p3108
I74
sS'ones'
p3109
I76
sS'perfection'
p3110
I77
sS'words'
p3111
I76
sS'burglary'
p3112
I77
sS'striped'
p3113
I77
sS'chips'
p3114
I77
sS'yeepp'
p3115
I77
sS'de'
p3116
I77
sS"kobe's"
p3117
I77
sS'the\xe2\x80\xa6'
p3118
I77
sS'brain'
p3119
I77
sS'married'
p3120
I76
sS'teblow'
p3121
I77
sS'stuff'
p3122
I74
sS'she'
p3123
I58
sS'shh'
p3124
I77
sS'grab'
p3125
I75
sS'booseel'
p3126
I77
sS'preach'
p3127
I75
sS'available'
p3128
I76
sS'btw'
p3129
I73
sS'temporarily'
p3130
I77
sS'hiring'
p3131
I77
sS'foodparadise'
p3132
I77
sS'ghoorban'
p3133
I77
sS'humans'
p3134
I77
sS'we'
p3135
I40
sS'gerz'
p3136
I77
sS'them\xe2\x80\xa6'
p3137
I77
sS'packed'
p3138
I76
sS'19:17:30.0,34.2456493,-118.28598688,1014,i'
p3139
I77
sS'closer'
p3140
I77
sS'stats'
p3141
I77
sS'wa'
p3142
I77
sS'insulting'
p3143
I77
sS'attempting'
p3144
I77
sS'dyrdek'
p3145
I77
sS'"forevers"\xe2\x80\x9d'
p3146
I77
sS'binders"'
p3147
I77
sS'attractiveness'
p3148
I77
sS'favor'
p3149
I77
sS'written'
p3150
I77
sS'difficulties'
p3151
I77
sS'routine'
p3152
I76
sS'progress'
p3153
I77
sS'league'
p3154
I77
sS'tashnagstustyoun\xe2\x9c\x8a'
p3155
I77
sS'frustrated'
p3156
I76
sS'email'
p3157
I75
sS'pants'
p3158
I77
sS'ends'
p3159
I76
sS'cinderella'
p3160
I77
sS'ability'
p3161
I76
sS'joy'
p3162
I77
sS'harkanknerus'
p3163
I77
sS'butts'
p3164
I77
sS'hogging'
p3165
I77
sS'kicking'
p3166
I77
sS'job'
p3167
I76
sS'kez'
p3168
I77
sS'armenia'
p3169
I74
sS'2pm'
p3170
I77
sS'faggot'
p3171
I77
sS'legit'
p3172
I76
sS'titties'
p3173
I77
sS'figured'
p3174
I77
sS'career'
p3175
I77
sS'joke'
p3176
I77
sS'taking'
p3177
I77
sS'etc'
p3178
I77
sS'admit'
p3179
I75
sS'383'
p3180
I77
sS'lechuga'
p3181
I77
sS'interesting'
p3182
I77
sS'"not'
p3183
I77
sS'comment'
p3184
I75
sS'gorgeous'
p3185
I76
sS'co'
p3186
I74
sS'alllllllll'
p3187
I77
sS'rosebowl'
p3188
I77
sS'wall'
p3189
I77
sS'18:31:34.0,34.24561666,-118.28594343,1014,it'
p3190
I77
sS'walk'
p3191
I77
sS'commend'
p3192
I77
sS'taylor'
p3193
I77
sS'laugh'
p3194
I75
sS'news'
p3195
I77
sS'leaked'
p3196
I77
sS'cv'
p3197
I77
sS'lies'
p3198
I77
sS'puffs'
p3199
I77
sS'quit'
p3200
I77
sS'yay'
p3201
I74
sS"it's"
p3202
I24
sS'"just'
p3203
I77
sS'slowly'
p3204
I77
sS'creds'
p3205
I77
sS'bby'
p3206
I76
sS'ayskan'
p3207
I77
sS'soundyou'
p3208
I77
sS'killed'
p3209
I77
sS'>'
p3210
I72
sS'oth'
p3211
I77
sS'mike'
p3212
I77
sS'felix'
p3213
I77
sS'sahleb'
p3214
I77
sS'painted'
p3215
I76
sS'moved'
p3216
I77
sS'awwwww'
p3217
I77
sS'policy'
p3218
I77
sS'finished'
p3219
I76
sS'accident'
p3220
I77
sS'woooooooo'
p3221
I77
sS'mannequin'
p3222
I77
sS'graphics'
p3223
I77
sS'ravens'
p3224
I77
sS'present'
p3225
I77
sS'homes'
p3226
I77
sS'eyelashes'
p3227
I77
sS'criminal'
p3228
I77
sS'couple'
p3229
I77
sS'plain'
p3230
I77
sS'ownn'
p3231
I77
sS'brat'
p3232
I77
sS'harder'
p3233
I76
sS'hahahahahahah'
p3234
I77
sS'agam'
p3235
I75
sS'will'
p3236
I58
sS'hahaha'
p3237
I73
sS'pictures'
p3238
I77
sS"nobody's"
p3239
I77
sS'hahahh'
p3240
I77
sS'k00lrr4nger'
p3241
I77
sS',91042\n496060521532366849,tonicorbani,2014-08-03'
p3242
I77
sS'pantie'
p3243
I77
sS'toors'
p3244
I77
sS'almost'
p3245
I71
sS'business....&'
p3246
I77
sS'helped'
p3247
I77
sS'ay'
p3248
I77
sS'avo'
p3249
I77
sS'avi'
p3250
I77
sS'lifetime'
p3251
I77
sS'uggs'
p3252
I77
sS'whore'
p3253
I74
sS'tattoo'
p3254
I75
sS'tupac'
p3255
I76
sS'goddess'
p3256
I77
sS'now!"'
p3257
I77
sS'gandonucun'
p3258
I77
sS'swift'
p3259
I77
sS'man,91042\n474655041702223872,bigbanked22,2014-06-05'
p3260
I77
sS"pau's"
p3261
I77
sS'inch'
p3262
I76
sS'wakeup'
p3263
I74
sS'gets'
p3264
I76
sS"marine's"
p3265
I77
sS'ball'
p3266
I77
sS'selfish'
p3267
I77
sS'promo'
p3268
I77
sS'premiere'
p3269
I77
sS'drink'
p3270
I76
sS'upon'
p3271
I77
sS'fucker'
p3272
I76
sS'beast'
p3273
I76
sS'hunnies'
p3274
I77
sS'fucked'
p3275
I71
sS'khunteeru'
p3276
I77
sS'mech'
p3277
I77
sS'off'
p3278
I54
sS'center'
p3279
I76
sS'lunch'
p3280
I75
sS'i'
p3281
I2
sS'phat'
p3282
I77
sS'well'
p3283
I64
sS'thought'
p3284
I74
sS'tricks'
p3285
I77
sS'kulookh'
p3286
I77
sS'con'
p3287
I77
sS'apartt'
p3288
I77
sS'usual'
p3289
I77
sS'restore'
p3290
I77
sS'stores'
p3291
I77
sS'paus'
p3292
I77
sS'cried'
p3293
I77
sS'less'
p3294
I72
sS'moments'
p3295
I77
sS"should've"
p3296
I74
sS'whyyyyyy'
p3297
I77
sS'omagawd'
p3298
I77
sS'mann'
p3299
I77
sS'bishh'
p3300
I77
sS'paul'
p3301
I75
sS'happiness'
p3302
I75
sS'taken'
p3303
I77
sS'lolololol'
p3304
I77
sS'raves'
p3305
I77
sS'ads'
p3306
I76
sS'titts'
p3307
I75
sS'bell'
p3308
I76
sS'smith'
p3309
I76
sS'wash'
p3310
I77
sS'realize'
p3311
I73
sS'monae'
p3312
I77
sS'dog-piss'
p3313
I77
sS'hhhhmmmmmm'
p3314
I77
sS'riverside'
p3315
I77
sS'friendly."'
p3316
I77
sS'kick'
p3317
I74
sS'raven'
p3318
I76
sS'26"'
p3319
I77
sS"who's"
p3320
I77
sS'utah'
p3321
I77
sS'leena'
p3322
I77
sS'cruz'
p3323
I77
sS'5am'
p3324
I77
sS'know'
p3325
I44
sS'bottoms'
p3326
I77
sS'dese'
p3327
I77
sS'25%'
p3328
I77
sS'mhm'
p3329
I77
sS'like'
p3330
I20
sS'lost'
p3331
I75
sS'miami'
p3332
I77
sS'ring'
p3333
I77
sS'beyrutci'
p3334
I76
sS'candy'
p3335
I76
sS'lose'
p3336
I77
sS'garage'
p3337
I77
sS'armani'
p3338
I77
sS'james'
p3339
I77
sS'become'
p3340
I75
sS'works'
p3341
I75
sS'virginity'
p3342
I77
sS'poor'
p3343
I77
sS'r.i.p.d'
p3344
I77
sS'because'
p3345
I68
sS'pauline'
p3346
I77
sS'twitter'
p3347
I69
sS'alive'
p3348
I77
sS'hair'
p3349
I75
sS'platforms'
p3350
I77
sS'shet'
p3351
I76
sS'homo'
p3352
I77
sS'flush'
p3353
I77
sS'home'
p3354
I57
sS'liking'
p3355
I77
sS'blaghh'
p3356
I77
sS'taylor.\xe2\x80\x9d'
p3357
I77
sS'happens'
p3358
I76
sS'"what'
p3359
I77
sS'est'
p3360
I77
sS'shiiiit'
p3361
I77
sS'lead'
p3362
I77
sS"gettin'"
p3363
I77
sS'literally'
p3364
I63
sS':-d'
p3365
I77
sS'appreciative'
p3366
I77
sS'does'
p3367
I71
sS'noosi'
p3368
I77
sS'kaylie'
p3369
I77
sS'forgiven'
p3370
I77
sS'bosses'
p3371
I77
sS'hokis'
p3372
I77
sS'leader'
p3373
I77
sS'esh'
p3374
I77
sS'blowing'
p3375
I77
sS'shoodovhampere'
p3376
I77
sS'slut'
p3377
I77
sS'jack'
p3378
I77
sS'although'
p3379
I77
sS'pasta'
p3380
I77
sS'hokisssss'
p3381
I77
sS'r'
p3382
I77
sS'03:26:59.0,34.24240689,-118.31532117,1014,back'
p3383
I77
sS'stage'
p3384
I76
sS'sister'
p3385
I74
sS'loserrrr'
p3386
I77
sS'actual'
p3387
I77
sS'puts'
p3388
I77
sS'getting'
p3389
I63
sS'freedom'
p3390
I77
sS'foil'
p3391
I77
sS'flake'
p3392
I77
sS'perks'
p3393
I77
sS'swear'
p3394
I69
sS'puppies'
p3395
I77
sS'documentary'
p3396
I76
sS'h8'
p3397
I77
sS'own'
p3398
I75
sS'wilderness'
p3399
I77
sS'rayizzzzzz'
p3400
I77
sS'errands'
p3401
I77
sS'evryone'
p3402
I77
sS'8/18'
p3403
I69
sS'ulta'
p3404
I77
sS'damnnn'
p3405
I77
sS'weather'
p3406
I76
sS'hotline'
p3407
I77
sS'now"'
p3408
I77
sS'female'
p3409
I77
sS'wack'
p3410
I77
sS'vai'
p3411
I77
sS'yaaaaaas'
p3412
I77
sS'*'
p3413
I77
sS'thiss'
p3414
I77
sS'describes'
p3415
I77
sS'notices'
p3416
I77
sS'maze'
p3417
I77
sS'naturally'
p3418
I77
sS'568'
p3419
I77
sS'buy'
p3420
I72
sS'alexa'
p3421
I77
sS'spelled'
p3422
I77
sS'kandi'
p3423
I77
sS"i've"
p3424
I64
sS'coke'
p3425
I77
sS'bitches'
p3426
I73
sS'hw'
p3427
I69
sS'forreal'
p3428
I75
sS'hi'
p3429
I72
sS'goals'
p3430
I76
sS'bratwurst'
p3431
I77
sS'beat'
p3432
I77
sS'ha'
p3433
I76
sS'eat'
p3434
I69
sS'bud'
p3435
I77
sS'he'
p3436
I63
sS'count'
p3437
I77
sS'made'
p3438
I66
sS'wise'
p3439
I77
sS'places'
p3440
I77
sS'wish'
p3441
I63
sS'official'
p3442
I76
sS'juan&damaris'
p3443
I77
sS'te'
p3444
I77
sS'limit'
p3445
I77
sS'cake'
p3446
I76
sS'problem'
p3447
I76
sS'piece'
p3448
I75
sS'minutes'
p3449
I74
sS'eyes*'
p3450
I76
sS'isdteh'
p3451
I77
sS'cmon'
p3452
I77
sS'pic'
p3453
I73
sS'pie'
p3454
I76
sS'maroon'
p3455
I77
sS'uuuugh'
p3456
I77
sS'sibling'
p3457
I77
sS'jenni'
p3458
I77
sS'talker"'
p3459
I77
sS'shooting'
p3460
I76
sS'unsocial'
p3461
I76
sS'eric'
p3462
I75
sS'spell'
p3463
I77
sS'babbes'
p3464
I77
sS'incredible'
p3465
I77
sS'dressed'
p3466
I77
sS'45'
p3467
I77
sS'40'
p3468
I77
sS'lately'
p3469
I72
sS'deserved'
p3470
I77
sS'other'
p3471
I74
sS'popping'
p3472
I77
sS'sick'
p3473
I74
sS'needtobreathe'
p3474
I77
sS'jamming'
p3475
I77
sS'havasu'
p3476
I77
sS'monday'
p3477
I75
sS'class'
p3478
I72
sS"kev's"
p3479
I77
sS'stay'
p3480
I72
sS'ommffgg'
p3481
I77
sS'chance'
p3482
I76
sS'accomplish'
p3483
I77
sS'kinda'
p3484
I75
sS'momma'
p3485
I77
sS'friends'
p3486
I63
sS'goin'
p3487
I76
sS'using'
p3488
I77
sS'kardashian'
p3489
I77
sS'pnd'
p3490
I77
sS'99.9%'
p3491
I77
sS'friendly"'
p3492
I77
sS'understand'
p3493
I74
sS'gardens'
p3494
I77
sS'axperusss'
p3495
I77
s.