(dp0
S''
p1
I1
sS'raining'
p2
I59
sS'msgs'
p3
I59
sS'hitch'
p4
I59
sS'sleep'
p5
I51
sS'hanging'
p6
I59
sS'hate'
p7
I50
sS'allll'
p8
I58
sS'tweet'
p9
I58
sS'caused'
p10
I59
sS'sorry'
p11
I57
sS'pride'
p12
I59
sS'updated'
p13
I59
sS'cavaliers'
p14
I59
sS'every'
p15
I57
sS'jack'
p16
I59
sS'bringing'
p17
I59
sS'school'
p18
I57
sS'skills'
p19
I59
sS'wednesday'
p20
I56
sS'"don\'t'
p21
I59
sS'ups'
p22
I59
sS'enjoy'
p23
I59
sS'sleeeeeep'
p24
I59
sS'tired'
p25
I57
sS'likely'
p26
I59
sS'street'
p27
I57
sS',91331\n502583457919533057,itss_barbara,2014-08-21'
p28
I59
sS'n'
p29
I56
sS'panda'
p30
I58
sS'even'
p31
I51
sS'army'
p32
I59
sS"this'll"
p33
I59
sS'wreck'
p34
I59
sS'bull\xe2\x80\x9d'
p35
I59
sS'hahahahahahahahaha'
p36
I58
sS'mlp'
p37
I52
sS'f*ck'
p38
I59
sS'money..wtf'
p39
I59
sS'lights'
p40
I59
sS'beater'
p41
I59
sS'new'
p42
I48
sS'ever'
p43
I56
sS'told'
p44
I54
sS'never'
p45
I45
sS'here'
p46
I54
sS'hundreds'
p47
I59
sS'met'
p48
I59
sS'100'
p49
I59
sS'<---'
p50
I59
sS'joking***'
p51
I59
sS'kudos'
p52
I59
sS'2014.\xe2\x80\x9d'
p53
I59
sS'-_________-'
p54
I59
sS'glo'
p55
I59
sS'k'
p56
I58
sS'cindy'
p57
I59
sS'\xe2\x9c\x94\xef\xb8\x8f'
p58
I59
sS"i'm"
p59
I20
sS'golden'
p60
I59
sS'bro'
p61
I35
sS'txt'
p62
I57
sS'would'
p63
I47
sS'baleado'
p64
I59
sS'played'
p65
I53
sS'elias\xe2\x80\xa6'
p66
I59
sS'negative'
p67
I58
sS'borrow'
p68
I59
sS'damn!,91331\n504303533559009281,davidrodgriguez,2014-08-26'
p69
I59
sS'call'
p70
I53
sS"coast's"
p71
I59
sS'type'
p72
I59
sS'tell'
p73
I54
sS'breathe'
p74
I59
sS'arrree'
p75
I59
sS'sushi'
p76
I54
sS'successful'
p77
I59
sS'haha'
p78
I26
sS'wars'
p79
I59
sS'phone'
p80
I54
sS'90'
p81
I59
sS',91331\n514469933502066688,davidrodgriguez,2014-09-23'
p82
I59
sS'??\xe2\x80\x9d'
p83
I59
sS'hola'
p84
I59
sS'must'
p85
I58
sS'me'
p86
I9
sS'join'
p87
I59
sS',91331\n502589322575773696,itss_barbara,2014-08-21'
p88
I59
sS'work'
p89
I40
sS'mi'
p90
I58
sS'mj'
p91
I59
sS'movies'
p92
I59
sS'unfollowing'
p93
I59
sS'sweeter'
p94
I59
sS'root'
p95
I59
sS'vodka'
p96
I59
sS'casita'
p97
I59
sS'give'
p98
I56
sS'smh,91331\n493795536206430209,tirado_97,2014-07-28'
p99
I59
sS'homie'
p100
I53
sS'want'
p101
I43
sS'gordo'
p102
I59
sS'times'
p103
I56
sS'espn)\xe2\x80\x9d'
p104
I59
sS'hoe'
p105
I58
sS'end'
p106
I58
sS'trill'
p107
I59
sS'thing'
p108
I51
sS'macys'
p109
I59
sS'hov'
p110
I59
sS'how'
p111
I35
sS'hot'
p112
I56
sS'rookie'
p113
I59
sS'interview'
p114
I59
sS'disappoint'
p115
I59
sS'beach'
p116
I59
sS'viejon'
p117
I59
sS"get'em"
p118
I59
sS'bday'
p119
I54
sS'after'
p120
I51
sS'wrong'
p121
I56
sS'jales'
p122
I59
sS'salsa'
p123
I59
sS'bffff'
p124
I59
sS'danny'
p125
I58
sS'padre'
p126
I59
sS'appreciate'
p127
I59
sS'green'
p128
I59
sS'things'
p129
I57
sS'yeeeee'
p130
I59
sS'1000'
p131
I59
sS'$450000'
p132
I59
sS'wine'
p133
I59
sS'georgy'
p134
I57
sS'over'
p135
I50
sS'fall'
p136
I59
sS'fonzy'
p137
I58
sS'oven'
p138
I59
sS'before'
p139
I55
sS'ima'
p140
I49
sS'yesterday.,91331\n415700634512285696,javier_bula,2013-12-25'
p141
I59
sS'personal'
p142
I59
sS'crew'
p143
I59
sS'better'
p144
I52
sS'fade'
p145
I59
sS'imy'
p146
I58
sS'weeks'
p147
I58
sS'prius'
p148
I59
sS'then'
p149
I50
sS'them'
p150
I48
sS"we'll"
p151
I59
sS'break'
p152
I59
sS'bang'
p153
I58
sS'reaches'
p154
I59
sS'they'
p155
I44
sS'schools'
p156
I59
sS'one'
p157
I37
sS'calvinist'
p158
I59
sS'oxygen'
p159
I59
sS'sleepless'
p160
I58
sS'chuck'
p161
I56
sS'alexis'
p162
I58
sS'timeout'
p163
I59
sS'each'
p164
I58
sS'went'
p165
I56
sS'side'
p166
I57
sS'carlos'
p167
I59
sS'mean'
p168
I57
sS'candy'
p169
I59
sS'series'
p170
I59
sS'celebrating'
p171
I59
sS'taught'
p172
I58
sS'forgot'
p173
I58
sS'saturday'
p174
I55
sS'rt'
p175
I49
sS'gon'
p176
I59
sS'sluts'
p177
I59
sS'god'
p178
I58
sS'hooked'
p179
I59
sS'content'
p180
I59
sS'smh'
p181
I52
sS'got'
p182
I36
sS'newly'
p183
I59
sS'vete'
p184
I59
sS'hahahahahahahahahahaha'
p185
I59
sS'looong'
p186
I59
sS'free'
p187
I56
sS'ramos'
p188
I59
sS'struggle'
p189
I59
sS'yr...\xe2\x80\x9d'
p190
I59
sS'wanted'
p191
I58
sS'heat'
p192
I58
sS'mvp'
p193
I59
sS'ate'
p194
I59
sS'days'
p195
I51
sS'+1'
p196
I59
sS"dh's"
p197
I59
sS'dodgeball'
p198
I59
sS'already'
p199
I48
sS'grade'
p200
I58
sS'hoop'
p201
I57
sS'perkins'
p202
I59
sS'hook'
p203
I57
sS'another'
p204
I59
sS'force'
p205
I59
sS'blunts'
p206
I59
sS'anyone'
p207
I55
sS'basketball'
p208
I59
sS"'merica"
p209
I59
sS'dogg'
p210
I59
sS'top'
p211
I56
sS'03:26:59.0,34.25715448,-118.41983353,1046.20,i'
p212
I59
sS'girls'
p213
I48
sS'needed'
p214
I58
sS'dumbass'
p215
I56
sS'too'
p216
I40
sS'listen'
p217
I59
sS'gym'
p218
I54
sS'2am'
p219
I59
sS'took'
p220
I57
sS'nahh'
p221
I57
sS'peeps<3'
p222
I59
sS'target'
p223
I59
sS'scenes'
p224
I59
sS'shower'
p225
I59
sS'friend'
p226
I59
sS'feeling'
p227
I52
sS'legislato(jones)'
p228
I59
sS":)can't"
p229
I59
sS'exploring'
p230
I59
sS'ran'
p231
I59
sS'smokes'
p232
I59
sS'mind'
p233
I59
sS'mine'
p234
I58
sS'talking'
p235
I52
sS'ras'
p236
I59
sS'seen'
p237
I57
sS'mins'
p238
I57
sS'ray'
p239
I59
sS'-'
p240
I51
sS'snow'
p241
I58
sS'mariano'
p242
I59
sS'causing'
p243
I59
sS'doors'
p244
I59
sS'laughed'
p245
I59
sS'randle'
p246
I59
sS'blue'
p247
I57
sS'suppppper'
p248
I59
sS'kelly'
p249
I59
sS'daaaat'
p250
I59
sS'amanesida'
p251
I59
sS'don'
p252
I59
sS'alarm'
p253
I58
sS'doe'
p254
I59
sS'freeway'
p255
I59
sS'related"'
p256
I59
sS'definitely'
p257
I59
sS'barbering'
p258
I59
sS'dos'
p259
I59
sS'came'
p260
I58
sS'saying'
p261
I54
sS"norris'"
p262
I59
sS'bomb'
p263
I58
sS'ending'
p264
I58
sS'pops'
p265
I59
sS'eliminated'
p266
I59
sS'busy'
p267
I58
sS'cousins'
p268
I58
sS'rich'
p269
I59
sS'do'
p270
I48
sS'dm'
p271
I59
sS'di'
p272
I59
sS'de'
p273
I58
sS'stop'
p274
I53
sS"lolita's"
p275
I59
sS'nasty'
p276
I56
sS'slack'
p277
I59
sS'bar'
p278
I58
sS'fields'
p279
I59
sS'hello'
p280
I59
sS'twice'
p281
I58
sS'bad'
p282
I47
sS'ruins'
p283
I59
sS'headed'
p284
I59
sS'chilllllll'
p285
I57
sS'liquor'
p286
I59
sS'goodnight'
p287
I58
sS'fail'
p288
I57
sS'news'
p289
I59
sS'yes'
p290
I59
sS'best'
p291
I53
sS'brazil'
p292
I59
sS'said'
p293
I54
sS'away'
p294
I56
sS'salute\xe2\x9c\x8a\xe2\x9c\x8a'
p295
I59
sS'score'
p296
I59
sS'hopefully'
p297
I59
sS'22:53:26.0,34.26214183,-118.42712302,1046.20,i'
p298
I59
sS'we'
p299
I31
sS'omg'
p300
I59
sS'league."\xe2\x80\x9d'
p301
I59
sS'weak'
p302
I57
sS'boss'
p303
I58
sS'cut'
p304
I58
sS'bosh'
p305
I58
sS'wear'
p306
I57
sS'wtf'
p307
I51
sS'cousin'
p308
I59
sS'havnt'
p309
I59
sS'19:41:28.0,34.26300707,-118.42584256,1046.20,i'
p310
I59
sS'kitchen'
p311
I59
sS'17:51:25.0,34.26107263,-118.42316005,1046.20,my'
p312
I59
sS'tfti'
p313
I59
sS'country'
p314
I59
sS'fags'
p315
I59
sS'against'
p316
I56
sS'm\xc3\xbcller'
p317
I59
sS'games'
p318
I55
sS'bet'
p319
I59
sS"sheriff's"
p320
I59
sS'argue'
p321
I58
sS'asked'
p322
I59
sS'uno'
p323
I59
sS'30th'
p324
I59
sS'josh'
p325
I58
sS'hairline'
p326
I59
sS'tony'
p327
I59
sS"23:52:44.0,34.25327562,-118.41864305,1046.20,i'm"
p328
I59
sS'hijo'
p329
I58
sS'pregame'
p330
I59
sS'"you'
p331
I59
sS'been'
p332
I40
sS'josss'
p333
I59
sS'beer'
p334
I50
sS'much'
p335
I52
sS'oooooh'
p336
I59
sS'puto'
p337
I59
sS'lovely'
p338
I59
sS"chillin'"
p339
I59
sS'life'
p340
I50
sS'yessssss'
p341
I59
sS'damn..flubber'
p342
I59
sS'sooooo'
p343
I59
sS'kids'
p344
I57
sS'chile'
p345
I58
sS'catch'
p346
I57
sS'worked'
p347
I58
sS'chux'
p348
I59
sS'chill'
p349
I54
sS'remy'
p350
I58
sS'air'
p351
I59
sS'ugly'
p352
I56
sS'suppose'
p353
I58
sS'voice'
p354
I59
sS'widdit'
p355
I59
sS'loooove'
p356
I59
sS'seven'
p357
I59
sS'mexico'
p358
I59
sS'is'
p359
I15
sS'kyrie\xe2\x80\x99s'
p360
I59
sS'it'
p361
I17
sS'player'
p362
I50
sS'cant'
p363
I59
sS'im'
p364
I57
sS'in'
p365
I11
sS'sells'
p366
I59
sS'ig'
p367
I57
sS'if'
p368
I43
sS'preachin'
p369
I59
sS'jerru'
p370
I59
sS'nike'
p371
I59
sS'lmaoooooo'
p372
I59
sS'make'
p373
I49
sS'15:31:18.0,34.26195701,-118.42754949,1046.20,my'
p374
I59
sS'hahah'
p375
I59
sS'hahaa'
p376
I59
sS'smoke'
p377
I59
sS'theodore'
p378
I59
sS'18:36:56.0,34.26175798,-118.42760403,1046.20,god'
p379
I59
sS'pick'
p380
I59
sS'tops'
p381
I59
sS'rain'
p382
I58
sS'hand'
p383
I59
sS'jealous'
p384
I58
sS'tune'
p385
I59
sS'kid'
p386
I54
sS'kept'
p387
I58
sS'1976'
p388
I59
sS'stixx'
p389
I59
sS'uploading'
p390
I59
sS'tho'
p391
I38
sS'nomore'
p392
I59
sS'hearts'
p393
I59
sS'the'
p394
I3
sS'camps'
p395
I59
sS'left'
p396
I55
sS'just'
p397
I25
sS'yea'
p398
I40
sS'||'
p399
I54
sS'thanks'
p400
I56
sS'22:30:08.0,34.2621777,-118.4270195,1046.20,that'
p401
I59
sS'yet'
p402
I59
sS'jose'
p403
I59
sS'haa'
p404
I59
sS'position.\xe2\x80\x9d'
p405
I59
sS'ooooh'
p406
I59
sS'has'
p407
I44
sS'hat'
p408
I59
sS'gave'
p409
I56
sS'dsel'
p410
I56
sS'cariso'
p411
I57
sS'life.\xe2\x80\x9d'
p412
I59
sS'roach'
p413
I58
sS'banda'
p414
I57
sS'12:30'
p415
I57
sS'gifs'
p416
I59
sS'50'
p417
I56
sS'steph'
p418
I59
sS'officer'
p419
I59
sS'night'
p420
I47
sS'"hurry'
p421
I59
sS'right'
p422
I40
sS'old'
p423
I54
sS'deal'
p424
I57
sS'people'
p425
I47
sS'sends'
p426
I59
sS',91331\n494366551177310209,tirado_97,2014-07-30'
p427
I59
sS'dead'
p428
I58
sS'born'
p429
I58
sS'dear'
p430
I59
sS'fuuuuck'
p431
I55
sS'vato'
p432
I59
sS'creep'
p433
I59
sS'tripped'
p434
I59
sS'for'
p435
I12
sS'bottom'
p436
I59
sS'ice'
p437
I58
sS'arguing'
p438
I59
sS'foo'
p439
I58
sS'damaso'
p440
I59
sS'deleted'
p441
I59
sS'losing'
p442
I59
sS'eye'
p443
I59
sS'post'
p444
I58
sS'trophy'
p445
I59
sS'months'
p446
I59
sS'burbank'
p447
I59
sS'dinner'
p448
I59
sS'*is'
p449
I59
sS'esperas'
p450
I59
sS'whats'
p451
I59
sS'lied'
p452
I59
sS'dannward'
p453
I58
sS'ahh'
p454
I58
sS'\xe2\x9c\x88\xef\xb8\x8f\xe2\x9c\x88\xef\xb8\x8f\xe2\x9c\x88\xef\xb8\x8f\xe2\x9c\x88\xef\xb8\x8f\xe2\x9c\x88\xef\xb8\x8f'
p455
I59
sS'whhhaaaaaa'
p456
I59
sS'son'
p457
I56
sS'down'
p458
I42
sS'knee'
p459
I59
sS'shoots'
p460
I59
sS'america'
p461
I59
sS'everything.\xe2\x80\x9d'
p462
I59
sS'panorama'
p463
I59
sS'fight'
p464
I59
sS'way'
p465
I51
sS'watch,91331\n496176102713221120,davidrodgriguez,2014-08-04'
p466
I59
sS'music'
p467
I58
sS'norris.\xe2\x80\x9d'
p468
I59
sS'was'
p469
I24
sS'happy'
p470
I49
sS'head'
p471
I57
sS'washed'
p472
I59
sS'northridge'
p473
I58
sS'offer'
p474
I59
sS'17:42:31.0,34.26197282,-118.42746012,1046.20,people'
p475
I59
sS'hear'
p476
I59
sS'true'
p477
I55
sS'23:37:36.0,34.26029957,-118.42330179,1046.20,my'
p478
I59
sS'hall)'
p479
I59
sS'supp'
p480
I59
sS'undefeated'
p481
I59
sS'inside'
p482
I59
sS'until'
p483
I59
sS'delete'
p484
I59
sS'"das'
p485
I59
sS',91331\n511946856042352642,davidrodgriguez,2014-09-16'
p486
I59
sS'drive'
p487
I58
sS'gilfoos'
p488
I59
sS'annoying'
p489
I59
sS'trip'
p490
I59
sS'shit'
p491
I22
sS'palestinian'
p492
I59
sS'dying'
p493
I58
sS'floor'
p494
I59
sS'when'
p495
I30
sS'tooooo'
p496
I58
sS'interested'
p497
I59
sS'15:52:02.0,34.26092729,-118.42312343,1046.20,hopefully'
p498
I59
sS'tie'
p499
I58
sS'depot'
p500
I59
sS'roll'
p501
I52
sS'picture'
p502
I56
sS"'s"
p503
I59
sS'sleep.\xe2\x80\x9d'
p504
I59
sS'welcome'
p505
I58
sS'ovaries'
p506
I59
sS'homework!?,91331\n514469874383351808,davidrodgriguez,2014-09-23'
p507
I59
sS"let's"
p508
I51
sS'chillllllllol'
p509
I59
sS'fell'
p510
I59
sS'colombia\xe2\x9c\x88\xef\xb8\x8fpacas'
p511
I59
sS'weekend'
p512
I54
sS'younger'
p513
I59
sS'longer'
p514
I59
sS'moved'
p515
I58
sS'<3|\xef\xbf\xa3\xef\xbf\xa3\xef\xbf\xa3\xef\xbf\xa3\xef\xbf\xa3'
p516
I58
sS'daily'
p517
I59
sS'time'
p518
I37
sS'push'
p519
I59
sS'songs'
p520
I59
sS'coach'
p521
I59
sS':)'
p522
I56
sS'switched'
p523
I59
sS'skip'
p524
I59
sS'ouch'
p525
I59
sS'maldito'
p526
I59
sS'manager'
p527
I59
sS'skate'
p528
I59
sS'/'
p529
I55
sS'skin'
p530
I59
sS'damn\xe2\x80\x9d'
p531
I59
sS'shot'
p532
I58
sS'21st'
p533
I59
sS'suicide'
p534
I59
sS'baller'
p535
I59
sS'ves'
p536
I59
sS'us.\xe2\x80\x9d'
p537
I59
sS"when's"
p538
I59
sS',91331\n491084317536186369,jorgieee_,2014-07-21'
p539
I59
sS'contemplating'
p540
I59
sS'818'
p541
I59
sS'0'
p542
I59
sS'balled'
p543
I58
sS'phone/twitz/fb'
p544
I59
sS'marks'
p545
I59
sS'\xe2\x9a\xbe\xef\xb8\x8f'
p546
I59
sS'tacos'
p547
I56
sS'vegas'
p548
I58
sS'stays'
p549
I59
sS'cook'
p550
I59
sS'trouble'
p551
I59
sS'memories\xe2\x80\x99'
p552
I59
sS'minute'
p553
I58
sS'cool'
p554
I54
sS'safe.,91331\n501531145612185600,cece_crenshaw12,2014-08-19'
p555
I59
sS'did'
p556
I50
sS'die'
p557
I56
sS'today,91331\n485019628448403456,citaaaperaza,2014-07-04'
p558
I59
sS'brother'
p559
I57
sS'team'
p560
I55
sS'quick'
p561
I59
sS'fuuuck'
p562
I56
sS'guy'
p563
I57
sS'round'
p564
I57
sS"it'll"
p565
I59
sS'shave'
p566
I59
sS'says'
p567
I58
sS'regret'
p568
I59
sS"yooooooooo'"
p569
I59
sS'bravo'
p570
I59
sS'run'
p571
I58
sS'bruhhhh'
p572
I59
sS'drinks'
p573
I58
sS'pozole'
p574
I59
sS'me!\xe2\x9d\xa4\xef\xb8\x8f,91331\n503329020788752384,tiffany_tobar,2014-08-23'
p575
I59
sS'will,91331\n502590650144260096,itss_barbara,2014-08-21'
p576
I59
sS'later,91331\n473638352940699649,dreaaa02,2014-06-03'
p577
I59
sS'melo'
p578
I59
sS'goes'
p579
I59
sS'reply'
p580
I59
sS'was!!!,91331\n502586785923620864,itss_barbara,2014-08-21'
p581
I59
sS'supporting'
p582
I59
sS'throooowwww'
p583
I59
sS'water'
p584
I59
sS'alone'
p585
I58
sS'change'
p586
I58
sS'wait'
p587
I54
sS'boy'
p588
I50
sS'my'
p589
I10
sS'lakers'
p590
I58
sS'ngl'
p591
I59
sS'kemp'
p592
I59
sS'usually'
p593
I59
sS'weird'
p594
I57
sS'dick'
p595
I57
sS'love'
p596
I39
sS'extra'
p597
I59
sS'03:56:25.0,34.2630625,-118.4250199,1046.20,girls'
p598
I59
sS'verga'
p599
I59
sS'wana'
p600
I59
sS'fake'
p601
I59
sS'everybody'
p602
I59
sS'siempre'
p603
I59
sS'working'
p604
I57
sS'prove'
p605
I59
sS'dude'
p606
I58
sS'only'
p607
I42
sS'france'
p608
I59
sS'suppp'
p609
I58
sS'live'
p610
I58
sS'iphone'
p611
I59
sS'films'
p612
I59
sS'truuuu'
p613
I59
sS'angels'
p614
I58
sS'today'
p615
I40
sS'club'
p616
I59
sS'beers'
p617
I59
sS'life<<<'
p618
I59
sS'riders'
p619
I59
sS'niggas'
p620
I54
sS'car'
p621
I58
sS'flu'
p622
I59
sS'purge'
p623
I58
sS'can'
p624
I50
sS'9th'
p625
I59
sS'kendrick'
p626
I59
sS'growing'
p627
I59
sS'making'
p628
I59
sS'texted'
p629
I59
sS'crazy'
p630
I55
sS'predict'
p631
I59
sS"didn't"
p632
I48
sS'fuck'
p633
I24
sS'heard'
p634
I57
sS'wayyyy'
p635
I59
sS'watching'
p636
I59
sS'freezer'
p637
I59
sS'1'
p638
I51
sS'till'
p639
I55
sS'sunday'
p640
I55
sS'pure'
p641
I59
sS'dope'
p642
I58
sS'vatos'
p643
I59
sS'staying'
p644
I59
sS'max'
p645
I59
sS'spot'
p646
I59
sS'mac'
p647
I59
sS'birthday'
p648
I54
sS'mad'
p649
I56
sS'date'
p650
I59
sS'such'
p651
I59
sS'suck'
p652
I59
sS'guys'
p653
I51
sS'mal'
p654
I59
sS'man'
p655
I46
sS'stress'
p656
I59
sS'remember'
p657
I52
sS'monroe<3'
p658
I59
sS'***im'
p659
I59
sS'q'
p660
I59
sS'jail'
p661
I59
sS'gha'
p662
I59
sS'tall'
p663
I59
sS'talk'
p664
I54
sS'typical'
p665
I59
sS'cute'
p666
I58
sS'years'
p667
I55
sS'terrace'
p668
I59
sS'managers'
p669
I58
sS'cold'
p670
I56
sS'still'
p671
I43
sS'group'
p672
I59
sS'thank'
p673
I58
sS"he's"
p674
I54
sS'jim'
p675
I59
sS'amazing'
p676
I58
sS"max's"
p677
I59
sS'17:57:23.0,34.26109468,-118.42328712,1046.20,dodgers'
p678
I59
sS'texas'
p679
I59
sS'happened'
p680
I55
sS"won't***"
p681
I59
sS'moms'
p682
I59
sS'introduce'
p683
I59
sS'lunch'
p684
I59
sS'now\xe2\x80\xa6so'
p685
I59
sS'half'
p686
I59
sS'not'
p687
I43
sS'vibe,91331\n494385491488157697,tirado_97,2014-07-30'
p688
I59
sS'now'
p689
I27
sS'bullshit'
p690
I59
sS'cop'
p691
I59
sS'name'
p692
I53
sS'january'
p693
I59
sS'pizza'
p694
I59
sS'em'
p695
I58
sS'el'
p696
I56
sS'lowkey'
p697
I58
sS'"fixing"'
p698
I59
sS"gf's"
p699
I59
sS'catching'
p700
I59
sS'ex'
p701
I59
sS'year'
p702
I51
sS'ft'
p703
I59
sS'girl'
p704
I52
sS'worried'
p705
I59
sS'es'
p706
I59
sS'living'
p707
I58
sS'idfwu'
p708
I59
sS'looking'
p709
I57
sS'seriously'
p710
I56
sS'stupid'
p711
I57
sS"shouldn't"
p712
I58
sS'valdes'
p713
I59
sS'bugging'
p714
I58
sS'tecate'
p715
I59
sS'shows'
p716
I59
sS'arthritis'
p717
I59
sS'million'
p718
I59
sS'boobs'
p719
I59
sS'california'
p720
I59
sS'grandma'
p721
I59
sS'care'
p722
I59
sS'yup'
p723
I57
sS'show"'
p724
I59
sS'honest'
p725
I58
sS'turn'
p726
I57
sS'always\xe2\x80\x9d'
p727
I59
sS'place'
p728
I59
sS'turf'
p729
I59
sS'513'
p730
I58
sS'yess'
p731
I59
sS'think'
p732
I40
sS'first'
p733
I48
sS'sanchez'
p734
I57
sS'quisiera'
p735
I59
sS'yourself'
p736
I59
sS'fast'
p737
I59
sS'sounds'
p738
I59
sS'open'
p739
I54
sS'tomorrow'
p740
I42
sS'city'
p741
I59
sS'little'
p742
I56
sS'checked'
p743
I59
sS'slept'
p744
I58
sS'reppin'
p745
I59
sS'2'
p746
I51
sS'draft'
p747
I59
sS'\xe2\x9c\x8b,91331\n485930593037733890,davidrodgriguez,2014-07-06'
p748
I59
sS'vnds'
p749
I59
sS'white'
p750
I56
sS'williams'
p751
I59
sS'gives'
p752
I58
sS'sexo\xe2\x80\x9d'
p753
I59
sS'that'
p754
I8
sS'season'
p755
I59
sS'memo'
p756
I55
sS'huh'
p757
I56
sS'fooled'
p758
I59
sS'sylmar'
p759
I58
sS'than'
p760
I53
sS'boyfriend'
p761
I59
sS'11'
p762
I56
sS'10'
p763
I56
sS'13'
p764
I59
sS'12'
p765
I48
sS'lmao'
p766
I20
sS'17'
p767
I59
sS'18'
p768
I59
sS'gotta'
p769
I43
sS'dissed'
p770
I59
sS'r'
p771
I59
sS'1%'
p772
I59
sS'were'
p773
I54
sS'lujos'
p774
I59
sS'and'
p775
I39
sS'20s'
p776
I59
sS'angel'
p777
I58
sS'pro'
p778
I59
sS'turned'
p779
I59
sS'argument'
p780
I59
sS'say'
p781
I52
sS'rained'
p782
I59
sS'breakfast'
p783
I59
sS'saw'
p784
I55
sS'any'
p785
I57
sS'kevin'
p786
I58
sS'arleta'
p787
I59
sS'take'
p788
I55
sS'sure'
p789
I53
sS'pain'
p790
I59
sS'normal'
p791
I59
sS'pendejos'
p792
I59
sS'knew'
p793
I58
sS'israeli'
p794
I59
sS'paid'
p795
I59
sS'right?\xe2\x80\x9d'
p796
I59
sS'cleared'
p797
I59
sS'forever'
p798
I58
sS'average'
p799
I59
sS'later'
p800
I59
sS'hungry'
p801
I57
sS'mrs'
p802
I59
sS'professional'
p803
I59
sS'smile(:\xe2\x80\x9d'
p804
I59
sS'shop'
p805
I59
sS'playoffs'
p806
I59
sS'ronaldinho'
p807
I59
sS'pffft'
p808
I59
sS'03:32:17.0,34.25638927,-118.42295006,1046.20,paul'
p809
I59
sS'shoe'
p810
I58
sS'aint'
p811
I59
sS'ronlado'
p812
I59
sS'finessing'
p813
I59
sS'3'
p814
I57
sS'tears'
p815
I58
sS'going'
p816
I44
sS'black'
p817
I57
sS'sierra'
p818
I59
sS'get'
p819
I32
sS'assistant'
p820
I59
sS'between'
p821
I58
sS'hooped'
p822
I59
sS'nearly'
p823
I59
sS'hooper'
p824
I59
sS'icarly'
p825
I59
sS'pimp'
p826
I59
sS'leather'
p827
I59
sS'primo'
p828
I59
sS'llol'
p829
I59
sS'morning'
p830
I55
sS":')"
p831
I54
sS'miles'
p832
I58
sS'clowns'
p833
I58
sS'where'
p834
I54
sS'16th'
p835
I59
sS'husband'
p836
I59
sS"y'all"
p837
I59
sS'committed'
p838
I59
sS"killin'"
p839
I59
sS'pacoima'
p840
I57
sS'parking'
p841
I58
sS'lng'
p842
I59
sS'fails'
p843
I59
sS'jumped'
p844
I59
sS'orrrr'
p845
I59
sS'outside'
p846
I58
sS'moons'
p847
I59
sS'06:01:26.0,34.26091229,-118.42305092,1046.20,ya'
p848
I59
sS'across'
p849
I59
sS'notice'
p850
I58
sS'jobs'
p851
I59
sS'august'
p852
I58
sS'screen'
p853
I59
sS'killing'
p854
I59
sS'jk'
p855
I59
sS'come'
p856
I55
sS'wacala'
p857
I59
sS'many'
p858
I59
sS'cumplir'
p859
I59
sS's'
p860
I59
sS'night/this'
p861
I59
sS'machete"'
p862
I59
sS"can't"
p863
I50
sS'comer'
p864
I59
sS'6:30'
p865
I59
sS'cancer'
p866
I59
sS'hurts'
p867
I59
sS'por'
p868
I57
sS'"baby'
p869
I59
sS"couldn't"
p870
I58
sS'yooooo'
p871
I59
sS'chip..\xe2\x80\x9d'
p872
I59
sS'cares'
p873
I57
sS'west'
p874
I57
sS'alves'
p875
I59
sS'dead!!!!,91331\n495737130425917440,delunajavier,2014-08-03'
p876
I59
sS'dildos.\xe2\x80\x9d'
p877
I59
sS'hardly'
p878
I59
sS'wants'
p879
I58
sS'robben'
p880
I58
sS"jordan's"
p881
I59
sS'chillll'
p882
I56
sS'dramatic'
p883
I58
sS'those'
p884
I47
sS'myself'
p885
I58
sS'21:14:49.0,34.26145753,-118.42788745,1046.20,awww'
p886
I59
sS'these'
p887
I51
sS'cash'
p888
I59
sS'pacers'
p889
I59
sS'succeed.~'
p890
I59
sS'beeeers'
p891
I59
sS'cock'
p892
I59
sS'taking'
p893
I57
sS'coffee'
p894
I57
sS'sleeping'
p895
I59
sS'middle'
p896
I59
sS'sudden'
p897
I57
sS'everyday'
p898
I59
sS'different'
p899
I59
sS'allllll'
p900
I59
sS'pay'
p901
I58
sS'same'
p902
I51
sS'check'
p903
I59
sS'food'
p904
I57
sS'stepped'
p905
I59
sS'edras'
p906
I59
sS'week'
p907
I56
sS'finish'
p908
I55
sS'barefoot'
p909
I59
sS'weed'
p910
I59
sS'barber'
p911
I57
sS'deff'
p912
I59
sS'benzema'
p913
I59
sS'mayra'
p914
I59
sS'\xe2\x9c\x8c\xef\xb8\x8f'
p915
I59
sS'no'
p916
I37
sS'without'
p917
I58
sS'comes'
p918
I59
sS'01:32:37.0,34.26338289,-118.42550507,1046.20,mcm'
p919
I59
sS'summer'
p920
I58
sS'being'
p921
I58
sS'money'
p922
I54
sS'rest'
p923
I59
sS'kill'
p924
I58
sS'touch'
p925
I59
sS'flavor'
p926
I59
sS'tonys'
p927
I59
sS'death'
p928
I58
sS'thinking'
p929
I55
sS'rose'
p930
I58
sS"everyone's"
p931
I59
sS'iphones'
p932
I59
sS'it\xe2\x80\x99s'
p933
I59
sS'lets'
p934
I58
sS'setting'
p935
I59
sS'ahhhh'
p936
I59
sS'4'
p937
I56
sS'chilllll'
p938
I57
sS'tuesday'
p939
I53
sS'real'
p940
I54
sS'starving'
p941
I59
sS'skalex'
p942
I55
sS'around'
p943
I57
sS'kills'
p944
I59
sS'read'
p945
I59
sS'sandman'
p946
I58
sS'gonna'
p947
I51
sS'early'
p948
I59
sS'mom'
p949
I58
sS'jays'
p950
I59
sS'world'
p951
I53
sS'dare'
p952
I59
sS'vending'
p953
I59
sS'pounds'
p954
I58
sS'sucias'
p955
I59
sS'gyms'
p956
I57
sS'(818)'
p957
I59
sS'tia'
p958
I59
sS't'
p959
I58
sS'hoes?"'
p960
I59
sS'served'
p961
I59
sS'higuain'
p962
I59
sS'11:16:48.0,34.25547109,-118.42273987,1046.20,ew'
p963
I59
sS'joking'
p964
I59
sS'madrid'
p965
I55
sS'eze'
p966
I59
sS'thinks'
p967
I57
sS'wiggins'
p968
I59
sS'-$40'
p969
I59
sS'bar\xc3\xa7a'
p970
I58
sS'memories'
p971
I59
sS'googled'
p972
I59
sS'moon'
p973
I59
sS'cellphone.\xe2\x80\x9d'
p974
I59
sS'hipster'
p975
I59
sS'06:10:16.0,34.26175337,-118.42740105,1046.20,what'
p976
I59
sS"scores....it's"
p977
I59
sS'reaaaaall'
p978
I59
sS'felt'
p979
I57
sS'kamehameha'
p980
I59
sS'jennette'
p981
I59
sS';)'
p982
I59
sS'exciting'
p983
I59
sS'palmdale'
p984
I59
sS'throw'
p985
I59
sS'on'
p986
I21
sS'pussy\xe2\x80\x9d'
p987
I59
sS'ok'
p988
I58
sS'oh'
p989
I50
sS'of'
p990
I19
sS'wolf'
p991
I59
sS'toothpaste'
p992
I59
sS'alec'
p993
I59
sS'or'
p994
I49
sS'lands'
p995
I59
sS'yimmmmys'
p996
I59
sS'blessed'
p997
I58
sS'snapchat'
p998
I56
sS'line"\xe2\x80\x9d'
p999
I59
sS'officially'
p1000
I59
sS'parties'
p1001
I59
sS'your'
p1002
I29
sS'neymar'
p1003
I59
sS'her'
p1004
I41
sS'area'
p1005
I59
sS'there'
p1006
I41
sS'hey'
p1007
I56
sS'lol'
p1008
I7
sS'los'
p1009
I57
sS"how'd"
p1010
I59
sS'racist'
p1011
I59
sS'low'
p1012
I59
sS'lot'
p1013
I52
sS'brazilian'
p1014
I58
sS':(,91331\n495086887133274112,tirado_97,2014-08-01'
p1015
I59
sS'bubble'
p1016
I59
sS'dormir'
p1017
I58
sS'enough'
p1018
I59
sS'happier'
p1019
I58
sS'trying'
p1020
I59
sS'with'
p1021
I21
sS'yayo'
p1022
I59
sS"they're"
p1023
I54
sS'october'
p1024
I55
sS"wasn't"
p1025
I57
sS'ronaldo'
p1026
I58
sS'vhs'
p1027
I59
sS'"it\'s'
p1028
I59
sS'dawg'
p1029
I59
sS'dirty'
p1030
I58
sS'night...my'
p1031
I59
sS'darker'
p1032
I59
sS'swaggy'
p1033
I58
sS'gone'
p1034
I59
sS'cnbc'
p1035
I59
sS'leaked'
p1036
I59
sS'videos'
p1037
I59
sS'taste'
p1038
I59
sS'am'
p1039
I50
sS'al'
p1040
I59
sS'an'
p1041
I57
sS'as'
p1042
I54
sS'22:07:01.0,34.26100084,-118.42300457,1046.20,channel'
p1043
I59
sS'at'
p1044
I13
sS'walks'
p1045
I59
sS'-____-'
p1046
I59
sS'lifetime'
p1047
I59
sS'cream'
p1048
I59
sS'again'
p1049
I54
sS'idiot'
p1050
I56
sS'deserve'
p1051
I59
sS"fasho',91331\n485930630195052544,davidrodgriguez,2014-07-06"
p1052
I59
sS'storage'
p1053
I59
sS'yesylove'
p1054
I59
sS'a\xc3\xb1angoes'
p1055
I59
sS'5'
p1056
I56
sS'someones'
p1057
I59
sS'you'
p1058
I4
sS'trash'
p1059
I55
sS'poor'
p1060
I59
sS'beeeeer'
p1061
I59
sS'championship'
p1062
I59
sS'andrew'
p1063
I59
sS'loading'
p1064
I59
sS'important'
p1065
I58
sS'fresh'
p1066
I59
sS'chris'
p1067
I57
sS'grupo'
p1068
I59
sS'finals'
p1069
I59
sS'pool'
p1070
I59
sS'natalie'
p1071
I59
sS'masa'
p1072
I59
sS'uglier'
p1073
I59
sS'finished'
p1074
I59
sS'barcelona'
p1075
I59
sS'saved'
p1076
I59
sS'derrick'
p1077
I59
sS'u'
p1078
I56
sS'alright'
p1079
I57
sS'starting'
p1080
I58
sS'all'
p1081
I27
sS'forget'
p1082
I57
sS'messi'
p1083
I56
sS'suns'
p1084
I59
sS'bull'
p1085
I58
sS'month'
p1086
I59
sS'pique'
p1087
I59
sS'follow'
p1088
I57
sS'sue\xc3\xb1o'
p1089
I59
sS'loll'
p1090
I59
sS'emily'
p1091
I59
sS'scared'
p1092
I58
sS'tv'
p1093
I59
sS'tu'
p1094
I59
sS'thursday'
p1095
I55
sS'laughing'
p1096
I59
sS'to'
p1097
I5
sS'elias'
p1098
I59
sS'tf'
p1099
I59
sS'smile'
p1100
I58
sS'te'
p1101
I59
sS'perro'
p1102
I59
sS'woman'
p1103
I58
sS'worse'
p1104
I59
sS'sitting'
p1105
I58
sS'very'
p1106
I58
sS'fav'
p1107
I59
sS'blowfish'
p1108
I59
sS'fat'
p1109
I56
sS'simpsons'
p1110
I59
sS'fan'
p1111
I58
sS'decide'
p1112
I59
sS'fam'
p1113
I58
sS'fag'
p1114
I58
sS'trippin'
p1115
I59
sS'pre'
p1116
I59
sS'heaven'
p1117
I59
sS'pbr'
p1118
I58
sS'laying'
p1119
I59
sS'deja'
p1120
I59
sS'\xe2\x80\x9caccording'
p1121
I59
sS'-1'
p1122
I59
sS'small'
p1123
I59
sS'dodger'
p1124
I59
sS"i'll"
p1125
I49
sS'penalties'
p1126
I59
sS'lol,91331\n491083391471583233,jorgieee_,2014-07-21'
p1127
I59
sS'23:37:45.0,34.26022402,-118.42336839,1046.20,be'
p1128
I59
sS'past'
p1129
I58
sS'burger'
p1130
I58
sS'zero'
p1131
I59
sS'nba'
p1132
I59
sS'jesus'
p1133
I59
sS'what'
p1134
I39
sS'clock'
p1135
I59
sS'18:29:32.0,34.26085139,-118.42298345,1046.20,last'
p1136
I59
sS'public'
p1137
I59
sS'tattoos'
p1138
I59
sS'full'
p1139
I59
sS'hungover'
p1140
I59
sS'owns'
p1141
I59
sS'hours'
p1142
I53
sS"levi's"
p1143
I59
sS'strong'
p1144
I58
sS'04:52:59.0,34.2598635,-118.422731,1046.20,just'
p1145
I59
sS'sportscenter'
p1146
I59
sS'experience'
p1147
I59
sS'pics'
p1148
I57
sS'social'
p1149
I59
sS"would've"
p1150
I58
sS'goalies'
p1151
I59
sS'family'
p1152
I57
sS'whoever'
p1153
I59
sS'pulls'
p1154
I59
sS'memos'
p1155
I59
sS'emoji'
p1156
I59
sS'flaws'
p1157
I59
sS'texting'
p1158
I59
sS'two'
p1159
I54
sS'.\xe2\x80\x9d'
p1160
I59
sS'fiddies'
p1161
I59
sS'6'
p1162
I56
sS'shits'
p1163
I56
sS'more'
p1164
I44
sS'tryna'
p1165
I51
sS'knows'
p1166
I59
sS'company'
p1167
I59
sS'mira'
p1168
I59
sS'leonard'
p1169
I59
sS'excuse'
p1170
I59
sS'flag'
p1171
I59
sS'stick'
p1172
I59
sS'broke'
p1173
I58
sS'dios'
p1174
I59
sS'risesituations'
p1175
I59
sS'none'
p1176
I58
sS'hour'
p1177
I58
sS'sucks'
p1178
I57
sS'roosevelt'
p1179
I59
sS'mall'
p1180
I58
sS'bron'
p1181
I56
sS'del'
p1182
I59
sS'4:07'
p1183
I59
sS'lavine'
p1184
I59
sS'gallos'
p1185
I59
sS'rodriguez'
p1186
I59
sS'\xe2\x98\x95\xef\xb8\x8f'
p1187
I59
sS'needs'
p1188
I57
sS'answer'
p1189
I59
sS'court'
p1190
I58
sS'awkward'
p1191
I59
sS'breaking'
p1192
I59
sS'11:17:45.0,34.25741829,-118.4248164,1046.20,forever'
p1193
I59
sS'stayed'
p1194
I59
sS'thanks<3'
p1195
I59
sS'kermes'
p1196
I59
sS'stix'
p1197
I59
sS'justin'
p1198
I59
sS'yupppp'
p1199
I59
sS'explains'
p1200
I58
sS'goat'
p1201
I57
sS'okay'
p1202
I56
sS'tried'
p1203
I57
sS'cino'
p1204
I59
sS'advice'
p1205
I59
sS'fc'
p1206
I59
sS'blood'
p1207
I58
sS'pendejo'
p1208
I59
sS'coming'
p1209
I54
sS'flake"'
p1210
I59
sS'a'
p1211
I6
sS'short'
p1212
I58
sS"that'd"
p1213
I59
sS'coat'
p1214
I59
sS'16:10:00.0,34.26091195,-118.42301932,1046.20,happy'
p1215
I59
sS'media'
p1216
I59
sS'dream'
p1217
I59
sS'playing'
p1218
I49
sS"that's"
p1219
I35
sS'chicks'
p1220
I59
sS'mexican'
p1221
I58
sS'help'
p1222
I58
sS"don't"
p1223
I33
sS'soon'
p1224
I59
sS'game.\xe2\x80\x9d'
p1225
I59
sS'through'
p1226
I57
sS'signs'
p1227
I59
sS'its'
p1228
I59
sS'5:30'
p1229
I59
sS'25'
p1230
I59
sS'style'
p1231
I59
sS'20'
p1232
I57
sS'21'
p1233
I59
sS'22'
p1234
I58
sS'too,91331\n495086798293716992,tirado_97,2014-08-01'
p1235
I59
sS'actually'
p1236
I57
sS'late'
p1237
I57
sS'argentina'
p1238
I58
sS'soccer'
p1239
I54
sS'might'
p1240
I57
sS"haven't"
p1241
I53
sS'good'
p1242
I37
sS'yo'
p1243
I55
sS'orcas'
p1244
I59
sS'ya'
p1245
I50
sS'sucker'
p1246
I59
sS'foos'
p1247
I59
sS'pizza.\xe2\x80\x9d'
p1248
I59
sS'wash'
p1249
I59
sS'always'
p1250
I46
sS'drake'
p1251
I58
sS'xmas'
p1252
I59
sS'm\xc3\xa1s'
p1253
I59
sS'someone'
p1254
I57
sS'stopped'
p1255
I59
sS'turns'
p1256
I59
sS"isn't"
p1257
I57
sS'2k'
p1258
I59
sS',91331\n495275151542349824,tirado_97,2014-08-01'
p1259
I59
sS'everyone'
p1260
I55
sS'chesca'
p1261
I59
sS'house'
p1262
I59
sS'hard'
p1263
I55
sS'idea'
p1264
I59
sS'expect'
p1265
I59
sS'really'
p1266
I54
sS'missed'
p1267
I57
sS'since'
p1268
I51
sS'friend?"'
p1269
I59
sS'acting'
p1270
I56
sS'hood'
p1271
I59
sS'7'
p1272
I57
sS'ass'
p1273
I43
sS'bully'
p1274
I59
sS'sfhs'
p1275
I57
sS'friday'
p1276
I57
sS'guess'
p1277
I59
sS'bulls'
p1278
I59
sS'reason'
p1279
I55
sS'ase'
p1280
I59
sS'imagine'
p1281
I59
sS'put'
p1282
I57
sS'bendiga'
p1283
I59
sS'fiat'
p1284
I59
sS'cheering'
p1285
I59
sS'w'
p1286
I58
sS'fallen'
p1287
I59
sS'throws'
p1288
I58
sS'feed'
p1289
I59
sS'dont'
p1290
I59
sS'forwards'
p1291
I59
sS'feel'
p1292
I54
sS'arsenal'
p1293
I59
sS'done'
p1294
I57
sS'cerveza'
p1295
I59
sS'colombia'
p1296
I57
sS'kobe'
p1297
I55
sS'miss'
p1298
I53
sS"you'd"
p1299
I59
sS'story'
p1300
I57
sS'gourmet'
p1301
I59
sS'together'
p1302
I57
sS'least'
p1303
I59
sS'benz'
p1304
I59
sS'master'
p1305
I59
sS'store'
p1306
I58
sS'selling'
p1307
I59
sS'behind'
p1308
I59
sS'giselle'
p1309
I59
sS'park'
p1310
I57
sS'am\xc3\xa9rica'
p1311
I59
sS'adonis'
p1312
I59
sS'part'
p1313
I58
sS'believe'
p1314
I58
sS'king'
p1315
I59
sS'b'
p1316
I55
sS'them.\xe2\x80\xa6'
p1317
I59
sS'double'
p1318
I58
sS'tssss'
p1319
I59
sS'dani'
p1320
I59
sS'marijuana-laced'
p1321
I59
sS'ilgauskas'
p1322
I59
sS'beltre'
p1323
I59
sS'wilson'
p1324
I59
sS'nights'
p1325
I57
sS'dancing'
p1326
I59
sS'lil'
p1327
I59
sS'also'
p1328
I59
sS'cavs'
p1329
I59
sS'liz'
p1330
I59
sS'play'
p1331
I52
sS'compa'
p1332
I59
sS'most'
p1333
I55
sS'75'
p1334
I59
sS'plan'
p1335
I58
sS'msautopsy'
p1336
I59
sS'nothing'
p1337
I56
sS'kc'
p1338
I59
sS'5-6'
p1339
I59
sS'kd'
p1340
I59
sS'sometimes'
p1341
I57
sS'ko'
p1342
I59
sS'fuuuucccckk'
p1343
I59
sS'clean'
p1344
I58
sS'weigh'
p1345
I59
sS'ky'
p1346
I59
sS'cabrona'
p1347
I59
sS'lying'
p1348
I59
sS'04:20:09.0,34.2598456,-118.4227631,1046.20,all'
p1349
I59
sS'6-year'
p1350
I59
sS'ciroc'
p1351
I57
sS'stfu'
p1352
I58
sS'hyped'
p1353
I59
sS'stoned'
p1354
I59
sS'hopped'
p1355
I59
sS'hornets'
p1356
I59
sS'find'
p1357
I58
sS'$5'
p1358
I59
sS'cr7'
p1359
I57
sS'sauvecito'
p1360
I59
sS'nervous'
p1361
I59
sS'ruin'
p1362
I57
sS'pinchi'
p1363
I59
sS'waiting'
p1364
I58
sS'unhappy'
p1365
I59
sS'idiots'
p1366
I59
sS'condom'
p1367
I59
sS'8'
p1368
I57
sS"charlie's"
p1369
I59
sS'giants'
p1370
I59
sS'his'
p1371
I47
sS'hit'
p1372
I46
sS'express'
p1373
I59
sS'famous'
p1374
I59
sS'feels'
p1375
I55
sS'grew'
p1376
I59
sS'during'
p1377
I59
sS'him'
p1378
I44
sS'cry'
p1379
I58
sS'(via'
p1380
I59
sS'bro\xe2\x80\x9d'
p1381
I59
sS'gotten'
p1382
I59
sS'x'
p1383
I56
sS'insane'
p1384
I59
sS'corrido'
p1385
I59
sS'set'
p1386
I59
sS'espys'
p1387
I59
sS'vine'
p1388
I59
sS'sex'
p1389
I58
sS'see'
p1390
I42
sS'dumb'
p1391
I57
sS'are'
p1392
I31
sS'mar\xc3\xada.\xe2\x80\x9d'
p1393
I59
sS'close'
p1394
I59
sS'arm'
p1395
I59
sS'sleeeeeeep'
p1396
I59
sS'shakira\xe2\x80\x9d'
p1397
I59
sS'movie'
p1398
I58
sS'wow'
p1399
I55
sS'juego'
p1400
I59
sS'please'
p1401
I56
sS'rejecting'
p1402
I59
sS'woo'
p1403
I58
sS'won'
p1404
I59
sS'you,91331\n465332211546206209,jorge_arce8,2014-05-11'
p1405
I59
sS'hold'
p1406
I58
sS'4-10'
p1407
I59
sS'\xe2\x8f\xb3\xe2\x8f\xb0\xe2\x8c\x9b\xef\xb8\x8f'
p1408
I59
sS'strikeout'
p1409
I59
sS'both'
p1410
I57
sS'last'
p1411
I46
sS'00:48:37.0,34.26287411,-118.42639012,1046.20,literally'
p1412
I59
sS'license'
p1413
I59
sS'tonight."'
p1414
I59
sS'day.\xe2\x80\x9d'
p1415
I59
sS'\xe2\x80\x98elephant'
p1416
I59
sS'whole'
p1417
I59
sS'wuey'
p1418
I57
sS'point'
p1419
I58
sS'sweet'
p1420
I59
sS'smashing'
p1421
I59
sS'manners'
p1422
I59
sS'dudes'
p1423
I59
sS'church'
p1424
I59
sS'esta'
p1425
I59
sS'finally'
p1426
I59
sS"evelyn's"
p1427
I59
sS'tgif'
p1428
I59
sS'stache'
p1429
I59
sS'hitting'
p1430
I58
sS'secret'
p1431
I59
sS'damn'
p1432
I33
sS'pg'
p1433
I59
sS'damm'
p1434
I59
sS'woke'
p1435
I56
sS'vans'
p1436
I59
sS'gay'
p1437
I55
sS"what's"
p1438
I54
sS'gas'
p1439
I59
sS'buckets"'
p1440
I59
sS'understand'
p1441
I58
sS'towns'
p1442
I59
sS"40's"
p1443
I59
sS'look'
p1444
I53
sS'frozen'
p1445
I59
sS'straight'
p1446
I58
sS'bill'
p1447
I59
sS',91331\n498380460355899394,davidrodgriguez,2014-08-10'
p1448
I59
sS'96%'
p1449
I59
sS'while'
p1450
I58
sS'kick'
p1451
I59
sS'shift'
p1452
I59
sS'fun'
p1453
I59
sS'robin'
p1454
I59
sS'pack'
p1455
I59
sS'swim'
p1456
I59
sS'smacked'
p1457
I59
sS'<3'
p1458
I58
sS'backing'
p1459
I59
sS'rip'
p1460
I59
sS'owes'
p1461
I59
sS'ready'
p1462
I53
sS'funny'
p1463
I57
sS'anymore'
p1464
I58
sS'james'
p1465
I57
sS'in,91331\n485019389398228992,citaaaperaza,2014-07-04'
p1466
I59
sS'9'
p1467
I59
sS'keys'
p1468
I59
sS'yesterday'
p1469
I59
sS'paxton'
p1470
I59
sS'moment'
p1471
I58
sS'ruego'
p1472
I59
sS'admitting'
p1473
I59
sS'lowes'
p1474
I59
sS'barry'
p1475
I59
sS'older'
p1476
I59
sS'capacity.\xe2\x80\x9d'
p1477
I59
sS'person'
p1478
I57
sS'y'
p1479
I58
sS'spend'
p1480
I58
sS'know'
p1481
I33
sS'i\xe2\x80\x99m'
p1482
I59
sS'listening'
p1483
I59
sS'12:45'
p1484
I59
sS'reincarnated'
p1485
I59
sS'mid-field'
p1486
I59
sS'using'
p1487
I59
sS'praying'
p1488
I59
sS'injuries'
p1489
I58
sS'discipline'
p1490
I59
sS'tables'
p1491
I59
sS'retirement'
p1492
I59
sS'cup'
p1493
I55
sS'hated'
p1494
I59
sS'cuz'
p1495
I56
sS'questioned'
p1496
I59
sS'homies'
p1497
I54
sS'excited'
p1498
I59
sS'surprised'
p1499
I58
sS'ight'
p1500
I58
sS'big'
p1501
I57
sS'couple'
p1502
I53
sS'game'
p1503
I43
sS'(\\__/)'
p1504
I58
sS'bit'
p1505
I59
sS'wings'
p1506
I59
sS"macy's"
p1507
I59
sS'wingstop'
p1508
I59
sS'hoe\xe2\x80\x9d\xe2\x80\x9d'
p1509
I59
sS'bruin'
p1510
I59
sS'saturdays'
p1511
I59
sS'brakes'
p1512
I59
sS'fucking'
p1513
I56
sS'some'
p1514
I33
sS'back'
p1515
I45
sS'haha.\xe2\x80\x9d'
p1516
I59
sS"trippin'"
p1517
I58
sS'contacts'
p1518
I59
sS'lol,91331\n426100664536551424,mendoza_bella,2014-01-22'
p1519
I59
sS'decision'
p1520
I59
sS'5:15'
p1521
I59
sS'prom'
p1522
I59
sS'pee'
p1523
I59
sS'pela'
p1524
I58
sS'worst'
p1525
I59
sS'either'
p1526
I58
sS'be'
p1527
I18
sS'eating'
p1528
I59
sS'chavas'
p1529
I58
sS'lose'
p1530
I59
sS'laker'
p1531
I59
sS'raided'
p1532
I59
sS's/o'
p1533
I57
sS'\xef\xbf\xa3||'
p1534
I58
sS'step'
p1535
I59
sS'bp'
p1536
I55
sS'santa'
p1537
I59
sS'2:40'
p1538
I59
sS'by'
p1539
I52
sS'report:!\xe2\x80\xa2zydrunas'
p1540
I59
sS'veces'
p1541
I59
sS'snoop'
p1542
I59
sS'fosho'
p1543
I56
sS'netflix'
p1544
I59
sS'"yu'
p1545
I59
sS'truck'
p1546
I59
sS'deserves'
p1547
I59
sS'idk'
p1548
I53
sS'wanna'
p1549
I49
sS'block'
p1550
I59
sS"'cause"
p1551
I59
sS'pero'
p1552
I59
sS'into'
p1553
I57
sS'nigga'
p1554
I52
sS'ohio'
p1555
I59
sS'lebron'
p1556
I58
sS'behaving'
p1557
I59
sS'few'
p1558
I59
sS',91331\n502589235510378497,itss_barbara,2014-08-21'
p1559
I59
sS'long'
p1560
I55
sS"we're"
p1561
I55
sS'bruh'
p1562
I52
sS'bored'
p1563
I57
sS'.5'
p1564
I59
sS'himself'
p1565
I59
sS'invite'
p1566
I59
sS'bar\xc3\x87a'
p1567
I59
sS'boys'
p1568
I58
sS'line'
p1569
I59
sS'junior'
p1570
I59
sS'posted'
p1571
I59
sS'perrita'
p1572
I58
sS'perrito'
p1573
I58
sS'up'
p1574
I14
sS'us'
p1575
I55
sS'clips'
p1576
I59
sS'highlight'
p1577
I59
sS'called'
p1578
I58
sS'whilllleeeee'
p1579
I59
sS'supervisor'
p1580
I59
sS'raging'
p1581
I59
sS'(\xe2\x80\xa2\xe3\x85\x85\xe2\x80\xa2)'
p1582
I58
sS'peach'
p1583
I59
sS'mayfield'
p1584
I59
sS'nah'
p1585
I55
sS'titi'
p1586
I59
sS'backs'
p1587
I59
sS'teams'
p1588
I59
sS'preventing'
p1589
I59
sS'nap'
p1590
I57
sS'792-0989'
p1591
I59
sS'nice'
p1592
I53
sS'lenc'
p1593
I58
sS'is"'
p1594
I59
sS'problems'
p1595
I59
sS'goooooood'
p1596
I59
sS'mames'
p1597
I59
sS'ago'
p1598
I53
sS'e'
p1599
I58
sS'dvd'
p1600
I59
sS'age'
p1601
I58
sS'confirm'
p1602
I59
sS'youtube'
p1603
I58
sS'2000'
p1604
I59
sS'hella'
p1605
I59
sS'pues'
p1606
I59
sS'far'
p1607
I59
sS"she's"
p1608
I56
sS'having'
p1609
I56
sS'once'
p1610
I59
sS"valley's"
p1611
I59
sS'06:01:05.0,34.26091229,-118.42305092,1046.20,that'
p1612
I59
sS'steve'
p1613
I59
sS'catfish\xe2\x80\x9d'
p1614
I59
sS'go'
p1615
I27
sS'psycho'
p1616
I59
sS'tweeted'
p1617
I59
sS'chillin'
p1618
I59
sS'compact'
p1619
I59
sS'"recents"'
p1620
I59
sS'-.-,91331\n502589594098221056,itss_barbara,2014-08-21'
p1621
I59
sS'young'
p1622
I58
sS'send'
p1623
I58
sS'love.,91331\n484421616617549825,himynameiskayne,2014-07-02'
p1624
I59
sS'bruhh'
p1625
I58
sS'retweets'
p1626
I59
sS'brooms'
p1627
I59
sS'officials'
p1628
I59
sS'11:30'
p1629
I54
sS'711'
p1630
I59
sS'telling'
p1631
I59
sS'drinking'
p1632
I59
sS'isaiah'
p1633
I59
sS'bryant'
p1634
I57
sS'button'
p1635
I59
sS'shock'
p1636
I59
sS'eve'
p1637
I57
sS'ryan'
p1638
I59
sS'try'
p1639
I55
sS'congrats'
p1640
I59
sS'ride'
p1641
I59
sS'someday'
p1642
I59
sS'booty'
p1643
I57
sS'carter'
p1644
I59
sS'ayudenme'
p1645
I59
sS'\xe2\x9d\xa4'
p1646
I59
sS'boots'
p1647
I58
sS'waking'
p1648
I59
sS'video'
p1649
I59
sS'picked'
p1650
I58
sS'rivera'
p1651
I58
sS'victor'
p1652
I59
sS'plays'
p1653
I57
sS'compas'
p1654
I59
sS'3s'
p1655
I59
sS'slight'
p1656
I59
sS'warmups."'
p1657
I59
sS'bestfriends'
p1658
I58
sS'nazis'
p1659
I59
sS'la\xe2\x9c\x88\xef\xb8\x8fbos'
p1660
I59
sS'leg'
p1661
I59
sS'sumones'
p1662
I59
sS'let'
p1663
I48
sS'sexy'
p1664
I59
sS'mccurdy'
p1665
I59
sS'great'
p1666
I59
sS'\xe2\x9a\xbd\xef\xb8\x8f'
p1667
I57
sS'receive'
p1668
I59
sS'32'
p1669
I59
sS'30'
p1670
I58
sS'35'
p1671
I59
sS',91331\n502587071463436288,itss_barbara,2014-08-21'
p1672
I59
sS'medibles'
p1673
I59
sS'91331'
p1674
I59
sS'opinion'
p1675
I59
sS'makes'
p1676
I54
sS'named'
p1677
I59
sS'win'
p1678
I56
sS'06:18:22.0,34.26097134,-118.42303852,1046.20,wish'
p1679
I59
sS'wit'
p1680
I59
sS'use'
p1681
I57
sS'hahahahaha'
p1682
I58
sS'from'
p1683
I37
sS'usa'
p1684
I59
sS'&'
p1685
I10
sS'feo'
p1686
I59
sS'next'
p1687
I54
sS'baaacckkkk'
p1688
I59
sS'01:05:16.0,34.2555907,-118.4207395,1046.20,tbh'
p1689
I59
sS'$20'
p1690
I59
sS'brazilians'
p1691
I59
sS'game,91331\n494904674101649408,tirado_97,2014-07-31'
p1692
I59
sS'gooooooool'
p1693
I59
sS'sister'
p1694
I59
sS'baby'
p1695
I57
sS'chicha'
p1696
I59
sS'&/or'
p1697
I59
sS'had'
p1698
I40
sS'account'
p1699
I58
sS'works'
p1700
I59
sS'f'
p1701
I58
sS'this'
p1702
I16
sS'challenge'
p1703
I58
sS'6am'
p1704
I59
sS'anywhere'
p1705
I59
sS'crossed'
p1706
I59
sS'island'
p1707
I59
sS'closing'
p1708
I59
sS',91331\n494712342672732160,himynameiskayne,2014-07-31'
p1709
I59
sS'thirsty'
p1710
I59
sS'rejoining'
p1711
I59
sS'lock'
p1712
I58
sS'slim'
p1713
I59
sS'halloween'
p1714
I59
sS'loco'
p1715
I59
sS'high'
p1716
I57
sS'tag'
p1717
I58
sS'pulling'
p1718
I59
sS'something'
p1719
I55
sS'boner'
p1720
I59
sS'sit'
p1721
I59
sS'instead'
p1722
I56
sS'mysteries'
p1723
I59
sS'stock'
p1724
I59
sS'watch'
p1725
I55
sS'collection'
p1726
I59
sS'bothered'
p1727
I59
sS'taco'
p1728
I59
sS'hahahaha'
p1729
I53
sS'reggie'
p1730
I59
sS'"normally'
p1731
I59
sS'light'
p1732
I58
sS'lame'
p1733
I59
sS'9am'
p1734
I59
sS'baboso'
p1735
I59
sS'honestly'
p1736
I57
sS'nancy'
p1737
I59
sS'houston'
p1738
I59
sS'unsolved'
p1739
I59
sS'a/c'
p1740
I59
sS'move'
p1741
I59
sS',91331\n496176273488900097,davidrodgriguez,2014-08-04'
p1742
I59
sS"won't"
p1743
I58
sS'looks'
p1744
I58
sS'hii'
p1745
I59
sS'bunch'
p1746
I59
sS'perfect'
p1747
I57
sS'le'
p1748
I59
sS'la'
p1749
I49
sS'winning'
p1750
I58
sS'madre'
p1751
I59
sS'2014'
p1752
I59
sS'tyronn'
p1753
I59
sS'bye'
p1754
I57
sS'2010'
p1755
I59
sS'dad'
p1756
I57
sS'tiddies'
p1757
I58
sS'docs'
p1758
I59
sS'dan'
p1759
I59
sS'belt'
p1760
I59
sS'mention'
p1761
I59
sS'dar'
p1762
I59
sS'front'
p1763
I59
sS'day'
p1764
I39
sS'yuuup'
p1765
I59
sS'truth'
p1766
I59
sS'crossing'
p1767
I59
sS'champ'
p1768
I59
sS'bills'
p1769
I59
sS'|'
p1770
I50
sS'mija'
p1771
I58
sS'doing'
p1772
I51
sS'strip'
p1773
I59
sS'our'
p1774
I54
sS'special'
p1775
I59
sS'out'
p1776
I32
sS'category'
p1777
I59
sS"'"
p1778
I58
sS'th3n'
p1779
I59
sS'burks'
p1780
I59
sS'oriental'
p1781
I59
sS'cause'
p1782
I57
sS'red'
p1783
I56
sS'shut'
p1784
I57
sS'bww'
p1785
I56
sS'que'
p1786
I54
sS'celtics'
p1787
I59
sS'chilll'
p1788
I58
sS'g'
p1789
I58
sS'could'
p1790
I58
sS'keep'
p1791
I56
sS'marcelo'
p1792
I59
sS'conversation'
p1793
I59
sS'adrian'
p1794
I59
sS'subtweeting'
p1795
I59
sS'yuup'
p1796
I59
sS'humphrey'
p1797
I56
sS'chills'
p1798
I57
sS'.,91331\n502598377125982208,itss_barbara,2014-08-21'
p1799
I59
sS'ihy'
p1800
I58
sS'guys.\xe2\x80\x9d'
p1801
I59
sS'capricho'
p1802
I59
sS'wayyy'
p1803
I59
sS'madden'
p1804
I59
sS'"shaq'
p1805
I59
sS'bitch'
p1806
I48
sS"you're"
p1807
I35
sS'start'
p1808
I56
sS"walker's"
p1809
I59
sS'their'
p1810
I56
sS'noooooo'
p1811
I59
sS'chilllllllll'
p1812
I59
sS'final'
p1813
I59
sS'nahhhhh'
p1814
I59
sS'beard'
p1815
I57
sS'bledsoe'
p1816
I58
sS'stomach'
p1817
I58
sS'craziest'
p1818
I59
sS'5:30am\xe2\x80\x9d'
p1819
I59
sS'dtla'
p1820
I59
sS'exactly'
p1821
I58
sS'negro'
p1822
I59
sS'depressing'
p1823
I59
sS'grandpa'
p1824
I59
sS'bieber'
p1825
I59
sS'ipad'
p1826
I59
sS'holland'
p1827
I59
sS'boring'
p1828
I58
sS'mayweather'
p1829
I59
sS'shampoo'
p1830
I59
sS'ayudaran'
p1831
I59
sS'bed'
p1832
I53
sS'chillllll'
p1833
I58
sS'maybe'
p1834
I58
sS'spurs'
p1835
I59
sS'wakes'
p1836
I59
sS"05:13:08.0,34.25938269,-118.42413137,1046.20,it's"
p1837
I59
sS'tonight'
p1838
I49
sS'have'
p1839
I33
sS'need'
p1840
I51
sS',91331\n502590330177609730,itss_barbara,2014-08-21'
p1841
I59
sS'sleeeeep'
p1842
I59
sS'afraid'
p1843
I58
sS',91331\n499404077147496449,9528angie,2014-08-13'
p1844
I59
sS'soak'
p1845
I59
sS'dallas'
p1846
I59
sS'able'
p1847
I59
sS'hangover'
p1848
I59
sS'me?...nah'
p1849
I59
sS'which'
p1850
I59
sS'so'
p1851
I32
sS'asshole'
p1852
I57
sS'='
p1853
I58
sS'forreal'
p1854
I59
sS'1000000x'
p1855
I59
sS'sfv'
p1856
I59
sS'who'
p1857
I54
sS"where's"
p1858
I59
sS'awk'
p1859
I59
sS"hoopin'"
p1860
I57
sS'achilles'
p1861
I59
sS'uribeeeeee'
p1862
I59
sS'why'
p1863
I46
sS'face'
p1864
I59
sS"you'll"
p1865
I55
sS'se'
p1866
I59
sS'brew'
p1867
I59
sS'everything'
p1868
I59
sS'deng'
p1869
I58
sS'fact'
p1870
I59
sS'goals'
p1871
I59
sS'dijo'
p1872
I59
sS'exclusive'
p1873
I59
sS'text'
p1874
I55
sS'anyway'
p1875
I59
sS"sippin'"
p1876
I59
sS'bring'
p1877
I58
sS'planning'
p1878
I59
sS'!,91331\n502587588163952641,itss_barbara,2014-08-21'
p1879
I59
sS'agrees'
p1880
I59
sS'costco'
p1881
I59
sS'grabbed'
p1882
I59
sS'sweeeeet'
p1883
I59
sS'sparks'
p1884
I59
sS'winner'
p1885
I58
sS'fans'
p1886
I59
sS'should'
p1887
I51
sS"there's"
p1888
I58
sS'bud'
p1889
I59
sS'knoooowwww'
p1890
I59
sS'hope'
p1891
I56
sS'shhhhhhh'
p1892
I59
sS'ladies\xe2\x80\x9d'
p1893
I59
sS'coworker'
p1894
I59
sS'lucky'
p1895
I59
sS',91331\n494605105363042304,tirado_97,2014-07-30'
p1896
I59
sS'122'
p1897
I59
sS'ones'
p1898
I58
sS'probably'
p1899
I59
sS'argues'
p1900
I59
sS'=)'
p1901
I58
sS'=('
p1902
I59
sS'endless'
p1903
I59
sS"kobe's"
p1904
I59
sS'married'
p1905
I59
sS'eyebrow'
p1906
I59
sS'calling'
p1907
I56
sS'7am-9pm'
p1908
I59
sS'ganas'
p1909
I59
sS'she'
p1910
I47
sS'taxed'
p1911
I59
sS'grab'
p1912
I59
sS'view'
p1913
I59
sS'buzzer'
p1914
I59
sS'frame'
p1915
I59
sS'miller\xe2\x80\x9d'
p1916
I59
sS'snapchatting'
p1917
I59
sS'\xe3\x81\xa5'
p1918
I58
sS'nightmare'
p1919
I59
sS'favor'
p1920
I59
sS'written'
p1921
I59
sS'lue'
p1922
I59
sS'closed'
p1923
I56
sS'bought'
p1924
I59
sS'cristiano'
p1925
I59
sS'explosive'
p1926
I59
sS'buttt'
p1927
I59
sS'joy'
p1928
I59
sS'4:30pm'
p1929
I59
sS'job'
p1930
I57
sS'24-26th'
p1931
I59
sS'david'
p1932
I59
sS'joke'
p1933
I58
sS'invited'
p1934
I59
sS'wnba'
p1935
I58
sS'rams'
p1936
I59
sS'nahhh'
p1937
I58
sS'kinds'
p1938
I59
sS'wr'
p1939
I59
sS'comment'
p1940
I59
sS'torn'
p1941
I59
sS'toilet'
p1942
I59
sS'daniels'
p1943
I59
sS'ca'
p1944
I59
sS'walk'
p1945
I59
sS'laugh'
p1946
I55
sS'winner\xe2\x80\x9d'
p1947
I59
sS'respect'
p1948
I57
sS'[pic]'
p1949
I59
sS"it's"
p1950
I36
sS'waste'
p1951
I59
sS'>'
p1952
I58
sS'league'
p1953
I59
sS'hmu'
p1954
I56
sS'vince'
p1955
I59
sS'hmm'
p1956
I59
sS'asssssssss'
p1957
I59
sS'showered'
p1958
I59
sS'smoking'
p1959
I59
sS'reverse'
p1960
I59
sS'criminal'
p1961
I59
sS'tengo'
p1962
I59
sS'will'
p1963
I54
sS'jumanji'
p1964
I59
sS'hahaha'
p1965
I42
sS'almost'
p1966
I58
sS'vs'
p1967
I57
sS'ojeda'
p1968
I59
sS'tattoo'
p1969
I58
sS'stadiums'
p1970
I59
sS'juan'
p1971
I58
sS'party'
p1972
I53
sS'gets'
p1973
I59
sS'nada'
p1974
I59
sS'ball'
p1975
I58
sS'slave'
p1976
I59
sS'machines.\xe2\x80\x9d'
p1977
I59
sS'drink'
p1978
I52
sS'fucken'
p1979
I28
sS'fucked'
p1980
I54
sS'off'
p1981
I32
sS'i'
p1982
I2
sS'well'
p1983
I52
sS'hoe.\xe2\x80\x9d'
p1984
I59
sS'thought'
p1985
I55
sS'wyd'
p1986
I58
sS'sets'
p1987
I59
sS'con'
p1988
I59
sS'stores'
p1989
I59
sS'bananas'
p1990
I58
sS'cried'
p1991
I58
sS'less'
p1992
I59
sS'liked'
p1993
I58
sS'seats'
p1994
I58
sS'feindin'
p1995
I59
sS'happiness'
p1996
I59
sS'favorite??\xe2\x80\x9d'
p1997
I59
sS'mijo'
p1998
I59
sS'drunk'
p1999
I55
sS'sky'
p2000
I59
sS'lake'
p2001
I59
sS'bench'
p2002
I59
sS'ram\xc3\xb3n'
p2003
I59
sS'add'
p2004
I59
sS',91331\n502589868917415936,itss_barbara,2014-08-21'
p2005
I59
sS'attractive'
p2006
I59
sS'wet'
p2007
I58
sS'match'
p2008
I59
sS',91331\n502601652864835585,itss_barbara,2014-08-21'
p2009
I59
sS'2296'
p2010
I59
sS'cruz'
p2011
I59
sS'5am'
p2012
I59
sS'whatever'
p2013
I57
sS'press'
p2014
I59
sS'nvm'
p2015
I58
sS'\xef\xbc\xbf\xef\xbc\xbf\xef\xbc\xbf\xef\xbc\xbf\xef\xbc\xbf_'
p2016
I58
sS'fools'
p2017
I59
sS'like'
p2018
I21
sS'lost'
p2019
I57
sS'.,91331\n491075129342824450,jorgieee_,2014-07-21'
p2020
I59
sS'20k'
p2021
I59
sS'clutch'
p2022
I58
sS'chick'
p2023
I59
sS'"gang'
p2024
I59
sS"j's"
p2025
I58
sS'sandcastles'
p2026
I59
sS'traviezoz'
p2027
I59
sS'because'
p2028
I53
sS'twitter'
p2029
I57
sS'searching'
p2030
I59
sS'hair'
p2031
I58
sS'114'
p2032
I59
sS'frisbee'
p2033
I59
sS',91331\n514074534882705408,davidrodgriguez,2014-09-22'
p2034
I59
sS'113'
p2035
I59
sS'cleveland'
p2036
I59
sS'home'
p2037
I45
sS'liking'
p2038
I59
sS'$400'
p2039
I59
sS'scares'
p2040
I59
sS'happens'
p2041
I59
sS'trust'
p2042
I58
sS'literally'
p2043
I57
sS'restaurant.\xe2\x80\x9d'
p2044
I59
sS'does'
p2045
I58
sS'balboa'
p2046
I59
sS'"task"'
p2047
I59
sS'schedule'
p2048
I59
sS'slut'
p2049
I59
sS'paper'
p2050
I59
sS'host'
p2051
I59
sS'me"so'
p2052
I59
sS'hiding'
p2053
I59
sS'about'
p2054
I34
sS'emails'
p2055
I59
sS'beef'
p2056
I59
sS'getting'
p2057
I55
sS'swear'
p2058
I59
sS"80's,91331\n494178395735867392,tirado_97,2014-07-29"
p2059
I59
sS'\xe3\x80\x80'
p2060
I58
sS'own'
p2061
I59
sS'pussy'
p2062
I58
sS'haha\xe2\x80\x9d'
p2063
I59
sS'weather'
p2064
I59
sS'promise'
p2065
I58
sS'tiny'
p2066
I59
sS'minilic'
p2067
I59
sS'95th'
p2068
I59
sS'*'
p2069
I59
sS'kidding'
p2070
I59
sS'bump'
p2071
I58
sS'04:22:28.0,34.25719919,-118.41963152,1046.20,alchohol'
p2072
I59
sS'beverage'
p2073
I59
sS'buy'
p2074
I54
sS"i've"
p2075
I53
sS'try\xe2\x80\x9d'
p2076
I59
sS'bitches'
p2077
I58
sS'but'
p2078
I23
sS'hi'
p2079
I58
sS'gain'
p2080
I59
sS'ha'
p2081
I59
sS'eat'
p2082
I56
sS'hd'
p2083
I59
sS'he'
p2084
I32
sS'count'
p2085
I59
sS'lvt'
p2086
I51
sS'made'
p2087
I51
sS'wish'
p2088
I56
sS'official'
p2089
I58
sS'cruel'
p2090
I59
sS'subtweets'
p2091
I59
sS'minutes'
p2092
I55
sS'replying'
p2093
I59
sS'pic'
p2094
I58
sS'mejor'
p2095
I58
sS'17:42:45.0,34.26190084,-118.42753906,1046.20,and'
p2096
I59
sS'happen'
p2097
I59
sS'18193018391'
p2098
I59
sS'48'
p2099
I59
sS'sepulveda'
p2100
I59
sS'boot'
p2101
I59
sS'40'
p2102
I59
sS'other'
p2103
I56
sS'witness'
p2104
I59
sS'sick'
p2105
I59
sS'wing'
p2106
I59
sS'talkin'
p2107
I59
sS'lance'
p2108
I59
sS'repeat'
p2109
I59
sS'star'
p2110
I58
sS'monday'
p2111
I57
sS'class'
p2112
I59
sS'shown'
p2113
I59
sS'stay'
p2114
I56
sS'chance'
p2115
I59
sS'kinda'
p2116
I59
sS'ese'
p2117
I59
sS'else'
p2118
I59
sS'friends'
p2119
I57
sS'fuuck'
p2120
I58
sS'martin'
p2121
I59
sS'awake'
p2122
I59
sS'8th'
p2123
I59
s.