(dp0
S''
p1
I1
sS'raining'
p2
I75
sS'polite"'
p3
I77
sS'msgs'
p4
I77
sS'inning'
p5
I77
sS'hats'
p6
I77
sS'four'
p7
I77
sS'betch'
p8
I77
sS'sleep'
p9
I71
sS"friend's"
p10
I77
sS'hanging'
p11
I77
sS'scheming'
p12
I77
sS'culeros'
p13
I77
sS'captain'
p14
I77
sS'hate'
p15
I66
sS'emily!\xe2\x9d\xa4'
p16
I77
sS'drinkin'
p17
I76
sS'treading'
p18
I77
sS'swag'
p19
I77
sS'feeding'
p20
I77
sS'go!"'
p21
I77
sS'powderpuff'
p22
I77
sS'tweet'
p23
I75
sS'swan'
p24
I77
sS"friends'"
p25
I77
sS'presents'
p26
I77
sS'edward'
p27
I77
sS'under'
p28
I76
sS'regal'
p29
I77
sS'sorry'
p30
I74
sS'half.\xe2\x80\x9d'
p31
I77
sS'callin'
p32
I77
sS'juvie'
p33
I77
sS'risk'
p34
I77
sS'deli'
p35
I68
sS'rise'
p36
I76
sS'\xd9\x83\xd9\x8f\xd9\x81\xd9\x8f\xd9\x88\xd9\x8b\xd8\xa7'
p37
I77
sS"'"
p38
I77
sS'despise'
p39
I77
sS'shoot'
p40
I77
sS'smack'
p41
I77
sS'every'
p42
I67
sS'today"'
p43
I77
sS'begrudge'
p44
I77
sS'girlfriend\xe2\x80\x9d'
p45
I77
sS'bringing'
p46
I77
sS'monkeys'
p47
I77
sS'tickets'
p48
I69
sS'school'
p49
I56
sS'ref'
p50
I76
sS'\xd8\xa7\xd9\x84\xd8\xa5\xd8\xb3\xd8\xaa\xd8\xba\xd9\x81\xd8\xa7\xd8\xb1'
p51
I77
sS'wednesday'
p52
I73
sS'red'
p53
I70
sS'shows'
p54
I77
sS'heading'
p55
I77
sS'clothes'
p56
I75
sS'enjoy'
p57
I74
sS'babygirl'
p58
I77
sS'bicycle'
p59
I77
sS'tired'
p60
I75
sS'miller'
p61
I77
sS'hating'
p62
I77
sS'bacon'
p63
I77
sS'harold'
p64
I73
sS'3yrs'
p65
I77
sS'nail'
p66
I76
sS'mansion'
p67
I77
sS'second'
p68
I76
sS'fabulous'
p69
I76
sS'n'
p70
I71
sS'\xd8\xb9\xd8\xa7\xd8\xaf\xd9\x8a'
p71
I76
sS'panda'
p72
I77
sS'even'
p73
I64
sS'kuz'
p74
I77
sS'solemn'
p75
I77
sS"tonight's"
p76
I77
sS'+'
p77
I77
sS'cooking'
p78
I76
sS'liberty'
p79
I77
sS'begassss'
p80
I77
sS'new'
p81
I50
sS'tips'
p82
I77
sS'carpet'
p83
I77
sS'ever'
p84
I64
sS'told'
p85
I72
sS'crunch'
p86
I77
sS'pats'
p87
I77
sS'shutup'
p88
I77
sS"carl's"
p89
I77
sS'never'
p90
I65
sS'feisty'
p91
I77
sS'weirdly'
p92
I77
sS'here'
p93
I62
sS'anthropology'
p94
I77
sS'\xe2\x9d\xa4\xef\xb8\x8f'
p95
I67
sS'pratt'
p96
I77
sS'109'
p97
I77
sS'studio'
p98
I76
sS'smokin'
p99
I77
sS'&&'
p100
I77
sS'100'
p101
I77
sS"aren't"
p102
I73
sS'107'
p103
I77
sS'dry'
p104
I77
sS'kids'
p105
I76
sS'daughter'
p106
I77
sS'mechanic'
p107
I77
sS'taper'
p108
I77
sS'study'
p109
I76
sS'changed'
p110
I77
sS'ignoring'
p111
I77
sS'credit'
p112
I77
sS"i'd"
p113
I75
sS'smoke'
p114
I69
sS"s'mores"
p115
I77
sS'\xe2\x9c\x94\xef\xb8\x8f'
p116
I76
sS"i'm"
p117
I17
sS"someone's"
p118
I75
sS'changes'
p119
I77
sS'sje'
p120
I77
sS'eyebrows'
p121
I77
sS'golden'
p122
I77
sS'a\xc3\xa7\xc4\xb1kl\xc4\xb1yoruz'
p123
I77
sS'ridiculed'
p124
I77
sS"rio's"
p125
I77
sS'campaign'
p126
I77
sS'feelings'
p127
I77
sS'bro'
p128
I58
sS'insta'
p129
I76
sS'bri'
p130
I77
sS'padawan'
p131
I77
sS'total'
p132
I76
sS'brb'
p133
I77
sS'bra'
p134
I77
sS'\xd8\xa7\xd9\x88'
p135
I77
sS'cara'
p136
I77
sS'would'
p137
I64
sS'fuggg'
p138
I77
sS'sweater'
p139
I77
sS'achieve'
p140
I77
sS'arms'
p141
I77
sS'chargers'
p142
I76
sS'bike'
p143
I77
sS'call'
p144
I69
sS'recommend'
p145
I77
sS'sarap'
p146
I77
sS'indiana'
p147
I76
sS'type'
p148
I75
sS'until'
p149
I69
sS'nyquil'
p150
I77
sS'wears'
p151
I77
sS'posting'
p152
I76
sS'holy'
p153
I76
sS'relax'
p154
I77
sS'successful'
p155
I76
sS'oscar'
p156
I77
sS'starburst'
p157
I77
sS'haha'
p158
I69
sS'hurt'
p159
I74
sS'phone'
p160
I74
sS'surgeon'
p161
I77
sS'adult'
p162
I77
sS'hole'
p163
I77
sS'hold'
p164
I77
sS'loveremixed'
p165
I77
sS'me'
p166
I14
sS'decoration'
p167
I77
sS'mf'
p168
I77
sS'join'
p169
I76
sS'room'
p170
I75
sS'1997'
p171
I77
sS'rights'
p172
I75
sS'work'
p173
I44
sS'cant'
p174
I77
sS'mk'
p175
I77
sS'raw\xe2\x80\x9d'
p176
I77
sS'movies'
p177
I75
sS'\xd9\x8a\xd8\xa7'
p178
I76
sS'ms'
p179
I76
sS'mr'
p180
I76
sS'camry'
p181
I77
sS'my'
p182
I7
sS'example'
p183
I77
sS',91324\n472514860782059520,venpacaa,2014-05-30'
p184
I77
sS'"stupid'
p185
I77
sS'perplexed"\xe2\x80\x9d'
p186
I77
sS'estate'
p187
I76
sS'give'
p188
I70
sS'non-deadly'
p189
I77
sS'bitmedi'
p190
I77
sS'goooo'
p191
I76
sS'indicates'
p192
I77
sS'foods'
p193
I77
sS'homie'
p194
I77
sS'want'
p195
I56
sS'awesome,91311\n481304552990199809,vivaelizabeth,2014-06-24'
p196
I77
sS'\xd8\xb1\xd8\xb2\xd9\x82\xd9\x87'
p197
I77
sS'keep'
p198
I70
sS'"look'
p199
I77
sS'yaaaay'
p200
I77
sS'santana'
p201
I77
sS'end'
p202
I72
sS'nutz'
p203
I77
sS'trill'
p204
I77
sS'thing'
p205
I65
sS'coma.,91311\n395442541480251392,venpacaa,2013-10-30'
p206
I77
sS'hol'
p207
I77
sS'how'
p208
I52
sS'amazing'
p209
I69
sS'kittty'
p210
I77
sS'mp3s'
p211
I77
sS'answer'
p212
I75
sS'yum'
p213
I77
sS'chase'
p214
I77
sS'beach'
p215
I72
sS'charging'
p216
I77
sS'pizza'
p217
I76
sS'fever'
p218
I77
sS'munchiessss'
p219
I77
sS'beauty'
p220
I77
sS'bday'
p221
I75
sS'after'
p222
I67
sS'boyfran'
p223
I77
sS'loyalty'
p224
I76
sS'ball'
p225
I77
sS'wrong'
p226
I75
sS'jaren--actor'
p227
I77
sS'president'
p228
I76
sS"...g'night"
p229
I77
sS'lesbian'
p230
I77
sS"flail:'"
p231
I77
sS'danny'
p232
I76
sS'third'
p233
I77
sS'appreciate'
p234
I72
sS'sickening'
p235
I77
sS'cigarettes'
p236
I77
sS'(10116'
p237
I77
sS'funniest'
p238
I76
sS'anita'
p239
I77
sS'goodbye'
p240
I76
sS'keeps'
p241
I77
sS'believers\xe2\x80\x9d'
p242
I77
sS"'06"
p243
I77
sS'wing'
p244
I76
sS'wind'
p245
I77
sS'wine'
p246
I77
sS'fifa'
p247
I76
sS'salon'
p248
I74
sS'school"'
p249
I77
sS'over'
p250
I64
sS'fall'
p251
I75
sS'mackin'
p252
I77
sS'satisfied'
p253
I76
sS'russian'
p254
I77
sS'hibernation'
p255
I77
sS"'ama"
p256
I77
sS'\xef\xbb\xbb'
p257
I77
sS'mayor'
p258
I76
sS'before'
p259
I69
sS'ima'
p260
I76
sS'somewhere'
p261
I76
sS'kaepernick'
p262
I77
sS'goooodd'
p263
I77
sS'crew'
p264
I77
sS'better'
p265
I57
sS'somewhat'
p266
I77
sS'differently'
p267
I77
sS'fade'
p268
I75
sS'happy\xe2\x80\x9d'
p269
I77
sS'weeks'
p270
I77
sS'then'
p271
I75
sS'them'
p272
I65
sS'safe'
p273
I77
sS"we'll"
p274
I76
sS'cuties'
p275
I77
sS'break'
p276
I73
sS'band'
p277
I77
sS'wednesdays'
p278
I77
sS'they'
p279
I37
sS'one'
p280
I48
sS'silver'
p281
I76
sS'bank'
p282
I76
sS'chillllll'
p283
I77
sS'courtside'
p284
I77
sS'grammar'
p285
I77
sS'meat'
p286
I77
sS')\xe2\x80\x9c\xe2\x80\x9d\xd8\xa3\xd8\xb3\xd8\xaa\xd8\xba\xd9\x81\xd8\xb1'
p287
I77
sS'younginnnn'
p288
I77
sS'backgrounds'
p289
I77
sS'l'
p290
I76
sS'newport'
p291
I77
sS'reasonable'
p292
I77
sS'each'
p293
I75
sS'$50'
p294
I77
sS'went'
p295
I71
sS"70's"
p296
I77
sS'bong'
p297
I77
sS'side'
p298
I73
sS'mean'
p299
I72
sS'\xd8\xaa\xd8\xae\xd9\x84\xd9\x81'
p300
I77
sS'signing'
p301
I77
sS'logs'
p302
I77
sS'gunna'
p303
I76
sS'magneto'
p304
I77
sS'innocent'
p305
I77
sS'january'
p306
I77
sS'member'
p307
I77
sS'forgot'
p308
I76
sS'logo'
p309
I75
sS'399'
p310
I77
sS'saturday'
p311
I74
sS'rt'
p312
I68
sS'goo'
p313
I77
sS'gon'
p314
I73
sS'network'
p315
I74
sS'driving'
p316
I76
sS'god'
p317
I72
sS'kawhi'
p318
I75
sS'washed'
p319
I76
sS'prosciutto'
p320
I76
sS'mason'
p321
I66
sS're'
p322
I77
sS'laid'
p323
I77
sS'dtmoney'
p324
I77
sS'banning'
p325
I77
sS'got'
p326
I39
sS'rn'
p327
I72
sS'millions'
p328
I77
sS'snorkeling'
p329
I77
sS'gop'
p330
I75
sS'hogan'
p331
I77
sS'gate'
p332
I77
sS'asleep'
p333
I77
sS'turning'
p334
I77
sS'cutest'
p335
I76
sS"you're"
p336
I47
sS'middle-aged'
p337
I77
sS'eternal'
p338
I77
sS'little'
p339
I60
sS'free'
p340
I67
sS'20:34:15.0,34.25679211,-118.58043356,1133.22,taking'
p341
I77
sS'appointments'
p342
I77
sS'evil'
p343
I77
sS"people's"
p344
I77
sS'wanted'
p345
I74
sS'mvp'
p346
I77
sS'aisle'
p347
I77
sS'ate'
p348
I75
sS'dayum'
p349
I77
sS'eudes'
p350
I73
sS'professions'
p351
I77
sS'\xd8\xac\xd8\xa7\xd8\xa8\xd9\x83'
p352
I77
sS'days'
p353
I70
sS'lousy'
p354
I77
sS'heck'
p355
I77
sS'iso'
p356
I77
sS'aspire'
p357
I77
sS'd&d'
p358
I77
sS'(at'
p359
I76
sS'fuckin'
p360
I67
sS'lazers'
p361
I77
sS'already'
p362
I66
sS'kim'
p363
I77
sS'champs'
p364
I77
sS'today\xe2\x80\x9d'
p365
I77
sS'grade'
p366
I75
sS'wass'
p367
I77
sS'puck'
p368
I77
sS'primary'
p369
I77
sS'hoot'
p370
I77
sS'wash'
p371
I75
sS'c\xe2\x98\x80\xef\xb8\x8fache'
p372
I77
sS'disappearing'
p373
I77
sS'another'
p374
I70
sS'comin'
p375
I77
sS'force'
p376
I77
sS'thick'
p377
I77
sS'mcniff'
p378
I77
sS'basketball'
p379
I76
sS"carney's"
p380
I77
sS'hedging'
p381
I77
sS'service'
p382
I77
sS'top'
p383
I74
sS'girls'
p384
I66
sS'twisted'
p385
I77
sS'blackberry'
p386
I77
sS'needed'
p387
I75
sS'master'
p388
I77
sS'too'
p389
I48
sS'tom'
p390
I77
sS'world.\xe2\x80\x9d'
p391
I77
sS'gilbert'
p392
I77
sS'john'
p393
I71
sS'dogs'
p394
I77
sS'city....the'
p395
I77
sS'outgrow'
p396
I77
sS'grandchildren'
p397
I77
sS'coffee?\xe2\x80\x9d'
p398
I77
sS'centered'
p399
I77
sS'estimates'
p400
I77
sS'gym'
p401
I75
sS'albert'
p402
I77
sS'took'
p403
I71
sS'negotiating'
p404
I77
sS'\xd9\x88\xd9\x82\xd9\x88\xd8\xaa\xd9\x87'
p405
I77
sS'gyu'
p406
I77
sS'western'
p407
I74
sS'cereal'
p408
I76
sS'clippers.\xe2\x80\x9d'
p409
I77
sS'1k'
p410
I77
sS'colitis'
p411
I77
sS'granadians'
p412
I77
sS'perfectly'
p413
I77
sS'hahahahahahahah'
p414
I77
sS'heyyy'
p415
I77
sS'ass."i'
p416
I77
sS'thx'
p417
I77
sS'tree'
p418
I77
sS'crave'
p419
I77
sS'shower'
p420
I77
sS'don\xe2\x80\x99t'
p421
I77
sS'demarcus'
p422
I77
sS'classes'
p423
I72
sS'silly'
p424
I76
sS"hoffman's"
p425
I77
sS'feeling'
p426
I73
sS'hulk'
p427
I77
sS'mini'
p428
I77
sS'fashion'
p429
I76
sS'"let'
p430
I77
sS'ran'
p431
I77
sS'mind'
p432
I76
sS'mine'
p433
I76
sS'talking'
p434
I73
sS'seee'
p435
I77
sS'areeee'
p436
I77
sS'double-dip'
p437
I77
sS'corny'
p438
I77
sS'seen'
p439
I72
sS'edgy'
p440
I77
sS',91324\n463194286729609216,venpacaa,2014-05-05'
p441
I77
sS'loll\xe2\x80\x9d'
p442
I77
sS"18:50:57.0,34.25660458,-118.57895851,1133.22,i'm"
p443
I77
sS'bacall'
p444
I77
sS'dunno'
p445
I77
sS'-'
p446
I68
sS'snow'
p447
I77
sS'impotent'
p448
I76
sS'others)'
p449
I77
sS'allen\xe2\x80\x9d'
p450
I77
sS'sharlto'
p451
I77
sS"lara's"
p452
I77
sS'panties'
p453
I77
sS'blue'
p454
I76
sS'nobody'
p455
I75
sS'shit..i'
p456
I77
sS'wrists'
p457
I77
sS'though'
p458
I70
sS'doin'
p459
I75
sS'go0o0d'
p460
I77
sS'well-fortified'
p461
I77
sS'regular'
p462
I74
sS'alan'
p463
I77
sS'plenty'
p464
I77
sS'germans'
p465
I77
sS'doh'
p466
I68
sS'\xd9\x83\xd8\xab\xd9\x8a\xd8\xb1'
p467
I77
sS'episode'
p468
I77
sS'dom'
p469
I77
sS'doc'
p470
I77
sS'camp'
p471
I75
sS'm'
p472
I75
sS'dog'
p473
I72
sS'freeway'
p474
I77
sS'definitely'
p475
I74
sS'voting'
p476
I77
sS'came'
p477
I77
sS'23:54:09.0,34.25611686,-118.57943058,1133.22,getting'
p478
I77
sS'saying'
p479
I76
sS'sanctuary'
p480
I77
sS'bomb'
p481
I77
sS'inspire'
p482
I77
sS'00:49:14.0,34.2562507,-118.57889697,1133.22,getting'
p483
I77
sS'queen'
p484
I77
sS'ending'
p485
I76
sS'liza'
p486
I77
sS'radio'
p487
I77
sS'd5'
p488
I77
sS'fisheye'
p489
I77
sS'lessons'
p490
I76
sS'ahhhhhh"'
p491
I77
sS'doeee,91324\n395442804190490624,venpacaa,2013-10-30'
p492
I77
sS'peasants'
p493
I77
sS'ayyyy'
p494
I77
sS'cousins'
p495
I76
sS'sugar'
p496
I77
sS'9...they'
p497
I77
sS'ayyye'
p498
I77
sS'infiltrate'
p499
I77
sS'matters'
p500
I77
sS'sabathia'
p501
I77
sS'chipotle'
p502
I77
sS'memoir'
p503
I77
sS'goalie'
p504
I77
sS'rica'
p505
I77
sS'wearing'
p506
I76
sS'do'
p507
I39
sS'dm'
p508
I76
sS'dj'
p509
I77
sS'colorful'
p510
I77
sS'air'
p511
I77
sS'de'
p512
I76
sS'stop'
p513
I72
sS'da'
p514
I72
sS'pocket'
p515
I77
sS'tfffffffti'
p516
I77
sS'alcohol'
p517
I77
sS'wedding'
p518
I77
sS'report'
p519
I77
sS'nasty'
p520
I75
sS'midterms'
p521
I77
sS'unfortunately'
p522
I77
sS'bar'
p523
I77
sS'dipping'
p524
I77
sS'idiotic'
p525
I77
sS'plush'
p526
I72
sS'bag'
p527
I75
sS'bad'
p528
I61
sS'bae'
p529
I73
sS"'n'"
p530
I77
sS'yordi'
p531
I77
sS'duck\xe2\x80\x9d'
p532
I77
sS'release'
p533
I77
sS'\xd9\x86\xd9\x82\xd9\x88\xd9\x84'
p534
I77
sS'ears'
p535
I76
sS'respond'
p536
I77
sS'playstation'
p537
I77
sS'fair'
p538
I77
sS'rockstar'
p539
I77
sS'w/'
p540
I74
sS'liquor'
p541
I77
sS'12hrs2go'
p542
I77
sS'fml\xe2\x80\x9duntil'
p543
I77
sS'goodnight'
p544
I77
sS'toes'
p545
I75
sS'fail'
p546
I76
sS'miserable'
p547
I77
sS'channeling'
p548
I76
sS'nocturnal'
p549
I77
sS'jerseys'
p550
I76
sS'smoothies'
p551
I77
sS'best'
p552
I58
sS'brazil'
p553
I75
sS'said'
p554
I69
sS'mitch'
p555
I77
sS'lots'
p556
I77
sS'addi&garrett'
p557
I77
sS'away'
p558
I65
sS'arrived'
p559
I77
sS'fatest'
p560
I77
sS'ready...shittt'
p561
I77
sS"there's"
p562
I71
sS'olympics'
p563
I76
sS'hopefully'
p564
I77
sS'chode'
p565
I77
sS'lamar'
p566
I76
sS'shills'
p567
I77
sS'omg'
p568
I62
sS'wb'
p569
I77
sS'nature'
p570
I77
sS',91311\n397830439710113793,summerxrain,2013-11-05'
p571
I77
sS'weak'
p572
I75
sS'ignorance'
p573
I77
sS'boss'
p574
I76
sS'cards'
p575
I77
sS'rivers'
p576
I77
sS'ws'
p577
I77
sS'wear'
p578
I75
sS'wtf'
p579
I73
sS'nonfat'
p580
I77
sS'cousin'
p581
I76
sS'fenevin'
p582
I77
sS'nahhhh'
p583
I76
sS'creds'
p584
I77
sS'ham'
p585
I77
sS'yahweh'
p586
I77
sS'debristhat'
p587
I77
sS'protect'
p588
I77
sS'accident'
p589
I77
sS'cow'
p590
I77
sS'brat'
p591
I76
sS'bachelorette'
p592
I77
sS'fault'
p593
I77
sS'ill'
p594
I70
sS'jelly'
p595
I77
sS'against'
p596
I74
sS'huh\xe2\x80\x9dsaid'
p597
I77
sS'players'
p598
I77
sS'baaaaaadddd'
p599
I77
sS'games'
p600
I74
sS'bet'
p601
I75
sS'lookin'
p602
I76
sS'cap/tax'
p603
I77
sS'carwash'
p604
I77
sS'barchetta'
p605
I77
sS'asked'
p606
I75
sS'ily'
p607
I70
sS'\xd8\xa7\xd9\x84\xd9\x82\xd9\x84\xd8\xa8'
p608
I77
sS'suggest'
p609
I77
sS'tough'
p610
I75
sS'legs'
p611
I77
sS'yaas'
p612
I77
sS'2nd'
p613
I77
sS'mom\xe2\x98\xba'
p614
I77
sS'18:18:06.0,34.25611686,-118.57943058,1133.22,getting'
p615
I77
sS'perfect\xe2\x80\x9d'
p616
I77
sS'trust'
p617
I76
sS'hitler'
p618
I77
sS'ana'
p619
I77
sS'bathroom'
p620
I77
sS'101'
p621
I77
sS'oceanography'
p622
I76
sS'now)'
p623
I77
sS'puts'
p624
I76
sS'"you'
p625
I77
sS'three'
p626
I77
sS'been'
p627
I58
sS'jemm'
p628
I77
sS'bothers'
p629
I77
sS'\xe2\x9d\x84\xef\xb8\x8f'
p630
I77
sS'beer'
p631
I77
sS'much'
p632
I59
sS'myyy'
p633
I77
sS'stadium'
p634
I77
sS'awesum'
p635
I77
sS'incompetent'
p636
I77
sS'threw'
p637
I77
sS'website'
p638
I77
sS'chug'
p639
I77
sS'life'
p640
I63
sS'kidsurgeon'
p641
I77
sS'topppp'
p642
I77
sS'relaxing'
p643
I77
sS'concerning'
p644
I77
sS'sunshine'
p645
I77
sS'argument'
p646
I77
sS'sycophants'
p647
I76
sS'lift'
p648
I77
sS'jewels'
p649
I77
sS'child'
p650
I77
sS'catch'
p651
I76
sS'chili'
p652
I77
sS'mateo'
p653
I77
sS'spin'
p654
I75
sS'church)'
p655
I77
sS'chill'
p656
I74
sS'ant'
p657
I77
sS'save'
p658
I77
sS'tank'
p659
I77
sS'hidin'
p660
I77
sS'ugly'
p661
I74
sS"vicki's"
p662
I77
sS'suppose'
p663
I76
sS'aid'
p664
I77
sS'voice'
p665
I77
sS'k'
p666
I76
sS'mistake'
p667
I77
sS'cane'
p668
I77
sS'mexico'
p669
I73
sS'whine'
p670
I77
sS'is'
p671
I8
sS'it'
p672
I15
sS'kohl'
p673
I77
sS'iv'
p674
I77
sS'throat'
p675
I77
sS'\xd8\xb4\xd9\x83\xd8\xb1\xd8\xa7'
p676
I77
sS'im'
p677
I63
sS'in'
p678
I11
sS'campaigning'
p679
I77
sS'boeheim'
p680
I77
sS'mouse'
p681
I77
sS'stint'
p682
I77
sS'ig'
p683
I77
sS'if'
p684
I36
sS'memorial'
p685
I77
sS'bottles'
p686
I76
sS'descent'
p687
I77
sS'things'
p688
I72
sS'make'
p689
I61
sS'punctuation'
p690
I77
sS'airport'
p691
I77
sS'hahah'
p692
I74
sS'babies'
p693
I77
sS'success'
p694
I77
sS'puttin'
p695
I77
sS'toasted'
p696
I77
sS'entitled'
p697
I76
sS'wheel'
p698
I76
sS'clear'
p699
I77
sS'alumi'
p700
I77
sS'turnap\xe2\x80\x9d'
p701
I77
sS'social'
p702
I76
sS'hang'
p703
I75
sS'coachella'
p704
I76
sS'rain'
p705
I72
sS'hand'
p706
I77
sS'02:40:09.0,34.25204113,-118.57672968,1133.22,looking'
p707
I77
sS'lol\xe2\x80\x9d'
p708
I77
sS'unicorn'
p709
I77
sS'jealous'
p710
I76
sS'overs'
p711
I77
sS"he'll"
p712
I77
sS'thoughts'
p713
I75
sS'kid'
p714
I76
sS'kicked'
p715
I77
sS"mother's"
p716
I77
sS'youre'
p717
I77
sS'know...\xe2\x80\x9dlittle'
p718
I77
sS'gaines'
p719
I77
sS'tho'
p720
I72
sS'contact'
p721
I77
sS'greatest'
p722
I75
sS'mother'
p723
I77
sS'romo'
p724
I76
sS'the'
p725
I2
sS'smoked'
p726
I77
sS'yours'
p727
I77
sS'left'
p728
I73
sS'snowman'
p729
I77
sS'yolo'
p730
I77
sS'just'
p731
I23
sS'photo'
p732
I73
sS'laptop'
p733
I77
sS'newton'
p734
I77
sS'longish'
p735
I77
sS'ideas'
p736
I77
sS'via'
p737
I77
sS'psych'
p738
I77
sS'thanks'
p739
I57
sS'yep'
p740
I77
sS'yes'
p741
I63
sS'clippers.....caron'
p742
I77
sS'yet'
p743
I73
sS'adding'
p744
I77
sS'hills'
p745
I75
sS'had'
p746
I66
sS'jules'
p747
I77
sS'shout'
p748
I74
sS'squad'
p749
I77
sS'teenager'
p750
I77
sS'beloved'
p751
I76
sS'starbucks)'
p752
I77
sS'world\xe2\x9d\xa4\xef\xb8\x8f'
p753
I77
sS'has'
p754
I60
sS'hat'
p755
I77
sS'gave'
p756
I76
sS'doeee'
p757
I77
sS'araw'
p758
I77
sS'possible'
p759
I76
sS'bastards'
p760
I77
sS'3pm'
p761
I77
sS'performance'
p762
I77
sS'judge'
p763
I77
sS'progresses'
p764
I77
sS'burnt'
p765
I77
sS'dreams'
p766
I76
sS'apart'
p767
I77
sS'brought'
p768
I75
sS'stooopid'
p769
I77
sS'gift'
p770
I76
sS'texts'
p771
I77
sS'55'
p772
I77
sS'stroller'
p773
I77
sS'51'
p774
I77
sS'50'
p775
I75
sS'53'
p776
I77
sS'steph'
p777
I77
sS'remind'
p778
I77
sS'steps'
p779
I77
sS'night'
p780
I51
sS'\xd8\xa8\xd8\xb5\xd9\x81\xd8\xa9'
p781
I77
sS'food.,91311\n250666947761565696,theshellmeister,2012-09-25'
p782
I77
sS'right'
p783
I47
sS'old'
p784
I66
sS'rustling'
p785
I77
sS'people'
p786
I57
sS'sends'
p787
I77
sS'masterbates"'
p788
I77
sS'04:34:32.0,34.25572915,-118.57974709,1133.22,bunch'
p789
I77
sS'dead'
p790
I72
sS'unnecessary'
p791
I77
sS'born'
p792
I77
sS'\xd8\xb9\xd9\x84\xd9\x8a\xd9\x87'
p793
I75
sS'winds'
p794
I77
sS'multiple'
p795
I77
sS'extended'
p796
I77
sS'lying'
p797
I77
sS'cocaine'
p798
I77
sS'for'
p799
I10
sS'bottom'
p800
I77
sS'heroin?"'
p801
I77
sS'fox'
p802
I77
sS'ice'
p803
I75
sS'everything'
p804
I73
sS'asking'
p805
I75
sS'landscape'
p806
I77
sS'420'
p807
I77
sS'foo'
p808
I77
sS'adorable'
p809
I77
sS'christmas'
p810
I74
sS'bola'
p811
I77
sS'core'
p812
I77
sS'stalking'
p813
I77
sS'pls'
p814
I75
sS"lera's"
p815
I77
sS'deleted'
p816
I77
sS'extraordinaire'
p817
I77
sS'corn'
p818
I76
sS'silva'
p819
I77
sS'roscoes'
p820
I77
sS'losing'
p821
I76
sS'liesssss'
p822
I77
sS'post'
p823
I77
sS'super'
p824
I73
sS'waivers.\xe2\x80\x9d'
p825
I77
sS'workin\xe2\x80\x9d'
p826
I77
sS'bafta'
p827
I77
sS'dollars'
p828
I77
sS'months'
p829
I75
sS'asjklfldkshsbakajsksks'
p830
I77
sS'sycophant'
p831
I77
sS'magazine'
p832
I77
sS'plus'
p833
I77
sS'call???\xe2\x80\x9d'
p834
I77
sS'nooooooo'
p835
I77
sS'curry'
p836
I77
sS'book'
p837
I77
sS'match'
p838
I77
sS'mbl'
p839
I77
sS'duke'
p840
I77
sS'statements'
p841
I77
sS'selfie'
p842
I77
sS'soo'
p843
I77
sS'ppl'
p844
I75
sS'down'
p845
I65
sS'lies'
p846
I76
sS'aht'
p847
I76
sS'honored'
p848
I77
sS'parade'
p849
I77
sS'east'
p850
I77
sS'deal'
p851
I77
sS'd\xe2\x80\x99antoni'
p852
I77
sS'support'
p853
I77
sS'constantly'
p854
I76
sS'ls'
p855
I77
sS'fight'
p856
I76
sS'stuck'
p857
I76
sS'mthigh'
p858
I77
sS'way'
p859
I71
sS'wax'
p860
I77
sS'hahhahahaha'
p861
I77
sS'music'
p862
I73
sS'was'
p863
I40
sS'war'
p864
I77
sS'happy'
p865
I38
sS'questionable'
p866
I77
sS'head'
p867
I75
sS'\xd9\x83\xd9\x84'
p868
I76
sS'northridge'
p869
I74
sS'form'
p870
I77
sS'\xd8\xaa\xd8\xb9\xd8\xa7\xd9\x84\xd9\x8a'
p871
I77
sS'becoming'
p872
I77
sS'fireworks'
p873
I77
sS'lawn'
p874
I77
sS'leilani'
p875
I77
sS'robert'
p876
I77
sS'heat'
p877
I66
sS'hear'
p878
I72
sS'granger'
p879
I76
sS'cryd'
p880
I77
sS'true'
p881
I75
sS'viva'
p882
I77
sS'20:59:02.0,34.25198472,-118.57684543,1133.22,need'
p883
I77
sS'happen'
p884
I73
sS"else's"
p885
I76
sS'smidgeon'
p886
I77
sS'inside'
p887
I77
sS"lyndsie's"
p888
I77
sS'fathers'
p889
I77
sS'maximum'
p890
I77
sS'ruined'
p891
I76
sS'whiskey'
p892
I77
sS'r.i.p'
p893
I77
sS'shit"love'
p894
I77
sS'now...wait'
p895
I77
sS'propaganda'
p896
I77
sS'delete'
p897
I77
sS'texts<<<'
p898
I77
sS'passenger'
p899
I77
sS'adopt'
p900
I77
sS'liberal'
p901
I73
sS"roy's"
p902
I77
sS'stronger'
p903
I77
sS'tournament'
p904
I76
sS'proven'
p905
I77
sS'(broken'
p906
I77
sS'exist'
p907
I77
sS'promised'
p908
I77
sS'gosnell'
p909
I77
sS'"senseless"'
p910
I77
sS'awhile'
p911
I77
sS'annoying'
p912
I76
sS'check'
p913
I74
sS'shit'
p914
I45
sS'holla'
p915
I76
sS'radically'
p916
I77
sS'\xd9\x8a\xd9\x8e\xd9\x84\xd9\x90\xd8\xaf\xd9\x92'
p917
I77
sS'dying'
p918
I75
sS'no'
p919
I48
sS'na'
p920
I76
sS'alerts'
p921
I77
sS'when'
p922
I31
sS'courthouse'
p923
I77
sS'reality'
p924
I76
sS'tim'
p925
I76
sS'interested'
p926
I77
sS'giovanni'
p927
I77
sS'test'
p928
I76
sS'holly'
p929
I74
sS'vanished'
p930
I77
sS'smell'
p931
I77
sS'roll'
p932
I74
sS'scored'
p933
I77
sS'picture'
p934
I73
sS'sharkeisha'
p935
I77
sS'brothers'
p936
I76
sS"o'clock"
p937
I75
sS'turnup'
p938
I77
sS'dies'
p939
I76
sS'why'
p940
I54
sS'welcome'
p941
I76
sS'utilities'
p942
I77
sS'one-sided'
p943
I76
sS"let's"
p944
I67
sS'fell'
p945
I77
sS'scores'
p946
I77
sS'low\xe2\x80\x9d'
p947
I77
sS'weekend'
p948
I70
sS'senior'
p949
I77
sS'careful'
p950
I77
sS'jacked'
p951
I77
sS'younger'
p952
I77
sS'borris'
p953
I77
sS'happening'
p954
I76
sS'dumpin'
p955
I77
sS'packets'
p956
I77
sS'together'
p957
I74
sS'bball'
p958
I77
sS'time'
p959
I46
sS'serious'
p960
I77
sS'crazy\xe2\x80\x9d'
p961
I77
sS'finga'
p962
I77
sS'basically'
p963
I76
sS'coach'
p964
I75
sS':('
p965
I70
sS':)'
p966
I73
sS'ron'
p967
I76
sS'regulars'
p968
I76
sS'dance'
p969
I77
sS'rob'
p970
I75
sS'ouch'
p971
I77
sS"yasin'i"
p972
I77
sS'although'
p973
I77
sS'cezas\xc4\xb1n\xc4\xb1'
p974
I77
sS'/'
p975
I77
sS'grateful'
p976
I75
sS'skin'
p977
I77
sS'battle'
p978
I77
sS'chair'
p979
I77
sS'$8.95'
p980
I77
sS'row'
p981
I77
sS'venice'
p982
I77
sS'suicide'
p983
I77
sS'baller'
p984
I77
sS'hump'
p985
I77
sS'flash'
p986
I76
sS'obamacare'
p987
I77
sS'lara'
p988
I77
sS'contemplating'
p989
I77
sS'passage'
p990
I77
sS'818'
p991
I77
sS'yankees..so'
p992
I77
sS'finally'
p993
I72
sS'discovering'
p994
I77
sS'alana'
p995
I77
sS'must'
p996
I77
sS'dion'
p997
I77
sS'recipient'
p998
I77
sS'brown'
p999
I76
sS'string'
p1000
I77
sS':d'
p1001
I77
sS'alcoholics'
p1002
I77
sS'artwork'
p1003
I77
sS'word'
p1004
I76
sS'trouble'
p1005
I77
sS'\xd8\xa8\xd8\xb3\xd9\x85'
p1006
I77
sS'minute'
p1007
I75
sS'cool'
p1008
I73
sS'nudes'
p1009
I77
sS'purely'
p1010
I77
sS'did'
p1011
I63
sS'die'
p1012
I76
sS'dig'
p1013
I77
sS'brother'
p1014
I74
sS'turnt'
p1015
I75
sS'leave'
p1016
I73
sS'soooo'
p1017
I76
sS'kits'
p1018
I77
sS'excellence'
p1019
I77
sS'subway'
p1020
I77
sS'team'
p1021
I71
sS'quick'
p1022
I77
sS'guy'
p1023
I72
sS'round'
p1024
I76
sS'yall'
p1025
I76
sS'dis'
p1026
I75
sS'20:59:18.0,34.25198472,-118.57684543,1133.22,send'
p1027
I77
sS'ezra'
p1028
I77
sS'talked'
p1029
I77
sS'says'
p1030
I72
sS'regret'
p1031
I76
sS'peek'
p1032
I77
sS'trend'
p1033
I77
sS'rn!\xe2\x80\x9d'
p1034
I77
sS'sign'
p1035
I74
sS'crescent'
p1036
I77
sS'run'
p1037
I74
sS'bake'
p1038
I73
sS'fear'
p1039
I74
sS'drinks'
p1040
I76
sS'\xd9\x88\xd9\x8a\xd9\x86\xd9\x83'
p1041
I77
sS'curse'
p1042
I77
sS'stressful'
p1043
I77
sS'constitution'
p1044
I77
sS'mt'
p1045
I77
sS'celebrated'
p1046
I77
sS'uniform'
p1047
I77
sS'current'
p1048
I77
sS'rub'
p1049
I77
sS'love.\xe2\x80\x9d\xe2\x80\x9d'
p1050
I77
sS'melo'
p1051
I77
sS'goes'
p1052
I75
sS'beasley'
p1053
I77
sS'withdrawls'
p1054
I77
sS'celebrates'
p1055
I77
sS'filled'
p1056
I76
sS'weezy'
p1057
I77
sS'install'
p1058
I77
sS'\xe2\x9d\xa4\xef\xb8\x8f,91324\n472514819396878336,venpacaa,2014-05-30'
p1059
I77
sS'1-800-beyotch!\xe2\x80\x9d'
p1060
I77
sS'hairs'
p1061
I77
sS'realizations'
p1062
I77
sS'water'
p1063
I77
sS'moment.\xe2\x80\x9d'
p1064
I77
sS"firstyou're"
p1065
I77
sS'address'
p1066
I77
sS"hadn't"
p1067
I76
sS'along'
p1068
I77
sS'appears'
p1069
I77
sS'change'
p1070
I71
sS'wait'
p1071
I66
sS'handle'
p1072
I77
sS'boy'
p1073
I71
sS'neville'
p1074
I77
sS'yessss'
p1075
I76
sS'thirty'
p1076
I77
sS'healthy'
p1077
I76
sS'shift'
p1078
I72
sS'fsho'
p1079
I77
sS'yankie'
p1080
I77
sS'guilty'
p1081
I76
sS'lakers'
p1082
I66
sS'trial'
p1083
I77
sS'boo'
p1084
I77
sS'usually'
p1085
I77
sS'weird'
p1086
I76
sS'nowhere'
p1087
I77
sS'doodes'
p1088
I77
sS'breathtaking'
p1089
I77
sS'shootings'
p1090
I77
sS'love'
p1091
I29
sS'extra'
p1092
I75
sS'woorrrmmmmm'
p1093
I77
sS'dohhh'
p1094
I77
sS'thruu'
p1095
I77
sS'fake'
p1096
I74
sS'fbi'
p1097
I77
sS'everybody'
p1098
I77
sS'infinitum'
p1099
I77
sS'working'
p1100
I72
sS'may'
p1101
I77
sS'aye'
p1102
I75
sS'positive'
p1103
I77
sS'anthro'
p1104
I76
sS'dude'
p1105
I71
sS'tears'
p1106
I76
sS'sweg'
p1107
I77
sS'sports'
p1108
I75
sS'live'
p1109
I69
sS'iphone'
p1110
I76
sS'wondering'
p1111
I77
sS'memory'
p1112
I77
sS'believing'
p1113
I77
sS'associated'
p1114
I77
sS'tftiiiii'
p1115
I77
sS'angels'
p1116
I77
sS'today'
p1117
I53
sS'errrr'
p1118
I77
sS'riot'
p1119
I76
sS'afford'
p1120
I77
sS'altar'
p1121
I77
sS'clue'
p1122
I77
sS'ignorant'
p1123
I77
sS'far'
p1124
I72
sS'overrated\xe2\x80\x9d'
p1125
I77
sS'\xe2\x9d\xa4\xef\xb8\x8f\xe2\x9d\xa4\xef\xb8\x8f'
p1126
I77
sS'mother-calf'
p1127
I77
sS'everytime'
p1128
I77
sS'fly'
p1129
I77
sS'states'
p1130
I77
sS'ponchos'
p1131
I77
sS'douche'
p1132
I77
sS'niggas'
p1133
I77
sS'car'
p1134
I64
sS'pretend'
p1135
I77
sS'cat'
p1136
I77
sS'purge'
p1137
I77
sS'gathers'
p1138
I77
sS'can'
p1139
I36
sS'growing'
p1140
I76
sS'making'
p1141
I69
sS'laughter'
p1142
I77
sS'ribs'
p1143
I77
sS'daming'
p1144
I77
sS'heart'
p1145
I75
sS'crazy'
p1146
I68
sS'valentines'
p1147
I77
sS'figure'
p1148
I76
sS'december'
p1149
I77
sS'awesome'
p1150
I74
sS'sense'
p1151
I77
sS"didn't"
p1152
I68
sS'fuck'
p1153
I48
sS'heard'
p1154
I75
sS'stroke'
p1155
I77
sS'chin'
p1156
I77
sS'dropped'
p1157
I76
sS'hides'
p1158
I77
sS'allowed'
p1159
I76
sS'mmmmmm'
p1160
I77
sS'offense'
p1161
I77
sS'mazzy'
p1162
I77
sS'tgif'
p1163
I77
sS'ooooooohhhhh'
p1164
I77
sS'pink'
p1165
I76
sS'winter'
p1166
I75
sS'watching'
p1167
I73
sS'dinner'
p1168
I77
sS'1'
p1169
I67
sS'till'
p1170
I77
sS'sunday'
p1171
I72
sS'fourth'
p1172
I76
sS'skates'
p1173
I77
sS'idk'
p1174
I70
sS'night\xe2\x80\x9d'
p1175
I76
sS'product'
p1176
I77
sS'fee'
p1177
I77
sS'laundry'
p1178
I77
sS'building'
p1179
I77
sS'\xd8\xa3\xd8\xae\xd8\xaa\xd9\x8a..\xd8\x9f'
p1180
I77
sS'strokes'
p1181
I76
sS'max'
p1182
I77
sS'boost,91311\n393163209697280000,summerxrain,2013-10-23'
p1183
I77
sS'diva'
p1184
I77
sS'\xd9\x8a\xd8\xb3\xd8\xb1'
p1185
I77
sS'nikka'
p1186
I77
sS'xmas\xe2\x98\x81\xef\xb8\x8f'
p1187
I77
sS'birthday'
p1188
I49
sS'mad'
p1189
I73
sS'date'
p1190
I75
sS'such'
p1191
I76
sS'suck'
p1192
I77
sS'whaaaa'
p1193
I77
sS'guys'
p1194
I69
sS'grow'
p1195
I77
sS'unbelievably'
p1196
I77
sS'man'
p1197
I56
sS'05:15:22.0,34.2530317,-118.5831437,1133.22,i'
p1198
I77
sS'surfing'
p1199
I77
sS'natural'
p1200
I77
sS'remember'
p1201
I69
sS'johnson'
p1202
I77
sS'joint'
p1203
I77
sS'whenever'
p1204
I77
sS'maybe'
p1205
I72
sS'wheelchair'
p1206
I77
sS'alemany'
p1207
I77
sS'st'
p1208
I63
sS'q'
p1209
I77
sS'ghe'
p1210
I77
sS'jail'
p1211
I75
sS'06:50:23.0,34.25002465,-118.575462,1133.22,i'
p1212
I77
sS'african'
p1213
I77
sS'tall'
p1214
I77
sS'sa'
p1215
I77
sS'increase'
p1216
I77
sS'sf'
p1217
I77
sS'talk'
p1218
I70
sS'typical'
p1219
I77
sS'devonshire'
p1220
I67
sS'breaking'
p1221
I77
sS'shoes'
p1222
I77
sS'you?"'
p1223
I77
sS'clubbing'
p1224
I77
sS'serve'
p1225
I77
sS'differences'
p1226
I77
sS'haircut'
p1227
I77
sS'mainly'
p1228
I77
sS'years'
p1229
I75
sS'course'
p1230
I76
sS'shake'
p1231
I77
sS'cold'
p1232
I75
sS'still'
p1233
I53
sS'gta'
p1234
I76
sS'group'
p1235
I73
sS'thank'
p1236
I66
sS'wallace'
p1237
I76
sS"he's"
p1238
I75
sS'smoothie'
p1239
I76
sS'interesting'
p1240
I77
sS'bagels'
p1241
I76
sS'jim'
p1242
I77
sS'racecar'
p1243
I77
sS'louisville'
p1244
I76
sS"he'd"
p1245
I76
sS'this.is'
p1246
I77
sS'coaching'
p1247
I77
sS'cheyenne'
p1248
I77
sS'\xd8\xa7\xd8\xae\xd8\xb0'
p1249
I77
sS'tweets'
p1250
I77
sS'main'
p1251
I77
sS'happened'
p1252
I77
sS'publicize'
p1253
I77
sS'non'
p1254
I77
sS'cling'
p1255
I77
sS'tucked'
p1256
I77
sS'3'
p1257
I66
sS'moms'
p1258
I76
sS'killer'
p1259
I77
sS'hilarious'
p1260
I77
sS'feelin'
p1261
I75
sS'lunch'
p1262
I75
sS'slacks'
p1263
I77
sS'half'
p1264
I75
sS'not'
p1265
I25
sS'now'
p1266
I43
sS'killed'
p1267
I76
sS'developments'
p1268
I77
sS'wont'
p1269
I77
sS'\xd9\x83\xd9\x84\xd9\x83'
p1270
I77
sS'term'
p1271
I77
sS'jamey'
p1272
I77
sS'equality'
p1273
I77
sS'name'
p1274
I74
sS'realist'
p1275
I77
sS'james'
p1276
I73
sS'finke'
p1277
I77
sS'rock'
p1278
I76
sS'quarter'
p1279
I76
sS'em'
p1280
I72
sS'el'
p1281
I76
sS'r'
p1282
I73
sS'fired'
p1283
I75
sS'yeah'
p1284
I71
sS'replay'
p1285
I77
sS'ex'
p1286
I76
sS'preaching'
p1287
I77
sS'year'
p1288
I68
sS'et'
p1289
I77
sS'girl'
p1290
I63
sS'calling'
p1291
I77
sS'surprise'
p1292
I76
sS'tried'
p1293
I77
sS'canada'
p1294
I77
sS'living'
p1295
I75
sS'baebae\xe2\x80\x9d'
p1296
I77
sS'space'
p1297
I77
sS'00:12:31.0,34.25611686,-118.57943058,1133.22,roots'
p1298
I77
sS'oklahoma'
p1299
I77
sS'looking'
p1300
I69
sS'mess'
p1301
I77
sS'seriously'
p1302
I73
sS'miles'
p1303
I77
sS'hacked'
p1304
I77
sS'dutch'
p1305
I76
sS'squares'
p1306
I77
sS'montoya'
p1307
I77
sS'people\xe2\x80\x9d'
p1308
I77
sS'managed'
p1309
I77
sS'3day'
p1310
I77
sS'dodgers'
p1311
I76
sS'goto'
p1312
I76
sS'state'
p1313
I77
sS'itttt'
p1314
I77
sS'possibility'
p1315
I77
sS'quite'
p1316
I77
sS'ajay'
p1317
I77
sS'complicated'
p1318
I77
sS'grandma'
p1319
I74
sS'12:10'
p1320
I77
sS'card'
p1321
I75
sS'care'
p1322
I74
sS'partner'
p1323
I77
sS'training'
p1324
I76
sS'tortilla'
p1325
I77
sS'\xd9\x8a\xd9\x8f\xd9\x88\xd9\x84\xd9\x8e\xd8\xaf\xd9\x92'
p1326
I77
sS'carnival'
p1327
I77
sS'yup'
p1328
I76
sS'coulda'
p1329
I77
sS'turn'
p1330
I69
sS'expect/bring'
p1331
I77
sS'place'
p1332
I72
sS'combination\xe2\x80\x9d'
p1333
I77
sS'\xd9\x87\xd9\x84'
p1334
I77
sS'yess'
p1335
I73
sS'think'
p1336
I64
sS'friend\xe2\x80\x9d\xe2\x80\x9d'
p1337
I77
sS'first'
p1338
I64
sS'origin'
p1339
I77
sS'cheese'
p1340
I76
sS'champions'
p1341
I77
sS'incompetence/corruption'
p1342
I77
sS'xd'
p1343
I77
sS'yourself'
p1344
I75
sS'company'
p1345
I77
sS'ralph.\xe2\x80\x9d'
p1346
I77
sS'americans'
p1347
I77
sS'fast'
p1348
I76
sS'directly'
p1349
I76
sS'northidge'
p1350
I77
sS'corporations'
p1351
I77
sS'sounds'
p1352
I74
sS'raped'
p1353
I77
sS'open'
p1354
I77
sS'tomorrow'
p1355
I58
sS'cris'
p1356
I74
sS'city'
p1357
I72
sS'given'
p1358
I76
sS'officials'
p1359
I77
sS'lap'
p1360
I77
sS'caught'
p1361
I76
sS'anyone'
p1362
I72
sS'download'
p1363
I77
sS'fml'
p1364
I75
sS'2'
p1365
I61
sS'draft'
p1366
I77
sS'tell'
p1367
I73
sS'lobbyists'
p1368
I77
sS'white'
p1369
I76
sS'circa'
p1370
I77
sS'friend'
p1371
I74
sS'gives'
p1372
I75
sS'bitchhhh'
p1373
I77
sS'anus'
p1374
I77
sS'eyes'
p1375
I74
sS'that'
p1376
I19
sS'shawn'
p1377
I77
sS'season'
p1378
I70
sS"men's"
p1379
I77
sS'huh'
p1380
I76
sS'boba'
p1381
I77
sS'cops'
p1382
I76
sS'hillary'
p1383
I74
sS'ridiculous'
p1384
I77
sS'\xd9\x88\xd8\xa7\xd8\xac\xd9\x85\xd9\x84'
p1385
I77
sS'"super-relaxed"'
p1386
I77
sS'copy'
p1387
I77
sS'than'
p1388
I56
sS"here's"
p1389
I77
sS'boyfriend'
p1390
I76
sS'10'
p1391
I75
sS'television'
p1392
I77
sS'12'
p1393
I77
sS'chvse'
p1394
I77
sS'lmao'
p1395
I74
sS'mannnn'
p1396
I77
sS'scraping'
p1397
I77
sS'gotta'
p1398
I71
sS'mayall'
p1399
I77
sS'future'
p1400
I76
sS'were'
p1401
I64
sS'sickkkk'
p1402
I77
sS'colombiano'
p1403
I77
sS'u"'
p1404
I77
sS'russia'
p1405
I77
sS'grant\xe2\x80\x9dtaking'
p1406
I77
sS'and'
p1407
I9
sS'doe...out'
p1408
I77
sS'piece'
p1409
I77
sS'san'
p1410
I65
sS'pro'
p1411
I76
sS'12hr'
p1412
I77
sS'turned'
p1413
I76
sS'colorway'
p1414
I77
sS'slap'
p1415
I77
sS'sad'
p1416
I73
sS'13th'
p1417
I77
sS'say'
p1418
I63
sS'medium'
p1419
I77
sS'06:52:18.0,34.257079,-118.58364,1133.22,why'
p1420
I77
sS'lurking'
p1421
I77
sS'abnormalities'
p1422
I77
sS'breakfast'
p1423
I73
sS'saw'
p1424
I77
sS'any'
p1425
I64
sS'kevin'
p1426
I74
sS'kush'
p1427
I77
sS'puso'
p1428
I77
sS'wcw'
p1429
I77
sS'warriors'
p1430
I76
sS'veteran'
p1431
I77
sS'somethings'
p1432
I77
sS'shocked'
p1433
I77
sS'note'
p1434
I77
sS'omfg'
p1435
I77
sS'jefferson'
p1436
I77
sS'take'
p1437
I64
sS'online'
p1438
I74
sS'destroy'
p1439
I77
sS'mayer'
p1440
I77
sS'blunt'
p1441
I75
sS"bhaskar's"
p1442
I77
sS'bets'
p1443
I77
sS'urge'
p1444
I77
sS'sure'
p1445
I68
sS'pain'
p1446
I76
sS'theatre'
p1447
I76
sS'normal'
p1448
I77
sS'arguing'
p1449
I77
sS'birthday\xe2\x9b\x84'
p1450
I77
sS'price'
p1451
I77
sS'knew'
p1452
I74
sS'tnite\xe2\x80\x9d'
p1453
I77
sS'paid'
p1454
I75
sS'netflix'
p1455
I77
sS'vons'
p1456
I52
sS'\xd8\xa7\xd9\x84\xd8\xad\xd9\x84\xd9\x85'
p1457
I77
sS'pleasure'
p1458
I77
sS'pair'
p1459
I76
sS'america'
p1460
I75
sS'precludes'
p1461
I77
sS'winters'
p1462
I77
sS'forever'
p1463
I75
sS'23:53:08.0,34.25198677,-118.57679766,1133.22,smdh,91311\n392480465371664384,summerxrain,2013-10-22'
p1464
I77
sS'considered'
p1465
I77
sS'bangin'
p1466
I77
sS'average'
p1467
I77
sS'proud'
p1468
I73
sS'drive'
p1469
I72
sS'mrs'
p1470
I77
sS'uncle'
p1471
I77
sS"80's"
p1472
I77
sS'you!!!,91324\n472514900959297536,venpacaa,2014-05-30'
p1473
I77
sS'ever\xe2\x80\x9d'
p1474
I77
sS'shot'
p1475
I76
sS'show'
p1476
I74
sS'(chatsworth'
p1477
I54
sS'peaches'
p1478
I75
sS'hopes'
p1479
I77
sS'bright'
p1480
I77
sS'shoe'
p1481
I77
sS'hack'
p1482
I77
sS'spacey'
p1483
I77
sS'\xd9\x88\xd8\xaf\xd8\xb9'
p1484
I77
sS'aint'
p1485
I74
sS'slow'
p1486
I76
sS'title'
p1487
I75
sS'daily'
p1488
I77
sS'dick'
p1489
I77
sS'enough'
p1490
I76
sS'"bae?"'
p1491
I77
sS'only'
p1492
I54
sS'going'
p1493
I54
sS'black'
p1494
I71
sS'hockey'
p1495
I76
sS'\xe2\x9c\x94'
p1496
I77
sS'shrill'
p1497
I77
sS'awareness'
p1498
I76
sS'directed'
p1499
I77
sS'saaaaame'
p1500
I77
sS'get'
p1501
I29
sS"1950's"
p1502
I77
sS'between'
p1503
I77
sS'begging'
p1504
I77
sS'truly'
p1505
I74
sS'cannot'
p1506
I77
sS'kiki'
p1507
I76
sS'negative'
p1508
I77
sS'lighter'
p1509
I77
sS'cryin'
p1510
I77
sS'trotskyites."'
p1511
I77
sS'reveal'
p1512
I77
sS'\xd9\x87\xd9\x87\xd9\x87\xd9\x87\xd9\x87'
p1513
I77
sS'versions'
p1514
I77
sS'borrow'
p1515
I76
sS'morning'
p1516
I73
sS'naked'
p1517
I77
sS'jokes'
p1518
I76
sS'stupid'
p1519
I77
sS'losers'
p1520
I76
sS"could've"
p1521
I77
sS"gutierrez's"
p1522
I77
sS'worries'
p1523
I77
sS'darkie'
p1524
I77
sS'tent'
p1525
I76
sS'where'
p1526
I61
sS'worrying'
p1527
I77
sS'vision'
p1528
I77
sS"y'all"
p1529
I64
sS'\xd8\xa7\xd8\xaa\xd8\xb5\xd9\x81'
p1530
I77
sS'concert'
p1531
I77
sS'physically'
p1532
I77
sS"hasn't"
p1533
I77
sS'college'
p1534
I74
sS'anyways'
p1535
I76
sS'parking'
p1536
I76
sS'lng'
p1537
I77
sS'sport'
p1538
I77
sS'wonder'
p1539
I76
sS'um'
p1540
I77
sS'dexter'
p1541
I75
sS'camping'
p1542
I76
sS'ways'
p1543
I77
sS'chaminade'
p1544
I72
sS'thurs'
p1545
I77
sS"father's"
p1546
I77
sS'haftad\xc4\xb1r'
p1547
I77
sS'outside'
p1548
I76
sS'coast-to-coast'
p1549
I77
sS'league\xe2\x80\x9d'
p1550
I77
sS'moons'
p1551
I77
sS'reading'
p1552
I75
sS'across'
p1553
I76
sS'wuss'
p1554
I77
sS'sirens'
p1555
I77
sS'august'
p1556
I77
sS'mexicans'
p1557
I77
sS'screen'
p1558
I77
sS'jr'
p1559
I76
sS'killing'
p1560
I73
sS'blame'
p1561
I77
sS'awards'
p1562
I77
sS'chachi'
p1563
I77
sS'ahahahahaha'
p1564
I77
sS'come'
p1565
I55
sS'reaction'
p1566
I77
sS'talented'
p1567
I76
sS'many'
p1568
I68
sS'snapbackz'
p1569
I77
sS'according'
p1570
I76
sS'contract'
p1571
I77
sS'flipped'
p1572
I77
sS'personal'
p1573
I77
sS's'
p1574
I76
sS'4:20'
p1575
I77
sS'berry'
p1576
I77
sS'chorizo'
p1577
I77
sS'comes'
p1578
I76
sS'madness'
p1579
I76
sS'6+'
p1580
I77
sS'grantie'
p1581
I77
sS'period'
p1582
I76
sS'pop'
p1583
I76
sS'poo'
p1584
I77
sS'\xd8\xa3\xd9\x85\xd9\x86\xd9\x8a\xd8\xaa\xd9\x8a'
p1585
I77
sS"couldn't"
p1586
I76
sS'hotter'
p1587
I77
sS'neeeeeeeeed'
p1588
I77
sS'posted*\xe2\x80\x9d'
p1589
I77
sS'krib'
p1590
I77
sS'cramps'
p1591
I77
sS'now\xe2\x80\x9d'
p1592
I77
sS'sess'
p1593
I77
sS'teddy'
p1594
I77
sS'stretch'
p1595
I75
sS'west'
p1596
I74
sS'mark'
p1597
I77
sS'\xe2\x9b\xba\xef\xb8\x8f\xe2\x9b\xba\xef\xb8\x8f\xe2\x9b\xba\xef\xb8\x8f'
p1598
I77
sS'mars'
p1599
I77
sS'borders'
p1600
I77
sS'staring'
p1601
I77
sS'commentating'
p1602
I77
sS'schoolboy'
p1603
I77
sS'wants'
p1604
I74
sS'\xd8\xa7\xd8\xb3\xd8\xb9\xd9\x8a\xd9\x84\xd9\x83'
p1605
I77
sS'shopping'
p1606
I76
sS'thousand'
p1607
I77
sS'doohh'
p1608
I77
sS'andrew'
p1609
I75
sS'language'
p1610
I77
sS'spills'
p1611
I77
sS'wake'
p1612
I71
sS'dank\xe2\x80\x9d'
p1613
I77
sS'overdose'
p1614
I76
sS'andrea'
p1615
I77
sS'irrelevant'
p1616
I76
sS'spirit'
p1617
I77
sS'those'
p1618
I70
sS'manu'
p1619
I77
sS'sound'
p1620
I75
sS'myself'
p1621
I70
sS'soccer'
p1622
I75
sS'stacked'
p1623
I77
sS'isabelle'
p1624
I77
sS'these'
p1625
I65
sS'4-9'
p1626
I77
sS'pettiness'
p1627
I77
sS'polls'
p1628
I77
sS'cash'
p1629
I77
sS'02:07:33.0,34.25347034,-118.56179473,1133.22,panda'
p1630
I77
sS'pacers'
p1631
I76
sS'ginobliiiiiiiiiiiii'
p1632
I77
sS'newspaper'
p1633
I77
sS'coolest'
p1634
I77
sS'tardy'
p1635
I77
sS'shepard'
p1636
I76
sS'pit\xe2\x80\x9d'
p1637
I77
sS'coffee'
p1638
I76
sS'bros'
p1639
I75
sS'sleeping'
p1640
I74
sS'100th'
p1641
I77
sS'middle'
p1642
I72
sS'copley'
p1643
I77
sS'someone'
p1644
I63
sS'drug'
p1645
I77
sS'donating'
p1646
I77
sS'6-10p'
p1647
I77
sS'stickers'
p1648
I77
sS'everyday'
p1649
I76
sS'worry'
p1650
I77
sS'helmet'
p1651
I77
sS'different'
p1652
I70
sS'zuckerburgs'
p1653
I77
sS'doctor'
p1654
I77
sS'sikeee'
p1655
I77
sS'media'
p1656
I72
sS'preparatory'
p1657
I76
sS'scientifically'
p1658
I77
sS'coke'
p1659
I77
sS'same'
p1660
I70
sS'trip'
p1661
I75
sS'food'
p1662
I72
sS'followers'
p1663
I76
sS'buys'
p1664
I77
sS'"i'
p1665
I77
sS'emojis'
p1666
I77
sS'events'
p1667
I77
sS'week'
p1668
I71
sS'favorited'
p1669
I77
sS'putin'
p1670
I77
sS'centuries'
p1671
I77
sS'\xe2\x98\x94\xef\xb8\x8f'
p1672
I77
sS'arctic'
p1673
I77
sS'drives'
p1674
I77
sS'rooguda'
p1675
I76
sS'weed'
p1676
I75
sS'running'
p1677
I77
sS'fruit'
p1678
I77
sS'woulda'
p1679
I77
sS'vowel'
p1680
I77
sS'senator'
p1681
I77
sS'cartoon'
p1682
I77
sS'mentally'
p1683
I77
sS'granada'
p1684
I77
sS'\xe2\x9c\x8c\xef\xb8\x8f'
p1685
I75
sS'costa'
p1686
I77
sS'charges'
p1687
I77
sS'charger'
p1688
I75
sS'random'
p1689
I77
sS'constitutional'
p1690
I77
sS'"how'
p1691
I77
sS'without'
p1692
I71
sS"can't"
p1693
I53
sS'\xe2\x9b\xba\xef\xb8\x8f'
p1694
I77
sS'model'
p1695
I77
sS'shitttt'
p1696
I77
sS'taxi'
p1697
I77
sS'summer'
p1698
I76
sS'being'
p1699
I68
sS'money'
p1700
I73
sS'adjustments'
p1701
I77
sS'rest'
p1702
I76
sS'guy.\xe2\x80\x9d'
p1703
I77
sS'kill'
p1704
I72
sS'advantages\xe2\x9b\x85\xef\xb8\x8f'
p1705
I77
sS'flavor'
p1706
I77
sS'tis'
p1707
I76
sS'weekly'
p1708
I77
sS'blow'
p1709
I76
sS'death'
p1710
I73
sS'\xd8\xa3\xd9\x88\xd9\x83\xd9\x8a'
p1711
I77
sS'grounded'
p1712
I77
sS'ny'
p1713
I76
sS'thinking'
p1714
I73
sS'rose'
p1715
I77
sS'senseless'
p1716
I76
sS'iphones'
p1717
I77
sS'sportin'
p1718
I77
sS'wall'
p1719
I77
sS'lets'
p1720
I69
sS'02:39:44.0,34.25654609,-118.57917416,1133.22,if'
p1721
I77
sS'bouta'
p1722
I76
sS'halftime'
p1723
I77
sS'tuesday'
p1724
I76
sS'real'
p1725
I59
sS'amk'
p1726
I77
sS'dooooode'
p1727
I77
sS'around'
p1728
I73
sS'kills'
p1729
I77
sS'blowout'
p1730
I75
sS'read'
p1731
I77
sS'hve'
p1732
I77
sS'gonna'
p1733
I68
sS'early'
p1734
I72
sS'mancha'
p1735
I77
sS'seahawks'
p1736
I77
sS'mom'
p1737
I67
sS'tie'
p1738
I77
sS'world'
p1739
I62
sS'cd'
p1740
I77
sS'lady'
p1741
I71
sS"03:48:41.0,34.256873,-118.580271,1133.22,i'm"
p1742
I77
sS'whatchu'
p1743
I77
sS'buddies'
p1744
I77
sS'miracle'
p1745
I76
sS'option.,91311\n382316357234073600,thepeteshow,2013-09-24'
p1746
I77
sS'benefit'
p1747
I77
sS'footballs'
p1748
I77
sS'nose'
p1749
I76
sS'occasions'
p1750
I77
sS'served'
p1751
I77
sS'tower'
p1752
I77
sS'tart'
p1753
I77
sS'norton'
p1754
I77
sS'cisco'
p1755
I77
sS'learning'
p1756
I77
sS'joking'
p1757
I77
sS'18\xe2\x80\x9domg'
p1758
I77
sS"curiosity?'"
p1759
I77
sS'was.,91311\n488875533891956736,versacetati,2014-07-15'
p1760
I77
sS'emphatically'
p1761
I77
sS'britt'
p1762
I77
sS'depressed'
p1763
I77
sS'whaaaaat'
p1764
I77
sS'table'
p1765
I76
sS'playin'
p1766
I77
sS'pickles'
p1767
I77
sS'thinks'
p1768
I77
sS'yesss'
p1769
I77
sS'pram'
p1770
I77
sS'oakland'
p1771
I77
sS'\xd8\xa5\xd8\xb6\xd8\xb9\xd9\x81'
p1772
I77
sS'mood'
p1773
I76
sS'memories'
p1774
I75
sS'drove'
p1775
I77
sS'moon'
p1776
I77
sS'models'
p1777
I77
sS'ellie'
p1778
I77
sS'hipster'
p1779
I74
sS'expressing'
p1780
I77
sS'funnnnnn'
p1781
I77
sS'affiliate'
p1782
I77
sS'ct'
p1783
I77
sS'scam.\xe2\x80\x9d'
p1784
I77
sS'arenas'
p1785
I77
sS'wow\xe2\x80\x9dquick'
p1786
I77
sS'felt'
p1787
I77
sS'lauer'
p1788
I77
sS'power'
p1789
I76
sS'asap'
p1790
I75
sS'lmfao'
p1791
I68
sS'problems'
p1792
I77
sS'nails'
p1793
I77
sS'gone.,91311\n106573688081612800,venpacaa,2011-08-25'
p1794
I77
sS'addicted'
p1795
I77
sS'durant.\xe2\x80\x9d'
p1796
I77
sS'terrified'
p1797
I77
sS'raul'
p1798
I77
sS'yay'
p1799
I77
sS';)'
p1800
I76
sS'throw'
p1801
I77
sS'earlier'
p1802
I77
sS'enrgy'
p1803
I77
sS'on'
p1804
I20
sS'ok'
p1805
I73
sS'origins'
p1806
I77
sS'oh'
p1807
I67
sS'of'
p1808
I13
sS'howard'
p1809
I77
sS'favorite'
p1810
I71
sS'18+,91311\n392480423793532929,summerxrain,2013-10-22'
p1811
I77
sS'\xd8\xa7\xd9\x84\xd8\xb4\xd8\xb1\xd8\xb9'
p1812
I77
sS'meal'
p1813
I76
sS'salley'
p1814
I77
sS'wolf'
p1815
I77
sS'stand'
p1816
I72
sS'act'
p1817
I77
sS'mixed'
p1818
I77
sS'yonkey'
p1819
I77
sS'luck'
p1820
I77
sS'or'
p1821
I58
sS'road'
p1822
I76
sS'tape'
p1823
I77
sS'partied'
p1824
I77
sS'ladies'
p1825
I77
sS'lands'
p1826
I77
sS'vball'
p1827
I77
sS'fundraising'
p1828
I77
sS'burning'
p1829
I77
sS'white;&'
p1830
I77
sS'blessed'
p1831
I76
sS'snapchat'
p1832
I73
sS'"kaaaaaaate"'
p1833
I77
sS'struggle'
p1834
I77
sS'elementary'
p1835
I77
sS'versin'
p1836
I77
sS'\xd8\xaa\xd9\x82\xd8\xa8\xd9\x84\xd9\x8a\xd9\x86\xe2\x98\xba\xef\xb8\x8f'
p1837
I77
sS'nowadays'
p1838
I76
sS'your'
p1839
I26
sS'training)'
p1840
I77
sS'stare'
p1841
I77
sS'neymar'
p1842
I76
sS'fill'
p1843
I76
sS"how's"
p1844
I77
sS'her'
p1845
I65
sS'area'
p1846
I77
sS'whales'
p1847
I77
sS'there'
p1848
I56
sS'hex'
p1849
I77
sS'hey'
p1850
I72
sS'lol'
p1851
I24
sS'los'
p1852
I76
sS"how'd"
p1853
I77
sS'cats'
p1854
I77
sS'racist'
p1855
I75
sS'low'
p1856
I77
sS'lot'
p1857
I75
sS'lox'
p1858
I77
sS'valley'
p1859
I72
sS'energy'
p1860
I77
sS'chats'
p1861
I77
sS'billion'
p1862
I77
sS'tho\xe2\x80\xa2\\\\'
p1863
I77
sS'complete'
p1864
I76
sS'yayy'
p1865
I77
sS'petty'
p1866
I77
sS'buggy'
p1867
I77
sS'toooooo'
p1868
I77
sS'$800'
p1869
I77
sS'jus'
p1870
I77
sS'happier'
p1871
I77
sS'podcast'
p1872
I76
sS'with'
p1873
I21
sS'lighter?\xe2\x80\x9d'
p1874
I77
sS'buying'
p1875
I77
sS'longer'
p1876
I77
sS"they're"
p1877
I72
sS'october'
p1878
I75
sS'romantic'
p1879
I77
sS'rage'
p1880
I77
sS"wasn't"
p1881
I73
sS"david's"
p1882
I77
sS'sammylove'
p1883
I77
sS'bucket'
p1884
I77
sS'tellin'
p1885
I77
sS"brother's"
p1886
I77
sS'tonite'
p1887
I77
sS'esteem'
p1888
I77
sS'qb'
p1889
I77
sS'define'
p1890
I77
sS'agree'
p1891
I77
sS'asss'
p1892
I77
sS'swaggy'
p1893
I77
sS'gone'
p1894
I75
sS'ac'
p1895
I76
sS'ohh'
p1896
I77
sS'politico'
p1897
I77
sS'videos'
p1898
I76
sS'af'
p1899
I71
sS'taste'
p1900
I77
sS'ah'
p1901
I77
sS'01:03:23.0,34.25611686,-118.57943058,1133.22,selfie'
p1902
I77
sS'hosted'
p1903
I77
sS'am'
p1904
I64
sS'sales'
p1905
I75
sS'deep'
p1906
I77
sS'an'
p1907
I58
sS'ap'
p1908
I75
sS'as'
p1909
I54
sS'\xe2\x9d\xa4\xef\xb8\x8f\xe2\x98\xba\xef\xb8\x8f'
p1910
I77
sS'at'
p1911
I12
sS'aw'
p1912
I72
sS'walks'
p1913
I77
sS'girlfriend'
p1914
I76
sS'moves'
p1915
I77
sS'cream'
p1916
I76
sS'incorrect'
p1917
I77
sS'again'
p1918
I69
sS'chatsworth)'
p1919
I68
sS'yoga'
p1920
I77
sS'deserve'
p1921
I76
sS'dudes'
p1922
I77
sS'green'
p1923
I77
sS'graduate'
p1924
I76
sS'doyers'
p1925
I77
sS'hella'
p1926
I73
sS'5'
p1927
I72
sS'people..\xe2\x80\x9d'
p1928
I77
sS'weights'
p1929
I77
sS'you'
p1930
I6
sS'puppy'
p1931
I76
sS'rgulars'
p1932
I77
sS'gaining'
p1933
I77
sS"mira's"
p1934
I75
sS'championship'
p1935
I77
sS'baddd'
p1936
I77
sS'sizzuh'
p1937
I77
sS'shelter'
p1938
I77
sS'fazio'
p1939
I77
sS'finale'
p1940
I77
sS'hawthorne'
p1941
I77
sS'chillll'
p1942
I77
sS'whining'
p1943
I77
sS'track'
p1944
I77
sS'fresh'
p1945
I75
sS'chris'
p1946
I76
sS'blazin'
p1947
I77
sS'finals'
p1948
I77
sS'omgggggg'
p1949
I77
sS'lipstick'
p1950
I77
sS's/o'
p1951
I77
sS'shipping'
p1952
I77
sS'wife'
p1953
I76
sS'sobbing'
p1954
I72
sS'flyin'
p1955
I77
sS'finished'
p1956
I77
sS'having'
p1957
I72
sS'buddy/new'
p1958
I77
sS'u'
p1959
I57
sS'adam'
p1960
I76
sS'scoops'
p1961
I77
sS'alright'
p1962
I74
sS'husky'
p1963
I77
sS"msnbc's"
p1964
I77
sS'songs'
p1965
I77
sS'starting'
p1966
I77
sS'original'
p1967
I77
sS'represent'
p1968
I77
sS'all'
p1969
I28
sS'surrounded'
p1970
I76
sS'consider'
p1971
I77
sS'hooked'
p1972
I77
sS'dollar'
p1973
I77
sS'talks'
p1974
I77
sS'follow'
p1975
I72
sS'(in'
p1976
I77
sS'hmmm'
p1977
I77
sS'griffin'
p1978
I77
sS'woooot'
p1979
I76
sS'referring'
p1980
I77
sS'ty'
p1981
I76
sS'tv'
p1982
I76
sS'(20440'
p1983
I70
sS'baddest'
p1984
I77
sS'tu'
p1985
I77
sS'thursday'
p1986
I77
sS'laughing'
p1987
I74
sS'to'
p1988
I4
sS'aaron'
p1989
I77
sS'program'
p1990
I77
sS'tj'
p1991
I77
sS'present'
p1992
I77
sS'rants'
p1993
I77
sS'tf'
p1994
I77
sS"06:51:26.0,34.25005265,-118.58408815,1133.22,i'm"
p1995
I77
sS"'more"
p1996
I77
sS'runnin'
p1997
I77
sS'woman'
p1998
I75
sS'appointment'
p1999
I77
sS'worse'
p2000
I77
sS'kantahin'
p2001
I77
sS'sitting'
p2002
I75
sS'very'
p2003
I72
sS'fav'
p2004
I75
sS'fat'
p2005
I77
sS'selfies'
p2006
I77
sS'cool\xe2\x80\x9d'
p2007
I77
sS'3:40'
p2008
I77
sS'worst'
p2009
I75
sS'30-45min'
p2010
I77
sS'fam'
p2011
I74
sS'awful'
p2012
I77
sS'labor'
p2013
I77
sS'ticket'
p2014
I75
sS'difference'
p2015
I74
sS'rebounds'
p2016
I77
sS'fuckkkk'
p2017
I77
sS'upppp'
p2018
I77
sS'enjoyable'
p2019
I77
sS'ranting'
p2020
I76
sS',91311\n384031541804138496,tishtini,2013-09-28'
p2021
I77
sS'card.\xe2\x80\xa6'
p2022
I77
sS"dyos'"
p2023
I77
sS'laying'
p2024
I77
sS'pag'
p2025
I77
sS'kiosks'
p2026
I77
sS'large'
p2027
I76
sS'sang'
p2028
I77
sS'vibes'
p2029
I76
sS'longer\xe2\x80\x9d'
p2030
I77
sS'marion'
p2031
I77
sS'dodger'
p2032
I75
sS'...he'
p2033
I77
sS'blackout'
p2034
I77
sS"i'll"
p2035
I60
sS'dunk'
p2036
I77
sS'instagram'
p2037
I77
sS'ten'
p2038
I77
sS'tea'
p2039
I75
sS'paso'
p2040
I77
sS'past'
p2041
I77
sS'burger'
p2042
I77
sS'elco'
p2043
I77
sS'yassssssss'
p2044
I77
sS'pass'
p2045
I77
sS'further'
p2046
I77
sS'nba'
p2047
I74
sS'casual'
p2048
I76
sS'what'
p2049
I37
sS'richard'
p2050
I77
sS'clock'
p2051
I76
sS'youuu'
p2052
I77
sS'skywalker'
p2053
I76
sS'brief'
p2054
I77
sS'overload'
p2055
I77
sS'milk'
p2056
I77
sS'crush'
p2057
I76
sS'aricept'
p2058
I77
sS'version'
p2059
I75
sS'fuckk'
p2060
I77
sS'pic*'
p2061
I77
sS'learned'
p2062
I77
sS'public'
p2063
I76
sS'vamos'
p2064
I76
sS'tattoos'
p2065
I77
sS'outgoing'
p2066
I77
sS'full'
p2067
I74
sS'fave'
p2068
I77
sS'answers'
p2069
I77
sS'hours'
p2070
I71
sS'ganda'
p2071
I77
sS'time\xe2\x80\x9d'
p2072
I77
sS'strong'
p2073
I75
sS'respect'
p2074
I77
sS'(btw'
p2075
I77
sS'arena'
p2076
I77
sS'teeth'
p2077
I77
sS'ahead'
p2078
I76
sS'vegetarian'
p2079
I77
sS'losses'
p2080
I76
sS'allows'
p2081
I77
sS'\xd8\xb4\xd8\xa3\xd9\x86\xd9\x87'
p2082
I77
sS'brutal'
p2083
I77
sS'pics'
p2084
I75
sS'whiny'
p2085
I77
sS'amount'
p2086
I77
sS'agggghhhhhgggg'
p2087
I77
sS'pick'
p2088
I75
sS"would've"
p2089
I77
sS'life???\xc2\xbf\xc2\xbf'
p2090
I77
sS'options'
p2091
I77
sS'point'
p2092
I72
sS'tagos'
p2093
I77
sS'......the'
p2094
I77
sS'family'
p2095
I75
sS'parade!!!!!!!!!!!!!!!!!!\xe2\x80\x9d'
p2096
I77
sS'rikki'
p2097
I77
sS'\xd8\xb7\xd9\x8a\xd8\xa8'
p2098
I77
sS'put'
p2099
I69
sS'body\xe2\x80\x9d\xe2\x80\x9d'
p2100
I77
sS'whoever'
p2101
I77
sS"sister's"
p2102
I77
sS'arena>>>'
p2103
I77
sS'emoji'
p2104
I77
sS'callvor'
p2105
I77
sS'eye'
p2106
I77
sS'takes'
p2107
I75
sS'beginning'
p2108
I77
sS'texting'
p2109
I76
sS'two'
p2110
I72
sS'wings\xe2\x80\x9d'
p2111
I77
sS'\xd8\xb9\xd9\x86\xd8\xaf\xd9\x8a'
p2112
I77
sS'splash'
p2113
I77
sS'6'
p2114
I73
sS'jive'
p2115
I77
sS'kick'
p2116
I77
sS'more'
p2117
I53
sS'tryna'
p2118
I76
sS'cornrows:(((((('
p2119
I77
sS'door'
p2120
I76
sS'knows'
p2121
I74
sS'hoffman'
p2122
I76
sS'mira'
p2123
I76
sS'leonard'
p2124
I77
sS'terror'
p2125
I77
sS"ain't"
p2126
I69
sS'stick'
p2127
I76
sS'doom'
p2128
I77
sS'glad'
p2129
I74
sS'terruble'
p2130
I77
sS'dez'
p2131
I77
sS'berto'
p2132
I77
sS'hour'
p2133
I76
sS'phillip'
p2134
I76
sS'des'
p2135
I77
sS'sucks'
p2136
I73
sS'dew'
p2137
I77
sS'offended'
p2138
I77
sS'mall'
p2139
I74
sS'del'
p2140
I77
sS'dem'
p2141
I76
sS'spontaneous'
p2142
I77
sS'dee'
p2143
I75
sS'def'
p2144
I75
sS'history'
p2145
I77
sS'beautiful'
p2146
I72
sS'bffs'
p2147
I77
sS'synchronized'
p2148
I77
sS'rodriguez'
p2149
I77
sS'joints'
p2150
I77
sS'sike'
p2151
I76
sS'lolol'
p2152
I75
sS'minimum'
p2153
I77
sS'salty'
p2154
I76
sS'numbers'
p2155
I77
sS'bucks'
p2156
I77
sS'cows'
p2157
I77
sS'phrase'
p2158
I77
sS'dress'
p2159
I75
sS'\xd9\x87\xd9\x8f\xd9\x88\xd9\x8e'
p2160
I77
sS'huge'
p2161
I76
sS'needs'
p2162
I71
sS'crackin\xe2\x80\x9d'
p2163
I77
sS'awkward'
p2164
I77
sS'rather'
p2165
I76
sS'shiiiittt'
p2166
I77
sS'\xd9\x88\xd9\x8e\xd9\x84\xd9\x8e\xd9\x85\xd9\x92'
p2167
I76
sS'bakery)'
p2168
I75
sS'needa'
p2169
I77
sS'maps'
p2170
I76
sS'droste'
p2171
I77
sS'sacred'
p2172
I77
sS'"'
p2173
I77
sS'plant'
p2174
I77
sS'shouldnt'
p2175
I77
sS'okay'
p2176
I68
sS'plans'
p2177
I76
sS'charms'
p2178
I77
sS'bags'
p2179
I76
sS'are.\xe2\x80\x9d'
p2180
I77
sS'sneak'
p2181
I76
sS'lighting'
p2182
I77
sS'blood'
p2183
I76
sS'coming'
p2184
I77
sS'backyard'
p2185
I77
sS'fk'
p2186
I76
sS'response'
p2187
I77
sS'a'
p2188
I5
sS'planet'
p2189
I77
sS'shit"mira'
p2190
I77
sS'loud'
p2191
I77
sS'register'
p2192
I77
sS'drrive'
p2193
I77
sS'volleyball'
p2194
I68
sS'dragon'
p2195
I77
sS'pay'
p2196
I77
sS'dworkin'
p2197
I77
sS'-_-,91311\n484193381929611264,venpacaa,2014-07-02'
p2198
I77
sS'playing'
p2199
I72
sS"that's"
p2200
I58
sS'ito'
p2201
I77
sS'mexican'
p2202
I76
sS'help'
p2203
I74
sS"don't"
p2204
I35
sS'sooo'
p2205
I76
sS'soon'
p2206
I71
sS'trade'
p2207
I77
sS'\xe2\x80\x9cpositive'
p2208
I77
sS'paper'
p2209
I76
sS'through'
p2210
I76
sS'shit\xe2\x80\x9d'
p2211
I77
sS'signs'
p2212
I77
sS'hell'
p2213
I75
sS'its'
p2214
I64
sS'golfing'
p2215
I77
sS'25'
p2216
I77
sS'style'
p2217
I77
sS'27'
p2218
I77
sS'20'
p2219
I77
sS'21'
p2220
I77
sS"said...it'll"
p2221
I77
sS'jacoby'
p2222
I77
sS'gerald'
p2223
I77
sS'caesars'
p2224
I77
sS'actually'
p2225
I70
sS'late'
p2226
I74
sS'>>>'
p2227
I77
sS'bummer'
p2228
I77
sS'see\xe2\x80\xa6'
p2229
I77
sS'bout'
p2230
I72
sS'cutie'
p2231
I74
sS'might'
p2232
I69
sS'alter'
p2233
I77
sS"haven't"
p2234
I67
sS'lookout'
p2235
I77
sS'hurting'
p2236
I76
sS'good'
p2237
I42
sS'return'
p2238
I76
sS'allllll'
p2239
I77
sS'cute\xe2\x80\x9dand'
p2240
I77
sS'ya'
p2241
I66
sS'gadget'
p2242
I77
sS'sweetdreams'
p2243
I77
sS'ye'
p2244
I77
sS'bought'
p2245
I77
sS'clippers'
p2246
I73
sS'420nurses'
p2247
I77
sS'okc'
p2248
I76
sS'hahahahahaha'
p2249
I77
sS'starbucks'
p2250
I68
sS'chronicling'
p2251
I77
sS'aka'
p2252
I76
sS'p90x'
p2253
I77
sS'klassic'
p2254
I77
sS'yu'
p2255
I77
sS'adventurous'
p2256
I77
sS'bigger'
p2257
I76
sS'rant'
p2258
I77
sS'sundays'
p2259
I77
sS'always'
p2260
I62
sS'korra'
p2261
I77
sS'drake'
p2262
I77
sS'bless'
p2263
I77
sS'legend'
p2264
I77
sS'inequality'
p2265
I77
sS'turns'
p2266
I76
sS'1am'
p2267
I77
sS'found'
p2268
I75
sS"isn't"
p2269
I73
sS'referred'
p2270
I76
sS"fabolous'"
p2271
I77
sS'everyone'
p2272
I72
sS'weight'
p2273
I76
sS'house'
p2274
I74
sS'fish'
p2275
I75
sS'hard'
p2276
I71
sS'idea'
p2277
I76
sS'accidentally'
p2278
I77
sS'(10120'
p2279
I77
sS'finish'
p2280
I77
sS'expect'
p2281
I77
sS'portland'
p2282
I77
sS'shoppings'
p2283
I77
sS'really'
p2284
I58
sS'\xd9\x88\xd8\xb3\xd9\x87\xd9\x8e\xd9\x91\xd9\x84'
p2285
I77
sS'wahhhhh'
p2286
I77
sS'prolly'
p2287
I77
sS'missed'
p2288
I70
sS'19'
p2289
I77
sS'uuuuup'
p2290
I77
sS'childish'
p2291
I77
sS'since'
p2292
I71
sS'loll'
p2293
I77
sS'studying'
p2294
I77
sS'hill'
p2295
I77
sS'7'
p2296
I73
sS'paradise'
p2297
I77
sS'issue'
p2298
I77
sS'ass'
p2299
I69
sS'drink'
p2300
I77
sS'bully'
p2301
I77
sS'lawrence'
p2302
I75
sS'friday'
p2303
I69
sS'guess'
p2304
I75
sS'bulls'
p2305
I76
sS'reason'
p2306
I74
sS'heroin'
p2307
I76
sS'disneyland'
p2308
I76
sS'imagine'
p2309
I77
sS'ask'
p2310
I74
sS'heads'
p2311
I77
sS'ash'
p2312
I77
sS'pup'
p2313
I77
sS'thrown'
p2314
I77
sS'seaworld'
p2315
I77
sS'deer'
p2316
I77
sS'worth'
p2317
I77
sS'18%'
p2318
I77
sS'terrible'
p2319
I76
sS'daily\xe2\x80\x9d'
p2320
I77
sS'"forgets"'
p2321
I77
sS'caption'
p2322
I77
sS'american'
p2323
I76
sS'expecting'
p2324
I77
sS'w'
p2325
I76
sS'raleigh'
p2326
I77
sS'\xc2\xaf\\_(\xe3\x83\x84)_/\xc2\xaf'
p2327
I77
sS'shave'
p2328
I77
sS'major'
p2329
I76
sS'dont'
p2330
I75
sS'feel'
p2331
I67
sS'radical'
p2332
I77
sS'belligerent'
p2333
I77
sS'number'
p2334
I77
sS'uglie'
p2335
I77
sS'feet'
p2336
I77
sS'done'
p2337
I71
sS'\xe2\x80\xa2a'
p2338
I77
sS'colombia'
p2339
I75
sS'kobe'
p2340
I77
sS'miss'
p2341
I63
sS'stage'
p2342
I77
sS'story'
p2343
I75
sS'killin'
p2344
I77
sS'birfday'
p2345
I76
sS'jew'
p2346
I76
sS'jet'
p2347
I77
sS'biiggggg'
p2348
I77
sS'a$ap'
p2349
I77
sS'valley\xe2\x80\x9d'
p2350
I77
sS'fawakay'
p2351
I77
sS'porn'
p2352
I77
sS'least'
p2353
I73
sS'tradition'
p2354
I77
sS'player'
p2355
I77
sS'leash'
p2356
I77
sS'station'
p2357
I77
sS'relax)'
p2358
I77
sS'mama'
p2359
I76
sS'pleasantly'
p2360
I77
sS'me\xe2\x9c\x8c\xef\xb8\x8f'
p2361
I77
sS'store'
p2362
I77
sS'lease'
p2363
I77
sS'selling'
p2364
I77
sS'relationship'
p2365
I76
sS'behind'
p2366
I76
sS'you\xe2\x80\x9d'
p2367
I76
sS'jamie'
p2368
I77
sS'park'
p2369
I77
sS'dance\xe2\x80\x9d'
p2370
I77
sS'part'
p2371
I73
sS'harharhar'
p2372
I77
sS'$6'
p2373
I77
sS'$7'
p2374
I77
sS'believe'
p2375
I75
sS'grace'
p2376
I77
sS'obama'
p2377
I74
sS'vocab'
p2378
I77
sS'kind'
p2379
I76
sS'b'
p2380
I74
sS'self-awareness'
p2381
I77
sS'double'
p2382
I72
sS'mcfly'
p2383
I77
sS'myfriends'
p2384
I77
sS'genesis'
p2385
I77
sS'youth'
p2386
I77
sS'pampered'
p2387
I77
sS'jannet'
p2388
I77
sS'hodor'
p2389
I77
sS',91311\n267869844349792256,venpacaa,2012-11-12'
p2390
I77
sS'supposed'
p2391
I77
sS'amazes'
p2392
I77
sS'dang'
p2393
I77
sS'blowin'
p2394
I77
sS'tuuurrrnnup'
p2395
I77
sS'ousted'
p2396
I77
sS'guests.,91311\n382316507595685888,thepeteshow,2013-09-24'
p2397
I77
sS'shirts'
p2398
I77
sS'doooode'
p2399
I77
sS'cleaner'
p2400
I77
sS'uniforms'
p2401
I77
sS'outta'
p2402
I75
sS'gals'
p2403
I77
sS'cept'
p2404
I77
sS'*slowly'
p2405
I77
sS'juice'
p2406
I77
sS'\xd8\xb2\xd9\x85\xd8\xa7\xd9\x86'
p2407
I77
sS'comrades'
p2408
I77
sS'ahahah'
p2409
I77
sS"jessica's"
p2410
I77
sS"gov't"
p2411
I76
sS'sell'
p2412
I77
sS'lie'
p2413
I76
sS'wilson'
p2414
I77
sS'errything'
p2415
I77
sS'dancing'
p2416
I77
sS'lil'
p2417
I74
sS'self'
p2418
I76
sS'\xd9\x88\xd8\xa7\xd9\x84\xd8\xa8\xd8\xae\xd8\xaa'
p2419
I77
sS'couch'
p2420
I77
sS'lit'
p2421
I76
sS'also'
p2422
I75
sS'bouncing'
p2423
I77
sS'finding'
p2424
I77
sS'rent'
p2425
I77
sS'jumpman'
p2426
I77
sS'juniors'
p2427
I77
sS'06:35:35.0,34.24999987,-118.57484166,1133.22,good'
p2428
I77
sS'play'
p2429
I68
sS'hotel'
p2430
I77
sS'critics'
p2431
I77
sS'quote'
p2432
I76
sS'eggs'
p2433
I77
sS'charge'
p2434
I77
sS'much.\xe2\x80\x9d'
p2435
I77
sS'most'
p2436
I76
sS'roller'
p2437
I77
sS'plan'
p2438
I74
sS'nothing'
p2439
I68
sS'accepting'
p2440
I77
sS'playoff'
p2441
I77
sS'measured'
p2442
I77
sS'revolutionary'
p2443
I77
sS'sweats'
p2444
I77
sS'yasiel'
p2445
I77
sS'"you\'re'
p2446
I76
sS'sometimes'
p2447
I76
sS'cover'
p2448
I76
sS'bills'
p2449
I77
sS"they'll"
p2450
I77
sS'hints'
p2451
I77
sS'amphibian'
p2452
I77
sS'clean'
p2453
I76
sS'barren'
p2454
I77
sS'usual'
p2455
I77
sS'shoutout'
p2456
I77
sS'hips'
p2457
I77
sS'thomas'
p2458
I77
sS'feel"'
p2459
I77
sS'bringin'
p2460
I77
sS'\xd8\x8c'
p2461
I76
sS'schoolers'
p2462
I77
sS'stoney'
p2463
I76
sS'lehr'
p2464
I77
sS'shilling'
p2465
I77
sS'02:27:42.0,34.25611686,-118.57943058,1133.22,getting'
p2466
I77
sS'\xd8\x9b'
p2467
I77
sS'session'
p2468
I76
sS'"seeming'
p2469
I77
sS'\xd8\x9f'
p2470
I77
sS'uppppp'
p2471
I77
sS'fine'
p2472
I74
sS'find'
p2473
I75
sS'\xd9\x88\xd8\xad\xd9\x81\xd8\xb8'
p2474
I77
sS'wraps'
p2475
I77
sS'$5'
p2476
I77
sS'brackets'
p2477
I77
sS'pinche'
p2478
I77
sS'nervous'
p2479
I77
sS'verse'
p2480
I77
sS'poppin'
p2481
I75
sS'payday'
p2482
I77
sS'\xd9\x87\xd8\xb0\xd8\xa7'
p2483
I77
sS'"thank'
p2484
I77
sS'idiots'
p2485
I77
sS'wayne'
p2486
I77
sS'cassette'
p2487
I77
sS'pretty'
p2488
I69
sS'8'
p2489
I75
sS'circle'
p2490
I77
sS'begins'
p2491
I77
sS'his'
p2492
I66
sS'hit'
p2493
I75
sS'freaks'
p2494
I77
sS'beyonc\xc3\xa9'
p2495
I77
sS'luke'
p2496
I75
sS'banned'
p2497
I77
sS'express'
p2498
I76
sS'grocery'
p2499
I77
sS'"dollars'
p2500
I77
sS'famous'
p2501
I77
sS'feels'
p2502
I76
sS'longest'
p2503
I77
sS'pretending'
p2504
I76
sS'competing'
p2505
I77
sS'during'
p2506
I76
sS'him'
p2507
I69
sS'einstein\xe2\x80\x9d'
p2508
I77
sS'budapest'
p2509
I77
sS'belichick'
p2510
I77
sS'spoelstra'
p2511
I77
sS'cry'
p2512
I75
sS'skull&crossbones'
p2513
I77
sS'gotten'
p2514
I77
sS'hype'
p2515
I77
sS'corgi'
p2516
I77
sS'relentless'
p2517
I77
sS'magic'
p2518
I77
sS'seventeen'
p2519
I77
sS'set'
p2520
I77
sS'stefanie'
p2521
I77
sS'intelligence'
p2522
I77
sS'vine'
p2523
I77
sS'scenes'
p2524
I77
sS'manning'
p2525
I77
sS'see'
p2526
I50
sS'defense'
p2527
I76
sS'dumb'
p2528
I75
sS'are'
p2529
I28
sS'ps3'
p2530
I77
sS'origami'
p2531
I77
sS'sh*t'
p2532
I77
sS'retweet'
p2533
I77
sS'2.5'
p2534
I77
sS'sleeeeeeep'
p2535
I77
sS'project'
p2536
I77
sS'suck\xe2\x80\x9d'
p2537
I77
sS'\xd8\xa7\xd9\x84\xd9\x84\xd9\x87'
p2538
I74
sS'californication'
p2539
I77
sS'movie'
p2540
I77
sS'wow'
p2541
I60
sS'currently'
p2542
I76
sS'please'
p2543
I69
sS'harping'
p2544
I77
sS'"trips"'
p2545
I77
sS'case'
p2546
I77
sS'fans'
p2547
I70
sS'probably'
p2548
I75
sS'rite'
p2549
I77
sS'rlly'
p2550
I77
sS'monsters'
p2551
I77
sS'compliment'
p2552
I77
sS'europe'
p2553
I76
sS'solo'
p2554
I77
sS'latin'
p2555
I77
sS'europa'
p2556
I77
sS'chapstick'
p2557
I77
sS'attention'
p2558
I77
sS'outfit'
p2559
I76
sS'lol\xe2\x80\x9dnigga'
p2560
I77
sS'york'
p2561
I77
sS'invisible'
p2562
I77
sS'pissed'
p2563
I77
sS'both'
p2564
I76
sS'c'
p2565
I77
sS'f'
p2566
I77
sS'last'
p2567
I64
sS"wouldn't"
p2568
I73
sS'namin'
p2569
I77
sS'doyer'
p2570
I77
sS'became'
p2571
I76
sS'context'
p2572
I77
sS'retarded'
p2573
I77
sS'bond'
p2574
I77
sS'whole'
p2575
I74
sS'rodgers'
p2576
I77
sS'patty'
p2577
I75
sS'\xe2\x98\xb9'
p2578
I77
sS'\xe2\x98\xbb'
p2579
I77
sS'suuu'
p2580
I77
sS'drunk'
p2581
I75
sS'simple'
p2582
I75
sS'community'
p2583
I75
sS'lake'
p2584
I77
sS'everrrrrrrrrrr'
p2585
I77
sS'ortiz\xe2\x80\x9d'
p2586
I77
sS')-'
p2587
I77
sS'likes'
p2588
I77
sS'church'
p2589
I69
sS'zeta'
p2590
I77
sS'\xd8\xa3\xd9\x85\xd8\xb1\xd9\x8e\xd9\x87'
p2591
I77
sS'mission'
p2592
I76
sS'expensive'
p2593
I77
sS'devil'
p2594
I77
sS'monthly'
p2595
I77
sS'create'
p2596
I77
sS'political'
p2597
I75
sS'due'
p2598
I76
sS'whos'
p2599
I77
sS'hitting'
p2600
I77
sS'dropping'
p2601
I77
sS'damn'
p2602
I67
sS'damm'
p2603
I77
sS'txt'
p2604
I77
sS'\xd9\x8a\xd8\xa7\xd8\xaa\xd8\xac\xd9\x8a'
p2605
I77
sS'meeting'
p2606
I77
sS'whoa'
p2607
I76
sS'4'
p2608
I72
sS'jooooones'
p2609
I77
sS'partyyyyyy'
p2610
I77
sS'\xd8\xa8\xd9\x82\xd9\x84\xd8\xa8\xd9\x83'
p2611
I77
sS'1950s'
p2612
I77
sS'four-pointer'
p2613
I77
sS'popiel'
p2614
I75
sS'fire'
p2615
I76
sS"what's"
p2616
I67
sS'gas'
p2617
I75
sS'else'
p2618
I76
sS'anthony'
p2619
I77
sS'02:39:59.0,34.25204314,-118.5766731,1133.22,growing'
p2620
I77
sS'awake'
p2621
I75
sS'ahahahahahahaha'
p2622
I77
sS'prices'
p2623
I77
sS'awe-inspiring'
p2624
I77
sS'rocking'
p2625
I77
sS'dannnnnnng'
p2626
I77
sS'politician'
p2627
I77
sS'look'
p2628
I66
sS'mlk'
p2629
I77
sS'straight'
p2630
I74
sS'bill'
p2631
I76
sS'convo'
p2632
I77
sS'fux'
p2633
I77
sS'brilliant'
p2634
I77
sS'while'
p2635
I72
sS'froggy'
p2636
I77
sS'smart'
p2637
I75
sS'error'
p2638
I77
sS'fun'
p2639
I71
sS'2k'
p2640
I77
sS'theres'
p2641
I76
sS'today\xe2\x80\x9dsame\xe2\x80\x9d'
p2642
I77
sS"said...it's"
p2643
I77
sS'hoping'
p2644
I76
sS'nigga\xe2\x80\x9dfa'
p2645
I77
sS'everywhere'
p2646
I77
sS'rip'
p2647
I77
sS'rin'
p2648
I77
sS'screamin'
p2649
I77
sS'triple'
p2650
I77
sS'ready'
p2651
I66
sS'rid'
p2652
I76
sS'currents'
p2653
I77
sS'hyperbole'
p2654
I77
sS'funny'
p2655
I71
sS'shirt'
p2656
I77
sS'anymore'
p2657
I76
sS'boi'
p2658
I77
sS'belong'
p2659
I77
sS'beckett'
p2660
I77
sS'nose)'
p2661
I77
sS'grand'
p2662
I77
sS'9'
p2663
I76
sS'100x'
p2664
I77
sS'says.\xe2\x80\x9d'
p2665
I77
sS'higher'
p2666
I77
sS'pray'
p2667
I77
sS'distracted'
p2668
I77
sS'used'
p2669
I75
sS'fatty'
p2670
I77
sS'forced'
p2671
I77
sS'"practice"'
p2672
I77
sS'nutrigrain'
p2673
I77
sS'yesterday'
p2674
I74
sS'existent'
p2675
I77
sS'moment'
p2676
I77
sS'moving'
p2677
I76
sS'opinion'
p2678
I77
sS'sweating'
p2679
I77
sS'recent'
p2680
I77
sS'doode'
p2681
I72
sS'older'
p2682
I74
sS"dad's"
p2683
I77
sS'spent'
p2684
I76
sS'obviously'
p2685
I76
sS'person'
p2686
I70
sS'solids'
p2687
I77
sS'angelinos'
p2688
I77
sS'cannes'
p2689
I77
sS'clears'
p2690
I77
sS'salon)'
p2691
I77
sS'tass'
p2692
I77
sS'"our'
p2693
I77
sS'know'
p2694
I45
sS'doughty'
p2695
I77
sS'\xe2\x9d\xa4'
p2696
I77
sS'lmfaoooo'
p2697
I77
sS'4th'
p2698
I77
sS'quemi'
p2699
I77
sS'mob'
p2700
I77
sS'regardless'
p2701
I77
sS'letting'
p2702
I77
sS'onset'
p2703
I77
sS'cut'
p2704
I76
sS'giant'
p2705
I77
sS'ma'
p2706
I77
sS'cup'
p2707
I72
sS'disappointed'
p2708
I77
sS'workers'
p2709
I77
sS'alternate'
p2710
I76
sS'cuz'
p2711
I74
sS'luckyyy'
p2712
I77
sS'parents'
p2713
I77
sS'crying'
p2714
I74
sS'homies'
p2715
I77
sS'snap'
p2716
I77
sS'jerky'
p2717
I77
sS'easter'
p2718
I77
sS'excited'
p2719
I68
sS'ridiculously'
p2720
I77
sS'shove'
p2721
I77
sS'customers'
p2722
I77
sS'siri'
p2723
I77
sS'march'
p2724
I77
sS'big'
p2725
I72
sS'showing'
p2726
I75
sS'damnnnn'
p2727
I77
sS'albino'
p2728
I77
sS'shitty'
p2729
I74
sS'game'
p2730
I50
sS'christmas/1'
p2731
I77
sS'shoooster'
p2732
I77
sS'roll\xe2\x80\x9d'
p2733
I77
sS'bit'
p2734
I77
sS'shittt'
p2735
I77
sS'wings'
p2736
I75
sS'flannel'
p2737
I76
sS'knock'
p2738
I77
sS'kraby'
p2739
I77
sS'd'
p2740
I76
sS"children's"
p2741
I77
sS'wingstop'
p2742
I77
sS'message'
p2743
I76
sS'hammer'
p2744
I77
sS'pffffft'
p2745
I77
sS'google'
p2746
I77
sS'cones'
p2747
I77
sS'\xd9\x82\xd9\x8f\xd9\x84\xd9\x92'
p2748
I77
sS'fucking'
p2749
I59
sS'spring'
p2750
I77
sS'\xd8\xb9\xd9\x84\xd9\x89'
p2751
I76
sS'1st'
p2752
I76
sS'some'
p2753
I59
sS'back'
p2754
I54
sS'dino'
p2755
I77
sS'economic'
p2756
I75
sS'bigyan'
p2757
I77
sS'examples'
p2758
I77
sS'cleaners'
p2759
I77
sS'wonderland'
p2760
I77
sS'mustang'
p2761
I77
sS'uglyguy10i'
p2762
I77
sS'8===d'
p2763
I77
sS"jj's"
p2764
I77
sS'contacts'
p2765
I77
sS'favorite\xe2\x80\x9d'
p2766
I77
sS'absolutely'
p2767
I75
sS'pew'
p2768
I76
sS'sheckler'
p2769
I77
sS'prom'
p2770
I75
sS'kordero'
p2771
I77
sS'prob'
p2772
I75
sS'either'
p2773
I76
sS'be'
p2774
I22
sS'goooooo'
p2775
I77
sS'eating'
p2776
I74
sS'bb'
p2777
I77
sS'bc'
p2778
I74
sS'remembered'
p2779
I76
sS'ufc'
p2780
I77
sS'laker'
p2781
I77
sS'\xd8\xa8\xd9\x85\xd9\x83\xd8\xa7\xd9\x86'
p2782
I77
sS'mosh'
p2783
I77
sS'step'
p2784
I76
sS'hahahahaha'
p2785
I77
sS'odom'
p2786
I77
sS'conjuring'
p2787
I77
sS'lottery'
p2788
I77
sS'loveeeee'
p2789
I77
sS'by'
p2790
I63
sS'shine'
p2791
I76
sS'faith'
p2792
I76
sS"'shuck"
p2793
I77
sS'anything'
p2794
I74
sS'\xd8\xb3\xd8\xb9\xd9\x8a'
p2795
I77
sS'goody'
p2796
I77
sS'iced'
p2797
I77
sS'truck'
p2798
I77
sS'graduation'
p2799
I73
sS'drama'
p2800
I77
sS'belting'
p2801
I77
sS'urth'
p2802
I77
sS'nuys'
p2803
I77
sS'hahahah'
p2804
I75
sS'idc'
p2805
I76
sS'bitches,91311\n472514949483208704,venpacaa,2014-05-30'
p2806
I77
sS'pollution'
p2807
I76
sS'seeing'
p2808
I74
sS'visit'
p2809
I75
sS'into'
p2810
I70
sS'mills'
p2811
I77
sS'nonsense'
p2812
I77
sS'19:07:09.0,34.25611686,-118.57943058,1133.22,saturday'
p2813
I77
sS'momma'
p2814
I77
sS'nigga'
p2815
I70
sS'ayyy'
p2816
I77
sS'$...why'
p2817
I77
sS'lebron'
p2818
I59
sS'smells'
p2819
I77
sS'naaa'
p2820
I77
sS'pabu'
p2821
I77
sS'rows'
p2822
I76
sS'\xe2\x80\x9ci'
p2823
I77
sS'apartments'
p2824
I77
sS'ca)'
p2825
I53
sS'long'
p2826
I72
sS'whatthefawkkkkk.\xe2\x80\x9d'
p2827
I77
sS'assasin'
p2828
I77
sS'doubt'
p2829
I77
sS"we're"
p2830
I74
sS'colombians'
p2831
I77
sS'forward'
p2832
I76
sS'bored'
p2833
I77
sS'yeahhhh'
p2834
I77
sS'good.\xe2\x80\x9d'
p2835
I77
sS'opposed'
p2836
I77
sS't\xe2\x80\xa6'
p2837
I77
sS'dips'
p2838
I77
sS'vehicle'
p2839
I77
sS"microphone........what's"
p2840
I77
sS'boys'
p2841
I77
sS'larry'
p2842
I77
sS'\xd8\xac\xd9\x8a\xd8\xaa\xd9\x8a'
p2843
I77
sS'newer'
p2844
I77
sS'boyz'
p2845
I77
sS'don'
p2846
I77
sS'line'
p2847
I72
sS'dull'
p2848
I77
sS'raising'
p2849
I77
sS'posted'
p2850
I72
sS'info'
p2851
I77
sS'horseys'
p2852
I77
sS'chromeo'
p2853
I77
sS'thru'
p2854
I77
sS'consist'
p2855
I77
sS'heheheheh'
p2856
I77
sS"s'cute\xe2\x98\xba\xef\xb8\x8f"
p2857
I77
sS'up'
p2858
I26
sS'us'
p2859
I69
sS'ur'
p2860
I77
sS'clips'
p2861
I76
sS'tax-loving'
p2862
I77
sS'uh'
p2863
I77
sS'played'
p2864
I77
sS'faded'
p2865
I76
sS'called'
p2866
I76
sS'ordered'
p2867
I75
sS'adults'
p2868
I76
sS'showtime'
p2869
I77
sS'ko'
p2870
I77
sS'mckinnon'
p2871
I77
sS'sweeter'
p2872
I77
sS'diverse'
p2873
I77
sS'casablancas'
p2874
I77
sS'chat'
p2875
I75
sS'displisilated'
p2876
I77
sS'btwn'
p2877
I77
sS'nah'
p2878
I71
sS'excuses'
p2879
I73
sS'nap'
p2880
I75
sS'points'
p2881
I76
sS'actors'
p2882
I76
sS'income'
p2883
I77
sS'mammoth'
p2884
I77
sS'mock'
p2885
I76
sS'nice'
p2886
I71
sS'smiles'
p2887
I77
sS'there...so'
p2888
I77
sS'impress'
p2889
I77
sS'smiley'
p2890
I77
sS'papa'
p2891
I76
sS'lens'
p2892
I77
sS'\xd9\x84\xd9\x8e\xd9\x87\xd9\x8f'
p2893
I77
sS'vons)'
p2894
I68
sS'ago'
p2895
I73
sS'lane'
p2896
I77
sS'e'
p2897
I77
sS'lana'
p2898
I76
sS'panda)'
p2899
I77
sS'f\xe2\x80\xa2'
p2900
I77
sS'age'
p2901
I77
sS'kaepernicking'
p2902
I77
sS'fuckboy\xe2\x80\x9d'
p2903
I77
sS'nasa'
p2904
I76
sS'2006'
p2905
I77
sS'karma'
p2906
I77
sS'c.a'
p2907
I77
sS'oracle'
p2908
I76
sS"she's"
p2909
I76
sS'buffalo'
p2910
I77
sS'hello'
p2911
I76
sS'once'
p2912
I72
sS'essay'
p2913
I77
sS'\xe2\x98\xba\xef\xb8\x8f\xe2\x98\xba\xef\xb8\x8f\xe2\x98\xba\xef\xb8\x8f'
p2914
I77
sS'vasovagal'
p2915
I77
sS'scratch'
p2916
I77
sS'kats'
p2917
I77
sS'results'
p2918
I77
sS'tested'
p2919
I77
sS'existing'
p2920
I77
sS'steve'
p2921
I77
sS'ugh'
p2922
I77
sS'gang'
p2923
I77
sS'freakin'
p2924
I77
sS'go'
p2925
I27
sS'chillin'
p2926
I75
sS'kate'
p2927
I77
sS'crossover'
p2928
I77
sS'5lbs'
p2929
I77
sS'cap\xe2\x80\x9d'
p2930
I77
sS"peaches'"
p2931
I77
sS'grass'
p2932
I77
sS'young'
p2933
I76
sS'send'
p2934
I71
sS'bruh'
p2935
I77
sS'garrett'
p2936
I77
sS'grammmma'
p2937
I77
sS'babes'
p2938
I77
sS'dislike'
p2939
I77
sS'sellouts'
p2940
I77
sS'me:lakers'
p2941
I77
sS'sent'
p2942
I77
sS'\xd8\xaf\xd8\xb1\xd8\xa8'
p2943
I76
sS'wasteland'
p2944
I77
sS'street'
p2945
I77
sS'mainstream'
p2946
I76
sS'lyrics\xe2\x80\x9d,91311\n397830505984319488,summerxrain,2013-11-05'
p2947
I77
sS'~alice'
p2948
I77
sS'peyton'
p2949
I77
sS'ogs'
p2950
I77
sS'photoshoot'
p2951
I77
sS'wash)'
p2952
I77
sS'facebook'
p2953
I77
sS'telling'
p2954
I77
sS'portos'
p2955
I77
sS'drinking'
p2956
I77
sS'entire'
p2957
I75
sS'hunnid\xe2\x80\x9di'
p2958
I77
sS'sparked'
p2959
I77
sS'\xd8\xa7\xd9\x84\xd8\xb5\xd9\x8e\xd9\x91\xd9\x85\xd9\x8e\xd8\xaf\xd9\x8f'
p2960
I77
sS'gettin'
p2961
I75
sS'michael'
p2962
I77
sS'ryan'
p2963
I76
sS'try'
p2964
I74
sS'this'
p2965
I16
sS'race'
p2966
I77
sS'thoughhhh'
p2967
I77
sS'bizarre'
p2968
I77
sS'rae'
p2969
I77
sS'challenge'
p2970
I75
sS'cap'
p2971
I77
sS"you'd"
p2972
I77
sS'batwings'
p2973
I77
sS'wrestling'
p2974
I77
sS'\xd9\x83\xd8\xa7\xd8\xaf\xd8\xaa'
p2975
I77
sS'waking'
p2976
I76
sS'jump'
p2977
I77
sS'carla'
p2978
I77
sS'you\xe2\x80\x9dthankkkkkssssss'
p2979
I77
sS'video'
p2980
I75
sS'pour'
p2981
I77
sS'picked'
p2982
I77
sS"cris's"
p2983
I77
sS'carlo'
p2984
I67
sS'folk'
p2985
I77
sS'graduating'
p2986
I76
sS'02:49:21.0,34.25618821,-118.57889657,1133.22,come'
p2987
I77
sS'84-61'
p2988
I77
sS'plays'
p2989
I75
sS'business'
p2990
I77
sS'donut'
p2991
I77
sS'giving'
p2992
I77
sS'\xd8\xb9\xd9\x86'
p2993
I77
sS'sangria'
p2994
I77
sS'make"'
p2995
I77
sS'cell'
p2996
I76
sS'paying'
p2997
I77
sS'waiting'
p2998
I73
sS'indian'
p2999
I77
sS'bahahaha'
p3000
I76
sS'attire'
p3001
I77
sS'ahhhhh'
p3002
I76
sS'body'
p3003
I76
sS'\xd9\x88'
p3004
I74
sS'wtfffff'
p3005
I77
sS'sept'
p3006
I77
sS'degree'
p3007
I77
sS'putin&russia'
p3008
I77
sS',91311\n402619121914740736,venpacaa,2013-11-19'
p3009
I77
sS'punch'
p3010
I76
sS'following'
p3011
I76
sS'packing'
p3012
I77
sS'les'
p3013
I77
sS'let'
p3014
I67
sS'others'
p3015
I76
sS'sexy'
p3016
I74
sS'confiscating'
p3017
I77
sS'bald'
p3018
I77
sS'extreme'
p3019
I77
sS'great'
p3020
I73
sS'38'
p3021
I77
sS'ajit'
p3022
I77
sS'chant'
p3023
I77
sS'31'
p3024
I76
sS'30'
p3025
I76
sS'36'
p3026
I77
sS'barchettafrom'
p3027
I77
sS'maaaannnn'
p3028
I77
sS"weren't"
p3029
I77
sS'situations'
p3030
I77
sS'captuhn'
p3031
I77
sS"'lack"
p3032
I77
sS'makes'
p3033
I73
sS'thats'
p3034
I75
sS'named'
p3035
I77
sS'apple'
p3036
I76
sS'spy'
p3037
I77
sS'win'
p3038
I71
sS'app'
p3039
I76
sS'manage'
p3040
I77
sS'\xd8\xa8\xd8\xb3'
p3041
I77
sS'private'
p3042
I77
sS'order'
p3043
I77
sS'throwback'
p3044
I77
sS'summmeeerrr'
p3045
I77
sS'lodging'
p3046
I77
sS'tools'
p3047
I77
sS'cloud'
p3048
I77
sS'droopy'
p3049
I77
sS'use'
p3050
I73
sS'shriller'
p3051
I77
sS'from'
p3052
I50
sS'usa'
p3053
I74
sS'&'
p3054
I34
sS'whyyyyy'
p3055
I77
sS'mamba'
p3056
I77
sS'cray'
p3057
I77
sS'next'
p3058
I68
sS'pleaseeee'
p3059
I77
sS'camera'
p3060
I75
sS'chu'
p3061
I77
sS'\xd8\xaa\xd8\xac\xd9\x8a\xd9\x86\xd9\x8a'
p3062
I77
sS'butler'
p3063
I77
sS'themselves'
p3064
I76
sS'jonathan'
p3065
I77
sS'popped'
p3066
I77
sS'babe'
p3067
I76
sS'upcoming'
p3068
I77
sS'comparison'
p3069
I77
sS'started'
p3070
I74
sS'trait'
p3071
I77
sS'econ'
p3072
I77
sS'kiosk'
p3073
I77
sS'about'
p3074
I41
sS'confused'
p3075
I77
sS'sore'
p3076
I77
sS'depth'
p3077
I77
sS'rabbit'
p3078
I77
sS'baby'
p3079
I67
sS'tearing'
p3080
I77
sS'women'
p3081
I75
sS'customer'
p3082
I77
sS'\xd8\xb9\xd8\xb4\xd8\xa7\xd9\x86\xd9\x83'
p3083
I77
sS'account'
p3084
I76
sS'balls'
p3085
I77
sS'7pm'
p3086
I77
sS'meee'
p3087
I75
sS'ride'
p3088
I75
sS'hicks'
p3089
I77
sS'wh'
p3090
I77
sS'chamberlain'
p3091
I77
sS'recession'
p3092
I77
sS'balla'
p3093
I76
sS'anywhere'
p3094
I77
sS'obvious'
p3095
I77
sS'thin'
p3096
I77
sS'universe'
p3097
I77
sS'for?\xe2\x80\x9d'
p3098
I77
sS'thuggin'
p3099
I77
sS'closing'
p3100
I77
sS'drops'
p3101
I76
sS'released'
p3102
I77
sS'spurs\xe2\x96\xaa\xef\xb8\x8ffav'
p3103
I77
sS'proof'
p3104
I77
sS'control'
p3105
I76
sS'bittersweet'
p3106
I77
sS'waaaay'
p3107
I77
sS'geez'
p3108
I77
sS'lock'
p3109
I76
sS'halloween'
p3110
I76
sS'high'
p3111
I76
sS'accurate\xe2\x80\x9d'
p3112
I77
sS'cappuccino'
p3113
I77
sS'something'
p3114
I69
sS'sunglasses'
p3115
I77
sS'dating'
p3116
I77
sS'agility'
p3117
I77
sS'rape'
p3118
I77
sS'dibs'
p3119
I77
sS'united'
p3120
I77
sS'sit'
p3121
I77
sS'six'
p3122
I76
sS'brian'
p3123
I77
sS'day!!\xe2\x98\x81\xef\xb8\x8f\xe2\x9a\xa1\xef\xb8\x8f\xe2\x98\x94\xef\xb8\x8f'
p3124
I77
sS'animal'
p3125
I77
sS'instead'
p3126
I75
sS'comedy'
p3127
I77
sS'establishment'
p3128
I77
sS'\xe2\x80\x9cif'
p3129
I77
sS'hawt'
p3130
I77
sS'freestyles'
p3131
I77
sS'watch'
p3132
I71
sS'wallpaper'
p3133
I77
sS'physio'
p3134
I77
sS'lettttsss'
p3135
I77
sS"02:44:26.0,34.25541436,-118.579072,1133.22,i'm"
p3136
I77
sS'hahahaha'
p3137
I71
sS'\xd9\x84\xd9\x8e\xd9\x85\xd9\x92'
p3138
I77
sS'coast'
p3139
I74
sS'\xef\xbb\xbb\xd9\x86\xd9\x83'
p3140
I77
sS'geek'
p3141
I77
sS'realized'
p3142
I77
sS'tagalog'
p3143
I77
sS'concern'
p3144
I77
sS'light'
p3145
I76
sS'bakery'
p3146
I71
sS'honestly'
p3147
I72
sS'healthcare'
p3148
I77
sS'mustache'
p3149
I77
sS'transformation'
p3150
I77
sS"guy's"
p3151
I77
sS'eerily'
p3152
I77
sS'move'
p3153
I74
sS'encouraged'
p3154
I77
sS'produced'
p3155
I77
sS"won't"
p3156
I75
sS'looks'
p3157
I67
sS'cruise'
p3158
I77
sS'bunch'
p3159
I77
sS'perfect'
p3160
I74
sS'lounge'
p3161
I77
sS'dreamy'
p3162
I77
sS'outer'
p3163
I77
sS'la'
p3164
I67
sS'infringements'
p3165
I77
sS'unreal'
p3166
I77
sS'winning'
p3167
I73
sS'kindergarten'
p3168
I77
sS'tyler'
p3169
I77
sS'degrees'
p3170
I77
sS'\xd8\xaa\xd8\xaf\xd8\xb9\xd9\x8a'
p3171
I77
sS'drumline'
p3172
I77
sS'2014'
p3173
I77
sS'bye'
p3174
I73
sS'<'
p3175
I76
sS'dad'
p3176
I71
sS'eastward'
p3177
I77
sS'crash'
p3178
I74
sS'pure'
p3179
I77
sS'dab'
p3180
I77
sS"we've"
p3181
I77
sS'errands'
p3182
I77
sS'dan'
p3183
I77
sS'practice'
p3184
I77
sS'90\xc2\xb0'
p3185
I77
sS'mediocre'
p3186
I77
sS'dat'
p3187
I76
sS'mention'
p3188
I76
sS'cuse'
p3189
I77
sS'snake'
p3190
I77
sS'hannin'
p3191
I77
sS'hands'
p3192
I76
sS'rotation'
p3193
I77
sS'republican'
p3194
I77
sS'day'
p3195
I42
sS'warned'
p3196
I77
sS'\xd8\xa7\xd9\x84\xd8\xb4\xd9\x8a'
p3197
I77
sS'guard'
p3198
I77
sS'sin'
p3199
I77
sS'slide'
p3200
I77
sS'scones'
p3201
I77
sS'rockets'
p3202
I77
sS'truth'
p3203
I77
sS'beneath'
p3204
I77
sS'economy'
p3205
I77
sS'francisco'
p3206
I77
sS'hahahahhaa'
p3207
I77
sS'seniors'
p3208
I77
sS'ankles'
p3209
I77
sS'showering'
p3210
I77
sS'doing'
p3211
I66
sS'ills'
p3212
I77
sS'staying'
p3213
I77
sS'related'
p3214
I77
sS'beautiful\xe2\x80\x9d'
p3215
I77
sS'asf'
p3216
I77
sS'do.\xe2\x80\x9d'
p3217
I77
sS'lololololol'
p3218
I77
sS'measure'
p3219
I77
sS'our'
p3220
I72
sS'now"'
p3221
I77
sS'uhhhhhh'
p3222
I77
sS'special'
p3223
I75
sS'out'
p3224
I30
sS'matt'
p3225
I77
sS'chastworth'
p3226
I74
sS'hawaii'
p3227
I77
sS'twice'
p3228
I76
sS'nba\xe2\x80\x9d'
p3229
I77
sS'\xe2\x80\x9ci\xe2\x80\x99ve'
p3230
I77
sS'martttttt'
p3231
I77
sS'freshman'
p3232
I77
sS'homie\xe2\x80\x9d'
p3233
I77
sS'sboooch'
p3234
I77
sS'luuuuuuuuckyyy'
p3235
I77
sS'cause'
p3236
I71
sS'reg'
p3237
I77
sS'math'
p3238
I74
sS'lob'
p3239
I77
sS'shut'
p3240
I76
sS'23:29:56.0,34.25666527,-118.57949866,1133.22,green'
p3241
I77
sS'umbrella'
p3242
I77
sS'o.o'
p3243
I77
sS'out\xe2\x80\xa6'
p3244
I77
sS'bww'
p3245
I77
sS'spot'
p3246
I77
sS'\xd8\xb1\xd8\xac\xd8\xb9\xd9\x8a\xd8\xa9'
p3247
I77
sS'now\xe2\x98\xba\xef\xb8\x8f'
p3248
I77
sS'completely'
p3249
I75
sS'intruder'
p3250
I77
sS'doubles'
p3251
I77
sS'celtics'
p3252
I77
sS'networking'
p3253
I77
sS'philip'
p3254
I77
sS'craving'
p3255
I74
sS'scary'
p3256
I76
sS'kut\xe2\x9c\x94'
p3257
I77
sS'prepare'
p3258
I77
sS'g'
p3259
I77
sS'harms'
p3260
I77
sS'could'
p3261
I67
sS'times'
p3262
I75
sS'facetime'
p3263
I77
sS'conversation'
p3264
I77
sS'lundqvist'
p3265
I77
sS'davis'
p3266
I77
sS'secretary'
p3267
I77
sS"d'elia"
p3268
I77
sS'8-1'
p3269
I77
sS'south'
p3270
I77
sS'exam'
p3271
I77
sS"tfti's"
p3272
I77
sS'taco'
p3273
I77
sS'blown'
p3274
I77
sS'"ur'
p3275
I77
sS'skaters'
p3276
I77
sS'ethnic'
p3277
I77
sS'powerful'
p3278
I77
sS'cramp'
p3279
I77
sS'jesus'
p3280
I77
sS'dreamzzzz'
p3281
I77
sS'bitch'
p3282
I66
sS'owner'
p3283
I77
sS'7711'
p3284
I77
sS"doesn't"
p3285
I75
sS'9-5'
p3286
I77
sS'start'
p3287
I66
sS'festival'
p3288
I76
sS'obvi'
p3289
I77
sS'boring'
p3290
I77
sS'chihuahuas'
p3291
I77
sS'their'
p3292
I67
sS'omg\xe2\x80\x9d'
p3293
I77
sS'regurgitate'
p3294
I77
sS'lions'
p3295
I77
sS'non-sequitur'
p3296
I77
sS'fuckerrrr'
p3297
I77
sS'motha-fuck'
p3298
I77
sS'final'
p3299
I76
sS'dohhhh'
p3300
I77
sS'benghazi'
p3301
I77
sS'ironic'
p3302
I77
sS'pks'
p3303
I77
sS'shiny'
p3304
I77
sS'pssst'
p3305
I77
sS'seymour'
p3306
I75
sS'shelf'
p3307
I77
sS'exactly'
p3308
I74
sS'putos'
p3309
I77
sS'shorty'
p3310
I77
sS"abby's"
p3311
I77
sS"fan's"
p3312
I77
sS'regards'
p3313
I77
sS'grandpa'
p3314
I77
sS'bieber'
p3315
I77
sS'july'
p3316
I77
sS'sex'
p3317
I77
sS'neck'
p3318
I77
sS'hahhahahahahahah'
p3319
I77
sS'06:02:02.0,34.25680411,-118.58036218,1133.22,back'
p3320
I77
sS'bed'
p3321
I73
sS"creepin'"
p3322
I77
sS'hahahahahahahaha'
p3323
I77
sS'yessssirrrrr'
p3324
I76
sS'candles'
p3325
I77
sS"18:43:52.0,34.25660458,-118.57895851,1133.22,i'm"
p3326
I77
sS'country'
p3327
I77
sS'waterboarding'
p3328
I77
sS'kroft'
p3329
I77
sS'spurs'
p3330
I68
sS'yaaa'
p3331
I77
sS'julian'
p3332
I76
sS"sadie's"
p3333
I77
sS'hairstylist'
p3334
I77
sS'tonight'
p3335
I64
sS'nuf'
p3336
I77
sS'"imperialist'
p3337
I77
sS'suns'
p3338
I77
sS'have'
p3339
I34
sS'need'
p3340
I53
sS'apparently'
p3341
I76
sS'viewed'
p3342
I77
sS'screw'
p3343
I77
sS'microphone'
p3344
I77
sS'afraid'
p3345
I77
sS'governors'
p3346
I77
sS'mil'
p3347
I77
sS'psyche'
p3348
I77
sS'congrats'
p3349
I74
sS'pinoy'
p3350
I77
sS'able'
p3351
I73
sS'homeboy'
p3352
I77
sS'jabari'
p3353
I77
sS'bagel'
p3354
I64
sS'mix'
p3355
I76
sS'which'
p3356
I72
sS'bus'
p3357
I77
sS'so'
p3358
I18
sS'asshole'
p3359
I77
sS'='
p3360
I77
sS'soap'
p3361
I76
sS'unless'
p3362
I75
sS'knees'
p3363
I77
sS'aww'
p3364
I73
sS'who'
p3365
I54
sS'doug'
p3366
I77
sS"where's"
p3367
I77
sS'sfl'
p3368
I77
sS'14:43:30.0,34.25719122,-118.58044603,1133.22,i'
p3369
I77
sS'"perro-caliente"'
p3370
I77
sS'\xd8\xa7\xd8\xb3\xd8\xaa\xd9\x82\xd8\xa8\xd8\xa7\xd9\x84\xd9\x83'
p3371
I77
sS'class'
p3372
I71
sS'polyester'
p3373
I77
sS'bitchassness'
p3374
I77
sS'upset'
p3375
I77
sS'face'
p3376
I64
sS'looked'
p3377
I77
sS"you'll"
p3378
I77
sS'121'
p3379
I77
sS'mailed'
p3380
I77
sS'schleeeep'
p3381
I77
sS'fact'
p3382
I76
sS'son'
p3383
I74
sS'sells'
p3384
I77
sS'parker'
p3385
I74
sS'cute'
p3386
I72
sS'text'
p3387
I72
sS'hamlet'
p3388
I77
sS'bring'
p3389
I75
sS'planning'
p3390
I77
sS'democrats'
p3391
I75
sS'naga'
p3392
I77
sS'chicken'
p3393
I75
sS'supporter'
p3394
I77
sS'nahhh'
p3395
I77
sS'o'
p3396
I73
sS'durant'
p3397
I76
sS'trying'
p3398
I70
sS'based'
p3399
I77
sS'earned'
p3400
I77
sS'('
p3401
I74
sS'pushing'
p3402
I77
sS'should'
p3403
I66
sS'brighter'
p3404
I77
sS'score'
p3405
I77
sS"anyone's"
p3406
I77
sS'lemme'
p3407
I76
sS'love/hate'
p3408
I77
sS'marriage'
p3409
I77
sS'piano'
p3410
I77
sS'us\xe2\x80\x9d'
p3411
I77
sS'hope'
p3412
I70
sS'meant'
p3413
I77
sS'latino1'
p3414
I77
sS'workin'
p3415
I77
sS'means'
p3416
I73
sS'beat'
p3417
I74
sS'dope'
p3418
I77
sS'lucky'
p3419
I73
sS'bear'
p3420
I77
sS'sipping'
p3421
I77
sS'tbh'
p3422
I76
sS'awww'
p3423
I73
sS'ones'
p3424
I76
sS'legitimate'
p3425
I77
sS'words'
p3426
I76
sS'chips'
p3427
I77
sS'glory'
p3428
I77
sS'ended'
p3429
I77
sS'\xd8\xa7\xd9\x84\xd8\xb9\xd8\xb8\xd9\x8a\xd9\x85\xe2\x80\x9d\xe2\x80\x9d\xe2\x80\x9d'
p3430
I77
sS'married'
p3431
I77
sS'teams'
p3432
I76
sS'stuff'
p3433
I74
sS'she'
p3434
I62
sS'argentinean'
p3435
I77
sS'tunes'
p3436
I77
sS'including'
p3437
I77
sS'grad'
p3438
I77
sS'superstars'
p3439
I77
sS'lives'
p3440
I77
sS'exists'
p3441
I77
sS'national'
p3442
I77
sS'pitch'
p3443
I77
sS'humans'
p3444
I77
sS'we'
p3445
I33
sS'freeze'
p3446
I77
sS'accused'
p3447
I77
sS"less'"
p3448
I77
sS'siegfried'
p3449
I77
sS'airmail'
p3450
I77
sS'38%'
p3451
I77
sS'closer'
p3452
I74
sS"kayla's"
p3453
I77
sS'jurassic'
p3454
I77
sS'more.....east'
p3455
I77
sS'worker!\xe2\x80\x9d'
p3456
I77
sS'timbs'
p3457
I77
sS'missing'
p3458
I77
sS'ralph'
p3459
I75
sS'purses'
p3460
I77
sS'genius'
p3461
I77
sS'\xd8\xa7\xd9\x84\xd8\xaa\xd8\xac\xd8\xa7\xd9\x88\xd8\xb2'
p3462
I77
sS'convince'
p3463
I77
sS'melrose'
p3464
I77
sS',91311\n456625434352840706,tishtini,2014-04-17'
p3465
I77
sS'rendition'
p3466
I77
sS'youll'
p3467
I77
sS'email'
p3468
I77
sS'pants'
p3469
I76
sS'glen'
p3470
I76
sS'ends'
p3471
I77
sS'sole'
p3472
I77
sS'george'
p3473
I77
sS'ability'
p3474
I77
sS'ghey'
p3475
I77
sS'opening'
p3476
I76
sS'keg'
p3477
I77
sS'joy'
p3478
I77
sS'buckets'
p3479
I77
sS'court'
p3480
I77
sS'butts'
p3481
I77
sS'the\xe2\x80\xa6'
p3482
I77
sS'job'
p3483
I66
sS'joe'
p3484
I77
sS'vibes\xe2\x9c\x8c\xef\xb8\x8f'
p3485
I77
sS'police'
p3486
I77
sS'souvenir'
p3487
I77
sS'genessis'
p3488
I77
sS'legit'
p3489
I76
sS'david'
p3490
I76
sS'marty'
p3491
I77
sS'figured'
p3492
I77
sS'resigned'
p3493
I77
sS'point\xe2\x80\x9dhat'
p3494
I77
sS'joke'
p3495
I77
sS'taking'
p3496
I74
sS'peat'
p3497
I77
sS'minds'
p3498
I76
sS'prefer'
p3499
I77
sS'triple-a'
p3500
I77
sS'out.\xe2\x80\x9d'
p3501
I77
sS"duncan's"
p3502
I77
sS'smilin'
p3503
I77
sS'omw'
p3504
I77
sS'shots'
p3505
I77
sS'toilet'
p3506
I77
sS'gooooo'
p3507
I77
sS'ca'
p3508
I76
sS'makin'
p3509
I75
sS"lieberman's"
p3510
I77
sS'walk'
p3511
I75
sS'bump'
p3512
I77
sS'laugh'
p3513
I75
sS'news'
p3514
I75
sS'kings'
p3515
I73
sS'chucktard'
p3516
I77
sS'[pic]'
p3517
I72
sS'flipper\xe2\x98\xba\xef\xb8\x8f\xe2\x98\xba\xef\xb8\x8f'
p3518
I77
sS'ad'
p3519
I77
sS'\xd9\x8a\xd8\xb9\xd9\x86\xd9\x8a'
p3520
I77
sS'pouring'
p3521
I77
sS"18:58:02.0,34.25660458,-118.57895851,1133.22,i'm"
p3522
I77
sS'8.5'
p3523
I77
sS"it's"
p3524
I32
sS'sara'
p3525
I77
sS'sox'
p3526
I77
sS'cent'
p3527
I77
sS'liberals'
p3528
I75
sS'drank'
p3529
I77
sS'treat'
p3530
I77
sS'chatsworth\xe2\x80\x8e)'
p3531
I77
sS"bush's"
p3532
I77
sS'louisiana'
p3533
I77
sS'>'
p3534
I76
sS'tyranny'
p3535
I77
sS'mike'
p3536
I76
sS'pic'
p3537
I74
sS'wanna'
p3538
I71
sS'chatsworth'
p3539
I66
sS'hmu'
p3540
I77
sS',91311\n364935854214508544,tishtini,2013-08-07'
p3541
I77
sS'opinion\xe2\x80\x9d'
p3542
I77
sS'controller'
p3543
I77
sS'smoking'
p3544
I77
sS'brunch'
p3545
I76
sS'spain'
p3546
I77
sS'volunteer'
p3547
I77
sS'holiday'
p3548
I77
sS'couple'
p3549
I77
sS'splits'
p3550
I77
sS'*shows'
p3551
I77
sS'cbs'
p3552
I77
sS'donuts"'
p3553
I77
sS'plain'
p3554
I77
sS'7-1'
p3555
I77
sS'nd'
p3556
I77
sS'paytonawesome'
p3557
I77
sS'will'
p3558
I51
sS'hahaha'
p3559
I70
sS'wild'
p3560
I76
sS'klowns'
p3561
I77
sS'hollywierdos'
p3562
I77
sS'erik'
p3563
I77
sS'cute\xe2\x9b\x84\xe2\x9b\x84\xe2\x9b\x84'
p3564
I77
sS'almost'
p3565
I72
sS'refs'
p3566
I77
sS'ink'
p3567
I77
sS'site'
p3568
I77
sS'ooooohhh'
p3569
I77
sS'vs'
p3570
I72
sS'kids\xe2\x80\xa6'
p3571
I77
sS'ave'
p3572
I67
sS'whore'
p3573
I77
sS'tattoo'
p3574
I77
sS'kneaded'
p3575
I77
sS'blount'
p3576
I77
sS'sensitive'
p3577
I77
sS')'
p3578
I77
sS'juan'
p3579
I77
sS'administration'
p3580
I74
sS'yayuh'
p3581
I77
sS'ight'
p3582
I77
sS'strange'
p3583
I77
sS'jaren'
p3584
I77
sS'party'
p3585
I67
sS'gets'
p3586
I67
sS'eunuchs'
p3587
I77
sS'elbows'
p3588
I77
sS'fur'
p3589
I77
sS'columbia'
p3590
I77
sS'ng'
p3591
I75
sS'logic'
p3592
I77
sS'upon'
p3593
I77
sS'diploma'
p3594
I77
sS'\xd8\xb0\xd9\x88\xd9\x82\xd9\x83'
p3595
I77
sS'sauna'
p3596
I77
sS'\xd8\xa7\xd8\xa8\xd9\x86'
p3597
I77
sS'padres'
p3598
I77
sS'fucked'
p3599
I76
sS"obama's"
p3600
I77
sS'single'
p3601
I77
sS'pull'
p3602
I77
sS'//'
p3603
I77
sS'\xd8\xa7\xd9\x84\xd9\x84\xd9\x8e\xd9\x91\xd9\x87\xd9\x8f'
p3604
I76
sS'off'
p3605
I54
sS'reflection'
p3606
I77
sS'records'
p3607
I77
sS'i'
p3608
I3
sS'well'
p3609
I70
sS'mannnnn'
p3610
I77
sS'antonio'
p3611
I77
sS'thought'
p3612
I74
sS'english'
p3613
I75
sS'\xd9\x8a\xd9\x8e\xd9\x83\xd9\x8f\xd9\x86\xd9\x92'
p3614
I77
sS'position'
p3615
I77
sS'limp'
p3616
I77
sS'my\xe2\x80\xa6'
p3617
I77
sS'drawing'
p3618
I75
sS'latest'
p3619
I75
sS'taller'
p3620
I77
sS"going'"
p3621
I77
sS'legendary'
p3622
I77
sS'cried'
p3623
I77
sS'accurate'
p3624
I76
sS'wealthy'
p3625
I77
sS'gun'
p3626
I77
sS'sources'
p3627
I77
sS'clinic'
p3628
I77
sS'stronger.\xe2\x80\x9d'
p3629
I77
sS'seats'
p3630
I77
sS'paul'
p3631
I77
sS'lauren'
p3632
I77
sS'\xd8\xa7\xd8\xb4\xd8\xb1'
p3633
I77
sS'clipper'
p3634
I77
sS'web'
p3635
I77
sS'wouldn\xe2\x80\x99t'
p3636
I77
sS'gma'
p3637
I77
sS'headed'
p3638
I76
sS'smith'
p3639
I77
sS'-_-'
p3640
I77
sS'bullshit'
p3641
I75
sS'drew'
p3642
I77
sS'rain/snow'
p3643
I77
sS'add'
p3644
I77
sS'nicki'
p3645
I77
sS'attractive'
p3646
I77
sS'dankiest'
p3647
I77
sS'ohhh'
p3648
I77
sS'carlo\xe2\x80\xa6'
p3649
I77
sS'homework'
p3650
I76
sS'hairbykrissi'
p3651
I74
sS'fyf'
p3652
I76
sS'government'
p3653
I76
sS"who's"
p3654
I74
sS'bad\xe2\x80\x9d'
p3655
I77
sS"d'antoni"
p3656
I77
sS'five'
p3657
I76
sS'whatever'
p3658
I75
sS'press'
p3659
I76
sS'cominnnnn'
p3660
I77
sS'fools'
p3661
I77
sS'loss'
p3662
I77
sS'flamingo'
p3663
I77
sS'necessary'
p3664
I77
sS'like'
p3665
I23
sS'lost'
p3666
I71
sS'header'
p3667
I77
sS'miami'
p3668
I76
sS'ring'
p3669
I77
sS'ewoks'
p3670
I77
sS'candy'
p3671
I77
sS'mcmorris'
p3672
I77
sS'journalist'
p3673
I77
sS'>\xe2\x80\x9dcolombia*'
p3674
I77
sS'lose'
p3675
I75
sS'become'
p3676
I76
sS'works'
p3677
I76
sS'soft'
p3678
I77
sS'page'
p3679
I77
sS'italian'
p3680
I65
sS'amendment'
p3681
I77
sS'poor'
p3682
I77
sS'because'
p3683
I58
sS'ferris'
p3684
I77
sS'twitter'
p3685
I75
sS'grizzlies'
p3686
I77
sS'searching'
p3687
I77
sS'hair'
p3688
I72
sS'tony'
p3689
I77
sS'repeat'
p3690
I77
sS'sneakin'
p3691
I77
sS'incubus'
p3692
I77
sS'flush'
p3693
I77
sS'home'
p3694
I70
sS'empire'
p3695
I77
sS'peter'
p3696
I76
sS'school..smhhhhhh'
p3697
I77
sS'happens'
p3698
I77
sS'"what'
p3699
I77
sS'jays'
p3700
I77
sS'taylor\xe2\x80\x9d'
p3701
I77
sS'doee'
p3702
I77
sS"gettin'"
p3703
I77
sS'hoarder'
p3704
I77
sS'literally'
p3705
I71
sS'avoid'
p3706
I76
sS'lean'
p3707
I77
sS'*mike'
p3708
I77
sS'does'
p3709
I74
sS'tl'
p3710
I77
sS'earrings'
p3711
I77
sS'speak'
p3712
I77
sS'\xd9\x84\xd8\xa7'
p3713
I77
sS'leader'
p3714
I77
sS'blurry'
p3715
I77
sS'tmo'
p3716
I77
sS'pepper'
p3717
I76
sS'blowing'
p3718
I77
sS'acronym'
p3719
I77
sS'100%'
p3720
I77
sS'uptight'
p3721
I77
sS'\xd8\xaa\xd8\xb9\xd8\xa7\xd9\x84'
p3722
I77
sS'\xd9\x85\xd9\x88'
p3723
I77
sS'\xd8\xa3\xd9\x8e\xd8\xad\xd9\x8e\xd8\xaf\xd9\x8c'
p3724
I76
sS'hush'
p3725
I77
sS'\xd9\x85\xd9\x86'
p3726
I74
sS'\xe2\x80\x9cthe'
p3727
I77
sS'quixote'
p3728
I77
sS'hiding'
p3729
I77
sS'judging'
p3730
I77
sS'sister'
p3731
I68
sS':-)'
p3732
I75
sS'boards'
p3733
I77
sS'getting'
p3734
I67
sS'gourmet'
p3735
I77
sS'freedom'
p3736
I77
sS'spilled'
p3737
I77
sS'basis'
p3738
I77
sS'flake'
p3739
I76
sS'hot'
p3740
I72
sS'angeles'
p3741
I77
sS'swear'
p3742
I75
sS'tomo'
p3743
I77
sS'\xd9\x83\xd8\xa7\xd9\x86\xd8\xaa'
p3744
I77
sS'sandwhich'
p3745
I77
sS'prevailing'
p3746
I77
sS'autocorrect'
p3747
I77
sS'swimming'
p3748
I77
sS'ginobili'
p3749
I77
sS'own'
p3750
I71
sS'cream....i'
p3751
I77
sS'wilderness'
p3752
I77
sS'knowwww'
p3753
I77
sS'\xd8\xb4\xd9\x8a'
p3754
I77
sS'catherine'
p3755
I76
sS'socks'
p3756
I77
sS'immune'
p3757
I77
sS'anniversary'
p3758
I77
sS'weather'
p3759
I75
sS'tiny'
p3760
I76
sS'swimmers'
p3761
I77
sS'wack'
p3762
I77
sS'van'
p3763
I77
sS'confident'
p3764
I77
sS'noticed'
p3765
I77
sS'happy\xe2\x9b\x84'
p3766
I77
sS'pool'
p3767
I77
sS'biggest'
p3768
I76
sS'place)'
p3769
I77
sS'naturally'
p3770
I77
sS'function'
p3771
I76
sS'beard'
p3772
I77
sS'buy'
p3773
I67
sS'3uummmriiii'
p3774
I77
sS"i've"
p3775
I69
sS'hs'
p3776
I76
sS'\xd9\x8a\xd9\x82\xd9\x88\xd9\x84'
p3777
I77
sS'bitches'
p3778
I74
sS'hw'
p3779
I76
sS'but'
p3780
I37
sS'hated'
p3781
I77
sS'delivery'
p3782
I77
sS'peppers'
p3783
I77
sS'hi'
p3784
I77
sS'plague'
p3785
I77
sS'ha'
p3786
I73
sS'eat'
p3787
I71
sS'bud'
p3788
I77
sS'he'
p3789
I51
sS'made'
p3790
I65
sS'places'
p3791
I76
sS'whether'
p3792
I77
sS'wish'
p3793
I67
sS'official'
p3794
I73
sS'smooth'
p3795
I77
sS'flip'
p3796
I77
sS'signed'
p3797
I77
sS'record'
p3798
I77
sS'fuckboy'
p3799
I77
sS'dms'
p3800
I77
sS'infants'
p3801
I77
sS'problem'
p3802
I73
sS'pm'
p3803
I77
sS'minutes'
p3804
I76
sS'block'
p3805
I77
sS'jenny'
p3806
I77
sS'advertisement'
p3807
I77
sS'penny'
p3808
I77
sS'meaningless'
p3809
I77
sS'sleeved'
p3810
I77
sS'(20516'
p3811
I77
sS'18:13:00.0,34.25611686,-118.57943058,1133.22,this'
p3812
I77
sS'undertaker'
p3813
I77
sS'about"killer'
p3814
I77
sS'3-0'
p3815
I77
sS'campus'
p3816
I76
sS'\xd8\xb9\xd9\x86\xd8\xb5\xd8\xb1\xd9\x8a\xd9\x87'
p3817
I77
sS'nursed'
p3818
I77
sS'compared'
p3819
I77
sS'gay'
p3820
I77
sS'contest'
p3821
I77
sS'\xd8\xa3\xd8\xb9\xd8\xaa\xd8\xb0\xd8\xb1'
p3822
I77
sS'easy'
p3823
I77
sS'\xe2\x9b\x85\xef\xb8\x8f'
p3824
I77
sS'other'
p3825
I70
sS'shannon'
p3826
I77
sS'sick'
p3827
I76
sS'mass'
p3828
I77
sS'nra'
p3829
I77
sS'dresses'
p3830
I77
sS'republicans'
p3831
I77
sS'star'
p3832
I76
sS'monday'
p3833
I77
sS'june'
p3834
I77
sS'stay'
p3835
I73
sS'rey'
p3836
I77
sS'pumps'
p3837
I77
sS'hehehheheliv'
p3838
I77
sS'kinda'
p3839
I76
sS'friends'
p3840
I67
sS'goin'
p3841
I73
sS'\xe2\x80\x95'
p3842
I77
sS'\xe2\x80\x94'
p3843
I76
sS'using'
p3844
I77
sS'martin'
p3845
I77
sS'daaaaaa'
p3846
I77
sS'mancini'
p3847
I77
sS"state's"
p3848
I77
sS'understand'
p3849
I77
sS'8th'
p3850
I76
s.