(dp0
S''
p1
I1
sS'limited'
p2
I68
sS'whoops'
p3
I68
sS'sleep'
p4
I61
sS'asian'
p5
I68
sS'hating'
p6
I64
sS'consists'
p7
I67
sS'hate'
p8
I57
sS'relationships'
p9
I68
sS'whose'
p10
I68
sS'lord'
p11
I66
sS'sorry'
p12
I66
sS'worth'
p13
I68
sS'lololol'
p14
I68
sS'every'
p15
I68
sS'bringing'
p16
I68
sS'today)'
p17
I68
sS'tickets'
p18
I68
sS"we'll"
p19
I65
sS'basics'
p20
I68
sS'bestfriend'
p21
I68
sS'wednesday'
p22
I68
sS'notifying'
p23
I68
sS'math'
p24
I67
sS'oooh'
p25
I68
sS"yesterday's"
p26
I68
sS'commented'
p27
I68
sS'clothes'
p28
I67
sS'tired'
p29
I66
sS'phones'
p30
I68
sS'hanging'
p31
I67
sS'shut'
p32
I68
sS'tfios'
p33
I68
sS'likely'
p34
I67
sS'fabulous'
p35
I67
sS'brittnnnnnaaaaaaayyyyy'
p36
I68
sS'even'
p37
I56
sS'saved'
p38
I68
sS'h&s'
p39
I68
sS'cooking'
p40
I68
sS'children'
p41
I68
sS'new'
p42
I59
sS'hmmm'
p43
I68
sS'ever'
p44
I66
sS'told'
p45
I65
sS'crunch'
p46
I68
sS'kicked'
p47
I68
sS'mel'
p48
I68
sS'never'
p49
I55
sS'here'
p50
I59
sS'anthropology'
p51
I68
sS'met'
p52
I65
sS'aftermath'
p53
I68
sS"aren't"
p54
I68
sS'mozzarella'
p55
I68
sS'kids'
p56
I67
sS'daughter'
p57
I68
sS'k'
p58
I67
sS'tglc'
p59
I68
sS"i'd"
p60
I68
sS'launched'
p61
I68
sS'aka'
p62
I68
sS"someone's"
p63
I65
sS'changes'
p64
I68
sS'eyebrows'
p65
I68
sS'okaaaaaaayyy'
p66
I68
sS'feelings'
p67
I68
sS'county'
p68
I67
sS'patience'
p69
I68
sS'moral'
p70
I68
sS'would'
p71
I52
sS'thranduil'
p72
I68
sS'mcmuffin'
p73
I68
sS'suit'
p74
I68
sS'call'
p75
I68
sS'therefore'
p76
I68
sS'type'
p77
I68
sS'until'
p78
I60
sS'brings'
p79
I68
sS'haha'
p80
I54
sS'"i'
p81
I67
sS'phone'
p82
I67
sS'warm'
p83
I68
sS'hold'
p84
I68
sS'me'
p85
I9
sS'peekaboo'
p86
I68
sS'join'
p87
I67
sS'room'
p88
I67
sS'rights'
p89
I68
sS'work'
p90
I62
sS'movies'
p91
I62
sS'haters"'
p92
I68
sS'mr'
p93
I68
sS'my'
p94
I4
sS'give'
p95
I68
sS'botha'
p96
I68
sS'stressing'
p97
I68
sS'over\xe2\x80\x9dno'
p98
I68
sS'want'
p99
I37
sS'savers'
p100
I68
sS'keep'
p101
I68
sS'hoe'
p102
I67
sS'end'
p103
I67
sS'turn'
p104
I66
sS'how'
p105
I39
sS'hot'
p106
I62
sS'aching'
p107
I68
sS'answer'
p108
I68
sS'yum'
p109
I68
sS'bday'
p110
I68
sS'prettttaaay'
p111
I68
sS'after'
p112
I62
sS'thankyou'
p113
I68
sS'wrong'
p114
I66
sS'turd'
p115
I68
sS'appreciate'
p116
I67
sS'funniest'
p117
I66
sS'1000'
p118
I68
sS'order'
p119
I68
sS'over'
p120
I55
sS'satisfied'
p121
I68
sS'panthers'
p122
I68
sS'mayor'
p123
I68
sS'before'
p124
I65
sS"rochelle's"
p125
I68
sS'fit'
p126
I67
sS'repped'
p127
I68
sS'better'
p128
I58
sS'conner'
p129
I68
sS'weeks'
p130
I65
sS'easier'
p131
I68
sS'then'
p132
I59
sS'them'
p133
I58
sS'workout'
p134
I68
sS'safe'
p135
I68
sS'school'
p136
I57
sS'break'
p137
I64
sS'\xe2\x98\xba\xef\xb8\x8f'
p138
I68
sS'schools'
p139
I68
sS'jesus'
p140
I68
sS'grammar'
p141
I68
sS'each'
p142
I67
sS'went'
p143
I66
sS'side'
p144
I66
sS'carlos'
p145
I64
sS'mean'
p146
I61
sS'deeeeee'
p147
I68
sS'intended)'
p148
I68
sS"earl's"
p149
I68
sS'efron'
p150
I68
sS'saturday'
p151
I66
sS'stunting'
p152
I67
sS'driving'
p153
I68
sS'pussies'
p154
I68
sS'god'
p155
I66
sS'rx'
p156
I68
sS'content'
p157
I68
sS'ihop'
p158
I68
sS'smh'
p159
I68
sS'got'
p160
I40
sS'rn'
p161
I60
sS'forth'
p162
I68
sS'turning'
p163
I66
sS'assured'
p164
I68
sS"you're"
p165
I57
sS'free'
p166
I67
sS'neverrrr'
p167
I68
sS'struggle'
p168
I66
sS'favs'
p169
I63
sS'wanted'
p170
I68
sS'mvp'
p171
I64
sS'starts'
p172
I68
sS'days'
p173
I60
sS'flawless'
p174
I68
sS'onto'
p175
I68
sS'already'
p176
I54
sS'unfollowed'
p177
I68
sS'grade'
p178
I68
sS'hook'
p179
I67
sS'another'
p180
I67
sS'basketball'
p181
I68
sS'girly'
p182
I68
sS'top'
p183
I68
sS'girls'
p184
I59
sS'approximately'
p185
I68
sS'needed'
p186
I67
sS'jamba'
p187
I68
sS'too'
p188
I38
sS'john'
p189
I67
sS'listen'
p190
I67
sS'tooo'
p191
I68
sS'gym'
p192
I64
sS'2am'
p193
I68
sS'took'
p194
I67
sS'predictable'
p195
I68
sS'western'
p196
I68
sS'nahh'
p197
I68
sS'world.still'
p198
I68
sS'*thinks'
p199
I68
sS'nominate'
p200
I68
sS'second'
p201
I68
sS'classes'
p202
I66
sS'silly'
p203
I68
sS'endure'
p204
I68
sS'feeling'
p205
I65
sS'mini'
p206
I67
sS'fashion'
p207
I68
sS'inersection'
p208
I68
sS'mind'
p209
I66
sS'mine'
p210
I64
sS'spent'
p211
I68
sS'talking'
p212
I66
sS'seen'
p213
I64
sS'chem'
p214
I68
sS'-'
p215
I68
sS'practices'
p216
I67
sS'derek'
p217
I68
sS'paulette'
p218
I67
sS'though'
p219
I68
sS'liddel'
p220
I68
sS'icloud'
p221
I68
sS'glow'
p222
I68
sS'professor'
p223
I67
sS'camp'
p224
I67
sS'dog'
p225
I68
sS'yours'
p226
I66
sS'freeway'
p227
I68
sS'definitely'
p228
I60
sS'annoyed'
p229
I66
sS'came'
p230
I65
sS'saying'
p231
I67
sS'effy'
p232
I68
sS'random'
p233
I68
sS'forsure'
p234
I68
sS'radio'
p235
I68
sS'probs'
p236
I68
sS'stephany'
p237
I67
sS'yea'
p238
I68
sS'theme'
p239
I67
sS'bullshitter'
p240
I68
sS"ashley's"
p241
I68
sS'rice'
p242
I68
sS'oct'
p243
I68
sS'wearing'
p244
I64
sS'do'
p245
I30
sS'wide'
p246
I68
sS'de'
p247
I68
sS'watch'
p248
I66
sS'pierced'
p249
I68
sS'cracks'
p250
I67
sS'watermelon'
p251
I67
sS'flyer/best'
p252
I68
sS'happiest'
p253
I68
sS'lmao'
p254
I58
sS'runs'
p255
I68
sS'covering'
p256
I68
sS'officially'
p257
I67
sS'nevermined'
p258
I68
sS'bag'
p259
I68
sS'bad'
p260
I62
sS'bae'
p261
I63
sS'effing'
p262
I68
sS'fair'
p263
I65
sS'w/'
p264
I67
sS'\xe2\x97\xbe\xef\xb8\x8f'
p265
I68
sS'goodnight'
p266
I66
sS'fail'
p267
I68
sS'best'
p268
I58
sS'said'
p269
I64
sS'lots'
p270
I68
sS'away'
p271
I66
sS"there's"
p272
I59
sS'manicure'
p273
I68
sS'props'
p274
I68
sS'legolas'
p275
I68
sS'we'
p276
I43
sS'omg'
p277
I57
sS'wtf'
p278
I57
sS'wth'
p279
I68
sS'news'
p280
I67
sS'received'
p281
I68
sS'\xe2\x9d\xa4\xef\xb8\x8f'
p282
I55
sS'country'
p283
I68
sS'against'
p284
I68
sS'toldddd'
p285
I68
sS'games'
p286
I67
sS'planned'
p287
I68
sS'argue'
p288
I68
sS'asked'
p289
I66
sS'(sarcasm'
p290
I68
sS'tough'
p291
I68
sS'ayeee'
p292
I67
sS'blonde'
p293
I68
sS'trust'
p294
I66
sS'puts'
p295
I68
sS'chels'
p296
I67
sS'been'
p297
I55
sS'daht'
p298
I68
sS'\xe2\x9d\x84\xef\xb8\x8f'
p299
I68
sS'sleepover'
p300
I68
sS'much'
p301
I50
sS'basic'
p302
I68
sS'rem"'
p303
I68
sS'lovely'
p304
I66
sS'life'
p305
I47
sS'families'
p306
I68
sS'mce'
p307
I68
sS'sunshine'
p308
I68
sS'worked'
p309
I68
sS'haters'
p310
I68
sS'hat'
p311
I68
sS'n'
p312
I68
sS'ugly'
p313
I67
sS'chilling'
p314
I68
sS'mistake'
p315
I68
sS'is'
p316
I11
sS'suuuree'
p317
I68
sS'player'
p318
I68
sS'im'
p319
I67
sS'in'
p320
I20
sS'biotch'
p321
I67
sS'id'
p322
I68
sS'if'
p323
I44
sS'itunes'
p324
I68
sS'things'
p325
I64
sS'make'
p326
I61
sS'hahah'
p327
I66
sS'showing'
p328
I68
sS'meets'
p329
I68
sS'pick'
p330
I65
sS'hang'
p331
I67
sS'jealous'
p332
I65
sS'opportunity'
p333
I68
sS"i'm"
p334
I10
sS'thoughts'
p335
I67
sS'kept'
p336
I68
sS'tralala'
p337
I68
sS'tho'
p338
I68
sS'contact'
p339
I68
sS'pandora'
p340
I68
sS'studying'
p341
I68
sS'the'
p342
I6
sS'musical'
p343
I68
sS'left'
p344
I65
sS'just'
p345
I15
sS'athletic'
p346
I68
sS'photo'
p347
I68
sS'laptop'
p348
I68
sS'sleepy'
p349
I67
sS'grades'
p350
I68
sS'bugged'
p351
I68
sS'thanks'
p352
I53
sS'yes'
p353
I62
sS'yet'
p354
I67
sS'had'
p355
I61
sS'about'
p356
I50
sS'ooooh'
p357
I68
sS'board'
p358
I68
sS'has'
p359
I59
sS'starbucks"'
p360
I68
sS'gave'
p361
I68
sS'which'
p362
I68
sS'vanessa'
p363
I68
sS'possible'
p364
I68
sS"school...you're"
p365
I68
sS'wanting'
p366
I68
sS'roach'
p367
I68
sS'dreams'
p368
I68
sS'brought'
p369
I67
sS'gift'
p370
I68
sS'performing'
p371
I68
sS'orlando'
p372
I68
sS'steph'
p373
I68
sS'remind'
p374
I68
sS'night'
p375
I55
sS'right'
p376
I63
sS'old'
p377
I57
sS'people'
p378
I48
sS'sends'
p379
I68
sS'scrimmage'
p380
I68
sS'dedicating'
p381
I68
sS'printer'
p382
I68
sS'escape'
p383
I68
sS'billboard'
p384
I68
sS'doorstep'
p385
I68
sS'sociology'
p386
I68
sS'for'
p387
I12
sS'lockdown'
p388
I68
sS'ice'
p389
I66
sS'everything'
p390
I65
sS'umm'
p391
I67
sS'adorable'
p392
I68
sS'christmas'
p393
I64
sS'corn'
p394
I68
sS'graduates'
p395
I68
sS'super'
p396
I68
sS'told*'
p397
I68
sS'chapter'
p398
I67
sS'oreo'
p399
I68
sS'filipino'
p400
I67
sS'months'
p401
I68
sS'magazine'
p402
I68
sS'plus'
p403
I68
sS'whats'
p404
I68
sS'selfie'
p405
I68
sS'bound'
p406
I68
sS'soo'
p407
I68
sS'mocha'
p408
I68
sS'down'
p409
I64
sS'thankful'
p410
I62
sS'samee'
p411
I67
sS'wan'
p412
I68
sS'panorama'
p413
I68
sS'fight'
p414
I67
sS'stuck'
p415
I68
sS'way'
p416
I58
sS'wax'
p417
I68
sS'gin'
p418
I68
sS'was'
p419
I44
sS'purposely'
p420
I68
sS'happy'
p421
I35
sS'head'
p422
I67
sS'northridge'
p423
I68
sS'gorgeous'
p424
I68
sS'"show'
p425
I68
sS'failure'
p426
I68
sS'heat'
p427
I67
sS'uncle'
p428
I68
sS'true'
p429
I66
sS'responding'
p430
I68
sS'inside'
p431
I68
sS'ruined'
p432
I67
sS"irene's"
p433
I68
sS'adore'
p434
I68
sS'facetimed'
p435
I68
sS'emotional'
p436
I68
sS'promises'
p437
I68
sS'proved'
p438
I68
sS'sticks'
p439
I68
sS'classic'
p440
I68
sS'evidence'
p441
I68
sS'life.but'
p442
I68
sS'awhile'
p443
I68
sS'annoying'
p444
I68
sS'trip'
p445
I66
sS'shit'
p446
I60
sS'knows'
p447
I68
sS'desperadooo'
p448
I68
sS'no'
p449
I44
sS'nd'
p450
I68
sS'reality'
p451
I67
sS'tooooo'
p452
I68
sS'holding'
p453
I67
sS'test'
p454
I68
sS'*have'
p455
I68
sS'picture'
p456
I59
sS'woodman'
p457
I68
sS"'s"
p458
I67
sS'surprise'
p459
I68
sS'felt'
p460
I68
sS'weirdest'
p461
I68
sS"gabi's"
p462
I68
sS'fell'
p463
I67
sS'smelling'
p464
I68
sS'hurt'
p465
I68
sS'weekend'
p466
I65
sS'billion'
p467
I68
sS'hiii'
p468
I68
sS'longer'
p469
I68
sS'bullet'
p470
I68
sS'potato'
p471
I68
sS'daily'
p472
I68
sS"n'"
p473
I68
sS'meal.other'
p474
I68
sS'time'
p475
I42
sS'serious'
p476
I68
sS':))'
p477
I68
sS'coach'
p478
I60
sS':('
p479
I66
sS':)'
p480
I66
sS'dance'
p481
I68
sS'focus'
p482
I68
sS'mile'
p483
I68
sS'bandits'
p484
I68
sS"when's"
p485
I68
sS'contemplating'
p486
I68
sS'edvin'
p487
I68
sS'countdown'
p488
I68
sS'answered'
p489
I68
sS'finally'
p490
I62
sS'promoting'
p491
I68
sS':(((('
p492
I68
sS':o'
p493
I68
sS'stays'
p494
I68
sS'cook'
p495
I68
sS'word'
p496
I66
sS'minute'
p497
I67
sS'cool'
p498
I68
sS'did'
p499
I60
sS'die'
p500
I68
sS'posts'
p501
I68
sS'brother'
p502
I66
sS'leave'
p503
I65
sS'team'
p504
I59
sS'guy'
p505
I63
sS'round'
p506
I68
sS"it'll"
p507
I67
sS'(c4)'
p508
I68
sS'talked'
p509
I68
sS'says'
p510
I65
sS'plummer'
p511
I68
sS'porn'
p512
I68
sS'her.\xe2\x80\xa6'
p513
I68
sS'forensics'
p514
I68
sS'shirts'
p515
I68
sS'run'
p516
I67
sS'bbbbbbbbbbbbbbbbbrrrrrrrrrrrrrrrrriiiiiiiiiiiiiiiiitttttttttttttttttttttttttttttttttnnnnnnnnnnnnnnnnneeeeeeeeeeyyyyyyyyyyyy'
p517
I68
sS'3\xe2\x80\xa6'
p518
I68
sS'goes'
p519
I68
sS'falling'
p520
I67
sS'grandparents'
p521
I68
sS'crippled'
p522
I68
sS'alone'
p523
I67
sS'hsm'
p524
I68
sS'change'
p525
I66
sS'wait'
p526
I63
sS'boy'
p527
I68
sS'yessss'
p528
I68
sS'canoga'
p529
I64
sS'healthy'
p530
I68
sS'shift'
p531
I68
sS'cinnamon'
p532
I68
sS'boo'
p533
I62
sS'weird'
p534
I64
sS'pillow'
p535
I68
sS'love'
p536
I22
sS'hiking'
p537
I68
sS'extra'
p538
I68
sS'flexibility'
p539
I67
sS'banaroo'
p540
I68
sS'fake'
p541
I68
sS'working'
p542
I67
sS'visit'
p543
I67
sS'angela'
p544
I68
sS'intense'
p545
I68
sS'live'
p546
I66
sS'ayy'
p547
I65
sS'iphone'
p548
I67
sS'wondering'
p549
I68
sS'ahhh'
p550
I68
sS'today'
p551
I57
sS'club'
p552
I68
sS'ooh'
p553
I66
sS'everywhere'
p554
I65
sS'nutribullets'
p555
I68
sS'\xe2\x9d\xa4\xef\xb8\x8f\xe2\x9d\xa4\xef\xb8\x8f'
p556
I67
sS'fly'
p557
I68
sS'organizations'
p558
I68
sS'car'
p559
I67
sS'"legal"'
p560
I68
sS'soul'
p561
I68
sS'cat'
p562
I67
sS'purge'
p563
I68
sS'can'
p564
I39
sS'growing'
p565
I68
sS'making'
p566
I67
sS'niggah'
p567
I68
sS'heart'
p568
I64
sS'crazy'
p569
I67
sS'figure'
p570
I67
sS'awesome'
p571
I68
sS"didn't"
p572
I64
sS'fuck'
p573
I62
sS'agent'
p574
I68
sS'lorde'
p575
I68
sS'bffl'
p576
I68
sS'skated'
p577
I68
sS'winter'
p578
I68
sS'afterlife'
p579
I68
sS'watching'
p580
I66
sS'dinner'
p581
I67
sS'1'
p582
I64
sS'till'
p583
I68
sS'sunday'
p584
I66
sS'staying'
p585
I66
sS'spot'
p586
I68
sS'birthday'
p587
I36
sS'date'
p588
I67
sS'such'
p589
I67
sS'suck'
p590
I66
sS'guys'
p591
I54
sS'grow'
p592
I65
sS'man'
p593
I65
sS'stress'
p594
I67
sS'remember'
p595
I63
sS'whenever'
p596
I66
sS'maybe'
p597
I67
sS'so'
p598
I19
sS'pulled'
p599
I67
sS'talk'
p600
I63
sS'cute'
p601
I59
sS'zelzah'
p602
I68
sS'years'
p603
I65
sS'arm'
p604
I68
sS'course'
p605
I68
sS'kanye'
p606
I66
sS'cold'
p607
I68
sS'still'
p608
I37
sS'apes'
p609
I68
sS'police'
p610
I68
sS'thank'
p611
I55
sS"he's"
p612
I59
sS'cheerleaders'
p613
I65
sS'amazing'
p614
I67
sS'coaching'
p615
I66
sS'listing'
p616
I68
sS'tweets'
p617
I66
sS'mail'
p618
I68
sS'into'
p619
I64
sS'happened'
p620
I67
sS'non'
p621
I68
sS'noo'
p622
I68
sS'moms'
p623
I68
sS'killer'
p624
I67
sS'lunch'
p625
I67
sS'kkk'
p626
I68
sS'half'
p627
I68
sS'not'
p628
I35
sS'now'
p629
I49
sS'bullshit'
p630
I68
sS'name'
p631
I65
sS'sophomore'
p632
I67
sS'january'
p633
I68
sS'drop'
p634
I65
sS'tera'
p635
I68
sS'nodding'
p636
I68
sS'stahp'
p637
I68
sS'square'
p638
I68
sS'eh'
p639
I68
sS'ed'
p640
I68
sS'ft'
p641
I68
sS'yeah'
p642
I58
sS'ex'
p643
I68
sS'year'
p644
I55
sS'okay'
p645
I53
sS'girl'
p646
I43
sS'3rd'
p647
I66
sS'looking'
p648
I58
sS'mess'
p649
I68
sS'seriously'
p650
I54
sS"shouldn't"
p651
I68
sS'correct'
p652
I68
sS'attended'
p653
I68
sS'cars'
p654
I68
sS"karla's"
p655
I68
sS'flyer'
p656
I67
sS'grandma'
p657
I68
sS'orc'
p658
I68
sS'card'
p659
I68
sS'care'
p660
I62
sS'yup'
p661
I67
sS'melly'
p662
I60
sS'honest'
p663
I68
sS'thing'
p664
I64
sS'place'
p665
I67
sS'view'
p666
I67
sS'yess'
p667
I66
sS'think'
p668
I61
sS'first'
p669
I61
sS'saving'
p670
I67
sS'xo'
p671
I68
sS'clause'
p672
I68
sS'rachel'
p673
I67
sS"girlfriend's"
p674
I68
sS'zac'
p675
I67
sS'xd'
p676
I68
sS'one'
p677
I40
sS'long'
p678
I59
sS'vote'
p679
I68
sS'open'
p680
I64
sS'tomorrow'
p681
I40
sS'city'
p682
I68
sS'little'
p683
I57
sS'bite'
p684
I68
sS'slept'
p685
I67
sS'anyone'
p686
I65
sS'2'
p687
I61
sS'tell'
p688
I63
sS'white'
p689
I63
sS'thought..eh'
p690
I68
sS'friend'
p691
I63
sS'that'
p692
I21
sS'season'
p693
I65
sS'hun'
p694
I60
sS'bruh'
p695
I67
sS'eyed'
p696
I68
sS'butt'
p697
I67
sS'than'
p698
I56
sS'boyfriend'
p699
I68
sS'11'
p700
I67
sS'10'
p701
I67
sS'12'
p702
I66
sS'15'
p703
I66
sS'14'
p704
I68
sS'16'
p705
I63
sS'18'
p706
I68
sS'gotta'
p707
I65
sS'non-stop'
p708
I68
sS'r'
p709
I68
sS'were'
p710
I64
sS'college'
p711
I67
sS'and'
p712
I8
sS'san'
p713
I68
sS'angel'
p714
I68
sS'anc'
p715
I68
sS'hoes'
p716
I64
sS'sad'
p717
I66
sS'say'
p718
I60
sS'adele'
p719
I66
sS'saw'
p720
I65
sS'any'
p721
I68
sS'squad'
p722
I68
sS'take'
p723
I60
sS'performance'
p724
I68
sS'"tbt"'
p725
I68
sS'begin'
p726
I68
sS'sure'
p727
I64
sS'pain'
p728
I68
sS'normal'
p729
I67
sS'knew'
p730
I65
sS'falls'
p731
I68
sS'knee'
p732
I68
sS'fck'
p733
I68
sS'queens'
p734
I68
sS'michelle'
p735
I68
sS'especially'
p736
I67
sS'surprising'
p737
I68
sS'later'
p738
I68
sS'hungry'
p739
I67
sS'walking'
p740
I68
sS'shot'
p741
I68
sS'\xe2\x9c\xa8'
p742
I65
sS'pinkman'
p743
I68
sS'curled'
p744
I68
sS'slow'
p745
I66
sS'\xe2\x9c\x8a'
p746
I67
sS'3'
p747
I62
sS'crime'
p748
I68
sS'winged'
p749
I68
sS'only'
p750
I57
sS'going'
p751
I34
sS'posted'
p752
I67
sS'bridge'
p753
I68
sS'get'
p754
I35
sS'goodluck'
p755
I67
sS'expectation'
p756
I68
sS'truly'
p757
I68
sS'negative'
p758
I68
sS'pimp'
p759
I68
sS'borrow'
p760
I68
sS'morning'
p761
I62
sS'stupid'
p762
I67
sS'clowns'
p763
I68
sS'miley'
p764
I68
sS'where'
p765
I61
sS'husband'
p766
I68
sS"y'all"
p767
I67
sS'notice'
p768
I68
sS"hasn't"
p769
I68
sS'asleep'
p770
I68
sS'parking'
p771
I68
sS'stalking'
p772
I68
sS'(like'
p773
I68
sS'wonder'
p774
I67
sS'camping'
p775
I68
sS'jumped'
p776
I68
sS'commitments'
p777
I68
sS'label'
p778
I68
sS'enough'
p779
I66
sS'between'
p780
I68
sS'it'
p781
I13
sS'enjoys'
p782
I67
sS'reading'
p783
I67
sS"brianna's"
p784
I68
sS'tania'
p785
I68
sS'jobs'
p786
I67
sS'*ethier'
p787
I68
sS'killing'
p788
I67
sS'blame'
p789
I68
sS'jk'
p790
I67
sS'come'
p791
I45
sS'mans'
p792
I68
sS'many'
p793
I66
sS'(founder'
p794
I68
sS'disappointment'
p795
I68
sS"can't"
p796
I50
sS'merry'
p797
I68
sS'effron'
p798
I68
sS'jeans'
p799
I67
sS'period'
p800
I64
sS'kiara'
p801
I68
sS'60'
p802
I68
sS'twin'
p803
I68
sS"couldn't"
p804
I68
sS'nicole'
p805
I67
sS'stretch'
p806
I68
sS'scandalous'
p807
I68
sS'rhyrhy'
p808
I68
sS'wowzerz'
p809
I68
sS'wants'
p810
I67
sS'shopping'
p811
I68
sS'wake'
p812
I66
sS'spirit'
p813
I68
sS'those'
p814
I63
sS'case'
p815
I68
sS'myself'
p816
I62
sS'these'
p817
I59
sS'straighten'
p818
I68
sS'jeanet'
p819
I63
sS'50x'
p820
I68
sS'invited'
p821
I68
sS'alcoholic'
p822
I68
sS'coffee'
p823
I68
sS'sleeping'
p824
I65
sS'middle'
p825
I67
sS'someone'
p826
I56
sS'punched'
p827
I68
sS'everyday'
p828
I65
sS'worry'
p829
I68
sS'different'
p830
I67
sS'harsh'
p831
I68
sS'pay'
p832
I68
sS'bowl'
p833
I68
sS'same'
p834
I54
sS'shifts'
p835
I68
sS'boyfriends:court'
p836
I68
sS'bows'
p837
I68
sS'followers'
p838
I68
sS'meee\xe2\x98\xba\xef\xb8\x8f'
p839
I68
sS'retweeting'
p840
I68
sS'week'
p841
I59
sS'rhylan'
p842
I65
sS'finish'
p843
I66
sS'sickness'
p844
I67
sS'running'
p845
I66
sS'totally'
p846
I67
sS'\xe2\x9c\x8c\xef\xb8\x8f'
p847
I67
sS'magical'
p848
I68
sS'without'
p849
I67
sS'comes'
p850
I65
sS'bottle'
p851
I68
sS'very'
p852
I68
sS'grumpy'
p853
I68
sS'summer'
p854
I66
sS'they'
p855
I58
sS'being'
p856
I62
sS'money'
p857
I68
sS'rest'
p858
I68
sS'kill'
p859
I66
sS'death'
p860
I67
sS'thinking'
p861
I65
sS"we've"
p862
I67
sS"everyone's"
p863
I68
sS'4'
p864
I64
sS'chilllll'
p865
I68
sS'real'
p866
I65
sS'duhh'
p867
I66
sS'gonna'
p868
I40
sS'early'
p869
I65
sS'mom'
p870
I51
sS'world'
p871
I65
sS'blankets'
p872
I68
sS'rear'
p873
I68
sS'benefit'
p874
I68
sS'laughing'
p875
I66
sS'britt'
p876
I57
sS'whaaaaat'
p877
I68
sS'thinks'
p878
I68
sS'yesss'
p879
I68
sS'whooo'
p880
I68
sS'outs'
p881
I68
sS'tho.\xe2\x80\x9d'
p882
I68
sS'noon'
p883
I68
sS'moon'
p884
I67
sS'dies'
p885
I68
sS'welcome'
p886
I67
sS'power'
p887
I68
sS'internship'
p888
I68
sS'nails'
p889
I68
sS'broken'
p890
I68
sS'throwback'
p891
I68
sS'throw'
p892
I65
sS'earlier'
p893
I67
sS'on'
p894
I24
sS'ok'
p895
I68
sS'oh'
p896
I60
sS'of'
p897
I14
sS'oc'
p898
I66
sS'brittany'
p899
I55
sS'bone'
p900
I68
sS'leadrizzle'
p901
I68
sS'bond'
p902
I67
sS'jamelle'
p903
I66
sS'road'
p904
I68
sS'snapchat'
p905
I68
sS'taft'
p906
I68
sS'parties'
p907
I68
sS'your'
p908
I32
sS'stare'
p909
I68
sS'her'
p910
I37
sS'there'
p911
I56
sS'rochelle'
p912
I65
sS'lol'
p913
I28
sS'ass"'
p914
I68
sS'start'
p915
I63
sS'low'
p916
I67
sS'marilu'
p917
I68
sS'4:30'
p918
I68
sS'valley'
p919
I68
sS'chats'
p920
I68
sS'jones'
p921
I68
sS'complete'
p922
I68
sS'keira'
p923
I66
sS'jut'
p924
I68
sS'trying'
p925
I60
sS'with'
p926
I18
sS'buying'
p927
I66
sS'faster'
p928
I67
sS"they're"
p929
I64
sS'applying'
p930
I68
sS"wasn't"
p931
I67
sS'lesson.."'
p932
I68
sS'mary'
p933
I68
sS'trips'
p934
I68
sS'darker'
p935
I68
sS'gone'
p936
I65
sS'af'
p937
I67
sS'ah'
p938
I66
sS'forgot'
p939
I67
sS'am'
p940
I57
sS'an'
p941
I63
sS'ap'
p942
I64
sS'as'
p943
I53
sS'at'
p944
I25
sS'musssttt'
p945
I68
sS'film'
p946
I68
sS'again'
p947
I67
sS'drivers'
p948
I67
sS'storage'
p949
I68
sS'graduate'
p950
I68
sS'tight'
p951
I67
sS'5'
p952
I65
sS'you'
p953
I5
sS'"yes'
p954
I68
sS'karma'
p955
I68
sS'poor'
p956
I68
sS'hey'
p957
I67
sS'important'
p958
I68
sS'bullets'
p959
I67
sS"she's"
p960
I63
sS'chris'
p961
I64
sS'supercave'
p962
I68
sS'pool..."'
p963
I68
sS'wifi'
p964
I68
sS'exhausting'
p965
I68
sS'u'
p966
I67
sS'alright'
p967
I68
sS'once'
p968
I67
sS'starting'
p969
I65
sS'all'
p970
I32
sS'forget'
p971
I65
sS'month'
p972
I64
sS'messy'
p973
I68
sS'follow'
p974
I67
sS'als'
p975
I67
sS'emily'
p976
I68
sS'hunting'
p977
I68
sS'tu'
p978
I63
sS'thursday'
p979
I67
sS'to'
p980
I3
sS'aaron'
p981
I68
sS'tf'
p982
I64
sS'siblings'
p983
I68
sS'ta'
p984
I68
sS'sound'
p985
I68
sS'worse'
p986
I66
sS'sitting'
p987
I67
sS'far'
p988
I65
sS'horror'
p989
I65
sS'fav'
p990
I67
sS'fat'
p991
I65
sS'worst'
p992
I67
sS'bestie'
p993
I68
sS'fall'
p994
I68
sS'fab'
p995
I67
sS'ticket'
p996
I68
sS'treating'
p997
I68
sS'hooking'
p998
I67
sS'smc'
p999
I68
sS'laying'
p1000
I68
sS'sang'
p1001
I68
sS'dodger'
p1002
I68
sS'20th'
p1003
I68
sS"i'll"
p1004
I42
sS'instagram'
p1005
I67
sS'yasssss'
p1006
I68
sS'past'
p1007
I66
sS'pass'
p1008
I67
sS'ribbon'
p1009
I68
sS'what'
p1010
I41
sS'cutest'
p1011
I68
sS'sun'
p1012
I67
sS'wrecked'
p1013
I68
sS'full'
p1014
I68
sS'christian'
p1015
I68
sS'ma'
p1016
I68
sS'hours'
p1017
I64
sS'strong'
p1018
I68
sS'c\xc3\xa8lfie'
p1019
I68
sS'jackie'
p1020
I67
sS'creepy'
p1021
I68
sS'pics'
p1022
I66
sS'amount'
p1023
I68
sS'pico'
p1024
I68
sS'social'
p1025
I68
sS'action'
p1026
I67
sS"would've"
p1027
I68
sS'luck'
p1028
I66
sS'bar(bae)'
p1029
I68
sS'inspires'
p1030
I68
sS'week.probably'
p1031
I68
sS'disneyland'
p1032
I68
sS'followed'
p1033
I67
sS'family'
p1034
I64
sS'ask'
p1035
I65
sS'semester'
p1036
I68
sS'jazmins'
p1037
I68
sS"sister's"
p1038
I68
sS'gosh'
p1039
I66
sS"brittany's"
p1040
I66
sS'eye'
p1041
I68
sS'takes'
p1042
I68
sS'songs'
p1043
I66
sS'\xe2\x98\x9d\xef\xb8\x8f'
p1044
I68
sS'texting'
p1045
I67
sS'two'
p1046
I65
sS'6'
p1047
I65
sS'shits'
p1048
I68
sS'more'
p1049
I49
sS'pismo'
p1050
I68
sS'excuse'
p1051
I68
sS"ain't"
p1052
I68
sS'basically'
p1053
I68
sS'broke'
p1054
I68
sS'known'
p1055
I68
sS'karaoke'
p1056
I68
sS'glad'
p1057
I68
sS'hour'
p1058
I64
sS'sucks'
p1059
I66
sS'nina'
p1060
I68
sS'learn'
p1061
I68
sS'spontaneous'
p1062
I68
sS'def'
p1063
I67
sS'beautiful'
p1064
I66
sS'embarrassing'
p1065
I66
sS'\xe2\x98\x95\xef\xb8\x8f'
p1066
I68
sS'sense'
p1067
I68
sS'sharp'
p1068
I68
sS'-mom'
p1069
I68
sS'dress'
p1070
I64
sS'hhn'
p1071
I64
sS'biography'
p1072
I68
sS'bogo'
p1073
I68
sS'needs'
p1074
I68
sS'gnarliest'
p1075
I68
sS'awkward'
p1076
I67
sS'rather'
p1077
I68
sS'breaking'
p1078
I66
sS'hugh'
p1079
I68
sS'ayyyyy'
p1080
I68
sS'gtfo'
p1081
I67
sS'plans'
p1082
I67
sS'rude'
p1083
I68
sS'algebra'
p1084
I68
sS'advice'
p1085
I68
sS'sneak'
p1086
I68
sS'coming'
p1087
I65
sS'bloom'
p1088
I68
sS'a'
p1089
I7
sS'loud'
p1090
I68
sS'anytime'
p1091
I67
sS'secs'
p1092
I68
sS'dream'
p1093
I66
sS'playing'
p1094
I68
sS"that's"
p1095
I56
sS'chicks'
p1096
I68
sS'help'
p1097
I67
sS"don't"
p1098
I34
sS'"if'
p1099
I68
sS'nighter'
p1100
I68
sS'sooo'
p1101
I63
sS'soon'
p1102
I54
sS'crip-pled'
p1103
I68
sS'paper'
p1104
I68
sS'through'
p1105
I63
sS'mcdonalds'
p1106
I68
sS'drinking'
p1107
I68
sS'26'
p1108
I68
sS'22'
p1109
I68
sS'pray'
p1110
I68
sS'actually'
p1111
I64
sS'late'
p1112
I66
sS'brittney'
p1113
I68
sS'cutie'
p1114
I68
sS'might'
p1115
I66
sS"haven't"
p1116
I63
sS'fool'
p1117
I68
sS'good'
p1118
I50
sS'food'
p1119
I62
sS'noticing'
p1120
I67
sS'eat'
p1121
I68
sS'starbucks'
p1122
I66
sS'emojis)'
p1123
I68
sS'bigger'
p1124
I68
sS'everytime'
p1125
I67
sS'always'
p1126
I60
sS'found'
p1127
I64
sS'athletics'
p1128
I68
sS"isn't"
p1129
I65
sS'everyone'
p1130
I66
sS'house'
p1131
I61
sS'hard'
p1132
I68
sS'idea'
p1133
I68
sS'hawaii'
p1134
I68
sS'anarchy'
p1135
I68
sS'really'
p1136
I43
sS'lovers'
p1137
I68
sS'alcohol'
p1138
I68
sS'since'
p1139
I61
sS'misses'
p1140
I68
sS'7'
p1141
I66
sS'print'
p1142
I68
sS'darling'
p1143
I68
sS'baeee'
p1144
I68
sS'mvps'
p1145
I67
sS'pathetic'
p1146
I68
sS'friday'
p1147
I62
sS'guess'
p1148
I67
sS'reason'
p1149
I68
sS'conditioning'
p1150
I63
sS'members'
p1151
I68
sS'put'
p1152
I66
sS'beginning'
p1153
I68
sS'definition'
p1154
I68
sS'cheering'
p1155
I68
sS'american'
p1156
I68
sS'july'
p1157
I68
sS'feed'
p1158
I68
sS'dont'
p1159
I67
sS'feel'
p1160
I54
sS'number'
p1161
I67
sS'feet'
p1162
I68
sS'fucked'
p1163
I68
sS'done'
p1164
I56
sS'mcflurry'
p1165
I68
sS'miss'
p1166
I33
sS'regret'
p1167
I68
sS'story'
p1168
I67
sS'tate'
p1169
I68
sS'together'
p1170
I64
sS'5th'
p1171
I68
sS'comfy'
p1172
I68
sS'least'
p1173
I65
sS'assumption'
p1174
I68
sS'essays'
p1175
I67
sS'jem'
p1176
I68
sS'selling'
p1177
I68
sS'relationship'
p1178
I65
sS'behind'
p1179
I66
sS'please\xe2\x80\x9dfeels'
p1180
I68
sS'jamie'
p1181
I67
sS'immediate'
p1182
I68
sS'mmmm'
p1183
I68
sS'dentist'
p1184
I68
sS'part'
p1185
I66
sS'boredom'
p1186
I68
sS"hello's"
p1187
I68
sS'believe'
p1188
I65
sS'stairs'
p1189
I68
sS'king'
p1190
I68
sS'karol'
p1191
I68
sS'legs'
p1192
I68
sS'mahal'
p1193
I68
sS'gotten'
p1194
I68
sS'supposed'
p1195
I68
sS'dang'
p1196
I67
sS'ousted'
p1197
I68
sS'uniforms'
p1198
I68
sS'"sacrificing'
p1199
I68
sS'juice'
p1200
I68
sS'fading'
p1201
I68
sS'nights'
p1202
I64
sS'dancing'
p1203
I68
sS'lil'
p1204
I66
sS'lip'
p1205
I68
sS'sandwiches'
p1206
I68
sS'finding'
p1207
I67
sS'hotel'
p1208
I68
sS'quote'
p1209
I66
sS'english'
p1210
I68
sS'most'
p1211
I61
sS'plan'
p1212
I68
sS'71'
p1213
I68
sS'nothing'
p1214
I65
sS'kay'
p1215
I64
sS'classixx'
p1216
I68
sS'yasiel'
p1217
I68
sS'kk'
p1218
I68
sS'sometimes'
p1219
I66
sS'wore'
p1220
I68
sS'path-'
p1221
I68
sS'ugh'
p1222
I67
sS'gates'
p1223
I68
sS'session'
p1224
I68
sS'leandra'
p1225
I65
sS'stalker'
p1226
I68
sS'fine'
p1227
I68
sS'find'
p1228
I63
sS'reunite'
p1229
I68
sS'nervous'
p1230
I68
sS'19th'
p1231
I68
sS'pretty'
p1232
I48
sS'circle'
p1233
I68
sS'accurate'
p1234
I68
sS"mom's"
p1235
I68
sS'his'
p1236
I63
sS'hit'
p1237
I68
sS'meanwhile'
p1238
I68
sS'famous'
p1239
I67
sS'feels'
p1240
I66
sS'anxiety'
p1241
I68
sS'fastest'
p1242
I68
sS'during'
p1243
I67
sS'workouts'
p1244
I68
sS'him'
p1245
I64
sS'showed'
p1246
I68
sS'cry'
p1247
I68
sS'thots'
p1248
I67
sS'brush'
p1249
I68
sS'mac&cheese'
p1250
I68
sS'sameeeee'
p1251
I68
sS'throwing'
p1252
I68
sS'vine'
p1253
I68
sS'see'
p1254
I27
sS'dumb'
p1255
I68
sS'are'
p1256
I34
sS'close'
p1257
I65
sS'procrastinated'
p1258
I68
sS'horrid'
p1259
I68
sS'visiting'
p1260
I68
sS'pictures'
p1261
I65
sS'wow'
p1262
I63
sS'please'
p1263
I67
sS'won'
p1264
I68
sS'probably'
p1265
I62
sS'nope'
p1266
I67
sS'piss'
p1267
I68
sS'knowing'
p1268
I68
sS'rosie'
p1269
I68
sS'missing'
p1270
I66
sS'outfit'
p1271
I67
sS'pissed'
p1272
I67
sS'both'
p1273
I67
sS'c'
p1274
I68
sS'last'
p1275
I54
sS'license'
p1276
I66
sS'secrets'
p1277
I68
sS'thot'
p1278
I67
sS"wouldn't"
p1279
I67
sS'barely'
p1280
I63
sS'whole'
p1281
I65
sS'sink'
p1282
I68
sS'load'
p1283
I68
sS'guts'
p1284
I68
sS'point'
p1285
I67
sS'sweet'
p1286
I64
sS'acted'
p1287
I68
sS'whatever'
p1288
I67
sS'header'
p1289
I68
sS'sammy'
p1290
I68
sS'duh'
p1291
I67
sS'karla'
p1292
I66
sS'due'
p1293
I68
sS'hitting'
p1294
I68
sS'damn'
p1295
I59
sS'walter'
p1296
I68
sS'vat'
p1297
I68
sS'champion'
p1298
I68
sS'gay'
p1299
I66
sS'ages'
p1300
I68
sS"what's"
p1301
I66
sS'gas'
p1302
I68
sS'else'
p1303
I67
sS'gal'
p1304
I68
sS'understand'
p1305
I68
sS'look'
p1306
I61
sS'fuq'
p1307
I68
sS'straight'
p1308
I68
sS'convo'
p1309
I66
sS'\xe2\xad\x90\xef\xb8\x8f'
p1310
I68
sS'while'
p1311
I60
sS'smart'
p1312
I68
sS'fun'
p1313
I64
sS'sriracha'
p1314
I68
sS'coldies'
p1315
I68
sS'<3'
p1316
I67
sS'ready'
p1317
I63
sS'around'
p1318
I63
sS'funny'
p1319
I65
sS'shirt'
p1320
I66
sS'anymore'
p1321
I65
sS'0'
p1322
I68
sS'puig'
p1323
I68
sS'troys'
p1324
I68
sS'9'
p1325
I67
sS'used'
p1326
I65
sS'assignment'
p1327
I67
sS'yesterday'
p1328
I67
sS'moment'
p1329
I66
sS'cardigan'
p1330
I68
sS'amy'
p1331
I68
sS'15.2'
p1332
I68
sS'older'
p1333
I66
sS"dad's"
p1334
I68
sS'anybody'
p1335
I68
sS'obviously'
p1336
I68
sS'person'
p1337
I56
sS'cheer'
p1338
I49
sS'spend'
p1339
I68
sS'prevention'
p1340
I68
sS'!!!!!\xe2\x80\x9d'
p1341
I68
sS'cocky'
p1342
I68
sS'using'
p1343
I68
sS'procrastinating'
p1344
I68
sS'letting'
p1345
I68
sS'cup'
p1346
I68
sS'lady'
p1347
I66
sS'shortcut'
p1348
I68
sS'snap'
p1349
I68
sS'excited'
p1350
I61
sS'surprised'
p1351
I68
sS'big'
p1352
I68
sS'couple'
p1353
I67
sS'albino'
p1354
I68
sS'game'
p1355
I56
sS'wings'
p1356
I68
sS'fault'
p1357
I68
sS'fucking'
p1358
I59
sS'spring'
p1359
I68
sS'yolo'
p1360
I68
sS'some'
p1361
I60
sS'back'
p1362
I52
sS'understood'
p1363
I67
sS'candy'
p1364
I68
sS'mirror'
p1365
I66
sS'apush'
p1366
I68
sS'decision'
p1367
I68
sS'competitions'
p1368
I68
sS'prom'
p1369
I68
sS'bruhhh'
p1370
I68
sS'be'
p1371
I16
sS'bf'
p1372
I68
sS'eating'
p1373
I67
sS'crispies'
p1374
I68
sS'lose'
p1375
I65
sS'laker'
p1376
I68
sS'withdrawals'
p1377
I68
sS'santa'
p1378
I67
sS'2:40'
p1379
I68
sS'by'
p1380
I58
sS'anything'
p1381
I63
sS'netflix'
p1382
I67
sS'graduation'
p1383
I68
sS'idk'
p1384
I60
sS'bish'
p1385
I68
sS'nuys'
p1386
I67
sS'wanna'
p1387
I60
sS'block'
p1388
I68
sS'seeing'
p1389
I64
sS'\xe2\x9b\x84\xef\xb8\x8f'
p1390
I68
sS'dude'
p1391
I67
sS'mommy'
p1392
I67
sS'martinez'
p1393
I68
sS'momma'
p1394
I67
sS'ush'
p1395
I68
sS'lebron'
p1396
I68
sS'girlfriend"'
p1397
I68
sS'(fabulous)'
p1398
I68
sS'fast'
p1399
I67
sS'syllabus'
p1400
I68
sS"we're"
p1401
I66
sS'homemade'
p1402
I68
sS"canoga's"
p1403
I68
sS'forward'
p1404
I67
sS'maria'
p1405
I68
sS'lexi'
p1406
I67
sS't-shirt'
p1407
I68
sS'boys'
p1408
I67
sS'familia'
p1409
I68
sS'line'
p1410
I68
sS'junior'
p1411
I67
sS'\xe2\x99\xa1'
p1412
I67
sS'tumblr'
p1413
I68
sS'caller'
p1414
I68
sS'up'
p1415
I29
sS'us'
p1416
I65
sS'ur'
p1417
I68
sS'uh'
p1418
I68
sS'mature'
p1419
I68
sS'called'
p1420
I67
sS'storing'
p1421
I68
sS'ordered'
p1422
I68
sS'single'
p1423
I68
sS'rainy'
p1424
I68
sS'tita'
p1425
I68
sS'nah'
p1426
I68
sS'peace'
p1427
I68
sS'nap'
p1428
I66
sS'nice'
p1429
I66
sS'facetiming'
p1430
I68
sS'prepared'
p1431
I68
sS'bonding'
p1432
I68
sS'fisher'
p1433
I68
sS'structure'
p1434
I68
sS'ago'
p1435
I68
sS'remix'
p1436
I68
sS'age'
p1437
I67
sS'2007'
p1438
I68
sS'fresh'
p1439
I68
sS'having'
p1440
I62
sS'have\xe2\x80\xa6'
p1441
I68
sS'essay'
p1442
I64
sS'steve'
p1443
I68
sS'go'
p1444
I26
sS'fiercest'
p1445
I68
sS'young'
p1446
I68
sS'bruhh'
p1447
I68
sS'queen'
p1448
I68
sS'chinchilla'
p1449
I68
sS'outside'
p1450
I68
sS'jinxed'
p1451
I68
sS'kitty'
p1452
I68
sS'wishes'
p1453
I68
sS'putting'
p1454
I68
sS'telling'
p1455
I65
sS'decorating'
p1456
I68
sS'magic'
p1457
I67
sS'notes'
p1458
I67
sS'shock'
p1459
I68
sS"they've"
p1460
I68
sS'try'
p1461
I61
sS'meee'
p1462
I68
sS'relation'
p1463
I68
sS'ride'
p1464
I64
sS"you'd"
p1465
I68
sS'wrestling'
p1466
I68
sS'(blue'
p1467
I68
sS'business'
p1468
I68
sS'giving'
p1469
I68
sS'piper'
p1470
I67
sS'sweaty'
p1471
I68
sS'waiting'
p1472
I62
sS'bird'
p1473
I68
sS'body'
p1474
I68
sS'led'
p1475
I68
sS'chose'
p1476
I68
sS'leg'
p1477
I68
sS'let'
p1478
I63
sS'healing'
p1479
I68
sS'britt-nayyyy'
p1480
I68
sS'great'
p1481
I63
sS'30'
p1482
I68
sS'34'
p1483
I67
sS'makes'
p1484
I66
sS'apple'
p1485
I68
sS'win'
p1486
I66
sS'manny'
p1487
I68
sS'cheerleader'
p1488
I68
sS'gibbys'
p1489
I68
sS"kiara's"
p1490
I67
sS'confidence'
p1491
I68
sS'from'
p1492
I48
sS'&'
p1493
I55
sS'next'
p1494
I59
sS'procrastinate'
p1495
I68
sS'scariest'
p1496
I68
sS'popped'
p1497
I67
sS'babe'
p1498
I63
sS'started'
p1499
I67
sS'impress'
p1500
I68
sS'sister'
p1501
I62
sS'confused'
p1502
I68
sS'sore'
p1503
I68
sS'rabbit'
p1504
I68
sS'baby'
p1505
I63
sS'salad'
p1506
I68
sS'f'
p1507
I68
sS'this'
p1508
I17
sS'challenge'
p1509
I66
sS'mommah'
p1510
I66
sS'meet'
p1511
I66
sS'kenny'
p1512
I68
sS'monica'
p1513
I68
sS'favorite'
p1514
I66
sS'halloween'
p1515
I67
sS'high'
p1516
I67
sS'pulling'
p1517
I68
sS'something'
p1518
I64
sS'slip'
p1519
I68
sS'tan'
p1520
I67
sS'sis'
p1521
I68
sS'lame'
p1522
I65
sS'bilingual'
p1523
I68
sS'instead'
p1524
I67
sS'mccoy'
p1525
I68
sS'gallo'
p1526
I68
sS'stop'
p1527
I65
sS'wallpaper'
p1528
I68
sS'yasss'
p1529
I64
sS'babysat'
p1530
I68
sS'lovvvvveee'
p1531
I68
sS'stars'
p1532
I68
sS'tomato'
p1533
I68
sS'lines'
p1534
I68
sS'or'
p1535
I53
sS'honestly'
p1536
I56
sS"rice's"
p1537
I68
sS'preparing'
p1538
I68
sS'12:30pm'
p1539
I68
sS'beauties'
p1540
I68
sS'baddie'
p1541
I68
sS'move'
p1542
I68
sS'dearest'
p1543
I68
sS"won't"
p1544
I67
sS'costume'
p1545
I68
sS'3-18'
p1546
I68
sS'perfect'
p1547
I65
sS'write'
p1548
I68
sS'le'
p1549
I68
sS'la'
p1550
I68
sS'5-8am'
p1551
I68
sS'rubio'
p1552
I68
sS'choose'
p1553
I67
sS'2014'
p1554
I67
sS'dad'
p1555
I63
sS'auto'
p1556
I68
sS'practice'
p1557
I54
sS'dah'
p1558
I68
sS'kiss'
p1559
I68
sS'hands'
p1560
I68
sS'front'
p1561
I68
sS'day'
p1562
I47
sS'slide'
p1563
I67
sS'truth'
p1564
I67
sS"ya'll"
p1565
I68
sS"tommy's"
p1566
I68
sS'doing'
p1567
I57
sS'books'
p1568
I67
sS'lololololol'
p1569
I68
sS'our'
p1570
I64
sS'special'
p1571
I66
sS'out'
p1572
I44
sS'ricky'
p1573
I68
sS'vcr'
p1574
I68
sS'fran'
p1575
I68
sS'cause'
p1576
I68
sS'red'
p1577
I68
sS"one's"
p1578
I68
sS'siiiiii'
p1579
I68
sS'bww'
p1580
I68
sS'whisper(whiskey)'
p1581
I68
sS'okkk'
p1582
I68
sS'craving'
p1583
I68
sS'scary'
p1584
I68
sS'drowning'
p1585
I68
sS'could'
p1586
I68
sS'times'
p1587
I68
sS'grieving'
p1588
I68
sS'soothing'
p1589
I68
sS'floral'
p1590
I68
sS'bitch'
p1591
I65
sS'have*'
p1592
I68
sS'kidding'
p1593
I68
sS'shmanksss'
p1594
I68
sS"doesn't"
p1595
I65
sS'sadly'
p1596
I68
sS'laps'
p1597
I68
sS'fuckers'
p1598
I68
sS'their'
p1599
I64
sS'lot'
p1600
I66
sS'exactly'
p1601
I66
sS'boobie'
p1602
I68
sS'herself'
p1603
I68
sS'gotchu'
p1604
I68
sS'waist'
p1605
I68
sS'loved'
p1606
I68
sS'bother'
p1607
I68
sS'bed'
p1608
I64
sS'tommy'
p1609
I68
sS'cravings'
p1610
I68
sS'visited'
p1611
I68
sS'spurs'
p1612
I68
sS'drunk'
p1613
I68
sS'wakes'
p1614
I68
sS"sis'"
p1615
I67
sS'spelled'
p1616
I68
sS'comfortable'
p1617
I68
sS'tonight'
p1618
I65
sS'have'
p1619
I32
sS'need'
p1620
I46
sS'clearly'
p1621
I68
sS'gayyy'
p1622
I68
sS'screw'
p1623
I68
sS'tonight...why'
p1624
I68
sS'dishes'
p1625
I68
sS'mia'
p1626
I68
sS'allergies'
p1627
I68
sS'retweet'
p1628
I68
sS'bagel'
p1629
I68
sS'mix'
p1630
I67
sS'trespassing'
p1631
I68
sS'babes'
p1632
I66
sS'pharmacist'
p1633
I68
sS'coke'
p1634
I68
sS'youuuu'
p1635
I68
sS'karlie'
p1636
I68
sS'unless'
p1637
I67
sS'aww'
p1638
I66
sS'fantastic"'
p1639
I68
sS'who'
p1640
I54
sS"where's"
p1641
I68
sS'awk'
p1642
I67
sS'awh'
p1643
I68
sS'future'
p1644
I68
sS'expired'
p1645
I68
sS'why'
p1646
I52
sS"lil'"
p1647
I68
sS"ian's"
p1648
I68
sS'expert'
p1649
I68
sS'saddest'
p1650
I68
sS'eachother'
p1651
I68
sS'upset'
p1652
I68
sS'thanksgiving'
p1653
I67
sS'face'
p1654
I57
sS'looked'
p1655
I67
sS"you'll"
p1656
I64
sS'movie'
p1657
I65
sS'skinny'
p1658
I68
sS'fact'
p1659
I68
sS'brenda'
p1660
I68
sS'text'
p1661
I66
sS'jazmin'
p1662
I68
sS'bring'
p1663
I66
sS'seeee'
p1664
I68
sS'costco'
p1665
I68
sS'based'
p1666
I68
sS'('
p1667
I65
sS'should'
p1668
I49
sS'team-'
p1669
I68
sS'sista'
p1670
I68
sS'hope'
p1671
I63
sS'meant'
p1672
I67
sS'means'
p1673
I68
sS'hopefully'
p1674
I67
sS'lucky'
p1675
I67
sS'sipping'
p1676
I68
sS'awww'
p1677
I68
sS'ones'
p1678
I68
sS'words'
p1679
I68
sS'ghetto'
p1680
I68
sS'lali'
p1681
I65
sS'handspring'
p1682
I68
sS'stuff'
p1683
I67
sS'she'
p1684
I45
sS'yassss'
p1685
I68
sS'looks'
p1686
I59
sS'btw'
p1687
I68
sS"lauren's"
p1688
I68
sS'closer'
p1689
I68
sS'luv'
p1690
I68
sS'tend'
p1691
I67
sS'yass'
p1692
I66
sS'dodgers'
p1693
I68
sS'email'
p1694
I68
sS'hefner'
p1695
I68
sS'opening'
p1696
I66
sS'court'
p1697
I68
sS'liddells'
p1698
I68
sS'kicking'
p1699
I68
sS'job'
p1700
I65
sS'key'
p1701
I68
sS'problem'
p1702
I68
sS'jon'
p1703
I67
sS'titties'
p1704
I68
sS'joke'
p1705
I68
sS'taking'
p1706
I66
sS'playboy)'
p1707
I68
sS'admit'
p1708
I68
sS'comment'
p1709
I68
sS'toilet'
p1710
I68
sS'wall'
p1711
I67
sS'tuesday'
p1712
I68
sS'laugh'
p1713
I68
sS'cousin'
p1714
I65
sS'trays'
p1715
I68
sS'yay'
p1716
I66
sS"it's"
p1717
I26
sS'thottie'
p1718
I68
sS'yah'
p1719
I65
sS'bby'
p1720
I67
sS'chatsworth'
p1721
I68
sS'hmm'
p1722
I68
sS'finished'
p1723
I66
sS'ravens'
p1724
I68
sS'volunteer'
p1725
I68
sS'yuuuup'
p1726
I68
sS'\xe2\x98\x80\xef\xb8\x8f\xe2\x98\x80\xef\xb8\x8f\xe2\x98\x80\xef\xb8\x8f'
p1727
I68
sS'duhhh'
p1728
I68
sS'will'
p1729
I52
sS'hahaha'
p1730
I65
sS"them's"
p1731
I68
sS'almost'
p1732
I65
sS'evelyn'
p1733
I68
sS'vs'
p1734
I68
sS'avi'
p1735
I68
sS'swinging'
p1736
I68
sS'thug'
p1737
I68
sS'partner'
p1738
I68
sS'craazzyy'
p1739
I68
sS'mother-daughter'
p1740
I68
sS'coc'
p1741
I68
sS'campus'
p1742
I68
sS'member'
p1743
I68
sS'when'
p1744
I41
sS'tumbling'
p1745
I66
sS'tumbler'
p1746
I68
sS'party'
p1747
I59
sS'gets'
p1748
I66
sS'gibby'
p1749
I67
sS'dentistttt'
p1750
I68
sS'pho'
p1751
I68
sS'emotionally'
p1752
I68
sS'beast'
p1753
I68
sS'coaches'
p1754
I66
sS'student'
p1755
I68
sS'sisters'
p1756
I68
sS'tighter'
p1757
I67
sS'retard'
p1758
I68
sS'off'
p1759
I61
sS'i'
p1760
I2
sS'well'
p1761
I55
sS'thought'
p1762
I65
sS'sets'
p1763
I68
sS'position'
p1764
I68
sS'usual'
p1765
I68
sS'less'
p1766
I68
sS"should've"
p1767
I66
sS'gun'
p1768
I67
sS'paul'
p1769
I67
sS'ads'
p1770
I68
sS'drive'
p1771
I68
sS'sky'
p1772
I68
sS'realize'
p1773
I64
sS'other'
p1774
I61
sS'bessttaaaayyy'
p1775
I68
sS'homework'
p1776
I65
sS"who's"
p1777
I63
sS'crushed'
p1778
I68
sS'5am'
p1779
I68
sS'know'
p1780
I31
sS'like'
p1781
I23
sS'lost'
p1782
I68
sS'loser'
p1783
I67
sS'james'
p1784
I68
sS'works'
p1785
I68
sS'virginity'
p1786
I68
sS'because'
p1787
I50
sS'tumble'
p1788
I68
sS'scared'
p1789
I66
sS'library'
p1790
I67
sS'hair'
p1791
I62
sS'debating'
p1792
I68
sS'home'
p1793
I52
sS'jlo'
p1794
I68
sS'scares'
p1795
I68
sS'happens'
p1796
I67
sS"chris's"
p1797
I67
sS'literally'
p1798
I68
sS'mines'
p1799
I68
sS'does'
p1800
I67
sS'estie'
p1801
I67
sS'sheriffs'
p1802
I68
sS':-('
p1803
I68
sS':-)'
p1804
I67
sS'actual'
p1805
I68
sS'asks'
p1806
I68
sS'getting'
p1807
I61
sS'freedom'
p1808
I68
sS'perks'
p1809
I68
sS'swear'
p1810
I63
sS'wedgie'
p1811
I68
sS'swimming'
p1812
I67
sS'own'
p1813
I68
sS'letters'
p1814
I68
sS'weather'
p1815
I68
sS'tiny'
p1816
I68
sS'cyrus'
p1817
I68
sS'van'
p1818
I67
sS'bad..but'
p1819
I68
sS'transfer'
p1820
I68
sS'beer'
p1821
I68
sS'noticed'
p1822
I68
sS'inner'
p1823
I68
sS'backhand'
p1824
I68
sS'function'
p1825
I68
sS"i've"
p1826
I58
sS'bus'
p1827
I68
sS'hp'
p1828
I68
sS'bitches'
p1829
I68
sS'hw'
p1830
I63
sS'but'
p1831
I36
sS'hi'
p1832
I67
sS'bun'
p1833
I68
sS'goals'
p1834
I66
sS'hudgens'
p1835
I68
sS'he'
p1836
I50
sS'made'
p1837
I58
sS'calls'
p1838
I68
sS'wish'
p1839
I64
sS'official'
p1840
I68
sS'converted'
p1841
I68
sS'cake'
p1842
I67
sS'nominations'
p1843
I68
sS'legend-'
p1844
I68
sS'minutes'
p1845
I64
sS'skating'
p1846
I68
sS'3-4'
p1847
I68
sS'jenny'
p1848
I67
sS'whoah'
p1849
I68
sS'upsets'
p1850
I68
sS'pig'
p1851
I68
sS'shooting'
p1852
I68
sS'happen'
p1853
I66
sS'jesse'
p1854
I68
sS'dressed'
p1855
I68
sS'oak'
p1856
I68
sS'43'
p1857
I68
sS'40'
p1858
I68
sS'lately'
p1859
I68
sS'book'
p1860
I66
sS'compares'
p1861
I68
sS'sick'
p1862
I67
sS'allstars'
p1863
I68
sS'youone'
p1864
I68
sS'monday'
p1865
I68
sS'carlitos'
p1866
I68
sS'class'
p1867
I68
sS'stay'
p1868
I62
sS'kinda'
p1869
I68
sS'friends'
p1870
I61
sS'awake'
p1871
I68
s.