(dp0
S''
p1
I2
sS'raining'
p2
I72
sS'.kb'
p3
I72
sS'05:14:22.0,34.2398828,-118.4360999,1194,still'
p4
I72
sS'limited'
p5
I72
sS'tooooooooouchdown'
p6
I72
sS'outlining'
p7
I72
sS'blisters'
p8
I72
sS'yikes'
p9
I72
sS'gag'
p10
I72
sS'sleep'
p11
I65
sS'hanging'
p12
I72
sS'niiiiiiiegga'
p13
I72
sS'hate'
p14
I57
sS'-_____________-'
p15
I72
sS'stinks'
p16
I72
sS'swag'
p17
I71
sS'porno'
p18
I72
sS'tweet'
p19
I70
sS'cussed'
p20
I72
sS'sweetest'
p21
I72
sS'otra'
p22
I72
sS'presents'
p23
I72
sS'"alright"'
p24
I72
sS'voted'
p25
I72
sS'under'
p26
I71
sS'lord'
p27
I72
sS'sorry'
p28
I70
sS'regrets'
p29
I69
sS'callin'
p30
I72
sS'65year-old'
p31
I72
sS'fred=shit'
p32
I72
sS'muthafuckin'
p33
I72
sS'tamborazo'
p34
I72
sS'smack'
p35
I72
sS'gracias'
p36
I72
sS'every'
p37
I57
sS'jack'
p38
I71
sS'damnone'
p39
I72
sS'screaming'
p40
I71
sS'nahputos'
p41
I72
sS'tickets'
p42
I72
sS'mw2'
p43
I72
sS'school'
p44
I58
sS'ayyyyeeee'
p45
I72
sS'loneliness'
p46
I72
sS'wednesday'
p47
I70
sS'samurai'
p48
I72
sS'oooh'
p49
I72
sS'ups'
p50
I72
sS'winded'
p51
I72
sS'force'
p52
I69
sS'tired'
p53
I72
sS'nigg'
p54
I72
sS'philomena'
p55
I72
sS'second'
p56
I69
sS'street'
p57
I71
sS'safe'
p58
I72
sS'shining'
p59
I72
sS'even'
p60
I53
sS'ugly'
p61
I71
sS'startsja'
p62
I72
sS'cooking'
p63
I71
sS'revolves'
p64
I72
sS'fingers'
p65
I72
sS'lmaosecond'
p66
I72
sS'beater'
p67
I72
sS'new'
p68
I66
sS'smokeable'
p69
I72
sS'ever'
p70
I57
sS'told'
p71
I66
sS'sevens'
p72
I72
sS'kicked'
p73
I70
sS'pancakes'
p74
I72
sS'never'
p75
I47
sS'jasmine'
p76
I70
sS'richest'
p77
I72
sS'here'
p78
I60
sS'met'
p79
I69
sS'pursuit'
p80
I72
sS'path'
p81
I72
sS'100'
p82
I72
sS'dry'
p83
I71
sS'luther'
p84
I72
sS'kids'
p85
I69
sS'daughter'
p86
I72
sS'study'
p87
I71
sS'changed'
p88
I72
sS'widdit'
p89
I71
sS'imma'
p90
I72
sS"i'd"
p91
I70
sS'smoke'
p92
I63
sS'stressed'
p93
I71
sS'amargura'
p94
I72
sS"i'm"
p95
I15
sS"someone's"
p96
I72
sS'shadowboxing'
p97
I72
sS'rebel'
p98
I72
sS'eyebrows'
p99
I72
sS'golden'
p100
I72
sS'wassup'
p101
I72
sS'mota'
p102
I72
sS'straw'
p103
I72
sS'julie'
p104
I72
sS'feelings'
p105
I72
sS'bro'
p106
I65
sS'hahahahah'
p107
I72
sS'insta'
p108
I72
sS'stern'
p109
I72
sS'hahahahaa'
p110
I72
sS'preffer'
p111
I72
sS'bra'
p112
I72
sS'cuprage'
p113
I72
sS'rancho'
p114
I70
sS'would'
p115
I57
sS'hospital'
p116
I72
sS'mexico'
p117
I66
sS'arms'
p118
I72
sS'cali'
p119
I72
sS'call'
p120
I66
sS'nate'
p121
I72
sS'type'
p122
I71
sS'tell'
p123
I61
sS'females'
p124
I72
sS'posting'
p125
I72
sS'lungs'
p126
I72
sS'sabes'
p127
I72
sS'oscar'
p128
I72
sS'haha'
p129
I63
sS'wars'
p130
I72
sS'hurt'
p131
I71
sS'phone'
p132
I64
sS'adult'
p133
I72
sS'tying'
p134
I72
sS'07:26:50.0,34.237034,-118.4336336,1194,got'
p135
I72
sS'hold'
p136
I71
sS'freerunsshits'
p137
I72
sS'must'
p138
I72
sS'shoot'
p139
I72
sS'enjoying'
p140
I72
sS'word'
p141
I70
sS'room'
p142
I67
sS'player'
p143
I70
sS'mo'
p144
I72
sS'work'
p145
I60
sS'mi'
p146
I71
sS'worth'
p147
I72
sS'movies'
p148
I72
sS'vow'
p149
I72
sS'right?!lmao,91331\n501073447179784194,esparocks94,2014-08-17'
p150
I72
sS'tagalog'
p151
I72
sS'westbrook'
p152
I72
sS'im'
p153
I52
sS'my'
p154
I7
sS'shook'
p155
I72
sS'give'
p156
I64
sS'flung'
p157
I72
sS'india'
p158
I72
sS'stressing'
p159
I72
sS',91331\n496329456815210496,esparocks94,2014-08-04'
p160
I72
sS'motivated'
p161
I72
sS'homie'
p162
I70
sS'want'
p163
I45
sS'keep'
p164
I62
sS'hof'
p165
I72
sS'hoe'
p166
I72
sS'end'
p167
I69
sS'thing'
p168
I62
sS'"tip'
p169
I72
sS'travel'
p170
I72
sS'chameleon'
p171
I72
sS'nuts'
p172
I72
sS'how'
p173
I32
sS'hot'
p174
I67
sS'hop'
p175
I72
sS'toxic'
p176
I72
sS'beach'
p177
I72
sS'pizza'
p178
I72
sS'llorona'
p179
I72
sS'beauty'
p180
I70
sS'bday'
p181
I65
sS'after'
p182
I62
sS'loyalty'
p183
I72
sS'lab'
p184
I72
sS'wrong'
p185
I70
sS'lot'
p186
I64
sS'fat'
p187
I72
sS'henessy'
p188
I72
sS'types'
p189
I71
sS'las'
p190
I71
sS'horchata'
p191
I70
sS'23:00:03.0,34.2398458,-118.4360962,1194,no'
p192
I72
sS'wins'
p193
I70
sS'appreciate'
p194
I71
sS'harley'
p195
I72
sS'hasta'
p196
I72
sS'thangs'
p197
I72
sS'ochooooooa'
p198
I72
sS'green'
p199
I69
sS'goodbye'
p200
I72
sS'keeps'
p201
I71
sS'worst'
p202
I72
sS'1000'
p203
I72
sS'wing'
p204
I72
sS'toaster'
p205
I72
sS'office'
p206
I72
sS'defenders'
p207
I72
sS'over'
p208
I58
sS'fam'
p209
I72
sS'foreal'
p210
I70
sS'before'
p211
I61
sS'ima'
p212
I64
sS'(jt)goddamn'
p213
I72
sS'mr.burnettmothafucka'
p214
I72
sS'somewhere'
p215
I72
sS'you"silent'
p216
I72
sS'better'
p217
I55
sS'uncles/aunts'
p218
I72
sS'hahah'
p219
I72
sS'then'
p220
I59
sS'them'
p221
I57
sS'tourist'
p222
I72
sS'workout'
p223
I69
sS'grand'
p224
I72
sS"we'll"
p225
I71
sS'break'
p226
I68
sS'band'
p227
I72
sS'bang'
p228
I68
sS'hiring'
p229
I72
sS'collabs'
p230
I72
sS'they'
p231
I39
sS'plates'
p232
I72
sS'one'
p233
I31
sS'puttin'
p234
I72
sS'bank'
p235
I72
sS'alma'
p236
I72
sS"grey's"
p237
I72
sS'netherlands'
p238
I72
sS'grammar'
p239
I72
sS'meat'
p240
I72
sS'tampering'
p241
I72
sS'l'
p242
I71
sS'detroit'
p243
I72
sS'good'
p244
I32
sS'squaaaad'
p245
I72
sS'addicted'
p246
I72
sS'went'
p247
I68
sS'bong'
p248
I72
sS'side'
p249
I67
sS'mean'
p250
I67
sS'20:35:34.0,34.2398736,-118.4361312,1194,mexico'
p251
I72
sS'gunna'
p252
I63
sS'series'
p253
I72
sS'bowls'
p254
I72
sS'solution'
p255
I72
sS'trading'
p256
I72
sS'forgot'
p257
I70
sS'logo'
p258
I72
sS'dammmmmn'
p259
I72
sS'saturday'
p260
I66
sS'pui66'
p261
I72
sS'rt'
p262
I69
sS'driving'
p263
I72
sS'god'
p264
I69
sS'motel'
p265
I72
sS'washed'
p266
I72
sS'vibes'
p267
I72
sS'george'
p268
I72
sS'smo'
p269
I72
sS'daniel'
p270
I72
sS'rare'
p271
I72
sS'smh'
p272
I69
sS'got'
p273
I32
sS'rn'
p274
I67
sS'someone,91331\n483879037899513856,pappi_chulo69,2014-07-01'
p275
I72
sS'impawster...\xe2\x80\x9dyea'
p276
I72
sS'vete'
p277
I72
sS"you're"
p278
I56
sS'throwbacks'
p279
I72
sS"'literally"
p280
I72
sS'fave'
p281
I72
sS'free'
p282
I67
sS'struggle'
p283
I71
sS'wanted'
p284
I68
sS'ever.\xe2\x80\xa6'
p285
I72
sS'mvp'
p286
I71
sS'saggy'
p287
I72
sS'ate'
p288
I71
sS'bates'
p289
I72
sS'montiel'
p290
I72
sS'iss'
p291
I72
sS'days'
p292
I66
sS'priorities'
p293
I72
sS'levels'
p294
I72
sS'hopeless'
p295
I72
sS'soda'
p296
I72
sS'loud'
p297
I71
sS'fuckin'
p298
I63
sS'already'
p299
I62
sS'rana'
p300
I72
sS'lol\xe2\x80\x9d'
p301
I72
sS'f\xc3\xa1cil'
p302
I72
sS'tho,91331\n483856902497923072,pappi_chulo69,2014-07-01'
p303
I72
sS'hearing'
p304
I72
sS'fantasy'
p305
I72
sS'another'
p306
I71
sS'comin'
p307
I70
sS'sober'
p308
I72
sS'millers'
p309
I72
sS'thick'
p310
I71
sS'21:14:06.0,34.2399002,-118.4361322,1194,my'
p311
I72
sS'blunts'
p312
I71
sS'basketball'
p313
I70
sS'goon'
p314
I72
sS'dogg'
p315
I71
sS'girls'
p316
I62
sS'twisted'
p317
I72
sS'elevator'
p318
I71
sS'needed'
p319
I72
sS'dumbass'
p320
I71
sS'too'
p321
I42
sS'chugging'
p322
I72
sS'tragic'
p323
I72
sS'legs'
p324
I69
sS'dogs'
p325
I71
sS'listen'
p326
I70
sS'00:03:36.0,34.2401164,-118.4364157,1194,peyton'
p327
I72
sS'sept.3,91331\n502332349712175104,esparocks94,2014-08-21'
p328
I72
sS'toon'
p329
I72
sS'gym'
p330
I70
sS'took'
p331
I66
sS'wisdom'
p332
I72
sS'brazil"'
p333
I72
sS'distance'
p334
I72
sS'showed'
p335
I71
sS'tree'
p336
I72
sS'likely'
p337
I72
sS'packed'
p338
I72
sS'00:52:18.0,34.2400423,-118.4363843,1194,24'
p339
I72
sS'shower'
p340
I70
sS'matter'
p341
I67
sS'sesh,91331\n500019416021872640,esparocks94,2014-08-14'
p342
I72
sS'fabulous'
p343
I72
sS'feeling'
p344
I65
sS'lol\xe2\x9d\xa4\xef\xb8\x8f'
p345
I72
sS'campingits'
p346
I72
sS'ran'
p347
I72
sS'mind'
p348
I71
sS'mine'
p349
I70
sS'ming'
p350
I72
sS'talking'
p351
I63
sS'hug'
p352
I72
sS'rap'
p353
I72
sS'seen'
p354
I70
sS'regulate'
p355
I72
sS'you/thanks'
p356
I72
sS'interceptedddd'
p357
I72
sS'dannward.maassss'
p358
I72
sS'soaked'
p359
I72
sS'-'
p360
I69
sS'brandon'
p361
I72
sS'sound'
p362
I72
sS'chest'
p363
I72
sS'blue'
p364
I71
sS"girl's"
p365
I72
sS'actorsrip'
p366
I72
sS'though'
p367
I70
sS'doin'
p368
I71
sS'ah\xc3\xad'
p369
I72
sS'anatomy'
p370
I71
sS'germany'
p371
I68
sS'plenty'
p372
I72
sS'phase'
p373
I72
sS'germans'
p374
I72
sS'jeeeeeeeeeezuuuuuuuuuhuuuuss'
p375
I72
sS'dom'
p376
I72
sS'gawd'
p377
I72
sS'ruben'
p378
I72
sS'dog'
p379
I71
sS'musical'
p380
I72
sS'points'
p381
I72
sS'dos'
p382
I72
sS'entertaining'
p383
I72
sS'weakest'
p384
I72
sS'ronaldos'
p385
I72
sS'stictly'
p386
I72
sS'came'
p387
I67
sS'quemen'
p388
I72
sS'saying'
p389
I68
sS'bomb'
p390
I71
sS'uphe'
p391
I72
sS'pops'
p392
I71
sS'young.rip'
p393
I72
sS'radio'
p394
I72
sS'queer'
p395
I72
sS'earth'
p396
I72
sS"em'"
p397
I70
sS'busy'
p398
I72
sS'cousins'
p399
I72
sS"babymomma's"
p400
I71
sS'*skips'
p401
I72
sS'rico'
p402
I72
sS'rich'
p403
I71
sS'photo'
p404
I72
sS'rice'
p405
I72
sS'chamberlain'
p406
I72
sS'rica'
p407
I72
sS'wearing'
p408
I70
sS'do'
p409
I38
sS'affffffffff'
p410
I72
sS'dm'
p411
I72
sS'asians'
p412
I72
sS'marleeee'
p413
I72
sS'de'
p414
I70
sS'stop'
p415
I66
sS'da'
p416
I70
sS'pie,91331\n501168531539763201,esparocks94,2014-08-18'
p417
I72
sS'supplies'
p418
I70
sS'nasty'
p419
I70
sS'wtf!!grienke'
p420
I72
sS'hall'
p421
I72
sS'life03'
p422
I72
sS'countries'
p423
I72
sS'officially'
p424
I72
sS'patch'
p425
I72
sS'bad'
p426
I58
sS'bae'
p427
I70
sS'shots'
p428
I70
sS'grilled'
p429
I72
sS'respond'
p430
I72
sS'w/'
p431
I72
sS'liquor'
p432
I72
sS'roasted'
p433
I72
sS'goodnight'
p434
I71
sS'decided'
p435
I70
sS'result'
p436
I72
sS'fail'
p437
I72
sS'-728862893921'
p438
I72
sS'noodles'
p439
I72
sS'best'
p440
I57
sS'brazil'
p441
I65
sS'eres'
p442
I72
sS'said'
p443
I56
sS'away'
p444
I64
sS'gentleman'
p445
I72
sS'shaved'
p446
I72
sS"there's"
p447
I68
sS'pets'
p448
I72
sS'hopefully'
p449
I70
sS'tolerance'
p450
I72
sS'llllmmmmffaaoooo'
p451
I72
sS'lazy'
p452
I71
sS'men'
p453
I70
sS'storage)'
p454
I72
sS'handful'
p455
I72
sS'weak'
p456
I71
sS'mayne'
p457
I72
sS'wu'
p458
I72
sS'ehhhhhdid'
p459
I72
sS'1960)'
p460
I72
sS'wear'
p461
I69
sS'wtf'
p462
I63
sS'news'
p463
I72
sS'picking'
p464
I70
sS'dankcity'
p465
I72
sS'clutchyou'
p466
I72
sS'faced'
p467
I72
sS'cop'
p468
I72
sS'\xe2\x9d\xa4\xef\xb8\x8f'
p469
I71
sS'fault'
p470
I68
sS'ill'
p471
I66
sS'worldcause'
p472
I72
sS'against'
p473
I71
sS'good,91331\n497577131871072256,esparocks94,2014-08-08'
p474
I72
sS'players'
p475
I72
sS'unc'
p476
I72
sS'games'
p477
I72
sS'cod'
p478
I72
sS'lookin'
p479
I70
sS'uni'
p480
I72
sS'asked'
p481
I72
sS'smokin'
p482
I72
sS'smuggled'
p483
I72
sS'tone'
p484
I72
sS'appeared'
p485
I72
sS'had'
p486
I47
sS'need,91331\n501467217805205506,esparocks94,2014-08-18'
p487
I72
sS'voicemails'
p488
I72
sS'gahhhh'
p489
I72
sS'aha,91331\n502265014439641088,esparocks94,2014-08-21'
p490
I72
sS'tony'
p491
I72
sS'trust'
p492
I71
sS'heals'
p493
I72
sS'chino'
p494
I72
sS'empty'
p495
I72
sS'ana'
p496
I72
sS'bathroom'
p497
I72
sS'petty'
p498
I72
sS'asks'
p499
I70
sS'ooooh'
p500
I72
sS'patrolling'
p501
I72
sS'been'
p502
I52
sS'beer'
p503
I63
sS'much'
p504
I56
sS'tina'
p505
I72
sS'puto'
p506
I72
sS'dutchie'
p507
I72
sS'threw'
p508
I70
sS'life'
p509
I50
sS'chub'
p510
I72
sS'naye'
p511
I72
sS're-runs'
p512
I72
sS'craft'
p513
I72
sS'chile'
p514
I71
sS'catch'
p515
I68
sS'chill'
p516
I72
sS'has'
p517
I59
sS'tang'
p518
I72
sS'tastes'
p519
I72
sS'n'
p520
I60
sS'ehhhhh'
p521
I72
sS'near'
p522
I72
sS'suppose'
p523
I70
sS'stopping'
p524
I72
sS'k'
p525
I67
sS'mistake'
p526
I72
sS'saltiness'
p527
I72
sS'played'
p528
I70
sS'is'
p529
I12
sS'sushi'
p530
I72
sS'it'
p531
I13
sS'shame'
p532
I71
sS'cant'
p533
I68
sS'dizzy'
p534
I72
sS'auner'
p535
I72
sS'in'
p536
I10
sS'id'
p537
I71
sS'if'
p538
I26
sS'boosters:haircut'
p539
I72
sS'lol,91331\n502266498287931393,esparocks94,2014-08-21'
p540
I72
sS'bottles'
p541
I72
sS'credit'
p542
I72
sS'things'
p543
I67
sS'make'
p544
I54
sS'pitbulls'
p545
I72
sS'patient'
p546
I72
sS'split'
p547
I71
sS'babies'
p548
I72
sS':(('
p549
I72
sS'shawty'
p550
I72
sS'makr'
p551
I72
sS'doobies'
p552
I71
sS'today,91331\n502568231266418690,esparocks94,2014-08-21'
p553
I72
sS'sadderday\xe2\x80\x9d'
p554
I72
sS'swell'
p555
I72
sS'pick'
p556
I70
sS'hand'
p557
I72
sS'fridays'
p558
I72
sS'kim'
p559
I72
sS'tyson'
p560
I72
sS'aka'
p561
I72
sS'kid'
p562
I69
sS'grashias'
p563
I72
sS'shitty'
p564
I72
sS'youre'
p565
I71
sS'1972'
p566
I72
sS'tho'
p567
I66
sS'boxer'
p568
I71
sS'greatest'
p569
I70
sS'mother'
p570
I70
sS'hearts'
p571
I70
sS'the'
p572
I3
sS'smoked'
p573
I72
sS'thc'
p574
I72
sS'yours'
p575
I70
sS'dads'
p576
I71
sS'left'
p577
I66
sS"she'll"
p578
I72
sS'birth'
p579
I72
sS'just'
p580
I14
sS'gods'
p581
I72
sS'bruise'
p582
I72
sS'greys'
p583
I72
sS'financially'
p584
I72
sS'psych'
p585
I72
sS'thanks'
p586
I59
sS'human'
p587
I72
sS'yes'
p588
I67
sS'mhhhhm'
p589
I72
sS'hills'
p590
I71
sS'bnw'
p591
I72
sS'wright'
p592
I72
sS'shout'
p593
I72
sS'arleta'
p594
I65
sS'board'
p595
I72
sS'easy'
p596
I71
sS'20:11:02.0,34.2370469,-118.4337187,1194,mullllller!!!,91331\n486575249756942336,pappi_chulo69,2014-07-08'
p597
I72
sS'save'
p598
I71
sS'gave'
p599
I68
sS'donnie'
p600
I72
sS'camarada'
p601
I71
sS'breaks'
p602
I72
sS'possible'
p603
I71
sS'tourney'
p604
I72
sS'clowney'
p605
I72
sS'bruuuh'
p606
I71
sS'background'
p607
I72
sS'performance'
p608
I72
sS'judge'
p609
I70
sS'banda'
p610
I72
sS'dreams'
p611
I70
sS'desire'
p612
I72
sS'juked'
p613
I72
sS'tiredd'
p614
I72
sS'-_-'
p615
I72
sS'gift'
p616
I71
sS'goddddddddammmmn'
p617
I72
sS'55'
p618
I72
sS'='
p619
I72
sS'56'
p620
I72
sS'50'
p621
I72
sS'todayhappy'
p622
I72
sS'steps'
p623
I72
sS'officer'
p624
I72
sS'night'
p625
I49
sS'security'
p626
I72
sS'intensions'
p627
I72
sS'right'
p628
I55
sS'old'
p629
I64
sS'righr'
p630
I72
sS'deal'
p631
I72
sS'people'
p632
I46
sS'sends'
p633
I72
sS'collarbone'
p634
I72
sS'northrop'
p635
I71
sS'idgaf'
p636
I72
sS'manziel'
p637
I72
sS'born'
p638
I72
sS'pitch"'
p639
I72
sS'd\xc3\xadganle'
p640
I72
sS'kbbq'
p641
I71
sS'trippen'
p642
I72
sS'dear'
p643
I72
sS'chicarito'
p644
I72
sS'-marina'
p645
I72
sS'hatrick,91331\n452972229366513664,pappi_chulo69,2014-04-07'
p646
I72
sS'for'
p647
I14
sS'bottom'
p648
I72
sS'ice'
p649
I69
sS"ochoa's"
p650
I72
sS'everything'
p651
I67
sS'asking'
p652
I70
sS'e-real'
p653
I72
sS'foo'
p654
I67
sS'jugador'
p655
I72
sS'pls'
p656
I72
sS'burn'
p657
I71
sS'shogun'
p658
I72
sS'plz'
p659
I72
sS'curl'
p660
I71
sS'keeper'
p661
I72
sS'post'
p662
I71
sS'pll'
p663
I72
sS'super'
p664
I72
sS'chapter'
p665
I72
sS'puking'
p666
I72
sS'geordan'
p667
I72
sS'aguilar'
p668
I72
sS'theirs'
p669
I72
sS'months'
p670
I70
sS'o'
p671
I72
sS'dinner'
p672
I71
sS'misleading'
p673
I72
sS'afternoon'
p674
I72
sS'vaginal'
p675
I72
sS'uglyx10'
p676
I72
sS'curry'
p677
I72
sS'automatically'
p678
I72
sS'nighter.\xe2\x80\x9dsmfh'
p679
I72
sS'facetime'
p680
I72
sS'whats'
p681
I72
sS'selfie'
p682
I69
sS'sergio'
p683
I72
sS'todayforgot'
p684
I72
sS'freshwere'
p685
I72
sS'son'
p686
I69
sS'down'
p687
I56
sS'thankful'
p688
I72
sS'dowm'
p689
I72
sS'men.\xe2\x80\x9d'
p690
I72
sS'panorama'
p691
I71
sS'holanda'
p692
I72
sS'constantly'
p693
I72
sS'keepers'
p694
I72
sS'fight'
p695
I70
sS'stuck'
p696
I72
sS'modeling'
p697
I72
sS"boy's"
p698
I72
sS'way'
p699
I63
sS'spring'
p700
I72
sS'danica'
p701
I72
sS'music'
p702
I70
sS'wat'
p703
I72
sS'was'
p704
I19
sS'halls'
p705
I72
sS'happy'
p706
I58
sS'head'
p707
I68
sS"jw's"
p708
I72
sS'offering'
p709
I72
sS'$200'
p710
I72
sS'fireworks'
p711
I70
sS'mysterious'
p712
I72
sS'hear'
p713
I71
sS'bats,91331\n502534927637028864,esparocks94,2014-08-21'
p714
I72
sS'true'
p715
I70
sS'otter'
p716
I72
sS"'u'"
p717
I72
sS"else's"
p718
I72
sS'attached'
p719
I72
sS'donald'
p720
I72
sS'hmm'
p721
I72
sS'ruined'
p722
I72
sS'r.i.p'
p723
I72
sS'nicest'
p724
I72
sS'him!!aha'
p725
I72
sS'usher'
p726
I72
sS'daddy'
p727
I72
sS'delete'
p728
I72
sS'proud'
p729
I71
sS'lleva'
p730
I72
sS'manme'
p731
I72
sS'tournament'
p732
I72
sS'texts'
p733
I72
sS'cleats'
p734
I68
sS'drive'
p735
I68
sS'tank,91331\n497212460320182272,esparocks94,2014-08-07'
p736
I72
sS'proves'
p737
I72
sS'dammit'
p738
I72
sS'04:03:56.0,34.2397153,-118.4362117,1194,i,91331\n497231628784381952,esparocks94,2014-08-07'
p739
I72
sS'trip'
p740
I72
sS'shit'
p741
I35
sS'desis'
p742
I72
sS'saber'
p743
I72
sS'dying'
p744
I72
sS'no'
p745
I30
sS'relax'
p746
I72
sS'when'
p747
I24
sS'til'
p748
I71
sS'tim'
p749
I72
sS'interested'
p750
I70
sS'role'
p751
I72
sS'holding'
p752
I72
sS'"when'
p753
I72
sS'test'
p754
I71
sS'dammmn'
p755
I72
sS'transgender'
p756
I72
sS'weakass'
p757
I71
sS'roll'
p758
I69
sS"espa's"
p759
I72
sS'scored'
p760
I68
sS'picture'
p761
I69
sS'04:04:00.0,34.2397153,-118.4362117,1194,u,91331\n497231644919873537,esparocks94,2014-08-07'
p762
I72
sS'models'
p763
I71
sS'dies'
p764
I72
sS'football'
p765
I71
sS'meeeek'
p766
I72
sS'subtweet'
p767
I72
sS"let's"
p768
I70
sS'fell'
p769
I72
sS'scores'
p770
I72
sS'04:16:49.0,34.2398375,-118.4360889,1194,angels'
p771
I72
sS'aware'
p772
I72
sS'weekend'
p773
I68
sS'died'
p774
I72
sS'puss'
p775
I72
sS'longer'
p776
I71
sS'glass'
p777
I71
sS'love\xe2\x80\x9d'
p778
I72
sS'monster'
p779
I72
sS'together'
p780
I67
sS'jacket'
p781
I72
sS'loyal'
p782
I72
sS'cheater'
p783
I71
sS'hoe,91331\n500042409200586754,esparocks94,2014-08-14'
p784
I72
sS'classmate'
p785
I72
sS'time'
p786
I39
sS'songs'
p787
I72
sS':/'
p788
I67
sS':('
p789
I72
sS':)'
p790
I67
sS'whoever'
p791
I72
sS'dance'
p792
I72
sS'grateful'
p793
I72
sS'skin'
p794
I70
sS'battle'
p795
I72
sS'kedira'
p796
I72
sS'milk'
p797
I70
sS'bpflip'
p798
I72
sS'u,91331\n502330329303351296,esparocks94,2014-08-21'
p799
I72
sS'ayyyyyyyy'
p800
I72
sS'21st'
p801
I72
sS'suicide'
p802
I71
sS'depend'
p803
I72
sS'essentials'
p804
I72
sS'zone'
p805
I71
sS'father'
p806
I72
sS'disgusting'
p807
I72
sS'thighs'
p808
I72
sS'german'
p809
I72
sS'finally'
p810
I63
sS'vee'
p811
I72
sS'.blunts'
p812
I72
sS'marks'
p813
I72
sS'ven'
p814
I72
sS'beforeif'
p815
I72
sS'me'
p816
I8
sS'sammich,91331\n497249662538379264,esparocks94,2014-08-07'
p817
I72
sS'keeping'
p818
I72
sS'tacos'
p819
I70
sS':}'
p820
I72
sS'vegas'
p821
I72
sS'ma'
p822
I56
sS'trouble'
p823
I72
sS'blast'
p824
I71
sS'minute'
p825
I69
sS'cool'
p826
I72
sS'photoshops'
p827
I72
sS'mahh'
p828
I71
sS'hopefully,91331\n497575905464950784,esparocks94,2014-08-08'
p829
I72
sS'hour'
p830
I71
sS'level'
p831
I72
sS'did'
p832
I68
sS'die'
p833
I66
sS'posts'
p834
I72
sS'brother'
p835
I66
sS'turnt'
p836
I70
sS'standards'
p837
I72
sS'leave'
p838
I69
sS'p'
p839
I71
sS'soooo'
p840
I72
sS'hittin'
p841
I71
sS'team'
p842
I72
sS'quick'
p843
I72
sS'guy'
p844
I68
sS'whatttupppp'
p845
I72
sS'round'
p846
I71
sS'yall'
p847
I63
sS'dis'
p848
I72
sS'says'
p849
I69
sS'regret'
p850
I68
sS'porn'
p851
I72
sS'trend'
p852
I72
sS'sigh'
p853
I72
sS'eating'
p854
I70
sS'\xee\x90\x96'
p855
I72
sS'drinks'
p856
I72
sS'stressful'
p857
I72
sS'errthang,91331\n497231675475378176,esparocks94,2014-08-07'
p858
I72
sS'celebrated'
p859
I72
sS'\xe2\x98\xba\xef\xb8\x8f'
p860
I69
sS'current'
p861
I72
sS'eitherway'
p862
I72
sS'"mija'
p863
I72
sS'goes'
p864
I68
sS"kendrick's"
p865
I72
sS'reply'
p866
I71
sS',91331\n501473072332173312,esparocks94,2014-08-18'
p867
I72
sS'era'
p868
I72
sS'drafted'
p869
I71
sS'ufc'
p870
I72
sS',91331\n486613955284987904,pappi_chulo69,2014-07-08'
p871
I72
sS'makeup'
p872
I72
sS'you.\xe2\x80\x9d\xe2\x9c\x8c\xef\xb8\x8f'
p873
I72
sS'water'
p874
I71
sS'baseball'
p875
I72
sS'address'
p876
I72
sS'alone'
p877
I69
sS'along'
p878
I72
sS'teacher'
p879
I72
sS'change'
p880
I71
sS'wait'
p881
I64
sS'box'
p882
I72
sS'boy'
p883
I62
sS'stair'
p884
I72
sS'bop'
p885
I70
sS'strudel'
p886
I72
sS'legit'
p887
I72
sS'brazilian'
p888
I72
sS'liberating.,91331\n497801129666052096,esparocks94,2014-08-08'
p889
I72
sS'boo'
p890
I69
sS'usually'
p891
I72
sS'weird'
p892
I70
sS'love'
p893
I43
sS'umps'
p894
I72
sS'hiking'
p895
I72
sS'prefer'
p896
I72
sS"awards?'-"
p897
I72
sS'raya'
p898
I72
sS'1st'
p899
I71
sS'*deep'
p900
I72
sS'papash'
p901
I72
sS'liver'
p902
I72
sS'ayyyyy'
p903
I72
sS'vivid'
p904
I72
sS'working'
p905
I69
sS'prove'
p906
I72
sS'>:('
p907
I72
sS'dude'
p908
I69
sS'predictions'
p909
I72
sS'papas'
p910
I71
sS'markys'
p911
I72
sS'live'
p912
I67
sS'bases'
p913
I72
sS'ayy'
p914
I72
sS'wondering'
p915
I72
sS'memory'
p916
I71
sS'thirstier'
p917
I72
sS'thru'
p918
I70
sS'angels'
p919
I70
sS'today'
p920
I55
sS'loving'
p921
I71
sS'coffeema'
p922
I72
sS'aright'
p923
I72
sS'chocolate'
p924
I71
sS'everywhere'
p925
I71
sS'huurrr'
p926
I72
sS'koooosh"'
p927
I72
sS'fly'
p928
I72
sS"tia's"
p929
I72
sS'anything'
p930
I69
sS'niggas'
p931
I67
sS'car'
p932
I64
sS'flu'
p933
I72
sS'soul'
p934
I72
sS'niggaz'
p935
I72
sS'cat'
p936
I72
sS'hardest'
p937
I72
sS'sour'
p938
I72
sS'can'
p939
I36
sS'cam'
p940
I72
sS'xo\xe2\x80\x9d'
p941
I72
sS'isn\xe2\x80\x99t'
p942
I72
sS'making'
p943
I70
sS'heart'
p944
I68
sS'crazy'
p945
I66
sS'nursing'
p946
I70
sS'hears'
p947
I72
sS'idol,91331\n477702873866715136,pappi_chulo69,2014-06-14'
p948
I72
sS"didn't"
p949
I56
sS'fuck'
p950
I39
sS'lol\xe2\x9a\xbd\xef\xb8\x8f\xe2\x9a\xbd\xef\xb8\x8f\xe2\x9a\xbd\xef\xb8\x8f\xe2\x9a\xbd\xef\xb8\x8f\xe2\x9a\xbd\xef\xb8\x8f\xe2\x9a\xbd\xef\xb8\x8f'
p951
I72
sS'heard'
p952
I69
sS'cube'
p953
I72
sS'dropped'
p954
I70
sS'vallarta'
p955
I72
sS'penal!,91331\n500051609024737280,esparocks94,2014-08-14'
p956
I72
sS'counting'
p957
I72
sS'lillard?,91331\n502356602134233088,esparocks94,2014-08-21'
p958
I72
sS'watching'
p959
I65
sS'sundae'
p960
I72
sS'1'
p961
I63
sS'till'
p962
I69
sS'sunday'
p963
I72
sS'prelims?the'
p964
I72
sS'fourth'
p965
I72
sS'swore'
p966
I72
sS'seagrams'
p967
I72
sS'nigga!im'
p968
I72
sS'mhhhhhhhhm'
p969
I72
sS'staying'
p970
I72
sS'140'
p971
I72
sS'huge'
p972
I72
sS'may'
p973
I70
sS'dive'
p974
I72
sS'spot'
p975
I71
sS'lucky'
p976
I72
sS'mac'
p977
I72
sS'birthday'
p978
I59
sS'kaliman'
p979
I72
sS'mad'
p980
I70
sS'date'
p981
I70
sS'such'
p982
I71
sS'guys'
p983
I61
sS'man'
p984
I55
sS'stress'
p985
I72
sS'mayo'
p986
I72
sS'remember'
p987
I59
sS'mayweather'
p988
I71
sS'whenever'
p989
I72
sS'maybe'
p990
I69
sS'rollin'
p991
I68
sS'idc'
p992
I72
sS'q'
p993
I72
sS'si'
p994
I72
sS'jail'
p995
I70
sS'block'
p996
I72
sS'pulled'
p997
I72
sS'talk'
p998
I66
sS'cute'
p999
I66
sS'acts'
p1000
I72
sS'shoes'
p1001
I71
sS'midnight'
p1002
I72
sS'years'
p1003
I68
sS'ended'
p1004
I72
sS'episodes'
p1005
I72
sS'pitch'
p1006
I72
sS'cold'
p1007
I66
sS'still'
p1008
I52
sS'blooded'
p1009
I72
sS"did'"
p1010
I72
sS'apes'
p1011
I72
sS'police'
p1012
I72
sS'thank'
p1013
I67
sS"he's"
p1014
I63
sS'selves'
p1015
I72
sS'thang'
p1016
I72
sS'amazing'
p1017
I72
sS'puuuttoooo'
p1018
I72
sS'tomorow'
p1019
I72
sS'main'
p1020
I71
sS'texas'
p1021
I71
sS'happened'
p1022
I70
sS'moms'
p1023
I70
sS'conversations'
p1024
I72
sS'answer'
p1025
I72
sS'touching'
p1026
I72
sS'soo'
p1027
I72
sS'half'
p1028
I71
sS'not'
p1029
I32
sS'funny,91331\n497207385543688192,esparocks94,2014-08-07'
p1030
I72
sS'now'
p1031
I47
sS'ahaha'
p1032
I72
sS'bullshit'
p1033
I71
sS'84'
p1034
I72
sS'nos'
p1035
I72
sS'wont'
p1036
I72
sS'name'
p1037
I71
sS'realist'
p1038
I72
sS'clutch'
p1039
I65
sS'quarter'
p1040
I72
sS'19:37:16.0,34.2397132,-118.4361637,1194,kevin'
p1041
I72
sS'em'
p1042
I68
sS'el'
p1043
I69
sS'en'
p1044
I71
sS'lowkey'
p1045
I70
sS'tho,91331\n483858481011634178,pappi_chulo69,2014-07-01'
p1046
I72
sS'hiccups'
p1047
I72
sS'yeah'
p1048
I62
sS'stupidyeah'
p1049
I72
sS'goose'
p1050
I72
sS'ex'
p1051
I72
sS'year'
p1052
I66
sS'girl'
p1053
I62
sS'\xee\x84\x86'
p1054
I72
sS'es'
p1055
I70
sS'album'
p1056
I71
sS'living'
p1057
I70
sS'opened'
p1058
I72
sS'irony'
p1059
I72
sS'ugly.\xe2\x80\x9d'
p1060
I72
sS'factory'
p1061
I72
sS'looking'
p1062
I67
sS'attracted'
p1063
I72
sS'seriously'
p1064
I71
sS'arlovoski'
p1065
I72
sS"shouldn't"
p1066
I72
sS'nudes'
p1067
I71
sS'people\xe2\x80\x9d'
p1068
I72
sS'shows'
p1069
I71
sS'complimented'
p1070
I72
sS'theory'
p1071
I72
sS'thong'
p1072
I72
sS'million'
p1073
I72
sS'boobs'
p1074
I72
sS'mercedes'
p1075
I72
sS'flyer'
p1076
I72
sS'complicated'
p1077
I71
sS'onsie'
p1078
I72
sS'05:15:32.0,34.2398727,-118.4360552,1194,fuck'
p1079
I72
sS'could,91331\n498995354478850049,esparocks94,2014-08-12'
p1080
I72
sS'care'
p1081
I69
sS'brasil'
p1082
I72
sS'yup'
p1083
I70
sS'yur'
p1084
I72
sS'tbt'
p1085
I72
sS'turn'
p1086
I65
sS'place'
p1087
I71
sS'qui\xc3\xa9n'
p1088
I72
sS'cellulite'
p1089
I72
sS'think'
p1090
I54
sS'first'
p1091
I63
sS'blind'
p1092
I72
sS'cheese'
p1093
I71
sS'henry'
p1094
I72
sS'surviving'
p1095
I72
sS'crib'
p1096
I71
sS'yourself'
p1097
I70
sS'long'
p1098
I64
sS'sounds'
p1099
I72
sS'open'
p1100
I70
sS'tomorrow'
p1101
I57
sS'city'
p1102
I70
sS'little'
p1103
I58
sS'checked'
p1104
I71
sS'personalities'
p1105
I72
sS'mutated'
p1106
I72
sS'caught'
p1107
I72
sS'02:56:47.0,34.2401196,-118.4364552,1194,gonzo'
p1108
I72
sS'sportsla'
p1109
I72
sS't'
p1110
I72
sS'anyone'
p1111
I68
sS'fml'
p1112
I71
sS'2'
p1113
I57
sS'draft'
p1114
I71
sS'realization'
p1115
I72
sS'white'
p1116
I68
sS'friend'
p1117
I69
sS'gives'
p1118
I72
sS'slasher'
p1119
I72
sS'eyes'
p1120
I68
sS'original,91331\n484095347971469313,pappi_chulo69,2014-07-01'
p1121
I72
sS'20:45:16.0,34.2370845,-118.4336344,1194,at'
p1122
I72
sS'that'
p1123
I12
sS'on"'
p1124
I72
sS'season'
p1125
I72
sS'memo'
p1126
I72
sS'huh'
p1127
I68
sS'doing?,91331\n486609549923598336,pappi_chulo69,2014-07-08'
p1128
I72
sS'cops'
p1129
I71
sS'ridiculous'
p1130
I72
sS'butt'
p1131
I72
sS'thai'
p1132
I72
sS'than'
p1133
I60
sS'inventor'
p1134
I72
sS'11'
p1135
I72
sS'10'
p1136
I67
sS'13'
p1137
I72
sS'excited\xe2\x80\x9d'
p1138
I72
sS'15'
p1139
I72
sS'lmao'
p1140
I46
sS'16'
p1141
I71
sS'depressed'
p1142
I72
sS'18'
p1143
I70
sS'gotta'
p1144
I50
sS'lol,91331\n502334387296673792,esparocks94,2014-08-21'
p1145
I72
sS'morherfucking'
p1146
I72
sS'future'
p1147
I72
sS',91331\n483874355114287104,pappi_chulo69,2014-07-01'
p1148
I72
sS'were'
p1149
I63
sS'college'
p1150
I72
sS'scuba'
p1151
I72
sS'anyways'
p1152
I72
sS'and'
p1153
I9
sS'san'
p1154
I70
sS'craig'
p1155
I72
sS'birria'
p1156
I72
sS'turned'
p1157
I71
sS',91331\n495776896614166529,esparocks94,2014-08-03'
p1158
I72
sS'sad'
p1159
I71
sS'ant'
p1160
I72
sS'woah'
p1161
I72
sS'say'
p1162
I54
sS'rained'
p1163
I72
sS'ans'
p1164
I72
sS'breakfast'
p1165
I72
sS'saw'
p1166
I69
sS'any'
p1167
I66
sS'demonde'
p1168
I71
sS'kush'
p1169
I72
sS'wcw'
p1170
I72
sS'homerun'
p1171
I71
sS'pac-town'
p1172
I72
sS'canton'
p1173
I72
sS'omfg'
p1174
I69
sS'squad'
p1175
I71
sS'take'
p1176
I49
sS'wanting'
p1177
I72
sS'blunt'
p1178
I72
sS'20:32:15.0,34.237066,-118.4336796,1194,and'
p1179
I72
sS'channel'
p1180
I70
sS'fyi'
p1181
I72
sS'sure'
p1182
I69
sS'scaring'
p1183
I72
sS'paid'
p1184
I71
sS'falls'
p1185
I72
sS'airing'
p1186
I72
sS'face...fuck'
p1187
I72
sS'golazo'
p1188
I72
sS'shot/killed'
p1189
I72
sS'forever'
p1190
I71
sS'especially'
p1191
I72
sS'mouthhes'
p1192
I72
sS'seafood'
p1193
I72
sS'later'
p1194
I69
sS'hungry'
p1195
I71
sS'smeagul'
p1196
I72
sS'weeksucks'
p1197
I72
sS'ismael'
p1198
I72
sS'smhwere'
p1199
I72
sS'uncle'
p1200
I70
sS'quantity'
p1201
I72
sS'shop'
p1202
I72
sS'takis'
p1203
I72
sS'walking'
p1204
I71
sS'jizz'
p1205
I72
sS'shot'
p1206
I71
sS'tatted'
p1207
I72
sS'show'
p1208
I63
sS'cheat'
p1209
I72
sS'about?our'
p1210
I72
sS'espn2weaksauce'
p1211
I72
sS'shoe'
p1212
I72
sS'corner'
p1213
I71
sS'takin'
p1214
I72
sS'aint'
p1215
I71
sS'lagrimas'
p1216
I72
sS'slow'
p1217
I71
sS'laughlin'
p1218
I72
sS'\xe2\x9c\x8b'
p1219
I71
sS'title'
p1220
I72
sS'daily'
p1221
I72
sS'dick'
p1222
I70
sS'3'
p1223
I64
sS'filipinos'
p1224
I72
sS'only'
p1225
I53
sS'going'
p1226
I52
sS'black'
p1227
I67
sS'hockey'
p1228
I72
sS'18:19:14.0,34.2370443,-118.4336596,1194,just'
p1229
I72
sS'\xe2\x99\xa1'
p1230
I72
sS'awareness'
p1231
I72
sS'communicate&'
p1232
I72
sS'get'
p1233
I27
sS'whaaaa'
p1234
I71
sS'leon'
p1235
I72
sS'ali'
p1236
I72
sS'ashanti'
p1237
I72
sS'gen'
p1238
I72
sS'celebrate'
p1239
I72
sS'aluminum'
p1240
I72
sS'artist'
p1241
I71
sS'bong,91331\n500042338555944960,esparocks94,2014-08-14'
p1242
I72
sS'primo'
p1243
I72
sS'boy,91331\n497569763774959616,esparocks94,2014-08-08'
p1244
I72
sS'isnt'
p1245
I72
sS'morning'
p1246
I71
sS'naked'
p1247
I72
sS'stupid'
p1248
I69
sS'worries'
p1249
I72
sS'scott'
p1250
I71
sS'where'
p1251
I66
sS'bachata'
p1252
I72
sS"y'all"
p1253
I67
sS'mess'
p1254
I72
sS'honesty'
p1255
I72
sS'espn'
p1256
I72
sS'physically'
p1257
I72
sS'one,91331\n483857985425264641,pappi_chulo69,2014-07-01'
p1258
I72
sS'banged'
p1259
I72
sS'*kanye'
p1260
I72
sS'relative'
p1261
I72
sS'asleep'
p1262
I71
sS'pacoima'
p1263
I68
sS'ignores'
p1264
I72
sS'hoes'
p1265
I71
sS'it\xe2\x9c\x8b'
p1266
I72
sS'wonder'
p1267
I68
sS'later,91331\n486418676808052736,pappi_chulo69,2014-07-08'
p1268
I72
sS'zebo'
p1269
I72
sS'meima'
p1270
I71
sS'lettin'
p1271
I72
sS'ways'
p1272
I72
sS'review'
p1273
I72
sS'upeazy'
p1274
I72
sS'ignorant'
p1275
I72
sS'mops'
p1276
I72
sS"father's"
p1277
I72
sS'mags'
p1278
I72
sS'enough'
p1279
I70
sS'between'
p1280
I71
sS'dreamer'
p1281
I72
sS'checks'
p1282
I72
sS'yaaaaaaaaaaaaaasssssss'
p1283
I72
sS'notice'
p1284
I70
sS'jobs'
p1285
I72
sS'vertical'
p1286
I72
sS'ju'
p1287
I72
sS'ithurry'
p1288
I72
sS'killing'
p1289
I70
sS'blame'
p1290
I70
sS'jo'
p1291
I72
sS'armenian'
p1292
I72
sS'jk'
p1293
I68
sS'come'
p1294
I62
sS'ja'
p1295
I72
sS'mans'
p1296
I71
sS'rugby'
p1297
I72
sS'noooooooooonasty'
p1298
I72
sS'20:50:46.0,34.2370696,-118.4336201,1194,when'
p1299
I72
sS'many'
p1300
I62
sS'ray?cause'
p1301
I72
sS'catherize'
p1302
I72
sS's'
p1303
I71
sS'berry'
p1304
I72
sS'assaulting'
p1305
I72
sS'traded'
p1306
I72
sS"can't"
p1307
I50
sS'pussyyou'
p1308
I72
sS'key'
p1309
I72
sS'color'
p1310
I72
sS'pot'
p1311
I72
sS'hurts'
p1312
I72
sS'por'
p1313
I72
sS'period'
p1314
I71
sS'pop'
p1315
I71
sS'messis'
p1316
I72
sS'lleve'
p1317
I72
sS'bader'
p1318
I72
sS"couldn't"
p1319
I71
sS'poe'
p1320
I72
sS"af1's"
p1321
I72
sS'cares'
p1322
I70
sS'bluhhd!:)'
p1323
I72
sS'benigga'
p1324
I72
sS'mark'
p1325
I70
sS'jess'
p1326
I70
sS'tho?lol'
p1327
I72
sS'combined'
p1328
I72
sS'sesh'
p1329
I67
sS"chapelle's"
p1330
I72
sS'wants'
p1331
I71
sS'robben'
p1332
I71
sS'educated'
p1333
I72
sS'offered'
p1334
I72
sS'wake'
p1335
I70
sS'lmao,91331\n498999585990516736,esparocks94,2014-08-12'
p1336
I72
sS'argentina'
p1337
I70
sS'those'
p1338
I66
sS'case'
p1339
I71
sS'myself'
p1340
I71
sS'it,91331\n501468622448246784,esparocks94,2014-08-18'
p1341
I72
sS'hereheard'
p1342
I72
sS'these'
p1343
I62
sS'worried'
p1344
I72
sS'awkwardddd'
p1345
I72
sS'pacers'
p1346
I72
sS'guardado'
p1347
I72
sS'residence'
p1348
I72
sS'sick,91331\n446153545734057984,pappi_chulo69,2014-03-19'
p1349
I72
sS'coolest'
p1350
I72
sS'guts??thats'
p1351
I72
sS'chat'
p1352
I72
sS'eventually'
p1353
I72
sS'fifa"'
p1354
I72
sS'sincere'
p1355
I72
sS'coffee'
p1356
I72
sS'sleeping'
p1357
I72
sS'middle'
p1358
I72
sS'broo'
p1359
I72
sS'sudden'
p1360
I70
sS'you?15'
p1361
I72
sS'04:03:53.0,34.2397153,-118.4362117,1194,g,91331\n497222684515008512,esparocks94,2014-08-07'
p1362
I72
sS'donating'
p1363
I71
sS'channelmeans'
p1364
I72
sS'everyday'
p1365
I67
sS'mojo!!cocksucker'
p1366
I72
sS'different'
p1367
I69
sS'clutchthat'
p1368
I72
sS'pay'
p1369
I71
sS'10:30'
p1370
I72
sS'bowl'
p1371
I69
sS'tour'
p1372
I72
sS'same'
p1373
I58
sS'check'
p1374
I72
sS'ya'
p1375
I65
sS'pac'
p1376
I72
sS'speech'
p1377
I70
sS'buys'
p1378
I71
sS'sams'
p1379
I72
sS'nigga,91331\n497573100905824256,esparocks94,2014-08-08'
p1380
I72
sS'pan'
p1381
I72
sS'week'
p1382
I63
sS'finish'
p1383
I72
sS'assist'
p1384
I72
sS'driver'
p1385
I72
sS'weed'
p1386
I67
sS'dr.faggot'
p1387
I72
sS'running'
p1388
I72
sS'wees'
p1389
I72
sS'changing'
p1390
I72
sS'caption'
p1391
I72
sS'mentally'
p1392
I71
sS'fuuuuuuck'
p1393
I72
sS'\xe2\x9c\x8c\xef\xb8\x8f'
p1394
I70
sS'costa'
p1395
I72
sS'padstarts'
p1396
I72
sS'kardashians'
p1397
I72
sS'salad....8days'
p1398
I72
sS'nothin'
p1399
I72
sS'breezy'
p1400
I71
sS'overtime'
p1401
I72
sS'without'
p1402
I69
sS'solve'
p1403
I72
sS'bottle'
p1404
I71
sS'very'
p1405
I72
sS'hahahahahaha'
p1406
I72
sS'tito'
p1407
I72
sS'bodies'
p1408
I72
sS'summer'
p1409
I70
sS'213'
p1410
I72
sS'noah'
p1411
I71
sS'being'
p1412
I56
sS'money'
p1413
I67
sS'lolwhen'
p1414
I72
sS'pissing'
p1415
I72
sS'errthang'
p1416
I72
sS'kill'
p1417
I70
sS'touch'
p1418
I72
sS"dm's"
p1419
I72
sS'dayyyyyyyy'
p1420
I72
sS'blow'
p1421
I71
sS'excuses'
p1422
I72
sS'thinking'
p1423
I70
sS"we've"
p1424
I71
sS'seems'
p1425
I71
sS'except'
p1426
I72
sS'chilleveryone'
p1427
I72
sS'lets'
p1428
I69
sS'surprise'
p1429
I72
sS'4'
p1430
I69
sS'republic'
p1431
I72
sS'dicks'
p1432
I72
sS're-watch'
p1433
I72
sS'real'
p1434
I63
sS'yourself.pass'
p1435
I72
sS'starving'
p1436
I72
sS'psn'
p1437
I72
sS'duhh'
p1438
I71
sS'read'
p1439
I72
sS'highness'
p1440
I72
sS'fridge'
p1441
I72
sS'gonna'
p1442
I48
sS'pos'
p1443
I72
sS'early'
p1444
I64
sS'goodwatched'
p1445
I72
sS'nappy'
p1446
I72
sS'mom'
p1447
I65
sS'tie'
p1448
I72
sS'world'
p1449
I58
sS'rocky'
p1450
I72
sS'clan'
p1451
I72
sS'smell'
p1452
I69
sS'oddly'
p1453
I72
sS'tsunami'
p1454
I72
sS'cagedancing'
p1455
I72
sS'either'
p1456
I71
sS'nephews'
p1457
I72
sS'scurred'
p1458
I72
sS'orozco'
p1459
I72
sS'clap'
p1460
I72
sS'tamale'
p1461
I72
sS'dolo'
p1462
I72
sS'learning'
p1463
I72
sS'concacaf'
p1464
I72
sS'chuck'
p1465
I72
sS'kings'
p1466
I71
sS'playin'
p1467
I72
sS'ellis'
p1468
I72
sS"'that's"
p1469
I72
sS'memories'
p1470
I72
sS'lend'
p1471
I72
sS'fluids'
p1472
I72
sS'chips'
p1473
I72
sS'throat'
p1474
I72
sS'huhshe'
p1475
I72
sS'mepfffffft'
p1476
I72
sS'decent'
p1477
I72
sS'felt'
p1478
I69
sS'business'
p1479
I72
sS'seconds'
p1480
I71
sS'\xe2\x98\xba\xef\xb8\x8f\xe2\x98\xba\xef\xb8\x8f'
p1481
I72
sS':/,91331\n497616552989310976,esparocks94,2014-08-08'
p1482
I72
sS'each'
p1483
I72
sS'nigga!!\xe2\x80\x9d'
p1484
I72
sS'tde'
p1485
I72
sS'lmffaaaoo'
p1486
I72
sS'broken'
p1487
I71
sS'(november'
p1488
I72
sS'terrified'
p1489
I72
sS'throwback'
p1490
I71
sS'habe'
p1491
I72
sS'biiiiiiiiiiiiiiiiiiiiiiiiiiiiiiiiiiiiiiiiiiiiiiiiiitch'
p1492
I72
sS'throw'
p1493
I72
sS'earlier'
p1494
I72
sS'thruu\xe2\x80\x9d'
p1495
I72
sS'on'
p1496
I20
sS'crafting'
p1497
I72
sS'ol'
p1498
I72
sS'ok'
p1499
I71
sS'oj'
p1500
I72
sS'oh'
p1501
I64
sS'og'
p1502
I70
sS'of'
p1503
I11
sS'howard'
p1504
I72
sS'favorite'
p1505
I70
sS'already,91331\n486609294016540675,pappi_chulo69,2014-07-08'
p1506
I72
sS'meal'
p1507
I71
sS'namehuh'
p1508
I72
sS"moneyc'mon"
p1509
I72
sS'pockets'
p1510
I72
sS'act'
p1511
I70
sS'mixed'
p1512
I72
sS'bond'
p1513
I72
sS',91331\n478060255033978880,pappi_chulo69,2014-06-15'
p1514
I72
sS'or'
p1515
I50
sS'road'
p1516
I72
sS'amber'
p1517
I72
sS'ladies'
p1518
I72
sS'chivalry'
p1519
I72
sS'burning'
p1520
I71
sS'communication'
p1521
I72
sS'snapchat'
p1522
I70
sS'youz'
p1523
I72
sS'parties'
p1524
I72
sS'in,91331\n486610449173999616,pappi_chulo69,2014-07-08'
p1525
I72
sS'uptown'
p1526
I72
sS'happening'
p1527
I72
sS'your'
p1528
I24
sS'stare'
p1529
I72
sS'breath'
p1530
I72
sS'neymar'
p1531
I67
sS'her'
p1532
I64
sS'hes'
p1533
I67
sS'tupacs'
p1534
I72
sS'there'
p1535
I57
sS"marty's"
p1536
I72
sS'hey'
p1537
I70
sS'lol'
p1538
I22
sS'start'
p1539
I63
sS'racist'
p1540
I72
sS'low'
p1541
I70
sS'stars'
p1542
I69
sS'lou'
p1543
I71
sS'wowzers'
p1544
I72
sS'valley'
p1545
I71
sS'bubble'
p1546
I72
sS'drill"'
p1547
I72
sS'ehh'
p1548
I72
sS'pretends'
p1549
I72
sS'wednesday\xe2\x9c\xa8'
p1550
I72
sS'you('
p1551
I72
sS'lmaooo'
p1552
I72
sS'up,91331\n483857740654055424,pappi_chulo69,2014-07-01'
p1553
I72
sS'rose,91331\n499001352237101056,esparocks94,2014-08-12'
p1554
I72
sS'brain'
p1555
I72
sS'clones'
p1556
I72
sS'e'
p1557
I72
sS'pitched'
p1558
I72
sS'lol,91331\n502266450674200577,esparocks94,2014-08-21'
p1559
I72
sS'with'
p1560
I16
sS'shannon'
p1561
I72
sS'handsome'
p1562
I71
sS"they're"
p1563
I69
sS'october'
p1564
I72
sS'romantic'
p1565
I72
sS'rage'
p1566
I72
sS"wasn't"
p1567
I68
sS'potato'
p1568
I72
sS'bucket'
p1569
I71
sS"brother's"
p1570
I72
sS'dirty'
p1571
I72
sS'tones'
p1572
I72
sS'agree'
p1573
I72
sS'darker'
p1574
I72
sS'toilet'
p1575
I71
sS'leaked'
p1576
I72
sS'videos'
p1577
I72
sS'af'
p1578
I70
sS'taste'
p1579
I71
sS'certain'
p1580
I71
sS'ak'
p1581
I72
sS'aj'
p1582
I70
sS'am'
p1583
I63
sS'direction'
p1584
I72
sS'deep'
p1585
I71
sS'an'
p1586
I65
sS'as'
p1587
I55
sS'at'
p1588
I26
sS'girlfriend'
p1589
I71
sS'watched'
p1590
I72
sS'chlamydia'
p1591
I72
sS'again'
p1592
I57
sS'farziiiin'
p1593
I72
sS'todo'
p1594
I71
sS'storage'
p1595
I69
sS'graduate'
p1596
I72
sS'field'
p1597
I71
sS'5'
p1598
I71
sS'fools'
p1599
I71
sS'puppy'
p1600
I72
sS"03:28:20.0,34.2395604,-118.4359677,1194,trout's"
p1601
I72
sS'sprints'
p1602
I72
sS'poop'
p1603
I72
sS"gon'"
p1604
I72
sS'damn...shoulda'
p1605
I72
sS'alch'
p1606
I72
sS'students'
p1607
I72
sS'gots'
p1608
I72
sS'whoooo'
p1609
I72
sS'includes'
p1610
I72
sS'waving'
p1611
I71
sS'important'
p1612
I72
sS'napier'
p1613
I72
sS"she's"
p1614
I65
sS'chris'
p1615
I71
sS'finals'
p1616
I71
sS'pool'
p1617
I71
sS'alcohol'
p1618
I71
sS'building'
p1619
I72
sS'calls'
p1620
I71
sS'wife'
p1621
I72
sS"life's"
p1622
I72
sS'having'
p1623
I68
sS'lipstick'
p1624
I72
sS'discreet'
p1625
I72
sS'derrick'
p1626
I72
sS'u'
p1627
I59
sS'nowshine'
p1628
I72
sS'doubted'
p1629
I72
sS'smirk'
p1630
I72
sS'alright'
p1631
I68
sS'starting'
p1632
I71
sS'robert'
p1633
I72
sS'interview??(x'
p1634
I72
sS'all'
p1635
I24
sS'diss'
p1636
I71
sS'forget'
p1637
I71
sS'juice>>>>>>>>>>'
p1638
I72
sS'messi'
p1639
I70
sS'crucial'
p1640
I72
sS'lack'
p1641
I72
sS'dollar'
p1642
I71
sS'month'
p1643
I72
sS'kicks'
p1644
I72
sS'bodily'
p1645
I72
sS'coach'
p1646
I72
sS'follow'
p1647
I72
sS'coons'
p1648
I72
sS'decisions'
p1649
I70
sS'als'
p1650
I72
sS'apartment'
p1651
I72
sS'tv'
p1652
I70
sS'tu'
p1653
I71
sS'champions'
p1654
I72
sS'to'
p1655
I4
sS'tl'
p1656
I71
sS'hooks'
p1657
I72
sS'tf'
p1658
I70
sS'smile'
p1659
I71
sS'td'
p1660
I72
sS'te'
p1661
I71
sS'4-0'
p1662
I72
sS'woman'
p1663
I68
sS"they'll"
p1664
I72
sS'song'
p1665
I69
sS'far'
p1666
I71
sS'horror'
p1667
I72
sS'fav'
p1668
I71
sS'saved'
p1669
I72
sS'hahahahahahaha'
p1670
I72
sS'selfies'
p1671
I70
sS'fan'
p1672
I70
sS'fall'
p1673
I70
sS'difference'
p1674
I71
sS'rebounds'
p1675
I72
sS'07:42:23.0,34.2398982,-118.4360988,1194,night'
p1676
I72
sS'trippin'
p1677
I72
sS'ojos.\xe2\x80\x9d'
p1678
I72
sS'<33'
p1679
I72
sS'mothers'
p1680
I72
sS'list'
p1681
I72
sS'grad'
p1682
I72
sS'donovan'
p1683
I72
sS'hyu'
p1684
I71
sS'liars'
p1685
I72
sS'dodger'
p1686
I68
sS'20th'
p1687
I72
sS"i'll"
p1688
I64
sS'dunk'
p1689
I72
sS'neighborhood'
p1690
I72
sS'instagram'
p1691
I72
sS'penalties'
p1692
I72
sS'streets'
p1693
I71
sS'zero'
p1694
I72
sS'pass'
p1695
I71
sS'nba'
p1696
I72
sS'what'
p1697
I27
sS'stood'
p1698
I72
sS"nelly's"
p1699
I72
sS'sun'
p1700
I72
sS'sum'
p1701
I72
sS'fucks'
p1702
I72
sS'sus'
p1703
I72
sS'crazy,91331\n479690946112532480,pappi_chulo69,2014-06-19'
p1704
I72
sS'gay,91331\n478002324636700672,pappi_chulo69,2014-06-15'
p1705
I72
sS'sup'
p1706
I71
sS'comissary'
p1707
I72
sS'tribute'
p1708
I72
sS"male's"
p1709
I72
sS'public'
p1710
I72
sS'vamos'
p1711
I71
sS'tattoos'
p1712
I71
sS'full'
p1713
I72
sS'fogeddaboutit'
p1714
I72
sS'hungover'
p1715
I72
sS'answers'
p1716
I72
sS'hours'
p1717
I70
sS'biiiiiiiiitch'
p1718
I72
sS':),91331\n506207695876419584,esparocks94,2014-08-31'
p1719
I72
sS'ver'
p1720
I72
sS'shoulda'
p1721
I71
sS'ves'
p1722
I72
sS'teeth'
p1723
I72
sS'feel?wassup'
p1724
I72
sS'pics'
p1725
I69
sS'amount'
p1726
I72
sS'social'
p1727
I71
sS"terio's"
p1728
I72
sS"would've"
p1729
I71
sS'mhhhhhhm'
p1730
I72
sS'em,91331\n502322796475994112,esparocks94,2014-08-21'
p1731
I72
sS'w,91331\n497239081777389568,esparocks94,2014-08-07'
p1732
I72
sS'family'
p1733
I69
sS',91331\n479725598630105090,pappi_chulo69,2014-06-19'
p1734
I72
sS'traumatized'
p1735
I72
sS'put'
p1736
I60
sS'dahmmmm'
p1737
I72
sS'brick,91331\n495772076796837888,esparocks94,2014-08-03'
p1738
I72
sS'lolhow'
p1739
I72
sS'pulls'
p1740
I72
sS'seester'
p1741
I72
sS'emoji'
p1742
I71
sS'silva'
p1743
I72
sS'0'
p1744
I72
sS',91331\n497806170678366208,esparocks94,2014-08-08'
p1745
I72
sS'two'
p1746
I70
sS'mort'
p1747
I72
sS'raiderssss'
p1748
I72
sS',91331\n500054269400457217,esparocks94,2014-08-14'
p1749
I72
sS'6'
p1750
I70
sS'taken'
p1751
I71
sS'injury'
p1752
I72
sS'more'
p1753
I58
sS'brisa'
p1754
I71
sS'tryna'
p1755
I70
sS'door'
p1756
I71
sS'knows'
p1757
I70
sS'speedo'
p1758
I72
sS'tested'
p1759
I72
sS'flag'
p1760
I72
sS"ain't"
p1761
I58
sS'stick'
p1762
I72
sS'broke'
p1763
I70
sS'known'
p1764
I72
sS'duh2pac-put'
p1765
I72
sS'glad'
p1766
I72
sS'luv'
p1767
I72
sS'none'
p1768
I71
sS'salvador'
p1769
I71
sS'20:41:47.0,34.2370678,-118.4336103,1194,fuck'
p1770
I72
sS'lingerer'
p1771
I72
sS'science'
p1772
I72
sS'sucks'
p1773
I70
sS'remain'
p1774
I72
sS'waz'
p1775
I72
sS'learn'
p1776
I70
sS'history'
p1777
I72
sS'beautiful'
p1778
I68
sS'compare'
p1779
I72
sS'embarrassing'
p1780
I72
sS'bruh,91331\n497237862400925696,esparocks94,2014-08-07'
p1781
I72
sS'brown'
p1782
I71
sS'stacking'
p1783
I72
sS'lolol'
p1784
I72
sS'shit,91331\n486613385383919618,pappi_chulo69,2014-07-08'
p1785
I72
sS'sense'
p1786
I71
sS'pong'
p1787
I69
sS'dress'
p1788
I71
sS'mclovin'
p1789
I72
sS'needs'
p1790
I69
sS'court'
p1791
I69
sS'goal'
p1792
I69
sS'awkward'
p1793
I72
sS'cheering'
p1794
I72
sS'rather'
p1795
I71
sS'breaking'
p1796
I70
sS'appears,91331\n479725323555053569,pappi_chulo69,2014-06-19'
p1797
I72
sS'fame'
p1798
I72
sS'needa'
p1799
I72
sS'hugs'
p1800
I72
sS'lot,91331\n483860106317004800,pappi_chulo69,2014-07-01'
p1801
I72
sS'ryu'
p1802
I72
sS'goat'
p1803
I72
sS'creature'
p1804
I72
sS'pre-gaming'
p1805
I72
sS'okay'
p1806
I71
sS'tried'
p1807
I72
sS'tiggo'
p1808
I72
sS'brownie'
p1809
I72
sS'tries'
p1810
I72
sS'blood'
p1811
I72
sS'coming'
p1812
I70
sS'day40s'
p1813
I72
sS'fo'
p1814
I72
sS'a'
p1815
I5
sS'todaysup'
p1816
I72
sS'startsgunna'
p1817
I72
sS'espa!!!,91331\n502271471126052864,esparocks94,2014-08-21'
p1818
I72
sS'same,91331\n497606319311163392,esparocks94,2014-08-08'
p1819
I72
sS'shady'
p1820
I72
sS'damnnnnn\xe2\x80\x9d'
p1821
I72
sS'bugs'
p1822
I72
sS'blasphemous'
p1823
I72
sS'nooooooo,91331\n502568317849452544,esparocks94,2014-08-21'
p1824
I72
sS'shade'
p1825
I72
sS'sonnnn'
p1826
I72
sS'dream'
p1827
I69
sS'playing'
p1828
I66
sS"that's"
p1829
I46
sS'chicks'
p1830
I72
sS'sproles'
p1831
I72
sS'mexican'
p1832
I72
sS'help'
p1833
I70
sS"don't"
p1834
I29
sS'september'
p1835
I72
sS'developed'
p1836
I72
sS'soon'
p1837
I72
sS'trade'
p1838
I71
sS'attitude'
p1839
I71
sS'paper'
p1840
I71
sS'through'
p1841
I69
sS'brim'
p1842
I72
sS'hell'
p1843
I69
sS'its'
p1844
I62
sS'24'
p1845
I72
sS'style'
p1846
I72
sS'20:40:04.0,34.2370292,-118.4337239,1194,booty'
p1847
I72
sS'20'
p1848
I72
sS'21'
p1849
I70
sS'22'
p1850
I72
sS'granpappy'
p1851
I72
sS'pray'
p1852
I72
sS'gerald'
p1853
I71
sS'29'
p1854
I72
sS'actually'
p1855
I60
sS'late'
p1856
I69
sS'ruining'
p1857
I72
sS'bummer'
p1858
I72
sS',91331\n478763879254601728,pappi_chulo69,2014-06-17'
p1859
I72
sS'isaac'
p1860
I72
sS'bout'
p1861
I63
sS'soccer'
p1862
I67
sS'might'
p1863
I68
sS"haven't"
p1864
I66
sS'fool'
p1865
I70
sS'someone'
p1866
I57
sS'somebody'
p1867
I71
sS'yo'
p1868
I65
sS'food'
p1869
I70
sS'play,91331\n483858609332178944,pappi_chulo69,2014-07-01'
p1870
I72
sS'boobies'
p1871
I72
sS'vomit'
p1872
I72
sS'odie'
p1873
I72
sS'foot'
p1874
I70
sS'yu'
p1875
I71
sS'complain'
p1876
I72
sS'bigger'
p1877
I72
sS'agooooo'
p1878
I72
sS'algerian'
p1879
I72
sS'everytime'
p1880
I72
sS'always'
p1881
I44
sS'loosely'
p1882
I72
sS'drake'
p1883
I72
sS'events'
p1884
I72
sS'bless'
p1885
I72
sS'tear'
p1886
I71
sS'habits'
p1887
I71
sS'stopped'
p1888
I72
sS'bad,91331\n502552082814365696,esparocks94,2014-08-21'
p1889
I72
sS'turns'
p1890
I72
sS'found'
p1891
I69
sS'*blades'
p1892
I72
sS'marry'
p1893
I72
sS"isn't"
p1894
I66
sS'2k'
p1895
I72
sS'sterling'
p1896
I72
sS'everyone'
p1897
I64
sS'england'
p1898
I72
sS'upstairs'
p1899
I72
sS'weight'
p1900
I72
sS'house'
p1901
I68
sS'fish'
p1902
I72
sS'hard'
p1903
I66
sS'idea'
p1904
I71
sS'jenningsdevante'
p1905
I72
sS'gun'
p1906
I72
sS'expect'
p1907
I71
sS'butthurt'
p1908
I72
sS'really'
p1909
I51
sS'lovers'
p1910
I70
sS'missed'
p1911
I71
sS'ftw'
p1912
I72
sS'childish'
p1913
I71
sS'since'
p1914
I63
sS'mojo'
p1915
I72
sS'acting'
p1916
I72
sS'hill'
p1917
I72
sS'7'
p1918
I72
sS'hell,91331\n502542685652410369,esparocks94,2014-08-21'
p1919
I72
sS'salute'
p1920
I72
sS'ass'
p1921
I56
sS'disagree'
p1922
I72
sS'friday'
p1923
I68
sS'horse'
p1924
I72
sS',91331\n501916895671779329,esparocks94,2014-08-20'
p1925
I72
sS'reason'
p1926
I66
sS'disneyland'
p1927
I71
sS'fatass'
p1928
I72
sS'imagine'
p1929
I72
sS'ask'
p1930
I68
sS"02:33:29.0,34.2370456,-118.4336195,1194,he's"
p1931
I72
sS'beginning'
p1932
I72
sS'vamonos'
p1933
I72
sS'epicenter'
p1934
I72
sS'coaches'
p1935
I72
sS'ragrets'
p1936
I72
sS'*through'
p1937
I72
sS'47-0'
p1938
I71
sS'4:30'
p1939
I72
sS'expecting'
p1940
I72
sS'shogunbut'
p1941
I72
sS'w'
p1942
I71
sS'sarcasm'
p1943
I72
sS'castle'
p1944
I71
sS'throws'
p1945
I72
sS'withpull'
p1946
I72
sS'feed'
p1947
I72
sS'dont'
p1948
I64
sS'feel'
p1949
I57
sS'patience'
p1950
I72
sS'number'
p1951
I72
sS'sisters'
p1952
I72
sS'outdamn'
p1953
I72
sS'done'
p1954
I71
sS'kobe'
p1955
I69
sS'cups'
p1956
I71
sS'miss'
p1957
I66
sS'story'
p1958
I71
sS'heads'
p1959
I72
sS'paint'
p1960
I72
sS'5th'
p1961
I72
sS'least'
p1962
I68
sS'sandcastle'
p1963
I72
sS'mama'
p1964
I72
sS'smhrip'
p1965
I72
sS'relationship'
p1966
I72
sS'behind'
p1967
I71
sS'you\xe2\x80\x9d'
p1968
I71
sS'part'
p1969
I70
sS'jordan'
p1970
I72
sS'mmmh'
p1971
I72
sS'believe'
p1972
I65
sS'stairs'
p1973
I72
sS'uncut'
p1974
I72
sS'king'
p1975
I71
sS'05:17:49.0,34.23678789,-118.43359884,1194,we'
p1976
I72
sS'b'
p1977
I72
sS'inducted'
p1978
I72
sS'gotten'
p1979
I71
sS'mcfly'
p1980
I72
sS'tssss'
p1981
I71
sS'(pacoima'
p1982
I72
sS'dank'
p1983
I71
sS'nuthin'
p1984
I72
sS'treated'
p1985
I72
sS'genius,91331\n498994476829122560,esparocks94,2014-08-12'
p1986
I72
sS'swerve'
p1987
I72
sS'lewandowski'
p1988
I72
sS'outta'
p1989
I72
sS'picked'
p1990
I72
sS'wasnt'
p1991
I72
sS'goooooooooalazo'
p1992
I72
sS'ceiling'
p1993
I72
sS'guarding'
p1994
I72
sS'halarious'
p1995
I72
sS'welp'
p1996
I71
sS'nights'
p1997
I71
sS'oitnb'
p1998
I72
sS'dancing'
p1999
I72
sS'lil'
p2000
I68
sS'self'
p2001
I62
sS'03:43:17.0,34.239901,-118.4360931,1194,if'
p2002
I72
sS'communicate,91331\n497234887234293760,esparocks94,2014-08-07'
p2003
I72
sS'also'
p2004
I72
sS'k1'
p2005
I72
sS'finding'
p2006
I71
sS'commentary'
p2007
I71
sS'cameroon'
p2008
I72
sS'saturdaynightcartunes'
p2009
I72
sS'play'
p2010
I66
sS'compa'
p2011
I72
sS'eater'
p2012
I72
sS'drowns'
p2013
I72
sS'most'
p2014
I66
sS'plan'
p2015
I71
sS'nothing'
p2016
I70
sS'\xee\x80\x92'
p2017
I72
sS'mack'
p2018
I72
sS'approved'
p2019
I72
sS'wats'
p2020
I72
sS'kb'
p2021
I72
sS'5-6'
p2022
I72
sS'5-1'
p2023
I72
sS'5-0'
p2024
I72
sS'mando'
p2025
I72
sS'sometimes'
p2026
I69
sS'ko'
p2027
I72
sS'gin'
p2028
I72
sS'amazed'
p2029
I72
sS'd-rose'
p2030
I72
sS'20:52:56.0,34.2399034,-118.4361324,1194,they'
p2031
I72
sS"robben's"
p2032
I72
sS'attacking'
p2033
I72
sS'ugh'
p2034
I71
sS'gold'
p2035
I71
sS'grandmas'
p2036
I72
sS'hugging'
p2037
I72
sS'photoshop'
p2038
I72
sS'stfu'
p2039
I70
sS'aight?lolmiss'
p2040
I72
sS'stoned'
p2041
I72
sS'heavens'
p2042
I72
sS'hornets'
p2043
I72
sS'find'
p2044
I69
sS'shits'
p2045
I72
sS'$5'
p2046
I72
sS'sayin'
p2047
I71
sS'nervous'
p2048
I72
sS'ruin'
p2049
I72
sS'writer'
p2050
I72
sS'skylar'
p2051
I72
sS'wayne'
p2052
I72
sS'pretty'
p2053
I67
sS'8'
p2054
I68
sS'20:47:00.0,34.2370709,-118.4336817,1194,the'
p2055
I72
sS'shepherd'
p2056
I72
sS'lombard'
p2057
I72
sS'his'
p2058
I50
sS'hit'
p2059
I68
sS'tommorow'
p2060
I71
sS'express'
p2061
I72
sS'views"'
p2062
I72
sS'famous'
p2063
I71
sS'feels'
p2064
I72
sS'rings'
p2065
I72
sS'11-1'
p2066
I72
sS'during'
p2067
I72
sS'him'
p2068
I55
sS'huh!,91331\n502268597197365248,esparocks94,2014-08-21'
p2069
I72
sS'enemy'
p2070
I72
sS'riolive2014'
p2071
I72
sS'cry'
p2072
I70
sS'perfume'
p2073
I72
sS'croatia'
p2074
I72
sS"mo'ne"
p2075
I72
sS'heartless"'
p2076
I72
sS'wrote'
p2077
I72
sS'insane'
p2078
I72
sS'bars'
p2079
I72
sS'set'
p2080
I71
sS'supporting'
p2081
I72
sS'sex'
p2082
I71
sS'manning'
p2083
I72
sS'see'
p2084
I46
sS'defense'
p2085
I71
sS'dumb'
p2086
I70
sS'are'
p2087
I35
sS'close'
p2088
I70
sS'retweet'
p2089
I71
sS'afterr'
p2090
I72
sS'02:27:33.0,34.2399865,-118.4361003,1194,goddamnit'
p2091
I72
sS'up,91331\n483860980770697216,pappi_chulo69,2014-07-01'
p2092
I72
sS'movie'
p2093
I68
sS'wow'
p2094
I71
sS'please'
p2095
I64
sS'slackin'
p2096
I72
sS'robinmovie'
p2097
I72
sS"womani've"
p2098
I72
sS'fans'
p2099
I70
sS'won'
p2100
I71
sS'nas-ethertop'
p2101
I72
sS'unluckiest'
p2102
I72
sS'probably'
p2103
I66
sS'burned'
p2104
I72
sS'nope'
p2105
I70
sS'knowing'
p2106
I69
sS'solo'
p2107
I72
sS'foorelax'
p2108
I72
sS'purps'
p2109
I72
sS'pisses'
p2110
I72
sS'greinke'
p2111
I72
sS'jayrock'
p2112
I72
sS'both'
p2113
I71
sS'last'
p2114
I52
sS'restaurant'
p2115
I72
sS"wouldn't"
p2116
I70
sS'barely'
p2117
I71
sS'mkay'
p2118
I72
sS'mcdonald'
p2119
I72
sS'became'
p2120
I72
sS'rose'
p2121
I72
sS'whole'
p2122
I67
sS'load'
p2123
I72
sS'cakes'
p2124
I71
sS'drunk'
p2125
I71
sS'simple'
p2126
I69
sS'sweet'
p2127
I69
sS'wants10'
p2128
I72
sS'dudes'
p2129
I71
sS'hollow'
p2130
I72
sS'likes'
p2131
I70
sS'magin'
p2132
I72
sS'big,91331\n501157427027640320,esparocks94,2014-08-18'
p2133
I72
sS'sammy'
p2134
I71
sS'bench'
p2135
I72
sS'duh'
p2136
I71
sS'squadnaw'
p2137
I72
sS'devil'
p2138
I72
sS'mikes'
p2139
I72
sS"evelyn's"
p2140
I72
sS'acceptance'
p2141
I72
sS'dud'
p2142
I72
sS'hitting'
p2143
I71
sS'pa'
p2144
I72
sS'damn'
p2145
I53
sS'pg'
p2146
I72
sS'6-1'
p2147
I72
sS'woke'
p2148
I68
sS'pm'
p2149
I72
sS'siting'
p2150
I72
sS'gay'
p2151
I67
sS'sending'
p2152
I72
sS'fire'
p2153
I72
sS"what's"
p2154
I71
sS'gas'
p2155
I72
sS'else'
p2156
I70
sS'anthony'
p2157
I72
sS'understand'
p2158
I72
sS'dadgods'
p2159
I72
sS'ohhh'
p2160
I72
sS'byobwill'
p2161
I72
sS'instructor'
p2162
I72
sS'skool'
p2163
I72
sS'honking'
p2164
I72
sS'look'
p2165
I63
sS'solid'
p2166
I72
sS'straight'
p2167
I70
sS'bill'
p2168
I71
sS'convo'
p2169
I72
sS"redd's"
p2170
I72
sS'forgetting'
p2171
I71
sS'while'
p2172
I67
sS'ayyyyyyyyyyyye'
p2173
I72
sS'mike"'
p2174
I72
sS'fun'
p2175
I70
sS'theres'
p2176
I72
sS'08:13:29.0,34.2398861,-118.4361519,1194,rusell'
p2177
I72
sS'pound'
p2178
I72
sS'<3'
p2179
I72
sS'bruhhhhhh'
p2180
I72
sS'dooowwnnnn'
p2181
I72
sS'rip'
p2182
I71
sS'jadeveon'
p2183
I72
sS'rim'
p2184
I72
sS'oaxacan,91331\n483854773796364288,pappi_chulo69,2014-07-01'
p2185
I72
sS'triple'
p2186
I69
sS'ready'
p2187
I68
sS'skalex'
p2188
I72
sS'voy'
p2189
I72
sS'around'
p2190
I58
sS'funny'
p2191
I68
sS'raiders'
p2192
I71
sS'shirt'
p2193
I72
sS'anymore'
p2194
I68
sS'noooo'
p2195
I72
sS'puig'
p2196
I72
sS'peoples'
p2197
I71
sS'9'
p2198
I72
sS'ruth'
p2199
I72
sS"even'lol"
p2200
I72
sS"money's"
p2201
I72
sS'used'
p2202
I69
sS'classmates'
p2203
I71
sS'lie'
p2204
I69
sS'kemp'
p2205
I71
sS'syo'
p2206
I72
sS'yesterday'
p2207
I71
sS'moment'
p2208
I72
sS'u.s'
p2209
I72
sS'moving'
p2210
I72
sS'dark'
p2211
I72
sS'characters'
p2212
I72
sS'older'
p2213
I70
sS"dad's"
p2214
I71
sS'codeine'
p2215
I72
sS'anybody'
p2216
I69
sS'obviously'
p2217
I72
sS'person'
p2218
I72
sS'edge'
p2219
I72
sS'flags'
p2220
I71
sS'inspirational'
p2221
I72
sS'consistency'
p2222
I72
sS'y'
p2223
I70
sS"'entv"
p2224
I72
sS'skill'
p2225
I72
sS'chemistry'
p2226
I72
sS'spend'
p2227
I72
sS'guribe'
p2228
I72
sS'know'
p2229
I37
sS'i\xe2\x80\x99m'
p2230
I69
sS'swanson'
p2231
I72
sS'questions'
p2232
I72
sS'18:06:54.0,34.239946,-118.4361505,1194,i'
p2233
I72
sS'knewtoo'
p2234
I72
sS'praying'
p2235
I72
sS'bouta'
p2236
I72
sS'apple'
p2237
I72
sS'letting'
p2238
I72
sS'cut'
p2239
I71
sS'$'
p2240
I72
sS'cup'
p2241
I61
sS'bogues'
p2242
I72
sS'november,91331\n502564324641361920,esparocks94,2014-08-21'
p2243
I72
sS'cuz'
p2244
I72
sS'goooooooallllll'
p2245
I72
sS'pies'
p2246
I72
sS'eager'
p2247
I72
sS'parents'
p2248
I70
sS'soooooo'
p2249
I71
sS'homies'
p2250
I68
sS'snap'
p2251
I71
sS'ruled'
p2252
I72
sS'excited'
p2253
I69
sS'hates'
p2254
I72
sS'playing,91331\n486604263750000640,pappi_chulo69,2014-07-08'
p2255
I72
sS'australia'
p2256
I72
sS'tonight.they'
p2257
I72
sS'trigg'
p2258
I72
sS'big'
p2259
I65
sS'couple'
p2260
I71
sS'instructors'
p2261
I72
sS'lmaoyou'
p2262
I72
sS'game'
p2263
I52
sS'volver'
p2264
I72
sS'bit'
p2265
I72
sS'wings'
p2266
I72
sS'knock'
p2267
I72
sS'reminded'
p2268
I72
sS'd'
p2269
I72
sS'hahha'
p2270
I72
sS'patrick'
p2271
I72
sS'do?lol,91331\n501174347361689601,esparocks94,2014-08-18'
p2272
I72
sS'week\xe2\x80\x9d'
p2273
I72
sS'google'
p2274
I72
sS'w/o'
p2275
I72
sS'klose'
p2276
I72
sS'fucking'
p2277
I64
sS'madarfarckers'
p2278
I72
sS'some'
p2279
I41
sS'back'
p2280
I54
sS'pali'
p2281
I72
sS'lips'
p2282
I72
sS'mmmmm'
p2283
I72
sS'curious'
p2284
I72
sS'manques'
p2285
I72
sS'boogers'
p2286
I72
sS'delivered'
p2287
I72
sS'qatar'
p2288
I72
sS'pet'
p2289
I72
sS'pros'
p2290
I72
sS'pouya-'
p2291
I72
sS'slash'
p2292
I72
sS'pele'
p2293
I72
sS'pee'
p2294
I72
sS'prob'
p2295
I72
sS'laughing'
p2296
I72
sS'be'
p2297
I17
sS'bf'
p2298
I71
sS'run'
p2299
I71
sS'bc'
p2300
I72
sS'bo'
p2301
I72
sS'fed'
p2302
I72
sS"'this"
p2303
I72
sS'fee'
p2304
I72
sS'bp'
p2305
I72
sS'nowhere'
p2306
I71
sS'become'
p2307
I72
sS'raider'
p2308
I71
sS'by'
p2309
I62
sS'lagrima'
p2310
I72
sS'snoop'
p2311
I72
sS'fosho'
p2312
I70
sS'netflix'
p2313
I71
sS'truck'
p2314
I72
sS'grampsbut'
p2315
I72
sS'drama'
p2316
I72
sS'idk'
p2317
I62
sS'nowcavs'
p2318
I72
sS'mouth'
p2319
I70
sS'nuys'
p2320
I72
sS'hahahah'
p2321
I71
sS'dwight'
p2322
I72
sS'silence'
p2323
I72
sS'seeing'
p2324
I70
sS'visit'
p2325
I72
sS'into'
p2326
I67
sS'nonsense'
p2327
I72
sS'services'
p2328
I72
sS'nigga'
p2329
I38
sS'schrute'
p2330
I72
sS'lebron'
p2331
I72
sS'chillllll'
p2332
I72
sS'ubana'
p2333
I72
sS'engagements'
p2334
I72
sS'.-'
p2335
I72
sS'spending'
p2336
I72
sS'ew'
p2337
I72
sS'question'
p2338
I69
sS'ca)'
p2339
I71
sS'fast'
p2340
I68
sS'ruthbaby'
p2341
I72
sS"we're"
p2342
I70
sS'bridesmaids'
p2343
I72
sS'bruh'
p2344
I65
sS'forward'
p2345
I72
sS'bored'
p2346
I68
sS'twitter'
p2347
I72
sS'bitties'
p2348
I72
sS'wnb'
p2349
I72
sS'himself'
p2350
I71
sS'butters'
p2351
I72
sS'ahhh'
p2352
I72
sS'boys'
p2353
I71
sS'._'
p2354
I72
sS'line'
p2355
I71
sS'\xe2\x99\xa5'
p2356
I72
sS'posted'
p2357
I71
sS'nieces'
p2358
I72
sS'fries'
p2359
I71
sS'up'
p2360
I18
sS'us'
p2361
I59
sS'ur'
p2362
I69
sS'planet'
p2363
I72
sS"tomorrow's"
p2364
I72
sS'un'
p2365
I72
sS'faded'
p2366
I71
sS'cahill'
p2367
I72
sS'called'
p2368
I68
sS'00:47:28.0,34.2395124,-118.4359637,1194,everyone'
p2369
I72
sS'camp'
p2370
I72
sS'slam,91331\n498994140118786048,esparocks94,2014-08-12'
p2371
I72
sS'3-0'
p2372
I72
sS'cleveland'
p2373
I72
sS'gucc'
p2374
I72
sS'twiteros'
p2375
I72
sS'single'
p2376
I71
sS'breeze2cool'
p2377
I72
sS'chucks'
p2378
I72
sS'wutang'
p2379
I72
sS'doe'
p2380
I72
sS'rainbow'
p2381
I71
sS'granada'
p2382
I72
sS'nah'
p2383
I70
sS'realest'
p2384
I72
sS'nam'
p2385
I72
sS'nick'
p2386
I71
sS'nap'
p2387
I70
sS'definitely'
p2388
I72
sS'naw'
p2389
I65
sS'grind'
p2390
I72
sS'nice'
p2391
I66
sS'shrug'
p2392
I72
sS'apparent'
p2393
I72
sS'ediable'
p2394
I72
sS'missin'
p2395
I72
sS'problems'
p2396
I72
sS'flatbush'
p2397
I71
sS'chilln'
p2398
I72
sS"guy's"
p2399
I71
sS'hypocrites,91331\n486612438976978944,pappi_chulo69,2014-07-08'
p2400
I72
sS'fisher'
p2401
I72
sS'clue'
p2402
I72
sS'mood'
p2403
I72
sS'lane'
p2404
I72
sS'fighter'
p2405
I71
sS'lead'
p2406
I72
sS'age'
p2407
I72
sS'walked'
p2408
I70
sS'fresa'
p2409
I72
sS'muggsy'
p2410
I72
sS'hella'
p2411
I72
sS'karma'
p2412
I72
sS',91331\n484096231463849984,pappi_chulo69,2014-07-01'
p2413
I72
sS'fresh'
p2414
I71
sS'2008'
p2415
I72
sS'19:48:07.0,34.2398053,-118.4361289,1194,the'
p2416
I72
sS'hello'
p2417
I71
sS'once'
p2418
I68
sS'dribbling'
p2419
I72
sS'edc'
p2420
I72
sS'foodlike'
p2421
I72
sS'gp'
p2422
I72
sS'schurle'
p2423
I72
sS'results'
p2424
I72
sS'nuns'
p2425
I72
sS'enjoyable'
p2426
I72
sS'gladly'
p2427
I72
sS'go'
p2428
I25
sS'chillin'
p2429
I72
sS'today?,91331\n502266781013381120,esparocks94,2014-08-21'
p2430
I72
sS'effort'
p2431
I72
sS'young'
p2432
I66
sS'send'
p2433
I70
sS'suits'
p2434
I72
sS'feded'
p2435
I72
sS'helps'
p2436
I72
sS'stable'
p2437
I72
sS'officials'
p2438
I72
sS'dislike'
p2439
I72
sS'pleasing'
p2440
I72
sS'dogim'
p2441
I72
sS'11:34'
p2442
I72
sS'outside'
p2443
I72
sS'agua'
p2444
I72
sS'putting'
p2445
I72
sS'homework'
p2446
I72
sS'telling'
p2447
I72
sS'drinking'
p2448
I69
sS'korea'
p2449
I72
sS'isella'
p2450
I70
sS'magic'
p2451
I72
sS'knight'
p2452
I71
sS'joel'
p2453
I72
sS'gettin'
p2454
I72
sS'michael'
p2455
I71
sS'try'
p2456
I68
sS'race'
p2457
I72
sS'min'
p2458
I72
sS'ahahahaha'
p2459
I71
sS'havent'
p2460
I72
sS'challenge'
p2461
I71
sS'thiago'
p2462
I72
sS'paulinho'
p2463
I72
sS'booty'
p2464
I72
sS'goodthat'
p2465
I72
sS'crop'
p2466
I72
sS'waking'
p2467
I71
sS'jump'
p2468
I72
sS'squabble'
p2469
I72
sS'video'
p2470
I70
sS'uncomfortable'
p2471
I71
sS'odd'
p2472
I71
sS'm&ms'
p2473
I72
sS'victor'
p2474
I72
sS'graduating'
p2475
I72
sS'plays'
p2476
I71
sS'chicago'
p2477
I72
sS'giving'
p2478
I72
sS'anthem'
p2479
I72
sS'delicous'
p2480
I72
sS'yellow'
p2481
I72
sS'itnever'
p2482
I72
sS'crazydude'
p2483
I72
sS'cell'
p2484
I72
sS'lmfao'
p2485
I71
sS'waiting'
p2486
I71
sS'kershaw'
p2487
I71
sS'nails'
p2488
I72
sS'nazis'
p2489
I72
sS'body'
p2490
I69
sS'pediatrics'
p2491
I72
sS'chose'
p2492
I72
sS'waiting,91331\n502320984293400576,esparocks94,2014-08-21'
p2493
I72
sS'pushing'
p2494
I72
sS'sins'
p2495
I72
sS'embiid'
p2496
I71
sS'growing'
p2497
I72
sS'packing'
p2498
I71
sS'let'
p2499
I65
sS'sing'
p2500
I70
sS'astrid'
p2501
I72
sS'great'
p2502
I68
sS'talent'
p2503
I71
sS'\xe2\x9a\xbd\xef\xb8\x8f'
p2504
I72
sS'30'
p2505
I70
sS'leaving'
p2506
I72
sS'eatin'
p2507
I72
sS'weak,91331\n502531787399397376,esparocks94,2014-08-21'
p2508
I72
sS'enough,91331\n497575017816014848,esparocks94,2014-08-08'
p2509
I72
sS'opinion'
p2510
I72
sS'{'
p2511
I72
sS'makes'
p2512
I65
sS'weekends'
p2513
I72
sS'keyshia'
p2514
I72
sS'thats'
p2515
I67
sS'named'
p2516
I72
sS'slinging'
p2517
I72
sS'spy'
p2518
I72
sS'win'
p2519
I70
sS'manage'
p2520
I72
sS'clicka'
p2521
I72
sS'manny'
p2522
I72
sS'wit'
p2523
I68
sS'duck'
p2524
I71
sS'tirar'
p2525
I72
sS'(circa'
p2526
I72
sS'use'
p2527
I69
sS'hahahahaha'
p2528
I70
sS'from'
p2529
I53
sS'facetimemeronnie'
p2530
I72
sS'usa'
p2531
I72
sS'&'
p2532
I56
sS'chocolates'
p2533
I72
sS'next'
p2534
I60
sS'few'
p2535
I71
sS'doubt'
p2536
I71
sS'chu'
p2537
I72
sS'crab'
p2538
I72
sS'love.....for'
p2539
I72
sS'.mmmkay'
p2540
I72
sS'themselves'
p2541
I72
sS'stage'
p2542
I72
sS'popped'
p2543
I72
sS'luck'
p2544
I72
sS'started'
p2545
I68
sS'calling'
p2546
I72
sS'sister'
p2547
I72
sS'confused'
p2548
I72
sS'pagado'
p2549
I72
sS'sore'
p2550
I72
sS'baby'
p2551
I67
sS'fugayzi'
p2552
I72
sS'women'
p2553
I70
sS'annoy'
p2554
I72
sS'account'
p2555
I72
sS'balls'
p2556
I71
sS'this'
p2557
I15
sS'ride'
p2558
I69
sS'tease'
p2559
I72
sS'mommas'
p2560
I72
sS'kendrick'
p2561
I72
sS'crossed'
p2562
I71
sS'aight'
p2563
I69
sS'meet'
p2564
I71
sS'didnt'
p2565
I71
sS'bereal'
p2566
I72
sS'stoll'
p2567
I72
sS'point'
p2568
I71
sS'hip'
p2569
I72
sS'bens'
p2570
I72
sS'waaaay'
p2571
I72
sS'lizard'
p2572
I72
sS'high'
p2573
I67
sS'locs'
p2574
I72
sS'pulling'
p2575
I72
sS'something'
p2576
I67
sS'llws'
p2577
I72
sS'sip'
p2578
I72
sS'-.-"'
p2579
I72
sS'sit'
p2580
I71
sS'vibe'
p2581
I70
sS'six'
p2582
I72
sS'instead'
p2583
I71
sS'comedy'
p2584
I71
sS'sin'
p2585
I71
sS'stand'
p2586
I72
sS'pink'
p2587
I72
sS'honda'
p2588
I72
sS'hawt'
p2589
I71
sS'watch'
p2590
I66
sS"dick's"
p2591
I72
sS'fart'
p2592
I72
sS'taco'
p2593
I70
sS'hahahaha'
p2594
I70
sS'reggie'
p2595
I71
sS'ahahaha'
p2596
I72
sS'blocki'
p2597
I72
sS'cuddling'
p2598
I72
sS"they'd"
p2599
I72
sS'light'
p2600
I71
sS'wwii'
p2601
I72
sS'honestly'
p2602
I65
sS'scrubs'
p2603
I70
sS'boyssss,91331\n497616068647874560,esparocks94,2014-08-08'
p2604
I72
sS'watermelon'
p2605
I72
sS'one,91331\n497576470810996737,esparocks94,2014-08-08'
p2606
I72
sS'holds'
p2607
I72
sS'baddie'
p2608
I72
sS'sonrematch'
p2609
I72
sS'clinicals'
p2610
I70
sS'?\xe2\x80\x9dduhhhhh'
p2611
I72
sS'produced'
p2612
I72
sS'hugged'
p2613
I72
sS"won't"
p2614
I69
sS'looks'
p2615
I66
sS'gramps'
p2616
I72
sS'meyourvfunnyeddieq'
p2617
I72
sS'bunch'
p2618
I71
sS'perfect'
p2619
I68
sS'roja'
p2620
I72
sS'la'
p2621
I71
sS'lo'
p2622
I70
sS'2018'
p2623
I72
sS'orange'
p2624
I71
sS'2014'
p2625
I72
sS'bye'
p2626
I70
sS'dad'
p2627
I65
sS'freeman'
p2628
I72
sS'low,91331\n497576263960526848,esparocks94,2014-08-08'
p2629
I72
sS'pure'
p2630
I72
sS'dab'
p2631
I72
sS'dam'
p2632
I69
sS'nada'
p2633
I72
sS'practice'
p2634
I71
sS'guess'
p2635
I72
sS'sweets'
p2636
I72
sS'creepyass'
p2637
I72
sS'dap'
p2638
I72
sS'kiss'
p2639
I71
sS'hands'
p2640
I70
sS'front'
p2641
I71
sS'rotation'
p2642
I72
sS'day'
p2643
I49
sS'taylors'
p2644
I72
sS'damian'
p2645
I72
sS'toes'
p2646
I72
sS'perdon,91331\n501471833364135936,esparocks94,2014-08-18'
p2647
I72
sS'stroonng'
p2648
I72
sS'covering'
p2649
I72
sS'betta'
p2650
I72
sS'slide'
p2651
I72
sS'truth'
p2652
I71
sS'|'
p2653
I71
sS'02:32:48.0,34.2370609,-118.4336279,1194,drogba'
p2654
I72
sS'ankles'
p2655
I72
sS'donzo'
p2656
I72
sS'doing'
p2657
I69
sS'artists'
p2658
I72
sS'mas'
p2659
I72
sS'20:25:28.0,34.2398503,-118.4360618,1194,before'
p2660
I72
sS'rojas'
p2661
I72
sS'books'
p2662
I72
sS'b*tch'
p2663
I72
sS'jagged'
p2664
I72
sS'our'
p2665
I68
sS'meth'
p2666
I72
sS'special'
p2667
I69
sS'out'
p2668
I31
sS'secretly'
p2669
I72
sS'matt'
p2670
I72
sS'bushrashad'
p2671
I72
sS"'"
p2672
I72
sS'armor'
p2673
I72
sS'boateng'
p2674
I72
sS'arkansas'
p2675
I72
sS'stud'
p2676
I72
sS'fran'
p2677
I72
sS'cause'
p2678
I56
sS'bitchezzzzzzzzz'
p2679
I72
sS'red'
p2680
I72
sS'shut'
p2681
I68
sS'jessica'
p2682
I72
sS'bww'
p2683
I71
sS'frank'
p2684
I72
sS'molly'
p2685
I71
sS'que'
p2686
I65
sS'latte'
p2687
I72
sS'stupidity'
p2688
I72
sS'craving'
p2689
I69
sS'bigass'
p2690
I72
sS"party's"
p2691
I72
sS',91331\n501188919518429185,esparocks94,2014-08-18'
p2692
I72
sS'yard'
p2693
I71
sS'g'
p2694
I70
sS'swuede'
p2695
I72
sS'deprived'
p2696
I72
sS'could'
p2697
I64
sS'pedacito'
p2698
I72
sS'desi'
p2699
I72
sS'times'
p2700
I71
sS'4th'
p2701
I72
sS'shutout'
p2702
I72
sS'oaxacan'
p2703
I72
sS'adrian'
p2704
I72
sS'davis'
p2705
I72
sS'biting'
p2706
I72
sS'chills'
p2707
I71
sS'shrek'
p2708
I72
sS'shucks'
p2709
I72
sS'finest'
p2710
I71
sS'morning?02'
p2711
I72
sS'scene'
p2712
I72
sS'sack'
p2713
I71
sS'whooo'
p2714
I72
sS'bitch'
p2715
I55
sS'uribe'
p2716
I72
sS'quality'
p2717
I72
sS"doesn't"
p2718
I70
sS'tho,91331\n483855240291033089,pappi_chulo69,2014-07-01'
p2719
I72
sS'fuckery'
p2720
I72
sS'los'
p2721
I72
sS'04:44:17.0,34.2398872,-118.4361206,1194,may'
p2722
I72
sS'laps'
p2723
I72
sS'chestday,91331\n497797366775574528,esparocks94,2014-08-08'
p2724
I72
sS'chased'
p2725
I72
sS'adopted'
p2726
I72
sS'their'
p2727
I64
sS'ankle'
p2728
I72
sS'"love"'
p2729
I72
sS'final'
p2730
I72
sS'painful'
p2731
I72
sS'photoshopped'
p2732
I71
sS'04:28:39.0,34.2398903,-118.4360036,1194,still'
p2733
I72
sS'gear'
p2734
I72
sS'academy'
p2735
I72
sS'-ortits"'
p2736
I72
sS'exactly'
p2737
I72
sS'negro'
p2738
I72
sS'markall'
p2739
I72
sS'rsx'
p2740
I72
sS'bieber'
p2741
I72
sS'eho'
p2742
I72
sS'megatron'
p2743
I72
sS'neck'
p2744
I72
sS'steel'
p2745
I71
sS'loved'
p2746
I72
sS'holland'
p2747
I71
sS'kickback'
p2748
I71
sS'agoma'
p2749
I72
sS'boring'
p2750
I72
sS'coast'
p2751
I72
sS'beg'
p2752
I72
sS'bed'
p2753
I71
sS'firework'
p2754
I71
sS'assumes'
p2755
I72
sS'm\xc3\xad'
p2756
I72
sS'country'
p2757
I72
sS'bet'
p2758
I70
sS'exhibit'
p2759
I72
sS'wiggins,91331\n497286618794168321,esparocks94,2014-08-07'
p2760
I72
sS'wakes'
p2761
I72
sS'gawdddd'
p2762
I72
sS'spelled'
p2763
I72
sS'comfortable'
p2764
I72
sS'tonight'
p2765
I67
sS'alwys'
p2766
I72
sS'have'
p2767
I28
sS'need'
p2768
I50
sS'curved'
p2769
I72
sS'vaca'
p2770
I72
sS'apparently'
p2771
I72
sS'afraid'
p2772
I71
sS"nigga's"
p2773
I72
sS'congrats'
p2774
I72
sS'able'
p2775
I71
sS'hangover'
p2776
I71
sS'arm'
p2777
I72
sS'bagel'
p2778
I72
sS'which'
p2779
I70
sS'hs'
p2780
I72
sS'so'
p2781
I23
sS'mis'
p2782
I72
sS'wednesday,91331\n483859617978413056,pappi_chulo69,2014-07-01'
p2783
I72
sS'blades'
p2784
I72
sS'aww'
p2785
I70
sS'who'
p2786
I51
sS'disappointments'
p2787
I72
sS'dumbasses'
p2788
I72
sS"where's"
p2789
I72
sS'intentions'
p2790
I70
sS'forreal'
p2791
I72
sS'mineima'
p2792
I72
sS'yeah,91331\n497249333184839681,esparocks94,2014-08-07'
p2793
I72
sS'segment'
p2794
I72
sS'why'
p2795
I40
sS'breh'
p2796
I68
sS'thanksgiving'
p2797
I72
sS'face'
p2798
I64
sS'looked'
p2799
I72
sS"you'll"
p2800
I72
sS'se'
p2801
I72
sS'xavier'
p2802
I72
sS"julie's"
p2803
I72
sS'fact'
p2804
I72
sS'parker'
p2805
I72
sS'00:48:48.0,34.2398122,-118.4360961,1194,gonzo'
p2806
I72
sS'text'
p2807
I71
sS'assholes'
p2808
I72
sS'nightand'
p2809
I72
sS'quiras'
p2810
I72
sS'bring'
p2811
I69
sS'demons'
p2812
I72
sS'chicken'
p2813
I72
sS'filthy'
p2814
I72
sS'04:04:04.0,34.2398877,-118.4360914,1194,p,91331\n497231659159535617,esparocks94,2014-08-07'
p2815
I72
sS'meeeeee'
p2816
I72
sS'durant'
p2817
I72
sS'trying'
p2818
I68
sS'earned'
p2819
I72
sS'22:12:55.0,34.2395644,-118.4359605,1194,who'
p2820
I72
sS'('
p2821
I69
sS'should'
p2822
I62
sS'hector'
p2823
I70
sS'score'
p2824
I72
sS'khloe'
p2825
I72
sS'scored,91331\n486603386578419713,pappi_chulo69,2014-07-08'
p2826
I72
sS'truck)'
p2827
I72
sS'hope'
p2828
I68
sS'meant'
p2829
I70
sS'move'
p2830
I71
sS'handle'
p2831
I72
sS'listened'
p2832
I72
sS'means'
p2833
I70
sS'beat'
p2834
I67
sS'dope'
p2835
I69
sS'indirects'
p2836
I72
sS'stripes'
p2837
I72
sS'tbh'
p2838
I71
sS'community'
p2839
I72
sS'ones'
p2840
I67
sS'cubs'
p2841
I72
sS'words'
p2842
I69
sS'runnnnnnnnnn'
p2843
I72
sS'far,91331\n483855380183662593,pappi_chulo69,2014-07-01'
p2844
I72
sS'westchester'
p2845
I72
sS'scrolling'
p2846
I72
sS'strrooong'
p2847
I72
sS'ghetto'
p2848
I70
sS'20:34:31.0,34.2370699,-118.4336405,1194,where'
p2849
I72
sS'course'
p2850
I72
sS'shy'
p2851
I72
sS'married'
p2852
I72
sS'teams'
p2853
I72
sS'doobie'
p2854
I72
sS'stuff'
p2855
I71
sS'she'
p2856
I54
sS'espa'
p2857
I72
sS'fixed'
p2858
I72
sS"laura's"
p2859
I72
sS'artichoke'
p2860
I72
sS'buzzer'
p2861
I72
sS'prayers'
p2862
I70
sS'shorty.truuuuu'
p2863
I72
sS'national'
p2864
I72
sS'we'
p2865
I33
sS'idgaf,91331\n479720023708037120,pappi_chulo69,2014-06-19'
p2866
I72
sS'computer'
p2867
I72
sS'peterson'
p2868
I72
sS'gay\xe2\x80\x9d\xe2\x80\x9d'
p2869
I72
sS'cole'
p2870
I72
sS'closet'
p2871
I72
sS'strawberry'
p2872
I72
sS'horribly'
p2873
I72
sS'field,91331\n501138267090477056,esparocks94,2014-08-17'
p2874
I72
sS'yass'
p2875
I72
sS'favor'
p2876
I72
sS'mexicans'
p2877
I71
sS"isi'll"
p2878
I72
sS'frustrated'
p2879
I72
sS'pants'
p2880
I71
sS'trynna'
p2881
I69
sS'amen'
p2882
I72
sS'keg'
p2883
I72
sS'neglection'
p2884
I72
sS'asked"'
p2885
I72
sS'muthafucka'
p2886
I72
sS'reacthavin'
p2887
I72
sS'job'
p2888
I68
sS'smoke,91331\n502265102075432960,esparocks94,2014-08-21'
p2889
I72
sS'mcconaughey'
p2890
I72
sS'jon'
p2891
I72
sS'david'
p2892
I71
sS'titties'
p2893
I71
sS'figured'
p2894
I71
sS'buster'
p2895
I72
sS'career'
p2896
I72
sS'joke'
p2897
I72
sS'taking'
p2898
I68
sS'waisted'
p2899
I72
sS'huhclutch'
p2900
I72
sS'swim'
p2901
I72
sS'omw'
p2902
I72
sS'comment'
p2903
I72
sS'gorgeous'
p2904
I72
sS'english'
p2905
I72
sS'gone'
p2906
I69
sS'ca'
p2907
I72
sS'teasing'
p2908
I72
sS'bronson'
p2909
I72
sS'walk'
p2910
I67
sS'like\xe2\x80\x9d'
p2911
I72
sS'laugh'
p2912
I72
sS'cousin'
p2913
I72
sS'respect'
p2914
I71
sS'furcal'
p2915
I72
sS'quit'
p2916
I72
sS'remix'
p2917
I72
sS'inning'
p2918
I72
sS'wasty'
p2919
I72
sS'8.9'
p2920
I72
sS"it's"
p2921
I34
sS'handsdroppin'
p2922
I72
sS'charts'
p2923
I72
sS'cent'
p2924
I72
sS'hyugotta'
p2925
I72
sS'yao'
p2926
I72
sS'loaded,91331\n497575155275943936,esparocks94,2014-08-08'
p2927
I72
sS'girlfriend?05'
p2928
I72
sS'bbu'
p2929
I72
sS'"i\'d'
p2930
I72
sS'>'
p2931
I72
sS'20:41:10.0,34.2370284,-118.4337299,1194,and'
p2932
I72
sS'mike'
p2933
I68
sS'wanna'
p2934
I58
sS'league'
p2935
I71
sS'hmu'
p2936
I71
sS'jody'
p2937
I72
sS'-.-'
p2938
I71
sS'puerto'
p2939
I72
sS'piojo'
p2940
I72
sS'smoking'
p2941
I72
sS'spain'
p2942
I69
sS'volunteer'
p2943
I72
sS'yuuuup'
p2944
I72
sS'wilt'
p2945
I72
sS'(1991)'
p2946
I72
sS'tengo'
p2947
I72
sS'will'
p2948
I55
sS'stunning'
p2949
I72
sS'longass'
p2950
I72
sS"anyonei'm"
p2951
I72
sS'hahaha'
p2952
I70
sS'salamanca?that'
p2953
I72
sS'final,91331\n486611257114378240,pappi_chulo69,2014-07-08'
p2954
I72
sS'almost'
p2955
I70
sS'tortillas,91331\n497616613085315072,esparocks94,2014-08-08'
p2956
I72
sS'motivational'
p2957
I72
sS'papersbluntsbongsall'
p2958
I72
sS'lust'
p2959
I72
sS'vs'
p2960
I70
sS'thug'
p2961
I72
sS'anymore\xe2\x80\x9dreally'
p2962
I72
sS'whore'
p2963
I72
sS'tattoo'
p2964
I71
sS'mad?,91331\n486611123915853825,pappi_chulo69,2014-07-08'
p2965
I72
sS'tupac'
p2966
I71
sS')'
p2967
I70
sS'ina'
p2968
I72
sS'matthew'
p2969
I71
sS'auto'
p2970
I72
sS'party'
p2971
I67
sS'android'
p2972
I72
sS'gets'
p2973
I67
sS'yooo'
p2974
I72
sS'ball'
p2975
I71
sS'bruja?,91331\n483857450655698944,pappi_chulo69,2014-07-01'
p2976
I72
sS'toi,91331\n497574052710850560,esparocks94,2014-08-08'
p2977
I72
sS'selfish'
p2978
I72
sS'1-0'
p2979
I72
sS'drink'
p2980
I70
sS'legend,91331\n478002153530073088,pappi_chulo69,2014-06-15'
p2981
I72
sS'ion'
p2982
I72
sS'fucken'
p2983
I62
sS'xd'
p2984
I72
sS'fucked'
p2985
I66
sS'magician'
p2986
I72
sS'expand'
p2987
I72
sS'pull'
p2988
I72
sS'04:52:46.0,34.2398734,-118.43607,1194,doyers!!,91331\n497604185500958720,esparocks94,2014-08-08'
p2989
I72
sS'off'
p2990
I54
sS'i'
p2991
I1
sS'ingredients'
p2992
I72
sS'well'
p2993
I61
sS'fighting'
p2994
I72
sS'thought'
p2995
I69
sS'wyd'
p2996
I70
sS'deserve'
p2997
I71
sS'ariza'
p2998
I72
sS'drogba'
p2999
I72
sS'drawing'
p3000
I72
sS'dar'
p3001
I72
sS'less'
p3002
I72
sS"should've"
p3003
I70
sS'das'
p3004
I72
sS'mistakes'
p3005
I72
sS'distant'
p3006
I70
sS'gansta'
p3007
I72
sS'paul'
p3008
I71
sS'glue'
p3009
I72
sS'palacios'
p3010
I72
sS'happiness'
p3011
I72
sS'aguero'
p3012
I72
sS'quiero'
p3013
I72
sS'favorite?04'
p3014
I72
sS'roses'
p3015
I72
sS'bell'
p3016
I70
sS'sky'
p3017
I71
sS'wen'
p3018
I72
sS'killed'
p3019
I70
sS'reasons'
p3020
I72
sS'destroy'
p3021
I72
sS'salpinghiddis'
p3022
I72
sS'smart'
p3023
I72
sS'balloons'
p3024
I72
sS'match'
p3025
I71
sS'details'
p3026
I72
sS'pero'
p3027
I72
sS'checking'
p3028
I71
sS"who's"
p3029
I71
sS'crushed'
p3030
I72
sS'life\xe2\x9a\xbd,91331\n483856712760180737,pappi_chulo69,2014-07-01'
p3031
I72
sS'historic'
p3032
I72
sS'five'
p3033
I72
sS'whatever'
p3034
I70
sS'fianc\xc3\x89'
p3035
I72
sS'belgium'
p3036
I71
sS'genes'
p3037
I72
sS'nvm'
p3038
I72
sS'10/10'
p3039
I72
sS'you'
p3040
I6
sS'garagw'
p3041
I72
sS'like'
p3042
I21
sS'lost'
p3043
I63
sS'upman'
p3044
I72
sS'fernando'
p3045
I71
sS'loses'
p3046
I71
sS'garage'
p3047
I72
sS'lose'
p3048
I70
sS'chick'
p3049
I69
sS'virginity'
p3050
I72
sS'because'
p3051
I61
sS'05:14:14.0,34.2398323,-118.4360729,1194,strike'
p3052
I72
sS'elevators'
p3053
I72
sS'scared'
p3054
I67
sS'hair'
p3055
I69
sS'championship'
p3056
I72
sS'shes'
p3057
I72
sS'1985)'
p3058
I72
sS'home'
p3059
I55
sS'yuuup'
p3060
I72
sS'kds'
p3061
I72
sS'happens'
p3062
I69
sS'est'
p3063
I72
sS'disbelief'
p3064
I72
sS'literally'
p3065
I71
sS',91331\n506211998791921665,esparocks94,2014-08-31'
p3066
I72
sS'ese'
p3067
I71
sS'does'
p3068
I70
sS'passion'
p3069
I72
sS'00:53:55.0,34.2398944,-118.4361139,1194,i'
p3070
I72
sS'eso'
p3071
I72
sS'17:46:52.0,34.239908,-118.4360997,1194,confident'
p3072
I72
sS'trout'
p3073
I72
sS"mark's"
p3074
I72
sS'pues'
p3075
I72
sS'pressure'
p3076
I72
sS'drained'
p3077
I72
sS'guaranteed'
p3078
I72
sS'beaker'
p3079
I72
sS'about'
p3080
I51
sS'commited'
p3081
I72
sS'justin'
p3082
I72
sS'getting'
p3083
I57
sS"g'sand"
p3084
I72
sS'foil'
p3085
I72
sS'swear'
p3086
I67
sS'yecka'
p3087
I72
sS'sweat'
p3088
I72
sS'cranberry'
p3089
I72
sS'toma'
p3090
I72
sS'motherland'
p3091
I72
sS'equally'
p3092
I72
sS'own'
p3093
I68
sS'owe'
p3094
I72
sS'pussy'
p3095
I71
sS'commitment'
p3096
I72
sS'tweeting'
p3097
I72
sS'tackle'
p3098
I72
sS'donde'
p3099
I72
sS'promise'
p3100
I72
sS'suarez'
p3101
I72
sS'waitingsome'
p3102
I72
sS'confession'
p3103
I72
sS'crooked'
p3104
I72
sS'pointless'
p3105
I72
sS'eh'
p3106
I72
sS'him.maybe'
p3107
I72
sS'wack'
p3108
I72
sS'nuke'
p3109
I72
sS'van'
p3110
I72
sS'seriouslygo'
p3111
I72
sS'22:48:40.0,34.2399058,-118.4361453,1194,remember'
p3112
I72
sS'daniels'
p3113
I72
sS'02:27:30.0,34.2398856,-118.4361053,1194,keep'
p3114
I72
sS'stamina'
p3115
I72
sS'spread'
p3116
I72
sS'shaved,91331\n501465243328184320,esparocks94,2014-08-18'
p3117
I72
sS'trigger'
p3118
I72
sS'draxler'
p3119
I72
sS'naturally'
p3120
I72
sS'beard'
p3121
I71
sS'ivory'
p3122
I72
sS'buy'
p3123
I71
sS'chatting'
p3124
I72
sS"i've"
p3125
I54
sS'fasho'
p3126
I71
sS'bus'
p3127
I68
sS'bitches'
p3128
I68
sS'england,91331\n479721378900242432,pappi_chulo69,2014-06-19'
p3129
I72
sS'but'
p3130
I20
sS'juuu'
p3131
I72
sS'reminds'
p3132
I72
sS'hi'
p3133
I72
sS'goals'
p3134
I71
sS'ha'
p3135
I72
sS'gambino'
p3136
I72
sS'eat'
p3137
I69
sS'he'
p3138
I33
sS'count'
p3139
I72
sS'made'
p3140
I60
sS'wise'
p3141
I72
sS'wish'
p3142
I67
sS'official'
p3143
I72
sS'smooth'
p3144
I72
sS'20:19:01.0,34.2370232,-118.4337295,1194,perea'
p3145
I72
sS'record'
p3146
I71
sS'*blushy'
p3147
I72
sS'dms'
p3148
I71
sS'stories'
p3149
I71
sS'subtweets'
p3150
I72
sS'dodge'
p3151
I72
sS'static'
p3152
I72
sS'problem'
p3153
I71
sS'piece'
p3154
I71
sS'minutes'
p3155
I70
sS'20:14:31.0,34.2370432,-118.4335666,1194,brazil'
p3156
I72
sS'conswala'
p3157
I71
sS'nurses'
p3158
I72
sS'pic'
p3159
I70
sS'real,91331\n486612270965739524,pappi_chulo69,2014-07-08'
p3160
I72
sS'vans'
p3161
I72
sS'pig'
p3162
I72
sS'people\xe2\x9a\xbd\xe2\x9c\xa8'
p3163
I72
sS'mejor'
p3164
I72
sS'education'
p3165
I71
sS'happen'
p3166
I70
sS'slipping'
p3167
I72
sS'compared'
p3168
I72
sS"05:33:26.0,34.2398198,-118.4360837,1194,it's"
p3169
I72
sS'00:52:49.0,34.2370957,-118.4336544,1194,fuck'
p3170
I72
sS'incredible'
p3171
I71
sS'dressed'
p3172
I72
sS'boot'
p3173
I72
sS'couse'
p3174
I72
sS'lately'
p3175
I70
sS'sportsnation'
p3176
I72
sS'deserved'
p3177
I72
sS'other'
p3178
I69
sS'boom'
p3179
I71
sS'sick'
p3180
I72
sS'boob'
p3181
I71
sS'talkin'
p3182
I72
sS'reckless'
p3183
I72
sS'sued'
p3184
I72
sS'21:26:49.0,34.2399282,-118.4362361,1194,fasho'
p3185
I72
sS'monday'
p3186
I72
sS'respects'
p3187
I72
sS'class'
p3188
I69
sS'stay'
p3189
I69
sS'chance'
p3190
I69
sS'kinda'
p3191
I70
sS'astronomy'
p3192
I72
sS'friends'
p3193
I67
sS'goin'
p3194
I72
sS'\xe2\x80\x94'
p3195
I72
sS'using'
p3196
I72
sS':3'
p3197
I72
sS'martin'
p3198
I72
sS'original'
p3199
I72
sS'songs\xe2\x80\x9d'
p3200
I72
sS'corey'
p3201
I72
s.