(dp0
S''
p1
I5
sS'monte'
p2
I75
sS'chillin'
p3
I75
sS'dominator'
p4
I75
sS'~*my*~'
p5
I75
sS'sleep'
p6
I62
sS'mdbp'
p7
I75
sS'mansion'
p8
I75
sS'appetite'
p9
I75
sS'hate'
p10
I51
sS'relationships'
p11
I74
sS'swag'
p12
I75
sS'allll'
p13
I75
sS'buddy'
p14
I73
sS'tweet'
p15
I70
sS'up"'
p16
I75
sS'on-deck'
p17
I75
sS'daze'
p18
I73
sS'lord'
p19
I75
sS'sorry'
p20
I66
sS'handsss'
p21
I75
sS'ilysm'
p22
I74
sS'ammuses'
p23
I75
sS'rescue'
p24
I75
sS'rise'
p25
I75
sS"women's"
p26
I75
sS'lololol'
p27
I73
sS'every'
p28
I64
sS'jack'
p29
I75
sS'digin'
p30
I75
sS'girlfriend\xe2\x80\x9d'
p31
I75
sS'bringing'
p32
I75
sS'school'
p33
I59
sS'bestfriend'
p34
I75
sS'lilushka'
p35
I75
sS'duxavata'
p36
I75
sS'contigo'
p37
I75
sS'unrelated'
p38
I75
sS'ups'
p39
I75
sS'clothes'
p40
I72
sS'enjoy'
p41
I74
sS'ches'
p42
I75
sS'tired'
p43
I63
sS'phones'
p44
I75
sS'weddings'
p45
I75
sS'"vochinch'
p46
I75
sS'chef'
p47
I75
sS'second'
p48
I71
sS'n'
p49
I66
sS'others)'
p50
I75
sS'even'
p51
I52
sS'christ'
p52
I75
sS'neh'
p53
I75
sS'lmfaoioo'
p54
I75
sS'saved'
p55
I75
sS'+'
p56
I75
sS'bww'
p57
I75
sS'kur'
p58
I75
sS'lights'
p59
I75
sS'sobre'
p60
I75
sS'yooooooouuuuuuuuu"'
p61
I75
sS'new'
p62
I64
sS'ever'
p63
I61
sS'told'
p64
I71
sS'crunch'
p65
I74
sS'hero'
p66
I75
sS'never'
p67
I51
sS'here'
p68
I61
sS'\xe2\x9d\xa4\xef\xb8\x8f\xe2\x9d\xa4\xef\xb8\x8f\xe2\x9d\xa4\xef\xb8\x8f\xe2\x9d\xa4\xef\xb8\x8f'
p69
I75
sS'\xe2\x9d\xa4\xef\xb8\x8f'
p70
I71
sS'studio'
p71
I75
sS'&&'
p72
I73
sS'mer'
p73
I74
sS'active'
p74
I75
sS'burbank)'
p75
I75
sS"aren't"
p76
I74
sS'porche'
p77
I75
sS'dry'
p78
I74
sS'kids'
p79
I72
sS'locaaa\xe2\x80\x9d'
p80
I75
sS'study'
p81
I74
sS'geeat'
p82
I75
sS'piercing'
p83
I75
sS'ignoring'
p84
I75
sS'walkin'
p85
I75
sS"i'd"
p86
I70
sS'smoke'
p87
I73
sS'complicated'
p88
I75
sS"i'm"
p89
I9
sS'sriracha'
p90
I75
sS'eyebrows'
p91
I75
sS'besides'
p92
I75
sS'julie'
p93
I75
sS'telepathy'
p94
I75
sS'feelings'
p95
I73
sS'bro'
p96
I71
sS'txt'
p97
I74
sS'oven!"ah'
p98
I75
sS'haroor'
p99
I75
sS'hoping'
p100
I75
sS'cheating'
p101
I75
sS'would'
p102
I61
sS'alligator'
p103
I75
sS'hospital'
p104
I75
sS'played'
p105
I75
sS'princess'
p106
I75
sS'armo'
p107
I74
sS'call'
p108
I67
sS'asset'
p109
I75
sS'spike'
p110
I75
sS'inner'
p111
I75
sS'calc'
p112
I75
sS'type'
p113
I74
sS'until'
p114
I74
sS'breathe'
p115
I75
sS'playboy'
p116
I75
sS'posting'
p117
I75
sS'holy'
p118
I73
sS'brings'
p119
I75
sS'haha'
p120
I68
sS'subtweet'
p121
I75
sS'hurt'
p122
I72
sS'phone'
p123
I67
sS'warm'
p124
I74
sS'pinching'
p125
I75
sS'teaching'
p126
I75
sS"5'1"
p127
I75
sS'hola'
p128
I75
sS'must'
p129
I72
sS'shoot'
p130
I74
sS'funnnn'
p131
I75
sS'\xd8\xb5\xd8\xa7\xd8\xb1\xd9\x84\xd9\x86\xd8\xa7'
p132
I75
sS'essayan'
p133
I75
sS'locked'
p134
I75
sS'room'
p135
I72
sS'shame'
p136
I75
sS'work'
p137
I71
sS'mi'
p138
I74
sS'tnx'
p139
I72
sS'worth'
p140
I74
sS'suggestive'
p141
I75
sS'why.\xe2\x80\x9d'
p142
I75
sS'ms'
p143
I73
sS'im'
p144
I56
sS'my'
p145
I5
sS'example'
p146
I75
sS'gloria'
p147
I75
sS'vodka'
p148
I73
sS'vegan"'
p149
I75
sS'give'
p150
I66
sS'india'
p151
I75
sS'wauw'
p152
I75
sS'homie'
p153
I74
sS'british'
p154
I75
sS'want'
p155
I45
sS'keep'
p156
I72
sS'knerek'
p157
I75
sS'guarantee'
p158
I75
sS'hoe'
p159
I74
sS'end'
p160
I70
sS'turn'
p161
I74
sS'travel'
p162
I75
sS'sitting'
p163
I74
sS'machine'
p164
I75
sS'how'
p165
I47
sS'hot'
p166
I66
sS'ig'
p167
I73
sS'answer'
p168
I75
sS'gate'
p169
I75
sS'beach'
p170
I72
sS'pizza'
p171
I70
sS'barev'
p172
I74
sS'mispronounce'
p173
I75
sS'horoscope'
p174
I75
sS'mess'
p175
I73
sS'after'
p176
I67
sS'whyyyy'
p177
I75
sS'wrong'
p178
I67
sS'ova'
p179
I74
sS'vegans'
p180
I74
sS'president'
p181
I75
sS'lav'
p182
I73
sS'lesbian'
p183
I75
sS'royce'
p184
I75
sS'danny'
p185
I75
sS'anymore'
p186
I72
sS'looove'
p187
I75
sS'appreciate'
p188
I75
sS'greet'
p189
I75
sS'omgggaggagagagaggaga'
p190
I75
sS'cigarettes'
p191
I75
sS'questionyeahhh'
p192
I75
sS'green'
p193
I75
sS'things'
p194
I64
sS'worst'
p195
I71
sS'greed'
p196
I75
sS'wine'
p197
I72
sS'emotion'
p198
I75
sS'zeroits'
p199
I75
sS'office'
p200
I74
sS'wut'
p201
I74
sS'ughughugh'
p202
I75
sS'over'
p203
I61
sS'clench'
p204
I75
sS'satisfied'
p205
I75
sS'keyboard'
p206
I73
sS'captions'
p207
I75
sS'chrtel'
p208
I75
sS'compartiendo'
p209
I75
sS'ebenezer'
p210
I74
sS'ticket'
p211
I75
sS'before'
p212
I69
sS'ima'
p213
I68
sS'"guys'
p214
I75
sS'somewhere'
p215
I73
sS'backpack'
p216
I74
sS'avocado'
p217
I75
sS'better'
p218
I64
sS'twitter**checks'
p219
I75
sS'imy'
p220
I75
sS'weeks'
p221
I74
sS'easier'
p222
I73
sS'belly'
p223
I75
sS'then'
p224
I61
sS'them'
p225
I66
sS'workout'
p226
I74
sS'safe'
p227
I74
sS'5\'9"'
p228
I75
sS"we'll"
p229
I74
sS'edm?"no'
p230
I75
sS'break'
p231
I72
sS'therapy'
p232
I75
sS'they'
p233
I50
sS'schools'
p234
I75
sS'bouta'
p235
I75
sS'notified'
p236
I75
sS'sleepless'
p237
I75
sS'chuck'
p238
I74
sS'***are'
p239
I75
sS'holdin'
p240
I75
sS'each'
p241
I75
sS'\xd9\x85\xd9\x86\xd8\xb0'
p242
I75
sS'went'
p243
I75
sS'side'
p244
I69
sS'luck'
p245
I74
sS'iiiiiiii'
p246
I75
sS'weirdos'
p247
I75
sS"hasn't"
p248
I75
sS'gunna'
p249
I63
sS'leaaveeeee'
p250
I75
sS'abracadabra'
p251
I75
sS'bowls'
p252
I73
sS'dawg'
p253
I75
sS'forgot'
p254
I74
sS'2day'
p255
I75
sS'noww'
p256
I75
sS'saturday'
p257
I74
sS'rt'
p258
I71
sS'trending'
p259
I75
sS'driving'
p260
I75
sS'god'
p261
I72
sS'motel'
p262
I75
sS'strangers'
p263
I75
sS'nite'
p264
I75
sS'smh'
p265
I70
sS'got'
p266
I44
sS'rn'
p267
I66
sS'beyazin'
p268
I75
sS'sluggish'
p269
I75
sS'foto'
p270
I75
sS'cutest'
p271
I75
sS"you're"
p272
I40
sS'hang'
p273
I75
sS'\xd8\xa7\xd9\x8a\xd8\xa7\xd9\x85'
p274
I75
sS'free'
p275
I74
sS'number.\xe2\x80\x9d'
p276
I75
sS'appointments'
p277
I75
sS'struggle'
p278
I75
sS'wanted'
p279
I70
sS'asiento'
p280
I75
sS'kez'
p281
I75
sS'ate'
p282
I74
sS'dayum'
p283
I75
sS"reese's"
p284
I75
sS'starts'
p285
I74
sS'cosmic'
p286
I75
sS'days'
p287
I64
sS'-_____-'
p288
I75
sS'hech'
p289
I74
sS'alcohol'
p290
I75
sS'deja'
p291
I75
sS'"no'
p292
I75
sS'1200+'
p293
I75
sS"today's"
p294
I74
sS'loud'
p295
I74
sS'fuckin'
p296
I70
sS'cleaning'
p297
I75
sS'burbanks'
p298
I75
sS'already'
p299
I73
sS'tilapia'
p300
I75
sS'loool'
p301
I75
sS'grade'
p302
I75
sS'accent'
p303
I75
sS'hearing'
p304
I74
sS'hook'
p305
I75
sS'delicious'
p306
I74
sS'comin'
p307
I75
sS'ditch'
p308
I75
sS'popsicles'
p309
I75
sS'hood'
p310
I75
sS'bitten'
p311
I75
sS'caked'
p312
I75
sS'youse'
p313
I75
sS'top'
p314
I73
sS'girls'
p315
I67
sS'returns'
p316
I75
sS'tot'
p317
I75
sS'slsp'
p318
I75
sS'too'
p319
I48
sS'"karevor'
p320
I75
sS'ayeeee'
p321
I74
sS'hollywood'
p322
I65
sS'legs'
p323
I74
sS'dogs'
p324
I74
sS'listen'
p325
I73
sS'urban'
p326
I75
sS'murder'
p327
I75
sS'reach"\xe2\x80\x9d'
p328
I75
sS'kno'
p329
I75
sS'happily'
p330
I75
sS'serve'
p331
I75
sS'took'
p332
I72
sS'kindest'
p333
I75
sS'cereal'
p334
I75
sS'helen'
p335
I75
sS'wasted'
p336
I75
sS'lmaooooooo'
p337
I75
sS'fue\xe2\x80\xa6'
p338
I75
sS'anxiety'
p339
I71
sS'ew'
p340
I75
sS'thx'
p341
I75
sS'tree'
p342
I75
sS'rusty'
p343
I75
sS'shower'
p344
I72
sS'matter'
p345
I70
sS'classes'
p346
I74
sS'silly'
p347
I75
sS'speaking'
p348
I75
sS'iron'
p349
I75
sS'feeling'
p350
I67
sS'este'
p351
I75
sS'rad'
p352
I75
sS'fashion'
p353
I75
sS'esta'
p354
I75
sS'ran'
p355
I74
sS'baner'
p356
I75
sS'mind'
p357
I73
sS'mine'
p358
I73
sS'spent'
p359
I75
sS'talking'
p360
I67
sS'boyyyy'
p361
I75
sS'seen'
p362
I75
sS'obviously'
p363
I74
sS'tells'
p364
I75
sS'ray'
p365
I75
sS'chem'
p366
I75
sS'often"'
p367
I75
sS'flippin'
p368
I75
sS'anoche'
p369
I75
sS'-'
p370
I71
sS'snow'
p371
I75
sS'fu\xc3\xa9'
p372
I75
sS'causing'
p373
I75
sS'defiantly'
p374
I75
sS'brains'
p375
I74
sS'tomorrowlands'
p376
I74
sS'memo'
p377
I75
sS'cookout'
p378
I75
sS'blue'
p379
I74
sS'nobody'
p380
I75
sS'though'
p381
I74
sS'doin'
p382
I74
sS'overplayed'
p383
I75
sS'debonair'
p384
I75
sS'mouth'
p385
I75
sS'"dude'
p386
I75
sS'germans'
p387
I75
sS'episode'
p388
I73
sS'doo'
p389
I75
sS'rogers'
p390
I75
sS'prevails'
p391
I75
sS'm'
p392
I74
sS'dog'
p393
I65
sS'me...yep'
p394
I75
sS'freeway'
p395
I75
sS'definitely'
p396
I74
sS'camo'
p397
I75
sS'voting'
p398
I75
sS'yessssssss'
p399
I75
sS'annoyed'
p400
I75
sS'came'
p401
I70
sS'vechni'
p402
I75
sS'saying'
p403
I70
sS'bomb'
p404
I73
sS'lyrics'
p405
I75
sS'loled'
p406
I75
sS'random'
p407
I74
sS'piss'
p408
I75
sS'pops'
p409
I74
sS'deuce'
p410
I75
sS'chandelier'
p411
I75
sS'radio'
p412
I73
sS'hungary'
p413
I75
sS'shaking"'
p414
I75
sS'bail'
p415
I75
sS'lessons'
p416
I74
sS'besampt'
p417
I75
sS'ayyyy'
p418
I74
sS'kabob'
p419
I75
sS'acne'
p420
I75
sS'la,91352\n490281163462672384,chris_mcdv8,2014-07-18'
p421
I75
sS'caf\xc3\xa9s'
p422
I75
sS'bailando'
p423
I75
sS'voterusss"'
p424
I75
sS'unfollow'
p425
I75
sS'personality'
p426
I73
sS'wearing'
p427
I73
sS'do'
p428
I40
sS'dm'
p429
I75
sS'above'
p430
I75
sS'de'
p431
I71
sS'watch'
p432
I67
sS'coast'
p433
I75
sS'milfs\xe2\x80\x9d'
p434
I75
sS'"sorry'
p435
I75
sS'wedding'
p436
I74
sS'report'
p437
I74
sS'nasty'
p438
I74
sS'du'
p439
I73
sS'earn'
p440
I75
sS'\xd9\x85\xd8\xa8\xd8\xb7\xd9\x8a\xd9\x86\xd8\xa8\xd9\x8a'
p441
I75
sS'licking'
p442
I74
sS'patch'
p443
I75
sS'peroxide'
p444
I74
sS'twice'
p445
I74
sS'bad'
p446
I57
sS'bae'
p447
I63
sS'shots'
p448
I73
sS'ban'
p449
I75
sS'wannabe'
p450
I75
sS'steak'
p451
I75
sS'steal'
p452
I74
sS'ears'
p453
I74
sS'respond'
p454
I75
sS'victim'
p455
I75
sS'w/'
p456
I69
sS'innaaaa'
p457
I75
sS'checks'
p458
I75
sS'pads'
p459
I75
sS'toes'
p460
I75
sS'inna'
p461
I75
sS'fail'
p462
I74
sS'miserable'
p463
I75
sS'jabari'
p464
I74
sS'best'
p465
I68
sS'subject'
p466
I75
sS'said'
p467
I60
sS'fag8'
p468
I75
sS'away'
p469
I72
sS'gentleman'
p470
I75
sS'shaved'
p471
I75
sS't-mobile'
p472
I75
sS"there's"
p473
I67
sS'olympics'
p474
I75
sS'finger'
p475
I75
sS'props'
p476
I75
sS'yogurt'
p477
I75
sS'vocals'
p478
I75
sS'looost'
p479
I75
sS'*cough'
p480
I75
sS'nstats'
p481
I75
sS'warrior'
p482
I74
sS'we'
p483
I38
sS'men'
p484
I75
sS'omg'
p485
I67
sS'wears'
p486
I75
sS'rims'
p487
I75
sS'c-day'
p488
I75
sS'weak'
p489
I75
sS'now"'
p490
I75
sS'hak'
p491
I75
sS'wear'
p492
I69
sS'wtf'
p493
I60
sS'cousin'
p494
I71
sS'convertible'
p495
I71
sS'kitchen'
p496
I74
sS'suggested'
p497
I75
sS'cop'
p498
I71
sS'tfti'
p499
I73
sS'met'
p500
I72
sS'country'
p501
I75
sS'against'
p502
I72
sS'una'
p503
I73
sS'coc'
p504
I75
sS'games'
p505
I73
sS'faceq'
p506
I75
sS'unf'
p507
I73
sS'logic'
p508
I74
sS'argue'
p509
I75
sS'disappears'
p510
I75
sS'asked'
p511
I74
sS'coo'
p512
I75
sS'ily'
p513
I73
sS'numbnut'
p514
I73
sS'1.5'
p515
I75
sS'character'
p516
I75
sS'coconut'
p517
I75
sS'awesomely'
p518
I75
sS'matte'
p519
I75
sS'oblivious'
p520
I75
sS'trust'
p521
I73
sS'chka'
p522
I75
sS'hitler'
p523
I75
sS'speak'
p524
I75
sS'conference'
p525
I75
sS'ayah'
p526
I75
sS'bathroom'
p527
I75
sS'angel'
p528
I75
sS'beef'
p529
I73
sS'been'
p530
I63
sS'\xd9\x86\xd8\xb1\xd8\xaf'
p531
I75
sS'beer'
p532
I72
sS'much'
p533
I56
sS'dzvits'
p534
I75
sS'hahahaah'
p535
I75
sS'basic'
p536
I75
sS'expected'
p537
I75
sS'lovely'
p538
I75
sS'sacha'
p539
I75
sS'life'
p540
I52
sS'families'
p541
I75
sS'soooooo'
p542
I75
sS'spit'
p543
I74
sS'attacked'
p544
I75
sS'drugs'
p545
I74
sS'gzhanotsum'
p546
I75
sS'sunshine'
p547
I75
sS'sooooo'
p548
I73
sS'argument'
p549
I75
sS'lift'
p550
I74
sS'catch'
p551
I74
sS'worked'
p552
I75
sS'exception'
p553
I75
sS'save'
p554
I75
sS'tank'
p555
I75
sS'air'
p556
I74
sS'pt.2'
p557
I75
sS'neat'
p558
I74
sS'teachers'
p559
I74
sS'applies'
p560
I75
sS'stopping'
p561
I75
sS'voice'
p562
I74
sS'k'
p563
I67
sS'mistake'
p564
I75
sS'seven'
p565
I75
sS'iz'
p566
I75
sS'ilyt'
p567
I75
sS'over*'
p568
I75
sS'mexico'
p569
I74
sS'prettty'
p570
I75
sS'is'
p571
I10
sS'it'
p572
I11
sS'player'
p573
I75
sS'cant'
p574
I74
sS'experts'
p575
I75
sS'in'
p576
I15
sS'mouse'
p577
I75
sS'id'
p578
I74
sS'disappear'
p579
I75
sS'if'
p580
I31
sS'dri'
p581
I75
sS'memorial'
p582
I75
sS'thingy'
p583
I75
sS'bottles'
p584
I75
sS'lmaoooooo'
p585
I73
sS'make'
p586
I58
sS"everybody's"
p587
I75
sS'rebellion'
p588
I75
sS'tsxi'
p589
I75
sS'patient'
p590
I75
sS'hahah'
p591
I75
sS'babies'
p592
I75
sS'showing'
p593
I75
sS'jahel'
p594
I74
sS'blames'
p595
I75
sS'hovandart'
p596
I75
sS'evil'
p597
I74
sS'hand'
p598
I72
sS'kik'
p599
I74
sS'lol\xe2\x80\x9d'
p600
I75
sS'jealous'
p601
I74
sS'tuna'
p602
I75
sS'opportunity'
p603
I75
sS'lmaooooooooooo'
p604
I74
sS'kid'
p605
I75
sS'kept'
p606
I75
sS'shitty'
p607
I74
sS'1975'
p608
I75
sS'congrats'
p609
I75
sS'smokes'
p610
I75
sS'ocean'
p611
I75
sS'tho'
p612
I64
sS'burgers'
p613
I75
sS'rome'
p614
I75
sS'greatest'
p615
I75
sS'pandora'
p616
I75
sS'mother'
p617
I74
sS'claims'
p618
I75
sS'the'
p619
I2
sS'paytets'
p620
I75
sS'yours'
p621
I75
sS'left'
p622
I65
sS"she'll"
p623
I75
sS'just'
p624
I20
sS'sporting'
p625
I75
sS'sleepy'
p626
I74
sS'yey'
p627
I75
sS'frauding'
p628
I75
sS'thanks'
p629
I65
sS'human'
p630
I73
sS'tomorrowland'
p631
I73
sS"cap'"
p632
I75
sS'yet'
p633
I74
sS'girllllll'
p634
I75
sS'eli'
p635
I74
sS'ham'
p636
I75
sS'had'
p637
I63
sS'5s'
p638
I75
sS'there"hiter'
p639
I75
sS'18+,91352\n490292841562640384,chris_mcdv8,2014-07-19'
p640
I75
sS'easy'
p641
I75
sS'prison'
p642
I75
sS'omggg'
p643
I75
sS'har'
p644
I75
sS'has'
p645
I60
sS'hat'
p646
I75
sS'humanity'
p647
I75
sS'gave'
p648
I73
sS'havata'
p649
I75
sS'decided'
p650
I75
sS'gregg'
p651
I75
sS'laighin'
p652
I75
sS'tmrw'
p653
I75
sS'arag'
p654
I75
sS'birth'
p655
I75
sS'sleep"'
p656
I75
sS'judge'
p657
I75
sS"s'cutee"
p658
I75
sS'apart'
p659
I75
sS'packin'
p660
I75
sS'brought'
p661
I73
sS'gift'
p662
I75
sS'bobby'
p663
I75
sS'baaaaaarnaclessssss'
p664
I75
sS'alice'
p665
I74
sS'specific'
p666
I75
sS'remind'
p667
I75
sS'"ayyyy'
p668
I75
sS'night'
p669
I63
sS'nudies'
p670
I75
sS'killleeeed'
p671
I75
sS'right'
p672
I60
sS'old'
p673
I72
sS'spongebob'
p674
I75
sS'people'
p675
I52
sS'deaf'
p676
I75
sS'dead'
p677
I70
sS'born'
p678
I74
sS'vata'
p679
I75
sS'usher'
p680
I75
sS'escape'
p681
I74
sS'hemsworth'
p682
I75
sS'denies'
p683
I75
sS'worrdd'
p684
I75
sS'pressies'
p685
I75
sS'purple'
p686
I75
sS'ice'
p687
I75
sS'everything'
p688
I73
sS'asking'
p689
I75
sS'4/20'
p690
I75
sS'intolerant'
p691
I75
sS'bizz'
p692
I75
sS'adorable'
p693
I73
sS'christmas'
p694
I75
sS'who'
p695
I55
sS'pls'
p696
I74
sS'sketchy'
p697
I75
sS'burn'
p698
I75
sS'gandoooooooon'
p699
I75
sS'disappeared'
p700
I75
sS'graduated'
p701
I75
sS'post'
p702
I73
sS'saxo'
p703
I75
sS'super'
p704
I75
sS'deletes'
p705
I75
sS"something's"
p706
I75
sS'oreo'
p707
I75
sS'yelling'
p708
I75
sS'lightheaded'
p709
I75
sS'dollars'
p710
I75
sS'months'
p711
I74
sS'o'
p712
I74
sS'tan-banged'
p713
I75
sS'dinner'
p714
I73
sS'*swallows'
p715
I75
sS'algo'
p716
I75
sS'obv'
p717
I75
sS'raised'
p718
I75
sS'whats'
p719
I75
sS'liek'
p720
I75
sS'marshall'
p721
I74
sS'ahi'
p722
I75
sS'person.\xe2\x80\x9d'
p723
I75
sS'bound'
p724
I75
sS'soo'
p725
I75
sS'ppl'
p726
I69
sS'down'
p727
I63
sS'kapikner'
p728
I75
sS'wrap'
p729
I75
sS'insult'
p730
I75
sS'hollywood=me'
p731
I75
sS'annoyance'
p732
I75
sS'deal'
p733
I75
sS'single!\xe2\x80\xa6'
p734
I75
sS'support'
p735
I74
sS'constantly'
p736
I75
sS'class'
p737
I73
sS'absolutely'
p738
I75
sS'decay'
p739
I75
sS'homo'
p740
I75
sS'way'
p741
I57
sS'wax'
p742
I75
sS'deawing'
p743
I75
sS'music'
p744
I69
sS'was'
p745
I32
sS'happy'
p746
I57
sS'head'
p747
I65
sS'w/brow'
p748
I75
sS'offer'
p749
I75
sS'becoming'
p750
I75
sS'gorgeous'
p751
I74
sS'arev?"'
p752
I75
sS'notifications'
p753
I75
sS'heat'
p754
I74
sS'hear'
p755
I74
sS'vercha'
p756
I75
sS'true'
p757
I69
sS'gameshow'
p758
I75
sS'responding'
p759
I75
sS'ami'
p760
I75
sS'laugh\xe2\x80\x9d'
p761
I75
sS"else's"
p762
I75
sS'inside'
p763
I75
sS'tooken'
p764
I75
sS'tell'
p765
I66
sS'whiskey'
p766
I74
sS'centipede'
p767
I75
sS'rerun'
p768
I75
sS'wwa'
p769
I75
sS'daddy'
p770
I74
sS'ughhhhhh'
p771
I75
sS'passenger'
p772
I75
sS'hotter'
p773
I75
sS'classic'
p774
I75
sS'trig'
p775
I75
sS'texts'
p776
I75
sS'avoiding'
p777
I75
sS'hungry'
p778
I75
sS'howling'
p779
I75
sS'exist'
p780
I75
sS'promised'
p781
I75
sS'hama'
p782
I75
sS'annoying'
p783
I67
sS'check'
p784
I71
sS'shit'
p785
I43
sS'blasterjaxx'
p786
I75
sS'gzhi'
p787
I75
sS'engines'
p788
I75
sS'hateee'
p789
I75
sS'dying'
p790
I69
sS'no'
p791
I28
sS'agreeing'
p792
I75
sS'na'
p793
I75
sS'when'
p794
I26
sS'reality'
p795
I74
sS'til'
p796
I74
sS'beheading'
p797
I75
sS'tio'
p798
I75
sS'test'
p799
I72
sS'tie'
p800
I73
sS'scored'
p801
I75
sS'picture'
p802
I73
sS'muxam'
p803
I75
sS'palms'
p804
I75
sS'football'
p805
I74
sS'weirdest'
p806
I75
sS'qbase'
p807
I75
sS"let's"
p808
I70
sS'lobiner'
p809
I75
sS'fell'
p810
I73
sS'baenus'
p811
I75
sS'ughhhhhhhhhh'
p812
I75
sS'weekend'
p813
I72
sS'edos'
p814
I75
sS'died'
p815
I75
sS'jacked'
p816
I75
sS'ekela'
p817
I75
sS'younger'
p818
I74
sS'faster'
p819
I74
sS'glass'
p820
I75
sS'moved'
p821
I75
sS'azizz'
p822
I75
sS'greenery\xe2\x80\xa6'
p823
I75
sS'domination'
p824
I75
sS'together'
p825
I73
sS"n'"
p826
I75
sS'time'
p827
I56
sS'push'
p828
I74
sS'serious'
p829
I73
sS'lineup'
p830
I75
sS'stick'
p831
I75
sS':/'
p832
I73
sS':('
p833
I68
sS':)'
p834
I67
sS'whoever'
p835
I75
sS'dance'
p836
I64
sS'tamales"'
p837
I75
sS'particular'
p838
I75
sS'snapchats~'
p839
I75
sS'snip'
p840
I74
sS'roz'
p841
I75
sS'mile'
p842
I75
sS'garrix?"omg'
p843
I75
sS'/'
p844
I75
sS'understandable'
p845
I75
sS'chair'
p846
I75
sS'milk'
p847
I74
sS'"barev'
p848
I75
sS'supposedly'
p849
I75
sS'system'
p850
I75
sS'zone'
p851
I75
sS'technique'
p852
I75
sS'disgusting'
p853
I75
sS'contemplating'
p854
I75
sS'818'
p855
I75
sS'finally'
p856
I66
sS'lmaoo'
p857
I58
sS'memoday'
p858
I75
sS'me'
p859
I8
sS'string'
p860
I75
sS'advantage'
p861
I75
sS'kareliye?"'
p862
I75
sS':d'
p863
I72
sS'3weeks'
p864
I75
sS'keeping'
p865
I74
sS'vegan'
p866
I75
sS"bae's"
p867
I74
sS'muirranch.\xe2\x80\xa6'
p868
I75
sS'cook'
p869
I75
sS'word'
p870
I71
sS'center/lb/de'
p871
I75
sS'cool'
p872
I72
sS'clouds'
p873
I75
sS'salvador'
p874
I75
sS'solves'
p875
I75
sS'did'
p876
I53
sS'die'
p877
I70
sS'posts'
p878
I75
sS'brother'
p879
I74
sS'turnt'
p880
I74
sS'xanf'
p881
I75
sS'leave'
p882
I73
sS'p'
p883
I75
sS'soooo'
p884
I74
sS'team'
p885
I75
sS'guy'
p886
I66
sS'dip'
p887
I75
sS'round'
p888
I75
sS'dis'
p889
I74
sS'shave'
p890
I75
sS'balen'
p891
I75
sS'talked'
p892
I75
sS'says'
p893
I73
sS'porn'
p894
I75
sS'trend'
p895
I75
sS'sigh'
p896
I75
sS'digweed'
p897
I75
sS'shirts'
p898
I75
sS'anaconda'
p899
I75
sS'eating'
p900
I70
sS'mj'
p901
I75
sS'bruhhhh'
p902
I75
sS'drinks'
p903
I74
sS'so*girl'
p904
I75
sS'csgaking'
p905
I75
sS'adds'
p906
I75
sS'pozole'
p907
I75
sS'menya'
p908
I75
sS'\xee\x90\xa0'
p909
I75
sS'throoowbackkkk'
p910
I75
sS'\xd8\xa7\xd8\xae\xd9\x88'
p911
I75
sS'suspect'
p912
I75
sS'goes'
p913
I74
sS'hypocritical'
p914
I75
sS'reply'
p915
I74
sS'botsaaaa'
p916
I75
sS'sweeter'
p917
I75
sS'often.."'
p918
I75
sS'makeup'
p919
I75
sS'french'
p920
I74
sS'fluffys'
p921
I75
sS'upgrade'
p922
I75
sS'baseball'
p923
I74
sS'dtbm'
p924
I74
sS'alone'
p925
I69
sS'along'
p926
I73
sS'teaches'
p927
I75
sS'teacher'
p928
I75
sS'change'
p929
I69
sS'wait'
p930
I68
sS'box'
p931
I75
sS'boy'
p932
I61
sS'thirty'
p933
I75
sS'harry:)'
p934
I75
sS'\xe2\x9c\x8a'
p935
I75
sS'bow'
p936
I73
sS'g2g'
p937
I75
sS'bangs'
p938
I75
sS'cinnamon'
p939
I75
sS'boo'
p940
I75
sS'usually'
p941
I74
sS'weird'
p942
I73
sS'pillow'
p943
I75
sS'lmfaoooo'
p944
I75
sS'love'
p945
I39
sS'extra'
p946
I74
sS'realmente'
p947
I75
sS'bs'
p948
I75
sS'shark'
p949
I75
sS'niall:)'
p950
I75
sS'losing'
p951
I75
sS'patriots'
p952
I75
sS'verge'
p953
I75
sS'fake'
p954
I73
sS'asetsi'
p955
I75
sS'"my'
p956
I75
sS'during'
p957
I75
sS'suits"'
p958
I75
sS'pll'
p959
I75
sS'sporty'
p960
I75
sS'working'
p961
I74
sS'prove'
p962
I74
sS'aye'
p963
I75
sS'loveeeee'
p964
I75
sS'angry'
p965
I75
sS'chases'
p966
I75
sS'dude'
p967
I70
sS'bite"'
p968
I75
sS'sports'
p969
I73
sS'kyank'
p970
I70
sS'live'
p971
I72
sS'wood'
p972
I75
sS'ayy'
p973
I75
sS'iphone'
p974
I74
sS'dardotvats'
p975
I75
sS'lorenzo'
p976
I75
sS'papaa'
p977
I75
sS'today'
p978
I51
sS'loving'
p979
I74
sS'yes'
p980
I68
sS'continue'
p981
I75
sS'everywhere'
p982
I75
sS'effort'
p983
I75
sS'fly'
p984
I75
sS'deserved'
p985
I75
sS'niggas'
p986
I75
sS'car'
p987
I62
sS'nigga~'
p988
I75
sS'pretend'
p989
I74
sS'dvjskklakxjscjajfkak'
p990
I75
sS'can'
p991
I44
sS'9th'
p992
I75
sS'following'
p993
I75
sS'making'
p994
I72
sS'texted'
p995
I74
sS'slightest'
p996
I75
sS'heart'
p997
I73
sS'crazy'
p998
I71
sS'valentines'
p999
I75
sS'stream'
p1000
I72
sS'awesome'
p1001
I74
sS"didn't"
p1002
I63
sS'fuck'
p1003
I37
sS'heard'
p1004
I73
sS'stroke'
p1005
I75
sS'chin'
p1006
I75
sS'dropped'
p1007
I74
sS'her?bf'
p1008
I75
sS'hydrogen'
p1009
I75
sS'pink'
p1010
I75
sS'awwww'
p1011
I75
sS'watching'
p1012
I73
sS'poking'
p1013
I75
sS'1'
p1014
I75
sS'till'
p1015
I75
sS'sunday'
p1016
I74
sS'emotionless'
p1017
I75
sS'nose"'
p1018
I75
sS'kimanan'
p1019
I75
sS'fourth'
p1020
I75
sS'pins'
p1021
I75
sS'currseed'
p1022
I75
sS'dope'
p1023
I75
sS'map'
p1024
I75
sS'staying'
p1025
I75
sS'mar'
p1026
I75
sS'huge'
p1027
I75
sS'may'
p1028
I73
sS'max'
p1029
I75
sS'blasting'
p1030
I75
sS'spot'
p1031
I75
sS'birthday'
p1032
I72
sS'mad'
p1033
I70
sS'date'
p1034
I74
sS'such'
p1035
I69
sS'suck'
p1036
I70
sS'guys'
p1037
I62
sS'grow'
p1038
I74
sS'man'
p1039
I49
sS'crepe'
p1040
I75
sS'remember'
p1041
I71
sS'johnson'
p1042
I75
sS'ghs'
p1043
I75
sS'whenever'
p1044
I73
sS'maybe'
p1045
I66
sS'simple'
p1046
I75
sS'awww'
p1047
I75
sS'bleeds'
p1048
I75
sS'tale'
p1049
I75
sS'switch'
p1050
I73
sS'so'
p1051
I11
sS'pulled'
p1052
I75
sS'sf'
p1053
I75
sS'talk'
p1054
I64
sS'cute'
p1055
I69
sS'acts'
p1056
I75
sS'shoes'
p1057
I75
sS'appartment'
p1058
I75
sS'freckles'
p1059
I75
sS'haircut'
p1060
I75
sS'wishing'
p1061
I75
sS'years'
p1062
I74
sS'course'
p1063
I73
sS'shake'
p1064
I75
sS'kanye'
p1065
I74
sS'still'
p1066
I59
sS'wtf\xee\x90\x8e'
p1067
I75
sS'group'
p1068
I74
sS'thank'
p1069
I73
sS"he's"
p1070
I65
sS'amazing'
p1071
I71
sS'attraction'
p1072
I75
sS'heyward'
p1073
I75
sS'apee'
p1074
I75
sS'thanx'
p1075
I75
sS'tweets'
p1076
I75
sS'main'
p1077
I75
sS'selfie'
p1078
I75
sS'happened'
p1079
I73
sS'day...with'
p1080
I75
sS'everryyooneee'
p1081
I75
sS'truest'
p1082
I75
sS'fredenham'
p1083
I75
sS'3'
p1084
I69
sS'moms'
p1085
I74
sS'feelin'
p1086
I74
sS'lunch'
p1087
I72
sS'qualified'
p1088
I75
sS'conquer'
p1089
I75
sS'half'
p1090
I68
sS'not'
p1091
I22
sS'now'
p1092
I54
sS'bullshit'
p1093
I74
sS'nor'
p1094
I75
sS'wont'
p1095
I74
sS'name'
p1096
I70
sS'january'
p1097
I75
sS'drop'
p1098
I75
sS'debating'
p1099
I75
sS'armenians\xe2\x80\x9d'
p1100
I75
sS'ape"'
p1101
I75
sS'address'
p1102
I75
sS'concerts'
p1103
I75
sS'em'
p1104
I64
sS'el'
p1105
I67
sS'en'
p1106
I70
sS'lowkey'
p1107
I74
sS'ef'
p1108
I75
sS'ft'
p1109
I75
sS'yeah'
p1110
I67
sS'goose'
p1111
I74
sS'challenger'
p1112
I75
sS'ey'
p1113
I74
sS'zebra'
p1114
I75
sS'year'
p1115
I70
sS'et'
p1116
I74
sS'girl'
p1117
I66
sS'teams'
p1118
I75
sS'pills'
p1119
I74
sS'es'
p1120
I74
sS'punk"'
p1121
I75
sS'living'
p1122
I74
sS'jackson'
p1123
I74
sS'beauty'
p1124
I75
sS'space'
p1125
I75
sS'looking'
p1126
I68
sS'bday'
p1127
I74
sS'seriously'
p1128
I75
sS'rooster'
p1129
I75
sS"shouldn't"
p1130
I73
sS'kent'
p1131
I74
sS'\xd9\x88\xd8\xa7\xd9\x84\xd9\x84\xd9\x87'
p1132
I75
sS'nudes'
p1133
I75
sS'shows'
p1134
I74
sS'attended'
p1135
I75
sS'monster'
p1136
I75
sS'cars'
p1137
I74
sS'million'
p1138
I73
sS'quite'
p1139
I75
sS'yassss'
p1140
I73
sS'bumps'
p1141
I75
sS'california'
p1142
I75
sS'batsets'
p1143
I75
sS'benzoyl'
p1144
I75
sS'grandma'
p1145
I73
sS'tienes'
p1146
I75
sS'card'
p1147
I73
sS'care'
p1148
I69
sS'yeeeee'
p1149
I75
sS'training'
p1150
I75
sS'fixed'
p1151
I73
sS'chillan'
p1152
I75
sS'loath'
p1153
I75
sS'yup'
p1154
I70
sS'100%'
p1155
I75
sS'spam'
p1156
I75
sS'punk'
p1157
I75
sS'tries'
p1158
I75
sS'a&b'
p1159
I73
sS'honest'
p1160
I75
sS'thing'
p1161
I65
sS'gosling'
p1162
I75
sS'place'
p1163
I74
sS'swing'
p1164
I75
sS'yess'
p1165
I75
sS'think'
p1166
I51
sS'first'
p1167
I65
sS'blind'
p1168
I74
sS'cheese'
p1169
I75
sS'xi'
p1170
I75
sS'shapping'
p1171
I75
sS'milliona'
p1172
I75
sS'xd'
p1173
I74
sS'one'
p1174
I38
sS'americans'
p1175
I75
sS'fast'
p1176
I73
sS'spanish'
p1177
I75
sS'vote'
p1178
I75
sS'impossible'
p1179
I74
sS'sounds'
p1180
I71
sS'fight'
p1181
I75
sS'open'
p1182
I74
sS'tomorrow'
p1183
I71
sS'size'
p1184
I72
sS'city'
p1185
I74
sS'little'
p1186
I64
sS'checked'
p1187
I75
sS'stuck'
p1188
I75
sS'bite'
p1189
I75
sS'tsxenk'
p1190
I75
sS'anyone'
p1191
I69
sS'fml'
p1192
I74
sS'2'
p1193
I70
sS'staayyyyyyyyyyy'
p1194
I75
sS'masala'
p1195
I75
sS'white'
p1196
I66
sS'friend'
p1197
I68
sS'eyes'
p1198
I71
sS'that'
p1199
I14
sS'season'
p1200
I72
sS'thay'
p1201
I75
sS'ouchhh'
p1202
I75
sS'huh'
p1203
I72
sS'vahans'
p1204
I75
sS'cops'
p1205
I75
sS'c250'
p1206
I75
sS'ridiculous'
p1207
I75
sS'butt'
p1208
I75
sS'sulkin'
p1209
I75
sS'thai'
p1210
I75
sS'bobs'
p1211
I73
sS'than'
p1212
I66
sS"here's"
p1213
I75
sS'boyfriend'
p1214
I68
sS'10'
p1215
I72
sS'12'
p1216
I73
sS'15'
p1217
I74
sS'lmao'
p1218
I31
sS'17'
p1219
I75
sS'16'
p1220
I75
sS'gotta'
p1221
I74
sS'savant'
p1222
I75
sS'r'
p1223
I74
sS'1%'
p1224
I75
sS'apples'
p1225
I75
sS'botsaa'
p1226
I75
sS'were'
p1227
I64
sS'cards'
p1228
I74
sS'arevin'
p1229
I75
sS'russia'
p1230
I74
sS'and'
p1231
I7
sS'grew'
p1232
I75
sS'sai'
p1233
I75
sS'bm-what'
p1234
I75
sS'sam'
p1235
I73
sS'turned'
p1236
I75
sS'few'
p1237
I72
sS'sad'
p1238
I68
sS'say'
p1239
I52
sS'rained'
p1240
I75
sS'wjat'
p1241
I75
sS'buried'
p1242
I75
sS'breakfast'
p1243
I75
sS'chika'
p1244
I75
sS'saw'
p1245
I69
sS'any'
p1246
I67
sS'kevin'
p1247
I75
sS'sat'
p1248
I75
sS'sport'
p1249
I75
sS'benit'
p1250
I75
sS'maziz'
p1251
I75
sS'vahan'
p1252
I69
sS'malta'
p1253
I75
sS'note'
p1254
I75
sS'omfg'
p1255
I70
sS'maintain'
p1256
I75
sS'hookah'
p1257
I72
sS'take'
p1258
I61
sS'retainers'
p1259
I75
sS'blunt'
p1260
I75
sS'berutsi'
p1261
I75
sS'bitching'
p1262
I74
sS'sure'
p1263
I59
sS'pain'
p1264
I75
sS'normal'
p1265
I75
sS'arguing'
p1266
I74
sS'knew'
p1267
I73
sS'dexter'
p1268
I75
sS'paid'
p1269
I75
sS'freshmen'
p1270
I75
sS'freshman'
p1271
I74
sS'america'
p1272
I74
sS'msg'
p1273
I75
sS'forever'
p1274
I75
sS'especially'
p1275
I75
sS'1/2'
p1276
I75
sS'later'
p1277
I73
sS'drive'
p1278
I74
sS'ferrari'
p1279
I75
sS'stealin'
p1280
I75
sS'uncle'
p1281
I75
sS'senior'
p1282
I75
sS'abraham'
p1283
I75
sS'sunset'
p1284
I75
sS'shop'
p1285
I75
sS'shot'
p1286
I70
sS'*dances'
p1287
I75
sS'show'
p1288
I72
sS'profile**gets'
p1289
I75
sS'convos'
p1290
I74
sS'russian'
p1291
I75
sS'corner'
p1292
I75
sS'paniking'
p1293
I75
sS'mister'
p1294
I75
sS'\xe2\x99\xa5'
p1295
I74
sS'xmi'
p1296
I75
sS"penguin'"
p1297
I75
sS'dick'
p1298
I73
sS'cheeseburger'
p1299
I75
sS'enough'
p1300
I71
sS'only'
p1301
I63
sS'going'
p1302
I63
sS'black'
p1303
I69
sS'keso'
p1304
I75
sS'dreamed'
p1305
I75
sS'dzuma'
p1306
I74
sS'get'
p1307
I30
sS'sooo'
p1308
I75
sS'ifly'
p1309
I75
sS'epicness'
p1310
I75
sS'broncos'
p1311
I75
sS'mernem'
p1312
I74
sS'cannot'
p1313
I72
sS'invited'
p1314
I75
sS'roadster'
p1315
I75
sS'parskahye'
p1316
I75
sS'dummies"'
p1317
I75
sS'artist'
p1318
I75
sS'borrow'
p1319
I75
sS'morning'
p1320
I68
sS":'("
p1321
I75
sS":')"
p1322
I74
sS'tosh.0'
p1323
I75
sS'stupid'
p1324
I67
sS"could've"
p1325
I75
sS'worries'
p1326
I75
sS'where'
p1327
I67
sS"y'all"
p1328
I72
sS'learn'
p1329
I75
sS'concert'
p1330
I75
sS'girls)'
p1331
I75
sS'skacore'
p1332
I75
sS'isabel'
p1333
I71
sS'asleep'
p1334
I71
sS'masturbatin'
p1335
I75
sS'contar'
p1336
I75
sS'ruined'
p1337
I74
sS'squidward'
p1338
I75
sS'wonder'
p1339
I74
sS'israeli'
p1340
I75
sS'mihat'
p1341
I74
sS'registering'
p1342
I75
sS'ways'
p1343
I75
sS'gjam'
p1344
I75
sS'outside'
p1345
I72
sS'yip'
p1346
I75
sS'between'
p1347
I74
sS'reading'
p1348
I75
sS'across'
p1349
I73
sS'whipped'
p1350
I75
sS'kook'
p1351
I75
sS'notice'
p1352
I75
sS'anyway"'
p1353
I75
sS'jt'
p1354
I75
sS'farts'
p1355
I75
sS'tur'
p1356
I75
sS'dome'
p1357
I75
sS'punto'
p1358
I75
sS'blame'
p1359
I75
sS'chacha'
p1360
I75
sS'awards'
p1361
I75
sS'armenian'
p1362
I74
sS'hurts'
p1363
I72
sS'js'
p1364
I75
sS'come'
p1365
I60
sS'lollapalooza'
p1366
I75
sS'baes'
p1367
I75
sS'javier'
p1368
I75
sS'flipping'
p1369
I75
sS'bayts'
p1370
I73
sS'many'
p1371
I72
sS'restroom'
p1372
I75
sS'personal'
p1373
I74
sS's'
p1374
I73
sS'dated'
p1375
I75
sS'yeeee'
p1376
I74
sS'cough*'
p1377
I75
sS'skdkqkaj'
p1378
I75
sS'fix'
p1379
I75
sS"can't"
p1380
I49
sS'ek?"'
p1381
I75
sS'6:30'
p1382
I75
sS'"twittera'
p1383
I75
sS'color'
p1384
I75
sS'food.\xe2\x80\x9d'
p1385
I75
sS'lmagfao'
p1386
I75
sS'jk'
p1387
I73
sS'period'
p1388
I74
sS'pop'
p1389
I75
sS'3000'
p1390
I75
sS"couldn't"
p1391
I75
sS'brats'
p1392
I75
sS'caring'
p1393
I74
sS'dyslexia'
p1394
I75
sS'cares'
p1395
I75
sS'west'
p1396
I75
sS'tryna'
p1397
I75
sS'mark'
p1398
I75
sS'mart'
p1399
I73
sS'evangelista'
p1400
I75
sS'jogum'
p1401
I75
sS'jb'
p1402
I75
sS'games"'
p1403
I75
sS'sesh'
p1404
I75
sS'hardly'
p1405
I75
sS'wants'
p1406
I72
sS'direction'
p1407
I75
sS'chaghatsa'
p1408
I75
sS'30000'
p1409
I75
sS'varvats'
p1410
I75
sS'ik'
p1411
I75
sS'tiger'
p1412
I75
sS'w/caramel'
p1413
I75
sS'wake'
p1414
I71
sS'63%'
p1415
I75
sS'goldblooded323'
p1416
I75
sS'hardcore'
p1417
I73
sS'careful'
p1418
I75
sS'ruby'
p1419
I75
sS'doctor\xe2\x80\x9d'
p1420
I75
sS'those'
p1421
I73
sS'sound'
p1422
I72
sS're-union'
p1423
I75
sS'myself'
p1424
I67
sS'turtles'
p1425
I75
sS'esenc'
p1426
I75
sS'these'
p1427
I66
sS'\xd9\x88\xd8\xb1\xd8\xa7\xd9\x83\xd8\xa7\xd9\x86'
p1428
I75
sS'lomka'
p1429
I75
sS'life*'
p1430
I75
sS'*love'
p1431
I75
sS'aston'
p1432
I70
sS'sleeping'
p1433
I73
sS'middle'
p1434
I73
sS'good'
p1435
I53
sS'dafuq'
p1436
I75
sS'heels'
p1437
I75
sS'technology'
p1438
I75
sS'everyday'
p1439
I74
sS'worry'
p1440
I73
sS'different'
p1441
I69
sS'allllll'
p1442
I75
sS'out.,91352\n490283158739247104,chris_mcdv8,2014-07-18'
p1443
I75
sS'thinkin'
p1444
I75
sS'bowl'
p1445
I74
sS'tour'
p1446
I75
sS'same'
p1447
I54
sS'autochutik'
p1448
I75
sS'food'
p1449
I68
sS'poetic'
p1450
I74
sS'macaroni'
p1451
I75
sS'arguments'
p1452
I75
sS'buys'
p1453
I75
sS'kashvar'
p1454
I75
sS'week'
p1455
I73
sS'oil'
p1456
I74
sS'"k"'
p1457
I74
sS'm&g'
p1458
I75
sS'weed'
p1459
I75
sS'favorites'
p1460
I75
sS'changing'
p1461
I74
sS'totally'
p1462
I74
sS'wtff'
p1463
I75
sS'vantage'
p1464
I74
sS'tracking'
p1465
I75
sS'charger'
p1466
I75
sS'floor'
p1467
I75
sS'lady'
p1468
I75
sS'remain'
p1469
I75
sS'buy*'
p1470
I75
sS'without'
p1471
I70
sS'pupusas'
p1472
I75
sS'comes'
p1473
I74
sS'bottle'
p1474
I75
sS'morninggggg'
p1475
I75
sS'hubby'
p1476
I75
sS'summer'
p1477
I74
sS'being'
p1478
I66
sS'money'
p1479
I69
sS"dm'd"
p1480
I75
sS'foot'
p1481
I75
sS'kill'
p1482
I69
sS'positions'
p1483
I75
sS'touch'
p1484
I75
sS'speed'
p1485
I75
sS'blow'
p1486
I75
sS'yaaas'
p1487
I75
sS'death'
p1488
I75
sS'application'
p1489
I75
sS'thinking'
p1490
I71
sS"everyone's"
p1491
I72
sS'seems'
p1492
I75
sS'except'
p1493
I74
sS'twit'
p1494
I75
sS'lets'
p1495
I75
sS'setting'
p1496
I75
sS'4'
p1497
I69
sS'parker'
p1498
I75
sS'heavier'
p1499
I75
sS'ahfkskfjl'
p1500
I75
sS'tuff'
p1501
I75
sS'real'
p1502
I67
sS'10$'
p1503
I75
sS'around'
p1504
I70
sS'kills'
p1505
I74
sS'rules'
p1506
I74
sS'hopin'
p1507
I75
sS'gonna'
p1508
I58
sS'early'
p1509
I74
sS'traffic'
p1510
I75
sS'sight*'
p1511
I75
sS'listening'
p1512
I68
sS'(-'
p1513
I75
sS'using'
p1514
I73
sS'disappointed'
p1515
I75
sS'towel'
p1516
I74
sS'achieve'
p1517
I75
sS'kenney'
p1518
I75
sS'xashvenq.\xe2\x80\x9d'
p1519
I75
sS'*goes'
p1520
I75
sS'laughing'
p1521
I71
sS'omgg'
p1522
I75
sS'occasions'
p1523
I75
sS'served'
p1524
I75
sS'it-dary'
p1525
I75
sS'noo'
p1526
I75
sS'"omg'
p1527
I75
sS'competition'
p1528
I75
sS'l'
p1529
I75
sS'table'
p1530
I75
sS'playin'
p1531
I75
sS'thinks'
p1532
I73
sS'servicio'
p1533
I74
sS'bless'
p1534
I75
sS'mood'
p1535
I75
sS'shirtless'
p1536
I75
sS'meeraaaaa'
p1537
I75
sS'picks'
p1538
I75
sS'porter'
p1539
I75
sS'hustle'
p1540
I75
sS'considering'
p1541
I75
sS'felt'
p1542
I71
sS'\xe2\x9c\x88\xef\xb8\x8f'
p1543
I74
sS'power'
p1544
I74
sS'lmfao'
p1545
I70
sS'problems'
p1546
I74
sS'hurrts'
p1547
I75
sS'slaughter'
p1548
I75
sS'update'
p1549
I75
sS',91352\n490293570096472065,chris_mcdv8,2014-07-19'
p1550
I75
sS'"bhs'
p1551
I75
sS'throw'
p1552
I74
sS'earlier'
p1553
I74
sS'tuning'
p1554
I75
sS'on'
p1555
I18
sS'simplest'
p1556
I75
sS'ok'
p1557
I56
sS'oh'
p1558
I57
sS'og'
p1559
I75
sS'of'
p1560
I12
sS'industry'
p1561
I74
sS'dyslexic'
p1562
I75
sS'favorite'
p1563
I72
sS'meal'
p1564
I75
sS'wolf'
p1565
I75
sS'stand'
p1566
I74
sS'oy'
p1567
I75
sS'decent'
p1568
I74
sS'mixed'
p1569
I73
sS'mean'
p1570
I70
sS'or'
p1571
I42
sS'road'
p1572
I73
sS'lands'
p1573
I75
sS'protests'
p1574
I75
sS'burning'
p1575
I74
sS'nicotine'
p1576
I75
sS'whiten'
p1577
I75
sS'gary'
p1578
I73
sS'youu'
p1579
I75
sS'skillet'
p1580
I75
sS'eteris'
p1581
I75
sS'your'
p1582
I27
sS'bends'
p1583
I75
sS'het'
p1584
I75
sS'burbank'
p1585
I70
sS'hallar\xc3\xa1s'
p1586
I75
sS'her'
p1587
I41
sS'area'
p1588
I74
sS'whales'
p1589
I75
sS'there'
p1590
I60
sS'hey'
p1591
I72
sS'lol'
p1592
I19
sS'arev'
p1593
I74
sS'los'
p1594
I71
sS"how'd"
p1595
I75
sS'\xe2\x98\xba\xef\xb8\x8f\xe2\x9c\x8c\xef\xb8\x8f\xe2\x9c\xa8'
p1596
I75
sS'low'
p1597
I74
sS'lot'
p1598
I73
sS'imatsank'
p1599
I75
sS'valencia'
p1600
I75
sS'valley'
p1601
I64
sS'redbull'
p1602
I75
sS'allergic'
p1603
I75
sS'aoki'
p1604
I75
sS'gluxa'
p1605
I75
sS'crimes'
p1606
I75
sS'complete'
p1607
I74
sS'"i\'m'
p1608
I75
sS'lmaooo'
p1609
I54
sS'e'
p1610
I74
sS'trying'
p1611
I69
sS'with'
p1612
I24
sS'happening'
p1613
I74
sS"they're"
p1614
I66
sS'applying'
p1615
I75
sS'romantic'
p1616
I75
sS"wasn't"
p1617
I72
sS'"hollywood'
p1618
I75
sS'dirty'
p1619
I75
sS'chomper'
p1620
I75
sS'>'
p1621
I75
sS'trips'
p1622
I75
sS'connect'
p1623
I75
sS'gone'
p1624
I74
sS'ohh'
p1625
I75
sS'ad'
p1626
I75
sS'johnny'
p1627
I74
sS'af'
p1628
I64
sS'taste'
p1629
I75
sS'certain'
p1630
I75
sS'stealing'
p1631
I75
sS'am'
p1632
I55
sS'al'
p1633
I75
sS'uzum"'
p1634
I75
sS'an'
p1635
I52
sS'as'
p1636
I61
sS'tasty'
p1637
I75
sS'at'
p1638
I27
sS'aw'
p1639
I75
sS'walks'
p1640
I75
sS'-____-'
p1641
I74
sS'horse'
p1642
I75
sS'fill'
p1643
I75
sS'again'
p1644
I72
sS'fuck\xe2\x80\x9d'
p1645
I75
sS'floored'
p1646
I75
sS'graduate'
p1647
I75
sS'twerk'
p1648
I73
sS'you'
p1649
I4
sS'trash'
p1650
I74
sS'poor'
p1651
I75
sS'trip'
p1652
I75
sS'baddd'
p1653
I75
sS'obsessed'
p1654
I75
sS'xanax'
p1655
I75
sS'kairos'
p1656
I75
sS'teeth'
p1657
I75
sS'subbing'
p1658
I75
sS'waving'
p1659
I75
sS'amuses'
p1660
I75
sS'important'
p1661
I75
sS'track'
p1662
I74
sS'"nine'
p1663
I75
sS'chris'
p1664
I74
sS'congreso'
p1665
I74
sS'slang'
p1666
I75
sS'psychology'
p1667
I74
sS'building'
p1668
I75
sS'srry'
p1669
I74
sS'applause'
p1670
I75
sS'calls'
p1671
I73
sS'photos'
p1672
I75
sS'jhama'
p1673
I75
sS"life's"
p1674
I74
sS'wifi'
p1675
I75
sS'u'
p1676
I55
sS'fatts'
p1677
I75
sS'resembles'
p1678
I75
sS'alright'
p1679
I75
sS'lupita'
p1680
I75
sS'starting'
p1681
I71
sS'host-current'
p1682
I75
sS'alo'
p1683
I75
sS'all'
p1684
I36
sS'liar'
p1685
I75
sS'forget'
p1686
I75
sS'*silently'
p1687
I75
sS'allergy'
p1688
I75
sS'af\xe2\x80\x9d'
p1689
I75
sS'month'
p1690
I75
sS'sushi>'
p1691
I75
sS'commute'
p1692
I75
sS'lian'
p1693
I75
sS'follow'
p1694
I74
sS'liam'
p1695
I75
sS'children'
p1696
I75
sS'fits'
p1697
I75
sS'tv'
p1698
I75
sS'switched'
p1699
I75
sS'misses'
p1700
I75
sS'"anapati"'
p1701
I75
sS'to'
p1702
I3
sS'tl'
p1703
I75
sS'solicit'
p1704
I75
sS"'ugly"
p1705
I74
sS'smile'
p1706
I69
sS'te'
p1707
I73
sS'tb'
p1708
I74
sS'libertad'
p1709
I75
sS'worse'
p1710
I74
sS'confidential'
p1711
I75
sS'song'
p1712
I72
sS'very'
p1713
I73
sS'fav'
p1714
I74
sS'bombarded'
p1715
I75
sS'fat'
p1716
I71
sS'cadaver'
p1717
I74
sS'selfies'
p1718
I75
sS'ppls'
p1719
I75
sS'fan'
p1720
I70
sS'bestie'
p1721
I75
sS'fall'
p1722
I74
sS'awful'
p1723
I75
sS'labor'
p1724
I75
sS'dapper'
p1725
I74
sS'difference'
p1726
I74
sS'alreaaddy'
p1727
I75
sS'gott'
p1728
I75
sS'leads'
p1729
I75
sS'lmfaooooooooooooo'
p1730
I75
sS'sand'
p1731
I75
sS'harry'
p1732
I73
sS'small'
p1733
I74
sS'anal'
p1734
I75
sS'dodger'
p1735
I74
sS"i'll"
p1736
I55
sS'quicker'
p1737
I75
sS'rats'
p1738
I74
sS'instagram'
p1739
I75
sS'atr\xc3\xa1s'
p1740
I75
sS'past'
p1741
I75
sS'zero'
p1742
I75
sS'pass'
p1743
I75
sS'cigars'
p1744
I75
sS'what'
p1745
I39
sS'sun'
p1746
I71
sS'youuu'
p1747
I75
sS'ticks'
p1748
I75
sS'emotions'
p1749
I75
sS'version'
p1750
I75
sS'sooooooo'
p1751
I72
sS'looool'
p1752
I75
sS'womb'
p1753
I75
sS'witchu'
p1754
I75
sS'"authorized"'
p1755
I75
sS'full'
p1756
I71
sS'christian'
p1757
I75
sS"c'mon"
p1758
I75
sS'headlock'
p1759
I75
sS'21st'
p1760
I75
sS'hours'
p1761
I74
sS'biebz'
p1762
I75
sS'winnnn'
p1763
I75
sS'jonas'
p1764
I75
sS'directions'
p1765
I75
sS'respect'
p1766
I75
sS'b2b'
p1767
I75
sS'bible'
p1768
I75
sS'colored'
p1769
I75
sS'asa'
p1770
I75
sS'experience'
p1771
I75
sS'pics'
p1772
I75
sS'fired'
p1773
I75
sS'within'
p1774
I75
sS'pick'
p1775
I69
sS'heartbroken'
p1776
I75
sS"would've"
p1777
I75
sS'visit'
p1778
I75
sS'boooootsaaaaaaaaaaa'
p1779
I75
sS'himym'
p1780
I75
sS'family'
p1781
I72
sS'gotprint)'
p1782
I74
sS'"let\'s'
p1783
I75
sS'put'
p1784
I66
sS'semester'
p1785
I73
sS'armen'
p1786
I74
sS'pulls'
p1787
I75
sS'emoji'
p1788
I75
sS'casket'
p1789
I75
sS'takes'
p1790
I74
sS"demi's"
p1791
I75
sS'intense'
p1792
I75
sS'texting'
p1793
I74
sS'two'
p1794
I64
sS'eyr'
p1795
I75
sS'6'
p1796
I70
sS'mothafuckers'
p1797
I75
sS'things...armenian'
p1798
I75
sS'astu'
p1799
I75
sS'possible'
p1800
I75
sS'more'
p1801
I56
sS'asks'
p1802
I75
sS'door'
p1803
I73
sS'company'
p1804
I75
sS'xape"'
p1805
I75
sS'excuse'
p1806
I75
sS'flag'
p1807
I75
sS'floyd'
p1808
I75
sS"ain't"
p1809
I67
sS'basically'
p1810
I73
sS'broke'
p1811
I70
sS'varying'
p1812
I75
sS'flan'
p1813
I75
sS'glad'
p1814
I72
sS'town'
p1815
I75
sS'dey'
p1816
I75
sS'none'
p1817
I74
sS'hour'
p1818
I71
sS'sneezin'
p1819
I75
sS'sucks'
p1820
I68
sS'mall'
p1821
I75
sS'sudden'
p1822
I75
sS'nine'
p1823
I74
sS'home..a'
p1824
I75
sS'history'
p1825
I75
sS'beautiful'
p1826
I73
sS'stubborn'
p1827
I75
sS'compare'
p1828
I75
sS'gotcha'
p1829
I75
sS'hamburger'
p1830
I75
sS'brown'
p1831
I75
sS'iniciar'
p1832
I75
sS'yerkumem'
p1833
I75
sS'sike'
p1834
I75
sS'lolol'
p1835
I75
sS'salty'
p1836
I75
sS'priorities'
p1837
I75
sS'pong'
p1838
I75
sS'ughhhh'
p1839
I74
sS'"art'
p1840
I75
sS'silicon'
p1841
I75
sS'needs'
p1842
I71
sS'court'
p1843
I75
sS'dreads'
p1844
I74
sS'awkward'
p1845
I73
sS'rather'
p1846
I72
sS'breaking'
p1847
I75
sS'needa'
p1848
I72
sS'chopper'
p1849
I75
sS'hugs'
p1850
I75
sS'motels'
p1851
I75
sS'goat'
p1852
I75
sS'hopeless'
p1853
I75
sS'okay'
p1854
I64
sS'fu'
p1855
I74
sS'rave.first'
p1856
I75
sS'svet'
p1857
I75
sS'advice'
p1858
I75
sS'cali'
p1859
I75
sS'kyaaankkkkkkk'
p1860
I75
sS'fb'
p1861
I75
sS'plane'
p1862
I75
sS'lighting'
p1863
I74
sS'blood'
p1864
I75
sS'coming'
p1865
I73
sS'backyard'
p1866
I75
sS'pleaded'
p1867
I75
sS'tobarra'
p1868
I75
sS'a'
p1869
I6
sS'short'
p1870
I74
sS'ohmyggodd'
p1871
I75
sS'prefers'
p1872
I75
sS'eats'
p1873
I75
sS'dragon'
p1874
I75
sS'tbbbbb'
p1875
I75
sS'vegas'
p1876
I75
sS'speeds'
p1877
I75
sS'believe,91352\n490281959713562624,chris_mcdv8,2014-07-18'
p1878
I75
sS'lmfaooooo'
p1879
I74
sS'mortem'
p1880
I75
sS'hates'
p1881
I75
sS'dream'
p1882
I72
sS'playing'
p1883
I71
sS"that's"
p1884
I57
sS'chicks'
p1885
I75
sS'jordans'
p1886
I75
sS'"im'
p1887
I75
sS'mexican'
p1888
I74
sS'help'
p1889
I68
sS"don't"
p1890
I21
sS'abosutly'
p1891
I75
sS'wall*'
p1892
I75
sS'ffs'
p1893
I75
sS'soon'
p1894
I69
sS'attitude'
p1895
I75
sS'through'
p1896
I75
sS'lava'
p1897
I74
sS'shit\xe2\x80\x9d'
p1898
I75
sS'committed'
p1899
I75
sS'hell'
p1900
I73
sS'smiling'
p1901
I75
sS'cheated'
p1902
I74
sS'its'
p1903
I71
sS'roots'
p1904
I75
sS'style'
p1905
I73
sS'20'
p1906
I75
sS'21'
p1907
I75
sS'pray'
p1908
I75
sS'thnx'
p1909
I73
sS'sale'
p1910
I75
sS'actually'
p1911
I68
sS'late'
p1912
I74
sS'2%'
p1913
I75
sS'ruining'
p1914
I75
sS'if"'
p1915
I75
sS'baaa'
p1916
I75
sS'bout'
p1917
I69
sS'cutie'
p1918
I75
sS'might'
p1919
I75
sS'alter'
p1920
I75
sS"haven't"
p1921
I73
sS'fool'
p1922
I75
sS'evening'
p1923
I74
sS'calm'
p1924
I75
sS'yo'
p1925
I69
sS'ya'
p1926
I64
sS'uhm'
p1927
I75
sS'botssssss'
p1928
I75
sS'uhh'
p1929
I74
sS'boobies'
p1930
I75
sS'zabut'
p1931
I75
sS'oki'
p1932
I75
sS'buffering'
p1933
I75
sS'complain'
p1934
I75
sS'bigger'
p1935
I73
sS'sucked'
p1936
I74
sS'kases'
p1937
I75
sS'always'
p1938
I61
sS'relashunship'
p1939
I75
sS'someone'
p1940
I57
sS'stopped'
p1941
I74
sS'moment*'
p1942
I75
sS'turns'
p1943
I75
sS"6'4"
p1944
I75
sS'found'
p1945
I68
sS'fairy'
p1946
I75
sS'5:55'
p1947
I75
sS'marry'
p1948
I75
sS"isn't"
p1949
I69
sS'heavy'
p1950
I75
sS'everyone'
p1951
I66
sS'mental'
p1952
I72
sS'weight'
p1953
I74
sS'idek'
p1954
I74
sS'house*'
p1955
I75
sS'house'
p1956
I71
sS'hard'
p1957
I67
sS'idea'
p1958
I73
sS'grandmothers'
p1959
I75
sS'dentist.\xe2\x80\x9d'
p1960
I75
sS"andy's"
p1961
I75
sS'quick"'
p1962
I75
sS'expect'
p1963
I74
sS'fist'
p1964
I75
sS'coffee..not'
p1965
I75
sS'gegham'
p1966
I75
sS'insurance'
p1967
I75
sS'really'
p1968
I55
sS'magnet'
p1969
I75
sS'romantic\xe2\x80\x9d'
p1970
I75
sS'loooolik'
p1971
I75
sS'missed'
p1972
I73
sS'ya!"i'
p1973
I75
sS'since'
p1974
I66
sS'votov'
p1975
I75
sS'acting'
p1976
I75
sS'hill'
p1977
I73
sS'issue'
p1978
I75
sS'akcent~'
p1979
I75
sS'ass'
p1980
I65
sS'bald'
p1981
I75
sS'timeline'
p1982
I75
sS'ktsenk'
p1983
I75
sS'forgive'
p1984
I75
sS'roosters'
p1985
I75
sS'reason'
p1986
I70
sS'disneyland'
p1987
I75
sS'imagine'
p1988
I71
sS'ask'
p1989
I70
sS'heads'
p1990
I75
sS'irar'
p1991
I75
sS'bash'
p1992
I75
sS'blister'
p1993
I75
sS'barbara'
p1994
I75
sS'terrible'
p1995
I75
sS"year's"
p1996
I75
sS'tolma'
p1997
I75
sS'w'
p1998
I71
sS'tahn'
p1999
I75
sS'criticize'
p2000
I75
sS"do't"
p2001
I75
sS"it'll"
p2002
I75
sS'fallen'
p2003
I75
sS'knots'
p2004
I75
sS'superbowl'
p2005
I75
sS'dont'
p2006
I67
sS'feel'
p2007
I47
sS'yeeet'
p2008
I75
sS'number'
p2009
I74
sS'batsellllaaaaaa'
p2010
I75
sS'done'
p2011
I72
sS'boredddd'
p2012
I75
sS'angeles)'
p2013
I75
sS'miss'
p2014
I59
sS'hacme'
p2015
I75
sS'mami'
p2016
I75
sS'guess'
p2017
I65
sS'hott'
p2018
I75
sS'hots'
p2019
I75
sS'twenty'
p2020
I75
sS'least'
p2021
I71
sS'wingman'
p2022
I75
sS'ilysfm'
p2023
I75
sS'station'
p2024
I74
sS'college~"alright'
p2025
I75
sS'bravo'
p2026
I75
sS'headache'
p2027
I75
sS'selling'
p2028
I74
sS'cannnnnoooooot'
p2029
I75
sS'relationship'
p2030
I75
sS'behind'
p2031
I74
sS'paro'
p2032
I75
sS'needle'
p2033
I75
sS'park'
p2034
I75
sS'scooby'
p2035
I75
sS'\xe2\x9d\xa4\xef\xb8\x8f\xe2\x9d\xa4\xef\xb8\x8f\xe2\x9d\xa4\xef\xb8\x8f\xe2\x9d\xa4\xef\xb8\x8f\xe2\x9d\xa4\xef\xb8\x8f\xe2\x9d\xa4\xef\xb8\x8f\xe2\x9d\xa4\xef\xb8\x8f\xe2\x9d\xa4\xef\xb8\x8f\xe2\x9d\xa4\xef\xb8\x8f'
p2036
I75
sS'part'
p2037
I70
sS'taught'
p2038
I75
sS'zeppelin'
p2039
I75
sS'chgitem'
p2040
I75
sS'consult'
p2041
I75
sS'rain'
p2042
I75
sS'harout'
p2043
I75
sS'believe'
p2044
I72
sS'convinced'
p2045
I75
sS'king'
p2046
I74
sS'kind'
p2047
I73
sS'b'
p2048
I75
sS'compliments'
p2049
I75
sS'sto'
p2050
I75
sS'grey'
p2051
I75
sS'youth'
p2052
I75
sS'determined'
p2053
I75
sS'stalk'
p2054
I75
sS'supposed'
p2055
I73
sS'markus'
p2056
I75
sS'rainnn'
p2057
I75
sS'brookie'
p2058
I75
sS'toe'
p2059
I74
sS'remembers'
p2060
I75
sS'cleaner'
p2061
I75
sS'patahuma'
p2062
I75
sS'ages'
p2063
I75
sS'lmaooooo'
p2064
I69
sS'alike'
p2065
I74
sS'showers'
p2066
I74
sS'arhtr'
p2067
I75
sS'philly'
p2068
I75
sS'pressured'
p2069
I75
sS'sell'
p2070
I75
sS'lie'
p2071
I72
sS'nights'
p2072
I75
sS'para'
p2073
I75
sS'dancing'
p2074
I69
sS'lil'
p2075
I74
sS'nighty'
p2076
I75
sS'self'
p2077
I75
sS'cave'
p2078
I75
sS'night~'
p2079
I75
sS'couch'
p2080
I75
sS'also'
p2081
I73
sS'costs'
p2082
I75
sS'lip'
p2083
I75
sS'analogy'
p2084
I75
sS'cavs'
p2085
I75
sS'play'
p2086
I70
sS'exel'
p2087
I75
sS'quote'
p2088
I74
sS'manoooo'
p2089
I75
sS'charge'
p2090
I75
sS'"ape'
p2091
I75
sS'jst'
p2092
I74
sS'most'
p2093
I69
sS'plan'
p2094
I75
sS'"tell'
p2095
I75
sS'nothing'
p2096
I67
sS'11:11'
p2097
I75
sS'rhe'
p2098
I75
sS'garrix'
p2099
I75
sS'sweats'
p2100
I75
sS'ka'
p2101
I71
sS'kk'
p2102
I74
sS'sometimes'
p2103
I72
sS'cover'
p2104
I75
sS'mammoth'
p2105
I75
sS'clean'
p2106
I74
sS'\xe2\x98\x80\xef\xb8\x8f'
p2107
I75
sS'shoutout'
p2108
I75
sS'lying'
p2109
I75
sS'ugh'
p2110
I74
sS'medusa'
p2111
I75
sS'bringin'
p2112
I75
sS'gold'
p2113
I75
sS'v12'
p2114
I74
sS'yeee'
p2115
I75
sS'dzez'
p2116
I74
sS'hugging'
p2117
I75
sS'carne'
p2118
I75
sS'stfu'
p2119
I74
sS'"inch'
p2120
I75
sS'melody'
p2121
I75
sS'fine'
p2122
I73
sS'find'
p2123
I72
sS'scooter'
p2124
I75
sS'attractive\xe2\x80\x9d'
p2125
I75
sS'penalty'
p2126
I75
sS'failed'
p2127
I74
sS'removable'
p2128
I73
sS'morus'
p2129
I75
sS'8'
p2130
I73
sS'circle'
p2131
I75
sS'his'
p2132
I68
sS'hit'
p2133
I72
sS'ungrateful'
p2134
I75
sS'523'
p2135
I75
sS'trees'
p2136
I75
sS'sila'
p2137
I74
sS'bompton'
p2138
I75
sS'legen-wait'
p2139
I75
sS'batter'
p2140
I75
sS'fastest'
p2141
I75
sS'"fishing??"'
p2142
I75
sS'squeaky'
p2143
I75
sS'him'
p2144
I65
sS'alexander'
p2145
I75
sS'metta'
p2146
I75
sS'frankly'
p2147
I75
sS'sleeve'
p2148
I75
sS'cry'
p2149
I73
sS'tanked'
p2150
I75
sS'perfume'
p2151
I75
sS'caramel'
p2152
I75
sS'common'
p2153
I74
sS'kichnem'
p2154
I75
sS'kuten'
p2155
I75
sS'bars'
p2156
I74
sS'set'
p2157
I71
sS"60's"
p2158
I75
sS'dump'
p2159
I75
sS'throwing'
p2160
I75
sS'bozi'
p2161
I75
sS'sex'
p2162
I72
sS'ara'
p2163
I75
sS'see'
p2164
I53
sS'dumb'
p2165
I70
sS'are'
p2166
I34
sS"lily's"
p2167
I75
sS'ari'
p2168
I74
sS'bendici\xc3\xb3n'
p2169
I75
sS'arm'
p2170
I75
sS'twitter*'
p2171
I75
sS'"shut'
p2172
I75
sS'practice'
p2173
I75
sS'learns'
p2174
I75
sS'patties'
p2175
I75
sS'patahum'
p2176
I75
sS'pictures'
p2177
I74
sS'wow'
p2178
I64
sS'leg'
p2179
I75
sS'please'
p2180
I74
sS'fans'
p2181
I74
sS'probably'
p2182
I67
sS'champagne'
p2183
I75
sS'nope'
p2184
I69
sS'utum'
p2185
I75
sS'tried'
p2186
I75
sS'knowing'
p2187
I75
sS'solo'
p2188
I75
sS'latin'
p2189
I74
sS'akcent'
p2190
I75
sS'ofmgj'
p2191
I75
sS'pisses'
p2192
I75
sS'zayn:)'
p2193
I75
sS'spray'
p2194
I75
sS'blot'
p2195
I75
sS'coffee'
p2196
I75
sS'bitches"'
p2197
I75
sS'(sun'
p2198
I70
sS'pull'
p2199
I75
sS'devil-'
p2200
I75
sS'pissed'
p2201
I75
sS'official'
p2202
I75
sS'both'
p2203
I70
sS'c'
p2204
I74
sS'toward'
p2205
I75
sS'last'
p2206
I64
sS'blazes'
p2207
I75
sS'license'
p2208
I73
sS"wouldn't"
p2209
I73
sS'jawed'
p2210
I75
sS'boxers'
p2211
I75
sS'weirdo'
p2212
I75
sS'whole'
p2213
I75
sS'finds'
p2214
I75
sS'load'
p2215
I75
sS'liked'
p2216
I74
sS'wouldnt'
p2217
I75
sS'distress'
p2218
I75
sS'drunk'
p2219
I73
sS'reasons'
p2220
I74
sS'sweet'
p2221
I75
sS'acted'
p2222
I75
sS'elses'
p2223
I75
sS'angelas'
p2224
I74
sS'whatever'
p2225
I73
sS'hawaiians'
p2226
I75
sS'header'
p2227
I75
sS'revving'
p2228
I75
sS'likes'
p2229
I74
sS'sexy'
p2230
I74
sS'rave'
p2231
I75
sS"ralph's"
p2232
I75
sS'cream'
p2233
I75
sS'raise'
p2234
I75
sS':/\xe2\x80\x9d'
p2235
I75
sS'tgif'
p2236
I75
sS'distractions'
p2237
I75
sS'do!?"'
p2238
I75
sS'hitting'
p2239
I75
sS'pc'
p2240
I75
sS'secret'
p2241
I75
sS'pa'
p2242
I74
sS'damn'
p2243
I71
sS'drugs-.-'
p2244
I75
sS'damm'
p2245
I75
sS'bugatti'
p2246
I75
sS'whoa'
p2247
I75
sS'woke'
p2248
I71
sS'dame'
p2249
I75
sS'siting'
p2250
I75
sS'esto'
p2251
I75
sS'gay'
p2252
I71
sS'fire'
p2253
I70
sS'apri'
p2254
I75
sS"what's"
p2255
I71
sS'gas'
p2256
I73
sS'else'
p2257
I70
sS'gam'
p2258
I75
sS'awake'
p2259
I71
sS'specifically'
p2260
I75
sS'lololololololololololol'
p2261
I75
sS'look'
p2262
I60
sS'checking'
p2263
I75
sS'straight'
p2264
I73
sS'convo'
p2265
I75
sS'holocaust'
p2266
I75
sS'kodak'
p2267
I75
sS'hnos'
p2268
I75
sS'while'
p2269
I71
sS'match'
p2270
I74
sS'fun'
p2271
I73
sS'ztooooch'
p2272
I75
sS'theres'
p2273
I75
sS"star's"
p2274
I75
sS'styles'
p2275
I75
sS'pound'
p2276
I75
sS'<3'
p2277
I75
sS'sweden.\xe2\x80\x9d'
p2278
I75
sS'aye\xe2\x9d\xa4\xef\xb8\x8f'
p2279
I75
sS'von'
p2280
I75
sS'\xd9\x86\xd8\xaa\xd8\xaf\xd8\xb1\xd8\xa8'
p2281
I75
sS'phonecalls'
p2282
I75
sS'vor'
p2283
I75
sS'ready'
p2284
I69
sS'killing'
p2285
I75
sS'funny'
p2286
I70
sS'shirt'
p2287
I75
sS'shat'
p2288
I75
sS'uzum'
p2289
I75
sS'belong'
p2290
I75
sS'subliminal'
p2291
I75
sS'read'
p2292
I75
sS'9'
p2293
I74
sS'minis'
p2294
I75
sS'advise'
p2295
I75
sS'torta'
p2296
I75
sS'higher'
p2297
I74
sS'used'
p2298
I70
sS'rabiz'
p2299
I74
sS'yesterday'
p2300
I69
sS'vret'
p2301
I75
sS'raccoon'
p2302
I75
sS'moment'
p2303
I72
sS'levels'
p2304
I75
sS'purpose'
p2305
I75
sS'plugs'
p2306
I75
sS"duck'"
p2307
I75
sS'dark'
p2308
I74
sS'merel'
p2309
I75
sS'kni'
p2310
I75
sS"dad's"
p2311
I75
sS'cheek'
p2312
I75
sS'anybody'
p2313
I75
sS'iffy'
p2314
I75
sS'dared'
p2315
I75
sS'person'
p2316
I66
sS'flags'
p2317
I75
sS'trance'
p2318
I75
sS'y'
p2319
I74
sS'ihml'
p2320
I75
sS'homiez'
p2321
I75
sS'spend'
p2322
I75
sS'locaaaaaa'
p2323
I75
sS'mom'
p2324
I61
sS'anapati'
p2325
I75
sS'cocky'
p2326
I75
sS'world'
p2327
I67
sS'matterhorn'
p2328
I75
sS'nardi'
p2329
I73
sS'prince'
p2330
I75
sS'letting'
p2331
I73
sS'cut'
p2332
I73
sS'cup'
p2333
I75
sS'rebecca'
p2334
I75
sS"men's"
p2335
I75
sS'danky'
p2336
I75
sS'cuz'
p2337
I66
sS'exclusively'
p2338
I75
sS'armin'
p2339
I75
sS'tonight\xe2\x80\xa6'
p2340
I75
sS'parents'
p2341
I74
sS'crying'
p2342
I73
sS'tweak'
p2343
I75
sS'snap'
p2344
I72
sS'excited'
p2345
I74
sS'surprised'
p2346
I75
sS'bio'
p2347
I74
sS'dooooooooorrrrrrrkkkkkkk'
p2348
I75
sS'big'
p2349
I50
sS'couple'
p2350
I72
sS'marca'
p2351
I75
sS'matters'
p2352
I74
sS'game'
p2353
I68
sS'lovit'
p2354
I75
sS'narcissist'
p2355
I74
sS'bit'
p2356
I73
sS'flannel'
p2357
I74
sS'vests'
p2358
I75
sS'success'
p2359
I75
sS'bentlys'
p2360
I75
sS'follows'
p2361
I75
sS':(((\xe2\x80\x9d'
p2362
I75
sS'associate'
p2363
I75
sS'ignore'
p2364
I75
sS'predic\xc3\xb3'
p2365
I75
sS'stings'
p2366
I75
sS'bamboo'
p2367
I75
sS'lenin'
p2368
I75
sS'fucking'
p2369
I43
sS'spring'
p2370
I75
sS'yolo'
p2371
I75
sS'some'
p2372
I61
sS'back'
p2373
I52
sS'b4'
p2374
I75
sS'streaming'
p2375
I75
sS'lips'
p2376
I74
sS'palm'
p2377
I75
sS'boogers'
p2378
I75
sS'and/or'
p2379
I75
sS'"fuck'
p2380
I75
sS'shall'
p2381
I75
sS'pes'
p2382
I75
sS'meds'
p2383
I75
sS'anne'
p2384
I75
sS'prob'
p2385
I74
sS'either'
p2386
I72
sS'be'
p2387
I25
sS'bf'
p2388
I73
sS'run'
p2389
I74
sS'ba'
p2390
I75
sS'bb'
p2391
I74
sS'bc'
p2392
I59
sS'lmaoooo'
p2393
I72
sS'martin'
p2394
I70
sS's/o'
p2395
I75
sS'bk'
p2396
I75
sS'step'
p2397
I75
sS'nowhere'
p2398
I74
sS'chick'
p2399
I71
sS'valley)'
p2400
I75
sS'chola'
p2401
I75
sS'by'
p2402
I57
sS'shine'
p2403
I75
sS'react'
p2404
I75
sS'anything'
p2405
I68
sS'netflix'
p2406
I75
sS'plaza'
p2407
I75
sS'drama'
p2408
I75
sS'deserves'
p2409
I74
sS'harru'
p2410
I75
sS'idk'
p2411
I57
sS'alert'
p2412
I75
sS'breakup'
p2413
I75
sS'ahdjjs'
p2414
I75
sS'wanna'
p2415
I45
sS'idc'
p2416
I72
sS'block'
p2417
I75
sS'surprises'
p2418
I75
sS'seeing'
p2419
I72
sS'idgi'
p2420
I74
sS'ayye'
p2421
I75
sS'unnoticed'
p2422
I75
sS'pero'
p2423
I75
sS'into'
p2424
I71
sS'boy)'
p2425
I74
sS'27-55'
p2426
I75
sS'linelu'
p2427
I75
sS'momma'
p2428
I74
sS'nigga'
p2429
I61
sS'rollz'
p2430
I75
sS'ayyy'
p2431
I74
sS'"this"'
p2432
I75
sS'rolls'
p2433
I75
sS'smells'
p2434
I74
sS'sonny'
p2435
I75
sS'story'
p2436
I75
sS'bombest'
p2437
I74
sS'comback'
p2438
I75
sS'papin'
p2439
I75
sS'question'
p2440
I75
sS'ca)'
p2441
I72
sS'long'
p2442
I70
sS'marrying'
p2443
I75
sS'bios'
p2444
I75
sS'mccartney'
p2445
I75
sS"we're"
p2446
I71
sS'bruh'
p2447
I74
sS'forward'
p2448
I74
sS'bored'
p2449
I69
sS'scared'
p2450
I73
sS'invite'
p2451
I75
sS'boyd'
p2452
I75
sS'nerox'
p2453
I75
sS'hookahs'
p2454
I75
sS'hoped'
p2455
I75
sS'boys'
p2456
I73
sS'yesssss'
p2457
I75
sS'stache'
p2458
I75
sS'ewww'
p2459
I75
sS'ling'
p2460
I74
sS'line'
p2461
I74
sS'serio'
p2462
I74
sS'junior'
p2463
I75
sS'reload'
p2464
I75
sS'fries'
p2465
I74
sS'up'
p2466
I26
sS'us'
p2467
I67
sS'ur'
p2468
I64
sS'um'
p2469
I74
sS'un'
p2470
I73
sS'uh'
p2471
I75
sS'mature'
p2472
I75
sS'highlight'
p2473
I73
sS'z'
p2474
I75
sS'called'
p2475
I72
sS'shes'
p2476
I75
sS'bell'
p2477
I75
sS'yesssssass'
p2478
I75
sS'boyfriendd'
p2479
I75
sS'mulsanne'
p2480
I75
sS'single'
p2481
I75
sS'cure'
p2482
I75
sS'imnes'
p2483
I75
sS'crepes'
p2484
I75
sS'imean'
p2485
I75
sS'cotton'
p2486
I75
sS'cuento'
p2487
I75
sS'6th'
p2488
I75
sS'stich'
p2489
I75
sS'hanes'
p2490
I75
sS'nah'
p2491
I70
sS'water'
p2492
I75
sS'nick'
p2493
I75
sS'nap'
p2494
I75
sS'yang'
p2495
I75
sS'naw'
p2496
I74
sS'tars'
p2497
I74
sS'aunt'
p2498
I75
sS'moco'
p2499
I75
sS'nice'
p2500
I68
sS'happens'
p2501
I75
sS'ku'
p2502
I75
sS'papa'
p2503
I74
sS'meaning'
p2504
I75
sS'asem'
p2505
I75
sS'ago'
p2506
I72
sS'remix'
p2507
I75
sS'land'
p2508
I75
sS'happier'
p2509
I75
sS'holes'
p2510
I75
sS'impatient'
p2511
I75
sS'karma'
p2512
I74
sS'far'
p2513
I73
sS"she's"
p2514
I61
sS'intentional'
p2515
I75
sS'having'
p2516
I68
sS'once'
p2517
I73
sS'semana'
p2518
I75
sS'monterey'
p2519
I75
sS'yaaasssss'
p2520
I75
sS'slick'
p2521
I75
sS'steve'
p2522
I75
sS'gf'
p2523
I60
sS'hyper'
p2524
I75
sS'brombach'
p2525
I75
sS'go'
p2526
I37
sS'gn'
p2527
I71
sS'tweeted'
p2528
I75
sS'portsaves'
p2529
I75
sS'ova?"'
p2530
I75
sS"brady's"
p2531
I75
sS'again...some'
p2532
I75
sS'anapatii'
p2533
I75
sS'guttterat'
p2534
I75
sS'send'
p2535
I75
sS'nose'
p2536
I75
sS'languages'
p2537
I75
sS'lower'
p2538
I75
sS'vaxenuma'
p2539
I75
sS'bruhh'
p2540
I75
sS'blaze'
p2541
I75
sS'ohmagawdddddd'
p2542
I75
sS'suite'
p2543
I75
sS'dislike'
p2544
I75
sS'include'
p2545
I75
sS'sent'
p2546
I75
sS'dicaprio'
p2547
I75
sS'mainstream'
p2548
I74
sS'studied'
p2549
I75
sS'squeaked'
p2550
I75
sS'maan'
p2551
I75
sS'facebook'
p2552
I75
sS'mixing'
p2553
I75
sS'drinking'
p2554
I73
sS'entire'
p2555
I75
sS'"asses"'
p2556
I75
sS'eva'
p2557
I75
sS'button'
p2558
I74
sS'gettin'
p2559
I75
sS'michael'
p2560
I74
sS'eve'
p2561
I75
sS'ryan'
p2562
I75
sS'try'
p2563
I68
sS'shiiiiiiiit'
p2564
I75
sS"cap'n"
p2565
I74
sS'berberian'
p2566
I75
sS'\xd8\xb5\xd9\x84\xd9\x81\xd9\x87'
p2567
I75
sS"engine's"
p2568
I75
sS'smaller'
p2569
I75
sS"you'd"
p2570
I74
sS'bleeding'
p2571
I75
sS'ze'
p2572
I74
sS'\xe2\x9d\xa4'
p2573
I75
sS'plumped'
p2574
I75
sS'boots'
p2575
I75
sS'waking'
p2576
I75
sS'video'
p2577
I75
sS'earth'
p2578
I75
sS'podcast..."j"'
p2579
I75
sS'rivera'
p2580
I75
sS'folk'
p2581
I75
sS'cupcakes'
p2582
I75
sS'plays'
p2583
I75
sS'business'
p2584
I72
sS'jokes'
p2585
I75
sS'giving'
p2586
I75
sS'tuesdays'
p2587
I75
sS'leno'
p2588
I75
sS'cell'
p2589
I74
sS'seconds'
p2590
I75
sS'waiting'
p2591
I73
sS'soooooooon'
p2592
I75
sS'gasoline'
p2593
I75
sS'niggaa'
p2594
I75
sS'body'
p2595
I75
sS'toast'
p2596
I75
sS'led'
p2597
I74
sS'bae"'
p2598
I75
sS'exchange'
p2599
I74
sS'stanci'
p2600
I75
sS'punch'
p2601
I75
sS'leo'
p2602
I75
sS'les'
p2603
I75
sS'let'
p2604
I67
sS'sink'
p2605
I75
sS'others'
p2606
I73
sS'sing'
p2607
I74
sS'settling'
p2608
I75
sS'presale'
p2609
I75
sS'great'
p2610
I70
sS'mclaren'
p2611
I74
sS'host'
p2612
I75
sS'34'
p2613
I75
sS'ur*'
p2614
I75
sS'products'
p2615
I75
sS"weren't"
p2616
I75
sS'opinion'
p2617
I74
sS'makes'
p2618
I70
sS'writes'
p2619
I75
sS'thats'
p2620
I72
sS'apple'
p2621
I75
sS'danger'
p2622
I75
sS'duct'
p2623
I75
sS'win'
p2624
I70
sS'app'
p2625
I75
sS'wit'
p2626
I74
sS'names'
p2627
I75
sS'composer'
p2628
I75
sS'helps\xe2\x80\x9d'
p2629
I75
sS'tap'
p2630
I75
sS'singing'
p2631
I75
sS'ape'
p2632
I63
sS'cha'
p2633
I74
sS'use'
p2634
I73
sS'from'
p2635
I46
sS'che'
p2636
I74
sS'beardy'
p2637
I75
sS'&'
p2638
I64
sS'chi'
p2639
I72
sS'se\xc3\xb1orita'
p2640
I75
sS'next'
p2641
I69
sS'procrastinate'
p2642
I74
sS'eleven'
p2643
I74
sS'circumstances'
p2644
I75
sS'doubt'
p2645
I74
sS'vehicle'
p2646
I75
sS'stage'
p2647
I75
sS'start'
p2648
I73
sS'cheeks'
p2649
I75
sS'slim'
p2650
I75
sS'babe'
p2651
I73
sS'pretty'
p2652
I65
sS'upcoming'
p2653
I75
sS'giggle'
p2654
I75
sS'started'
p2655
I71
sS'tennis'
p2656
I75
sS'about'
p2657
I50
sS'sore'
p2658
I75
sS'soooooooo'
p2659
I75
sS"bruce's"
p2660
I75
sS'ashamed'
p2661
I75
sS'baby'
p2662
I66
sS'account'
p2663
I75
sS'yoons'
p2664
I75
sS'animals'
p2665
I75
sS'salad'
p2666
I75
sS'f'
p2667
I74
sS'this'
p2668
I16
sS'ride'
p2669
I72
sS'wipe\xe2\x80\x9d'
p2670
I75
sS'alix'
p2671
I75
sS'donut'
p2672
I74
sS'lmfaoooooooo'
p2673
I75
sS'aight'
p2674
I75
sS'meet'
p2675
I75
sS'drops'
p2676
I75
sS'proof'
p2677
I75
sS'control'
p2678
I75
sS'uhmmm'
p2679
I75
sS'wishes'
p2680
I75
sS'loca'
p2681
I75
sS'hooray!!!!1'
p2682
I75
sS'thirsty'
p2683
I75
sS'lives.\xe2\x80\x9d'
p2684
I75
sS'benz'
p2685
I74
sS'high'
p2686
I72
sS'tag'
p2687
I75
sS'something'
p2688
I59
sS'tai'
p2689
I75
sS'sis'
p2690
I74
sS'sir'
p2691
I74
sS'mullets'
p2692
I75
sS'"anapati'
p2693
I75
sS'sit'
p2694
I72
sS"'07-dated"
p2695
I75
sS'blessings'
p2696
I75
sS'down,91352\n490282498010517505,chris_mcdv8,2014-07-18'
p2697
I75
sS'animal'
p2698
I75
sS'instead'
p2699
I71
sS'yaaaaaaaasssssssssssssss'
p2700
I75
sS'profile'
p2701
I75
sS'hawt'
p2702
I75
sS'pockets'
p2703
I75
sS'"you\'d'
p2704
I75
sS'stop'
p2705
I62
sS'act'
p2706
I75
sS'lmfaoo'
p2707
I75
sS'dominos'
p2708
I75
sS'abuse'
p2709
I74
sS'wrist'
p2710
I74
sS'taco'
p2711
I75
sS'hahahaha'
p2712
I73
sS'ties'
p2713
I72
sS'tongue'
p2714
I75
sS'realized'
p2715
I74
sS'sry'
p2716
I73
sS'famous'
p2717
I75
sS'light'
p2718
I75
sS'abstract\xe2\x80\x9dstfu'
p2719
I75
sS'on\xe2\x80\xa6'
p2720
I75
sS'honestly'
p2721
I66
sS'furious'
p2722
I75
sS'"trip"'
p2723
I75
sS'colognes'
p2724
I75
sS'3/4'
p2725
I75
sS'mute'
p2726
I75
sS'hoffer'
p2727
I75
sS'move'
p2728
I74
sS'rebellious'
p2729
I75
sS'hugged'
p2730
I74
sS"won't"
p2731
I69
sS'looks'
p2732
I70
sS'damnit'
p2733
I75
sS'liam:)'
p2734
I75
sS'gramps'
p2735
I75
sS'happiest'
p2736
I75
sS'botsa'
p2737
I75
sS'bunch'
p2738
I75
sS'perfect'
p2739
I69
sS'louis:)'
p2740
I75
sS'la'
p2741
I64
sS'll'
p2742
I75
sS'[pic]'
p2743
I74
sS'squatting'
p2744
I75
sS'choose'
p2745
I74
sS'jos\xc3\xa9...\xe2\x80\xa6'
p2746
I75
sS'yakno'
p2747
I75
sS'bye'
p2748
I74
sS'attachment'
p2749
I75
sS'dad'
p2750
I67
sS'dag'
p2751
I75
sS'crash'
p2752
I75
sS'eli"'
p2753
I75
sS'dam'
p2754
I74
sS'mernuma'
p2755
I75
sS'spell'
p2756
I74
sS'mention'
p2757
I75
sS'cutting'
p2758
I74
sS'ferguson'
p2759
I75
sS'kiss'
p2760
I75
sS'hands'
p2761
I74
sS'front'
p2762
I75
sS'day'
p2763
I49
sS'sneezed'
p2764
I75
sS'ohhhhhh'
p2765
I75
sS'doesnt'
p2766
I75
sS'trap'
p2767
I72
sS'truth'
p2768
I75
sS'esteem'
p2769
I75
sS'hathaway'
p2770
I75
sS'bentley'
p2771
I75
sS'doing'
p2772
I68
sS'musika'
p2773
I75
sS'mijo'
p2774
I75
sS'winked'
p2775
I75
sS'it...some'
p2776
I75
sS'leavin'
p2777
I75
sS'our'
p2778
I67
sS'meth'
p2779
I75
sS'lalala'
p2780
I75
sS'special'
p2781
I73
sS'out'
p2782
I48
sS'gomez'
p2783
I75
sS'(mainly'
p2784
I75
sS'bag'
p2785
I74
sS'"inch!?"'
p2786
I75
sS'armos'
p2787
I73
sS'ricky'
p2788
I75
sS'hardstyle'
p2789
I75
sS'hilarious'
p2790
I75
sS'technically'
p2791
I75
sS'cause'
p2792
I57
sS'red'
p2793
I73
sS'obsess'
p2794
I75
sS'shut'
p2795
I70
sS'umbrella'
p2796
I75
sS'zorov'
p2797
I75
sS'frank'
p2798
I75
sS'godly'
p2799
I75
sS'molly'
p2800
I75
sS'wussup'
p2801
I75
sS'completely'
p2802
I75
sS'jill'
p2803
I75
sS'york'
p2804
I74
sS'moody'
p2805
I75
sS'craving'
p2806
I73
sS"how's"
p2807
I75
sS'yard'
p2808
I75
sS'prepare'
p2809
I75
sS'g'
p2810
I72
sS':(\xe2\x80\x9d'
p2811
I75
sS'could'
p2812
I64
sS'hes'
p2813
I74
sS'count'
p2814
I75
sS'times'
p2815
I73
sS'pigs'
p2816
I75
sS'thnxxxx'
p2817
I75
sS'stacy'
p2818
I75
sS"coworker's"
p2819
I75
sS'...but'
p2820
I75
sS'lyartit'
p2821
I75
sS'south'
p2822
I74
sS'hents'
p2823
I75
sS'scene'
p2824
I75
sS'sack'
p2825
I75
sS'jesus'
p2826
I75
sS'mai'
p2827
I75
sS'bitch'
p2828
I66
sS'lagging'
p2829
I75
sS'"um'
p2830
I75
sS'blows'
p2831
I74
sS'namnat'
p2832
I75
sS'quality'
p2833
I75
sS'earthquakes'
p2834
I75
sS'braces'
p2835
I74
sS'nyse'
p2836
I75
sS"doesn't"
p2837
I62
sS'ancient'
p2838
I75
sS'privacy'
p2839
I75
sS'festival'
p2840
I75
sS'fuckers'
p2841
I75
sS'*walks'
p2842
I75
sS'eighth'
p2843
I75
sS'their'
p2844
I68
sS'attack'
p2845
I75
sS'hayastanci'
p2846
I75
sS'perfectly'
p2847
I75
sS'fluffy'
p2848
I75
sS'beard'
p2849
I73
sS'shorts'
p2850
I73
sS'litearltly'
p2851
I75
sS'exactly'
p2852
I74
sS'grandpa'
p2853
I74
sS'bieber'
p2854
I74
sS'july'
p2855
I74
sS'neck'
p2856
I74
sS'loved'
p2857
I75
sS'liquid'
p2858
I75
sS'boring'
p2859
I73
sS'bother'
p2860
I75
sS'one\xe2\x9c\x8b'
p2861
I75
sS'bed'
p2862
I75
sS'sweden'
p2863
I75
sS'hispanic'
p2864
I75
sS'loves'
p2865
I75
sS'lover'
p2866
I75
sS'tsotsum'
p2867
I75
sS'accusing'
p2868
I75
sS'txga'
p2869
I75
sS'vatanam'
p2870
I75
sS'bro!?,91352\n490283601708060672,chris_mcdv8,2014-07-18'
p2871
I75
sS'spelled'
p2872
I74
sS'tonight'
p2873
I67
sS'seriously\xee\x90\x92\xee\x90\x92'
p2874
I75
sS'have'
p2875
I33
sS'close'
p2876
I73
sS'need'
p2877
I48
sS'q'
p2878
I75
sS';)\xe2\x80\x9d'
p2879
I75
sS'afraid'
p2880
I73
sS'min'
p2881
I74
sS'probly'
p2882
I75
sS'able'
p2883
I75
sS'hangover'
p2884
I74
sS'for'
p2885
I17
sS'now.,91352\n490281428576243713,chris_mcdv8,2014-07-18'
p2886
I75
sS'inywmrn'
p2887
I75
sS'which'
p2888
I74
sS'truck'
p2889
I75
sS'mis'
p2890
I75
sS'='
p2891
I75
sS'0560'
p2892
I75
sS'simi'
p2893
I75
sS'aww'
p2894
I73
sS'sewing'
p2895
I74
sS'you"'
p2896
I75
sS"where's"
p2897
I74
sS'summer*'
p2898
I75
sS'montana'
p2899
I75
sS'cracking'
p2900
I74
sS'fucjing'
p2901
I75
sS'why'
p2902
I35
sS'deny'
p2903
I75
sS'ew"do'
p2904
I75
sS'gesh'
p2905
I75
sS'eachother'
p2906
I74
sS'stranded'
p2907
I75
sS'stronger'
p2908
I75
sS'mainstage'
p2909
I75
sS'face'
p2910
I70
sS'looked'
p2911
I74
sS"you'll"
p2912
I74
sS'strawberries'
p2913
I75
sS'yum'
p2914
I75
sS'schulz'
p2915
I75
sS'brew'
p2916
I75
sS'skinny'
p2917
I75
sS'fact'
p2918
I74
sS'empo'
p2919
I75
sS'lease'
p2920
I75
sS'currently'
p2921
I75
sS'chances'
p2922
I75
sS'text'
p2923
I65
sS'agreed'
p2924
I75
sS'bring'
p2925
I71
sS'lmao\xe2\x80\x9d'
p2926
I75
sS'playbook'
p2927
I75
sS'bedroom'
p2928
I75
sS'slippin'
p2929
I75
sS'chicken'
p2930
I69
sS'asylum'
p2931
I74
sS'decade'
p2932
I75
sS'ayee'
p2933
I73
sS'partners'
p2934
I75
sS'ear'
p2935
I75
sS'based'
p2936
I75
sS'knowledge'
p2937
I75
sS'tire'
p2938
I75
sS'ngc'
p2939
I75
sS'('
p2940
I73
sS'should'
p2941
I64
sS'jan'
p2942
I74
sS"anyone's"
p2943
I75
sS'lemme'
p2944
I74
sS'combo'
p2945
I75
sS'jag'
p2946
I75
sS'spiffy'
p2947
I75
sS'hope'
p2948
I70
sS'meant'
p2949
I75
sS'y/o'
p2950
I75
sS'krabby'
p2951
I75
sS'handle'
p2952
I73
sS'listened'
p2953
I74
sS'means'
p2954
I73
sS'beat'
p2955
I75
sS'wooooow'
p2956
I75
sS'hopefully'
p2957
I75
sS'lucky'
p2958
I74
sS'bear'
p2959
I75
sS'ktres'
p2960
I75
sS'tbh'
p2961
I70
sS"bob's"
p2962
I62
sS'ones'
p2963
I74
sS'words'
p2964
I75
sS'diplo'
p2965
I75
sS'sassy'
p2966
I75
sS'chips'
p2967
I75
sS'iran'
p2968
I75
sS'rlly'
p2969
I75
sS'hitter'
p2970
I75
sS'h'
p2971
I75
sS'calling'
p2972
I74
sS'stuff'
p2973
I75
sS'she'
p2974
I46
sS'gran'
p2975
I75
sS'glendale'
p2976
I74
sS'grab'
p2977
I75
sS'stoner\xe2\x80\x9d'
p2978
I75
sS'asian'
p2979
I75
sS'joanna'
p2980
I75
sS'"that'
p2981
I75
sS'lives'
p2982
I75
sS'national'
p2983
I75
sS'cuts'
p2984
I75
sS'humans'
p2985
I75
sS'lazy'
p2986
I75
sS'bears'
p2987
I75
sS'oomf'
p2988
I74
sS'packen'
p2989
I75
sS'buzzed'
p2990
I75
sS'cindysantelices'
p2991
I75
sS'recently'
p2992
I75
sS'tripping'
p2993
I75
sS'lus'
p2994
I74
sS'computer'
p2995
I75
sS'pattern'
p2996
I75
sS'nature'
p2997
I75
sS'favor'
p2998
I73
sS'hammock'
p2999
I74
sS'closed'
p3000
I75
sS'horrible'
p3001
I74
sS'progress'
p3002
I75
sS'frustrated'
p3003
I74
sS'email'
p3004
I75
sS'pants'
p3005
I75
sS'ends'
p3006
I75
sS'scrolls'
p3007
I75
sS'opening'
p3008
I75
sS'convertibles'
p3009
I75
sS'pumped'
p3010
I75
sS'screamers'
p3011
I75
sS'job'
p3012
I75
sS'8:27!"'
p3013
I75
sS'joe'
p3014
I75
sS'key'
p3015
I75
sS'outer'
p3016
I75
sS'selena'
p3017
I75
sS'faggot'
p3018
I75
sS'hobo'
p3019
I75
sS'staring'
p3020
I75
sS'hits'
p3021
I75
sS'sympathizing'
p3022
I75
sS'goal'
p3023
I75
sS'taking'
p3024
I73
sS'acknowledge'
p3025
I75
sS'drug'
p3026
I75
sS'april'
p3027
I75
sS'admit'
p3028
I75
sS'eta'
p3029
I75
sS'streams'
p3030
I75
sS'swim'
p3031
I75
sS'vent'
p3032
I74
sS'toilet'
p3033
I74
sS'wall'
p3034
I74
sS'ca'
p3035
I75
sS'leave!\xe2\x80\x9d'
p3036
I75
sS'walk'
p3037
I73
sS'laugh'
p3038
I74
sS'kings'
p3039
I75
sS'winning'
p3040
I75
sS'ahh'
p3041
I75
sS'picking'
p3042
I74
sS'quit'
p3043
I73
sS'yay'
p3044
I74
sS'videos'
p3045
I75
sS"whatever's"
p3046
I75
sS"it's"
p3047
I29
sS'boxers>'
p3048
I75
sS'sara'
p3049
I75
sS'charts'
p3050
I75
sS'yas'
p3051
I71
sS'snort'
p3052
I75
sS'yan'
p3053
I73
sS'treat'
p3054
I75
sS'bby'
p3055
I75
sS'ah'
p3056
I74
sS'curtain'
p3057
I75
sS'yaa'
p3058
I75
sS'bbq'
p3059
I75
sS'2018'
p3060
I75
sS'diversity'
p3061
I75
sS'verizon'
p3062
I75
sS'painted'
p3063
I75
sS'hmu'
p3064
I74
sS'airplanes'
p3065
I75
sS'4/11'
p3066
I75
sS'finished'
p3067
I72
sS'deep'
p3068
I75
sS'zabuuuttttt'
p3069
I75
sS'smoking'
p3070
I74
sS'general'
p3071
I75
sS'c6'
p3072
I75
sS'holiday'
p3073
I75
sS'unlike'
p3074
I75
sS'nd'
p3075
I75
sS'harder'
p3076
I74
sS'tengo'
p3077
I75
sS'will'
p3078
I49
sS'gucci'
p3079
I75
sS'hahaha'
p3080
I72
sS'jay'
p3081
I75
sS"nobody's"
p3082
I75
sS'resigns'
p3083
I75
sS'supply'
p3084
I74
sS".i'm"
p3085
I75
sS'almost'
p3086
I71
sS'sad*'
p3087
I75
sS'luso'
p3088
I71
sS'demi'
p3089
I73
sS'helped'
p3090
I75
sS'girlfriend'
p3091
I71
sS'vs'
p3092
I74
sS'avi'
p3093
I75
sS'thug'
p3094
I75
sS'bucks'
p3095
I74
sS'arabic'
p3096
I75
sS'son'
p3097
I75
sS'tattoo'
p3098
I75
sS'players'
p3099
I74
sS'juan'
p3100
I75
sS'another'
p3101
I67
sS"breeder's"
p3102
I75
sS'inch'
p3103
I75
sS'party'
p3104
I68
sS'gets'
p3105
I67
sS'tighten'
p3106
I75
sS'ball'
p3107
I73
sS'lookin'
p3108
I75
sS'dzez"'
p3109
I75
sS'drink'
p3110
I73
sS'effect'
p3111
I75
sS'coaches'
p3112
I75
sS'\xef\xb9\xa1\xcc\xa4\xcc\xa5\xe2\x83\x9d'
p3113
I75
sS'padres'
p3114
I75
sS'fucked'
p3115
I75
sS'women\xe2\x80\x9d'
p3116
I75
sS'ikea'
p3117
I75
sS'yaaaaaassss'
p3118
I75
sS'cuter'
p3119
I75
sS'off'
p3120
I55
sS'chely'
p3121
I75
sS'i'
p3122
I1
sS'well'
p3123
I59
sS'fighting'
p3124
I74
sS'thought'
p3125
I68
sS'oops'
p3126
I74
sS'sets'
p3127
I74
sS'position'
p3128
I75
sS'con'
p3129
I75
sS'barking'
p3130
I75
sS'glux'
p3131
I75
sS'less'
p3132
I73
sS'hesa'
p3133
I75
sS"should've"
p3134
I75
sS'das'
p3135
I75
sS'mistakes'
p3136
I75
sS'momento'
p3137
I75
sS'fishing'
p3138
I74
sS'xer'
p3139
I75
sS'glue'
p3140
I74
sS'happiness'
p3141
I75
sS'"gutter'
p3142
I75
sS'web'
p3143
I75
sS'choking'
p3144
I75
sS'vida'
p3145
I72
sS'point'
p3146
I73
sS'sky'
p3147
I74
sS'realize'
p3148
I74
sS'battery'
p3149
I75
sS'add'
p3150
I75
sS'book'
p3151
I75
sS'ska'
p3152
I75
sS'"vaxxx'
p3153
I75
sS'wet'
p3154
I75
sS'5'
p3155
I73
sS'smart'
p3156
I75
sS'"yes'
p3157
I75
sS'kich'
p3158
I74
sS'homework'
p3159
I72
sS'8185680438'
p3160
I75
sS'livin'
p3161
I73
sS'fate'
p3162
I75
sS'characters'
p3163
I75
sS"who's"
p3164
I74
sS'historia'
p3165
I75
sS'five'
p3166
I74
sS'know'
p3167
I38
sS'knot'
p3168
I75
sS'desk'
p3169
I75
sS'dubai'
p3170
I75
sS'emma'
p3171
I74
sS'like'
p3172
I13
sS'lost'
p3173
I70
sS'candy'
p3174
I75
sS'martik'
p3175
I75
sS'lose'
p3176
I73
sS'leaves'
p3177
I73
sS'works'
p3178
I75
sS'wonders'
p3179
I75
sS'because'
p3180
I67
sS'twitter'
p3181
I71
sS'fun"'
p3182
I75
sS'immortal'
p3183
I75
sS'hair'
p3184
I67
sS'raver*such'
p3185
I75
sS'hangist'
p3186
I75
sS'110'
p3187
I75
sS"why'd"
p3188
I75
sS'home'
p3189
I62
sS'"hustle'
p3190
I75
sS'"what'
p3191
I75
sS'literally'
p3192
I72
sS'8th'
p3193
I75
sS'ese'
p3194
I75
sS'does'
p3195
I68
sS'passion'
p3196
I74
sS'contact'
p3197
I75
sS'esa'
p3198
I75
sS'kiddo'
p3199
I75
sS'wronnggg'
p3200
I75
sS'acell'
p3201
I75
sS'slower'
p3202
I75
sS'doctors'
p3203
I75
sS'although'
p3204
I75
sS'yummiest'
p3205
I75
sS'hiding'
p3206
I75
sS'gained'
p3207
I75
sS'sister'
p3208
I73
sS':-)'
p3209
I73
sS'actual'
p3210
I75
sS'justin'
p3211
I74
sS'getting'
p3212
I62
sS'freedom'
p3213
I75
sS'mommy'
p3214
I75
sS'aziz'
p3215
I72
sS'headed'
p3216
I75
sS'kourtney'
p3217
I75
sS'angeles'
p3218
I74
sS'swear'
p3219
I70
sS'tomb'
p3220
I75
sS'glasses'
p3221
I75
sS'own'
p3222
I70
sS'keeps'
p3223
I74
sS'owe'
p3224
I75
sS'pussy'
p3225
I73
sS'nerves'
p3226
I74
sS'cocoa'
p3227
I75
sS'weather'
p3228
I74
sS'tiny'
p3229
I75
sS'dead.\xe2\x80\x9d'
p3230
I75
sS'couldnt'
p3231
I75
sS'termina'
p3232
I75
sS'pointless'
p3233
I74
sS'eh'
p3234
I74
sS'knuckles'
p3235
I75
sS'legends'
p3236
I75
sS'*'
p3237
I75
sS'kidding'
p3238
I74
sS'lonely'
p3239
I70
sS'vay'
p3240
I74
sS'pool'
p3241
I74
sS'people...call'
p3242
I75
sS'maza'
p3243
I75
sS'vat'
p3244
I75
sS'buy'
p3245
I72
sS'mixture'
p3246
I75
sS"i've"
p3247
I60
sS'bus'
p3248
I69
sS'hp'
p3249
I75
sS'davids'
p3250
I75
sS'but'
p3251
I23
sS'hated'
p3252
I75
sS'reminds'
p3253
I74
sS'balm'
p3254
I75
sS'hi'
p3255
I75
sS'larger'
p3256
I75
sS'ha'
p3257
I73
sS'bitched'
p3258
I75
sS'eat'
p3259
I73
sS'bud'
p3260
I75
sS'he'
p3261
I50
sS'outchea'
p3262
I75
sS'made'
p3263
I68
sS'places'
p3264
I74
sS'wish'
p3265
I62
sS'j'
p3266
I73
sS'record'
p3267
I75
sS'stories'
p3268
I75
sS'empty'
p3269
I75
sS'tema'
p3270
I74
sS'problem'
p3271
I74
sS'piece'
p3272
I72
sS'minutes'
p3273
I74
sS'chauvet'
p3274
I75
sS'replying'
p3275
I75
sS'pic'
p3276
I71
sS'se\xc3\xb1or'
p3277
I75
sS'"so'
p3278
I75
sS'mejor'
p3279
I75
sS'haaaaaa'
p3280
I75
sS'shooting'
p3281
I75
sS'happen'
p3282
I73
sS'jesse'
p3283
I75
sS'leg!"'
p3284
I75
sS'quails'
p3285
I75
sS'torch'
p3286
I75
sS'meaningless'
p3287
I75
sS'offensive'
p3288
I75
sS'40'
p3289
I75
sS'lately'
p3290
I75
sS'dominating'
p3291
I75
sS'other'
p3292
I67
sS'gossip'
p3293
I75
sS'sick'
p3294
I72
sS'lebrons'
p3295
I75
sS'incredibly'
p3296
I75
sS'talkin'
p3297
I75
sS'motivator'
p3298
I75
sS'gelato'
p3299
I75
sS'repeat'
p3300
I75
sS'star'
p3301
I75
sS'monday'
p3302
I74
sS'"gitey'
p3303
I75
sS'stay'
p3304
I66
sS'chance'
p3305
I71
sS'calum'
p3306
I75
sS'stab'
p3307
I75
sS'kinda'
p3308
I67
sS'squeak'
p3309
I75
sS'friends'
p3310
I62
sS'goin'
p3311
I74
sS'lolik'
p3312
I71
sS'lactose'
p3313
I75
sS',91352\n490290648575000577,chris_mcdv8,2014-07-19'
p3314
I75
sS'ughhhhh'
p3315
I75
sS'amanda'
p3316
I75
sS'understand'
p3317
I71
sS'"the'
p3318
I75
sS'baked'
p3319
I75
sS'understand.\xe2\x80\x9d'
p3320
I75
sS'oitnb'
p3321
I75
s.