(dp0
S''
p1
I3
sS'moskowitz'
p2
I75
sS'magnetic'
p3
I75
sS'9/11'
p4
I74
sS'four'
p5
I75
sS'sleep'
p6
I73
sS"party'"
p7
I74
sS"friend's"
p8
I75
sS'hanging'
p9
I75
sS'hate'
p10
I71
sS'chili'
p11
I74
sS'consider'
p12
I75
sS'today7/6/14'
p13
I75
sS'looking'
p14
I72
sS'fronts'
p15
I75
sS'buddy'
p16
I75
sS'electricity'
p17
I75
sS'tweet'
p18
I73
sS'gurl\xe2\x80\x99'
p19
I75
sS'edward'
p20
I75
sS'daze'
p21
I75
sS'under'
p22
I74
sS'teaching'
p23
I73
sS'sorry'
p24
I66
sS'worth'
p25
I75
sS'shaving'
p26
I75
sS'menchie'
p27
I74
sS'rescue'
p28
I73
sS'manic'
p29
I75
sS'every'
p30
I69
sS'jack'
p31
I74
sS'saucy'
p32
I75
sS'ala'
p33
I75
sS'screaming'
p34
I74
sS'anemic'
p35
I75
sS'....i'
p36
I75
sS'school'
p37
I70
sS'skills'
p38
I75
sS'autobahnwheelco\xe2\x80\xa6'
p39
I75
sS'wednesday'
p40
I73
sS'cholesterol'
p41
I75
sS'fairfax'
p42
I75
sS'ups'
p43
I74
sS'clothes'
p44
I74
sS'enjoy'
p45
I75
sS'10k'
p46
I74
sS'cher'
p47
I75
sS'leaders'
p48
I75
sS'tired'
p49
I75
sS'awake'
p50
I75
sS'miller'
p51
I75
sS'bacon'
p52
I73
sS'shut'
p53
I75
sS'we\xe2\x80\xa6'
p54
I75
sS'second'
p55
I74
sS'street'
p56
I74
sS'7th'
p57
I75
sS'n'
p58
I75
sS'panda'
p59
I72
sS'even'
p60
I66
sS'everyones'
p61
I75
sS'nakai'
p62
I75
sS"tonight's"
p63
I75
sS'+'
p64
I74
sS'poison'
p65
I75
sS'sung'
p66
I75
sS'upset'
p67
I75
sS'new'
p68
I34
sS'zesty'
p69
I75
sS'ever'
p70
I69
sS'youcontinue'
p71
I75
sS'told'
p72
I72
sS'mee'
p73
I75
sS'helmets'
p74
I75
sS'kicked'
p75
I75
sS'hero'
p76
I74
sS'festive'
p77
I75
sS'pancakes'
p78
I75
sS'never'
p79
I57
sS'jasmine'
p80
I75
sS'loling'
p81
I75
sS'here'
p82
I48
sS'met'
p83
I75
sS'studio'
p84
I63
sS'smokin'
p85
I75
sS'bbq)'
p86
I75
sS"aren't"
p87
I75
sS'106'
p88
I75
sS'massssive'
p89
I75
sS'studs'
p90
I75
sS'kids'
p91
I51
sS'daughter'
p92
I72
sS'k'
p93
I75
sS'changed'
p94
I75
sS'itunes'
p95
I75
sS'imma'
p96
I75
sS"i'd"
p97
I70
sS'mentor'
p98
I75
sS'smoke'
p99
I75
sS"i'm"
p100
I17
sS"someone's"
p101
I74
sS'golden'
p102
I74
sS'slices'
p103
I75
sS'perogative'
p104
I75
sS'feelings'
p105
I75
sS'bro'
p106
I72
sS'are..fucking'
p107
I75
sS'total'
p108
I75
sS'chavo'
p109
I75
sS'tweeties'
p110
I75
sS'would'
p111
I61
sS'leggeet'
p112
I75
sS'hospital'
p113
I75
sS'knobbys'
p114
I75
sS'best\xe2\x80\xa6'
p115
I75
sS'princess'
p116
I68
sS'cali'
p117
I75
sS'music'
p118
I63
sS'calm'
p119
I74
sS'strike'
p120
I72
sS'preview'
p121
I74
sS'type'
p122
I73
sS'tell'
p123
I70
sS'fifth)'
p124
I75
sS'abusing'
p125
I75
sS'7/7/14.......7/8/14'
p126
I75
sS'holy'
p127
I75
sS'culver'
p128
I74
sS'haha'
p129
I65
sS'award'
p130
I75
sS'hurt'
p131
I73
sS'phone'
p132
I73
sS'lord'
p133
I75
sS'yard'
p134
I75
sS'hold'
p135
I75
sS'4:00pm'
p136
I75
sS'must'
p137
I75
sS'me'
p138
I18
sS'ma'
p139
I74
sS'room'
p140
I65
sS'per33'
p141
I75
sS'work'
p142
I36
sS'eclipse'
p143
I75
sS'worm'
p144
I75
sS'movies'
p145
I73
sS'dios...see'
p146
I75
sS'ms'
p147
I71
sS'mr'
p148
I74
sS'my'
p149
I8
sS'carmel'
p150
I75
sS"peep's"
p151
I70
sS"avila's"
p152
I75
sS'give'
p153
I68
sS'in'
p154
I7
sS'india'
p155
I75
sS'involve'
p156
I75
sS'homie'
p157
I70
sS'want'
p158
I59
sS'times'
p159
I72
sS'guarantee'
p160
I75
sS'3-8'
p161
I75
sS'end'
p162
I71
sS'thing'
p163
I69
sS'hon'
p164
I75
sS'tonyas'
p165
I72
sS'sitting'
p166
I74
sS'damage'
p167
I75
sS'braids'
p168
I72
sS'machine'
p169
I75
sS'how'
p170
I52
sS'amazing'
p171
I65
sS'yum'
p172
I75
sS'audi'
p173
I75
sS'beach'
p174
I73
sS'pizza'
p175
I64
sS'mueller'
p176
I75
sS'beauty'
p177
I75
sS'bangers'
p178
I74
sS'cadillac'
p179
I75
sS'after'
p180
I64
sS'lab'
p181
I75
sS'...on'
p182
I75
sS'wrong'
p183
I72
sS':-/'
p184
I75
sS'lay'
p185
I75
sS'law'
p186
I74
sS'siked'
p187
I75
sS'las'
p188
I74
sS'proceeds'
p189
I75
sS'danny'
p190
I75
sS'appreciate'
p191
I72
sS'green'
p192
I74
sS'plumbing'
p193
I75
sS'leggings'
p194
I75
sS'order'
p195
I74
sS'wine'
p196
I75
sS'salon'
p197
I74
sS'office'
p198
I68
sS'pairings.\xe2\x80\x9d'
p199
I75
sS'jerry'
p200
I75
sS'shears'
p201
I75
sS'mayor'
p202
I71
sS'before'
p203
I66
sS'ima'
p204
I75
sS'chihuahua'
p205
I75
sS'submitted'
p206
I75
sS'personal'
p207
I75
sS'fix'
p208
I74
sS'avocado'
p209
I75
sS'expectations'
p210
I75
sS'writing'
p211
I74
sS'better'
p212
I71
sS'405'
p213
I74
sS'production'
p214
I75
sS'"perfect"'
p215
I75
sS'weeks'
p216
I75
sS'cred'
p217
I75
sS'then'
p218
I54
sS'them'
p219
I53
sS'vixen)'
p220
I43
sS'holland...for'
p221
I75
sS'thrones'
p222
I75
sS'weakness'
p223
I74
sS'workout'
p224
I74
sS'safe'
p225
I71
sS"we'll"
p226
I71
sS'break'
p227
I70
sS'band'
p228
I75
sS'collabs'
p229
I75
sS'they'
p230
I35
sS'ya...killa'
p231
I75
sS'one'
p232
I43
sS'meat'
p233
I75
sS'oxygen'
p234
I75
sS'brightness'
p235
I75
sS'readyy'
p236
I75
sS'arrested'
p237
I75
sS'chuck'
p238
I75
sS'bartusiak'
p239
I75
sS'shenanigans'
p240
I75
sS'filling'
p241
I75
sS'fitness'
p242
I74
sS'addicted'
p243
I73
sS'went'
p244
I69
sS'payton'
p245
I75
sS'jay-z'
p246
I75
sS'side'
p247
I69
sS'mean'
p248
I73
sS'signing'
p249
I75
sS"hasn't"
p250
I75
sS'series'
p251
I75
sS'braiding'
p252
I75
sS'tatty'
p253
I75
sS'husband'
p254
I75
sS'bowls'
p255
I74
sS'.and'
p256
I75
sS'celebrating'
p257
I75
sS'dawg'
p258
I75
sS'juggling'
p259
I75
sS'doug'
p260
I74
sS'logo'
p261
I75
sS"'frozen'"
p262
I75
sS'saturday'
p263
I73
sS'rt'
p264
I27
sS'driving'
p265
I75
sS'god'
p266
I69
sS'hooked'
p267
I75
sS'sand'
p268
I74
sS'mason'
p269
I75
sS'daniel'
p270
I75
sS'rare'
p271
I75
sS'got'
p272
I53
sS'rn'
p273
I74
sS'aid)'
p274
I75
sS'turning'
p275
I74
sS'cutest'
p276
I75
sS"you're"
p277
I62
sS'fave'
p278
I75
sS'1s'
p279
I75
sS'free'
p280
I68
sS'twitt*rverse'
p281
I75
sS'struggle'
p282
I75
sS'returning'
p283
I75
sS'wanted'
p284
I72
sS'soundcloud'
p285
I74
sS'aisle'
p286
I75
sS'ata'
p287
I75
sS'starts'
p288
I74
sS'privacy'
p289
I75
sS'r8'
p290
I75
sS'days'
p291
I64
sS'12000'
p292
I75
sS'flawless'
p293
I74
sS'daym'
p294
I75
sS'buritos'
p295
I73
sS"today's"
p296
I69
sS'can\xe2\x80\x99t'
p297
I74
sS'cucumber'
p298
I75
sS'(at'
p299
I72
sS'speeds'
p300
I75
sS'user'
p301
I75
sS'panettiere'
p302
I75
sS'u?u'
p303
I75
sS'already'
p304
I68
sS'>>'
p305
I75
sS'chew'
p306
I75
sS'hoop'
p307
I75
sS'hearing'
p308
I75
sS'village)'
p309
I75
sS'spinning'
p310
I75
sS'floors'
p311
I75
sS'delicious'
p312
I74
sS'comin'
p313
I75
sS'sober'
p314
I75
sS'force'
p315
I75
sS'trip.\xe2\x80\xa6'
p316
I75
sS'anyone'
p317
I71
sS'toy'
p318
I75
sS'desserts'
p319
I75
sS'girly'
p320
I75
sS'lego'
p321
I75
sS'tov'
p322
I74
sS'needed'
p323
I75
sS'master'
p324
I75
sS'too'
p325
I54
sS'tom'
p326
I74
sS'brainwash'
p327
I75
sS'hollywood'
p328
I65
sS'legs'
p329
I72
sS'dogs'
p330
I74
sS'listen'
p331
I74
sS'5-11'
p332
I74
sS'wienerschnitzel)'
p333
I72
sS'bouncing'
p334
I75
sS'gym'
p335
I63
sS'villages'
p336
I75
sS'esoteric'
p337
I75
sS'took'
p338
I71
sS'cereal'
p339
I74
sS'<~like'
p340
I75
sS'workbecause'
p341
I75
sS'citibank'
p342
I75
sS'conforms'
p343
I75
sS'tree'
p344
I73
sS'ebay'
p345
I73
sS'shower'
p346
I75
sS'matter'
p347
I75
sS'fabulous'
p348
I74
sS'starsbut'
p349
I75
sS'betles'
p350
I75
sS'feeling'
p351
I69
sS'them!\xe2\x80\xa6'
p352
I75
sS'screenplay'
p353
I75
sS'mini'
p354
I75
sS'mind'
p355
I72
sS'mine'
p356
I67
sS'ginger'
p357
I75
sS'raw'
p358
I74
sS'rat'
p359
I75
sS'stalls'
p360
I75
sS'seen'
p361
I73
sS'seem'
p362
I75
sS'mins'
p363
I75
sS'tells'
p364
I75
sS'gear'
p365
I75
sS'watchers'
p366
I75
sS'do"'
p367
I75
sS'dunno'
p368
I75
sS'-'
p369
I24
sS'others)'
p370
I73
sS'ultra-stylish'
p371
I75
sS'fitting'
p372
I75
sS'contact'
p373
I75
sS're-scheduled'
p374
I75
sS'curfew'
p375
I75
sS'hun'
p376
I75
sS'courvo'
p377
I75
sS'blue'
p378
I74
sS'exactly'
p379
I75
sS'banged-up'
p380
I75
sS'though'
p381
I75
sS'rappers'
p382
I75
sS'dial'
p383
I75
sS'audition'
p384
I73
sS'germany'
p385
I74
sS'letter'
p386
I74
sS'organization'
p387
I75
sS'showtek'
p388
I75
sS'thriller'
p389
I74
sS'zealand'
p390
I75
sS'doh'
p391
I75
sS'doi'
p392
I75
sS'episode'
p393
I68
sS'treats'
p394
I74
sS'm'
p395
I75
sS'dog'
p396
I72
sS'musical'
p397
I75
sS'heeeere'
p398
I75
sS'swamp'
p399
I75
sS'definitely'
p400
I73
sS'pineapple'
p401
I75
sS'voting'
p402
I73
sS'sum'
p403
I75
sS'came'
p404
I69
sS'reserve'
p405
I75
sS'saying'
p406
I72
sS'poppers'
p407
I75
sS'bomb'
p408
I75
sS'repierced'
p409
I75
sS'ending'
p410
I75
sS'radio'
p411
I74
sS'musicals'
p412
I75
sS'stepping'
p413
I75
sS'earth'
p414
I73
sS'lessons'
p415
I75
sS'orleans'
p416
I75
sS"em'"
p417
I75
sS'flowers'
p418
I75
sS'crossfit'
p419
I73
sS'yaaasss'
p420
I75
sS'ayyyy'
p421
I75
sS'weekends'
p422
I75
sS'skye'
p423
I75
sS'hrs'
p424
I75
sS'aldo'
p425
I75
sS'theme'
p426
I73
sS'mend'
p427
I75
sS"'no"
p428
I75
sS'wearing'
p429
I74
sS'do'
p430
I45
sS'dl'
p431
I75
sS'dm'
p432
I71
sS'dj'
p433
I75
sS'de'
p434
I75
sS'watch'
p435
I70
sS'ahahaha'
p436
I75
sS'funn!,91607\n439601769350307840,jill_gaines,2014-03-01'
p437
I75
sS'wedding'
p438
I73
sS'dr'
p439
I74
sS'learned'
p440
I75
sS'peyton'
p441
I75
sS'earl'
p442
I75
sS'9/11/14'
p443
I73
sS'sadddle'
p444
I75
sS'bar'
p445
I73
sS'countries'
p446
I75
sS'officially'
p447
I75
sS'fighters'
p448
I75
sS'method'
p449
I75
sS'bag'
p450
I75
sS'bad'
p451
I69
sS'shots'
p452
I75
sS'analytical'
p453
I75
sS'steak'
p454
I75
sS'momentos'
p455
I75
sS'decides'
p456
I75
sS'pfeiffer'
p457
I75
sS'habit'
p458
I74
sS'w/'
p459
I55
sS'branding'
p460
I75
sS'nut'
p461
I75
sS'facetiming'
p462
I75
sS'decided'
p463
I71
sS'for\xe2\x80\xa6'
p464
I73
sS'fail'
p465
I75
sS'disturbing'
p466
I75
sS'activities'
p467
I75
sS'best'
p468
I51
sS'brazil'
p469
I75
sS'said'
p470
I72
sS'lots'
p471
I73
sS'away'
p472
I71
sS'arabic'
p473
I75
sS"there's"
p474
I73
sS'olympics'
p475
I75
sS'finger'
p476
I74
sS'hopefully'
p477
I73
sS'yogurt'
p478
I21
sS'\xe2\x93\x82\xef\xb8\x8f'
p479
I75
sS'"cheesesteak"'
p480
I75
sS'college'
p481
I73
sS'men'
p482
I75
sS'omg'
p483
I72
sS'nature'
p484
I75
sS'lover'
p485
I75
sS'boss'
p486
I74
sS'nightmares'
p487
I75
sS'despu\xc3\xa9s'
p488
I75
sS'wear'
p489
I74
sS'wtf'
p490
I73
sS'dedication'
p491
I75
sS'news'
p492
I73
sS"tate's"
p493
I75
sS'roller'
p494
I75
sS'kitchen'
p495
I67
sS'protect'
p496
I75
sS'planner'
p497
I75
sS'cow'
p498
I74
sS'beseelot'
p499
I75
sS'country'
p500
I72
sS'against'
p501
I75
sS"peep's\xe2\x80\xa6"
p502
I75
sS'games'
p503
I72
sS'jello'
p504
I75
sS'asked'
p505
I75
sS'con'
p506
I74
sS'prospect'
p507
I75
sS'tough'
p508
I75
sS'character'
p509
I75
sS'sardines'
p510
I75
sS'incessant'
p511
I75
sS'canyon'
p512
I68
sS'written'
p513
I75
sS'tony'
p514
I75
sS'trust'
p515
I74
sS'november'
p516
I75
sS'supperclub'
p517
I75
sS'beef'
p518
I75
sS'three'
p519
I74
sS'been'
p520
I57
sS'oooooo'
p521
I74
sS'beer'
p522
I75
sS'much'
p523
I57
sS'interest'
p524
I75
sS'beez'
p525
I75
sS'lovely'
p526
I75
sS'pro'
p527
I75
sS'well-deserved'
p528
I75
sS'threw'
p529
I75
sS'life'
p530
I61
sS'easy'
p531
I73
sS'drugs'
p532
I74
sS'sunshine'
p533
I73
sS'worker'
p534
I75
sS'craft'
p535
I72
sS'child'
p536
I75
sS'worked'
p537
I74
sS'(and'
p538
I75
sS'spin'
p539
I73
sS'coldwater'
p540
I73
sS'submissions'
p541
I75
sS'air'
p542
I74
sS'ugly'
p543
I75
sS'near'
p544
I74
sS'teachers'
p545
I75
sS'voice'
p546
I75
sS'vegetarian'
p547
I75
sS'chilling'
p548
I75
sS'......so'
p549
I75
sS'bio'
p550
I75
sS'is'
p551
I9
sS'beatsthat'
p552
I75
sS'defeated'
p553
I75
sS'jess'
p554
I74
sS'cant'
p555
I74
sS'il'
p556
I75
sS'narinoo'
p557
I75
sS'motivating'
p558
I75
sS'seattle'
p559
I75
sS'if'
p560
I39
sS'credit'
p561
I75
sS'things'
p562
I69
sS'make'
p563
I56
sS"everybody's"
p564
I75
sS"heart'"
p565
I75
sS'debuted'
p566
I75
sS'belly'
p567
I75
sS'i\xe2\x80\x99ve'
p568
I75
sS'several'
p569
I75
sS'cyn"'
p570
I75
sS'showing'
p571
I75
sS'bells'
p572
I75
sS'raid'
p573
I75
sS'froyo'
p574
I75
sS'pick'
p575
I74
sS'hang'
p576
I75
sS'nig'
p577
I75
sS'hand'
p578
I75
sS'valsurf1962'
p579
I75
sS'jealous'
p580
I74
sS'tune'
p581
I72
sS'kid'
p582
I71
sS'thx'
p583
I75
sS"'wood'"
p584
I75
sS'1975'
p585
I75
sS'dallas'
p586
I75
sS'tho'
p587
I72
sS'client'
p588
I74
sS'greatest'
p589
I75
sS'mother'
p590
I73
sS'hearts'
p591
I75
sS'the'
p592
I1
sS'faux-bacon'
p593
I75
sS'yours'
p594
I73
sS'left'
p595
I73
sS'learning'
p596
I75
sS'just'
p597
I20
sS'yea'
p598
I75
sS'photo'
p599
I71
sS'sleepy'
p600
I74
sS'aside'
p601
I75
sS'grades'
p602
I75
sS'bugged'
p603
I75
sS'thanks'
p604
I39
sS'human'
p605
I74
sS'yes'
p606
I63
sS'yet'
p607
I70
sS'yew'
p608
I75
sS'repost'
p609
I75
sS'broncos'
p610
I75
sS'unable'
p611
I75
sS'cherry'
p612
I75
sS'had'
p613
I61
sS'jules'
p614
I70
sS'shout'
p615
I74
sS"juliana's"
p616
I75
sS'board'
p617
I75
sS'innocent'
p618
I73
sS'kels'
p619
I75
sS'has'
p620
I63
sS'hat'
p621
I73
sS'gave'
p622
I74
sS'which'
p623
I74
sS'ninjas'
p624
I74
sS'possibly'
p625
I75
sS'dreamy'
p626
I75
sS'background'
p627
I74
sS'judge'
p628
I75
sS'margherita'
p629
I75
sS'hamas'
p630
I75
sS'dreams'
p631
I73
sS'apart'
p632
I75
sS'shoulder'
p633
I75
sS'sliced'
p634
I75
sS'gift'
p635
I75
sS'tracklist'
p636
I75
sS'gifted'
p637
I75
sS'50'
p638
I75
sS'tebow'
p639
I75
sS'soap'
p640
I75
sS'informative'
p641
I75
sS'earth-like'
p642
I75
sS'garbagejust'
p643
I75
sS'avatar'
p644
I75
sS'night'
p645
I46
sS'hung'
p646
I75
sS'surf'
p647
I72
sS'right'
p648
I52
sS'old'
p649
I66
sS'deal'
p650
I74
sS'people'
p651
I55
sS'dead'
p652
I73
sS'weberjagermanjenson'
p653
I75
sS'born'
p654
I72
sS'intern'
p655
I75
sS'escape'
p656
I73
sS'dear'
p657
I74
sS'mazel'
p658
I75
sS'saved'
p659
I75
sS'a-ok'
p660
I75
sS"daddy's"
p661
I75
sS'for'
p662
I10
sS'remind'
p663
I75
sS'purple'
p664
I75
sS'fox'
p665
I72
sS'ice'
p666
I74
sS'everything'
p667
I69
sS'ucsb'
p668
I75
sS'monogamy'
p669
I75
sS'christmas'
p670
I73
sS'knew'
p671
I72
sS'pls'
p672
I75
sS'burn'
p673
I75
sS'hsm'
p674
I74
sS'promos'
p675
I75
sS'phew'
p676
I75
sS'peep'
p677
I74
sS'super'
p678
I70
sS'commin'
p679
I72
sS'yelling'
p680
I75
sS'vaginas'
p681
I75
sS'8/13/14'
p682
I75
sS'months'
p683
I73
sS'companion)'
p684
I75
sS'dinner'
p685
I73
sS'regretting'
p686
I75
sS'afternoon'
p687
I75
sS'stoked'
p688
I70
sS'7/24/'
p689
I75
sS'palestinians'
p690
I75
sS'automatically'
p691
I74
sS'soa'
p692
I74
sS'raised'
p693
I75
sS'subs'
p694
I75
sS'08:45:06.0,34.15841223,-118.40241016,1240,when'
p695
I75
sS'pays'
p696
I75
sS'selfie'
p697
I75
sS'bound'
p698
I74
sS'soo'
p699
I75
sS'ppl'
p700
I75
sS'down'
p701
I65
sS'd'
p702
I75
sS'wrap'
p703
I74
sS'honored'
p704
I75
sS'insult'
p705
I75
sS'existed'
p706
I75
sS'cup...here'
p707
I75
sS'sexyback'
p708
I75
sS'amazingly'
p709
I75
sS'support'
p710
I60
sS'flying'
p711
I75
sS'israel......100%'
p712
I75
sS'fight'
p713
I73
sS'stuck'
p714
I73
sS'andale_bearings'
p715
I75
sS'way'
p716
I61
sS'call'
p717
I68
sS'was'
p718
I25
sS'war'
p719
I74
sS'happy'
p720
I36
sS'starve'
p721
I75
sS'head'
p722
I73
sS'(4821'
p723
I75
sS'becoming'
p724
I73
sS'gorgeous'
p725
I75
sS'cuban'
p726
I75
sS'true'
p727
I74
sS"joy's"
p728
I75
sS'congratulations'
p729
I75
sS'supp'
p730
I75
sS'undefeated'
p731
I75
sS'inside'
p732
I74
sS'donald'
p733
I75
sS'until'
p734
I72
sS'nerdy'
p735
I75
sS'faking'
p736
I75
sS'horrifying'
p737
I75
sS'delete'
p738
I75
sS'pizza)'
p739
I75
sS'later'
p740
I73
sS'guesses'
p741
I75
sS'sticks'
p742
I75
sS'classic'
p743
I75
sS'indy'
p744
I75
sS'care.\xe2\x80\x9d'
p745
I75
sS'drive'
p746
I74
sS'manure'
p747
I75
sS'billboard'
p748
I75
sS'sometime'
p749
I73
sS'exist'
p750
I75
sS'ship'
p751
I75
sS'trip'
p752
I73
sS'shit'
p753
I61
sS'blasterjaxx'
p754
I75
sS'tix'
p755
I75
sS'dying'
p756
I75
sS'no'
p757
I51
sS'when'
p758
I51
sS'handed'
p759
I75
sS'reality'
p760
I74
sS'til'
p761
I73
sS'tim'
p762
I75
sS'setting'
p763
I75
sS'role'
p764
I74
sS'creep'
p765
I75
sS'holding'
p766
I75
sS'brings'
p767
I75
sS'holly'
p768
I75
sS'hangin'
p769
I74
sS'tia'
p770
I75
sS'scored'
p771
I75
sS'picture'
p772
I73
sS"'s"
p773
I74
sS'brothers'
p774
I75
sS'david...love'
p775
I75
sS'felt'
p776
I72
sS'directionally'
p777
I75
sS'update'
p778
I75
sS"let's"
p779
I70
sS'journey'
p780
I75
sS'invested'
p781
I75
sS'rolling'
p782
I75
sS'weekend'
p783
I68
sS'died'
p784
I74
sS'younger'
p785
I75
sS'tweeting'
p786
I75
sS'longer'
p787
I75
sS'potato'
p788
I74
sS'bottom'
p789
I75
sS'packets'
p790
I75
sS'together'
p791
I69
sS'time'
p792
I39
sS'serious'
p793
I74
sS'crazy\xe2\x80\x9d'
p794
I75
sS':))'
p795
I75
sS'bfast'
p796
I75
sS'coach'
p797
I73
sS':('
p798
I70
sS':)'
p799
I68
sS'whoever'
p800
I74
sS'hangovers'
p801
I75
sS'rob'
p802
I74
sS'focus'
p803
I75
sS"wendy's"
p804
I75
sS'leads'
p805
I75
sS'manager'
p806
I75
sS'anons'
p807
I75
sS'comments'
p808
I75
sS'trappy'
p809
I75
sS'skin'
p810
I75
sS'osa'
p811
I75
sS'mill'
p812
I75
sS'layers'
p813
I75
sS'yummy'
p814
I73
sS'filming'
p815
I75
sS'good"'
p816
I75
sS'karaoke'
p817
I75
sS'finally'
p818
I71
sS'boobytrap'
p819
I75
sS'terror'
p820
I75
sS'sing'
p821
I74
sS'shoot'
p822
I67
sS'us..8/11/14'
p823
I75
sS'iggy'
p824
I75
sS'keeping'
p825
I75
sS'farrr'
p826
I75
sS'choice'
p827
I75
sS'vegas'
p828
I69
sS'jerz'
p829
I75
sS'word'
p830
I74
sS'trouble'
p831
I75
sS'brows'
p832
I75
sS'minute'
p833
I75
sS'cool'
p834
I67
sS'clouds'
p835
I75
sS'presented'
p836
I75
sS'did'
p837
I60
sS'die'
p838
I74
sS'dig'
p839
I75
sS'peeps'
p840
I74
sS'brother'
p841
I73
sS'leave'
p842
I73
sS'item'
p843
I75
sS'soooo'
p844
I72
sS'team'
p845
I74
sS'quick'
p846
I74
sS'guy'
p847
I67
sS'dip'
p848
I75
sS'round'
p849
I75
sS"it'll"
p850
I75
sS'shave'
p851
I75
sS'upper'
p852
I75
sS'spiritual'
p853
I75
sS'talked'
p854
I75
sS'says'
p855
I73
sS'regret'
p856
I74
sS'porn'
p857
I75
sS'minion'
p858
I75
sS'hack'
p859
I75
sS'sign'
p860
I73
sS'cr\xc3\xbce'
p861
I75
sS'eating'
p862
I75
sS'drinks'
p863
I74
sS'beautifuls'
p864
I75
sS'current'
p865
I75
sS'goes'
p866
I73
sS'falling'
p867
I74
sS'appeal'
p868
I75
sS'boost'
p869
I74
sS'unintentionally'
p870
I75
sS'install'
p871
I75
sS'.....i'
p872
I75
sS'bloke'
p873
I75
sS'makeup'
p874
I68
sS'angelino'
p875
I75
sS'water'
p876
I75
sS'lovesit'
p877
I75
sS'baseball'
p878
I75
sS's/o'
p879
I75
sS'alone'
p880
I75
sS'along'
p881
I75
sS'change'
p882
I72
sS'wait'
p883
I62
sS'box'
p884
I73
sS'boy'
p885
I74
sS'hbo'
p886
I75
sS'yessss'
p887
I75
sS'jorb'
p888
I75
sS'lazy'
p889
I75
sS'pearls'
p890
I75
sS'lily'
p891
I75
sS'guilty'
p892
I75
sS'ourself'
p893
I75
sS'simone'
p894
I75
sS'bangs'
p895
I74
sS'thomasnewson'
p896
I75
sS'usually'
p897
I74
sS'weird'
p898
I74
sS'breathtaking'
p899
I75
sS'treasure'
p900
I75
sS'love'
p901
I30
sS'raise'
p902
I75
sS'hiking'
p903
I74
sS'lending'
p904
I75
sS'prefer'
p905
I75
sS'oo0'
p906
I74
sS'1st'
p907
I75
sS'touchdown'
p908
I75
sS'tuesday'
p909
I75
sS'mobil'
p910
I74
sS'post'
p911
I66
sS'everybody'
p912
I75
sS'saki'
p913
I75
sS'working'
p914
I67
sS'sake'
p915
I75
sS'dictated'
p916
I75
sS'visit'
p917
I67
sS'10:10'
p918
I75
sS'intense'
p919
I75
sS'live'
p920
I72
sS'iphone'
p921
I74
sS'wondering'
p922
I74
sS'thru'
p923
I74
sS'today'
p924
I42
sS'loving'
p925
I75
sS"patriot'"
p926
I75
sS'riot'
p927
I75
sS'sessions'
p928
I74
sS'chocolate'
p929
I74
sS'espero'
p930
I75
sS'olive'
p931
I75
sS'prophecy'
p932
I75
sS'fly'
p933
I66
sS'1/27'
p934
I75
sS'douche'
p935
I75
sS'lolol'
p936
I75
sS'car'
p937
I72
sS'pretend'
p938
I75
sS'love..."'
p939
I75
sS'soul'
p940
I72
sS'cat'
p941
I74
sS'attacks'
p942
I75
sS'sour'
p943
I75
sS'can'
p944
I51
sS'growing'
p945
I74
sS'making'
p946
I67
sS'arrive'
p947
I75
sS'streak'
p948
I75
sS'heart'
p949
I73
sS'crazy'
p950
I68
sS'figure'
p951
I75
sS'awesome'
p952
I67
sS"didn't"
p953
I68
sS'fuck'
p954
I69
sS'agent'
p955
I75
sS'on-camera'
p956
I75
sS'heard'
p957
I73
sS'posing'
p958
I72
sS'dropped'
p959
I75
sS'lorde'
p960
I75
sS'workin'
p961
I75
sS'counting'
p962
I75
sS'clothing'
p963
I75
sS'232'
p964
I75
sS'pink'
p965
I74
sS'1&2'
p966
I75
sS'lounge'
p967
I74
sS'till'
p968
I31
sS'sunday'
p969
I74
sS'nyc'
p970
I75
sS'"ashley"'
p971
I75
sS'speaks'
p972
I75
sS'flavored'
p973
I75
sS'$100'
p974
I75
sS'cocktail'
p975
I73
sS'may'
p976
I74
sS'reps'
p977
I75
sS'blasting'
p978
I75
sS'spot'
p979
I74
sS'diva'
p980
I75
sS'tbt'
p981
I75
sS'mac'
p982
I75
sS'birthday'
p983
I55
sS'date'
p984
I72
sS'such'
p985
I63
sS'suck'
p986
I74
sS'guys'
p987
I54
sS'..\xe2\x80\xa6'
p988
I75
sS'man'
p989
I70
sS'stress'
p990
I75
sS'natural'
p991
I74
sS'neck'
p992
I75
sS'joint'
p993
I75
sS'whenever'
p994
I75
sS'maybe'
p995
I74
sS'hoa'
p996
I75
sS'sw'
p997
I75
sS'st'
p998
I75
sS'123'
p999
I75
sS'so'
p1000
I19
sS'african'
p1001
I75
sS"studio..that's"
p1002
I75
sS'mangg'
p1003
I72
sS'pulled'
p1004
I75
sS'sf'
p1005
I74
sS'talk'
p1006
I70
sS'sd'
p1007
I74
sS'cute'
p1008
I72
sS'shoes'
p1009
I72
sS'seeing'
p1010
I72
sS'rabbi'
p1011
I75
sS'midnight'
p1012
I69
sS'years'
p1013
I66
sS'brain'
p1014
I74
sS'cold'
p1015
I74
sS'still'
p1016
I60
sS'group'
p1017
I74
sS'thank'
p1018
I52
sS'the\xe2\x80\xa6'
p1019
I74
sS'interesting'
p1020
I74
sS'hot'
p1021
I72
sS'shaping'
p1022
I75
sS'peacocking'
p1023
I75
sS'gatorade'
p1024
I75
sS'tweets'
p1025
I74
sS'main'
p1026
I75
sS'into'
p1027
I67
sS'texas'
p1028
I72
sS'happened'
p1029
I69
sS"pat's"
p1030
I73
sS'lonely'
p1031
I75
sS'halt'
p1032
I75
sS'3'
p1033
I59
sS'moms'
p1034
I75
sS'jalape\xc3\xb1o'
p1035
I75
sS'lunch'
p1036
I66
sS'touching'
p1037
I75
sS'safari'
p1038
I75
sS'half'
p1039
I70
sS'not'
p1040
I33
sS'feature'
p1041
I75
sS'nov'
p1042
I75
sS'now'
p1043
I37
sS'ahaha'
p1044
I75
sS'johnny\xe2\x80\xa6'
p1045
I75
sS'shouted'
p1046
I75
sS'14.1'
p1047
I75
sS'name'
p1048
I68
sS'brody'
p1049
I75
sS'calabasas'
p1050
I75
sS'rock'
p1051
I72
sS'photoshoot'
p1052
I73
sS'foxfire'
p1053
I63
sS'concerts'
p1054
I75
sS'el'
p1055
I72
sS'en'
p1056
I74
sS'challenged'
p1057
I75
sS'"break"'
p1058
I75
sS'receipt'
p1059
I75
sS'yeah'
p1060
I66
sS'wahooooo'
p1061
I75
sS'bradley'
p1062
I75
sS'soy'
p1063
I75
sS'catching'
p1064
I75
sS'ex'
p1065
I74
sS'begun'
p1066
I75
sS'year'
p1067
I68
sS'girl'
p1068
I64
sS'album'
p1069
I74
sS'living'
p1070
I73
sS'100k'
p1071
I75
sS'itchin'
p1072
I75
sS'space'
p1073
I75
sS'coincidentally'
p1074
I75
sS'increase'
p1075
I75
sS'seriously'
p1076
I74
sS'qb'
p1077
I75
sS"shouldn't"
p1078
I75
sS'hacked'
p1079
I74
sS'"you\'ll'
p1080
I75
sS'"normal"'
p1081
I75
sS'advice'
p1082
I75
sS'shows'
p1083
I74
sS'earlier'
p1084
I75
sS'goto'
p1085
I74
sS'million'
p1086
I73
sS'romano'
p1087
I75
sS'quite'
p1088
I74
sS'five'
p1089
I75
sS'aioli'
p1090
I75
sS'california'
p1091
I75
sS'grandma'
p1092
I75
sS'amigos'
p1093
I75
sS'grab'
p1094
I75
sS'card'
p1095
I75
sS'care'
p1096
I74
sS'training'
p1097
I50
sS'1994'
p1098
I75
sS'yup'
p1099
I70
sS'100%'
p1100
I75
sS'headphones'
p1101
I75
sS'chevy'
p1102
I75
sS'turn'
p1103
I71
sS'butterflies'
p1104
I75
sS'place'
p1105
I72
sS'massive'
p1106
I73
sS'nonprofit'
p1107
I75
sS'think'
p1108
I54
sS'yaaa'
p1109
I75
sS'first'
p1110
I59
sS'cheese'
p1111
I75
sS'constantly'
p1112
I75
sS'saving'
p1113
I75
sS'xoxo'
p1114
I75
sS'waves'
p1115
I75
sS'yourself'
p1116
I75
sS'long'
p1117
I61
sS'vote'
p1118
I75
sS'sounds'
p1119
I73
sS'drove'
p1120
I74
sS'open'
p1121
I67
sS'tomorrow'
p1122
I63
sS'rented'
p1123
I75
sS'city'
p1124
I68
sS'little'
p1125
I63
sS'europe'
p1126
I75
sS'now!!,91607\n439600111811706880,jill_gaines,2014-03-01'
p1127
I75
sS'plastic'
p1128
I75
sS'carson'
p1129
I74
sS'returns'
p1130
I75
sS'2'
p1131
I62
sS'terrifying'
p1132
I75
sS'white'
p1133
I74
sS'friend'
p1134
I67
sS'gives'
p1135
I75
sS'eyes'
p1136
I71
sS'hug'
p1137
I75
sS'homemade'
p1138
I75
sS'releases'
p1139
I75
sS'that'
p1140
I16
sS'neverland'
p1141
I75
sS'season'
p1142
I66
sS'memo'
p1143
I75
sS'snatch'
p1144
I75
sS'cops'
p1145
I75
sS'ridiculous'
p1146
I74
sS'passionately'
p1147
I75
sS'butt'
p1148
I74
sS'x2'
p1149
I75
sS'copy'
p1150
I75
sS'than'
p1151
I68
sS"here's"
p1152
I73
sS'boyfriend'
p1153
I75
sS'11'
p1154
I64
sS'10'
p1155
I75
sS'13'
p1156
I75
sS'12'
p1157
I74
sS'15'
p1158
I75
sS'lmao'
p1159
I75
sS'depressed'
p1160
I74
sS'18'
p1161
I75
sS'gotta'
p1162
I75
sS'$19'
p1163
I75
sS'rehab'
p1164
I75
sS'future'
p1165
I74
sS'were'
p1166
I55
sS'werk'
p1167
I72
sS'"laurel'
p1168
I75
sS'damned'
p1169
I75
sS'and'
p1170
I6
sS'san'
p1171
I74
sS'chloe'
p1172
I75
sS'correction'
p1173
I72
sS'turned'
p1174
I75
sS'ani'
p1175
I74
sS'sad'
p1176
I66
sS'say'
p1177
I61
sS'buried'
p1178
I75
sS'breakfast'
p1179
I73
sS'saw'
p1180
I69
sS'any'
p1181
I70
sS'sat'
p1182
I75
sS"'we"
p1183
I74
sS'zoe'
p1184
I75
sS'babysit'
p1185
I75
sS'there\xe2\x80\x99s'
p1186
I75
sS'ideas'
p1187
I75
sS'note'
p1188
I74
sS'emphasis'
p1189
I75
sS'potential'
p1190
I75
sS'take'
p1191
I67
sS'upside'
p1192
I75
sS'blunt'
p1193
I75
sS'butterfly'
p1194
I71
sS'200'
p1195
I75
sS'hooves'
p1196
I75
sS'sure'
p1197
I62
sS'pain'
p1198
I75
sS"'request"
p1199
I75
sS'track'
p1200
I73
sS'sherman'
p1201
I73
sS'dexter'
p1202
I75
sS'rehearsal'
p1203
I74
sS'alucard'
p1204
I75
sS'sheets'
p1205
I75
sS'pleasure'
p1206
I75
sS'pair'
p1207
I75
sS'ahwwwwooooo'
p1208
I75
sS'queens'
p1209
I75
sS'forever'
p1210
I73
sS'egg'
p1211
I75
sS'average'
p1212
I73
sS'proud'
p1213
I74
sS'hungry'
p1214
I73
sS'mrs'
p1215
I74
sS'axe'
p1216
I75
sS'charitystrike'
p1217
I75
sS'laws'
p1218
I75
sS'mistresses'
p1219
I75
sS'walking'
p1220
I72
sS'shot'
p1221
I74
sS'show'
p1222
I62
sS'german'
p1223
I74
sS'8:30-9'
p1224
I75
sS'discovered'
p1225
I75
sS'aventura'
p1226
I75
sS'shoe'
p1227
I74
sS'don\xe2\x80\x99t\xe2\x80\x9d'
p1228
I75
sS'corner'
p1229
I72
sS'aggressive'
p1230
I74
sS'fifth'
p1231
I74
sS'realizing'
p1232
I75
sS'mowry'
p1233
I75
sS'renaldo'
p1234
I75
sS'\xe2\x9c\x8a'
p1235
I71
sS'shaninik'
p1236
I75
sS'dick'
p1237
I74
sS'enough'
p1238
I71
sS'gulp'
p1239
I75
sS'woof'
p1240
I74
sS'only'
p1241
I61
sS'going'
p1242
I45
sS'black'
p1243
I75
sS'm\xc3\xb6tely'
p1244
I75
sS'ever\xe2\x80\xa6'
p1245
I75
sS'over'
p1246
I62
sS'beatles'
p1247
I75
sS'get'
p1248
I44
sS'between'
p1249
I75
sS'freezing'
p1250
I75
sS'ta-booo'
p1251
I75
sS'truly'
p1252
I74
sS'ssl'
p1253
I75
sS'nearly'
p1254
I75
sS"'til"
p1255
I75
sS'toniiiight'
p1256
I75
sS'dye'
p1257
I75
sS'laguna'
p1258
I75
sS'celebrate'
p1259
I75
sS'freaking'
p1260
I73
sS'artist'
p1261
I74
sS'post-cook'
p1262
I75
sS'borrow'
p1263
I74
sS'morning'
p1264
I53
sS'miles'
p1265
I75
sS'buy'
p1266
I75
sS'ittttt'
p1267
I75
sS'where'
p1268
I64
sS'18:54:56.0,34.1644998,-118.40502161,1240,in'
p1269
I75
sS'death?"'
p1270
I75
sS'apartmentcouture'
p1271
I75
sS'imposter'
p1272
I75
sS'rmx'
p1273
I75
sS'stylist'
p1274
I75
sS'cocktails'
p1275
I75
sS'gangster'
p1276
I75
sS'asleep'
p1277
I74
sS'sean'
p1278
I75
sS'parking'
p1279
I75
sS'mcdonalds'
p1280
I75
sS'shabat'
p1281
I75
sS'um'
p1282
I75
sS'israeli'
p1283
I75
sS"tomorrow's"
p1284
I75
sS'label'
p1285
I75
sS'spoons'
p1286
I75
sS'outside'
p1287
I74
sS'comp'
p1288
I74
sS'it'
p1289
I13
sS'reading'
p1290
I75
sS'whipped'
p1291
I75
sS'travels'
p1292
I75
sS'24'
p1293
I75
sS'prettiest'
p1294
I74
sS'supermarket'
p1295
I75
sS'killing'
p1296
I75
sS'guitar'
p1297
I72
sS'7ahy'
p1298
I75
sS'worrrd'
p1299
I75
sS'hurts'
p1300
I75
sS'article'
p1301
I75
sS'wienerschnitzel'
p1302
I70
sS'come'
p1303
I40
sS'panels'
p1304
I75
sS'musiccccccc'
p1305
I75
sS'talented'
p1306
I72
sS'many'
p1307
I71
sS'tour'
p1308
I73
sS'mang'
p1309
I74
sS"can't"
p1310
I46
sS'house)'
p1311
I75
sS'madness'
p1312
I75
sS'cancer'
p1313
I75
sS'color'
p1314
I72
sS'rocking'
p1315
I75
sS'jeans'
p1316
I75
sS'pop'
p1317
I75
sS'60'
p1318
I74
sS'pole'
p1319
I75
sS'"can\'t'
p1320
I75
sS'colon'
p1321
I75
sS'drinks"'
p1322
I75
sS"jule's"
p1323
I75
sS'69'
p1324
I74
sS'bizarre'
p1325
I75
sS'nicole'
p1326
I75
sS'cramps'
p1327
I75
sS'teammate'
p1328
I75
sS'west'
p1329
I75
sS'vacation'
p1330
I74
sS'mark'
p1331
I75
sS'breath'
p1332
I75
sS'judging'
p1333
I74
sS'jerky'
p1334
I75
sS'wants'
p1335
I72
sS'lanes'
p1336
I74
sS'plugged'
p1337
I75
sS'frozen\xe2\x80\xa6'
p1338
I75
sS'coughing'
p1339
I74
sS'"alpha'
p1340
I75
sS'photos'
p1341
I74
sS'asks'
p1342
I75
sS'tonyas\xe2\x80\xa6'
p1343
I75
sS'overdose'
p1344
I75
sS'careful'
p1345
I74
sS'irrelevant'
p1346
I75
sS'spirit'
p1347
I75
sS'those'
p1348
I65
sS'pilot'
p1349
I74
sS'sound'
p1350
I74
sS'myself'
p1351
I71
sS'fiends'
p1352
I75
sS'developing'
p1353
I75
sS'these'
p1354
I59
sS'cast'
p1355
I75
sS'lisanti'
p1356
I75
sS'life"'
p1357
I75
sS'"doing'
p1358
I75
sS'situation'
p1359
I75
sS'invited'
p1360
I75
sS'eventually'
p1361
I75
sS'aston'
p1362
I75
sS'good'
p1363
I40
sS'heels'
p1364
I74
sS'return'
p1365
I75
sS'everyday'
p1366
I73
sS'worry'
p1367
I75
sS'bags'
p1368
I69
sS'signnnnn'
p1369
I75
sS'doctor'
p1370
I75
sS'pay'
p1371
I75
sS'reminded'
p1372
I75
sS's'
p1373
I74
sS'same'
p1374
I67
sS'check'
p1375
I65
sS'gentlemen'
p1376
I75
sS'food'
p1377
I75
sS'followers'
p1378
I74
sS'coworkers'
p1379
I74
sS'yessir'
p1380
I75
sS'lite'
p1381
I75
sS'reminder'
p1382
I75
sS'status'
p1383
I74
sS'favorited'
p1384
I75
sS'persona'
p1385
I75
sS'like911'
p1386
I75
sS'driver'
p1387
I73
sS'producers'
p1388
I75
sS'running'
p1389
I74
sS'fruit'
p1390
I75
sS'advertisement'
p1391
I75
sS'salonwork'
p1392
I75
sS'totally'
p1393
I72
sS'weave'
p1394
I74
sS'\xe2\x9c\x8c\xef\xb8\x8f'
p1395
I75
sS'theater'
p1396
I75
sS'kungfu'
p1397
I75
sS'magical'
p1398
I74
sS'caliente'
p1399
I75
sS'without'
p1400
I70
sS'comes'
p1401
I70
sS'..........when'
p1402
I75
sS'reward'
p1403
I75
sS'"bare'
p1404
I75
sS'summer'
p1405
I71
sS'214'
p1406
I75
sS'jsiovahn'
p1407
I75
sS'\xe2\x98\xba\xef\xb8\x8f'
p1408
I75
sS'being'
p1409
I71
sS'money'
p1410
I71
sS'actress'
p1411
I74
sS'pre-drunk'
p1412
I75
sS'unofficial'
p1413
I75
sS'kill'
p1414
I68
sS'planets'
p1415
I75
sS'glamsquadla'
p1416
I75
sS'touch'
p1417
I74
sS'flavor'
p1418
I75
sS'(a'
p1419
I75
sS'crust"'
p1420
I75
sS'blow'
p1421
I75
sS'tonys'
p1422
I75
sS'bruvvv'
p1423
I75
sS'thinking'
p1424
I74
sS'rose'
p1425
I74
sS'seems'
p1426
I75
sS'leto'
p1427
I75
sS'it\xe2\x80\x99s'
p1428
I70
sS'cc'
p1429
I75
sS'lets'
p1430
I73
sS'casnestor8\xe2\x80\xa6'
p1431
I73
sS'guy.\xe2\x80\xa6'
p1432
I75
sS'4'
p1433
I67
sS'gym)'
p1434
I70
sS'sucked'
p1435
I75
sS'pill'
p1436
I73
sS'real'
p1437
I66
sS'killt'
p1438
I75
sS'frown'
p1439
I75
sS'kills'
p1440
I75
sS'read'
p1441
I73
sS'fridge'
p1442
I75
sS'gonna'
p1443
I60
sS'early'
p1444
I67
sS'traffic'
p1445
I75
sS'seahawks'
p1446
I75
sS'mom'
p1447
I71
sS'world'
p1448
I66
sS'lady'
p1449
I74
sS'wenk'
p1450
I75
sS'possessive'
p1451
I74
sS"gracie's"
p1452
I75
sS'miracle'
p1453
I75
sS'audience'
p1454
I75
sS't'
p1455
I73
sS'hallelujah'
p1456
I75
sS'fully'
p1457
I75
sS'64'
p1458
I75
sS'mccole'
p1459
I75
sS'-my'
p1460
I75
sS"couldn't"
p1461
I74
sS'joking'
p1462
I75
sS'doll'
p1463
I74
sS'paris'
p1464
I75
sS'ewww'
p1465
I74
sS'eddie'
p1466
I75
sS'kings'
p1467
I75
sS'daytime'
p1468
I75
sS'slice'
p1469
I75
sS'mood'
p1470
I75
sS'in\xe2\x80\xa6'
p1471
I75
sS'googled'
p1472
I75
sS'legal'
p1473
I75
sS'moon'
p1474
I67
sS'lunar'
p1475
I75
sS'911'
p1476
I75
sS'quitting'
p1477
I75
sS'turkey'
p1478
I75
sS"brooklyn's"
p1479
I75
sS'welcome'
p1480
I75
sS'power'
p1481
I74
sS'asap'
p1482
I75
sS'lmfao'
p1483
I75
sS'communicate'
p1484
I75
sS'broker'
p1485
I75
sS'doppe'
p1486
I75
sS'apartment"'
p1487
I75
sS'makeuptools'
p1488
I75
sS'throwback'
p1489
I75
sS'leftover'
p1490
I75
sS';)'
p1491
I70
sS'exciting'
p1492
I75
sS'throw'
p1493
I75
sS"'the"
p1494
I75
sS'on'
p1495
I12
sS'ol'
p1496
I75
sS'ok'
p1497
I69
sS'ace'
p1498
I75
sS'oh'
p1499
I67
sS'of'
p1500
I11
sS'industry'
p1501
I75
sS'favorite'
p1502
I70
sS'mixes'
p1503
I75
sS"menchie's"
p1504
I15
sS'fell'
p1505
I75
sS'wolf'
p1506
I75
sS'stand'
p1507
I73
sS'pockets'
p1508
I75
sS'act'
p1509
I74
sS'luck'
p1510
I74
sS'or'
p1511
I52
sS'road'
p1512
I74
sS'ladies'
p1513
I75
sS'2nite'
p1514
I75
sS'instruments'
p1515
I74
sS'homeland'
p1516
I75
sS'snapchat'
p1517
I71
sS'7/28/14'
p1518
I74
sS'reason....so'
p1519
I75
sS'gary'
p1520
I75
sS'youu'
p1521
I75
sS'troll'
p1522
I75
sS'your'
p1523
I23
sS'buds'
p1524
I75
sS'performing'
p1525
I75
sS'her'
p1526
I50
sS'area'
p1527
I75
sS'there'
p1528
I52
sS'hey'
p1529
I72
sS'lol'
p1530
I55
sS'start'
p1531
I73
sS"how'd"
p1532
I75
sS'......you'
p1533
I75
sS'lot'
p1534
I68
sS'valley'
p1535
I54
sS'930'
p1536
I75
sS'mornings'
p1537
I74
sS'complete'
p1538
I75
sS'mars'
p1539
I75
sS'you"'
p1540
I75
sS'remix)'
p1541
I75
sS'trying'
p1542
I65
sS'with'
p1543
I22
sS'buying'
p1544
I74
sS'handsome'
p1545
I74
sS"they're"
p1546
I71
sS'october'
p1547
I75
sS'rage'
p1548
I73
sS"wasn't"
p1549
I75
sS"david's"
p1550
I75
sS'(12460'
p1551
I75
sS'strawberry'
p1552
I75
sS'taught'
p1553
I75
sS'dirty'
p1554
I75
sS'grasp'
p1555
I75
sS'zoso'
p1556
I75
sS'agree'
p1557
I75
sS'connect'
p1558
I75
sS'gone'
p1559
I75
sS'ohh'
p1560
I75
sS'taste'
p1561
I75
sS'forgot'
p1562
I73
sS'am'
p1563
I59
sS'deep'
p1564
I75
sS'an'
p1565
I50
sS'cbs'
p1566
I75
sS'as'
p1567
I47
sS'tasty'
p1568
I75
sS'at'
p1569
I16
sS'aw'
p1570
I74
sS'watched'
p1571
I74
sS'admiring'
p1572
I75
sS'hospitals'
p1573
I75
sS'she\xe2\x80\x99s'
p1574
I75
sS'film'
p1575
I75
sS'cream'
p1576
I73
sS'yoo'
p1577
I74
sS'again'
p1578
I66
sS'strikers'
p1579
I75
sS"mickey's"
p1580
I75
sS'izzard'
p1581
I75
sS'deserve'
p1582
I74
sS'redheaded'
p1583
I75
sS'homieeee'
p1584
I75
sS'roses'
p1585
I73
sS'cleanup'
p1586
I75
sS'5'
p1587
I57
sS'you'
p1588
I5
sS'puppy'
p1589
I74
sS'poor'
p1590
I75
sS'poop'
p1591
I75
sS'diaries'
p1592
I74
sS'students'
p1593
I75
sS'carpenter'
p1594
I75
sS'important'
p1595
I75
sS'peak'
p1596
I75
sS'suited'
p1597
I75
sS"she's"
p1598
I64
sS"israel's"
p1599
I75
sS'pool'
p1600
I74
sS'11/9'
p1601
I75
sS'wife'
p1602
I73
sS'groom'
p1603
I75
sS'11/1'
p1604
I75
sS'having'
p1605
I67
sS'curvy'
p1606
I75
sS'ombr\xc3\xa9'
p1607
I75
sS'u'
p1608
I54
sS'smirk'
p1609
I75
sS'alright'
p1610
I73
sS'dvr'
p1611
I75
sS'starting'
p1612
I75
sS'original'
p1613
I72
sS'cheetos'
p1614
I75
sS'all'
p1615
I35
sS'forget'
p1616
I74
sS'dollar'
p1617
I75
sS'worms'
p1618
I75
sS'month'
p1619
I74
sS'commute'
p1620
I75
sS'talks'
p1621
I75
sS'follow'
p1622
I70
sS'liam'
p1623
I75
sS'lace'
p1624
I75
sS'children'
p1625
I73
sS'carpet'
p1626
I75
sS'batches'
p1627
I75
sS'hayden'
p1628
I75
sS'tv'
p1629
I72
sS'thursday'
p1630
I74
sS'to'
p1631
I2
sS'dreamcast'
p1632
I75
sS'wooooo'
p1633
I75
sS'smile'
p1634
I74
sS'enjoying'
p1635
I74
sS'00:58:39.0,34.15765177,-118.40168059,1240,coveted,91607\n474595872504684546,rydethorpe,2014-06-05'
p1636
I75
sS'case'
p1637
I74
sS'woman'
p1638
I75
sS'appointment'
p1639
I71
sS'worse'
p1640
I75
sS'song'
p1641
I67
sS'very'
p1642
I65
sS'fav'
p1643
I74
sS'fat'
p1644
I74
sS'sons'
p1645
I73
sS'worst'
p1646
I75
sS'decide'
p1647
I75
sS'fall'
p1648
I74
sS'awful'
p1649
I72
sS'ticket'
p1650
I75
sS'difference'
p1651
I75
sS'parked'
p1652
I75
sS'pillboy'
p1653
I75
sS'washing'
p1654
I75
sS'<33'
p1655
I75
sS'mothers'
p1656
I75
sS'--'
p1657
I55
sS'list'
p1658
I70
sS'vibes'
p1659
I74
sS'adjust'
p1660
I75
sS'form'
p1661
I75
sS'small'
p1662
I74
sS'lisa'
p1663
I74
sS'clinches'
p1664
I75
sS"i'll"
p1665
I67
sS'israel100%'
p1666
I75
sS'instagram'
p1667
I74
sS'tea'
p1668
I74
sS'streets'
p1669
I75
sS'tee'
p1670
I73
sS'past'
p1671
I73
sS'burger'
p1672
I75
sS'juliana7/24/14'
p1673
I75
sS'pass'
p1674
I74
sS'chalk'
p1675
I75
sS'what'
p1676
I42
sS'abc'
p1677
I74
sS'richard'
p1678
I75
sS'pinterest'
p1679
I75
sS'glamsquadla\xe2\x80\xa6'
p1680
I74
sS'magnolia'
p1681
I74
sS'emotions'
p1682
I75
sS'suv'
p1683
I75
sS'jedi'
p1684
I75
sS"y'alls"
p1685
I75
sS'guns'
p1686
I74
sS'sux'
p1687
I75
sS'full'
p1688
I74
sS'hash'
p1689
I75
sS'tags'
p1690
I74
sS'loose'
p1691
I75
sS'llolove'
p1692
I75
sS'forgive'
p1693
I75
sS'hours'
p1694
I71
sS'ranger'
p1695
I75
sS'tracks'
p1696
I75
sS'disastrous'
p1697
I75
sS'oldie'
p1698
I75
sS'hanzo'
p1699
I75
sS'saw\xe2\x80\xa6'
p1700
I75
sS'epitome'
p1701
I75
sS'strong'
p1702
I73
sS'respect'
p1703
I75
sS"ya'"
p1704
I75
sS'creeps'
p1705
I75
sS'ahead'
p1706
I75
sS'inspired'
p1707
I75
sS'stretching'
p1708
I74
sS'experience'
p1709
I74
sS'pics'
p1710
I74
sS'ollie'
p1711
I75
sS'amount'
p1712
I75
sS'social'
p1713
I73
sS'action'
p1714
I75
sS'sticking'
p1715
I75
sS'minutos'
p1716
I75
sS'via'
p1717
I75
sS'family'
p1718
I74
sS'ask'
p1719
I71
sS'vip'
p1720
I74
sS'trained'
p1721
I74
sS'pattys'
p1722
I75
sS'(12516'
p1723
I75
sS'takes'
p1724
I75
sS'wiped'
p1725
I75
sS'texting'
p1726
I75
sS'two'
p1727
I70
sS'pears'
p1728
I75
sS'thing.,91607\n439602377910263808,jill_gaines,2014-03-01'
p1729
I75
sS'sbux'
p1730
I75
sS'pearl'
p1731
I75
sS'ever.\xe2\x80\xa6'
p1732
I75
sS'6'
p1733
I64
sS'taken'
p1734
I74
sS'..and'
p1735
I75
sS'more'
p1736
I49
sS'tryna'
p1737
I74
sS'israel'
p1738
I71
sS'door'
p1739
I75
sS'knows'
p1740
I75
sS'grabbing'
p1741
I75
sS'company'
p1742
I75
sS'mynard'
p1743
I75
sS'known'
p1744
I75
sS'gold'
p1745
I75
sS'tees'
p1746
I74
sS'glad'
p1747
I73
sS'don\xe2\x80\x99t'
p1748
I75
sS'none'
p1749
I75
sS'hour'
p1750
I74
sS'8/13/14......\xe2\x80\xa6'
p1751
I75
sS'facefaceface'
p1752
I74
sS'nina'
p1753
I75
sS'nine'
p1754
I75
sS'learn'
p1755
I74
sS'knocked'
p1756
I75
sS'male'
p1757
I75
sS'def'
p1758
I74
sS'beautiful'
p1759
I57
sS'mehh'
p1760
I75
sS'share'
p1761
I74
sS'donating'
p1762
I75
sS'j-school'
p1763
I75
sS'sense'
p1764
I75
sS'dress'
p1765
I74
sS'species'
p1766
I75
sS'smitty'
p1767
I75
sS'huge'
p1768
I70
sS'needs'
p1769
I72
sS'goal'
p1770
I74
sS'rather'
p1771
I75
sS'comong'
p1772
I75
sS'breaking'
p1773
I75
sS'stayed'
p1774
I75
sS'untied'
p1775
I75
sS"'rockin'"
p1776
I72
sS'03:16:48.0,34.15850562,-118.40222978,1240,storm'
p1777
I75
sS'justice."'
p1778
I75
sS'sandwich'
p1779
I75
sS'okay'
p1780
I69
sS'tried'
p1781
I72
sS'rude'
p1782
I75
sS'cancun'
p1783
I75
sS'7/20/14'
p1784
I75
sS'sneak'
p1785
I75
sS'fa'
p1786
I74
sS'fb'
p1787
I73
sS'coming'
p1788
I65
sS'bahaha'
p1789
I75
sS'"vegan"'
p1790
I75
sS'authentic'
p1791
I75
sS'response'
p1792
I75
sS'a'
p1793
I4
sS'chute'
p1794
I75
sS'funday'
p1795
I74
sS'onto'
p1796
I75
sS'eats'
p1797
I74
sS'callback'
p1798
I75
sS'ego'
p1799
I75
sS'media'
p1800
I75
sS'putting'
p1801
I73
sS'dream'
p1802
I73
sS'playing'
p1803
I71
sS"that's"
p1804
I53
sS'richwe'
p1805
I75
sS'"im'
p1806
I75
sS'mexican'
p1807
I74
sS'help'
p1808
I68
sS"don't"
p1809
I44
sS'september'
p1810
I75
sS'john'
p1811
I75
sS'brotha'
p1812
I75
sS'sooo'
p1813
I73
sS'soon'
p1814
I62
sS'bio!]'
p1815
I75
sS'paper'
p1816
I75
sS'through'
p1817
I70
sS'signs'
p1818
I75
sS'hell'
p1819
I74
sS'smiling'
p1820
I75
sS'to-go'
p1821
I75
sS'its'
p1822
I67
sS'roots'
p1823
I74
sS'thecherchlife'
p1824
I75
sS'talking'
p1825
I70
sS'25'
p1826
I75
sS'21'
p1827
I74
sS'22'
p1828
I75
sS'23'
p1829
I74
sS'pray'
p1830
I75
sS'exact'
p1831
I75
sS'sale'
p1832
I75
sS'scully'
p1833
I75
sS'actually'
p1834
I68
sS'late'
p1835
I74
sS'schnitzel'
p1836
I75
sS'speech'
p1837
I75
sS'argentina'
p1838
I74
sS'margarita'
p1839
I75
sS'might'
p1840
I72
sS"haven't"
p1841
I72
sS'colleague'
p1842
I75
sS'hurting'
p1843
I75
sS'someone'
p1844
I71
sS'somebody'
p1845
I74
sS'yo'
p1846
I71
sS'ya'
p1847
I72
sS'borchers'
p1848
I75
sS'...1m'
p1849
I75
sS'peeing'
p1850
I74
sS'sams'
p1851
I75
sS"you've"
p1852
I75
sS'ninja'
p1853
I75
sS'hotdogs'
p1854
I75
sS'bryan'
p1855
I75
sS'all"'
p1856
I75
sS'shop'
p1857
I75
sS'hook'
p1858
I75
sS'sundays'
p1859
I75
sS'always'
p1860
I65
sS'level'
p1861
I75
sS'seinfeld'
p1862
I75
sS'drake'
p1863
I75
sS'token'
p1864
I75
sS'stopped'
p1865
I75
sS'found'
p1866
I72
sS'yes......goal...u.s.a'
p1867
I75
sS"bad's"
p1868
I75
sS"isn't"
p1869
I73
sS'week'
p1870
I69
sS'everyone'
p1871
I73
sS'another'
p1872
I61
sS'weight'
p1873
I74
sS'generation'
p1874
I75
sS'house'
p1875
I67
sS'fish'
p1876
I75
sS'hard'
p1877
I64
sS'idea'
p1878
I74
sS'him'
p1879
I70
sS'gun'
p1880
I75
sS'choose/make'
p1881
I75
sS'expect'
p1882
I75
sS'7/24/14'
p1883
I74
sS'blues'
p1884
I75
sS'beyond'
p1885
I75
sS'anarchy'
p1886
I75
sS'really'
p1887
I52
sS'tony_jfaces'
p1888
I74
sS'cups'
p1889
I75
sS'alcohol'
p1890
I74
sS'<<<'
p1891
I75
sS'tailgating'
p1892
I75
sS'since'
p1893
I72
sS'meditating'
p1894
I75
sS'6/22/14'
p1895
I75
sS'granola'
p1896
I75
sS'longtime'
p1897
I75
sS'7'
p1898
I75
sS'ass'
p1899
I74
sS'foam'
p1900
I75
sS'passes'
p1901
I75
sS'friday'
p1902
I71
sS'horse'
p1903
I74
sS'nationally'
p1904
I75
sS'reason'
p1905
I74
sS'killin'
p1906
I75
sS'giveaway'
p1907
I75
sS'imagine'
p1908
I74
sS'put'
p1909
I69
sS'teach'
p1910
I72
sS'beginning'
p1911
I75
sS'jew'
p1912
I75
sS'cheers'
p1913
I75
sS'service'
p1914
I75
sS'airport'
p1915
I75
sS'terrible'
p1916
I75
sS'american'
p1917
I73
sS"'wizard'"
p1918
I75
sS'w'
p1919
I71
sS'travel'
p1920
I75
sS'marketplace)'
p1921
I72
sS'feed'
p1922
I75
sS'major'
p1923
I73
sS'dont'
p1924
I74
sS'feel'
p1925
I59
sS'girls'
p1926
I73
sS'doughnuts'
p1927
I75
sS'number'
p1928
I75
sS'valentine'
p1929
I75
sS'done'
p1930
I66
sS'redboxed'
p1931
I75
sS'miss'
p1932
I69
sS'razor'
p1933
I75
sS'guess'
p1934
I74
sS'"'
p1935
I73
sS'heads'
p1936
I75
sS'guest'
p1937
I75
sS'blossom'
p1938
I75
sS'least'
p1939
I73
sS"we'd"
p1940
I75
sS'wonderful'
p1941
I74
sS'storm'
p1942
I75
sS'zeros'
p1943
I75
sS'store'
p1944
I73
sS'muscles'
p1945
I75
sS'option'
p1946
I75
sS'mediterranean'
p1947
I75
sS'park'
p1948
I75
sS"i'ma"
p1949
I75
sS'rockin'
p1950
I75
sS'treasurer'
p1951
I75
sS'part'
p1952
I75
sS'mxing'
p1953
I75
sS'signaling'
p1954
I74
sS'burrito'
p1955
I75
sS'believe'
p1956
I67
sS'obama'
p1957
I72
sS'kind'
p1958
I67
sS'b'
p1959
I74
sS'compliments'
p1960
I75
sS'double'
p1961
I73
sS'bride'
p1962
I75
sS'cuff'
p1963
I75
sS'supposed'
p1964
I75
sS'dang'
p1965
I75
sS'riddance'
p1966
I75
sS'ousted'
p1967
I71
sS'shlomi'
p1968
I75
sS'mickey'
p1969
I75
sS'kiwi'
p1970
I75
sS'kart'
p1971
I75
sS'reunion'
p1972
I75
sS'randomly'
p1973
I75
sS'aged'
p1974
I75
sS'philly'
p1975
I75
sS'paths'
p1976
I75
sS'built'
p1977
I75
sS"jon's"
p1978
I73
sS'dancing'
p1979
I75
sS'lil'
p1980
I72
sS'twitters'
p1981
I75
sS'self'
p1982
I75
sS'theses'
p1983
I75
sS'also'
p1984
I67
sS'sandwiches'
p1985
I75
sS'yeahh'
p1986
I75
sS'sharpe'
p1987
I75
sS'play'
p1988
I70
sS'added'
p1989
I75
sS'electric'
p1990
I73
sS'exec'
p1991
I75
sS'customize'
p1992
I74
sS'reach'
p1993
I75
sS'chart'
p1994
I75
sS'most'
p1995
I70
sS'3x'
p1996
I75
sS'b52s'
p1997
I75
sS'nothing'
p1998
I72
sS'accepting'
p1999
I75
sS'21-24'
p2000
I75
sS'night2'
p2001
I75
sS'bumping'
p2002
I75
sS'yeww'
p2003
I75
sS'bug'
p2004
I75
sS'aziz'
p2005
I75
sS'clear'
p2006
I74
sS'sometimes'
p2007
I73
sS'cover'
p2008
I75
sS"they'll"
p2009
I75
sS',91607\n439682729504825344,jill_gaines,2014-03-01'
p2010
I75
sS'prettier'
p2011
I75
sS'shoutout'
p2012
I75
sS'ugh'
p2013
I73
sS'didn\xe2\x80\x99t'
p2014
I74
sS'sangin'
p2015
I75
sS'juliana'
p2016
I66
sS'cdj'
p2017
I75
sS'quiet...\xe2\x80\xa6'
p2018
I75
sS'session'
p2019
I73
sS'hyped'
p2020
I75
sS'stores'
p2021
I75
sS'screenshots'
p2022
I75
sS'find'
p2023
I71
sS'impact'
p2024
I75
sS'........this'
p2025
I75
sS'standing-up'
p2026
I75
sS'refers'
p2027
I75
sS'justice'
p2028
I75
sS"zaki's"
p2029
I75
sS'writes'
p2030
I75
sS'mistakes.......i'
p2031
I75
sS'pretty'
p2032
I69
sS"'escape'"
p2033
I75
sS'8'
p2034
I73
sS'luis'
p2035
I75
sS'$1'
p2036
I75
sS'(studio'
p2037
I75
sS"mom's"
p2038
I75
sS'his'
p2039
I62
sS'hit'
p2040
I73
sS'freaks'
p2041
I75
sS'beyonc\xc3\xa9'
p2042
I74
sS'luke'
p2043
I75
sS'sunny'
p2044
I75
sS'trees'
p2045
I75
sS'feels'
p2046
I74
sS'grew'
p2047
I75
sS'longest'
p2048
I75
sS'emails'
p2049
I74
sS'shaked-upi'
p2050
I75
sS'progressive'
p2051
I74
sS'bebb'
p2052
I75
sS'(via'
p2053
I75
sS'filled'
p2054
I75
sS'hike'
p2055
I75
sS'x'
p2056
I74
sS'cringe'
p2057
I75
sS'wrote'
p2058
I74
sS'insane'
p2059
I72
sS'cutie'
p2060
I75
sS'bars'
p2061
I72
sS'set'
p2062
I63
sS'art'
p2063
I74
sS'devils'
p2064
I75
sS'throwing'
p2065
I74
sS'intelligence'
p2066
I75
sS'around'
p2067
I69
sS'vamp'
p2068
I74
sS'see'
p2069
I49
sS'individual'
p2070
I75
sS'dumb'
p2071
I75
sS'are'
p2072
I26
sS'close'
p2073
I67
sS'retweet'
p2074
I75
sS'opera"'
p2075
I75
sS'library'
p2076
I75
sS'visiting'
p2077
I74
sS'kneez'
p2078
I75
sS'movie'
p2079
I70
sS'wow'
p2080
I71
sS'please'
p2081
I70
sS"kid's"
p2082
I75
sS'fans'
p2083
I74
sS'won'
p2084
I75
sS'probably'
p2085
I72
sS'rite'
p2086
I75
sS'compliment'
p2087
I75
sS'available'
p2088
I74
sS'sexualize'
p2089
I75
sS'responses'
p2090
I75
sS'excessive'
p2091
I75
sS'missing'
p2092
I75
sS'coffee'
p2093
I75
sS'interface'
p2094
I75
sS'pissed'
p2095
I73
sS'both'
p2096
I71
sS'c'
p2097
I75
sS'twitt*er'
p2098
I75
sS'last'
p2099
I52
sS'license'
p2100
I75
sS"wouldn't"
p2101
I74
sS'event'
p2102
I75
sS'205lbs'
p2103
I75
sS'realzzz'
p2104
I75
sS"we've"
p2105
I74
sS'whole'
p2106
I74
sS'jefe'
p2107
I75
sS'drunk'
p2108
I75
sS'simple'
p2109
I75
sS'sweet'
p2110
I69
sS'others'
p2111
I75
sS'darlene'
p2112
I75
sS'dudes'
p2113
I65
sS'rofl'
p2114
I75
sS'"you\'re'
p2115
I75
sS'cried'
p2116
I75
sS'dancer'
p2117
I75
sS'likes'
p2118
I71
sS'village'
p2119
I58
sS'vessel'
p2120
I75
sS'mission'
p2121
I75
sS'expensive'
p2122
I75
sS'rockin.\xe2\x9c\x8a\xe2\x9c\x8a'
p2123
I75
sS'devil'
p2124
I75
sS'weaving'
p2125
I75
sS'publishing'
p2126
I75
sS'tgif'
p2127
I75
sS'trilogy'
p2128
I75
sS'due'
p2129
I75
sS'hitting'
p2130
I75
sS'secret'
p2131
I75
sS'dropping'
p2132
I75
sS'damn'
p2133
I72
sS'pj'
p2134
I75
sS'\xe2\x98\x80'
p2135
I75
sS'meeting'
p2136
I69
sS'chandler'
p2137
I75
sS'woke'
p2138
I74
sS'blob'
p2139
I75
sS'all..me'
p2140
I75
sS'sweetheart'
p2141
I75
sS'lived'
p2142
I75
sS'flight'
p2143
I74
sS'gay'
p2144
I73
sS'sending'
p2145
I74
sS'fire'
p2146
I73
sS"what's"
p2147
I69
sS'wet'
p2148
I75
sS'imac'
p2149
I75
sS'else'
p2150
I75
sS'lives'
p2151
I74
sS'despite'
p2152
I75
sS'pesto'
p2153
I75
sS'look'
p2154
I59
sS'enchanted'
p2155
I68
sS'frozen'
p2156
I15
sS'straight'
p2157
I74
sS'batch'
p2158
I75
sS'admire'
p2159
I75
sS'liking.,91607\n471001557027135489,chewiemon,2014-05-26'
p2160
I75
sS'while'
p2161
I72
sS'"dr'
p2162
I75
sS'fun'
p2163
I60
sS'2night'
p2164
I75
sS'sriracha'
p2165
I75
sS'guestlist'
p2166
I75
sS'<3'
p2167
I70
sS'cents'
p2168
I75
sS'demon'
p2169
I75
sS'rip'
p2170
I75
sS'rin'
p2171
I75
sS'itself'
p2172
I75
sS'ready'
p2173
I59
sS'rid'
p2174
I75
sS'7/15/14'
p2175
I75
sS'funny'
p2176
I71
sS'raiders'
p2177
I75
sS'italy'
p2178
I74
sS'anymore'
p2179
I75
sS'bootylicious'
p2180
I75
sS'some1'
p2181
I75
sS'rules'
p2182
I75
sS'9'
p2183
I72
sS'higher'
p2184
I75
sS'used'
p2185
I74
sS'mountain'
p2186
I75
sS'keys'
p2187
I75
sS'yesterday'
p2188
I71
sS'flows'
p2189
I75
sS'holidays'
p2190
I75
sS'popcorn'
p2191
I75
sS'moment'
p2192
I75
sS'moving'
p2193
I73
sS'cleaning'
p2194
I74
sS"'wildfire'"
p2195
I75
sS'older'
p2196
I75
sS"dad's"
p2197
I74
sS'spent'
p2198
I73
sS'picks'
p2199
I75
sS'person'
p2200
I71
sS'boat'
p2201
I75
sS'wedges'
p2202
I74
sS'duude'
p2203
I73
sS'know'
p2204
I49
sS'i\xe2\x80\x99m'
p2205
I72
sS'chord'
p2206
I74
sS'\xe2\x9d\xa4'
p2207
I75
sS'war7/9/14'
p2208
I75
sS'"julia"'
p2209
I75
sS'mob'
p2210
I75
sS'buzzing'
p2211
I75
sS'praying'
p2212
I75
sS'letting'
p2213
I75
sS'cut'
p2214
I71
sS'tablet'
p2215
I75
sS'cup'
p2216
I75
sS'blankets'
p2217
I75
sS'workers'
p2218
I73
sS'cuz'
p2219
I75
sS'(valley'
p2220
I68
sS'parents'
p2221
I75
sS'location'
p2222
I75
sS'crying'
p2223
I74
sS'homies'
p2224
I72
sS'easter'
p2225
I72
sS'excited'
p2226
I65
sS'surprised'
p2227
I75
sS'bags214'
p2228
I75
sS'march'
p2229
I74
sS'big'
p2230
I61
sS'couple'
p2231
I74
sS'doses'
p2232
I75
sS'enchanted\xe2\x80\xa6'
p2233
I75
sS'matters'
p2234
I75
sS'game'
p2235
I68
sS'dearly'
p2236
I75
sS'moody'
p2237
I75
sS'success'
p2238
I74
sS'flappy'
p2239
I75
sS'hahha'
p2240
I75
sS'message'
p2241
I74
sS'manny'
p2242
I75
sS'chorus'
p2243
I75
sS'chavo)'
p2244
I74
sS'eek'
p2245
I75
sS'weiner'
p2246
I75
sS'...to'
p2247
I75
sS'<333'
p2248
I74
sS'fucking'
p2249
I70
sS'spring'
p2250
I74
sS'sorbet'
p2251
I75
sS'some'
p2252
I49
sS'back'
p2253
I40
sS'b4'
p2254
I75
sS'lips'
p2255
I75
sS'pack'
p2256
I75
sS'mmmmm'
p2257
I75
sS'mirror'
p2258
I75
sS'ourselves'
p2259
I75
sS'coaches&players'
p2260
I75
sS"apartment's"
p2261
I75
sS'\xe2\x96\xba'
p2262
I75
sS'absolutely'
p2263
I72
sS'pep'
p2264
I75
sS"dreams?i'm"
p2265
I75
sS'religion'
p2266
I75
sS'prom'
p2267
I73
sS'yoooo'
p2268
I75
sS'epic'
p2269
I72
sS'either'
p2270
I74
sS'be'
p2271
I24
sS"neck.i'm"
p2272
I75
sS'run'
p2273
I75
sS'bb'
p2274
I75
sS'bc'
p2275
I73
sS'bartender'
p2276
I75
sS'fun\xe2\x80\xa6'
p2277
I75
sS'continuing'
p2278
I75
sS'agreement'
p2279
I75
sS'bj'
p2280
I75
sS'step'
p2281
I73
sS'away.what'
p2282
I75
sS'santa'
p2283
I73
sS'up!:d'
p2284
I75
sS'....this'
p2285
I75
sS'by'
p2286
I48
sS'anything'
p2287
I73
sS'netflix'
p2288
I75
sS'delish'
p2289
I75
sS'page'
p2290
I75
sS'drama'
p2291
I75
sS'unintentional'
p2292
I75
sS'hi-lites'
p2293
I75
sS'wanna'
p2294
I68
sS'clubhouse'
p2295
I74
sS'grammy'
p2296
I74
sS'dude'
p2297
I69
sS'mommy'
p2298
I72
sS'onnn'
p2299
I75
sS'services'
p2300
I75
sS'momma'
p2301
I75
sS'because'
p2302
I69
sS'oaks'
p2303
I75
sS'remembrance'
p2304
I75
sS'lesson'
p2305
I75
sS'france'
p2306
I75
sS'smells'
p2307
I75
sS'jews'
p2308
I75
sS'story'
p2309
I74
sS'grub'
p2310
I75
sS'goin'
p2311
I75
sS'spending'
p2312
I75
sS'-mike'
p2313
I75
sS'...i'
p2314
I75
sS'question'
p2315
I74
sS'ca)'
p2316
I62
sS'fast'
p2317
I74
sS'custom'
p2318
I73
sS"'r'"
p2319
I75
sS'doubt'
p2320
I75
sS'addicting'
p2321
I75
sS"we're"
p2322
I66
sS"i'mma"
p2323
I74
sS'forward'
p2324
I75
sS'trappavelli.this'
p2325
I75
sS'bored'
p2326
I75
sS'yeahhhh'
p2327
I75
sS'scared'
p2328
I75
sS'purple_recluse'
p2329
I72
sS'opponent'
p2330
I75
sS'pimpin'
p2331
I75
sS'inches'
p2332
I75
sS'jewish'
p2333
I75
sS'boys'
p2334
I70
sS'late-night'
p2335
I75
sS'link'
p2336
I75
sS'competition'
p2337
I73
sS'fishy'
p2338
I75
sS'line'
p2339
I73
sS'\xe2\x80\x98holler'
p2340
I75
sS'right\xe2\x80\xa6'
p2341
I75
sS'posted'
p2342
I72
sS'directed'
p2343
I75
sS'.i'
p2344
I74
sS'originals'
p2345
I75
sS'fries'
p2346
I74
sS'up'
p2347
I33
sS'us'
p2348
I47
sS'ur'
p2349
I75
sS'planet'
p2350
I73
sS'maturity'
p2351
I75
sS'uh'
p2352
I75
sS'mature'
p2353
I75
sS'groove'
p2354
I75
sS'called'
p2355
I71
sS'constant'
p2356
I75
sS'showtime'
p2357
I75
sS'alumni'
p2358
I75
sS'listening'
p2359
I75
sS'u.s.a'
p2360
I75
sS'package'
p2361
I75
sS'single'
p2362
I75
sS'cure'
p2363
I75
sS'16:57:28.0,34.16194177,-118.39746673,1240,my'
p2364
I75
sS'cotton'
p2365
I75
sS'tara'
p2366
I75
sS'peace'
p2367
I72
sS'backs'
p2368
I75
sS"scully's"
p2369
I75
sS'nick'
p2370
I75
sS'reputation'
p2371
I75
sS'statement'
p2372
I75
sS'department'
p2373
I75
sS'.studio'
p2374
I75
sS'nice'
p2375
I60
sS'smiley'
p2376
I75
sS'kora'
p2377
I75
sS'develops'
p2378
I75
sS'clue'
p2379
I75
sS'daly'
p2380
I75
sS'sides'
p2381
I75
sS'structure'
p2382
I75
sS'ago'
p2383
I75
sS'remix'
p2384
I45
sS'land'
p2385
I75
sS'e'
p2386
I74
sS'reiner'
p2387
I75
sS'age'
p2388
I73
sS'walked'
p2389
I75
sS'crease'
p2390
I75
sS'menchies'
p2391
I62
sS'2001'
p2392
I75
sS'2006'
p2393
I75
sS'karma'
p2394
I75
sS'demonstrates'
p2395
I75
sS'far'
p2396
I75
sS'fresh'
p2397
I73
sS'leaked'
p2398
I75
sS'berries'
p2399
I74
sS'hello'
p2400
I69
sS'kip'
p2401
I75
sS'once'
p2402
I74
sS'mardi'
p2403
I74
sS'melts'
p2404
I75
sS"valley's"
p2405
I75
sS'edm'
p2406
I74
sS'alien'
p2407
I75
sS'gf'
p2408
I75
sS'brainwashed'
p2409
I75
sS'stops'
p2410
I75
sS'freakin'
p2411
I75
sS'go'
p2412
I38
sS'grays'
p2413
I75
sS'flashback'
p2414
I75
sS'16000'
p2415
I75
sS'chillin'
p2416
I74
sS'officiant'
p2417
I75
sS'seemed'
p2418
I75
sS'penis'
p2419
I75
sS'stunned'
p2420
I75
sS'tenants'
p2421
I75
sS'rhrsl'
p2422
I75
sS'young'
p2423
I73
sS'send'
p2424
I67
sS'languages'
p2425
I75
sS'shack'
p2426
I75
sS'does'
p2427
I72
sS'helps'
p2428
I75
sS'dislike'
p2429
I75
sS'sent'
p2430
I73
sS'<~~this'
p2431
I75
sS'wished'
p2432
I75
sS'mainstream'
p2433
I73
sS"kip's"
p2434
I75
sS'kitty'
p2435
I74
sS'avalon'
p2436
I75
sS'wishes'
p2437
I74
sS'facebook'
p2438
I67
sS'noose'
p2439
I75
sS'mixing'
p2440
I35
sS'drinking'
p2441
I72
sS'6/29/14'
p2442
I73
sS'magic'
p2443
I75
sS'year...come'
p2444
I75
sS'notes'
p2445
I75
sS'michael'
p2446
I74
sS'ryan'
p2447
I75
sS'try'
p2448
I69
sS"eve's"
p2449
I73
sS'married'
p2450
I75
sS'challenge'
p2451
I75
sS'goldeneye'
p2452
I75
sS'sultana'
p2453
I75
sS'wrestling'
p2454
I75
sS'rivers'
p2455
I75
sS'jump'
p2456
I75
sS'video'
p2457
I67
sS'booth'
p2458
I75
sS'jared'
p2459
I75
sS'download'
p2460
I73
sS"'proxy'"
p2461
I74
sS'spaghetti'
p2462
I74
sS'click'
p2463
I74
sS'sausage'
p2464
I75
sS'cupcakes'
p2465
I74
sS'plays'
p2466
I73
sS'barcadi'
p2467
I75
sS'giving'
p2468
I75
sS'vampire'
p2469
I74
sS'week\xe2\x80\x99s'
p2470
I75
sS"donovan'"
p2471
I75
sS'waiting'
p2472
I74
sS'rt!\xe2\x80\x9d'
p2473
I75
sS'collins'
p2474
I74
sS'carswood'
p2475
I75
sS'1400'
p2476
I74
sS'bird'
p2477
I72
sS'exercise'
p2478
I75
sS'body'
p2479
I72
sS'lea'
p2480
I74
sS'o.m.g'
p2481
I75
sS'praise'
p2482
I75
sS'capes'
p2483
I75
sS'pushing'
p2484
I75
sS'punch'
p2485
I75
sS'web-series'
p2486
I75
sS'leo'
p2487
I75
sS'packing'
p2488
I73
sS'let'
p2489
I63
sS'lew'
p2490
I75
sS'solute'
p2491
I75
sS'sexy'
p2492
I73
sS'great'
p2493
I59
sS'talent'
p2494
I74
sS'survivor'
p2495
I75
sS'mash'
p2496
I75
sS'33'
p2497
I75
sS'darn'
p2498
I75
sS'30'
p2499
I74
sS'leaving'
p2500
I74
sS'nervous'
p2501
I75
sS'normal.self'
p2502
I75
sS'opinion'
p2503
I75
sS'gene'
p2504
I75
sS'makes'
p2505
I70
sS'honor'
p2506
I74
sS'tunnel'
p2507
I75
sS'named'
p2508
I73
sS'vips'
p2509
I74
sS'mannn'
p2510
I75
sS'crashing'
p2511
I75
sS'win'
p2512
I75
sS'teacup'
p2513
I75
sS'garlic'
p2514
I75
sS'oct"'
p2515
I74
sS'managa'
p2516
I75
sS'richest'
p2517
I75
sS'wit'
p2518
I74
sS'duck'
p2519
I75
sS'singing'
p2520
I74
sS'wiz'
p2521
I75
sS'cloud'
p2522
I75
sS'lime'
p2523
I74
sS'cha'
p2524
I75
sS'use'
p2525
I72
sS'fee'
p2526
I75
sS'from'
p2527
I40
sS'thirsty'
p2528
I75
sS'usa'
p2529
I71
sS'&'
p2530
I41
sS'manifested'
p2531
I75
sS'flat'
p2532
I75
sS'next'
p2533
I65
sS'few'
p2534
I73
sS'camera'
p2535
I74
sS'coldplay'
p2536
I75
sS'debbie'
p2537
I75
sS'chip'
p2538
I75
sS'slim'
p2539
I75
sS'started'
p2540
I74
sS'becomes'
p2541
I75
sS'benchmark'
p2542
I75
sS'about'
p2543
I51
sS'bright'
p2544
I74
sS'confused'
p2545
I75
sS'sore'
p2546
I75
sS'train'
p2547
I68
sS'ashamed'
p2548
I75
sS'baby'
p2549
I69
sS'gladly'
p2550
I75
sS'harvest'
p2551
I67
sS'charity'
p2552
I73
sS'account'
p2553
I75
sS'balls'
p2554
I75
sS'5000'
p2555
I75
sS'locks'
p2556
I75
sS'this'
p2557
I14
sS'ride'
p2558
I75
sS'clients'
p2559
I54
sS'creepy'
p2560
I75
sS'anywhere'
p2561
I74
sS'siick'
p2562
I75
sS'meet'
p2563
I73
sS'closing'
p2564
I67
sS'control'
p2565
I75
sS'wedge'
p2566
I75
sS'links'
p2567
I75
sS'monica'
p2568
I75
sS'process'
p2569
I75
sS'pad'
p2570
I75
sS'pieces'
p2571
I75
sS'high'
p2572
I68
sS'roseanne'
p2573
I75
sS'yogurt)'
p2574
I55
sS'something'
p2575
I67
sS'blvd'
p2576
I73
sS'clients...busy'
p2577
I75
sS'reynolds'
p2578
I75
sS'rape'
p2579
I75
sS'sis'
p2580
I75
sS'summers'
p2581
I75
sS'whatuppp'
p2582
I75
sS'sit'
p2583
I74
sS'muggle'
p2584
I74
sS'yayyyyy'
p2585
I75
sS'instead'
p2586
I75
sS'comedy'
p2587
I75
sS'sin'
p2588
I75
sS'fith'
p2589
I75
sS'rihanna'
p2590
I75
sS'stop'
p2591
I66
sS'highs'
p2592
I75
sS'collection'
p2593
I74
sS'qtee'
p2594
I75
sS'cristy'
p2595
I75
sS'taco'
p2596
I75
sS'hahahaha'
p2597
I73
sS'8/1/14'
p2598
I74
sS'coast'
p2599
I75
sS'realized'
p2600
I74
sS'drop'
p2601
I75
sS'=911'
p2602
I75
sS'light'
p2603
I74
sS'lame'
p2604
I75
sS'element'
p2605
I75
sS'pluming'
p2606
I75
sS'martin'
p2607
I75
sS'hunnie'
p2608
I75
sS'\xe2\x98\x81\xe2\x98\x94\xe2\x9a\xa1,91607\n439572031760130048,jill_gaines,2014-03-01'
p2609
I75
sS'thigh'
p2610
I75
sS'producer'
p2611
I75
sS'move'
p2612
I73
sS"won't"
p2613
I74
sS'looks'
p2614
I73
sS'cruise'
p2615
I75
sS'mentioned'
p2616
I75
sS'bunch'
p2617
I74
sS'perfect'
p2618
I74
sS'1'
p2619
I74
sS'hardwell'
p2620
I75
sS'la'
p2621
I60
sS'undressed'
p2622
I75
sS'krpandc)'
p2623
I75
sS'lk'
p2624
I75
sS'[pic]'
p2625
I64
sS'world"'
p2626
I75
sS'choose'
p2627
I75
sS'jody'
p2628
I75
sS'2014'
p2629
I62
sS'holiday'
p2630
I75
sS'2013'
p2631
I74
sS'2012'
p2632
I75
sS'dad'
p2633
I73
sS'yadi'
p2634
I75
sS'washington'
p2635
I75
sS'practice'
p2636
I73
sS'flew'
p2637
I74
sS'cutting'
p2638
I75
sS'kiss'
p2639
I72
sS'front'
p2640
I73
sS'day'
p2641
I39
sS'toes'
p2642
I75
sS"night's"
p2643
I75
sS'edit'
p2644
I75
sS'queenie'
p2645
I75
sS'ohhhhhh'
p2646
I75
sS'weather'
p2647
I75
sS'[the'
p2648
I75
sS'truth'
p2649
I75
sS'follow*er'
p2650
I75
sS'experienced'
p2651
I75
sS'studios'
p2652
I75
sS'doing'
p2653
I64
sS'parties'
p2654
I75
sS'related'
p2655
I75
sS'society'
p2656
I75
sS'books'
p2657
I75
sS'our'
p2658
I32
sS'reenter'
p2659
I75
sS'goalkeeper'
p2660
I75
sS'special'
p2661
I72
sS'out'
p2662
I29
sS'kevorkian'
p2663
I75
sS'rex'
p2664
I75
sS"mommy's"
p2665
I74
sS'225lbs'
p2666
I75
sS'mate'
p2667
I74
sS'frowns'
p2668
I75
sS'hilarious'
p2669
I74
sS'cause'
p2670
I72
sS'red'
p2671
I75
sS'moscowitz'
p2672
I75
sS'uppp'
p2673
I75
sS'jessica'
p2674
I75
sS'workflow'
p2675
I75
sS'steel'
p2676
I75
sS'release'
p2677
I75
sS'craving'
p2678
I75
sS'backwards'
p2679
I75
sS'organic'
p2680
I75
sS'g'
p2681
I75
sS'concerns'
p2682
I75
sS'could'
p2683
I70
sS'membership'
p2684
I75
sS'keep'
p2685
I69
sS'conversation'
p2686
I74
sS'4th'
p2687
I75
sS'ms.\xe2\x80\xa6'
p2688
I72
sS'davis'
p2689
I75
sS'austin'
p2690
I74
sS'south'
p2691
I74
sS'pga'
p2692
I75
sS'"gotta'
p2693
I75
sS'scene'
p2694
I75
sS'whooo'
p2695
I75
sS'fits'
p2696
I75
sS'phil'
p2697
I75
sS'cotton"'
p2698
I75
sS'broskis'
p2699
I75
sS'blows'
p2700
I75
sS'kidding'
p2701
I75
sS'can...right'
p2702
I75
sS'disaster'
p2703
I75
sS"doesn't"
p2704
I71
sS'los'
p2705
I75
sS'durable'
p2706
I75
sS'accent'
p2707
I75
sS'grow'
p2708
I75
sS'their'
p2709
I60
sS'attack'
p2710
I74
sS'baby"'
p2711
I75
sS'wrapped'
p2712
I75
sS'misunderstood'
p2713
I75
sS'stomach'
p2714
I75
sS'sealed'
p2715
I75
sS'academy'
p2716
I75
sS'nobody'
p2717
I75
sS'megan'
p2718
I74
sS'cmcqueen'
p2719
I75
sS'deeply'
p2720
I75
sS'gotchu'
p2721
I74
sS'remember'
p2722
I75
sS'ipad'
p2723
I74
sS'loved'
p2724
I75
sS'holland'
p2725
I75
sS'boring'
p2726
I75
sS'does\xe2\x80\xa6'
p2727
I75
sS'screeching'
p2728
I75
sS'cravings'
p2729
I75
sS'loves'
p2730
I70
sS'biographical'
p2731
I75
sS'bet'
p2732
I75
sS'are\xe2\x80\xa6'
p2733
I75
sS'hairstyle'
p2734
I74
sS'clip'
p2735
I75
sS'tupelo'
p2736
I75
sS'spelled'
p2737
I75
sS'rear-ended'
p2738
I75
sS'tonight'
p2739
I38
sS'spicy'
p2740
I75
sS'have'
p2741
I25
sS'goodie'
p2742
I73
sS'need'
p2743
I46
sS'shani'
p2744
I75
sS'vaca'
p2745
I74
sS'apparently'
p2746
I75
sS'.anybody'
p2747
I75
sS'unbearable'
p2748
I75
sS'afraid'
p2749
I74
sS'angle'
p2750
I75
sS'congrats'
p2751
I63
sS'skittles'
p2752
I73
sS'biig'
p2753
I75
sS'mix'
p2754
I75
sS'[photo'
p2755
I75
sS'incorporating'
p2756
I75
sS'babes'
p2757
I74
sS'seductive'
p2758
I75
sS'='
p2759
I75
sS'brand'
p2760
I75
sS';-)'
p2761
I73
sS'realizes'
p2762
I75
sS'3lau'
p2763
I75
sS'manor'
p2764
I68
sS'aww'
p2765
I74
sS'who'
p2766
I58
sS'camper'
p2767
I75
sS'w/aguy'
p2768
I75
sS"where's"
p2769
I75
sS'courtesy'
p2770
I75
sS'eight'
p2771
I75
sS'lunch-'
p2772
I75
sS'sally'
p2773
I75
sS'why'
p2774
I51
sS'fack'
p2775
I75
sS"lil'"
p2776
I75
sS'holand'
p2777
I75
sS'request'
p2778
I75
sS'thanksgiving'
p2779
I75
sS'brought'
p2780
I75
sS'face'
p2781
I67
sS'looked'
p2782
I74
sS"you'll"
p2783
I75
sS'dawgs'
p2784
I75
sS'pictures'
p2785
I75
sS';-o'
p2786
I75
sS'bordeaux'
p2787
I75
sS'typical'
p2788
I75
sS'painting'
p2789
I74
sS'fact'
p2790
I73
sS'son'
p2791
I75
sS'sssssh'
p2792
I75
sS'guen'
p2793
I74
sS'chances'
p2794
I75
sS'text'
p2795
I74
sS'tidings'
p2796
I75
sS'bring'
p2797
I71
sS'planning'
p2798
I73
sS"90's"
p2799
I75
sS'bedroom'
p2800
I75
sS'filmed'
p2801
I74
sS'brighten'
p2802
I71
sS'controls'
p2803
I75
sS'should'
p2804
I69
sS'anythings'
p2805
I75
sS'jam'
p2806
I74
sS'khloe'
p2807
I75
sS'mua'
p2808
I75
sS'spice'
p2809
I75
sS'local'
p2810
I74
sS"'ray"
p2811
I75
sS'hope'
p2812
I67
sS'handle'
p2813
I74
sS'watching'
p2814
I69
sS'beat'
p2815
I73
sS'familiar'
p2816
I75
sS'dope'
p2817
I75
sS'lucky'
p2818
I74
sS'bear'
p2819
I72
sS'tbh'
p2820
I74
sS'ones'
p2821
I73
sS'legitimate'
p2822
I75
sS'words'
p2823
I72
sS'=)'
p2824
I66
sS'=('
p2825
I74
sS'surf)'
p2826
I75
sS'$10/month'
p2827
I75
sS'pok\xc3\xa9mon'
p2828
I75
sS'ended'
p2829
I75
sS'shopping'
p2830
I75
sS'h'
p2831
I75
sS'gras'
p2832
I74
sS'shoshana'
p2833
I74
sS'up.chris'
p2834
I75
sS'comics'
p2835
I75
sS'stuff'
p2836
I67
sS'tweeps'
p2837
I75
sS'she'
p2838
I57
sS'dangerous'
p2839
I75
sS'tunes'
p2840
I74
sS'including'
p2841
I75
sS'hollywood)'
p2842
I74
sS'asian'
p2843
I75
sS'view'
p2844
I74
sS'knowing'
p2845
I75
sS'btw'
p2846
I73
sS'j'
p2847
I75
sS'pants'
p2848
I75
sS'single...\xe2\x80\x9d'
p2849
I75
sS'"karli'
p2850
I75
sS'we'
p2851
I19
sS'flattering'
p2852
I75
sS'computer'
p2853
I73
sS'packed'
p2854
I74
sS"starin'"
p2855
I75
sS'closer'
p2856
I74
sS'le-gend'
p2857
I75
sS'tenn'
p2858
I75
sS'luv'
p2859
I74
sS'nightmare'
p2860
I75
sS'thumb'
p2861
I75
sS'tend'
p2862
I74
sS'genius'
p2863
I75
sS'state'
p2864
I74
sS'miguel'
p2865
I75
sS'bruno'
p2866
I75
sS'closed'
p2867
I75
sS'horrible'
p2868
I75
sS'email'
p2869
I74
sS'\xe3\x81\x88\xe3\x81\x87\xe3\x81\xa3!24\xe3\x81\xaes02\xe3\x81\xa7\xe3\x83\xa1\xe3\x83\xbc\xe3\x82\xac\xe3\x83\xb3\xe3\x82\x84\xe3\x81\xa3\xe3\x81\x9f\xe5\xad\x90\xe3\x80\x82\xe3\x80\x82'
p2870
I75
sS'bought'
p2871
I74
sS'stars/crew'
p2872
I75
sS'explosive'
p2873
I75
sS'ability'
p2874
I75
sS'opening'
p2875
I75
sS'joy'
p2876
I75
sS'pumped'
p2877
I75
sS'kicking'
p2878
I75
sS'job'
p2879
I70
sS'joe'
p2880
I67
sS'merry'
p2881
I75
sS'disconnect'
p2882
I75
sS'headliners'
p2883
I75
sS'legit'
p2884
I74
sS'david'
p2885
I68
sS'bee'
p2886
I75
sS'joke'
p2887
I74
sS'taking'
p2888
I72
sS"he's"
p2889
I70
sS'drug'
p2890
I75
sS'april'
p2891
I75
sS"store's"
p2892
I75
sS'section'
p2893
I75
sS'passing'
p2894
I75
sS'jersey'
p2895
I74
sS'orthodontist'
p2896
I75
sS'cj'
p2897
I75
sS'co'
p2898
I75
sS'wall'
p2899
I74
sS'ca'
p2900
I73
sS'myagi'
p2901
I75
sS'packaging'
p2902
I75
sS'monstrosity'
p2903
I75
sS'table'
p2904
I74
sS'winning'
p2905
I75
sS'quit'
p2906
I75
sS'yay'
p2907
I72
sS"it's"
p2908
I38
sS'charts'
p2909
I75
sS'responds'
p2910
I75
sS'exhausted'
p2911
I75
sS'drank'
p2912
I75
sS'gaza'
p2913
I71
sS'bbq'
p2914
I73
sS'lane'
p2915
I75
sS'mike'
p2916
I72
sS'moved'
p2917
I75
sS'vibing'
p2918
I75
sS'"girl'
p2919
I75
sS'01:25:13.0,34.15868127,-118.40240722,1240,this'
p2920
I75
sS'pie'
p2921
I75
sS'hmm'
p2922
I75
sS'finished'
p2923
I74
sS'smoking'
p2924
I75
sS'brunch'
p2925
I75
sS'fellow'
p2926
I75
sS'homer'
p2927
I75
sS'homes'
p2928
I75
sS"israeli's"
p2929
I75
sS'plaid'
p2930
I75
sS'dedee'
p2931
I75
sS'runway'
p2932
I74
sS'brat'
p2933
I75
sS'will'
p2934
I50
sS'hahaha'
p2935
I73
sS'caaaaaame'
p2936
I75
sS'\xe9\xa9\xac\xe5\xb9\xb4\xe5\x88\xb0\xe4\xba\x86\xef\xbc\x81\xe7\xa5\x9d\xe5\xa4\xa7\xe5\xae\xb6\xe6\x96\xb0\xe5\xb9\xb4\xe5\xbf\xab\xe4\xb9\x90'
p2937
I75
sS'mazal'
p2938
I75
sS'ringing'
p2939
I75
sS'almost'
p2940
I75
sS'demo'
p2941
I75
sS'bear...8/11/14'
p2942
I75
sS'miesha'
p2943
I75
sS'vs'
p2944
I74
sS'avi'
p2945
I75
sS'criselle'
p2946
I75
sS'uggs'
p2947
I75
sS'jenner'
p2948
I75
sS'tattoo'
p2949
I75
sS'terrorist'
p2950
I74
sS'wiltern'
p2951
I75
sS'underground'
p2952
I75
sS'party'
p2953
I68
sS'gets'
p2954
I73
sS'material'
p2955
I75
sS'columbia'
p2956
I75
sS'emotionally'
p2957
I74
sS'promo'
p2958
I72
sS'drink'
p2959
I72
sS'upon'
p2960
I75
sS'collab'
p2961
I73
sS'beast'
p2962
I75
sS'proms'
p2963
I73
sS',91607\n450126448183889920,jill_gaines,2014-03-30'
p2964
I75
sS'confusing'
p2965
I75
sS'scoring'
p2966
I75
sS'chasing'
p2967
I75
sS'spree'
p2968
I75
sS'omnirax'
p2969
I75
sS'l.a'
p2970
I74
sS'endearing'
p2971
I75
sS'off'
p2972
I67
sS'center'
p2973
I75
sS'i'
p2974
I2
sS'shotgun'
p2975
I75
sS'well'
p2976
I62
sS'thought'
p2977
I64
sS'8/29/14\xe2\x80\xa6'
p2978
I75
sS'riff'
p2979
I75
sS'sets'
p2980
I75
sS'latest'
p2981
I75
sS'newest'
p2982
I75
sS'rocket'
p2983
I75
sS'less'
p2984
I74
sS'gr8'
p2985
I75
sS'laziness'
p2986
I75
sS'(zeds'
p2987
I75
sS'shiloh'
p2988
I68
sS'music\xe2\x80\xa6'
p2989
I75
sS'laurel'
p2990
I71
sS'rest'
p2991
I75
sS'.....7/9/14...0-0'
p2992
I75
sS'tight'
p2993
I75
sS'podcast'
p2994
I75
sS'realize'
p2995
I75
sS'add'
p2996
I71
sS'book'
p2997
I66
sS'seeming'
p2998
I75
sS'crack'
p2999
I75
sS'twerk'
p3000
I75
sS'chriiiiistmas'
p3001
I75
sS'homework'
p3002
I74
sS'details'
p3003
I75
sS'bear......8/11/14'
p3004
I75
sS'checking'
p3005
I75
sS"who's"
p3006
I73
sS'crushed'
p3007
I74
sS'room)'
p3008
I72
sS'cedar'
p3009
I74
sS'whatever'
p3010
I74
sS'5:30'
p3011
I75
sS'press'
p3012
I74
sS'crushes'
p3013
I75
sS'2nd'
p3014
I75
sS'tragus'
p3015
I75
sS'loss'
p3016
I75
sS'like'
p3017
I28
sS'lost'
p3018
I74
sS'"reply'
p3019
I75
sS'sofa'
p3020
I75
sS'ring'
p3021
I75
sS'candy'
p3022
I72
sS'garage'
p3023
I75
sS'lose'
p3024
I75
sS'works'
p3025
I73
sS'soft'
p3026
I75
sS'chico'
p3027
I73
sS'italian'
p3028
I75
sS'tuuunes'
p3029
I75
sS'nigga'
p3030
I74
sS'12/12'
p3031
I75
sS'twitter'
p3032
I70
sS'xboxone'
p3033
I75
sS'swimsuits'
p3034
I75
sS'hair'
p3035
I65
sS'114'
p3036
I75
sS'repeat'
p3037
I75
sS'gymnastics'
p3038
I75
sS'home'
p3039
I68
sS'liking'
p3040
I75
sS'42-year-old'
p3041
I75
sS'obsessed'
p3042
I73
sS'lead'
p3043
I75
sS'makeupartist'
p3044
I75
sS'mines'
p3045
I75
sS'woohoo'
p3046
I74
sS'workinnn'
p3047
I75
sS'truffle'
p3048
I74
sS'ripped'
p3049
I43
sS'blowing'
p3050
I75
sS'reaching'
p3051
I75
sS'11k'
p3052
I75
sS'jamaica'
p3053
I75
sS'pasta'
p3054
I75
sS"generation's"
p3055
I75
sS'raiding'
p3056
I75
sS'sister'
p3057
I74
sS':-)'
p3058
I74
sS'actual'
p3059
I74
sS'againnnnn'
p3060
I75
sS'getting'
p3061
I61
sS'soon"'
p3062
I75
sS'...............u'
p3063
I75
sS'cleans'
p3064
I75
sS'shipping'
p3065
I74
sS'outnow'
p3066
I75
sS'swear'
p3067
I74
sS'nohi'
p3068
I75
sS'create'
p3069
I75
sS'noho'
p3070
I72
sS'west1studios'
p3071
I71
sS'own'
p3072
I73
sS'spraaaaaaang'
p3073
I75
sS'previously'
p3074
I75
sS'terry'
p3075
I75
sS'tag'
p3076
I75
sS'who\xe2\x80\x99s'
p3077
I75
sS'socks'
p3078
I75
sS'mushrooms'
p3079
I75
sS'damnnn'
p3080
I75
sS'"cake'
p3081
I75
sS'promise'
p3082
I73
sS'tiny'
p3083
I75
sS'female'
p3084
I75
sS'ketchup'
p3085
I75
sS'couldnt'
p3086
I75
sS'8/14'
p3087
I75
sS'1983'
p3088
I75
sS'val'
p3089
I71
sS'expectedly'
p3090
I75
sS'f-ing'
p3091
I75
sS'spots'
p3092
I75
sS'noticed'
p3093
I73
sS'cliff'
p3094
I75
sS'peppers'
p3095
I75
sS'chalky'
p3096
I75
sS"artist'"
p3097
I75
sS'north'
p3098
I69
sS'"partyboob"'
p3099
I75
sS"i've"
p3100
I69
sS'bus'
p3101
I73
sS'coke'
p3102
I74
sS'hq'
p3103
I75
sS'but'
p3104
I34
sS'volume'
p3105
I75
sS'singwhen'
p3106
I75
sS'hsm2'
p3107
I75
sS'hi'
p3108
I61
sS'gain'
p3109
I75
sS'.talk'
p3110
I75
sS'ha'
p3111
I74
sS'eat'
p3112
I74
sS'bud'
p3113
I73
sS'he'
p3114
I54
sS'made'
p3115
I71
sS'wish'
p3116
I65
sS'official'
p3117
I74
sS'signed'
p3118
I75
sS'whoa'
p3119
I75
sS'placed'
p3120
I75
sS'dms'
p3121
I74
sS'blessings'
p3122
I75
sS'cake'
p3123
I73
sS'problem'
p3124
I74
sS'piece'
p3125
I75
sS'hydrotherapy'
p3126
I75
sS'marketplace'
p3127
I69
sS'neil_strauss'
p3128
I75
sS'universal'
p3129
I75
sS'pic'
p3130
I71
sS'kisses'
p3131
I75
sS'buffy'
p3132
I75
sS'noho...last'
p3133
I75
sS'beats'
p3134
I75
sS'goodness'
p3135
I75
sS'reflecting'
p3136
I75
sS'shooting'
p3137
I74
sS'happen'
p3138
I72
sS'jesse'
p3139
I75
sS'diego'
p3140
I75
sS'incredible'
p3141
I75
sS'dressed'
p3142
I75
sS'claiming'
p3143
I75
sS'treatment'
p3144
I75
sS'40'
p3145
I74
sS'(north'
p3146
I72
sS'default'
p3147
I75
sS'other'
p3148
I71
sS'boom'
p3149
I75
sS'sick'
p3150
I70
sS'slicers'
p3151
I75
sS'8/21/14'
p3152
I74
sS'canada'
p3153
I75
sS'francisco'
p3154
I74
sS'star'
p3155
I74
sS'monday'
p3156
I73
sS'duudes'
p3157
I75
sS'sooooo'
p3158
I75
sS'class'
p3159
I71
sS'jung'
p3160
I75
sS'stay'
p3161
I74
sS"lacoste's"
p3162
I75
sS'margaret'
p3163
I75
sS'toejam'
p3164
I75
sS'kinda'
p3165
I75
sS"shootin'"
p3166
I75
sS'friends'
p3167
I66
sS'51.\xe2\x80\x9d'
p3168
I75
sS'ghost'
p3169
I75
sS'sass'
p3170
I75
sS'processed'
p3171
I75
sS'lasted'
p3172
I75
sS'eow'
p3173
I75
sS'this\xe2\x80\xa6'
p3174
I75
sS'duuude'
p3175
I75
sS'understand'
p3176
I75
sS'rep'
p3177
I75
sS'8th'
p3178
I75
s.