(dp0
S''
p1
I1
sS'martinis'
p2
I44
sS'hanging'
p3
I43
sS'captain'
p4
I44
sS'hate'
p5
I44
sS'(which'
p6
I44
sS'swag'
p7
I44
sS'tweet'
p8
I42
sS'bike'
p9
I44
sS'sorry'
p10
I44
sS'worth'
p11
I44
sS'risa'
p12
I44
sS'every'
p13
I43
sS'school'
p14
I42
sS'bestfriend'
p15
I44
sS'fairfax'
p16
I44
sS'straight'
p17
I44
sS'enjoy'
p18
I43
sS'tired'
p19
I42
sS'bacon'
p20
I44
sS'chef'
p21
I44
sS'crave'
p22
I44
sS'street'
p23
I44
sS'n'
p24
I42
sS'others)'
p25
I44
sS'even'
p26
I39
sS'pace'
p27
I44
sS'+'
p28
I43
sS'lights'
p29
I44
sS'new'
p30
I32
sS'ever'
p31
I40
sS'told'
p32
I44
sS'pancakes'
p33
I44
sS'16th!\xe2\x80\x9d'
p34
I44
sS'never'
p35
I42
sS'titanfall'
p36
I44
sS'here'
p37
I35
sS'\xe2\x9d\xa4\xef\xb8\x8f'
p38
I43
sS'wrds'
p39
I44
sS'path'
p40
I44
sS'mcdonalds)'
p41
I44
sS'daughter'
p42
I44
sS'stevie'
p43
I44
sS'itunes'
p44
I44
sS'smoke'
p45
I44
sS"i'm"
p46
I12
sS'settled'
p47
I44
sS'^__^'
p48
I44
sS'fantastic'
p49
I44
sS"g's"
p50
I44
sS'vwls'
p51
I44
sS'bro'
p52
I40
sS'total'
p53
I44
sS'would'
p54
I38
sS'sweater'
p55
I43
sS'chooses'
p56
I44
sS'armo'
p57
I44
sS'call'
p58
I42
sS'lightsaber'
p59
I44
sS'sxyr'
p60
I44
sS'garce'
p61
I44
sS'tell'
p62
I44
sS'conditioning-beat'
p63
I44
sS'mystical'
p64
I44
sS'relax'
p65
I44
sS'successful'
p66
I44
sS'haha'
p67
I39
sS'hurt'
p68
I44
sS'99'
p69
I44
sS'phone'
p70
I44
sS'warm'
p71
I43
sS'hole'
p72
I43
sS'blocking'
p73
I44
sS'me'
p74
I10
sS'word'
p75
I44
sS'work'
p76
I41
sS'mj'
p77
I44
sS'tapa421'
p78
I44
sS'henry'
p79
I44
sS'my'
p80
I7
sS'give'
p81
I42
sS"who's"
p82
I44
sS'sumpin'
p83
I44
sS'homie'
p84
I44
sS'mgmt)'
p85
I44
sS'want'
p86
I43
sS'gordo'
p87
I44
sS'keep'
p88
I42
sS'end'
p89
I43
sS'thing'
p90
I42
sS'travel'
p91
I44
sS'how'
p92
I36
sS'hot'
p93
I40
sS'interview'
p94
I42
sS'if'
p95
I32
sS'beach'
p96
I43
sS'mess'
p97
I44
sS'after'
p98
I39
sS'wrong'
p99
I44
sS'tujunga'
p100
I43
sS'lost'
p101
I44
sS'sliced'
p102
I44
sS'backwoods'
p103
I44
sS'green'
p104
I44
sS'keeps'
p105
I43
sS'over'
p106
I41
sS'london'
p107
I44
sS'husban'
p108
I44
sS'hook'
p109
I44
sS'mayor'
p110
I44
sS'before'
p111
I41
sS'ima'
p112
I43
sS'fit'
p113
I43
sS'somewhere'
p114
I44
sS'highlights'
p115
I44
sS'production'
p116
I44
sS'fade'
p117
I44
sS'cred'
p118
I44
sS'mojitos!!\xe2\x80\xa6'
p119
I44
sS'then'
p120
I37
sS'them'
p121
I39
sS'ghouls'
p122
I44
sS'tgirl'
p123
I44
sS'workout'
p124
I44
sS"we'll"
p125
I44
sS'band'
p126
I44
sS'wednesdays'
p127
I44
sS'they'
p128
I39
sS'yourself'
p129
I43
sS'bread'
p130
I43
sS'shadows'
p131
I44
sS'alex'
p132
I35
sS'debut'
p133
I44
sS'l'
p134
I44
sS'filling'
p135
I44
sS'addicted'
p136
I44
sS'went'
p137
I44
sS'meal'
p138
I43
sS'gunna'
p139
I44
sS"chillaxin'"
p140
I44
sS'celebrating'
p141
I43
sS'taught'
p142
I44
sS'forgot'
p143
I44
sS'saturday'
p144
I44
sS"smith's"
p145
I44
sS'goo'
p146
I43
sS'god'
p147
I42
sS'hooked'
p148
I44
sS'tomorrow'
p149
I43
sS'day*'
p150
I44
sS'smh'
p151
I44
sS"chelsea's"
p152
I44
sS'got'
p153
I40
sS'rn'
p154
I44
sS'day"'
p155
I44
sS"you're"
p156
I38
sS'threatened'
p157
I44
sS'free'
p158
I40
sS'mvp'
p159
I44
sS'conflicted'
p160
I44
sS'enducing'
p161
I44
sS'days'
p162
I38
sS'musicians'
p163
I42
sS"today's"
p164
I44
sS'shootin'
p165
I44
sS'(at'
p166
I38
sS'bite'
p167
I44
sS'tyger'
p168
I44
sS'already'
p169
I44
sS'>>'
p170
I44
sS'february\xe2\x80\xa6'
p171
I44
sS'another'
p172
I44
sS'comin'
p173
I44
sS'calorie'
p174
I44
sS'thru!"'
p175
I44
sS'top'
p176
I44
sS'girls'
p177
I44
sS'(11009'
p178
I43
sS'too'
p179
I38
sS'hollywood'
p180
I17
sS'john'
p181
I44
sS'ceiling'
p182
I44
sS'north\xe2\x80\xa6'
p183
I44
sS'gym'
p184
I43
sS'serve'
p185
I44
sS'wisdom'
p186
I44
sS'wasted'
p187
I44
sS'nail'
p188
I44
sS'mierda'
p189
I44
sS'second'
p190
I44
sS'final'
p191
I44
sS'project'
p192
I44
sS'classes'
p193
I44
sS'silly'
p194
I44
sS'hottie'
p195
I44
sS"company's"
p196
I44
sS'feeling'
p197
I42
sS'lbs'
p198
I44
sS'mine'
p199
I44
sS'glass'
p200
I44
sS'talking'
p201
I43
sS"they'll\xe2\x80\xa6"
p202
I44
sS'seen'
p203
I44
sS'seem'
p204
I44
sS'sounding'
p205
I44
sS'dozen'
p206
I44
sS'-'
p207
I34
sS'gravy'
p208
I44
sS'though'
p209
I44
sS'"swing'
p210
I44
sS'lifelong"'
p211
I44
sS'coin'
p212
I44
sS'glow'
p213
I44
sS'dummy'
p214
I44
sS'money\xe2\x80\x9d'
p215
I44
sS'episode'
p216
I44
sS'treats'
p217
I44
sS'doe'
p218
I44
sS'definitely'
p219
I44
sS'came'
p220
I39
sS'earth'
p221
I44
sS'"billie'
p222
I44
sS'ayyyy'
p223
I44
sS'hrs'
p224
I44
sS'rick'
p225
I39
sS'folks'
p226
I44
sS'announce'
p227
I44
sS'oct'
p228
I44
sS'sedona'
p229
I44
sS'continuity'
p230
I44
sS'do'
p231
I35
sS'dm'
p232
I44
sS'honda'
p233
I42
sS'stop'
p234
I42
sS'7-11'
p235
I44
sS'coast'
p236
I43
sS'haunted'
p237
I44
sS'nigguh'
p238
I44
sS'dr'
p239
I44
sS'unfortunately'
p240
I44
sS'runs'
p241
I44
sS'officially'
p242
I44
sS'licking'
p243
I44
sS'bay'
p244
I44
sS'bad'
p245
I42
sS'bae'
p246
I41
sS'devine*'
p247
I44
sS'grilled'
p248
I44
sS'steal'
p249
I43
sS'rearends'
p250
I44
sS'2-a-days'
p251
I44
sS'fluffy'
p252
I44
sS'testing'
p253
I44
sS'goodnight'
p254
I44
sS'todayyyyyy'
p255
I44
sS'best'
p256
I37
sS'said'
p257
I41
sS'lots'
p258
I43
sS'away'
p259
I43
sS'2000th'
p260
I44
sS'future'
p261
I43
sS'melissa'
p262
I44
sS'hopefully'
p263
I44
sS'shields'
p264
I44
sS'lazy'
p265
I44
sS'omg'
p266
I44
sS'wears'
p267
I44
sS'weak'
p268
I44
sS'person\xe2\x80\xa6'
p269
I44
sS'wear'
p270
I44
sS'picking'
p271
I44
sS'kitchen'
p272
I36
sS'faced'
p273
I44
sS'tfti'
p274
I44
sS'met'
p275
I44
sS'jelly'
p276
I44
sS'games'
p277
I44
sS'brad'
p278
I43
sS'studio'
p279
I44
sS'and'
p280
I8
sS'had'
p281
I38
sS'hardworking'
p282
I44
sS'2nd'
p283
I44
sS'initiative'
p284
I38
sS'humming'
p285
I44
sS'bingo'
p286
I44
sS'bathroom'
p287
I44
sS'been'
p288
I42
sS'beer'
p289
I44
sS'much'
p290
I38
sS'puto'
p291
I44
sS'lovely'
p292
I44
sS'tink'
p293
I44
sS'life'
p294
I35
sS'loft'
p295
I44
sS'catch'
p296
I43
sS'has'
p297
I41
sS'easter'
p298
I44
sS'air'
p299
I44
sS'dept'
p300
I44
sS'is'
p301
I11
sS'it'
p302
I15
sS'im'
p303
I38
sS'in'
p304
I10
sS'ig'
p305
I43
sS'cooool'
p306
I44
sS'things'
p307
I44
sS'make'
p308
I38
sS'jerry'
p309
I32
sS'linked'
p310
I44
sS'complex'
p311
I44
sS'yung'
p312
I44
sS'dennys'
p313
I44
sS'hang'
p314
I44
sS'rain'
p315
I44
sS'wizkhalifa'
p316
I44
sS'aka'
p317
I44
sS'butter'
p318
I44
sS'thx'
p319
I44
sS'changes'
p320
I44
sS'1971'
p321
I44
sS'tho'
p322
I40
sS'mother'
p323
I44
sS'hearts'
p324
I44
sS'the'
p325
I3
sS'yours'
p326
I44
sS'left'
p327
I42
sS'etiquette'
p328
I44
sS'letterman'
p329
I44
sS'just'
p330
I20
sS'photo'
p331
I41
sS'sleepy'
p332
I43
sS'effects'
p333
I44
sS'thanks'
p334
I35
sS'human'
p335
I43
sS'yes'
p336
I43
sS'yet'
p337
I43
sS'hills'
p338
I44
sS'cornell'
p339
I44
sS'character'
p340
I44
sS'east'
p341
I44
sS'hat'
p342
I44
sS'djsjsjdhhfehd'
p343
I44
sS'govt'
p344
I44
sS'rumor'
p345
I44
sS'apart'
p346
I44
sS'desire'
p347
I44
sS'melting'
p348
I44
sS'-_-'
p349
I42
sS'50'
p350
I43
sS'steph'
p351
I44
sS'remind'
p352
I44
sS'steps'
p353
I44
sS'night'
p354
I36
sS'shawarma'
p355
I44
sS'right'
p356
I38
sS'old'
p357
I41
sS'deal'
p358
I44
sS'people'
p359
I35
sS'born'
p360
I44
sS'damnnnnnnn'
p361
I44
sS'finna'
p362
I43
sS'for'
p363
I16
sS'ice'
p364
I44
sS'filming'
p365
I44
sS'umm'
p366
I44
sS'foo'
p367
I44
sS'christmas'
p368
I43
sS'booking'
p369
I44
sS'pls'
p370
I43
sS'bold'
p371
I44
sS'post'
p372
I44
sS'super'
p373
I41
sS'yelling'
p374
I44
sS'$75'
p375
I44
sS'ribs'
p376
I44
sS'surround'
p377
I44
sS'dinner'
p378
I42
sS'plus'
p379
I44
sS'stoked'
p380
I44
sS'raised'
p381
I44
sS'wasting'
p382
I44
sS'selfie'
p383
I44
sS'sol'
p384
I44
sS'ppl'
p385
I43
sS'(up'
p386
I44
sS'why'
p387
I33
sS'stuck'
p388
I44
sS'way'
p389
I38
sS'music'
p390
I40
sS'was'
p391
I29
sS'happy'
p392
I35
sS'head'
p393
I44
sS'heat'
p394
I44
sS'hear'
p395
I43
sS'solar'
p396
I44
sS'inside'
p397
I44
sS'whiskey'
p398
I44
sS'emotional'
p399
I44
sS'cosmos'
p400
I44
sS'fractions'
p401
I44
sS'sticks'
p402
I44
sS'ba\xc3\xb1o)'
p403
I44
sS'promised'
p404
I44
sS'model-'
p405
I44
sS'annoying'
p406
I44
sS'trip'
p407
I44
sS'shit'
p408
I38
sS'tix'
p409
I44
sS'dying'
p410
I44
sS'no'
p411
I34
sS'na'
p412
I44
sS'when'
p413
I33
sS'handed'
p414
I44
sS'holding'
p415
I44
sS'roll'
p416
I42
sS'picture'
p417
I44
sS"'s"
p418
I44
sS'brothers'
p419
I43
sS'models'
p420
I44
sS'football'
p421
I44
sS'weirdest'
p422
I44
sS'healthiest'
p423
I44
sS"let's"
p424
I39
sS'love\xe2\x80\xa6'
p425
I44
sS'died'
p426
I44
sS'lunge'
p427
I44
sS'cheated'
p428
I44
sS'potato'
p429
I44
sS'together'
p430
I43
sS'jacket'
p431
I44
sS'loyal'
p432
I44
sS'time'
p433
I30
sS'backward'
p434
I44
sS'songs'
p435
I43
sS'time\xe2\x99\xa1join'
p436
I44
sS'coach'
p437
I44
sS':)'
p438
I27
sS'whoever'
p439
I44
sS'skip'
p440
I44
sS'shimmy'
p441
I44
sS'grateful'
p442
I44
sS'skin'
p443
I44
sS'battle'
p444
I44
sS'shot'
p445
I43
sS'venice'
p446
I44
sS'everything'
p447
I43
sS'cloud9'
p448
I44
sS'manicurist'
p449
I44
sS'finally'
p450
I44
sS'shoot'
p451
I42
sS':d'
p452
I44
sS'need."'
p453
I44
sS'anonymous'
p454
I44
sS':{'
p455
I44
sS'brows'
p456
I44
sS'cool'
p457
I44
sS'did'
p458
I42
sS'12th'
p459
I44
sS'brother'
p460
I43
sS'leave'
p461
I44
sS'p'
p462
I44
sS'team'
p463
I44
sS'guy'
p464
I41
sS'dip'
p465
I44
sS'unaware'
p466
I44
sS'shave'
p467
I44
sS'gallery'
p468
I44
sS'says'
p469
I44
sS'regret'
p470
I44
sS'be'
p471
I17
sS'"strawberry"'
p472
I44
sS'(chic'
p473
I44
sS'pozole'
p474
I44
sS'melt'
p475
I44
sS'goes'
p476
I44
sS'unintentionally'
p477
I44
sS'supporting'
p478
I44
sS'oldies'
p479
I44
sS'makeup'
p480
I44
sS'water'
p481
I44
sS'baseball'
p482
I44
sS'alone'
p483
I43
sS'earthquake'
p484
I44
sS'change'
p485
I44
sS'wait'
p486
I41
sS'boy'
p487
I44
sS'shift'
p488
I43
sS'accomplished'
p489
I44
sS'boo'
p490
I44
sS'usually'
p491
I43
sS'weird'
p492
I43
sS'genuinely'
p493
I44
sS'love'
p494
I30
sS'do\'s"'
p495
I44
sS'1st'
p496
I42
sS'tuesday'
p497
I44
sS'sky'
p498
I44
sS'everybody'
p499
I43
sS'working'
p500
I44
sS'angry'
p501
I44
sS'dude'
p502
I41
sS'by'
p503
I41
sS'live'
p504
I40
sS'ayy'
p505
I41
sS'iphone'
p506
I44
sS'thru'
p507
I42
sS'today'
p508
I32
sS'loving'
p509
I43
sS'club'
p510
I44
sS'downtown'
p511
I43
sS'easiest'
p512
I44
sS'douche'
p513
I44
sS'niggas'
p514
I44
sS'cat'
p515
I44
sS'hardest'
p516
I44
sS'can'
p517
I35
sS'cab'
p518
I44
sS'biter'
p519
I44
sS"fuckn'"
p520
I44
sS"denny's"
p521
I33
sS'alotta'
p522
I44
sS'crazy'
p523
I43
sS'awesome'
p524
I40
sS"didn't"
p525
I38
sS'fuck'
p526
I38
sS'heard'
p527
I44
sS'partay'
p528
I44
sS'o'
p529
I43
sS'mmmmmm'
p530
I44
sS'chia'
p531
I44
sS'productive'
p532
I44
sS'winter'
p533
I44
sS'coyotes'
p534
I44
sS'1'
p535
I41
sS'sunday'
p536
I43
sS'pure'
p537
I44
sS'$100'
p538
I43
sS'laundry'
p539
I43
sS'sacrifice'
p540
I44
sS'spot'
p541
I44
sS'birthday'
p542
I38
sS'mad'
p543
I44
sS'date'
p544
I41
sS'such'
p545
I43
sS'guys'
p546
I36
sS'man'
p547
I40
sS'maybe'
p548
I44
sS'corona'
p549
I44
sS'switch'
p550
I44
sS'so'
p551
I21
sS'block'
p552
I44
sS'lalyfts'
p553
I42
sS'tall'
p554
I44
sS'talk'
p555
I43
sS'typical'
p556
I44
sS'cute'
p557
I44
sS'haircut'
p558
I44
sS'wishing'
p559
I44
sS'brain'
p560
I44
sS'cold'
p561
I44
sS'still'
p562
I40
sS'rooftop'
p563
I44
sS'thank'
p564
I35
sS"he's"
p565
I42
sS'amazing'
p566
I38
sS'window'
p567
I43
sS'creamsicle'
p568
I44
sS'happened'
p569
I44
sS'nom'
p570
I43
sS"denny's)"
p571
I40
sS'bein'
p572
I44
sS'killer'
p573
I44
sS'lunch'
p574
I43
sS'half'
p575
I43
sS'not'
p576
I28
sS"boitano'd"
p577
I44
sS'now'
p578
I36
sS'wont'
p579
I44
sS'name'
p580
I43
sS'mcnice'
p581
I44
sS'some.\xe2\x80\xa6'
p582
I44
sS'leather'
p583
I44
sS'rock'
p584
I44
sS'photoshoot'
p585
I43
sS'concerts'
p586
I43
sS'em'
p587
I44
sS'ea'
p588
I44
sS'yeah'
p589
I39
sS'alessio'
p590
I44
sS'year'
p591
I43
sS'galactic'
p592
I38
sS'girl'
p593
I41
sS'ep'
p594
I43
sS'and\xe2\x80\xa6'
p595
I44
sS'seriously'
p596
I43
sS'shows'
p597
I43
sS'million'
p598
I44
sS'quite'
p599
I44
sS'california'
p600
I29
sS'carl'
p601
I44
sS'grandma'
p602
I44
sS'brooke'
p603
I44
sS'hollywood)'
p604
I41
sS'care'
p605
I41
sS'waiter'
p606
I44
sS'where'
p607
I40
sS'jerzey'
p608
I44
sS'honest'
p609
I43
sS'turn'
p610
I44
sS'thine'
p611
I44
sS'place'
p612
I43
sS'think'
p613
I41
sS'waited'
p614
I44
sS'first'
p615
I39
sS'cheese'
p616
I43
sS'xd'
p617
I44
sS'mucho'
p618
I44
sS'your\xe2\x80\xa6'
p619
I44
sS'xx'
p620
I44
sS'g-unit'
p621
I44
sS'sounds'
p622
I42
sS'open'
p623
I44
sS'george'
p624
I44
sS'tingling'
p625
I44
sS'city'
p626
I42
sS'little'
p627
I43
sS'bookmark'
p628
I44
sS'beer(s)'
p629
I44
sS'caught'
p630
I44
sS'anyone'
p631
I42
sS'2'
p632
I34
sS'typing'
p633
I44
sS'las'
p634
I44
sS'skyyyyy'
p635
I44
sS'friend'
p636
I41
sS'rainman'
p637
I44
sS'that'
p638
I15
sS'season'
p639
I41
sS'heritage'
p640
I44
sS'huh'
p641
I44
sS'ridiculous'
p642
I44
sS'\xe3\x81\xaa\xe3\x81\x9c\xe3\x81\x8b\xe7\x9a\x86\xe3\x81\xa7\xe3\x81\x84\xe3\x82\x8c\xe3\x81\x9f\xe3\x80\x82\xe3\x81\x97\xe3\x81\x8b\xe3\x82\x82aj\xe3\x81\xab\xe6\x9b\xb8\xe3\x81\x84\xe3\x81\xa6\xe3\x81\x82\xe3\x81\x92\xe3\x81\x9f\xe3\x82\x84\xe3\x81\xa4\xe3\x81\x8a\xe3\x81\xb0\xe3\x81\xa1\xe3\x82\x83\xe3\x82\x93\xe3\x81\xab\xe3\x82\x81\xe3\x81\xa3\xe3\x81\xa1\xe3\x82\x83\xe8\xa4\x92\xe3\x82\x81\xe3\x82\x89\xe3\x82\x8c\xe3\x81\xa6\xe3\x82\x93\xe3\x81\xa0\xe3\x81\x91\xe3\x81\xa9www'
p643
I44
sS'representing'
p644
I43
sS'than'
p645
I42
sS'boyfriend'
p646
I44
sS'10'
p647
I44
sS'12'
p648
I44
sS'15'
p649
I44
sS'lmao'
p650
I42
sS'depressed'
p651
I44
sS'gotta'
p652
I42
sS'r'
p653
I43
sS'vocals'
p654
I43
sS'were'
p655
I40
sS'gigantic'
p656
I44
sS'mommie'
p657
I44
sS'pre'
p658
I42
sS'sam'
p659
I44
sS'turned'
p660
I44
sS'sad'
p661
I43
sS'say'
p662
I39
sS'breakfast'
p663
I38
sS'saw'
p664
I43
sS'any'
p665
I41
sS'sat'
p666
I44
sS'bailed'
p667
I44
sS'answering'
p668
I44
sS'arleta'
p669
I44
sS'take'
p670
I37
sS'bailey'
p671
I44
sS'wonder'
p672
I43
sS'lasts!\xe2\x80\x9domg'
p673
I44
sS'cuchillos'
p674
I44
sS'normal'
p675
I44
sS'knew'
p676
I43
sS'rehearsal'
p677
I44
sS'20%'
p678
I44
sS'multiply'
p679
I44
sS'america'
p680
I44
sS'hungry'
p681
I43
sS'food.)'
p682
I44
sS'shop'
p683
I43
sS'walking'
p684
I42
sS'playoffs'
p685
I44
sS'show'
p686
I42
sS'shawerma'
p687
I44
sS'welp'
p688
I44
sS'mister'
p689
I44
sS'slow'
p690
I44
sS'dick'
p691
I43
sS'behind'
p692
I43
sS'to\xe2\x80\xa6'
p693
I44
sS'only'
p694
I39
sS'going'
p695
I33
sS'black'
p696
I44
sS'\xe2\x99\xa1'
p697
I44
sS'nataliemcruz'
p698
I44
sS'outfit!once'
p699
I44
sS'get'
p700
I30
sS'muah!!!merry'
p701
I44
sS'nearly'
p702
I44
sS'singer-songwriter'
p703
I44
sS'gen'
p704
I44
sS'celebrate'
p705
I42
sS'$2'
p706
I44
sS'morning'
p707
I37
sS":')"
p708
I44
sS'through'
p709
I43
sS'"how'
p710
I44
sS'lyft'
p711
I42
sS'rmv'
p712
I44
sS'concert'
p713
I44
sS'espn'
p714
I44
sS'seat'
p715
I44
sS'asleep'
p716
I44
sS'seal'
p717
I43
sS'today.\xe2\x80\xa6'
p718
I44
sS'ur'
p719
I42
sS'intoxicating'
p720
I44
sS'enlightening'
p721
I44
sS'3'
p722
I42
sS'complexion'
p723
I44
sS'between'
p724
I44
sS'across'
p725
I44
sS'camera!!!pingpangpong'
p726
I44
sS'50000mah'
p727
I44
sS'jk'
p728
I43
sS'come'
p729
I36
sS'dates'
p730
I44
sS'many'
p731
I42
sS'voicemail'
p732
I44
sS's'
p733
I42
sS'dated'
p734
I44
sS"can't"
p735
I36
sS'uber'
p736
I44
sS'walaleyley'
p737
I43
sS"couldn't"
p738
I43
sS'cancel'
p739
I44
sS'cycling'
p740
I44
sS'west'
p741
I44
sS'weird...but'
p742
I44
sS'mark'
p743
I44
sS'hollywood\xe2\x80\xa6'
p744
I43
sS'crawford'
p745
I44
sS'wants'
p746
I43
sS'direction'
p747
I44
sS'photog'
p748
I44
sS'photos'
p749
I43
sS'wake'
p750
I44
sS'hatin'
p751
I44
sS'attentive'
p752
I44
sS'jean"'
p753
I44
sS'myself'
p754
I42
sS'these'
p755
I37
sS'jalepe\xc3\xb1o'
p756
I44
sS'taking'
p757
I40
sS'coffee'
p758
I42
sS'someone'
p759
I41
sS'odd-numbered'
p760
I44
sS'everyday'
p761
I43
sS'beetlejuice'
p762
I44
sS'pay'
p763
I43
sS'tour'
p764
I42
sS'same'
p765
I37
sS'check'
p766
I43
sS'ya'
p767
I42
sS'speech'
p768
I44
sS'"i'
p769
I44
sS'week'
p770
I41
sS'numerals'
p771
I44
sS'finish'
p772
I44
sS'driver'
p773
I43
sS'weed'
p774
I44
sS'fruit'
p775
I44
sS'fiending'
p776
I44
sS'\xe2\x9c\x8c\xef\xb8\x8f'
p777
I43
sS'theater'
p778
I43
sS'vineland'
p779
I43
sS'charger'
p780
I44
sS'"hardcore'
p781
I44
sS'without'
p782
I43
sS'comes'
p783
I43
sS'sinner'
p784
I43
sS'am)'
p785
I44
sS'summer'
p786
I44
sS'being'
p787
I43
sS'money'
p788
I43
sS'kill'
p789
I44
sS'captured'
p790
I44
sS'thinking'
p791
I44
sS"we've"
p792
I44
sS"everyone's"
p793
I44
sS'wall'
p794
I44
sS'4'
p795
I43
sS'swope'
p796
I44
sS'real'
p797
I40
sS'around'
p798
I41
sS'read'
p799
I44
sS'gonna'
p800
I42
sS'early'
p801
I44
sS'listening'
p802
I40
sS'world'
p803
I43
sS'lady'
p804
I44
sS'stranger'
p805
I44
sS'server'
p806
I44
sS't'
p807
I43
sS'climactic'
p808
I44
sS'ewww'
p809
I44
sS'snoring'
p810
I44
sS'outt'
p811
I44
sS'thongs'
p812
I44
sS'overly'
p813
I44
sS'moon'
p814
I44
sS'welcome'
p815
I42
sS'broken'
p816
I44
sS';)'
p817
I41
sS';('
p818
I44
sS'on'
p819
I19
sS'ok'
p820
I42
sS'oj'
p821
I44
sS'oh'
p822
I43
sS'of'
p823
I9
sS'favorite'
p824
I42
sS'awesome....felt'
p825
I44
sS'mixed'
p826
I42
sS'or'
p827
I37
sS'road'
p828
I44
sS'coupon'
p829
I44
sS'uptown'
p830
I44
sS'your'
p831
I22
sS'burbank'
p832
I37
sS'fill'
p833
I44
sS"how's"
p834
I43
sS'her'
p835
I41
sS'area'
p836
I44
sS'there'
p837
I38
sS'hey'
p838
I41
sS'lol'
p839
I23
sS'start'
p840
I43
sS'low'
p841
I44
sS'stars'
p842
I44
sS'valley'
p843
I44
sS'energy'
p844
I44
sS'treat'
p845
I44
sS'noho)'
p846
I44
sS'enough'
p847
I43
sS"risin'"
p848
I44
sS'trying'
p849
I43
sS'with'
p850
I13
sS'belated'
p851
I44
sS'faster'
p852
I44
sS'naming'
p853
I44
sS"wasn't"
p854
I43
sS'electrifying'
p855
I44
sS'agree'
p856
I44
sS'gone'
p857
I44
sS'taylor'
p858
I44
sS'videos'
p859
I44
sS'af'
p860
I44
sS'taste'
p861
I44
sS'frye'
p862
I44
sS'am'
p863
I37
sS'general'
p864
I44
sS'vork'
p865
I44
sS'as'
p866
I31
sS'tasty'
p867
I44
sS'at'
p868
I17
sS'watched'
p869
I44
sS'moves'
p870
I44
sS'spends'
p871
I44
sS'cream'
p872
I44
sS'again'
p873
I43
sS'deserve'
p874
I44
sS'homieeee'
p875
I44
sS'tight'
p876
I44
sS'5'
p877
I41
sS'besos'
p878
I44
sS'you'
p879
I6
sS'rt'
p880
I32
sS'shaun'
p881
I44
sS'accent)'
p882
I44
sS'yve_the_definition'
p883
I44
sS'finals'
p884
I44
sS'pool'
p885
I44
sS'booked'
p886
I44
sS'oito'
p887
I44
sS"life's"
p888
I43
sS'wifi'
p889
I44
sS'vines'
p890
I44
sS'hello'
p891
I44
sS'u'
p892
I34
sS'"national'
p893
I44
sS'alright'
p894
I44
sS'all'
p895
I27
sS'forget'
p896
I43
sS'lack'
p897
I44
sS'month'
p898
I42
sS'meditation'
p899
I44
sS'children'
p900
I44
sS'emily'
p901
I44
sS'jessie'
p902
I44
sS'imma'
p903
I44
sS'tu'
p904
I44
sS'to'
p905
I4
sS'danielle'
p906
I44
sS'th'
p907
I44
sS'ti'
p908
I44
sS'tf'
p909
I44
sS'smile'
p910
I44
sS'7'
p911
I44
sS'emotion.\xe2\x80\xa6'
p912
I44
sS'song'
p913
I43
sS'very'
p914
I41
sS'rambunctious'
p915
I44
sS'fat'
p916
I43
sS'baton'
p917
I44
sS'selfies'
p918
I44
sS'fan'
p919
I44
sS'fam'
p920
I43
sS'difference'
p921
I43
sS'steve'
p922
I44
sS'heaven'
p923
I44
sS'sumbody'
p924
I44
sS'->'
p925
I44
sS'20th'
p926
I44
sS"i'll"
p927
I38
sS'neighborhood'
p928
I44
sS'streets'
p929
I44
sS'past'
p930
I44
sS'burger'
p931
I43
sS'creatures'
p932
I44
sS'90s'
p933
I44
sS'what'
p934
I24
sS'"awesome'
p935
I44
sS'sun'
p936
I43
sS'youuu'
p937
I44
sS'yes.\xe2\x80\x9d'
p938
I44
sS'crush'
p939
I44
sS'version'
p940
I44
sS'tribute'
p941
I44
sS'movement'
p942
I44
sS'witchu'
p943
I44
sS'full'
p944
I44
sS'hours'
p945
I44
sS'smartest'
p946
I44
sS'november'
p947
I44
sS'personable'
p948
I44
sS'melancholia'
p949
I44
sS'vegetarian'
p950
I44
sS'experience'
p951
I44
sS'pics'
p952
I44
sS'milkshake'
p953
I43
sS'fegits'
p954
I44
sS'family'
p955
I43
sS'ask'
p956
I44
sS'know"'
p957
I44
sS'w/'
p958
I34
sS'emoji'
p959
I44
sS'eye'
p960
I44
sS'"have'
p961
I44
sS'donuts'
p962
I43
sS'texting'
p963
I44
sS'two'
p964
I44
sS'6'
p965
I41
sS'more'
p966
I34
sS'revivir'
p967
I44
sS'door'
p968
I44
sS'knows'
p969
I44
sS'horsey'
p970
I44
sS'inbox\xe2\x80\xa6'
p971
I44
sS"ain't"
p972
I43
sS'stick'
p973
I44
sS'known'
p974
I44
sS'dey'
p975
I43
sS'hour'
p976
I44
sS'friendly'
p977
I44
sS'offended'
p978
I44
sS'v'
p979
I43
sS'beautiful'
p980
I43
sS'embarrassing'
p981
I44
sS'gas"'
p982
I44
sS'\xe2\x98\x95\xef\xb8\x8f'
p983
I44
sS'huge'
p984
I44
sS'needs'
p985
I44
sS'rather'
p986
I44
sS'needa'
p987
I44
sS'sandwich'
p988
I44
sS'okay'
p989
I43
sS'rude'
p990
I43
sS'uprising'
p991
I44
sS'blood'
p992
I44
sS'coming'
p993
I39
sS'a'
p994
I5
sS'short'
p995
I43
sS'friends\xe2\x80\xa6'
p996
I44
sS'tweeting'
p997
I44
sS'pleasure'
p998
I44
sS'dream'
p999
I43
sS'playing'
p1000
I43
sS"that's"
p1001
I33
sS'carmelo'
p1002
I44
sS'help'
p1003
I44
sS"don't"
p1004
I31
sS'brotha'
p1005
I44
sS'soon'
p1006
I39
sS'paper'
p1007
I44
sS'scott'
p1008
I44
sS'hell'
p1009
I44
sS'mcdonalds'
p1010
I43
sS'its'
p1011
I43
sS'dieing'
p1012
I44
sS'25'
p1013
I44
sS'20'
p1014
I43
sS':p'
p1015
I41
sS'actually'
p1016
I44
sS'late'
p1017
I42
sS'bout'
p1018
I44
sS'dolls'
p1019
I44
sS'fool'
p1020
I44
sS'good'
p1021
I33
sS'yo'
p1022
I44
sS'food'
p1023
I41
sS':-)\xe2\x80\x9d'
p1024
I44
sS'gadget'
p1025
I44
sS'\xe2\x98\x94\xef\xb8\x8f'
p1026
I44
sS'walls'
p1027
I44
sS'compound'
p1028
I44
sS'foot'
p1029
I44
sS'everytime'
p1030
I44
sS'always'
p1031
I37
sS'!pretty'
p1032
I44
sS'found'
p1033
I43
sS'marry'
p1034
I44
sS"isn't"
p1035
I42
sS'heavy'
p1036
I44
sS'everyone'
p1037
I44
sS'delicious'
p1038
I43
sS'house'
p1039
I42
sS'flick'
p1040
I44
sS'idea'
p1041
I44
sS'beyond'
p1042
I44
sS'thick'
p1043
I44
sS'really'
p1044
I40
sS'missed'
p1045
I44
sS'wondered'
p1046
I44
sS'since'
p1047
I44
sS'health'
p1048
I43
sS'acord\xc3\xa9'
p1049
I44
sS'print'
p1050
I44
sS'lolz'
p1051
I44
sS'salute'
p1052
I44
sS'ass'
p1053
I41
sS'friday'
p1054
I43
sS'imagine'
p1055
I44
sS'put'
p1056
I44
sS'beginning'
p1057
I44
sS'send\xe2\x80\xa6'
p1058
I44
sS'dishwasher'
p1059
I44
sS'terrible'
p1060
I44
sS'yall'
p1061
I44
sS'w'
p1062
I44
sS'thedocumentary'
p1063
I44
sS'dont'
p1064
I44
sS'feel'
p1065
I38
sS'number'
p1066
I44
sS'fancy'
p1067
I44
sS'valentine'
p1068
I44
sS'done'
p1069
I43
sS'miss'
p1070
I40
sS'maple'
p1071
I44
sS'story'
p1072
I44
sS'temperature'
p1073
I44
sS'needed'
p1074
I44
sS'comfy'
p1075
I44
sS'least'
p1076
I43
sS'siblings\xe2\x80\x9d'
p1077
I44
sS'obligatory'
p1078
I44
sS'noms'
p1079
I44
sS'saint'
p1080
I43
sS'hundred'
p1081
I44
sS'banana'
p1082
I44
sS'selling'
p1083
I44
sS'checklist'
p1084
I44
sS'mmmm'
p1085
I44
sS'part'
p1086
I44
sS'boredom'
p1087
I44
sS'$8'
p1088
I44
sS'$6'
p1089
I44
sS'burrito'
p1090
I44
sS'$4'
p1091
I44
sS'believe'
p1092
I43
sS'convinced'
p1093
I44
sS'grace'
p1094
I44
sS'gertie'
p1095
I44
sS'kind'
p1096
I43
sS'double'
p1097
I44
sS'vocal'
p1098
I38
sS'stu'
p1099
I44
sS'nathalia'
p1100
I44
sS'stall'
p1101
I44
sS'risks'
p1102
I44
sS'ousted'
p1103
I44
sS'garlic...\xe2\x80\xa6'
p1104
I44
sS'lie'
p1105
I42
sS'self'
p1106
I44
sS'dinner.just'
p1107
I44
sS'...we'
p1108
I44
sS'los\xe2\x80\xa6'
p1109
I44
sS'build'
p1110
I43
sS'play'
p1111
I44
sS'electric'
p1112
I44
sS'quote'
p1113
I44
sS'much.\xe2\x80\x9d'
p1114
I44
sS'most'
p1115
I42
sS'channeling'
p1116
I44
sS'eaten'
p1117
I44
sS'nothing'
p1118
I42
sS'extremely'
p1119
I44
sS'cover'
p1120
I44
sS'gin'
p1121
I44
sS'teampowerfulminds'
p1122
I44
sS'protege'
p1123
I44
sS'shoutout'
p1124
I44
sS'joining'
p1125
I44
sS'stoner'
p1126
I43
sS'ugh'
p1127
I44
sS'session'
p1128
I43
sS'11055'
p1129
I44
sS'with\xe2\x80\xa6'
p1130
I44
sS'find'
p1131
I42
sS'faces'
p1132
I44
sS'zumba'
p1133
I44
sS'pinche'
p1134
I44
sS'nervous'
p1135
I44
sS'bestfriends'
p1136
I44
sS'pretty'
p1137
I42
sS'8'
p1138
I43
sS'his'
p1139
I38
sS'hit'
p1140
I42
sS'distance'
p1141
I44
sS'feels'
p1142
I43
sS'gleesh'
p1143
I44
sS'during'
p1144
I43
sS'him'
p1145
I42
sS'typos'
p1146
I44
sS'devoured'
p1147
I44
sS'cought'
p1148
I44
sS'x'
p1149
I44
sS'river'
p1150
I43
sS'set'
p1151
I43
sS'art'
p1152
I44
sS'scenes'
p1153
I44
sS'culture'
p1154
I44
sS'see'
p1155
I36
sS'dumb'
p1156
I44
sS'are'
p1157
I21
sS'close'
p1158
I42
sS'deactivate'
p1159
I44
sS'movie'
p1160
I43
sS'wow'
p1161
I43
sS'currently'
p1162
I44
sS'please'
p1163
I43
sS'fans'
p1164
I41
sS'won'
p1165
I44
sS'probably'
p1166
I43
sS'watchin'
p1167
I44
sS'available'
p1168
I44
sS'solo'
p1169
I44
sS'(burbank\xe2\x80\xa6'
p1170
I44
sS'creating'
p1171
I44
sS'sold'
p1172
I44
sS'attention'
p1173
I44
sS'me!\xe2\x80\xa6'
p1174
I44
sS'franchise'
p1175
I44
sS'both'
p1176
I44
sS'last'
p1177
I38
sS"wouldn't"
p1178
I44
sS'alot'
p1179
I44
sS'retarded'
p1180
I43
sS'rigby'
p1181
I44
sS'ankap'
p1182
I44
sS'whole'
p1183
I43
sS'liked'
p1184
I44
sS'\xe2\x98\xba'
p1185
I44
sS'simple'
p1186
I44
sS'sweet'
p1187
I43
sS'darlene'
p1188
I44
sS'rad'
p1189
I44
sS'studly'
p1190
I44
sS'mcday'
p1191
I44
sS'sammy'
p1192
I36
sS'devil'
p1193
I43
sS'chariot"'
p1194
I44
sS'hitting'
p1195
I44
sS'damn'
p1196
I43
sS'pj'
p1197
I44
sS'woke'
p1198
I44
sS'pm'
p1199
I44
sS'packs'
p1200
I44
sS'yeee'
p1201
I44
sS"what's"
p1202
I43
sS'else'
p1203
I43
sS'anthony'
p1204
I44
sS'gal'
p1205
I43
sS'understand'
p1206
I43
sS'again...2nd'
p1207
I44
sS'crenshaw'
p1208
I44
sS'look'
p1209
I42
sS'reliable'
p1210
I44
sS'bill'
p1211
I44
sS'slurpees'
p1212
I44
sS'fun'
p1213
I42
sS'cages'
p1214
I44
sS'pack'
p1215
I44
sS'<3'
p1216
I44
sS'cents'
p1217
I44
sS'podari'
p1218
I44
sS'rip'
p1219
I44
sS'ready'
p1220
I43
sS'vox'
p1221
I44
sS'ohhhh'
p1222
I44
sS'hahahahha'
p1223
I44
sS'anymore'
p1224
I43
sS"beatport's"
p1225
I44
sS'grand'
p1226
I43
sS'9'
p1227
I44
sS'used'
p1228
I44
sS'mama/daughter'
p1229
I44
sS'hbu'
p1230
I44
sS'moment'
p1231
I43
sS'necessity'
p1232
I44
sS'infused'
p1233
I44
sS'dark'
p1234
I44
sS'older'
p1235
I44
sS'spent'
p1236
I44
sS'sunburn\xe2\x80\xa6'
p1237
I44
sS'person'
p1238
I43
sS'edge'
p1239
I44
sS'y'
p1240
I42
sS'spend'
p1241
I43
sS'i\xe2\x80\x99m'
p1242
I44
sS'mom'
p1243
I44
sS'questions'
p1244
I44
sS'letting'
p1245
I44
sS'cus'
p1246
I41
sS'cup'
p1247
I44
sS'rebecca'
p1248
I44
sS'cuz'
p1249
I44
sS'overthinking'
p1250
I44
sS'pompeii'
p1251
I44
sS'excited'
p1252
I42
sS'useless'
p1253
I44
sS'march'
p1254
I44
sS'couple'
p1255
I43
sS'game'
p1256
I44
sS'bit'
p1257
I44
sS'counterintuitive'
p1258
I44
sS'd'
p1259
I42
sS'message'
p1260
I44
sS'ieshaa'
p1261
I44
sS'continue'
p1262
I44
sS'fucking'
p1263
I37
sS'fathers'
p1264
I44
sS'some'
p1265
I35
sS'back'
p1266
I35
sS'streaming'
p1267
I44
sS'learn'
p1268
I44
sS'wonderland'
p1269
I44
sS'curious'
p1270
I44
sS'homegirl'
p1271
I44
sS'garage'
p1272
I44
sS'playita'
p1273
I44
sS'decision'
p1274
I44
sS'shall'
p1275
I44
sS'pen'
p1276
I44
sS'sweating'
p1277
I42
sS'bf'
p1278
I42
sS'nu'
p1279
I44
sS"fuckin'"
p1280
I44
sS'step'
p1281
I44
sS'yaaassss'
p1282
I44
sS'intense'
p1283
I44
sS'anything'
p1284
I43
sS"mcdonald's"
p1285
I44
sS'idk'
p1286
I41
sS'silence'
p1287
I44
sS'seeing'
p1288
I44
sS'grammy'
p1289
I44
sS'wowwww'
p1290
I44
sS'visit'
p1291
I44
sS'into'
p1292
I43
sS'because'
p1293
I44
sS'impressed'
p1294
I43
sS'...a'
p1295
I44
sS'question'
p1296
I43
sS'ca)'
p1297
I37
sS'long'
p1298
I40
sS'(photo'
p1299
I44
sS'mccartney'
p1300
I44
sS"we're"
p1301
I43
sS'bruh'
p1302
I44
sS'forward'
p1303
I44
sS'bored'
p1304
I43
sS'scared'
p1305
I44
sS'good.\xe2\x80\x9d'
p1306
I44
sS'toooo'
p1307
I44
sS'line'
p1308
I44
sS'\xe2\x99\xa5'
p1309
I44
sS'posted'
p1310
I43
sS'info'
p1311
I44
sS'emojis.\xe2\x80\x9d'
p1312
I44
sS'up'
p1313
I26
sS'us'
p1314
I44
sS'stalking'
p1315
I44
sS'fried'
p1316
I44
sS'(iphone'
p1317
I43
sS'called'
p1318
I41
sS"fans'"
p1319
I44
sS'cure'
p1320
I44
sS'noho14'
p1321
I44
sS'actors'
p1322
I44
sS'nice'
p1323
I44
sS'understatement'
p1324
I44
sS'papa'
p1325
I44
sS'ago'
p1326
I43
sS'e'
p1327
I42
sS'youtube'
p1328
I44
sS'walked'
p1329
I44
sS'menchies'
p1330
I43
sS'karma'
p1331
I44
sS'far'
p1332
I43
sS'fresh'
p1333
I44
sS'having'
p1334
I44
sS'code'
p1335
I43
sS'musiq'
p1336
I44
sS'desserts'
p1337
I44
sS'go'
p1338
I32
sS'chillin'
p1339
I44
sS'penis'
p1340
I44
sS'peanut'
p1341
I44
sS'send'
p1342
I44
sS'suits'
p1343
I44
sS'nuestros'
p1344
I44
sS'ass!!!jerry'
p1345
I44
sS'lks'
p1346
I44
sS"hayat's"
p1347
I32
sS'wishes'
p1348
I44
sS'"long'
p1349
I44
sS'herbaheroes\xe2\x99\xa1want'
p1350
I44
sS'telling'
p1351
I44
sS'drinking'
p1352
I44
sS'magic'
p1353
I44
sS'notes'
p1354
I44
sS'gettin'
p1355
I44
sS'michael'
p1356
I44
sS'try'
p1357
I43
sS'coffee.\xe2\x80\x9d\xe2\x80\x9d\xe2\x80\x9d'
p1358
I44
sS'commitment'
p1359
I44
sS'herbaheroes'
p1360
I44
sS'boots'
p1361
I44
sS'video'
p1362
I42
sS'makers'
p1363
I44
sS'giving'
p1364
I44
sS'waiting'
p1365
I44
sS'body'
p1366
I43
sS'leg'
p1367
I44
sS'commercial'
p1368
I44
sS'twitter"'
p1369
I44
sS'let'
p1370
I42
sS'making'
p1371
I42
sS'great'
p1372
I36
sS'talent'
p1373
I44
sS'involved'
p1374
I44
sS'makes'
p1375
I44
sS'honor'
p1376
I44
sS'thats'
p1377
I43
sS'heart'
p1378
I44
sS'win'
p1379
I44
sS'app'
p1380
I43
sS'clara'
p1381
I44
sS'private'
p1382
I44
sS'wit'
p1383
I43
sS'decade-long'
p1384
I44
sS'apply'
p1385
I44
sS'festivals'
p1386
I44
sS'from'
p1387
I30
sS'&'
p1388
I33
sS'camera'
p1389
I44
sS'themselves'
p1390
I44
sS'cosmo'
p1391
I44
sS'iris'
p1392
I44
sS'started'
p1393
I44
sS'becomes'
p1394
I44
sS'youngan'
p1395
I44
sS'$25).code'
p1396
I44
sS'baby'
p1397
I43
sS'central'
p1398
I35
sS'"to'
p1399
I44
sS'salad'
p1400
I44
sS'f'
p1401
I44
sS'this'
p1402
I14
sS'ride'
p1403
I42
sS'(cover)'
p1404
I44
sS'donut'
p1405
I44
sS'performed'
p1406
I44
sS'wearing'
p1407
I42
sS'plate'
p1408
I44
sS'rejoining'
p1409
I44
sS'high'
p1410
I44
sS'something'
p1411
I43
sS'blvd'
p1412
I42
sS'sis'
p1413
I43
sS'sir'
p1414
I42
sS'mannnnn'
p1415
I44
sS'sit'
p1416
I44
sS'brian'
p1417
I43
sS'de'
p1418
I44
sS'watch'
p1419
I40
sS'waters'
p1420
I44
sS'ow'
p1421
I44
sS'taco'
p1422
I44
sS'realized'
p1423
I43
sS'lame'
p1424
I44
sS'or...i'
p1425
I44
sS'chief'
p1426
I44
sS'honestly'
p1427
I44
sS'castellon'
p1428
I44
sS'doubleaj\xe2\x80\xa6'
p1429
I44
sS'producer'
p1430
I44
sS'fresno'
p1431
I44
sS'soulchild'
p1432
I44
sS'blow!"'
p1433
I44
sS'looks'
p1434
I44
sS'horny'
p1435
I44
sS'perfect'
p1436
I43
sS'la'
p1437
I30
sS'carols'
p1438
I44
sS'[pic]'
p1439
I37
sS'orange'
p1440
I43
sS'2014'
p1441
I43
sS'dad'
p1442
I41
sS'auto'
p1443
I44
sS'puente'
p1444
I44
sS'cutting'
p1445
I44
sS'day'
p1446
I16
sS'february'
p1447
I44
sS'fields'
p1448
I44
sS'oui'
p1449
I44
sS'doing'
p1450
I41
sS'adventure'
p1451
I44
sS'home"'
p1452
I44
sS'tente'
p1453
I44
sS'our'
p1454
I39
sS'special'
p1455
I43
sS'out'
p1456
I25
sS'respects'
p1457
I44
sS'matt'
p1458
I43
sS'entertainment'
p1459
I44
sS'occupied'
p1460
I44
sS'outings'
p1461
I44
sS'unprepared'
p1462
I44
sS'slamwich'
p1463
I44
sS'cause'
p1464
I43
sS'shut'
p1465
I44
sS'peeeeeeee'
p1466
I44
sS'receipts'
p1467
I44
sS'cais'
p1468
I44
sS'phrases'
p1469
I44
sS'could'
p1470
I42
sS'florida'
p1471
I44
sS'studios)'
p1472
I36
sS'times'
p1473
I44
sS'non-advice-taking-ass-up'
p1474
I44
sS'austin'
p1475
I44
sS'anita'
p1476
I44
sS'finest'
p1477
I44
sS'ethnic'
p1478
I44
sS'yells'
p1479
I44
sS'scene'
p1480
I44
sS'bitch'
p1481
I43
sS'blows'
p1482
I44
sS'quality'
p1483
I44
sS"doesn't"
p1484
I43
sS"nash's"
p1485
I44
sS'management'
p1486
I44
sS'sadly'
p1487
I44
sS'los'
p1488
I34
sS'their'
p1489
I40
sS'wrapped'
p1490
I44
sS'lapd'
p1491
I43
sS'lot'
p1492
I42
sS'mariana'
p1493
I44
sS'dtla'
p1494
I44
sS'ipad'
p1495
I44
sS'photograph'
p1496
I44
sS'bother'
p1497
I44
sS'"titanfall"'
p1498
I44
sS'nationwide!use'
p1499
I44
sS'bet'
p1500
I44
sS'julian'
p1501
I44
sS'tonight'
p1502
I42
sS'have'
p1503
I31
sS'need'
p1504
I35
sS'clearly'
p1505
I44
sS'congrats'
p1506
I44
sS'allergies'
p1507
I44
sS'sfde'
p1508
I44
sS'(no'
p1509
I44
sS'soap'
p1510
I44
sS'aww'
p1511
I43
sS'who'
p1512
I30
sS'*1'
p1513
I44
sS"where's"
p1514
I44
sS'courtesy'
p1515
I44
sS'device'
p1516
I44
sS'class'
p1517
I42
sS'refreshing'
p1518
I44
sS'true...and'
p1519
I44
sS'face'
p1520
I44
sS'looked'
p1521
I44
sS"you'll"
p1522
I44
sS'kitchen)'
p1523
I41
sS'agreed'
p1524
I44
sS'anyway'
p1525
I44
sS'portfolio'
p1526
I44
sS'chicken'
p1527
I44
sS'longer'
p1528
I42
sS'one'
p1529
I31
sS'pickup'
p1530
I44
sS'should'
p1531
I40
sS'surroundings'
p1532
I44
sS"there's"
p1533
I38
sS'hope'
p1534
I42
sS'meant'
p1535
I44
sS'means'
p1536
I44
sS'fatburger'
p1537
I33
sS'awww'
p1538
I44
sS'ones'
p1539
I43
sS'chips'
p1540
I44
sS'h'
p1541
I44
sS'married'
p1542
I44
sS'ughh'
p1543
I44
sS'stuff'
p1544
I43
sS'she'
p1545
I34
sS'coming\xe2\x80\xa6'
p1546
I44
sS'grab'
p1547
I44
sS'view'
p1548
I44
sS'spotted'
p1549
I44
sS'btw'
p1550
I44
sS'national'
p1551
I44
sS'we'
p1552
I35
sS'motown'
p1553
I44
sS'state'
p1554
I44
sS'routine'
p1555
I44
sS'email'
p1556
I44
sS'bought'
p1557
I44
sS'ends'
p1558
I43
sS'trynna'
p1559
I42
sS'job'
p1560
I43
sS'key'
p1561
I44
sS'precious'
p1562
I43
sS"houston's"
p1563
I44
sS'invited'
p1564
I44
sS'minds'
p1565
I44
sS'april'
p1566
I44
sS'diehard'
p1567
I44
sS'grain'
p1568
I44
sS'otherwise'
p1569
I44
sS'toilet'
p1570
I44
sS'cc'
p1571
I44
sS'ca'
p1572
I38
sS'walk'
p1573
I43
sS'maximize'
p1574
I44
sS'table'
p1575
I44
sS'winning'
p1576
I44
sS'hashbrowns)'
p1577
I44
sS'armo/russian'
p1578
I44
sS'yay'
p1579
I42
sS'powered'
p1580
I44
sS"it's"
p1581
I30
sS'(5626'
p1582
I43
sS'...need'
p1583
I44
sS'waste'
p1584
I43
sS'louisiana'
p1585
I43
sS'mike'
p1586
I44
sS'moved'
p1587
I44
sS'-.-'
p1588
I43
sS'brunch'
p1589
I44
sS'an'
p1590
I38
sS'cvs'
p1591
I44
sS'will'
p1592
I37
sS'wild'
p1593
I44
sS'almost'
p1594
I43
sS'helped'
p1595
I44
sS'gothic'
p1596
I44
sS'hearted'
p1597
I44
sS'ave'
p1598
I43
sS'whore'
p1599
I44
sS'portray'
p1600
I44
sS')'
p1601
I43
sS'verrrry'
p1602
I44
sS'shuttle'
p1603
I44
sS'party'
p1604
I42
sS'gets'
p1605
I43
sS'dusk'
p1606
I44
sS'twisted...sick'
p1607
I44
sS'drink'
p1608
I44
sS'beast'
p1609
I44
sS'fucked'
p1610
I43
sS'merrychrostmas'
p1611
I44
sS'off'
p1612
I35
sS'i'
p1613
I2
sS'well'
p1614
I44
sS'fighting'
p1615
I44
sS'thought'
p1616
I44
sS'wyd'
p1617
I44
sS'command'
p1618
I35
sS'osric'
p1619
I44
sS'moments'
p1620
I44
sS'executive'
p1621
I44
sS'mistakes'
p1622
I44
sS'distant'
p1623
I44
sS'paul'
p1624
I44
sS'smith'
p1625
I44
sS'other'
p1626
I44
sS'astronaut'
p1627
I44
sS'chic)'
p1628
I44
sS'kick'
p1629
I44
sS'checking'
p1630
I43
sS'admit'
p1631
I44
sS'fyi'
p1632
I44
sS'know'
p1633
I33
sS'facial'
p1634
I44
sS'desk'
p1635
I44
sS'immediately'
p1636
I44
sS'batfurger'
p1637
I44
sS'like'
p1638
I25
sS'excluding'
p1639
I43
sS'fernando'
p1640
I43
sS'(oh'
p1641
I44
sS'dickheads'
p1642
I44
sS'saywat'
p1643
I43
sS'james'
p1644
I44
sS'become'
p1645
I44
sS'works'
p1646
I43
sS'nigga'
p1647
I43
sS'twitter'
p1648
I41
sS'church'
p1649
I44
sS'"am"'
p1650
I44
sS'hair'
p1651
I44
sS'debating'
p1652
I44
sS'choosing'
p1653
I44
sS'home'
p1654
I41
sS'palmas\xe2\x9d\xa4\xef\xb8\x8f'
p1655
I44
sS'does'
p1656
I44
sS'passion'
p1657
I44
sS'forgiven'
p1658
I44
sS'tmi'
p1659
I44
sS'trout'
p1660
I44
sS'pepper'
p1661
I44
sS'slut'
p1662
I44
sS'keepin'
p1663
I44
sS'about'
p1664
I31
sS'actual'
p1665
I44
sS'pt'
p1666
I44
sS'getting'
p1667
I40
sS'universe'
p1668
I44
sS'biscuit'
p1669
I44
sS'angeles'
p1670
I34
sS'epiphany'
p1671
I44
sS'swear'
p1672
I44
sS'asko'
p1673
I44
sS'noho'
p1674
I42
sS'own'
p1675
I42
sS'studios'
p1676
I44
sS'chris'
p1677
I44
sS'weather'
p1678
I44
sS'frm'
p1679
I44
sS'artists'
p1680
I44
sS'hmmmmm'
p1681
I44
sS'girls\xe2\x99\xa1saturday'
p1682
I44
sS'dayyyyyyy'
p1683
I44
sS'inner'
p1684
I44
sS'yrs'
p1685
I44
sS'....food'
p1686
I44
sS'function'
p1687
I43
sS'odelltellem15'
p1688
I44
sS'buy'
p1689
I44
sS'north'
p1690
I18
sS"i've"
p1691
I39
sS'but'
p1692
I28
sS'hi'
p1693
I39
sS'hottttt'
p1694
I44
sS'ha'
p1695
I43
sS'eat'
p1696
I43
sS'he'
p1697
I39
sS'made'
p1698
I43
sS'whether'
p1699
I44
sS'wish'
p1700
I42
sS'official'
p1701
I44
sS'bladezz'
p1702
I44
sS'record'
p1703
I43
sS'limit'
p1704
I44
sS'cake'
p1705
I44
sS'isaacs'
p1706
I44
sS'-->'
p1707
I44
sS'jenny'
p1708
I43
sS'universal'
p1709
I44
sS'erin'
p1710
I44
sS'shooting'
p1711
I40
sS'happen'
p1712
I43
sS'jesse'
p1713
I44
sS'loud'
p1714
I44
sS'49'
p1715
I44
sS'(north'
p1716
I38
sS'book'
p1717
I42
sS'sick'
p1718
I43
sS'"slide'
p1719
I44
sS'kinds'
p1720
I44
sS'monday'
p1721
I43
sS'nooooooooooooooooo'
p1722
I44
sS'stay'
p1723
I43
sS'chance'
p1724
I44
sS'kinda'
p1725
I44
sS'friends'
p1726
I40
sS'family\xe2\x80\xa6'
p1727
I44
sS'ghost'
p1728
I43
sS'\xe2\x80\x93'
p1729
I44
sS'jewel'
p1730
I44
sS'this\xe2\x80\xa6'
p1731
I44
sS'whitney'
p1732
I44
s.