(dp0
S''
p1
I1
sS'limited'
p2
I92
sS'whoops'
p3
I92
sS'errrday\xe2\x99\xa5'
p4
I92
sS'colleges'
p5
I92
sS'dynasty'
p6
I92
sS'four'
p7
I87
sS'hath'
p8
I92
sS'circuitry'
p9
I92
sS'sleep'
p10
I85
sS'spiders'
p11
I92
sS'6pm'
p12
I92
sS'captain'
p13
I90
sS'hate'
p14
I76
sS'assembled'
p15
I92
sS'sushi)'
p16
I92
sS'relationships'
p17
I92
sS'whose'
p18
I92
sS'fronts'
p19
I92
sS'buddy'
p20
I91
sS'electricity'
p21
I92
sS'tweet'
p22
I88
sS'ttyl'
p23
I92
sS'sweetest'
p24
I92
sS'(pretty'
p25
I92
sS'charles'
p26
I92
sS'fingernails'
p27
I92
sS'investigation'
p28
I92
sS'voted'
p29
I92
sS'under'
p30
I89
sS'recycle'
p31
I92
sS'lord'
p32
I90
sS'sorry'
p33
I84
sS'pride'
p34
I92
sS'worth'
p35
I90
sS'collpasr'
p36
I92
sS'yeeees'
p37
I92
sS'hahahah'
p38
I92
sS'rise'
p39
I92
sS'every'
p40
I78
sS'jack'
p41
I84
sS'chrismas'
p42
I92
sS'bringing'
p43
I91
sS'electronics'
p44
I92
sS'inn'
p45
I92
sS'tickets'
p46
I89
sS'godddddddd'
p47
I92
sS'school'
p48
I86
sS'"does'
p49
I92
sS'wednesday'
p50
I90
sS'linguine'
p51
I92
sS'frozen'
p52
I91
sS'original\xe2\x80\x9d'
p53
I92
sS'announced'
p54
I92
sS'calendar'
p55
I92
sS'eating*waiting'
p56
I92
sS'ups'
p57
I92
sS'clothes'
p58
I91
sS'enjoy'
p59
I91
sS'chew'
p60
I91
sS'bill'
p61
I92
sS'force'
p62
I91
sS'tired'
p63
I92
sS'awake'
p64
I92
sS'miller'
p65
I91
sS'bacon'
p66
I92
sS'direct'
p67
I91
sS'chex'
p68
I92
sS'budget'
p69
I92
sS"overtime/pk's"
p70
I92
sS'consists'
p71
I92
sS'second'
p72
I89
sS'street'
p73
I92
sS'streer'
p74
I91
sS'n'
p75
I84
sS'others)'
p76
I85
sS'quite'
p77
I92
sS'bolts'
p78
I92
sS'even'
p79
I67
sS'established'
p80
I92
sS'hide'
p81
I92
sS'magnolia-mindxgames'
p82
I92
sS'anddd'
p83
I92
sS'pace'
p84
I92
sS'r.e'
p85
I92
sS'saved'
p86
I90
sS'+'
p87
I89
sS'fingers'
p88
I92
sS'\xd8\xb3\xd8\xb9\xd9\x8a\xd8\xaf'
p89
I92
sS'lights'
p90
I91
sS'saludos'
p91
I92
sS'46'
p92
I92
sS'mischievous'
p93
I92
sS'fossil'
p94
I92
sS'endorse'
p95
I92
sS'new'
p96
I65
sS'ever'
p97
I76
sS'disney'
p98
I92
sS'told'
p99
I89
sS'culo'
p100
I92
sS'hero'
p101
I89
sS'zack'
p102
I89
sS'5820'
p103
I92
sS'join'
p104
I89
sS'hq'
p105
I92
sS'never'
p106
I74
sS'disposable'
p107
I92
sS'vitiligo'
p108
I92
sS'here'
p109
I77
sS'albuquerque'
p110
I92
sS'metaphorically'
p111
I92
sS'\xe2\x9d\xa4\xef\xb8\x8f'
p112
I70
sS'punch'
p113
I92
sS'protection'
p114
I92
sS'studio'
p115
I92
sS'pursuit'
p116
I92
sS'wods'
p117
I92
sS'100'
p118
I90
sS"aren't"
p119
I90
sS'(sherman'
p120
I89
sS'dry'
p121
I92
sS'disrespect'
p122
I92
sS'omae'
p123
I92
sS'kids'
p124
I86
sS'daughter'
p125
I90
sS'items'
p126
I91
sS'k'
p127
I91
sS'changed'
p128
I90
sS'piercing'
p129
I92
sS'"regular'
p130
I92
sS'itunes'
p131
I92
sS'credit'
p132
I92
sS"i'd"
p133
I91
sS'chilling'
p134
I92
sS'smoke'
p135
I90
sS'browsing'
p136
I92
sS'military'
p137
I91
sS"i'm"
p138
I14
sS"someone's"
p139
I91
sS'legs'
p140
I92
sS'fantastic'
p141
I89
sS'hunch'
p142
I92
sS'figure'
p143
I92
sS'search'
p144
I92
sS'grandma'
p145
I92
sS'feelings'
p146
I91
sS'bro'
p147
I89
sS'conflicts'
p148
I92
sS'tirico'
p149
I92
sS'insta'
p150
I92
sS'best\xe2\x80\x9d'
p151
I92
sS'eastwood'
p152
I92
sS'scoffed'
p153
I92
sS'glance'
p154
I92
sS'total'
p155
I90
sS'scarier'
p156
I92
sS'plot'
p157
I85
sS'charge'
p158
I92
sS'would'
p159
I62
sS'novia?\xe2\x80\x9d'
p160
I92
sS"cole's"
p161
I92
sS'achieve'
p162
I92
sS'arms'
p163
I88
sS'cali'
p164
I90
sS'call'
p165
I86
sS'sarap'
p166
I92
sS'kiss'
p167
I92
sS'type'
p168
I90
sS'until'
p169
I91
sS'mystical'
p170
I92
sS'incredibly'
p171
I92
sS'speaking'
p172
I92
sS'holy'
p173
I91
sS'successful'
p174
I91
sS'oscar'
p175
I92
sS'haha'
p176
I76
sS'wars'
p177
I92
sS'award'
p178
I92
sS'hurt'
p179
I90
sS'phone'
p180
I87
sS'warm'
p181
I89
sS'adult'
p182
I92
sS'breaths'
p183
I92
sS'teaching'
p184
I92
sS'sadderday'
p185
I92
sS'midst'
p186
I92
sS'hold'
p187
I90
sS'hola'
p188
I92
sS'must'
p189
I87
sS'shoot'
p190
I90
sS'irvin'
p191
I92
sS'word'
p192
I90
sS'room'
p193
I89
sS'mc'
p194
I92
sS'rights'
p195
I88
sS'mo'
p196
I92
sS'work'
p197
I76
sS'mi'
p198
I92
sS'roof'
p199
I91
sS'movies'
p200
I87
sS'era'
p201
I90
sS'ms'
p202
I92
sS'mr'
p203
I92
sS'brake'
p204
I92
sS'my'
p205
I10
sS'example'
p206
I92
sS'grimes'
p207
I92
sS'casita'
p208
I92
sS'goood'
p209
I92
sS'give'
p210
I85
sS'childless'
p211
I92
sS'be-all'
p212
I92
sS'heartless'
p213
I92
sS'honey'
p214
I90
sS'homie'
p215
I92
sS'veggies'
p216
I92
sS'want'
p217
I69
sS'scheduling'
p218
I92
sS'keep'
p219
I84
sS'hoe'
p220
I91
sS'end'
p221
I89
sS'thing'
p222
I77
sS'provide'
p223
I92
sS'handguns'
p224
I92
sS'sitting'
p225
I90
sS'damage'
p226
I92
sS'end-all'
p227
I92
sS'revisit'
p228
I92
sS'machine'
p229
I91
sS'how'
p230
I53
sS'amazing'
p231
I83
sS'chicks'
p232
I92
sS'bunt'
p233
I92
sS'hop'
p234
I92
sS'rookie'
p235
I92
sS'interview'
p236
I90
sS'disappoint'
p237
I92
sS'ordinary'
p238
I92
sS'beach'
p239
I90
sS'horror'
p240
I92
sS'pizza'
p241
I89
sS'poker'
p242
I92
sS'becky'
p243
I92
sS'description'
p244
I92
sS'beauty'
p245
I91
sS'bday'
p246
I92
sS'bunim-murray'
p247
I83
sS'after'
p248
I73
sS'loyalty'
p249
I92
sS'lab'
p250
I92
sS'goxi'
p251
I92
sS"jay-z's"
p252
I92
sS'wrong'
p253
I91
sS'jumping'
p254
I92
sS'mph'
p255
I92
sS'president'
p256
I92
sS'law'
p257
I91
sS'meaningful'
p258
I92
sS'horchata'
p259
I92
sS'attempt'
p260
I91
sS'third'
p261
I90
sS'chillen'
p262
I91
sS'bwahahaha'
p263
I92
sS'greet'
p264
I92
sS'creepily'
p265
I92
sS'daredevil'
p266
I92
sS'green'
p267
I88
sS'ultimate'
p268
I91
sS'goodbye'
p269
I92
sS'keeps'
p270
I90
sS'worst'
p271
I88
sS'realizing'
p272
I92
sS'wine'
p273
I92
sS'origin'
p274
I91
sS'rn\xe2\x80\x9d'
p275
I92
sS'athletes\xe2\x80\xa6'
p276
I92
sS'fetus'
p277
I91
sS'decide'
p278
I92
sS'office'
p279
I59
sS'over'
p280
I72
sS'fall'
p281
I92
sS'westerns'
p282
I91
sS'magotes'
p283
I92
sS'finest'
p284
I92
sS'thesis'
p285
I92
sS'spontaneous'
p286
I92
sS'brutal'
p287
I92
sS'hook'
p288
I92
sS'mayor'
p289
I69
sS'before'
p290
I85
sS'ima'
p291
I91
sS'jersey'
p292
I92
sS'fit'
p293
I89
sS'hypocrisy'
p294
I92
sS'somewhere'
p295
I89
sS'screaming'
p296
I92
sS'fix'
p297
I91
sS'redfield'
p298
I92
sS'crew'
p299
I91
sS'better'
p300
I78
sS'405'
p301
I89
sS'400'
p302
I92
sS'weeks'
p303
I89
sS'then'
p304
I72
sS'them'
p305
I80
sS'riot"'
p306
I92
sS'gamer'
p307
I92
sS'workout'
p308
I83
sS'safe'
p309
I92
sS'8gb'
p310
I92
sS"we'll"
p311
I91
sS'gargling'
p312
I92
sS'break'
p313
I83
sS'band'
p314
I92
sS'giraffe'
p315
I92
sS'hu*'
p316
I92
sS'they'
p317
I55
sS'around\xe2\x80\x9d'
p318
I92
sS'one'
p319
I52
sS'(5990'
p320
I92
sS'shawty'
p321
I92
sS'bank'
p322
I92
sS'alex'
p323
I92
sS'rocky'
p324
I92
sS'gallows'
p325
I92
sS'mutual\xe2\x80\x9d'
p326
I92
sS'arrested'
p327
I92
sS'l'
p328
I89
sS'(cerebro/house/woods/prison)'
p329
I92
sS'laaaav'
p330
I92
sS'bush'
p331
I92
sS'holdin'
p332
I92
sS'cxla'
p333
I92
sS'fitness'
p334
I62
sS'us\xe2\x80\x9d'
p335
I92
sS'went'
p336
I86
sS'yung'
p337
I92
sS'side'
p338
I88
sS'luck'
p339
I87
sS'\xe0\xb9\x80\xe0\xb8\xaa\xe0\xb8\x94\xe0\xb9\x81\xe0\xb8\xa5\xe0\xb9\x89\xe0\xb8\xa7\xe0\xb8\x88\xe0\xb8\xb0\xe0\xb8\x9e\xe0\xb8\xb2\xe0\xb9\x84\xe0\xb8\x9b\xe0\xb9\x80\xe0\xb8\x97\xe0\xb8\xb5\xe0\xb9\x88\xe0\xb8\xa2\xe0\xb8\xa7'
p340
I92
sS'spidey'
p341
I92
sS'independent'
p342
I92
sS'series'
p343
I92
sS'magneto'
p344
I91
sS'allah'
p345
I92
sS'doomed'
p346
I92
sS'nuys)'
p347
I73
sS'taught'
p348
I92
sS'forgot'
p349
I91
sS'2day'
p350
I91
sS'noww'
p351
I92
sS'saturday'
p352
I91
sS'rt'
p353
I82
sS't-boned'
p354
I92
sS'unbound'
p355
I92
sS'driving'
p356
I88
sS'rs'
p357
I92
sS'god'
p358
I87
sS'jump'
p359
I92
sS'hooked'
p360
I92
sS'sand'
p361
I92
sS'george'
p362
I92
sS't-bones'
p363
I92
sS'nite'
p364
I90
sS'smh'
p365
I92
sS'got'
p366
I74
sS'rn'
p367
I90
sS'vagina'
p368
I92
sS'forth'
p369
I92
sS'sliding'
p370
I92
sS'foundation'
p371
I92
sS'arizona'
p372
I92
sS"doesn't"
p373
I84
sS'rail'
p374
I92
sS'screamed'
p375
I92
sS'free'
p376
I84
sS'campaigns'
p377
I92
sS'sec:)'
p378
I92
sS'evil'
p379
I89
sS'hoodie'
p380
I90
sS'jackman'
p381
I91
sS'returning'
p382
I92
sS'wanted'
p383
I90
sS'mvp'
p384
I92
sS'pulling'
p385
I92
sS'dammit'
p386
I92
sS'created'
p387
I92
sS'starts'
p388
I91
sS'privacy'
p389
I92
sS'days'
p390
I81
sS'creates'
p391
I90
sS'breaker!\xe2\x80\x9d'
p392
I92
sS'"no'
p393
I92
sS'iceman'
p394
I92
sS'uuwi'
p395
I92
sS'arrived'
p396
I91
sS'9pm'
p397
I92
sS'(at'
p398
I80
sS'bite'
p399
I92
sS'fuckin'
p400
I90
sS'stewart'
p401
I91
sS'chair/wolvie'
p402
I92
sS'already'
p403
I85
sS'night...food'
p404
I92
sS'lol\xe2\x80\x9d'
p405
I91
sS'champs'
p406
I92
sS'grade'
p407
I92
sS'fuckers'
p408
I92
sS'spaggs'
p409
I92
sS'hearing'
p410
I91
sS'rant'
p411
I91
sS'floors'
p412
I92
sS'another'
p413
I88
sS'knight'
p414
I92
sS'ku$h'
p415
I92
sS'comic'
p416
I81
sS'172'
p417
I92
sS'blunts'
p418
I91
sS'giant\xe2\x80\xa6'
p419
I92
sS'basketball'
p420
I90
sS'hydrant'
p421
I92
sS'service'
p422
I87
sS'schnitzel'
p423
I92
sS'top'
p424
I87
sS'night'
p425
I76
sS'girls'
p426
I88
sS'tow'
p427
I92
sS'elevator'
p428
I92
sS"he'll"
p429
I92
sS'needed'
p430
I90
sS'ton'
p431
I92
sS'too'
p432
I65
sS'tom'
p433
I90
sS'rons'
p434
I92
sS'hollywood'
p435
I90
sS'john'
p436
I88
sS'40th'
p437
I92
sS'dogs'
p438
I91
sS'toe'
p439
I92
sS'ceiling'
p440
I92
sS'murder'
p441
I92
sS'emblem'
p442
I92
sS'collapse'
p443
I92
sS'tooo'
p444
I92
sS'gym'
p445
I80
sS'serve'
p446
I92
sS'took'
p447
I88
sS'trippy'
p448
I91
sS'$25000'
p449
I92
sS'somewhat'
p450
I92
sS'horrible'
p451
I92
sS'breaker'
p452
I92
sS'begins'
p453
I92
sS'spoiler'
p454
I92
sS'trek'
p455
I92
sS'perfectly'
p456
I92
sS'list:*lists'
p457
I92
sS'target'
p458
I39
sS'showed'
p459
I92
sS'hike'
p460
I91
sS'outlaw'
p461
I92
sS'tree'
p462
I90
sS'scenes'
p463
I92
sS'nab'
p464
I92
sS'project'
p465
I92
sS'fitness)'
p466
I87
sS'classes'
p467
I91
sS'silly'
p468
I92
sS'mermaid'
p469
I92
sS'iron'
p470
I79
sS'knights'
p471
I91
sS'feeling'
p472
I88
sS'powers'
p473
I92
sS'minus'
p474
I92
sS'screenplay'
p475
I92
sS'mini'
p476
I90
sS'fashion'
p477
I92
sS'fcking'
p478
I92
sS'niggaa'
p479
I92
sS'ran'
p480
I92
sS'ram'
p481
I92
sS'mind'
p482
I86
sS'mine'
p483
I90
sS'spent'
p484
I92
sS'all-time'
p485
I90
sS'rap'
p486
I92
sS'seen'
p487
I85
sS'seem'
p488
I91
sS'obviously'
p489
I92
sS'mint'
p490
I92
sS'tells'
p491
I92
sS'ray'
p492
I91
sS'forced'
p493
I92
sS'4x4'
p494
I92
sS'it\xe2\x80\xa6'
p495
I91
sS'do"'
p496
I92
sS'doorn'
p497
I92
sS'-'
p498
I39
sS'brandon'
p499
I92
sS'chest'
p500
I88
sS'maxi'
p501
I92
sS'derek'
p502
I92
sS'doors'
p503
I91
sS'laughed'
p504
I92
sS'rider'
p505
I92
sS'rhcp'
p506
I92
sS'10\xe2\x80\xa6'
p507
I92
sS'blue'
p508
I90
sS'nobody'
p509
I92
sS'(excluding'
p510
I92
sS'though'
p511
I88
sS'bruce'
p512
I92
sS'huh'
p513
I92
sS'visionary'
p514
I92
sS'mashed'
p515
I92
sS'bradshaw...shoot'
p516
I92
sS'extending'
p517
I92
sS'regular'
p518
I92
sS'mouth'
p519
I91
sS'addict'
p520
I92
sS'honor'
p521
I92
sS'commanding'
p522
I92
sS'phase'
p523
I89
sS'kryptonian'
p524
I92
sS'jean'
p525
I92
sS'thriller'
p526
I92
sS'quick.\xe2\x80\x9d'
p527
I92
sS'\xe0\xb8\xab\xe0\xb8\xa3\xe0\xb8\xb7\xe0\xb8\xad\xe2\x80\xa6'
p528
I92
sS'singer'
p529
I88
sS'don'
p530
I92
sS'treats'
p531
I92
sS'dom'
p532
I91
sS'alarm'
p533
I92
sS'flop'
p534
I92
sS'flow'
p535
I92
sS'dog'
p536
I88
sS'doe'
p537
I92
sS'freeway'
p538
I89
sS'definitely'
p539
I85
sS'tha'
p540
I92
sS'pineapple'
p541
I92
sS'dos'
p542
I92
sS'entertaining'
p543
I92
sS'\xd8\xaa\xd9\x82\xd8\xaf\xd9\x8a\xd8\xb1'
p544
I92
sS'came'
p545
I83
sS'marvel'
p546
I83
sS'saying'
p547
I87
sS'bomb'
p548
I90
sS'inspire'
p549
I92
sS'lyrics'
p550
I91
sS'alone...definitely'
p551
I92
sS'random'
p552
I91
sS'semi-immortality'
p553
I92
sS'microbiology'
p554
I92
sS'pops'
p555
I90
sS'colors'
p556
I92
sS'radio'
p557
I91
sS'solutions'
p558
I91
sS'sneaking'
p559
I92
sS'earth'
p560
I91
sS'enjoyed'
p561
I90
sS'toast'
p562
I92
sS'busy'
p563
I90
sS'crossfit'
p564
I72
sS'wolverine."'
p565
I92
sS"1960's"
p566
I92
sS'buss'
p567
I92
sS'explain'
p568
I92
sS'appreciated'
p569
I92
sS'resident'
p570
I92
sS'theme'
p571
I92
sS'version'
p572
I92
sS'handle'
p573
I92
sS'rick'
p574
I92
sS'encino'
p575
I92
sS'cheeeeeese'
p576
I92
sS'folks'
p577
I91
sS'psylocke'
p578
I91
sS'rice'
p579
I92
sS'baaaaack'
p580
I92
sS'indepth'
p581
I92
sS'wearing'
p582
I91
sS'do'
p583
I45
sS'above'
p584
I92
sS'wide'
p585
I92
sS'honda'
p586
I91
sS'watch'
p587
I86
sS'dc'
p588
I92
sS'preferred'
p589
I92
sS'coast'
p590
I90
sS'bedoyas'
p591
I92
sS'cracks'
p592
I92
sS'watermelon'
p593
I92
sS'wedding'
p594
I92
sS'report'
p595
I92
sS'fu\xc3\xa9ramos'
p596
I92
sS'midterms'
p597
I92
sS'dr'
p598
I91
sS'becomes'
p599
I92
sS'unfortunately'
p600
I92
sS'laptop'
p601
I92
sS'bar'
p602
I92
sS'winos'
p603
I92
sS'message'
p604
I92
sS'officially'
p605
I90
sS'ahhhhhhh'
p606
I92
sS'bay'
p607
I90
sS'twice'
p608
I90
sS'bad'
p609
I80
sS'bae'
p610
I88
sS'gears'
p611
I91
sS'rival'
p612
I92
sS'grilled'
p613
I91
sS'fucka'
p614
I92
sS'steam'
p615
I92
sS'saul'
p616
I92
sS'wishhhh'
p617
I92
sS'espanol'
p618
I92
sS'human'
p619
I92
sS'fair'
p620
I92
sS'tattoos'
p621
I92
sS'w/'
p622
I49
sS'followers'
p623
I92
sS'reservations'
p624
I92
sS'zones'
p625
I92
sS"d's"
p626
I92
sS'pads'
p627
I92
sS'decided'
p628
I92
sS'damnation'
p629
I92
sS'double\xe2\x80\xa2stay'
p630
I92
sS'corrupt'
p631
I92
sS'bevmo'
p632
I90
sS'bleh'
p633
I92
sS'best'
p634
I69
sS'lancaster'
p635
I92
sS'03'
p636
I92
sS'said'
p637
I78
sS'peta'
p638
I92
sS"stark's"
p639
I92
sS'february'
p640
I92
sS'lots'
p641
I92
sS'away'
p642
I82
sS'fuckboy.\xe2\x80\x9d'
p643
I92
sS'smacks'
p644
I92
sS'pressures'
p645
I92
sS'tippin'
p646
I90
sS"there's"
p647
I86
sS'cry?d'
p648
I92
sS'hopefully'
p649
I92
sS'yogurt'
p650
I91
sS'approach'
p651
I92
sS'muh'
p652
I92
sS'360'
p653
I92
sS'we'
p654
I49
sS'men'
p655
I85
sS'omg'
p656
I83
sS'extend'
p657
I92
sS'vows'
p658
I92
sS'rolled'
p659
I92
sS'confusion'
p660
I92
sS'fruits'
p661
I92
sS'weak'
p662
I91
sS'mayne'
p663
I92
sS'newd'
p664
I92
sS'boss'
p665
I92
sS'cards'
p666
I92
sS'bosh'
p667
I92
sS'my_____'
p668
I92
sS'wtf'
p669
I89
sS'news'
p670
I89
sS'picking'
p671
I85
sS'packages'
p672
I92
sS'dumbed'
p673
I92
sS'pull'
p674
I92
sS'faced'
p675
I92
sS'cop'
p676
I91
sS'protect'
p677
I91
sS'accident'
p678
I91
sS'mvc3'
p679
I92
sS'country'
p680
I88
sS'ill'
p681
I89
sS'sparta'
p682
I92
sS'shield"'
p683
I92
sS'pitt'
p684
I92
sS'against'
p685
I86
sS'gotten'
p686
I92
sS'players'
p687
I92
sS'negative'
p688
I92
sS'games'
p689
I89
sS'planned'
p690
I92
sS'altidore'
p691
I92
sS'faces'
p692
I91
sS'asked'
p693
I90
sS'con'
p694
I89
sS'pre'
p695
I92
sS'motherfuckers'
p696
I92
sS'tough'
p697
I90
sS'had'
p698
I64
sS'irresponsible'
p699
I92
sS'waaay'
p700
I92
sS'cuz'
p701
I92
sS'"and'
p702
I92
sS'initiative'
p703
I92
sS'office)'
p704
I92
sS'tony'
p705
I87
sS'springs'
p706
I92
sS'trust'
p707
I87
sS'conference'
p708
I92
sS'\xd9\x8a\xd8\xb5\xd9\x86\xd8\xb9\xd9\x88\xd9\x86'
p709
I92
sS'solid\xe2\x80\xa6'
p710
I92
sS'angel'
p711
I92
sS'"you'
p712
I92
sS'fri'
p713
I92
sS'three'
p714
I88
sS'been'
p715
I71
sS'quickly'
p716
I92
sS'bothers'
p717
I92
sS'beer'
p718
I92
sS'much'
p719
I67
sS'interest'
p720
I92
sS'x-force'
p721
I91
sS'jackass'
p722
I91
sS'warmth'
p723
I92
sS'broads'
p724
I91
sS'website'
p725
I92
sS'life'
p726
I74
sS'out!\xe2\x80\xa6'
p727
I92
sS'innocent'
p728
I92
sS'16+'
p729
I92
sS'accidently'
p730
I92
sS'[video]'
p731
I92
sS'joss'
p732
I92
sS'worker'
p733
I91
sS'luther'
p734
I92
sS'ariana'
p735
I92
sS'locations'
p736
I92
sS'lickers'
p737
I92
sS'lift'
p738
I92
sS"cameron's"
p739
I92
sS'chile'
p740
I92
sS'personally'
p741
I91
sS'catch'
p742
I90
sS'worked'
p743
I90
sS'(and'
p744
I92
sS'escuela!"'
p745
I92
sS'gritty'
p746
I91
sS'tank'
p747
I92
sS'sounded'
p748
I92
sS'sh!t'
p749
I92
sS'(15025'
p750
I91
sS'freakier'
p751
I92
sS'professionally'
p752
I92
sS'air'
p753
I91
sS'ugly'
p754
I91
sS'evening'
p755
I92
sS'suppose'
p756
I92
sS'international'
p757
I92
sS'stopping'
p758
I91
sS'cracked'
p759
I92
sS'voice'
p760
I91
sS'"stay'
p761
I92
sS'employees'
p762
I92
sS'launched'
p763
I92
sS'2-pac'
p764
I92
sS'>\xe2\x80\x9d'
p765
I92
sS'n2n'
p766
I92
sS'"b'
p767
I92
sS'played'
p768
I86
sS'is'
p769
I13
sS'sushi'
p770
I90
sS'it'
p771
I9
sS'weddinthe'
p772
I92
sS'shame'
p773
I92
sS'cant'
p774
I88
sS'dizzy'
p775
I92
sS'im'
p776
I77
sS'cans'
p777
I92
sS'oaks)'
p778
I91
sS'in'
p779
I12
sS'id'
p780
I92
sS'if'
p781
I43
sS'\xe2\x80\x9ccount'
p782
I92
sS'things'
p783
I91
sS'make'
p784
I58
sS'polaroid'
p785
I92
sS'jerry'
p786
I91
sS'unfold'
p787
I92
sS'auggie'
p788
I92
sS'lyke'
p789
I92
sS'babies'
p790
I92
sS'cross-country'
p791
I92
sS'.............let'
p792
I92
sS'puttin'
p793
I92
sS'superman'
p794
I86
sS'confronting'
p795
I92
sS'showing'
p796
I92
sS'doobies'
p797
I92
sS'european'
p798
I92
sS'meets'
p799
I92
sS'braaahh'
p800
I92
sS'blames'
p801
I92
sS'social'
p802
I92
sS'hang'
p803
I91
sS'coachella'
p804
I90
sS'rain'
p805
I91
sS'adventure'
p806
I92
sS'garlic'
p807
I92
sS'knooooowwwww'
p808
I92
sS'characters'
p809
I90
sS'unicorn'
p810
I92
sS'jealous'
p811
I91
sS'burnin'
p812
I92
sS'kia'
p813
I92
sS'fuxking'
p814
I92
sS'opportunity'
p815
I92
sS'aka'
p816
I90
sS'tune'
p817
I91
sS'kid'
p818
I90
sS'dylan'
p819
I92
sS'shortly'
p820
I92
sS'scenario'
p821
I92
sS'thx'
p822
I90
sS'youre'
p823
I91
sS'ocean'
p824
I92
sS'tho'
p825
I85
sS'burgers'
p826
I91
sS'thing)'
p827
I92
sS'greatest'
p828
I89
sS'mother'
p829
I92
sS'dofp'
p830
I91
sS'the'
p831
I2
sS'smoked'
p832
I92
sS'corporate'
p833
I64
sS'dads'
p834
I90
sS'left'
p835
I86
sS'unified'
p836
I92
sS'just'
p837
I25
sS'unemployment'
p838
I92
sS'yea'
p839
I91
sS'photo'
p840
I90
sS'||'
p841
I91
sS'sleepy'
p842
I91
sS'riiise&griiind'
p843
I92
sS'correct--whatever'
p844
I92
sS'thanks'
p845
I78
sS'victim'
p846
I91
sS'yep'
p847
I91
sS'yes'
p848
I81
sS'yet'
p849
I87
sS'previous'
p850
I92
sS"joe's...grabe"
p851
I92
sS'adding'
p852
I92
sS'eli'
p853
I92
sS'dialogues'
p854
I92
sS'hills'
p855
I92
sS'ease'
p856
I92
sS'character'
p857
I87
sS'yummerzz'
p858
I92
sS'5s'
p859
I92
sS'tbh\xe2\x80\x9d'
p860
I92
sS'\xd9\x85\xd8\xa7'
p861
I92
sS"shield's"
p862
I92
sS'shout'
p863
I92
sS'spread'
p864
I92
sS'\xd9\x8a\xd8\xad\xd8\xa8\xd8\xa8'
p865
I92
sS'board'
p866
I92
sS'easy'
p867
I91
sS'prison'
p868
I91
sS'brokenness"\xe2\x80\x9d'
p869
I92
sS'chingy'
p870
I92
sS'save'
p871
I89
sS'gave'
p872
I87
sS'adopts'
p873
I92
sS'will\xe2\x80\xa6'
p874
I92
sS'encino5-9'
p875
I92
sS'casually'
p876
I92
sS'metaphorical'
p877
I92
sS"groceries...i'm"
p878
I92
sS'breaks'
p879
I91
sS'(van'
p880
I34
sS'lantern'
p881
I92
sS'possible'
p882
I92
sS'awhile'
p883
I92
sS'possibly'
p884
I92
sS'season\xe2\x80\x9d'
p885
I92
sS'commentate'
p886
I92
sS'judge'
p887
I92
sS'highly'
p888
I92
sS'rumor'
p889
I92
sS'apart'
p890
I92
sS'brought'
p891
I91
sS'nora'
p892
I92
sS'hiatus'
p893
I92
sS'gift'
p894
I88
sS"dui's"
p895
I92
sS'50'
p896
I91
sS'xbox'
p897
I92
sS'!"'
p898
I92
sS'private'
p899
I92
sS'erikanuri'
p900
I92
sS'steps'
p901
I92
sS'\xd8\xb9\xd9\x85\xd8\xb1\xd9\x83'
p902
I92
sS'(5711'
p903
I89
sS'have.something'
p904
I92
sS'matchup'
p905
I92
sS'somearabchick'
p906
I92
sS'battlefield'
p907
I91
sS'right'
p908
I61
sS'old'
p909
I72
sS'deal'
p910
I90
sS'people'
p911
I53
sS'\xe0\xb8\xa3\xe0\xb9\x89\xe0\xb8\xad\xe0\xb8\x99\xe0\xb8\x99\xe0\xb8\x99\xe0\xb8\x99'
p912
I92
sS'(5844'
p913
I90
sS'ooooo'
p914
I92
sS'crown'
p915
I92
sS'"je'
p916
I92
sS'emails'
p917
I92
sS'jennifer'
p918
I92
sS'reevaluate'
p919
I92
sS'born'
p920
I89
sS'productions'
p921
I83
sS'dear'
p922
I91
sS'pain'
p923
I88
sS'indirect'
p924
I92
sS'fuuuuck'
p925
I90
sS'vesper'
p926
I75
sS'creep'
p927
I91
sS'confusing'
p928
I92
sS'orchard\xe2\x80\xa6'
p929
I92
sS'for'
p930
I16
sS'bottom'
p931
I91
sS'lockdown'
p932
I92
sS'/'
p933
I91
sS'creative'
p934
I92
sS'everything'
p935
I87
sS'readily'
p936
I92
sS'adorable'
p937
I92
sS'christmas'
p938
I87
sS'officer'
p939
I92
sS'coordinator'
p940
I92
sS'holiday'
p941
I92
sS'wackiness'
p942
I92
sS'pls'
p943
I92
sS'peel'
p944
I92
sS'cheerfor'
p945
I92
sS'spider-man'
p946
I91
sS'burn'
p947
I91
sS'decisions'
p948
I92
sS'discount'
p949
I92
sS'cheadle'
p950
I92
sS'wakeup'
p951
I92
sS'post'
p952
I85
sS'super'
p953
I89
sS'supes'
p954
I82
sS'oreo'
p955
I92
sS'nowwwwww'
p956
I92
sS'attacks'
p957
I92
sS'months'
p958
I88
sS'bitch.\xe2\x80\x9d'
p959
I92
sS'o'
p960
I87
sS'patriarchal'
p961
I92
sS'dinner'
p962
I85
sS'plus'
p963
I91
sS'afternoon'
p964
I92
sS'stoked'
p965
I92
sS"..it's"
p966
I92
sS'\xd8\xa7\xd9\x84\xd8\xa7\xd9\x82\xd8\xaa\xd8\xb1\xd8\xa7\xd8\xa8'
p967
I92
sS'connecticut...merry'
p968
I92
sS'curry'
p969
I92
sS'sweater'
p970
I92
sS'automatically'
p971
I92
sS'animo'
p972
I92
sS'bath'
p973
I92
sS'nerve'
p974
I92
sS'aha'
p975
I91
sS'whats'
p976
I90
sS'"bae"'
p977
I92
sS'civil'
p978
I90
sS'pays'
p979
I92
sS'bound'
p980
I92
sS'soo'
p981
I91
sS'lois'
p982
I91
sS'down'
p983
I64
sS'remarks'
p984
I92
sS'schedule.\xe2\x80\x9d'
p985
I92
sS'bats'
p986
I90
sS'carving'
p987
I92
sS'balanced'
p988
I92
sS'dean'
p989
I92
sS'cubicle'
p990
I92
sS'rounds'
p991
I92
sS'saturdays'
p992
I92
sS'amidst'
p993
I92
sS'fabric'
p994
I91
sS'dorobat'
p995
I92
sS'jon'
p996
I92
sS'support'
p997
I91
sS'flying'
p998
I91
sS'expands'
p999
I92
sS'fight'
p1000
I91
sS'stuck'
p1001
I92
sS'fought'
p1002
I92
sS'way'
p1003
I71
sS'goddamn'
p1004
I92
sS'music'
p1005
I87
sS'everything\xe2\x80\x9d'
p1006
I92
sS'was'
p1007
I31
sS'war'
p1008
I89
sS'payyydayyyy'
p1009
I92
sS'happy'
p1010
I75
sS'"\xe0\xb8\xad\xe0\xb8\xb4\xe0\xb8\xae\xe0\xb8\xb1\xe0\xb8\x99\xe0\xb8\x99\xe0\xb8\xb5\xe0\xb9\x88"'
p1011
I92
sS'directs'
p1012
I92
sS'head'
p1013
I90
sS'creation'
p1014
I92
sS'offer'
p1015
I91
sS'batman'
p1016
I88
sS'becoming'
p1017
I92
sS'6'
p1018
I90
sS'undress'
p1019
I92
sS'typa'
p1020
I92
sS'talents'
p1021
I92
sS'needles'
p1022
I92
sS'hear'
p1023
I89
sS'dead'
p1024
I92
sS'true'
p1025
I85
sS'sprinting'
p1026
I92
sS'(still'
p1027
I92
sS'wiiinner'
p1028
I92
sS'duel'
p1029
I92
sS'guyaquil'
p1030
I92
sS'invincible'
p1031
I92
sS'inside'
p1032
I91
sS'vivo'
p1033
I91
sS'tell'
p1034
I35
sS'quicksilver'
p1035
I91
sS'adore'
p1036
I92
sS'servings'
p1037
I92
sS'mis-interpreting'
p1038
I92
sS'emotional'
p1039
I92
sS'nauseas'
p1040
I92
sS'email'
p1041
I92
sS'\xe2\x9b\xb5\xef\xb8\x8f'
p1042
I92
sS'152'
p1043
I92
sS'proved'
p1044
I92
sS'\xd8\xaa\xd9\x81\xd8\xb9\xd9\x84'
p1045
I92
sS'classic'
p1046
I89
sS'fury'
p1047
I89
sS'request'
p1048
I92
sS'tournament'
p1049
I92
sS'covers'
p1050
I92
sS'drive'
p1051
I87
sS'soothe'
p1052
I92
sS'badassdom'
p1053
I92
sS'ship'
p1054
I88
sS'annoying'
p1055
I89
sS'trip'
p1056
I88
sS'shit'
p1057
I54
sS'looked'
p1058
I92
sS'123'
p1059
I92
sS'dying'
p1060
I90
sS'floor'
p1061
I91
sS'zane'
p1062
I92
sS'na'
p1063
I92
sS'alerts'
p1064
I92
sS'when'
p1065
I41
sS'ne'
p1066
I91
sS'nightcrawler'
p1067
I92
sS'til'
p1068
I92
sS'pasadena'
p1069
I92
sS'role'
p1070
I92
sS'test'
p1071
I90
sS'holly'
p1072
I90
sS'\xd8\xa5\xd9\x84\xd9\x8a\xd9\x83'
p1073
I92
sS'smell'
p1074
I89
sS'pen'
p1075
I92
sS'scored'
p1076
I92
sS'picture'
p1077
I92
sS"'s"
p1078
I92
sS'brothers'
p1079
I90
sS'phoenix'
p1080
I92
sS'dies'
p1081
I92
sS'felt'
p1082
I88
sS'weirdest'
p1083
I92
sS'diet'
p1084
I91
sS"let's"
p1085
I92
sS'journey'
p1086
I91
sS'invested'
p1087
I92
sS'professional'
p1088
I92
sS'rolling'
p1089
I92
sS"floatin'"
p1090
I92
sS'spy'
p1091
I92
sS'weekend'
p1092
I82
sS'died'
p1093
I89
sS'billion'
p1094
I92
sS'tweeting'
p1095
I92
sS'longer'
p1096
I91
sS'bullet'
p1097
I92
sS'glass'
p1098
I92
sS"mike's"
p1099
I92
sS'italy'
p1100
I92
sS'together'
p1101
I88
sS"n'"
p1102
I92
sS'loyal'
p1103
I92
sS'vietnam'
p1104
I92
sS'time'
p1105
I50
sS'push'
p1106
I92
sS'serious'
p1107
I90
sS'\xe0\xb8\xa3\xe0\xb8\xad'
p1108
I90
sS'paige'
p1109
I92
sS'stacks'
p1110
I92
sS'songs'
p1111
I91
sS'spremaj'
p1112
I92
sS'concept'
p1113
I91
sS':('
p1114
I91
sS':)'
p1115
I79
sS'chain'
p1116
I92
sS'whoever'
p1117
I92
sS'dance'
p1118
I92
sS'skip'
p1119
I91
sS'rob'
p1120
I92
sS'global'
p1121
I91
sS'focus'
p1122
I90
sS'themes'
p1123
I92
sS'manager'
p1124
I92
sS'lannister'
p1125
I92
sS'ice'
p1126
I90
sS'grateful'
p1127
I92
sS'skin'
p1128
I90
sS'zpeaking'
p1129
I92
sS'row'
p1130
I92
sS'layers'
p1131
I92
sS'venice'
p1132
I92
sS'shleeeepy'
p1133
I92
sS'depend'
p1134
I92
sS'zone'
p1135
I92
sS'dominoespizza'
p1136
I92
sS'honoring'
p1137
I92
sS'hump'
p1138
I92
sS'(14949'
p1139
I92
sS'father'
p1140
I90
sS'disgusting'
p1141
I90
sS'n!;*"$"'
p1142
I92
sS'click'
p1143
I92
sS'0'
p1144
I92
sS'finally'
p1145
I81
sS'watchmen'
p1146
I90
sS'marks'
p1147
I91
sS'melon'
p1148
I92
sS'tho!\xe2\x80\xa6'
p1149
I92
sS'me'
p1150
I19
sS':o'
p1151
I92
sS'itttt'
p1152
I92
sS'jerk'
p1153
I92
sS'"comedian"'
p1154
I92
sS':d'
p1155
I92
sS'iggy'
p1156
I91
sS'keeping'
p1157
I92
sS'seemingly'
p1158
I92
sS'choice'
p1159
I91
sS'vegas'
p1160
I91
sS'anonymous'
p1161
I92
sS'ma'
p1162
I91
sS'trouble'
p1163
I90
sS'\xd9\x84\xd9\x8a\xd9\x84\xd8\xaa\xd9\x81\xd8\xaa'
p1164
I92
sS'cool'
p1165
I82
sS'*comes'
p1166
I92
sS'staples'
p1167
I91
sS'gud'
p1168
I92
sS'did'
p1169
I75
sS'die'
p1170
I89
sS'dif'
p1171
I92
sS'dig'
p1172
I92
sS'peeps'
p1173
I91
sS'brother'
p1174
I88
sS'cloudy'
p1175
I92
sS'leave'
p1176
I88
sS'p'
p1177
I91
sS'soooo'
p1178
I90
sS'alive...real'
p1179
I92
sS'teal'
p1180
I92
sS'team'
p1181
I86
sS'quick'
p1182
I91
sS'guy'
p1183
I77
sS'dip'
p1184
I92
sS'round'
p1185
I91
sS'zigagging'
p1186
I92
sS'prevent'
p1187
I92
sS'pork'
p1188
I92
sS'blade'
p1189
I89
sS'says'
p1190
I91
sS'regret'
p1191
I90
sS"stern's"
p1192
I92
sS'man."'
p1193
I92
sS'tomorrowland'
p1194
I92
sS'sign'
p1195
I88
sS'run'
p1196
I87
sS'snotting'
p1197
I92
sS'targets'
p1198
I92
sS'drinks'
p1199
I91
sS'curse'
p1200
I92
sS'bystanders?"'
p1201
I92
sS'yeezus'
p1202
I88
sS'maaaaan'
p1203
I92
sS'rum'
p1204
I92
sS'300'
p1205
I92
sS'suspect'
p1206
I92
sS'goes'
p1207
I81
sS'reply'
p1208
I91
sS'oaks'
p1209
I67
sS'crashing'
p1210
I92
sS'satisfy'
p1211
I92
sS'supporting'
p1212
I92
sS'alina'
p1213
I92
sS'pose'
p1214
I91
sS'bandwagon'
p1215
I92
sS'target)'
p1216
I87
sS'bh'
p1217
I92
sS'makeup'
p1218
I92
sS'french'
p1219
I92
sS'water'
p1220
I85
sS'downloaded'
p1221
I89
sS'nemesis'
p1222
I92
sS'witch'
p1223
I91
sS'alone'
p1224
I86
sS'along'
p1225
I91
sS'50cent'
p1226
I92
sS'bullyyyyy'
p1227
I92
sS'change'
p1228
I89
sS'wait'
p1229
I88
sS'box'
p1230
I90
sS'boy'
p1231
I88
sS'govorna'
p1232
I92
sS'yessss'
p1233
I92
sS'buco'
p1234
I92
sS'healthy'
p1235
I91
sS'shift'
p1236
I92
sS'title'
p1237
I92
sS'wherever'
p1238
I92
sS'lakers'
p1239
I92
sS'proud'
p1240
I92
sS'jammin'
p1241
I92
sS'proverbe'
p1242
I92
sS'bon'
p1243
I92
sS'boo'
p1244
I88
sS'usually'
p1245
I92
sS'weird'
p1246
I90
sS'minecraft'
p1247
I92
sS'this...not'
p1248
I92
sS'genuinely'
p1249
I92
sS'love'
p1250
I47
sS'morals'
p1251
I92
sS'extra'
p1252
I89
sS'bs'
p1253
I92
sS'prefer'
p1254
I90
sS'compare'
p1255
I92
sS'shwarma'
p1256
I92
sS'tomorrows'
p1257
I92
sS'jose'
p1258
I92
sS'1st'
p1259
I92
sS'swallowed'
p1260
I92
sS'd-wade'
p1261
I92
sS'everybody'
p1262
I92
sS'\xd8\xb9\xd9\x86\xd8\xaf\xd9\x85\xd8\xa7'
p1263
I92
sS'working'
p1264
I86
sS'aye'
p1265
I92
sS'positive'
p1266
I91
sS'angry'
p1267
I92
sS'dude'
p1268
I82
sS'tears'
p1269
I92
sS'properties'
p1270
I92
sS'wrongs'
p1271
I92
sS'ca)'
p1272
I30
sS'jam'
p1273
I92
sS'iphone'
p1274
I89
sS'wondering'
p1275
I92
sS'msh'
p1276
I92
sS'films'
p1277
I85
sS'scope'
p1278
I92
sS'thru'
p1279
I91
sS'shark...once'
p1280
I92
sS'today'
p1281
I62
sS'loving'
p1282
I89
sS'tvojoj'
p1283
I92
sS'abrams'
p1284
I91
sS'penn'
p1285
I92
sS'wellness'
p1286
I92
sS'cashier'
p1287
I92
sS'oregon'
p1288
I92
sS'chocolate'
p1289
I91
sS'casey'
p1290
I92
sS'teaser'
p1291
I92
sS'teases'
p1292
I92
sS'kerri'
p1293
I92
sS'enthusiasm'
p1294
I92
sS'\xe2\x9d\xa4\xef\xb8\x8f\xe2\x9d\xa4\xef\xb8\x8f'
p1295
I91
sS'cases'
p1296
I92
sS'effort'
p1297
I92
sS'riders'
p1298
I92
sS'mascot'
p1299
I91
sS'fly'
p1300
I92
sS'walled'
p1301
I92
sS'lowercase'
p1302
I92
sS'douche'
p1303
I92
sS'volunteering'
p1304
I92
sS'whaaaat'
p1305
I92
sS'car'
p1306
I69
sS'cap'
p1307
I90
sS'soul'
p1308
I91
sS'cat'
p1309
I92
sS'reviews'
p1310
I91
sS'soup'
p1311
I92
sS'hardest'
p1312
I92
sS'sour'
p1313
I92
sS'can'
p1314
I49
sS'cam'
p1315
I91
sS'growing'
p1316
I91
sS'making'
p1317
I83
sS'laughter'
p1318
I92
sS'jacknut'
p1319
I92
sS'heart'
p1320
I88
sS'crazy'
p1321
I89
sS'hears'
p1322
I92
sS'predict'
p1323
I92
sS'december'
p1324
I92
sS'awesome'
p1325
I89
sS"didn't"
p1326
I78
sS'fuck'
p1327
I65
sS'heard'
p1328
I88
sS'critic'
p1329
I92
sS'workaholics'
p1330
I92
sS'burbank'
p1331
I87
sS'mmmmmm'
p1332
I91
sS'offense'
p1333
I92
sS'counting'
p1334
I91
sS'stole'
p1335
I92
sS'subconsciously'
p1336
I91
sS'attractive.\xe2\x80\x9d'
p1337
I92
sS'awwww'
p1338
I92
sS'cumshot'
p1339
I92
sS'ads....does'
p1340
I92
sS's3'
p1341
I92
sS'sailboat'
p1342
I92
sS'discussion'
p1343
I91
sS'watching'
p1344
I88
sS'cliche'
p1345
I92
sS's4'
p1346
I92
sS'1'
p1347
I81
sS'till'
p1348
I87
sS'sunday'
p1349
I83
sS'hamburgers'
p1350
I92
sS'pure'
p1351
I92
sS'pins'
p1352
I90
sS'nyc'
p1353
I91
sS'jarvis/ultron'
p1354
I90
sS'nonstop'
p1355
I91
sS'$100'
p1356
I92
sS'staying'
p1357
I91
sS'designer'
p1358
I92
sS'"there\'s'
p1359
I92
sS'huge'
p1360
I92
sS'may'
p1361
I90
sS'max'
p1362
I91
sS"rhys'"
p1363
I92
sS'diva'
p1364
I92
sS'latte'
p1365
I92
sS'mac'
p1366
I91
sS'birthday'
p1367
I85
sS'mad'
p1368
I81
sS'mag'
p1369
I92
sS'date'
p1370
I89
sS'such'
p1371
I84
sS'suck'
p1372
I86
sS'guys'
p1373
I79
sS'avengers'
p1374
I84
sS'man'
p1375
I61
sS'sun:)'
p1376
I92
sS'better.\xe2\x80\x9d'
p1377
I92
sS'twitch'
p1378
I92
sS'natural'
p1379
I92
sS'remember'
p1380
I83
sS'grandson'
p1381
I92
sS'tbh'
p1382
I92
sS'whenever'
p1383
I91
sS'maybe'
p1384
I88
sS'simple'
p1385
I92
sS'su'
p1386
I92
sS'st'
p1387
I77
sS'q'
p1388
I91
sS'cvs/pharmacy)'
p1389
I91
sS'mango'
p1390
I92
sS'so'
p1391
I29
sS'"post-season"'
p1392
I92
sS'forebears'
p1393
I92
sS'kicked'
p1394
I92
sS'sb'
p1395
I92
sS'sa'
p1396
I92
sS'drone'
p1397
I92
sS'pulled'
p1398
I92
sS'alslfkakajs'
p1399
I92
sS'talk'
p1400
I82
sS'sd'
p1401
I92
sS'refund'
p1402
I92
sS'cute'
p1403
I88
sS'florida"'
p1404
I92
sS'shield'
p1405
I90
sS'spitting'
p1406
I92
sS'indeed'
p1407
I90
sS'years'
p1408
I85
sS'ended'
p1409
I90
sS'episodes'
p1410
I92
sS'tact\xe2\x9c\x8c\xef\xb8\x8f'
p1411
I92
sS'cuts'
p1412
I91
sS'also..i'
p1413
I92
sS'cold'
p1414
I89
sS'still'
p1415
I67
sS'worship'
p1416
I92
sS'seeming'
p1417
I92
sS'bronco'
p1418
I92
sS'group'
p1419
I91
sS'thank'
p1420
I75
sS'"go'
p1421
I92
sS"he's"
p1422
I76
sS'smoothie'
p1423
I92
sS'thang'
p1424
I91
sS'birthdays'
p1425
I92
sS'hot'
p1426
I84
sS"he'd"
p1427
I92
sS'window'
p1428
I92
sS'alexortiz429'
p1429
I91
sS'thanx'
p1430
I92
sS'tweets'
p1431
I85
sS'mail'
p1432
I92
sS'verit\xc3\xa9."\xe2\x80\x9d'
p1433
I92
sS'aliens'
p1434
I91
sS'happened'
p1435
I87
sS'nom'
p1436
I90
sS'non'
p1437
I90
sS'within'
p1438
I92
sS'14849'
p1439
I92
sS'3'
p1440
I76
sS'nod'
p1441
I92
sS'devastated'
p1442
I92
sS'introduce'
p1443
I92
sS'feelin'
p1444
I89
sS'lunch'
p1445
I84
sS'shrouded'
p1446
I92
sS'adrenaline'
p1447
I92
sS'conquer'
p1448
I92
sS'attention\xe2\x80\x9d'
p1449
I92
sS'half'
p1450
I87
sS'not'
p1451
I32
sS'scorsese'
p1452
I92
sS'now'
p1453
I55
sS'ahaha'
p1454
I92
sS'killed'
p1455
I85
sS'maintaining'
p1456
I92
sS'nos'
p1457
I92
sS'wont'
p1458
I91
sS'name'
p1459
I88
sS'suchhhhhh'
p1460
I92
sS'james'
p1461
I90
sS'drop'
p1462
I90
sS'appropriate'
p1463
I92
sS'tera'
p1464
I92
sS'cuzz'
p1465
I92
sS'rock'
p1466
I88
sS'\xd9\x87\xd8\xa7\xd9\x84\xd8\xa9'
p1467
I91
sS'yummy'
p1468
I92
sS'em'
p1469
I91
sS'el'
p1470
I89
sS'en'
p1471
I88
sS'impeachment'
p1472
I92
sS'eh'
p1473
I92
sS'elephants'
p1474
I91
sS'torch'
p1475
I92
sS'directing'
p1476
I92
sS'yeah'
p1477
I78
sS'zebra'
p1478
I92
sS'year'
p1479
I82
sS'wether'
p1480
I92
sS'ft'
p1481
I91
sS'girl'
p1482
I84
sS'calling'
p1483
I92
sS'es'
p1484
I91
sS'plans'
p1485
I92
sS'album'
p1486
I87
sS'living'
p1487
I90
sS'nap\xe2\x80\x9d'
p1488
I92
sS"america's"
p1489
I91
sS'jackson'
p1490
I89
sS'footsteps'
p1491
I92
sS'3rd'
p1492
I90
sS'space'
p1493
I91
sS'dwayne'
p1494
I92
sS'fu'
p1495
I92
sS'looking'
p1496
I84
sS'seriously'
p1497
I87
sS'tingle'
p1498
I91
sS"shouldn't"
p1499
I92
sS'hacked'
p1500
I92
sS'formula'
p1501
I92
sS'illogical'
p1502
I92
sS'quer\xc3\xada'
p1503
I92
sS'people\xe2\x80\x9d'
p1504
I92
sS'smfh'
p1505
I91
sS'earlier'
p1506
I92
sS'theory'
p1507
I92
sS'state'
p1508
I91
sS'cars'
p1509
I92
sS"e'"
p1510
I92
sS'waterfalls'
p1511
I92
sS'boobs'
p1512
I91
sS'pumping'
p1513
I92
sS'hulk'
p1514
I92
sS'you.\xe2\x80\x9d'
p1515
I87
sS'argh'
p1516
I92
sS'capcom'
p1517
I92
sS'flyer'
p1518
I92
sS'california'
p1519
I91
sS'besides'
p1520
I92
sS'socked'
p1521
I92
sS'office\xe2\x80\xa6'
p1522
I92
sS'card'
p1523
I92
sS'care'
p1524
I87
sS'partner'
p1525
I92
sS'advance'
p1526
I92
sS'training'
p1527
I92
sS'carnival'
p1528
I91
sS'handstand'
p1529
I92
sS'coulda'
p1530
I92
sS'sneaky'
p1531
I92
sS'programming'
p1532
I92
sS'tries'
p1533
I92
sS'british'
p1534
I91
sS'chevy'
p1535
I90
sS'turn'
p1536
I82
sS'someone.\xe2\x80\x9d'
p1537
I92
sS'place'
p1538
I87
sS'goyer'
p1539
I88
sS'styles'
p1540
I92
sS'fantomex'
p1541
I91
sS'widow'
p1542
I92
sS'think'
p1543
I68
sS'teammates'
p1544
I92
sS'first'
p1545
I76
sS'blind'
p1546
I90
sS'cheese'
p1547
I90
sS"c'est"
p1548
I92
sS'striking'
p1549
I92
sS'spoken'
p1550
I91
sS'xoxo'
p1551
I92
sS'arc'
p1552
I92
sS'symbolic'
p1553
I92
sS'flipping'
p1554
I92
sS'crib'
p1555
I91
sS'yourself'
p1556
I90
sS'long'
p1557
I86
sS'directly'
p1558
I92
sS'impossible'
p1559
I92
sS'sounds'
p1560
I92
sS'open'
p1561
I92
sS'tomorrow'
p1562
I86
sS'city'
p1563
I92
sS'little'
p1564
I79
sS'lap'
p1565
I92
sS'caught'
p1566
I91
sS'plastic'
p1567
I91
sS'anyone'
p1568
I83
sS'returns'
p1569
I92
sS'2'
p1570
I51
sS"once...there'd"
p1571
I92
sS'irving'
p1572
I92
sS'white'
p1573
I88
sS'weeeeeeeeeee!!~'
p1574
I92
sS'friend'
p1575
I88
sS'gives'
p1576
I92
sS'eyes'
p1577
I88
sS'pecs'
p1578
I92
sS'exoskeleton'
p1579
I92
sS'trayvon'
p1580
I91
sS'that'
p1581
I20
sS'season'
p1582
I86
sS'preporuci'
p1583
I92
sS'\xc2\xa1buen'
p1584
I92
sS'proving'
p1585
I92
sS"jackson's"
p1586
I91
sS'cuvacu'
p1587
I92
sS'sequels'
p1588
I90
sS'(mansion)'
p1589
I92
sS"(leon's"
p1590
I92
sS'x2'
p1591
I91
sS'x3'
p1592
I81
sS'thai'
p1593
I91
sS'x1'
p1594
I91
sS'representing'
p1595
I92
sS'than'
p1596
I76
sS'be!"'
p1597
I91
sS'boyfriend'
p1598
I92
sS'10'
p1599
I90
sS'television'
p1600
I92
sS'12'
p1601
I90
sS'15'
p1602
I90
sS'lmao'
p1603
I85
sS"warrior's"
p1604
I92
sS'f-u'
p1605
I92
sS'19'
p1606
I92
sS'favors'
p1607
I92
sS'gotta'
p1608
I88
sS'matches\xe2\x80\xa6'
p1609
I92
sS'r'
p1610
I89
sS'were'
p1611
I78
sS'bauer'
p1612
I86
sS'marines'
p1613
I91
sS'counselor'
p1614
I92
sS'russia'
p1615
I92
sS'and'
p1616
I6
sS'coconut'
p1617
I92
sS'real\xe2\x80\x9d'
p1618
I92
sS'san'
p1619
I91
sS'nicer'
p1620
I92
sS'parking'
p1621
I92
sS'argument'
p1622
I91
sS'interpretation'
p1623
I92
sS'sad'
p1624
I90
sS'say'
p1625
I83
sS'invasion)'
p1626
I92
sS'allen'
p1627
I91
sS'breakfast'
p1628
I89
sS'(4fvl)'
p1629
I92
sS'saw'
p1630
I85
sS'any'
p1631
I81
sS'marathon'
p1632
I92
sS'sat'
p1633
I91
sS'kush'
p1634
I91
sS'speakers'
p1635
I92
sS'squat'
p1636
I90
sS'zod'
p1637
I87
sS'warriors'
p1638
I92
sS'shocked'
p1639
I92
sS'terrific'
p1640
I92
sS'di'
p1641
I92
sS'squad'
p1642
I90
sS'hookah'
p1643
I92
sS'take'
p1644
I80
sS'attempted'
p1645
I92
sS'goabwkdwjje'
p1646
I92
sS'upside'
p1647
I91
sS'mayer'
p1648
I92
sS'blunt'
p1649
I92
sS'heal'
p1650
I92
sS'channel'
p1651
I91
sS'bitching'
p1652
I92
sS'200'
p1653
I92
sS'begin'
p1654
I91
sS'sure'
p1655
I88
sS'multiple'
p1656
I90
sS'theatre'
p1657
I92
sS'roster'
p1658
I92
sS'track'
p1659
I91
sS'cheesecake'
p1660
I92
sS'price'
p1661
I91
sS'sherman'
p1662
I70
sS'shark'
p1663
I92
sS'immigration'
p1664
I92
sS'session\xe2\x99\xa1get'
p1665
I92
sS'beta'
p1666
I92
sS'multiply'
p1667
I92
sS'right?\xe2\x80\x9d'
p1668
I92
sS'america'
p1669
I90
sS'tweeting\xe2\x80\x9d'
p1670
I92
sS'forever'
p1671
I88
sS'especially'
p1672
I90
sS'egg'
p1673
I91
sS'headed'
p1674
I92
sS'later'
p1675
I90
sS'sisters'
p1676
I92
sS'hungry'
p1677
I91
sS'helplessly'
p1678
I92
sS'24/7'
p1679
I92
sS'mri'
p1680
I92
sS'*minus'
p1681
I91
sS'uncle'
p1682
I92
sS'senior'
p1683
I90
sS'salt'
p1684
I92
sS'nightmare'
p1685
I92
sS'laws'
p1686
I91
sS'shop'
p1687
I92
sS'replied'
p1688
I92
sS'walking'
p1689
I91
sS'shot'
p1690
I90
sS'show'
p1691
I83
sS'german'
p1692
I91
sS'to\xe2\x80\x9d'
p1693
I92
sS'gira'
p1694
I92
sS'estoy'
p1695
I92
sS'corner'
p1696
I91
sS'aggressive'
p1697
I92
sS'mister'
p1698
I92
sS'pacific'
p1699
I92
sS'geography'
p1700
I92
sS'aint'
p1701
I92
sS'slow'
p1702
I92
sS'dice'
p1703
I92
sS'\xe2\x9c\x8a'
p1704
I92
sS'daily'
p1705
I92
sS'dick'
p1706
I90
sS'outside'
p1707
I86
sS'crime'
p1708
I92
sS'aahhhhhhhh'
p1709
I92
sS'only'
p1710
I64
sS'going'
p1711
I62
sS'black'
p1712
I86
sS'raising'
p1713
I92
sS'developed'
p1714
I92
sS'sierra'
p1715
I92
sS'\xe2\x9c\x94'
p1716
I92
sS'3:30am'
p1717
I92
sS'pumpkin'
p1718
I92
sS'bridge'
p1719
I92
sS"'adventure"
p1720
I92
sS'bwahahahaha'
p1721
I92
sS'uncles'
p1722
I92
sS'get'
p1723
I42
sS'wailin'
p1724
I92
sS'condemning'
p1725
I92
sS'jazz'
p1726
I91
sS'freezing'
p1727
I91
sS'congratulations'
p1728
I92
sS'epicness'
p1729
I92
sS'tricked'
p1730
I92
sS'cannot'
p1731
I91
sS"world's"
p1732
I92
sS"'til"
p1733
I92
sS'compliments'
p1734
I92
sS"wilson's"
p1735
I92
sS'installed'
p1736
I92
sS'comment'
p1737
I92
sS'prime'
p1738
I91
sS'"rage"'
p1739
I92
sS'outraged'
p1740
I92
sS'leather'
p1741
I92
sS'bearings'
p1742
I92
sS'7days'
p1743
I92
sS'attitude'
p1744
I92
sS'mon'
p1745
I92
sS'morning'
p1746
I77
sS'joker'
p1747
I92
sS'jokes'
p1748
I92
sS'stupid'
p1749
I91
sS'roger'
p1750
I92
sS'-julian'
p1751
I92
sS'inhumane'
p1752
I92
sS'keyes'
p1753
I78
sS'scott'
p1754
I92
sS'pants'
p1755
I90
sS'where'
p1756
I75
sS'vision'
p1757
I91
sS"y'all"
p1758
I91
sS'15.5mile'
p1759
I92
sS'\xd9\x83\xd8\xb0\xd9\x84\xd9\x83\xd8\x8c'
p1760
I92
sS'farris'
p1761
I92
sS'player'
p1762
I92
sS'opts'
p1763
I92
sS'violated'
p1764
I92
sS"bill's"
p1765
I92
sS'stylist'
p1766
I92
sS'cocktails'
p1767
I92
sS'lyfe'
p1768
I92
sS'actively'
p1769
I92
sS'college'
p1770
I92
sS'sean'
p1771
I92
sS'hoes'
p1772
I91
sS'apologies'
p1773
I92
sS'beppo'
p1774
I92
sS'surgery'
p1775
I91
sS'jelena'
p1776
I92
sS'wonder'
p1777
I90
sS'dexter\xe2\x80\xa6'
p1778
I92
sS'fails'
p1779
I92
sS'ways'
p1780
I91
sS'forgotten'
p1781
I92
sS'review'
p1782
I91
sS'thurs'
p1783
I91
sS"father's"
p1784
I92
sS'pump'
p1785
I90
sS'invokes'
p1786
I92
sS'between'
p1787
I89
sS'bombing'
p1788
I92
sS'across'
p1789
I92
sS'notice'
p1790
I92
sS'august'
p1791
I90
sS'screen'
p1792
I90
sS'(7am)'
p1793
I92
sS'jr'
p1794
I92
sS'killing'
p1795
I89
sS'blame'
p1796
I90
sS'supermarket'
p1797
I92
sS'hurts'
p1798
I92
sS'je'
p1799
I92
sS'spark'
p1800
I91
sS'product'
p1801
I92
sS'come'
p1802
I75
sS'coupons'
p1803
I92
sS'21'
p1804
I92
sS'honestly\xe2\x80\x9d'
p1805
I92
sS'passenger'
p1806
I92
sS'embarrassment'
p1807
I92
sS'many'
p1808
I80
sS'sleeps'
p1809
I92
sS'adios'
p1810
I92
sS'owt'
p1811
I92
sS'quiet'
p1812
I92
sS'contract'
p1813
I92
sS'restroom'
p1814
I92
sS's'
p1815
I91
sS'guardians'
p1816
I91
sS'happen.\xe2\x80\x9d'
p1817
I92
sS'backpack'
p1818
I92
sS'comes'
p1819
I90
sS'armenian'
p1820
I92
sS'\xd9\x85\xd8\xaf\xd9\x8a\xd8\xaf'
p1821
I92
sS'key'
p1822
I90
sS'moly'
p1823
I92
sS'warriors"'
p1824
I92
sS'jk'
p1825
I92
sS'jeans'
p1826
I92
sS'oxnard'
p1827
I78
sS'nooooo'
p1828
I92
sS'60'
p1829
I92
sS'twin'
p1830
I92
sS"couldn't"
p1831
I92
sS'comeback'
p1832
I92
sS'sentinel'
p1833
I92
sS'aaaagggghhhh'
p1834
I92
sS'demon/dark'
p1835
I92
sS'tub'
p1836
I92
sS'custody'
p1837
I92
sS'caring'
p1838
I92
sS'destroyed'
p1839
I92
sS'punisher'
p1840
I91
sS'mara'
p1841
I92
sS'cares'
p1842
I91
sS'stiiiilll'
p1843
I92
sS'west'
p1844
I90
sS'50%'
p1845
I91
sS'mehehe'
p1846
I92
sS'vacation'
p1847
I90
sS'mark'
p1848
I91
sS'breath'
p1849
I91
sS'batman"'
p1850
I92
sS'vrai'
p1851
I92
sS'sesh'
p1852
I92
sS'staring'
p1853
I92
sS'commentating'
p1854
I92
sS'qu\xc3\xa9'
p1855
I92
sS'wants'
p1856
I90
sS'show"'
p1857
I92
sS'direction'
p1858
I92
sS'shopping'
p1859
I91
sS'busting'
p1860
I92
sS'robbed'
p1861
I92
sS'thousand'
p1862
I91
sS'beautiful!)'
p1863
I92
sS'andrew'
p1864
I92
sS'mind\xe2\x80\x9d'
p1865
I92
sS'mocking'
p1866
I92
sS'jueves'
p1867
I92
sS'bmw'
p1868
I92
sS'hashtag'
p1869
I91
sS'foggy'
p1870
I92
sS'laying'
p1871
I92
sS'sticky'
p1872
I92
sS'irrelevant'
p1873
I92
sS'spirit'
p1874
I91
sS'those'
p1875
I81
sS'sound'
p1876
I90
sS'shaft'
p1877
I92
sS'myself'
p1878
I90
sS'cutie'
p1879
I92
sS'limits'
p1880
I92
sS'tweetup'
p1881
I92
sS'these'
p1882
I80
sS'at\xe2\x80\xa6'
p1883
I92
sS'd-list'
p1884
I92
sS'cast'
p1885
I92
sS'goodmorning'
p1886
I92
sS'situation'
p1887
I91
sS'piano'
p1888
I92
sS'on\xe2\x80\x9d'
p1889
I92
sS'trader'
p1890
I92
sS'ive'
p1891
I91
sS'chat'
p1892
I92
sS'internets'
p1893
I92
sS'1:30'
p1894
I92
sS'sincere'
p1895
I92
sS'coffee'
p1896
I89
sS'sleeping'
p1897
I91
sS'middle'
p1898
I92
sS'someone'
p1899
I80
sS'punched'
p1900
I92
sS'muumuu'
p1901
I92
sS'toiletry'
p1902
I92
sS'protein'
p1903
I92
sS'property'
p1904
I92
sS'technology'
p1905
I92
sS'everyday'
p1906
I91
sS'worry'
p1907
I92
sS'bags'
p1908
I92
sS'different'
p1909
I89
sS'pas'
p1910
I92
sS'shuts'
p1911
I92
sS'buddy...i'
p1912
I92
sS'rooting'
p1913
I92
sS'pay'
p1914
I91
sS'joey'
p1915
I92
sS'locking'
p1916
I92
sS'tour'
p1917
I92
sS'same'
p1918
I83
sS'check'
p1919
I87
sS'ya'
p1920
I90
sS'bows'
p1921
I91
sS'speech'
p1922
I92
sS'"i'
p1923
I92
sS'motioned'
p1924
I92
sS'events'
p1925
I91
sS'11."'
p1926
I92
sS'status'
p1927
I91
sS'noble'
p1928
I92
sS'boy\xe2\x80\xa6'
p1929
I92
sS'dogtown'
p1930
I92
sS'delivers'
p1931
I92
sS'nest'
p1932
I91
sS'driver'
p1933
I91
sS'drives'
p1934
I92
sS'mutha'
p1935
I91
sS'sleepiness'
p1936
I92
sS'director'
p1937
I92
sS'running'
p1938
I91
sS'fruit'
p1939
I92
sS'scorned'
p1940
I91
sS'fours'
p1941
I92
sS'totally'
p1942
I88
sS'swallow'
p1943
I91
sS'mentally'
p1944
I92
sS'\xe2\x9c\x8c\xef\xb8\x8f'
p1945
I91
sS'tracking'
p1946
I92
sS'burrito'
p1947
I91
sS'aunts'
p1948
I92
sS'while\xe2\x80\xa6'
p1949
I92
sS'amazes'
p1950
I92
sS'no'
p1951
I52
sS'magical'
p1952
I90
sS'without'
p1953
I87
sS'31'
p1954
I92
sS"can't"
p1955
I72
sS'bottle'
p1956
I92
sS'tiu'
p1957
I92
sS"hiroko's"
p1958
I92
sS'utah"'
p1959
I92
sS'amazed'
p1960
I92
sS'sinner'
p1961
I89
sS'fleetwash'
p1962
I92
sS'summer'
p1963
I91
sS'(x'
p1964
I92
sS'\xe2\x98\xba\xef\xb8\x8f'
p1965
I92
sS'being'
p1966
I83
sS'money'
p1967
I91
sS'milestone'
p1968
I92
sS'time!"'
p1969
I92
sS'actions'
p1970
I92
sS'violent'
p1971
I92
sS'kill'
p1972
I79
sS'(a'
p1973
I92
sS'speed'
p1974
I92
sS'halfway'
p1975
I92
sS'200lbs'
p1976
I92
sS'death'
p1977
I87
sS'aboutta'
p1978
I92
sS'hint'
p1979
I92
sS'thinking'
p1980
I90
sS"we've"
p1981
I89
sS'\xd8\xa8\xd9\x86\xd9\x81\xd8\xb3\xd9\x83'
p1982
I92
sS'seems'
p1983
I92
sS'-the'
p1984
I92
sS'god-logic'
p1985
I92
sS'byeeeeeee'
p1986
I92
sS'blog'
p1987
I92
sS'lets'
p1988
I88
sS'setting'
p1989
I92
sS'ahhhh'
p1990
I92
sS'4'
p1991
I80
sS'thoughts'
p1992
I91
sS'actors'
p1993
I92
sS'heavier'
p1994
I92
sS'ca'
p1995
I90
sS'skies'
p1996
I92
sS'nerdally'
p1997
I92
sS'real'
p1998
I81
sS'starving'
p1999
I92
sS'jake'
p2000
I92
sS'aced'
p2001
I92
sS'around'
p2002
I89
sS'kills'
p2003
I91
sS'read'
p2004
I89
sS'x-franchise'
p2005
I92
sS'mop'
p2006
I92
sS'gonna'
p2007
I74
sS'dark'
p2008
I90
sS'department'
p2009
I92
sS'traffic'
p2010
I88
sS'seahawks'
p2011
I92
sS'listening'
p2012
I91
sS'world'
p2013
I81
sS'decent/had'
p2014
I92
sS'lady'
p2015
I90
sS'dare'
p2016
I91
sS'kennedy'
p2017
I91
sS'patrick'
p2018
I90
sS'collective'
p2019
I92
sS'pregnant'
p2020
I92
sS'towed'
p2021
I92
sS'62'
p2022
I92
sS'audience'
p2023
I92
sS'either'
p2024
I90
sS'hallelujah'
p2025
I92
sS'molotov'
p2026
I92
sS'claw'
p2027
I92
sS'trying'
p2028
I86
sS';p'
p2029
I92
sS'learning'
p2030
I92
sS'doll'
p2031
I92
sS'ewwww'
p2032
I92
sS'pronounce'
p2033
I92
sS'competition'
p2034
I92
sS'chuck'
p2035
I92
sS'cs'
p2036
I92
sS'reconsider'
p2037
I92
sS'extinct'
p2038
I92
sS'gross'
p2039
I91
sS'*perhaps'
p2040
I92
sS'exif'
p2041
I92
sS'colonial'
p2042
I92
sS'legal'
p2043
I92
sS'moon'
p2044
I92
sS'tots'
p2045
I92
sS'dealership'
p2046
I92
sS'juggernaut'
p2047
I92
sS'yg'
p2048
I92
sS'refer'
p2049
I92
sS'turkey'
p2050
I92
sS'welcome'
p2051
I84
sS'epson'
p2052
I92
sS'scientific'
p2053
I92
sS'business'
p2054
I91
sS'asap'
p2055
I92
sS'lmfao'
p2056
I91
sS'finnuh'
p2057
I92
sS'each'
p2058
I88
sS'terrified'
p2059
I92
sS'throwback'
p2060
I92
sS';)'
p2061
I87
sS'sadder'
p2062
I92
sS'throw'
p2063
I92
sS'released'
p2064
I92
sS'tread'
p2065
I92
sS'racoon'
p2066
I92
sS'on'
p2067
I15
sS'pussy\xe2\x80\x9d'
p2068
I92
sS'ok'
p2069
I85
sS'origins'
p2070
I91
sS'oh'
p2071
I71
sS'hardware)'
p2072
I89
sS'favreau'
p2073
I90
sS'industry'
p2074
I92
sS'favorite'
p2075
I80
sS'apostles..what'
p2076
I92
sS'thrive'
p2077
I92
sS'practical'
p2078
I92
sS'stretch'
p2079
I92
sS'w/lime'
p2080
I92
sS"isn't"
p2081
I89
sS'act'
p2082
I91
sS'mean'
p2083
I86
sS'or'
p2084
I68
sS'road'
p2085
I91
sS'allowing'
p2086
I92
sS'heater'
p2087
I92
sS'ladies'
p2088
I91
sS'lands'
p2089
I92
sS'reactions'
p2090
I92
sS'whites'
p2091
I92
sS'snapchat'
p2092
I91
sS'plates'
p2093
I92
sS'classics'
p2094
I92
sS'hahahahahah'
p2095
I92
sS'struggle'
p2096
I92
sS'vagina?"'
p2097
I92
sS'dankass'
p2098
I92
sS'heated'
p2099
I92
sS'portrayal'
p2100
I91
sS'annoys'
p2101
I92
sS"us..don't"
p2102
I92
sS'fantasy'
p2103
I92
sS'your'
p2104
I18
sS'impresionante'
p2105
I92
sS'stare'
p2106
I92
sS"how's"
p2107
I92
sS'her'
p2108
I73
sS'hes'
p2109
I92
sS'downed'
p2110
I92
sS'there'
p2111
I62
sS'madden'
p2112
I90
sS'lol'
p2113
I59
sS'disneyworld'
p2114
I92
sS'los'
p2115
I89
sS'cats'
p2116
I92
sS'mondays'
p2117
I90
sS"xavier's"
p2118
I92
sS'lot'
p2119
I83
sS'valley'
p2120
I86
sS'allergic'
p2121
I92
sS'jones'
p2122
I92
sS'hard'
p2123
I85
sS'complete'
p2124
I91
sS'enough'
p2125
I90
sS'yayy'
p2126
I92
sS'flaws.\xe2\x80\x9d'
p2127
I92
sS'gaza'
p2128
I92
sS'chomping'
p2129
I92
sS'land'
p2130
I91
sS'happier'
p2131
I92
sS'costco'
p2132
I90
sS'with'
p2133
I26
sS'buying'
p2134
I89
sS'happening'
p2135
I90
sS'football'
p2136
I85
sS"they're"
p2137
I87
sS'hire'
p2138
I92
sS'applying'
p2139
I92
sS'improved'
p2140
I92
sS'celebrating'
p2141
I92
sS"wasn't"
p2142
I90
sS'crawford'
p2143
I92
sS'\xe0\xb8\xa3\xe0\xb8\xad\xe0\xb8\x99\xe0\xb9\x8a\xe0\xb8\xb2\xe0\xb8\x99\xe0\xb8\x99\xe0\xb8\x99'
p2144
I92
sS'whatcha'
p2145
I92
sS'bucket'
p2146
I91
sS'thaaaaaank'
p2147
I92
sS'"it\'s'
p2148
I92
sS'\xd8\xa7\xd9\x84\xd9\x86\xd8\xa7\xd8\xb3'
p2149
I91
sS'cyclops'
p2150
I91
sS'dirty'
p2151
I91
sS'hs'
p2152
I92
sS'nobody\xe2\x80\x9d'
p2153
I92
sS'agree'
p2154
I91
sS'toilet'
p2155
I90
sS'ac'
p2156
I92
sS'playlists'
p2157
I92
sS'ad'
p2158
I92
sS'af'
p2159
I92
sS'exhausted'
p2160
I92
sS'certain'
p2161
I92
sS'describe'
p2162
I92
sS'moved'
p2163
I90
sS'shoulders'
p2164
I89
sS'deep'
p2165
I90
sS'an'
p2166
I54
sS'deen'
p2167
I92
sS'knowww'
p2168
I92
sS'as'
p2169
I44
sS'okayyy'
p2170
I92
sS'at'
p2171
I11
sS'aw'
p2172
I91
sS'walks'
p2173
I92
sS'watched'
p2174
I88
sS'deed'
p2175
I92
sS'admiring'
p2176
I92
sS'hospitals'
p2177
I92
sS'nerd'
p2178
I92
sS'film'
p2179
I72
sS'fill'
p2180
I92
sS'again'
p2181
I77
sS'genres'
p2182
I92
sS'fiddler'
p2183
I92
sS'mom&dad'
p2184
I92
sS'deserve'
p2185
I91
sS'drivers'
p2186
I90
sS'materialized'
p2187
I92
sS'yogi'
p2188
I92
sS'event'
p2189
I92
sS'field'
p2190
I92
sS'5'
p2191
I87
sS'hoes!!\xe2\x80\x9d'
p2192
I92
sS'hmu'
p2193
I92
sS'you'
p2194
I8
sS'puppy'
p2195
I92
sS'youuuuuuuuuu'
p2196
I92
sS"snyder's"
p2197
I92
sS'poor'
p2198
I92
sS'suites'
p2199
I92
sS'poop'
p2200
I91
sS'hey'
p2201
I88
sS'vocabulary'
p2202
I92
sS'separate'
p2203
I91
sS'students'
p2204
I92
sS'symbol'
p2205
I92
sS'comicmovie'
p2206
I92
sS'bombed'
p2207
I92
sS'goo'
p2208
I92
sS'wields'
p2209
I92
sS'banner/stark'
p2210
I92
sS'important'
p2211
I92
sS"she's"
p2212
I87
sS'chris'
p2213
I91
sS'finals'
p2214
I91
sS'pool'
p2215
I92
sS'alcohol'
p2216
I92
sS'building'
p2217
I92
sS'mourned'
p2218
I92
sS"jaime's"
p2219
I92
sS'remote'
p2220
I90
sS"rose'"
p2221
I92
sS'calls'
p2222
I92
sS'wife'
p2223
I92
sS'festively'
p2224
I92
sS'<<<'
p2225
I92
sS'barcelona'
p2226
I91
sS'having'
p2227
I84
sS'therapeutic\xe2\x80\x9d'
p2228
I92
sS'derrick'
p2229
I92
sS'u'
p2230
I66
sS'adam'
p2231
I92
sS'phack'
p2232
I92
sS'alright'
p2233
I92
sS'wake'
p2234
I92
sS'starting'
p2235
I90
sS'original'
p2236
I91
sS'mardi'
p2237
I92
sS'all'
p2238
I17
sS'sci'
p2239
I92
sS'forget'
p2240
I89
sS'chinese'
p2241
I89
sS'katy'
p2242
I92
sS'messi'
p2243
I90
sS'hatin'
p2244
I92
sS'concern'
p2245
I92
sS'splitting'
p2246
I92
sS'month'
p2247
I92
sS'hatteras'
p2248
I88
sS'unrest'
p2249
I92
sS'commute'
p2250
I92
sS'forged'
p2251
I92
sS'cameron'
p2252
I81
sS'follow'
p2253
I22
sS'post-credits'
p2254
I92
sS'em\xe2\x80\x9d'
p2255
I92
sS'tortuga)'
p2256
I92
sS'dreadful'
p2257
I91
sS'disciples'
p2258
I92
sS'tv'
p2259
I88
sS'thursday'
p2260
I92
sS'to'
p2261
I4
sS'aaron'
p2262
I90
sS'spearhead'
p2263
I92
sS'present'
p2264
I92
sS'14'
p2265
I92
sS'tf'
p2266
I92
sS'smile'
p2267
I92
sS'enjoying'
p2268
I91
sS'case'
p2269
I91
sS'woman'
p2270
I85
sS'worse'
p2271
I90
sS'churches'
p2272
I92
sS'song'
p2273
I86
sS'very'
p2274
I83
sS'checkin'
p2275
I90
sS'fav'
p2276
I90
sS'decision"'
p2277
I92
sS'fat'
p2278
I91
sS'billie'
p2279
I92
sS'sloan'
p2280
I92
sS'rogue'
p2281
I91
sS'fan'
p2282
I87
sS'17'
p2283
I92
sS'bestie'
p2284
I92
sS'fam'
p2285
I90
sS'bubbles'
p2286
I92
sS'ramen'
p2287
I92
sS'now...pieces'
p2288
I92
sS'treating'
p2289
I92
sS'totes'
p2290
I92
sS'heaven'
p2291
I91
sS'cable'
p2292
I91
sS'thaaaat'
p2293
I92
sS'list'
p2294
I91
sS'windy'
p2295
I92
sS'platinum'
p2296
I92
sS'circuit'
p2297
I92
sS'donovan'
p2298
I92
sS'liars'
p2299
I92
sS'harry'
p2300
I92
sS'small'
p2301
I92
sS'study'
p2302
I92
sS"i'll"
p2303
I75
sS'yukio'
p2304
I92
sS'instagram'
p2305
I89
sS'ten'
p2306
I91
sS'tea'
p2307
I91
sS'mila'
p2308
I92
sS'ted'
p2309
I92
sS'tee'
p2310
I92
sS'past'
p2311
I87
sS'burger'
p2312
I92
sS'zero'
p2313
I92
sS'pass'
p2314
I90
sS'further'
p2315
I92
sS'nba'
p2316
I91
sS'creatures'
p2317
I92
sS'what'
p2318
I58
sS'"start'
p2319
I92
sS'combined'
p2320
I92
sS'richard'
p2321
I92
sS'pinterest'
p2322
I92
sS'sun'
p2323
I91
sS'sum'
p2324
I91
sS'lawrence'
p2325
I92
sS'rascal'
p2326
I91
sS'anniversary'
p2327
I92
sS'18'
p2328
I92
sS'crush'
p2329
I90
sS'suv'
p2330
I91
sS'abs'
p2331
I88
sS'learned'
p2332
I91
sS'csa'
p2333
I92
sS'racing'
p2334
I92
sS'method'
p2335
I92
sS'vamos'
p2336
I92
sS'seasick'
p2337
I92
sS'videogame'
p2338
I92
sS'full'
p2339
I92
sS"c'mon"
p2340
I87
sS'cr\xc3\xa8me'
p2341
I92
sS'reviews."'
p2342
I92
sS'loose'
p2343
I92
sS'diapers'
p2344
I92
sS"annie's"
p2345
I92
sS'rickie'
p2346
I92
sS'hours'
p2347
I88
sS'promoted'
p2348
I92
sS'tracks'
p2349
I92
sS'investigating'
p2350
I92
sS'grudges'
p2351
I92
sS'ver'
p2352
I92
sS'november'
p2353
I92
sS'strong'
p2354
I88
sS'legend'
p2355
I92
sS'"hey'
p2356
I92
sS'\xd8\xb3\xd8\xa7'
p2357
I92
sS'bible'
p2358
I92
sS'ahead'
p2359
I92
sS'bullshit'
p2360
I92
sS'inspired'
p2361
I91
sS'creepy'
p2362
I91
sS'pics'
p2363
I92
sS'amount'
p2364
I91
sS'ohhhhh'
p2365
I92
sS'lasagna'
p2366
I92
sS'arent'
p2367
I92
sS'pick'
p2368
I90
sS'action'
p2369
I91
sS'youplot'
p2370
I92
sS'must)'
p2371
I92
sS'girl!\xe2\x80\x9d'
p2372
I92
sS'point'
p2373
I87
sS'via'
p2374
I92
sS'followed'
p2375
I90
sS'\xe0\xb8\xa1\xe0\xb8\xb1\xe0\xb8\x99\xe0\xb8\xab\xe0\xb8\xa5\xe0\xb8\xad\xe0\xb8\x81\xe0\xb8\x9a\xe0\xb8\xad\xe0\xb8\x81\xe0\xb9\x83\xe0\xb8\xab\xe0\xb9\x89\xe0\xb8\xa1\xe0\xb8\xb2\xe0\xb9\x80\xe0\xb8\x9b\xe0\xb8\x99\xe0\xb9\x80\xe0\xb8\x9e\xe0\xb8\xb7\xe0\xb9\x88\xe0\xb8\xad\xe0\xb8\x99'
p2376
I92
sS'family'
p2377
I37
sS'obamacare'
p2378
I91
sS'deals'
p2379
I92
sS'halle'
p2380
I92
sS'ask'
p2381
I90
sS'trained'
p2382
I92
sS'toys'
p2383
I92
sS'pulls'
p2384
I92
sS"sister's"
p2385
I92
sS'extinction'
p2386
I92
sS'research'
p2387
I92
sS'emoji'
p2388
I91
sS'archangel'
p2389
I91
sS'mullet'
p2390
I92
sS'eye'
p2391
I88
sS'takes'
p2392
I89
sS'nothings'
p2393
I92
sS'donuts'
p2394
I92
sS'\xe2\x98\x9d\xef\xb8\x8f'
p2395
I92
sS'texting'
p2396
I91
sS'two'
p2397
I78
sS'irritate'
p2398
I92
sS'.\xe2\x80\x9d'
p2399
I92
sS'omgggg'
p2400
I92
sS'navigating'
p2401
I92
sS'hirsch'
p2402
I63
sS'kick'
p2403
I92
sS'trabajo'
p2404
I92
sS'more'
p2405
I55
sS'oreos'
p2406
I92
sS'tryna'
p2407
I90
sS'israel'
p2408
I92
sS'diamond'
p2409
I92
sS'fellow'
p2410
I92
sS'knows'
p2411
I90
sS'initiated'
p2412
I92
sS'chucky'
p2413
I92
sS'grabbing'
p2414
I91
sS'company'
p2415
I91
sS'killlinggggg'
p2416
I92
sS'excuse'
p2417
I92
sS'flag'
p2418
I91
sS"ain't"
p2419
I85
sS'basically'
p2420
I91
sS'broke'
p2421
I87
sS'particular'
p2422
I92
sS'known'
p2423
I91
sS'box-office'
p2424
I92
sS'doom'
p2425
I91
sS'glad'
p2426
I90
sS'don\xe2\x80\x99t'
p2427
I92
sS'town'
p2428
I92
sS'evolves'
p2429
I92
sS'none'
p2430
I89
sS'hour'
p2431
I91
sS"goyer's"
p2432
I92
sS'sucks'
p2433
I90
sS'roosevelt'
p2434
I92
sS'pr'
p2435
I92
sS'debated'
p2436
I92
sS'bias'
p2437
I92
sS'del'
p2438
I91
sS'learn'
p2439
I88
sS'hike/workout'
p2440
I92
sS'considering'
p2441
I92
sS'mala'
p2442
I92
sS'beautiful'
p2443
I89
sS'ford'
p2444
I92
sS'stated'
p2445
I92
sS'shuttlesworth'
p2446
I92
sS'suggestions'
p2447
I92
sS'accept'
p2448
I91
sS'lolol'
p2449
I92
sS'\xe2\x98\x95\xef\xb8\x8f'
p2450
I89
sS'numbers'
p2451
I92
sS'sense'
p2452
I92
sS'gallon'
p2453
I91
sS'dress'
p2454
I91
sS'ughhhh'
p2455
I92
sS'low'
p2456
I92
sS'influenced'
p2457
I92
sS'needs'
p2458
I89
sS'obnoxious'
p2459
I92
sS'goal'
p2460
I91
sS'awkward'
p2461
I92
sS'rather'
p2462
I89
sS'breaking'
p2463
I92
sS'hugh'
p2464
I90
sS'stayed'
p2465
I92
sS'c\xc3\xaeroc'
p2466
I92
sS'chunes'
p2467
I92
sS'speeding'
p2468
I92
sS'goat'
p2469
I91
sS'experience'
p2470
I92
sS'mah'
p2471
I91
sS'okay'
p2472
I89
sS'tried'
p2473
I90
sS'"never'
p2474
I92
sS'petite'
p2475
I92
sS'par'
p2476
I92
sS'entrepreneurship'
p2477
I92
sS'wolvie'
p2478
I92
sS'fb'
p2479
I91
sS'plane'
p2480
I92
sS'streets'
p2481
I92
sS'blood'
p2482
I90
sS'ff'
p2483
I92
sS'coming'
p2484
I83
sS'fi'
p2485
I92
sS'tacos'
p2486
I92
sS'fo'
p2487
I92
sS'a'
p2488
I5
sS'upppp'
p2489
I92
sS'short'
p2490
I87
sS'orchard'
p2491
I82
sS'jaime'
p2492
I92
sS'enzymes'
p2493
I92
sS'cooperating'
p2494
I92
sS'prefers'
p2495
I92
sS'doctor'
p2496
I92
sS'eats'
p2497
I92
sS'anytime'
p2498
I92
sS')'
p2499
I92
sS'gloomy'
p2500
I92
sS'grande'
p2501
I92
sS'car-_____-'
p2502
I92
sS'bugg'
p2503
I92
sS'dream'
p2504
I88
sS'playing'
p2505
I90
sS"that's"
p2506
I65
sS"fish..let's"
p2507
I92
sS'vibes'
p2508
I92
sS'jordans'
p2509
I92
sS'mexican'
p2510
I92
sS'help'
p2511
I83
sS"don't"
p2512
I45
sS'"if'
p2513
I91
sS'bowl'
p2514
I92
sS'sooo'
p2515
I91
sS'soon'
p2516
I87
sS'definitive'
p2517
I92
sS'trade'
p2518
I92
sS'held'
p2519
I92
sS'logan'
p2520
I87
sS'paper'
p2521
I91
sS'through'
p2522
I84
sS'shit\xe2\x80\x9d'
p2523
I92
sS'signs'
p2524
I92
sS'hell'
p2525
I87
sS'smiling'
p2526
I92
sS'suffer'
p2527
I92
sS'avenue'
p2528
I88
sS'its'
p2529
I74
sS'golfing'
p2530
I92
sS'24'
p2531
I91
sS'style'
p2532
I92
sS'27'
p2533
I92
sS'sleeps"'
p2534
I92
sS'shifts'
p2535
I92
sS'pray'
p2536
I91
sS'sale'
p2537
I90
sS'actually'
p2538
I79
sS'late'
p2539
I81
sS'microscopic'
p2540
I92
sS'relate'
p2541
I92
sS'isaac'
p2542
I92
sS'peanuts'
p2543
I91
sS'argentina'
p2544
I92
sS'soccer'
p2545
I90
sS'might'
p2546
I79
sS"haven't"
p2547
I89
sS'spot'
p2548
I92
sS'good'
p2549
I48
sS'somebody'
p2550
I90
sS'yo'
p2551
I91
sS'grip'
p2552
I92
sS'food'
p2553
I86
sS'propose'
p2554
I92
sS'floating'
p2555
I92
sS'cupcake'
p2556
I92
sS'pirate'
p2557
I92
sS'walls'
p2558
I91
sS"you've"
p2559
I91
sS'angels'
p2560
I92
sS'dede'
p2561
I92
sS'complain'
p2562
I92
sS'bigger'
p2563
I92
sS'sucked'
p2564
I90
sS'bryan'
p2565
I92
sS'wash'
p2566
I91
sS'nugget'
p2567
I92
sS'always'
p2568
I74
sS'presented'
p2569
I92
sS'drake'
p2570
I91
sS'dionne'
p2571
I92
sS'bless'
p2572
I92
sS'goofy'
p2573
I92
sS'stopped'
p2574
I92
sS'uploads'
p2575
I92
sS'turns'
p2576
I90
sS'found'
p2577
I85
sS'friendship'
p2578
I92
sS'button'
p2579
I92
sS'trailer'
p2580
I90
sS'2k'
p2581
I92
sS'heavy'
p2582
I89
sS'week'
p2583
I73
sS'harm'
p2584
I92
sS'everyone'
p2585
I83
sS'weeknd'
p2586
I92
sS'delicious'
p2587
I92
sS'house'
p2588
I79
sS'babbbyyyy'
p2589
I92
sS'house)'
p2590
I82
sS'idea'
p2591
I86
sS'him'
p2592
I23
sS'turnt'
p2593
I92
sS'zezaj'
p2594
I92
sS'operation'
p2595
I92
sS'beyond'
p2596
I91
sS'asgard'
p2597
I92
sS'insurance'
p2598
I92
sS'really'
p2599
I67
sS'matey'
p2600
I92
sS'lola'
p2601
I92
sS'perry'
p2602
I92
sS'fucker'
p2603
I92
sS'missed'
p2604
I89
sS'blacks'
p2605
I92
sS'solved'
p2606
I91
sS'visions'
p2607
I92
sS'since'
p2608
I90
sS'$3.2'
p2609
I92
sS'wolverine'
p2610
I77
sS'acting'
p2611
I92
sS'health'
p2612
I92
sS'hood'
p2613
I92
sS'7'
p2614
I89
sS'print'
p2615
I89
sS'lolz'
p2616
I91
sS'catastrophes'
p2617
I92
sS'ass'
p2618
I83
sS'boolin'
p2619
I92
sS'downs'
p2620
I92
sS'razor'
p2621
I92
sS'favored'
p2622
I92
sS'triple\xe2\x80\xa2see'
p2623
I92
sS'friday'
p2624
I89
sS'guess'
p2625
I86
sS'ness'
p2626
I92
sS'reason'
p2627
I87
sS'base'
p2628
I90
sS'included'
p2629
I92
sS'imaging'
p2630
I92
sS'imagine'
p2631
I90
sS'put'
p2632
I87
sS'\xd8\xaa\xd8\xad\xd9\x8a\xd8\xa7'
p2633
I92
sS'rises'
p2634
I92
sS'beginning'
p2635
I92
sS'bulls'
p2636
I92
sS'guest'
p2637
I92
sS'fiat'
p2638
I91
sS'bullying'
p2639
I92
sS'"she'
p2640
I92
sS'gluck'
p2641
I92
sS'excluding'
p2642
I92
sS'american'
p2643
I92
sS'yall'
p2644
I92
sS'w'
p2645
I88
sS'divorce'
p2646
I92
sS'insaaaaaaaaaaaaane'
p2647
I92
sS'apocalypse'
p2648
I91
sS'whaaatt'
p2649
I92
sS'them\xe2\x80\x9d'
p2650
I92
sS'major'
p2651
I91
sS'guac'
p2652
I92
sS'dont'
p2653
I88
sS'feel'
p2654
I74
sS'radical'
p2655
I92
sS'exist\xe2\x80\x9d'
p2656
I92
sS'number'
p2657
I87
sS'fancy'
p2658
I92
sS'legitz'
p2659
I92
sS'v8'
p2660
I92
sS'olimpo'
p2661
I92
sS'talked'
p2662
I92
sS'done'
p2663
I83
sS'mixing'
p2664
I92
sS'kobe'
p2665
I92
sS'guard'
p2666
I92
sS'fuxkin'
p2667
I92
sS'miss'
p2668
I83
sS'passes'
p2669
I92
sS'story'
p2670
I77
sS'"'
p2671
I91
sS'nobody\xe2\x80\x99s'
p2672
I92
sS'script'
p2673
I89
sS'leading'
p2674
I91
sS'5th'
p2675
I92
sS'\xd8\xa8\xd8\xb9\xd9\x8a\xd8\xaf'
p2676
I92
sS'least'
p2677
I87
sS'tradition'
p2678
I92
sS'pinned'
p2679
I90
sS'station'
p2680
I86
sS'hamptons'
p2681
I92
sS'storm'
p2682
I90
sS'grimy'
p2683
I92
sS'mama'
p2684
I92
sS'jarvis'
p2685
I87
sS'store'
p2686
I90
sS'headache'
p2687
I92
sS'selling'
p2688
I92
sS'watcher'
p2689
I92
sS'passed'
p2690
I91
sS'behind'
p2691
I89
sS'you\xe2\x80\x9d'
p2692
I91
sS'hotel'
p2693
I92
sS'park'
p2694
I92
sS"i'ma"
p2695
I92
sS'idk/idc/idgaf.\xe2\x80\x9d'
p2696
I92
sS'mmmm'
p2697
I91
sS'dentist'
p2698
I90
sS'part'
p2699
I86
sS'smile...missing'
p2700
I92
sS'checkout'
p2701
I92
sS'theater'
p2702
I92
sS'believe'
p2703
I88
sS'stairs'
p2704
I90
sS'$1'
p2705
I92
sS'king'
p2706
I91
sS'level'
p2707
I92
sS'b'
p2708
I88
sS'yum'
p2709
I92
sS'pickups'
p2710
I92
sS'double'
p2711
I90
sS'goapele'
p2712
I92
sS'"dreams'
p2713
I92
sS'outrageous'
p2714
I92
sS'dank'
p2715
I92
sS'supposed'
p2716
I91
sS'gps'
p2717
I92
sS'ousted'
p2718
I71
sS'remembers'
p2719
I92
sS'malibu'
p2720
I92
sS'motivation'
p2721
I91
sS'outta'
p2722
I92
sS'picked'
p2723
I92
sS'season"'
p2724
I92
sS'errrmmmm'
p2725
I92
sS'juicy'
p2726
I91
sS'bags!"'
p2727
I92
sS'graffiti'
p2728
I92
sS'showers'
p2729
I92
sS'race?\xe2\x80\x9d'
p2730
I92
sS'concentration'
p2731
I92
sS"wolverine's"
p2732
I92
sS'tennessee\xe2\x80\x9d'
p2733
I92
sS'ditched'
p2734
I92
sS'option'
p2735
I92
sS'sell'
p2736
I92
sS'lie'
p2737
I90
sS'wilson'
p2738
I91
sS'nights'
p2739
I89
sS'dancing'
p2740
I91
sS'lil'
p2741
I89
sS'self'
p2742
I89
sS'cave'
p2743
I92
sS'\xe0\xb9\x84\xe0\xb8\xa1\xe0\xb9\x88\xe0\xb8\xa3\xe0\xb8\xb8\xe0\xb9\x89\xe0\xb9\x80\xe0\xb8\xad\xe0\xb8\xb2\xe0\xb8\xa3\xe0\xb8\x96\xe0\xb8\xa1\xe0\xb8\xb2\xe0\xb9\x80\xe0\xb8\x8a\xe0\xb8\x84'
p2744
I92
sS'couch'
p2745
I91
sS'walk'
p2746
I92
sS'also'
p2747
I90
sS'breeze'
p2748
I91
sS'\xd8\xaa\xd8\xb5\xd9\x86\xd8\xb9\xd9\x87'
p2749
I92
sS'finding'
p2750
I90
sS'kim'
p2751
I92
sS'bad-a$$'
p2752
I91
sS'first"'
p2753
I92
sS'asvab'
p2754
I92
sS'beardsmen'
p2755
I92
sS'play'
p2756
I80
sS'added'
p2757
I92
sS'stairclimber'
p2758
I91
sS'eewwww'
p2759
I92
sS'quote'
p2760
I89
sS'eggs'
p2761
I92
sS'english'
p2762
I92
sS'rights."'
p2763
I92
sS'time?"past'
p2764
I92
sS'most'
p2765
I83
sS'virus'
p2766
I92
sS'hired'
p2767
I92
sS'experiences'
p2768
I92
sS'negotiating'
p2769
I92
sS'nothing'
p2770
I82
sS'stressful'
p2771
I92
sS'11:11'
p2772
I92
sS'\xd9\x8a\xd8\xb1\xd9\x88\xd9\x86'
p2773
I92
sS'revolutionary'
p2774
I92
sS'funnier'
p2775
I92
sS'going.\xe2\x80\x9d'
p2776
I92
sS'again."'
p2777
I92
sS'windows'
p2778
I92
sS'sometimes'
p2779
I88
sS'cover'
p2780
I92
sS'(1998)'
p2781
I92
sS'lolll'
p2782
I92
sS'lifeeeeee'
p2783
I92
sS'baraky'
p2784
I92
sS'clean'
p2785
I91
sS'grama'
p2786
I92
sS'\xd8\xa7\xd9\x8a\xd8\xa7\xd9\x85\xd9\x83'
p2787
I92
sS'ron'
p2788
I92
sS'sf'
p2789
I92
sS'joining'
p2790
I92
sS'stones'
p2791
I92
sS'stalked'
p2792
I92
sS'despise'
p2793
I91
sS'ugh'
p2794
I89
sS'cereal'
p2795
I92
sS'gold'
p2796
I92
sS'cruises'
p2797
I92
sS'chevron'
p2798
I92
sS'ciroc'
p2799
I91
sS'\xe2\x9d\xa4\xef\xb8\x8f\xe2\x9d\xa4\xef\xb8\x8f\xe2\x9d\xa4\xef\xb8\x8f'
p2800
I92
sS'session'
p2801
I92
sS'mickys'
p2802
I92
sS'cameo'
p2803
I92
sS'headliner'
p2804
I92
sS'find'
p2805
I82
sS'tree"'
p2806
I92
sS'wraps'
p2807
I92
sS'zumba'
p2808
I90
sS'justice'
p2809
I87
sS'jugar'
p2810
I92
sS'idiots'
p2811
I91
sS'wayne'
p2812
I92
sS'pretty'
p2813
I84
sS'ultron'
p2814
I90
sS'8'
p2815
I92
sS'circle'
p2816
I92
sS'obama'
p2817
I92
sS'jean-baptiste'
p2818
I92
sS'lmfaao'
p2819
I92
sS'his'
p2820
I57
sS'hit'
p2821
I88
sS'meanwhile'
p2822
I92
sS'\xd0\x94\xd0\xbe\xd0\xbb\xd0\xb3\xd0\xbe\xd0\xb5'
p2823
I92
sS'estrella'
p2824
I92
sS"they'd"
p2825
I92
sS'feels'
p2826
I92
sS'grew'
p2827
I91
sS'reading'
p2828
I92
sS'shared'
p2829
I90
sS'instead\xe2\x99\xa1'
p2830
I92
sS'during'
p2831
I87
sS'banner'
p2832
I89
sS'falling'
p2833
I91
sS'clutch'
p2834
I92
sS'shines'
p2835
I92
sS'enemy'
p2836
I92
sS'budapest'
p2837
I92
sS'sacrificed'
p2838
I92
sS'corolla'
p2839
I92
sS'away.\xe2\x80\x9d'
p2840
I92
sS'timeless'
p2841
I92
sS"wcw's"
p2842
I92
sS'horizons'
p2843
I92
sS'bitchochos'
p2844
I92
sS'caramel'
p2845
I91
sS'common'
p2846
I92
sS'newest'
p2847
I92
sS'disrespected'
p2848
I92
sS'hype'
p2849
I92
sS'x'
p2850
I90
sS'cringe'
p2851
I92
sS'wrote'
p2852
I92
sS'insane'
p2853
I91
sS'set'
p2854
I90
sS'art'
p2855
I89
sS'*rand'
p2856
I92
sS'psychological'
p2857
I92
sS'throwing'
p2858
I90
sS'naked'
p2859
I92
sS'juuust'
p2860
I92
sS'esmeralda'
p2861
I92
sS':-))'
p2862
I92
sS'manning'
p2863
I91
sS'see'
p2864
I68
sS'defense'
p2865
I92
sS'are'
p2866
I43
sS'\xe2\x98\xba\xef\xb8\x8f\xe2\x98\xba\xef\xb8\x8f\xe2\x98\xba\xef\xb8\x8f\xe2\x98\xba\xef\xb8\x8f'
p2867
I92
sS'close'
p2868
I89
sS'forthcoming'
p2869
I92
sS'arm'
p2870
I92
sS"quilksilver's"
p2871
I92
sS'creme'
p2872
I92
sS'matter'
p2873
I88
sS'pictures'
p2874
I90
sS'wow'
p2875
I85
sS'currently'
p2876
I91
sS'please'
p2877
I27
sS'fans'
p2878
I91
sS'won'
p2879
I92
sS'pjs'
p2880
I92
sS'backstory'
p2881
I92
sS'up.\xe2\x80\x9d'
p2882
I92
sS'wod'
p2883
I89
sS'burned'
p2884
I92
sS'spells'
p2885
I92
sS'clippers'
p2886
I92
sS'compliment'
p2887
I92
sS'piss'
p2888
I92
sS'available'
p2889
I91
sS'chevrolet)'
p2890
I90
sS'essay'
p2891
I92
sS'missing'
p2892
I91
sS'targeted'
p2893
I92
sS'mega-budget'
p2894
I92
sS'hell...keep'
p2895
I92
sS'outfit'
p2896
I92
sS'premise'
p2897
I92
sS'biomechanix\xe2\x80\xa6'
p2898
I92
sS'franchise'
p2899
I91
sS'fuckas'
p2900
I92
sS'pissed'
p2901
I90
sS'both'
p2902
I86
sS'c'
p2903
I92
sS'lass'
p2904
I92
sS'last'
p2905
I71
sS'reverse'
p2906
I91
sS'2:30'
p2907
I92
sS'secrets'
p2908
I92
sS'treated'
p2909
I92
sS"wouldn't"
p2910
I89
sS'sadaf'
p2911
I92
sS'thor'
p2912
I89
sS'crafts'
p2913
I92
sS'connection'
p2914
I92
sS'became'
p2915
I90
sS'8am'
p2916
I92
sS'rose'
p2917
I91
sS'focused'
p2918
I92
sS'geniuses'
p2919
I92
sS'whole'
p2920
I88
sS'casillas'
p2921
I92
sS'noticiero'
p2922
I92
sS'albeit'
p2923
I92
sS'liked'
p2924
I91
sS'childhood'
p2925
I92
sS'doughnuts'
p2926
I92
sS'drunk'
p2927
I88
sS'reasons'
p2928
I92
sS'sweet'
p2929
I90
sS'haunted'
p2930
I92
sS'leon'
p2931
I91
sS'dancer'
p2932
I92
sS'agents'
p2933
I92
sS'likes'
p2934
I92
sS'prick'
p2935
I92
sS'tge'
p2936
I92
sS'...and'
p2937
I92
sS'mission'
p2938
I92
sS'expensive'
p2939
I92
sS'headaches'
p2940
I92
sS'duh'
p2941
I91
sS'understands'
p2942
I92
sS'helms'
p2943
I92
sS'workouts\xe2\x80\xa6'
p2944
I92
sS'cream'
p2945
I92
sS'raise'
p2946
I90
sS'tailgates'
p2947
I92
sS'due'
p2948
I92
sS'hitting'
p2949
I92
sS'toniiiiight'
p2950
I92
sS'dropping'
p2951
I91
sS'damn'
p2952
I80
sS'maintenance'
p2953
I91
sS'service"'
p2954
I92
sS'loogies'
p2955
I92
sS'thing\xe2\x80\x9d'
p2956
I92
sS'meeting'
p2957
I91
sS'po'
p2958
I92
sS'empty'
p2959
I90
sS'pm'
p2960
I92
sS'dialogue'
p2961
I91
sS'...not'
p2962
I92
sS'flight'
p2963
I90
sS'gay'
p2964
I92
sS'fire'
p2965
I91
sS'platnees'
p2966
I92
sS"what's"
p2967
I82
sS'*pops'
p2968
I92
sS'gas'
p2969
I89
sS'self-respect.\xe2\x80\x9d'
p2970
I92
sS'else'
p2971
I87
sS'anthony'
p2972
I92
sS'beer/smoke'
p2973
I92
sS'\xd8\xa8\xd9\x8a\xd9\x86\xd9\x85\xd8\xa7'
p2974
I92
sS'understand'
p2975
I91
sS'rocking'
p2976
I92
sS'ramble'
p2977
I92
sS'x-men'
p2978
I85
sS'look'
p2979
I79
sS'talking'
p2980
I90
sS'solid'
p2981
I90
sS'tip'
p2982
I92
sS'beasted'
p2983
I92
sS'rope'
p2984
I92
sS'forgetting'
p2985
I92
sS'while'
p2986
I87
sS'askede'
p2987
I92
sS'match'
p2988
I91
sS'fun'
p2989
I85
sS'transcripts'
p2990
I92
sS'animated'
p2991
I91
sS'downnnn'
p2992
I92
sS'loop'
p2993
I91
sS'pack'
p2994
I91
sS'zombie/werewolf'
p2995
I92
sS'fckkkk'
p2996
I92
sS'<3'
p2997
I92
sS'calculator'
p2998
I92
sS'everywhere'
p2999
I92
sS'rip'
p3000
I92
sS'decoration'
p3001
I92
sS'demos'
p3002
I92
sS'crackhead'
p3003
I92
sS'ready'
p3004
I84
sS'acquires'
p3005
I92
sS'ohhhh'
p3006
I92
sS'audi'
p3007
I92
sS'funny'
p3008
I86
sS'shaq'
p3009
I92
sS'deadpool'
p3010
I90
sS'shirt'
p3011
I91
sS'anymore'
p3012
I90
sS'shorten'
p3013
I92
sS'chicken)'
p3014
I87
sS'grand'
p3015
I92
sS'9'
p3016
I91
sS'it\xe2\x80\x9d'
p3017
I92
sS'higher'
p3018
I92
sS'sya'
p3019
I92
sS'used'
p3020
I87
sS'ballerina'
p3021
I92
sS'keys'
p3022
I92
sS'anymore."'
p3023
I92
sS'defeat'
p3024
I92
sS'yesterday'
p3025
I92
sS'moment'
p3026
I88
sS'strength'
p3027
I92
sS'moving'
p3028
I91
sS'cleaning'
p3029
I91
sS'aggregate'
p3030
I92
sS'nickname'
p3031
I92
sS'plate'
p3032
I92
sS'early'
p3033
I87
sS'lower'
p3034
I92
sS'older'
p3035
I91
sS'clint'
p3036
I92
sS'depending'
p3037
I92
sS'tortuga'
p3038
I89
sS'grind'
p3039
I91
sS'person'
p3040
I87
sS'services'
p3041
I92
sS'(some'
p3042
I92
sS'y'
p3043
I89
sS'grid'
p3044
I92
sS'spend'
p3045
I91
sS'leone'
p3046
I92
sS'know'
p3047
I56
sS'i\xe2\x80\x99m'
p3048
I92
sS'titled'
p3049
I92
sS'mom'
p3050
I80
sS'cheddar'
p3051
I92
sS'rule'
p3052
I92
sS'unwanted'
p3053
I92
sS'dvd*'
p3054
I92
sS'shape'
p3055
I92
sS'openly'
p3056
I92
sS'questions'
p3057
I92
sS'using'
p3058
I92
sS'jv'
p3059
I92
sS'rambo'
p3060
I92
sS'lexus'
p3061
I91
sS'doran'
p3062
I92
sS'prince'
p3063
I91
sS'unto'
p3064
I92
sS'timber'
p3065
I92
sS'helping'
p3066
I92
sS'cup'
p3067
I91
sS'workers'
p3068
I91
sS'fitting'
p3069
I92
sS'backpacks'
p3070
I92
sS'kinect'
p3071
I91
sS'wodkillas'
p3072
I92
sS'hatey'
p3073
I92
sS'homies'
p3074
I92
sS'snap'
p3075
I92
sS'easter'
p3076
I90
sS'excited'
p3077
I87
sS'surprised'
p3078
I91
sS'build'
p3079
I92
sS'bio'
p3080
I92
sS'customers'
p3081
I92
sS'lovie'
p3082
I92
sS'forces'
p3083
I92
sS'emergency'
p3084
I92
sS'nunez'
p3085
I92
sS'big'
p3086
I83
sS'couple'
p3087
I89
sS'unlimited'
p3088
I92
sS'lovin'
p3089
I92
sS'judgement'
p3090
I92
sS'shitty'
p3091
I91
sS'game'
p3092
I80
sS'over.\xe2\x80\x9d'
p3093
I92
sS'kasi'
p3094
I92
sS'feelin\xe2\x80\x9d'
p3095
I92
sS'insert'
p3096
I92
sS'bit'
p3097
I87
sS'wings'
p3098
I92
sS'bout'
p3099
I92
sS'd'
p3100
I90
sS'follows'
p3101
I92
sS'signal'
p3102
I92
sS'toyota'
p3103
I92
sS'sycho'
p3104
I92
sS'kester'
p3105
I90
sS'ignore'
p3106
I91
sS'develando'
p3107
I92
sS'bukas'
p3108
I92
sS'popular'
p3109
I92
sS'stylish'
p3110
I92
sS'fault'
p3111
I91
sS'me\xe2\x80\x9d'
p3112
I91
sS'nissan'
p3113
I92
sS'coat'
p3114
I92
sS'google'
p3115
I92
sS'methods'
p3116
I92
sS'ufc'
p3117
I92
sS'fucking'
p3118
I78
sS'spring'
p3119
I92
sS'fathers'
p3120
I92
sS'fake'
p3121
I92
sS'some'
p3122
I62
sS'back'
p3123
I55
sS'bounce'
p3124
I92
sS'martial'
p3125
I92
sS'mmmmm'
p3126
I92
sS'poly'
p3127
I92
sS"weekend's"
p3128
I92
sS'delivered'
p3129
I92
sS'"fuck'
p3130
I92
sS'pez'
p3131
I92
sS'on-the-job'
p3132
I92
sS'decision'
p3133
I91
sS'suitless'
p3134
I92
sS'notification'
p3135
I92
sS'good"'
p3136
I92
sS'epic'
p3137
I87
sS'mcu'
p3138
I92
sS'prob'
p3139
I92
sS'laughing'
p3140
I92
sS'be'
p3141
I26
sS'bf'
p3142
I92
sS'eating'
p3143
I87
sS'jovovich'
p3144
I92
sS'bc'
p3145
I90
sS"fuckin'"
p3146
I92
sS'foles'
p3147
I92
sS'lose'
p3148
I87
sS'jl'
p3149
I92
sS's/o'
p3150
I92
sS'zombie'
p3151
I90
sS'step'
p3152
I92
sS'bp'
p3153
I92
sS'santa'
p3154
I90
sS'darkskin'
p3155
I92
sS'crap'
p3156
I91
sS'\xe0\xb8\x99\xe0\xb8\x99\xe0\xb8\x99\xe0\xb9\x80\xe0\xb8\xab\xe0\xb8\xb5\xe0\xb9\x89\xe0\xb8\xa2\xe0\xb9\x86\xe0\xb9\x86'
p3157
I92
sS'raspberry'
p3158
I92
sS'by'
p3159
I57
sS'pix'
p3160
I92
sS'anything'
p3161
I86
sS'wore'
p3162
I92
sS'alskfjahahd'
p3163
I92
sS'emmy'
p3164
I92
sS'delish'
p3165
I92
sS'truck'
p3166
I92
sS'sorrows'
p3167
I92
sS'drama'
p3168
I90
sS'deserves'
p3169
I47
sS'idk'
p3170
I89
sS'charm'
p3171
I92
sS'nuys'
p3172
I28
sS'wanna'
p3173
I82
sS'idc'
p3174
I92
sS'plan'
p3175
I92
sS'ppl'
p3176
I90
sS'seeing'
p3177
I90
sS'ahahahahha'
p3178
I92
sS'visit'
p3179
I92
sS'into'
p3180
I86
sS'johns'
p3181
I92
sS'exercises'
p3182
I92
sS'momma'
p3183
I92
sS'because'
p3184
I72
sS'seasons'
p3185
I92
sS'remembrance'
p3186
I92
sS'!\xe2\xad\x90\xef\xb8\x8f'
p3187
I92
sS'lebron'
p3188
I92
sS'rolls'
p3189
I92
sS'smells'
p3190
I90
sS'tonsillitis'
p3191
I92
sS'(think'
p3192
I92
sS'marie'
p3193
I92
sS'much\xe2\x80\x9d'
p3194
I92
sS'\xd8\xa7\xd9\x84\xd8\xa2\xd8\xae\xd8\xb1\xd9\x8a\xd9\x86\xd8\x8c'
p3195
I92
sS'spending'
p3196
I92
sS'question'
p3197
I90
sS'live'
p3198
I86
sS'fast'
p3199
I90
sS'\xd9\x81\xd8\xb1\xd8\xa7\xd9\x82\xd9\x83'
p3200
I92
sS'bwwaaaaaahahaha'
p3201
I92
sS"we're"
p3202
I87
sS'suit'
p3203
I92
sS'forward'
p3204
I89
sS'bored'
p3205
I92
sS'footage'
p3206
I92
sS'good.\xe2\x80\x9d'
p3207
I91
sS'catered'
p3208
I92
sS'files'
p3209
I92
sS'himself'
p3210
I86
sS'fact\xe2\x98\x9d\xef\xb8\x8f'
p3211
I92
sS'7am'
p3212
I92
sS't-shirt'
p3213
I91
sS'boys'
p3214
I82
sS'yesssss'
p3215
I92
sS'link'
p3216
I92
sS'cremecaramella'
p3217
I92
sS'episode'
p3218
I92
sS'line'
p3219
I89
sS'(superman)'
p3220
I92
sS'posted'
p3221
I91
sS'directed'
p3222
I89
sS'ideals'
p3223
I92
sS'lworst'
p3224
I92
sS'somedays'
p3225
I90
sS'up'
p3226
I38
sS'us'
p3227
I78
sS'ur'
p3228
I88
sS'planet'
p3229
I91
sS'earth*'
p3230
I92
sS'uh'
p3231
I92
sS'faded'
p3232
I91
sS"qu'ran"
p3233
I92
sS'wicked'
p3234
I92
sS'similar'
p3235
I92
sS'called'
p3236
I87
sS'uber'
p3237
I92
sS'v'
p3238
I92
sS'freak'
p3239
I92
sS'curren'
p3240
I92
sS'm'
p3241
I92
sS'tyrese'
p3242
I92
sS'success'
p3243
I92
sS'starbucks'
p3244
I92
sS'scarlet'
p3245
I91
sS'single'
p3246
I88
sS'curb'
p3247
I92
sS'fafafufis'
p3248
I92
sS'bicep'
p3249
I92
sS'kerry'
p3250
I92
sS'dragging'
p3251
I92
sS'kidney'
p3252
I92
sS'murrage'
p3253
I92
sS'codes'
p3254
I92
sS'paisa'
p3255
I92
sS'crip'
p3256
I92
sS'10am'
p3257
I92
sS'nah'
p3258
I92
sS'pat'
p3259
I92
sS'fears'
p3260
I92
sS'200m'
p3261
I92
sS'excuses'
p3262
I92
sS'politicians'
p3263
I92
sS'department)'
p3264
I92
sS'trait'
p3265
I92
sS'moron'
p3266
I92
sS"today's"
p3267
I92
sS'95%'
p3268
I92
sS'before\xe2\x80\x9d'
p3269
I92
sS'nice'
p3270
I85
sS'smiles'
p3271
I92
sS'draw'
p3272
I91
sS'cz'
p3273
I92
sS'booger'
p3274
I92
sS"jackman's"
p3275
I92
sS'papa'
p3276
I92
sS'jealoussssss'
p3277
I92
sS'prepared'
p3278
I92
sS'bianca'
p3279
I92
sS'flosses'
p3280
I91
sS'fisher'
p3281
I92
sS'clue'
p3282
I92
sS'\xd8\xa7\xd9\x84\xd9\x86\xd8\xa7\xd9\x82\xd8\xb5\xd9\x88\xd9\x86'
p3283
I92
sS'sides'
p3284
I91
sS'mames'
p3285
I92
sS'mood'
p3286
I92
sS'ago'
p3287
I90
sS'lane'
p3288
I91
sS'miles'
p3289
I90
sS'e'
p3290
I91
sS'dvd'
p3291
I92
sS'outing'
p3292
I92
sS'teams'
p3293
I92
sS'youtube'
p3294
I92
sS'drifting'
p3295
I92
sS'annoyed'
p3296
I92
sS'lowkey'
p3297
I92
sS'depth'
p3298
I92
sS'hella'
p3299
I91
sS'karma'
p3300
I92
sS'far'
p3301
I87
sS'fresh'
p3302
I91
sS'underrated'
p3303
I92
sS'intraoccular'
p3304
I92
sS'hello'
p3305
I91
sS'once'
p3306
I91
sS'insha'
p3307
I92
sS'edc'
p3308
I91
sS'hampton'
p3309
I92
sS'code'
p3310
I91
sS'squats'
p3311
I91
sS'scooped'
p3312
I92
sS'results'
p3313
I90
sS'steve'
p3314
I91
sS'helped'
p3315
I92
sS'izzz'
p3316
I92
sS'overstrike'
p3317
I92
sS'freakin'
p3318
I92
sS'go'
p3319
I60
sS'flashback'
p3320
I92
sS'issues'
p3321
I91
sS'subtly'
p3322
I92
sS'bcus'
p3323
I92
sS'okaaaaayyyyy...."'
p3324
I92
sS'suave'
p3325
I92
sS'young'
p3326
I90
sS'send'
p3327
I92
sS'nose'
p3328
I92
sS'warpath'
p3329
I92
sS'retweets'
p3330
I92
sS'suite'
p3331
I92
sS'dislike'
p3332
I92
sS'hints'
p3333
I92
sS'meetings'
p3334
I92
sS'sent'
p3335
I92
sS"zod's"
p3336
I91
sS'queen'
p3337
I92
sS'felicito'
p3338
I92
sS'center)'
p3339
I91
sS'automotive'
p3340
I92
sS'peyton'
p3341
I92
sS'continues'
p3342
I90
sS'conditions'
p3343
I92
sS'wave'
p3344
I92
sS'teleworker'
p3345
I92
sS'eso'
p3346
I92
sS'thoooo'
p3347
I92
sS'putting'
p3348
I89
sS'telling'
p3349
I91
sS'drinking'
p3350
I91
sS'looooove'
p3351
I92
sS'soy-caj-late'
p3352
I92
sS'entire'
p3353
I92
sS'fwy'
p3354
I92
sS'excruciating'
p3355
I92
sS'transmission'
p3356
I92
sS'snuggle'
p3357
I92
sS'notes'
p3358
I92
sS'gettin'
p3359
I90
sS'michael'
p3360
I87
sS'ryan'
p3361
I90
sS'coffee\xe2\x98\x95\xef\xb8\x8f'
p3362
I92
sS'try'
p3363
I85
sS'threat'
p3364
I91
sS'race'
p3365
I89
sS'hutor'
p3366
I92
sS"marsden/cyclops'"
p3367
I92
sS'havent'
p3368
I92
sS'evs'
p3369
I92
sS'tru'
p3370
I92
sS'deslumbra'
p3371
I92
sS"thot's"
p3372
I92
sS'booty'
p3373
I90
sS"you'd"
p3374
I90
sS'\xe2\x9d\xa4'
p3375
I92
sS'za'
p3376
I92
sS'waking'
p3377
I92
sS'noticias'
p3378
I92
sS'fold'
p3379
I92
sS'108$'
p3380
I92
sS'video'
p3381
I89
sS'braids'
p3382
I92
sS'uncomfortable'
p3383
I92
sS'nephew'
p3384
I92
sS'zu'
p3385
I92
sS'spaghetti'
p3386
I92
sS'm&ms'
p3387
I91
sS'plays'
p3388
I92
sS'power'
p3389
I91
sS'giving'
p3390
I90
sS'vampire'
p3391
I92
sS'correspondent"'
p3392
I92
sS'flicked'
p3393
I92
sS'hellarious'
p3394
I92
sS'waiting'
p3395
I86
sS'boring.\xe2\x80\x9d'
p3396
I92
sS"finishes.don't"
p3397
I92
sS'duran'
p3398
I92
sS'ursa'
p3399
I92
sS'exercise'
p3400
I90
sS'3d'
p3401
I92
sS'body'
p3402
I88
sS'\xd9\x88'
p3403
I88
sS'degree'
p3404
I92
sS'leg'
p3405
I90
sS'b-'
p3406
I92
sS'respectively'
p3407
I92
sS'hova'
p3408
I92
sS'commercial'
p3409
I92
sS'giant'
p3410
I92
sS'believed'
p3411
I92
sS'l.a.story'
p3412
I92
sS'let'
p3413
I80
sS"kevin's"
p3414
I92
sS'others'
p3415
I63
sS'weather\xe2\x80\x9d'
p3416
I91
sS':***'
p3417
I92
sS'great'
p3418
I65
sS'stark'
p3419
I84
sS'metro'
p3420
I90
sS'single\xe2\x80\xa2'
p3421
I92
sS'chant'
p3422
I92
sS'larissa'
p3423
I92
sS'30'
p3424
I91
sS'host'
p3425
I92
sS'35'
p3426
I92
sS'leaving'
p3427
I86
sS'helpers'
p3428
I92
sS"weren't"
p3429
I91
sS'pornstar'
p3430
I92
sS'popcorn'
p3431
I90
sS'opinion'
p3432
I92
sS'huniiiiiit'
p3433
I92
sS'makes'
p3434
I83
sS'\xd8\xa3\xd9\x86\xd9\x81\xd8\xb3\xd9\x87\xd9\x85'
p3435
I91
sS'thats'
p3436
I92
sS'cheetos'
p3437
I92
sS'sheild'
p3438
I92
sS'spain.\xe2\x80\x9d'
p3439
I92
sS'pitch'
p3440
I92
sS'win'
p3441
I90
sS'app'
p3442
I90
sS'siri'
p3443
I92
sS'apt'
p3444
I92
sS'order'
p3445
I92
sS'pasta'
p3446
I92
sS'angie'
p3447
I92
sS'wit'
p3448
I91
sS'names'
p3449
I92
sS'composer'
p3450
I92
sS'goldeneye'
p3451
I92
sS'scandal'
p3452
I92
sS'sugar'
p3453
I92
sS'cloud'
p3454
I92
sS'lime'
p3455
I92
sS'standing'
p3456
I92
sS'use'
p3457
I86
sS'from'
p3458
I47
sS'nauseated'
p3459
I92
sS'&'
p3460
I36
sS'skyped'
p3461
I92
sS'chi'
p3462
I92
sS'chocolates'
p3463
I92
sS'cray'
p3464
I92
sS'next'
p3465
I79
sS'chp'
p3466
I91
sS'few'
p3467
I87
sS'circumstances'
p3468
I92
sS'camera'
p3469
I91
sS'toy'
p3470
I92
sS'dreams'
p3471
I92
sS'historically'
p3472
I92
sS'"prisoner\'s'
p3473
I92
sS'\xd9\x85\xd9\x86\xd9\x87\xd8\xa7'
p3474
I92
sS'babe'
p3475
I92
sS'journalists'
p3476
I92
sS'upcoming'
p3477
I91
sS'started'
p3478
I88
sS'cierre'
p3479
I92
sS'freedom'
p3480
I92
sS'about'
p3481
I47
sS'confused'
p3482
I90
sS'!\xe2\x80\x9d'
p3483
I92
sS'sunrise'
p3484
I92
sS'israelis'
p3485
I92
sS'aaron...fish'
p3486
I92
sS'baby'
p3487
I82
sS'central'
p3488
I92
sS'"to'
p3489
I92
sS'gangsta'
p3490
I92
sS'women'
p3491
I91
sS'dapper'
p3492
I92
sS'account'
p3493
I91
sS'excellent'
p3494
I92
sS'animals'
p3495
I92
sS'linkedin'
p3496
I92
sS'f'
p3497
I91
sS'this'
p3498
I21
sS'challenge'
p3499
I91
sS'getting'
p3500
I69
sS'goalie'
p3501
I92
sS'favorita'
p3502
I92
sS'obvious'
p3503
I91
sS'client'
p3504
I92
sS'siick'
p3505
I92
sS'of'
p3506
I7
sS'meet'
p3507
I91
sS'personality'
p3508
I92
sS'spilled'
p3509
I92
sS'dropped'
p3510
I92
sS'control'
p3511
I89
sS'monica'
p3512
I91
sS'lock'
p3513
I92
sS'halloween'
p3514
I91
sS'pieces'
p3515
I92
sS'high'
p3516
I79
sS'tal'
p3517
I92
sS'villain'
p3518
I92
sS'kaiju'
p3519
I92
sS'hilton'
p3520
I92
sS'something'
p3521
I86
sS'blvd'
p3522
I80
sS'tam'
p3523
I91
sS'youuzz'
p3524
I92
sS'impressed'
p3525
I92
sS'agosto'
p3526
I92
sS'sis'
p3527
I92
sS'sir'
p3528
I90
sS'paleo'
p3529
I92
sS'twizzlers'
p3530
I92
sS'sit'
p3531
I87
sS'vibe'
p3532
I92
sS'chevrolet'
p3533
I91
sS'purpose'
p3534
I92
sS'cole'
p3535
I92
sS'stow'
p3536
I92
sS'lamp'
p3537
I92
sS'seeds'
p3538
I92
sS'pair'
p3539
I92
sS'line*'
p3540
I92
sS'animal'
p3541
I92
sS'.-'
p3542
I92
sS'instead'
p3543
I89
sS'mysteries'
p3544
I92
sS'intelligent'
p3545
I91
sS'gurl'
p3546
I92
sS'stand'
p3547
I91
sS'profile'
p3548
I92
sS'buildings'
p3549
I92
sS'de'
p3550
I91
sS'thee'
p3551
I92
sS'summers'
p3552
I92
sS'language'
p3553
I92
sS'stop'
p3554
I82
sS'4am'
p3555
I92
sS'chow'
p3556
I92
sS"pullin'"
p3557
I92
sS'taco'
p3558
I92
sS'hahahaha'
p3559
I90
sS'ahahaha'
p3560
I92
sS"millar's"
p3561
I92
sS'cuddling'
p3562
I92
sS'somethin'
p3563
I91
sS'realized'
p3564
I92
sS'\xd8\xaa\xd8\xac\xd8\xaf'
p3565
I92
sS'light'
p3566
I89
sS'noises'
p3567
I92
sS'lines'
p3568
I92
sS'9am'
p3569
I92
sS'"outside"'
p3570
I92
sS'honestly'
p3571
I89
sS'wwwuuuttt'
p3572
I92
sS'allow'
p3573
I92
sS'crawling'
p3574
I91
sS'christopher'
p3575
I92
sS'addiction'
p3576
I91
sS'stakes'
p3577
I92
sS'martini'
p3578
I92
sS'transformation'
p3579
I92
sS'unsolved'
p3580
I92
sS'hocu'
p3581
I92
sS'soggy'
p3582
I92
sS'producer'
p3583
I91
sS'mcduck'
p3584
I92
sS'move'
p3585
I89
sS'petco'
p3586
I89
sS'symbols'
p3587
I92
sS'hugged'
p3588
I92
sS'alliance'
p3589
I92
sS"won't"
p3590
I90
sS'looks'
p3591
I85
sS'mentioned'
p3592
I91
sS'kbs'
p3593
I92
sS'batman/superman'
p3594
I92
sS'nasty'
p3595
I92
sS'galaxy'
p3596
I90
sS'bunch'
p3597
I91
sS'perfect'
p3598
I87
sS'write'
p3599
I89
sS'la'
p3600
I46
sS'[pic]'
p3601
I83
sS'age'
p3602
I92
sS'willing'
p3603
I92
sS'degrees'
p3604
I90
sS'choose'
p3605
I89
sS'orange'
p3606
I89
sS'2014'
p3607
I92
sS'2017'
p3608
I92
sS'bye'
p3609
I92
sS'squatting'
p3610
I92
sS'tickled'
p3611
I92
sS'greater'
p3612
I91
sS'godshian'
p3613
I92
sS'errands'
p3614
I92
sS'dan'
p3615
I92
sS'practice'
p3616
I90
sS'dat'
p3617
I92
sS'sweets'
p3618
I92
sS'cutting'
p3619
I92
sS'\xd8\xb3\xd9\x88\xd9\x89'
p3620
I92
sS'legendary'
p3621
I91
sS'hands'
p3622
I91
sS'front'
p3623
I87
sS"heat's"
p3624
I92
sS'latenight'
p3625
I92
sS'cage'
p3626
I92
sS'day'
p3627
I58
sS'strive'
p3628
I92
sS'tray'
p3629
I92
sS'yummo'
p3630
I92
sS"night's"
p3631
I92
sS'university'
p3632
I92
sS'nfl'
p3633
I92
sS'betta'
p3634
I92
sS'blazing'
p3635
I91
sS'accidents'
p3636
I92
sS'jazmin'
p3637
I92
sS'doesnt'
p3638
I92
sS'mode'
p3639
I89
sS'truth'
p3640
I89
sS'feldman'
p3641
I92
sS'stock'
p3642
I92
sS'traces'
p3643
I92
sS'|'
p3644
I92
sS'glasses'
p3645
I89
sS'baxter'
p3646
I92
sS'studios'
p3647
I92
sS'tite'
p3648
I92
sS'tents'
p3649
I92
sS'doing'
p3650
I91
sS'met'
p3651
I92
sS'dreaming'
p3652
I92
sS'up\xe2\x80\xa6'
p3653
I92
sS'bethel'
p3654
I91
sS'climatic'
p3655
I92
sS'society'
p3656
I92
sS'88'
p3657
I91
sS'books'
p3658
I92
sS'iiiiiiiiiiiiiiiit'
p3659
I92
sS'thanos'
p3660
I92
sS'our'
p3661
I86
sS'story)'
p3662
I92
sS'disco'
p3663
I92
sS'skateboarding'
p3664
I92
sS'*spamm'
p3665
I92
sS'special'
p3666
I89
sS'out'
p3667
I42
sS'respects'
p3668
I92
sS'ratner'
p3669
I92
sS'nick'
p3670
I92
sS'haljinu'
p3671
I92
sS'bag'
p3672
I92
sS'bolos'
p3673
I92
sS"supes'"
p3674
I92
sS'defend'
p3675
I92
sS'ricky'
p3676
I91
sS'critics'
p3677
I91
sS'softly'
p3678
I92
sS'hilarious'
p3679
I91
sS'unprepared'
p3680
I92
sS'jinxxxxxxxxxxxxx'
p3681
I92
sS'guadeloupe"'
p3682
I92
sS"time'"
p3683
I92
sS'cause'
p3684
I84
sS'red'
p3685
I88
sS'buuuuuuuut'
p3686
I92
sS'shut'
p3687
I92
sS'outkast'
p3688
I92
sS'sander'
p3689
I92
sS'frank'
p3690
I92
sS'hyundai'
p3691
I92
sS'jeff'
p3692
I92
sS'parents'
p3693
I92
sS'release'
p3694
I92
sS'completely'
p3695
I89
sS'2k15'
p3696
I92
sS'que'
p3697
I90
sS'omggggg'
p3698
I92
sS'hobbled'
p3699
I92
sS'\xd9\x8a\xd8\xb1\xd9\x88\xd9\x86\xd9\x87\xd9\x85'
p3700
I92
sS'craving'
p3701
I90
sS'receipts'
p3702
I92
sS'scary'
p3703
I91
sS'zimmerman'
p3704
I92
sS'bam'
p3705
I92
sS'year.\xe2\x80\x9d'
p3706
I92
sS'g'
p3707
I92
sS'could'
p3708
I73
sS'area'
p3709
I92
sS'florida'
p3710
I91
sS'times'
p3711
I86
sS'conversation'
p3712
I92
sS'4th'
p3713
I91
sS'removing'
p3714
I92
sS'subtweeting'
p3715
I92
sS'explored'
p3716
I92
sS'retail'
p3717
I92
sS'invisible'
p3718
I92
sS'scare'
p3719
I92
sS'south'
p3720
I92
sS'*'
p3721
I92
sS'unfollowing'
p3722
I92
sS'blown'
p3723
I91
sS'confuse'
p3724
I92
sS'scene'
p3725
I91
sS'jesus'
p3726
I86
sS'whoop'
p3727
I91
sS'puppet'
p3728
I92
sS'bitch'
p3729
I84
sS'j.j'
p3730
I91
sS'reached'
p3731
I92
sS'blows'
p3732
I92
sS'quality'
p3733
I92
sS'heroes'
p3734
I89
sS'disaster'
p3735
I92
sS"you're"
p3736
I70
sS'appreviations'
p3737
I92
sS'sadly'
p3738
I92
sS'start'
p3739
I84
sS'accent'
p3740
I92
sS'door'
p3741
I92
sS'hahaha..how'
p3742
I92
sS'grow'
p3743
I91
sS'their'
p3744
I78
sS'attack'
p3745
I92
sS'downey'
p3746
I92
sS'\xd8\xb6\xd8\xb1\xd8\xa8'
p3747
I92
sS'"who'
p3748
I92
sS'beard'
p3749
I90
sS'flume'
p3750
I92
sS'gummy'
p3751
I92
sS'stars'
p3752
I92
sS'shorts'
p3753
I92
sS'bulldog'
p3754
I91
sS'explanation'
p3755
I92
sS'exactly'
p3756
I91
sS'motorcycle'
p3757
I92
sS'shorty'
p3758
I92
sS'grandpa'
p3759
I92
sS'greenlight'
p3760
I92
sS'"saint"'
p3761
I92
sS'\xd9\x84\xd9\x86'
p3762
I92
sS'whyyyyy'
p3763
I92
sS'steel'
p3764
I92
sS'loved'
p3765
I89
sS'orchestrates'
p3766
I92
sS'beb'
p3767
I92
sS'goldenstate'
p3768
I92
sS'bother'
p3769
I92
sS'popping'
p3770
I92
sS'bed'
p3771
I90
sS'4-11'
p3772
I92
sS'orchestrated'
p3773
I92
sS'loves'
p3774
I88
sS'cherished'
p3775
I92
sS'puppppppppppppy'
p3776
I92
sS'september'
p3777
I92
sS'spurs'
p3778
I92
sS'night\xe2\x80\x9d'
p3779
I92
sS'1.5'
p3780
I92
sS"pro's"
p3781
I92
sS'\xd0\xbe\xd0\xb6\xd0\xb8\xd0\xb4\xd0\xb0\xd0\xbd\xd0\xb8\xd0\xb5'
p3782
I92
sS'clip'
p3783
I92
sS'hashtags'
p3784
I92
sS'avengers)'
p3785
I92
sS'comfortable'
p3786
I92
sS'tonight'
p3787
I79
sS'day!:d'
p3788
I92
sS'have'
p3789
I33
sS'need'
p3790
I67
sS'apparently'
p3791
I92
sS'clearly'
p3792
I92
sS'tears.\xe2\x80\x9d'
p3793
I92
sS'screw'
p3794
I92
sS'dehydrated'
p3795
I92
sS'afraid'
p3796
I91
sS'angle'
p3797
I92
sS'thin'
p3798
I92
sS'studying'
p3799
I90
sS'art...shark....happy'
p3800
I92
sS'agency'
p3801
I92
sS'able'
p3802
I92
sS'switch'
p3803
I92
sS'(no'
p3804
I92
sS'cr\xc3\xa8me\xe2\x80\xa6'
p3805
I92
sS'armando'
p3806
I92
sS'mix'
p3807
I90
sS'cut\xe2\x80\xa6'
p3808
I92
sS'branched'
p3809
I92
sS'which'
p3810
I88
sS'\xd8\xa7\xd9\x84\xd9\x82\xd9\x85\xd9\x85'
p3811
I92
sS'jail'
p3812
I91
sS'asshole'
p3813
I92
sS';-)'
p3814
I92
sS'toughest'
p3815
I92
sS'brazil'
p3816
I92
sS'simi'
p3817
I92
sS'sequel'
p3818
I91
sS'unless'
p3819
I90
sS'nancy'
p3820
I92
sS'who'
p3821
I55
sS'pyt'
p3822
I92
sS"where's"
p3823
I90
sS'intentions'
p3824
I92
sS'eight'
p3825
I92
sS'awh'
p3826
I92
sS'device'
p3827
I92
sS'thunder'
p3828
I92
sS'birthday?me'
p3829
I92
sS'sally'
p3830
I92
sS'why'
p3831
I62
sS'weho'
p3832
I92
sS'"awesome"'
p3833
I92
sS'humanity*'
p3834
I92
sS'upset'
p3835
I91
sS'exaggerated'
p3836
I92
sS'perk'
p3837
I92
sS'face'
p3838
I88
sS'pipe'
p3839
I63
sS'sorta'
p3840
I92
sS"you'll"
p3841
I91
sS'brunette'
p3842
I92
sS'se'
p3843
I91
sS'movie'
p3844
I77
sS'xavier'
p3845
I90
sS'normally'
p3846
I92
sS'fact'
p3847
I89
sS'son'
p3848
I88
sS"summerall's"
p3849
I92
sS'parker'
p3850
I92
sS'purell'
p3851
I92
sS'chances'
p3852
I92
sS'text'
p3853
I88
sS'agreed'
p3854
I91
sS'bum'
p3855
I92
sS'anyway'
p3856
I90
sS'homeowner'
p3857
I92
sS'bring'
p3858
I88
sS'guey'
p3859
I92
sS'planning'
p3860
I92
sS'traitor'
p3861
I92
sS'seaweed'
p3862
I92
sS'chicken'
p3863
I81
sS'darkest'
p3864
I92
sS'economist'
p3865
I92
sS'debate'
p3866
I92
sS'shoes'
p3867
I92
sS'5pm'
p3868
I91
sS'based'
p3869
I92
sS'emotions\xe2\x80\x9d'
p3870
I92
sS'sheriff'
p3871
I92
sS'downloading'
p3872
I92
sS'should'
p3873
I78
sS'drink.\xe2\x80\xa6'
p3874
I92
sS'score'
p3875
I91
sS'employee'
p3876
I92
sS'flan'
p3877
I92
sS"marvel's"
p3878
I92
sS'local'
p3879
I92
sS'hope'
p3880
I82
sS'meant'
p3881
I92
sS'\xd8\xb9\xd8\xb3\xd9\x89'
p3882
I92
sS'captioned'
p3883
I92
sS'workin'
p3884
I92
sS'means'
p3885
I90
sS'beat'
p3886
I91
sS'dope'
p3887
I91
sS'unbeatable'
p3888
I92
sS'lucky'
p3889
I92
sS'bear'
p3890
I88
sS'likely'
p3891
I92
sS'-carmen'
p3892
I92
sS'abundance'
p3893
I92
sS'ones'
p3894
I92
sS'joins'
p3895
I92
sS'probably'
p3896
I88
sS'drowning'
p3897
I92
sS'75-85-95'
p3898
I92
sS'absthis'
p3899
I92
sS'=)'
p3900
I91
sS'wordz'
p3901
I92
sS'following'
p3902
I92
sS'same\xe2\x80\x9d'
p3903
I92
sS'brain'
p3904
I92
sS'crud'
p3905
I92
sS'h'
p3906
I91
sS'gras'
p3907
I92
sS'tuned'
p3908
I91
sS'comics'
p3909
I88
sS'stuff'
p3910
I79
sS'she'
p3911
I73
sS"lee's"
p3912
I92
sS'grab'
p3913
I92
sS'watchin'
p3914
I92
sS'now-9pm'
p3915
I92
sS'costume'
p3916
I92
sS'krypton'
p3917
I92
sS'knowing'
p3918
I91
sS'prayers'
p3919
I92
sS'shake'
p3920
I92
sS'humans'
p3921
I91
sS'packet'
p3922
I92
sS'theres'
p3923
I92
sS'online'
p3924
I92
sS'signed'
p3925
I92
sS'desperate'
p3926
I91
sS'kanye'
p3927
I92
sS'flashbacks'
p3928
I92
sS'packed'
p3929
I92
sS'\xe0\xb8\x99\xe0\xb8\xb2\xe0\xb8\x99\xe0\xb8\x99\xe0\xb8\x99\xe0\xb8\x99'
p3930
I92
sS':/'
p3931
I92
sS"fernando's"
p3932
I92
sS'failsafe'
p3933
I91
sS'superhero'
p3934
I89
sS'interacting'
p3935
I92
sS'has'
p3936
I72
sS'arguably'
p3937
I92
sS'different\xe2\x80\x9d'
p3938
I92
sS"hunter's"
p3939
I92
sS'thumb'
p3940
I92
sS'spotify'
p3941
I92
sS'favor'
p3942
I91
sS'written'
p3943
I91
sS'injustice'
p3944
I92
sS'closed'
p3945
I91
sS'routine'
p3946
I92
sS'die!"'
p3947
I92
sS"wife's"
p3948
I92
sS'thumbnail'
p3949
I92
sS'bought'
p3950
I90
sS'ajit'
p3951
I92
sS'ends'
p3952
I92
sS'ability'
p3953
I92
sS'trynna'
p3954
I92
sS'opening'
p3955
I86
sS'scenes*'
p3956
I92
sS'joy'
p3957
I92
sS'beverages'
p3958
I92
sS"y'all's"
p3959
I92
sS'kinds'
p3960
I92
sS'the\xe2\x80\xa6'
p3961
I92
sS'job'
p3962
I87
sS'joc'
p3963
I92
sS'joe'
p3964
I91
sS'spoil'
p3965
I91
sS'police'
p3966
I92
sS'hellll'
p3967
I92
sS'ban'
p3968
I92
sS'monitor'
p3969
I91
sS'actual'
p3970
I92
sS'arctica'
p3971
I92
sS'figured'
p3972
I92
sS'noire'
p3973
I92
sS'ripped'
p3974
I92
sS'career'
p3975
I92
sS'joke'
p3976
I92
sS'taking'
p3977
I89
sS'equal'
p3978
I92
sS'drug'
p3979
I92
sS'moles'
p3980
I92
sS'admit'
p3981
I90
sS'interesting'
p3982
I92
sS'apostrophe'
p3983
I92
sS'passing'
p3984
I91
sS'jabroni'
p3985
I92
sS'glorious'
p3986
I91
sS'grounds'
p3987
I92
sS'wade'
p3988
I92
sS'vent'
p3989
I91
sS'ci'
p3990
I92
sS'relevant'
p3991
I92
sS'co'
p3992
I63
sS'pepsi'
p3993
I92
sS'gone'
p3994
I88
sS"neptune's"
p3995
I92
sS'tuesday'
p3996
I91
sS'cd'
p3997
I92
sS'genre'
p3998
I92
sS'laugh'
p3999
I92
sS'geez'
p4000
I92
sS'respect'
p4001
I88
sS'winning'
p4002
I90
sS'motto'
p4003
I92
sS'neat'
p4004
I92
sS'quit'
p4005
I92
sS'lexus)'
p4006
I91
sS'yay'
p4007
I91
sS'now\xe2\x80\x9d'
p4008
I92
sS'zankou'
p4009
I76
sS"it's"
p4010
I40
sS'sara'
p4011
I92
sS'steadiness'
p4012
I92
sS'cent'
p4013
I92
sS'ai'
p4014
I92
sS'whedon'
p4015
I89
sS'treat'
p4016
I92
sS'easiest'
p4017
I92
sS'!?!\xe2\x9a\xbd\xef\xb8\x8f'
p4018
I92
sS'jusss'
p4019
I92
sS'ya\xe2\x80\x9d'
p4020
I92
sS'waste'
p4021
I92
sS'pup/make'
p4022
I92
sS'equipo'
p4023
I92
sS'define'
p4024
I92
sS'uniques'
p4025
I92
sS'mike'
p4026
I89
sS'league'
p4027
I89
sS'am'
p4028
I70
sS'vince'
p4029
I92
sS'2015'
p4030
I91
sS'finished'
p4031
I91
sS'bull'
p4032
I92
sS'smoking'
p4033
I88
sS'general'
p4034
I91
sS'reeves'
p4035
I92
sS'spain'
p4036
I90
sS'volunteer'
p4037
I90
sS'7-eleven'
p4038
I92
sS'qb'
p4039
I92
sS'unlike'
p4040
I92
sS'restaurant'
p4041
I92
sS'appearance'
p4042
I90
sS'cvs'
p4043
I92
sS'will'
p4044
I56
sS'\xd8\xb9\xd9\x86\xd9\x83'
p4045
I92
sS'hahaha'
p4046
I85
sS'rigged'
p4047
I92
sS'balance'
p4048
I92
sS"nobody's"
p4049
I92
sS'~'
p4050
I92
sS'archie'
p4051
I92
sS'snack'
p4052
I92
sS'stuffing'
p4053
I92
sS'flex'
p4054
I92
sS'almost'
p4055
I89
sS'got\xe2\x80\xa6'
p4056
I92
sS'\xd8\xa7\xd9\x86\xd8\xa7'
p4057
I92
sS'hardware'
p4058
I86
sS'vs'
p4059
I90
sS'audiences'
p4060
I92
sS'(5883'
p4061
I85
sS'waivers'
p4062
I92
sS'ava'
p4063
I92
sS'superheroes'
p4064
I92
sS'tattoo'
p4065
I89
sS'kissed'
p4066
I92
sS'parte'
p4067
I92
sS'chante'
p4068
I92
sS'perhaps'
p4069
I91
sS'captivated'
p4070
I92
sS'"gorge'
p4071
I92
sS'funniest'
p4072
I92
sS'member'
p4073
I92
sS'guns'
p4074
I92
sS'strange'
p4075
I92
sS'northwest'
p4076
I92
sS'units'
p4077
I92
sS'party'
p4078
I84
sS'gets'
p4079
I89
sS'nada'
p4080
I92
sS'paula'
p4081
I92
sS'smh\xe2\x80\x9d'
p4082
I92
sS'slightly'
p4083
I92
sS'ushering'
p4084
I92
sS'iker'
p4085
I92
sS'drink'
p4086
I88
sS'upon'
p4087
I92
sS'outcast'
p4088
I92
sS'beast'
p4089
I91
sS'fucken'
p4090
I91
sS'\xe2\x80\xa2drink'
p4091
I92
sS'fucked'
p4092
I90
sS'spree'
p4093
I92
sS"obama's"
p4094
I92
sS'righton'
p4095
I92
sS'cuter'
p4096
I92
sS'clips'
p4097
I92
sS'off'
p4098
I75
sS'center'
p4099
I88
sS'mention'
p4100
I92
sS'i'
p4101
I3
sS'well'
p4102
I78
sS'fighting'
p4103
I92
sS'thought'
p4104
I88
sS'sepulveda'
p4105
I67
sS'(world'
p4106
I92
sS'wyd'
p4107
I92
sS'reciben'
p4108
I92
sS'ashlee'
p4109
I92
sS'ily'
p4110
I92
sS'gramas'
p4111
I92
sS'carrie'
p4112
I91
sS'sonata'
p4113
I92
sS'cried'
p4114
I92
sS'less'
p4115
I90
sS'moments'
p4116
I90
sS'accurate'
p4117
I92
sS'executive'
p4118
I92
sS'cakes'
p4119
I92
sS'palm'
p4120
I92
sS'bitchachos'
p4121
I92
sS'fishing'
p4122
I92
sS'rocked'
p4123
I92
sS'methan'
p4124
I92
sS'happiness'
p4125
I90
sS'brad'
p4126
I92
sS'web'
p4127
I91
sS'levitated'
p4128
I92
sS'\xd0\xbf\xd1\x80\xd0\xbe\xd1\x81\xd0\xbb\xd1\x83\xd1\x88\xd0\xb8\xd0\xb2\xd0\xb0\xd0\xbd\xd0\xb8\xd1\x8f'
p4129
I92
sS'scent'
p4130
I92
sS'politique'
p4131
I92
sS'twilight'
p4132
I92
sS'supply'
p4133
I54
sS'sky'
p4134
I92
sS'knew'
p4135
I92
sS'realize'
p4136
I91
sS'battery'
p4137
I92
sS'add'
p4138
I90
sS'other'
p4139
I79
sS'combine'
p4140
I91
sS'attractive'
p4141
I88
sS'wet'
p4142
I91
sS'vids'
p4143
I92
sS'reverted'
p4144
I92
sS'tax'
p4145
I92
sS'smart'
p4146
I90
sS'acab\xc3\xb3'
p4147
I92
sS'tests'
p4148
I92
sS'sick'
p4149
I92
sS'pero'
p4150
I92
sS'checking'
p4151
I92
sS"who's"
p4152
I90
sS'utah'
p4153
I91
sS'"jean'
p4154
I92
sS"jarvis'"
p4155
I91
sS'likeeee'
p4156
I92
sS'five'
p4157
I90
sS'whatever'
p4158
I87
sS'burden'
p4159
I91
sS'belgium'
p4160
I92
sS'270lbs'
p4161
I92
sS'mythology'
p4162
I92
sS'pier'
p4163
I92
sS'cups'
p4164
I92
sS'loss'
p4165
I91
sS'trash'
p4166
I92
sS'like'
p4167
I24
sS'lost'
p4168
I88
sS'miami'
p4169
I92
sS'future'
p4170
I92
sS'creed/had'
p4171
I92
sS'clown'
p4172
I92
sS'loses'
p4173
I92
sS'duuuuh'
p4174
I92
sS'reckless'
p4175
I92
sS'martin'
p4176
I89
sS'leaves'
p4177
I92
sS'disentir'
p4178
I92
sS'works'
p4179
I92
sS'soft'
p4180
I92
sS'x-man'
p4181
I92
sS'clowns'
p4182
I92
sS'biscuit'
p4183
I92
sS'nigga'
p4184
I85
sS'jacked'
p4185
I92
sS'twitter'
p4186
I85
sS'church'
p4187
I92
sS'alive'
p4188
I91
sS'hair'
p4189
I88
sS'habits'
p4190
I92
sS'110'
p4191
I92
sS'home'
p4192
I82
sS'empire'
p4193
I91
sS"cable's"
p4194
I92
sS'happens'
p4195
I89
sS'"what'
p4196
I92
sS'"that\'s'
p4197
I92
sS'lead'
p4198
I92
sS'literally'
p4199
I91
sS'kiddy'
p4200
I92
sS'grinding'
p4201
I92
sS'fedex'
p4202
I90
sS'floss'
p4203
I92
sS'does'
p4204
I78
sS'contact'
p4205
I92
sS'screwed'
p4206
I92
sS':-p'
p4207
I92
sS'louboutins'
p4208
I92
sS'\xd9\x84\xd8\xa7'
p4209
I90
sS'\xd9\x85\xd9\x86\xd9\x82\xd9\x87\xd8\xb1'
p4210
I92
sS'it...)'
p4211
I92
sS'\xe2\x80\xa2back2bangz\xe2\x80\xa2'
p4212
I92
sS'...also'
p4213
I92
sS"hasn't"
p4214
I92
sS'slower'
p4215
I92
sS'7up'
p4216
I92
sS'murderer'
p4217
I92
sS'schedule'
p4218
I92
sS'100%'
p4219
I92
sS'donnnnt'
p4220
I92
sS'molera'
p4221
I92
sS'wayne/batman'
p4222
I92
sS'peas'
p4223
I92
sS'murdered'
p4224
I92
sS'although'
p4225
I92
sS'"slow"'
p4226
I92
sS'\xd9\x85\xd9\x86'
p4227
I90
sS'slug'
p4228
I92
sS'plump."'
p4229
I92
sS'escuchando'
p4230
I92
sS'sister'
p4231
I90
sS'summer\xe2\x80\x9d'
p4232
I92
sS'iced'
p4233
I92
sS'6am'
p4234
I87
sS'longest'
p4235
I92
sS'universe'
p4236
I90
sS'mommy'
p4237
I92
sS'serviceable'
p4238
I91
sS"twerkin'"
p4239
I92
sS'angeles'
p4240
I90
sS'fear'
p4241
I92
sS'swear'
p4242
I91
sS'sweat'
p4243
I90
sS'fatally'
p4244
I92
sS'noho'
p4245
I92
sS'swimming'
p4246
I92
sS'owl'
p4247
I91
sS'lifeeeee'
p4248
I92
sS'own'
p4249
I91
sS'gymmmm'
p4250
I92
sS'pussy'
p4251
I91
sS'nerves'
p4252
I92
sS'gunther'
p4253
I92
sS'broadening'
p4254
I92
sS'socks'
p4255
I92
sS'snuggling'
p4256
I92
sS'smodcast'
p4257
I92
sS'of\xe2\x80\xa6'
p4258
I92
sS'playoff'
p4259
I92
sS'weather'
p4260
I87
sS'artists'
p4261
I92
sS'lovely'
p4262
I91
sS'endorphins'
p4263
I92
sS'pointless'
p4264
I92
sS'fired'
p4265
I92
sS"alida's"
p4266
I92
sS'nerdgasm'
p4267
I92
sS'van'
p4268
I57
sS'legends'
p4269
I92
sS'pc'
p4270
I92
sS'grapevine'
p4271
I92
sS'recruiter'
p4272
I92
sS'snyder'
p4273
I89
sS'kidding'
p4274
I90
sS'8820'
p4275
I92
sS'impeding'
p4276
I92
sS'inner'
p4277
I92
sS'frustration'
p4278
I92
sS'biggest'
p4279
I92
sS'naturally'
p4280
I91
sS'ghost'
p4281
I92
sS'dispensaries'
p4282
I92
sS'buy'
p4283
I87
sS'north'
p4284
I91
sS'stadium'
p4285
I92
sS"i've"
p4286
I78
sS'hr'
p4287
I92
sS'constantly'
p4288
I92
sS'complimentary'
p4289
I92
sS'bitches'
p4290
I90
sS'ppv.\xe2\x80\x9d'
p4291
I92
sS'hw'
p4292
I92
sS'but'
p4293
I36
sS'reminds'
p4294
I91
sS'hi'
p4295
I92
sS'bun'
p4296
I92
sS'ughhh'
p4297
I92
sS'flexible'
p4298
I92
sS'glutes'
p4299
I92
sS'villains'
p4300
I92
sS'ha'
p4301
I87
sS'eat'
p4302
I89
sS'witness'
p4303
I92
sS'he'
p4304
I24
sS'count'
p4305
I91
sS'unfollow'
p4306
I92
sS'made'
p4307
I78
sS'tactics'
p4308
I92
sS'nigga\xe2\x80\x9d'
p4309
I92
sS'places'
p4310
I91
sS'wish'
p4311
I85
sS'person?\xe2\x80\x9dknowledge'
p4312
I92
sS'j'
p4313
I90
sS'\xd8\xb1\xd9\x83\xd8\xa7\xd9\x85'
p4314
I92
sS'dosent'
p4315
I92
sS'record'
p4316
I90
sS'convince'
p4317
I92
sS'stories'
p4318
I91
sS'pumped'
p4319
I92
sS'cake'
p4320
I92
sS'problem'
p4321
I91
sS'piece'
p4322
I92
sS'minutes'
p4323
I84
sS'display'
p4324
I92
sS'hahahahhahahah'
p4325
I92
sS'deaths'
p4326
I92
sS'maury'
p4327
I92
sS'universal'
p4328
I91
sS'pic'
p4329
I92
sS'kisses'
p4330
I92
sS'pie'
p4331
I91
sS'twist'
p4332
I88
sS'beats'
p4333
I89
sS'lived'
p4334
I92
sS'wcf'
p4335
I92
sS'periods'
p4336
I92
sS'yummmm'
p4337
I92
sS'ha)'
p4338
I92
sS'pip'
p4339
I92
sS'mysteriously'
p4340
I92
sS'pit'
p4341
I91
sS'happen'
p4342
I89
sS'inc'
p4343
I63
sS'diego'
p4344
I92
sS'compared'
p4345
I92
sS'loud'
p4346
I92
sS'hps'
p4347
I85
sS'dressed'
p4348
I92
sS'individual'
p4349
I92
sS'samo'
p4350
I92
sS'tho\xe2\x80\x9d'
p4351
I92
sS'lately'
p4352
I92
sS'\xe2\x9b\x85\xef\xb8\x8f'
p4353
I92
sS'surreal'
p4354
I92
sS'book'
p4355
I83
sS'boom'
p4356
I92
sS'branch'
p4357
I91
sS'clingy'
p4358
I92
sS'mass'
p4359
I92
sS'boob'
p4360
I91
sS'85'
p4361
I92
sS'dresses'
p4362
I91
sS'junk'
p4363
I91
sS'francisco'
p4364
I92
sS'star'
p4365
I88
sS'monday'
p4366
I88
sS'sooooo'
p4367
I91
sS'class'
p4368
I85
sS'become'
p4369
I92
sS'june'
p4370
I92
sS'matt'
p4371
I92
sS'stay'
p4372
I88
sS'ube'
p4373
I92
sS'standalonish'
p4374
I92
sS'kinda'
p4375
I88
sS'stan'
p4376
I92
sS'gap'
p4377
I91
sS'friends'
p4378
I33
sS'goin'
p4379
I92
sS'appoint'
p4380
I92
sS'laundromat'
p4381
I91
sS'\xe2\x80\x95'
p4382
I92
sS'\xe2\x80\x94'
p4383
I90
sS'4x'
p4384
I92
sS'samsung'
p4385
I92
sS'gelato'
p4386
I92
sS'trip!\xe2\x80\x9d'
p4387
I92
sS'subscribe'
p4388
I92
sS'lennon\xe2\x80\x9d'
p4389
I92
sS'bb'
p4390
I92
sS'gal'
p4391
I92
sS'lives'
p4392
I92
sS'siater'
p4393
I92
sS'"the'
p4394
I90
sS'baked'
p4395
I92
sS'simpson'
p4396
I92
sS'corey'
p4397
I92
s.