(dp0
S''
p1
I3
sS'todays'
p2
I65
sS'flizzy'
p3
I65
sS'saver'
p4
I65
sS"k's"
p5
I65
sS'yellow'
p6
I65
sS'four'
p7
I65
sS'betch'
p8
I65
sS'sleep'
p9
I63
sS'hanging'
p10
I60
sS'pedlow'
p11
I65
sS'hate'
p12
I58
sS'swag'
p13
I65
sS'<~yes'
p14
I65
sS'tweet'
p15
I62
sS'edward'
p16
I65
sS'lord'
p17
I65
sS'sorry'
p18
I63
sS'worth'
p19
I64
sS'lungs'
p20
I65
sS'rise'
p21
I62
sS'every'
p22
I61
sS'jack'
p23
I64
sS'poppa'
p24
I65
sS'school'
p25
I58
sS'progression'
p26
I65
sS'solution'
p27
I65
sS'piling'
p28
I65
sS'oooh'
p29
I65
sS'fairfax'
p30
I65
sS'heading'
p31
I65
sS'clothes'
p32
I65
sS'force'
p33
I65
sS'tired'
p34
I62
sS'corvette'
p35
I65
sS'(19333'
p36
I47
sS'second'
p37
I64
sS'street'
p38
I52
sS'francesca'
p39
I65
sS'others)'
p40
I63
sS'shining'
p41
I65
sS'even'
p42
I61
sS'thunder'
p43
I65
sS'hahahahahahahahaha'
p44
I65
sS'lights'
p45
I64
sS'new'
p46
I57
sS'net'
p47
I64
sS'ever'
p48
I63
sS'disney'
p49
I65
sS'told'
p50
I63
sS'roys'
p51
I57
sS"t'adore"
p52
I65
sS'hero'
p53
I65
sS"carl's"
p54
I65
sS'never'
p55
I57
sS'brainwashed'
p56
I65
sS'(los'
p57
I45
sS'\xe2\x9d\xa4\xef\xb8\x8f'
p58
I62
sS'wagyu'
p59
I65
sS'kids'
p60
I65
sS'stevie'
p61
I65
sS'changed'
p62
I65
sS"i'd"
p63
I65
sS'ako'
p64
I65
sS'froyo'
p65
I65
sS'permit'
p66
I65
sS'abnosome'
p67
I65
sS"i'm"
p68
I1
sS"someone's"
p69
I65
sS'dre'
p70
I65
sS"<<~i'm"
p71
I65
sS'bro'
p72
I63
sS'patience'
p73
I65
sS'<~~soon'
p74
I65
sS'total'
p75
I65
sS'would'
p76
I62
sS'achieve'
p77
I65
sS'negative'
p78
I65
sS'bike'
p79
I65
sS'music'
p80
I59
sS'until'
p81
I63
sS'tryin'
p82
I65
sS'tell'
p83
I62
sS'breathe'
p84
I64
sS'paperwork'
p85
I65
sS'holy'
p86
I64
sS'relax'
p87
I64
sS'brings'
p88
I65
sS'haha'
p89
I57
sS'hurt'
p90
I65
sS'phone'
p91
I62
sS'biatch'
p92
I65
sS'hold'
p93
I64
sS'beauty!!!\xe2\x80\x9d'
p94
I65
sS'must'
p95
I64
sS'me'
p96
I21
sS'join'
p97
I65
sS'room'
p98
I30
sS'after\xe2\x80\xa6'
p99
I65
sS'work'
p100
I30
sS'movies'
p101
I65
sS"buff's"
p102
I65
sS'naaaaaah'
p103
I65
sS'give'
p104
I62
sS'stressing'
p105
I65
sS'honey'
p106
I65
sS'foods'
p107
I65
sS'want'
p108
I50
sS'times'
p109
I63
sS'frieda'
p110
I65
sS'turn'
p111
I64
sS'agony'
p112
I65
sS'machine'
p113
I63
sS'how'
p114
I54
sS'hot'
p115
I33
sS'blackness'
p116
I65
sS'answer'
p117
I65
sS'disappoint'
p118
I65
sS'beach'
p119
I65
sS'charging'
p120
I65
sS'pizza'
p121
I62
sS'saline'
p122
I65
sS'beauty'
p123
I65
sS'spadizzle'
p124
I65
sS'bday'
p125
I65
sS'after'
p126
I56
sS'wrong'
p127
I64
sS'fragile'
p128
I65
sS'horchata'
p129
I65
sS'third'
p130
I65
sS'wins'
p131
I64
sS'attracts'
p132
I65
sS'appreciate'
p133
I64
sS'childhood'
p134
I65
sS'keeps'
p135
I65
sS'worst'
p136
I63
sS'wine'
p137
I65
sS'50lb'
p138
I65
sS'over'
p139
I58
sS'bleach'
p140
I65
sS"fighter's"
p141
I65
sS'mayor'
p142
I60
sS'before'
p143
I59
sS'ima'
p144
I63
sS'somewhere'
p145
I64
sS'writing'
p146
I65
sS'better'
p147
I63
sS'hidden'
p148
I64
sS'cred'
p149
I64
sS'goodtimes!\xe2\x80\x9d'
p150
I65
sS'then'
p151
I57
sS'them'
p152
I59
sS'safe'
p153
I64
sS"we'll"
p154
I64
sS'zac'
p155
I65
sS'break'
p156
I63
sS'hispanics'
p157
I64
sS'they'
p158
I58
sS'one'
p159
I55
sS'bank'
p160
I64
sS'alex'
p161
I65
sS'potatoes'
p162
I65
sS'arrested'
p163
I65
sS'victory'
p164
I36
sS'went'
p165
I64
sS'side'
p166
I65
sS'bone'
p167
I65
sS'mean'
p168
I61
sS'gunna'
p169
I65
sS'overflow'
p170
I65
sS'celebrating'
p171
I64
sS'myself.\xe2\x80\x9d'
p172
I65
sS'forgot'
p173
I63
sS'saturday'
p174
I62
sS'rt'
p175
I64
sS'network'
p176
I65
sS'driving'
p177
I64
sS'god'
p178
I58
sS'tomorrow'
p179
I60
sS'encourage'
p180
I65
sS'noice'
p181
I65
sS'xoxo\xe2\x80\x9d<~~chinalin'
p182
I65
sS'smh'
p183
I64
sS'got'
p184
I45
sS'rn'
p185
I63
sS'gop'
p186
I65
sS'rj'
p187
I6
sS'(woodland'
p188
I20
sS"doesn't"
p189
I64
sS'little'
p190
I63
sS'free'
p191
I62
sS'struggle'
p192
I64
sS"people's"
p193
I65
sS'zophias'
p194
I65
sS'lollipop'
p195
I64
sS'aisle'
p196
I65
sS'ate'
p197
I64
sS'write:"hypocretinergic'
p198
I65
sS'days'
p199
I60
sS'(at'
p200
I63
sS'fuckin'
p201
I65
sS'tijuana'
p202
I65
sS'clarita'
p203
I65
sS'hearing'
p204
I65
sS"fab's"
p205
I65
sS'another'
p206
I62
sS'comic'
p207
I65
sS'hood'
p208
I65
sS'girls'
p209
I61
sS'too'
p210
I52
sS'scene)'
p211
I65
sS'legs'
p212
I65
sS'dogs'
p213
I44
sS'listen'
p214
I65
sS'serve'
p215
I65
sS'took'
p216
I64
sS'nirvana'
p217
I65
sS'little)'
p218
I65
sS'americano-'
p219
I65
sS'hike'
p220
I65
sS'option?\xe2\x80\xa6'
p221
I65
sS'likely'
p222
I65
sS"god's"
p223
I65
sS'project'
p224
I65
sS'classes'
p225
I64
sS'feeling'
p226
I63
sS'fashion'
p227
I65
sS'mind'
p228
I65
sS'mine'
p229
I64
sS'talking'
p230
I65
sS'infront'
p231
I65
sS'week?!!\xe2\x80\x9d'
p232
I65
sS'mint'
p233
I65
sS'affairs'
p234
I64
sS'strength'
p235
I65
sS'it\xe2\x80\xa6'
p236
I65
sS'corbin'
p237
I65
sS'-'
p238
I45
sS'gravy'
p239
I65
sS'exactly'
p240
I65
sS'bye'
p241
I65
sS'though'
p242
I65
sS'rappers'
p243
I65
sS'fasfa'
p244
I65
sS'mashed'
p245
I65
sS'riffle'
p246
I65
sS'too\xe2\x80\x9d'
p247
I65
sS'professor'
p248
I65
sS'dog'
p249
I60
sS'doe'
p250
I64
sS'definitely'
p251
I64
sS'rayden'
p252
I65
sS'came'
p253
I65
sS'saying'
p254
I64
sS'cooking'
p255
I65
sS'<<~right'
p256
I65
sS'meetings'
p257
I65
sS'random'
p258
I65
sS'earth'
p259
I65
sS'toast'
p260
I65
sS'och'
p261
I65
sS'busy'
p262
I65
sS'cousins'
p263
I65
sS'explain'
p264
I64
sS'guyuyyysssss'
p265
I65
sS'bliss'
p266
I65
sS'rick'
p267
I65
sS'rich'
p268
I65
sS'gods'
p269
I65
sS'chipotle'
p270
I65
sS'rice'
p271
I64
sS'do'
p272
I53
sS'dm'
p273
I65
sS'killas'
p274
I65
sS'4.00'
p275
I65
sS'sense\xe2\x80\x9d'
p276
I65
sS'de'
p277
I65
sS'stop'
p278
I63
sS'da'
p279
I65
sS'pocket'
p280
I65
sS'amazon'
p281
I65
sS'wedding'
p282
I64
sS'<~~yesssssirrr'
p283
I65
sS'geed'
p284
I65
sS'hyperthalamus"'
p285
I65
sS'bar'
p286
I65
sS'bugbear'
p287
I65
sS'officially'
p288
I65
sS'dipping'
p289
I65
sS'bad'
p290
I58
sS'bae'
p291
I65
sS'habit'
p292
I64
sS'w/'
p293
I26
sS'fluffy'
p294
I65
sS'pads'
p295
I65
sS'decided'
p296
I65
sS'miserable'
p297
I65
sS'best'
p298
I50
sS'said'
p299
I55
sS'lots'
p300
I64
sS'away'
p301
I65
sS'rings'
p302
I65
sS"there's"
p303
I61
sS'yogurt'
p304
I63
sS'we'
p305
I48
sS'omg'
p306
I62
sS'smelled'
p307
I65
sS'handful'
p308
I65
sS'mayne'
p309
I65
sS'here'
p310
I52
sS'wtf'
p311
I63
sS'wth'
p312
I65
sS'news'
p313
I65
sS'picking'
p314
I65
sS'met'
p315
I65
sS'country'
p316
I65
sS'ill'
p317
I64
sS'against'
p318
I64
sS'players'
p319
I65
sS'kommer'
p320
I65
sS'lookin'
p321
I65
sS'asked'
p322
I62
sS'con'
p323
I65
sS'breezelocks'
p324
I65
sS'2nd'
p325
I64
sS'blonde'
p326
I65
sS':-)\xe2\x9d\xa4\xe2\x9d\xa4\xe2\x9d\xa4\xe2\x9d\xa4'
p327
I65
sS'speak'
p328
I65
sS'beef'
p329
I65
sS'"you'
p330
I65
sS'union'
p331
I64
sS'fri'
p332
I65
sS'been'
p333
I55
sS'cyrus'
p334
I65
sS'beer'
p335
I63
sS'much'
p336
I59
sS'basic'
p337
I64
sS'expected'
p338
I65
sS'bitchmade'
p339
I65
sS'life'
p340
I49
sS'relaxing'
p341
I65
sS'lift'
p342
I65
sS'tapping'
p343
I65
sS'child'
p344
I65
sS'catch'
p345
I64
sS'haters'
p346
I65
sS'chill'
p347
I65
sS'picked?\xe2\x80\x9d'
p348
I65
sS'has'
p349
I43
sS'n'
p350
I64
sS'ugly'
p351
I65
sS'xx\xe2\x80\x9d'
p352
I65
sS'voice'
p353
I65
sS'chilling'
p354
I62
sS'is'
p355
I17
sS'sushi'
p356
I65
sS'it'
p357
I24
sS'cant'
p358
I65
sS'im'
p359
I59
sS'in'
p360
I16
sS"mobbin'"
p361
I65
sS'id'
p362
I65
sS'ig'
p363
I64
sS'if'
p364
I49
sS'grown'
p365
I65
sS'things'
p366
I64
sS'make'
p367
I59
sS'jeffy'
p368
I65
sS'vagrants'
p369
I65
sS'several'
p370
I65
sS'european'
p371
I65
sS'wheel'
p372
I65
sS'smoke'
p373
I65
sS'hang'
p374
I65
sS'coachella'
p375
I65
sS'lol\xe2\x80\x9d'
p376
I65
sS'redneck'
p377
I65
sS'i"'
p378
I65
sS'thoughts'
p379
I65
sS'kid'
p380
I64
sS"mother's"
p381
I65
sS'min'
p382
I65
sS'game'
p383
I63
sS'tho'
p384
I63
sS'hispanic'
p385
I65
sS'tombstone'
p386
I65
sS'pandora'
p387
I65
sS'the'
p388
I7
sS'yours'
p389
I65
sS'haha"'
p390
I65
sS'just'
p391
I22
sS'photo'
p392
I62
sS'sporting'
p393
I65
sS'thanks'
p394
I62
sS'human'
p395
I65
sS'facts'
p396
I65
sS'yep'
p397
I65
sS'yes'
p398
I60
sS'hills'
p399
I18
sS'cherry'
p400
I65
sS'had'
p401
I49
sS'easy'
p402
I63
sS'starbucks)'
p403
I62
sS'har'
p404
I65
sS'referring?\xe2\x80\x9d'
p405
I65
sS'hat'
p406
I65
sS'gave'
p407
I65
sS'smdh'
p408
I65
sS'which'
p409
I65
sS'possible'
p410
I65
sS'huh\xe2\x80\x9d'
p411
I65
sS'(tarzana'
p412
I41
sS'dreams'
p413
I65
sS'ditto'
p414
I65
sS'54'
p415
I64
sS'any1'
p416
I65
sS'remind'
p417
I65
sS'zombies'
p418
I65
sS'night'
p419
I53
sS'hung'
p420
I65
sS'5"'
p421
I65
sS'beneficial'
p422
I65
sS'right'
p423
I53
sS'old'
p424
I61
sS'people'
p425
I54
sS'dead'
p426
I65
sS'malaysia'
p427
I65
sS'printer'
p428
I65
sS'dear'
p429
I65
sS'sociology'
p430
I65
sS'for'
p431
I12
sS'ice'
p432
I63
sS'creative'
p433
I65
sS'everything'
p434
I62
sS'though!\xe2\x80\x9d'
p435
I65
sS'emoji'
p436
I65
sS'adorable'
p437
I65
sS'christmas'
p438
I63
sS'pls'
p439
I65
sS'marketing'
p440
I65
sS'plz'
p441
I64
sS'losing'
p442
I65
sS'eye'
p443
I65
sS'super'
p444
I64
sS'oreo'
p445
I65
sS'daaaamn'
p446
I65
sS'theirs'
p447
I65
sS'dollars'
p448
I65
sS'months'
p449
I65
sS'o'
p450
I65
sS'dinner'
p451
I51
sS'stoked'
p452
I65
sS'slightly'
p453
I65
sS'love\xe2\x81\x89\xef\xb8\x8f'
p454
I65
sS'match'
p455
I64
sS'nerve'
p456
I65
sS'whats'
p457
I63
sS'soo'
p458
I65
sS'ppl'
p459
I65
sS'down'
p460
I61
sS'thankful'
p461
I65
sS'raises'
p462
I65
sS'honored'
p463
I65
sS'flying'
p464
I65
sS'half&half'
p465
I65
sS'fight'
p466
I64
sS'absolutely'
p467
I64
sS'way'
p468
I55
sS'call'
p469
I64
sS'was'
p470
I37
sS'war'
p471
I65
sS'happy'
p472
I49
sS'fork'
p473
I65
sS'head'
p474
I63
sS'sj\xc3\xa4lv'
p475
I65
sS'becoming'
p476
I65
sS'fireworks'
p477
I65
sS'heat'
p478
I63
sS'hear'
p479
I65
sS'true'
p480
I63
sS'inside'
p481
I65
sS'bargain'
p482
I65
sS'ruined'
p483
I65
sS'crystal'
p484
I60
sS'mtn'
p485
I65
sS'daddy'
p486
I65
sS'later'
p487
I65
sS"roy's"
p488
I65
sS'drive'
p489
I64
sS'check'
p490
I64
sS'shit'
p491
I51
sS'faithful'
p492
I65
sS'no'
p493
I47
sS'when'
p494
I44
sS'tis'
p495
I65
sS'interested'
p496
I65
sS'test'
p497
I65
sS'picture'
p498
I65
sS"'s"
p499
I65
sS'turnup'
p500
I65
sS'why'
p501
I56
sS'felt'
p502
I65
sS"let's"
p503
I63
sS'fuckboiiii'
p504
I65
sS'pierced'
p505
I65
sS'weekend'
p506
I60
sS'carlos'
p507
I65
sS'died'
p508
I64
sS'longer'
p509
I65
sS'together'
p510
I65
sS'=o'
p511
I65
sS'time'
p512
I36
sS'songs'
p513
I65
sS':('
p514
I63
sS':)'
p515
I51
sS'chain'
p516
I65
sS'thooo'
p517
I65
sS'excellent'
p518
I64
sS'manager'
p519
I65
sS'vet'
p520
I65
sS'yummy'
p521
I64
sS'flash'
p522
I65
sS'father'
p523
I65
sS'special-'
p524
I65
sS'finally'
p525
I60
sS'asking'
p526
I64
sS'tampa'
p527
I54
sS'marks'
p528
I65
sS'veterans'
p529
I64
sS"band's"
p530
I65
sS'\xe2\x9a\xbe\xef\xb8\x8f'
p531
I65
sS'tacos'
p532
I63
sS'<~~~thank'
p533
I65
sS'anonymous'
p534
I65
sS'airfare'
p535
I65
sS':p'
p536
I62
sS'din'
p537
I63
sS'purely'
p538
I65
sS'did'
p539
I59
sS'turns'
p540
I64
sS'dig'
p541
I65
sS'brother'
p542
I63
sS'turnt'
p543
I65
sS'leave'
p544
I63
sS'soooo'
p545
I63
sS'drakes'
p546
I65
sS'subway'
p547
I63
sS'guy'
p548
I64
sS'dip'
p549
I65
sS'shave'
p550
I56
sS'says'
p551
I65
sS'fearing'
p552
I65
sS'dealing'
p553
I65
sS'sign'
p554
I65
sS'cost'
p555
I65
sS'bake'
p556
I65
sS'chicken'
p557
I63
sS'baka'
p558
I65
sS'debate'
p559
I65
sS'current'
p560
I64
sS'cute\xe2\x80\xa6'
p561
I65
sS'goes'
p562
I64
sS'shakey'
p563
I64
sS'ummmm'
p564
I65
sS'v'
p565
I65
sS'french'
p566
I63
sS'ice-bucket'
p567
I65
sS'baseball'
p568
I65
sS's/o'
p569
I62
sS'alone'
p570
I63
sS'along'
p571
I64
sS'change'
p572
I60
sS'wait'
p573
I58
sS'boy'
p574
I64
sS'calllllll'
p575
I65
sS'flames'
p576
I65
sS'healthy'
p577
I65
sS'my'
p578
I9
sS'guilty'
p579
I65
sS'boo'
p580
I64
sS'love'
p581
I25
sS'extra'
p582
I65
sS'sincerely'
p583
I65
sS'1st'
p584
I65
sS'crisis'
p585
I65
sS'everybody'
p586
I65
sS'working'
p587
I65
sS'prove'
p588
I65
sS'positive'
p589
I63
sS'dude'
p590
I63
sS'only'
p591
I59
sS'live'
p592
I64
sS'checkout'
p593
I65
sS'today'
p594
I46
sS'loving'
p595
I64
sS'ayer'
p596
I65
sS'ooh'
p597
I65
sS'refrain'
p598
I65
sS'virtue'
p599
I65
sS'roladin)'
p600
I65
sS'niggas'
p601
I64
sS'car'
p602
I59
sS'hardest'
p603
I65
sS'can'
p604
I53
sS'cam'
p605
I65
sS'following'
p606
I63
sS'making'
p607
I58
sS'heart'
p608
I63
sS'figure'
p609
I65
sS'awesome'
p610
I64
sS'sense'
p611
I65
sS"didn't"
p612
I62
sS'fuck'
p613
I58
sS'heard'
p614
I63
sS'2years'
p615
I65
sS'pink'
p616
I64
sS'shuttup'
p617
I64
sS'winter'
p618
I65
sS'fourty'
p619
I65
sS'watching'
p620
I49
sS'1'
p621
I64
sS'till'
p622
I65
sS'rubin'
p623
I65
sS'pocus'
p624
I65
sS'idk'
p625
I64
sS'snaps'
p626
I65
sS'dogs)'
p627
I56
sS'may'
p628
I64
sS'max'
p629
I65
sS'blasting'
p630
I65
sS'diva'
p631
I65
sS'birthday'
p632
I57
sS'mad'
p633
I64
sS'such'
p634
I61
sS'suck'
p635
I65
sS'guys'
p636
I62
sS'man'
p637
I56
sS'neck'
p638
I65
sS'mayweather'
p639
I65
sS'whenever'
p640
I65
sS'maybe'
p641
I64
sS'tapas'
p642
I64
sS'rollin'
p643
I65
sS'st'
p644
I53
sS'q'
p645
I65
sS'so'
p646
I29
sS'pulled'
p647
I65
sS'talk'
p648
I64
sS'cute'
p649
I63
sS'feb'
p650
I65
sS'kona'
p651
I65
sS'years'
p652
I62
sS'course'
p653
I65
sS'kanye'
p654
I64
sS'cold'
p655
I64
sS'still'
p656
I59
sS'thank'
p657
I59
sS'the\xe2\x80\xa6'
p658
I65
sS'willow'
p659
I65
sS'interesting'
p660
I65
sS'jim'
p661
I65
sS'amazing'
p662
I64
sS'atski'
p663
I65
sS'into'
p664
I61
sS'deviant'
p665
I65
sS'bein'
p666
I65
sS'iambabyduck'
p667
I65
sS'records'
p668
I65
sS'drilling'
p669
I65
sS'half'
p670
I61
sS'not'
p671
I45
sS'now'
p672
I46
sS'bullshit'
p673
I65
sS'wont'
p674
I64
sS'name'
p675
I61
sS'james'
p676
I65
sS'bowling'
p677
I65
sS'em'
p678
I63
sS'thuggish'
p679
I65
sS'fires'
p680
I65
sS'begun'
p681
I65
sS'year'
p682
I62
sS'haaaaaa'
p683
I65
sS'girl'
p684
I33
sS'ep'
p685
I65
sS'living'
p686
I65
sS'3rd'
p687
I65
sS'looking'
p688
I63
sS'seriously'
p689
I64
sS"shouldn't"
p690
I65
sS'internet'
p691
I63
sS'dodgers'
p692
I65
sS'cars'
p693
I65
sS'million'
p694
I65
sS'boobs'
p695
I65
sS'quite'
p696
I65
sS'besides'
p697
I65
sS'you?"'
p698
I65
sS'care'
p699
I65
sS'partner'
p700
I65
sS'ministry'
p701
I65
sS'where'
p702
I60
sS'headphones'
p703
I65
sS"lookin'"
p704
I65
sS'thing'
p705
I61
sS'place'
p706
I63
sS'truer'
p707
I65
sS'think'
p708
I62
sS'first'
p709
I56
sS'cheese'
p710
I65
sS'initial'
p711
I65
sS'flipping'
p712
I65
sS'yourself'
p713
I65
sS'long'
p714
I62
sS'vote'
p715
I65
sS'ring'
p716
I64
sS'drove'
p717
I64
sS'open'
p718
I63
sS'george'
p719
I65
sS'size'
p720
I65
sS'city'
p721
I64
sS'given'
p722
I65
sS'response'
p723
I65
sS'anyone'
p724
I63
sS'fml'
p725
I65
sS'2'
p726
I54
sS'white'
p727
I65
sS'speaking'
p728
I65
sS'eyes'
p729
I65
sS'that'
p730
I33
sS'season'
p731
I63
sS'disneylaaaaaand'
p732
I65
sS'huh'
p733
I65
sS'butt'
p734
I65
sS'than'
p735
I62
sS'milton'
p736
I65
sS'f\xc3\xa5r'
p737
I65
sS'10'
p738
I65
sS'topham'
p739
I65
sS'15'
p740
I65
sS'lmao'
p741
I61
sS'depressed'
p742
I65
sS'gotta'
p743
I63
sS'r'
p744
I65
sS'were'
p745
I62
sS'cards'
p746
I65
sS'and'
p747
I15
sS"dad's"
p748
I65
sS'slaw'
p749
I64
sS'hoes'
p750
I64
sS'alley'
p751
I62
sS'sad'
p752
I65
sS'say'
p753
I62
sS'buried'
p754
I65
sS'breakfast'
p755
I57
sS'saw'
p756
I63
sS'any'
p757
I60
sS'night?"better'
p758
I65
sS'<~~love'
p759
I65
sS'note'
p760
I64
sS'take'
p761
I57
sS"omfg...let's"
p762
I65
sS'fyi'
p763
I65
sS'sure'
p764
I61
sS'pail'
p765
I65
sS'track'
p766
I65
sS'knew'
p767
I65
sS'vons'
p768
I23
sS'knee'
p769
I65
sS'pages'
p770
I65
sS'radioactive'
p771
I65
sS'especially'
p772
I64
sS'egg'
p773
I65
sS'proud'
p774
I65
sS'hungry'
p775
I64
sS'sunset'
p776
I63
sS'<3\xe2\x80\x9d'
p777
I65
sS'link'
p778
I65
sS'senior'
p779
I65
sS'"bare'
p780
I65
sS'salt'
p781
I65
sS'laws'
p782
I65
sS'shop'
p783
I65
sS'walking'
p784
I65
sS'shot'
p785
I65
sS'\xe2\x9c\xa8'
p786
I63
sS'show'
p787
I64
sS'cheap'
p788
I65
sS'<~~sound'
p789
I65
sS"psl's"
p790
I65
sS'russian'
p791
I65
sS'heeding'
p792
I65
sS'imagined'
p793
I65
sS'above...that'
p794
I65
sS'dick'
p795
I63
sS'cheeseburger'
p796
I65
sS'enough'
p797
I64
sS"mornin'"
p798
I65
sS'tears'
p799
I65
sS'going'
p800
I48
sS'black'
p801
I65
sS'carolina'
p802
I65
sS'nooooo:('
p803
I65
sS'get'
p804
I27
sS'nearly'
p805
I65
sS'lighter'
p806
I65
sS'celebrate'
p807
I65
sS'buuuut'
p808
I65
sS'primo'
p809
I65
sS'morning'
p810
I48
sS'stupid'
p811
I64
sS"could've"
p812
I65
sS'miley'
p813
I65
sS'bought'
p814
I65
sS'"how'
p815
I65
sS'husband'
p816
I65
sS"y'all"
p817
I65
sS"killin'"
p818
I65
sS'gangster'
p819
I65
sS'college'
p820
I59
sS'parking'
p821
I65
sS'erica'
p822
I65
sS'wonder'
p823
I64
sS"<~i'm"
p824
I65
sS'3'
p825
I65
sS'gaga'
p826
I65
sS'changes."'
p827
I65
sS'between'
p828
I62
sS'omgeee'
p829
I65
sS'august'
p830
I65
sS'jr'
p831
I64
sS'killing'
p832
I65
sS'je'
p833
I65
sS'come'
p834
I56
sS'lopez'
p835
I65
sS'coupons'
p836
I65
sS'fried'
p837
I65
sS'many'
p838
I65
sS'trader'
p839
I65
sS'meeeeeeee'
p840
I65
sS'sketchy'
p841
I65
sS'future.-my'
p842
I65
sS"can't"
p843
I54
sS'6:30'
p844
I65
sS"6'"
p845
I65
sS'color'
p846
I64
sS'pole'
p847
I65
sS"couldn't"
p848
I63
sS'constant'
p849
I65
sS'turkey'
p850
I65
sS'save'
p851
I65
sS'west'
p852
I65
sS'50%'
p853
I65
sS"norm's"
p854
I65
sS'wants'
p855
I65
sS'shopping'
p856
I64
sS'photos'
p857
I65
sS'wake'
p858
I64
sS'champions'
p859
I65
sS'those'
p860
I61
sS'case'
p861
I65
sS'myself'
p862
I61
sS'knucklehead'
p863
I65
sS'developing'
p864
I65
sS'these'
p865
I61
sS'goodmy'
p866
I65
sS'cash'
p867
I62
sS'scarily'
p868
I65
sS'hmmmm'
p869
I65
sS'taking'
p870
I63
sS'orientation'
p871
I65
sS'1:30'
p872
I65
sS'coffee'
p873
I62
sS'broo'
p874
I65
sS'evening'
p875
I65
sS'worry'
p876
I65
sS'different'
p877
I65
sS'hintay'
p878
I65
sS'pay'
p879
I65
sS'woodland'
p880
I57
sS'same'
p881
I65
sS'food'
p882
I63
sS'macaroni'
p883
I65
sS'coworkers'
p884
I65
sS'"i'
p885
I65
sS'week'
p886
I65
sS'oil'
p887
I65
sS'oceanside'
p888
I65
sS'running'
p889
I65
sS'"safe'
p890
I65
sS'(6100'
p891
I65
sS'totally'
p892
I65
sS'cartoon'
p893
I65
sS'\xe2\x9c\x8c\xef\xb8\x8f'
p894
I64
sS'burrito'
p895
I65
sS'band'
p896
I65
sS'charger'
p897
I65
sS'without'
p898
I63
sS'comes'
p899
I64
sS'summer'
p900
I63
sS'\xe2\x98\xba\xef\xb8\x8f'
p901
I63
sS'being'
p902
I61
sS'money'
p903
I58
sS'rest'
p904
I65
sS'cease'
p905
I65
sS'touch'
p906
I65
sS'ng'
p907
I65
sS'blow'
p908
I65
sS'grounded'
p909
I65
sS'thinking'
p910
I62
sS'sawtelle'
p911
I65
sS'lets'
p912
I65
sS'warms'
p913
I65
sS'pjs'
p914
I65
sS'flashing'
p915
I64
sS'denim'
p916
I65
sS'real'
p917
I56
sS'around'
p918
I63
sS'read'
p919
I65
sS'gonna'
p920
I61
sS'amy'
p921
I64
sS'mom'
p922
I63
sS'world'
p923
I63
sS'disappointed'
p924
I65
sS'fortune'
p925
I65
sS'<~~aww'
p926
I65
sS'gimme'
p927
I65
sS'nose'
p928
I65
sS'occasions'
p929
I65
sS'friar'
p930
I39
sS'mood'
p931
I65
sS'memories'
p932
I65
sS'luxembourg'
p933
I65
sS'tots'
p934
I64
sS'gorgeous!\xe2\x80\x9d'
p935
I65
sS'welcome'
p936
I65
sS'\xe2\x9c\x88\xef\xb8\x8f'
p937
I65
sS'business'
p938
I63
sS'asap'
p939
I65
sS'lmfao'
p940
I65
sS'nails'
p941
I65
sS'sprung'
p942
I65
sS'slaughter'
p943
I65
sS'broken'
p944
I65
sS'josie'
p945
I65
sS'throw'
p946
I64
sS'shmoke'
p947
I65
sS'on'
p948
I27
sS'pussy\xe2\x80\x9d'
p949
I65
sS'ace'
p950
I65
sS'oh'
p951
I62
sS'of'
p952
I19
sS'fightin'
p953
I65
sS'meaning'
p954
I65
sS'stand'
p955
I64
sS'<~~~hysterical'
p956
I65
sS'or'
p957
I55
sS'road'
p958
I65
sS'wildin'
p959
I65
sS'eeww'
p960
I65
sS'blessed'
p961
I57
sS'snapchat'
p962
I65
sS'taft'
p963
I65
sS'parties'
p964
I65
sS'elementary'
p965
I65
sS'your'
p966
I37
sS'weeknight'
p967
I65
sS"how's"
p968
I65
sS'her'
p969
I53
sS'area'
p970
I64
sS'strictly'
p971
I65
sS'anise'
p972
I63
sS'hey'
p973
I62
sS'lol'
p974
I40
sS'start'
p975
I57
sS'low'
p976
I62
sS'lot'
p977
I65
sS'hem'
p978
I65
sS'valley'
p979
I61
sS'hysterical'
p980
I65
sS'lang'
p981
I65
sS'spicy'
p982
I65
sS'complete'
p983
I65
sS'amongst'
p984
I65
sS'happier'
p985
I65
sS'trying'
p986
I60
sS'with'
p987
I13
sS'buying'
p988
I65
sS'pull'
p989
I64
sS'rage'
p990
I65
sS'room!)'
p991
I52
sS'g-d'
p992
I65
sS"brother's"
p993
I65
sS'gone'
p994
I65
sS'johnny'
p995
I65
sS'af'
p996
I64
sS'taste'
p997
I65
sS'efron'
p998
I65
sS'am'
p999
I56
sS'an'
p1000
I55
sS'as'
p1001
I53
sS'intro'
p1002
I65
sS'"yeezus"'
p1003
I65
sS'girlfriend'
p1004
I64
sS'watched'
p1005
I63
sS'tarzana'
p1006
I63
sS'moves'
p1007
I65
sS'pm.the'
p1008
I65
sS'bogusss'
p1009
I65
sS'cream'
p1010
I63
sS'innings'
p1011
I65
sS'yoga'
p1012
I65
sS'field'
p1013
I65
sS'5'
p1014
I62
sS'you'
p1015
I14
sS'obsessed'
p1016
I65
sS'finale'
p1017
I65
sS'massachusetts'
p1018
I65
sS"she's"
p1019
I65
sS'pool'
p1020
I65
sS'out?\xe2\x80\x9d'
p1021
I65
sS'cayer'
p1022
I65
sS'wife'
p1023
I64
sS'invest'
p1024
I65
sS'hello'
p1025
I64
sS'u'
p1026
I51
sS'alright'
p1027
I64
sS'starting'
p1028
I65
sS'all'
p1029
I42
sS'consider'
p1030
I65
sS'month'
p1031
I65
sS'follow'
p1032
I65
sS'alt'
p1033
I65
sS'reasoning'
p1034
I65
sS'woooow'
p1035
I65
sS'tv'
p1036
I62
sS'tu'
p1037
I65
sS'thursday'
p1038
I65
sS'to'
p1039
I4
sS'tail'
p1040
I65
sS'tarzana)'
p1041
I60
sS'tf'
p1042
I65
sS'norm'
p1043
I65
sS'sound'
p1044
I62
sS'song'
p1045
I63
sS'very'
p1046
I61
sS'fav'
p1047
I65
sS'fat'
p1048
I65
sS'selfies'
p1049
I65
sS'scout'
p1050
I65
sS'fan'
p1051
I65
sS'bestie'
p1052
I65
sS'fam'
p1053
I64
sS'fab'
p1054
I39
sS'<~~amazing'
p1055
I65
sS'mothers'
p1056
I65
sS'laying'
p1057
I65
sS"i'll"
p1058
I61
sS'cookies'
p1059
I64
sS'tea'
p1060
I63
sS'streets'
p1061
I65
sS'past'
p1062
I62
sS'burger'
p1063
I64
sS'design'
p1064
I65
sS'elco'
p1065
I65
sS'ratm'
p1066
I65
sS'what'
p1067
I42
sS'sub'
p1068
I65
sS'rascal'
p1069
I65
sS'learned'
p1070
I65
sS'full'
p1071
I64
sS"c'mon"
p1072
I65
sS'venice'
p1073
I65
sS'hours'
p1074
I64
sS'street)'
p1075
I64
sS'legend'
p1076
I65
sS'hass'
p1077
I65
sS'roro'
p1078
I65
sS'ahead'
p1079
I65
sS'jackie'
p1080
I65
sS'amount'
p1081
I65
sS'healthier'
p1082
I65
sS'pick'
p1083
I64
sS'action'
p1084
I65
sS'mentions'
p1085
I65
sS'~'
p1086
I65
sS'sticking'
p1087
I65
sS'via'
p1088
I65
sS'depart'
p1089
I65
sS'family'
p1090
I65
sS'was\xe2\x80\x9d'
p1091
I65
sS'ask'
p1092
I65
sS'gosh'
p1093
I65
sS'readily'
p1094
I65
sS'(19417'
p1095
I61
sS'takes'
p1096
I65
sS'twd'
p1097
I65
sS'\xe2\x98\x9d\xef\xb8\x8f'
p1098
I65
sS'two'
p1099
I63
sS'6'
p1100
I64
sS'more'
p1101
I56
sS'flat'
p1102
I65
sS'door'
p1103
I65
sS'knows'
p1104
I65
sS'staggering'
p1105
I65
sS'company'
p1106
I65
sS"ain't"
p1107
I65
sS'glad'
p1108
I64
sS'none'
p1109
I65
sS'l\xc3\xa4ngesen'
p1110
I65
sS'hour'
p1111
I62
sS'sucks'
p1112
I65
sS'mall'
p1113
I64
sS'del'
p1114
I65
sS'dem'
p1115
I65
sS'learn'
p1116
I64
sS'beautiful'
p1117
I56
sS'vw'
p1118
I65
sS'lolol'
p1119
I65
sS'muthafuxxxa'
p1120
I65
sS'\xe2\x98\x95\xef\xb8\x8f'
p1121
I65
sS'celine'
p1122
I65
sS'ave'
p1123
I60
sS'dress'
p1124
I65
sS'needs'
p1125
I65
sS'goal'
p1126
I65
sS'rather'
p1127
I64
sS'breaking'
p1128
I65
sS'stayed'
p1129
I65
sS'needa'
p1130
I65
sS'boys.haha'
p1131
I65
sS'okay'
p1132
I63
sS'tried'
p1133
I63
sS'rude'
p1134
I65
sS'advice'
p1135
I65
sS'questioning'
p1136
I65
sS'plane'
p1137
I65
sS'adventure'
p1138
I64
sS'coming'
p1139
I62
sS'backyard'
p1140
I64
sS'"cant'
p1141
I65
sS'a'
p1142
I10
sS'regnar'
p1143
I65
sS'loud'
p1144
I65
sS'rooting'
p1145
I65
sS'anytime'
p1146
I65
sS'roommates'
p1147
I64
sS'love!\xe2\x9d\xa4'
p1148
I65
sS'media'
p1149
I65
sS'dream'
p1150
I64
sS'playing'
p1151
I64
sS'patio'
p1152
I64
sS"that's"
p1153
I58
sS"don't"
p1154
I38
sS'brotha'
p1155
I65
sS'sooo'
p1156
I65
sS'soon'
p1157
I65
sS'disabled'
p1158
I64
sS'already'
p1159
I60
sS'through'
p1160
I64
sS'shit\xe2\x80\x9d'
p1161
I65
sS'proffessor!!\xe2\x80\x9d'
p1162
I65
sS'hell'
p1163
I64
sS'its'
p1164
I63
sS'haaaaaaaaaaaaaaa'
p1165
I65
sS'pray'
p1166
I63
sS'wishful'
p1167
I65
sS'lateral'
p1168
I65
sS'sale'
p1169
I65
sS'beyonce'
p1170
I64
sS'actually'
p1171
I65
sS'late'
p1172
I64
sS'<~well'
p1173
I65
sS'argentina'
p1174
I65
sS"haven't"
p1175
I65
sS'hurting'
p1176
I65
sS'good'
p1177
I32
sS'shiiiiiit'
p1178
I65
sS'yl'
p1179
I65
sS'yo'
p1180
I65
sS'ya'
p1181
I62
sS':-)\xe2\x80\x9d'
p1182
I65
sS'clippers'
p1183
I65
sS'gardens)'
p1184
I11
sS'hahahahahaha'
p1185
I65
sS'starbucks'
p1186
I51
sS'compound'
p1187
I65
sS'complain'
p1188
I65
sS'oddfather'
p1189
I65
sS'always'
p1190
I60
sS'drake'
p1191
I65
sS'bless'
p1192
I61
sS'someone'
p1193
I53
sS'habits'
p1194
I65
sS'die'
p1195
I65
sS'found'
p1196
I63
sS"isn't"
p1197
I65
sS'everyone'
p1198
I46
sS'delicious'
p1199
I65
sS'house'
p1200
I62
sS'energy'
p1201
I65
sS'hard'
p1202
I59
sS'uuuuu'
p1203
I65
sS'idea'
p1204
I65
sS'gun'
p1205
I65
sS'bud.....\xe2\x80\x9d'
p1206
I65
sS'ripple'
p1207
I65
sS'anarchy'
p1208
I65
sS'really'
p1209
I54
sS'travels'
p1210
I65
sS'lola'
p1211
I65
sS'flower'
p1212
I65
sS'<<<'
p1213
I65
sS'walked'
p1214
I65
sS'robert'
p1215
I64
sS'since'
p1216
I64
sS'research'
p1217
I65
sS'blunts'
p1218
I65
sS'7'
p1219
I63
sS'print'
p1220
I65
sS'ass'
p1221
I61
sS'(reseda'
p1222
I30
sS'bass'
p1223
I64
sS'combed'
p1224
I65
sS'friday'
p1225
I64
sS'story'
p1226
I65
sS'houses'
p1227
I65
sS'reason'
p1228
I63
sS'cookie'
p1229
I64
sS'disneyland'
p1230
I65
sS'imagine'
p1231
I65
sS'put'
p1232
I63
sS'riser'
p1233
I65
sS'beginning'
p1234
I65
sS'bash'
p1235
I65
sS'bumped'
p1236
I65
sS'golly'
p1237
I65
sS'<<~'
p1238
I65
sS'terribly'
p1239
I65
sS'american'
p1240
I63
sS"hq'd"
p1241
I65
sS'apocalypse'
p1242
I65
sS'kayes'
p1243
I65
sS'mr'
p1244
I65
sS'dont'
p1245
I64
sS'feel'
p1246
I60
sS'number'
p1247
I65
sS'valentine'
p1248
I65
sS'done'
p1249
I62
sS'miss'
p1250
I50
sS'lelu\xe2\x80\x9d'
p1251
I65
sS'guess'
p1252
I64
sS'killin'
p1253
I65
sS'noms'
p1254
I65
sS'smoother'
p1255
I65
sS'least'
p1256
I63
sS'paint'
p1257
I65
sS'leash'
p1258
I65
sS'station'
p1259
I51
sS'mama'
p1260
I65
sS'hundred'
p1261
I65
sS'store'
p1262
I62
sS'gut-wrenching...so'
p1263
I65
sS'behind'
p1264
I64
sS'hurrrr'
p1265
I65
sS'mentality'
p1266
I65
sS'appreciation'
p1267
I65
sS'part'
p1268
I64
sS'boredom'
p1269
I65
sS'believe'
p1270
I65
sS'preachinnnnn'
p1271
I65
sS'king'
p1272
I65
sS'b'
p1273
I63
sS'vocal'
p1274
I65
sS'tummy'
p1275
I65
sS'marriage'
p1276
I65
sS'supposed'
p1277
I65
sS'ousted'
p1278
I60
sS'thirst..\xe2\x80\x9d'
p1279
I65
sS'motivation'
p1280
I65
sS'outta'
p1281
I65
sS'wasnt'
p1282
I65
sS'honeys'
p1283
I65
sS'alongside'
p1284
I65
sS'out."'
p1285
I65
sS'sell'
p1286
I65
sS'lie'
p1287
I65
sS'dancing'
p1288
I65
sS'lil'
p1289
I64
sS'self'
p1290
I65
sS'pomarico'
p1291
I65
sS'singles'
p1292
I65
sS'quote'
p1293
I65
sS'most'
p1294
I65
sS'dope\xe2\x80\x9d'
p1295
I65
sS'experiences'
p1296
I65
sS'plan'
p1297
I65
sS'nothing'
p1298
I64
sS'11:11'
p1299
I65
sS'refrigerator'
p1300
I65
sS':))))'
p1301
I65
sS'bug'
p1302
I65
sS"rayden's"
p1303
I63
sS'-kanman'
p1304
I65
sS'sometimes'
p1305
I63
sS'ko'
p1306
I65
sS'bustin'
p1307
I65
sS'shoutout'
p1308
I65
sS'ugh'
p1309
I62
sS'gold'
p1310
I64
sS'session'
p1311
I63
sS'fine'
p1312
I64
sS'find'
p1313
I61
sS'zumba'
p1314
I61
sS'school\xe2\x80\x9d'
p1315
I65
sS'pretty'
p1316
I61
sS'factor'
p1317
I65
sS'8'
p1318
I64
sS'his'
p1319
I62
sS'hit'
p1320
I64
sS'gains'
p1321
I65
sS'$$$$$'
p1322
I65
sS'feels'
p1323
I64
sS'breast'
p1324
I65
sS'during'
p1325
I64
sS'him'
p1326
I63
sS'alexander'
p1327
I65
sS"aly's"
p1328
I64
sS'sweaters'
p1329
I65
sS'negin'
p1330
I65
sS'hype'
p1331
I65
sS'x'
p1332
I64
sS'river'
p1333
I65
sS'manger'
p1334
I65
sS'city)'
p1335
I64
sS'vino'
p1336
I65
sS'bookittty'
p1337
I65
sS'see'
p1338
I55
sS'defense'
p1339
I65
sS'are'
p1340
I34
sS'close'
p1341
I65
sS'cheerios'
p1342
I65
sS'retweet'
p1343
I65
sS'barn'
p1344
I65
sS'shower'
p1345
I65
sS'pokemon'
p1346
I65
sS'movie'
p1347
I63
sS'wow'
p1348
I65
sS'huuug'
p1349
I65
sS'please'
p1350
I62
sS"j&r's"
p1351
I28
sS'wor'
p1352
I65
sS'won'
p1353
I65
sS'probably'
p1354
I65
sS'knowing'
p1355
I65
sS'refills'
p1356
I65
sS'chapstick'
p1357
I65
sS'attention'
p1358
I64
sS'greinke'
p1359
I65
sS'"now'
p1360
I65
sS'remaining'
p1361
I65
sS'pissed'
p1362
I65
sS'both'
p1363
I65
sS'last'
p1364
I60
sS'thot'
p1365
I65
sS"wouldn't"
p1366
I65
sS'barely'
p1367
I65
sS'fraternity'
p1368
I65
sS'sext'
p1369
I65
sS'jeff'
p1370
I65
sS'sweet'
p1371
I63
sS':((('
p1372
I65
sS'coincidence'
p1373
I65
sS'pm'
p1374
I65
sS'hola'
p1375
I65
sS'likes'
p1376
I65
sS'expensive'
p1377
I64
sS'tgif'
p1378
I64
sS'damn'
p1379
I65
sS'damm'
p1380
I65
sS'peppers'
p1381
I65
sS'yogurtland'
p1382
I65
sS'meeting'
p1383
I64
sS'woke'
p1384
I64
sS'4'
p1385
I59
sS'sweetheart'
p1386
I65
sS'fire'
p1387
I65
sS"what's"
p1388
I62
sS'citizen'
p1389
I65
sS'else'
p1390
I62
sS'reseda)'
p1391
I46
sS'pierce'
p1392
I58
sS'look'
p1393
I63
sS'frozen'
p1394
I65
sS'straight'
p1395
I65
sS'budget'
p1396
I65
sS'while'
p1397
I63
sS'kick'
p1398
I63
sS'shift'
p1399
I65
sS'fun'
p1400
I62
sS"von's"
p1401
I65
sS'<3'
p1402
I65
sS'rip'
p1403
I65
sS'ready'
p1404
I36
sS'chase'
p1405
I63
sS'mediaist'
p1406
I65
sS'funny'
p1407
I64
sS'shirt'
p1408
I65
sS'funnn'
p1409
I65
sS'9'
p1410
I65
sS'higher'
p1411
I65
sS'semi-cool'
p1412
I65
sS'used'
p1413
I64
sS'<~'
p1414
I65
sS'yesterday'
p1415
I63
sS'kill'
p1416
I64
sS'cleaning'
p1417
I63
sS'early'
p1418
I62
sS'lower'
p1419
I65
sS'task'
p1420
I65
sS'older'
p1421
I65
sS'try'
p1422
I65
sS'anybody'
p1423
I65
sS'grind'
p1424
I64
sS'person'
p1425
I65
sS'y'
p1426
I65
sS'<~~come'
p1427
I65
sS'spend'
p1428
I64
sS'\xe2\x9d\xa4'
p1429
I65
sS'12:45'
p1430
I65
sS'moorpark'
p1431
I65
sS'letting'
p1432
I65
sS'lady'
p1433
I64
sS'workers'
p1434
I65
sS'cuz'
p1435
I64
sS'crying'
p1436
I63
sS'homies'
p1437
I64
sS'snap'
p1438
I65
sS'excited'
p1439
I63
sS'hates'
p1440
I65
sS'bin'
p1441
I65
sS'shell...nutt'
p1442
I65
sS'niggas"'
p1443
I65
sS'big'
p1444
I59
sS'couple'
p1445
I64
sS'advocate'
p1446
I65
sS'suffering'
p1447
I65
sS'biz'
p1448
I65
sS'handz\xe2\x80\x9d'
p1449
I65
sS'formal'
p1450
I65
sS'knock'
p1451
I65
sS'bout'
p1452
I64
sS'onion'
p1453
I65
sS'ivan'
p1454
I65
sS'google'
p1455
I65
sS'fucking'
p1456
I60
sS'spring'
p1457
I64
sS'some'
p1458
I45
sS'back'
p1459
I52
sS'resin'
p1460
I65
sS'ehhh'
p1461
I65
sS'prom'
p1462
I65
sS'epic'
p1463
I65
sS"son's"
p1464
I65
sS'be'
p1465
I35
sS'bf'
p1466
I65
sS'run'
p1467
I65
sS'bb'
p1468
I65
sS'nirvana\xe2\x80\x9d'
p1469
I65
sS'processing'
p1470
I65
sS'agreement'
p1471
I65
sS'dope!\xe2\x80\x9d'
p1472
I65
sS'santa'
p1473
I65
sS'bs'
p1474
I65
sS'(named'
p1475
I65
sS'by'
p1476
I65
sS"sasha's"
p1477
I65
sS'shine'
p1478
I62
sS'goods'
p1479
I65
sS'anything'
p1480
I64
sS'netflix'
p1481
I65
sS'iced'
p1482
I65
sS'deserves'
p1483
I65
sS'range'
p1484
I65
sS'beans'
p1485
I65
sS'"we\'re'
p1486
I65
sS'bish'
p1487
I65
sS'wanna'
p1488
I59
sS'block'
p1489
I65
sS'inte'
p1490
I65
sS'seeing'
p1491
I63
sS'jimmy'
p1492
I65
sS'visit'
p1493
I65
sS'mommy'
p1494
I65
sS'nigga'
p1495
I56
sS'steven'
p1496
I64
sS'ayyy'
p1497
I65
sS'statistics'
p1498
I65
sS'spending'
p1499
I64
sS'ca)'
p1500
I8
sS'fast'
p1501
I65
sS'mccartney'
p1502
I65
sS'bruh'
p1503
I64
sS'bored'
p1504
I63
sS'scared'
p1505
I65
sS'tire\xe2\x80\x9d'
p1506
I65
sS'atlantic'
p1507
I65
sS'boyz'
p1508
I65
sS'line'
p1509
I52
sS'posted'
p1510
I64
sS'girl?\xe2\x80\x9d'
p1511
I65
sS'grumaduate'
p1512
I65
sS'up'
p1513
I32
sS'us'
p1514
I62
sS'ur'
p1515
I63
sS'windows'
p1516
I65
sS'horner'
p1517
I65
sS'positivism'
p1518
I65
sS'humanitarian'
p1519
I65
sS'back!\xe2\x80\x9d<~~\xe2\x98\xba\xef\xb8\x8f\xe2\x98\xba\xef\xb8\x8f\xe2\x98\xba\xef\xb8\x8f\xe2\x98\xba\xef\xb8\x8f'
p1520
I65
sS'tyrese'
p1521
I65
sS'?????"'
p1522
I65
sS'edden'
p1523
I65
sS'chat'
p1524
I65
sS'stripper'
p1525
I65
sS'lemon'
p1526
I65
sS'nah'
p1527
I65
sS'backs'
p1528
I65
sS'excuses'
p1529
I64
sS'nap'
p1530
I63
sS'points'
p1531
I65
sS'humanitas'
p1532
I65
sS'nice'
p1533
I62
sS'bonding'
p1534
I65
sS'vons)'
p1535
I65
sS'ago'
p1536
I64
sS'land'
p1537
I65
sS'texted'
p1538
I65
sS'-that'
p1539
I65
sS'age'
p1540
I65
sS"she'd"
p1541
I64
sS'sawyer'
p1542
I65
sS'hella'
p1543
I65
sS'fresh'
p1544
I65
sS'lanz'
p1545
I65
sS'once'
p1546
I62
sS'essay'
p1547
I65
sS'code'
p1548
I65
sS'somnat'
p1549
I65
sS'gf'
p1550
I65
sS'job.they'
p1551
I65
sS'stops'
p1552
I65
sS'freakin'
p1553
I64
sS'go'
p1554
I40
sS'barbecue'
p1555
I65
sS'gm'
p1556
I65
sS'wait...i'
p1557
I65
sS"malyric's"
p1558
I65
sS'haven"'
p1559
I65
sS'young'
p1560
I65
sS'helps'
p1561
I65
sS'friendly'
p1562
I65
sS'garden'
p1563
I64
sS'outside'
p1564
I65
sS'wave'
p1565
I64
sS'drinking'
p1566
I65
sS'siimon'
p1567
I65
sS'entire'
p1568
I65
sS'magic'
p1569
I65
sS'relived'
p1570
I65
sS'marry'
p1571
I65
sS'having'
p1572
I62
sS'confidence'
p1573
I65
sS'gullible'
p1574
I65
sS'sssshhh'
p1575
I65
sS'challenge'
p1576
I65
sS'cvs/pharmacy'
p1577
I65
sS'carls'
p1578
I65
sS'someday'
p1579
I65
sS'pussycats'
p1580
I65
sS'booty'
p1581
I65
sS"you'd"
p1582
I65
sS'goodies'
p1583
I65
sS'waking'
p1584
I65
sS'jump'
p1585
I65
sS'redone'
p1586
I65
sS'picked'
p1587
I65
sS'<~~my'
p1588
I65
sS'spaghetti'
p1589
I65
sS'power'
p1590
I65
sS'giving'
p1591
I64
sS'sangria'
p1592
I65
sS"man's"
p1593
I65
sS'paying'
p1594
I65
sS'waiting'
p1595
I54
sS'exercise'
p1596
I65
sS'9th'
p1597
I65
sS'degree'
p1598
I65
sS'commercial'
p1599
I65
sS'believed'
p1600
I65
sS'let'
p1601
I63
sS'others'
p1602
I63
sS'sexy'
p1603
I65
sS'sina'
p1604
I65
sS'great'
p1605
I48
sS'metro'
p1606
I53
sS'involved'
p1607
I65
sS'leaving'
p1608
I65
sS'makes'
p1609
I61
sS'thats'
p1610
I65
sS'egypt'
p1611
I65
sS'win'
p1612
I65
sS'wit'
p1613
I64
sS'dumbest'
p1614
I65
sS'singing'
p1615
I65
sS'use'
p1616
I65
sS'from'
p1617
I54
sS"background's"
p1618
I65
sS'&'
p1619
I44
sS'mamba'
p1620
I65
sS'next'
p1621
I61
sS'snapchats'
p1622
I65
sS'butler'
p1623
I65
sS'themselves'
p1624
I65
sS'chip'
p1625
I65
sS'sort'
p1626
I65
sS'babe'
p1627
I60
sS'started'
p1628
I64
sS"<~~it's"
p1629
I65
sS'impress'
p1630
I65
sS'sister'
p1631
I65
sS'baby'
p1632
I31
sS'this'
p1633
I31
sS'ride'
p1634
I64
sS'aight'
p1635
I65
sS'meet'
p1636
I64
sS'control'
p1637
I65
sS'thirsty'
p1638
I65
sS'corbin)'
p1639
I65
sS'favorite'
p1640
I64
sS'halloween'
p1641
I65
sS'high'
p1642
I65
sS'something'
p1643
I62
sS'blvd'
p1644
I41
sS'wonderful'
p1645
I62
sS'taj'
p1646
I65
sS'sir'
p1647
I65
sS'fett'
p1648
I65
sS'sit'
p1649
I63
sS'purpose'
p1650
I65
sS'holds'
p1651
I65
sS'animal'
p1652
I65
sS'instead'
p1653
I65
sS'sin'
p1654
I64
sS'oz'
p1655
I65
sS'\xe2\x9d\xa4\xe2\x9d\xa4\xe2\x9d\xa4\xe2\x9d\xa4\xe2\x9d\xa4\xe2\x9d\xa4\xe2\x9d\xa4\xe2\x9d\xa4'
p1656
I65
sS'watch'
p1657
I60
sS'fart'
p1658
I65
sS'bluff'
p1659
I65
sS'taco'
p1660
I65
sS'realized'
p1661
I64
sS'light'
p1662
I65
sS'(19367'
p1663
I65
sS'addiction'
p1664
I65
sS'hahhahaha'
p1665
I65
sS'move'
p1666
I64
sS"won't"
p1667
I65
sS'looks'
p1668
I62
sS'perfect'
p1669
I63
sS'la'
p1670
I62
sS'[pic]'
p1671
I61
sS'coupon'
p1672
I65
sS'7:00'
p1673
I65
sS'orange'
p1674
I51
sS'2014'
p1675
I65
sS'holiday'
p1676
I64
sS'setting'
p1677
I65
sS'dad'
p1678
I65
sS'greater'
p1679
I64
sS'spell'
p1680
I65
sS'versace'
p1681
I65
sS'dat'
p1682
I65
sS'hands'
p1683
I60
sS'front'
p1684
I65
sS'jaguar'
p1685
I65
sS'kindness'
p1686
I65
sS'day'
p1687
I35
sS'gassed'
p1688
I65
sS'nfb'
p1689
I65
sS'latvia'
p1690
I65
sS'truth'
p1691
I65
sS'bills'
p1692
I65
sS'everrrr'
p1693
I65
sS'doing'
p1694
I61
sS'staying'
p1695
I65
sS'tranny'
p1696
I65
sS'our'
p1697
I61
sS'special'
p1698
I65
sS'out'
p1699
I39
sS'electronics'
p1700
I65
sS'grohl'
p1701
I65
sS'cause'
p1702
I55
sS'red'
p1703
I65
sS'shut'
p1704
I65
sS'completely'
p1705
I64
sS'princess'
p1706
I58
sS'wheeling'
p1707
I65
sS'g'
p1708
I64
sS':(\xe2\x80\x9d'
p1709
I65
sS'could'
p1710
I62
sS'keep'
p1711
I64
sS'conversation'
p1712
I65
sS'hence'
p1713
I65
sS'\xe2\x9d\xa4\xe2\x9d\xa4'
p1714
I65
sS'there'
p1715
I55
sS'set'
p1716
I65
sS'bitch'
p1717
I58
sS'twitter\xe2\x80\x9d<~u'
p1718
I65
sS'f\xc3\xb6r'
p1719
I65
sS'lighter"'
p1720
I65
sS"you're"
p1721
I54
sS'monkey'
p1722
I65
sS'los'
p1723
I55
sS'roladin'
p1724
I61
sS'their'
p1725
I63
sS'attack'
p1726
I65
sS'whadddduppppp'
p1727
I65
sS'boii'
p1728
I65
sS'final'
p1729
I64
sS'<~~no'
p1730
I65
sS'lighters'
p1731
I65
sS'nobody'
p1732
I65
sS'bishhh'
p1733
I65
sS'bieber'
p1734
I65
sS'july'
p1735
I65
sS'loved'
p1736
I61
sS'sweetpea'
p1737
I65
sS'boring'
p1738
I65
sS'bother'
p1739
I65
sS'bed'
p1740
I60
sS'be~'
p1741
I65
sS'6th'
p1742
I65
sS'cohen'
p1743
I65
sS'tonight'
p1744
I59
sS'have'
p1745
I35
sS'need'
p1746
I58
sS'slikwood'
p1747
I65
sS'congrats'
p1748
I64
sS'mig'
p1749
I65
sS'concerns'
p1750
I65
sS'babes'
p1751
I65
sS'aprildite'
p1752
I63
sS'unless'
p1753
I64
sS'who'
p1754
I55
sS"where's"
p1755
I65
sS'connected'
p1756
I65
sS'awe'
p1757
I65
sS'class'
p1758
I59
sS'fack'
p1759
I65
sS'refreshing'
p1760
I65
sS'upset'
p1761
I65
sS'fafsa'
p1762
I65
sS'face'
p1763
I64
sS'looked'
p1764
I65
sS"you'll"
p1765
I65
sS'brunette'
p1766
I65
sS'pictures'
p1767
I62
sS'brew'
p1768
I65
sS'skinny'
p1769
I65
sS'fact'
p1770
I63
sS'gain'
p1771
I65
sS'mmmmmmmm'
p1772
I65
sS'text'
p1773
I63
sS'assholes'
p1774
I65
sS'bring'
p1775
I63
sS'fear'
p1776
I65
sS'pansexual'
p1777
I64
sS'ayee'
p1778
I65
sS'unfinished'
p1779
I65
sS'winner'
p1780
I65
sS'should'
p1781
I62
sS'jan'
p1782
I65
sS'goodlookin\xe2\x80\x9d'
p1783
I65
sS'indeed'
p1784
I65
sS'jag'
p1785
I64
sS'hope'
p1786
I49
sS'meant'
p1787
I65
sS'handle'
p1788
I65
sS'listened'
p1789
I65
sS'means'
p1790
I64
sS'dope'
p1791
I64
sS'lucky'
p1792
I64
sS'bear'
p1793
I65
sS'ones'
p1794
I64
sS'words'
p1795
I65
sS'timing'
p1796
I64
sS'sassy'
p1797
I65
sS'lelu'
p1798
I64
sS'managers/agents/etc'
p1799
I65
sS"w-rose's"
p1800
I64
sS'manhattans'
p1801
I65
sS'h'
p1802
I65
sS'married'
p1803
I64
sS'ughh'
p1804
I65
sS'calling'
p1805
I65
sS'stuff'
p1806
I65
sS'she'
p1807
I57
sS'grab'
p1808
I64
sS'costume'
p1809
I64
sS'j'
p1810
I65
sS'national'
p1811
I65
sS'desperate'
p1812
I65
sS'voice.\xe2\x80\x9d'
p1813
I65
sS'packed'
p1814
I65
sS'luv'
p1815
I65
sS"master's"
p1816
I65
sS'missing'
p1817
I65
sS'tend'
p1818
I65
sS'genius'
p1819
I65
sS'state'
p1820
I64
sS'progress'
p1821
I65
sS'email'
p1822
I64
sS'pants'
p1823
I65
sS'nombre'
p1824
I65
sS'brewing'
p1825
I65
sS'amen'
p1826
I64
sS'joy'
p1827
I64
sS'job'
p1828
I62
sS'merry'
p1829
I65
sS'1:09am'
p1830
I65
sS'david'
p1831
I65
sS'undetermined'
p1832
I65
sS'hits'
p1833
I65
sS'weeks'
p1834
I64
sS'drum'
p1835
I65
sS'horngry\xe2\x80\x9d'
p1836
I65
sS'joke'
p1837
I65
sS'invited'
p1838
I65
sS"he's"
p1839
I64
sS'newbies'
p1840
I65
sS'mentored\xe2\x80\x9d'
p1841
I65
sS'atleast'
p1842
I65
sS'passing'
p1843
I65
sS'f\xc3\xb6ren'
p1844
I65
sS'wear'
p1845
I64
sS'gorgeous'
p1846
I65
sS'relevant'
p1847
I64
sS'co'
p1848
I65
sS'ca'
p1849
I57
sS'walk'
p1850
I64
sS'>:d<'
p1851
I65
sS'respect'
p1852
I63
sS'yay'
p1853
I65
sS'videos'
p1854
I65
sS"it's"
p1855
I48
sS'nutella'
p1856
I65
sS'willing'
p1857
I65
sS'freak'
p1858
I65
sS'waste'
p1859
I65
sS'wheel\xe2\x80\x9d'
p1860
I65
sS'mike'
p1861
I65
sS'wonderfulllllll'
p1862
I65
sS'league'
p1863
I65
sS'releasing'
p1864
I65
sS'color\xe2\x80\x9d'
p1865
I65
sS'finished'
p1866
I64
sS'smoking'
p1867
I64
sS'sticks-'
p1868
I65
sS'cvs'
p1869
I65
sS'raps!!"'
p1870
I65
sS'will'
p1871
I57
sS'fault'
p1872
I65
sS'hahahh'
p1873
I65
sS'at'
p1874
I2
sS'rename'
p1875
I65
sS'almost'
p1876
I63
sS'encouragement'
p1877
I65
sS'hardware'
p1878
I65
sS'vs'
p1879
I65
sS'lifetime'
p1880
I65
sS'bucks'
p1881
I65
sS'hocus'
p1882
I65
sS'fabs'
p1883
I64
sS'juanita'
p1884
I65
sS'member'
p1885
I65
sS'party'
p1886
I59
sS'nog'
p1887
I65
sS'again'
p1888
I64
sS'drink'
p1889
I62
sS'sauna'
p1890
I65
sS'beast'
p1891
I64
sS'fucked'
p1892
I64
sS'spree'
p1893
I65
sS'suze'
p1894
I65
sS'l.a'
p1895
I65
sS'off'
p1896
I57
sS'surfboard'
p1897
I65
sS'lunch'
p1898
I62
sS'i'
p1899
I5
sS'well'
p1900
I58
sS'fighting'
p1901
I65
sS'reseda'
p1902
I64
sS'ily'
p1903
I65
sS'usual'
p1904
I65
sS'cried'
p1905
I65
sS'claiming'
p1906
I65
sS'dakota'
p1907
I65
sS'paul'
p1908
I65
sS'nicks'
p1909
I65
sS'drunk'
p1910
I65
sS'other'
p1911
I65
sS'adoption'
p1912
I65
sS'crack'
p1913
I65
sS'twerk'
p1914
I65
sS'smart'
p1915
I65
sS'homework'
p1916
I63
sS'disappearance'
p1917
I65
sS'dayz\xe2\x80\x9d'
p1918
I65
sS"who's"
p1919
I64
sS'royalty'
p1920
I65
sS'know'
p1921
I56
sS'bottoms'
p1922
I65
sS'belgium'
p1923
I64
sS'dese'
p1924
I65
sS'necessary'
p1925
I64
sS'like'
p1926
I36
sS'success'
p1927
I64
sS'miami'
p1928
I65
sS'candy'
p1929
I65
sS'(or'
p1930
I65
sS'lose'
p1931
I65
sS'page'
p1932
I65
sS'italian'
p1933
I65
sS'amendment'
p1934
I65
sS'juni'
p1935
I65
sS'"somebody"'
p1936
I65
sS'because'
p1937
I64
sS'phool'
p1938
I65
sS'twitter'
p1939
I64
sS'<~~i'
p1940
I65
sS'alive'
p1941
I65
sS'hair'
p1942
I63
sS'home'
p1943
I45
sS'amg'
p1944
I65
sS'happens'
p1945
I65
sS'leak'
p1946
I65
sS'does'
p1947
I64
sS'lamichael'
p1948
I65
sS'biology'
p1949
I65
sS'blowing'
p1950
I65
sS'obey'
p1951
I65
sS'schedule'
p1952
I64
sS"west's"
p1953
I65
sS'mita'
p1954
I65
sS'about'
p1955
I45
sS':-)'
p1956
I22
sS'rare'
p1957
I65
sS'getting'
p1958
I41
sS'freedom'
p1959
I65
sS'angeles'
p1960
I35
sS'sighting'
p1961
I65
sS"airlines'"
p1962
I65
sS'documentary'
p1963
I65
sS'owl'
p1964
I65
sS'own'
p1965
I61
sS'letters'
p1966
I65
sS'tourists'
p1967
I65
sS'glenn'
p1968
I65
sS'pussy'
p1969
I65
sS'wahahaha'
p1970
I65
sS'socks'
p1971
I65
sS'snuggling'
p1972
I65
sS"<<~~don't"
p1973
I65
sS'sheri'
p1974
I65
sS'daniels'
p1975
I65
sS'buy'
p1976
I62
sS'north'
p1977
I65
sS"i've"
p1978
I57
sS'bus'
p1979
I64
sS'bitches'
p1980
I64
sS'coffee)'
p1981
I65
sS'but'
p1982
I50
sS'hi'
p1983
I63
sS'goals'
p1984
I64
sS'teaming'
p1985
I65
sS'ha'
p1986
I65
sS'eat'
p1987
I63
sS'bud'
p1988
I65
sS'he'
p1989
I60
sS'made'
p1990
I61
sS'wish'
p1991
I57
sS'official'
p1992
I65
sS'record'
p1993
I65
sS'convince'
p1994
I65
sS'723'
p1995
I65
sS'piece'
p1996
I64
sS'gtfo'
p1997
I65
sS'beats'
p1998
I64
sS'shooting'
p1999
I65
sS'ew'
p2000
I65
sS'incredible'
p2001
I65
sS'dressed'
p2002
I65
sS'boot'
p2003
I65
sS'40'
p2004
I65
sS'book'
p2005
I64
sS'compares'
p2006
I65
sS'sick'
p2007
I64
sS'<~~thanks'
p2008
I65
sS'lance'
p2009
I65
sS'songs\xe2\x80\xa6'
p2010
I65
sS'star'
p2011
I64
sS'stay'
p2012
I58
sS'chance'
p2013
I65
sS'kinda'
p2014
I65
sS'friends'
p2015
I63
sS'\xe2\x80\x93'
p2016
I63
sS'\xe2\x80\x94'
p2017
I65
sS'compete'
p2018
I65
sS'dominoes'
p2019
I65
sS'lives'
p2020
I65
sS'accidents'
p2021
I65
sS'baked'
p2022
I65
sS'gardens'
p2023
I21
s.