(dp0
S''
p1
I5
sS'swings.\xe2\x80\x9d'
p2
I108
sS'3x30'
p3
I108
sS'ciao'
p4
I108
sS'pornstar'
p5
I108
sS'repeller'
p6
I108
sS'tormenting'
p7
I108
sS'amrap'
p8
I108
sS'four'
p9
I107
sS'diss'
p10
I108
sS'sleep'
p11
I95
sS'asian'
p12
I107
sS'hanging'
p13
I106
sS'\xe2\x80\xa2gains'
p14
I108
sS'lolzzz'
p15
I108
sS'hate'
p16
I88
sS'payoff'
p17
I106
sS'relationships'
p18
I108
sS'...summer'
p19
I108
sS'porno'
p20
I108
sS'buddy'
p21
I107
sS'up('
p22
I108
sS'snowing'
p23
I108
sS'3:15am'
p24
I108
sS'tweet'
p25
I105
sS'fazes'
p26
I108
sS'originality'
p27
I108
sS'bike'
p28
I108
sS'whatsoever'
p29
I108
sS'under'
p30
I106
sS'lord'
p31
I107
sS'sorry'
p32
I95
sS'pride'
p33
I108
sS'sway'
p34
I108
sS'worth'
p35
I95
sS'updated'
p36
I108
sS'kendrick'
p37
I108
sS'risk'
p38
I108
sS'nikita'
p39
I108
sS'void'
p40
I108
sS'rise'
p41
I107
sS'costume'
p42
I108
sS"women's"
p43
I108
sS'00:30:00.0,34.1746795,-118.5378241,1393.02,some'
p44
I108
sS'lololol'
p45
I108
sS'practicality'
p46
I108
sS'every'
p47
I89
sS'sonja'
p48
I108
sS'upstream'
p49
I108
sS'bringing'
p50
I108
sS'trailer'
p51
I108
sS'vast'
p52
I108
sS'tickets'
p53
I108
sS'skillz'
p54
I108
sS'school'
p55
I102
sS'bestfriend'
p56
I107
sS'prize'
p57
I108
sS'huggies'
p58
I108
sS'skills'
p59
I108
sS'obsessive'
p60
I108
sS'margarita'
p61
I108
sS'solution'
p62
I107
sS'strippers\xe2\x80\x9d'
p63
I108
sS'math'
p64
I108
sS'enhance'
p65
I108
sS'monopolized'
p66
I107
sS'ups'
p67
I108
sS'enjoy'
p68
I107
sS'10k'
p69
I108
sS'chet'
p70
I108
sS'force'
p71
I108
sS'me"'
p72
I107
sS'janelleeey234'
p73
I108
sS'second'
p74
I106
sS'street'
p75
I108
sS'air'
p76
I102
sS'panda'
p77
I108
sS'perish'
p78
I108
sS'even'
p79
I83
sS'captain'
p80
I108
sS'hide'
p81
I107
sS'thunder'
p82
I107
sS'ned'
p83
I108
sS'cooking'
p84
I108
sS'revolutionize'
p85
I108
sS'fingers'
p86
I108
sS'poison'
p87
I108
sS'reasoning'
p88
I108
sS'lights'
p89
I108
sS'hellaaa'
p90
I108
sS'above'
p91
I108
sS'resilient'
p92
I108
sS'new'
p93
I85
sS'hmmm'
p94
I108
sS'ever'
p95
I73
sS'succumb'
p96
I108
sS'disney'
p97
I108
sS'told'
p98
I103
sS"ronaldo's"
p99
I108
sS'crunch'
p100
I108
sS'mamas'
p101
I107
sS'kicked'
p102
I108
sS'sinks'
p103
I107
sS"carl's"
p104
I108
sS'gahh'
p105
I108
sS'never'
p106
I62
sS'suga'
p107
I108
sS'stared'
p108
I107
sS'here'
p109
I79
sS'machine"'
p110
I108
sS'\xe2\x9d\xa4\xef\xb8\x8f'
p111
I101
sS'wednesday\xe2\x80\xa6\xe2\x80\xa6'
p112
I108
sS'pandemonium'
p113
I108
sS'active'
p114
I108
sS'path'
p115
I103
sS'100'
p116
I107
sS"aren't"
p117
I100
sS'104'
p118
I108
sS'dry'
p119
I108
sS'kids'
p120
I106
sS'daughter'
p121
I107
sS'drs'
p122
I108
sS'changed'
p123
I106
sS'controversy'
p124
I108
sS'walkin'
p125
I108
sS'imma'
p126
I106
sS"i'd"
p127
I98
sS'mentor'
p128
I108
sS'unwanted'
p129
I108
sS"i'm"
p130
I35
sS"someone's"
p131
I108
sS'changes'
p132
I107
sS'punishment'
p133
I107
sS'most.ghetto'
p134
I108
sS'eyebrows'
p135
I107
sS'golden'
p136
I108
sS'secure'
p137
I107
sS'magically'
p138
I108
sS'feelings'
p139
I104
sS'bro'
p140
I106
sS'patience'
p141
I104
sS'thursday'
p142
I108
sS'counts'
p143
I108
sS'txt'
p144
I108
sS'txs'
p145
I108
sS'hoping'
p146
I108
sS'devastation'
p147
I108
sS'charge'
p148
I108
sS'dna'
p149
I108
sS'would'
p150
I64
sS'carpet'
p151
I108
sS'hungry'
p152
I107
sS'arms'
p153
I107
sS'insult'
p154
I107
sS'cali'
p155
I107
sS'asses'
p156
I108
sS'kushiyu'
p157
I106
sS'call'
p158
I98
sS'calm'
p159
I107
sS'18:05:06.0,34.1745256,-118.5377358,1393.02,soooo'
p160
I108
sS'survive'
p161
I108
sS'25th'
p162
I108
sS'type'
p163
I107
sS'until'
p164
I66
sS'breathe'
p165
I106
sS'paperwork'
p166
I108
sS'posting'
p167
I108
sS'holy'
p168
I108
sS'successful'
p169
I108
sS'brings'
p170
I106
sS'naive'
p171
I108
sS'haha'
p172
I78
sS'hurt'
p173
I102
sS'phone'
p174
I105
sS'adult'
p175
I106
sS'teaching'
p176
I108
sS"5'2"
p177
I108
sS'ward'
p178
I108
sS'hold'
p179
I102
sS'immature'
p180
I107
sS"must've"
p181
I108
sS'must'
p182
I93
sS'me'
p183
I10
sS'join'
p184
I107
sS'room'
p185
I102
sS'show.get'
p186
I108
sS'cheapest'
p187
I108
sS'mo'
p188
I107
sS'work'
p189
I79
sS'mi'
p190
I107
sS'mk'
p191
I108
sS'regrets'
p192
I108
sS'movies'
p193
I107
sS'cuddle'
p194
I108
sS'tna'
p195
I108
sS'era'
p196
I106
sS'install'
p197
I108
sS'mr'
p198
I107
sS'entertainer'
p199
I108
sS'valentejennifer'
p200
I108
sS'crackers'
p201
I108
sS'my'
p202
I9
sS'cussing'
p203
I108
sS'insignificant'
p204
I108
sS'owes'
p205
I108
sS'gettin'
p206
I108
sS'give'
p207
I77
sS'punk'
p208
I108
sS'gontier'
p209
I108
sS'micky'
p210
I108
sS'bojan'
p211
I108
sS'homie'
p212
I108
sS'want'
p213
I48
sS'keep'
p214
I99
sS'attract'
p215
I108
sS'dyke'
p216
I107
sS'guarantee'
p217
I108
sS'back\xe2\x80\xa6'
p218
I108
sS'hoe'
p219
I107
sS'end'
p220
I78
sS'thing'
p221
I94
sS'zingo'
p222
I108
sS'sorry."'
p223
I108
sS'song'
p224
I106
sS'damage'
p225
I106
sS'machine'
p226
I108
sS'how'
p227
I45
sS'amazing'
p228
I98
sS'disappear'
p229
I107
sS'significance'
p230
I107
sS'answer'
p231
I99
sS'place'
p232
I95
sS'ordinary'
p233
I107
sS'beach'
p234
I102
sS'pizza'
p235
I107
sS'badly'
p236
I108
sS'fever'
p237
I107
sS'beauty'
p238
I107
sS'horoscope'
p239
I108
sS'mess'
p240
I105
sS'after'
p241
I97
sS'loyalty'
p242
I107
sS'hence'
p243
I107
sS'wrong'
p244
I94
sS'jumping'
p245
I108
sS'lax'
p246
I107
sS'lay'
p247
I104
sS'destined'
p248
I108
sS'law'
p249
I107
sS'danny'
p250
I108
sS'impatient'
p251
I107
sS'third'
p252
I107
sS'alienate'
p253
I108
sS'wins'
p254
I104
sS'schneider'
p255
I108
sS'wherever'
p256
I108
sS'lost'
p257
I97
sS'sickening'
p258
I108
sS'green'
p259
I101
sS'diary'
p260
I108
sS'1000'
p261
I108
sS'nonsensical'
p262
I108
sS'order'
p263
I106
sS'greed'
p264
I107
sS'jack'
p265
I108
sS'emotion'
p266
I108
sS'salon'
p267
I108
sS'unfolds'
p268
I108
sS'office'
p269
I108
sS'wut'
p270
I108
sS'muffin'
p271
I108
sS'over'
p272
I72
sS'zen'
p273
I107
sS'geezers'
p274
I108
sS'foreal'
p275
I108
sS'sludge'
p276
I108
sS'captions'
p277
I108
sS'slimmer'
p278
I108
sS'windshield'
p279
I107
sS'\xe2\x9c\x8c\xef\xb8\x8f\xe2\x9e\x96\xe2\x98\x9d\xef\xb8\x8f'
p280
I108
sS'before'
p281
I88
sS'ima'
p282
I106
sS'fit'
p283
I107
sS'somewhere'
p284
I106
sS'expectations'
p285
I108
sS'denver'
p286
I108
sS'writing'
p287
I106
sS'better'
p288
I68
sS'shifts'
p289
I108
sS'405'
p290
I108
sS'production'
p291
I106
sS'differently'
p292
I108
sS'millennium'
p293
I108
sS'weeks'
p294
I93
sS'gents'
p295
I108
sS'overcome'
p296
I108
sS'then'
p297
I70
sS'them'
p298
I75
sS'baffled'
p299
I108
sS'iowa'
p300
I108
sS'workout'
p301
I107
sS'safe'
p302
I107
sS"we'll"
p303
I107
sS'break'
p304
I97
sS'educating'
p305
I108
sS'bang'
p306
I108
sS'reenactment'
p307
I108
sS'they'
p308
I51
sS'one'
p309
I52
sS'silver'
p310
I108
sS'bank'
p311
I107
sS'shadows'
p312
I107
sS'gloom'
p313
I107
sS'alex'
p314
I107
sS'rocky'
p315
I107
sS'kicking'
p316
I108
sS'l'
p317
I107
sS'rocks'
p318
I108
sS'explode'
p319
I108
sS'anastasia'
p320
I108
sS'victory'
p321
I108
sS'each'
p322
I106
sS'went'
p323
I94
sS'mamash'
p324
I108
sS'side'
p325
I101
sS'carlos'
p326
I108
sS'mean'
p327
I97
sS"he's\xe2\x80\xa6"
p328
I108
sS'lmao,91356\n486577909885198336,the_flash7,2014-07-08'
p329
I108
sS'financial'
p330
I108
sS'"crime'
p331
I108
sS'gunna'
p332
I108
sS'series'
p333
I107
sS'wednesday'
p334
I108
sS'strips'
p335
I108
sS'forgot'
p336
I104
sS'navy'
p337
I107
sS'aids'
p338
I108
sS'dawn'
p339
I108
sS'saturday'
p340
I101
sS'rt'
p341
I95
sS'goo'
p342
I105
sS'so\xe2\x80\xa6'
p343
I108
sS'adicktion'
p344
I108
sS'driving'
p345
I108
sS'pussies'
p346
I108
sS'god'
p347
I103
sS'psychic'
p348
I107
sS'crucial'
p349
I107
sS'george'
p350
I108
sS'strangers'
p351
I107
sS'laid'
p352
I104
sS'daniel'
p353
I108
sS'day*'
p354
I108
sS'smh'
p355
I103
sS'heavenly'
p356
I108
sS'got'
p357
I78
sS'rn'
p358
I105
sS'millions'
p359
I106
sS'broom'
p360
I108
sS'cheatin'
p361
I108
sS'cutest'
p362
I107
sS"doesn't"
p363
I89
sS'huntington\xe2\x80\xa6'
p364
I107
sS'revenge'
p365
I107
sS'free'
p366
I101
sS'management'
p367
I108
sS'struggle'
p368
I106
sS"people's"
p369
I108
sS'wanted'
p370
I102
sS'loveland'
p371
I108
sS'saggy'
p372
I108
sS'ate'
p373
I104
sS'starts'
p374
I107
sS'jodi'
p375
I108
sS'messages'
p376
I108
sS'days'
p377
I96
sS'priorities'
p378
I108
sS'outfits'
p379
I108
sS'musicians'
p380
I108
sS"today's"
p381
I108
sS'unappreciative'
p382
I108
sS'potions'
p383
I108
sS'loud'
p384
I106
sS'bite'
p385
I107
sS'fuckin'
p386
I106
sS'ste'
p387
I108
sS'already'
p388
I91
sS'begin('
p389
I108
sS'twitches'
p390
I108
sS'hearing'
p391
I108
sS'overindulgence'
p392
I107
sS'rant'
p393
I108
sS'warped'
p394
I108
sS'kfc'
p395
I108
sS'another'
p396
I97
sS'sober'
p397
I108
sS'cher'
p398
I108
sS'thick'
p399
I108
sS'clarity'
p400
I107
sS'brock'
p401
I108
sS'basketball'
p402
I108
sS'ten'
p403
I108
sS'service'
p404
I108
sS'potty'
p405
I108
sS'dogg'
p406
I108
sS'top'
p407
I98
sS'tired'
p408
I77
sS'girls'
p409
I99
sS'stack'
p410
I108
sS'needed'
p411
I102
sS'ton'
p412
I107
sS'too'
p413
I40
sS'xiv'
p414
I108
sS'tragic'
p415
I107
sS'hollywood'
p416
I96
sS'kid'
p417
I105
sS'bitter'
p418
I105
sS'dogs'
p419
I108
sS'listen'
p420
I101
sS'ceiling'
p421
I108
sS'hangout'
p422
I106
sS'chantel'
p423
I108
sS'gym'
p424
I98
sS'lbj'
p425
I108
sS'took'
p426
I106
sS'toot'
p427
I108
sS'$25000'
p428
I108
sS'chemotherapy'
p429
I108
sS'wasted'
p430
I99
sS'abandoning'
p431
I107
sS'gawdamn'
p432
I107
sS'character'
p433
I108
sS'toronto'
p434
I108
sS'anxiety'
p435
I108
sS'glorified'
p436
I108
sS'burger'
p437
I108
sS'thx'
p438
I108
sS'tree'
p439
I108
sS'likely'
p440
I107
sS'ebay'
p441
I107
sS'shower'
p442
I107
sS'matter'
p443
I99
sS'out,91356\n493934864853266432,_dopet,2014-07-29'
p444
I108
sS'flame'
p445
I108
sS'painful'
p446
I108
sS'hottie'
p447
I97
sS'bodyguards'
p448
I108
sS'knights'
p449
I108
sS'feeling'
p450
I89
sS'baddd'
p451
I108
sS'"according'
p452
I108
sS'mini'
p453
I107
sS'lbs'
p454
I106
sS'fashion'
p455
I108
sS'sees'
p456
I108
sS'disturb'
p457
I108
sS'palace'
p458
I108
sS'ran'
p459
I108
sS'niqqas'
p460
I108
sS'mind'
p461
I85
sS'mine'
p462
I96
sS'return'
p463
I107
sS'talking'
p464
I100
sS'rat'
p465
I108
sS'guapo'
p466
I108
sS'seen'
p467
I105
sS'seem'
p468
I106
sS'sounding'
p469
I108
sS'it\xe2\x80\x9d'
p470
I108
sS'forced'
p471
I103
sS'it\xe2\x80\xa6'
p472
I108
sS'janelleeey234\xe2\x80\xa6'
p473
I108
sS'uncouth'
p474
I108
sS'-'
p475
I104
sS'brandon'
p476
I107
sS'chest'
p477
I108
sS'niece'
p478
I108
sS'brains'
p479
I108
sS'bledsoe'
p480
I108
sS'<3333'
p481
I108
sS'blue'
p482
I107
sS'exactly'
p483
I105
sS'thumb'
p484
I108
sS'though'
p485
I96
sS'koko'
p486
I108
sS'screwing'
p487
I108
sS'doin'
p488
I108
sS'mystique'
p489
I108
sS'sue'
p490
I108
sS'victoria'
p491
I108
sS'anatomy'
p492
I108
sS'audition'
p493
I108
sS'regular'
p494
I107
sS'mouth'
p495
I108
sS'letter'
p496
I108
sS'hearts'
p497
I108
sS'mac&cheese('
p498
I108
sS'marie'
p499
I108
sS'hottttttttt'
p500
I108
sS'thriller'
p501
I108
sS'moolah'
p502
I108
sS'episode'
p503
I108
sS'cops'
p504
I108
sS'soups'
p505
I108
sS'professor'
p506
I108
sS'flow'
p507
I105
sS'dog'
p508
I105
sS'pokes'
p509
I108
sS'doe'
p510
I107
sS'freeway'
p511
I108
sS'judgmental'
p512
I106
sS'trapped'
p513
I108
sS'definitely'
p514
I106
sS'dads'
p515
I108
sS'craziest'
p516
I108
sS'pineapple'
p517
I108
sS'swerves'
p518
I108
sS'annoyed'
p519
I107
sS'came'
p520
I104
sS'reserve'
p521
I108
sS'saying'
p522
I105
sS'selected'
p523
I108
sS'bait'
p524
I108
sS'braggadocios'
p525
I108
sS'lyrics'
p526
I108
sS'queen'
p527
I107
sS'brilliance'
p528
I108
sS'anniversary'
p529
I108
sS'padded'
p530
I108
sS'forsure'
p531
I108
sS'attempts'
p532
I108
sS'radio'
p533
I107
sS'stepping'
p534
I108
sS'subtle'
p535
I107
sS'dove'
p536
I108
sS'sweats'
p537
I108
sS'back-links'
p538
I108
sS'crossfit'
p539
I108
sS'sweetz'
p540
I108
sS'situations'
p541
I107
sS'explain'
p542
I108
sS'sto'
p543
I108
sS'floating'
p544
I108
sS'cripple'
p545
I108
sS'sugar'
p546
I106
sS'rico'
p547
I108
sS'bush'
p548
I107
sS'rick'
p549
I108
sS'rich'
p550
I104
sS'folks'
p551
I108
sS'chipotle'
p552
I107
sS'titans'
p553
I107
sS'oct'
p554
I108
sS'rica'
p555
I108
sS'wearing'
p556
I105
sS'do'
p557
I28
sS'dl'
p558
I107
sS'tongue'
p559
I108
sS'colorful'
p560
I108
sS'yee'
p561
I108
sS'hostility'
p562
I106
sS'de'
p563
I108
sS'watch'
p564
I102
sS'13'
p565
I108
sS'da'
p566
I108
sS'criticized'
p567
I108
sS'rebelution'
p568
I108
sS'amazon'
p569
I104
sS'stile:)'
p570
I108
sS'spirit'
p571
I108
sS'despite'
p572
I107
sS'15'
p573
I108
sS'nasty'
p574
I107
sS'dr'
p575
I107
sS'peyton'
p576
I108
sS'\xe2\x9c\xa8\xe2\x9c\xa8\xe2\x9c\xa8\xe2\x9c\xa8\xe2\x9c\xa8'
p577
I108
sS'earn'
p578
I107
sS'bar'
p579
I108
sS'covering'
p580
I108
sS'sticky'
p581
I108
sS'officially'
p582
I106
sS'ahhhhhhh'
p583
I108
sS'pretzel'
p584
I108
sS'idiotic'
p585
I108
sS'dias'
p586
I107
sS'bag'
p587
I106
sS'bad'
p588
I80
sS'bae'
p589
I108
sS'shots'
p590
I106
sS'eventually'
p591
I108
sS'bam'
p592
I105
sS'ruins'
p593
I108
sS'setup'
p594
I108
sS'headed'
p595
I108
sS'fair'
p596
I106
sS'habit'
p597
I108
sS'nut'
p598
I108
sS'testing'
p599
I108
sS'65k'
p600
I108
sS'resist'
p601
I108
sS"d's"
p602
I108
sS'goodnight'
p603
I105
sS'decided'
p604
I106
sS'result'
p605
I108
sS'carbonation'
p606
I108
sS'fail'
p607
I104
sS'miserable'
p608
I108
sS'"fuck'
p609
I108
sS'best'
p610
I82
sS'brazil'
p611
I108
sS'said'
p612
I89
sS'haah'
p613
I108
sS'lots'
p614
I106
sS'away'
p615
I91
sS'muy'
p616
I108
sS"there's"
p617
I104
sS'sais'
p618
I108
sS'finger'
p619
I107
sS'cooperation'
p620
I108
sS'hopefully'
p621
I106
sS"name's"
p622
I108
sS'sorts'
p623
I108
sS'approach'
p624
I108
sS'wage'
p625
I108
sS'lazy'
p626
I105
sS'men'
p627
I108
sS'terms'
p628
I103
sS"paula's"
p629
I108
sS'b\xc3\x84\xc3\x8b'
p630
I108
sS'team'
p631
I107
sS'weak'
p632
I102
sS'however'
p633
I108
sS'"madusa'
p634
I108
sS'meh'
p635
I108
sS'wear'
p636
I107
sS'wtf'
p637
I104
sS'news'
p638
I107
sS'debt'
p639
I104
sS'kitchen'
p640
I108
sS'pity'
p641
I108
sS'trickster'
p642
I108
sS'cow'
p643
I108
sS'met'
p644
I104
sS'country'
p645
I107
sS'ill'
p646
I107
sS'ahora'
p647
I108
sS'space'
p648
I108
sS'against'
p649
I106
sS'cuddles'
p650
I108
sS'una'
p651
I108
sS'games'
p652
I105
sS'spurs'
p653
I108
sS'lookin'
p654
I106
sS'logic'
p655
I108
sS'expense'
p656
I107
sS'betrayed'
p657
I108
sS'asked'
p658
I107
sS'coo'
p659
I107
sS'con'
p660
I108
sS'money"'
p661
I108
sS'"ethical"'
p662
I108
sS'tough'
p663
I105
sS'16k'
p664
I108
sS'legs'
p665
I108
sS'helplessly'
p666
I108
sS'2nd'
p667
I107
sS'written'
p668
I108
sS'loaded'
p669
I108
sS'blonde'
p670
I107
sS'trust'
p671
I106
sS'hitler'
p672
I108
sS'speak'
p673
I106
sS'bathroom'
p674
I108
sS'101'
p675
I107
sS'chloe'
p676
I108
sS'beef'
p677
I108
sS'"you'
p678
I108
sS'chrome'
p679
I108
sS'upyou'
p680
I108
sS'fri'
p681
I108
sS'three'
p682
I103
sS'been'
p683
I76
sS'quickly'
p684
I107
sS'confident'
p685
I108
sS'beer'
p686
I108
sS'much'
p687
I61
sS'basic'
p688
I107
sS'captive'
p689
I108
sS'incompetent'
p690
I106
sS'board'
p691
I108
sS'website'
p692
I106
sS'reversals'
p693
I108
sS'life'
p694
I43
sS'poordinary'
p695
I108
sS'2222.2'
p696
I108
sS'relaxing'
p697
I108
sS'drugs'
p698
I107
sS'knowledge'
p699
I108
sS'homies'
p700
I108
sS'cosmetology'
p701
I108
sS'millionth'
p702
I108
sS'03:33:56.0,34.1799105,-118.536561,1393.02,jersey'
p703
I108
sS'lawyers:)\xe2\x80\x9d'
p704
I108
sS'doubts'
p705
I107
sS'catch'
p706
I104
sS"i's"
p707
I108
sS'worked'
p708
I107
sS'160'
p709
I108
sS'teapot'
p710
I108
sS'chill'
p711
I105
sS'tide'
p712
I108
sS'exception'
p713
I108
sS'linkin'
p714
I107
sS'strict'
p715
I108
sS'n'
p716
I104
sS'lesser'
p717
I108
sS'ugly'
p718
I105
sS'near'
p719
I106
sS'gna'
p720
I108
sS'suppose'
p721
I106
sS'misses'
p722
I108
sS'stopping'
p723
I108
sS'cracked'
p724
I108
sS'voice'
p725
I107
sS'mistake'
p726
I107
sS'pitas'
p727
I108
sS'florida'
p728
I108
sS'played'
p729
I107
sS'is'
p730
I4
sS'sushi'
p731
I108
sS'sanitizer'
p732
I108
sS'it'
p733
I11
sS'agenda'
p734
I108
sS'player'
p735
I107
sS'cant'
p736
I104
sS'doeee'
p737
I108
sS'im'
p738
I108
sS'creepy'
p739
I108
sS'in'
p740
I13
sS'tormentor'
p741
I108
sS'insensitive'
p742
I108
sS'mouse'
p743
I108
sS'id'
p744
I105
sS'ig'
p745
I106
sS'if'
p746
I29
sS'golds'
p747
I108
sS'perform'
p748
I108
sS'things'
p749
I67
sS'make'
p750
I55
sS'00:20:23.0,34.1746795,-118.5378241,1393.02,idgaf'
p751
I108
sS'hahah'
p752
I107
sS'babies'
p753
I107
sS'plates'
p754
I108
sS'tebe'
p755
I108
sS'convictions'
p756
I108
sS'couple'
p757
I107
sS'alterior'
p758
I108
sS'unbearable'
p759
I108
sS'social'
p760
I105
sS'hang'
p761
I107
sS'evil'
p762
I105
sS'hand'
p763
I106
sS'kik'
p764
I108
sS'unicorn'
p765
I108
sS'jealous'
p766
I107
sS'angle'
p767
I107
sS'opportunity'
p768
I107
sS'aka'
p769
I108
sS'thoughts'
p770
I104
sS'cycle'
p771
I106
sS'butter'
p772
I108
sS'bidness'
p773
I107
sS'kept'
p774
I108
sS'when/if'
p775
I108
sS"pandora's"
p776
I108
sS"mother's"
p777
I108
sS'aziz'
p778
I108
sS'vilified'
p779
I108
sS'min'
p780
I107
sS'kyle'
p781
I108
sS'changer'
p782
I108
sS'tho'
p783
I104
sS'burgers'
p784
I108
sS'life.\xe2\x80\x9d'
p785
I108
sS'greatest'
p786
I105
sS'pandora'
p787
I108
sS'mother'
p788
I107
sS'thing"'
p789
I106
sS'raindrops'
p790
I108
sS'the'
p791
I2
sS'smoked'
p792
I108
sS'yours'
p793
I106
sS'fittest'
p794
I106
sS'left'
p795
I97
sS'grandkids'
p796
I108
sS'gigolo'
p797
I108
sS'just'
p798
I28
sS'mirages'
p799
I108
sS'yea'
p800
I107
sS'photo'
p801
I108
sS'laptop'
p802
I106
sS'sleepy'
p803
I108
sS'...this'
p804
I108
sS'crew'
p805
I108
sS'disguise'
p806
I107
sS'financially'
p807
I106
sS'psych'
p808
I108
sS'thanks'
p809
I101
sS'human'
p810
I104
sS'(broussard)\xe2\x80\x9d'
p811
I108
sS'yep'
p812
I108
sS'yes'
p813
I80
sS'october'
p814
I108
sS'yet'
p815
I94
sS'enlighten'
p816
I108
sS'burns'
p817
I108
sS'balances'
p818
I108
sS'had'
p819
I77
sS'munchkins'
p820
I108
sS'hag'
p821
I108
sS'(los'
p822
I108
sS'shout'
p823
I107
sS'belongs'
p824
I106
sS'teenager'
p825
I108
sS'easy'
p826
I99
sS'save'
p827
I105
sS'hat'
p828
I108
sS'hav'
p829
I108
sS'gave'
p830
I105
sS'bootyfull'
p831
I108
sS'casting'
p832
I106
sS'gifs'
p833
I108
sS'survival'
p834
I104
sS'possible'
p835
I107
sS'ago"'
p836
I108
sS'possibly'
p837
I107
sS'boxes'
p838
I108
sS'boxer'
p839
I108
sS'suffering'
p840
I108
sS'birth'
p841
I106
sS'destroy'
p842
I108
sS'judge'
p843
I105
sS'dreamt'
p844
I108
sS'roach'
p845
I108
sS'highly'
p846
I107
sS'dreams'
p847
I105
sS'apart'
p848
I107
sS'shoulder'
p849
I108
sS'brought'
p850
I107
sS'laaave'
p851
I108
sS'gift'
p852
I107
sS'texts'
p853
I107
sS'cooler'
p854
I108
sS'54'
p855
I108
sS'manual'
p856
I108
sS'50'
p857
I106
sS'darn'
p858
I108
sS'regiment'
p859
I108
sS'night'
p860
I95
sS'hung'
p861
I108
sS'bobba'
p862
I108
sS'bitching'
p863
I107
sS'right'
p864
I70
sS'old'
p865
I97
sS'deal'
p866
I100
sS'people'
p867
I38
sS'understand'
p868
I104
sS'crown'
p869
I107
sS'dead'
p870
I97
sS"el'"
p871
I108
sS'wwe'
p872
I108
sS'born'
p873
I107
sS'intern'
p874
I108
sS'escape'
p875
I105
sS'dear'
p876
I105
sS'hemsworth'
p877
I108
sS'guess'
p878
I95
sS'finna'
p879
I107
sS'doorstep'
p880
I108
sS'enemies'
p881
I108
sS'ick'
p882
I108
sS'toxic'
p883
I108
sS'humor'
p884
I107
sS'for'
p885
I15
sS'bottom'
p886
I105
sS'purple'
p887
I108
sS'ice'
p888
I106
sS'polluted'
p889
I108
sS'everything'
p890
I64
sS'icy'
p891
I108
sS'4/20'
p892
I108
sS'syphilis'
p893
I108
sS'beating'
p894
I107
sS'foh'
p895
I106
sS'christmas'
p896
I107
sS'core'
p897
I108
sS'deleted'
p898
I108
sS'burn'
p899
I104
sS'buenaventura'
p900
I108
sS'cockblocking'
p901
I103
sS'fullest'
p902
I108
sS'buffet'
p903
I107
sS'losing'
p904
I105
sS'post'
p905
I108
sS'insanity'
p906
I108
sS'super'
p907
I107
sS'cory'
p908
I108
sS'fierce'
p909
I108
sS'chafe'
p910
I108
sS'foolish'
p911
I108
sS'slugs.\xe2\x80\x9d'
p912
I108
sS"me...i'm"
p913
I108
sS'meow'
p914
I104
sS'dollars'
p915
I108
sS'months'
p916
I101
sS'choke'
p917
I108
sS'o'
p918
I105
sS'dinner'
p919
I105
sS'despair'
p920
I108
sS'plus'
p921
I107
sS'stoked'
p922
I108
sS'steadily'
p923
I108
sS'commit'
p924
I108
sS'efforts'
p925
I105
sS'slightly'
p926
I108
sS'automatically'
p927
I108
sS'bath'
p928
I108
sS'duke'
p929
I108
sS'raised'
p930
I108
sS'aha'
p931
I107
sS'soe'
p932
I108
sS'lied'
p933
I108
sS'presence'
p934
I108
sS'wasting'
p935
I102
sS'pays'
p936
I106
sS'ahh'
p937
I108
sS'bound'
p938
I107
sS'soo'
p939
I108
sS'negative'
p940
I106
sS'down'
p941
I87
sS'lies'
p942
I104
sS'beings'
p943
I108
sS'bats'
p944
I108
sS"society's"
p945
I107
sS'*waits'
p946
I108
sS'rounds'
p947
I108
sS'crypto'
p948
I108
sS'east'
p949
I108
sS'tafts'
p950
I108
sS'wah'
p951
I108
sS'tennis'
p952
I108
sS'knowing'
p953
I108
sS'defied'
p954
I108
sS'fight'
p955
I99
sS'stuck'
p956
I106
sS'way'
p957
I60
sS'greatness'
p958
I107
sS'jane'
p959
I108
sS'music'
p960
I105
sS'icon'
p961
I107
sS'was'
p962
I49
sS'war'
p963
I106
sS'if\xe2\x80\xa6'
p964
I108
sS'happy'
p965
I90
sS'meto'
p966
I108
sS'starve'
p967
I107
sS'head'
p968
I105
sS'perfumes'
p969
I108
sS'northridge'
p970
I108
sS'form'
p971
I105
sS'magnificent'
p972
I108
sS'becoming'
p973
I108
sS'paypal'
p974
I108
sS'habanero'
p975
I108
sS'sickest'
p976
I108
sS'undress'
p977
I108
sS'feminine'
p978
I108
sS'heat'
p979
I98
sS'hear'
p980
I104
sS'elderly'
p981
I108
sS'indiana'
p982
I108
sS'blindness'
p983
I108
sS'surrender'
p984
I108
sS'true'
p985
I102
sS'humiliate'
p986
I108
sS'coconspirators'
p987
I108
sS'humbled'
p988
I108
sS"else's"
p989
I107
sS'bobcats'
p990
I108
sS'inside'
p991
I105
sS'scam'
p992
I108
sS'attached'
p993
I108
sS'helicopter'
p994
I108
sS'porky'
p995
I108
sS'tell'
p996
I88
sS'retire'
p997
I108
sS'considered'
p998
I108
sS'centipede'
p999
I107
sS'nicest'
p1000
I108
sS'(cont)'
p1001
I106
sS'emotional'
p1002
I108
sS'mom...i'
p1003
I108
sS'daddy'
p1004
I105
sS'dues'
p1005
I107
sS'delete'
p1006
I107
sS"appearance's"
p1007
I108
sS'nyquil'
p1008
I107
sS'promises'
p1009
I108
sS'later'
p1010
I102
sS'hotter'
p1011
I107
sS'sticks'
p1012
I107
sS'flat'
p1013
I108
sS'tesla'
p1014
I107
sS'nudity'
p1015
I108
sS'statistic'
p1016
I108
sS'drive'
p1017
I105
sS'sometime'
p1018
I107
sS'exist'
p1019
I106
sS'promised'
p1020
I108
sS'females'
p1021
I108
sS'mediocre'
p1022
I107
sS'annoying'
p1023
I102
sS'mold'
p1024
I108
sS'check'
p1025
I106
sS'shit'
p1026
I71
sS'coffins'
p1027
I108
sS'bed"'
p1028
I108
sS'vista'
p1029
I107
sS'fuuuuck'
p1030
I108
sS'no'
p1031
I34
sS'offputting'
p1032
I108
sS'when'
p1033
I37
sS'vanishes'
p1034
I108
sS'actor'
p1035
I107
sS'reality'
p1036
I107
sS'til'
p1037
I108
sS'falsely'
p1038
I108
sS'role'
p1039
I108
sS'holding'
p1040
I106
sS'lawdknowsidmurkoneofdeezniggas'
p1041
I108
sS'smell'
p1042
I108
sS'tia'
p1043
I108
sS'picture'
p1044
I107
sS'brothers'
p1045
I107
sS'hurricane'
p1046
I108
sS'meghan'
p1047
I108
sS'21:59:05.0,34.1746795,-118.5378241,1393.02,its'
p1048
I108
sS'felt'
p1049
I107
sS'diet'
p1050
I106
sS'trailers'
p1051
I107
sS'blokes'
p1052
I108
sS'journey'
p1053
I106
sS'rolling'
p1054
I105
sS'cleaver'
p1055
I107
sS'aware'
p1056
I108
sS'weekend'
p1057
I103
sS'jiggle'
p1058
I108
sS'puss'
p1059
I108
sS'longer'
p1060
I104
sS'glass'
p1061
I108
sS'assume'
p1062
I108
sS'together'
p1063
I106
sS'withhold'
p1064
I108
sS'topanga'
p1065
I108
sS'time'
p1066
I32
sS'push'
p1067
I107
sS'serious'
p1068
I107
sS'have.security.girl'
p1069
I108
sS':))'
p1070
I108
sS'neighbors'
p1071
I108
sS':/'
p1072
I108
sS':('
p1073
I104
sS':)'
p1074
I92
sS'disassociate'
p1075
I108
sS'whoever'
p1076
I107
sS'dance'
p1077
I108
sS'hurl'
p1078
I108
sS'activated'
p1079
I108
sS'souls'
p1080
I108
sS'blas\xc3\xa9'
p1081
I108
sS'nitpicking'
p1082
I108
sS'supplement'
p1083
I108
sS'nephew'
p1084
I107
sS'comments'
p1085
I106
sS'skin'
p1086
I108
sS'battle'
p1087
I108
sS'playoffs'
p1088
I106
sS'mill'
p1089
I107
sS'milk'
p1090
I107
sS'row'
p1091
I107
sS'supposedly'
p1092
I108
sS'doom'
p1093
I107
sS'yummy'
p1094
I105
sS'zone'
p1095
I108
sS'filming'
p1096
I108
sS'mewhere'
p1097
I108
sS'hump'
p1098
I107
sS'flash'
p1099
I108
sS'disgusting'
p1100
I108
sS'busboy'
p1101
I108
sS'blocking'
p1102
I108
sS'stylist'
p1103
I108
sS'finally'
p1104
I104
sS'snorlax'
p1105
I108
sS'lmaoo'
p1106
I108
sS'circumstances'
p1107
I108
sS'birthdayy'
p1108
I108
sS'eliminate'
p1109
I108
sS'peymon'
p1110
I108
sS'3am'
p1111
I108
sS'tubby'
p1112
I105
sS':d'
p1113
I105
sS'billionaire'
p1114
I108
sS'denied'
p1115
I108
sS'yahhhh'
p1116
I108
sS'none'
p1117
I107
sS'seemingly'
p1118
I108
sS'choice'
p1119
I104
sS'\'11"'
p1120
I108
sS'vegas'
p1121
I105
sS'hacha'
p1122
I108
sS'stays'
p1123
I108
sS'"hard'
p1124
I107
sS'ma'
p1125
I107
sS'trouble'
p1126
I106
sS'blast'
p1127
I108
sS'minute'
p1128
I106
sS'cool'
p1129
I99
sS'drag'
p1130
I108
sS"*shouldn't"
p1131
I108
sS'cooks'
p1132
I108
sS"clare's"
p1133
I108
sS'nunya'
p1134
I108
sS'impressive'
p1135
I108
sS'banished'
p1136
I108
sS'level'
p1137
I108
sS'did'
p1138
I95
sS'die'
p1139
I95
sS'dig'
p1140
I107
sS'posts'
p1141
I107
sS'brother'
p1142
I105
sS'geeze'
p1143
I105
sS'leave'
p1144
I81
sS'p'
p1145
I108
sS'soooo'
p1146
I108
sS'coincidences'
p1147
I108
sS'anna'
p1148
I108
sS'gut'
p1149
I107
sS'quick'
p1150
I106
sS'guy'
p1151
I104
sS'round'
p1152
I106
sS'yall'
p1153
I107
sS'dis'
p1154
I108
sS'shave'
p1155
I108
sS'wannabes'
p1156
I108
sS'talked'
p1157
I107
sS'says'
p1158
I104
sS'regret'
p1159
I108
sS'porn'
p1160
I107
sS'sigh'
p1161
I108
sS'normal,91356\n493878335001202688,_dopet,2014-07-28'
p1162
I108
sS'sign'
p1163
I108
sS'____'
p1164
I108
sS'cost'
p1165
I106
sS'shirts'
p1166
I107
sS'upped'
p1167
I108
sS'eating'
p1168
I105
sS'toughen'
p1169
I107
sS'fear'
p1170
I103
sS'curse'
p1171
I107
sS'takin'
p1172
I108
sS'$$$$$$$'
p1173
I108
sS'take.her'
p1174
I108
sS'wolfe'
p1175
I108
sS'suspect'
p1176
I108
sS'melo'
p1177
I106
sS'goes'
p1178
I103
sS'view'
p1179
I108
sS'reply'
p1180
I108
sS'falling'
p1181
I108
sS'appeal'
p1182
I106
sS'satisfy'
p1183
I108
sS'dictates'
p1184
I108
sS'dwarf'
p1185
I108
sS'ceko'
p1186
I108
sS'fend'
p1187
I108
sS'grandparents'
p1188
I108
sS'slaying'
p1189
I108
sS'tykes'
p1190
I108
sS'french'
p1191
I108
sS'elbow'
p1192
I108
sS'upgrade'
p1193
I108
sS'bumblefuck'
p1194
I108
sS'address'
p1195
I108
sS'alone'
p1196
I102
sS'suckers'
p1197
I108
sS'along'
p1198
I108
sS'refused'
p1199
I108
sS'hoops'
p1200
I107
sS'change'
p1201
I88
sS'wait'
p1202
I59
sS'box'
p1203
I106
sS'boy'
p1204
I103
sS'flames'
p1205
I107
sS'title'
p1206
I107
sS'guilty'
p1207
I108
sS'united'
p1208
I108
sS'lakers'
p1209
I103
sS'bow'
p1210
I108
sS'boo'
p1211
I107
sS'raccoon'
p1212
I107
sS'phew'
p1213
I108
sS'weird'
p1214
I101
sS'me/us'
p1215
I108
sS'massage'
p1216
I107
sS'shootings'
p1217
I108
sS'love'
p1218
I70
sS'hiking'
p1219
I108
sS'extra'
p1220
I108
sS'myself"'
p1221
I108
sS'prefer'
p1222
I108
sS'logical'
p1223
I108
sS'weaniee'
p1224
I108
sS'graduated'
p1225
I108
sS'instaa'
p1226
I108
sS'paralyzed'
p1227
I108
sS'fake'
p1228
I107
sS'atrocious'
p1229
I108
sS'rarely'
p1230
I108
sS'parking'
p1231
I108
sS'market'
p1232
I107
sS'transplant'
p1233
I108
sS'everybody'
p1234
I105
sS'buttons'
p1235
I108
sS'ayo'
p1236
I108
sS'andi'
p1237
I108
sS'working'
p1238
I97
sS'prove'
p1239
I102
sS'positive'
p1240
I103
sS'sends'
p1241
I108
sS'dude'
p1242
I106
sS'predictions'
p1243
I108
sS'anorexia"'
p1244
I108
sS'intense'
p1245
I108
sS'live'
p1246
I84
sS'wood'
p1247
I108
sS'wondering'
p1248
I108
sS'ahhh'
p1249
I108
sS'black'
p1250
I103
sS'jhene'
p1251
I108
sS'prep'
p1252
I108
sS'today'
p1253
I71
sS'loving'
p1254
I105
sS'chapter'
p1255
I108
sS'situps'
p1256
I108
sS'clicking'
p1257
I107
sS'could\xe2\x80\xa6'
p1258
I108
sS'acceptable'
p1259
I107
sS'values.\xe2\x80\x9d'
p1260
I108
sS'oregon'
p1261
I108
sS'chocolate'
p1262
I107
sS'ballet'
p1263
I108
sS'drown'
p1264
I108
sS'everywhere'
p1265
I108
sS'\xe2\x9d\xa4\xef\xb8\x8f\xe2\x9d\xa4\xef\xb8\x8f'
p1266
I108
sS'prophecy'
p1267
I108
sS'given'
p1268
I108
sS'effort'
p1269
I107
sS'behalf'
p1270
I108
sS"'clothes'"
p1271
I108
sS'fly'
p1272
I106
sS'douche'
p1273
I107
sS'niggas'
p1274
I98
sS'car'
p1275
I104
sS'pretend'
p1276
I108
sS'flu'
p1277
I108
sS'soul'
p1278
I106
sS'cat'
p1279
I107
sS'purge'
p1280
I107
sS'\xe2\x98\x95\xef\xb8\x8f'
p1281
I108
sS'bake'
p1282
I108
sS'can'
p1283
I44
sS'9th'
p1284
I108
sS'cal'
p1285
I108
sS'growing'
p1286
I108
sS'making'
p1287
I93
sS'ribs'
p1288
I108
sS'unconditional'
p1289
I108
sS'bron'
p1290
I108
sS'heart'
p1291
I101
sS'crazy'
p1292
I86
sS'summerslam'
p1293
I108
sS'figure'
p1294
I107
sS'awesome'
p1295
I103
sS"didn't"
p1296
I92
sS'fuck'
p1297
I68
sS'heard'
p1298
I105
sS'hides'
p1299
I108
sS'allowed'
p1300
I105
sS'500000'
p1301
I108
sS'counting'
p1302
I107
sS'cardio'
p1303
I108
sS'occur'
p1304
I107
sS'sweetie'
p1305
I108
sS'pink'
p1306
I107
sS'productive'
p1307
I107
sS'normies'
p1308
I107
sS'deserves'
p1309
I108
sS'afterlife'
p1310
I108
sS'watching'
p1311
I99
sS'magazine'
p1312
I108
sS'trophies'
p1313
I108
sS'gasol'
p1314
I108
sS'1'
p1315
I90
sS'till'
p1316
I105
sS'sunday'
p1317
I108
sS'emotionless'
p1318
I108
sS'pure'
p1319
I107
sS'$300'
p1320
I108
sS't-shirts'
p1321
I108
sS'flavored'
p1322
I108
sS'staying'
p1323
I108
sS'laundry'
p1324
I108
sS'huge'
p1325
I108
sS'may'
p1326
I101
sS'spot'
p1327
I107
sS'birthday'
p1328
I101
sS'mad'
p1329
I104
sS'date'
p1330
I108
sS'such'
p1331
I105
sS'suck'
p1332
I101
sS'guys'
p1333
I100
sS'grow'
p1334
I105
sS'man'
p1335
I89
sS'stress'
p1336
I108
sS'haters=ignoramuses'
p1337
I108
sS'natural'
p1338
I108
sS'remember'
p1339
I103
sS'commodity'
p1340
I108
sS'conscious'
p1341
I108
sS'maybe'
p1342
I85
sS'bean'
p1343
I108
sS'dwight'
p1344
I107
sS'q'
p1345
I108
sS'complaining'
p1346
I108
sS'si'
p1347
I107
sS'so'
p1348
I25
sS'april'
p1349
I108
sS'basket'
p1350
I108
sS'wolves'
p1351
I108
sS'diggggg'
p1352
I108
sS'pulled'
p1353
I108
sS'talk'
p1354
I98
sS'cute'
p1355
I104
sS'breaking'
p1356
I108
sS'barnyard'
p1357
I108
sS'midnight'
p1358
I106
sS'unacceptable'
p1359
I107
sS'years'
p1360
I90
sS'stability'
p1361
I108
sS'ended'
p1362
I105
sS'episodes'
p1363
I108
sS'shake'
p1364
I108
sS'cold'
p1365
I103
sS'still'
p1366
I74
sS'birds'
p1367
I108
sS'booksmart'
p1368
I108
sS'tore'
p1369
I108
sS'needa'
p1370
I108
sS'accepted'
p1371
I108
sS'group'
p1372
I107
sS'thank'
p1373
I100
sS"he's"
p1374
I106
sS'snimali'
p1375
I108
sS'interesting'
p1376
I107
sS'inferior'
p1377
I108
sS'sexiest'
p1378
I107
sS'hot'
p1379
I85
sS'tweets'
p1380
I106
sS'mail'
p1381
I108
sS'decades'
p1382
I106
sS'into'
p1383
I92
sS'happened'
p1384
I105
sS'non'
p1385
I107
sS'buenos'
p1386
I108
sS'rattled'
p1387
I108
sS'killer'
p1388
I108
sS'shatter'
p1389
I107
sS'sooner'
p1390
I105
sS'fr'
p1391
I108
sS'lunch'
p1392
I105
sS'conquer'
p1393
I108
sS'damnnnn'
p1394
I108
sS'sati'
p1395
I108
sS'not'
p1396
I31
sS'grows'
p1397
I108
sS'now'
p1398
I45
sS'tomfoolery'
p1399
I106
sS'bullshit'
p1400
I85
sS'rattles'
p1401
I108
sS'argentina'
p1402
I108
sS'name'
p1403
I103
sS'fumes'
p1404
I108
sS'james'
p1405
I107
sS'tabata'
p1406
I108
sS'backsplash'
p1407
I108
sS'calabasas'
p1408
I108
sS'veins'
p1409
I108
sS'(metaphorically'
p1410
I108
sS'quarter'
p1411
I107
sS'trouble"'
p1412
I108
sS'em'
p1413
I106
sS'el'
p1414
I106
sS'square'
p1415
I108
sS'eh'
p1416
I97
sS'directing'
p1417
I108
sS'yeah'
p1418
I95
sS'goose'
p1419
I108
sS'catching'
p1420
I107
sS'ex'
p1421
I106
sS'entering'
p1422
I107
sS'year'
p1423
I95
sS'girl'
p1424
I93
sS'calling'
p1425
I108
sS'pills'
p1426
I107
sS'tried'
p1427
I105
sS'album'
p1428
I107
sS'living'
p1429
I97
sS"america's"
p1430
I108
sS'100k'
p1431
I105
sS'3rd'
p1432
I108
sS'yes('
p1433
I108
sS'thirst'
p1434
I107
sS'looking'
p1435
I103
sS'attracted'
p1436
I106
sS'seriously'
p1437
I102
sS'miles'
p1438
I108
sS"shouldn't"
p1439
I98
sS'ah'
p1440
I108
sS'internet'
p1441
I107
sS'dominate'
p1442
I107
sS'nudes'
p1443
I108
sS'correct'
p1444
I108
sS'waheezy'
p1445
I108
sS'shows'
p1446
I107
sS'eagle'
p1447
I108
sS'mims'
p1448
I108
sS'earlier'
p1449
I107
sS'monster'
p1450
I107
sS'impressed'
p1451
I108
sS'buzz'
p1452
I108
sS'million'
p1453
I105
sS'possibility'
p1454
I108
sS'vicious'
p1455
I108
sS'oasis'
p1456
I108
sS'california'
p1457
I106
sS'"making'
p1458
I108
sS'besides'
p1459
I108
sS'grandma'
p1460
I108
sS'muahahahahaha'
p1461
I102
sS'slumlords'
p1462
I106
sS'inevitable'
p1463
I102
sS'care'
p1464
I91
sS'training'
p1465
I107
sS'dinosaurs'
p1466
I108
sS'yup'
p1467
I107
sS'deprivation'
p1468
I107
sS'calories'
p1469
I106
sS'modest'
p1470
I107
sS'show"'
p1471
I108
sS'honest'
p1472
I107
sS'turn'
p1473
I97
sS'mesh'
p1474
I108
sS'yum'
p1475
I97
sS"dyke's"
p1476
I108
sS'deceived'
p1477
I108
sS'think'
p1478
I60
sS'first'
p1479
I84
sS'blind'
p1480
I108
sS'cheese'
p1481
I107
sS'flying'
p1482
I108
sS'playboyyyy'
p1483
I108
sS'spoken'
p1484
I108
sS'pillsbury'
p1485
I108
sS'yourself'
p1486
I101
sS'georgi'
p1487
I108
sS'"my'
p1488
I108
sS'fast'
p1489
I108
sS'wither'
p1490
I108
sS'carry'
p1491
I108
sS'chubby'
p1492
I108
sS'ring'
p1493
I105
sS'marklarii'
p1494
I108
sS'open'
p1495
I101
sS'tomorrow'
p1496
I84
sS'ripping'
p1497
I108
sS'size'
p1498
I107
sS'iam'
p1499
I108
sS'city'
p1500
I107
sS'little'
p1501
I85
sS'ian'
p1502
I107
sS'silent'
p1503
I108
sS'quality'
p1504
I108
sS'freeballing'
p1505
I108
sS'caught'
p1506
I104
sS'slept'
p1507
I107
sS'fruit('
p1508
I108
sS'weak.\xe2\x80\xa6'
p1509
I108
sS'anyone'
p1510
I94
sS'"hero"'
p1511
I108
sS'2'
p1512
I78
sS'draft'
p1513
I107
sS'realization'
p1514
I108
sS'white'
p1515
I105
sS'friend'
p1516
I104
sS'gives'
p1517
I107
sS'nutrition'
p1518
I108
sS'eyes'
p1519
I100
sS'mostly'
p1520
I108
sS'that'
p1521
I23
sS'shawn'
p1522
I108
sS'season'
p1523
I106
sS'hottttiiiieee'
p1524
I108
sS'huh'
p1525
I104
sS'released'
p1526
I108
sS'dudes'
p1527
I108
sS'ridiculous'
p1528
I108
sS'eliminated'
p1529
I107
sS'holder'
p1530
I108
sS'than'
p1531
I53
sS'boyfriend'
p1532
I107
sS'11'
p1533
I106
sS'10'
p1534
I102
sS'ratchets'
p1535
I108
sS'12'
p1536
I106
sS'impractical'
p1537
I108
sS'lmao'
p1538
I86
sS'$12'
p1539
I108
sS'18'
p1540
I108
sS'gotta'
p1541
I99
sS'scandless'
p1542
I108
sS'ventura'
p1543
I103
sS'future'
p1544
I94
sS'venture'
p1545
I108
sS'were'
p1546
I101
sS'cards'
p1547
I108
sS'poisoning'
p1548
I108
sS'janitor'
p1549
I108
sS'annie.10:14'
p1550
I108
sS'and'
p1551
I8
sS'coconut'
p1552
I108
sS'10-11'
p1553
I108
sS'san'
p1554
I103
sS'sam'
p1555
I107
sS'pro'
p1556
I108
sS'premier'
p1557
I108
sS'turned'
p1558
I106
sS'marijuana'
p1559
I108
sS'slap'
p1560
I108
sS'sad'
p1561
I103
sS'13th'
p1562
I108
sS'woah'
p1563
I108
sS'say'
p1564
I77
sS'loki'
p1565
I108
sS'rent'
p1566
I108
sS'breakfast'
p1567
I103
sS"where've"
p1568
I108
sS'saw'
p1569
I101
sS'any'
p1570
I99
sS'superman'
p1571
I108
sS'prosperity'
p1572
I108
sS'confirmation'
p1573
I108
sS'squat'
p1574
I107
sS'babysit'
p1575
I108
sS'warriors'
p1576
I108
sS'ideas'
p1577
I108
sS'shocked'
p1578
I108
sS'note'
p1579
I106
sS'take'
p1580
I78
sS'"yeah'
p1581
I107
sS'online'
p1582
I108
sS'wanting'
p1583
I108
sS'concern'
p1584
I108
sS'blunt'
p1585
I107
sS'channel'
p1586
I107
sS'butterfly'
p1587
I107
sS'urge'
p1588
I108
sS'begin'
p1589
I106
sS'sure'
p1590
I105
sS'pain'
p1591
I106
sS'carpenteria'
p1592
I108
sS'206'
p1593
I108
sS'price'
p1594
I106
sS'betrayal'
p1595
I107
sS'1rm'
p1596
I108
sS'paid'
p1597
I100
sS'falls'
p1598
I106
sS'boiling'
p1599
I108
sS'nolan'
p1600
I108
sS'pleasure'
p1601
I108
sS'america'
p1602
I107
sS'aawww'
p1603
I108
sS'jugsy'
p1604
I107
sS'forever'
p1605
I99
sS'tehee'
p1606
I108
sS'especially'
p1607
I101
sS'lawd'
p1608
I108
sS'others.lol'
p1609
I108
sS'plan"'
p1610
I108
sS'proud'
p1611
I107
sS'sisters'
p1612
I108
sS'sale'
p1613
I105
sS'"wrong"'
p1614
I108
sS'wing'
p1615
I108
sS'crooked'
p1616
I106
sS'\xe2\xac\x85\xe2\x9e\xa1'
p1617
I108
sS'sunset'
p1618
I108
sS'family=drama'
p1619
I108
sS'voodoo'
p1620
I108
sS'professional'
p1621
I108
sS'senior'
p1622
I108
sS'walking'
p1623
I105
sS'shot'
p1624
I106
sS'show'
p1625
I103
sS'curler'
p1626
I108
sS'cheap'
p1627
I108
sS'friction'
p1628
I108
sS'troy'
p1629
I108
sS'therapist'
p1630
I108
sS'corner'
p1631
I107
sS'imagined'
p1632
I108
sS'video.hoe'
p1633
I108
sS'hustler'
p1634
I108
sS'crashing'
p1635
I108
sS'aint'
p1636
I107
sS'\xe2\x9c\x8c'
p1637
I106
sS'slow'
p1638
I108
sS'\xe2\x9c\x8b'
p1639
I106
sS'knicks'
p1640
I106
sS'nodded'
p1641
I108
sS'dick'
p1642
I105
sS'saints'
p1643
I107
sS'enough'
p1644
I88
sS'crime'
p1645
I107
sS'only'
p1646
I68
sS'going'
p1647
I33
sS'believing'
p1648
I106
sS'hollywood)'
p1649
I108
sS'travesty'
p1650
I108
sS'hinge"'
p1651
I108
sS'get'
p1652
I30
sS'hostage'
p1653
I106
sS'muddafuckin'
p1654
I108
sS'mormon'
p1655
I108
sS'mission'
p1656
I108
sS'unimportant'
p1657
I108
sS'installed'
p1658
I108
sS'pond'
p1659
I108
sS'celebrate'
p1660
I108
sS'freaking'
p1661
I106
sS'pimp'
p1662
I108
sS'artist'
p1663
I108
sS'gumpsh'
p1664
I108
sS'morning'
p1665
I102
sS'overworked'
p1666
I108
sS'jokes'
p1667
I108
sS'stupid'
p1668
I87
sS'losers'
p1669
I105
sS'dough'
p1670
I108
sS'pants'
p1671
I106
sS'where'
p1672
I86
sS'worrying'
p1673
I108
sS'vision'
p1674
I108
sS'927'
p1675
I108
sS"y'all"
p1676
I106
sS'enthralled'
p1677
I108
sS'concert'
p1678
I108
sS'espn'
p1679
I108
sS'burst'
p1680
I108
sS'official"'
p1681
I108
sS'sentadita'
p1682
I108
sS'up'
p1683
I41
sS'famine'
p1684
I107
sS'lyfe'
p1685
I106
sS'college'
p1686
I90
sS'anyways'
p1687
I108
sS'existence'
p1688
I108
sS'ruined'
p1689
I108
sS'4.10.14'
p1690
I108
sS'mortgage'
p1691
I108
sS'ways'
p1692
I107
sS'amen'
p1693
I108
sS'azz'
p1694
I108
sS'"is'
p1695
I107
sS'glorious'
p1696
I108
sS'3'
p1697
I90
sS'estas'
p1698
I108
sS'between'
p1699
I107
sS'evidently'
p1700
I108
sS'reading'
p1701
I108
sS'across'
p1702
I108
sS'orchestrate'
p1703
I108
sS'scoring'
p1704
I108
sS'jobs'
p1705
I107
sS'august'
p1706
I104
sS'spring'
p1707
I108
sS'yumm'
p1708
I108
sS'screen'
p1709
I107
sS'jp'
p1710
I107
sS'style'
p1711
I108
sS'jr'
p1712
I108
sS'killing'
p1713
I107
sS'blame'
p1714
I107
sS'haaaaaaaaaaaaaaa'
p1715
I108
sS'awards'
p1716
I108
sS'jk'
p1717
I107
sS'coma'
p1718
I108
sS'comeback'
p1719
I107
sS'harshly'
p1720
I108
sS"while...i'm"
p1721
I108
sS'come'
p1722
I92
sS'tommorow('
p1723
I108
sS'dates'
p1724
I108
sS'saddlery)'
p1725
I108
sS'talented'
p1726
I108
sS'efficiency'
p1727
I108
sS'reddit'
p1728
I108
sS'many'
p1729
I96
sS'jokers'
p1730
I108
sS'according'
p1731
I105
sS'millionaire'
p1732
I106
sS'personal'
p1733
I108
sS'tour'
p1734
I108
sS'aura'
p1735
I107
sS'dwellers'
p1736
I108
sS'improv'
p1737
I108
sS'groundhog'
p1738
I106
sS"can't"
p1739
I42
sS'riddle'
p1740
I108
sS'whack'
p1741
I108
sS'madness'
p1742
I107
sS'merry'
p1743
I108
sS'cancer'
p1744
I108
sS'150'
p1745
I108
sS'hurts'
p1746
I107
sS'period'
p1747
I108
sS'pop'
p1748
I104
sS'100k/hour'
p1749
I108
sS'60'
p1750
I108
sS'pom'
p1751
I108
sS'stretched'
p1752
I108
sS"couldn't"
p1753
I104
sS'je'
p1754
I108
sS'69'
p1755
I107
sS'bizarre'
p1756
I108
sS'tinkle'
p1757
I107
sS'publisist'
p1758
I108
sS'charismatic'
p1759
I108
sS'caring'
p1760
I107
sS'destroyed'
p1761
I108
sS'pounds\xe2\x80\xa2'
p1762
I108
sS'trolling'
p1763
I108
sS'cares'
p1764
I108
sS"(lebron's"
p1765
I108
sS'informed'
p1766
I107
sS'jon'
p1767
I108
sS'judging'
p1768
I107
sS'hollywood\xe2\x80\xa6'
p1769
I108
sS'wants'
p1770
I102
sS'colors'
p1771
I108
sS'shopping'
p1772
I107
sS'straying'
p1773
I108
sS'reaction'
p1774
I108
sS'blessing'
p1775
I107
sS'wake'
p1776
I97
sS'ooh'
p1777
I108
sS'standup'
p1778
I108
sS'andrea'
p1779
I108
sS'irrelevant'
p1780
I107
sS'3000+'
p1781
I108
sS'those'
p1782
I105
sS'sound'
p1783
I105
sS'myself'
p1784
I88
sS'cutie'
p1785
I108
sS'50k'
p1786
I108
sS'these'
p1787
I89
sS'sauce'
p1788
I107
sS'cash'
p1789
I104
sS'trick'
p1790
I107
sS'slippery'
p1791
I108
sS'goodmorning'
p1792
I108
sS'scum'
p1793
I107
sS'hmmmm'
p1794
I106
sS'spotlight'
p1795
I108
sS'rings'
p1796
I108
sS'ive'
p1797
I108
sS'canoe'
p1798
I108
sS'determination'
p1799
I108
sS'sincere'
p1800
I108
sS'j'
p1801
I108
sS'coffee'
p1802
I108
sS'sleeping'
p1803
I107
sS'blah'
p1804
I106
sS'someone'
p1805
I79
sS'sahara'
p1806
I107
sS'galore'
p1807
I107
sS'dangerously'
p1808
I108
sS'beaver'
p1809
I107
sS'obnoxious'
p1810
I108
sS'everyday'
p1811
I104
sS'worry'
p1812
I107
sS'different'
p1813
I106
sS'pat'
p1814
I108
sS'pau'
p1815
I108
sS'rooting'
p1816
I107
sS'pay'
p1817
I86
sS'granted'
p1818
I106
sS'reminded'
p1819
I108
sS'same'
p1820
I93
sS'disassociating'
p1821
I108
sS'food'
p1822
I99
sS'followers'
p1823
I108
sS'underestimate'
p1824
I107
sS'coworkers'
p1825
I108
sS'yessir'
p1826
I108
sS'"i'
p1827
I107
sS'stepped'
p1828
I108
sS'physical'
p1829
I108
sS'pal'
p1830
I108
sS'slate'
p1831
I108
sS'todos'
p1832
I107
sS'disappointment'
p1833
I108
sS'week'
p1834
I83
sS'fair-weather'
p1835
I108
sS'carefully"'
p1836
I108
sS'finish'
p1837
I108
sS'leavehate'
p1838
I108
sS'knowhow'
p1839
I108
sS'drives'
p1840
I107
sS'mutha'
p1841
I108
sS'weed'
p1842
I108
sS'cheers'
p1843
I108
sS'running'
p1844
I107
sS'uhh'
p1845
I108
sS'changing'
p1846
I106
sS'validate'
p1847
I108
sS'sad:('
p1848
I108
sS'totally'
p1849
I106
sS'weave'
p1850
I108
sS'\xe2\x9c\x8c\xef\xb8\x8f'
p1851
I108
sS'tracking'
p1852
I108
sS'burrito'
p1853
I108
sS'lovecheezits'
p1854
I108
sS'doves'
p1855
I108
sS'tylerstevens1'
p1856
I107
sS'ranch'
p1857
I108
sS'magical'
p1858
I107
sS'nothin'
p1859
I105
sS'breezy'
p1860
I108
sS'static/noise'
p1861
I108
sS'costs'
p1862
I107
sS'allow'
p1863
I108
sS'comes'
p1864
I100
sS'bottle'
p1865
I108
sS'200k'
p1866
I108
sS'model'
p1867
I107
sS'grounds'
p1868
I108
sS'bodies'
p1869
I108
sS'parody'
p1870
I107
sS'summer'
p1871
I99
sS'morons'
p1872
I107
sS'realest'
p1873
I108
sS'being'
p1874
I60
sS'money'
p1875
I76
sS'slime'
p1876
I108
sS'rest'
p1877
I105
sS'ne'
p1878
I108
sS'slimy'
p1879
I108
sS'pissing'
p1880
I108
sS'relevant'
p1881
I108
sS'kill'
p1882
I98
sS'wifey'
p1883
I108
sS'ounces'
p1884
I105
sS'touch'
p1885
I106
sS'guides'
p1886
I108
sS'cinnibon'
p1887
I108
sS'yaaas'
p1888
I108
sS'death'
p1889
I102
sS'winner'
p1890
I108
sS'nick'
p1891
I108
sS'thinking'
p1892
I102
sS'seems'
p1893
I108
sS'except'
p1894
I104
sS'ther'
p1895
I108
sS'pile'
p1896
I108
sS'4'
p1897
I96
sS'engulfed'
p1898
I108
sS'heavier'
p1899
I108
sS'disrupt'
p1900
I108
sS'ca'
p1901
I103
sS'momentum'
p1902
I107
sS'ross'
p1903
I108
sS'real'
p1904
I92
sS'bolted'
p1905
I108
sS'around'
p1906
I98
sS'kills'
p1907
I106
sS"grey's"
p1908
I108
sS'rules'
p1909
I106
sS'twitchy'
p1910
I108
sS'stung'
p1911
I108
sS'income'
p1912
I108
sS'gonna'
p1913
I91
sS'dark'
p1914
I106
sS'chokesondik'
p1915
I108
sS'traffic'
p1916
I108
sS'ants'
p1917
I108
sS'mom'
p1918
I103
sS'symbolism'
p1919
I106
sS'world'
p1920
I84
sS'execution'
p1921
I106
sS'disappointed'
p1922
I105
sS'dare'
p1923
I106
sS'meat'
p1924
I107
sS'fortune'
p1925
I104
sS'heightened'
p1926
I108
sS'stranger'
p1927
I107
sS'pounds'
p1928
I101
sS'buddies'
p1929
I108
sS'miracle'
p1930
I107
sS'oddly'
p1931
I108
sS'sanity'
p1932
I108
sS'rigmarole'
p1933
I108
sS'oblivion'
p1934
I108
sS'superiority'
p1935
I108
sS'either'
p1936
I99
sS'fully'
p1937
I107
sS'passionate'
p1938
I108
sS'attempting'
p1939
I108
sS'recognize'
p1940
I108
sS'burpees'
p1941
I108
sS'maximize'
p1942
I108
sS'apartments'
p1943
I106
sS'cynicism'
p1944
I108
sS'competition'
p1945
I105
sS'chuck'
p1946
I108
sS'shemp'
p1947
I108
sS'kings'
p1948
I107
sS'playin'
p1949
I108
sS'divine'
p1950
I107
sS'thinks'
p1951
I106
sS"grandfather's"
p1952
I108
sS'gross'
p1953
I108
sS'mood'
p1954
I105
sS"o'"
p1955
I108
sS'douchebag'
p1956
I108
sS'mook'
p1957
I108
sS'legal'
p1958
I107
sS'throat'
p1959
I108
sS'critical'
p1960
I108
sS'tainting'
p1961
I108
sS'terrifies'
p1962
I108
sS'turkey'
p1963
I108
sS'football'
p1964
I107
sS'transformers'
p1965
I108
sS'business'
p1966
I101
sS'asap'
p1967
I107
sS'lmfao'
p1968
I107
sS'nails'
p1969
I108
sS'fitness'
p1970
I104
sS'iconic'
p1971
I108
sS'done.crime'
p1972
I108
sS'broken'
p1973
I108
sS'know,91356\n493871062954680320,_dopet,2014-07-28'
p1974
I108
sS';)'
p1975
I106
sS'prepared'
p1976
I108
sS'postponed'
p1977
I108
sS'throw'
p1978
I108
sS'on'
p1979
I20
sS'stone'
p1980
I106
sS'ol'
p1981
I108
sS'ok'
p1982
I100
sS'crabtree'
p1983
I108
sS'oh'
p1984
I88
sS'of'
p1985
I12
sS'industry'
p1986
I108
sS'howard'
p1987
I108
sS'favorite'
p1988
I105
sS'bonding'
p1989
I108
sS'meal'
p1990
I107
sS'tumor'
p1991
I108
sS'fell'
p1992
I108
sS'stand'
p1993
I104
sS'oy'
p1994
I108
sS'act'
p1995
I101
sS'lasting'
p1996
I108
sS'or'
p1997
I37
sS'road'
p1998
I107
sS'wildin'
p1999
I108
sS'ladies'
p2000
I107
sS'route'
p2001
I108
sS'burning'
p2002
I108
sS'signing'
p2003
I108
sS'snapchat'
p2004
I108
sS'cursed'
p2005
I105
sS'widower'
p2006
I108
sS'lively'
p2007
I108
sS'determine'
p2008
I108
sS'dreaming'
p2009
I108
sS'annoys'
p2010
I107
sS'$80'
p2011
I108
sS'your'
p2012
I46
sS'technically'
p2013
I108
sS'stare'
p2014
I108
sS'neymar'
p2015
I108
sS'her'
p2016
I72
sS'area'
p2017
I108
sS'there'
p2018
I63
sS'trip"'
p2019
I108
sS'hey'
p2020
I106
sS'lol'
p2021
I54
sS'los'
p2022
I105
sS'drank'
p2023
I108
sS'mondays'
p2024
I106
sS'low'
p2025
I106
sS'lot'
p2026
I86
sS'swagonswagonswagonswag'
p2027
I108
sS'valley'
p2028
I103
sS'bubble'
p2029
I108
sS'ehk'
p2030
I108
sS'yah'
p2031
I108
sS'overpaid'
p2032
I108
sS'spicy'
p2033
I108
sS'purgatory'
p2034
I107
sS'complete'
p2035
I108
sS'school,91356\n498994319697526784,_dopet,2014-08-12'
p2036
I108
sS'you('
p2037
I108
sS'shabbat'
p2038
I108
sS'lmaooo'
p2039
I108
sS'amongst'
p2040
I108
sS'survived'
p2041
I107
sS'sesh'
p2042
I108
sS'elimination'
p2043
I106
sS'e'
p2044
I105
sS'trying'
p2045
I95
sS'with'
p2046
I26
sS'buying'
p2047
I108
sS'happening'
p2048
I101
sS'pull'
p2049
I106
sS'rush'
p2050
I107
sS'ufos'
p2051
I108
sS'romantic'
p2052
I108
sS'sleaze'
p2053
I108
sS'rage'
p2054
I107
sS"wasn't"
p2055
I103
sS'donuts'
p2056
I108
sS'\xe2\x98\x80\xe2\x98\x80\xe2\x98\x80'
p2057
I108
sS'sadness'
p2058
I108
sS'dirty'
p2059
I107
sS'dvd'
p2060
I108
sS'powerless'
p2061
I107
sS'swaggy'
p2062
I108
sS'gone'
p2063
I103
sS'ac'
p2064
I107
sS'taylor'
p2065
I108
sS'ohh'
p2066
I108
sS'ad'
p2067
I106
sS'videos'
p2068
I107
sS'ravers'
p2069
I108
sS'taste'
p2070
I107
sS'certain'
p2071
I107
sS'stealing'
p2072
I108
sS'am'
p2073
I17
sS'sales'
p2074
I107
sS'deep'
p2075
I105
sS'an'
p2076
I65
sS'cbs'
p2077
I108
sS'as'
p2078
I55
sS'intro'
p2079
I108
sS'tasty'
p2080
I108
sS'at'
p2081
I39
sS'walks'
p2082
I108
sS'lifetime'
p2083
I107
sS'tarzana'
p2084
I106
sS'moves'
p2085
I108
sS'blues'
p2086
I108
sS'film'
p2087
I107
sS'walley1017'
p2088
I108
sS'again'
p2089
I82
sS'yoga'
p2090
I108
sS'deserve'
p2091
I97
sS"widow's"
p2092
I108
sS'burden'
p2093
I108
sS'terraces)'
p2094
I108
sS'hella'
p2095
I108
sS'5'
p2096
I101
sS'lifestyle'
p2097
I108
sS'hmu'
p2098
I108
sS'milking'
p2099
I108
sS'fools'
p2100
I100
sS'forcing'
p2101
I107
sS'overtime'
p2102
I108
sS'roccstarr'
p2103
I108
sS'poor'
p2104
I107
sS'pounce'
p2105
I108
sS'poop'
p2106
I108
sS'championship'
p2107
I108
sS'traffic...great'
p2108
I108
sS'vocabulary'
p2109
I108
sS'a)'
p2110
I108
sS'boogie'
p2111
I108
sS'teeth'
p2112
I108
sS'subbing'
p2113
I108
sS'a1'
p2114
I108
sS'flower'
p2115
I108
sS'midget'
p2116
I108
sS'unattractive'
p2117
I104
sS'fresh'
p2118
I107
sS'yessirrr'
p2119
I108
sS'it,91356\n493932246407979009,_dopet,2014-07-29'
p2120
I108
sS'60k'
p2121
I108
sS'lipstick'
p2122
I108
sS'calls'
p2123
I108
sS'scenes'
p2124
I107
sS'invest'
p2125
I108
sS'odds'
p2126
I106
sS'curve'
p2127
I108
sS'websites'
p2128
I108
sS'saved'
p2129
I108
sS'u'
p2130
I80
sS'adam'
p2131
I108
sS'alright'
p2132
I106
sS'dvr'
p2133
I108
sS'starting'
p2134
I102
sS'original'
p2135
I108
sS'talentless'
p2136
I108
sS'all'
p2137
I36
sS'some\xe2\x80\xa6'
p2138
I108
sS'forget'
p2139
I108
sS'chinese'
p2140
I107
sS'messi'
p2141
I108
sS'diesel'
p2142
I108
sS'dollar'
p2143
I106
sS'month'
p2144
I87
sS'ceased'
p2145
I108
sS'concept'
p2146
I108
sS'deadline'
p2147
I108
sS'higher'
p2148
I108
sS'follow'
p2149
I107
sS'faster'
p2150
I108
sS'decisions'
p2151
I106
sS'children'
p2152
I107
sS'ampm)'
p2153
I108
sS'emily'
p2154
I108
sS'shattered'
p2155
I107
sS'apartment'
p2156
I107
sS'supplement..check'
p2157
I108
sS'tv'
p2158
I101
sS'digger'
p2159
I108
sS'trixie'
p2160
I108
sS'opportunities'
p2161
I108
sS'laughing'
p2162
I108
sS'bends'
p2163
I108
sS'to'
p2164
I3
sS'shredding'
p2165
I108
sS'tf'
p2166
I105
sS'smile'
p2167
I102
sS'case'
p2168
I101
sS'reggie'
p2169
I108
sS'mornin'
p2170
I107
sS"they'll"
p2171
I108
sS'sitting'
p2172
I106
sS'very'
p2173
I98
sS'alternatives'
p2174
I108
sS'horror'
p2175
I105
sS'carefree'
p2176
I108
sS'fat'
p2177
I95
sS'sasha'
p2178
I108
sS'plaid'
p2179
I108
sS'worst'
p2180
I101
sS'decide'
p2181
I107
sS'fall'
p2182
I105
sS'difference'
p2183
I102
sS'washer'
p2184
I108
sS'trippin'
p2185
I106
sS'01:43:43.0,34.1746795,-118.5378241,1393.02,the'
p2186
I108
sS'heaven'
p2187
I108
sS'17th'
p2188
I108
sS'cable'
p2189
I108
sS'gf'
p2190
I108
sS'pandoras'
p2191
I108
sS'melanie'
p2192
I108
sS'reminding'
p2193
I108
sS'vibes'
p2194
I108
sS'hechicera_'
p2195
I108
sS'-1'
p2196
I108
sS'lesbians'
p2197
I108
sS'small'
p2198
I105
sS'hawk'
p2199
I108
sS"st.patty's"
p2200
I108
sS"i'll"
p2201
I102
sS'population'
p2202
I108
sS'rats'
p2203
I108
sS'fence'
p2204
I108
sS'tea'
p2205
I101
sS'streets'
p2206
I107
sS'past'
p2207
I94
sS'tey'
p2208
I108
sS'rate'
p2209
I106
sS'perspective'
p2210
I108
sS'lawyer'
p2211
I108
sS'davidshier117'
p2212
I108
sS'500k'
p2213
I108
sS'nba'
p2214
I106
sS'chair'
p2215
I108
sS'what'
p2216
I31
sS'darkness'
p2217
I108
sS'clock'
p2218
I107
sS'deeply'
p2219
I108
sS'ticks'
p2220
I108
sS'caffeine'
p2221
I108
sS'emotions'
p2222
I105
sS'whaa'
p2223
I108
sS'learned'
p2224
I104
sS':3'
p2225
I108
sS'awk'
p2226
I108
sS'public'
p2227
I107
sS'handy'
p2228
I108
sS'fucka'
p2229
I108
sS'full'
p2230
I100
sS'escaping'
p2231
I108
sS"c'mon"
p2232
I108
sS'replaceable'
p2233
I108
sS'vet'
p2234
I108
sS'answers'
p2235
I106
sS'hours'
p2236
I102
sS'fucks'
p2237
I108
sS'tracks'
p2238
I108
sS'suicide'
p2239
I108
sS'situation'
p2240
I107
sS'alonim'
p2241
I108
sS'november'
p2242
I107
sS'strong'
p2243
I103
sS'table'
p2244
I108
sS'tragedy'
p2245
I108
sS'college\xe2\x80\xa6'
p2246
I107
sS'fatter'
p2247
I108
sS'pleasant'
p2248
I108
sS'ahead'
p2249
I106
sS"reality's"
p2250
I108
sS'jackie'
p2251
I106
sS'experience'
p2252
I107
sS'pics'
p2253
I106
sS'amount'
p2254
I107
sS'gear'
p2255
I108
sS'pick'
p2256
I103
sS'action'
p2257
I107
sS'sunburned'
p2258
I108
sS'options'
p2259
I108
sS'sticking'
p2260
I108
sS'goalies'
p2261
I108
sS'family'
p2262
I98
sS'vin'
p2263
I108
sS'condom'
p2264
I108
sS'put'
p2265
I94
sS'baitin'
p2266
I108
sS'know"'
p2267
I108
sS'emoji'
p2268
I107
sS'eye'
p2269
I102
sS'takes'
p2270
I107
sS'nothings'
p2271
I108
sS'revelation'
p2272
I107
sS'destination'
p2273
I107
sS'texting'
p2274
I106
sS'two'
p2275
I106
sS'm&ms'
p2276
I108
sS'splash'
p2277
I108
sS'pitching'
p2278
I108
sS'6'
p2279
I101
sS'taken'
p2280
I107
sS'unthinkable'
p2281
I108
sS'more'
p2282
I63
sS'teen'
p2283
I107
sS'tryna'
p2284
I107
sS'flaw'
p2285
I108
sS'diamond'
p2286
I108
sS'door'
p2287
I105
sS'knows'
p2288
I104
sS'dion'
p2289
I108
sS'admissions'
p2290
I102
sS'excuse'
p2291
I107
sS"ain't"
p2292
I87
sS'stick'
p2293
I103
sS'broke'
p2294
I105
sS'flab'
p2295
I108
sS'known'
p2296
I106
sS'youuuuu'
p2297
I108
sS'hurry'
p2298
I104
sS'glad'
p2299
I101
sS'town'
p2300
I107
sS'jim'
p2301
I108
sS'keeping'
p2302
I106
sS'hour'
p2303
I105
sS'middle'
p2304
I108
sS'damien'
p2305
I108
sS'equation'
p2306
I108
sS'sucks'
p2307
I104
sS'3-d'
p2308
I108
sS'mall'
p2309
I107
sS'sudden'
p2310
I108
sS'nine'
p2311
I108
sS'dem'
p2312
I108
sS'morgan'
p2313
I108
sS'learn'
p2314
I103
sS'embrace'
p2315
I108
sS'male'
p2316
I103
sS'dee'
p2317
I108
sS'history'
p2318
I105
sS'beautiful'
p2319
I101
sS'stubborn'
p2320
I108
sS'shark'
p2321
I108
sS'pony'
p2322
I108
sS'dafuq'
p2323
I108
sS'ridick'
p2324
I108
sS'share'
p2325
I108
sS'accept'
p2326
I102
sS'socal'
p2327
I108
sS'states'
p2328
I108
sS'pushed'
p2329
I108
sS'"real"'
p2330
I108
sS'minimum'
p2331
I106
sS'niagara'
p2332
I107
sS'numbers'
p2333
I108
sS'sense'
p2334
I104
sS'sharp'
p2335
I108
sS'dress'
p2336
I108
sS'/'
p2337
I108
sS'chores'
p2338
I108
sS'influenced'
p2339
I108
sS'needs'
p2340
I102
sS'gaffer'
p2341
I108
sS'impulse'
p2342
I108
sS'goal'
p2343
I101
sS'awkward'
p2344
I103
sS'rather'
p2345
I92
sS'imminent'
p2346
I107
sS'acts'
p2347
I106
sS'fruition'
p2348
I105
sS'fame'
p2349
I108
sS'unlucky'
p2350
I108
sS'deems'
p2351
I108
sS'earnings'
p2352
I108
sS'sacred'
p2353
I108
sS'plant'
p2354
I108
sS'okay'
p2355
I107
sS'plans'
p2356
I106
sS'rude'
p2357
I106
sS'hilarioussss'
p2358
I108
sS"park's"
p2359
I108
sS'25k'
p2360
I108
sS'questioning'
p2361
I108
sS'panoramic'
p2362
I108
sS'fb'
p2363
I108
sS'terrorist'
p2364
I108
sS'vegan'
p2365
I108
sS'numb'
p2366
I107
sS'coming'
p2367
I101
sS'malevolent'
p2368
I106
sS'a'
p2369
I7
sS'refuse'
p2370
I105
sS'short'
p2371
I101
sS'resemble'
p2372
I108
sS'tweeting'
p2373
I108
sS'shady'
p2374
I107
sS'anytime'
p2375
I108
sS'dragon'
p2376
I108
sS'grande'
p2377
I108
sS'media'
p2378
I107
sS'banks'
p2379
I108
sS'facebook'
p2380
I101
sS'dream'
p2381
I98
sS'playing'
p2382
I102
sS"that's"
p2383
I90
sS'carmelo'
p2384
I108
sS'chicks'
p2385
I107
sS'$2500'
p2386
I108
sS'help'
p2387
I103
sS"don't"
p2388
I21
sS'september'
p2389
I104
sS'sooo'
p2390
I108
sS'soon'
p2391
I92
sS'trade'
p2392
I108
sS'attitude'
p2393
I107
sS'paper'
p2394
I108
sS'through'
p2395
I86
sS'signs'
p2396
I107
sS'hell'
p2397
I101
sS'its'
p2398
I99
sS'24'
p2399
I108
sS'messed'
p2400
I108
sS'succumbs'
p2401
I108
sS'comedic'
p2402
I108
sS'20'
p2403
I104
sS'21'
p2404
I108
sS'22'
p2405
I106
sS'overhead'
p2406
I108
sS'actually'
p2407
I104
sS'late'
p2408
I102
sS'resort'
p2409
I108
sS'strange'
p2410
I108
sS'dolly'
p2411
I108
sS'bout'
p2412
I104
sS'soccer'
p2413
I107
sS'might'
p2414
I101
sS"haven't"
p2415
I101
sS'motherfuckin'
p2416
I108
sS'fool'
p2417
I107
sS'good'
p2418
I60
sS'somebody'
p2419
I107
sS'yo'
p2420
I106
sS'shutup'
p2421
I108
sS'ya'
p2422
I99
sS'libido'
p2423
I108
sS'bought'
p2424
I107
sS'clippers'
p2425
I105
sS'okc'
p2426
I108
sS'hahahahahaha'
p2427
I108
sS"you've"
p2428
I107
sS'texted'
p2429
I108
sS'foot'
p2430
I107
sS'reminder'
p2431
I108
sS'gold-digger'
p2432
I108
sS'130k'
p2433
I106
sS'easily'
p2434
I105
sS'sista'
p2435
I108
sS'everytime'
p2436
I108
sS'always'
p2437
I94
sS'cell'
p2438
I108
sS'drake'
p2439
I106
sS'bless'
p2440
I108
sS'tear'
p2441
I108
sS'stopped'
p2442
I108
sS'turns'
p2443
I102
sS'found'
p2444
I105
sS'repeating'
p2445
I108
sS"isn't"
p2446
I92
sS'status'
p2447
I108
sS'everyone'
p2448
I86
sS'mental'
p2449
I107
sS'weight'
p2450
I107
sS'exhaust'
p2451
I108
sS'generation'
p2452
I108
sS'house'
p2453
I100
sS'energy'
p2454
I95
sS'hard'
p2455
I84
sS'idea'
p2456
I106
sS'accidentally'
p2457
I108
sS'oil'
p2458
I108
sS'expect'
p2459
I107
sS'fine..kako'
p2460
I108
sS'slave'
p2461
I108
sS'portland'
p2462
I107
sS'beyond'
p2463
I108
sS'comic'
p2464
I108
sS'really'
p2465
I69
sS'deals'
p2466
I108
sS'baggins'
p2467
I108
sS'(33)'
p2468
I108
sS'missed'
p2469
I107
sS'solved'
p2470
I108
sS'childish'
p2471
I108
sS'since'
p2472
I94
sS'induces'
p2473
I108
sS'acting'
p2474
I106
sS'settle'
p2475
I108
sS'fountain'
p2476
I108
sS'7'
p2477
I108
sS'much.,91356\n485870555162095616,the_flash7,2014-07-06'
p2478
I108
sS'lolz'
p2479
I108
sS'issue'
p2480
I108
sS'defy'
p2481
I108
sS'deadend'
p2482
I107
sS'niiice'
p2483
I108
sS'ass'
p2484
I86
sS'(reseda'
p2485
I107
sS'fiber'
p2486
I108
sS'pathetic'
p2487
I107
sS'dirt'
p2488
I106
sS'thousandth'
p2489
I108
sS'auditions'
p2490
I108
sS'friday'
p2491
I95
sS'forgive'
p2492
I105
sS'bulls'
p2493
I108
sS'mmm'
p2494
I108
sS'reason'
p2495
I100
sS'fatass'
p2496
I108
sS'imagine'
p2497
I108
sS'ask'
p2498
I99
sS'"sure'
p2499
I106
sS'phd'
p2500
I108
sS'beginning'
p2501
I104
sS'reloaded'
p2502
I108
sS'backlinks'
p2503
I108
sS'bumped'
p2504
I108
sS'owners'
p2505
I108
sS'lamar'
p2506
I108
sS'diversion'
p2507
I108
sS'platter'
p2508
I108
sS'terribly'
p2509
I107
sS'tahj'
p2510
I108
sS'w'
p2511
I106
sS"it'll"
p2512
I108
sS'raptors'
p2513
I107
sS'cereal"'
p2514
I108
sS'feed'
p2515
I106
sS'indebted'
p2516
I108
sS'skout'
p2517
I108
sS'dont'
p2518
I107
sS'feel'
p2519
I63
sS'troll'
p2520
I108
sS'bullies'
p2521
I108
sS'knocking'
p2522
I108
sS'number'
p2523
I102
sS'welcome'
p2524
I108
sS'sympathy'
p2525
I107
sS'done'
p2526
I84
sS'myself\xe2\x80\xa2'
p2527
I107
sS'daniarnold_'
p2528
I108
sS'pablo'
p2529
I108
sS'slower'
p2530
I108
sS'scoping'
p2531
I108
sS'miss'
p2532
I97
sS'disown'
p2533
I108
sS'00:34:25.0,34.1746795,-118.5378241,1393.02,people'
p2534
I108
sS'bitchy'
p2535
I108
sS'passes'
p2536
I108
sS'horse'
p2537
I105
sS'"'
p2538
I107
sS'heads'
p2539
I107
sS'guest'
p2540
I108
sS'script'
p2541
I108
sS'dfu'
p2542
I108
sS'leading'
p2543
I108
sS'tougher'
p2544
I105
sS'kod'
p2545
I108
sS'least'
p2546
I98
sS'lasted'
p2547
I108
sS'storm'
p2548
I107
sS'mama'
p2549
I106
sS'dumbass'
p2550
I108
sS'fuuuuuuck'
p2551
I108
sS'teabags'
p2552
I108
sS'store'
p2553
I108
sS'temptations'
p2554
I108
sS'relies'
p2555
I108
sS'selling'
p2556
I108
sS'option'
p2557
I108
sS'relationship'
p2558
I106
sS'behind'
p2559
I107
sS'exploded'
p2560
I108
sS'hotel'
p2561
I106
sS'park'
p2562
I105
sS"i'ma"
p2563
I108
sS'all-you-can-eat'
p2564
I108
sS'part'
p2565
I104
sS'samesies'
p2566
I108
sS'doctors'
p2567
I108
sS'believe'
p2568
I89
sS'convinced'
p2569
I108
sS'persian'
p2570
I108
sS'king'
p2571
I105
sS'kind'
p2572
I107
sS'b'
p2573
I106
sS'double'
p2574
I105
sS'break\xe2\x80\xa6'
p2575
I108
sS'grey'
p2576
I108
sS'keeper'
p2577
I108
sS'goldmine'
p2578
I107
sS'youth'
p2579
I108
sS"bitch's"
p2580
I108
sS'stall'
p2581
I108
sS'stalk'
p2582
I107
sS'supposed'
p2583
I107
sS'onaj'
p2584
I108
sS'treated'
p2585
I106
sS'baeless'
p2586
I108
sS'redboxing'
p2587
I108
sS'obstacles'
p2588
I108
sS'outta'
p2589
I103
sS'9.22.14'
p2590
I108
sS'exert'
p2591
I108
sS'wasnt'
p2592
I108
sS'mma'
p2593
I108
sS'juicy'
p2594
I108
sS'hussle'
p2595
I108
sS'juice'
p2596
I107
sS'fiona'
p2597
I107
sS'concentration'
p2598
I108
sS"lawler's"
p2599
I108
sS'orders'
p2600
I108
sS'sell'
p2601
I105
sS'mountain'
p2602
I107
sS'nights'
p2603
I106
sS'ex"'
p2604
I108
sS'built'
p2605
I108
sS'blanco'
p2606
I108
sS'lil'
p2607
I105
sS'pry'
p2608
I108
sS'jeopardize'
p2609
I107
sS'calamari'
p2610
I108
sS'couch'
p2611
I108
sS'also'
p2612
I107
sS'without'
p2613
I93
sS'useless'
p2614
I108
sS'cavs'
p2615
I107
sS'relief'
p2616
I108
sS'club'
p2617
I108
sS'play'
p2618
I92
sS'oft'
p2619
I108
sS'mentality'
p2620
I107
sS'eggs'
p2621
I108
sS'flute'
p2622
I108
sS'reach'
p2623
I107
sS'edison'
p2624
I108
sS'react'
p2625
I108
sS'most'
p2626
I80
sS'brooklyn'
p2627
I108
sS'charm'
p2628
I106
sS'plan'
p2629
I97
sS'significant'
p2630
I107
sS'thrusters'
p2631
I108
sS'nothing'
p2632
I76
sS'11:11'
p2633
I108
sS'mack'
p2634
I107
sS'78'
p2635
I108
sS'side-chick'
p2636
I108
sS'"allowed"'
p2637
I107
sS'dissolves'
p2638
I108
sS'loopholes'
p2639
I108
sS'clear'
p2640
I106
sS'sometimes'
p2641
I101
sS'cover'
p2642
I108
sS'hints'
p2643
I108
sS'cramped'
p2644
I108
sS'disturbed'
p2645
I108
sS'someones'
p2646
I108
sS'clean'
p2647
I108
sS'weigh'
p2648
I108
sS'lying'
p2649
I105
sS'despise'
p2650
I108
sS'ugh'
p2651
I105
sS'gold'
p2652
I104
sS'prepackaged'
p2653
I108
sS'pennies'
p2654
I108
sS'celebrities'
p2655
I108
sS'ciroc'
p2656
I108
sS'hugging'
p2657
I108
sS'stfu'
p2658
I108
sS'carefully'
p2659
I108
sS'excessive'
p2660
I108
sS'sweaty'
p2661
I108
sS'fine'
p2662
I106
sS'find'
p2663
I99
sS'negligence'
p2664
I108
sS'lovee'
p2665
I108
sS'haaaaaaaaa'
p2666
I108
sS'520000'
p2667
I108
sS'justice'
p2668
I103
sS'nervous'
p2669
I107
sS'ruin'
p2670
I106
sS'unhappy'
p2671
I108
sS'failed'
p2672
I107
sS'idiots'
p2673
I104
sS'betray'
p2674
I107
sS'pretty'
p2675
I102
sS'8'
p2676
I107
sS'circle'
p2677
I108
sS'andno'
p2678
I108
sS'proximity'
p2679
I108
sS"mom's"
p2680
I108
sS'his'
p2681
I101
sS'hit'
p2682
I99
sS'permission'
p2683
I107
sS'tommorow'
p2684
I108
sS'raps'
p2685
I108
sS'connections'
p2686
I108
sS'express'
p2687
I108
sS'hotttttt'
p2688
I108
sS'famous'
p2689
I107
sS'feels'
p2690
I103
sS'grew'
p2691
I107
sS'arco/ampm'
p2692
I108
sS'lifted'
p2693
I108
sS'international'
p2694
I108
sS'during'
p2695
I107
sS'him'
p2696
I103
sS'enemy'
p2697
I107
sS'devoured'
p2698
I108
sS'mcrounderson'
p2699
I108
sS'cry'
p2700
I107
sS'orcs'
p2701
I108
sS'remove'
p2702
I107
sS'nickelodeon'
p2703
I108
sS'you!('
p2704
I108
sS'common'
p2705
I107
sS'gotten'
p2706
I108
sS'hype'
p2707
I108
sS'cease'
p2708
I108
sS'underachiever'
p2709
I108
sS'8.18.14'
p2710
I108
sS'$30/hour'
p2711
I108
sS'set'
p2712
I101
sS'dump'
p2713
I107
sS'intelligence'
p2714
I108
sS'164.5'
p2715
I108
sS'sex'
p2716
I106
sS'culture'
p2717
I108
sS'see'
p2718
I77
sS'defense'
p2719
I108
sS'bare'
p2720
I106
sS'are'
p2721
I22
sS'overboard'
p2722
I108
sS'close'
p2723
I101
sS'sayehhhhhhhh'
p2724
I108
sS'hole'
p2725
I108
sS'retweet'
p2726
I108
sS'barn'
p2727
I108
sS'fullscreen'
p2728
I108
sS'spirits'
p2729
I107
sS'expert'
p2730
I108
sS'handed'
p2731
I108
sS'obstructionist'
p2732
I108
sS'movie'
p2733
I99
sS'wow'
p2734
I100
sS'cookies'
p2735
I108
sS'please'
p2736
I90
sS'wop'
p2737
I108
sS'heading'
p2738
I108
sS'fans'
p2739
I107
sS'won'
p2740
I108
sS'checkmate'
p2741
I107
sS'65000'
p2742
I108
sS'probably'
p2743
I105
sS'trashy'
p2744
I108
sS'viciousness'
p2745
I108
sS'monsters'
p2746
I108
sS'thrive'
p2747
I106
sS'piss'
p2748
I106
sS'condescension'
p2749
I108
sS'solo'
p2750
I108
sS'missing'
p2751
I105
sS'iglazious'
p2752
I108
sS'pisses'
p2753
I108
sS'attention'
p2754
I105
sS'pullups'
p2755
I108
sS'succeed'
p2756
I100
sS'competent'
p2757
I107
sS'condo'
p2758
I107
sS'relying'
p2759
I107
sS'pissed'
p2760
I106
sS'"mean"'
p2761
I108
sS'both'
p2762
I106
sS'c'
p2763
I107
sS'10th'
p2764
I108
sS'last'
p2765
I94
sS'riddler'
p2766
I108
sS'thot'
p2767
I108
sS"wouldn't"
p2768
I100
sS'barely'
p2769
I108
sS'sensitive'
p2770
I108
sS'sparring'
p2771
I108
sS'wrappers'
p2772
I108
sS'retarded'
p2773
I103
sS'weirdo'
p2774
I108
sS'bond'
p2775
I108
sS'whole'
p2776
I104
sS'faggots'
p2777
I108
sS'mickey'
p2778
I108
sS'liked'
p2779
I106
sS'distress'
p2780
I108
sS'point'
p2781
I102
sS'reasons'
p2782
I107
sS'sweet'
p2783
I106
sS"jay's"
p2784
I107
sS'sweep'
p2785
I108
sS'whatever'
p2786
I103
sS'hollow'
p2787
I108
sS'dimensional'
p2788
I108
sS'panicking'
p2789
I107
sS'scrub'
p2790
I108
sS'simply'
p2791
I108
sS'likes'
p2792
I106
sS'sing'
p2793
I106
sS'townhouse'
p2794
I108
sS'duh'
p2795
I108
sS'tomorrow\xe2\x80\xa6\xe2\x80\xa6\xe2\x80\xa6'
p2796
I108
sS'devil'
p2797
I107
sS'selfie'
p2798
I108
sS'agree'
p2799
I108
sS'equivalent'
p2800
I108
sS'create'
p2801
I105
sS'creativity'
p2802
I108
sS'due'
p2803
I106
sS'compassionate'
p2804
I108
sS'*weekend'
p2805
I108
sS'hitting'
p2806
I108
sS'secret'
p2807
I106
sS'damn'
p2808
I80
sS'pg'
p2809
I108
sS'make-up'
p2810
I108
sS'++++++++++'
p2811
I108
sS'extreme'
p2812
I108
sS'meeting'
p2813
I108
sS'woke'
p2814
I104
sS'gallmeier'
p2815
I108
sS'vans'
p2816
I107
sS'lived'
p2817
I106
sS'gay'
p2818
I105
sS'silenced'
p2819
I108
sS'fire'
p2820
I105
sS"what's"
p2821
I105
sS'bitch\xe2\x80\x99s'
p2822
I108
sS'precision'
p2823
I108
sS'like('
p2824
I108
sS'else'
p2825
I94
sS'anthony'
p2826
I107
sS'awake'
p2827
I106
sS'resisted'
p2828
I108
sS'wedding'
p2829
I107
sS'surveys'
p2830
I108
sS'-"haha'
p2831
I108
sS'highest'
p2832
I108
sS'georgia'
p2833
I107
sS'look'
p2834
I88
sS'fleek'
p2835
I108
sS'caged'
p2836
I108
sS'straight'
p2837
I102
sS'sheeple'
p2838
I108
sS'shyla'
p2839
I108
sS'while'
p2840
I96
sS'seed'
p2841
I108
sS'replaced'
p2842
I108
sS'match'
p2843
I108
sS'behavior'
p2844
I107
sS'fun'
p2845
I99
sS'mindin'
p2846
I108
sS'fuh'
p2847
I107
sS'theres'
p2848
I108
sS'kingdom'
p2849
I108
sS'vacas'
p2850
I108
sS'costly'
p2851
I108
sS'<3'
p2852
I103
sS'depressor'
p2853
I108
sS'gowhat'
p2854
I108
sS'rip'
p2855
I108
sS'stations'
p2856
I108
sS'disappointing'
p2857
I108
sS'awakening'
p2858
I108
sS'obstacle'
p2859
I106
sS'frantic'
p2860
I108
sS'clich\xc3\xa9s'
p2861
I108
sS'ready'
p2862
I103
sS'34'
p2863
I108
sS'lautner'
p2864
I108
sS'chase'
p2865
I106
sS'funny'
p2866
I97
sS'shaq'
p2867
I108
sS'myth'
p2868
I108
sS'anymore'
p2869
I83
sS'knoe'
p2870
I108
sS'subliminal'
p2871
I108
sS'virtually'
p2872
I107
sS'9'
p2873
I107
sS'simps'
p2874
I108
sS'forgiveness'
p2875
I106
sS'cumming'
p2876
I108
sS'daughters'
p2877
I108
sS'sliver'
p2878
I108
sS'used'
p2879
I105
sS'temporary'
p2880
I107
sS'lie'
p2881
I107
sS'illest'
p2882
I108
sS'carloscabrerapr'
p2883
I108
sS'yesterday'
p2884
I106
sS'usually'
p2885
I108
sS'moment'
p2886
I99
sS'"sin"'
p2887
I108
sS'moving'
p2888
I104
sS'haunting'
p2889
I108
sS'genuine'
p2890
I108
sS'lisaeberan'
p2891
I106
sS'wheres'
p2892
I108
sS'plate'
p2893
I108
sS'early'
p2894
I100
sS'rakin'
p2895
I108
sS'piasa'
p2896
I108
sS'people"'
p2897
I108
sS'older'
p2898
I107
sS'dancing'
p2899
I108
sS'chickens'
p2900
I108
sS'anybody'
p2901
I106
sS'obviously'
p2902
I107
sS'person'
p2903
I100
sS'geriatrics'
p2904
I108
sS'homecoming'
p2905
I107
sS'j_risk'
p2906
I108
sS'y'
p2907
I106
sS'tryin'
p2908
I108
sS'hall'
p2909
I108
sS'spend'
p2910
I102
sS'ungrateful'
p2911
I107
sS'dieting'
p2912
I108
sS'flaming'
p2913
I107
sS'listening'
p2914
I107
sS'ludicrous'
p2915
I107
sS'removed'
p2916
I108
sS'risks'
p2917
I108
sS'shape'
p2918
I108
sS'openly'
p2919
I108
sS'plagued'
p2920
I107
sS'questions'
p2921
I107
sS'mashing\xe2\x80\xa6'
p2922
I108
sS'6.6.14'
p2923
I108
sS'alternative'
p2924
I108
sS'praying'
p2925
I105
sS'crushes'
p2926
I108
sS'fairy'
p2927
I108
sS'letting'
p2928
I105
sS'cut'
p2929
I105
sS'illusions'
p2930
I108
sS'cup'
p2931
I108
sS'alternate'
p2932
I108
sS'cuz'
p2933
I105
sS'shortcut'
p2934
I108
sS'eager'
p2935
I108
sS'henny'
p2936
I108
sS'parents'
p2937
I104
sS'saidyes'
p2938
I108
sS'cum'
p2939
I108
sS'easter'
p2940
I107
sS'excited'
p2941
I103
sS'surprised'
p2942
I108
sS'build'
p2943
I108
sS'bio'
p2944
I107
sS'clutches'
p2945
I107
sS'march'
p2946
I106
sS'marci'
p2947
I108
sS'demands'
p2948
I108
sS'big'
p2949
I96
sS'ambien'
p2950
I107
sS'results'
p2951
I108
sS'tiring'
p2952
I108
sS'matters'
p2953
I108
sS'game'
p2954
I87
sS'quest'
p2955
I108
sS'moods'
p2956
I108
sS'bit'
p2957
I106
sS'wings'
p2958
I107
sS'projects'
p2959
I108
sS'thinkin'
p2960
I108
sS'mariah'
p2961
I108
sS'cel'
p2962
I108
sS'd'
p2963
I105
sS'bahaa'
p2964
I108
sS'hahha'
p2965
I108
sS'spine'
p2966
I108
sS'message'
p2967
I106
sS'ignore'
p2968
I105
sS'continue'
p2969
I106
sS'popular'
p2970
I107
sS'mediocrity'
p2971
I108
sS'fault'
p2972
I108
sS'me\xe2\x80\x9d'
p2973
I108
sS'google'
p2974
I107
sS'die,91356\n493916315606712321,_dopet,2014-07-29'
p2975
I108
sS'often'
p2976
I108
sS'brakes'
p2977
I108
sS'course'
p2978
I108
sS'fucking'
p2979
I94
sS'goddamn'
p2980
I108
sS'niagra'
p2981
I108
sS'some'
p2982
I78
sS'back'
p2983
I70
sS'b4'
p2984
I108
sS'understood'
p2985
I108
sS'strongest'
p2986
I108
sS"camera's"
p2987
I108
sS'candy'
p2988
I108
sS'sight'
p2989
I108
sS'mirror'
p2990
I107
sS'curious'
p2991
I108
sS'mustang'
p2992
I107
sS'sheesh'
p2993
I108
sS'family"'
p2994
I108
sS'and/or'
p2995
I107
sS'mummy'
p2996
I108
sS'decision'
p2997
I105
sS'shall'
p2998
I105
sS'seller'
p2999
I108
sS'tides'
p3000
I108
sS'meds'
p3001
I108
sS'prom'
p3002
I108
sS'central'
p3003
I108
sS'quote'
p3004
I108
sS'pee'
p3005
I108
sS'dating'
p3006
I108
sS'nonstop'
p3007
I108
sS't'
p3008
I106
sS'be'
p3009
I14
sS'bf'
p3010
I108
sS'bg'
p3011
I108
sS'run'
p3012
I106
sS'aloneclose'
p3013
I108
sS'bc'
p3014
I108
sS'rub'
p3015
I108
sS'ufc'
p3016
I108
sS'fed'
p3017
I108
sS'bk'
p3018
I108
sS'subconscious'
p3019
I107
sS'step'
p3020
I104
sS'instagra'
p3021
I108
sS'nowhere'
p3022
I106
sS'santa'
p3023
I108
sS'bs'
p3024
I108
sS'from'
p3025
I71
sS'12\'s"'
p3026
I108
sS'by'
p3027
I83
sS'shine'
p3028
I107
sS'hidden'
p3029
I108
sS'snoop'
p3030
I108
sS'anything'
p3031
I85
sS'bordem,91356\n493917425553784833,_dopet,2014-07-29'
p3032
I108
sS'oatmeal'
p3033
I108
sS'drama'
p3034
I108
sS'unintentional'
p3035
I108
sS'idk'
p3036
I108
sS'wanna'
p3037
I100
sS'idc'
p3038
I106
sS'silence'
p3039
I107
sS'seeing'
p3040
I106
sS'shizo'
p3041
I108
sS'garbage'
p3042
I102
sS'visit'
p3043
I108
sS'aliens'
p3044
I106
sS'within'
p3045
I107
sS'nonsense'
p3046
I102
sS'cheerio'
p3047
I108
sS'bastards'
p3048
I108
sS'$.10'
p3049
I108
sS'momma'
p3050
I106
sS'nigga'
p3051
I92
sS'master'
p3052
I108
sS'lesson'
p3053
I105
sS'lebron'
p3054
I107
sS'resilience'
p3055
I108
sS'calming'
p3056
I108
sS'roundie'
p3057
I108
sS'story'
p3058
I104
sS'bombest'
p3059
I108
sS'ew'
p3060
I108
sS'question'
p3061
I106
sS'ca)'
p3062
I107
sS'long'
p3063
I92
sS'baggy'
p3064
I108
sS'camera'
p3065
I107
sS"we're"
p3066
I106
sS'dodgers'
p3067
I108
sS'bruh'
p3068
I97
sS'forward'
p3069
I107
sS'poststarted'
p3070
I108
sS'bored'
p3071
I105
sS'athlete'
p3072
I108
sS'blueprint'
p3073
I108
sS'....they'
p3074
I108
sS'buns'
p3075
I108
sS'inches'
p3076
I108
sS'jewish'
p3077
I108
sS'boys'
p3078
I107
sS'link'
p3079
I108
sS'alive'
p3080
I108
sS'familia'
p3081
I108
sS'eamiel15'
p3082
I108
sS'don'
p3083
I108
sS'line'
p3084
I105
sS'dull'
p3085
I108
sS'posted'
p3086
I107
sS'directed'
p3087
I108
sS'tumblr'
p3088
I108
sS'rejection'
p3089
I108
sS'"someone"'
p3090
I108
sS'somedays'
p3091
I107
sS'sounds'
p3092
I108
sS'fries'
p3093
I108
sS"hasn't"
p3094
I107
sS'us'
p3095
I98
sS'ur'
p3096
I107
sS'politic'
p3097
I108
sS'2night'
p3098
I108
sS'faded'
p3099
I107
sS'\xe2\x98\x81\xef\xb8\x8f\xe2\x9b\x85\xef\xb8\x8f\xe2\x98\x80\xef\xb8\x8f'
p3100
I108
sS'chelsea'
p3101
I108
sS'called'
p3102
I107
sS'ordered'
p3103
I108
sS'cowboys'
p3104
I108
sS'calabasis'
p3105
I108
sS'haunt'
p3106
I108
sS'starbucks'
p3107
I107
sS'necks'
p3108
I108
sS'devastatingly'
p3109
I108
sS'dragging'
p3110
I108
sS'phantom'
p3111
I108
sS'intact'
p3112
I108
sS'amounts'
p3113
I107
sS'crypt'
p3114
I108
sS'nah'
p3115
I106
sS'peace'
p3116
I105
sS'matching'
p3117
I108
sS'excuses'
p3118
I102
sS'nap'
p3119
I106
sS'degages'
p3120
I108
sS'actors'
p3121
I108
sS'muffle'
p3122
I108
sS'irreplaceable'
p3123
I106
sS'41.5'
p3124
I108
sS'nice'
p3125
I101
sS'potion'
p3126
I108
sS'"money'
p3127
I108
sS'users'
p3128
I108
sS'problems'
p3129
I108
sS'resign'
p3130
I108
sS'occurred'
p3131
I107
sS'helping'
p3132
I105
sS'aiko-'
p3133
I108
sS'meaning'
p3134
I106
sS'suppression'
p3135
I108
sS'chameleon'
p3136
I108
sS'intimidatingyou'
p3137
I108
sS'meals'
p3138
I108
sS'ago'
p3139
I106
sS'haaay'
p3140
I108
sS'stressie'
p3141
I108
sS'land'
p3142
I108
sS'fighter'
p3143
I106
sS'vice'
p3144
I107
sS'stressin'
p3145
I108
sS'age'
p3146
I106
sS'youtube'
p3147
I100
sS'walked'
p3148
I108
sS'ignoramuses'
p3149
I107
sS'carrying'
p3150
I108
sS'weights'
p3151
I108
sS'urgency'
p3152
I107
sS'ignoramus'
p3153
I108
sS'far'
p3154
I98
sS"she's"
p3155
I103
sS'underrated'
p3156
I108
sS'menace'
p3157
I108
sS'buffalo'
p3158
I108
sS'having'
p3159
I101
sS'once'
p3160
I98
sS'edc'
p3161
I108
sS'code'
p3162
I108
sS'wire'
p3163
I108
sS'gq'
p3164
I108
sS'squats'
p3165
I106
sS'operas'
p3166
I108
sS'kats'
p3167
I108
sS'eyes\xe2\x80\x9dwadup'
p3168
I108
sS'resistance'
p3169
I105
sS'existing'
p3170
I108
sS'dreamy'
p3171
I108
sS'desserts'
p3172
I108
sS'softer'
p3173
I108
sS'tuba'
p3174
I108
sS'freakin'
p3175
I108
sS'go'
p3176
I58
sS'gossip'
p3177
I108
sS'tweeted'
p3178
I108
sS'kate'
p3179
I108
sS'graves'
p3180
I108
sS'peanut'
p3181
I108
sS'concerned'
p3182
I108
sS'fried'
p3183
I108
sS'"traditional"'
p3184
I108
sS'young'
p3185
I105
sS'nose'
p3186
I107
sS'woohoo'
p3187
I107
sS'bruhh'
p3188
I108
sS'retweets'
p3189
I108
sS'stable'
p3190
I108
sS'suite'
p3191
I108
sS'charity'
p3192
I108
sS'sent'
p3193
I108
sS'annoy'
p3194
I108
sS'random'
p3195
I108
sS'kca'
p3196
I108
sS'mainstream'
p3197
I108
sS'costs"'
p3198
I108
sS'reserved'
p3199
I108
sS'niqqa'
p3200
I106
sS'wishes'
p3201
I108
sS'putting'
p3202
I105
sS'signed'
p3203
I108
sS'telling'
p3204
I108
sS'drinking'
p3205
I108
sS'infinite'
p3206
I108
sS'rad'
p3207
I108
sS'recreation'
p3208
I108
sS'magic'
p3209
I107
sS'roll'
p3210
I108
sS'shock'
p3211
I107
sS'assclown'
p3212
I108
sS'in...in'
p3213
I108
sS'try'
p3214
I100
sS'race'
p3215
I108
sS'kit'
p3216
I108
sS'ahahahaha'
p3217
I106
sS'evr'
p3218
I108
sS'carl'
p3219
I108
sS'noted'
p3220
I108
sS'fitting'
p3221
I108
sS'booty'
p3222
I107
sS"you'd"
p3223
I107
sS'\xe2\x9d\xa4'
p3224
I107
sS'za'
p3225
I108
sS'preeeeach'
p3226
I108
sS'jump'
p3227
I106
sS'video'
p3228
I106
sS'traveling'
p3229
I108
sS'uncomfortable'
p3230
I108
sS'earth'
p3231
I105
sS'download'
p3232
I108
sS'2008'
p3233
I108
sS'sex='
p3234
I108
sS'sausage'
p3235
I108
sS'poke'
p3236
I108
sS'plays'
p3237
I108
sS'power'
p3238
I107
sS'chicago'
p3239
I107
sS'giving'
p3240
I101
sS'falcons'
p3241
I108
sS'"if"'
p3242
I108
sS'\xe2\x80\xa6\xe2\x80\xa6'
p3243
I108
sS"man's"
p3244
I108
sS'access'
p3245
I106
sS'paying'
p3246
I107
sS'waiting'
p3247
I88
sS'sour'
p3248
I108
sS'gn'
p3249
I108
sS'"most'
p3250
I108
sS'bird'
p3251
I108
sS'body'
p3252
I99
sS'melancholy'
p3253
I106
sS'justification'
p3254
I108
sS'clare'
p3255
I108
sS'degree'
p3256
I107
sS'leg'
p3257
I108
sS'beasts'
p3258
I108
sS'pushing'
p3259
I108
sS'subpar'
p3260
I108
sS'punch'
p3261
I108
sS'shmurda'
p3262
I108
sS'let'
p3263
I76
sS'sink'
p3264
I108
sS'others'
p3265
I104
sS'sexy'
p3266
I93
sS'irritating'
p3267
I108
sS'toughing'
p3268
I107
sS'settling'
p3269
I106
sS'great'
p3270
I91
sS'lillard'
p3271
I108
sS'talent'
p3272
I108
sS'messing'
p3273
I108
sS'wesley'
p3274
I108
sS'31'
p3275
I108
sS'30'
p3276
I104
sS'shades'
p3277
I107
sS'36'
p3278
I108
sS'leaving'
p3279
I103
sS'paranoid'
p3280
I107
sS'eatin'
p3281
I108
sS'products'
p3282
I107
sS"weren't"
p3283
I107
sS'cousins'
p3284
I108
sS'existent'
p3285
I108
sS'opinion'
p3286
I108
sS'happpyyy'
p3287
I108
sS'makes'
p3288
I89
sS'delays'
p3289
I108
sS'bumming'
p3290
I108
sS'named'
p3291
I108
sS'egypt'
p3292
I108
sS'win'
p3293
I99
sS'app'
p3294
I106
sS'siri'
p3295
I108
sS'fairweather'
p3296
I108
sS'private'
p3297
I108
sS'equals'
p3298
I108
sS'wit'
p3299
I108
sS'yeeeeee'
p3300
I108
sS'duck'
p3301
I108
sS'tap'
p3302
I108
sS'singing'
p3303
I107
sS'staple'
p3304
I108
sS'cloud'
p3305
I107
sS'lime'
p3306
I108
sS'nest'
p3307
I108
sS'use'
p3308
I102
sS'hahahahaha'
p3309
I104
sS'crap'
p3310
I103
sS'patron'
p3311
I108
sS'usa'
p3312
I106
sS'&'
p3313
I87
sS'illegal'
p3314
I108
sS"d'awww"
p3315
I108
sS'cray'
p3316
I106
sS'next'
p3317
I83
sS'few'
p3318
I104
sS'doubt'
p3319
I106
sS'themselves'
p3320
I108
sS'stage'
p3321
I108
sS'judged'
p3322
I108
sS'retribution'
p3323
I108
sS'clever'
p3324
I108
sS'babe'
p3325
I106
sS'encino'
p3326
I108
sS'majoring'
p3327
I108
sS'started'
p3328
I105
sS'inclined'
p3329
I108
sS'musician'
p3330
I108
sS'impress'
p3331
I107
sS'sister'
p3332
I99
sS'confused'
p3333
I105
sS'sore'
p3334
I108
sS'train'
p3335
I106
sS'baby'
p3336
I98
sS'actual'
p3337
I108
sS'women'
p3338
I104
sS'fan'
p3339
I108
sS'majority'
p3340
I108
sS'account'
p3341
I102
sS'balls'
p3342
I107
sS'animals'
p3343
I107
sS'5000'
p3344
I108
sS'sanctions'
p3345
I108
sS'this'
p3346
I16
sS'gabriel'
p3347
I108
sS'challenge'
p3348
I108
sS'package'
p3349
I107
sS'mothafucka'
p3350
I108
sS'unreal'
p3351
I108
sS'obvious'
p3352
I108
sS'thin'
p3353
I106
sS'meet'
p3354
I105
sS'closing'
p3355
I107
sS'unread'
p3356
I108
sS'plug'
p3357
I108
sS'rubs'
p3358
I108
sS'thirsty'
p3359
I108
sS'chosen'
p3360
I108
sS'process'
p3361
I101
sS'oc'
p3362
I108
sS'slim'
p3363
I108
sS'halloween'
p3364
I108
sS'pieces'
p3365
I108
sS'high'
p3366
I96
sS'villain'
p3367
I108
sS'assumptions'
p3368
I108
sS'pulling'
p3369
I108
sS'something'
p3370
I77
sS'bessie'
p3371
I108
sS'bones'
p3372
I106
sS'boner'
p3373
I108
sS'tan'
p3374
I108
sS'csun'
p3375
I108
sS'skirt'
p3376
I108
sS'thomas'
p3377
I108
sS'shylas'
p3378
I108
sS'martyr'
p3379
I108
sS'lame'
p3380
I107
sS'helps'
p3381
I108
sS'that.just'
p3382
I108
sS'holds'
p3383
I108
sS'serum'
p3384
I108
sS'"cause"'
p3385
I108
sS'surely'
p3386
I108
sS'animal'
p3387
I108
sS',91356\n493913894872563712,_dopet,2014-07-29'
p3388
I108
sS'instead'
p3389
I106
sS'intelligent'
p3390
I107
sS'sin'
p3391
I108
sS'stock'
p3392
I108
sS'profile'
p3393
I107
sS'beeee'
p3394
I108
sS'harding'
p3395
I108
sS'stop'
p3396
I75
sS'incompetence'
p3397
I108
sS'masks'
p3398
I108
sS'"obstacle"'
p3399
I108
sS'thorin'
p3400
I108
sS'savoy'
p3401
I108
sS'minding'
p3402
I108
sS'requirements'
p3403
I108
sS'coast'
p3404
I108
sS'popcorn'
p3405
I108
sS'idgaf'
p3406
I108
sS'aniston'
p3407
I108
sS'somethin'
p3408
I108
sS'22nd'
p3409
I108
sS'light'
p3410
I106
sS'sit'
p3411
I108
sS'honestly'
p3412
I108
sS'normie'
p3413
I104
sS'internet/world'
p3414
I108
sS'ceo=extremely'
p3415
I108
sS'addiction'
p3416
I108
sS'houston'
p3417
I108
sS'six'
p3418
I108
sS'thigh'
p3419
I108
sS'producer'
p3420
I108
sS'baddie'
p3421
I108
sS'bilbo'
p3422
I108
sS'move'
p3423
I85
sS'rebellious'
p3424
I108
sS'sperm'
p3425
I108
sS'00:48:11.0,34.174629,-118.5378157,1393.02,i'
p3426
I108
sS"won't"
p3427
I76
sS'looks'
p3428
I101
sS"george's"
p3429
I108
sS'neurotic'
p3430
I108
sS'galaxy'
p3431
I108
sS'bunch'
p3432
I107
sS'perfect'
p3433
I105
sS'helicopters'
p3434
I108
sS'blake'
p3435
I108
sS'le'
p3436
I108
sS'la'
p3437
I97
sS'voiceless'
p3438
I108
sS'll'
p3439
I108
sS'winning'
p3440
I107
sS'tyrone'
p3441
I108
sS'tyler'
p3442
I108
sS'degrees'
p3443
I108
sS'choose'
p3444
I106
sS'stalled'
p3445
I108
sS'2014'
p3446
I107
sS'bye'
p3447
I106
sS'suppressor'
p3448
I108
sS'2010'
p3449
I108
sS'problems."'
p3450
I108
sS'2012'
p3451
I108
sS'dad'
p3452
I103
sS'wussuppp'
p3453
I108
sS'prosper'
p3454
I108
sS'junction'
p3455
I108
sS'surrounds'
p3456
I108
sS'u.just'
p3457
I108
sS'dan'
p3458
I108
sS'practice'
p3459
I106
sS'ship'
p3460
I108
sS'dat'
p3461
I106
sS'untouchable'
p3462
I107
sS'cutting'
p3463
I108
sS'snake'
p3464
I108
sS'kiss'
p3465
I107
sS'hands'
p3466
I108
sS'front'
p3467
I107
sS'cage'
p3468
I107
sS'day'
p3469
I50
sS'worlds'
p3470
I108
sS'february'
p3471
I107
sS'irks'
p3472
I108
sS'panic'
p3473
I108
sS'feast'
p3474
I107
sS'nobodies'
p3475
I107
sS'denzel'
p3476
I108
sS'mode'
p3477
I107
sS'truth'
p3478
I100
sS'mofos'
p3479
I102
sS'crossing'
p3480
I108
sS'beneath'
p3481
I108
sS'recents'
p3482
I108
sS'cigar'
p3483
I108
sS'warner'
p3484
I108
sS'hawiiann'
p3485
I108
sS'aggravates'
p3486
I108
sS'doing'
p3487
I92
sS'"mo\''
p3488
I108
sS'mend'
p3489
I108
sS'waking'
p3490
I108
sS'related'
p3491
I108
sS'aggravated'
p3492
I108
sS'society'
p3493
I102
sS'measure'
p3494
I108
sS'hoes'
p3495
I108
sS'our'
p3496
I99
sS'huntington'
p3497
I107
sS'patch'
p3498
I108
sS'youu'
p3499
I108
sS'special'
p3500
I102
sS'out'
p3501
I49
sS'matt'
p3502
I108
sS'rey'
p3503
I108
sS'ifs'
p3504
I108
sS'inspiration'
p3505
I108
sS'twice'
p3506
I105
sS'bob'
p3507
I107
sS'chaos'
p3508
I107
sS'upset'
p3509
I108
sS'messenger'
p3510
I108
sS'playground'
p3511
I108
sS'hilarious'
p3512
I108
sS'autopilot'
p3513
I108
sS'postpone'
p3514
I104
sS'cause'
p3515
I88
sS'cialus'
p3516
I108
sS'red'
p3517
I102
sS"one's"
p3518
I108
sS'afford'
p3519
I108
sS'shut'
p3520
I104
sS'o.o'
p3521
I107
sS'dictionary'
p3522
I108
sS'steel'
p3523
I108
sS'greedy'
p3524
I108
sS'over.35'
p3525
I108
sS'completely'
p3526
I107
sS'que'
p3527
I106
sS'retards'
p3528
I103
sS'networking'
p3529
I108
sS'anyhow'
p3530
I108
sS'princess'
p3531
I108
sS'tenant'
p3532
I108
sS'chilli'
p3533
I108
sS'spazz'
p3534
I108
sS'g'
p3535
I107
sS'could'
p3536
I88
sS'vam'
p3537
I108
sS'nipsey'
p3538
I108
sS'times'
p3539
I100
sS'conversation'
p3540
I107
sS'nailing'
p3541
I108
sS'keek'
p3542
I108
sS'barriers'
p3543
I107
sS'retail'
p3544
I108
sS'invisible'
p3545
I108
sS'south'
p3546
I108
sS'strippers'
p3547
I107
sS'glories'
p3548
I108
sS'speaking)'
p3549
I108
sS'distracted'
p3550
I107
sS'rm\xe2\x80\xa6'
p3551
I108
sS'taco'
p3552
I108
sS'powerful'
p3553
I108
sS'coming,91356\n498892879368953857,_dopet,2014-08-11'
p3554
I108
sS'reaches'
p3555
I108
sS'styling'
p3556
I108
sS'hurdle'
p3557
I108
sS'bitch'
p3558
I84
sS'short"'
p3559
I108
sS'hedonism'
p3560
I108
sS'owner'
p3561
I108
sS'noticed'
p3562
I108
sS'hehe'
p3563
I104
sS"you're"
p3564
I103
sS'ancient'
p3565
I107
sS'start'
p3566
I98
sS'festival'
p3567
I108
sS'unknown'
p3568
I105
sS'grip'
p3569
I108
sS'system'
p3570
I108
sS'priority'
p3571
I108
sS'their'
p3572
I84
sS'attack'
p3573
I106
sS'lov'
p3574
I108
sS'angry'
p3575
I108
sS'final'
p3576
I106
sS'cabin'
p3577
I107
sS'malibu'
p3578
I106
sS'shell'
p3579
I108
sS'shiny'
p3580
I107
sS'shorts'
p3581
I108
sS'fizzes'
p3582
I108
sS'completed'
p3583
I108
sS'nobody'
p3584
I104
sS'innovate'
p3585
I108
sS'blazers'
p3586
I107
sS'manipulation'
p3587
I108
sS'july'
p3588
I107
sS'picked'
p3589
I108
sS'neck'
p3590
I107
sS'ipad'
p3591
I107
sS'loved'
p3592
I108
sS'slack'
p3593
I108
sS'"ball'
p3594
I108
sS'boring'
p3595
I108
sS'bother'
p3596
I107
sS'good..sta'
p3597
I108
sS'bed'
p3598
I98
sS'loves'
p3599
I108
sS'lover'
p3600
I107
sS'dumb'
p3601
I102
sS'bet'
p3602
I104
sS'chats'
p3603
I108
sS'false'
p3604
I107
sS'drop-shipping'
p3605
I108
sS'1.8'
p3606
I108
sS'americos'
p3607
I108
sS'curves'
p3608
I108
sS'tonight'
p3609
I92
sS'corrupt'
p3610
I108
sS'mornings'
p3611
I108
sS'torment'
p3612
I108
sS'have'
p3613
I19
sS'need'
p3614
I47
sS'columbia\xe2\x80\xa6'
p3615
I107
sS'apparently'
p3616
I105
sS'necessities'
p3617
I108
sS'screw'
p3618
I94
sS'afraid'
p3619
I99
sS"let's"
p3620
I99
sS'mil'
p3621
I108
sS'dallas'
p3622
I106
sS'hesitance'
p3623
I108
sS'able'
p3624
I108
sS'switch'
p3625
I107
sS'hangover'
p3626
I108
sS'monica'
p3627
I108
sS'mix'
p3628
I108
sS'pivotal'
p3629
I108
sS'latina'
p3630
I108
sS'which'
p3631
I103
sS'jail'
p3632
I108
sS'asshole'
p3633
I105
sS'are\xe2\x80\x9d'
p3634
I108
sS'='
p3635
I108
sS'soap'
p3636
I108
sS'18:29:48.0,34.1799105,-118.536561,1393.02,meek'
p3637
I108
sS'bay'
p3638
I108
sS'unless'
p3639
I105
sS'pretzels'
p3640
I108
sS'combat'
p3641
I108
sS'aww'
p3642
I107
sS'flewww'
p3643
I108
sS'who'
p3644
I81
sS'taints'
p3645
I108
sS'dumbasses'
p3646
I107
sS'you"'
p3647
I108
sS'intentions'
p3648
I107
sS'lust'
p3649
I108
sS'eight'
p3650
I108
sS'satire'
p3651
I108
sS'awe'
p3652
I108
sS'why'
p3653
I45
sS'fack'
p3654
I108
sS'consequences'
p3655
I108
sS'saddest'
p3656
I108
sS'32k'
p3657
I108
sS'salty'
p3658
I107
sS'request'
p3659
I108
sS'disease'
p3660
I108
sS'face'
p3661
I99
sS'looked'
p3662
I102
sS"you'll"
p3663
I101
sS'fiasco'
p3664
I108
sS'skinny'
p3665
I108
sS'hearts\xe2\x80\xa2'
p3666
I108
sS'fact'
p3667
I104
sS'gain'
p3668
I107
sS'son'
p3669
I108
sS'text'
p3670
I106
sS'assholes'
p3671
I104
sS'anyway'
p3672
I103
sS'longevity'
p3673
I108
sS'bring'
p3674
I95
sS'planning'
p3675
I108
sS'slippin'
p3676
I106
sS'chicken'
p3677
I106
sS'seal'
p3678
I108
sS'brink'
p3679
I107
sS'envy'
p3680
I108
sS'ubaa'
p3681
I108
sS'based'
p3682
I105
sS'fattest'
p3683
I108
sS'earned'
p3684
I108
sS'('
p3685
I106
sS'"god"'
p3686
I108
sS'pickup'
p3687
I108
sS'should'
p3688
I84
sS'gang!!!!!\xe2\x80\x9dobmts'
p3689
I108
sS'grabber'
p3690
I108
sS'irk'
p3691
I108
sS"anyone's"
p3692
I108
sS'team)'
p3693
I108
sS'prancing'
p3694
I108
sS'riding'
p3695
I106
sS'piano'
p3696
I108
sS'handsome'
p3697
I107
sS'thousands'
p3698
I108
sS'hope'
p3699
I99
sS'meant'
p3700
I106
sS"boar'd"
p3701
I108
sS'doubting'
p3702
I107
sS'handle'
p3703
I108
sS'pets'
p3704
I108
sS'listened'
p3705
I108
sS'means'
p3706
I99
sS'beat'
p3707
I98
sS'999'
p3708
I108
sS'hire'
p3709
I107
sS'sponsors'
p3710
I108
sS'120'
p3711
I108
sS'community'
p3712
I108
sS'ones'
p3713
I104
sS'stars'
p3714
I108
sS'words'
p3715
I107
sS'timing'
p3716
I108
sS'score'
p3717
I108
sS'entity'
p3718
I107
sS'areas'
p3719
I108
sS'tachi'
p3720
I108
sS"arnold's"
p3721
I108
sS'brain'
p3722
I107
sS'amex'
p3723
I108
sS'married'
p3724
I107
sS'hamstring'
p3725
I108
sS'yearn'
p3726
I108
sS'taxes'
p3727
I108
sS'teams'
p3728
I108
sS'stuff'
p3729
I100
sS'she'
p3730
I62
sS'wish'
p3731
I89
sS'including'
p3732
I108
sS',91356\n493958667780120576,_dopet,2014-07-29'
p3733
I108
sS'prepped'
p3734
I108
sS'24hrs'
p3735
I108
sS'preach'
p3736
I105
sS'guessing'
p3737
I108
sS'btw'
p3738
I108
sS'housewives'
p3739
I108
sS'postponing'
p3740
I108
sS'turkeys'
p3741
I108
sS'today/tonight'
p3742
I108
sS'humans'
p3743
I108
sS'we'
p3744
I73
sS'hosting'
p3745
I108
sS'loooong'
p3746
I108
sS'computer'
p3747
I108
sS'distract'
p3748
I108
sS'desperate'
p3749
I106
sS'omg'
p3750
I105
sS'humane'
p3751
I108
sS'\xe2\x9c\x8b\xe2\x9c\x8b\xe2\x9c\x8b\xe2\x9c\x8b\xe2\x9c\x8b'
p3752
I108
sS'closer'
p3753
I103
sS'pornstars'
p3754
I108
sS'interview'
p3755
I108
sS'luv'
p3756
I107
sS'has'
p3757
I61
sS'genius'
p3758
I107
sS'nightmare'
p3759
I106
sS'tool'
p3760
I108
sS'punched'
p3761
I108
sS'"things'
p3762
I108
sS'favor'
p3763
I104
sS'state'
p3764
I106
sS'connection'
p3765
I108
sS'thissss'
p3766
I108
sS'horrible'
p3767
I105
sS'ebola'
p3768
I107
sS'leashes'
p3769
I108
sS'blocked'
p3770
I108
sS'email'
p3771
I106
sS'tent'
p3772
I106
sS'ethic'
p3773
I108
sS'ends'
p3774
I108
sS'weighing'
p3775
I108
sS'ability'
p3776
I107
sS'01:33:19.0,34.1746795,-118.5378241,1393.02,save'
p3777
I108
sS'opening'
p3778
I107
sS'breeze'
p3779
I108
sS'cacoon'
p3780
I108
sS'90%'
p3781
I108
sS'the\xe2\x80\xa6'
p3782
I108
sS'job'
p3783
I103
sS'key'
p3784
I108
sS'approval'
p3785
I108
sS'precious'
p3786
I108
sS'2pm'
p3787
I108
sS'legit'
p3788
I107
sS'monitor'
p3789
I108
sS'3-5'
p3790
I108
sS'"surprise'
p3791
I108
sS'yeeeeah'
p3792
I108
sS'career'
p3793
I108
sS'joke'
p3794
I105
sS'taking'
p3795
I105
sS'gingers'
p3796
I108
sS'minds'
p3797
I107
sS'bloomer'
p3798
I108
sS'manstrates'
p3799
I107
sS'consider'
p3800
I108
sS'admit'
p3801
I108
sS'figures'
p3802
I106
sS'atleast'
p3803
I108
sS'foe'
p3804
I108
sS'passing'
p3805
I108
sS'labow'
p3806
I108
sS'jersey'
p3807
I108
sS'otherwise'
p3808
I106
sS'vent'
p3809
I108
sS'dust'
p3810
I108
sS'hehehe'
p3811
I108
sS'censorship'
p3812
I108
sS'cm'
p3813
I108
sS'toilet'
p3814
I108
sS'wall'
p3815
I107
sS'tuesday'
p3816
I106
sS'wonder'
p3817
I108
sS'walk'
p3818
I103
sS'genre'
p3819
I108
sS'606'
p3820
I108
sS"falcon's"
p3821
I107
sS'laugh'
p3822
I107
sS'cousin'
p3823
I108
sS'whispering'
p3824
I108
sS'respect'
p3825
I107
sS'points'
p3826
I108
sS'quit'
p3827
I106
sS'yay'
p3828
I106
sS'tread'
p3829
I107
sS"it's"
p3830
I57
sS'shame'
p3831
I108
sS'mauser'
p3832
I108
sS'genetic'
p3833
I108
sS'willing'
p3834
I108
sS'slowly'
p3835
I108
sS'treat'
p3836
I106
sS'feliz'
p3837
I108
sS'600000+'
p3838
I108
sS'waste'
p3839
I101
sS'yaa'
p3840
I108
sS'killed'
p3841
I108
sS'username'
p3842
I108
sS'faced'
p3843
I108
sS'peties'
p3844
I108
sS'league'
p3845
I107
sS'moved'
p3846
I107
sS'vibing'
p3847
I108
sS'd\xc3\x89j\xc3\x80'
p3848
I108
sS'injustices'
p3849
I108
sS'crappy'
p3850
I108
sS'hmm'
p3851
I107
sS'finished'
p3852
I108
sS'excuse/reason'
p3853
I108
sS'-.-'
p3854
I107
sS'bull'
p3855
I107
sS"petie's"
p3856
I107
sS'"pickleboy'
p3857
I108
sS'past\xe2\x80\xa6\xe2\x80\xa6\xe2\x80\xa6'
p3858
I108
sS'spain'
p3859
I108
sS'even\xe2\x80\xa6'
p3860
I108
sS'kenya'
p3861
I108
sS'therefor'
p3862
I108
sS'harder'
p3863
I108
sS'irate'
p3864
I108
sS'choices'
p3865
I108
sS'will'
p3866
I18
sS'will('
p3867
I108
sS'gucci'
p3868
I108
sS'hahaha'
p3869
I103
sS'wild'
p3870
I108
sS'pictures'
p3871
I108
sS'venomous'
p3872
I108
sS'gonnabes'
p3873
I108
sS'frustrating'
p3874
I108
sS'jnssgthr'
p3875
I108
sS'it....yes'
p3876
I108
sS'dent'
p3877
I108
sS'lesnar'
p3878
I108
sS'almost'
p3879
I100
sS'delusion'
p3880
I108
sS'surface'
p3881
I107
sS'helped'
p3882
I107
sS'simone'
p3883
I108
sS'vs'
p3884
I106
sS'avi'
p3885
I106
sS'winnetka'
p3886
I107
sS'crash'
p3887
I108
sS'bicken'
p3888
I108
sS'can.you'
p3889
I108
sS'whore'
p3890
I104
sS'denial'
p3891
I108
sS'productivity'
p3892
I108
sS'doughboi'
p3893
I108
sS')'
p3894
I108
sS'35k'
p3895
I108
sS'upside'
p3896
I108
sS'eric'
p3897
I108
sS'wicked'
p3898
I108
sS'unity'
p3899
I108
sS'parts'
p3900
I107
sS'speaker'
p3901
I108
sS'v\xc5\xa8'
p3902
I108
sS'digging'
p3903
I108
sS'inch'
p3904
I108
sS'party'
p3905
I104
sS'gets'
p3906
I101
sS'"hurt'
p3907
I108
sS'difficult'
p3908
I106
sS'ball'
p3909
I107
sS'columbia'
p3910
I94
sS'selfish'
p3911
I108
sS'1-0'
p3912
I108
sS'juju'
p3913
I108
sS'drink'
p3914
I106
sS'effect'
p3915
I106
sS'tambien'
p3916
I107
sS'beast'
p3917
I106
sS'fucken'
p3918
I108
sS"janelle's"
p3919
I108
sS'student'
p3920
I108
sS'fucked'
p3921
I105
sS"writer's"
p3922
I108
sS'destruction'
p3923
I107
sS'off'
p3924
I73
sS'center'
p3925
I108
sS'sweets'
p3926
I108
sS'i'
p3927
I1
sS'"life'
p3928
I108
sS'contest'
p3929
I108
sS'well'
p3930
I96
sS'agency'
p3931
I108
sS'fighting'
p3932
I107
sS'antonio'
p3933
I107
sS'thought'
p3934
I94
sS'theses'
p3935
I108
sS'oops'
p3936
I108
sS',91356\n486714845438300161,the_flash7,2014-07-09'
p3937
I108
sS'credibility'
p3938
I108
sS'position'
p3939
I108
sS'\xe2\x9c\x8a'
p3940
I108
sS'muscle'
p3941
I108
sS'exposable'
p3942
I108
sS'usual'
p3943
I106
sS'underdog'
p3944
I108
sS'legendary'
p3945
I107
sS'less'
p3946
I100
sS'moments'
p3947
I108
sS"should've"
p3948
I107
sS'gun'
p3949
I108
sS'atten'
p3950
I108
sS'sources'
p3951
I108
sS'mistakes'
p3952
I108
sS'paul'
p3953
I108
sS'lately'
p3954
I108
sS'126th'
p3955
I108
sS'happiness'
p3956
I108
sS'jean'
p3957
I108
sS'web'
p3958
I108
sS'wee'
p3959
I108
sS'woman'
p3960
I108
sS'work"'
p3961
I107
sS'drunk'
p3962
I105
sS'sky'
p3963
I106
sS'realize'
p3964
I103
sS'simple'
p3965
I108
sS'isnot'
p3966
I108
sS'other'
p3967
I95
sS'attractive'
p3968
I107
sS'smart'
p3969
I108
sS'throne'
p3970
I108
sS'kick'
p3971
I106
sS'resolved'
p3972
I108
sS'unleashed'
p3973
I108
sS'"start"'
p3974
I108
sS'fate'
p3975
I108
sS'government'
p3976
I105
sS"who's"
p3977
I106
sS'livid'
p3978
I108
sS'touch\xc3\xa9'
p3979
I108
sS'five'
p3980
I107
sS'know'
p3981
I56
sS'facial'
p3982
I108
sS'desk'
p3983
I108
sS'hehehehe'
p3984
I108
sS'immediately'
p3985
I108
sS'nvm'
p3986
I108
sS'pier'
p3987
I108
sS'you'
p3988
I6
sS'trash'
p3989
I107
sS'necessary'
p3990
I108
sS'like'
p3991
I24
sS'success'
p3992
I106
sS'miami'
p3993
I108
sS'saget'
p3994
I108
sS'fernando'
p3995
I106
sS'loser'
p3996
I106
sS'talkin'
p3997
I108
sS'vortex'
p3998
I108
sS'payments'
p3999
I108
sS'lose'
p4000
I104
sS'joj'
p4001
I108
sS'become'
p4002
I107
sS'works'
p4003
I105
sS'slimmed'
p4004
I108
sS'frosty'
p4005
I108
sS'floodgates'
p4006
I107
sS'because'
p4007
I63
sS'whiney'
p4008
I108
sS'twitter'
p4009
I96
sS'authority'
p4010
I107
sS'self'
p4011
I108
sS'hair'
p4012
I107
sS'cartmanland'
p4013
I108
sS'03:18:18.0,34.1746795,-118.5378241,1393.02,im'
p4014
I108
sS'shes'
p4015
I108
sS'band'
p4016
I108
sS'proper'
p4017
I107
sS'home'
p4018
I99
sS'mortals'
p4019
I108
sS'neglecting'
p4020
I108
sS'happens'
p4021
I101
sS'jays'
p4022
I108
sS'jeremy'
p4023
I108
sS'lead'
p4024
I107
sS'esp'
p4025
I108
sS'literally'
p4026
I107
sS'lean'
p4027
I108
sS'14th'
p4028
I108
sS'students'
p4029
I108
sS'does'
p4030
I95
sS'passion'
p4031
I108
sS'fuccs'
p4032
I108
sS'screwed'
p4033
I108
sS'forgettable'
p4034
I108
sS'trap'
p4035
I108
sS'uhhhh'
p4036
I108
sS'shinny'
p4037
I108
sS'pepper'
p4038
I108
sS'noise'
p4039
I108
sS'coated'
p4040
I108
sS'worthless'
p4041
I108
sS'pressure'
p4042
I106
sS'murdered'
p4043
I108
sS'petty'
p4044
I106
sS'ours'
p4045
I108
sS'worthy'
p4046
I108
sS'drained'
p4047
I108
sS'motive'
p4048
I108
sS'r'
p4049
I107
sS'loans'
p4050
I108
sS'noisy'
p4051
I108
sS'internship'
p4052
I108
sS'gifts'
p4053
I108
sS'about'
p4054
I45
sS':-)'
p4055
I108
sS'rare'
p4056
I107
sS'getting'
p4057
I77
sS'swimmingly'
p4058
I108
sS'universe'
p4059
I96
sS'cleans'
p4060
I107
sS'scott'
p4061
I108
sS'angeles'
p4062
I107
sS'mofo'
p4063
I100
sS'swear'
p4064
I101
sS'fuddle'
p4065
I108
sS'urges'
p4066
I108
sS'clooney'
p4067
I108
sS'binge'
p4068
I108
sS'noho'
p4069
I108
sS'swimming'
p4070
I107
sS'own'
p4071
I101
sS'that""i'
p4072
I107
sS'owe'
p4073
I107
sS'pussy'
p4074
I108
sS'nerves'
p4075
I108
sS'billions'
p4076
I108
sS'chronic'
p4077
I108
sS'...no'
p4078
I108
sS'weather'
p4079
I103
sS'promise'
p4080
I107
sS'zoology'
p4081
I108
sS'managing'
p4082
I108
sS'pointless'
p4083
I108
sS'mere'
p4084
I108
sS'lowkey'
p4085
I108
sS'bikes'
p4086
I108
sS'wack'
p4087
I105
sS'van'
p4088
I108
sS'val'
p4089
I108
sS'blueberry'
p4090
I108
sS'grapevine'
p4091
I108
sS'museum'
p4092
I108
sS'fooling'
p4093
I108
sS'kidding'
p4094
I108
sS'overestimate'
p4095
I108
sS'spread'
p4096
I108
sS'delusions'
p4097
I108
sS'biggest'
p4098
I107
sS'maze'
p4099
I108
sS'cliff'
p4100
I108
sS'swerved'
p4101
I108
sS'naturally'
p4102
I108
sS'buy'
p4103
I102
sS'north'
p4104
I106
sS'complacency'
p4105
I108
sS'annabelle'
p4106
I107
sS"i've"
p4107
I106
sS'bus'
p4108
I108
sS'bitches'
p4109
I99
sS'but'
p4110
I27
sS'hi'
p4111
I99
sS'wealthier'
p4112
I108
sS'goals'
p4113
I105
sS'hottttt'
p4114
I107
sS'ha'
p4115
I105
sS'eat'
p4116
I101
sS'he'
p4117
I87
sS'count'
p4118
I108
sS'made'
p4119
I88
sS'wise'
p4120
I108
sS'places'
p4121
I108
sS'whether'
p4122
I107
sS'dangerous'
p4123
I107
sS'official'
p4124
I104
sS'flip'
p4125
I107
sS'triumphant'
p4126
I108
sS'excitement'
p4127
I107
sS'cruel'
p4128
I106
sS'convince'
p4129
I107
sS'limit'
p4130
I108
sS'empty'
p4131
I107
sS'fetch'
p4132
I108
sS'cake'
p4133
I103
sS'problem'
p4134
I105
sS'piece'
p4135
I100
sS'minutes'
p4136
I107
sS"life's"
p4137
I108
sS'whateva'
p4138
I108
sS'operation'
p4139
I108
sS'kelsey'
p4140
I108
sS'intimidating'
p4141
I107
sS'mask'
p4142
I108
sS'universal'
p4143
I108
sS'pic'
p4144
I104
sS'meaningless'
p4145
I107
sS'pig'
p4146
I108
sS'precioso'
p4147
I108
sS'70%'
p4148
I108
sS'pip'
p4149
I107
sS'shooting'
p4150
I108
sS'happen'
p4151
I88
sS'worse'
p4152
I108
sS'incredible'
p4153
I101
sS'dressed'
p4154
I107
sS'boot'
p4155
I108
sS'40'
p4156
I108
sS'monitors'
p4157
I108
sS'surreal'
p4158
I108
sS'book'
p4159
I106
sS'compares'
p4160
I108
sS'details'
p4161
I107
sS'sick'
p4162
I83
sS'mass'
p4163
I108
sS'illusion'
p4164
I107
sS'conclusion'
p4165
I107
sS'canada'
p4166
I108
sS'junk'
p4167
I106
sS'repeat'
p4168
I108
sS'star'
p4169
I108
sS'monday'
p4170
I103
sS'class'
p4171
I106
sS'june'
p4172
I101
sS'stay'
p4173
I98
sS'chance'
p4174
I97
sS'\xe2\x80\xa2'
p4175
I108
sS'uba'
p4176
I107
sS'kinda'
p4177
I106
sS'\xe2\x80\xa6'
p4178
I108
sS'jackson'
p4179
I108
sS'gap'
p4180
I108
sS'friends'
p4181
I98
sS'christians'
p4182
I108
sS'goin'
p4183
I108
sS'rights'
p4184
I108
sS'focused'
p4185
I108
sS'|rt'
p4186
I108
sS'turd'
p4187
I108
sS'subscribe'
p4188
I108
sS'persistent'
p4189
I108
sS'lightskin'
p4190
I108
sS'strings'
p4191
I108
sS'"universe"'
p4192
I108
sS'write'
p4193
I108
sS'lives'
p4194
I106
sS'generalizeyou'
p4195
I108
sS'sanett\xe2\x80\x9d'
p4196
I108
s.