(dp0
S''
p1
I3
sS'raining'
p2
I36
sS'all'
p3
I20
sS'multiplayer'
p4
I36
sS':('
p5
I34
sS':)'
p6
I32
sS'swerving'
p7
I36
sS'chillin'
p8
I36
sS'month'
p9
I36
sS'*flexes'
p10
I36
sS'skate'
p11
I36
sS'sleep'
p12
I35
sS'cooperative'
p13
I36
sS'hanging'
p14
I36
sS'go'
p15
I31
sS'liar'
p16
I36
sS'hate'
p17
I34
sS':3'
p18
I36
sS'mucho'
p19
I36
sS'"spurs'
p20
I36
sS'comfort)'
p21
I36
sS'hunting'
p22
I36
sS'filming'
p23
I36
sS'powderpuff'
p24
I36
sS'tweet'
p25
I34
sS'wassup'
p26
I36
sS'\xe2\x98\xba\xef\xb8\x8f'
p27
I36
sS'send'
p28
I36
sS'to'
p29
I4
sS'finally'
p30
I36
sS'bike'
p31
I31
sS'walks'
p32
I36
sS'shameless'
p33
I36
sS'under'
p34
I36
sS'blunt:30'
p35
I36
sS'smile'
p36
I36
sS'sorry'
p37
I35
sS'worth'
p38
I36
sS'$44'
p39
I36
sS"sweatin'"
p40
I36
sS'mouf'
p41
I36
sS'center)'
p42
I36
sS'very'
p43
I33
sS'every'
p44
I36
sS'jack'
p45
I36
sS'fam'
p46
I35
sS'join'
p47
I36
sS'ticket'
p48
I34
sS'sme'
p49
I36
sS'cool'
p50
I32
sS'four'
p51
I36
sS'school'
p52
I35
sS'heaven'
p53
I36
sS'clouds'
p54
I36
sS'peor'
p55
I36
sS'did'
p56
I35
sS'eva'
p57
I36
sS'notes'
p58
I36
sS'hyperactive'
p59
I36
sS"they've"
p60
I36
sS'gum'
p61
I36
sS'try'
p62
I35
sS'solid'
p63
I36
sS'vibes'
p64
I36
sS'team'
p65
I35
sS'small'
p66
I36
sS'guy'
p67
I32
sS'tru'
p68
I34
sS'scurrrrd'
p69
I36
sS'20th'
p70
I36
sS'9pm'
p71
I36
sS'enjoy'
p72
I35
sS'upper'
p73
I36
sS'work'
p74
I32
sS'says'
p75
I36
sS'regret'
p76
I36
sS'tired'
p77
I33
sS'favorites'
p78
I36
sS'rec'
p79
I36
sS'freakin'
p80
I36
sS'tee'
p81
I36
sS'sign'
p82
I35
sS'design'
p83
I36
sS'gig'
p84
I36
sS'eating'
p85
I36
sS'hopefully'
p86
I36
sS'even'
p87
I31
sS'chalk'
p88
I36
sS'what'
p89
I20
sS'font'
p90
I36
sS'christ'
p91
I36
sS'txted'
p92
I36
sS'giving'
p93
I36
sS'sun'
p94
I35
sS'maroon5'
p95
I36
sS'(food'
p96
I36
sS'frickin'
p97
I36
sS'fucks'
p98
I36
sS'find'
p99
I36
sS'business'
p100
I36
sS'lights'
p101
I36
sS'walkabout'
p102
I36
sS'new'
p103
I28
sS'staff'
p104
I36
sS'ever'
p105
I32
sS'bird'
p106
I36
sS'told'
p107
I36
sS'full'
p108
I35
sS'led'
p109
I35
sS'50x'
p110
I36
sS'sincere'
p111
I36
sS'never'
p112
I31
sS'(los'
p113
I33
sS'victory'
p114
I36
sS'met'
p115
I36
sS'tracks'
p116
I36
sS'studio'
p117
I35
sS'others'
p118
I36
sS'path'
p119
I31
sS'along'
p120
I36
sS'bahahaaa'
p121
I36
sS'wait'
p122
I34
sS'dry'
p123
I36
sS'boy'
p124
I36
sS'great'
p125
I34
sS'daughter'
p126
I36
sS'hbd'
p127
I36
sS'fsho'
p128
I36
sS'30'
p129
I36
sS'lakers'
p130
I36
sS'oxymoron'
p131
I36
sS'amount'
p132
I36
sS'horrible'
p133
I36
sS"weren't"
p134
I36
sS'pick'
p135
I35
sS'usually'
p136
I36
sS'opinion'
p137
I36
sS"i'm"
p138
I9
sS"someone's"
p139
I36
sS'makes'
p140
I36
sS'spread\xe2\x80\xa6'
p141
I36
sS'king'
p142
I36
sS'fantastic'
p143
I36
sS'love'
p144
I26
sS'beer"'
p145
I36
sS'family'
p146
I35
sS'"me'
p147
I36
sS'situations'
p148
I36
sS'merely'
p149
I36
sS'dedicated'
p150
I36
sS'private'
p151
I36
sS'brought'
p152
I36
sS'hahahahah'
p153
I36
sS'manny'
p154
I36
sS'thought'
p155
I36
sS'1st'
p156
I36
sS'"my'
p157
I36
sS'unit'
p158
I36
sS'4ever'
p159
I36
sS'everybody'
p160
I36
sS'hahahahaha'
p161
I36
sS'from'
p162
I29
sS'perf'
p163
I36
sS'would'
p164
I34
sS'baes'
p165
I35
sS'positive'
p166
I36
sS'preg'
p167
I36
sS'century'
p168
I36
sS'dude'
p169
I35
sS'two'
p170
I35
sS'next'
p171
I35
sS'dnt'
p172
I36
sS'ca)'
p173
I33
sS'jam'
p174
I36
sS'call'
p175
I35
sS'chu'
p176
I36
sS'typo'
p177
I36
sS'was\xe2\x80\xa6'
p178
I36
sS'coachella'
p179
I36
sS'tell'
p180
I34
sS'today'
p181
I31
sS'more'
p182
I32
sS'tryna'
p183
I36
sS'babe'
p184
I36
sS'knows'
p185
I36
sS'relax'
p186
I36
sS'club'
p187
I36
sS'laughs'
p188
I36
sS'ooo'
p189
I36
sS'important'
p190
I36
sS'clients'
p191
I36
sS'hurt'
p192
I36
sS'phone'
p193
I34
sS'dood'
p194
I36
sS'nomad'
p195
I33
sS'baby'
p196
I34
sS'rare'
p197
I36
sS'effort'
p198
I36
sS'gangsta'
p199
I36
sS'must'
p200
I36
sS'me'
p201
I7
sS'couples'
p202
I36
sS'brooke'
p203
I36
sS'cd-13'
p204
I36
sS'word'
p205
I36
sS'room'
p206
I36
sS'hour'
p207
I36
sS'niggas'
p208
I36
sS'this'
p209
I16
sS'car'
p210
I35
sS'ride'
p211
I36
sS'getting'
p212
I32
sS'sucks'
p213
I35
sS'soul'
p214
I35
sS'mk'
p215
I36
sS'wallet'
p216
I36
sS'daniel'
p217
I36
sS'obvious'
p218
I36
sS'can'
p219
I23
sS'den'
p220
I36
sS'mr'
p221
I36
sS'making'
p222
I31
sS'my'
p223
I9
sS'beautiful'
p224
I35
sS'crazy'
p225
I36
sS'months'
p226
I35
sS'give'
p227
I34
sS'lives'
p228
I36
sS'awesome'
p229
I35
sS"beachin'"
p230
I36
sS"didn't"
p231
I35
sS'fuck'
p232
I32
sS'stoked'
p233
I36
sS'mayhem'
p234
I36
sS'celine'
p235
I36
sS'something'
p236
I33
sS'want'
p237
I28
sS'wonderful'
p238
I36
sS'pong'
p239
I36
sS'clarks'
p240
I36
sS'dress'
p241
I36
sS'tan'
p242
I36
sS'working'
p243
I36
sS'ceremony'
p244
I36
sS'huge'
p245
I36
sS'answer'
p246
I36
sS'untru'
p247
I36
sS'turn'
p248
I34
sS'complaining'
p249
I36
sS'six'
p250
I36
sS'ping'
p251
I36
sS'1'
p252
I36
sS'how'
p253
I29
sS'hot'
p254
I36
sS'occasionally'
p255
I36
sS'ent'
p256
I35
sS'cling'
p257
I36
sS'interview'
p258
I33
sS'steppers'
p259
I36
sS'beach'
p260
I35
sS'niall'
p261
I36
sS'map'
p262
I36
sS'okay'
p263
I36
sS'"kobe"'
p264
I36
sS'beauty'
p265
I36
sS'rudd'
p266
I36
sS'kickstarter'
p267
I36
sS'after'
p268
I33
sS'housemate'
p269
I36
sS'diva'
p270
I36
sS'3'
p271
I36
sS'wrong'
p272
I36
sS'birthday'
p273
I35
sS'blood'
p274
I36
sS'frap'
p275
I36
sS'hahahaha'
p276
I34
sS'waste'
p277
I36
sS'core'
p278
I36
sS'blassst'
p279
I36
sS'guys'
p280
I34
sS'promotion'
p281
I36
sS'furniture'
p282
I36
sS'man'
p283
I34
sS'a'
p284
I6
sS'superbad'
p285
I36
sS'short'
p286
I36
sS'remember'
p287
I34
sS'relocating'
p288
I36
sS'tbh'
p289
I36
sS'maybe'
p290
I36
sS'lame'
p291
I36
sS'shutting'
p292
I36
sS'maintain'
p293
I36
sS'honestly'
p294
I35
sS'ultimate'
p295
I36
sS'keeps'
p296
I36
sS'sc'
p297
I35
sS'facebook'
p298
I36
sS'strippers'
p299
I36
sS'playing'
p300
I36
sS'talk'
p301
I35
sS"that's"
p302
I30
sS'sweatin'
p303
I36
sS"don't"
p304
I29
sS'moves'
p305
I36
sS'cpcouple'
p306
I36
sS'over'
p307
I35
sS'move'
p308
I36
sS'facial'
p309
I36
sS'soon'
p310
I34
sS'installed'
p311
I36
sS'brain'
p312
I36
sS"won't"
p313
I34
sS'elevated'
p314
I36
sS'peavy'
p315
I36
sS'hell'
p316
I35
sS'cold'
p317
I36
sS'still'
p318
I35
sS'otherswhy'
p319
I36
sS'mayor'
p320
I35
sS'perfect'
p321
I35
sS'style'
p322
I36
sS'blunts'
p323
I36
sS'20'
p324
I36
sS'thank'
p325
I33
sS'la'
p326
I17
sS'personal'
p327
I36
sS'gonzales'
p328
I36
sS'leggo'
p329
I36
sS'amazing'
p330
I36
sS'actually'
p331
I35
sS'better'
p332
I34
sS'damascus'
p333
I36
sS'marsh'
p334
I29
sS'button'
p335
I36
sS'&played'
p336
I36
sS'mail'
p337
I36
sS'tomorow'
p338
I35
sS'bye'
p339
I34
sS'might'
p340
I36
sS'selfie'
p341
I36
sS"haven't"
p342
I35
sS'happened'
p343
I34
sS'dad'
p344
I36
sS'them'
p345
I35
sS'good'
p346
I22
sS'hop'
p347
I36
sS'entire'
p348
I36
sS'food'
p349
I36
sS'conversations'
p350
I36
sS"we'll"
p351
I36
sS'clippers'
p352
I34
sS'break'
p353
I36
sS'housemates'
p354
I36
sS'cutting'
p355
I36
sS'therapy'
p356
I36
sS'starbucks'
p357
I36
sS'they'
p358
I33
sS'half'
p359
I36
sS'not'
p360
I26
sS'crowed'
p361
I36
sS'now'
p362
I27
sS'day'
p363
I30
sS'bigger'
p364
I36
sS'easily'
p365
I36
sS'thankful'
p366
I36
sS'sundays'
p367
I36
sS'always'
p368
I35
sS'weather'
p369
I36
sS'mode'
p370
I35
sS'breeze'
p371
I36
sS'found'
p372
I34
sS'went'
p373
I35
sS'difficult'
p374
I36
sS'mad'
p375
I36
sS'side'
p376
I35
sS'luck'
p377
I36
sS'studios'
p378
I36
sS'everyone'
p379
I33
sS'doing'
p380
I36
sS'house'
p381
I31
sS'dreamboat'
p382
I36
sS'hard'
p383
I36
sS'ft'
p384
I36
sS'yeah'
p385
I32
sS"andy's"
p386
I36
sS'tonite'
p387
I36
sS'busto'
p388
I36
sS'chunt'
p389
I36
sS'year'
p390
I36
sS'a1'
p391
I36
sS'our'
p392
I35
sS'girl'
p393
I34
sS'event'
p394
I36
sS'special'
p395
I36
sS'out'
p396
I19
sS'rt'
p397
I33
sS'leave'
p398
I36
sS'\xe2\x9a\xbe\xef\xb8\x8f'
p399
I36
sS'worrrrd'
p400
I36
sS'satans'
p401
I36
sS'jokes'
p402
I36
sS'god'
p403
I34
sS'since'
p404
I34
sS'central'
p405
I36
sS'looking'
p406
I34
sS'may'
p407
I36
sS'acting'
p408
I35
sS'stupid'
p409
I35
sS"shouldn't"
p410
I36
sS"they'll"
p411
I36
sS'got'
p412
I24
sS'rn'
p413
I34
sS'cause'
p414
I36
sS'ass'
p415
I33
sS'shut'
p416
I36
sS'dodgers'
p417
I36
sS'jessica'
p418
I36
sS'revitalization\xe2\x80\xa6'
p419
I36
sS'city'
p420
I36
sS'tense'
p421
I36
sS'friday'
p422
I35
sS'pumping'
p423
I36
sS'free'
p424
I36
sS'room.he'
p425
I36
sS'romans'
p426
I36
sS'smacking'
p427
I36
sS'course!\xe2\x80\xa6'
p428
I36
sS'rly'
p429
I36
sS'york'
p430
I36
sS'keys'
p431
I36
sS'imagine'
p432
I36
sS'put'
p433
I36
sS'mares'
p434
I36
sS'favs'
p435
I36
sS'wanted'
p436
I34
sS'lag'
p437
I36
sS'care'
p438
I35
sS'holding'
p439
I36
sS'barbara'
p440
I36
sS'could'
p441
I36
sS'punk'
p442
I36
sS'days'
p443
I36
sS'keep'
p444
I36
sS'thing'
p445
I34
sS'funky'
p446
I36
sS'ish'
p447
I36
sS'place'
p448
I35
sS"today's"
p449
I36
sS'swing'
p450
I36
sS'hunger'
p451
I36
sS'portal'
p452
I36
sS'castle'
p453
I34
sS'clothes'
p454
I36
sS'think'
p455
I34
sS'south'
p456
I36
sS'first'
p457
I33
sS'bridges...pop'
p458
I36
sS'saving'
p459
I36
sS'dont'
p460
I36
sS'feel'
p461
I34
sS'meet'
p462
I36
sS'number'
p463
I36
sS'sack'
p464
I34
sS'one'
p465
I30
sS'celeb'
p466
I36
sS'done'
p467
I32
sS'bitch'
p468
I31
sS'backyard'
p469
I36
sS'booty'
p470
I36
sS'miss'
p471
I34
sS'tomorrow'
p472
I32
sS'hood'
p473
I35
sS'heels'
p474
I36
sS"you're"
p475
I27
sS'story'
p476
I36
sS'long'
p477
I35
sS'1t'
p478
I36
sS'los'
p479
I35
sS'top'
p480
I35
sS'can\xc2\xa0fly'
p481
I36
sS'comfy'
p482
I36
sS'their'
p483
I35
sS'wing'
p484
I36
sS'2'
p485
I32
sS'notice'
p486
I36
sS'too'
p487
I29
sS'puppet'
p488
I36
sS'tea'
p489
I36
sS'hollywood'
p490
I36
sS'john'
p491
I35
sS"we're"
p492
I34
sS'urban'
p493
I36
sS'eyes'
p494
I36
sS'hug'
p495
I36
sS'accompany'
p496
I36
sS'way'
p497
I36
sS'relationship'
p498
I36
sS'that'
p499
I18
sS'dtla'
p500
I36
sS'exactly'
p501
I36
sS'park'
p502
I28
sS'post-rave'
p503
I36
sS'"there'
p504
I36
sS'cops'
p505
I36
sS'part'
p506
I36
sS'nigga'
p507
I36
sS'zeppelin'
p508
I36
sS'butt'
p509
I35
sS'rain'
p510
I36
sS'believe'
p511
I35
sS'chong'
p512
I36
sS'than'
p513
I35
sS'coo'
p514
I36
sS'10'
p515
I35
sS'photograph'
p516
I36
sS'b'
p517
I36
sS'15'
p518
I36
sS'lmao'
p519
I34
sS'aka'
p520
I36
sS"morning's"
p521
I36
sS'fufu'
p522
I36
sS'double'
p523
I36
sS'werewolf'
p524
I36
sS'drift'
p525
I36
sS'goodnight'
p526
I36
sS'hairpatches'
p527
I36
sS'trey'
p528
I36
sS'economies'
p529
I36
sS'33bb'
p530
I36
sS'r'
p531
I36
sS'silly'
p532
I36
sS'supposed'
p533
I36
sS'loves'
p534
I35
sS'were'
p535
I35
sS'seater'
p536
I36
sS'dumb'
p537
I36
sS'feeling'
p538
I34
sS"songshe's"
p539
I36
sS'bet'
p540
I36
sS'and'
p541
I8
sS'silence'
p542
I36
sS'youre'
p543
I36
sS'outta'
p544
I35
sS'rac'
p545
I35
sS'mind'
p546
I35
sS'argument'
p547
I36
sS'sad'
p548
I35
sS'tonight'
p549
I35
sS'say'
p550
I36
sS'>>>>>'
p551
I36
sS'have'
p552
I24
sS'need'
p553
I28
sS'seen'
p554
I35
sS'apparently'
p555
I36
sS'tells'
p556
I36
sS'sings'
p557
I36
sS'mostly'
p558
I36
sS'soak'
p559
I36
sS'congrats'
p560
I35
sS'lil'
p561
I36
sS'studying'
p562
I36
sS'self'
p563
I35
sS'-'
p564
I27
sS'snow'
p565
I36
sS'boom'
p566
I36
sS'jersey'
p567
I36
sS'potential'
p568
I36
sS'hookah'
p569
I36
sS'take'
p570
I35
sS'so'
p571
I13
sS'asshole'
p572
I36
sS'many'
p573
I36
sS'blunt'
p574
I35
sS'9tss'
p575
I36
sS';-('
p576
I36
sS'circles'
p577
I36
sS'play'
p578
I35
sS'sure'
p579
I35
sS'though'
p580
I36
sS'aww'
p581
I36
sS'frogtown'
p582
I27
sS'who'
p583
I34
sS'bigspin'
p584
I36
sS'paid'
p585
I36
sS'but\xe2\x80\xa6'
p586
I36
sS'\xc3\x9c'
p587
I36
sS'most'
p588
I35
sS'rips'
p589
I36
sS'nothing'
p590
I35
sS'hu'
p591
I36
sS'why'
p592
I34
sS'socializing'
p593
I36
sS'forever'
p594
I36
sS'volunteers'
p595
I36
sS'menswear'
p596
I36
sS'hahawhy'
p597
I36
sS'sometimes'
p598
I35
sS'drive'
p599
I35
sS'face'
p600
I35
sS'pipe'
p601
I36
sS"you'll"
p602
I36
sS'brunette'
p603
I36
sS'clean'
p604
I36
sS'nailed'
p605
I36
sS'\xe2\x98\x80\xef\xb8\x8f'
p606
I36
sS'\xe2\x9b\x8e'
p607
I36
sS'rielly'
p608
I36
sS'away'
p609
I35
sS'dot'
p610
I36
sS'shop'
p611
I36
sS'saying'
p612
I35
sS'mannydontshred'
p613
I36
sS'ugh'
p614
I35
sS'reply'
p615
I36
sS'n00dz'
p616
I36
sS'show'
p617
I35
sS'german'
p618
I36
sS'text'
p619
I33
sS'queen'
p620
I36
sS'assholes'
p621
I36
sS'anyway'
p622
I36
sS'cottage'
p623
I36
sS'stfu'
p624
I36
sS'somo'
p625
I36
sS'parked'
p626
I36
sS'la\xe2\x80\xa6'
p627
I36
sS'saturday'
p628
I36
sS'"la"'
p629
I36
sS'feat'
p630
I36
sS'enjoyed'
p631
I36
sS'recliner'
p632
I36
sS'ground'
p633
I35
sS'\xe3\x82\xab\xe3\x82\xa6\xe3\x83\xb3\xe3\x83\x88\xe3\x83\x80\xe3\x82\xa6\xe3\x83\xb3\xe3\x82\xb9\xe3\x82\xbf\xe3\x83\xbc\xe3\x83\x88\xe3\x80\x82\xe3\x83\xa9\xe3\x82\xb9\xe3\x83\x88\xe3\x83\x86\xe3\x82\xa3\xe3\x83\xbc\xe3\x83\xb3\xe3\x82\xa8\xe3\x82\xa4\xe3\x82\xb8\xe3\x83\xa3\xe3\x83\xbc\xe3\x81\xae\xe5\xa4\x9c\xe3\x81\xaf\xe3\x83\x96\xe3\x83\xa9\xe3\x82\xb8\xe3\x83\xaa\xe3\x82\xa2\xe3\x83\xb3\xe3\x83\x80\xe3\x83\xb3\xe3\x82\xb5\xe3\x83\xbc\xe3\x81\xa8'
p634
I36
sS'slow'
p635
I36
sS'(and'
p636
I36
sS'painfully'
p637
I36
sS'boring"'
p638
I36
sS'true'
p639
I34
sS'enough'
p640
I36
sS'should'
p641
I35
sS'yea'
p642
I36
sS'only'
p643
I36
sS'going'
p644
I35
sS'black'
p645
I35
sS'rick'
p646
I36
sS'pretty'
p647
I35
sS'rn"'
p648
I36
sS'dat'
p649
I36
sS'passing'
p650
I36
sS'castes.-mae'
p651
I36
sS'posted'
p652
I34
sS'pointed'
p653
I36
sS'loved'
p654
I36
sS'wearing'
p655
I36
sS'do'
p656
I21
sS'natamoot\xe2\x80\xa6'
p657
I36
sS'dm'
p658
I36
sS'dj'
p659
I35
sS'listened'
p660
I36
sS'get'
p661
I25
sS'beat'
p662
I36
sS'de'
p663
I36
sS'watch'
p664
I35
sS'congratulations'
p665
I36
sS'da'
p666
I35
sS'hellup'
p667
I36
sS'aim'
p668
I36
sS'feels'
p669
I34
sS'haunted'
p670
I36
sS'wedding'
p671
I35
sS'damnit'
p672
I36
sS'years'
p673
I36
sS'him'
p674
I35
sS'kardashians'
p675
I36
sS'freaking'
p676
I36
sS'17'
p677
I36
sS'artist'
p678
I36
sS'dissapoint'
p679
I36
sS'across'
p680
I36
sS'reload'
p681
I36
sS'bad'
p682
I32
sS'bae'
p683
I33
sS'exercises'
p684
I36
sS'she'
p685
I32
sS'shots'
p686
I36
sS'hike'
p687
I36
sS'through'
p688
I35
sS'river'
p689
I19
sS'where'
p690
I35
sS'view'
p691
I36
sS"y'all"
p692
I36
sS'afford'
p693
I36
sS'blew'
p694
I36
sS'set'
p695
I35
sS'art'
p696
I27
sS'w/'
p697
I35
sS'nut'
p698
I36
sS'lazy'
p699
I36
sS'stylist'
p700
I36
sS'welcome'
p701
I36
sS'see'
p702
I34
sS'kicked'
p703
I36
sS'asleep'
p704
I36
sS'are'
p705
I20
sS'desperate'
p706
I36
sS'hoes'
p707
I36
sS'surgery'
p708
I36
sS'ur'
p709
I36
sS'paul'
p710
I36
sS'best'
p711
I32
sS'wonder'
p712
I36
sS'xddd'
p713
I36
sS'walking'
p714
I36
sS'said'
p715
I36
sS'movie'
p716
I35
sS'wow'
p717
I33
sS'currently'
p718
I34
sS'please'
p719
I36
sS'rejecting'
p720
I36
sS'its'
p721
I35
sS'pickup'
p722
I36
sS'from\xe2\x80\xa6'
p723
I36
sS'-______-'
p724
I36
sS'prada'
p725
I36
sS'crude'
p726
I36
sS'probably'
p727
I34
sS'8ish'
p728
I36
sS'outsiders'
p729
I36
sS'piss'
p730
I35
sS'hecka'
p731
I36
sS'we'
p732
I28
sS'men'
p733
I36
sS'omg'
p734
I34
sS'wears'
p735
I36
sS'eye'
p736
I36
sS'joy'
p737
I35
sS'sold'
p738
I36
sS'tbd'
p739
I36
sS'blame'
p740
I35
sS'job'
p741
I36
sS'add'
p742
I36
sS'here'
p743
I34
sS'wtf'
p744
I35
sS'hand'
p745
I36
sS'rene'
p746
I36
sS'come'
p747
I33
sS'legit'
p748
I36
sS'21'
p749
I36
sS'both'
p750
I36
sS'weeks'
p751
I36
sS'last'
p752
I35
sS'money'
p753
I36
sS'joke'
p754
I36
sS"he's"
p755
I36
sS'mariachi'
p756
I36
sS'ching'
p757
I36
sS'puppy'
p758
I36
sS'willow'
p759
I36
sS'amoeba'
p760
I35
sS'lo'
p761
I36
sS'let'
p762
I33
sS'share'
p763
I36
sS'yelled'
p764
I36
sS'asked'
p765
I36
sS"can't"
p766
I28
sS'ily'
p767
I35
sS'being\xe2\x80\xa6'
p768
I36
sS'pose'
p769
I36
sS'headed'
p770
I36
sS'cc'
p771
I36
sS'legs'
p772
I36
sS'ca'
p773
I35
sS'stuck'
p774
I36
sS'pop'
p775
I32
sS'except'
p776
I35
sS'likes'
p777
I36
sS'laugh'
p778
I36
sS'church'
p779
I36
sS'phones'
p780
I36
sS'kings'
p781
I36
sS'sammy'
p782
I36
sS'san'
p783
I36
sS'lauren'
p784
I36
sS'pouring'
p785
I36
sS'snapchat'
p786
I36
sS'these\xe2\x80\xa6'
p787
I36
sS"katie's"
p788
I36
sS'stating'
p789
I36
sS'glocks'
p790
I36
sS"it's"
p791
I20
sS'ishod'
p792
I36
sS':/'
p793
I36
sS'three'
p794
I36
sS'been'
p795
I30
sS'yal'
p796
I36
sS'beer'
p797
I36
sS'much'
p798
I32
sS'damn'
p799
I35
sS'stadium'
p800
I35
sS'privilege'
p801
I36
sS'lovely'
p802
I35
sS'meeting'
p803
I36
sS'whoa'
p804
I36
sS'bullshit'
p805
I36
sS'wants'
p806
I36
sS'life'
p807
I32
sS'shopping'
p808
I36
sS'cobain'
p809
I36
sS'etc'
p810
I36
sS'turned'
p811
I36
sS"what's"
p812
I35
sS'excite'
p813
I36
sS'mine'
p814
I36
sS'35mm'
p815
I36
sS'lets'
p816
I36
sS'wake'
p817
I34
sS'mendes'
p818
I36
sS'2014'
p819
I36
sS'catch'
p820
I36
sS'q83ss'
p821
I36
sS'rocking'
p822
I36
sS'andrea'
p823
I36
sS'bike-in'
p824
I36
sS'those'
p825
I36
sS'sound'
p826
I36
sS'look'
p827
I34
sS'curving'
p828
I36
sS'fkn'
p829
I36
sS'these'
p830
I32
sS'easter'
p831
I36
sS'merrid'
p832
I36
sS'cracker'
p833
I36
sS'as'
p834
I30
sS'n'
p835
I36
sS'will'
p836
I30
sS'while'
p837
I34
sS'albuerne'
p838
I36
sS'12:9'
p839
I36
sS'hahaha'
p840
I36
sS'fun'
p841
I33
sS'kissing'
p842
I36
sS'slapping'
p843
I36
sS'building'
p844
I36
sS'widdit'
p845
I36
sS'piercer'
p846
I36
sS'force'
p847
I36
sS'wild'
p848
I36
sS'played'
p849
I36
sS'order'
p850
I36
sS'aqua'
p851
I36
sS'is'
p852
I14
sS'owen'
p853
I36
sS'purse'
p854
I36
sS'it'
p855
I12
sS'doooooooooo'
p856
I36
sS'helped'
p857
I36
sS'-____-'
p858
I36
sS'someone'
p859
I35
sS'im'
p860
I35
sS'in'
p861
I11
sS'ready'
p862
I35
sS'10min'
p863
I36
sS'leaving'
p864
I36
sS'everyday'
p865
I36
sS'worry'
p866
I36
sS'if'
p867
I26
sS'stands'
p868
I36
sS'gurrrrrrl'
p869
I36
sS'intense'
p870
I36
sS'annoying'
p871
I35
sS'skirt\xe2\x80\x9d'
p872
I36
sS'open'
p873
I35
sS'james'
p874
I36
sS'things'
p875
I32
sS'make'
p876
I33
sS'views'
p877
I36
sS'same'
p878
I34
sS'campus'
p879
I36
sS'craigslist'
p880
I36
sS'became'
p881
I36
sS'diego'
p882
I36
sS'rothl\xc3\xba-m\xc3\xb3r'
p883
I35
sS'wonks'
p884
I36
sS'party'
p885
I35
sS'ladies'
p886
I36
sS'emojis'
p887
I36
sS'hahaa'
p888
I36
sS'entitled'
p889
I36
sS'outside'
p890
I36
sS'used'
p891
I34
sS'need\xe2\x80\xa6'
p892
I36
sS'+'
p893
I36
sS'gallery'
p894
I33
sS'social'
p895
I36
sS'hang'
p896
I35
sS'effect'
p897
I36
sS'evil'
p898
I36
sS'bikeways'
p899
I36
sS'director'
p900
I36
sS'starbuck$'
p901
I36
sS'moving'
p902
I35
sS'wife"'
p903
I36
sS'kim'
p904
I36
sS'unicorn'
p905
I36
sS'fucked'
p906
I36
sS'without'
p907
I36
sS'frogton'
p908
I36
sS'laaahve'
p909
I36
sS'kno'
p910
I36
sS'off'
p911
I32
sS'band'
p912
I36
sS'i'
p913
I1
sS'shotgun'
p914
I36
sS'49'
p915
I36
sS'well'
p916
I35
sS'magical'
p917
I35
sS'ocean'
p918
I36
sS'tho'
p919
I36
sS'contact'
p920
I35
sS'flags'
p921
I36
sS'comes'
p922
I36
sS'y'
p923
I36
sS'hearts'
p924
I36
sS'the'
p925
I2
sS'hubby'
p926
I36
sS'yours'
p927
I35
sS'amazed'
p928
I36
sS'left'
p929
I35
sS'listening'
p930
I35
sS'just'
p931
I16
sS'less'
p932
I36
sS'being'
p933
I32
sS'photo'
p934
I34
sS'elysian'
p935
I30
sS'executive'
p936
I36
sS'austyn'
p937
I36
sS'rest'
p938
I36
sS'gtfo'
p939
I36
sS'fiiiiiine'
p940
I36
sS'front'
p941
I35
sS'thanks'
p942
I35
sS'rocked'
p943
I36
sS'roasted'
p944
I36
sS'touch'
p945
I36
sS'yes'
p946
I34
sS'can\xe2\x80\x9d'
p947
I36
sS'afro'
p948
I36
sS'yet'
p949
I35
sS'letting'
p950
I36
sS"g's"
p951
I36
sS'adrienne'
p952
I36
sS'cup'
p953
I36
sS'thinking'
p954
I36
sS'noah'
p955
I36
sS'had'
p956
I33
sS'cuz'
p957
I34
sS'killed'
p958
I35
sS'shout'
p959
I36
sS'book'
p960
I36
sS'4'
p961
I36
sS'easy'
p962
I36
sS'quick'
p963
I36
sS'has'
p964
I35
sS'solvable'
p965
I36
sS'excited'
p966
I35
sS'surprised'
p967
I36
sS'build'
p968
I36
sS'real'
p969
I36
sS'bio'
p970
I36
sS'oh...striking'
p971
I36
sS'around'
p972
I35
sS'ops'
p973
I36
sS'checking'
p974
I36
sS'couple'
p975
I35
sS'gonna'
p976
I29
sS'fast'
p977
I36
sS'early'
p978
I36
sS'game'
p979
I35
sS'oj'
p980
I36
sS'traffic'
p981
I36
sS'know'
p982
I28
sS'mom'
p983
I32
sS'wanting'
p984
I36
sS'world'
p985
I36
sS'bit'
p986
I36
sS'walk'
p987
I27
sS'sleep)'
p988
I36
sS'paint'
p989
I36
sS'apart'
p990
I35
sS'trash'
p991
I36
sS'fireworks'
p992
I36
sS'like'
p993
I22
sS'lost'
p994
I36
sS'bobby'
p995
I36
sS"ain't"
p996
I35
sS'nude'
p997
I36
sS'pounds'
p998
I36
sS'clown'
p999
I36
sS'...sometimes'
p1000
I36
sS'garage'
p1001
I36
sS'night'
p1002
I30
sS'works'
p1003
I36
sS'chico'
p1004
I36
sS'towards'
p1005
I36
sS'caged'
p1006
I36
sS'seating'
p1007
I36
sS'right'
p1008
I31
sS'old'
p1009
I36
sS'<333'
p1010
I36
sS'deal'
p1011
I36
sS'people'
p1012
I34
sS'fucking'
p1013
I34
sS'twitter'
p1014
I34
sS'some'
p1015
I31
sS'back'
p1016
I32
sS'dead'
p1017
I36
sS'standing'
p1018
I36
sS'hair'
p1019
I34
sS'echoplex'
p1020
I36
sS'experienced'
p1021
I36
sS'fools'
p1022
I36
sS'similar'
p1023
I36
sS'home'
p1024
I36
sS'classes'
p1025
I36
sS'finna'
p1026
I36
sS'ahhhhhh'
p1027
I36
sS'ignore'
p1028
I36
sS'for'
p1029
I10
sS'literally'
p1030
I36
sS'tmz'
p1031
I36
sS'trevolta'
p1032
I36
sS'fox'
p1033
I36
sS'rattlesnake'
p1034
I36
sS'everything'
p1035
I34
sS'squeeze'
p1036
I36
sS'('
p1037
I36
sS'420'
p1038
I36
sS'foo'
p1039
I36
sS'drink'
p1040
I36
sS'goodroots'
p1041
I35
sS'be'
p1042
I24
sS'ripped'
p1043
I36
sS'knew'
p1044
I36
sS'pls'
p1045
I34
sS'power'
p1046
I36
sS'bc'
p1047
I36
sS'k'
p1048
I36
sS'lose'
p1049
I35
sS'artwalk'
p1050
I35
sS'rug'
p1051
I36
sS'bj'
p1052
I36
sS'workers'
p1053
I36
sS'murdered'
p1054
I36
sS'feeds'
p1055
I36
sS'able'
p1056
I36
sS'santa'
p1057
I36
sS'by:)'
p1058
I36
sS'yay'
p1059
I36
sS'engaged'
p1060
I36
sS'super'
p1061
I35
sS'by'
p1062
I33
sS'officiating'
p1063
I36
sS'gained'
p1064
I36
sS'on'
p1065
I15
sS'about'
p1066
I25
sS'ok'
p1067
I34
sS'spaceships'
p1068
I36
sS'oh'
p1069
I33
sS'of'
p1070
I12
sS'&'
p1071
I25
sS'jake'
p1072
I36
sS'supz'
p1073
I36
sS'angeles'
p1074
I31
sS'fell'
p1075
I36
sS'stand'
p1076
I36
sS'neighbor'
p1077
I36
sS'west'
p1078
I36
sS'mixed'
p1079
I36
sS'concession'
p1080
I36
sS'wanna'
p1081
I32
sS'or'
p1082
I31
sS'dancing'
p1083
I36
sS'seeing'
p1084
I35
sS'raised'
p1085
I35
sS'whats'
p1086
I36
sS'wilderness'
p1087
I36
sS'mommy'
p1088
I36
sS'sketch'
p1089
I36
sS'usual'
p1090
I36
sS'ppl'
p1091
I35
sS'down'
p1092
I30
sS'd'
p1093
I36
sS'momma'
p1094
I36
sS'because'
p1095
I35
sS'conjoined'
p1096
I36
sS'tf'
p1097
I36
sS'springs'
p1098
I36
sS'your'
p1099
I26
sS'tonight?\xe2\x80\x9d'
p1100
I36
sS'behavior'
p1101
I36
sS'now?\xe2\x80\x9d'
p1102
I36
sS'her'
p1103
I30
sS'weekend'
p1104
I36
sS'support'
p1105
I36
sS'there'
p1106
I32
sS'live'
p1107
I33
sS'lol'
p1108
I28
sS'anisa'
p1109
I32
sS'strip'
p1110
I36
sS'start'
p1111
I35
sS'rapey'
p1112
I36
sS'camera'
p1113
I36
sS'prettier'
p1114
I35
sS'lot'
p1115
I35
sS'blow'
p1116
I36
sS'music'
p1117
I36
sS'devil'
p1118
I36
sS'was'
p1119
I26
sS'energy'
p1120
I36
sS'happy'
p1121
I33
sS'stopping'
p1122
I36
sS'9'
p1123
I36
sS'invite'
p1124
I36
sS"i've"
p1125
I30
sS'bitches'
p1126
I36
sS'lmaooo'
p1127
I36
sS'but'
p1128
I25
sS'idea'
p1129
I36
sS'boys'
p1130
I36
sS'-mark'
p1131
I36
sS'hear'
p1132
I36
sS'ahhh'
p1133
I36
sS'line'
p1134
I36
sS'trying'
p1135
I33
sS'with'
p1136
I13
sS'he'
p1137
I30
sS'groovy'
p1138
I36
sS"they're"
p1139
I36
sS'throw'
p1140
I35
sS'made'
p1141
I34
sS'utg'
p1142
I36
sS'hitter'
p1143
I36
sS"wasn't"
p1144
I35
sS'nudes'
p1145
I36
sS'up'
p1146
I14
sS'us'
p1147
I34
sS'until'
p1148
I35
sS'dawg'
p1149
I36
sS'stories'
p1150
I34
sS'uh'
p1151
I36
sS'islamic_state_of_mind'
p1152
I36
sS"corey's"
p1153
I36
sS'minutes'
p1154
I35
sS'nerds'
p1155
I36
sS'ex'
p1156
I36
sS'ac'
p1157
I36
sS'flop'
p1158
I36
sS'hotter'
p1159
I36
sS'lately'
p1160
I36
sS'classic'
p1161
I34
sS'am'
p1162
I32
sS'mcm'
p1163
I36
sS"ol'"
p1164
I36
sS'an'
p1165
I30
sS'single'
p1166
I35
sS'\xe2\x9d\xa4\xef\xb8\x8f\xe2\x98\xba\xef\xb8\x8f'
p1167
I36
sS'at'
p1168
I19
sS'aw'
p1169
I35
sS'beatquarters'
p1170
I35
sS'girlfriend'
p1171
I36
sS'cafe'
p1172
I33
sS'nela'
p1173
I36
sS'happen'
p1174
I35
sS'shit'
p1175
I29
sS'inc'
p1176
I36
sS'drawings'
p1177
I36
sS':*('
p1178
I36
sS'mutual'
p1179
I36
sS'rumors'
p1180
I36
sS'jesus'
p1181
I36
sS'dying'
p1182
I36
sS'no'
p1183
I33
sS'bored'
p1184
I36
sS'nah'
p1185
I36
sS'peace'
p1186
I36
sS'when'
p1187
I33
sS'reality'
p1188
I36
sS'such'
p1189
I36
sS'ny'
p1190
I36
sS'finish'
p1191
I36
sS'interested'
p1192
I36
sS'5'
p1193
I36
sS'details'
p1194
I35
sS'sick'
p1195
I34
sS'hmu'
p1196
I36
sS'test'
p1197
I36
sS'you'
p1198
I5
sS'really'
p1199
I33
sS'thousand'
p1200
I36
sS'realize'
p1201
I36
sS'picture'
p1202
I36
sS'hey'
p1203
I35
sS'phoenix'
p1204
I36
sS'models'
p1205
I36
sS"mac's"
p1206
I36
sS'teeth'
p1207
I36
sS'ovaries'
p1208
I36
sS'probs'
p1209
I36
sS'stay'
p1210
I35
sS"let's"
p1211
I35
sS'_mamajenn'
p1212
I36
sS'chance'
p1213
I36
sS'journey'
p1214
I36
sS'valley'
p1215
I36
sS'numbing'
p1216
I36
sS'friends'
p1217
I35
sS'senior'
p1218
I36
sS'dewey'
p1219
I36
sS'ghost'
p1220
I36
sS'lane'
p1221
I36
sS'tweeting'
p1222
I36
sS'calls'
p1223
I36
sS'wife'
p1224
I35
sS'ledge'
p1225
I36
sS'lasted'
p1226
I35
sS'forget'
p1227
I36
sS'99.9%'
p1228
I36
sS'u'
p1229
I29
sS'fact'
p1230
I36
sS'songz'
p1231
I36
sS'time'
p1232
I30
sS'alright'
p1233
I35
sS"she's"
p1234
I33
sS'crazy\xe2\x80\x9d'
p1235
I36
sS"av's"
p1236
I36
sS'having'
p1237
I35
sS'songs'
p1238
I36
s.