(dp0
S''
p1
I3
sS'doubts'
p2
I60
sS'four'
p3
I60
sS'woods'
p4
I60
sS'sleep'
p5
I54
sS'asian'
p6
I60
sS"friend's"
p7
I60
sS'hanging'
p8
I60
sS'consists'
p9
I60
sS'hate'
p10
I51
sS'souffl\xc3\xa9'
p11
I60
sS'up*'
p12
I60
sS'patches'
p13
I60
sS'eligible'
p14
I60
sS'tweet'
p15
I60
sS'remodeled'
p16
I60
sS'boundless'
p17
I60
sS'(3126'
p18
I60
sS'under'
p19
I60
sS'lord'
p20
I60
sS'sorry'
p21
I55
sS'arunnerscircle'
p22
I60
sS'worth'
p23
I60
sS'dell'
p24
I60
sS'tauniaf\xe2\x80\xa6'
p25
I60
sS'east)'
p26
I60
sS'every'
p27
I58
sS'fireplace'
p28
I60
sS'look'
p29
I58
sS'tickets'
p30
I58
sS'school'
p31
I50
sS'bestfriend'
p32
I60
sS'math'
p33
I60
sS'heading'
p34
I58
sS'jeff'
p35
I60
sS'jamaica'
p36
I60
sS'"all'
p37
I60
sS'tired'
p38
I57
sS'canele'
p39
I56
sS'phones'
p40
I60
sS'6pm'
p41
I60
sS'chaffing'
p42
I60
sS'fabulous'
p43
I60
sS'others)'
p44
I51
sS'shining'
p45
I60
sS'even'
p46
I53
sS'hide'
p47
I60
sS'christ'
p48
I60
sS"tonight's"
p49
I60
sS'+'
p50
I58
sS'wines'
p51
I60
sS'fingers'
p52
I60
sS'fatness'
p53
I60
sS'new'
p54
I43
sS'ever'
p55
I54
sS'disney'
p56
I59
sS'told'
p57
I58
sS'rnskill'
p58
I60
sS"o'shanter)"
p59
I59
sS'never'
p60
I43
sS'stared'
p61
I60
sS'(los'
p62
I23
sS'\xe2\x9d\xa4\xef\xb8\x8f'
p63
I60
sS'china'
p64
I60
sS'path'
p65
I60
sS'100'
p66
I58
sS"aren't"
p67
I60
sS'now...the'
p68
I60
sS'buddy'
p69
I60
sS'dry'
p70
I60
sS'kids'
p71
I59
sS'tapes'
p72
I60
sS'study'
p73
I60
sS'ignoring'
p74
I60
sS'credit'
p75
I59
sS"i'd"
p76
I57
sS'launched'
p77
I60
sS"s'mores"
p78
I60
sS'aka'
p79
I60
sS'fantastic'
p80
I60
sS'up"'
p81
I60
sS'bro'
p82
I57
sS'patience'
p83
I60
sS'counts'
p84
I60
sS'cocaine'
p85
I60
sS'"ass'
p86
I60
sS'necklace/sweater'
p87
I60
sS'would'
p88
I55
sS'achieve'
p89
I60
sS'princess'
p90
I60
sS'tela'
p91
I60
sS'music'
p92
I57
sS'robertson'
p93
I60
sS'type'
p94
I60
sS'until'
p95
I60
sS'daurden'
p96
I60
sS'breathe'
p97
I59
sS'holy'
p98
I58
sS'successful'
p99
I60
sS'haha'
p100
I57
sS'autumnal'
p101
I60
sS'hurt'
p102
I60
sS'phone'
p103
I57
sS'friendsgiving'
p104
I60
sS'adult'
p105
I60
sS'cuttin'
p106
I60
sS'washcombs'
p107
I60
sS'hole'
p108
I60
sS'me'
p109
I15
sS'ma'
p110
I60
sS'room'
p111
I59
sS'work'
p112
I51
sS'worn'
p113
I60
sS'boyce'
p114
I60
sS'eva'
p115
I60
sS'sizzler'
p116
I41
sS'sizzles'
p117
I60
sS'my'
p118
I8
sS'give'
p119
I56
sS'in'
p120
I12
sS'india'
p121
I54
sS'honey'
p122
I60
sS'homie'
p123
I60
sS'want'
p124
I43
sS'55*'
p125
I60
sS'drive'
p126
I58
sS'keep'
p127
I58
sS'brandon'
p128
I60
sS'thing'
p129
I52
sS'how'
p130
I45
sS'hot'
p131
I55
sS'writers'
p132
I60
sS'answer'
p133
I60
sS'disappoint'
p134
I60
sS'if'
p135
I38
sS'bday'
p136
I58
sS'marzanos'
p137
I60
sS'after'
p138
I56
sS'vicious'
p139
I60
sS'wrong'
p140
I60
sS'jumping'
p141
I60
sS'lay'
p142
I60
sS'types'
p143
I60
sS'bonvivantmc\xe2\x80\xa6'
p144
I60
sS'superbad'
p145
I60
sS'effective'
p146
I60
sS'appreciate'
p147
I59
sS'lost'
p148
I60
sS'alias'
p149
I59
sS'funniest'
p150
I60
sS'keeps'
p151
I60
sS'fan'
p152
I60
sS'first'
p153
I51
sS'make'
p154
I54
sS'wine'
p155
I51
sS'office'
p156
I60
sS"bigfoot's"
p157
I60
sS'over'
p158
I53
sS'fall'
p159
I60
sS'androids'
p160
I60
sS'satisfied'
p161
I59
sS'fab'
p162
I60
sS'japan'
p163
I60
sS'baeya'
p164
I60
sS'before'
p165
I51
sS'fit'
p166
I60
sS'somewhere'
p167
I59
sS'fix'
p168
I60
sS'avocado'
p169
I59
sS'crew'
p170
I59
sS'better'
p171
I50
sS'hq)'
p172
I60
sS'fade'
p173
I60
sS'imy'
p174
I59
sS'hidden'
p175
I60
sS'then'
p176
I51
sS'them'
p177
I51
sS'workout'
p178
I58
sS'safe'
p179
I60
sS'roost'
p180
I47
sS'break'
p181
I58
sS'band'
p182
I60
sS'kony'
p183
I60
sS'\xe2\x98\xba\xef\xb8\x8f'
p184
I60
sS'one'
p185
I40
sS'rental'
p186
I60
sS"grey's"
p187
I58
sS'meat'
p188
I60
sS'good'
p189
I39
sS'roast'
p190
I60
sS'fitness'
p191
I56
sS'went'
p192
I57
sS'meal'
p193
I59
sS'luck'
p194
I57
sS'lifted'
p195
I60
sS'good\xe2\x80\xa6'
p196
I60
sS'celebrating'
p197
I59
sS'sounds'
p198
I59
sS"20:54:34.0,34.1221434,-118.2647625,1883,someone's"
p199
I60
sS'rt'
p200
I60
sS'trending'
p201
I60
sS'driving'
p202
I60
sS'god'
p203
I55
sS're'
p204
I59
sS'nite'
p205
I59
sS'heavenly'
p206
I60
sS'got'
p207
I41
sS'turning'
p208
I60
sS'cutest'
p209
I60
sS"you're"
p210
I51
sS'fave'
p211
I60
sS'given'
p212
I60
sS'free'
p213
I56
sS'fred'
p214
I60
sS'sensory'
p215
I60
sS'struggle'
p216
I60
sS'grapes'
p217
I59
sS'wanted'
p218
I59
sS'gameplay'
p219
I60
sS'dammit'
p220
I59
sS'ate'
p221
I59
sS'recovering'
p222
I59
sS'starts'
p223
I59
sS'days'
p224
I59
sS'"this'
p225
I60
sS'creates'
p226
I60
sS'heck'
p227
I58
sS'podemos'
p228
I60
sS'(at'
p229
I44
sS'bite'
p230
I60
sS'jonestown'
p231
I60
sS'flick'
p232
I60
sS'malbec'
p233
I60
sS'already'
p234
I55
sS'hearing'
p235
I60
sS'another'
p236
I58
sS'comin'
p237
I59
sS'mercury'
p238
I60
sS'basketball'
p239
I59
sS'service'
p240
I58
sS'potty'
p241
I60
sS'top'
p242
I60
sS'girls'
p243
I57
sS'needed'
p244
I59
sS'dumbass'
p245
I60
sS'too'
p246
I48
sS'tom'
p247
I60
sS'hollywood'
p248
I58
sS'john'
p249
I59
sS'dogs'
p250
I59
sS'listen'
p251
I59
sS'gym'
p252
I60
sS'took'
p253
I58
sS',90039\n517954936160534529,cbthuggin,2014-10-03'
p254
I60
sS'ant-man'
p255
I60
sS'anxiety'
p256
I60
sS'hike'
p257
I59
sS'soppressata'
p258
I60
sS'project'
p259
I59
sS'fitness)'
p260
I58
sS'classes'
p261
I59
sS'feeling'
p262
I57
sS'mini'
p263
I59
sS'rad'
p264
I60
sS'youre'
p265
I60
sS'exploring'
p266
I60
sS'stomping'
p267
I60
sS"faster....she's"
p268
I60
sS'mind'
p269
I59
sS'mine'
p270
I58
sS'talking'
p271
I60
sS'seen'
p272
I59
sS'circle)'
p273
I57
sS'mins'
p274
I60
sS'tells'
p275
I60
sS'strength'
p276
I60
sS'it\xe2\x80\xa6'
p277
I60
sS'craver'
p278
I60
sS'-'
p279
I38
sS'feck'
p280
I60
sS'hlelo'
p281
I60
sS'though'
p282
I57
sS'09:01:33.0,34.1220777,-118.2648302,1883,oooh'
p283
I60
sS'anatomy'
p284
I59
sS'audition'
p285
I60
sS'mouth'
p286
I59
sS'scripts'
p287
I60
sS'drought'
p288
I60
sS'animators'
p289
I59
sS'treats'
p290
I60
sS'professor'
p291
I60
sS'dog'
p292
I57
sS'yours'
p293
I60
sS's\xe2\x80\xa6'
p294
I60
sS'definitely'
p295
I59
sS'aunt'
p296
I59
sS'technicolor'
p297
I60
sS'scream'
p298
I59
sS'came'
p299
I57
sS'renting'
p300
I60
sS'saying'
p301
I60
sS'bomb'
p302
I60
sS'sage'
p303
I60
sS'bonnie'
p304
I60
sS'nominated'
p305
I60
sS'radio'
p306
I60
sS'stepping'
p307
I60
sS'spices)'
p308
I60
sS'time"'
p309
I60
sS'lessons'
p310
I60
sS'malunggay'
p311
I60
sS'me...you'
p312
I60
sS'clicked'
p313
I60
sS'menu'
p314
I59
sS'explain'
p315
I60
sS'bust'
p316
I60
sS'appreciated'
p317
I60
sS'lodge'
p318
I34
sS'announce'
p319
I60
sS'rice'
p320
I59
sS'laptop'
p321
I60
sS'run/'
p322
I60
sS'wearing'
p323
I60
sS'do'
p324
I41
sS'dm'
p325
I59
sS'sunglasses'
p326
I60
sS'asians'
p327
I59
sS'-something'
p328
I60
sS'walts'
p329
I60
sS'watch'
p330
I59
sS'7-11'
p331
I60
sS'gorey'
p332
I60
sS'guatemala'
p333
I60
sS'watermelon'
p334
I60
sS'sandy'
p335
I60
sS'fav...pizzle'
p336
I60
sS'bar'
p337
I49
sS'officially'
p338
I60
sS'emi'
p339
I60
sS'emt'
p340
I60
sS'eyelids'
p341
I60
sS'grilled'
p342
I60
sS'cocky'
p343
I60
sS'steak'
p344
I58
sS'effing'
p345
I60
sS'respond'
p346
I60
sS'goddollars'
p347
I60
sS'fair'
p348
I59
sS'w/'
p349
I24
sS'liquor'
p350
I60
sS'goodnight'
p351
I60
sS'toes'
p352
I60
sS'a/s/l'
p353
I60
sS'best'
p354
I46
sS'said'
p355
I57
sS'cheetos'
p356
I60
sS'sorta'
p357
I60
sS'away'
p358
I58
sS'bier'
p359
I60
sS"there's"
p360
I55
sS'hopefully'
p361
I60
sS'05:13:21.0,34.1156945,-118.2654632,1883,september'
p362
I60
sS'we'
p363
I38
sS'relatable'
p364
I59
sS'omg'
p365
I54
sS'smelled'
p366
I60
sS'were'
p367
I56
sS'boss'
p368
I60
sS'harvard'
p369
I60
sS'here'
p370
I48
sS'wtf'
p371
I60
sS'wth'
p372
I59
sS'cousin'
p373
I59
sS'improve'
p374
I60
sS'suggested'
p375
I60
sS'accident'
p376
I60
sS'cot'
p377
I60
sS'country'
p378
I60
sS'ill'
p379
I59
sS'edgar'
p380
I60
sS'players'
p381
I60
sS'games'
p382
I60
sS'planned'
p383
I60
sS'asked'
p384
I59
sS'ily'
p385
I60
sS'anythaaangggg'
p386
I60
sS'pre'
p387
I60
sS'yaas'
p388
I60
sS'birrfffdaayyyyy'
p389
I60
sS'radioceviche'
p390
I60
sS'groupon'
p391
I60
sS'trust'
p392
I60
sS'smith'
p393
I60
sS'bingo'
p394
I60
sS'bathroom'
p395
I60
sS'sausage..spicy'
p396
I60
sS'now)'
p397
I60
sS'beef'
p398
I59
sS'three'
p399
I59
sS'been'
p400
I47
sS'confident'
p401
I60
sS'beer'
p402
I57
sS'much'
p403
I46
sS'life'
p404
I50
sS'easy'
p405
I57
sS'drugs'
p406
I60
sS'sooooo'
p407
I60
sS'child'
p408
I60
sS'catch'
p409
I58
sS'worked'
p410
I60
sS'chill'
p411
I60
sS'has'
p412
I43
sS'n'
p413
I51
sS'ugly'
p414
I60
sS'near'
p415
I60
sS'formatting'
p416
I60
sS'b-day'
p417
I60
sS'k'
p418
I60
sS'chilling'
p419
I60
sS'bio'
p420
I60
sS'is'
p421
I11
sS'it'
p422
I15
sS'audrey'
p423
I60
sS'shame'
p424
I60
sS'cant'
p425
I59
sS'im'
p426
I58
sS'exterior'
p427
I60
sS'08:30:54.0,34.1157241,-118.2654594,1883,still'
p428
I60
sS'seattle'
p429
I60
sS'id'
p430
I60
sS"kassandra's"
p431
I60
sS'dad)'
p432
I60
sS'things'
p433
I55
sS'realizing'
p434
I59
sS'papa\xe2\x80\xa6'
p435
I60
sS'inventory'
p436
I60
sS':(('
p437
I60
sS'hahaa'
p438
I60
sS'yung'
p439
I59
sS'bearded'
p440
I59
sS'catholic'
p441
I60
sS'hang'
p442
I59
sS'greeted'
p443
I57
sS'unicorn'
p444
I60
sS"i'm"
p445
I10
sS'xxtra'
p446
I60
sS'kid'
p447
I60
sS'mentioning'
p448
I60
sS'prescribed'
p449
I60
sS'exhausted...having'
p450
I60
sS'thx'
p451
I59
sS'1977'
p452
I59
sS'humble'
p453
I60
sS'tho'
p454
I58
sS'the'
p455
I2
sS'musical'
p456
I60
sS'dads'
p457
I58
sS'left'
p458
I59
sS'soulpancake'
p459
I60
sS'just'
p460
I22
sS'yea'
p461
I60
sS'photo'
p462
I56
sS'unfollow'
p463
I60
sS'moonwalk'
p464
I60
sS'unfair'
p465
I60
sS'sammiebelle'
p466
I60
sS'psych'
p467
I60
sS'thanks'
p468
I40
sS'human'
p469
I60
sS'yes'
p470
I57
sS'yer'
p471
I60
sS'yet'
p472
I58
sS'jose'
p473
I60
sS'genbeauty'
p474
I60
sS'infinitely'
p475
I60
sS'had'
p476
I41
sS'board'
p477
I60
sS'5k'
p478
I60
sS'kale/brussels'
p479
I60
sS'east'
p480
I58
sS'gave'
p481
I59
sS'insensitive'
p482
I60
sS"uncomfortable...can't"
p483
I60
sS'vanessa'
p484
I60
sS'advances'
p485
I60
sS'possibly'
p486
I60
sS'06:00:29.0,34.1221434,-118.2647625,1883,someone'
p487
I60
sS'rnr'
p488
I60
sS'.....goin'
p489
I60
sS'detector'
p490
I60
sS'dreams'
p491
I60
sS'apart'
p492
I60
sS'faithful\xe2\x80\xa6'
p493
I60
sS'brought'
p494
I59
sS'gift'
p495
I58
sS'machinima'
p496
I60
sS'performing'
p497
I60
sS'unnecessary'
p498
I60
sS'night'
p499
I45
sS'right'
p500
I53
sS'old'
p501
I58
sS'people'
p502
I48
sS'\xe2\x8f\xb0'
p503
I60
sS'proudly'
p504
I60
sS'somehow'
p505
I60
sS'dead'
p506
I58
sS'50'
p507
I60
sS'born'
p508
I60
sS'extended'
p509
I60
sS'cooper'
p510
I60
sS'for'
p511
I13
sS'a\xe2\x80\xa6'
p512
I60
sS'gooch'
p513
I60
sS'comments'
p514
I60
sS'everything'
p515
I55
sS'fob'
p516
I60
sS'bizz'
p517
I60
sS'foh'
p518
I60
sS'christmas'
p519
I56
sS'who'
p520
I53
sS'spin-offs'
p521
I60
sS'deleted'
p522
I59
sS'unknown-lyon'
p523
I60
sS'burn'
p524
I60
sS'discount'
p525
I60
sS'tartan'
p526
I60
sS'magsafe'
p527
I60
sS'post'
p528
I60
sS'super'
p529
I56
sS'dumaaaa'
p530
I60
sS'yelling'
p531
I60
sS'filipino'
p532
I60
sS'months'
p533
I59
sS'surround'
p534
I60
sS'dinner'
p535
I42
sS'plus'
p536
I59
sS'afternoon'
p537
I59
sS'pjm1031'
p538
I60
sS'..see'
p539
I60
sS'down'
p540
I55
sS'thankful'
p541
I59
sS'abed'
p542
I60
sS'wah'
p543
I60
sS'>>>>'
p544
I60
sS'vision'
p545
I60
sS'fight'
p546
I60
sS'jinny'
p547
I60
sS'way'
p548
I54
sS'greatness'
p549
I60
sS'call'
p550
I59
sS'was'
p551
I37
sS'launching'
p552
I60
sS'happy'
p553
I30
sS'sofia'
p554
I60
sS'head'
p555
I59
sS'napkins'
p556
I60
sS'forever'
p557
I59
sS'heat'
p558
I60
sS'hear'
p559
I60
sS'removed'
p560
I60
sS'true'
p561
I57
sS'claws"'
p562
I60
sS'mtv'
p563
I60
sS'tell'
p564
I56
sS'hillsongs'
p565
I59
sS'whiskey'
p566
I60
sS'anew'
p567
I60
sS'daddy'
p568
I59
sS'trim'
p569
I60
sS'brightly'
p570
I60
sS'guesses'
p571
I60
sS'sticks'
p572
I60
sS'classic'
p573
I60
sS'sale'
p574
I58
sS':)<33333'
p575
I60
sS'juntos'
p576
I60
sS'annoying'
p577
I58
sS'check'
p578
I59
sS'shit'
p579
I57
sS'dying'
p580
I59
sS'no'
p581
I41
sS'hasroun'
p582
I60
sS'tip'
p583
I59
sS'actor'
p584
I60
sS'til'
p585
I60
sS'pasadena'
p586
I58
sS'ambitious'
p587
I60
sS'smell'
p588
I59
sS'roll'
p589
I59
sS'picture'
p590
I60
sS"'s"
p591
I60
sS'brothers'
p592
I60
sS"o'clock"
p593
I60
sS',90039\n517180445708939264,cbthuggin,2014-10-01'
p594
I60
sS'surprise'
p595
I60
sS'why'
p596
I47
sS'felt'
p597
I60
sS'belive'
p598
I60
sS"let's"
p599
I57
sS'fell'
p600
I59
sS'nasila'
p601
I60
sS"'o"
p602
I60
sS'weekend'
p603
I54
sS'died'
p604
I58
sS'happening'
p605
I60
sS'glass'
p606
I59
sS'together'
p607
I59
sS'jacket'
p608
I60
sS'whoooo'
p609
I60
sS':))'
p610
I60
sS':/'
p611
I59
sS':('
p612
I55
sS':)'
p613
I47
sS':*'
p614
I60
sS'dance'
p615
I57
sS'relieve'
p616
I60
sS'focus'
p617
I60
sS'mile'
p618
I60
sS'ice'
p619
I58
sS'chair'
p620
I60
sS'row'
p621
I60
sS'yummy'
p622
I58
sS'marissa'
p623
I60
sS'honoring'
p624
I60
sS'flash'
p625
I60
sS'father'
p626
I60
sS'finally'
p627
I54
sS'tea)'
p628
I60
sS':(((('
p629
I60
sS'jerk'
p630
I60
sS'grill'
p631
I60
sS'keeping'
p632
I60
sS'vegan'
p633
I60
sS'tacos'
p634
I56
sS'vegas'
p635
I57
sS'cook'
p636
I60
sS'trouble'
p637
I60
sS'little'
p638
I54
sS'cool'
p639
I57
sS'^.~'
p640
I60
sS'din'
p641
I59
sS'presented'
p642
I60
sS'did'
p643
I53
sS'die'
p644
I60
sS'posts'
p645
I60
sS'brother'
p646
I57
sS'leave'
p647
I60
sS'soooo'
p648
I60
sS'settle'
p649
I60
sS'team'
p650
I59
sS'quick'
p651
I60
sS'round'
p652
I59
sS'yall'
p653
I60
sS'dis'
p654
I60
sS'shave'
p655
I60
sS'pork'
p656
I60
sS'angeles)'
p657
I49
sS'regret'
p658
I60
sS'sign'
p659
I59
sS'cost'
p660
I60
sS'patient'
p661
I60
sS'rough'
p662
I60
sS'drinks'
p663
I60
sS'glendale)'
p664
I60
sS'curse'
p665
I60
sS'heres'
p666
I60
sS'bc'
p667
I60
sS"family's)"
p668
I60
sS'addy'
p669
I60
sS'uniform'
p670
I60
sS'freaks'
p671
I60
sS'lmaoooo'
p672
I60
sS'deadening'
p673
I60
sS'addi'
p674
I59
sS"roost's"
p675
I60
sS'transportation'
p676
I60
sS'oldies'
p677
I60
sS'makeup'
p678
I60
sS'understanding'
p679
I60
sS'congestion'
p680
I60
sS'alone'
p681
I59
sS'class...lol'
p682
I60
sS'teacher'
p683
I60
sS'wait'
p684
I56
sS'boy'
p685
I60
sS'yessss'
p686
I60
sS'thirty'
p687
I60
sS'healthy'
p688
I60
sS'shift'
p689
I59
sS'guilty'
p690
I60
sS'bon'
p691
I56
sS'boo'
p692
I59
sS'"wipe"'
p693
I60
sS'weird'
p694
I57
sS'dengggg'
p695
I60
sS'errday'
p696
I60
sS'footlocker'
p697
I60
sS'ipa'
p698
I59
sS'love'
p699
I31
sS'lasts'
p700
I60
sS'extra'
p701
I59
sS'bloody'
p702
I60
sS"you're*"
p703
I60
sS'market'
p704
I57
sS'everybody'
p705
I60
sS'perf'
p706
I60
sS'baes'
p707
I58
sS'positive'
p708
I59
sS'dude'
p709
I53
sS'sweg'
p710
I60
sS'sports'
p711
I60
sS'ca)'
p712
I19
sS'andy'
p713
I60
sS'iphone'
p714
I60
sS'cuter'
p715
I60
sS'thru'
p716
I60
sS'angels'
p717
I60
sS'today'
p718
I45
sS'loving'
p719
I59
sS'sharing'
p720
I58
sS'pottedstore'
p721
I59
sS'pancit'
p722
I60
sS'downtown'
p723
I60
sS'ceviche'
p724
I60
sS'mindofasian'
p725
I60
sS'effort'
p726
I60
sS"walt's"
p727
I60
sS'shanter'
p728
I55
sS'car'
p729
I54
sS'cap'
p730
I60
sS'soul'
p731
I59
sS'sour'
p732
I59
sS'can'
p733
I45
sS'kendrick'
p734
I60
sS'following'
p735
I58
sS'making'
p736
I55
sS'laughter'
p737
I60
sS'heart'
p738
I59
sS'nursing'
p739
I60
sS'figure'
p740
I60
sS'awesome'
p741
I56
sS"didn't"
p742
I56
sS'fuck'
p743
I54
sS'aleppo\xe2\x80\xa6'
p744
I60
sS'heard'
p745
I59
sS'o'
p746
I55
sS'spa'
p747
I59
sS'dennis'
p748
I60
sS'pong'
p749
I60
sS'fridaybusinessmetting'
p750
I60
sS'productive'
p751
I60
sS'means'
p752
I60
sS'sunday'
p753
I57
sS'pure'
p754
I59
sS'endorsement'
p755
I60
sS'product'
p756
I59
sS'may'
p757
I60
sS'clone'
p758
I60
sS'spot'
p759
I60
sS'birthday'
p760
I35
sS'mad'
p761
I57
sS'date'
p762
I60
sS'such'
p763
I56
sS'suck'
p764
I56
sS'guys'
p765
I56
sS"eye'n"
p766
I60
sS'man'
p767
I51
sS'stress'
p768
I59
sS'awkward'
p769
I59
sS'=))))),90039\n517167109705433088,cbthuggin,2014-10-01'
p770
I60
sS'maybe'
p771
I59
sS'corona'
p772
I60
sS'st'
p773
I60
sS'switch'
p774
I60
sS'so'
p775
I16
sS'sb'
p776
I60
sS'wolves'
p777
I60
sS'talk'
p778
I59
sS'cute'
p779
I58
sS'shoes'
p780
I57
sS'forfeit'
p781
I60
sS'haircut'
p782
I60
sS'wishing'
p783
I58
sS'years'
p784
I56
sS'course'
p785
I60
sS'cold'
p786
I59
sS'still'
p787
I45
sS'birds'
p788
I60
sS'group'
p789
I60
sS'thank'
p790
I30
sS"he's"
p791
I59
sS'jim'
p792
I60
sS'amazing'
p793
I50
sS'avii'
p794
I60
sS'according'
p795
I60
sS'commissary"'
p796
I60
sS'thanx'
p797
I59
sS'tweets'
p798
I58
sS'aliens'
p799
I60
sS'deviant'
p800
I60
sS'happened'
p801
I57
sS'non'
p802
I60
sS'moms'
p803
I60
sS'introduce'
p804
I60
sS'lunch'
p805
I55
sS'half'
p806
I60
sS'not'
p807
I34
sS'now'
p808
I40
sS'killed'
p809
I59
sS'halo'
p810
I60
sS'wont'
p811
I59
sS'term'
p812
I60
sS'name'
p813
I59
sS'lies'
p814
I60
sS'james'
p815
I59
sS'deutschland'
p816
I58
sS'loin'
p817
I60
sS'realistic'
p818
I60
sS'careless'
p819
I60
sS'rock'
p820
I60
sS'...aaaaaannnnddd'
p821
I60
sS'revere'
p822
I56
sS'em'
p823
I60
sS'el'
p824
I60
sS'square'
p825
I60
sS'fired'
p826
I60
sS'at?"'
p827
I60
sS'yeah'
p828
I59
sS'challenges'
p829
I60
sS'year'
p830
I58
sS'ft'
p831
I60
sS'girl'
p832
I51
sS'lunching'
p833
I60
sS'album'
p834
I60
sS'living'
p835
I59
sS'canvas'
p836
I60
sS'concur'
p837
I60
sS'mess'
p838
I60
sS'seriously'
p839
I57
sS'stupid'
p840
I59
sS"shouldn't"
p841
I60
sS'fargo'
p842
I60
sS'3auntie'
p843
I60
sS'earlier'
p844
I59
sS'thong'
p845
I60
sS'quite'
p846
I60
sS'romans'
p847
I60
sS'tunes'
p848
I60
sS'fall?,90039\n467590735127003136,riadolly4,2014-05-17'
p849
I60
sS'sista'
p850
I60
sS'dispatches'
p851
I60
sS'card'
p852
I57
sS'care'
p853
I59
sS'oktoberfest'
p854
I60
sS'underwear'
p855
I60
sS'potting'
p856
I60
sS'yup'
p857
I59
sS'100%'
p858
I60
sS'100$'
p859
I60
sS'turn'
p860
I58
sS'place'
p861
I52
sS'massive'
p862
I60
sS'turd'
p863
I60
sS'think'
p864
I50
sS'1000'
p865
I60
sS"marley's"
p866
I54
sS'cheese'
p867
I58
sS'americana'
p868
I59
sS'zab'
p869
I60
sS'yourself'
p870
I54
sS'impossible'
p871
I60
sS'potted'
p872
I56
sS'open'
p873
I58
sS'tomorrow'
p874
I57
sS'city'
p875
I59
sS'1s'
p876
I60
sS'stuck'
p877
I59
sS'caught'
p878
I59
sS'day,90039\n475517703491289088,riadolly4,2014-06-08'
p879
I60
sS'fiera'
p880
I60
sS'anyone'
p881
I58
sS'2'
p882
I40
sS'white'
p883
I57
sS'las'
p884
I60
sS'friend'
p885
I56
sS'rainman'
p886
I60
sS'eyes'
p887
I58
sS"i'mma"
p888
I60
sS'that'
p889
I19
sS'season'
p890
I56
sS'crews'
p891
I60
sS'boba'
p892
I60
sS'flowers'
p893
I59
sS'cleanse'
p894
I60
sS'than'
p895
I55
sS'10'
p896
I59
sS'(3172'
p897
I57
sS'12'
p898
I60
sS'lmao'
p899
I59
sS'18'
p900
I60
sS"o'shanter"
p901
I43
sS'future'
p902
I59
sS'fruits'
p903
I60
sS'wandering'
p904
I60
sS'and'
p905
I9
sS'dugan'
p906
I60
sS'san'
p907
I60
sS'angel'
p908
I60
sS'slay'
p909
I60
sS'parking'
p910
I60
sS'betchiz'
p911
I60
sS'slap'
p912
I60
sS'sad'
p913
I55
sS'say'
p914
I57
sS'comedian'
p915
I60
sS'breakfast'
p916
I57
sS'saw'
p917
I57
sS'any'
p918
I57
sS'sat'
p919
I60
sS'cigarettes'
p920
I60
sS'isolate'
p921
I60
sS'omfg'
p922
I59
sS'hookah'
p923
I60
sS'take'
p924
I59
sS'online'
p925
I60
sS'bailey'
p926
I60
sS'destroy'
p927
I60
sS'sure'
p928
I58
sS'pain'
p929
I60
sS'normal'
p930
I60
sS'morrrrning'
p931
I60
sS'paid'
p932
I59
sS'falls'
p933
I60
sS'america'
p934
I59
sS'icon'
p935
I60
sS'cuban'
p936
I57
sS'especially'
p937
I59
sS'egg'
p938
I60
sS'hungry'
p939
I60
sS'everrr'
p940
I60
sS'shop'
p941
I60
sS'walking'
p942
I59
sS'shot'
p943
I60
sS'show'
p944
I58
sS'cheap'
p945
I60
sS"20:58:17.0,34.1221434,-118.2647625,1883,frank's"
p946
I60
sS'inconsistent'
p947
I60
sS'la\xe2\x80\xa6'
p948
I60
sS'slot'
p949
I60
sS'55degreewine'
p950
I57
sS'upgrade'
p951
I60
sS'genius'
p952
I60
sS'dich'
p953
I60
sS'behind'
p954
I60
sS'only'
p955
I51
sS'going'
p956
I48
sS'black'
p957
I59
sS'chopin'
p958
I60
sS'pumpkin'
p959
I60
sS'bridge'
p960
I60
sS'get'
p961
I25
sS'mandoline'
p962
I60
sS'mission'
p963
I60
sS'nearly'
p964
I59
sS'lighter'
p965
I59
sS'dye'
p966
I60
sS'celebrate'
p967
I59
sS'artist'
p968
I60
sS"gf's"
p969
I60
sS'morning'
p970
I50
sS'miles'
p971
I59
sS'tortilla'
p972
I60
sS'where'
p973
I53
sS'husband'
p974
I60
sS'concert'
p975
I59
sS'tatsoi'
p976
I60
sS'cocktails'
p977
I60
sS'(this'
p978
I60
sS'college'
p979
I60
sS'12hr'
p980
I60
sS'wonder'
p981
I57
sS"disney's"
p982
I60
sS'crystal'
p983
I60
sS'ways'
p984
I60
sS'yooo'
p985
I60
sS'cafe)'
p986
I59
sS'3'
p987
I51
sS'morales'
p988
I60
sS'between'
p989
I60
sS'whipped'
p990
I60
sS'kukla'
p991
I60
sS'august'
p992
I60
sS'eye'
p993
I60
sS'inseparable'
p994
I60
sS'jr'
p995
I60
sS"giamela's)"
p996
I60
sS'blame'
p997
I60
sS'tub'
p998
I60
sS'trolling'
p999
I60
sS'come'
p1000
I58
sS'dates'
p1001
I60
sS'many'
p1002
I47
sS'cafes'
p1003
I60
sS'quiet'
p1004
I60
sS'contract'
p1005
I60
sS'\xef\x98\x81'
p1006
I60
sS'pinkbrrrrrrreeee'
p1007
I60
sS'tour'
p1008
I60
sS'berry'
p1009
I60
sS'chorizo'
p1010
I60
sS'grooming'
p1011
I60
sS"can't"
p1012
I51
sS'uber'
p1013
I60
sS'merry'
p1014
I60
sS'cancer'
p1015
I58
sS'moly'
p1016
I60
sS'....uhhhh'
p1017
I60
sS"couldn't"
p1018
I60
sS'grits//post'
p1019
I60
sS'associated'
p1020
I60
sS'writing'
p1021
I58
sS'considering'
p1022
I60
sS'arts'
p1023
I60
sS'freakiest'
p1024
I60
sS'yarmulke'
p1025
I60
sS'cares'
p1026
I60
sS'west'
p1027
I60
sS'atliens'
p1028
I60
sS'mary'
p1029
I60
sS'marisa'
p1030
I60
sS'i\xe2\x80\xa6'
p1031
I60
sS'shopping'
p1032
I59
sS'unsafe'
p1033
I60
sS'andrew'
p1034
I58
sS'wires'
p1035
I60
sS'photos'
p1036
I59
sS'no:('
p1037
I60
sS'wake'
p1038
I57
sS'dahlia'
p1039
I60
sS'weeks'
p1040
I60
sS'those'
p1041
I55
sS'sound'
p1042
I60
sS'myself'
p1043
I59
sS'these'
p1044
I50
sS'09:03:17.0,34.1221239,-118.2648572,1883,thanks'
p1045
I60
sS'newspaper'
p1046
I60
sS'hmmmm'
p1047
I60
sS'coolest'
p1048
I60
sS'ive'
p1049
I60
sS'antisocial'
p1050
I60
sS'orientation'
p1051
I60
sS'twists'
p1052
I60
sS'coffee'
p1053
I51
sS'sleeping'
p1054
I58
sS'pinky'
p1055
I60
sS'middle'
p1056
I60
sS'someone'
p1057
I56
sS'sprouts'
p1058
I60
sS'heels'
p1059
I60
sS'somebody'
p1060
I60
sS'wisely'
p1061
I60
sS'everyday'
p1062
I59
sS'sleepy'
p1063
I59
sS'different'
p1064
I60
sS'develop'
p1065
I60
sS'april'
p1066
I59
sS'pay'
p1067
I59
sS'granted'
p1068
I60
sS'bowl'
p1069
I59
sS's'
p1070
I60
sS'same'
p1071
I59
sS'it."'
p1072
I60
sS'ya'
p1073
I58
sS'struggling'
p1074
I60
sS'emojis'
p1075
I60
sS'retweeting'
p1076
I60
sS'hermit'
p1077
I60
sS'week'
p1078
I55
sS'exhaust'
p1079
I60
sS'oil'
p1080
I60
sS'fukkkkd'
p1081
I60
sS'weed'
p1082
I59
sS'cheers'
p1083
I60
sS'running'
p1084
I58
sS'harris'
p1085
I60
sS'woulda'
p1086
I60
sS'changing'
p1087
I60
sS'tradition'
p1088
I60
sS'burrito'
p1089
I58
sS'inhalation'
p1090
I60
sS'walls'
p1091
I60
sS'"how'
p1092
I60
sS'without'
p1093
I60
sS'relief'
p1094
I59
sS'accessible'
p1095
I60
sS'bumping'
p1096
I60
sS"you've"
p1097
I60
sS'summer'
p1098
I57
sS'fosters'
p1099
I60
sS'they'
p1100
I45
sS'being'
p1101
I50
sS'money'
p1102
I59
sS'dancers'
p1103
I60
sS'rest'
p1104
I58
sS'kill'
p1105
I59
sS'"accusations"'
p1106
I60
sS'speed'
p1107
I60
sS'blow'
p1108
I60
sS'announcement'
p1109
I60
sS'griffin!\xe2\x80\xa6'
p1110
I60
sS'nick'
p1111
I60
sS"everyone's"
p1112
I60
sS'seems'
p1113
I58
sS'4'
p1114
I54
sS'thoughts'
p1115
I58
sS'joyful'
p1116
I60
sS'real'
p1117
I57
sS'around'
p1118
I56
sS'read'
p1119
I57
sS'gonna'
p1120
I52
sS'psylla'
p1121
I60
sS'early'
p1122
I57
sS'traffic'
p1123
I59
sS'\xe2\x9d\xa4'
p1124
I59
sS'using'
p1125
I59
sS'sasquatch'
p1126
I60
sS'cd'
p1127
I60
sS'2s'
p1128
I60
sS'dannnnnnng'
p1129
I60
sS'chamber'
p1130
I60
sS'laughing'
p1131
I58
sS'served'
p1132
I59
sS'"likes"'
p1133
I60
sS'twelve'
p1134
I60
sS'grub'
p1135
I60
sS'reggae'
p1136
I60
sS'lobster'
p1137
I60
sS'joan'
p1138
I60
sS'redeeming'
p1139
I60
sS'gross'
p1140
I60
sS'slice'
p1141
I60
sS'lotta'
p1142
I60
sS'bar\xc3\xa7a'
p1143
I60
sS'memories'
p1144
I59
sS'nooo'
p1145
I60
sS'legal'
p1146
I60
sS'moon'
p1147
I60
sS'6/14'
p1148
I60
sS'hipster'
p1149
I59
sS'dies'
p1150
I60
sS'doggy'
p1151
I60
sS'football'
p1152
I59
sS'power'
p1153
I59
sS'asap'
p1154
I60
sS'lmfao'
p1155
I59
sS'each'
p1156
I60
sS'broken'
p1157
I60
sS'^_^'
p1158
I60
sS'1935'
p1159
I60
sS'be\xe2\x80\xa6'
p1160
I59
sS'on'
p1161
I23
sS'stone'
p1162
I60
sS'stuff\xe2\x80\xa6'
p1163
I60
sS'ok'
p1164
I59
sS'oh'
p1165
I57
sS'of'
p1166
I14
sS'yaz'
p1167
I60
sS'favorite'
p1168
I55
sS"guy's"
p1169
I60
sS'shrimp'
p1170
I59
sS'chop'
p1171
I60
sS'journey'
p1172
I60
sS'wolf'
p1173
I60
sS'oy'
p1174
I60
sS'discrimination'
p1175
I60
sS'mixed'
p1176
I60
sS'mean'
p1177
I58
sS'or'
p1178
I53
sS'road'
p1179
I59
sS'ladies'
p1180
I60
sS'burning'
p1181
I60
sS'blessed'
p1182
I58
sS'snapchat'
p1183
I58
sS'iwish'
p1184
I60
sS'accounts'
p1185
I60
sS'lively'
p1186
I60
sS'apologize'
p1187
I59
sS'youu'
p1188
I60
sS'nowadays'
p1189
I60
sS'your'
p1190
I35
sS'burbank'
p1191
I60
sS"phone's"
p1192
I60
sS'her'
p1193
I50
sS'there'
p1194
I51
sS'hey'
p1195
I58
sS'lol'
p1196
I32
sS'start'
p1197
I57
sS'mondays'
p1198
I60
sS'explosions'
p1199
I60
sS'lot'
p1200
I56
sS'valley'
p1201
I60
sS'morrison'
p1202
I59
sS'coolin'
p1203
I60
sS'spicy'
p1204
I58
sS'complete'
p1205
I60
sS'fanatic'
p1206
I60
sS'witg'
p1207
I60
sS'clones'
p1208
I60
sS'trying'
p1209
I58
sS'with'
p1210
I18
sS'belated'
p1211
I60
sS'longer'
p1212
I60
sS"they're"
p1213
I60
sS'october'
p1214
I60
sS'pharrell'
p1215
I60
sS'rage'
p1216
I60
sS'potato'
p1217
I60
sS'bucket'
p1218
I60
sS'dirty'
p1219
I60
sS'bootiful'
p1220
I60
sS'grass'
p1221
I60
sS'agree'
p1222
I60
sS'expect'
p1223
I60
sS'gone'
p1224
I58
sS'af'
p1225
I60
sS'taste'
p1226
I59
sS'feliz'
p1227
I45
sS'moved'
p1228
I59
sS'deep'
p1229
I59
sS'an'
p1230
I41
sS'imagination'
p1231
I60
sS'as'
p1232
I51
sS'at'
p1233
I7
sS'aw'
p1234
I60
sS'-____-'
p1235
I60
sS'lifetime'
p1236
I60
sS'nerd'
p1237
I60
sS'you.\xe2\x80\x9d'
p1238
I60
sS'cream'
p1239
I58
sS'again'
p1240
I60
sS'"biatch"'
p1241
I60
sS'yoga'
p1242
I59
sS'deserve'
p1243
I60
sS'storage'
p1244
I60
sS'saturday'
p1245
I58
sS'doyers'
p1246
I60
sS'5'
p1247
I57
sS'you'
p1248
I6
sS'contemporaries'
p1249
I60
sS'parkour'
p1250
I60
sS'obsessed'
p1251
I60
sS'time'
p1252
I39
sS'reblogging'
p1253
I60
sS'=('
p1254
I60
sS'gifts'
p1255
I60
sS'brandy'
p1256
I60
sS'important'
p1257
I59
sS'coverage'
p1258
I60
sS"she's"
p1259
I59
sS'22:13:52.0,34.1220517,-118.264615,1883,there'
p1260
I60
sS'building'
p1261
I60
sS'"favorites"'
p1262
I60
sS'wife'
p1263
I60
sS'wifi'
p1264
I60
sS'):<'
p1265
I60
sS'hello'
p1266
I60
sS'u'
p1267
I48
sS'adam'
p1268
I60
sS'alright'
p1269
I60
sS'soboro'
p1270
I60
sS'library)'
p1271
I60
sS'jennifer'
p1272
I60
sS'roasting'
p1273
I60
sS'represent'
p1274
I60
sS'all'
p1275
I30
sS'forget'
p1276
I56
sS'chinese'
p1277
I59
sS'glendora'
p1278
I60
sS'ale'
p1279
I60
sS'month'
p1280
I54
sS'thoughtful'
p1281
I60
sS'follow'
p1282
I58
sS'decisions'
p1283
I60
sS'griffin'
p1284
I45
sS'referring'
p1285
I60
sS'imma'
p1286
I59
sS'baddest'
p1287
I60
sS'thursday'
p1288
I59
sS'to'
p1289
I4
sS'tail'
p1290
I60
sS'enjoying'
p1291
I59
sS'woman'
p1292
I60
sS'worse'
p1293
I60
sS'sitting'
p1294
I58
sS'very'
p1295
I56
sS'paradise'
p1296
I60
sS'fat'
p1297
I59
sS'scout'
p1298
I60
sS'worst'
p1299
I59
sS'fam'
p1300
I59
sS'awful'
p1301
I60
sS'labor'
p1302
I60
sS'ln'
p1303
I60
sS'heaven'
p1304
I58
sS'w/my'
p1305
I60
sS'saudi'
p1306
I60
sS'anal'
p1307
I60
sS'sank'
p1308
I60
sS"i'll"
p1309
I55
sS'cookies'
p1310
I59
sS'instagram'
p1311
I58
sS'streets'
p1312
I60
sS'robyn'
p1313
I60
sS'burger'
p1314
I60
sS'loader/queen'
p1315
I60
sS'nba'
p1316
I60
sS'what'
p1317
I29
sS'sub'
p1318
I60
sS'sun'
p1319
I60
sS'(thanks'
p1320
I60
sS'anniversary'
p1321
I60
sS'overload'
p1322
I60
sS'run'
p1323
I52
sS'public'
p1324
I55
sS'full'
p1325
I59
sS'beardsmen'
p1326
I60
sS'hours'
p1327
I59
sS'cookie"'
p1328
I60
sS'jonas'
p1329
I60
sS'directions'
p1330
I60
sS'i.e'
p1331
I60
sS'cabrillo'
p1332
I60
sS'search'
p1333
I59
sS'inspired'
p1334
I60
sS'creepy'
p1335
I60
sS'stella'
p1336
I60
sS'pick'
p1337
I60
sS"would've"
p1338
I58
sS'options'
p1339
I60
sS'via'
p1340
I60
sS'family'
p1341
I58
sS'traumatized'
p1342
I60
sS'put'
p1343
I56
sS'follower'
p1344
I60
sS'"pardon?"'
p1345
I60
sS'takes'
p1346
I60
sS'kaitlyn'
p1347
I60
sS'lesbo'
p1348
I60
sS'texting'
p1349
I60
sS'two'
p1350
I56
sS'irritate'
p1351
I60
sS'8:28'
p1352
I60
sS'bash'
p1353
I60
sS'6'
p1354
I58
sS'taken'
p1355
I60
sS'markets'
p1356
I60
sS'more'
p1357
I49
sS'teen'
p1358
I58
sS'door'
p1359
I60
sS'knows'
p1360
I59
sS'company'
p1361
I58
sS"ain't"
p1362
I60
sS'stick'
p1363
I60
sS'broke'
p1364
I60
sS'particular'
p1365
I60
sS'coyote'
p1366
I60
sS'hurry'
p1367
I60
sS'pretense'
p1368
I60
sS'karaoke'
p1369
I58
sS'glad'
p1370
I58
sS'town'
p1371
I59
sS"spencer's"
p1372
I60
sS'none'
p1373
I58
sS'hour'
p1374
I57
sS'sucks'
p1375
I57
sS'nina'
p1376
I60
sS'mall'
p1377
I59
sS'del'
p1378
I60
sS'v'
p1379
I60
sS'spontaneous'
p1380
I60
sS'alyssa'
p1381
I60
sS'history'
p1382
I60
sS'beautiful'
p1383
I57
sS'tolkien-style'
p1384
I60
sS'lolol'
p1385
I59
sS'bucks'
p1386
I60
sS'airplane'
p1387
I60
sS'dress'
p1388
I59
sS'goal'
p1389
I60
sS'drained'
p1390
I60
sS'menus'
p1391
I60
sS'(atwater'
p1392
I60
sS'sandwich'
p1393
I58
sS'okay'
p1394
I57
sS'tried'
p1395
I59
sS'sneak'
p1396
I60
sS'soundtrack'
p1397
I60
sS'fb'
p1398
I60
sS'blood'
p1399
I59
sS'coming'
p1400
I57
sS'backyard'
p1401
I60
sS'sprint)'
p1402
I60
sS'fo'
p1403
I60
sS'a'
p1404
I5
sS'workstation'
p1405
I60
sS'grands'
p1406
I60
sS'crowded'
p1407
I60
sS'doctor'
p1408
I60
sS'bugs'
p1409
I60
sS'slacking'
p1410
I60
sS'chopsticks'
p1411
I60
sS'shade'
p1412
I60
sS'dream'
p1413
I59
sS'playing'
p1414
I60
sS"that's"
p1415
I51
sS'mexican'
p1416
I60
sS'help'
p1417
I59
sS"don't"
p1418
I33
sS'"if'
p1419
I60
sS'$25'
p1420
I60
sS'"studio'
p1421
I60
sS'sooo'
p1422
I58
sS'soon'
p1423
I54
sS'performance'
p1424
I60
sS'through'
p1425
I58
sS'hell'
p1426
I57
sS'smiling'
p1427
I60
sS'its'
p1428
I52
sS'dummies'
p1429
I60
sS'messed'
p1430
I60
sS'style'
p1431
I60
sS'actually'
p1432
I58
sS'late'
p1433
I53
sS'pcc'
p1434
I60
sS'soccer'
p1435
I60
sS'might'
p1436
I58
sS"haven't"
p1437
I60
sS'fool'
p1438
I60
sS'evening'
p1439
I60
sS'motivated'
p1440
I60
sS'yo'
p1441
I57
sS'food'
p1442
I55
sS'redbox'
p1443
I60
sS'cupcake'
p1444
I59
sS'okc'
p1445
I60
sS'hahahahahaha'
p1446
I60
sS'starbucks'
p1447
I56
sS'foot'
p1448
I60
sS'complain'
p1449
I60
sS'easily'
p1450
I60
sS'everytime'
p1451
I59
sS'always'
p1452
I49
sS'level'
p1453
I60
sS'kaldi'
p1454
I60
sS"dale's"
p1455
I60
sS"w's"
p1456
I60
sS'experiencing'
p1457
I60
sS'found'
p1458
I59
sS'friendship'
p1459
I60
sS"isn't"
p1460
I58
sS'flashbacks'
p1461
I60
sS'everyone'
p1462
I56
sS'weeknd'
p1463
I60
sS'delicious'
p1464
I57
sS'weight'
p1465
I59
sS'house'
p1466
I52
sS'fish'
p1467
I59
sS'hard'
p1468
I54
sS'uuuuu'
p1469
I60
sS'idea'
p1470
I57
sS'accidentally'
p1471
I60
sS'finish'
p1472
I59
sS'connect'
p1473
I60
sS'beyond'
p1474
I58
sS'really'
p1475
I48
sS'deals'
p1476
I60
sS'lola'
p1477
I60
sS'prolly'
p1478
I60
sS'missed'
p1479
I59
sS'since'
p1480
I57
sS'belly\xe2\x80\xa6'
p1481
I60
sS'hill'
p1482
I60
sS'7'
p1483
I59
sS'atwater'
p1484
I47
sS'nest'
p1485
I60
sS'ass'
p1486
I59
sS'matt.24'
p1487
I60
sS'friday'
p1488
I58
sS'pub'
p1489
I60
sS'mmm'
p1490
I60
sS'reason'
p1491
I60
sS'imagine'
p1492
I60
sS'ask'
p1493
I58
sS'pup'
p1494
I60
sS'lag'
p1495
I60
sS'amped'
p1496
I60
sS'owners'
p1497
I59
sS'spiciest'
p1498
I60
sS'w'
p1499
I56
sS'enough'
p1500
I60
sS'fallen'
p1501
I60
sS'major'
p1502
I60
sS'dont'
p1503
I58
sS'feel'
p1504
I53
sS'relate'
p1505
I60
sS'hahahahahha'
p1506
I60
sS'knocking'
p1507
I60
sS'welcome'
p1508
I59
sS':"('
p1509
I60
sS'done'
p1510
I57
sS'copped'
p1511
I60
sS'says'
p1512
I55
sS'miss'
p1513
I52
sS'maple'
p1514
I60
sS'villa'
p1515
I60
sS'(2920'
p1516
I56
sS'story'
p1517
I59
sS'heads'
p1518
I60
sS'script'
p1519
I59
sS'our\xe2\x80\xa6'
p1520
I60
sS'least'
p1521
I60
sS'pinned'
p1522
I60
sS'wonderful'
p1523
I60
sS'storm'
p1524
I60
sS'mama'
p1525
I58
sS'master'
p1526
I60
sS'hundred'
p1527
I60
sS'store'
p1528
I52
sS'rawr'
p1529
I60
sS'relationship'
p1530
I60
sS'exploded'
p1531
I60
sS'bihon'
p1532
I60
sS'park'
p1533
I60
sS'mmmm'
p1534
I60
sS'part'
p1535
I60
sS'ashley'
p1536
I60
sS'believe'
p1537
I59
sS'kind'
p1538
I60
sS'b'
p1539
I57
sS'kindly'
p1540
I60
sS'gotten'
p1541
I59
sS'grey'
p1542
I60
sS'baracoa'
p1543
I57
sS'luckywhatever'
p1544
I59
sS'outdoors'
p1545
I60
sS'dang'
p1546
I58
sS'a/gallon'
p1547
I60
sS'treated'
p1548
I60
sS'interactive'
p1549
I60
sS'link\xe2\x80\xa6'
p1550
I60
sS'indian-ness'
p1551
I60
sS'basically'
p1552
I60
sS'gals'
p1553
I60
sS'netflix'
p1554
I60
sS'remodel'
p1555
I60
sS'lie'
p1556
I59
sS'nights'
p1557
I60
sS'lil'
p1558
I59
sS'couch'
p1559
I60
sS'also'
p1560
I60
sS'build'
p1561
I60
sS'play'
p1562
I60
sS'added'
p1563
I60
sS'manresa'
p1564
I60
sS'from)'
p1565
I60
sS'kai'
p1566
I60
sS'(3111'
p1567
I59
sS'"everybody'
p1568
I60
sS'most'
p1569
I57
sS"'cause"
p1570
I60
sS'nothing'
p1571
I59
sS'my\xe2\x80\xa6'
p1572
I60
sS'incase'
p1573
I60
sS'cover'
p1574
I60
sS'undertakers'
p1575
I60
sS'arten'
p1576
I60
sS'physics'
p1577
I60
sS'ugh'
p1578
I57
sS'n00dz'
p1579
I59
sS'gold'
p1580
I60
sS'school\xe2\x80\xa6'
p1581
I60
sS'headliner'
p1582
I60
sS'candelaria'
p1583
I60
sS'find'
p1584
I58
sS"month's"
p1585
I60
sS'giant'
p1586
I60
sS'bottom"'
p1587
I60
sS'sunnybrook'
p1588
I60
sS'nervous'
p1589
I60
sS'pretty'
p1590
I57
sS'8'
p1591
I60
sS'circle'
p1592
I57
sS'h-wood'
p1593
I59
sS'accurate'
p1594
I60
sS'his'
p1595
I50
sS'hit'
p1596
I60
sS'sunny'
p1597
I60
sS'observatory'
p1598
I60
sS'pretending'
p1599
I60
sS'homeworks'
p1600
I60
sS'during'
p1601
I58
sS'beards'
p1602
I60
sS'him'
p1603
I55
sS'cry'
p1604
I60
sS'dante'
p1605
I60
sS'day('
p1606
I60
sS'time..smh'
p1607
I60
sS'river'
p1608
I57
sS'wrote'
p1609
I60
sS'restaurants'
p1610
I60
sS'sew'
p1611
I59
sS'bars'
p1612
I60
sS'jenneca'
p1613
I58
sS'art'
p1614
I60
sS'vino'
p1615
I60
sS'achieved'
p1616
I60
sS'throwing'
p1617
I59
sS'unpublished'
p1618
I60
sS'sez'
p1619
I60
sS'tended'
p1620
I60
sS'see'
p1621
I47
sS'are'
p1622
I28
sS'quiche'
p1623
I60
sS'11th'
p1624
I60
sS'retweet'
p1625
I60
sS'pictures'
p1626
I59
sS'wow'
p1627
I60
sS'currently'
p1628
I60
sS'please'
p1629
I58
sS'noles'
p1630
I60
sS'won'
p1631
I60
sS'plywood'
p1632
I60
sS'dianamathews'
p1633
I60
sS'camburnett'
p1634
I60
sS'soulmate'
p1635
I60
sS'donate'
p1636
I60
sS'pictured'
p1637
I60
sS'piss'
p1638
I59
sS'knowing'
p1639
I59
sS'solo'
p1640
I60
sS'78th'
p1641
I60
sS'missing'
p1642
I59
sS'dispenser'
p1643
I60
sS'succeed'
p1644
I60
sS'bar)'
p1645
I60
sS'anti-chafe'
p1646
I60
sS'both'
p1647
I58
sS'c'
p1648
I58
sS'last'
p1649
I52
sS'mega'
p1650
I60
sS'restaurant'
p1651
I55
sS'annual'
p1652
I60
sS'patti'
p1653
I60
sS'bond'
p1654
I60
sS'whole'
p1655
I60
sS'flies'
p1656
I60
sS'\xe2\x98\xba'
p1657
I58
sS'point'
p1658
I59
sS'battery'
p1659
I60
sS'sweet'
p1660
I58
sS'elses'
p1661
I60
sS'k\xc3\xb6lsch'
p1662
I60
sS'whatever'
p1663
I59
sS'likes'
p1664
I60
sS'village'
p1665
I52
sS'patiently'
p1666
I60
sS'duh'
p1667
I60
sS'naps'
p1668
I60
sS'hillsong'
p1669
I59
sS'monthly'
p1670
I60
sS"vaughn's"
p1671
I60
sS'due'
p1672
I60
sS'swoon!\xe2\x80\x9d'
p1673
I60
sS'secret'
p1674
I60
sS'damn'
p1675
I57
sS'meeting'
p1676
I59
sS'school...and'
p1677
I60
sS"kelly's"
p1678
I60
sS'packs'
p1679
I60
sS'fire'
p1680
I60
sS"what's"
p1681
I59
sS'gas'
p1682
I60
sS'else'
p1683
I58
sS'understand'
p1684
I58
sS'rocking'
p1685
I60
sS'cantar'
p1686
I60
sS'unnecessarily'
p1687
I60
sS'w/the'
p1688
I60
sS'stalks'
p1689
I60
sS'bill'
p1690
I60
sS'while'
p1691
I57
sS'fun'
p1692
I50
sS'sriracha'
p1693
I60
sS"jorge's"
p1694
I60
sS'limes"'
p1695
I60
sS'<3'
p1696
I57
sS'everywhere'
p1697
I60
sS'rip'
p1698
I60
sS'haunts'
p1699
I60
sS'beautifully'
p1700
I60
sS'ready'
p1701
I57
sS'rid'
p1702
I60
sS'funny'
p1703
I58
sS'chestnuts'
p1704
I60
sS'shirt'
p1705
I58
sS'anymore'
p1706
I56
sS'migraine'
p1707
I60
sS'copying'
p1708
I60
sS'grand'
p1709
I59
sS'9'
p1710
I60
sS'"stuntman"'
p1711
I60
sS'used'
p1712
I60
sS'assignment'
p1713
I60
sS'yesterday'
p1714
I58
sS'moment'
p1715
I59
sS'lodge)'
p1716
I59
sS'breathalyzer'
p1717
I60
sS'life-confucius'
p1718
I60
sS'noodle'
p1719
I58
sS'loaner'
p1720
I60
sS'person'
p1721
I59
sS'edge'
p1722
I60
sS'yuck'
p1723
I60
sS'consistency'
p1724
I60
sS'doggies'
p1725
I60
sS"sorry's"
p1726
I60
sS'spend'
p1727
I59
sS'hotdog'
p1728
I60
sS'mom'
p1729
I52
sS'03:39:50.0,34.12068342,-118.26153688,1883,found'
p1730
I60
sS'atomic'
p1731
I60
sS'world'
p1732
I60
sS'margarine'
p1733
I60
sS'praying'
p1734
I59
sS'(my'
p1735
I60
sS'$'
p1736
I60
sS'auditions'
p1737
I60
sS'cuz'
p1738
I59
sS'parents'
p1739
I59
sS'crying'
p1740
I58
sS'snap'
p1741
I60
sS'excited'
p1742
I54
sS'surprised'
p1743
I60
sS'hater'
p1744
I60
sS'collegeucla'
p1745
I60
sS'kaifierce'
p1746
I60
sS'big'
p1747
I55
sS'become.\xe2\x80\x9dyes'
p1748
I60
sS'game'
p1749
I57
sS'private'
p1750
I60
sS'bit'
p1751
I56
sS'knock'
p1752
I58
sS'panties'
p1753
I60
sS'success'
p1754
I58
sS'confront'
p1755
I60
sS'ignore'
p1756
I60
sS'nipple'
p1757
I60
sS'fault'
p1758
I60
sS'essential'
p1759
I60
sS'aj/text'
p1760
I60
sS'<333'
p1761
I60
sS'fucking'
p1762
I57
sS'spring'
p1763
I60
sS'creation'
p1764
I60
sS'some'
p1765
I49
sS'back'
p1766
I52
sS'separated'
p1767
I60
sS'lips'
p1768
I60
sS'greener'
p1769
I60
sS'delivered'
p1770
I60
sS'glendizzle'
p1771
I60
sS'jewelry'
p1772
I60
sS'pew'
p1773
I56
sS'camping'
p1774
I60
sS'quote'
p1775
I60
sS'prod'
p1776
I60
sS'eggs'
p1777
I60
sS'anna'
p1778
I60
sS'either'
p1779
I59
sS'be'
p1780
I27
sS'bf'
p1781
I60
sS'eating'
p1782
I58
sS'fancy'
p1783
I60
sS'glenfeliz'
p1784
I57
sS's/o'
p1785
I60
sS'cheered'
p1786
I60
sS'bp'
p1787
I60
sS'nowhere'
p1788
I60
sS'santa'
p1789
I60
sS'raspberry'
p1790
I60
sS'by'
p1791
I46
sS'faith'
p1792
I60
sS'snoop'
p1793
I60
sS'anything'
p1794
I59
sS'wore'
p1795
I60
sS'completing'
p1796
I60
sS'idk'
p1797
I57
sS'replacement'
p1798
I60
sS'wanna'
p1799
I57
sS'idc'
p1800
I60
sS'seeing'
p1801
I59
sS'visit'
p1802
I59
sS'into'
p1803
I56
sS'within'
p1804
I59
sS'momma'
p1805
I60
sS'amazing-ness'
p1806
I60
sS'fredxcore\xe2\x80\xa6'
p1807
I60
sS'smells'
p1808
I58
sS'tasting'
p1809
I59
sS'spending'
p1810
I60
sS'doll'
p1811
I60
sS'xoxo'
p1812
I60
sS'live'
p1813
I57
sS'long'
p1814
I58
sS"we're"
p1815
I57
sS'homemade'
p1816
I60
sS'hopulent'
p1817
I60
sS'\xe2\x9c\x96\xef\xb8\x8f'
p1818
I60
sS'link'
p1819
I52
sS'line'
p1820
I60
sS'\xe2\x99\xa5'
p1821
I60
sS'posted'
p1822
I59
sS'tumblr'
p1823
I60
sS'consist'
p1824
I60
sS'freshman"'
p1825
I60
sS'fries'
p1826
I60
sS'up'
p1827
I34
sS'us'
p1828
I54
sS'ur'
p1829
I59
sS'uh'
p1830
I60
sS'fried'
p1831
I58
sS'called'
p1832
I56
sS'bell'
p1833
I60
sS'ordered'
p1834
I60
sS'you....wreck'
p1835
I60
sS'anniemoberg'
p1836
I59
sS'raging'
p1837
I60
sS'listening'
p1838
I60
sS'single'
p1839
I60
sS'rolling'
p1840
I60
sS'cafe'
p1841
I55
sS'insomniac'
p1842
I60
sS'nah'
p1843
I59
sS'peace'
p1844
I60
sS'tits"'
p1845
I60
sS'nap'
p1846
I60
sS'kickboxing'
p1847
I60
sS'pedicures'
p1848
I60
sS'manhattan'
p1849
I60
sS'nice'
p1850
I53
sS'cellar'
p1851
I60
sS'ooh'
p1852
I60
sS'drag'
p1853
I60
sS'score'
p1854
I60
sS'mood'
p1855
I60
sS'apollo'
p1856
I60
sS'\xe2\x9c\x82\xef\xb8\x8f'
p1857
I60
sS'notch'
p1858
I60
sS'e'
p1859
I60
sS'age'
p1860
I59
sS'gr8'
p1861
I59
sS'annoyed'
p1862
I60
sS'hella'
p1863
I59
sS'far'
p1864
I59
sS'fresh'
p1865
I59
sS'having'
p1866
I54
sS'once'
p1867
I58
sS'essay'
p1868
I59
sS'jason'
p1869
I60
sS'hint'
p1870
I60
sS'results'
p1871
I60
sS'edm'
p1872
I60
sS'freakin'
p1873
I60
sS'go'
p1874
I40
sS'gossip'
p1875
I60
sS'gm'
p1876
I60
sS'kate'
p1877
I60
sS'sit-next-to-each-other-while-tweeting-at-each-other'
p1878
I60
sS'biiiiiitch'
p1879
I60
sS'concerned'
p1880
I60
sS'tam\xe2\x80\xa6'
p1881
I59
sS'send'
p1882
I59
sS'nose'
p1883
I60
sS'pleasing'
p1884
I60
sS'sent'
p1885
I59
sS'outside'
p1886
I60
sS'dessert'
p1887
I60
sS'continues'
p1888
I60
sS'kitty'
p1889
I60
sS'drinking'
p1890
I57
sS'continued'
p1891
I60
sS'entire'
p1892
I60
sS'magic'
p1893
I60
sS'yeup'
p1894
I60
sS"patty's"
p1895
I60
sS'try'
p1896
I56
sS'assignments'
p1897
I60
sS'retweeted'
p1898
I60
sS'havent'
p1899
I60
sS'app'
p1900
I60
sS'life..all'
p1901
I60
sS'crow'
p1902
I59
sS'waking'
p1903
I59
sS'carla'
p1904
I60
sS'blowing'
p1905
I60
sS'video'
p1906
I60
sS'odd'
p1907
I60
sS'sus'
p1908
I60
sS'giving'
p1909
I60
sS'3w'
p1910
I60
sS'vampire'
p1911
I60
sS'sweaty'
p1912
I60
sS'internship'
p1913
I60
sS'waiting'
p1914
I56
sS'indian'
p1915
I60
sS'twins'
p1916
I59
sS'bird'
p1917
I60
sS'exercise'
p1918
I60
sS'degree'
p1919
I60
sS'exchange'
p1920
I60
sS'les'
p1921
I60
sS'let'
p1922
I57
sS'pancake'
p1923
I60
sS'others'
p1924
I49
sS'sing'
p1925
I59
sS'mindset'
p1926
I60
sS'destination.\xe2\x80\xa6'
p1927
I60
sS'great'
p1928
I49
sS'metro'
p1929
I53
sS'involved'
p1930
I60
sS'shades'
p1931
I59
sS'calvin'
p1932
I60
sS'leaving'
p1933
I59
sS'products'
p1934
I60
sS'spices'
p1935
I55
sS'makes'
p1936
I56
sS'honor'
p1937
I59
sS'tiger!"'
p1938
I60
sS'bumming'
p1939
I60
sS'apple'
p1940
I60
sS'alotta'
p1941
I60
sS'win'
p1942
I59
sS"farmer's\xe2\x80\xa6"
p1943
I60
sS'siri'
p1944
I60
sS'auryte'
p1945
I60
sS'dumbest'
p1946
I59
sS'singing'
p1947
I59
sS'standing'
p1948
I60
sS'use'
p1949
I58
sS'hahahahaha'
p1950
I56
sS'from'
p1951
I34
sS'icee'
p1952
I60
sS'&'
p1953
I26
sS'next'
p1954
I51
sS'few'
p1955
I58
sS'(3000'
p1956
I60
sS'geeks'
p1957
I60
sS'throne'
p1958
I60
sS'babe'
p1959
I60
sS'started'
p1960
I58
sS'about'
p1961
I46
sS'confused'
p1962
I59
sS'raaaaaaddddd'
p1963
I60
sS'train'
p1964
I60
sS'dentistry'
p1965
I60
sS'baby'
p1966
I57
sS'pocahontas'
p1967
I60
sS'escaped'
p1968
I60
sS'animals'
p1969
I60
sS'salad'
p1970
I59
sS'this'
p1971
I15
sS'ride'
p1972
I60
sS'when'
p1973
I35
sS'anywhere'
p1974
I60
sS'obvious'
p1975
I60
sS'praise'
p1976
I60
sS'meet'
p1977
I60
sS'soo...i'
p1978
I60
sS'dropped'
p1979
I60
sS'tap'
p1980
I60
sS'links'
p1981
I60
sS'geez'
p1982
I60
sS'process'
p1983
I60
sS'lock'
p1984
I60
sS'halloween'
p1985
I60
sS'high'
p1986
I56
sS'something'
p1987
I60
sS'blvd'
p1988
I43
sS'tam'
p1989
I34
sS'onions'
p1990
I60
sS'sir'
p1991
I59
sS'sit'
p1992
I60
sS'vibe'
p1993
I60
sS'holds'
p1994
I59
sS'has\xe2\x80\xa6'
p1995
I60
sS'brian'
p1996
I60
sS'instead'
p1997
I59
sS'dodgers'
p1998
I60
sS'cuffed'
p1999
I60
sS'gurl'
p2000
I59
sS'stock'
p2001
I60
sS'entree'
p2002
I60
sS'summers'
p2003
I60
sS'stop'
p2004
I53
sS'leukemia'
p2005
I60
sS'-red'
p2006
I60
sS'stars'
p2007
I60
sS'"director"'
p2008
I60
sS'taco'
p2009
I58
sS'hahahaha'
p2010
I54
sS'ties'
p2011
I60
sS'"basic."'
p2012
I60
sS'light'
p2013
I59
sS'"kidnap'
p2014
I60
sS'honestly'
p2015
I54
sS'like...a'
p2016
I60
sS'mute'
p2017
I60
sS'move'
p2018
I58
sS'dming'
p2019
I60
sS"won't"
p2020
I59
sS'looks'
p2021
I59
sS'modified'
p2022
I60
sS'08:04:30.0,34.1221434,-118.2647625,1883,cooking'
p2023
I60
sS'glen'
p2024
I59
sS'la'
p2025
I49
sS'bikram'
p2026
I60
sS'[pic]'
p2027
I51
sS'what\xe2\x80\xa6'
p2028
I60
sS'willing'
p2029
I60
sS'vivant'
p2030
I57
sS'choose'
p2031
I60
sS'reilly'
p2032
I59
sS'orange'
p2033
I58
sS'2014'
p2034
I59
sS'holiday'
p2035
I60
sS'jukebox'
p2036
I60
sS'dad'
p2037
I56
sS'vergara'
p2038
I60
sS'material'
p2039
I58
sS'valet'
p2040
I60
sS'dat'
p2041
I60
sS'sweets'
p2042
I52
sS'hands'
p2043
I60
sS'front'
p2044
I60
sS'day'
p2045
I33
sS'frayed'
p2046
I60
sS'cider'
p2047
I60
sS'://'
p2048
I60
sS'trap'
p2049
I60
sS'truth'
p2050
I60
sS'woooww'
p2051
I60
sS'bills'
p2052
I60
sS'glasses'
p2053
I58
sS'illuminate'
p2054
I60
sS'doing'
p2055
I55
sS'parties'
p2056
I60
sS'bluetooth'
p2057
I60
sS'books'
p2058
I58
sS'lololololol'
p2059
I60
sS'our'
p2060
I53
sS'marley'
p2061
I59
sS'bigfoot'
p2062
I31
sS'special'
p2063
I60
sS'out'
p2064
I42
sS'matrix'
p2065
I60
sS'twice'
p2066
I59
sS'bad'
p2067
I55
sS'&\xe2\x80\xa6'
p2068
I59
sS'grits'
p2069
I60
sS'hahahahahahahahhahahahahaha'
p2070
I60
sS'cause'
p2071
I57
sS'red'
p2072
I59
sS'achievements'
p2073
I60
sS'shut'
p2074
I59
sS'dictionary'
p2075
I60
sS'bww'
p2076
I60
sS'frank'
p2077
I50
sS'loyola'
p2078
I59
sS'release'
p2079
I60
sS'completely'
p2080
I59
sS'lmfaoo'
p2081
I60
sS'craving'
p2082
I60
sS'scary'
p2083
I59
sS'goddess\xe2\x80\x9d'
p2084
I60
sS'could'
p2085
I54
sS',90039\n468872509111422976,riadolly4,2014-05-20'
p2086
I60
sS'times'
p2087
I60
sS'conversation'
p2088
I60
sS'abuse'
p2089
I60
sS'waitress'
p2090
I60
sS'blown'
p2091
I60
sS'third'
p2092
I60
sS"sunday's"
p2093
I60
sS'powerful'
p2094
I60
sS'scene'
p2095
I59
sS'owned'
p2096
I60
sS'jesus'
p2097
I58
sS'set'
p2098
I60
sS'bitch'
p2099
I59
sS'10.1.14'
p2100
I60
sS'owner'
p2101
I60
sS"runner's"
p2102
I53
sS'reread'
p2103
I60
sS"doesn't"
p2104
I58
sS'playlist'
p2105
I59
sS'sadly'
p2106
I60
sS'cray-cray'
p2107
I60
sS'los'
p2108
I21
sS'bears'
p2109
I60
sS'einstein'
p2110
I60
sS'their'
p2111
I52
sS'$3.55'
p2112
I60
sS'final'
p2113
I60
sS'beard'
p2114
I53
sS'malibu'
p2115
I60
sS'craziest'
p2116
I60
sS'shorts'
p2117
I60
sS'exactly'
p2118
I60
sS'depressing'
p2119
I60
sS'bombest'
p2120
I60
sS'mules'
p2121
I60
sS'haven'
p2122
I60
sS'remember'
p2123
I59
sS'ipad'
p2124
I60
sS'loved'
p2125
I58
sS'beb'
p2126
I60
sS'boring'
p2127
I60
sS'shampoo'
p2128
I60
sS'popping'
p2129
I60
sS'bed'
p2130
I59
sS'loves'
p2131
I60
sS'lover'
p2132
I60
sS'>--->>'
p2133
I60
sS'bet'
p2134
I60
sS'thwarted'
p2135
I60
sS'trusting'
p2136
I60
sS'hashtags'
p2137
I60
sS'tonight'
p2138
I58
sS'mornings'
p2139
I60
sS'have'
p2140
I20
sS'need'
p2141
I44
sS'screw'
p2142
I60
sS'sprinkles'
p2143
I60
sS'soak'
p2144
I60
sS'shandel'
p2145
I60
sS'studying'
p2146
I60
sS'semester'
p2147
I60
sS'sexyy'
p2148
I60
sS'mid'
p2149
I60
sS're-live'
p2150
I60
sS'truck'
p2151
I59
sS'asshole'
p2152
I60
sS'trivia'
p2153
I58
sS'='
p2154
I59
sS'youuuu'
p2155
I59
sS'55\xc2\xb0'
p2156
I55
sS'rachellepons'
p2157
I60
sS'sewing'
p2158
I59
sS'mimosa'
p2159
I60
sS'class'
p2160
I52
sS'dammmmmmm'
p2161
I60
sS'deny'
p2162
I60
sS'radiating'
p2163
I60
sS'(virgin'
p2164
I60
sS'upset'
p2165
I60
sS'face'
p2166
I59
sS'lots'
p2167
I60
sS"you'll"
p2168
I58
sS'yum'
p2169
I59
sS'movie'
p2170
I57
sS'five'
p2171
I60
sS'skinny'
p2172
I60
sS'skunk'
p2173
I60
sS'fact'
p2174
I59
sS'whatsup'
p2175
I60
sS'text'
p2176
I60
sS'chicken'
p2177
I59
sS'decade'
p2178
I60
sS'brrrrrr'
p2179
I60
sS'podcast'
p2180
I60
sS'earned'
p2181
I60
sS'hops'
p2182
I53
sS'('
p2183
I60
sS'should'
p2184
I53
sS'rodja'
p2185
I60
sS'libra'
p2186
I60
sS'buying'
p2187
I60
sS'combo'
p2188
I60
sS'riding'
p2189
I60
sS'hope'
p2190
I50
sS'handle'
p2191
I60
sS'listened'
p2192
I60
sS'watching'
p2193
I56
sS'beat'
p2194
I60
sS'massacre'
p2195
I60
sS'lucky'
p2196
I59
sS'coordin-ashe'
p2197
I60
sS'tbh'
p2198
I59
sS'ones'
p2199
I60
sS'words'
p2200
I59
sS'probably'
p2201
I60
sS'timing'
p2202
I60
sS'sinus'
p2203
I60
sS'chips'
p2204
I60
sS'aleahvw'
p2205
I60
sS'ghetto'
p2206
I60
sS'smash'
p2207
I60
sS"kobe's"
p2208
I60
sS'ended'
p2209
I60
sS'shy'
p2210
I60
sS'me.\xe2\x80\xa6'
p2211
I60
sS'fixes'
p2212
I60
sS'tuned'
p2213
I60
sS'she'
p2214
I58
sS'glendale'
p2215
I58
sS'fixed'
p2216
I60
sS'viet'
p2217
I58
sS'preach'
p2218
I58
sS'"that'
p2219
I60
sS'btw'
p2220
I60
sS'prayers'
p2221
I60
sS'national'
p2222
I60
sS'cruise'
p2223
I60
sS'cajun'
p2224
I60
sS'driveway'
p2225
I60
sS'creating'
p2226
I60
sS"marta's"
p2227
I60
sS'worship'
p2228
I60
sS'icecream'
p2229
I60
sS'closed'
p2230
I59
sS'horrible'
p2231
I59
sS'vivant\xe2\x80\xa6'
p2232
I60
sS'frustrated'
p2233
I60
sS'tent'
p2234
I60
sS"cher's"
p2235
I60
sS'perfect'
p2236
I60
sS'ends'
p2237
I59
sS'handful'
p2238
I60
sS'amen'
p2239
I60
sS'beverages'
p2240
I60
sS'gotta'
p2241
I58
sS'job'
p2242
I58
sS'key'
p2243
I60
sS"bishop's"
p2244
I60
sS'legit'
p2245
I60
sS'david'
p2246
I59
sS"peoples'"
p2247
I60
sS'mindy'
p2248
I59
sS'sniff'
p2249
I60
sS'career'
p2250
I59
sS'joke'
p2251
I60
sS'taking'
p2252
I60
sS'acknowledge'
p2253
I60
sS'etc'
p2254
I59
sS'atleast'
p2255
I59
sS'retrograde'
p2256
I60
sS'invites'
p2257
I60
sS'wear'
p2258
I58
sS'birthdays'
p2259
I60
sS'co'
p2260
I60
sS'toilet'
p2261
I54
sS'gooooo'
p2262
I60
sS'ca'
p2263
I57
sS'makin'
p2264
I60
sS'walk'
p2265
I58
sS'walt'
p2266
I60
sS'laugh'
p2267
I57
sS'table'
p2268
I60
sS'winning'
p2269
I60
sS'uci'
p2270
I60
sS'yay'
p2271
I58
sS'second'
p2272
I60
sS'canele\xe2\x80\xa6'
p2273
I60
sS"it's"
p2274
I29
sS'"just'
p2275
I60
sS'drank'
p2276
I60
sS"lady's"
p2277
I60
sS'freak'
p2278
I60
sS'\xc2\xbfcu\xc3\xa1ndo'
p2279
I60
sS"harper's"
p2280
I60
sS'trinity'
p2281
I60
sS'their\xe2\x80\xa6'
p2282
I60
sS'yahweh'
p2283
I60
sS'shoulders'
p2284
I60
sS'serenaded'
p2285
I60
sS'am'
p2286
I46
sS'cookiesss'
p2287
I60
sS'crappy'
p2288
I60
sS'eggnog'
p2289
I60
sS'sausages'
p2290
I60
sS'-.-'
p2291
I57
sS'covered'
p2292
I60
sS'kicks'
p2293
I60
sS'smoking'
p2294
I60
sS'brunch'
p2295
I60
sS'present'
p2296
I60
sS'coals'
p2297
I60
sS'harder'
p2298
I59
sS'will'
p2299
I45
sS'hmmmm....pondering'
p2300
I60
sS'hahaha'
p2301
I56
sS'adapter'
p2302
I60
sS'vs'
p2303
I60
sS'sizzler)'
p2304
I47
sS'watched'
p2305
I60
sS'ave'
p2306
I50
sS'cuhhhh'
p2307
I60
sS'apexalexla'
p2308
I60
sS'parts'
p2309
I58
sS'film'
p2310
I60
sS'digging'
p2311
I60
sS'party'
p2312
I59
sS'gets'
p2313
I56
sS'tomatoes'
p2314
I60
sS'balm'
p2315
I60
sS'practice'
p2316
I59
sS'drink'
p2317
I57
sS'ios'
p2318
I60
sS'lolshe'
p2319
I60
sS'invasionpcc'
p2320
I60
sS'fucked'
p2321
I59
sS'l.a'
p2322
I60
sS'off'
p2323
I51
sS'records'
p2324
I60
sS'i'
p2325
I1
sS'well'
p2326
I54
sS'thought'
p2327
I54
sS'oops'
p2328
I60
sS'english'
p2329
I59
sS'audio'
p2330
I60
sS'labs'
p2331
I60
sS'rocket'
p2332
I60
sS'moments'
p2333
I60
sS'hybrid'
p2334
I60
sS"should've"
p2335
I60
sS'ambition'
p2336
I60
sS'nicknamed'
p2337
I60
sS'fishing'
p2338
I60
sS'lauren'
p2339
I59
sS'griffith'
p2340
I60
sS'web'
p2341
I60
sS'cigarette'
p2342
I60
sS'gma'
p2343
I60
sS'headed'
p2344
I60
sS'sky'
p2345
I60
sS'hall'
p2346
I60
sS'add'
p2347
I60
sS'other'
p2348
I54
sS'citizen'
p2349
I60
sS'ought'
p2350
I60
sS'details'
p2351
I60
sS'sick'
p2352
I57
sS"who's"
p2353
I60
sS'utah'
p2354
I60
sS'pants'
p2355
I60
sS'5am'
p2356
I60
sS'know'
p2357
I36
sS'facial'
p2358
I60
sS'fatt'
p2359
I60
sS'10/10'
p2360
I60
sS'loss'
p2361
I60
sS'necessary'
p2362
I60
sS'like'
p2363
I30
sS'garlicky'
p2364
I60
sS'lose'
p2365
I60
sS'become'
p2366
I59
sS'works'
p2367
I60
sS'wonders'
p2368
I60
sS'benzene'
p2369
I60
sS'because'
p2370
I55
sS'nunabagel'
p2371
I59
sS'twitter'
p2372
I59
sS'church'
p2373
I60
sS'library'
p2374
I54
sS'hair'
p2375
I57
sS'home'
p2376
I56
sS'peter'
p2377
I59
sS'happens'
p2378
I60
sS'hipsters'
p2379
I60
sS'lead'
p2380
I59
sS"giamela's"
p2381
I56
sS'ese'
p2382
I60
sS'does'
p2383
I59
sS'kerensa'
p2384
I60
sS'blurry'
p2385
I60
sS'pepper'
p2386
I60
sS'out-bingo'
p2387
I60
sS'schedule'
p2388
I60
sS'pressure'
p2389
I60
sS'host'
p2390
I60
sS'although'
p2391
I60
sS'worthy'
p2392
I60
sS'r'
p2393
I60
sS'stage'
p2394
I60
sS'chowmein'
p2395
I60
sS':-('
p2396
I59
sS':-)'
p2397
I60
sS'emails'
p2398
I60
sS'asks'
p2399
I60
sS'getting'
p2400
I51
sS'"where'
p2401
I60
sS'mommy'
p2402
I60
sS'15th'
p2403
I60
sS'angeles'
p2404
I17
sS'fear'
p2405
I60
sS'river\xe2\x80\xa6'
p2406
I60
sS'documentary'
p2407
I60
sS'matchu'
p2408
I60
sS'own'
p2409
I60
sS'letters'
p2410
I60
sS'owe'
p2411
I60
sS'socks'
p2412
I59
sS'lung'
p2413
I60
sS'roads'
p2414
I60
sS'hmmmmm'
p2415
I60
sS'2k14'
p2416
I60
sS'hehe'
p2417
I60
sS'pairing'
p2418
I60
sS'noticed'
p2419
I60
sS'korean'
p2420
I60
sS'inner'
p2421
I60
sS'biggest'
p2422
I59
sS'buy'
p2423
I60
sS"i've"
p2424
I53
sS'brand'
p2425
I60
sS'bitches'
p2426
I59
sS'hw'
p2427
I60
sS'but'
p2428
I35
sS'hi'
p2429
I57
sS'goals'
p2430
I58
sS'ear'
p2431
I60
sS'eat'
p2432
I52
sS'he'
p2433
I50
sS'count'
p2434
I60
sS'made'
p2435
I51
sS'wish'
p2436
I57
sS'official'
p2437
I60
sS'harvested'
p2438
I60
sS'hayyyyyy'
p2439
I60
sS'stories'
p2440
I60
sS'peaberry'
p2441
I60
sS'cake'
p2442
I59
sS'problem'
p2443
I60
sS'piece'
p2444
I59
sS'irish'
p2445
I60
sS':*)'
p2446
I60
sS'recognize'
p2447
I60
sS'pic'
p2448
I60
sS'sibling'
p2449
I60
sS'shooting'
p2450
I60
sS'"nukka"'
p2451
I60
sS'incredible'
p2452
I60
sS'obsession'
p2453
I60
sS'lately'
p2454
I59
sS'book'
p2455
I52
sS'boom'
p2456
I59
sS'branch'
p2457
I59
sS'=)\xe2\x9d\xa4'
p2458
I60
sS'monday'
p2459
I60
sS'footprints'
p2460
I60
sS'june'
p2461
I60
sS'stay'
p2462
I58
sS'chance'
p2463
I60
sS'pathways'
p2464
I60
sS'kinda'
p2465
I59
sS'friends'
p2466
I56
sS'goin'
p2467
I60
sS'\xe2\x80\x94'
p2468
I55
sS'starting'
p2469
I60
sS'awake'
p2470
I60
s.