(dp0
S''
p1
I1
sS'raining'
p2
I34
sS'all'
p3
I22
sS':/'
p4
I34
sS'liar'
p5
I34
sS':)'
p6
I34
sS'whoever'
p7
I34
sS'dance'
p8
I34
sS'walking'
p9
I34
sS'interchange)'
p10
I34
sS'leads'
p11
I34
sS'andre'
p12
I34
sS'coach'
p13
I34
sS'go'
p14
I31
sS'ridiculous'
p15
I34
sS'scv'
p16
I34
sS'hate'
p17
I34
sS'worked'
p18
I34
sS'(in'
p19
I34
sS'd\xc3\xada'
p20
I34
sS'venice'
p21
I30
sS'hold'
p22
I34
sS'plurito'
p23
I34
sS"44's"
p24
I34
sS'white'
p25
I34
sS'presents'
p26
I34
sS'to'
p27
I5
sS'finally'
p28
I33
sS'program'
p29
I34
sS'bruhh'
p30
I34
sS'trucks?just'
p31
I34
sS'late'
p32
I34
sS'tf'
p33
I34
sS'lord'
p34
I34
sS'sorry'
p35
I33
sS'must'
p36
I34
sS'crest'
p37
I30
sS'shoot'
p38
I34
sS'woman'
p39
I34
sS'stanton'
p40
I34
sS'garden'
p41
I34
sS'song'
p42
I34
sS':d'
p43
I33
sS'bitch'
p44
I34
sS'fav'
p45
I34
sS'selfies'
p46
I34
sS'replaces'
p47
I34
sS'every'
p48
I33
sS'fam'
p49
I34
sS'telling'
p50
I34
sS'drinking'
p51
I34
sS'burka'
p52
I34
sS'cool'
p53
I33
sS'entire'
p54
I34
sS'school'
p55
I33
sS'heaven'
p56
I34
sS'did'
p57
I31
sS'knight'
p58
I33
sS'marry'
p59
I34
sS'dig'
p60
I34
sS'michael'
p61
I34
sS'wednesday'
p62
I33
sS'ryan'
p63
I34
sS'try'
p64
I34
sS'julius'
p65
I34
sS'rappelled'
p66
I34
sS'\xd9\x81\xd8\xa7\xd9\x84\xd8\xaa\xd9\x81\xd8\xa7\xd9\x87\xd9\x85'
p67
I34
sS'harry'
p68
I34
sS'small'
p69
I33
sS'guy'
p70
I34
sS'dodger'
p71
I30
sS'barbara'
p72
I34
sS'ups'
p73
I34
sS'dis'
p74
I34
sS"i'll"
p75
I34
sS'upper'
p76
I34
sS'\xd9\x86\xd8\xae\xd8\xb7\xd8\xa6'
p77
I34
sS'work'
p78
I31
sS'gremlin'
p79
I34
sS'flu'
p80
I34
sS'daren'
p81
I34
sS'\xe2\x9d\xa4'
p82
I34
sS'tee'
p83
I34
sS'boots'
p84
I34
sS'jump'
p85
I34
sS'hoorrrrrible'
p86
I34
sS'likely'
p87
I34
sS'street'
p88
I31
sS'video'
p89
I34
sS'picked'
p90
I34
sS'\xd8\xb9\xd8\xa7\xd8\xaf\xd9\x8a'
p91
I34
sS'drinks'
p92
I34
sS'graduating'
p93
I34
sS'what'
p94
I29
sS'tweeted'
p95
I34
sS'58'
p96
I34
sS'saved'
p97
I34
sS'+'
p98
I34
sS'bc'
p99
I34
sS'bluh'
p100
I34
sS'crush'
p101
I34
sS'waiting'
p102
I33
sS'twins'
p103
I34
sS'sup'
p104
I34
sS'upset'
p105
I34
sS'new'
p106
I29
sS'ever'
p107
I32
sS'bird'
p108
I34
sS"let's"
p109
I34
sS'told'
p110
I34
sS'full'
p111
I34
sS'iran'
p112
I34
sS'chingones'
p113
I34
sS'suge'
p114
I33
sS'grandparents'
p115
I34
sS'never'
p116
I32
sS'here'
p117
I30
sS'motherfucker'
p118
I34
sS'hours'
p119
I33
sS"''el"
p120
I34
sS'let'
p121
I33
sS'meet'
p122
I34
sS'confused'
p123
I34
sS'wait'
p124
I32
sS'box'
p125
I34
sS'boy'
p126
I34
sS'great'
p127
I31
sS'voice'
p128
I34
sS'shift'
p129
I34
sS'31'
p130
I34
sS'30'
p131
I33
sS'leaving'
p132
I34
sS'credit'
p133
I34
sS'airport'
p134
I34
sS'cousins'
p135
I34
sS'\xd8\xab\xd9\x82\xd8\xa7\xd9\x81\xd8\xa9'
p136
I34
sS'military'
p137
I34
sS"i'm"
p138
I13
sS'makes'
p139
I33
sS'tweet'
p140
I34
sS'tusmagun'
p141
I34
sS'via'
p142
I34
sS'love'
p143
I25
sS'although'
p144
I34
sS'family'
p145
I33
sS'win'
p146
I32
sS'terrified'
p147
I34
sS'bro'
p148
I33
sS'till'
p149
I34
sS'toys'
p150
I34
sS'counts'
p151
I34
sS'chavez'
p152
I34
sS'singing'
p153
I34
sS'sky'
p154
I34
sS'strapped'
p155
I34
sS'use'
p156
I33
sS'ash'
p157
I34
sS'from'
p158
I32
sS'10hrs'
p159
I34
sS'working'
p160
I33
sS'&'
p161
I27
sS'probabilities'
p162
I34
sS'scone'
p163
I34
sS'give'
p164
I34
sS'dude'
p165
I32
sS'two'
p166
I33
sS'next'
p167
I31
sS'zig'
p168
I34
sS'live'
p169
I34
sS'call'
p170
I33
sS'memory'
p171
I33
sS'msg'
p172
I34
sS'merlinsoft'
p173
I34
sS'tell'
p174
I34
sS'today'
p175
I28
sS'more'
p176
I29
sS'sort'
p177
I34
sS'tryna'
p178
I34
sS':")'
p179
I34
sS'babe'
p180
I33
sS'congratz'
p181
I34
sS'conclusions'
p182
I34
sS'city'
p183
I34
sS'haha'
p184
I34
sS'wars'
p185
I34
sS'it'
p186
I10
sS'downtown'
p187
I31
sS'drown'
p188
I34
sS"ain't"
p189
I34
sS'stick'
p190
I34
sS'broke'
p191
I33
sS'baby'
p192
I31
sS'hour>>>'
p193
I34
sS'women'
p194
I34
sS'me'
p195
I11
sS'angeli'
p196
I34
sS'vhs'
p197
I34
sS'this'
p198
I15
sS'car'
p199
I33
sS'ride'
p200
I34
sS'cowboy'
p201
I28
sS'mi'
p202
I34
sS'fast'
p203
I34
sS'pour'
p204
I34
sS'cat'
p205
I34
sS'decker'
p206
I34
sS'mt'
p207
I34
sS'mall'
p208
I34
sS'\xe2\x98\x95\xef\xb8\x8f'
p209
I34
sS'nine'
p210
I34
sS'can'
p211
I31
sS'soundbite'
p212
I32
sS'making'
p213
I33
sS'drops'
p214
I34
sS'my'
p215
I7
sS'park)'
p216
I34
sS'beautiful'
p217
I33
sS'heart'
p218
I34
sS'crazy'
p219
I34
sS'picture'
p220
I34
sS'monica'
p221
I33
sS'\xe2\x9a\xbe'
p222
I34
sS'awesome'
p223
I34
sS'fuck'
p224
I33
sS'bus'
p225
I34
sS'terrible'
p226
I34
sS'high'
p227
I34
sS'heard'
p228
I34
sS'tuesday'
p229
I34
sS'his'
p230
I27
sS'hilton'
p231
I32
sS'burbank'
p232
I34
sS'want'
p233
I30
sS'blvd'
p234
I33
sS'aaah'
p235
I34
sS'tan'
p236
I34
sS'times'
p237
I34
sS'\xd9\x8a\xd8\xb5\xd9\x84'
p238
I34
sS'waoh'
p239
I34
sS'sis'
p240
I34
sS'huge'
p241
I34
sS'needs'
p242
I34
sS'iggy'
p243
I33
sS'goal'
p244
I34
sS'caption'
p245
I34
sS'querido'
p246
I34
sS'watching'
p247
I34
sS'everyday'
p248
I34
sS'1'
p249
I34
sS'how'
p250
I29
sS'hot'
p251
I33
sS'pair'
p252
I34
sS'forest'
p253
I34
sS'strom'
p254
I34
sS'instead'
p255
I34
sS'speaks'
p256
I34
sS'hihi'
p257
I34
sS'quick?"'
p258
I34
sS'\xd9\x85\xd8\xb9\xd9\x87\xd9\x85'
p259
I34
sS'pink'
p260
I34
sS'whaddup'
p261
I34
sS'laundry'
p262
I34
sS'sir'
p263
I34
sS'bday'
p264
I33
sS'watch'
p265
I34
sS'after'
p266
I33
sS'spot'
p267
I34
sS'collection'
p268
I34
sS'levi'
p269
I34
sS'lax'
p270
I34
sS'mad'
p271
I34
sS'(fellowship'
p272
I34
sS'end'
p273
I34
sS'guys'
p274
I33
sS'man'
p275
I31
sS'a'
p276
I3
sS'natural'
p277
I34
sS'wins'
p278
I34
sS'awww'
p279
I34
sS'cudi'
p280
I34
sS'haroula'
p281
I33
sS'so'
p282
I15
sS'road'
p283
I34
sS'goodbye'
p284
I34
sS'keeps'
p285
I31
sS'putting'
p286
I34
sS'words'
p287
I34
sS'playing'
p288
I34
sS"that's"
p289
I33
sS'cute'
p290
I32
sS'rn\xe2\x80\x9d'
p291
I34
sS'juliemond'
p292
I34
sS'help'
p293
I34
sS"don't"
p294
I30
sS'over'
p295
I32
sS'move'
p296
I33
sS'5/2/14'
p297
I34
sS'soon'
p298
I34
sS'cherish'
p299
I34
sS'years'
p300
I34
sS'jacob'
p301
I34
sS'hugged'
p302
I34
sS'scott'
p303
I34
sS'looks'
p304
I34
sS'hell'
p305
I34
sS'cold'
p306
I34
sS'still'
p307
I33
sS'its'
p308
I32
sS'before'
p309
I32
sS'perfect'
p310
I33
sS'group'
p311
I33
sS'thank'
p312
I32
sS'22'
p313
I34
sS'la'
p314
I26
sS'pray'
p315
I34
sS'fix'
p316
I28
sS'leggo'
p317
I34
sS"pj's"
p318
I34
sS'[pic]'
p319
I34
sS'better'
p320
I30
sS'applevia'
p321
I34
sS'babysiting'
p322
I34
sS'bummer'
p323
I34
sS'reilly'
p324
I34
sS'tweets'
p325
I34
sS'argentina'
p326
I34
sS'team'
p327
I34
sS'weber'
p328
I34
sS'freewaywho'
p329
I34
sS'dad'
p330
I33
sS'then'
p331
I31
sS'them'
p332
I29
sS'good'
p333
I28
sS'junction'
p334
I34
sS'yo'
p335
I32
sS'food'
p336
I32
sS'sucker'
p337
I34
sS'safe'
p338
I34
sS'birth'
p339
I34
sS'eat'
p340
I34
sS'yang'
p341
I34
sS'starbucks'
p342
I32
sS'they'
p343
I32
sS'compound'
p344
I34
sS'not'
p345
I29
sS'now'
p346
I26
sS'day'
p347
I28
sS"grey's"
p348
I34
sS'search'
p349
I34
sS'name'
p350
I32
sS'always'
p351
I33
sS'alexis'
p352
I34
sS'--'
p353
I34
sS'latvia'
p354
I34
sS'viggo'
p355
I34
sS'turns'
p356
I34
sS'found'
p357
I33
sS'went'
p358
I31
sS'side'
p359
I31
sS"isn't"
p360
I34
sS'luck'
p361
I34
sS'5am'
p362
I34
sS'hosed'
p363
I34
sS'studios'
p364
I32
sS'hathaway'
p365
I32
sS'meheheheheheheeheheh'
p366
I34
sS'doing'
p367
I33
sS'house'
p368
I34
sS'hard'
p369
I33
sS'uuuuu'
p370
I34
sS'idea'
p371
I33
sS'\xd8\xad\xd8\xaf'
p372
I34
sS'gun'
p373
I34
sS'society'
p374
I34
sS'platinodiscoshow'
p375
I34
sS'\xd8\xad\xd8\xaa\xd9\x89'
p376
I34
sS'gum'
p377
I34
sS'year'
p378
I34
sS'our'
p379
I32
sS'girl'
p380
I32
sS'beyond'
p381
I34
sS'hockey'
p382
I34
sS'special'
p383
I34
sS'out'
p384
I27
sS'canada'
p385
I33
sS'leave'
p386
I34
sS'missed'
p387
I33
sS'driving'
p388
I34
sS'bag'
p389
I34
sS'open'
p390
I34
sS'me?\xe2\x80\x9d'
p391
I34
sS'lak'
p392
I34
sS'washed'
p393
I34
sS'vibes'
p394
I34
sS'tomorrow'
p395
I34
sS'strangers'
p396
I34
sS'mess'
p397
I34
sS'misses'
p398
I34
sS'daniel'
p399
I34
sS'hill'
p400
I32
sS'7'
p401
I34
sS'check'
p402
I34
sS'print'
p403
I34
sS'got'
p404
I25
sS'rn'
p405
I31
sS'cause'
p406
I34
sS'paella'
p407
I34
sS'afternoon'
p408
I34
sS'dodgers'
p409
I34
sS'shit'
p410
I34
sS"you're"
p411
I31
sS'southern'
p412
I34
sS'friday'
p413
I33
sS'story'
p414
I31
sS'free'
p415
I34
sS'mmm'
p416
I34
sS'probably"'
p417
I34
sS'completely'
p418
I34
sS'\xd8\xa7\xd9\x84\xd8\xa2\xd8\xae\xd8\xb1\xd9\x8a\xd9\x86'
p419
I33
sS'california'
p420
I33
sS'put'
p421
I34
sS'teach'
p422
I34
sS'whhhy'
p423
I34
sS'\xd9\x81\xd9\x83\xd9\x84\xd9\x86\xd8\xa7'
p424
I34
sS'carnival'
p425
I34
sS'ca-2'
p426
I34
sS'could'
p427
I32
sS'kiss'
p428
I34
sS'days'
p429
I32
sS'keep'
p430
I33
sS'thing'
p431
I30
sS'gosling'
p432
I34
sS'jlow'
p433
I34
sS'place'
p434
I31
sS'w'
p435
I32
sS'enough'
p436
I34
sS'biting'
p437
I34
sS'strapping'
p438
I34
sS'loud'
p439
I33
sS'think'
p440
I33
sS'south'
p441
I34
sS'first'
p442
I33
sS'already'
p443
I34
sS'be?"'
p444
I34
sS'dont'
p445
I32
sS'feel'
p446
I31
sS'cagados'
p447
I34
sS'number'
p448
I34
sS'fancy'
p449
I33
sS'one'
p450
I24
sS'your\xe2\x80\xa6'
p451
I34
sS'cuhh'
p452
I34
sS'xx'
p453
I34
sS'lyft'
p454
I34
sS'done'
p455
I32
sS'lol'
p456
I22
sS'another'
p457
I34
sS'backyard'
p458
I34
sS'vote'
p459
I34
sS'sounds'
p460
I34
sS'ying'
p461
I34
sS'miss'
p462
I30
sS'george'
p463
I34
sS'grads'
p464
I34
sS'spread'
p465
I34
sS'heels'
p466
I34
sS"doesn't"
p467
I33
sS'little'
p468
I32
sS'"'
p469
I34
sS"there's"
p470
I33
sS'los'
p471
I34
sS'totally'
p472
I33
sS'tired'
p473
I34
sS'girls'
p474
I34
sS'hilary'
p475
I34
sS'cinco'
p476
I34
sS'heights'
p477
I30
sS'anyone'
p478
I34
sS'their'
p479
I34
sS'2'
p480
I33
sS'i-5'
p481
I34
sS'too'
p482
I29
sS'storm'
p483
I34
sS'tom'
p484
I34
sS'hollywood'
p485
I33
sS'john'
p486
I33
sS'bitter'
p487
I34
sS'dogs'
p488
I34
sS'listen'
p489
I33
sS'burgers)'
p490
I34
sS'lot'
p491
I34
sS'that'
p492
I16
sS'dtla'
p493
I34
sS'exactly'
p494
I34
sS'park'
p495
I24
sS'took'
p496
I34
sS'boba'
p497
I34
sS'\xd9\x84\xd9\x88'
p498
I34
sS'part'
p499
I33
sS'nigga'
p500
I32
sS'sabbath'
p501
I34
sS'butt'
p502
I34
sS'theater'
p503
I34
sS'believe'
p504
I34
sS'than'
p505
I31
sS'boyfriend'
p506
I34
sS'10'
p507
I33
sS'grocery'
p508
I34
sS'b'
p509
I20
sS'jack--julia'
p510
I34
sS'depressed'
p511
I34
sS'gotten'
p512
I34
sS'gotta'
p513
I34
sS"mother's"
p514
I34
sS'shea'
p515
I34
sS'bed'
p516
I34
sS'tommy'
p517
I34
sS'shalom'
p518
I34
sS'r'
p519
I21
sS'knives'
p520
I34
sS'girl*'
p521
I34
sS'were'
p522
I31
sS'sister'
p523
I34
sS'country'
p524
I32
sS'powder'
p525
I34
sS'and'
p526
I9
sS'bridge'
p527
I34
sS'fashion'
p528
I34
sS'san'
p529
I32
sS'palace'
p530
I29
sS'chickens'
p531
I34
sS'\xd9\x8a\xd8\xa7'
p532
I34
sS'greyhound'
p533
I34
sS'few'
p534
I34
sS'spent'
p535
I34
sS'tonight'
p536
I33
sS'say'
p537
I33
sS'x)'
p538
I34
sS'have'
p539
I21
sS'need'
p540
I31
sS'seen'
p541
I34
sS'st'
p542
I34
sS'saw'
p543
I34
sS'any'
p544
I33
sS'thought'
p545
I34
sS'breathing'
p546
I34
sS'bae'
p547
I34
sS'date'
p548
I34
sS'congrats'
p549
I33
sS'mia'
p550
I34
sS'self'
p551
I34
sS'cave'
p552
I34
sS'-'
p553
I28
sS'kaya'
p554
I34
sS'couch'
p555
I34
sS'note'
p556
I34
sS'caesar'
p557
I34
sS'square'
p558
I34
sS'take'
p559
I32
sS'which'
p560
I34
sS'season'
p561
I34
sS'even'
p562
I34
sS'sure'
p563
I33
sS'unless'
p564
I34
sS'llegara'
p565
I34
sS'clapton'
p566
I34
sS'who'
p567
I34
sS'dubs'
p568
I34
sS'reunited'
p569
I34
sS'victoria'
p570
I34
sS'anatomy'
p571
I34
sS'most'
p572
I33
sS'plan'
p573
I34
sS'nothing'
p574
I32
sS'kay'
p575
I34
sS"smith's"
p576
I34
sS'may'
p577
I34
sS'why'
p578
I30
sS'fair'
p579
I34
sS'3rd-period'
p580
I34
sS'promotions'
p581
I34
sS'forever'
p582
I32
sS'episode'
p583
I34
sS'takes'
p584
I34
sS'bitchezzz'
p585
I34
sS'drive'
p586
I33
sS'doe'
p587
I34
sS'freeway'
p588
I33
sS'definitely'
p589
I34
sS'aunt'
p590
I33
sS'chester'
p591
I34
sS'movie'
p592
I34
sS'saloon'
p593
I29
sS'latest'
p594
I34
sS'came'
p595
I34
sS'joining'
p596
I34
sS'son'
p597
I34
sS'perch'
p598
I33
sS'tableaux'
p599
I34
sS'\xd9\x85\xd8\xb9'
p600
I34
sS'set'
p601
I34
sS'gold'
p602
I34
sS'chicks'
p603
I34
sS'muy'
p604
I34
sS'nanas'
p605
I34
sS'convos'
p606
I34
sS'converge'
p607
I34
sS'bring'
p608
I34
sS'colors'
p609
I34
sS'radio'
p610
I34
sS'saying'
p611
I34
sS'jared'
p612
I34
sS'longer'
p613
I34
sS"n'"
p614
I34
sS'ejaculates'
p615
I34
sS'orleans'
p616
I34
sS'tucked'
p617
I34
sS'mugs'
p618
I34
sS'rainning'
p619
I34
sS'omglol'
p620
I34
sS'jay'
p621
I34
sS'true'
p622
I33
sS'beliebers'
p623
I34
sS'dick'
p624
I34
sS"baby's"
p625
I34
sS'leespielman'
p626
I34
sS'ball'
p627
I34
sS'should'
p628
I32
sS'tries'
p629
I34
sS'yea'
p630
I33
sS'only'
p631
I33
sS'going'
p632
I31
sS'tape'
p633
I34
sS'touched'
p634
I34
sS'pretty'
p635
I32
sS'gods'
p636
I34
sS'freeway)'
p637
I34
sS'he'
p638
I25
sS'laptop'
p639
I34
sS'personality'
p640
I34
sS'meant'
p641
I33
sS'do'
p642
I30
sS'dm'
p643
I33
sS'hit'
p644
I32
sS'asians'
p645
I34
sS'get'
p646
I28
sS'tommorow'
p647
I34
sS'dope'
p648
I34
sS'de'
p649
I34
sS'stop'
p650
I33
sS'kind'
p651
I34
sS'tbh'
p652
I34
sS'feels'
p653
I32
sS'12'
p654
I34
sS'ewwwwww'
p655
I34
sS'dx'
p656
I34
sS'casino'
p657
I34
sS'julienne'
p658
I34
sS'him'
p659
I34
sS'freaking'
p660
I33
sS'djing'
p661
I34
sS'hello'
p662
I34
sS'isnt'
p663
I34
sS'morning'
p664
I34
sS'congratulations'
p665
I34
sS":')"
p666
I34
sS'bad'
p667
I34
sS'stupid'
p668
I32
sS'410'
p669
I34
sS'she'
p670
I29
sS'shots'
p671
I34
sS'18'
p672
I34
sS'glendale'
p673
I34
sS'grab'
p674
I34
sS'river'
p675
I34
sS'where'
p676
I33
sS'view'
p677
I34
sS'insane'
p678
I34
sS'gunna'
p679
I34
sS'cynical'
p680
I34
sS'silverlake'
p681
I34
sS'notice'
p682
I34
sS'seat'
p683
I34
sS'see'
p684
I33
sS'yougrtland'
p685
I34
sS'asleep'
p686
I34
sS'are'
p687
I28
sS'close'
p688
I33
sS'bee'
p689
I34
sS'jerseys'
p690
I34
sS'best'
p691
I34
sS'eman'
p692
I34
sS'mrs'
p693
I34
sS'said'
p694
I33
sS'duff'
p695
I34
sS'smog'
p696
I34
sS'whitmore'
p697
I34
sS'bootleg'
p698
I33
sS'please'
p699
I31
sS'reapply'
p700
I34
sS'3'
p701
I34
sS'won'
p702
I32
sS'closed'
p703
I34
sS'horrible'
p704
I34
sS'montanarocky'
p705
I34
sS'warren'
p706
I34
sS'2pm'
p707
I34
sS'pirate'
p708
I34
sS'do-cup&key'
p709
I34
sS'we'
p710
I25
sS'men'
p711
I34
sS'omg'
p712
I32
sS'moment'
p713
I34
sS'nature'
p714
I34
sS'literally'
p715
I34
sS'chunnerrr'
p716
I34
sS'court'
p717
I34
sS'weak'
p718
I34
sS'killing'
p719
I34
sS'guitar'
p720
I34
sS"n'es"
p721
I34
sS'job'
p722
I34
sS'omw'
p723
I34
sS'(los'
p724
I34
sS'wtf'
p725
I33
sS'picking'
p726
I34
sS'boss'
p727
I34
sS'come'
p728
I32
sS'pissed'
p729
I34
sS'recall'
p730
I34
sS'water'
p731
I34
sS'feeling'
p732
I34
sS'last'
p733
I28
sS'\xe2\x9d\xa4\xef\xb8\x8f'
p734
I34
sS'many'
p735
I33
sS"wouldn't"
p736
I33
sS"he's"
p737
I34
sS'wifey'
p738
I34
sS'bwahaha'
p739
I34
sS'restroom'
p740
I34
sS'camouflage'
p741
I34
sS"she's"
p742
I34
sS'estates'
p743
I32
sS'oc'
p744
I34
sS'party'
p745
I34
sS'wipeout'
p746
I34
sS'reply'
p747
I34
sS'passing'
p748
I34
sS'loose'
p749
I34
sS'whole'
p750
I33
sS"can't"
p751
I34
sS'patty'
p752
I33
sS'withdraws'
p753
I34
sS'cj'
p754
I34
sS'liked'
p755
I34
sS'lemoyne'
p756
I34
sS'listening'
p757
I34
sS'explanatory'
p758
I34
sS'ca'
p759
I29
sS'stuck'
p760
I34
sS'loveee'
p761
I34
sS'rave'
p762
I34
sS'kings'
p763
I34
sS'writing'
p764
I34
sS'heals'
p765
I34
sS'tub'
p766
I34
sS'patiently'
p767
I34
sS'destroyed'
p768
I34
sS'pp'
p769
I34
sS'petty'
p770
I34
sS'sam'
p771
I34
sS'>>>'
p772
I34
sS'addition'
p773
I34
sS"it's"
p774
I23
sS'frenchgeneral'
p775
I33
sS'been'
p776
I32
sS'hitting'
p777
I34
sS'\xd8\xa7\xd8\xae\xd8\xaa\xd9\x84\xd9\x81\xd8\xaa'
p778
I34
sS'much'
p779
I32
sS'damn'
p780
I31
sS'far'
p781
I34
sS'stadium'
p782
I33
sS'lmao'
p783
I34
sS'waste'
p784
I34
sS'chat'
p785
I34
sS'known'
p786
I34
sS'empty'
p787
I34
sS'pm'
p788
I34
sS'wants'
p789
I34
sS'life'
p790
I29
sS'deeper'
p791
I34
sS'gay'
p792
I33
sS'both'
p793
I34
sS'blame'
p794
I34
sS'mind'
p795
I34
sS'face'
p796
I34
sS'\xd8\xa8\xd8\xa7\xd9\x84\xd8\xa2\xd8\xb1\xd8\xa7\xd8\xa1'
p797
I34
sS'shabbat'
p798
I34
sS'mine'
p799
I34
sS'hml'
p800
I34
sS'orange'
p801
I34
sS'awake'
p802
I34
sS'smoking'
p803
I34
sS'wedding'
p804
I34
sS'haters'
p805
I34
sS'chill'
p806
I34
sS'randomly'
p807
I34
sS'east'
p808
I32
sS'ahhh'
p809
I34
sS'these'
p810
I34
sS'single'
p811
I34
sS'n'
p812
I34
sS'will'
p813
I31
sS'while'
p814
I34
sS'leaves'
p815
I34
sS'hahaha'
p816
I32
sS'fun'
p817
I34
sS'sisters'
p818
I34
sS"nobody's"
p819
I34
sS'ill'
p820
I34
sS'promised'
p821
I34
sS'jadiel'
p822
I33
sS'hoping'
p823
I34
sS'pickup'
p824
I34
sS'candies'
p825
I34
sS'is'
p826
I12
sS'engaged'
p827
I34
sS'coffee'
p828
I27
sS'doyers'
p829
I34
sS'player'
p830
I34
sS'cant'
p831
I31
sS'someone'
p832
I34
sS'im'
p833
I30
sS'in'
p834
I8
sS'ready'
p835
I33
sS'gringa'
p836
I34
sS'fame'
p837
I34
sS'if'
p838
I28
sS'funny'
p839
I34
sS'different'
p840
I34
sS'pas'
p841
I34
sS'because'
p842
I34
sS'since'
p843
I34
sS')'
p844
I34
sS'things'
p845
I32
sS'make'
p846
I31
sS'though('
p847
I34
sS'tells'
p848
I33
sS'ya'
p849
I34
sS'slammed'
p850
I34
sS'split'
p851
I33
sS'babies'
p852
I34
sS'"yeah'
p853
I34
sS'alwaaays'
p854
I34
sS'gets'
p855
I33
sS'hand-painted'
p856
I34
sS'mayo'
p857
I34
sS'todos'
p858
I34
sS'week'
p859
I32
sS'tiempo'
p860
I33
sS'used'
p861
I34
sS'oceanside'
p862
I34
sS'stoners'
p863
I34
sS"should've"
p864
I34
sS'pick'
p865
I34
sS'throwback'
p866
I34
sS'yesterday'
p867
I34
sS'hand'
p868
I33
sS'producers'
p869
I34
sS'coaches'
p870
I34
sS'fucken'
p871
I33
sS'of\xe2\x80\xa6'
p872
I34
sS'xd'
p873
I34
sS'favorites'
p874
I34
sS'jeremih'
p875
I34
sS'jealous'
p876
I34
sS'interested'
p877
I34
sS'l.a'
p878
I33
sS'bob'
p879
I34
sS'hella'
p880
I34
sS'lower'
p881
I32
sS'highland'
p882
I34
sS'off'
p883
I30
sS'kxlu'
p884
I34
sS'fully'
p885
I34
sS'i'
p886
I2
sS'incredible'
p887
I34
sS'well'
p888
I28
sS'anybody'
p889
I34
sS'ocean'
p890
I34
sS'tho'
p891
I32
sS'preppers'
p892
I34
sS'2-1.\xe2\x80\x9d'
p893
I34
sS'without'
p894
I33
sS'bottle'
p895
I34
sS'very'
p896
I34
sS'hearts'
p897
I34
sS'the'
p898
I4
sS'yours'
p899
I34
sS'left'
p900
I33
sS'summer'
p901
I34
sS'salvi'
p902
I34
sS'\xe2\x98\xba\xef\xb8\x8f'
p903
I34
sS'just'
p904
I7
sS'less'
p905
I34
sS'being'
p906
I33
sS'photo'
p907
I16
sS'elysian'
p908
I30
sS'sleepy'
p909
I32
sS'boutta'
p910
I34
sS'distant'
p911
I34
sS'thanks'
p912
I34
sS'human'
p913
I34
sS'behind'
p914
I34
sS'touch'
p915
I34
sS'unbelivable'
p916
I34
sS'halfway'
p917
I34
sS'pf-800'
p918
I34
sS'02:4'
p919
I34
sS'foo'
p920
I34
sS'cup'
p921
I34
sS'thinking'
p922
I34
sS'rose'
p923
I34
sS'had'
p924
I33
sS'lake'
p925
I34
sS'bullshit'
p926
I34
sS'squad'
p927
I34
sS'parents'
p928
I34
sS'4'
p929
I34
sS'tus'
p930
I34
sS'crack'
p931
I34
sS'doomsday'
p932
I34
sS'actors'
p933
I34
sS'has'
p934
I30
sS'excited'
p935
I32
sS'torrance'
p936
I34
sS'gave'
p937
I34
sS'real'
p938
I32
sS'around'
p939
I33
sS'big'
p940
I33
sS'hotbox'
p941
I34
sS"who's"
p942
I34
sS'treehouse'
p943
I34
sS'gonna'
p944
I32
sS'early'
p945
I32
sS'game'
p946
I26
sS'traffic'
p947
I29
sS'know'
p948
I28
sS'mom'
p949
I32
sS'cuteness'
p950
I34
sS'designers'
p951
I34
sS'bloom'
p952
I34
sS'like'
p953
I26
sS'hangin'
p954
I34
sS'necessary'
p955
I34
sS'd'
p956
I20
sS'lost'
p957
I34
sS'texting'
p958
I34
sS'sundries'
p959
I34
sS'chow'
p960
I34
sS'steps'
p961
I33
sS'laughing'
p962
I34
sS'night'
p963
I26
sS'beverly'
p964
I32
sS'become'
p965
I32
sS'jajajjajaja'
p966
I34
sS'sketch'
p967
I34
sS'right'
p968
I28
sS'dean'
p969
I34
sS'deal'
p970
I34
sS'people'
p971
I29
sS'daddy'
p972
I34
sS'some'
p973
I33
sS'back'
p974
I29
sS'pacific'
p975
I34
sS'born'
p976
I34
sS'eddie'
p977
I34
sS'scooter'
p978
I34
sS'laughed'
p979
I34
sS'sight'
p980
I34
sS';d'
p981
I34
sS'home'
p982
I31
sS'homegirl'
p983
I34
sS'olive'
p984
I34
sS'\xd9\x81\xd8\xb9\xd9\x86\xd8\xaf\xd9\x87\xd9\x85'
p985
I34
sS'for'
p986
I15
sS'w/e'
p987
I34
sS'memories'
p988
I34
sS'noon'
p989
I34
sS'a\xe2\x80\xa6'
p990
I34
sS'fox'
p991
I34
sS'/'
p992
I34
sS'everything'
p993
I33
sS'asking'
p994
I34
sS'4/20'
p995
I34
sS'bestie\xe2\x80\x9d'
p996
I34
sS':)\xe2\x80\x9d'
p997
I34
sS'\xd9\x84\xd8\xa7'
p998
I34
sS'drink'
p999
I34
sS'be'
p1000
I14
sS'run'
p1001
I34
sS'weird'
p1002
I34
sS'quit'
p1003
I34
sS'lmfao'
p1004
I34
sS'goooood'
p1005
I34
sS'punched'
p1006
I34
sS'each'
p1007
I34
sS'fed'
p1008
I34
sS'beach'
p1009
I34
sS'discount'
p1010
I34
sS'hahahahaha'
p1011
I34
sS'santa'
p1012
I33
sS'bs'
p1013
I34
sS'keeper'
p1014
I34
sS';)'
p1015
I34
sS'frances'
p1016
I33
sS'super'
p1017
I31
sS'by'
p1018
I27
sS'freeeee'
p1019
I34
sS'raise'
p1020
I34
sS'chapter'
p1021
I34
sS'on'
p1022
I18
sS'about'
p1023
I32
sS':-)'
p1024
I34
sS'ok'
p1025
I34
sS'would'
p1026
I31
sS'anything'
p1027
I34
sS'oh'
p1028
I32
sS'of'
p1029
I15
sS'favorite'
p1030
I34
sS'o'
p1031
I21
sS'angeles'
p1032
I28
sS'dinner'
p1033
I34
sS'important'
p1034
I34
sS'idk'
p1035
I34
sS'stoked'
p1036
I34
sS'ox'
p1037
I34
sS'ladykiller'
p1038
I34
sS'wanna'
p1039
I29
sS'or'
p1040
I31
sS'block'
p1041
I34
sS'channeling'
p1042
I34
sS'ppl'
p1043
I34
sS'seeing'
p1044
I33
sS'own'
p1045
I34
sS'casualty'
p1046
I34
sS'student'
p1047
I34
sS'visit'
p1048
I34
sS'into'
p1049
I34
sS'scores'
p1050
I34
sS'washington'
p1051
I34
sS'bound'
p1052
I32
sS'usa'
p1053
I34
sS'getting'
p1054
I32
sS'down'
p1055
I32
sS'landa'
p1056
I30
sS'otw'
p1057
I34
sS'everyone'
p1058
I32
sS'smelly'
p1059
I34
sS'lovely'
p1060
I34
sS'forget'
p1061
I34
sS'your'
p1062
I27
sS'soniaaaaa'
p1063
I34
sS'holla'
p1064
I34
sS'prestige'
p1065
I34
sS'forreal'
p1066
I34
sS'habitat'
p1067
I34
sS'her'
p1068
I32
sS'area'
p1069
I30
sS'apparently'
p1070
I34
sS'there'
p1071
I32
sS'ca)'
p1072
I34
sS'long'
p1073
I32
sS'fight'
p1074
I34
sS'start'
p1075
I33
sS'vendors'
p1076
I34
sS'problems.lol'
p1077
I34
sS'boo\xe2\x80\x9d'
p1078
I34
sS'way'
p1079
I32
sS'text\xe2\x80\x9d'
p1080
I34
sS'spar'
p1081
I34
sS'music'
p1082
I31
sS'was'
p1083
I25
sS'happy'
p1084
I24
sS'beard'
p1085
I34
sS'head'
p1086
I34
sS'buy'
p1087
I33
sS'album'
p1088
I34
sS"i've"
p1089
I32
sS'patstar'
p1090
I34
sS'brand'
p1091
I33
sS'bitches'
p1092
I34
sS'but'
p1093
I28
sS't-shirt'
p1094
I34
sS'boys'
p1095
I34
sS'laying'
p1096
I34
sS'hi'
p1097
I33
sS'hear'
p1098
I34
sS'competition'
p1099
I34
sS'"excuse'
p1100
I34
sS'beat'
p1101
I34
sS'helpful'
p1102
I34
sS'line'
p1103
I34
sS'ear'
p1104
I34
sS'with'
p1105
I19
sS'outpost'
p1106
I34
sS'cursed'
p1107
I34
sS'posted'
p1108
I17
sS'again'
p1109
I34
sS'lady'
p1110
I34
sS'made'
p1111
I33
sS'legacy'
p1112
I34
sS'places'
p1113
I34
sS'\xd8\xa7\xd8\xad\xd8\xaa\xd8\xb1\xd9\x85'
p1114
I34
sS'wish'
p1115
I33
sS'inside'
p1116
I34
sS'up'
p1117
I25
sS'us'
p1118
I32
sS"d'luna"
p1119
I34
sS'r.i.p'
p1120
I33
sS'un'
p1121
I34
sS'woke'
p1122
I34
sS'doors'
p1123
I34
sS'z'
p1124
I34
sS'minutes'
p1125
I34
sS'houseguest'
p1126
I34
sS'zebra'
p1127
I34
sS'gone'
p1128
I34
sS'taylor'
p1129
I34
sS'ohh'
p1130
I34
sS'bruh'
p1131
I34
sS'taste'
p1132
I34
sS'feliz'
p1133
I34
sS'forgot'
p1134
I34
sS'am'
p1135
I34
sS'al'
p1136
I34
sS'deep'
p1137
I34
sS'an'
p1138
I32
sS'paparazzi'
p1139
I34
sS'as'
p1140
I30
sS'conan'
p1141
I34
sS'at'
p1142
I23
sS'ayeee'
p1143
I34
sS'burrito'
p1144
I34
sS'girlfriend'
p1145
I34
sS'watched'
p1146
I34
sS'shooting'
p1147
I33
sS'mold'
p1148
I34
sS'trip'
p1149
I32
sS'k'
p1150
I34
sS'echo'
p1151
I24
sS'est\xc3\xa1n'
p1152
I34
sS'tix'
p1153
I34
sS'thiiiiiinng'
p1154
I34
sS'no'
p1155
I24
sS'nah'
p1156
I33
sS'when'
p1157
I27
sS'40'
p1158
I34
sS'til'
p1159
I34
sS'old'
p1160
I34
sS'other'
p1161
I34
sS'5'
p1162
I32
sS'diego'
p1163
I34
sS'sunset'
p1164
I34
sS'you'
p1165
I6
sS'really'
p1166
I27
sS'smell'
p1167
I34
sS'manhattan'
p1168
I32
sS'realize'
p1169
I34
sS'nice'
p1170
I34
sS'pier'
p1171
I34
sS'rt'
p1172
I33
sS'sued'
p1173
I34
sS'francisco'
p1174
I33
sS'star'
p1175
I33
sS'hey'
p1176
I34
sS'cab'
p1177
I34
sS'class'
p1178
I34
sS'update'
p1179
I34
sS'stay'
p1180
I33
sS'a1'
p1181
I34
sS'fell'
p1182
I34
sS'stab'
p1183
I34
sS'utterly'
p1184
I34
sS'serious'
p1185
I34
sS"incomparable''"
p1186
I34
sS'badass'
p1187
I34
sS'hurt'
p1188
I34
sS'friends'
p1189
I33
sS'goin'
p1190
I34
sS'\xd8\xa7\xd9\x84\xd8\xaa\xd8\xb9\xd8\xaf\xd9\x8a'
p1191
I34
sS'\xe2\x99\xa1'
p1192
I34
sS'e'
p1193
I21
sS'lead'
p1194
I34
sS'wife'
p1195
I31
sS'issa'
p1196
I34
sS'rose)'
p1197
I34
sS'whooot'
p1198
I34
sS'\xd8\xaf\xd9\x83\xd8\xaa\xd9\x88\xd8\xb1'
p1199
I34
sS'gardens'
p1200
I33
sS'fresh'
p1201
I34
sS'u'
p1202
I33
sS"we're"
p1203
I34
sS'time'
p1204
I27
sS'shortcuts'
p1205
I34
sS'wake'
p1206
I34
sS'starting'
p1207
I34
sS'having'
p1208
I32
sS'songs'
p1209
I33
s.