(dp0
S''
p1
I1
sS'flacs'
p2
I36
sS'all'
p3
I22
sS':/'
p4
I36
sS'culeros'
p5
I36
sS'd\xc3\xada'
p6
I36
sS':$'
p7
I36
sS'skip'
p8
I36
sS'dollar'
p9
I36
sS'felt'
p10
I36
sS'switches'
p11
I36
sS'gana'
p12
I36
sS'sleep'
p13
I35
sS"friend's"
p14
I36
sS'go'
p15
I21
sS'gn'
p16
I36
sS'chillin'
p17
I36
sS'milk'
p18
I35
sS'causes'
p19
I36
sS':)'
p20
I36
sS'relationships'
p21
I36
sS'21st'
p22
I35
sS'porno'
p23
I36
sS'good/bad/all'
p24
I36
sS'torreto'
p25
I36
sS'wassup'
p26
I35
sS'father'
p27
I36
sS'to'
p28
I3
sS'finally'
p29
I35
sS'packers'
p30
I35
sS'under'
p31
I35
sS'tf'
p32
I35
sS'smile'
p33
I35
sS'sorry'
p34
I34
sS'te'
p35
I36
sS'tb'
p36
I36
sS'comfort.,90063\n435732386349735937,cpromo_,2014-02-18'
p37
I36
sS'jdm'
p38
I36
sS'staley'
p39
I36
sS'woman'
p40
I35
sS'song'
p41
I36
sS'cemetary'
p42
I35
sS'hilarious'
p43
I36
sS'fat'
p44
I36
sS'selfies'
p45
I35
sS'every'
p46
I32
sS'lynch'
p47
I36
sS'scholarship'
p48
I36
sS'cook'
p49
I36
sS'join'
p50
I36
sS'drinking'
p51
I36
sS'difference'
p52
I36
sS'fag'
p53
I36
sS'define.,90063\n435867280811884544,cpromo_,2014-02-18'
p54
I36
sS'leads'
p55
I36
sS'school'
p56
I31
sS'called'
p57
I36
sS'tear'
p58
I35
sS'turns'
p59
I36
sS'michael'
p60
I36
sS'wednesday'
p61
I36
sS'quitting'
p62
I36
sS'try'
p63
I35
sS'skate'
p64
I36
sS'reals'
p65
I36
sS'quick'
p66
I35
sS'vamonos'
p67
I36
sS'mrthc"serio'
p68
I36
sS'???\xe2\x80\x9dsedz'
p69
I36
sS"i'll"
p70
I30
sS'zo'
p71
I36
sS'lady'
p72
I36
sS"you'd"
p73
I36
sS'tired'
p74
I35
sS'tea'
p75
I36
sS'sign'
p76
I36
sS'me,90063\n435745374460837888,cpromo_,2014-02-18'
p77
I36
sS'video'
p78
I36
sS'clearing'
p79
I36
sS'pass'
p80
I36
sS'run'
p81
I34
sS'street?,90063\n494338617414664192,mr_espn15,2014-07-30'
p82
I36
sS'n'
p83
I36
sS'spaghetti'
p84
I36
sS'nigs'
p85
I36
sS'even'
p86
I30
sS'what'
p87
I27
sS'power'
p88
I36
sS'barbie'
p89
I36
sS'giving'
p90
I36
sS'hate'
p91
I36
sS'sum'
p92
I36
sS'stars'
p93
I36
sS"it!!'"
p94
I36
sS'crush'
p95
I36
sS'lmfao'
p96
I36
sS'estuvo'
p97
I36
sS'tears'
p98
I36
sS'gunz'
p99
I36
sS'goes'
p100
I35
sS'new'
p101
I36
sS'fuckd'
p102
I36
sS'aunt!!\xe2\x80\xa6'
p103
I36
sS'ever'
p104
I36
sS'told'
p105
I36
sS'ulices'
p106
I36
sS'hotos'
p107
I36
sS'full'
p108
I36
sS'guardian'
p109
I36
sS'2\xe2\x80\x9d'
p110
I36
sS'never'
p111
I31
sS'suga'
p112
I36
sS'here'
p113
I32
sS'paz'
p114
I36
sS'hours'
p115
I36
sS'\xe2\x9d\xa4\xef\xb8\x8f'
p116
I35
sS'let'
p117
I33
sS'smokin'
p118
I36
sS'alone'
p119
I36
sS'ew,90063\n496107174288846849,mr_espn15,2014-08-04'
p120
I36
sS'along'
p121
I36
sS"aren't"
p122
I36
sS'b'
p123
I36
sS'change'
p124
I35
sS'wait'
p125
I36
sS'boy'
p126
I36
sS'great'
p127
I35
sS'else'
p128
I36
sS'shift'
p129
I36
sS'leaves'
p130
I36
sS'shirt?(x'
p131
I36
sS'tv'
p132
I36
sS"i'd"
p133
I35
sS'ughhh'
p134
I36
sS'pick'
p135
I35
sS'california'
p136
I36
sS"i'm"
p137
I9
sS'thats'
p138
I35
sS'jumped'
p139
I36
sS'away!cc'
p140
I36
sS'cup'
p141
I36
sS'love'
p142
I35
sS'apple'
p143
I36
sS'vie'
p144
I36
sS'win'
p145
I34
sS'you,90063\n435734387737382912,cpromo_,2014-02-18'
p146
I36
sS'feelings'
p147
I36
sS'order'
p148
I36
sS'ask'
p149
I36
sS'manny'
p150
I36
sS'1st'
p151
I36
sS'brb'
p152
I36
sS'encontr\xc3\xb3'
p153
I36
sS'emoji'
p154
I36
sS'yourself'
p155
I36
sS'confidence'
p156
I35
sS'cough'
p157
I35
sS'from'
p158
I26
sS'would'
p159
I35
sS'&'
p160
I23
sS'downfall'
p161
I35
sS'negative'
p162
I35
sS'next'
p163
I35
sS'help!('
p164
I36
sS'maboii'
p165
I32
sS'ayy'
p166
I35
sS'calm'
p167
I36
sS'aries'
p168
I35
sS'thru'
p169
I36
sS'dalia'
p170
I36
sS'tell'
p171
I33
sS'today'
p172
I31
sS'more'
p173
I33
sS'breathe'
p174
I35
sS'beer'
p175
I36
sS'son'
p176
I36
sS'playboy'
p177
I36
sS'babe'
p178
I36
sS'knows'
p179
I36
sS'holy'
p180
I36
sS'pinches'
p181
I36
sS'haha'
p182
I34
sS'ruhan'
p183
I36
sS'sleep.,90063\n378899437998702592,cpromo_,2013-09-14'
p184
I36
sS'hurt'
p185
I35
sS'downtown'
p186
I36
sS'sore'
p187
I36
sS"ain't"
p188
I36
sS'20:34:03.0,34.03647275,-118.1964766,2041.10,being'
p189
I36
sS'aris'
p190
I36
sS'baby'
p191
I36
sS'gained'
p192
I36
sS'ducks'
p193
I36
sS'morro"'
p194
I36
sS'riders'
p195
I36
sS'glad'
p196
I35
sS'had'
p197
I36
sS'me'
p198
I8
sS'munchies'
p199
I36
sS'channel'
p200
I36
sS'fooling'
p201
I36
sS'ma'
p202
I36
sS'extension'
p203
I36
sS'hour'
p204
I34
sS'niggas'
p205
I34
sS'this'
p206
I23
sS'car'
p207
I36
sS'ride'
p208
I36
sS'work'
p209
I33
sS'mi'
p210
I36
sS'list'
p211
I36
sS'roosevelt'
p212
I35
sS'soup'
p213
I36
sS'waddup'
p214
I36
sS'vs'
p215
I36
sS'del'
p216
I36
sS'can'
p217
I33
sS'v'
p218
I36
sS'aight'
p219
I35
sS'making'
p220
I36
sS'my'
p221
I7
sS'regresa'
p222
I36
sS'heart'
p223
I34
sS'est\xc3\xa9s'
p224
I36
sS'weaker'
p225
I36
sS'buying'
p226
I36
sS'wang'
p227
I36
sS'give'
p228
I34
sS'awesome'
p229
I36
sS"didn't"
p230
I31
sS'fuck'
p231
I27
sS'trouble'
p232
I36
sS'high'
p233
I36
sS'heard'
p234
I35
sS'fronting'
p235
I36
sS'something'
p236
I35
sS'want'
p237
I33
sS'sense'
p238
I36
sS'tan'
p239
I36
sS'story'
p240
I36
sS'westcoast,90063\n445141188161441793,cpromo_,2014-03-16'
p241
I36
sS'working'
p242
I36
sS'pink'
p243
I36
sS'protectors'
p244
I36
sS'awkward'
p245
I36
sS'turn'
p246
I36
sS'rather'
p247
I36
sS'describes'
p248
I36
sS'means'
p249
I36
sS'everyday'
p250
I36
sS'needa'
p251
I32
sS'how'
p252
I29
sS'hot'
p253
I34
sS'csu'
p254
I36
sS'instead'
p255
I35
sS'down,90063\n435739987225497600,cpromo_,2014-02-18'
p256
I36
sS'beach'
p257
I36
sS'goat'
p258
I36
sS'pizza'
p259
I35
sS'coo'
p260
I36
sS'02:54:18.0,34.03637923,-118.19650958,2041.10,og'
p261
I36
sS'okay'
p262
I35
sS',90063\n520046129371574272,ohines__,2014-10-09'
p263
I36
sS'attend'
p264
I36
sS'ladiezzzzz'
p265
I36
sS'levs'
p266
I36
sS'db'
p267
I36
sS'advice'
p268
I36
sS'after'
p269
I35
sS'southern'
p270
I36
sS'long'
p271
I36
sS'10:15:04.0,34.03639837,-118.19658865,2041.10,home,90063\n435889486392610816,cpromo_,2014-02-18'
p272
I36
sS'wrong'
p273
I35
sS'birthday'
p274
I35
sS'blood'
p275
I36
sS'coming'
p276
I35
sS'hahahaha'
p277
I35
sS'such'
p278
I33
sS'suck'
p279
I34
sS'lap'
p280
I33
sS'grow'
p281
I36
sS'man'
p282
I34
sS'a'
p283
I5
sS'goooooooooooooooooooool'
p284
I36
sS'stress'
p285
I36
sS'neck'
p286
I36
sS'joint'
p287
I36
sS'maybe'
p288
I36
sS'vendidos'
p289
I36
sS'wumbology'
p290
I36
sS'si'
p291
I36
sS'cannot'
p292
I36
sS'so'
p293
I18
sS'dread'
p294
I36
sS'pay'
p295
I36
sS'facebook'
p296
I36
sS'fireball'
p297
I36
sS'playing'
p298
I35
sS'talk'
p299
I36
sS"that's"
p300
I33
sS'11:07:51.0,34.03651503,-118.19643611,2041.10,i'
p301
I36
sS'cute'
p302
I36
sS'cockiness'
p303
I36
sS"don't"
p304
I23
sS'over'
p305
I35
sS'move'
p306
I36
sS'sooo'
p307
I36
sS'soon'
p308
I34
sS'cheledas'
p309
I36
sS'doubtful'
p310
I36
sS'teen'
p311
I36
sS'fab'
p312
I36
sS'pineapples'
p313
I36
sS'through'
p314
I34
sS'4'
p315
I36
sS'cruise'
p316
I36
sS'hell'
p317
I36
sS'cold'
p318
I36
sS'still'
p319
I30
sS'its'
p320
I33
sS'before'
p321
I36
sS'perfect'
p322
I36
sS'gta'
p323
I35
sS'believed'
p324
I36
sS'le'
p325
I36
sS'0'
p326
I36
sS'thank'
p327
I34
sS'la'
p328
I29
sS'fix'
p329
I36
sS'jim'
p330
I36
sS'sunday'
p331
I36
sS'gen'
p332
I36
sS'better'
p333
I33
sS'grade'
p334
I35
sS'tweety'
p335
I36
sS'willing'
p336
I36
sS'choose'
p337
I35
sS'falls'
p338
I36
sS'2014'
p339
I36
sS'soccer'
p340
I36
sS'spiderwebs'
p341
I36
sS'selfie'
p342
I35
sS'goodmorning'
p343
I35
sS'split'
p344
I36
sS'dad'
p345
I35
sS'then'
p346
I33
sS'them'
p347
I32
sS'good'
p348
I32
sS'boutz'
p349
I36
sS'yo'
p350
I35
sS'3'
p351
I36
sS'ya'
p352
I33
sS'practice'
p353
I36
sS'dah'
p354
I34
sS'collide'
p355
I36
sS'break'
p356
I35
sS'while\xe2\x80\xa6'
p357
I36
sS'they'
p358
I33
sS'gate'
p359
I36
sS'foot'
p360
I34
sS'room.,90063\n446759297775435776,cpromo_,2014-03-20'
p361
I36
sS'now'
p362
I31
sS'ahaha'
p363
I35
sS'day'
p364
I30
sS'nor'
p365
I36
sS'tec-9'
p366
I36
sS'c\'mon"'
p367
I36
sS'meat'
p368
I35
sS'always'
p369
I33
sS'girlfriends'
p370
I36
sS'drop'
p371
I36
sS'lowks'
p372
I33
sS'did'
p373
I36
sS'slide'
p374
I36
sS'doesnt'
p375
I36
sS'messed'
p376
I36
sS'2b'
p377
I36
sS'dabs'
p378
I36
sS'went'
p379
I33
sS'quarter'
p380
I35
sS'side'
p381
I36
sS"isn't"
p382
I36
sS'mean'
p383
I35
sS'pelon'
p384
I36
sS'coles'
p385
I36
sS'lowkey'
p386
I34
sS'gunna'
p387
I36
sS'house'
p388
I34
sS'met'
p389
I36
sS'hard'
p390
I33
sS'yeah'
p391
I34
sS'sober'
p392
I36
sS'expect'
p393
I36
sS'pregnancy.(mary)'
p394
I36
sS'our'
p395
I34
sS'sweatshirt'
p396
I36
sS'bay'
p397
I36
sS'lesbians"'
p398
I36
sS'saturday'
p399
I34
sS'out'
p400
I27
sS'rt'
p401
I36
sS'leave'
p402
I36
sS'3rd'
p403
I36
sS'<<<'
p404
I36
sS'god'
p405
I36
sS'ha'
p406
I36
sS'maboiis'
p407
I36
sS'mattered'
p408
I36
sS'c\'mon"\xe2\x80\x9dyou'
p409
I36
sS'looking'
p410
I35
sS'up.,90063\n435737684292562945,cpromo_,2014-02-18'
p411
I36
sS'&\xe2\x80\xa6'
p412
I36
sS'stuff'
p413
I35
sS'asanebo'
p414
I36
sS'barley'
p415
I36
sS'7'
p416
I35
sS'smh'
p417
I33
sS'got'
p418
I29
sS'rn'
p419
I31
sS'bitchass'
p420
I36
sS'cause'
p421
I35
sS'20:03:52.0,34.03646323,-118.19650786,2041.10,it'
p422
I36
sS'ass'
p423
I28
sS'football'
p424
I36
sS'shut'
p425
I36
sS'dodgers'
p426
I36
sS'cars'
p427
I36
sS'bitches'
p428
I36
sS'friday'
p429
I35
sS'orr'
p430
I36
sS'guess'
p431
I34
sS'echigo'
p432
I36
sS'mmm'
p433
I36
sS'small'
p434
I36
sS'basketball'
p435
I36
sS'que'
p436
I36
sS'struggle'
p437
I36
sS'complimenting'
p438
I36
sS'put'
p439
I33
sS'gots'
p440
I36
sS'wanted'
p441
I33
sS'beginning'
p442
I34
sS'mmome'
p443
I36
sS'scary'
p444
I36
sS'ate'
p445
I36
sS'atb'
p446
I36
sS'arcade'
p447
I36
sS'where'
p448
I36
sS'could'
p449
I34
sS'needing'
p450
I36
sS'days'
p451
I35
sS'times'
p452
I36
sS'thing'
p453
I34
sS'49ers'
p454
I35
sS'4th'
p455
I36
sS'yum'
p456
I36
sS'w'
p457
I36
sS'moving'
p458
I36
sS'elara'
p459
I36
sS'think'
p460
I32
sS'south'
p461
I36
sS'adventure'
p462
I36
sS'bellsroxs\xe2\x80\xa6'
p463
I36
sS'gunshot'
p464
I36
sS'already'
p465
I35
sS'dont'
p466
I36
sS'feel'
p467
I34
sS'taco'
p468
I36
sS'one'
p469
I30
sS'wash'
p470
I36
sS'\xee\x90\x8e'
p471
I36
sS'un'
p472
I36
sS'bitch'
p473
I34
sS'colombia'
p474
I35
sS'vote'
p475
I36
sS'sounds'
p476
I35
sS'fight'
p477
I36
sS'miss'
p478
I36
sS'tomorrow'
p479
I31
sS'sheep'
p480
I36
sS"you're"
p481
I33
sS'little'
p482
I34
sS'"'
p483
I33
sS'needed'
p484
I36
sS'festival'
p485
I36
sS'guys'
p486
I36
sS'top'
p487
I36
sS'least'
p488
I36
sS'heights'
p489
I35
sS'anyone'
p490
I35
sS'indicate'
p491
I36
sS'2'
p492
I34
sS'too'
p493
I36
sS'passed'
p494
I36
sS'imma'
p495
I36
sS'lol,90063\n498557990148927488,shargayz,2014-08-10'
p496
I36
sS'shhittt\xe2\x80\x9dhe'
p497
I36
sS'...\xe2\x80\x9d'
p498
I36
sS'voted'
p499
I36
sS'holla'
p500
I36
sS'listen'
p501
I36
sS'free'
p502
I36
sS'murder'
p503
I36
sS'lot'
p504
I35
sS'para'
p505
I36
sS'that'
p506
I15
sS'tooo'
p507
I36
sS"10:51:23.0,34.03648201,-118.19645807,2041.10,life's"
p508
I36
sS'huh'
p509
I35
sS'took'
p510
I36
sS'tombstones'
p511
I36
sS'putting'
p512
I36
sS'listo'
p513
I36
sS'lesbian'
p514
I36
sS'because'
p515
I36
sS'cereal'
p516
I36
sS'bloomington'
p517
I36
sS'wasted'
p518
I36
sS'burrito'
p519
I36
sS'believe'
p520
I36
sS'than'
p521
I35
sS'remember'
p522
I36
sS'king'
p523
I35
sS'wumbo-ing'
p524
I36
sS'warfare'
p525
I35
sS'showed'
p526
I36
sS'gotta'
p527
I34
sS'goodnight'
p528
I35
sS'bed'
p529
I36
sS'shower'
p530
I32
sS'firework'
p531
I36
sS'supposed'
p532
I36
sS'were'
p533
I32
sS'k'
p534
I36
sS'feeling'
p535
I36
sS'15:20:41.0,34.04029389,-118.19809614,2041.10,you'
p536
I36
sS'and'
p537
I9
sS'outta'
p538
I36
sS'angel'
p539
I35
sS'ran'
p540
I36
sS'modern'
p541
I35
sS'mind'
p542
I33
sS'comfortable'
p543
I36
sS'tonight'
p544
I36
sS'talking'
p545
I35
sS'20:59:13.0,34.03648146,-118.19662561,2041.10,-_-,90063\n378901119323213824,cpromo_,2013-09-14'
p546
I36
sS'have'
p547
I25
sS'&i'
p548
I36
sS'need'
p549
I29
sS'seen'
p550
I36
sS'saw'
p551
I33
sS'any'
p552
I36
sS'2end'
p553
I36
sS'thought'
p554
I33
sS'afraid'
p555
I36
sS'date'
p556
I36
sS'drunk'
p557
I36
sS'lil'
p558
I34
sS'babying'
p559
I36
sS'-'
p560
I33
sS'you.,90063\n435752199541362688,cpromo_,2014-02-18'
p561
I36
sS'dick\xe2\x80\x9dcome'
p562
I36
sS'practices'
p563
I36
sS'take'
p564
I32
sS'which'
p565
I35
sS'online'
p566
I36
sS'green'
p567
I36
sS'korean'
p568
I36
sS'liz'
p569
I35
sS'toughest'
p570
I36
sS'brazil'
p571
I34
sS'play'
p572
I36
sS'sure'
p573
I35
sS'pain'
p574
I36
sS'though'
p575
I35
sS'aww'
p576
I35
sS'onalexander'
p577
I36
sS'who'
p578
I32
sS'victoria'
p579
I36
sS"where's"
p580
I36
sS'kelly'
p581
I36
sS'assault'
p582
I36
sS'germany'
p583
I36
sS'printed'
p584
I36
sS'brother-in-law'
p585
I36
sS'nothing'
p586
I36
sS'knee'
p587
I36
sS'why'
p588
I30
sS'stupid'
p589
I36
sS'especially'
p590
I36
sS'kk'
p591
I36
sS'sometimes'
p592
I36
sS'm'
p593
I36
sS'dog'
p594
I36
sS'km'
p595
I36
sS'face'
p596
I35
sS'looked'
p597
I36
sS'lots'
p598
I36
sS'definitely'
p599
I36
sS'aunt'
p600
I36
sS'place'
p601
I36
sS'pictures'
p602
I35
sS'02:57:17.0,34.03648524,-118.19649747,2041.10,we'
p603
I36
sS'skinny'
p604
I36
sS'sf'
p605
I36
sS'came'
p606
I35
sS'dodging'
p607
I36
sS"11:59:27.0,34.03650824,-118.19646989,2041.10,i'll"
p608
I36
sS'saying'
p609
I36
sS'freaking'
p610
I36
sS'bomb'
p611
I34
sS'xd"'
p612
I36
sS'show'
p613
I36
sS'text'
p614
I36
sS'rifle'
p615
I36
sS'fingers'
p616
I36
sS'watch'
p617
I36
sS'bring'
p618
I36
sS'helping'
p619
I36
sS'ontario'
p620
I36
sS'radio'
p621
I36
sS'welp'
p622
I36
sS'stalker'
p623
I36
sS'chicken'
p624
I36
sS'thru\xe2\x80\x9dserio'
p625
I36
sS'count'
p626
I36
sS'o'
p627
I36
sS"em'"
p628
I36
sS'slow'
p629
I36
sS'21:24:51.0,34.03652652,-118.19656394,2041.10,those'
p630
I36
sS'music'
p631
I35
sS'front'
p632
I36
sS'nervous'
p633
I36
sS'dick'
p634
I36
sS'outside'
p635
I34
sS'should'
p636
I35
sS'yea'
p637
I36
sS'only'
p638
I33
sS'going'
p639
I28
sS'black'
p640
I35
sS'lemme'
p641
I34
sS'pretty'
p642
I35
sS'dat'
p643
I36
sS'8'
p644
I36
sS'tinto'
p645
I35
sS'bonke'
p646
I36
sS'jog-a-thon'
p647
I36
sS'boyle'
p648
I35
sS'hip'
p649
I36
sS'do'
p650
I30
sS'make-uproll'
p651
I36
sS'his'
p652
I35
sS'hit'
p653
I33
sS'playa'
p654
I36
sS'get'
p655
I27
sS'beat'
p656
I35
sS'outa'
p657
I36
sS'de'
p658
I36
sS'stop'
p659
I34
sS'drive-in.,90063\n501534797832155136,alexa_marriee,2014-08-19'
p660
I36
sS'da'
p661
I36
sS'7pm'
p662
I36
sS'tbh'
p663
I33
sS'feels'
p664
I34
sS'ones'
p665
I36
sS'words'
p666
I36
sS'goooool'
p667
I36
sS'him'
p668
I33
sS'lmao'
p669
I31
sS'rlly'
p670
I36
sS'seemed'
p671
I36
sS'primo'
p672
I36
sS'cry'
p673
I36
sS'11:28:54.0,34.03651118,-118.19647383,2041.10,you'
p674
I36
sS'11:03:31.0,34.03646428,-118.19645539,2041.10,i'
p675
I36
sS'morning'
p676
I35
sS'bad'
p677
I35
sS'bae'
p678
I34
sS'she'
p679
I35
sS',90063\n498558985553727488,shargayz,2014-08-10'
p680
I36
sS"won't"
p681
I35
sS'gibson'
p682
I36
sS'woke'
p683
I36
sS'view'
p684
I35
sS"y'all"
p685
I36
sS'btw'
p686
I35
sS'w/'
p687
I35
sS'staged'
p688
I36
sS'cuts'
p689
I36
sS'21:26:58.0,34.03636718,-118.19642442,2041.10,to'
p690
I36
sS'cologne'
p691
I36
sS'see'
p692
I32
sS'oomf'
p693
I36
sS'alemania'
p694
I36
sS'are'
p695
I25
sS'buzzed'
p696
I36
sS'wearingmy'
p697
I36
sS'erica'
p698
I36
sS'wonder'
p699
I36
sS'closer'
p700
I35
sS'said'
p701
I36
sS'waiting'
p702
I36
sS'estan'
p703
I36
sS'movie'
p704
I35
sS'wow'
p705
I35
sS'baked'
p706
I36
sS'sex?(mark)'
p707
I36
sS'enough'
p708
I35
sS"there's"
p709
I34
sS'melissa'
p710
I36
sS'fooket'
p711
I35
sS'routine'
p712
I36
sS'princess'
p713
I36
sS'burned'
p714
I36
sS'blocked'
p715
I36
sS'birds'
p716
I36
sS'01:03:08.0,34.03933109,-118.20030329,2041.10,hating'
p717
I36
sS':('
p718
I36
sS'jumper'
p719
I36
sS'we'
p720
I24
sS'splinter'
p721
I36
sS'omg'
p722
I35
sS'wears'
p723
I36
sS'trynna'
p724
I32
sS'mexicans'
p725
I36
sS'03:00:33.0,34.0370479,-118.1972795,2041.10,well'
p726
I36
sS'joy'
p727
I36
sS'screen'
p728
I36
sS'nishimura'
p729
I36
sS'weak'
p730
I36
sS'js'
p731
I36
sS'succeed'
p732
I36
sS'stop!,90063\n401816750078971904,cpromo_,2013-11-16'
p733
I36
sS'wear'
p734
I36
sS'wtf'
p735
I36
sS'jk'
p736
I35
sS'11:15:48.0,34.03650627,-118.19645464,2041.10,when'
p737
I36
sS'ahahahaha'
p738
I36
sS'come'
p739
I33
sS'lightning'
p740
I36
sS'wumbos'
p741
I36
sS'baes'
p742
I36
sS'hits'
p743
I36
sS'tfti'
p744
I35
sS'last'
p745
I35
sS'lentil'
p746
I36
sS'mona'
p747
I36
sS'[me]'
p748
I36
sS'barely'
p749
I36
sS'mariachi'
p750
I36
sS'rams'
p751
I36
sS'admit'
p752
I36
sS'became'
p753
I36
sS'15:14:00.0,34.03699416,-118.19536395,2041.10,oh'
p754
I36
sS'witcha'
p755
I36
sS'whole'
p756
I36
sS"can't"
p757
I33
sS'load'
p758
I36
sS'yahir'
p759
I36
sS'bell'
p760
I36
sS'battery'
p761
I36
sS'sweet'
p762
I35
sS'ca'
p763
I36
sS'hurts'
p764
I36
sS'cuando'
p765
I36
sS'forgot'
p766
I36
sS'whatever'
p767
I35
sS'codos'
p768
I36
sS'tonr'
p769
I34
sS'refused'
p770
I36
sS"couldn't"
p771
I36
sS'cares'
p772
I36
sS'darlin'
p773
I36
sS'\xe2\x9c\x8c\xef\xb8\x8f,90063\n435751420042543104,cpromo_,2014-02-18'
p774
I36
sS'piece\xe2\x80\x9dserio'
p775
I36
sS'100'
p776
I36
sS'jog'
p777
I36
sS'ct'
p778
I36
sS'considering'
p779
I36
sS'late'
p780
I35
sS'familia'
p781
I36
sS'mikes'
p782
I36
sS'>>>'
p783
I35
sS'stretch'
p784
I33
sS"it's"
p785
I27
sS'classic'
p786
I36
sS'son.,90063\n435874876021170176,cpromo_,2014-02-18'
p787
I36
sS'verse'
p788
I36
sS'been'
p789
I35
sS'12:23:29.0,34.03654014,-118.19643511,2041.10,when'
p790
I36
sS'hitting'
p791
I35
sS'sleepover'
p792
I35
sS'much'
p793
I35
sS'damn'
p794
I34
sS'recupera'
p795
I36
sS'peppers'
p796
I36
sS'sesh'
p797
I35
sS'beez'
p798
I36
sS'meeting'
p799
I35
sS'bbq'
p800
I36
sS'define'
p801
I36
sS'wants'
p802
I36
sS'life'
p803
I36
sS'birria'
p804
I35
sS'fire'
p805
I36
sS"c'est"
p806
I36
sS"what's"
p807
I33
sS'crack'
p808
I36
sS'ray'
p809
I36
sS'movies'
p810
I36
sS'ordering'
p811
I36
sS'wake'
p812
I32
sS'roasting'
p813
I36
sS'enough...,90063\n435728242821980162,cpromo_,2014-02-18'
p814
I36
sS'happy\xe2\x80\x9d'
p815
I36
sS'fam,90063\n435748136728809472,cpromo_,2014-02-18'
p816
I36
sS'beatin'
p817
I36
sS'quick\xe2\x80\x9dahahahhaahahaha'
p818
I36
sS'wey'
p819
I36
sS'those'
p820
I34
sS'chill'
p821
I36
sS'case'
p822
I34
sS'myself'
p823
I36
sS'had.,90063\n435748495824134144,cpromo_,2014-02-18'
p824
I36
sS'look'
p825
I33
sS'these'
p826
I34
sS'slumber'
p827
I36
sS'7-0'
p828
I36
sS'harder'
p829
I36
sS'choices'
p830
I36
sS'will'
p831
I35
sS'ugly'
p832
I36
sS'while'
p833
I36
sS'fun'
p834
I36
sS'gave'
p835
I36
sS'fuk'
p836
I35
sS'theres'
p837
I35
sS'ive'
p838
I36
sS'uncertainty'
p839
I36
sS'<3'
p840
I36
sS'mexico'
p841
I36
sS'almost'
p842
I35
sS'is'
p843
I9
sS'sushi'
p844
I33
sS'it'
p845
I10
sS'sleeping'
p846
I36
sS'pinky'
p847
I36
sS'player'
p848
I36
sS'someone'
p849
I33
sS'im'
p850
I32
sS'in'
p851
I11
sS'ready'
p852
I35
sS',90063\n435888195905937408,cpromo_,2014-02-18'
p853
I36
sS'wisely'
p854
I36
sS'id'
p855
I36
sS'trusted'
p856
I36
sS'if'
p857
I29
sS'different'
p858
I36
sS'since'
p859
I36
sS'anymore'
p860
I35
sS'boi'
p861
I36
sS'stadiums'
p862
I36
sS'things'
p863
I36
sS'make'
p864
I35
sS'bowl'
p865
I35
sS'eric'
p866
I36
sS'roast'
p867
I36
sS'food'
p868
I35
sS'another'
p869
I36
sS'crybaby'
p870
I36
sS'belly'
p871
I36
sS'socked'
p872
I36
sS'caiga'
p873
I36
sS'party'
p874
I35
sS'gets'
p875
I35
sS'eww'
p876
I36
sS'upbeat'
p877
I36
sS'used'
p878
I35
sS'y'
p879
I36
sS'kush'
p880
I36
sS'keys'
p881
I36
sS"19:54:22.0,34.03641927,-118.2019043,2041.10,i'm"
p882
I36
sS'blue'
p883
I36
sS'hang'
p884
I36
sS'holidays'
p885
I36
sS'corruption'
p886
I36
sS'running'
p887
I36
sS'iol'
p888
I36
sS'arrived'
p889
I36
sS'two'
p890
I36
sS'babes'
p891
I36
sS'dahhhhhhh'
p892
I36
sS'kid'
p893
I36
sS'kno'
p894
I34
sS'off'
p895
I35
sS'i'
p896
I2
sS'anxious'
p897
I36
sS'well'
p898
I33
sS'anybody'
p899
I35
sS'tho'
p900
I33
sS'person'
p901
I35
sS'1'
p902
I35
sS'oops'
p903
I36
sS'gain'
p904
I36
sS'ashlee'
p905
I35
sS'the'
p906
I6
sS'yours'
p907
I36
sS'tha'
p908
I36
sS'left'
p909
I36
sS'edwards'
p910
I36
sS'listening'
p911
I36
sS'just'
p912
I19
sS'slowly'
p913
I36
sS'being'
p914
I35
sS'money'
p915
I34
sS'half'
p916
I36
sS'rest'
p917
I36
sS'gtfo'
p918
I36
sS"dalia's"
p919
I36
sS'not'
p920
I22
sS'19:57:19.0,34.03643247,-118.19653954,2041.10,i'
p921
I36
sS'thanks'
p922
I35
sS'out.,90063\n435750064170872833,cpromo_,2014-02-18'
p923
I36
sS'yet'
p924
I36
sS'happiness'
p925
I36
sS'jumpsuit'
p926
I36
sS'blow'
p927
I36
sS'cilantro'
p928
I36
sS'cut'
p929
I36
sS'park'
p930
I36
sS'choking'
p931
I36
sS'thinking'
p932
I36
sS'disappointed'
p933
I36
sS'extra'
p934
I36
sS'danky'
p935
I34
sS'bullshit'
p936
I36
sS'shout'
p937
I36
sS'bouta'
p938
I36
sS'homies'
p939
I36
sS'cum'
p940
I36
sS'has'
p941
I36
sS'mind/thoughts'
p942
I36
sS'excited'
p943
I36
sS'pasas'
p944
I36
sS'real'
p945
I32
sS'ight'
p946
I35
sS'around'
p947
I33
sS'me.,90063\n446117431673507840,cpromo_,2014-03-19'
p948
I36
sS'big'
p949
I35
sS'21:32:06.0,34.03639123,-118.19643779,2041.10,your'
p950
I36
sS'it\xe2\x9c\x8c\xef\xb8\x8f'
p951
I36
sS'gonna'
p952
I34
sS'early'
p953
I36
sS'>'
p954
I36
sS'game'
p955
I34
sS'know'
p956
I33
sS'mom'
p957
I33
sS'wanting'
p958
I36
sS'press'
p959
I36
sS'world'
p960
I36
sS'part'
p961
I36
sS'fucken'
p962
I36
sS'wings'
p963
I36
sS'bro'
p964
I36
sS'like'
p965
I17
sS'lost'
p966
I34
sS'patience'
p967
I36
sS'codoooooo'
p968
I36
sS'bobby'
p969
I36
sS'confusion&'
p970
I36
sS'50'
p971
I36
sS'loser'
p972
I36
sS'restroom'
p973
I36
sS'nose'
p974
I36
sS'night'
p975
I33
sS'clap'
p976
I36
sS'replacement'
p977
I36
sS'tie'
p978
I36
sS'fooooket'
p979
I36
sS'nigga'
p980
I32
sS'marshawn'
p981
I36
sS'deal'
p982
I35
sS'people'
p983
I32
sS'fucking'
p984
I34
sS'scared'
p985
I36
sS'pills'
p986
I36
sS'some'
p987
I34
sS'back'
p988
I28
sS'phone'
p989
I36
sS'hair'
p990
I36
sS'20:39:08.0,34.0364958,-118.19650107,2041.10,i'
p991
I36
sS'whaaaaat'
p992
I36
sS"maboii's"
p993
I36
sS'28th'
p994
I36
sS'ninjas'
p995
I36
sS'home'
p996
I31
sS'classes'
p997
I36
sS'stuffy'
p998
I36
sS'confusing'
p999
I36
sS'hahhaa'
p1000
I36
sS'trust'
p1001
I36
sS'"dick'
p1002
I36
sS'mood'
p1003
I36
sS'for'
p1004
I12
sS'morrito'
p1005
I36
sS'res'
p1006
I36
sS'daddy'
p1007
I36
sS'moon'
p1008
I36
sS'everything'
p1009
I32
sS'asking'
p1010
I36
sS'12:26:34.0,34.03653528,-118.1964315,2041.10,i'
p1011
I36
sS'jonathan'
p1012
I36
sS'foo'
p1013
I29
sS'along,90063\n403269598251728896,cpromo_,2013-11-20'
p1014
I36
sS'triste'
p1015
I36
sS'cheese'
p1016
I36
sS'be'
p1017
I16
sS'charger'
p1018
I36
sS'eating'
p1019
I35
sS'dooooooowwwwnnn'
p1020
I36
sS'geez'
p1021
I36
sS'asap'
p1022
I36
sS'deleted'
p1023
I35
sS'june'
p1024
I36
sS'burn'
p1025
I36
sS'magnazo'
p1026
I36
sS'use'
p1027
I35
sS'unity'
p1028
I36
sS'speak'
p1029
I36
sS'broken'
p1030
I35
sS'schedule'
p1031
I36
sS'bs'
p1032
I35
sS'button\xe2\x80\x9dto'
p1033
I36
sS'r'
p1034
I36
sS'by'
p1035
I35
sS'side.,90063\n435731299051925504,cpromo_,2014-02-18'
p1036
I36
sS'leva'
p1037
I35
sS'on'
p1038
I14
sS'about'
p1039
I27
sS':-)'
p1040
I36
sS'gifts'
p1041
I36
sS'nyquils'
p1042
I36
sS'anything'
p1043
I36
sS'oh'
p1044
I33
sS'of'
p1045
I15
sS'ehhh'
p1046
I36
sS'teddy'
p1047
I36
sS'favorite'
p1048
I36
sS'bombudd'
p1049
I36
sS'morro'
p1050
I36
sS'kept'
p1051
I36
sS'bawm\xe2\x80\x9ddem'
p1052
I36
sS'swear'
p1053
I36
sS"brian's"
p1054
I36
sS'idk'
p1055
I34
sS'mixed'
p1056
I36
sS'hearing'
p1057
I36
sS'wanna'
p1058
I32
sS'or'
p1059
I31
sS'block'
p1060
I36
sS'whatv'
p1061
I36
sS'own'
p1062
I36
sS'fresh'
p1063
I36
sS'worst'
p1064
I36
sS'owe'
p1065
I35
sS'into'
p1066
I34
sS'year'
p1067
I36
sS'02:32:19.0,34.03645888,-118.19651482,2041.10,i'
p1068
I36
sS'snapchat'
p1069
I35
sS'getting'
p1070
I36
sS'down'
p1071
I23
sS'lies'
p1072
I36
sS'right'
p1073
I34
sS'paper'
p1074
I36
sS'&purity'
p1075
I36
sS'actually'
p1076
I36
sS'forget'
p1077
I36
sS'your'
p1078
I13
sS'smells'
p1079
I36
sS'fuuuuuck'
p1080
I36
sS'maybach'
p1081
I36
sS'breath'
p1082
I36
sS'neymar'
p1083
I36
sS'fast'
p1084
I36
sS'spongebob'
p1085
I36
sS'her'
p1086
I30
sS'hes'
p1087
I36
sS'spending'
p1088
I36
sS'friends'
p1089
I36
sS'there'
p1090
I34
sS'hey'
p1091
I35
sS'lol'
p1092
I16
sS'pages'
p1093
I36
sS'dropping'
p1094
I36
sS"we're"
p1095
I35
sS'way'
p1096
I35
sS'bruh'
p1097
I33
sS'daily'
p1098
I36
sS'call'
p1099
I34
sS'wat'
p1100
I36
sS'was'
p1101
I23
sS'11:38:03.0,34.03650824,-118.19646989,2041.10,my'
p1102
I36
sS'happy'
p1103
I33
sS'offered'
p1104
I36
sS'head'
p1105
I36
sS'buy'
p1106
I35
sS'complete'
p1107
I35
sS"i've"
p1108
I35
sS'at,90063\n496088219335680000,mr_espn15,2014-08-04'
p1109
I36
sS'males,90063\n446118182319714305,cpromo_,2014-03-19'
p1110
I36
sS'6'
p1111
I34
sS'but'
p1112
I20
sS'boys'
p1113
I36
sS'hi'
p1114
I36
sS'fritoburrito'
p1115
I36
sS'fishy'
p1116
I36
sS'\xe2\x98\x80'
p1117
I36
sS'sun'
p1118
I36
sS'line'
p1119
I36
sS'serio'
p1120
I34
sS'with'
p1121
I21
sS'eat'
p1122
I35
sS'upyoung'
p1123
I36
sS'he'
p1124
I34
sS'fades'
p1125
I35
sS"they're"
p1126
I36
sS'throw'
p1127
I36
sS'made'
p1128
I35
sS'romantic'
p1129
I36
sS'versions'
p1130
I36
sS"wasn't"
p1131
I34
sS'wish'
p1132
I35
sS'inside'
p1133
I36
sS'bucket'
p1134
I36
sS'up'
p1135
I13
sS'us'
p1136
I35
sS'ur'
p1137
I35
sS"tomorrow's"
p1138
I36
sS'lagging'
p1139
I36
sS'dms'
p1140
I36
sS"rt's"
p1141
I36
sS'wumbo'
p1142
I35
sS'bill'
p1143
I36
sS'cake'
p1144
I35
sS'helpless'
p1145
I36
sS'threw'
p1146
I36
sS'erics'
p1147
I36
sS'delete'
p1148
I36
sS'skating'
p1149
I36
sS'gone'
p1150
I35
sS'promises'
p1151
I35
sS'ordered'
p1152
I36
sS'cutom'
p1153
I36
sS'af'
p1154
I31
sS'recognize'
p1155
I36
sS'penny'
p1156
I36
sS'tyrese'
p1157
I36
sS'about!?xd"'
p1158
I36
sS'an'
p1159
I34
sS'as'
p1160
I33
sS'at'
p1161
I30
sS'pushing'
p1162
I36
sS'lifetime'
p1163
I36
sS'19:58:19.0,34.03648285,-118.20201551,2041.10,a'
p1164
I36
sS'trip'
p1165
I34
sS'shit'
p1166
I29
sS'again'
p1167
I34
sS'6th'
p1168
I36
sS'no'
p1169
I26
sS'bored'
p1170
I36
sS'nah'
p1171
I34
sS'peace'
p1172
I36
sS'when'
p1173
I19
sS'finna'
p1174
I36
sS'brianna'
p1175
I36
sS'dawgs'
p1176
I36
sS'5'
p1177
I36
sS'boom'
p1178
I36
sS'sick'
p1179
I33
sS'01:35:42.0,34.038244,-118.1950153,2041.10,get'
p1180
I36
sS'wheres'
p1181
I36
sS'dammmn'
p1182
I36
sS'you'
p1183
I4
sS'really'
p1184
I32
sS'eryyday'
p1185
I36
sS'roll'
p1186
I36
sS'expected'
p1187
I36
sS'evergreen'
p1188
I35
sS'picture'
p1189
I33
sS'transferring'
p1190
I36
sS"'s"
p1191
I36
sS'living'
p1192
I36
sS'wing'
p1193
I36
sS'class'
p1194
I36
sS'ismael'
p1195
I36
sS'problems'
p1196
I36
sS'miriam'
p1197
I36
sS'leaving'
p1198
I36
sS"let's"
p1199
I35
sS'fell'
p1200
I36
sS'angie'
p1201
I36
sS'understand.,90063\n435876155678138369,cpromo_,2014-02-18'
p1202
I36
sS'serious'
p1203
I36
sS'pook'
p1204
I36
sS'1-0'
p1205
I36
sS'unplug'
p1206
I36
sS'unless'
p1207
I36
sS'kors'
p1208
I36
sS'*inspired*'
p1209
I36
sS'corolla'
p1210
I36
sS'spend'
p1211
I36
sS"he's"
p1212
I36
sS'suit'
p1213
I36
sS'together'
p1214
I36
sS'saved'
p1215
I36
sS'then....,90063\n450822940477489152,cpromo_,2014-04-01'
p1216
I36
sS'rough'
p1217
I36
sS'write'
p1218
I36
sS'u'
p1219
I33
sS'waaaaaaay'
p1220
I36
sS'boone'
p1221
I36
sS'time'
p1222
I31
sS'alright'
p1223
I35
sS'understand'
p1224
I36
sS'gone.,90063\n435865630772699138,cpromo_,2014-02-18'
p1225
I36
sS'requires'
p1226
I36
sS'having'
p1227
I34
sS'simpson'
p1228
I35
s.