(dp0
S''
p1
I1
sS'all'
p2
I20
sS':('
p3
I29
sS'forget'
p4
I29
sS'saying'
p5
I29
sS'dance'
p6
I29
sS'suns'
p7
I29
sS'cynthia'
p8
I29
sS'dollar'
p9
I28
sS'entrevista'
p10
I29
sS'bob'
p11
I29
sS'gf'
p12
I29
sS'groceries'
p13
I29
sS'go'
p14
I27
sS'follow'
p15
I23
sS'everyones'
p16
I29
sS'\xec\x9d\xb4\xeb\xb2\x88'
p17
I29
sS'relationships'
p18
I29
sS'voter'
p19
I29
sS'ver'
p20
I29
sS'young'
p21
I27
sS'send'
p22
I29
sS'presents'
p23
I29
sS'to'
p24
I5
sS'colombia'
p25
I29
sS'asking'
p26
I29
sS'those'
p27
I29
sS'lol,90006\n504868677099864064,blackmambainla,2014-08-28'
p28
I29
sS'tf'
p29
I29
sS'suite'
p30
I29
sS'dislike'
p31
I29
sS'presentation'
p32
I29
sS'sent'
p33
I29
sS'(9-11)\xc2\xa0-via,90006\n433239666033057792,alex1lakerfan23,2014-02-11'
p34
I29
sS'\xd9\x88\xd9\x83\xd9\x84'
p35
I29
sS'liter'
p36
I29
sS'federation'
p37
I24
sS'song'
p38
I29
sS':d'
p39
I29
sS'\xd8\xb4\xd9\x83\xd8\xb1\xd9\x8b\xd8\xa7'
p40
I29
sS'kitty'
p41
I29
sS'fat'
p42
I28
sS"women's"
p43
I29
sS'vegas'
p44
I29
sS'every'
p45
I26
sS'surprise'
p46
I29
sS'decorating'
p47
I29
sS'vicky'
p48
I29
sS'ramen'
p49
I29
sS'melter'
p50
I29
sS'tickets'
p51
I29
sS'school'
p52
I23
sS'doggy'
p53
I29
sS'ohhhhhhhhhhh'
p54
I29
sS'did'
p55
I29
sS'brother'
p56
I29
sS'ryan'
p57
I29
sS'standards'
p58
I29
sS'\xea\xb4\x80\xeb\x8f\x99'
p59
I29
sS'sad,90006\n499361115625631744,raaddbass,2014-08-13'
p60
I29
sS'race'
p61
I29
sS',90006\n517399286485487617,erie_joanne,2014-10-01'
p62
I29
sS'sleep'
p63
I29
sS'guy'
p64
I29
sS',90006\n495376959518416896,raaddbass,2014-08-02'
p65
I29
sS'\xec\x9d\xbc\xeb\xb3\xb8\xec\x97\x90'
p66
I29
sS"it'll"
p67
I29
sS'flick'
p68
I29
sS'\xd8\xb4\xd8\xae\xd8\xb5'
p69
I29
sS'olympic'
p70
I29
sS'unexpected'
p71
I29
sS'angeles)'
p72
I28
sS'instagram'
p73
I29
sS'tired'
p74
I26
sS'japanese'
p75
I29
sS'past'
p76
I29
sS'street'
p77
I29
sS'14:48:11.0,34.05490373,-118.28271864,2095.10,they'
p78
I29
sS'23:56:53.0,34.05240294,-118.28271034,2095.10,,90006\n403715878979506176,dooneradg800,2013-11-22'
p79
I29
sS'run'
p80
I29
sS'dry,90006\n452188478449524736,henrie_h,2014-04-04'
p81
I29
sS'hayes'
p82
I25
sS'!,90006\n414446090667057152,king_vs_god,2013-12-21'
p83
I29
sS'\xec\xb0\xb8\xea\xb7\xb9\xec\x9d\xb4\xea\xb0\x80'
p84
I29
sS'lol,90006\n434320171889459200,king_vs_god,2014-02-14'
p85
I29
sS'even'
p86
I29
sS'nothing'
p87
I29
sS'what'
p88
I21
sS'though,90006\n523941871098556416,maitesonriela,2014-10-19'
p89
I29
sS'stands'
p90
I29
sS'sun'
p91
I29
sS'tech.,90006\n404851398325465088,purpleglitterd,2013-11-25'
p92
I29
sS'dirt'
p93
I29
sS'waiting'
p94
I27
sS'new'
p95
I24
sS'ever'
p96
I29
sS'disney'
p97
I29
sS'told'
p98
I28
sS'supporting'
p99
I29
sS'\xea\xb7\xb8\xeb\x8b\xa5\xec\xa7\x80'
p100
I29
sS'murphy'
p101
I29
sS'0'
p102
I29
sS'never'
p103
I28
sS'jasmine'
p104
I29
sS'here'
p105
I25
sS'water'
p106
I29
sS'met'
p107
I29
sS'03:43:20.0,34.05389536,-118.28411813,2095.10,it'
p108
I29
sS'let'
p109
I28
sS'sing'
p110
I29
sS'along'
p111
I29
sS"aren't"
p112
I28
sS'alemanill'
p113
I29
sS'teacher'
p114
I28
sS'change'
p115
I29
sS'wait'
p116
I29
sS'boy'
p117
I28
sS'great'
p118
I28
sS'lol'
p119
I16
sS'\xec\x95\x84\xed\x94\x84\xeb\xa6\xac\xec\xb9\xb4'
p120
I29
sS'changed'
p121
I29
sS'leaving'
p122
I29
sS"i'd"
p123
I29
sS'smoke'
p124
I28
sS'pick'
p125
I27
sS'usually'
p126
I29
sS"i'm"
p127
I18
sS'pillow'
p128
I29
sS'thats'
p129
I29
sS'dick'
p130
I29
sS'love'
p131
I23
sS'morals'
p132
I29
sS'danger'
p133
I29
sS'today,90006\n457413066641002497,kittykim100,2014-04-19'
p134
I29
sS'rvsp'
p135
I29
sS'likeamerican'
p136
I29
sS'bro'
p137
I27
sS'austria'
p138
I29
sS'ppl'
p139
I29
sS'txt'
p140
I29
sS'21:04:35.0,34.05491034,-118.28236527,2095.10,i'
p141
I29
sS'market'
p142
I28
sS'from'
p143
I25
sS'takes'
p144
I29
sS'would'
p145
I25
sS'&'
p146
I29
sS'dduk'
p147
I29
sS'hungry'
p148
I28
sS'next'
p149
I27
sS'idk'
p150
I29
sS'wood'
p151
I29
sS'asset'
p152
I29
sS'6'
p153
I29
sS'scope'
p154
I29
sS'thru'
p155
I29
sS'type'
p156
I29
sS'today'
p157
I25
sS'more'
p158
I29
sS'sort'
p159
I29
sS'1/3'
p160
I29
sS'rich'
p161
I28
sS'holy'
p162
I29
sS'"nah'
p163
I29
sS'22:18:29.0,34.05503198,-118.28255479,2095.10,if'
p164
I29
sS'share'
p165
I29
sS'haha'
p166
I24
sS'a\xc3\xb1os'
p167
I29
sS'muse'
p168
I29
sS'phone'
p169
I29
sS'train'
p170
I29
sS"ain't"
p171
I28
sS'stick'
p172
I29
sS'teaching'
p173
I29
sS'baby'
p174
I29
sS'dayyyyy,90006\n434319943660625920,king_vs_god,2014-02-14'
p175
I29
sS'sorry'
p176
I29
sS'she/people'
p177
I29
sS'women'
p178
I28
sS'me'
p179
I11
sS'account'
p180
I29
sS'market)'
p181
I29
sS'niggas'
p182
I29
sS'this'
p183
I10
sS'car'
p184
I29
sS'ride'
p185
I29
sS'work'
p186
I28
sS'gana,90006\n488426714326777856,bmobil682mar,2014-07-13'
p187
I29
sS'can'
p188
I21
sS'20:57:32.0,34.05160317,-118.28047626,2095.10,jk'
p189
I29
sS'v'
p190
I28
sS'believed'
p191
I29
sS'\xeb\x82\x98\xec\x9d\xb4\xec\x8a\xa4\xed\x95\x9c'
p192
I29
sS'roor'
p193
I29
sS'my'
p194
I7
sS'\xec\x9d\x91\xec\x9b\x90\xed\x95\xb4'
p195
I29
sS'beautiful'
p196
I29
sS'crazy'
p197
I27
sS'months'
p198
I29
sS'give'
p199
I27
sS'rodriguez'
p200
I29
sS"didn't"
p201
I29
sS'fuck'
p202
I21
sS'bus'
p203
I29
sS'high'
p204
I29
sS',90006\n440249811686551552,kittykim100,2014-03-02'
p205
I29
sS'something'
p206
I27
sS'want'
p207
I23
sS'sense'
p208
I29
sS'blvd'
p209
I28
sS'14:02:40.0,34.0520115,-118.280587,2095.10,my'
p210
I29
sS'david'
p211
I29
sS'dress'
p212
I29
sS'\xec\xa1\x8c\xeb\x8b\xa4\xea\xb5\xac\xec\x9a\x94'
p213
I29
sS'listens'
p214
I29
sS'swedish'
p215
I29
sS'huge'
p216
I29
sS'needs'
p217
I29
sS'hoe'
p218
I28
sS'end'
p219
I29
sS'02:59:50.0,34.05341649,-118.27966296,2095.10,getting'
p220
I29
sS'vota'
p221
I29
sS'lame'
p222
I28
sS'bullshiting'
p223
I29
sS'bunk'
p224
I29
sS'six'
p225
I29
sS'dinner'
p226
I29
sS'machine'
p227
I28
sS'till'
p228
I28
sS'amazing'
p229
I29
sS'guatemalan'
p230
I29
sS'place'
p231
I29
sS'cap\xc3\xadtulo'
p232
I29
sS'\xd8\xa3\xd9\x87\xd9\x84\xd9\x87'
p233
I29
sS'tutorial'
p234
I29
sS'stand'
p235
I29
sS'okay'
p236
I28
sS'beauty'
p237
I29
sS'hesitate'
p238
I29
sS'mess'
p239
I29
sS'sunny'
p240
I29
sS'act'
p241
I29
sS'spot'
p242
I28
sS'tattoo'
p243
I29
sS',90006\n434323391013593090,king_vs_god,2014-02-14'
p244
I29
sS'vegan'
p245
I29
sS'such'
p246
I26
sS'law'
p247
I29
sS'guys'
p248
I29
sS'las'
p249
I28
sS'a'
p250
I4
sS'realized'
p251
I29
sS'trav\xc3\xa9s'
p252
I29
sS'maybe'
p253
I29
sS'rooting'
p254
I29
sS'st'
p255
I29
sS'\xec\xb2\xa8\xec\x9e\x85\xeb\x8b\x88\xeb\x8b\xa4.\xe2\x80\x9d,90006\n478014481071865856,sofiachoi59,2014-06-15'
p256
I29
sS'ones'
p257
I29
sS'so'
p258
I15
sS'\xec\x8b\x9c\xec\x9e\x91'
p259
I29
sS'keeps'
p260
I29
sS'putting'
p261
I29
sS'01:05:42.0,34.0511845,-118.281224,2095.10,i'
p262
I29
sS'travel'
p263
I29
sS'se'
p264
I29
sS"that's"
p265
I29
sS'haha,90006\n434321465731600384,king_vs_god,2014-02-14'
p266
I29
sS'6:00pm'
p267
I29
sS'mexican'
p268
I29
sS'20:29:33.0,34.0516033,-118.28049436,2095.10,this'
p269
I29
sS"don't"
p270
I17
sS'over'
p271
I29
sS'fall'
p272
I29
sS'soon'
p273
I29
sS'years'
p274
I29
sS'tired!"'
p275
I29
sS'\xe2\x9a\xa1\xef\xb8\x8f'
p276
I29
sS"won't"
p277
I29
sS'looks'
p278
I29
sS',90006\n440259652706512896,kittykim100,2014-03-02'
p279
I29
sS'!!!!('
p280
I29
sS'hell'
p281
I29
sS'22:57:35.0,34.05492379,-118.28250568,2095.10,yup'
p282
I29
sS'still'
p283
I27
sS'its'
p284
I29
sS'galaxy'
p285
I29
sS'before'
p286
I29
sS'1'
p287
I27
sS'20:55:59.0,34.05160196,-118.28048774,2095.10,i'
p288
I29
sS'thank'
p289
I27
sS'05:24:52.0,34.05492167,-118.28317868,2095.10,k.,90006\n457379229261262848,kittykim100,2014-04-19'
p290
I29
sS'la'
p291
I23
sS'interesting'
p292
I29
sS'08:08:18.0,34.054635,-118.2831673,2095.10,fuck'
p293
I29
sS'jim'
p294
I29
sS'expectations'
p295
I29
sS'labor'
p296
I23
sS'late'
p297
I29
sS'>>>'
p298
I28
sS'lp'
p299
I29
sS'tweets'
p300
I29
sS'bout'
p301
I29
sS'might'
p302
I29
sS'richer.,90006\n414139289534873600,king_vs_god,2013-12-20'
p303
I29
sS'xanni'
p304
I29
sS'dad'
p305
I29
sS'then'
p306
I21
sS'them'
p307
I27
sS'good'
p308
I26
sS'yo'
p309
I27
sS'food'
p310
I28
sS'03:43:32.0,34.05176527,-118.28377976,2095.10,\xea\xb0\x90\xec\x86\xa8\xec\x9a\x94'
p311
I29
sS'\xec\x8b\xa4\xec\x96\xb4\xec\x9a\x94'
p312
I29
sS'\xec\x82\xad\xed\x9e\x88\xec\x8b\x9c\xea\xb3\xa0'
p313
I29
sS'eat'
p314
I29
sS'lunch'
p315
I27
sS'hoe.\xe2\x80\x9d'
p316
I29
sS'therapy'
p317
I29
sS"you've"
p318
I29
sS'they'
p319
I23
sS'premonition'
p320
I29
sS'not'
p321
I26
sS'impaired'
p322
I29
sS'now'
p323
I26
sS'\xeb\xb6\x80\xec\xb1\x84\xec\xa7\x88'
p324
I29
sS'day'
p325
I20
sS'growing'
p326
I29
sS'relax'
p327
I29
sS'\xed\x95\xb4\xeb\x93\x9c\xeb\xa6\xbd\xeb\x8b\x88\xeb\x8b\xa4'
p328
I29
sS'alex'
p329
I29
sS'name'
p330
I29
sS'pregnant'
p331
I29
sS'always'
p332
I25
sS'kicking'
p333
I29
sS'bless'
p334
I29
sS'03:21:48.0,34.05178521,-118.28396561,2095.10,\xea\xb8\xb0\xeb\xb6\x84'
p335
I29
sS'someone'
p336
I29
sS'doesnt'
p337
I29
sS'tonight.,90006\n457394898732195840,kittykim100,2014-04-19'
p338
I29
sS'jewbieslife'
p339
I29
sS'americans'
p340
I29
sS'haha,90006\n434323205377908736,king_vs_god,2014-02-14'
p341
I29
sS'|'
p342
I29
sS"isn't"
p343
I29
sS'luck'
p344
I29
sS'individually'
p345
I29
sS'el'
p346
I28
sS'en'
p347
I29
sS'20:35:06.0,34.05161746,-118.28047701,2095.10,brahhhhhhhh,90006\n491681475155079170,tonyshitdope,2014-07-22'
p348
I29
sS'doing'
p349
I28
sS'house'
p350
I29
sS'kimmy'
p351
I29
sS'hard'
p352
I27
sS'ft'
p353
I29
sS'yeah'
p354
I28
sS"20:45:07.0,34.0508687,-118.2803964,2095.10,it's"
p355
I29
sS'member'
p356
I29
sS'\xec\x9c\xbc\xeb\xa1\x9c'
p357
I29
sS'year'
p358
I28
sS'19:42:57.0,34.0508739,-118.2804004,2095.10,gonna'
p359
I29
sS'girl'
p360
I26
sS'special'
p361
I29
sS'out'
p362
I23
sS'muere'
p363
I29
sS'missed'
p364
I29
sS'11:55:15.0,34.0514544,-118.2825767,2095.10,i'
p365
I29
sS'god'
p366
I28
sS'ha'
p367
I29
sS'\xeb\x8f\x8c\xeb\xb3\x80'
p368
I29
sS'looking'
p369
I29
sS'lad'
p370
I29
sS'miles'
p371
I29
sS'7'
p372
I29
sS'smh'
p373
I29
sS'video!!!!,90006\n504388870616940544,nutellajohnson,2014-08-26'
p374
I29
sS'got'
p375
I23
sS'\xec\x9d\xbc\xeb\xb3\xb8\xec\x9d\xb4'
p376
I28
sS'ass'
p377
I23
sS'model'
p378
I29
sS'shut'
p379
I29
sS'dodgers'
p380
I28
sS'afl-cio'
p381
I28
sS'theory'
p382
I29
sS'cutest'
p383
I29
sS',90006\n429140348133076993,king_vs_god,2014-01-31'
p384
I29
sS'gifts'
p385
I29
sS'eighty'
p386
I29
sS'friday'
p387
I29
sS'molly'
p388
I29
sS'little'
p389
I29
sS'release'
p390
I29
sS'out,90006\n498075028144259072,raaddbass,2014-08-09'
p391
I29
sS'-_-'
p392
I29
sS'asf'
p393
I21
sS'imagine'
p394
I29
sS'jaaaa'
p395
I29
sS'princess'
p396
I29
sS',90006\n488427088517402624,bmobil682mar,2014-07-13'
p397
I29
sS'atb'
p398
I29
sS'yup'
p399
I28
sS'could'
p400
I27
sS'letters'
p401
I29
sS'days'
p402
I29
sS'here,90006\n460625284811612160,king_vs_god,2014-04-28'
p403
I29
sS'times'
p404
I29
sS'turn'
p405
I28
sS'scarry'
p406
I29
sS'birthday'
p407
I29
sS'expecting'
p408
I28
sS'w'
p409
I29
sS'daisy'
p410
I29
sS'marly'
p411
I29
sS'shit.,90006\n486278922485518336,tonyshitdope,2014-07-07'
p412
I29
sS'retail'
p413
I29
sS'\xe2\x9d\xa4\xe2\x9d\xa4'
p414
I29
sS'think'
p415
I25
sS'fuckin'
p416
I29
sS'first'
p417
I28
sS'\xed\x86\xa0\xeb\xb0\xa4'
p418
I29
sS"i'll"
p419
I29
sS'rock"s'
p420
I29
sS'dont'
p421
I28
sS'feel'
p422
I26
sS'chased'
p423
I29
sS'\xed\x95\x98\xeb\x84\xa4\xec\x9a\x94'
p424
I29
sS'number'
p425
I29
sS'valentine'
p426
I28
sS',90006\n477724193878835200,briansbutthole,2014-06-14'
p427
I29
sS'fierce'
p428
I29
sS'xx'
p429
I29
sS'done'
p430
I28
sS'bitch'
p431
I26
sS'another'
p432
I27
sS'bjork'
p433
I29
sS'carry'
p434
I29
sS'miss'
p435
I27
sS'tomorrow'
p436
I28
sS'concert'
p437
I29
sS"you're"
p438
I26
sS'guess'
p439
I25
sS'too!\xe2\x80\x9d'
p440
I29
sS'jet'
p441
I29
sS'script'
p442
I29
sS'top'
p443
I29
sS'girls'
p444
I26
sS'least'
p445
I29
sS'their'
p446
I29
sS'2'
p447
I26
sS'too'
p448
I23
sS'mama'
p449
I29
sS'\xea\xb5\xb0\xec\x9a\x94~\xe2\x80\x9d,90006\n487039843566747648,ruthdances247,2014-07-10'
p450
I29
sS'man'
p451
I29
sS'final'
p452
I29
sS'friend'
p453
I28
sS'terrifying'
p454
I29
sS'xoxo'
p455
I29
sS'excellent'
p456
I29
sS'stomach'
p457
I29
sS'relationship'
p458
I28
sS'that'
p459
I16
sS'gym'
p460
I29
sS'huh'
p461
I28
sS'retard'
p462
I29
sS'listo'
p463
I29
sS'because'
p464
I29
sS'butt'
p465
I29
sS'\xeb\x8c\x80\xec\xa7\x80\xec\xa7\x84'
p466
I29
sS'hips'
p467
I29
sS'\xd9\x84\xd9\x83'
p468
I29
sS'(allegedly)'
p469
I29
sS'\xe3\x85\x8e\xe3\x85\x8e'
p470
I28
sS'obama'
p471
I29
sS'\xec\x83\x81\xec\xbe\x8c'
p472
I29
sS'spoiler'
p473
I29
sS'kind'
p474
I29
sS'john'
p475
I29
sS'lmao'
p476
I29
sS'17'
p477
I29
sS'hot!!,90006\n498282216380579840,louistrueydanny,2014-08-10'
p478
I29
sS'gotta'
p479
I28
sS'transferred'
p480
I29
sS'freud'
p481
I29
sS'exorcism'
p482
I29
sS'matter'
p483
I29
sS'psalm'
p484
I29
sS'hahaa,90006\n434320084077514753,king_vs_god,2014-02-14'
p485
I29
sS'were'
p486
I27
sS'dang'
p487
I29
sS'20:52:56.0,34.05490535,-118.28237142,2095.10,i'
p488
I29
sS'15:43:24.0,34.05460507,-118.28282778,2095.10,what'
p489
I29
sS'feeling'
p490
I28
sS'ousted'
p491
I29
sS'everything!,90006\n504389156886556675,nutellajohnson,2014-08-26'
p492
I29
sS'and'
p493
I8
sS'21:00:51.0,34.05238061,-118.28275743,2095.10,ya'
p494
I29
sS"19:52:50.0,34.05166156,-118.2799264,2095.10,it's"
p495
I29
sS'\xea\xb4\x80\xec\x8b\xac'
p496
I29
sS'04:23:13.0,34.051043,-118.2819454,2095.10,final'
p497
I29
sS'wasnt'
p498
I29
sS'sad'
p499
I28
sS'tonight'
p500
I27
sS'talking'
p501
I28
sS'say'
p502
I28
sS'have'
p503
I17
sS'throat'
p504
I29
sS'crew'
p505
I29
sS'moffitt'
p506
I29
sS'hentai'
p507
I29
sS'saw'
p508
I27
sS'sat'
p509
I29
sS'sell'
p510
I29
sS'09:17:33.0,34.0508294,-118.2807068,2095.10,brug'
p511
I29
sS'afraid'
p512
I27
sS'buns'
p513
I29
sS'para'
p514
I29
sS'\xed\x9d\x98\xeb\xa6\xac\xea\xb2\xa0\xeb\x84\xa4\xec\x9a\x94..\xea\xb7\xb8\xeb\x9f\xb0\xeb\x8d\xb0'
p515
I29
sS'lil'
p516
I29
sS'self'
p517
I28
sS'trapped'
p518
I29
sS'-'
p519
I29
sS'aint'
p520
I29
sS'also'
p521
I28
sS'take'
p522
I25
sS'sleeper'
p523
I29
sS'video!!!!,90006\n504388848202575872,nutellajohnson,2014-08-26'
p524
I29
sS'='
p525
I29
sS'coke'
p526
I29
sS'greatest'
p527
I29
sS'play'
p528
I27
sS'towards'
p529
I29
sS'unless'
p530
I29
sS'though'
p531
I29
sS'doin'
p532
I29
sS'who'
p533
I26
sS'reach'
p534
I29
sS"where's"
p535
I29
sS'kat'
p536
I29
sS'pair'
p537
I29
sS'why'
p538
I28
sS'camero,90006\n'
p539
I29
sS'niggga'
p540
I29
sS'invoice.,90006\n483337270179545092,quantaze,2014-06-29'
p541
I29
sS'm'
p542
I28
sS'dog'
p543
I28
sS'sf'
p544
I29
sS'dovey'
p545
I29
sS'13:57:28.0,34.05471931,-118.28367874,2095.10,my'
p546
I29
sS'weigh'
p547
I29
sS'voting'
p548
I29
sS'05:48:26.0,34.05497174,-118.28315483,2095.10,i'
p549
I29
sS'alemanilla,90006\n488426868802981888,bmobil682mar,2014-07-13'
p550
I29
sS'show'
p551
I29
sS'\xed\x9e\x98\xeb\x93\xa0'
p552
I29
sS'cantinflas'
p553
I29
sS'\xec\x97\xb4'
p554
I29
sS'13:37:19.0,34.05471931,-118.28367874,2095.10,whoever'
p555
I29
sS'fine'
p556
I29
sS'one'
p557
I18
sS'giant'
p558
I29
sS'busy'
p559
I27
sS'everythinggg,90006\n434325522688917504,king_vs_god,2014-02-14'
p560
I29
sS'('
p561
I28
sS'winner'
p562
I29
sS'saints'
p563
I29
sS'behind'
p564
I29
sS'should'
p565
I29
sS'asleep,90006\n497648996463042560,raaddbass,2014-08-08'
p566
I29
sS'only'
p567
I28
sS'going'
p568
I29
sS'black'
p569
I28
sS'bud'
p570
I29
sS'pretty'
p571
I27
sS'folks'
p572
I29
sS'\xd9\x84\xd9\x87'
p573
I29
sS'giants'
p574
I29
sS'do'
p575
I26
sS'video!!!!,90006\n504388966741979137,nutellajohnson,2014-08-26'
p576
I29
sS'his'
p577
I28
sS'hit'
p578
I28
sS'get'
p579
I20
sS'dope'
p580
I29
sS'de'
p581
I27
sS'watch'
p582
I24
sS'multi-billion'
p583
I29
sS'03:26:46.0,34.05173279,-118.28341585,2095.10,\xec\x99\xb8\xea\xb5\xad\xec\x83\x9d\xed\x99\x9c\xec\x97\x90\xec\x84\x9c'
p584
I29
sS'awww'
p585
I29
sS'cannot'
p586
I29
sS'goulding'
p587
I29
sS'00:28:06.0,34.05487564,-118.28300897,2095.10,the'
p588
I29
sS'\xec\x9d\xbd\xea\xb8\xb0\xeb\x8f\x84'
p589
I29
sS',90006\n457410335809351680,kittykim100,2014-04-19'
p590
I29
sS'trade'
p591
I29
sS'video!!!!,90006\n504388547982663681,nutellajohnson,2014-08-26'
p592
I29
sS'him'
p593
I29
sS',90006\n414769340894826496,king_vs_god,2013-12-22'
p594
I29
sS'erick'
p595
I29
sS'nas'
p596
I29
sS'sbtrkt'
p597
I29
sS'countries'
p598
I29
sS'(2323'
p599
I29
sS'married'
p600
I29
sS'rapper'
p601
I29
sS'\xeb\x8b\x98\xeb\x8f\x84'
p602
I29
sS'morning'
p603
I25
sS'naked'
p604
I28
sS'jokes'
p605
I29
sS'stupid'
p606
I28
sS'she'
p607
I22
sS'shots'
p608
I29
sS',90006\n495811904263053313,raaddbass,2014-08-03'
p609
I29
sS'00:00:21.0,34.05240367,-118.28270484,2095.10,rt'
p610
I29
sS'20:54:52.0,34.05237463,-118.28267512,2095.10,rt'
p611
I29
sS'where'
p612
I28
sS'bachata'
p613
I29
sS'wrote'
p614
I29
sS"y'all"
p615
I28
sS'21:08:13.0,34.05159575,-118.28048539,2095.10,i'
p616
I29
sS'learn'
p617
I29
sS'function,90006\n450496344918982657,briansbutthole,2014-03-31'
p618
I29
sS'qts'
p619
I29
sS'prayers'
p620
I29
sS'w/'
p621
I29
sS'roisin'
p622
I29
sS'mom'
p623
I29
sS"hasn't"
p624
I29
sS'solo'
p625
I29
sS'apocalypse.lol'
p626
I29
sS'see'
p627
I28
sS'dumb'
p628
I27
sS'are'
p629
I16
sS'hoes'
p630
I29
sS'fail'
p631
I29
sS'fans.,90006\n477963812943835136,ursocialnetsux,2014-06-15'
p632
I29
sS"09:26:02.0,34.0508294,-118.2807068,2095.10,i'm"
p633
I29
sS'\xec\xa0\x9c\xea\xb0\x80'
p634
I29
sS',90006\n417410992138502144,kittykim100,2013-12-29'
p635
I29
sS'best'
p636
I28
sS'wonder'
p637
I28
sS'\xeb\x90\x98\xec\x84\xb8\xec\x9a\x94'
p638
I28
sS'movie'
p639
I29
sS'wow'
p640
I29
sS'muy'
p641
I29
sS'tend'
p642
I29
sS'3'
p643
I28
sS'pupuseria'
p644
I29
sS'horrible'
p645
I28
sS'it.,90006\n434325705388589056,king_vs_god,2014-02-14'
p646
I29
sS'22:41:44.0,34.05263075,-118.28409238,2095.10,you'
p647
I29
sS'disliked'
p648
I29
sS'email'
p649
I29
sS'besos,90006\n486661096187895808,maitesonriela,2014-07-09'
p650
I29
sS'gives'
p651
I29
sS'we'
p652
I23
sS'attention'
p653
I29
sS'omg'
p654
I28
sS'loves'
p655
I29
sS'schooled'
p656
I29
sS'jr'
p657
I29
sS'lotion'
p658
I29
sS'guitar'
p659
I28
sS'\xec\x97\xb4\xec\x97\xb4\xed\x9e\x88'
p660
I29
sS'job'
p661
I29
sS'greinke'
p662
I29
sS'wp'
p663
I29
sS'foto'
p664
I29
sS'hudson'
p665
I29
sS'picking'
p666
I29
sS'come'
p667
I29
sS'legit'
p668
I29
sS'hours'
p669
I29
sS'dates'
p670
I29
sS'\xe2\x98\x81\xef\xb8\x8fnewgodflow\xe2\x98\x81\xef\xb8\x8f\xe2\x9a\xa1\xef\xb8\x8f'
p671
I29
sS'last'
p672
I27
sS'restaurant'
p673
I28
sS'secrets'
p674
I29
sS'lovey'
p675
I29
sS'taking'
p676
I28
sS'against'
p677
I29
sS'foreign'
p678
I29
sS'\xed\x99\x95'
p679
I29
sS's'
p680
I29
sS'games'
p681
I29
sS'planned'
p682
I29
sS'guardians'
p683
I29
sS'whole'
p684
I29
sS'8====d,90006\n491682871275298817,tonyshitdope,2014-07-22'
p685
I29
sS"can't"
p686
I27
sS'con'
p687
I28
sS'riddle'
p688
I29
sS'\xe2\x98\xba'
p689
I28
sS'very'
p690
I29
sS'point'
p691
I29
sS'sky'
p692
I29
sS'por'
p693
I29
sS'makin'
p694
I29
sS'walk'
p695
I29
sS'tons'
p696
I29
sS'non'
p697
I29
sS'likes'
p698
I29
sS'church'
p699
I29
sS'22:57:20.0,34.05492379,-118.28250568,2095.10,ms'
p700
I29
sS'trust'
p701
I28
sS'bongs'
p702
I29
sS'up,90006\n517414819054362624,erie_joanne,2014-10-01'
p703
I29
sS'save'
p704
I29
sS"it's"
p705
I25
sS'vacation'
p706
I29
sS'been'
p707
I29
sS'hitting'
p708
I29
sS'much'
p709
I28
sS'damn'
p710
I28
sS'far'
p711
I29
sS'bby'
p712
I29
sS',90006\n523940368291995648,maitesonriela,2014-10-19'
p713
I29
sS'20:44:40.0,34.0508687,-118.2803964,2095.10,what'
p714
I29
sS'wants'
p715
I29
sS',90006\n434319705768079360,king_vs_god,2014-02-14'
p716
I29
sS'life'
p717
I26
sS'lived'
p718
I29
sS'with'
p719
I19
sS'am'
p720
I29
sS'offered'
p721
I29
sS'xxx'
p722
I29
sS'900'
p723
I29
sS'2015'
p724
I29
sS'udon'
p725
I29
sS'awake'
p726
I29
sS'-.-'
p727
I29
sS'19:52:39.0,34.0519889,-118.2809638,2095.10,forgot'
p728
I29
sS'forza'
p729
I29
sS'present'
p730
I29
sS'chill'
p731
I28
sS'lol,90006\n447874517918965760,jimmy92233,2014-03-23'
p732
I29
sS'myself'
p733
I28
sS'taurino'
p734
I29
sS'look'
p735
I28
sS'\xeb\xb3\xb4\xea\xb8\xb4'
p736
I29
sS'\xec\x97\x86\xec\x97\x88\xec\xa7\x80\xec\x9a\x94'
p737
I29
sS'these'
p738
I28
sS'straight'
p739
I29
sS'sex'
p740
I29
sS'gooddddd'
p741
I29
sS'will'
p742
I27
sS'ugly'
p743
I29
sS'near'
p744
I29
sS'prelude'
p745
I29
sS'roma'
p746
I29
sS'hahaha'
p747
I29
sS'wild'
p748
I29
sS'\xed\x95\xa9\xeb\x8b\x88\xeb\x8b\xa4'
p749
I29
sS'mayor'
p750
I29
sS'ill'
p751
I26
sS'listen'
p752
I29
sS'stop'
p753
I29
sS'lol,90006\n414136358660096000,king_vs_god,2013-12-20'
p754
I29
sS'09:18:38.0,34.05247522,-118.27997173,2095.10,mean'
p755
I29
sS'almost'
p756
I29
sS'\xd8\xb7\xd8\xb1\xd9\x8a\xd9\x82\xd8\xa9'
p757
I29
sS'is'
p758
I11
sS'it'
p759
I18
sS'middle'
p760
I29
sS'cant'
p761
I29
sS',90006\n440259590811181056,kittykim100,2014-03-02'
p762
I29
sS'im'
p763
I24
sS'in'
p764
I12
sS'\xed\x94\xbc\xeb\x88\x88\xeb\xaf\x88\xec\x9d\x84'
p765
I29
sS'disappear'
p766
I29
sS'if'
p767
I23
sS'grown'
p768
I29
sS'funny'
p769
I29
sS'open'
p770
I29
sS'james'
p771
I29
sS'things'
p772
I29
sS'make'
p773
I29
sS'ops'
p774
I29
sS'\xed\x8c\x94\xeb\x9e\x91\xed\x8c\x94\xeb\x9e\x91~~\xe2\x80\x9d,90006\n478015734405431296,sofiachoi59,2014-06-15'
p775
I29
sS'lol,90006\n434322177110724608,king_vs_god,2014-02-14'
p776
I29
sS'listos'
p777
I29
sS'ya'
p778
I29
sS'unfortunate'
p779
I29
sS'big'
p780
I29
sS'party'
p781
I28
sS'21:24:40.0,34.05233483,-118.28264267,2095.10,rt'
p782
I29
sS'08:53:09.0,34.0514521,-118.2825905,2095.10,rosieeeeeeeeeeeeeeeeeeeeeee,90006\n492570981806792705,raaddbass,2014-07-25'
p783
I29
sS'conoserte,90006\n447874940037894144,jimmy92233,2014-03-23'
p784
I29
sS'used'
p785
I29
sS'lie'
p786
I29
sS'keys'
p787
I29
sS'\xe3\x85\x8e'
p788
I29
sS'350'
p789
I29
sS'hang'
p790
I29
sS'yesterday'
p791
I29
sS'rain'
p792
I27
sS'\xec\xbd\x94\xed\x8b\xb0\xeb\x93\x9c\xeb\xb6\x80\xec\x95\x84\xeb\xa5\xb4\xed\x8c\x80\xec\x9d\x84'
p793
I29
sS'fucken'
p794
I29
sS'walmart'
p795
I29
sS'moving'
p796
I29
sS'novela'
p797
I29
sS'00:07:16.0,34.05232556,-118.28274937,2095.10,rt'
p798
I29
sS',90006\n491691207295123456,tonyshitdope,2014-07-22'
p799
I29
sS'weird'
p800
I29
sS'tune'
p801
I29
sS'diabetes'
p802
I29
sS'paycheck'
p803
I29
sS'doreen'
p804
I29
sS'off'
p805
I25
sS"19:33:07.0,34.0508425,-118.2806902,2095.10,i'm"
p806
I29
sS'i'
p807
I2
sS',90006\n457389344009904128,kittykim100,2014-04-19'
p808
I29
sS'tanvien,90006\n488159522494504961,bmobil682mar,2014-07-13'
p809
I29
sS'well'
p810
I29
sS'vamos'
p811
I29
sS'tho'
p812
I27
sS'person'
p813
I29
sS'times\xe2\x80\x9d'
p814
I29
sS'flags'
p815
I29
sS'\xc2\xbfqui\xc3\xa9n'
p816
I29
sS'56;3'
p817
I29
sS'y'
p818
I29
sS'\xeb\x84\x98'
p819
I29
sS'the'
p820
I3
sS'corporate'
p821
I29
sS'\xeb\xb6\x88\xed\x98\x84\xeb\x93\xaf'
p822
I29
sS'left'
p823
I29
sS'summer'
p824
I29
sS'styleeeeeee'
p825
I29
sS'classes,90006\n498399864078626817,raaddbass,2014-08-10'
p826
I29
sS'\xec\xa0\x80\xeb\x8f\x84'
p827
I29
sS'kiss'
p828
I29
sS'just'
p829
I14
sS'less'
p830
I29
sS'moments'
p831
I29
sS'sound'
p832
I29
sS'sleepy'
p833
I29
sS'rest'
p834
I28
sS'(2130'
p835
I29
sS'15:24:19.0,34.05278235,-118.28169965,2095.10,when'
p836
I29
sS'fact'
p837
I29
sS'thanks'
p838
I26
sS'questions'
p839
I29
sS'moment"'
p840
I29
sS'touch'
p841
I29
sS'talk'
p842
I29
sS'yes'
p843
I28
sS'praying'
p844
I29
sS'family'
p845
I29
sS'omfg'
p846
I29
sS'workers'
p847
I29
sS'had'
p848
I29
sS'lake'
p849
I29
sS'killed'
p850
I29
sS'deviltbh'
p851
I29
sS',90006\n414915281899634688,kittykim100,2013-12-23'
p852
I29
sS'lets'
p853
I28
sS'n'
p854
I29
sS'parents'
p855
I29
sS'crying'
p856
I29
sS'wet'
p857
I29
sS'throughout'
p858
I29
sS'ohhh'
p859
I29
sS'has'
p860
I27
sS'excited'
p861
I28
sS'kick'
p862
I29
sS'ellen'
p863
I29
sS'scheduled'
p864
I29
sS',90006\n434320451565670400,king_vs_god,2014-02-14'
p865
I29
sS'around'
p866
I28
sS'merecido,90006\n489883407053496320,maitesonriela,2014-07-17'
p867
I29
sS'\xec\xa6\x90\xea\xb1\xb4'
p868
I29
sS'couple'
p869
I29
sS'monique'
p870
I29
sS'gonna'
p871
I23
sS'shitty'
p872
I29
sS'game'
p873
I29
sS'know'
p874
I25
sS'\xe2\x9d\xa4'
p875
I26
sS'it-girl'
p876
I29
sS'man.,90006\n492593383622205442,raaddbass,2014-07-25'
p877
I29
sS'23:16:20.0,34.05441823,-118.28258665,2095.10,trying'
p878
I29
sS'county'
p879
I24
sS'stuff'
p880
I29
sS'\xeb\xac\xb8\xec\xb0\xb8\xea\xb7\xb9'
p881
I29
sS'like'
p882
I16
sS'success'
p883
I29
sS'miami'
p884
I29
sS'follows'
p885
I29
sS'da'
p886
I29
sS'productive'
p887
I29
sS'homegirl'
p888
I29
sS'gimme'
p889
I29
sS'burgers'
p890
I29
sS't'
p891
I29
sS'night'
p892
I26
sS'everyone'
p893
I29
sS'\xea\xb8\xb0\xec\xb6\x98\xea\xb7\xb8\xeb\x84\xa4\xec\x99\x80'
p894
I29
sS'23:11:06.0,34.05510815,-118.28287329,2095.10,wow'
p895
I29
sS'07:24:08.0,34.0514486,-118.28087,2095.10,safewaters-'
p896
I29
sS'actin'
p897
I29
sS'nigga'
p898
I27
sS'saterday'
p899
I29
sS'crowd'
p900
I29
sS'people'
p901
I26
sS'fucking'
p902
I28
sS'twitter'
p903
I29
sS'some'
p904
I28
sS'back'
p905
I26
sS'dead'
p906
I29
sS'alone.,90006\n491688517857071106,tonyshitdope,2014-07-22'
p907
I29
sS'highlight/contour'
p908
I29
sS'pain'
p909
I29
sS',90006\n457395274768334849,kittykim100,2014-04-19'
p910
I29
sS'house,90006\n411222131557408768,kimiaaaaaa,2013-12-12'
p911
I29
sS'happens'
p912
I28
sS'm\xc3\xa1s'
p913
I29
sS'\xd9\x88\xd9\x85\xd8\xac\xd8\xaa\xd9\x85\xd8\xb9\xd9\x87,90006\n503680930058235904,kittykim100,2014-08-24'
p914
I29
sS'collaborative'
p915
I29
sS'for'
p916
I12
sS'\xec\xa7\x80\xea\xb8\xb0'
p917
I29
sS'daddy'
p918
I29
sS'get?,90006\n492074168792264704,mileskoules,2014-07-23'
p919
I29
sS'13:41:21.0,34.05471931,-118.28367874,2095.10,when'
p920
I29
sS'\xea\xb8\x8d\xeb\x8c\x80'
p921
I29
sS'ellie'
p922
I29
sS'does'
p923
I29
sS'02:00:18.0,34.0522547,-118.2834277,2095.10,how'
p924
I29
sS'swiffer'
p925
I29
sS'dating'
p926
I29
sS'adorable'
p927
I29
sS'be'
p928
I13
sS'06:33:26.0,34.05498283,-118.28346352,2095.10,all'
p929
I29
sS'bc'
p930
I28
sS'03:14:34.0,34.0518236,-118.2813405,2095.10,kisiera'
p931
I29
sS'nails'
p932
I29
sS'burn'
p933
I29
sS'zombie'
p934
I29
sS'how'
p935
I23
sS'cholo'
p936
I29
sS'iris,90006\n474007706894741504,whosruben,2014-06-04'
p937
I29
sS'\xe2\x9d\xa4\xef\xb8\x8f\xe2\x9a\xbe\xef\xb8\x8f,90006\n440258953780273152,kittykim100,2014-03-02'
p938
I29
sS',90006\n434320830332284928,king_vs_god,2014-02-14'
p939
I29
sS'05:45:29.0,34.0522853,-118.2813158,2095.10,fuck'
p940
I29
sS';)'
p941
I29
sS'by'
p942
I26
sS';-'
p943
I28
sS'hearing'
p944
I29
sS'on'
p945
I20
sS'about'
p946
I25
sS'coast'
p947
I29
sS'working'
p948
I29
sS'anything'
p949
I27
sS'oh'
p950
I28
sS'05:11:36.0,34.0546919,-118.2831769,2095.10,i'
p951
I29
sS'of'
p952
I9
sS'valentines'
p953
I29
sS'favorite'
p954
I29
sS'boyfriend'
p955
I29
sS'hot'
p956
I29
sS'angeles'
p957
I24
sS'01:05:22.0,34.0503647,-118.28090506,2095.10,today'
p958
I29
sS'\xeb\xb0\xa4'
p959
I29
sS'anime'
p960
I28
sS'west'
p961
I29
sS'desktop'
p962
I29
sS'wanna'
p963
I27
sS'or'
p964
I28
sS'software'
p965
I29
sS'chulo'
p966
I29
sS'\xd8\xaa\xd8\xb1\xd8\xa8\xd9\x8a\xd8\xa9'
p967
I29
sS'own'
p968
I28
sS'whats'
p969
I29
sS'guetta'
p970
I29
sS'ahh'
p971
I29
sS'\xd9\x81\xd8\xa7\xd9\x84\xd8\xa5\xd9\x86\xd8\xb3\xd8\xa7\xd9\x86'
p972
I29
sS'commitment'
p973
I29
sS'soo'
p974
I28
sS'getting'
p975
I28
sS'down'
p976
I28
sS'telenovelas'
p977
I29
sS'right'
p978
I28
sS'actually'
p979
I29
sS'your'
p980
I17
sS'fired'
p981
I29
sS'yaaaaaay'
p982
I29
sS'fast'
p983
I29
sS'story'
p984
I29
sS'her'
p985
I24
sS'afl-cio)'
p986
I26
sS'niggas.,90006\n378539647833358336,kimycaza,2013-09-13'
p987
I29
sS'there'
p988
I28
sS'sock'
p989
I29
sS'hey'
p990
I27
sS'long'
p991
I28
sS'los'
p992
I21
sS'pa'
p993
I29
sS',90006\n517414933613404160,erie_joanne,2014-10-01'
p994
I29
sS'bruh'
p995
I26
sS'<<<<\xe2\x80\x9d'
p996
I29
sS'valencia'
p997
I29
sS'jang'
p998
I29
sS'bored'
p999
I28
sS'was'
p1000
I21
sS'\xd8\xa7\xd8\xae\xd9\x84\xd8\xa7\xd9\x82'
p1001
I29
sS'happy'
p1002
I27
sS'buy'
p1003
I29
sS'lol,90006\n434321034120945664,king_vs_god,2014-02-14'
p1004
I29
sS'games.,90006\n413696070934212608,king_vs_god,2013-12-19'
p1005
I29
sS'\xed\x96\x89\xeb\xb3\xb5\xed\x95\xb4'
p1006
I29
sS'05:20:03.0,34.05281348,-118.28334522,2095.10,true'
p1007
I29
sS'bitches'
p1008
I28
sS'but'
p1009
I22
sS'boys'
p1010
I28
sS'land'
p1011
I29
sS'goals'
p1012
I28
sS'boyz'
p1013
I29
sS'line'
p1014
I29
sS'trying'
p1015
I29
sS'true'
p1016
I27
sS'puto'
p1017
I29
sS'buying'
p1018
I28
sS'he'
p1019
I28
sS"they're"
p1020
I29
sS'counsel'
p1021
I29
sS'made'
p1022
I29
sS'video!!!!,90006\n478019953707474944,sofiachoi59,2014-06-15'
p1023
I29
sS'happen'
p1024
I29
sS'society'
p1025
I29
sS"wasn't"
p1026
I29
sS'wish'
p1027
I28
sS'22:54:48.0,34.05494407,-118.28247459,2095.10,the'
p1028
I29
sS'up'
p1029
I21
sS'seven'
p1030
I29
sS'mafia'
p1031
I29
sS'un'
p1032
I29
sS'dirty'
p1033
I29
sS'hand'
p1034
I29
sS'real'
p1035
I29
sS'z'
p1036
I29
sS'care'
p1037
I29
sS'\xc2\xbb'
p1038
I29
sS'gone'
p1039
I29
sS'durk'
p1040
I29
sS'today\xe2\x80\xa6'
p1041
I29
sS'fans'
p1042
I29
sS'bit,90006\n498397730792673280,raaddbass,2014-08-10'
p1043
I29
sS'forgot'
p1044
I29
sS'listening'
p1045
I29
sS'al'
p1046
I29
sS'an'
p1047
I24
sS'imagination'
p1048
I29
sS'as'
p1049
I22
sS'at'
p1050
I15
sS'aw'
p1051
I29
sS'home'
p1052
I29
sS'cello'
p1053
I29
sS'chevelle,90006\n491691622208253952,tonyshitdope,2014-07-22'
p1054
I29
sS'check'
p1055
I28
sS'shit'
p1056
I26
sS'love?,90006\n413178330339225600,king_vs_god,2013-12-18'
p1057
I29
sS'\xec\x9e\x90~'
p1058
I29
sS'again'
p1059
I29
sS'\xeb\x96\xa0\xec\x98\xa4\xeb\xa5\xb4\xeb\x8a\x94'
p1060
I29
sS'varga'
p1061
I29
sS'no'
p1062
I25
sS'47'
p1063
I29
sS'hoy'
p1064
I29
sS'telenovela'
p1065
I29
sS'when'
p1066
I23
sS'tiene'
p1067
I29
sS'robbed'
p1068
I29
sS'\xec\x99\xa0\xec\xa7\x80'
p1069
I29
sS'5'
p1070
I28
sS'carrera'
p1071
I29
sS'01:14:05.0,34.0508277,-118.2807004,2095.10,tb'
p1072
I29
sS'mass'
p1073
I29
sS'you'
p1074
I6
sS'really'
p1075
I27
sS'papi'
p1076
I29
sS"what's"
p1077
I29
sS'nice'
p1078
I28
sS'poor'
p1079
I29
sS'bonita,90006\n450495356057305088,briansbutthole,2014-03-31'
p1080
I29
sS"'s"
p1081
I29
sS',90006\n501089359895232512,raaddbass,2014-08-17'
p1082
I29
sS'13:35:18.0,34.05471932,-118.28367873,2095.10,if'
p1083
I29
sS'students'
p1084
I29
sS'problems'
p1085
I28
sS'drag'
p1086
I29
sS'includes'
p1087
I29
sS"let's"
p1088
I29
sS'chance'
p1089
I29
sS'northgate'
p1090
I27
sS'kinda'
p1091
I29
sS'serious'
p1092
I29
sS'chris'
p1093
I29
sS'weekend'
p1094
I29
sS'\xed\x83\x9c\xec\x96\xb4\xeb\x82\x98\xec\x84\x9c'
p1095
I29
sS'\xec\x9d\xb4\xec\xa0\x9c'
p1096
I29
sS',90006\n491688128256557056,tonyshitdope,2014-07-22'
p1097
I29
sS'wife'
p1098
I29
sS'came'
p1099
I29
sS'tricks'
p1100
I29
sS'dad,90006\n450500637235482624,briansbutthole,2014-03-31'
p1101
I29
sS'em'
p1102
I29
sS'dyed'
p1103
I29
sS'lowkey'
p1104
I29
sS'(15-8)'
p1105
I29
sS'>>>>>>>'
p1106
I29
sS'\xd9\x8a\xd8\xb9\xd9\x83\xd8\xb3'
p1107
I29
sS'u'
p1108
I26
sS'20:58:29.0,34.05252985,-118.28419164,2095.10,almost'
p1109
I29
sS'scare'
p1110
I29
sS'time'
p1111
I25
sS'alright'
p1112
I29
sS"she's"
p1113
I27
sS'surprised'
p1114
I29
sS'having'
p1115
I29
sS'once'
p1116
I29
s.