(dp0
S''
p1
I17
sS'chaos'
p2
I50
sS'sleep'
p3
I46
sS'asian'
p4
I50
sS'horchata."'
p5
I50
sS'hate'
p6
I47
sS'tomorrows'
p7
I50
sS'buddy'
p8
I50
sS'\xe2\x80\x9che\xe2\x80\x99s'
p9
I50
sS'sorry'
p10
I50
sS'shaving'
p11
I50
sS"women's"
p12
I50
sS'every'
p13
I45
sS'11:47:37.0,34.0478636,-118.2809231,2098.10,me'
p14
I50
sS'screaming'
p15
I50
sS'monkeys'
p16
I48
sS'school'
p17
I41
sS'nigger'
p18
I50
sS'clothes'
p19
I50
sS'tired'
p20
I50
sS'second'
p21
I50
sS'dodgers'
p22
I50
sS'others)'
p23
I49
sS'machines'
p24
I50
sS'even'
p25
I46
sS'relieving'
p26
I50
sS'painful'
p27
I50
sS'saved'
p28
I50
sS'cooking'
p29
I50
sS'asia'
p30
I50
sS'blur'
p31
I50
sS'new'
p32
I46
sS'ever'
p33
I45
sS'told'
p34
I50
sS'pancakes'
p35
I50
sS'never'
p36
I42
sS'(los'
p37
I45
sS'yet,90006\n498050146824114176,raaddbass,2014-08-09'
p38
I50
sS'dorm'
p39
I50
sS'daughter'
p40
I50
sS'leaves'
p41
I50
sS'changed'
p42
I50
sS'piercing'
p43
I50
sS"i'd"
p44
I49
sS'this?"no"exactly'
p45
I50
sS"i'm"
p46
I10
sS'golden'
p47
I50
sS'feelings'
p48
I49
sS'brought'
p49
I50
sS'idiot!!,90006\n498570884517330945,raaddbass,2014-08-10'
p50
I50
sS'txt'
p51
I50
sS'sarah'
p52
I50
sS'plot'
p53
I49
sS'would'
p54
I46
sS'hospital'
p55
I50
sS'arms'
p56
I50
sS'music'
p57
I46
sS'type'
p58
I50
sS'tell'
p59
I50
sS'bombast'
p60
I50
sS'females'
p61
I50
sS'scary'
p62
I50
sS'haha'
p63
I48
sS'pierced'
p64
I48
sS'phone'
p65
I47
sS'warm'
p66
I50
sS'siblings'
p67
I50
sS'hole'
p68
I50
sS'hold'
p69
I50
sS'must'
p70
I50
sS'shoot'
p71
I50
sS'ma'
p72
I50
sS'room'
p73
I46
sS'mi'
p74
I50
sS'locker'
p75
I48
sS'monique"'
p76
I50
sS'ms'
p77
I50
sS'my'
p78
I5
sS'aweee'
p79
I50
sS'fell.,90006\n495517629298114560,raaddbass,2014-08-02'
p80
I50
sS'give'
p81
I45
sS'goooo'
p82
I50
sS'truth,90006\n506386345170706433,raaddbass,2014-09-01'
p83
I50
sS'want'
p84
I20
sS'end'
p85
I50
sS'thing'
p86
I48
sS'complaining'
p87
I50
sS'returning'
p88
I50
sS'how'
p89
I39
sS'amazing'
p90
I47
sS'pizza'
p91
I50
sS'beauty'
p92
I50
sS'bday'
p93
I49
sS'after'
p94
I49
sS'wrong'
p95
I50
sS'salsa'
p96
I49
sS'adam\xe2\x80\x99s'
p97
I50
sS'lesbian'
p98
I47
sS'las'
p99
I49
sS'horchata'
p100
I50
sS'keeps'
p101
I48
sS'order'
p102
I50
sS'wine'
p103
I50
sS'over'
p104
I48
sS'fam'
p105
I50
sS'diddy'
p106
I50
sS'fir'
p107
I50
sS',90006\n508904922360737792,raaddbass,2014-09-08'
p108
I50
sS'fix'
p109
I50
sS'better'
p110
I45
sS'fade'
p111
I50
sS'wyd?me'
p112
I50
sS'then'
p113
I49
sS'them'
p114
I43
sS'erhs'
p115
I50
sS'safe'
p116
I50
sS',90006\n497798279233421312,raaddbass,2014-08-08'
p117
I50
sS'band'
p118
I50
sS'maaaaannnn,90006\n506395213510606848,raaddbass,2014-09-01'
p119
I50
sS'they'
p120
I41
sS'one'
p121
I39
sS'weenie'
p122
I50
sS'pjs'
p123
I50
sS'dumps'
p124
I50
sS'each'
p125
I48
sS'acoustic'
p126
I50
sS'went'
p127
I46
sS'jay-z'
p128
I50
sS'mean'
p129
I50
sS'lifted'
p130
I50
sS'mean.,90006\n507016694263320576,raaddbass,2014-09-03'
p131
I50
sS'gunna'
p132
I47
sS'forgot'
p133
I49
sS'ghosts'
p134
I49
sS'message'
p135
I48
sS'rt'
p136
I48
sS'driving'
p137
I49
sS're'
p138
I50
sS'mayday'
p139
I50
sS'got'
p140
I41
sS'rn'
p141
I45
sS'cutest'
p142
I50
sS"you're"
p143
I41
sS'little'
p144
I47
sS'free'
p145
I48
sS'raaddbass'
p146
I50
sS'might'
p147
I50
sS'wanted'
p148
I49
sS'fret'
p149
I50
sS'09:24:04.0,34.0478636,-118.2809231,2098.10,and'
p150
I50
sS'ate'
p151
I50
sS'hangout"'
p152
I50
sS'starts'
p153
I50
sS'days'
p154
I49
sS'go"'
p155
I50
sS'naruto,90006\n498051523352739840,raaddbass,2014-08-09'
p156
I50
sS'onto'
p157
I49
sS'already'
p158
I48
sS'grade'
p159
I50
sS'me?,90006\n498038092897714176,raaddbass,2014-08-09'
p160
I50
sS'kfc'
p161
I50
sS'another'
p162
I48
sS'comin'
p163
I49
sS'girls'
p164
I46
sS'fiction'
p165
I50
sS'too'
p166
I40
sS'hollywood'
p167
I49
sS'20:49:50.0,34.0478634,-118.2809331,2098.10,can'
p168
I50
sS'bday,90006\n495803056018038784,raaddbass,2014-08-03'
p169
I50
sS'floor-'
p170
I50
sS'nirvana'
p171
I50
sS'cereal'
p172
I48
sS'\xeb\xb0\xb0\xea\xb3\xa0\xed\x8c\x8c\xec\x84\x9c'
p173
I50
sS'ew'
p174
I50
sS'matter'
p175
I50
sS'classes'
p176
I49
sS'speaking'
p177
I50
sS'iron'
p178
I50
sS'feeling'
p179
I45
sS'este'
p180
I49
sS'mind'
p181
I46
sS'mine'
p182
I48
sS'talking'
p183
I47
sS'seen'
p184
I47
sS'daughter"'
p185
I50
sS'hispanic'
p186
I50
sS'-'
p187
I41
sS'snow'
p188
I50
sS'brains'
p189
I50
sS'rhcp'
p190
I50
sS'10:05:39.0,34.0479767,-118.2809508,2098.10,my'
p191
I50
sS'animeeeee'
p192
I50
sS'letter'
p193
I50
sS'phase'
p194
I50
sS'mnemosyne'
p195
I50
sS'episode'
p196
I48
sS'flor'
p197
I50
sS'alarm'
p198
I50
sS'definitely'
p199
I49
sS'facewhaaaaattttt'
p200
I50
sS'saying'
p201
I50
sS'lyrics'
p202
I49
sS'random'
p203
I49
sS'ending'
p204
I50
sS'v.v'
p205
I50
sS'radio'
p206
I48
sS'toast'
p207
I50
sS'(1992)'
p208
I50
sS'clicked'
p209
I50
sS'bad!!!!!,90006\n506352845700857856,raaddbass,2014-09-01'
p210
I50
sS'bust'
p211
I50
sS'here'
p212
I49
sS'theme'
p213
I50
sS'boyfriend'
p214
I50
sS'personality'
p215
I50
sS'do'
p216
I33
sS'dm'
p217
I49
sS'10'
p218
I50
sS'de'
p219
I48
sS'stop'
p220
I44
sS'haunted'
p221
I50
sS'wedding'
p222
I49
sS'is!!!!,90006\n495469973444108288,raaddbass,2014-08-02'
p223
I50
sS'covering'
p224
I50
sS'19'
p225
I50
sS'w/o'
p226
I49
sS'bae'
p227
I46
sS'ruins'
p228
I50
sS'bak'
p229
I50
sS'ears'
p230
I49
sS'w/'
p231
I33
sS'maddalice'
p232
I50
sS'decided'
p233
I50
sS'tonari'
p234
I50
sS'miserable'
p235
I50
sS'best'
p236
I44
sS'said'
p237
I43
sS'away'
p238
I45
sS'r'
p239
I50
sS'irl'
p240
I50
sS'hopefully'
p241
I48
sS"trusthe's"
p242
I50
sS'we'
p243
I41
sS'oomf'
p244
I49
sS'omg'
p245
I30
sS'vitamin'
p246
I50
sS'wear'
p247
I49
sS'wtf'
p248
I46
sS'picking'
p249
I50
sS'planned'
p250
I50
sS'asked'
p251
I50
sS'coo'
p252
I50
sS'ily'
p253
I48
sS'xd'
p254
I47
sS'royal'
p255
I50
sS'groupon'
p256
I50
sS'tons'
p257
I50
sS'blonde'
p258
I50
sS'trust'
p259
I50
sS'bro...the'
p260
I50
sS'asks'
p261
I50
sS'been'
p262
I42
sS'oooooo'
p263
I49
sS'much'
p264
I42
sS'threw'
p265
I49
sS'life'
p266
I41
sS'crying'
p267
I45
sS'06:29:06.0,34.0498537,-118.2839622,2098.10,i'
p268
I50
sS'ariana'
p269
I50
sS'161'
p270
I50
sS'lovesopa'
p271
I50
sS'tunas'
p272
I50
sS'n'
p273
I50
sS'ugly'
p274
I50
sS'teachers'
p275
I50
sS'remembering'
p276
I50
sS'*the'
p277
I50
sS'is'
p278
I11
sS'nutter'
p279
I50
sS'it'
p280
I14
sS'cant'
p281
I50
sS'im'
p282
I48
sS'piercings'
p283
I50
sS'in'
p284
I12
sS'10:21:51.0,34.0478636,-118.2809231,2098.10,dark'
p285
I50
sS'ig'
p286
I50
sS'if'
p287
I31
sS'10:22:36.0,34.0478636,-118.2809231,2098.10,brb'
p288
I50
sS'perform'
p289
I49
sS'things'
p290
I49
sS'make'
p291
I45
sS'10:33:03.0,34.0478808,-118.2809834,2098.10,buuuut'
p292
I50
sS'babies'
p293
I49
sS':(('
p294
I50
sS'showing'
p295
I50
sS'yaoi'
p296
I47
sS'\xe3\x85\x8e'
p297
I50
sS'swell'
p298
I50
sS'hand'
p299
I50
sS"he'll"
p300
I50
sS'kid'
p301
I48
sS'failing'
p302
I50
sS'10:18:26.0,34.0479793,-118.2809056,2098.10,do'
p303
I50
sS'orgasms'
p304
I50
sS'contact'
p305
I50
sS'the'
p306
I3
sS'yours'
p307
I49
sS'left'
p308
I47
sS'just'
p309
I28
sS'yea'
p310
I50
sS'photo'
p311
I50
sS'sleepy'
p312
I46
sS'thanks'
p313
I50
sS'yes'
p314
I48
sS'yet'
p315
I50
sS'jose'
p316
I49
sS'character'
p317
I50
sS'has'
p318
I46
sS'caps'
p319
I50
sS'suffering'
p320
I50
sS'performance'
p321
I50
sS'burns'
p322
I50
sS'-_-'
p323
I50
sS'50'
p324
I49
sS'thrifting'
p325
I50
sS'night'
p326
I45
sS'hsvdjdnf,90006\n506345779733098496,raaddbass,2014-09-01'
p327
I50
sS'right'
p328
I45
sS'old'
p329
I49
sS'deal'
p330
I50
sS'people'
p331
I39
sS'somehow'
p332
I50
sS'julieta'
p333
I50
sS'clubs'
p334
I50
sS'hoover'
p335
I50
sS'depp'
p336
I50
sS'total'
p337
I50
sS'for'
p338
I16
sS'purple'
p339
I50
sS'normal'
p340
I50
sS'ice'
p341
I48
sS'tonight"'
p342
I50
sS'everything'
p343
I46
sS'asking'
p344
I50
sS'umm'
p345
I49
sS'"look"'
p346
I50
sS'whore,90006\n495878558296702978,raaddbass,2014-08-03'
p347
I50
sS'hazel'
p348
I50
sS'pls'
p349
I50
sS'gaara'
p350
I50
sS'04:19:34.0,34.0479234,-118.2809959,2098.10,i'
p351
I50
sS'super'
p352
I46
sS'attacks'
p353
I50
sS'months'
p354
I48
sS'o'
p355
I49
sS'dinner'
p356
I50
sS'anime'
p357
I33
sS'sweater'
p358
I49
sS'want.uuuuuuu'
p359
I50
sS'son'
p360
I49
sS'down'
p361
I47
sS'thankful'
p362
I50
sS'that?do'
p363
I50
sS'wrap'
p364
I50
sS',90006\n498589748152131584,raaddbass,2014-08-10'
p365
I50
sS'flying'
p366
I50
sS'class'
p367
I49
sS'stuck'
p368
I50
sS'way'
p369
I44
sS'call'
p370
I50
sS'it,90006\n492985873961451521,raaddbass,2014-07-26'
p371
I50
sS'was'
p372
I30
sS'thinkin???,90006\n506396710319292418,raaddbass,2014-09-01'
p373
I50
sS'happy'
p374
I46
sS'head'
p375
I48
sS'u&men'
p376
I50
sS'mhmmm'
p377
I50
sS'heat'
p378
I50
sS'hear'
p379
I48
sS'diaper'
p380
I50
sS'office:why'
p381
I50
sS'true'
p382
I49
sS'inside'
p383
I50
sS'daddy'
p384
I49
sS'proud'
p385
I50
sS'disgrace'
p386
I50
sS'somebody'
p387
I50
sS'exist'
p388
I50
sS'annoying'
p389
I49
sS'check'
p390
I50
sS'shit'
p391
I43
sS'song-'
p392
I50
sS'lees'
p393
I50
sS'dying'
p394
I50
sS'no'
p395
I37
sS'na'
p396
I50
sS'when'
p397
I24
sS'10:34:59.0,34.0478808,-118.2809834,2098.10,mom'
p398
I50
sS'"when'
p399
I50
sS'test'
p400
I50
sS'picture'
p401
I46
sS'felt'
p402
I50
sS"let's"
p403
I50
sS'fell'
p404
I50
sS'hurt'
p405
I50
sS'weekend'
p406
I48
sS'younger'
p407
I50
sS'humor,90006\n498051372626243584,raaddbass,2014-08-09'
p408
I50
sS':c,90006\n495343921157783553,raaddbass,2014-08-01'
p409
I50
sS'together'
p410
I50
sS'time'
p411
I38
sS'serious'
p412
I50
sS'lineup'
p413
I49
sS'songs'
p414
I47
sS'neighbors'
p415
I50
sS':('
p416
I47
sS':)'
p417
I47
sS'dance'
p418
I48
sS'leads'
p419
I50
sS'burritos'
p420
I49
sS'ves'
p421
I50
sS'thighs'
p422
I50
sS'finally'
p423
I49
sS'division'
p424
I50
sS'string'
p425
I50
sS':c'
p426
I44
sS'vegas'
p427
I50
sS'locked'
p428
I50
sS'cool'
p429
I47
sS'did'
p430
I48
sS'dia'
p431
I50
sS'leave'
p432
I50
sS'quick'
p433
I50
sS'guy'
p434
I47
sS"it'll"
p435
I50
sS'says'
p436
I49
sS'irritates'
p437
I50
sS'farted'
p438
I50
sS'drinks'
p439
I50
sS'curse'
p440
I50
sS'mall'
p441
I50
sS'me............,90006\n498050299819724800,raaddbass,2014-08-09'
p442
I50
sS'rub'
p443
I50
sS'09:27:57.0,34.0478636,-118.2809231,2098.10,that'
p444
I50
sS'monkeys,90006\n495518304446861312,raaddbass,2014-08-02'
p445
I50
sS'goes'
p446
I48
sS'reply'
p447
I50
sS'falling'
p448
I50
sS'\xe3\x85\x8b\xe3\x85\x8b\xec\x8b\xa0\xeb\x82\x98\xeb\x8a\x94'
p449
I50
sS'french'
p450
I50
sS'wtf???,90006\n506351445474414592,raaddbass,2014-09-01'
p451
I50
sS'alone'
p452
I49
sS'along'
p453
I50
sS'teacher'
p454
I49
sS'change'
p455
I49
sS'wait'
p456
I49
sS'boy'
p457
I49
sS'yessss'
p458
I48
sS'better\xe2\x80\xa6'
p459
I50
sS'weird'
p460
I45
sS'love'
p461
I29
sS'stockton'
p462
I50
sS'fake'
p463
I48
sS'pony'
p464
I50
sS'working'
p465
I50
sS'chapin'
p466
I48
sS'pooped'
p467
I50
sS'dude'
p468
I50
sS'only'
p469
I43
sS'sports'
p470
I49
sS'ca)'
p471
I45
sS'ahhh'
p472
I50
sS'actin'
p473
I50
sS'today'
p474
I39
sS'loving'
p475
I50
sS'freestyle'
p476
I50
sS'share'
p477
I50
sS'downtown'
p478
I50
sS'visual'
p479
I50
sS'luvs'
p480
I50
sS'22:16:51.0,34.0479038,-118.2809924,2098.10,someone'
p481
I50
sS'10:52:46.0,34.0508533,-118.2823195,2098.10,3rd'
p482
I50
sS'niggas'
p483
I49
sS'car'
p484
I50
sS'pshhh'
p485
I50
sS'can'
p486
I34
sS'cam'
p487
I50
sS'making'
p488
I50
sS'\xe3\x85\x8b\xe3\x85\x8b'
p489
I50
sS'heart'
p490
I49
sS'crazy'
p491
I47
sS'hears'
p492
I50
sS'awesome'
p493
I49
sS"didn't"
p494
I46
sS'fuck'
p495
I38
sS'heard'
p496
I48
sS'taurino)'
p497
I48
sS'pink'
p498
I50
sS'drama'
p499
I50
sS'watching'
p500
I48
sS'yyyy,90006\n506346552869154816,raaddbass,2014-09-01'
p501
I50
sS'1'
p502
I47
sS'till'
p503
I50
sS'sunday'
p504
I50
sS'dope'
p505
I50
sS'senpai'
p506
I47
sS'designer'
p507
I50
sS'spot'
p508
I50
sS'birthday'
p509
I48
sS'mad'
p510
I49
sS'date'
p511
I50
sS'such'
p512
I49
sS'suck'
p513
I49
sS'guys'
p514
I41
sS'grow'
p515
I49
sS'man'
p516
I46
sS'stress'
p517
I50
sS'remember'
p518
I49
sS'maybe'
p519
I50
sS'st'
p520
I49
sS'so'
p521
I12
sS'biplane'
p522
I50
sS',90006\n498073108348428288,raaddbass,2014-08-09'
p523
I50
sS'talk'
p524
I45
sS'typical'
p525
I50
sS'cute'
p526
I38
sS'konk'
p527
I50
sS'years'
p528
I50
sS'course'
p529
I50
sS'episodes'
p530
I50
sS'cold'
p531
I48
sS'still'
p532
I45
sS'\xeb\x94\xb0\xec\xbd\x94'
p533
I50
sS'buns'
p534
I50
sS'mail'
p535
I50
sS'happened'
p536
I50
sS'said"might'
p537
I50
sS'episode"'
p538
I50
sS'lunch'
p539
I49
sS'half'
p540
I50
sS'not'
p541
I30
sS'now'
p542
I35
sS'rosario+vampire'
p543
I50
sS'name'
p544
I45
sS'\xec\xa7\x80\xea\xb3\xa0'
p545
I50
sS'deftones'
p546
I47
sS'sucks,90006\n498036300646473729,raaddbass,2014-08-09'
p547
I50
sS'flexy'
p548
I50
sS'10:35:44.0,34.0478808,-118.2809834,2098.10,shit'
p549
I50
sS'el'
p550
I25
sS'en'
p551
I50
sS'hiccups'
p552
I50
sS'yeah'
p553
I50
sS'soy'
p554
I49
sS'unlock'
p555
I50
sS'ex'
p556
I50
sS'begun'
p557
I50
sS'year'
p558
I45
sS'22:00:33.0,34.0478607,-118.2809334,2098.10,i'
p559
I50
sS'girl'
p560
I44
sS'es'
p561
I47
sS'living'
p562
I49
sS'3rd'
p563
I50
sS'greeks'
p564
I50
sS'looking'
p565
I50
sS'mess'
p566
I50
sS'seriously'
p567
I49
sS'\xec\xa0\x80\xeb\x91\x90\xec\x9a\x94'
p568
I50
sS"shouldn't"
p569
I50
sS'internet'
p570
I48
sS'emilys'
p571
I50
sS'earlier'
p572
I50
sS'cars'
p573
I50
sS'quite'
p574
I50
sS'california'
p575
I49
sS'yuri'
p576
I47
sS'card'
p577
I48
sS'care'
p578
I50
sS'sabor'
p579
I50
sS'yup'
p580
I50
sS'turn'
p581
I48
sS'husband'
p582
I50
sS'think'
p583
I37
sS'first'
p584
I44
sS'hahahaaaa'
p585
I50
sS'crib'
p586
I50
sS'yourself'
p587
I49
sS'fast'
p588
I50
sS'spanish'
p589
I50
sS'carry'
p590
I50
sS'sounds'
p591
I48
sS'otaku,90006\n498049063993233408,raaddbass,2014-08-09'
p592
I50
sS'open'
p593
I49
sS'tomorrow'
p594
I44
sS'given'
p595
I50
sS'ian'
p596
I50
sS'caught'
p597
I50
sS'gahhhhhhh'
p598
I50
sS'anyone'
p599
I48
sS'2'
p600
I39
sS'white'
p601
I49
sS'friend'
p602
I49
sS'eyes'
p603
I48
sS'hug'
p604
I50
sS'11:17:29.0,34.0479793,-118.2809056,2098.10,anime'
p605
I50
sS'that'
p606
I18
sS'season'
p607
I50
sS'hut'
p608
I50
sS'than'
p609
I48
sS'ceramics'
p610
I49
sS'11'
p611
I50
sS'wide'
p612
I50
sS'lmao'
p613
I49
sS'16'
p614
I50
sS'depressed'
p615
I49
sS'18'
p616
I50
sS'gotta'
p617
I48
sS'future'
p618
I49
sS'were'
p619
I50
sS'sublime'
p620
I49
sS'and'
p621
I7
sS'troublesome'
p622
I50
sS'turned'
p623
I50
sS'sad'
p624
I45
sS'woah'
p625
I50
sS'say'
p626
I42
sS'breakfast'
p627
I50
sS'saw'
p628
I49
sS'any'
p629
I50
sS'superman'
p630
I50
sS'kenndy'
p631
I50
sS'08:02:46.0,34.0479793,-118.2809056,2098.10,i'
p632
I50
sS'it.,90006\n498037650524499968,raaddbass,2014-08-09'
p633
I50
sS'omfg'
p634
I47
sS'potential'
p635
I50
sS'take'
p636
I42
sS'"yeah'
p637
I50
sS'online'
p638
I50
sS'wanting'
p639
I50
sS'deus'
p640
I50
sS'sure'
p641
I48
sS'opposite'
p642
I50
sS'enter'
p643
I50
sS',90006\n496186469690507264,raaddbass,2014-08-04'
p644
I50
sS'pages'
p645
I50
sS'forever'
p646
I50
sS'especially'
p647
I50
sS'11:01:21.0,34.0479793,-118.2809056,2098.10,gotta'
p648
I50
sS'adopt'
p649
I50
sS'hungry'
p650
I50
sS'one.,90006\n492795640837967873,raaddbass,2014-07-25'
p651
I50
sS'shop'
p652
I50
sS'takis'
p653
I50
sS'show'
p654
I45
sS'mains'
p655
I50
sS'ground'
p656
I50
sS'okay,90006\n495853832727826433,raaddbass,2014-08-03'
p657
I50
sS'3'
p658
I48
sS'tears'
p659
I49
sS'going'
p660
I42
sS'black'
p661
I50
sS'3:30am'
p662
I50
sS'get'
p663
I31
sS'mormon'
p664
I50
sS'truly'
p665
I50
sS'10:34:36.0,34.0478808,-118.2809834,2098.10,i'
p666
I50
sS'"morning"'
p667
I49
sS'morning'
p668
I49
sS'naked'
p669
I50
sS'stupid'
p670
I49
sS'skythrills'
p671
I50
sS'where'
p672
I46
sS'layin'
p673
I50
sS'04:06:14.0,34.050387,-118.2816078,2098.10,my'
p674
I50
sS'concert'
p675
I50
sS'killakill'
p676
I49
sS'dayoan'
p677
I50
sS'asleep'
p678
I49
sS'snowwwwwwwwwwww'
p679
I50
sS'sport'
p680
I50
sS'wonder'
p681
I46
sS'parent'
p682
I50
sS'enough'
p683
I50
sS'reading'
p684
I50
sS'whispered'
p685
I50
sS'notice'
p686
I47
sS'rain,90006\n495802018070421504,raaddbass,2014-08-03'
p687
I50
sS'\xeb\xa7\x8c\xec\x95\x84'
p688
I50
sS'jr'
p689
I50
sS'guitar'
p690
I43
sS'spare'
p691
I50
sS'hurts'
p692
I45
sS'senpai,90006\n495516465416515585,raaddbass,2014-08-02'
p693
I50
sS'come'
p694
I47
sS'blame'
p695
I50
sS'09:42:06.0,34.0478636,-118.2809231,2098.10,lord'
p696
I50
sS'many'
p697
I50
sS'\xec\x82\xac\xeb\x9f\xac'
p698
I50
sS's'
p699
I50
sS"can't"
p700
I29
sS'color'
p701
I50
sS'por'
p702
I49
sS'period'
p703
I50
sS'nooooo'
p704
I50
sS'60'
p705
I50
sS'pole'
p706
I50
sS"couldn't"
p707
I47
sS'09:28:29.0,34.0478636,-118.2809231,2098.10,animated'
p708
I50
sS'caring'
p709
I50
sS'ucla'
p710
I50
sS'naruto'
p711
I45
sS'wants'
p712
I49
sS'shopping'
p713
I50
sS'wake'
p714
I50
sS'those'
p715
I47
sS'sound'
p716
I50
sS'myself'
p717
I47
sS'these'
p718
I48
sS'kkkkrershaw'
p719
I50
sS'shall'
p720
I50
sS'ive'
p721
I50
sS'eventually'
p722
I50
sS'mixtape'
p723
I50
sS'sleeping'
p724
I50
sS'middle'
p725
I50
sS'someone'
p726
I46
sS'shippuden'
p727
I50
sS'player,90006\n495470583434317824,raaddbass,2014-08-02'
p728
I50
sS'different'
p729
I50
sS'bowl'
p730
I50
sS'same'
p731
I49
sS'trip'
p732
I50
sS'ya'
p733
I47
sS'week'
p734
I50
sS'finish'
p735
I47
sS'ni'
p736
I49
sS'arctic'
p737
I47
sS'puke'
p738
I50
sS'burrito'
p739
I50
sS'nothin'
p740
I50
sS'bottle'
p741
I50
sS'summer'
p742
I49
sS'10:15:05.0,34.0493061,-118.2799787,2098.10,das'
p743
I50
sS'\xe2\x98\xba\xef\xb8\x8f'
p744
I50
sS'being'
p745
I47
sS'money'
p746
I50
sS'kill'
p747
I48
sS'10:56:41.0,34.0479793,-118.2809056,2098.10,:c'
p748
I50
sS'thinking'
p749
I47
sS"we've"
p750
I49
sS'shizuki.,90006\n492982351358472193,raaddbass,2014-07-26'
p751
I50
sS'choice'
p752
I50
sS'extra\xc3\xb1arte'
p753
I50
sS'skies'
p754
I50
sS'real'
p755
I49
sS'around'
p756
I49
sS'08:08:20.0,34.0479793,-118.2809056,2098.10,y'
p757
I50
sS'gonna'
p758
I49
sS'traffic'
p759
I50
sS'\xe2\x9d\xa4'
p760
I50
sS'tanto'
p761
I50
sS'sorry"'
p762
I50
sS'walk'
p763
I49
sS'"2"'
p764
I50
sS'maaaaaaan'
p765
I50
sS'10:19:05.0,34.0478636,-118.2809231,2098.10,how'
p766
I50
sS'either'
p767
I50
sS'claw'
p768
I50
sS';p'
p769
I50
sS'learning'
p770
I50
sS'titan'
p771
I50
sS'thinks'
p772
I50
sS'mood'
p773
I49
sS'memories'
p774
I50
sS'tube'
p775
I50
sS'wendys'
p776
I50
sS'stops'
p777
I50
sS'kms'
p778
I50
sS'considering'
p779
I50
sS'lmfao'
p780
I49
sS'nails'
p781
I50
sS'ingrid'
p782
I50
sS'leadership'
p783
I50
sS'hectic'
p784
I50
sS'much,90006\n498051293513277440,raaddbass,2014-08-09'
p785
I50
sS';-'
p786
I49
sS'on'
p787
I26
sS'ok'
p788
I47
sS'oh'
p789
I48
sS'of'
p790
I15
sS'favorite'
p791
I49
sS'wolf'
p792
I50
sS'act'
p793
I49
sS'toradora'
p794
I50
sS'or'
p795
I48
sS'road'
p796
I50
sS'ladies'
p797
I50
sS'vacation'
p798
I50
sS'shiet'
p799
I50
sS'inbox'
p800
I50
sS'apologize'
p801
I50
sS'your'
p802
I35
sS"how's"
p803
I50
sS'her'
p804
I40
sS'distracted'
p805
I50
sS'hey'
p806
I50
sS'lol'
p807
I24
sS'start'
p808
I50
sS'chapinismo'
p809
I50
sS'grunge'
p810
I50
sS'boobless,90006\n495456238017056769,raaddbass,2014-08-02'
p811
I50
sS'respec'
p812
I50
sS'jus'
p813
I50
sS'\xec\x99\x94\xeb\x9c\xb8!\xec\x99\x9c\xec\xba\x90'
p814
I50
sS'trying'
p815
I50
sS'with'
p816
I35
sS'ross)'
p817
I50
sS"wasn't"
p818
I49
sS'bucket'
p819
I48
sS'10:30:23.0,34.0478808,-118.2809834,2098.10,when'
p820
I50
sS'bakerbc'
p821
I50
sS'*respect'
p822
I50
sS'>'
p823
I50
sS'pulp'
p824
I50
sS'johnny'
p825
I50
sS'af'
p826
I50
sS'am'
p827
I46
sS'general'
p828
I50
sS'as'
p829
I43
sS'intro'
p830
I50
sS'at'
p831
I28
sS'girlfriend'
p832
I50
sS'ax'
p833
I50
sS'07:43:32.0,34.0479793,-118.2809056,2098.10,:('
p834
I50
sS'cream'
p835
I50
sS'again'
p836
I46
sS'video]'
p837
I49
sS'deserve'
p838
I50
sS'tight'
p839
I50
sS'5'
p840
I50
sS'besos'
p841
I50
sS'you'
p842
I9
sS'puppy'
p843
I50
sS'pillows'
p844
I48
sS'obsessed'
p845
I50
sS'mr.combs'
p846
I50
sS'hurt,90006\n507015916043776000,raaddbass,2014-09-03'
p847
I50
sS'ymf-5c'
p848
I50
sS'included'
p849
I50
sS'13:36:14.0,34.0479793,-118.2809056,2098.10,i'
p850
I50
sS'omgggggg'
p851
I50
sS'missed'
p852
I50
sS'tube...,90006\n498036693296218112,raaddbass,2014-08-09'
p853
I50
sS'direction...to'
p854
I50
sS'chords'
p855
I48
sS'this,90006\n506400446601113602,raaddbass,2014-09-01'
p856
I50
sS'wifi'
p857
I50
sS'fangirling'
p858
I50
sS'having'
p859
I50
sS'u'
p860
I13
sS'alright'
p861
I49
sS'ajsbdjdjakzndkmdvidm'
p862
I50
sS'all'
p863
I28
sS'forget'
p864
I50
sS'suns'
p865
I50
sS'lack'
p866
I50
sS'stop\xe2\x80\x9d'
p867
I50
sS'ptv'
p868
I50
sS'hmmm'
p869
I50
sS'asada'
p870
I49
sS'apartment'
p871
I50
sS'misses'
p872
I50
sS'to'
p873
I2
sS'program'
p874
I50
sS'dressing'
p875
I50
sS'smile'
p876
I49
sS'worse'
p877
I50
sS'song'
p878
I41
sS'far'
p879
I48
sS'10:14:59.0,34.0478808,-118.2809834,2098.10,lesbian'
p880
I50
sS'fav'
p881
I49
sS'me'
p882
I6
sS'worst'
p883
I47
sS'already.,90006\n495518115896119296,raaddbass,2014-08-02'
p884
I50
sS'fall'
p885
I48
sS'condition'
p886
I50
sS'heaven'
p887
I50
sS'ranting'
p888
I50
sS'mmmmmmmmmmmmmmmmmm'
p889
I50
sS'dinosaur'
p890
I50
sS'anai'
p891
I49
sS"i'll"
p892
I45
sS'streets'
p893
I50
sS'revlon'
p894
I50
sS'past'
p895
I50
sS'lightning-'
p896
I50
sS'ratm'
p897
I50
sS'what'
p898
I32
sS'sun'
p899
I50
sS'sum'
p900
I50
sS'crush'
p901
I50
sS'version'
p902
I50
sS'learned'
p903
I49
sS'plush'
p904
I50
sS'full'
p905
I50
sS"c'mon"
p906
I49
sS'solars'
p907
I50
sS'07:23:41.0,34.050858,-118.2823184,2098.10,i'
p908
I50
sS'arena'
p909
I49
sS'inspired'
p910
I50
sS'pick'
p911
I47
sS"would've"
p912
I50
sS'followed'
p913
I49
sS'family'
p914
I50
sS'gost'
p915
I49
sS'"let\'s'
p916
I50
sS'2.,90006\n495852684755218432,raaddbass,2014-08-03'
p917
I50
sS'put'
p918
I50
sS'you\xe2\x80\x99re'
p919
I50
sS'know-'
p920
I50
sS'rias'
p921
I50
sS'eye'
p922
I50
sS'takes'
p923
I50
sS'destination'
p924
I50
sS'texting'
p925
I50
sS'two'
p926
I47
sS'omgggg'
p927
I48
sS'fattys'
p928
I50
sS'6'
p929
I50
sS'more'
p930
I46
sS'knows'
p931
I50
sS'mira'
p932
I50
sS"ain't"
p933
I50
sS'basically'
p934
I49
sS'hurry'
p935
I50
sS'out.,90006\n495423635985670145,raaddbass,2014-08-02'
p936
I50
sS'sucks'
p937
I49
sS'4:00'
p938
I50
sS'learn'
p939
I48
sS'beautiful'
p940
I48
sS'wimp'
p941
I50
sS'embarrassing'
p942
I50
sS'scab'
p943
I50
sS'(sometimes)'
p944
I50
sS'states'
p945
I50
sS'wet'
p946
I50
sS'dress'
p947
I49
sS':):)'
p948
I50
sS'needs'
p949
I50
sS'dreads'
p950
I49
sS'rather'
p951
I49
sS'breaking'
p952
I50
sS'arianas'
p953
I50
sS'stayed'
p954
I50
sS'otaku'
p955
I50
sS'innnnnnnnnnn'
p956
I50
sS'penpal'
p957
I50
sS'goat'
p958
I50
sS'09:30:52.0,34.0478636,-118.2809231,2098.10,and'
p959
I50
sS'okay'
p960
I50
sS'tried'
p961
I50
sS'tries'
p962
I50
sS'pls,90006\n498038695313022977,raaddbass,2014-08-09'
p963
I50
sS'tacos'
p964
I46
sS'a'
p965
I4
sS'short'
p966
I48
sS'tweeting'
p967
I50
sS'volleyball'
p968
I50
sS'grande'
p969
I50
sS'dream'
p970
I49
sS'playing'
p971
I46
sS"that's"
p972
I44
sS'replied'
p973
I50
sS'chicks'
p974
I50
sS'mexican'
p975
I49
sS'help'
p976
I50
sS"don't"
p977
I23
sS'mr.brightside'
p978
I50
sS'5:30am'
p979
I50
sS'trade'
p980
I50
sS'attitude'
p981
I50
sS'through'
p982
I48
sS'hell'
p983
I50
sS'its'
p984
I49
sS'style'
p985
I50
sS'hendrix'
p986
I50
sS'20'
p987
I49
sS'pray'
p988
I50
sS'wrk'
p989
I50
sS'actually'
p990
I50
sS'sauce'
p991
I50
sS"haven't"
p992
I48
sS'fool'
p993
I50
sS'malina'
p994
I50
sS'good'
p995
I43
sS'10:32:39.0,34.0478808,-118.2809834,2098.10,i'
p996
I50
sS'yo'
p997
I48
sS'food'
p998
I50
sS'it"'
p999
I50
sS"you've"
p1000
I49
sS':c,90006\n508382740291387392,raaddbass,2014-09-06'
p1001
I50
sS'always'
p1002
I44
sS'found'
p1003
I49
sS"isn't"
p1004
I49
sS'everyone'
p1005
I45
sS'house'
p1006
I47
sS'hard'
p1007
I49
sS'idea'
p1008
I50
sS'brother'
p1009
I50
sS'todd'
p1010
I50
sS'blues'
p1011
I50
sS'really'
p1012
I47
sS'deals'
p1013
I50
sS'\xed\x86\xa0\xec\x9a\x9c'
p1014
I50
sS'since'
p1015
I47
sS'invo'
p1016
I50
sS'acting'
p1017
I49
sS'7'
p1018
I50
sS'guess'
p1019
I48
sS'reason'
p1020
I50
sS'ask'
p1021
I49
sS'asi'
p1022
I50
sS'beginning'
p1023
I50
sS'cookin'
p1024
I50
sS'thrown'
p1025
I50
sS',90006\n504887783841099776,raaddbass,2014-08-28'
p1026
I50
sS'terrible'
p1027
I49
sS'deje'
p1028
I50
sS'w'
p1029
I50
sS'dis'
p1030
I50
sS'assign'
p1031
I50
sS'feed'
p1032
I50
sS'student'
p1033
I50
sS'feel'
p1034
I39
sS'number'
p1035
I50
sS'fancy'
p1036
I50
sS'sisters'
p1037
I49
sS'tskune'
p1038
I50
sS'done'
p1039
I50
sS'angeles)'
p1040
I50
sS'miss'
p1041
I49
sS'whale'
p1042
I50
sS'18"'
p1043
I50
sS'story'
p1044
I50
sS'5th'
p1045
I50
sS'comfy'
p1046
I50
sS'182'
p1047
I50
sS'paint'
p1048
I50
sS'97%'
p1049
I50
sS'tatt'
p1050
I50
sS'omfggggg'
p1051
I50
sS'relationship'
p1052
I48
sS'park'
p1053
I49
sS"i'ma"
p1054
I50
sS'dentist'
p1055
I50
sS'part'
p1056
I50
sS'believe'
p1057
I49
sS'obama'
p1058
I50
sS'king'
p1059
I48
sS'kind'
p1060
I47
sS'yesica'
p1061
I50
sS'grey'
p1062
I50
sS'supposed'
p1063
I50
sS'dang'
p1064
I50
sS'listen'
p1065
I50
sS'couzzys'
p1066
I50
sS'picked'
p1067
I50
sS'phora'
p1068
I50
sS'caress'
p1069
I50
sS'lie'
p1070
I50
sS'dancing'
p1071
I50
sS'lil'
p1072
I49
sS'self'
p1073
I50
sS'majority'
p1074
I50
sS'obviously'
p1075
I49
sS'finding'
p1076
I49
sS'play'
p1077
I40
sS'towards'
p1078
I50
sS'quote'
p1079
I50
sS'reach'
p1080
I50
sS'[official'
p1081
I49
sS'most'
p1082
I49
sS'play,90006\n492982638076895232,raaddbass,2014-07-26'
p1083
I50
sS'nothing'
p1084
I50
sS'11:11'
p1085
I50
sS':(,90006\n506396533139316739,raaddbass,2014-09-01'
p1086
I50
sS'clear'
p1087
I50
sS'sometimes'
p1088
I49
sS'me????,90006\n495513106093592576,raaddbass,2014-08-02'
p1089
I50
sS'reflections'
p1090
I49
sS'10:20:56.0,34.0478636,-118.2809231,2098.10,i'
p1091
I50
sS'maruchan'
p1092
I49
sS'pomegranates'
p1093
I50
sS'ugh'
p1094
I49
sS'somewhat'
p1095
I50
sS'carne'
p1096
I49
sS'stfu'
p1097
I50
sS'10:16:47.0,34.0478636,-118.2809231,2098.10,but'
p1098
I50
sS'find'
p1099
I45
sS'lollllllll'
p1100
I50
sS'nervous'
p1101
I50
sS'pretty'
p1102
I44
sS"mom's"
p1103
I49
sS'you,90006\n495514180561010688,raaddbass,2014-08-02'
p1104
I50
sS'his'
p1105
I48
sS'hit'
p1106
I50
sS"they'd"
p1107
I50
sS'feels'
p1108
I50
sS'strum'
p1109
I50
sS'end.,90006\n498036983097458688,raaddbass,2014-08-09'
p1110
I50
sS'during'
p1111
I48
sS'him'
p1112
I49
sS'rft'
p1113
I50
sS'restaurante'
p1114
I50
sS'cry'
p1115
I49
sS'thots'
p1116
I50
sS'kiked'
p1117
I50
sS'wrote'
p1118
I50
sS'set'
p1119
I50
sS'art'
p1120
I50
sS'ser'
p1121
I50
sS'throwing'
p1122
I50
sS'sex'
p1123
I50
sS'see'
p1124
I43
sS'dumb'
p1125
I50
sS'are'
p1126
I35
sS'close'
p1127
I50
sS'11th'
p1128
I50
sS'constellation'
p1129
I50
sS'\xec\xa0\x80\xeb\x85\x81'
p1130
I50
sS'zephyr,90006\n495802487991840768,raaddbass,2014-08-03'
p1131
I50
sS'cosplay'
p1132
I50
sS'visiting'
p1133
I50
sS'pictures'
p1134
I50
sS'salsa123'
p1135
I50
sS'fans'
p1136
I50
sS'probably'
p1137
I47
sS'knowing'
p1138
I50
sS'solo'
p1139
I49
sS'missing'
p1140
I49
sS'pisses'
p1141
I50
sS'sold'
p1142
I50
sS'outfit'
p1143
I50
sS'succeed'
p1144
I50
sS'intimidates'
p1145
I50
sS'both'
p1146
I50
sS'c'
p1147
I47
sS'last'
p1148
I47
sS'restaurant'
p1149
I49
sS'became'
p1150
I50
sS'whole'
p1151
I48
sS'pups'
p1152
I50
sS'faggots'
p1153
I50
sS'\xe2\x98\xba'
p1154
I50
sS'simple'
p1155
I50
sS'sweet'
p1156
I50
sS'ms_ninismalls'
p1157
I50
sS'likes'
p1158
I48
sS'church'
p1159
I50
sS'23:02:48.0,34.0478808,-118.2809834,2098.10,so'
p1160
I50
sS'expensive'
p1161
I50
sS'there-'
p1162
I50
sS',90006\n498041520973692928,raaddbass,2014-08-09'
p1163
I50
sS'political'
p1164
I50
sS'06:29:08.0,34.0494305,-118.2810036,2098.10,i'
p1165
I50
sS'damn'
p1166
I43
sS'amnesia'
p1167
I50
sS'empty'
p1168
I50
sS'4'
p1169
I45
sS'gay'
p1170
I48
sS'fire'
p1171
I49
sS"what's"
p1172
I50
sS'crack'
p1173
I50
sS'else'
p1174
I49
sS'understand'
p1175
I47
sS'uehdjfrnfubdf'
p1176
I50
sS'weird/old'
p1177
I50
sS'look'
p1178
I44
sS'straight'
p1179
I50
sS'while'
p1180
I46
sS'homework'
p1181
I49
sS'pack'
p1182
I50
sS'<3'
p1183
I48
sS'05:23:07.0,34.0478808,-118.2809834,2098.10,crying'
p1184
I50
sS'cents'
p1185
I50
sS'08:49:00.0,34.0478808,-118.2809834,2098.10,i'
p1186
I50
sS'rip'
p1187
I50
sS'itself'
p1188
I50
sS'ready'
p1189
I49
sS'rid'
p1190
I50
sS'funny'
p1191
I49
sS'shirt'
p1192
I50
sS'anymore'
p1193
I47
sS'belong'
p1194
I50
sS'lolololollll'
p1195
I50
sS'9'
p1196
I49
sS'torta'
p1197
I50
sS'used'
p1198
I47
sS'moment'
p1199
I50
sS'walmart'
p1200
I49
sS',90006\n507045520452227072,raaddbass,2014-09-03'
p1201
I50
sS'yosuga'
p1202
I50
sS'older'
p1203
I49
sS'anybody'
p1204
I50
sS'edgy'
p1205
I50
sS'person'
p1206
I47
sS'y'
p1207
I42
sS'chemistry'
p1208
I49
sS'weakest'
p1209
I50
sS'i\xe2\x80\x99m'
p1210
I49
sS'mom'
p1211
I43
sS'buchanas'
p1212
I50
sS'letting'
p1213
I49
sS'cut'
p1214
I50
sS'also'
p1215
I47
sS'soooooo'
p1216
I50
sS'taurino'
p1217
I27
sS'excited'
p1218
I48
sS'big'
p1219
I50
sS'couple'
p1220
I48
sS"05:24:59.0,34.0478808,-118.2809834,2098.10,you've"
p1221
I50
sS'game'
p1222
I50
sS'nutella.,90006\n495516955244126208,raaddbass,2014-08-02'
p1223
I50
sS'd'
p1224
I46
sS'\xec\xaa\xbd\xeb\xb0\x94\xeb\xa6\xac\xeb\x8f\x84'
p1225
I50
sS'ok,90006\n498050199131279360,raaddbass,2014-08-09'
p1226
I50
sS'ignore'
p1227
I50
sS'wir'
p1228
I50
sS'06:00:47.0,34.0479804,-118.2809056,2098.10,i'
p1229
I50
sS'google'
p1230
I48
sS'parade'
p1231
I50
sS'fucking'
p1232
I39
sS'some'
p1233
I45
sS'back'
p1234
I46
sS'"we'
p1235
I50
sS'acquaintance'
p1236
I50
sS'though'
p1237
I44
sS'(2000)'
p1238
I50
sS'09:26:43.0,34.0478636,-118.2809231,2098.10,i'
p1239
I50
sS'prob'
p1240
I50
sS'laughing'
p1241
I50
sS'be'
p1242
I25
sS'eating'
p1243
I50
sS'bc'
p1244
I37
sS'remembered'
p1245
I50
sS'goooood'
p1246
I50
sS's/o'
p1247
I49
sS'cholo'
p1248
I50
sS'bs'
p1249
I50
sS'everyday'
p1250
I50
sS'by'
p1251
I45
sS"hair's"
p1252
I50
sS'anything'
p1253
I50
sS'misspent'
p1254
I50
sS'awwww'
p1255
I50
sS'beans'
p1256
I50
sS'idk'
p1257
I46
sS'wanna'
p1258
I47
sS'ppl'
p1259
I48
sS'seeing'
p1260
I50
sS'into'
p1261
I48
sS'nigga'
p1262
I47
sS'lebron'
p1263
I50
sS'\xe2\x80\x9ci'
p1264
I50
sS'sock'
p1265
I50
sS'live'
p1266
I47
sS'long'
p1267
I50
sS"we're"
p1268
I50
sS'u+'
p1269
I50
sS'bruh'
p1270
I50
sS'forward'
p1271
I50
sS'bored'
p1272
I49
sS'scared'
p1273
I50
sS'butters'
p1274
I50
sS'santeria'
p1275
I50
sS'boys'
p1276
I48
sS'link'
p1277
I50
sS'._'
p1278
I46
sS'hopes'
p1279
I50
sS'10:21:27.0,34.0479793,-118.2809056,2098.10,als'
p1280
I50
sS',90006\n495807613389393921,raaddbass,2014-08-03'
p1281
I50
sS'tumblr'
p1282
I50
sS'consist'
p1283
I50
sS'jsbsidbfif'
p1284
I50
sS'up'
p1285
I29
sS'us'
p1286
I49
sS'ur'
p1287
I45
sS'10:16:22.0,34.0478636,-118.2809231,2098.10,i'
p1288
I50
sS'similar'
p1289
I50
sS'individuality'
p1290
I50
sS'listening'
p1291
I50
sS'single'
p1292
I50
sS'09:22:55.0,34.0478636,-118.2809231,2098.10,they'
p1293
I50
sS'political+civic'
p1294
I50
sS'indocumentado'
p1295
I50
sS'%'
p1296
I50
sS'nap'
p1297
I50
sS'cee_flowers'
p1298
I50
sS'moca'
p1299
I50
sS'becomes'
p1300
I50
sS'nice'
p1301
I48
sS'"women'
p1302
I50
sS'papi'
p1303
I50
sS'problems'
p1304
I50
sS'yomi'
p1305
I50
sS'conjugar'
p1306
I50
sS'walked'
p1307
I49
sS'07:43:20.0,34.0479793,-118.2809056,2098.10,omg'
p1308
I50
sS"she's"
p1309
I44
sS'hello'
p1310
I50
sS'once'
p1311
I49
sS'jason'
p1312
I50
sS'advisory'
p1313
I49
sS'melts'
p1314
I50
sS'cynthia'
p1315
I50
sS'steve'
p1316
I50
sS'gf'
p1317
I47
sS'jimi'
p1318
I49
sS'go'
p1319
I32
sS'young'
p1320
I50
sS"10:16:59.0,34.0478636,-118.2809231,2098.10,i'm"
p1321
I50
sS'women'
p1322
I50
sS'friendly'
p1323
I50
sS'breathing'
p1324
I50
sS'00:17:06.0,34.0478808,-118.2809834,2098.10,i'
p1325
I50
sS'mainstream'
p1326
I50
sS'spoon'
p1327
I50
sS'telling'
p1328
I50
sS'continued'
p1329
I50
sS'entire'
p1330
I50
sS'1066'
p1331
I50
sS'try'
p1332
I45
sS'ride'
p1333
I50
sS'uncomfortable'
p1334
I50
sS'sayyyo'
p1335
I50
sS'otaku,90006\n498050248355635200,raaddbass,2014-08-09'
p1336
I50
sS'plays'
p1337
I50
sS'sweats'
p1338
I50
sS'seconds'
p1339
I49
sS'waiting'
p1340
I46
sS'expresses'
p1341
I50
sS'weird,90006\n498037961536339968,raaddbass,2014-08-09'
p1342
I50
sS'body'
p1343
I50
sS'n.n'
p1344
I50
sS'wtfffff'
p1345
I50
sS'lee'
p1346
I49
sS'punch'
p1347
I50
sS'let'
p1348
I39
sS'(2306'
p1349
I50
sS'others'
p1350
I48
sS'sing'
p1351
I49
sS'\xec\x84\xb9\xec\x8b\x9c\xed\x95\xb4\xec\x9a\x94'
p1352
I50
sS'great'
p1353
I49
sS'talent'
p1354
I50
sS'skool'
p1355
I50
sS'shipley'
p1356
I50
sS'shades'
p1357
I50
sS'later'
p1358
I50
sS',90006\n504485560782577664,raaddbass,2014-08-27'
p1359
I50
sS'makes'
p1360
I44
sS'thats'
p1361
I50
sS'named'
p1362
I50
sS'apple'
p1363
I50
sS'melina'
p1364
I50
sS'win'
p1365
I50
sS'wit'
p1366
I50
sS'hrs'
p1367
I49
sS'singing'
p1368
I50
sS'from'
p1369
I41
sS'&'
p1370
I45
sS'next'
p1371
I49
sS'few'
p1372
I50
sS'doubt'
p1373
I50
sS'themselves'
p1374
I50
sS'sort'
p1375
I49
sS'1/2'
p1376
I49
sS'started'
p1377
I48
sS'photobombed'
p1378
I50
sS'\xec\x9e\x85\xeb\x8b\x88\xeb\x8b\xa4'
p1379
I50
sS'sore'
p1380
I50
sS'sora'
p1381
I50
sS'ashamed'
p1382
I50
sS'hurts....,90006\n495516294909677569,raaddbass,2014-08-02'
p1383
I50
sS'baby'
p1384
I47
sS'me,90006\n495513082118934528,raaddbass,2014-08-02'
p1385
I50
sS'had'
p1386
I48
sS'balls'
p1387
I50
sS'venegas'
p1388
I50
sS'f'
p1389
I49
sS'this'
p1390
I22
sS'meed'
p1391
I50
sS'challenge'
p1392
I48
sS'meet'
p1393
I50
sS'lollollol'
p1394
I50
sS'unread'
p1395
I49
sS'patrol'
p1396
I50
sS'10:28:26.0,34.0478808,-118.2809834,2098.10,my'
p1397
I50
sS'high'
p1398
I50
sS'something'
p1399
I47
sS'lame'
p1400
I49
sS'six'
p1401
I50
sS'seeds'
p1402
I50
sS'yayyyyy'
p1403
I50
sS'21:57:57.0,34.0478607,-118.2809334,2098.10,but'
p1404
I50
sS'instead'
p1405
I49
sS'profile'
p1406
I50
sS'wowcup'
p1407
I48
sS'uhhh'
p1408
I50
sS'watch'
p1409
I41
sS'katttttt'
p1410
I50
sS'notebook'
p1411
I49
sS'men'
p1412
I50
sS'taco'
p1413
I45
sS'cuddling'
p1414
I50
sS'(:,90006\n508864594152939520,raaddbass,2014-09-08'
p1415
I50
sS'chasing'
p1416
I49
sS'light'
p1417
I49
sS'lines'
p1418
I49
sS'primera'
p1419
I50
sS'10:21:15.0,34.0478636,-118.2809231,2098.10,those'
p1420
I50
sS'11:05:04.0,34.0479793,-118.2809056,2098.10,besso'
p1421
I50
sS'boxing'
p1422
I50
sS'move'
p1423
I50
sS'uhaul'
p1424
I50
sS"won't"
p1425
I49
sS'looks'
p1426
I48
sS'write'
p1427
I49
sS'la'
p1428
I45
sS'[pic]'
p1429
I50
sS'anyway?"'
p1430
I50
sS'redhead'
p1431
I50
sS'2014'
p1432
I50
sS'criminal'
p1433
I50
sS'dad'
p1434
I49
sS'nokia'
p1435
I50
sS'dat'
p1436
I50
sS'kiss'
p1437
I50
sS'hands'
p1438
I50
sS'day'
p1439
I41
sS'{lunch'
p1440
I50
sS'please?,90006\n506396387693441024,raaddbass,2014-09-01'
p1441
I50
sS'truth'
p1442
I50
sS':c,90006\n495362618953981952,raaddbass,2014-08-02'
p1443
I50
sS'asaliaxd'
p1444
I50
sS'doing'
p1445
I48
sS'books'
p1446
I48
sS'\xe2\x9e\xb0\xe2\x9e\xb0'
p1447
I50
sS'our'
p1448
I50
sS'mshcnxkcndisbfkmdkamckcndd'
p1449
I50
sS'sexual'
p1450
I50
sS'special'
p1451
I50
sS'out'
p1452
I36
sS'secretly'
p1453
I50
sS'again,90006\n506346602345156608,raaddbass,2014-09-01'
p1454
I50
sS'bad'
p1455
I49
sS'no,90006\n495517526806114304,raaddbass,2014-08-02'
p1456
I50
sS'memes'
p1457
I50
sS'cause'
p1458
I47
sS'red'
p1459
I49
sS'shut'
p1460
I50
sS'please'
p1461
I48
sS'que'
p1462
I49
sS'5:20am'
p1463
I50
sS'chilli'
p1464
I50
sS'could'
p1465
I50
sS'keep'
p1466
I50
sS'conversation'
p1467
I50
sS'transfer'
p1468
I50
sS'kaibutsu-kun'
p1469
I50
sS'there'
p1470
I46
sS'scene'
p1471
I50
sS'bitch'
p1472
I48
sS'lagging'
p1473
I50
sS'noticed'
p1474
I50
sS'hehe'
p1475
I50
sS"doesn't"
p1476
I44
sS'los'
p1477
I48
sS'festival'
p1478
I50
sS'their'
p1479
I44
sS'attack'
p1480
I50
sS'enough-'
p1481
I50
sS'ankle'
p1482
I50
sS'nahhhhh'
p1483
I50
sS'academy'
p1484
I50
sS'explanation'
p1485
I50
sS'exactly'
p1486
I50
sS'grandpa'
p1487
I50
sS'neck'
p1488
I50
sS'loved'
p1489
I50
sS'boring'
p1490
I50
sS'bed'
p1491
I50
sS'bew'
p1492
I50
sS'bet'
p1493
I48
sS'function'
p1494
I50
sS'carrots'
p1495
I50
sS'comfortable'
p1496
I49
sS'tonight'
p1497
I50
sS'have'
p1498
I21
sS'need'
p1499
I36
sS'p.e'
p1500
I50
sS'clearly'
p1501
I50
sS'afraid'
p1502
I50
sS'congrats'
p1503
I50
sS'able'
p1504
I49
sS'waffles'
p1505
I50
sS'which'
p1506
I50
sS'unless'
p1507
I50
sS'^^'
p1508
I50
sS"where'd"
p1509
I50
sS'who'
p1510
I37
sS'connected'
p1511
I50
sS'10:37:13.0,34.0479793,-118.2809056,2098.10,do'
p1512
I50
sS'07:26:07.0,34.0478808,-118.2809834,2098.10,shit'
p1513
I50
sS'rat.........,90006\n498571950814269440,raaddbass,2014-08-10'
p1514
I50
sS'why'
p1515
I40
sS'reminds'
p1516
I50
sS'05:01:25.0,34.0478808,-118.2809834,2098.10,going'
p1517
I50
sS'face'
p1518
I49
sS'pipe'
p1519
I50
sS"you'll"
p1520
I49
sS'movie'
p1521
I50
sS'brew'
p1522
I50
sS'rosie-'
p1523
I50
sS'asalia'
p1524
I50
sS'impression'
p1525
I50
sS'text'
p1526
I48
sS'assholes'
p1527
I50
sS'bring'
p1528
I50
sS'planning'
p1529
I50
sS'envy'
p1530
I50
sS'ear'
p1531
I49
sS'earned'
p1532
I50
sS'('
p1533
I42
sS'pickup'
p1534
I50
sS'should'
p1535
I44
sS"there's"
p1536
I50
sS'iheart'
p1537
I50
sS'hope'
p1538
I44
sS'meant'
p1539
I50
sS'means'
p1540
I48
sS'photography'
p1541
I49
sS'lucky'
p1542
I50
sS'tbh'
p1543
I50
sS'perfection'
p1544
I50
sS'words'
p1545
I49
sS'chips'
p1546
I50
sS'qt'
p1547
I50
sS'do,90006\n498589093823930368,raaddbass,2014-08-10'
p1548
I50
sS'married'
p1549
I50
sS'calling'
p1550
I50
sS'stuff'
p1551
I48
sS'she'
p1552
I35
sS'including'
p1553
I50
sS'\xe3\x85\x8b\xe3\x85\x8b\xe3\x85\x8b\xe3\x85\x8b\xe3\x85\x8b\xe3\x85\x8b'
p1554
I50
sS'btw'
p1555
I49
sS'ikr'
p1556
I50
sS'\xeb\x90\x98\xec\x84\xb8\xec\x9a\x94'
p1557
I50
sS'state'
p1558
I48
sS'homeeee'
p1559
I50
sS'email'
p1560
I50
sS'bought'
p1561
I48
sS'ends'
p1562
I50
sS'manuel'
p1563
I50
sS'job'
p1564
I50
sS'staring'
p1565
I50
sS'taking'
p1566
I50
sS'minds'
p1567
I50
sS'cd'
p1568
I50
sS'"whyyyy'
p1569
I50
sS'laugh'
p1570
I48
sS'blink'
p1571
I50
sS'yay'
p1572
I48
sS"it's"
p1573
I19
sS'yas'
p1574
I50
sS'bby'
p1575
I44
sS'lipsticks'
p1576
I50
sS'10:27:45.0,34.0478808,-118.2809834,2098.10,and'
p1577
I50
sS'shoulders'
p1578
I50
sS'senses'
p1579
I50
sS'quiero'
p1580
I50
sS'togetheru'
p1581
I50
sS'picture\xe2\x80\x9d-me'
p1582
I50
sS'finished'
p1583
I50
sS'-.-'
p1584
I50
sS'10:16:35.0,34.0478636,-118.2809231,2098.10,i'
p1585
I50
sS'05:45:21.0,34.0478808,-118.2809834,2098.10,i'
p1586
I50
sS'smoking'
p1587
I50
sS'an'
p1588
I43
sS'present'
p1589
I50
sS',90006\n506435364047712257,raaddbass,2014-09-01'
p1590
I50
sS'will'
p1591
I46
sS'frustrating'
p1592
I50
sS'almost'
p1593
I46
sS'05:27:14.0,34.0478631,-118.2809246,2098.10,fly'
p1594
I50
sS'lonely'
p1595
I50
sS'10:39:54.0,34.0508533,-118.2823195,2098.10,i'
p1596
I50
sS'sits'
p1597
I50
sS')'
p1598
I50
sS'party'
p1599
I50
sS'gets'
p1600
I49
sS'gamer'
p1601
I50
sS'11:02:38.0,34.0479793,-118.2809056,2098.10,just'
p1602
I50
sS'1-3'
p1603
I50
sS'drink'
p1604
I49
sS'fucken'
p1605
I50
sS'sopa'
p1606
I50
sS'takers'
p1607
I50
sS'fucked'
p1608
I50
sS'\xec\x9a\x94\xea\xb8\xb4'
p1609
I50
sS'l.a'
p1610
I50
sS'lobby'
p1611
I50
sS'mosaic'
p1612
I50
sS'off'
p1613
I44
sS'b)'
p1614
I50
sS'i'
p1615
I1
sS'wokeme'
p1616
I50
sS'well'
p1617
I47
sS'usual'
p1618
I50
sS'cried'
p1619
I50
sS'das'
p1620
I50
sS'fall.,90006\n495518020270186496,raaddbass,2014-08-02'
p1621
I50
sS'partyrt'
p1622
I50
sS'10:27:15.0,34.0478631,-118.2809246,2098.10,just'
p1623
I50
sS'other'
p1624
I48
sS'09:09:23.0,34.0479805,-118.2809082,2098.10,still'
p1625
I50
sS'kick'
p1626
I50
sS'piel'
p1627
I50
sS'know'
p1628
I34
sS'nvm'
p1629
I49
sS'"because"'
p1630
I50
sS'mhm'
p1631
I50
sS'like'
p1632
I8
sS'lost'
p1633
I50
sS'ring'
p1634
I50
sS'gahhhh'
p1635
I50
sS'penpals'
p1636
I50
sS'lose'
p1637
I50
sS'fuckkk'
p1638
I50
sS'because'
p1639
I44
sS'lazarte'
p1640
I50
sS'twitter'
p1641
I49
sS'hair'
p1642
I48
sS'one,90006\n506390311006781440,raaddbass,2014-09-01'
p1643
I50
sS'home'
p1644
I49
sS'does'
p1645
I48
sS'wendy'
p1646
I50
sS'eso'
p1647
I50
sS'\xec\x82\xac\xeb\x9e\x8c\xec\x9d\xb4'
p1648
I50
sS'loans'
p1649
I50
sS'stage'
p1650
I50
sS'about'
p1651
I39
sS'actual'
p1652
I48
sS'puts'
p1653
I50
sS'\xec\x9d\xbc\xec\x9a\x9c'
p1654
I50
sS'getting'
p1655
I48
sS'angeles'
p1656
I43
sS'swear'
p1657
I40
sS'iwas'
p1658
I50
sS'abuelita'
p1659
I50
sS'chulo'
p1660
I50
sS'lifeeeee'
p1661
I50
sS'own'
p1662
I50
sS'primaj'
p1663
I50
sS'female'
p1664
I49
sS'iseem'
p1665
I50
sS'album.,90006\n492780427321417728,raaddbass,2014-07-25'
p1666
I50
sS'waco'
p1667
I50
sS'rushed'
p1668
I50
sS'friends'
p1669
I44
sS'appt'
p1670
I50
sS'kidding'
p1671
I50
sS'explico'
p1672
I50
sS'kooks'
p1673
I49
sS'tunning'
p1674
I50
sS'buy'
p1675
I47
sS"i've"
p1676
I44
sS'bus'
p1677
I48
sS'coke'
p1678
I49
sS'hw'
p1679
I48
sS'but'
p1680
I20
sS'10:38:46.0,34.0508543,-118.2823219,2098.10,after'
p1681
I50
sS'hk'
p1682
I50
sS'hi'
p1683
I49
sS'goals'
p1684
I50
sS'bookshelf'
p1685
I50
sS'ha'
p1686
I49
sS'eat'
p1687
I50
sS'he'
p1688
I43
sS'made'
p1689
I46
sS'play/sing'
p1690
I50
sS'convince'
p1691
I50
sS'limit'
p1692
I50
sS'woke'
p1693
I50
sS'cake'
p1694
I50
sS'piece'
p1695
I50
sS'minutes'
p1696
I49
sS'them\xe2\x80\x9d'
p1697
I50
sS'pie'
p1698
I49
sS'pig'
p1699
I50
sS'twist'
p1700
I49
sS'sibling'
p1701
I50
sS'time,90006\n506397322444820481,raaddbass,2014-09-01'
p1702
I50
sS'campus'
p1703
I50
sS'salsaaaaaaaaaa'
p1704
I50
sS'dressed'
p1705
I50
sS'book'
p1706
I50
sS'06:50:47.0,34.0478631,-118.2809246,2098.10,if'
p1707
I50
sS'repeat'
p1708
I50
sS'monday'
p1709
I50
sS'stay'
p1710
I49
sS'kinda'
p1711
I50
sS'\xec\x95\x84\xed\x95\xab!\xeb\xb0\x98\xea\xb0\x91\xec\x8a\x98\xeb\xaf\xb8\xeb\x8b\xa4~\xe3\x85\x8b\xe3\x85\x8b'
p1712
I50
sS'ghost'
p1713
I49
sS'preggo'
p1714
I50
sS'amanda'
p1715
I50
sS'awake'
p1716
I50
sS'10:19:21.0,34.0478808,-118.2809834,2098.10,i'
p1717
I50
s.