(dp0
S''
p1
I1
sS'raining'
p2
I43
sS'myun'
p3
I43
sS'15:32:15.0,34.06174668,-118.30925559,2117.04,aaaand'
p4
I43
sS'four'
p5
I43
sS'sleep'
p6
I43
sS'asian'
p7
I40
sS'perverted'
p8
I43
sS'hanging'
p9
I43
sS'hate'
p10
I41
sS'halfbaked_'
p11
I43
sS"crepe'n"
p12
I43
sS'paris'
p13
I40
sS'bike'
p14
I43
sS'birdcage'
p15
I43
sS"pillow's"
p16
I43
sS'immature'
p17
I43
sS'14-year'
p18
I43
sS'worth'
p19
I43
sS'nudes"'
p20
I43
sS'every'
p21
I42
sS'boongho'
p22
I43
sS'screaming'
p23
I43
sS'school'
p24
I40
sS'it.,90020\n199004897847427072,inspectorgadget,2012-05-06'
p25
I43
sS'favorite.,90010\n483467463426732032,jimjarmuschhair,2014-06-30'
p26
I43
sS'wednesday'
p27
I43
sS'castiel'
p28
I43
sS"yesterday's"
p29
I43
sS'ups'
p30
I43
sS'upp'
p31
I43
sS'force'
p32
I43
sS'tired'
p33
I43
sS'convo'
p34
I43
sS'you!,90020\n483426813339639809,jimjarmuschhair,2014-06-30'
p35
I43
sS'bacon'
p36
I43
sS'japanese'
p37
I43
sS'chef'
p38
I43
sS'second'
p39
I41
sS'chea'
p40
I43
sS'emptiness'
p41
I43
sS'others)'
p42
I39
sS'trashy'
p43
I43
sS'even'
p44
I38
sS'+'
p45
I42
sS"07:38:42.0,34.06410813,-118.30916069,2117.04,i'm"
p46
I43
sS'lights'
p47
I42
sS'new'
p48
I36
sS'ever'
p49
I39
sS'fcuk'
p50
I43
sS'told'
p51
I39
sS"carl's"
p52
I43
sS'never'
p53
I38
sS'(los'
p54
I25
sS'\xe2\x9d\xa4\xef\xb8\x8f'
p55
I42
sS'studio'
p56
I41
sS"aren't"
p57
I43
sS'celebration'
p58
I43
sS'dry'
p59
I43
sS'kids'
p60
I43
sS'employees'
p61
I43
sS'cry?""ya'
p62
I43
sS'walkin'
p63
I43
sS"i'd"
p64
I43
sS'peezza'
p65
I43
sS"i'm"
p66
I15
sS'eyebrows'
p67
I43
sS'fellas'
p68
I43
sS'county'
p69
I43
sS'hahahahaa'
p70
I43
sS'\xeb\xa8\xb9\xec\x96\xb4\xec\x95\xbc\xed\x95\xb4'
p71
I43
sS'scarier'
p72
I43
sS'01:32:20.0,34.06299485,-118.30987594,2117.04,this'
p73
I43
sS'would'
p74
I43
sS'heat,\n202625205120671745,jbbrookman,2012-05-16'
p75
I43
sS"world's"
p76
I43
sS'cali'
p77
I42
sS'music'
p78
I41
sS'\xec\x95\x84\xed\x8c\x8c'
p79
I43
sS'tell'
p80
I41
sS'breathe'
p81
I43
sS'01:35:02.0,34.0628415,-118.30927,2117.04,\xeb\x98\xa5'
p82
I43
sS'02:01:05.0,34.06298516,-118.30991984,2117.04,girlfriends'
p83
I43
sS'brings'
p84
I43
sS'haha'
p85
I38
sS'melba'
p86
I43
sS'phone'
p87
I41
sS'adult'
p88
I43
sS"20:24:39.0,34.0617,-118.3092,2117.04,i'm"
p89
I43
sS'sorry'
p90
I43
sS'must'
p91
I42
sS'shoot'
p92
I43
sS'join'
p93
I43
sS'work'
p94
I39
sS'movies'
p95
I43
sS'invited...\xe2\x80\xa6'
p96
I43
sS'mr'
p97
I22
sS'my'
p98
I6
sS'shook'
p99
I43
sS'did!,90020\n483433344948908032,jimjarmuschhair,2014-06-30'
p100
I43
sS':d,\n498673309026758657,jose_mtz,2014-08-11'
p101
I43
sS'00:19:17.0,34.0641287,-118.3091302,2117.04,even'
p102
I43
sS'give'
p103
I42
sS'laughs'
p104
I43
sS'currency'
p105
I43
sS'want'
p106
I39
sS'keep'
p107
I40
sS'ceremony'
p108
I43
sS'iggy'
p109
I42
sS'turn'
p110
I42
sS'colonic'
p111
I43
sS'20:55:00.0,34.06436074,-118.31302974,2117.04,\xe2\x88\x82e\xc6\x92'
p112
I43
sS'kaju'
p113
I43
sS'how'
p114
I33
sS'hot'
p115
I43
sS'significance'
p116
I43
sS'interview'
p117
I43
sS"doesn't"
p118
I43
sS'pizza'
p119
I38
sS'\xeb\xb9\x9b\xeb\x82\x98\xeb\x8a\x94'
p120
I43
sS'funny'
p121
I41
sS'bday'
p122
I43
sS'ladder'
p123
I43
sS'after'
p124
I35
sS'lay'
p125
I43
sS'06:41:10.0,34.06311374,-118.31039949,2117.04,lego'
p126
I43
sS'chillen'
p127
I43
sS'appreciate'
p128
I43
sS'need..,\n447963131357061120,dmeetri,2014-03-24'
p129
I43
sS'cigarettes'
p130
I43
sS'green'
p131
I43
sS'keeps'
p132
I43
sS'order'
p133
I43
sS'wine'
p134
I43
sS'school)'
p135
I43
sS'20:13:50.0,34.06171317,-118.31378259,2117.04,i'
p136
I43
sS'office'
p137
I43
sS'wut'
p138
I43
sS'over'
p139
I39
sS'japan'
p140
I39
sS'sooorry'
p141
I43
sS'mayor'
p142
I42
sS'before'
p143
I39
sS'fit'
p144
I43
sS'hypocrisy'
p145
I43
sS'expectations'
p146
I43
sS'better'
p147
I40
sS'weeks'
p148
I43
sS'then'
p149
I38
sS'coffee'
p150
I21
sS'thrones'
p151
I42
sS'thee'
p152
I43
sS'safe'
p153
I43
sS'<3,90010\n330414445014704129,defsound,2013-05-03'
p154
I43
sS'awesomeeeeee,90005\n355858819047362560,gracepark115,2013-07-13'
p155
I43
sS'they'
p156
I34
sS'jesus'
p157
I43
sS'bank'
p158
I43
sS'alex'
p159
I43
sS'meat'
p160
I41
sS'each'
p161
I42
sS'went'
p162
I39
sS'meal'
p163
I43
sS'mean'
p164
I43
sS'snakes'
p165
I43
sS'world.,90010\n483428778438189056,jimjarmuschhair,2014-06-30'
p166
I43
sS'bowls'
p167
I43
sS'waffle'
p168
I43
sS'forgot'
p169
I43
sS'saturday'
p170
I42
sS'rt'
p171
I41
sS'gon'
p172
I43
sS'driving'
p173
I42
sS'god'
p174
I41
sS'02:54:07.0,34.06241908,-118.30968618,2117.04,fred'
p175
I43
sS're'
p176
I43
sS'daniel'
p177
I42
sS'ihop'
p178
I43
sS'got'
p179
I32
sS'size'
p180
I43
sS'forth'
p181
I43
sS"you're"
p182
I39
sS'free'
p183
I43
sS'02:06:10.0,34.06311427,-118.31002631,2117.04,happy'
p184
I43
sS'grapes'
p185
I43
sS'wanted'
p186
I43
sS'baseman'
p187
I43
sS'you....but'
p188
I43
sS'atl'
p189
I43
sS'hyperbolic'
p190
I43
sS'days'
p191
I43
sS'where'
p192
I38
sS'kudos.,90010\n480398677517668352,drfoodmanchew,2014-06-21'
p193
I43
sS'regress'
p194
I43
sS'arrived'
p195
I43
sS'(at'
p196
I39
sS'already'
p197
I41
sS'grade'
p198
I42
sS'jeanalovelee'
p199
I43
sS'hook'
p200
I43
sS'spinning'
p201
I43
sS'another'
p202
I40
sS'ballin'
p203
I43
sS'hood'
p204
I43
sS'service'
p205
I43
sS'top'
p206
I43
sS'\xeb\xa7\x88\xeb\xa0\xa4,\n476899783768936449,jihayong_,2014-06-12'
p207
I43
sS'girls'
p208
I40
sS'needed'
p209
I43
sS'jamba'
p210
I42
sS'meester'
p211
I43
sS'too'
p212
I36
sS'hollywood'
p213
I40
sS'john'
p214
I43
sS'dogs'
p215
I43
sS'listen'
p216
I42
sS'urban'
p217
I42
sS'hangout'
p218
I43
sS'gym'
p219
I41
sS'04:35:07.0,34.06172957,-118.30911667,2117.04,all'
p220
I43
sS'western'
p221
I42
sS'\xd9\x87\xd8\xb0\xd8\xa7'
p222
I43
sS'nail'
p223
I43
sS'erickson'
p224
I43
sS'showed'
p225
I43
sS'beausef'
p226
I43
sS'croissant\xe2\x80\xa6'
p227
I43
sS'feeling'
p228
I41
sS'rad'
p229
I43
sS'sees'
p230
I43
sS'palace'
p231
I41
sS'stomping'
p232
I43
sS'mind'
p233
I42
sS'mine'
p234
I42
sS'talking'
p235
I43
sS'seen'
p236
I42
sS'ray'
p237
I43
sS'katillion'
p238
I43
sS'-'
p239
I39
sS'niece'
p240
I43
sS'who,90010\n502635941887213570,theegreekgod,2014-08-22'
p241
I43
sS'blue'
p242
I43
sS'\xec\x9b\xa8\xec\x8a\xa4\xed\x84\xb4'
p243
I43
sS'though'
p244
I41
sS'cinematic'
p245
I43
sS'audition'
p246
I43
sS'regular'
p247
I43
sS"wildhoneystudio's"
p248
I43
sS'03:05:40.0,34.06386209,-118.31053972,2117.04,spotify'
p249
I43
sS'm'
p250
I43
sS'force*'
p251
I43
sS'points'
p252
I43
sS'aunt'
p253
I43
sS'sun'
p254
I43
sS'came'
p255
I42
sS'saying'
p256
I43
sS'bomb'
p257
I43
sS'twerkettes'
p258
I43
sS'random'
p259
I43
sS'anniversary'
p260
I43
sS'stepping'
p261
I43
sS'master!!!,90020\n253724474690650112,ghostthemc,2012-10-04'
p262
I43
sS'sunsets'
p263
I43
sS'louise'
p264
I43
sS'menu'
p265
I43
sS'explain'
p266
I43
sS'theme'
p267
I43
sS'bliss'
p268
I43
sS'screening'
p269
I42
sS'rice'
p270
I43
sS'lacma'
p271
I42
sS'(seolguk-yeolcha)'
p272
I42
sS'do'
p273
I31
sS'dm'
p274
I43
sS'\xeb\xb0\xb0\xea\xb3\xa0\xed\x8c\x8c...,\n476900452739465216,jihayong_,2014-06-12'
p275
I43
sS'whaa'
p276
I43
sS'stop'
p277
I42
sS'coast'
p278
I43
sS'grubin'
p279
I43
sS'vemos'
p280
I43
sS'bad'
p281
I35
sS"23:36:52.0,34.06241908,-118.30968618,2117.04,i'm"
p282
I43
sS'steak'
p283
I43
sS'gastropub)'
p284
I42
sS'w/'
p285
I32
sS',\n467069013722685443,kennyflorian,2014-05-15'
p286
I43
sS'testing'
p287
I43
sS'nun'
p288
I43
sS'fail'
p289
I43
sS"lonergan's"
p290
I43
sS',90010\n502636942874664960,theegreekgod,2014-08-22'
p291
I43
sS'best'
p292
I42
sS'said'
p293
I40
sS'lots'
p294
I42
sS'away'
p295
I43
sS'shaved'
p296
I43
sS"there's"
p297
I41
sS'we'
p298
I31
sS'men'
p299
I43
sS'organizedtourist\xe2\x80\xa6'
p300
I43
sS'(\xe0\xb9\x91\xe2\x95\xb9\xcf\x89\xe2\x95\xb9\xe0\xb9\x91)\xef\xbc\x81'
p301
I43
sS'kimbap'
p302
I42
sS'here'
p303
I37
sS'extent'
p304
I43
sS'tyrion'
p305
I43
sS'faced'
p306
I43
sS'brat'
p307
I43
sS'country'
p308
I41
sS'ill'
p309
I43
sS'adventures'
p310
I43
sS'02:42:05.0,34.06336785,-118.30996516,2117.04,i'
p311
I43
sS'asked'
p312
I42
sS'con'
p313
I43
sS'pre'
p314
I43
sS'10:30pm'
p315
I43
sS'-__-'
p316
I43
sS'tons'
p317
I43
sS'n\xc3\xa3o'
p318
I43
sS'trust'
p319
I43
sS'bathroom'
p320
I43
sS'strong'
p321
I41
sS'beef'
p322
I43
sS'fro'
p323
I43
sS'three'
p324
I43
sS'been'
p325
I33
sS'beer'
p326
I42
sS'much'
p327
I37
sS'madang'
p328
I43
sS'lovely'
p329
I42
sS'threw'
p330
I42
sS'website'
p331
I43
sS'life'
p332
I36
sS'mushroom'
p333
I43
sS'kudos'
p334
I43
sS'child'
p335
I42
sS'catch'
p336
I43
sS'worked'
p337
I43
sS'sad'
p338
I43
sS'has'
p339
I38
sS'n'
p340
I41
sS'margaret.,90010\n483461855877144577,jimjarmuschhair,2014-06-30'
p341
I43
sS'near'
p342
I43
sS'cracked'
p343
I43
sS"20:40:09.0,34.06296045,-118.3095535,2117.04,i'm"
p344
I43
sS'chilling'
p345
I43
sS'01:25:01.0,34.0628513,-118.309296,2117.04,just'
p346
I43
sS'ip'
p347
I40
sS'is'
p348
I12
sS'it'
p349
I14
sS'ii'
p350
I42
sS'player'
p351
I43
sS'im'
p352
I40
sS'experience'
p353
I43
sS'in'
p354
I8
sS'squats'
p355
I43
sS'doorman'
p356
I43
sS'if'
p357
I35
sS'hong'
p358
I40
sS'bottles'
p359
I43
sS"mario's"
p360
I43
sS'things'
p361
I38
sS'make'
p362
I33
sS'babies'
p363
I43
sS'hahaa'
p364
I43
sS'couple'
p365
I43
sS'mentor'
p366
I43
sS'meets'
p367
I43
sS'ily2'
p368
I43
sS'koreatown'
p369
I42
sS'hang'
p370
I43
sS'rain'
p371
I43
sS'02:02:10.0,34.06351329,-118.30985597,2117.04,snowpiercer'
p372
I43
sS'thoughts'
p373
I43
sS'kept'
p374
I43
sS'aladdin'
p375
I43
sS'congrats'
p376
I43
sS'tho'
p377
I43
sS'client'
p378
I43
sS'greatest'
p379
I43
sS'mother'
p380
I42
sS'hearts'
p381
I43
sS'the'
p382
I3
sS'left'
p383
I42
sS'just'
p384
I18
sS'photo'
p385
I39
sS'unfollow'
p386
I43
sS'livin'
p387
I43
sS'thanks'
p388
I42
sS'yes'
p389
I40
sS'bit'
p390
I43
sS'\xe3\x81\x8c\xe3\x81\x82\xe3\x81\xa3\xe3\x81\xa6performance\xe3\x81\x97\xe3\x81\xa6\xe3\x82\x8b\xe3\x83\xbc'
p391
I43
sS'waja3333'
p392
I43
sS'had'
p393
I35
sS"ma'am"
p394
I43
sS'save'
p395
I43
sS'gave'
p396
I42
sS'looks'
p397
I43
sS'possible'
p398
I43
sS'la...trying'
p399
I43
sS'fusion'
p400
I43
sS'background'
p401
I43
sS'rns'
p402
I43
sS'unique'
p403
I43
sS'\xec\xa1\xb8\xeb\xa0\xa4'
p404
I43
sS'dreams'
p405
I43
sS'bro'
p406
I43
sS'04:09:32.0,34.06176836,-118.31320115,2117.04,love'
p407
I43
sS'gifted'
p408
I43
sS'night'
p409
I36
sS'right'
p410
I36
sS'old'
p411
I38
sS'deal'
p412
I43
sS'people'
p413
I35
sS'dead'
p414
I43
sS'kbbq'
p415
I41
sS'dear'
p416
I43
sS'finna'
p417
I43
sS'for'
p418
I17
sS'purple'
p419
I42
sS'20:31:47.0,34.06344,-118.30992,2117.04,so'
p420
I43
sS'myung'
p421
I43
sS'/'
p422
I43
sS'everything'
p423
I42
sS'04:42:11.0,34.06351549,-118.30977743,2117.04,never'
p424
I43
sS'booking'
p425
I43
sS'nikkim7'
p426
I43
sS'stefan'
p427
I43
sS'disappeared'
p428
I43
sS'phew'
p429
I43
sS'post'
p430
I40
sS'super'
p431
I40
sS'months'
p432
I43
sS'o'
p433
I32
sS'dinner'
p434
I38
sS'sunshines'
p435
I43
sS'curry'
p436
I42
sS'consulting'
p437
I43
sS'aha'
p438
I43
sS'selfie'
p439
I43
sS'ppl'
p440
I43
sS'down'
p441
I38
sS'shoots'
p442
I43
sS'often'
p443
I43
sS'are.,90020\n446474385998618624,dmeetri,2014-03-20'
p444
I43
sS'crowd'
p445
I43
sS'fight'
p446
I43
sS'stuck'
p447
I43
sS'waz'
p448
I43
sS'way'
p449
I38
sS'goddamn'
p450
I43
sS'"poseidon'
p451
I43
sS'happy'
p452
I37
sS'head'
p453
I38
sS'medium'
p454
I43
sS'offer'
p455
I43
sS'failure'
p456
I43
sS'uncle'
p457
I41
sS'acai'
p458
I43
sS'true'
p459
I42
sS'soju'
p460
I43
sS'02:14:25.0,34.06414908,-118.30952927,2117.04,i'
p461
I43
sS'daddy'
p462
I43
sS'nerds'
p463
I43
sS'pizza)'
p464
I43
sS'phil'
p465
I43
sS'food)'
p466
I43
sS'minaj'
p467
I43
sS'covers'
p468
I43
sS'shitbag'
p469
I43
sS'(sorry'
p470
I43
sS'wifie"'
p471
I43
sS'check'
p472
I41
sS'shit'
p473
I41
sS'baguette'
p474
I40
sS'04:37:27.0,34.06496061,-118.30953573,2117.04,1'
p475
I43
sS'dying'
p476
I43
sS'no'
p477
I39
sS'garlic,90005\n453176501626601473,jose_mtz,2014-04-07'
p478
I43
sS'nc'
p479
I43
sS'when'
p480
I40
sS'burgaa'
p481
I43
sS'scored'
p482
I43
sS'dies'
p483
I43
sS'football'
p484
I43
sS'professional'
p485
I43
sS'weekend'
p486
I42
sS'nxt'
p487
I43
sS'potato'
p488
I43
sS'daily'
p489
I43
sS'pizza&beer'
p490
I43
sS'time'
p491
I33
sS'serious'
p492
I43
sS"03:58:49.0,34.06179535,-118.31150006,2117.04,i'm"
p493
I43
sS'rakenrol'
p494
I43
sS'basically'
p495
I43
sS'detective'
p496
I43
sS':)'
p497
I41
sS'pony!"'
p498
I43
sS'dance'
p499
I43
sS'rob'
p500
I43
sS'roe'
p501
I43
sS'manager'
p502
I43
sS'ice'
p503
I42
sS':3'
p504
I43
sS'father'
p505
I43
sS'torne'
p506
I43
sS'15:33:55.0,34.06228714,-118.30953594,2117.04,so'
p507
I43
sS'environment'
p508
I43
sS'charge'
p509
I43
sS'reshoots'
p510
I43
sS'me'
p511
I16
sS':d'
p512
I43
sS'ma'
p513
I43
sS'blast'
p514
I43
sS':p'
p515
I43
sS'cool'
p516
I42
sS'did'
p517
I39
sS'gui'
p518
I43
sS'brother'
p519
I42
sS'travels'
p520
I43
sS'p'
p521
I41
sS'soooo'
p522
I43
sS'nickshow'
p523
I43
sS'quick'
p524
I43
sS'guy'
p525
I42
sS'shave'
p526
I43
sS'angeles)'
p527
I43
sS'collage'
p528
I43
sS'ignacio'
p529
I43
sS'dried'
p530
I43
sS'anaconda'
p531
I43
sS'drinks'
p532
I43
sS'06:54:32.0,34.06261547,-118.30924286,2117.04,you'
p533
I43
sS'current'
p534
I43
sS'lennon'
p535
I43
sS'lmaoooo'
p536
I43
sS'falling'
p537
I43
sS'sweaters'
p538
I42
sS'friend.,90010\n483464421805535234,jimjarmuschhair,2014-06-30'
p539
I43
sS'makeup'
p540
I43
sS'01:32:23.0,34.0628423,-118.3092025,2117.04,i'
p541
I43
sS'water'
p542
I43
sS'slow'
p543
I41
sS'\xed\x95\xb4\xec\x9e\xa5\xec\x9d\x80'
p544
I43
sS'alone'
p545
I43
sS'along'
p546
I43
sS'wait'
p547
I40
sS'box'
p548
I43
sS'boy'
p549
I42
sS'healthy'
p550
I43
sS'shift'
p551
I43
sS'trial'
p552
I43
sS'boo'
p553
I43
sS'02:32:43.0,34.06257087,-118.30913883,2117.04,falling'
p554
I43
sS'massage'
p555
I43
sS'gas)'
p556
I39
sS'love'
p557
I29
sS'santa'
p558
I43
sS'lending'
p559
I43
sS'bloody'
p560
I43
sS'market'
p561
I43
sS'everybody'
p562
I42
sS'working'
p563
I40
sS'dude'
p564
I42
sS'sports'
p565
I43
sS'ca)'
p566
I22
sS'wondering'
p567
I43
sS'memory'
p568
I43
sS'thru'
p569
I43
sS'today'
p570
I38
sS'loving'
p571
I43
sS'dingaaalingg'
p572
I43
sS'riot'
p573
I43
sS'phillies'
p574
I43
sS'downtown'
p575
I42
sS'slinky'
p576
I43
sS'amelia'
p577
I43
sS'fly'
p578
I42
sS'niggas'
p579
I43
sS'car'
p580
I43
sS'pretend'
p581
I43
sS'can'
p582
I34
sS'making'
p583
I43
sS'slightest'
p584
I43
sS'heart'
p585
I42
sS'crazy'
p586
I42
sS'hidef'
p587
I43
sS'figure'
p588
I43
sS'awesome'
p589
I37
sS"didn't"
p590
I43
sS'fuck'
p591
I39
sS'heard'
p592
I43
sS'gallon'
p593
I43
sS'offense'
p594
I43
sS'pink'
p595
I43
sS'watching'
p596
I40
sS'ping'
p597
I42
sS'1'
p598
I42
sS'sunday'
p599
I42
sS'may'
p600
I42
sS'spot'
p601
I40
sS'tbt'
p602
I43
sS'birthday'
p603
I40
sS'mad'
p604
I42
sS'date'
p605
I43
sS'such'
p606
I42
sS'\xec\x98\xa5\xeb\xa3\xa8\xeb\xaa\xbd'
p607
I43
sS'guys'
p608
I43
sS'man'
p609
I40
sS'4th,\n177606956939354112,juliannexrae,2012-03-08'
p610
I43
sS'remember'
p611
I43
sS'whenever'
p612
I43
sS'st'
p613
I43
sS'so'
p614
I20
sS'talk'
p615
I43
sS'cute'
p616
I41
sS'breaking'
p617
I41
sS'shoes'
p618
I42
sS'food'
p619
I42
sS'2me'
p620
I43
sS'years'
p621
I40
sS'ended'
p622
I43
sS'\xe3\x85\x8b\xe3\x85\x8b\xe3\x85\x8b,\n489582209318129665,jimjarmuschhair,2014-07-17'
p623
I43
sS'congregating'
p624
I43
sS'kanye'
p625
I43
sS'still'
p626
I40
sS'rooftop'
p627
I43
sS'thank'
p628
I42
sS'curly'
p629
I43
sS'did"'
p630
I43
sS'smoothie'
p631
I43
sS'interesting'
p632
I43
sS'show:"did'
p633
I43
sS'platform'
p634
I43
sS'11,90020\n64139525529677824,iambb,2011-04-30'
p635
I43
sS'tweets'
p636
I43
sS'texas'
p637
I42
sS'non'
p638
I43
sS'killer'
p639
I43
sS'la...and'
p640
I43
sS'jalape\xc3\xb1o'
p641
I43
sS'lunch'
p642
I41
sS'qualified'
p643
I43
sS'half'
p644
I43
sS'not'
p645
I34
sS'now'
p646
I33
sS'bullshit'
p647
I43
sS'ktown'
p648
I41
sS'nos'
p649
I43
sS'james'
p650
I42
sS'lmaao'
p651
I43
sS'mr.coffee'
p652
I43
sS'yoyohandojo'
p653
I43
sS'yayay'
p654
I43
sS'el'
p655
I43
sS'ed'
p656
I41
sS'catching'
p657
I43
sS'year'
p658
I43
sS'girl'
p659
I37
sS'snowpiercer'
p660
I40
sS'surprise'
p661
I43
sS'and\xe2\x80\xa6'
p662
I43
sS'opened'
p663
I43
sS'3rd'
p664
I43
sS'space'
p665
I41
sS'blu'
p666
I43
sS'\xed\x95\x9c\xec\x9d\xb8\xed\x83\x80\xec\x9a\xb4\xec\x97\x90\xec\x84\x9c'
p667
I43
sS'03:32:36.0,34.06194963,-118.309251,2117.04,yay'
p668
I43
sS'factory'
p669
I40
sS"pizza's"
p670
I43
sS'looking'
p671
I40
sS'mess'
p672
I43
sS'nudes'
p673
I43
sS'correct'
p674
I43
sS'shows'
p675
I43
sS'dodgers'
p676
I42
sS'\xed\x9b\x84\xeb\xa6\x85~'
p677
I43
sS'misogynoir'
p678
I43
sS'bassa'
p679
I41
sS'yup'
p680
I43
sS'motion'
p681
I43
sS'thing'
p682
I42
sS'butterflies'
p683
I43
sS'place'
p684
I43
sS'gordon'
p685
I43
sS'yess'
p686
I43
sS'think'
p687
I38
sS'first'
p688
I35
sS'621'
p689
I43
sS'potter'
p690
I43
sS'xd'
p691
I43
sS'one'
p692
I31
sS'fast'
p693
I42
sS'spanish'
p694
I42
sS'impossible'
p695
I43
sS'sounds'
p696
I43
sS'lags'
p697
I43
sS'open'
p698
I42
sS'tomorrow'
p699
I42
sS'\xd8\xb7\xd9\x84\xd8\xb9'
p700
I43
sS'city'
p701
I43
sS'little'
p702
I42
sS'silent'
p703
I43
sS'anyone'
p704
I43
sS'\xeb\xb0\xa4\xec\x97\x90'
p705
I42
sS'2'
p706
I40
sS'stuffed'
p707
I42
sS'white'
p708
I40
sS'circa'
p709
I43
sS'gives'
p710
I43
sS'exploring'
p711
I43
sS'hug'
p712
I43
sS'mostly'
p713
I43
sS'that'
p714
I23
sS'\xeb\xb3\x84\xec\x9d\xb4'
p715
I42
sS'huh'
p716
I43
sS'boba'
p717
I42
sS'viewing'
p718
I43
sS'than'
p719
I39
sS'boyfriend'
p720
I42
sS'set-up'
p721
I43
sS'lmak'
p722
I43
sS'12'
p723
I43
sS'lmao'
p724
I40
sS'was'
p725
I21
sS'gotta'
p726
I43
sS'future'
p727
I42
sS'libra/scorpios'
p728
I43
sS'were'
p729
I42
sS'1)'
p730
I43
sS'russia'
p731
I43
sS'and'
p732
I7
sS'addressing'
p733
I43
sS'ang'
p734
I43
sS'kyoja'
p735
I43
sS'angel'
p736
I43
sS'angee'
p737
I43
sS'episcopal'
p738
I43
sS'say'
p739
I40
sS'deadlifts'
p740
I43
sS'saw'
p741
I41
sS'aside'
p742
I43
sS'take'
p743
I40
sS'wonder'
p744
I43
sS'urge'
p745
I43
sS'normal'
p746
I43
sS'cheesecake'
p747
I43
sS'knew'
p748
I43
sS'betrayal'
p749
I43
sS'clearer'
p750
I43
sS'paid'
p751
I43
sS'03:24:45.0,34.06216343,-118.30957566,2117.04,rosenthal'
p752
I43
sS'pair'
p753
I43
sS'pais'
p754
I43
sS'america'
p755
I43
sS']'
p756
I43
sS'lineee'
p757
I43
sS'forever'
p758
I43
sS'later'
p759
I43
sS'jitters'
p760
I43
sS'hear'
p761
I42
sS'shop'
p762
I41
sS'23:32:20.0,34.06325823,-118.31000599,2117.04,watching'
p763
I43
sS'show'
p764
I41
sS'cheat'
p765
I43
sS'spaces'
p766
I43
sS'furreaallll'
p767
I43
sS'fifth'
p768
I43
sS"freakin'"
p769
I43
sS'aint'
p770
I43
sS'elizabethmaustin'
p771
I42
sS'\xe2\x9c\x8b'
p772
I43
sS'dick'
p773
I43
sS'cheeseburger'
p774
I43
sS'enough'
p775
I42
sS're-create'
p776
I43
sS'only'
p777
I40
sS'going'
p778
I39
sS'black'
p779
I42
sS'melrose'
p780
I43
sS'\xe2\x99\xa1'
p781
I43
sS'nominated\xe2\x80\xa6'
p782
I43
sS'get'
p783
I32
sS'*just*'
p784
I43
sS'cursing'
p785
I43
sS'cannot'
p786
I43
sS"sho'"
p787
I43
sS'mondo'
p788
I43
sS'stroll'
p789
I43
sS'stacie'
p790
I43
sS'morning'
p791
I41
sS'penguins'
p792
I43
sS'miley'
p793
I43
sS'discussing'
p794
I43
sS'vision'
p795
I43
sS"y'all"
p796
I43
sS'lyft'
p797
I43
sS'concert'
p798
I43
sS'dick.,90020\n418647561952849920,bearcateve,2014-01-02'
p799
I43
sS'college'
p800
I43
sS'anyways'
p801
I43
sS'parking'
p802
I41
sS'\xd8\xa8\xd8\xb3'
p803
I43
sS'huh?,\n410991179405090816,dmeetri,2013-12-12'
p804
I43
sS'24/7'
p805
I43
sS'3'
p806
I43
sS'between'
p807
I42
sS'wuss'
p808
I43
sS'notice'
p809
I41
sS'jr'
p810
I43
sS'awards'
p811
I42
sS'ji'
p812
I43
sS'come'
p813
I39
sS'reaction'
p814
I43
sS'talented'
p815
I43
sS'"philosopher"'
p816
I43
sS'many'
p817
I41
sS'stupidest'
p818
I43
sS'contract'
p819
I43
sS's'
p820
I40
sS'lol,90005\n413813522389549056,jose_mtz,2013-12-19'
p821
I43
sS'cuhhh'
p822
I43
sS"can't"
p823
I39
sS'gangnam'
p824
I43
sS'nope.,90020\n483430643590656000,jimjarmuschhair,2014-06-30'
p825
I43
sS'pop'
p826
I43
sS'60'
p827
I41
sS'twin'
p828
I43
sS"couldn't"
p829
I43
sS'ordered'
p830
I43
sS'twerkline'
p831
I43
sS'(\xeb\xaa\x85\xeb\x8f\x99\xea\xb5\x90\xec\x9e\x90))'
p832
I43
sS'turkey'
p833
I43
sS'howard'
p834
I43
sS'west'
p835
I42
sS'breath'
p836
I43
sS'peruvian'
p837
I43
sS':(,\n486530339645296642,hoperehak,2014-07-08'
p838
I43
sS'btw)?told'
p839
I43
sS'crawford'
p840
I43
sS'direction'
p841
I43
sS'elvis'
p842
I43
sS'squash'
p843
I43
sS'photos'
p844
I43
sS'wake'
p845
I43
sS'4-0'
p846
I43
sS'myself'
p847
I42
sS'these'
p848
I42
sS"haven't"
p849
I43
sS'pollo'
p850
I43
sS'freaks,90020\n475418239070003200,dwill104,2014-06-07'
p851
I43
sS"person's"
p852
I43
sS'01:48:57.0,34.0623724,-118.30910388,2117.04,people'
p853
I43
sS'ive'
p854
I43
sS'00:50:08.0,34.06236512,-118.30926824,2117.04,me'
p855
I43
sS'telephone'
p856
I43
sS'sudden'
p857
I43
sS'bueno.\xe2\x80\xa6'
p858
I42
sS'here,\n476897930809339904,jihayong_,2014-06-12'
p859
I43
sS'same'
p860
I42
sS'ya'
p861
I39
sS'18:24:12.0,34.06430154,-118.31304,2117.04,['
p862
I43
sS'coworkers'
p863
I43
sS'workout'
p864
I43
sS'mane'
p865
I41
sS'week'
p866
I42
sS'finish'
p867
I43
sS'....the'
p868
I43
sS'driver'
p869
I43
sS'bumpin'
p870
I43
sS'director'
p871
I43
sS'fruit'
p872
I43
sS'\xd8\xa7\xd9\x88\xd9\x88\xd9\x88\xd9\x87'
p873
I43
sS'totally'
p874
I43
sS'theater'
p875
I43
sS'without'
p876
I42
sS'comes'
p877
I42
sS'bitches/dicks'
p878
I43
sS'severn'
p879
I43
sS'summer'
p880
I41
sS'frankie'
p881
I43
sS'being'
p882
I39
sS'money'
p883
I43
sS',90020\n494924262184984579,anthony21154,2014-07-31'
p884
I43
sS"choi's"
p885
I43
sS'ps4'
p886
I43
sS'aura'
p887
I43
sS'rose'
p888
I43
sS'seems'
p889
I43
sS'except'
p890
I43
sS'4'
p891
I42
sS',90005\n446683696616439808,lou1019,2014-03-20'
p892
I43
sS'real'
p893
I42
sS'02:32:57.0,34.06436074,-118.31302974,2117.04,\xe2\x88\x82e\xc6\x92'
p894
I43
sS'frown'
p895
I43
sS'marcus'
p896
I43
sS'gonna'
p897
I42
sS'early'
p898
I43
sS'traffic'
p899
I42
sS'listening'
p900
I43
sS'world'
p901
I43
sS'history.,90010\n483393693404368898,jimjarmuschhair,2014-06-29'
p902
I43
sS'satisfaction'
p903
I43
sS'millennials'
p904
I43
sS't'
p905
I38
sS'beverly'
p906
I43
sS'-my'
p907
I43
sS'gaggle'
p908
I43
sS'pickled'
p909
I43
sS'pacific'
p910
I42
sS'eddie'
p911
I43
sS'downnnnn'
p912
I43
sS'yesss'
p913
I42
sS'realistguyliveth(me'
p914
I43
sS'mood'
p915
I42
sS'memories'
p916
I43
sS'fucking\xe2\x80\xa6'
p917
I43
sS'nutty'
p918
I42
sS'welcome'
p919
I43
sS'assembly'
p920
I43
sS'business'
p921
I43
sS'blaast'
p922
I43
sS'lmfao'
p923
I42
sS'papa'
p924
I43
sS'nails'
p925
I43
sS'^_^'
p926
I43
sS';)'
p927
I43
sS'throw'
p928
I43
sS'on'
p929
I15
sS'ok'
p930
I40
sS'oh'
p931
I43
sS'choi'
p932
I43
sS'industry'
p933
I43
sS'favorite'
p934
I43
sS'shrimp'
p935
I43
sS'chop'
p936
I43
sS':(,\n431308235136843776,fire_isis,2014-02-06'
p937
I43
sS'mixed'
p938
I43
sS'or'
p939
I41
sS'16:40:57.0,34.06170444,-118.30914449,2117.04,i'
p940
I43
sS'amber'
p941
I43
sS'snapchat'
p942
I43
sS'homeless'
p943
I43
sS'nowadays'
p944
I43
sS'your'
p945
I28
sS'whitee'
p946
I43
sS'heu'
p947
I42
sS"how's"
p948
I43
sS'her'
p949
I31
sS'there'
p950
I37
sS'racism'
p951
I43
sS'lol'
p952
I19
sS'start'
p953
I41
sS'06:02:45.0,34.06448748,-118.3111958,2117.04,my'
p954
I43
sS'lot'
p955
I42
sS'mondayz'
p956
I43
sS'\xe2\x9c\xa8,90010\n258784280656891904,jose_mtz,2012-10-18'
p957
I43
sS'house)'
p958
I42
sS'23:30:06.0,34.06310203,-118.30978754,2117.04,i'
p959
I43
sS'complete'
p960
I43
sS'04:35:39.0,34.06293558,-118.30986175,2117.04,just'
p961
I43
sS'happier'
p962
I43
sS'01:18:48.0,34.06319403,-118.31393934,2117.04,getting'
p963
I43
sS'trying'
p964
I41
sS'with'
p965
I17
sS"they're"
p966
I43
sS"wasn't"
p967
I43
sS'bucket'
p968
I42
sS'nightlife'
p969
I43
sS'agree'
p970
I43
sS'gone'
p971
I42
sS'cinema'
p972
I43
sS'taste'
p973
I42
sS'certain'
p974
I43
sS'am'
p975
I36
sS'an'
p976
I37
sS'as'
p977
I41
sS"raquel's"
p978
I43
sS'at'
p979
I9
sS'walks'
p980
I43
sS'lifetime'
p981
I43
sS'words"'
p982
I43
sS'film'
p983
I39
sS'again'
p984
I38
sS'twerk'
p985
I43
sS'you'
p986
I10
sS'04:07:43.0,34.06344287,-118.3099222,2117.04,i'
p987
I43
sS'poor'
p988
I43
sS'obsessed'
p989
I43
sS'hwa'
p990
I43
sS'gifts'
p991
I43
sS'building'
p992
I43
sS'$39'
p993
I43
sS'tricks'
p994
I43
sS'vines'
p995
I43
sS'hello'
p996
I43
sS'u'
p997
I37
sS'k-town'
p998
I43
sS'starting'
p999
I43
sS'all'
p1000
I30
sS'surrounded'
p1001
I43
sS'forget'
p1002
I42
sS'\xec\x88\x9c\xeb\x8c\x80'
p1003
I43
sS'instincts'
p1004
I43
sS'month'
p1005
I43
sS'follow'
p1006
I41
sS'als'
p1007
I43
sS'whoever'
p1008
I43
sS'to'
p1009
I4
sS'chucking'
p1010
I43
sS'smile'
p1011
I43
sS'te'
p1012
I43
sS'legit.,90010\n483441465087885313,jimjarmuschhair,2014-06-30'
p1013
I43
sS'case'
p1014
I43
sS'woman'
p1015
I41
sS'worse'
p1016
I43
sS'very'
p1017
I39
sS'lianne'
p1018
I43
sS'fat'
p1019
I43
sS'worst'
p1020
I42
sS'bestie'
p1021
I43
sS'fam'
p1022
I42
sS'bulgogi'
p1023
I43
sS'baristas'
p1024
I43
sS',90020\n484117331115651073,dee_s_2k,2014-07-01'
p1025
I43
sS'broderick'
p1026
I43
sS'large'
p1027
I43
sS'lesbians'
p1028
I43
sS"04:32:17.0,34.0628834,-118.30927949,2117.04,i'm"
p1029
I43
sS'harry'
p1030
I43
sS"i'll"
p1031
I40
sS'neighborhood'
p1032
I43
sS'instagram'
p1033
I43
sS'tea'
p1034
I43
sS'hairspray'
p1035
I42
sS'what'
p1036
I27
sS'anywho'
p1037
I43
sS'faaaaa'
p1038
I43
sS'crust'
p1039
I42
sS'caffeine'
p1040
I42
sS'nang'
p1041
I42
sS'crush'
p1042
I42
sS'cinemas'
p1043
I40
sS'boothang'
p1044
I43
sS"doesn't\xe2\x80\xa6"
p1045
I43
sS'onnn'
p1046
I43
sS'wu-tang'
p1047
I43
sS'full'
p1048
I41
sS'02:00:55.0,34.06200407,-118.31342652,2117.04,random'
p1049
I43
sS'belize'
p1050
I43
sS'shoulda'
p1051
I43
sS'ahead'
p1052
I43
sS'4real'
p1053
I43
sS'creepy'
p1054
I43
sS'horrified'
p1055
I43
sS'options'
p1056
I43
sS'family'
p1057
I43
sS'suddenly'
p1058
I43
sS'rossmore'
p1059
I43
sS'put'
p1060
I41
sS"manning's"
p1061
I43
sS'pulls'
p1062
I43
sS'noodles)'
p1063
I42
sS'eye'
p1064
I43
sS'takes'
p1065
I42
sS':-):-):-)'
p1066
I42
sS'address?,90005\n496151613116272640,eugenelee3,2014-08-04'
p1067
I43
sS'two'
p1068
I42
sS'comparing'
p1069
I43
sS'6'
p1070
I42
sS'more'
p1071
I42
sS'tryna'
p1072
I42
sS'squid'
p1073
I42
sS'door'
p1074
I43
sS"tip's"
p1075
I42
sS'company'
p1076
I43
sS'chucks'
p1077
I43
sS'excuse'
p1078
I43
sS"ain't"
p1079
I41
sS'going?,90020\n446868164853235713,iammattfried,2014-03-21'
p1080
I43
sS'dang)'
p1081
I43
sS'hannen'
p1082
I43
sS'glad'
p1083
I43
sS'town'
p1084
I40
sS'hour'
p1085
I40
sS'1:11'
p1086
I43
sS'rotina'
p1087
I43
sS'del'
p1088
I43
sS'beautiful'
p1089
I43
sS'(per-say)'
p1090
I43
sS'ave'
p1091
I43
sS'05:08:27.0,34.06362812,-118.30930187,2117.04,stop'
p1092
I43
sS'pong'
p1093
I42
sS'dress'
p1094
I40
sS'needs'
p1095
I41
sS'court'
p1096
I43
sS'acts'
p1097
I43
sS'pounding.,90005\n507716525554282496,imnezzy,2014-09-05'
p1098
I43
sS'fr'
p1099
I42
sS'tried'
p1100
I43
sS'different'
p1101
I43
sS'fa'
p1102
I43
sS'blood'
p1103
I43
sS'coming'
p1104
I43
sS'lizzy4love\xe2\x80\xa6'
p1105
I43
sS'a'
p1106
I5
sS'short'
p1107
I42
sS'loud'
p1108
I43
sS'pleasure'
p1109
I43
sS'dream'
p1110
I41
sS'playing'
p1111
I39
sS"that's"
p1112
I37
sS'replied'
p1113
I43
sS'jordans'
p1114
I43
sS"don't"
p1115
I32
sS'find\xe2\x80\xa6'
p1116
I43
sS'held'
p1117
I43
sS'isnt'
p1118
I43
sS'through'
p1119
I43
sS'hell'
p1120
I43
sS'its'
p1121
I40
sS'okay.,90010\n502635150388506625,theegreekgod,2014-08-22'
p1122
I43
sS'25'
p1123
I43
sS'style'
p1124
I43
sS'bustamante'
p1125
I43
sS'\xec\x97\xad\xec\x8b\x9c'
p1126
I43
sS'actually'
p1127
I43
sS'late'
p1128
I43
sS'harmless'
p1129
I43
sS'wizards'
p1130
I42
sS'bout'
p1131
I43
sS'might'
p1132
I42
sS'2)'
p1133
I43
sS'goodmorning'
p1134
I43
sS'good'
p1135
I32
sS'yo'
p1136
I43
sS'blind??\xe2\x80\x9d-'
p1137
I43
sS'yt'
p1138
I43
sS'easily'
p1139
I43
sS'shawnwilliamsbjj'
p1140
I43
sS'always'
p1141
I39
sS'intervene'
p1142
I43
sS'someone'
p1143
I40
sS'1am'
p1144
I43
sS'found'
p1145
I43
sS'repeating'
p1146
I43
sS"isn't"
p1147
I42
sS'everyone'
p1148
I38
sS'weight'
p1149
I43
sS'house'
p1150
I41
sS'fish'
p1151
I43
sS'hard'
p1152
I42
sS'idea'
p1153
I42
sS'oil'
p1154
I43
sS'event'
p1155
I43
sS'really'
p1156
I38
sS'wow!!!:-):-)'
p1157
I43
sS'leave'
p1158
I43
sS'lipstick'
p1159
I43
sS'glitter'
p1160
I43
sS'since'
p1161
I42
sS'tiramisu'
p1162
I43
sS'7'
p1163
I43
sS'baeee'
p1164
I43
sS'ass'
p1165
I42
sS'friday'
p1166
I42
sS'guess'
p1167
I41
sS'reason'
p1168
I43
sS'imagine'
p1169
I43
sS'ask'
p1170
I43
sS'daiso'
p1171
I37
sS'barbara'
p1172
I43
sS'terrible'
p1173
I43
sS'w'
p1174
I41
sS'wisdomno'
p1175
I43
sS'castle'
p1176
I42
sS'ding'
p1177
I43
sS'dont'
p1178
I43
sS'feel'
p1179
I40
sS'number'
p1180
I41
sS'feet'
p1181
I43
sS'done'
p1182
I42
sS'dong'
p1183
I43
sS'kapal'
p1184
I43
sS'miss'
p1185
I41
sS'horse'
p1186
I43
sS'"'
p1187
I43
sS'5th'
p1188
I43
sS'station'
p1189
I41
sS'saint'
p1190
I43
sS'store'
p1191
I43
sS'trafficccccccc'
p1192
I43
sS'$17.99'
p1193
I43
sS'you\xe2\x80\x9d'
p1194
I43
sS'park'
p1195
I43
sS'part'
p1196
I43
sS"05:27:52.0,34.06410813,-118.30916069,2117.04,i'm"
p1197
I43
sS'believe'
p1198
I42
sS'woops'
p1199
I43
sS'king'
p1200
I43
sS'grocery'
p1201
I43
sS'b'
p1202
I43
sS'fcked'
p1203
I43
sS'double'
p1204
I43
sS'youth'
p1205
I43
sS'you\xe2\x80\xa6'
p1206
I43
sS'video'
p1207
I43
sS'toe'
p1208
I43
sS'ousted'
p1209
I42
sS'08:27:32.0,34.06218865,-118.31188338,2117.04,happy'
p1210
I43
sS'juice'
p1211
I42
sS'alike'
p1212
I43
sS'lol,\n455526079906603008,jose_mtz,2014-04-14'
p1213
I43
sS'para'
p1214
I43
sS'lil'
p1215
I43
sS'also'
p1216
I41
sS'liv'
p1217
I43
sS'finding'
p1218
I42
sS'salmon'
p1219
I43
sS'took'
p1220
I43
sS'76'
p1221
I33
sS"'cause"
p1222
I43
sS'exes'
p1223
I43
sS'nothing'
p1224
I41
sS'sometimes'
p1225
I41
sS',90005\n491056386709532673,imnezzy,2014-07-21'
p1226
I43
sS'joint.,90010\n314575331564589056,jose_hare,2013-03-21'
p1227
I43
sS'lying'
p1228
I43
sS'07:49:12.0,34.06176855,-118.3093353,2117.04,one'
p1229
I43
sS'gold'
p1230
I42
sS'fone'
p1231
I43
sS'stfu'
p1232
I43
sS'session'
p1233
I43
sS'find'
p1234
I43
sS'fing'
p1235
I43
sS'crudit\xc3\xa9s'
p1236
I43
sS'bff'
p1237
I42
sS'justice'
p1238
I43
sS'poppin'
p1239
I43
sS"andreayou're"
p1240
I43
sS'condom'
p1241
I43
sS"'surprise"
p1242
I43
sS'his'
p1243
I42
sS'hit'
p1244
I39
sS'feels'
p1245
I41
sS'him'
p1246
I41
sS'devoured'
p1247
I43
sS'cry'
p1248
I43
sS'remove'
p1249
I43
sS'x'
p1250
I43
sS'insane'
p1251
I41
sS'set'
p1252
I42
sS'art'
p1253
I43
sS'see'
p1254
I38
sS'are'
p1255
I24
sS'close'
p1256
I43
sS'11th'
p1257
I43
sS'-the'
p1258
I43
sS'visiting'
p1259
I43
sS'movie'
p1260
I38
sS'wow'
p1261
I43
sS'currently'
p1262
I43
sS'please'
p1263
I42
sS'demons'
p1264
I43
sS'pickup'
p1265
I43
sS'(captured'
p1266
I43
sS'probably'
p1267
I43
sS'korea'
p1268
I37
sS'shape.,90005\n435682398190469120,lou1019,2014-02-18'
p1269
I43
sS'missing'
p1270
I43
sS'\xec\x95\x84\xed\x8c\x8c,\n476902353258307584,jihayong_,2014-06-12'
p1271
I43
sS'c'
p1272
I43
sS'10th'
p1273
I43
sS'last'
p1274
I42
sS'reverse'
p1275
I43
sS'hesitant'
p1276
I43
sS'restaurant'
p1277
I42
sS"wouldn't"
p1278
I43
sS'barely'
p1279
I43
sS'01:30:29.0,34.06350342,-118.30979347,2117.04,pad'
p1280
I43
sS'lindsjt'
p1281
I43
sS'forgotten'
p1282
I43
sS'whole'
p1283
I42
sS'liked'
p1284
I43
sS'\xe2\x98\xba'
p1285
I42
sS'drunk'
p1286
I43
sS'battery'
p1287
I43
sS'sweet'
p1288
I42
sS'dudes'
p1289
I43
sS"bitch'"
p1290
I43
sS'church'
p1291
I43
sS'7th\xc2\xa0'
p1292
I43
sS'worthless'
p1293
I43
sS'pw'
p1294
I43
sS':/\xe2\x80\x9d'
p1295
I43
sS'pc'
p1296
I43
sS'training/learning'
p1297
I43
sS'damn'
p1298
I43
sS'scions'
p1299
I43
sS'amaaaaaazing'
p1300
I43
sS'work.,90005\n428963580411904000,lou1019,2014-01-30'
p1301
I43
sS'(621'
p1302
I43
sS'woke'
p1303
I42
sS'lived'
p1304
I43
sS'gay'
p1305
I43
sS'sending'
p1306
I43
sS'\xe3\x82\xab\xe3\x83\x95\xe3\x82\xa7\xe3\x81\xa7\xe3\x83\x80\xe3\x83\xaa\xe3\x82\xaa\xe3\x81\xaecompany\xe3\x81\xaerelaunch'
p1307
I43
sS'wrd.\xe2\x80\xa6'
p1308
I43
sS"what's"
p1309
I39
sS'gas'
p1310
I35
sS'else'
p1311
I43
sS',90005\n509858684898271232,melissaa_ka,2014-09-11'
p1312
I43
sS'demand'
p1313
I43
sS'kuya'
p1314
I43
sS'presses'
p1315
I43
sS'look'
p1316
I38
sS'ahah'
p1317
I43
sS'while'
p1318
I38
sS'kick'
p1319
I43
sS'error'
p1320
I43
sS'fun'
p1321
I41
sS'dumbfoundead'
p1322
I43
sS'rim'
p1323
I43
sS'ready'
p1324
I39
sS'rid'
p1325
I43
sS'around'
p1326
I39
sS'\xe2\x99\xa5\xe2\x99\xa5\xe2\x99\xa5'
p1327
I42
sS'noooo'
p1328
I43
sS'yesterday'
p1329
I41
sS'moment'
p1330
I42
sS'levels'
p1331
I43
sS'moving'
p1332
I43
sS'purpose'
p1333
I43
sS'\xec\x86\xa1\xec\xb6\xa9\xec\x9d\xb4\xeb\x8a\x94'
p1334
I43
sS'amy'
p1335
I42
sS'dystopian'
p1336
I43
sS"dad's"
p1337
I43
sS'anybody'
p1338
I43
sS'grind'
p1339
I43
sS'spend'
p1340
I43
sS'mom'
p1341
I40
sS'cheddar'
p1342
I43
sS'simi'
p1343
I43
sS'letting'
p1344
I43
sS'cut'
p1345
I43
sS'parents'
p1346
I43
sS'crying'
p1347
I43
sS'homies'
p1348
I43
sS'snap'
p1349
I43
sS'cum'
p1350
I43
sS'easter'
p1351
I43
sS'excited'
p1352
I43
sS'victims'
p1353
I43
sS'showing'
p1354
I43
sS'matters'
p1355
I43
sS'game'
p1356
I37
sS'cuteness'
p1357
I43
sS'mid-wilshire'
p1358
I43
sS'd'
p1359
I43
sS'up?,90010\n472473687422435328,kidnerbean,2014-05-30'
p1360
I43
sS'<333'
p1361
I43
sS'fucking'
p1362
I38
sS'spring'
p1363
I43
sS'30s'
p1364
I43
sS'some'
p1365
I34
sS'back'
p1366
I37
sS'mirror'
p1367
I43
sS'16:24:26.0,34.06173333,-118.30928833,2117.04,get'
p1368
I43
sS'06:07:51.0,34.06450686,-118.31118923,2117.04,feed'
p1369
I43
sS'decision'
p1370
I43
sS'anything.,90020\n510084596679974913,imnezzy,2014-09-11'
p1371
I43
sS'stop.,\n431605469447069696,dmeetri,2014-02-07'
p1372
I43
sS'be'
p1373
I21
sS'eating'
p1374
I43
sS'word'
p1375
I43
sS'02:13:05.0,34.06304336,-118.30985033,2117.04,fanciest'
p1376
I43
sS'lose'
p1377
I42
sS'22:32:14.0,34.0619314,-118.30937044,2117.04,aghhh'
p1378
I43
sS'step'
p1379
I43
sS'stew'
p1380
I43
sS'weeeeeeeeee'
p1381
I43
sS'by'
p1382
I35
sS'cgv'
p1383
I35
sS'most'
p1384
I42
sS'iration'
p1385
I43
sS'17:15:44.0,34.06218865,-118.31188338,2117.04,here'
p1386
I43
sS'beans'
p1387
I43
sS'embuste'
p1388
I43
sS'wanna'
p1389
I38
sS'block'
p1390
I43
sS'seeing'
p1391
I43
sS'-guy'
p1392
I43
sS'auntie'
p1393
I43
sS'visit'
p1394
I43
sS'mommy'
p1395
I43
sS'because'
p1396
I42
sS'jonny'
p1397
I43
sS'smells'
p1398
I43
sS'15mins'
p1399
I43
sS'story'
p1400
I42
sS'spam'
p1401
I43
sS'ew'
p1402
I43
sS'question'
p1403
I43
sS'long'
p1404
I39
sS'\xec\xa2\x80'
p1405
I43
sS'malibuya'
p1406
I43
sS'bruh'
p1407
I43
sS'bored'
p1408
I43
sS'15:16:59.0,34.06271915,-118.31062651,2117.04,my'
p1409
I43
sS'tally'
p1410
I43
sS'gurrrrlz'
p1411
I43
sS'ling'
p1412
I43
sS'line'
p1413
I40
sS'posted'
p1414
I41
sS'stalkinn'
p1415
I43
sS'up'
p1416
I24
sS'us'
p1417
I41
sS'uo'
p1418
I43
sS'(iphone'
p1419
I43
sS'called'
p1420
I42
sS'freak'
p1421
I43
sS'01:43:30.0,34.0628403,-118.3092229,2117.04,\xec\x97\x89\xeb\x8d\xa9\xec\x9d\xb4'
p1422
I43
sS'crepes'
p1423
I43
sS'curl'
p1424
I43
sS'cafe'
p1425
I43
sS'02:27:07.0,34.0620114,-118.30945962,2117.04,ooookay,90005\n507716473821745152,imnezzy,2014-09-05'
p1426
I43
sS'molyneux'
p1427
I43
sS'facebook'
p1428
I43
sS'01:42:36.0,34.062831,-118.3092382,2117.04,\xec\xb9\x9c\xea\xb5\xac\xea\xb8\xb0\xeb\x8b\xa4\xeb\xa6\xac\xeb\xa9\xb4\xec\x84\x9c\xec\x83\x9d\xea\xb0\x81\xed\x95\x98\xeb\x8a\x94\xec\xa4\x91.\xec\x95\x84.\xeb\x82\x98\xec\x9d\xbc\xed\x95\x98\xea\xb3\xa0\xec\x8b\xb6\xeb\x8b\xa4\xea\xb7\xbc\xeb\x8d\xb0\xec\x82\xac\xeb\x9e\x8c\xeb\x93\xa4\xec\x9d\xb4\xeb\x82\x98\xeb\xa5\xbc\xec\x95\x88\xeb\xb4\x85\xea\xb3\xa0\xec\x9e\x88\xec\x96\xb4.\xeb\x82\x98\xec\x81\x9c\xec\x83\x88\xeb\x81\xbc\xeb\x93\xa4\xe3\x85\x8b\xec\x8b\xac\xec\x8b\xac\xed\x95\xb4\xec\xa7\x80\xea\xb8\x88\xe3\x85\xa0\xe3\x85\xa0\xeb\x98\xa5\xeb\x8f\x84\xeb\xa7\x88\xeb\xa0\xb5\xea\xb3\xa0\xe3\x85\x8b\xe3\x85\x8b\xe3\x85\x8b\xed\x95\xa0\xeb\xa8\xb8\xeb\x8b\x88\xec\xa7\x91\xeb\x8f\x84\xec\xb0\xa9\xed\x95\x98\xeb\xa9\xb4\xec\xb1\x85\xec\x9d\xbd\xea\xb3\xa0\xeb\xa3\xa8\xeb\xb9\x85\xec\x8a\xa4\xed\x81\x90\xeb\xb8\x8c\xeb\x86\x80\xec\x95\x84\xec\x95\xbc\xec\xa7\x80\xe3\x85\x8b\xe3\x85\x8b\xe3\x85\x8b\xea\xb7\xb8\xeb\xa6\xac\xea\xb3\xa0\xec\x83\xa4\xec\x9b\x8c\xeb\xa5\xbc\xed\x95\xb4\xec\x95\xbc\xec\xa7\x80~\xeb\x88\x88\xec\x9d\xb4\xec\xa2\x80\xec\x95\x84\xed\x8c\x8c.\xeb\x88\x88\xec\x95\xbd\xec\x9d\xb4\xec\x9e\x88\xeb\x8a\x94\xeb\x8d\xb0\xeb\x88\x88\xec\x97\x90\xeb\x84\xa3\xea\xb8\xb0\xec\x8b\xab\xeb\x8b\xa4\xe3\x85\x8b\xec\xb9\x9c\xea\xb5\xac\xea\xb1\xb0\xec\x9d\x98\xeb\x8b\xa4\xec\x99\x94\xec\x96\xb4.\xec\x95\x84.\xec\x8b\xa0\xeb\x82\xac\xec\x96\xb4\xe3\x85\x8b\xeb\x82\x98\xea\xb0\x88\xea\xb1\xb0\xec\x95\xbc\xe3\x85\x8b\xec\x98\x88\xed\x97\xb7\xec\x98\xa4\xed\x98\xb8\xeb\x9e\x8f.,\n476900796907266048,jihayong_,2014-06-12'
p1429
I43
sS'nae'
p1430
I43
sS'tito'
p1431
I43
sS'peace'
p1432
I42
sS'nap'
p1433
I43
sS'nice'
p1434
I42
sS"how're"
p1435
I43
sS'draw'
p1436
I43
sS'hives'
p1437
I43
sS'pineapple'
p1438
I43
sS'problems'
p1439
I43
sS'crepe('
p1440
I43
sS'chiro'
p1441
I43
sS',90005\n494924109327781888,anthony21154,2014-07-31'
p1442
I43
sS'ago'
p1443
I41
sS'lane'
p1444
I43
sS'land'
p1445
I43
sS'bingsoo'
p1446
I43
sS'lana'
p1447
I43
sS'\xeb\xb9\x97\xeb\x82\x98\xeb\x8a\x94'
p1448
I43
sS"she's"
p1449
I43
sS'having'
p1450
I42
sS'once'
p1451
I43
sS'05:03:08.0,34.061821,-118.311228,2117.04,after'
p1452
I43
sS'gu'
p1453
I40
sS'wrestle'
p1454
I43
sS'crissy_g02'
p1455
I43
sS'illustrated'
p1456
I43
sS'gang'
p1457
I43
sS'ga'
p1458
I43
sS'freakin'
p1459
I43
sS'go'
p1460
I30
sS'tweeted'
p1461
I43
sS'chillin'
p1462
I42
sS'\xeb\xb3\x84\xec\x9d\xb4\xeb\xb9\x9b\xeb\x82\x98\xeb\x8a\x94\xeb\xb0\xa4\xec\x97\x90'
p1463
I43
sS'vietnamese'
p1464
I42
sS'young'
p1465
I41
sS'bdwy'
p1466
I43
sS'nose'
p1467
I43
sS'14:17:23.0,34.06197841,-118.31333378,2117.04,up'
p1468
I43
sS'acousticsss'
p1469
I43
sS'23:22:36.0,34.06218236,-118.30911322,2117.04,someone'
p1470
I43
sS'dessert'
p1471
I43
sS'putting'
p1472
I43
sS'drinking'
p1473
I42
sS'gettin'
p1474
I43
sS'try'
p1475
I43
sS'deleting'
p1476
I43
sS'ride'
p1477
I42
sS'forever.,90020\n483433494765252609,jimjarmuschhair,2014-06-30'
p1478
I43
sS'worse..,\n443187077719420928,dmeetri,2014-03-11'
p1479
I43
sS'waking'
p1480
I43
sS'postworkout'
p1481
I43
sS'hyde'
p1482
I43
sS'acid'
p1483
I42
sS'spaghetti'
p1484
I43
sS'giving'
p1485
I43
sS'asap'
p1486
I42
sS'waiting'
p1487
I42
sS'playn'
p1488
I43
sS'3d'
p1489
I43
sS'body'
p1490
I42
sS'leg'
p1491
I43
sS'let'
p1492
I39
sS'sing'
p1493
I41
sS'restaurant)'
p1494
I43
sS'great'
p1495
I32
sS'draking'
p1496
I43
sS'makes'
p1497
I41
sS'henney'
p1498
I43
sS'named'
p1499
I43
sS'apple'
p1500
I43
sS'wit'
p1501
I43
sS'decrease'
p1502
I43
sS'singing'
p1503
I41
sS'use'
p1504
I42
sS'from'
p1505
I31
sS'&'
p1506
I32
sS'next'
p1507
I38
sS'few'
p1508
I41
sS'havas'
p1509
I43
sS'themselves'
p1510
I43
sS'pretty'
p1511
I37
sS'confused'
p1512
I43
sS'trail'
p1513
I43
sS'everything.............except'
p1514
I43
sS'baby'
p1515
I42
sS'women'
p1516
I42
sS'salad'
p1517
I42
sS'this'
p1518
I13
sS'challenge'
p1519
I42
sS'thin'
p1520
I43
sS'praise'
p1521
I43
sS'of'
p1522
I11
sS'ayyyyyyy'
p1523
I43
sS'closing'
p1524
I43
sS'fetch'
p1525
I43
sS'wearing'
p1526
I43
sS'loca'
p1527
I43
sS'process'
p1528
I43
sS'loco'
p1529
I43
sS'high'
p1530
I39
sS'magicians'
p1531
I43
sS'something'
p1532
I36
sS'blvd'
p1533
I43
sS'wonderful'
p1534
I43
sS'rape'
p1535
I42
sS'paleo'
p1536
I43
sS'lame'
p1537
I43
sS'ronchy'
p1538
I43
sS'gurl'
p1539
I43
sS'de'
p1540
I42
sS'watch'
p1541
I42
sS'act'
p1542
I42
sS'them'
p1543
I36
sS"04:38:51.0,34.06507303,-118.30962963,2117.04,i'm"
p1544
I43
sS'hahahaha'
p1545
I43
sS'wiltern'
p1546
I43
sS'da'
p1547
I43
sS'realized'
p1548
I43
sS'&iced'
p1549
I43
sS'light'
p1550
I43
sS'lines'
p1551
I43
sS'rex"'
p1552
I43
sS'poking'
p1553
I43
sS'move'
p1554
I43
sS"won't"
p1555
I43
sS'waterworld'
p1556
I43
sS'write'
p1557
I43
sS'la'
p1558
I31
sS'send'
p1559
I43
sS'[pic]'
p1560
I40
sS'me..,90005\n201140159348080641,donny203,2012-05-12'
p1561
I43
sS'2014'
p1562
I43
sS'bye'
p1563
I43
sS'possibility!,90020\n483430461218099200,jimjarmuschhair,2014-06-30'
p1564
I43
sS'dae'
p1565
I40
sS'greater'
p1566
I42
sS'material'
p1567
I43
sS'cleverrrrr'
p1568
I43
sS'dat'
p1569
I43
sS'mention'
p1570
I43
sS'cuse'
p1571
I43
sS'front'
p1572
I43
sS'expendables'
p1573
I43
sS'day'
p1574
I32
sS'warmin'
p1575
I43
sS'doing'
p1576
I40
sS'books'
p1577
I43
sS'our'
p1578
I42
sS'out'
p1579
I30
sS'matt'
p1580
I43
sS'rey'
p1581
I43
sS'matrix'
p1582
I43
sS'w/o'
p1583
I43
sS'14:23:29.0,34.06190545,-118.30984879,2117.04,why'
p1584
I43
sS'hilarious'
p1585
I43
sS'thass'
p1586
I43
sS'cause'
p1587
I41
sS'red'
p1588
I43
sS'heu)'
p1589
I43
sS'shots'
p1590
I43
sS'01:36:25.0,34.0628358,-118.3092192,2117.04,\xeb\xa8\xb8\xeb\xa6\xac\xeb\x8f\x84'
p1591
I43
sS'que'
p1592
I43
sS'york'
p1593
I43
sS'craving'
p1594
I43
sS'could'
p1595
I42
sS'times'
p1596
I42
sS'timea'
p1597
I43
sS'designed'
p1598
I43
sS'yong'
p1599
I43
sS'evans'
p1600
I43
sS'hey'
p1601
I40
sS'moving)'
p1602
I43
sS'bitch'
p1603
I41
sS'reached'
p1604
I43
sS'potato-filled'
p1605
I43
sS'wilshire'
p1606
I42
sS'management'
p1607
I43
sS'los'
p1608
I36
sS'festival'
p1609
I39
sS'their'
p1610
I41
sS'attack'
p1611
I43
sS'ankle'
p1612
I43
sS'final'
p1613
I43
sS'that.,90020\n483430259555971072,jimjarmuschhair,2014-06-30'
p1614
I43
sS'stomach'
p1615
I43
sS'stars'
p1616
I43
sS'exactly'
p1617
I42
sS'neck'
p1618
I43
sS'loved'
p1619
I43
sS'05:13:23.0,34.06410813,-118.30916069,2117.04,mr'
p1620
I43
sS'photogenic'
p1621
I43
sS'bed'
p1622
I40
sS'basher'
p1623
I43
sS'lover'
p1624
I43
sS'bet'
p1625
I42
sS'lolololol'
p1626
I43
sS'clip'
p1627
I43
sS'gawdddd'
p1628
I43
sS'tonight'
p1629
I43
sS'>>>>>'
p1630
I43
sS'have'
p1631
I26
sS'need'
p1632
I41
sS'curved'
p1633
I43
sS'apparently'
p1634
I43
sS'vamos'
p1635
I43
sS'afraid'
p1636
I42
sS'soak'
p1637
I43
sS'min'
p1638
I43
sS'thnxxx'
p1639
I43
sS'studying'
p1640
I43
sS'mix'
p1641
I43
sS'korean'
p1642
I31
sS'='
p1643
I42
sS';-)'
p1644
I43
sS'who'
p1645
I34
sS"time's"
p1646
I43
sS'awe'
p1647
I43
sS'why'
p1648
I35
sS'lames'
p1649
I43
sS'absolutely'
p1650
I43
sS'ballsack'
p1651
I43
sS'face'
p1652
I40
sS'looked'
p1653
I43
sS"you'll"
p1654
I43
sS"leehom's"
p1655
I43
sS'impression'
p1656
I43
sS'nutella'
p1657
I43
sS'staff'
p1658
I43
sS'sheriff'
p1659
I43
sS'should'
p1660
I43
sS'05:09:00.0,34.062185,-118.31309879,2117.04,happy'
p1661
I43
sS'bro,90010\n502636544021516291,theegreekgod,2014-08-22'
p1662
I43
sS'hope'
p1663
I42
sS'means'
p1664
I42
sS'one?,90010\n502629310285754368,theegreekgod,2014-08-22'
p1665
I43
sS'lucky'
p1666
I43
sS'words'
p1667
I43
sS'course'
p1668
I43
sS'h'
p1669
I38
sS'stuff'
p1670
I43
sS'she'
p1671
I32
sS'grapes..fermented'
p1672
I43
sS"laura's"
p1673
I43
sS'"play'
p1674
I43
sS'grizz'
p1675
I43
sS'official'
p1676
I42
sS'nuttin'
p1677
I43
sS'headahhh'
p1678
I43
sS'latin'
p1679
I43
sS'buzzed'
p1680
I43
sS'skateboarding'
p1681
I43
sS'omg'
p1682
I39
sS'wire'
p1683
I43
sS'state'
p1684
I43
sS'supernatural'
p1685
I43
sS'yay!!!,90005\n457180228477931520,jose_mtz,2014-04-18'
p1686
I43
sS'horrible'
p1687
I43
sS'email'
p1688
I43
sS'dirty'
p1689
I43
sS'terrifying.,90005\n502637825821802496,theegreekgod,2014-08-22'
p1690
I43
sS"05:31:28.0,34.06175718,-118.31015943,2117.04,he's"
p1691
I43
sS'job'
p1692
I41
sS'instant'
p1693
I43
sS'joke'
p1694
I43
sS'1mill.%'
p1695
I43
sS'minds'
p1696
I43
sS'spatter'
p1697
I43
sS'omw'
p1698
I43
sS'grounds'
p1699
I43
sS'cc'
p1700
I43
sS'lmaaaoooo'
p1701
I43
sS'ca'
p1702
I43
sS'makin'
p1703
I43
sS'walk'
p1704
I43
sS'laugh'
p1705
I43
sS'07:38:51.0,34.06410813,-118.30916069,2117.04,midnight'
p1706
I43
sS'yay'
p1707
I43
sS'like\xe2\x80\xa6'
p1708
I43
sS"it's"
p1709
I32
sS'af'
p1710
I43
sS'treat'
p1711
I43
sS'bbq'
p1712
I36
sS'469'
p1713
I43
sS'donee'
p1714
I43
sS'orange'
p1715
I43
sS'smoking'
p1716
I43
sS'2011'
p1717
I43
sS'value'
p1718
I42
sS'will'
p1719
I41
sS'hahaha'
p1720
I39
sS'wild'
p1721
I43
sS'vc'
p1722
I43
sS'empanadas'
p1723
I43
sS'almost'
p1724
I43
sS'03:33:37.0,34.06410813,-118.30916069,2117.04,mr'
p1725
I43
sS'site'
p1726
I43
sS'uggg'
p1727
I43
sS'avi'
p1728
I43
sS'dual'
p1729
I43
sS'watched'
p1730
I43
sS'bucks'
p1731
I43
sS'clapp'
p1732
I43
sS'invis\xc3\xadvel'
p1733
I43
sS')'
p1734
I43
sS'juan'
p1735
I43
sS'women>>>>'
p1736
I43
sS'cross'
p1737
I43
sS'digging'
p1738
I43
sS'party'
p1739
I40
sS'phyllo'
p1740
I43
sS'gets'
p1741
I42
sS'tnght'
p1742
I43
sS'pho'
p1743
I41
sS'premiere'
p1744
I43
sS'drink'
p1745
I41
sS'upon'
p1746
I43
sS'-ke$ha'
p1747
I43
sS'ion'
p1748
I43
sS'04:17:55.0,34.06344889,-118.30991342,2117.04,now'
p1749
I43
sS'pull'
p1750
I43
sS'03:45:00.0,34.06336297,-118.30988406,2117.04,hot'
p1751
I43
sS'off'
p1752
I37
sS'center'
p1753
I43
sS'i'
p1754
I2
sS'incredible'
p1755
I43
sS'well'
p1756
I41
sS'thought'
p1757
I40
sS'my\xe2\x80\xa6'
p1758
I43
sS'less'
p1759
I43
sS"should've"
p1760
I43
sS'leak/gossip'
p1761
I43
sS'out?,90010\n489581769096585217,jimjarmuschhair,2014-07-17'
p1762
I43
sS'ubatuba'
p1763
I43
sS'20:11:57.0,34.06466667,-118.31266667,2117.04,damn'
p1764
I43
sS'azalea'
p1765
I43
sS'web'
p1766
I43
sS'rapid'
p1767
I43
sS'vida'
p1768
I43
sS'point'
p1769
I43
sS'sky'
p1770
I43
sS'sheesh.,90010\n502635982479720450,theegreekgod,2014-08-22'
p1771
I43
sS'cinemas)'
p1772
I43
sS'nicki'
p1773
I42
sS'smart'
p1774
I43
sS'is?!?!other'
p1775
I43
sS'know'
p1776
I31
sS'belgium'
p1777
I43
sS'like'
p1778
I26
sS'miami'
p1779
I43
sS'ring'
p1780
I43
sS'talkin'
p1781
I43
sS'14:24:32.0,34.06182675,-118.30978635,2117.04,yesterday'
p1782
I43
sS'works'
p1783
I43
sS'soft'
p1784
I43
sS'italian'
p1785
I43
sS"why's"
p1786
I43
sS'lumpia'
p1787
I43
sS'nigga'
p1788
I42
sS'twitter'
p1789
I41
sS'alive'
p1790
I43
sS'mosquitoes'
p1791
I43
sS'hair'
p1792
I42
sS'proper'
p1793
I43
sS'home'
p1794
I42
sS'happens'
p1795
I43
sS'lead'
p1796
I43
sS'leak'
p1797
I43
sS':-d'
p1798
I43
sS'does'
p1799
I42
sS'schedule'
p1800
I43
sS',90005\n385770559260221440,carsonrapsilver,2013-10-03'
p1801
I43
sS'20:41:46.0,34.06410813,-118.30916069,2117.04,one'
p1802
I43
sS'\xd9\x85\xd9\x88'
p1803
I43
sS'worthy'
p1804
I43
sS'pasta'
p1805
I43
sS'r'
p1806
I42
sS'about'
p1807
I32
sS':-)'
p1808
I43
sS'getting'
p1809
I37
sS'headed'
p1810
I43
sS'nightclub'
p1811
I43
sS'angeles'
p1812
I20
sS'swear'
p1813
I42
sS'sweat'
p1814
I43
sS'1.50$'
p1815
I43
sS'rundmz'
p1816
I43
sS'pussy'
p1817
I43
sS'promise'
p1818
I43
sS'tiny'
p1819
I43
sS'female'
p1820
I43
sS'hmmmmm'
p1821
I43
sS'1984'
p1822
I43
sS'kidding'
p1823
I43
sS'inner'
p1824
I43
sS'07:00:39.0,34.06410813,-118.30916069,2117.04,late'
p1825
I43
sS'16:18:31.0,34.06175283,-118.30928,2117.04,tbt'
p1826
I43
sS'naturally'
p1827
I43
sS'buy'
p1828
I43
sS'north'
p1829
I43
sS'zadi'
p1830
I43
sS'chatting'
p1831
I43
sS"i've"
p1832
I41
sS'bus'
p1833
I43
sS'bitches'
p1834
I43
sS'but'
p1835
I30
sS'\xec\x86\x94\xec\x9e\x8e\xec\x9d\x84'
p1836
I43
sS'hi'
p1837
I43
sS'sprinkling'
p1838
I43
sS'01:48:28.0,34.06342865,-118.30994312,2117.04,chris'
p1839
I43
sS'\xd9\x81\xd9\x8a'
p1840
I43
sS'eat'
p1841
I40
sS'he'
p1842
I34
sS'made'
p1843
I43
sS'places'
p1844
I43
sS'whether'
p1845
I43
sS'wish'
p1846
I43
sS'ahahahha'
p1847
I43
sS'wife'
p1848
I43
sS'signed'
p1849
I43
sS'14:56:22.0,34.06176667,-118.309325,2117.04,gerber'
p1850
I43
sS'empty'
p1851
I43
sS'problem'
p1852
I43
sS'canucks'
p1853
I43
sS"life's"
p1854
I43
sS'skating'
p1855
I43
sS'pic'
p1856
I43
sS'sistaaas'
p1857
I43
sS'ahri'
p1858
I43
sS'ink'
p1859
I43
sS'happen'
p1860
I43
sS'gizmo'
p1861
I43
sS'relaxing'
p1862
I43
sS'variety'
p1863
I43
sS'lately'
p1864
I43
sS'other'
p1865
I40
sS'04:36:53.0,34.06293558,-118.30986175,2117.04,just'
p1866
I43
sS'20:09:44.0,34.06350342,-118.30979347,2117.04,i'
p1867
I43
sS'star'
p1868
I41
sS'monday'
p1869
I42
sS'class'
p1870
I43
sS'stay'
p1871
I42
sS'friend~'
p1872
I43
sS'kinda'
p1873
I43
sS'friends'
p1874
I37
sS'\xe2\x80\x94'
p1875
I41
sS'bck'
p1876
I43
sS"17:43:19.0,34.06287392,-118.30922812,2117.04,i'm"
p1877
I43
sS'macchiato'
p1878
I43
sS'8th'
p1879
I43
s.