(dp0
S''
p1
I1
sS'raining'
p2
I58
sS'pido'
p3
I58
sS'04:44:48.0,34.05231455,-118.28819528,2134.02,my'
p4
I58
sS'sleep'
p5
I48
sS'hanging'
p6
I54
sS'hate'
p7
I52
sS'worked'
p8
I57
sS'relationships'
p9
I58
sS'swag'
p10
I58
sS'marcos'
p11
I58
sS'otra'
p12
I58
sS'igual'
p13
I58
sS'hermano'
p14
I58
sS'sorry'
p15
I58
sS'chill'
p16
I58
sS'updated'
p17
I58
sS'guatemalteco'
p18
I58
sS'espacial'
p19
I58
sS'every'
p20
I57
sS'01:39:00.0,34.04750048,-118.28548798,2134.02,sunday'
p21
I58
sS'screaming'
p22
I58
sS'monkeys'
p23
I58
sS'school'
p24
I50
sS'bestfriend'
p25
I58
sS'cause'
p26
I49
sS'solution'
p27
I58
sS'p\xc3\x9ablica'
p28
I58
sS'heading'
p29
I58
sS'clothes'
p30
I56
sS'\xc2\xbfsab\xc3\xadas'
p31
I58
sS'pr\xc3\x8dncipe'
p32
I57
sS'specially'
p33
I58
sS'tired'
p34
I56
sS'olvide'
p35
I57
sS'second'
p36
I56
sS'kidnap'
p37
I58
sS'bo\xc3\x91ito'
p38
I58
sS'shining'
p39
I58
sS'even'
p40
I49
sS'sexi,90006\n460632092187975680,vanesaestrada14,2014-04-28'
p41
I58
sS'ugly'
p42
I54
sS'enchiladas'
p43
I58
sS'lights'
p44
I58
sS'new'
p45
I49
sS'ever'
p46
I51
sS'told'
p47
I54
sS'kicked'
p48
I57
sS'sacarlo'
p49
I58
sS'pancakes'
p50
I58
sS'never'
p51
I51
sS'here'
p52
I56
sS'\xe2\x9d\xa4\xef\xb8\x8f'
p53
I56
sS'pate'
p54
I58
sS'mes'
p55
I58
sS'niuka'
p56
I58
sS'chino'
p57
I58
sS',90006\n436738416240119809,stacycold,2014-02-21'
p58
I58
sS'kids'
p59
I56
sS'changed'
p60
I57
sS'4:pm'
p61
I58
sS"i'd"
p62
I57
sS'froyo'
p63
I58
sS'akc'
p64
I58
sS"i'm"
p65
I9
sS'wassup'
p66
I58
sS'excitante'
p67
I58
sS'fasil'
p68
I58
sS'feelings'
p69
I58
sS'bro'
p70
I57
sS'visible'
p71
I58
sS'unos'
p72
I54
sS'moral'
p73
I57
sS'08:49:27.0,34.0472832,-118.2846219,2134.02,keep'
p74
I58
sS'txt'
p75
I58
sS'charge'
p76
I58
sS'would'
p77
I56
sS'votando'
p78
I57
sS'played'
p79
I55
sS'vanesa'
p80
I58
sS'm\xc3\xa9xico'
p81
I57
sS',90006\n460633885768810496,vanesaestrada14,2014-04-28'
p82
I58
sS'music'
p83
I54
sS'calm'
p84
I57
sS'tell'
p85
I53
sS'redor'
p86
I58
sS'afrojack'
p87
I58
sS'holy'
p88
I56
sS'relax'
p89
I58
sS'bullshitting'
p90
I58
sS'haha'
p91
I52
sS'hurt'
p92
I51
sS'mires'
p93
I58
sS'warm'
p94
I58
sS'dominicono'
p95
I58
sS'birthdayyyyy'
p96
I58
sS'slowest'
p97
I58
sS'sexi,90006\n460554855463915520,vanesaestrada14,2014-04-27'
p98
I58
sS'must'
p99
I58
sS'me'
p100
I14
sS'enjoying'
p101
I58
sS'word'
p102
I57
sS'conpres'
p103
I58
sS'work'
p104
I54
sS'mi'
p105
I43
sS'temas'
p106
I58
sS'hizo'
p107
I58
sS'movies'
p108
I56
sS'\xd9\x8a\xd8\xa7'
p109
I58
sS':-('
p110
I58
sS'my'
p111
I6
sS'novia'
p112
I58
sS'give'
p113
I57
sS'vos'
p114
I58
sS'dragons'
p115
I58
sS'overheard'
p116
I58
sS'mentioned,90006\n431619190064037888,iithinkcreative,2014-02-07'
p117
I58
sS'keep'
p118
I52
sS'hoe'
p119
I57
sS'iggy'
p120
I58
sS'recovery'
p121
I58
sS'thing'
p122
I53
sS'provide'
p123
I58
sS'machine'
p124
I58
sS'how'
p125
I42
sS'hot'
p126
I55
sS'hop'
p127
I58
sS'buzzin'
p128
I58
sS'beach'
p129
I58
sS'gata'
p130
I57
sS'pizza'
p131
I57
sS'flitivas'
p132
I58
sS'after'
p133
I55
sS'wrong'
p134
I57
sS'lay'
p135
I57
sS'lap'
p136
I58
sS'types'
p137
I58
sS'las'
p138
I51
sS'danny'
p139
I58
sS'padre'
p140
I58
sS'07:12:10.0,34.05202214,-118.289066,2134.02,fuuuuuck'
p141
I58
sS'hasta'
p142
I56
sS'owls'
p143
I56
sS'jungle'
p144
I58
sS'enter'
p145
I57
sS'worst'
p146
I58
sS'democratic'
p147
I58
sS'over'
p148
I55
sS'work!!,90006\n482059320020856832,henrie_h,2014-06-26'
p149
I58
sS'dejes'
p150
I57
sS',90006\n477546115705757696,henrie_h,2014-06-13'
p151
I58
sS'ma\xc3\xb1ana'
p152
I58
sS'mayor'
p153
I58
sS'before'
p154
I57
sS'ima'
p155
I57
sS'tratados'
p156
I57
sS'fit'
p157
I58
sS'somewhere'
p158
I58
sS'gente'
p159
I57
sS'avocado'
p160
I58
sS'padrotefabrica'
p161
I58
sS'better'
p162
I51
sS'2020'
p163
I58
sS'then'
p164
I47
sS'them'
p165
I54
sS'basta'
p166
I47
sS'trippin'
p167
I58
sS'safe'
p168
I58
sS'basta!!ya'
p169
I58
sS'break'
p170
I58
sS'they'
p171
I39
sS'one'
p172
I47
sS'bank'
p173
I58
sS'19:09:28.0,34.05104251,-118.29128263,2134.02,i'
p174
I58
sS'meat'
p175
I58
sS'seve'
p176
I58
sS'doler'
p177
I58
sS'l'
p178
I58
sS'lucero'
p179
I58
sS'explode'
p180
I58
sS'loasemos'
p181
I58
sS'addicted'
p182
I58
sS'went'
p183
I54
sS'side'
p184
I57
sS'luck'
p185
I58
sS'nave'
p186
I58
sS'gunna'
p187
I58
sS'series'
p188
I58
sS'vacuna'
p189
I58
sS'bikinis.vota'
p190
I58
sS'p\xc3\xb3ngase'
p191
I58
sS'forgot'
p192
I58
sS'villana,90006\n460548806015078400,vanesaestrada14,2014-04-27'
p193
I58
sS'ghosts'
p194
I58
sS'porfavor'
p195
I49
sS'rt'
p196
I52
sS'whining'
p197
I58
sS'driving'
p198
I58
sS'sluts'
p199
I58
sS'god'
p200
I58
sS'content'
p201
I58
sS'suyas'
p202
I58
sS'smh'
p203
I58
sS'got'
p204
I41
sS'rn'
p205
I56
sS'forth'
p206
I58
sS'now,90006\n491052934533099520,ms_mimi562,2014-07-21'
p207
I58
sS'hermosa'
p208
I58
sS'foto'
p209
I58
sS'arizona'
p210
I57
sS"doesn't"
p211
I52
sS'chitoso'
p212
I58
sS'free'
p213
I56
sS'wanted'
p214
I58
sS'mvp'
p215
I58
sS'ate'
p216
I57
sS'esplaca'
p217
I58
sS'ata'
p218
I58
sS'regresa'
p219
I57
sS'days'
p220
I57
sS'villana,90006\n460555373380763650,vanesaestrada14,2014-04-27'
p221
I58
sS',90006\n444729567840727041,stacycold,2014-03-15'
p222
I58
sS'transformaci\xc3\xb3n,90006\n460549608196694017,vanesaestrada14,2014-04-27'
p223
I58
sS"today's"
p224
I58
sS"21:17:37.0,34.05023193,-118.28794098,2134.02,let's"
p225
I58
sS'loud'
p226
I58
sS'intentarlo'
p227
I58
sS'enjoy'
p228
I58
sS'transformaci\xc3\xb3n,90006\n460550073466646530,vanesaestrada14,2014-04-27'
p229
I58
sS'already'
p230
I50
sS'comforted'
p231
I58
sS'hearing'
p232
I58
sS'hamstring'
p233
I58
sS'd\xc3\x8das'
p234
I58
sS'another'
p235
I57
sS'you"re'
p236
I58
sS'meterle'
p237
I58
sS'toy'
p238
I58
sS'girly'
p239
I58
sS',90006\n442836988354240512,_oscarcastro,2014-03-10'
p240
I58
sS'girls'
p241
I57
sS'twisted'
p242
I58
sS'too'
p243
I47
sS'adi\xc3\xb3s'
p244
I58
sS'boricua'
p245
I58
sS'inferno'
p246
I58
sS'legs'
p247
I58
sS'padrote'
p248
I51
sS'dogs'
p249
I58
sS'insightful'
p250
I58
sS'convertedo'
p251
I58
sS'segunda'
p252
I57
sS'gym'
p253
I58
sS'took'
p254
I58
sS'wrapped'
p255
I58
sS'06:59:26.0,34.05196735,-118.28902869,2134.02,i'
p256
I58
sS'ecatepec'
p257
I58
sS'diario'
p258
I58
sS'older'
p259
I58
sS'contrastes'
p260
I58
sS'ayudales'
p261
I58
sS'shower'
p262
I58
sS'feeling'
p263
I58
sS'este'
p264
I55
sS'esta'
p265
I48
sS'rats-as'
p266
I58
sS'ran'
p267
I56
sS'esto'
p268
I47
sS'mind'
p269
I56
sS',90006\n482474878847561729,iithinkcreative,2014-06-27'
p270
I58
sS'umm...awkward'
p271
I58
sS'talking'
p272
I58
sS'socio'
p273
I58
sS'seem'
p274
I58
sS'entro'
p275
I58
sS'forced'
p276
I58
sS'person'
p277
I55
sS'soaked'
p278
I58
sS'-'
p279
I55
sS'balling'
p280
I58
sS'bendiones'
p281
I58
sS"nelson's"
p282
I58
sS'gravy'
p283
I58
sS'nobody'
p284
I58
sS'though'
p285
I55
sS'huh'
p286
I58
sS'lucro'
p287
I57
sS'p\xc3\xa1ginas'
p288
I58
sS'ah\xc3\xad'
p289
I58
sS'y'
p290
I32
sS'actriz,90006\n460547977711349761,vanesaestrada14,2014-04-27'
p291
I58
sS'mouth'
p292
I58
sS'20:20:41.0,34.0501903,-118.28794601,2134.02,yeah'
p293
I58
sS'!!ya'
p294
I53
sS'wilhelminamiami'
p295
I58
sS'nostrils'
p296
I58
sS'medical'
p297
I58
sS'dog'
p298
I58
sS'dos'
p299
I57
sS'mensaje'
p300
I58
sS'annoyed'
p301
I57
sS'came'
p302
I58
sS'advisory'
p303
I58
sS'naci\xc3\xb3n'
p304
I58
sS'hunger'
p305
I58
sS'vivimos'
p306
I51
sS'queen'
p307
I58
sS'esclavos'
p308
I58
sS'v.v'
p309
I54
sS'pastooooooooor'
p310
I58
sS'judges'
p311
I58
sS'l.a.c.a'
p312
I58
sS'ni\xc3\x91o'
p313
I58
sS'cousins'
p314
I58
sS'rico'
p315
I56
sS'theme'
p316
I58
sS'!!colombia'
p317
I58
sS'laptop?"'
p318
I58
sS'22:52:29.0,34.0477835,-118.2902826,2134.02,voto'
p319
I58
sS'wearing'
p320
I57
sS'do'
p321
I36
sS'\xc3\x81ngeles'
p322
I58
sS"tortilla's"
p323
I58
sS'de'
p324
I8
sS'watch'
p325
I57
sS'fabrica'
p326
I51
sS'wedding'
p327
I58
sS'nasty'
p328
I58
sS'votantes'
p329
I58
sS'pa\xc3\xads'
p330
I58
sS'bar'
p331
I58
sS'greens'
p332
I58
sS'public'
p333
I58
sS'reload'
p334
I58
sS'bad'
p335
I51
sS'bae'
p336
I58
sS'shots'
p337
I55
sS',90006\n360785313049751552,amelliarmstrong,2013-07-26'
p338
I58
sS'thanks'
p339
I56
sS'decides'
p340
I58
sS'w/'
p341
I58
sS'infectious'
p342
I58
sS'goodnight'
p343
I56
sS'apropiado'
p344
I58
sS'slow-.-'
p345
I58
sS'best'
p346
I53
sS'eres'
p347
I46
sS'said'
p348
I56
sS'pressured'
p349
I58
sS'smoggy'
p350
I58
sS'away'
p351
I58
sS'wikipedia'
p352
I58
sS'stamps'
p353
I58
sS"there's"
p354
I52
sS'finger'
p355
I58
sS'hopefully'
p356
I57
sS'mum'
p357
I58
sS'princess'
p358
I58
sS'22:51:22.0,34.0477835,-118.2902826,2134.02,voto'
p359
I58
sS'discovery'
p360
I58
sS'lamar'
p361
I58
sS'omg'
p362
I58
sS'race!,90006\n481207403526901760,henrie_h,2014-06-23'
p363
I58
sS'21:54:54.0,34.05015143,-118.28812441,2134.02,life'
p364
I58
sS'hip\xc3\x93crita'
p365
I58
sS'loading'
p366
I58
sS'wear'
p367
I57
sS'wtf'
p368
I54
sS'wth'
p369
I58
sS'news'
p370
I58
sS'so....what'
p371
I58
sS'kitchen'
p372
I57
sS'protect'
p373
I58
sS'met'
p374
I58
sS'fault'
p375
I58
sS'ill'
p376
I58
sS'\xd8\xa7\xd9\x84\xd9\x84\xd9\x87\xd9\x85'
p377
I58
sS'una'
p378
I24
sS'argelia'
p379
I58
sS'games'
p380
I58
sS'05:23:58.0,34.05023193,-118.28794098,2134.02,we'
p381
I58
sS'asked'
p382
I57
sS'con'
p383
I29
sS'aleyda,90006\n460549319628554243,vanesaestrada14,2014-04-27'
p384
I58
sS'had'
p385
I53
sS'zzzzzzzzzzzzzzzzzzzzzz'
p386
I58
sS'severos'
p387
I58
sS'2nd'
p388
I58
sS'dulses'
p389
I57
sS'100'
p390
I58
sS'veneno'
p391
I57
sS'now*'
p392
I58
sS'been'
p393
I45
sS'-.-,90006\n499021712206213120,stacycold,2014-08-12'
p394
I58
sS'much'
p395
I52
sS'fry'
p396
I58
sS'doooo'
p397
I58
sS'life'
p398
I50
sS'02:40:24.0,34.04966438,-118.29037824,2134.02,one'
p399
I58
sS'pueden'
p400
I56
sS'hennessy'
p401
I58
sS'persona._artnur'
p402
I58
sS'moneys'
p403
I58
sS'dave'
p404
I58
sS'puedes'
p405
I58
sS'child'
p406
I58
sS'catch'
p407
I58
sS'chili'
p408
I58
sS'xxl'
p409
I51
sS'gracias'
p410
I53
sS'air'
p411
I58
sS'drippin'
p412
I58
sS'near'
p413
I58
sS'suppose'
p414
I57
sS'teachers'
p415
I58
sS'stopping'
p416
I58
sS'mistake'
p417
I58
sS'ridiculously'
p418
I58
sS'nuetros'
p419
I58
sS'mexico'
p420
I57
sS'is'
p421
I16
sS'ir'
p422
I58
sS'it'
p423
I13
sS'iv'
p424
I58
sS'player'
p425
I58
sS'im'
p426
I55
sS'in'
p427
I31
sS'seattle'
p428
I58
sS'infieno'
p429
I58
sS'if'
p430
I44
sS'se\xc3\x91ora'
p431
I56
sS'things'
p432
I53
sS'make'
p433
I53
sS'bella'
p434
I58
sS'hahah'
p435
I57
sS'babies'
p436
I58
sS':(('
p437
I55
sS'toasted'
p438
I58
sS'04:16:55.0,34.0474297,-118.2908916,2134.02,votopor'
p439
I58
sS'ella'
p440
I58
sS'dennys'
p441
I58
sS'hang'
p442
I58
sS'ridahhh'
p443
I58
sS'jealous'
p444
I57
sS'sprinkles'
p445
I58
sS"'hello'"
p446
I58
sS'vistes'
p447
I58
sS'l\xc3\xadmites'
p448
I57
sS'kid'
p449
I58
sS'vermont'
p450
I58
sS'thy'
p451
I58
sS'game'
p452
I52
sS'options'
p453
I58
sS'tho'
p454
I56
sS'mamma'
p455
I58
sS'greatest'
p456
I58
sS'pandora'
p457
I57
sS'mother'
p458
I57
sS'the'
p459
I5
sS'villana,90006\n460552090989785088,vanesaestrada14,2014-04-27'
p460
I58
sS'tha'
p461
I58
sS'left'
p462
I54
sS'just'
p463
I28
sS'sleepy'
p464
I56
sS'animales!!ya'
p465
I58
sS'transforms'
p466
I58
sS'yes'
p467
I53
sS'yet'
p468
I56
sS'hah'
p469
I58
sS'las7:am'
p470
I58
sS'burnt'
p471
I58
sS'new(ish)'
p472
I58
sS'character'
p473
I58
sS'(los'
p474
I57
sS'hay'
p475
I54
sS'haz'
p476
I58
sS'n'
p477
I58
sS'entere'
p478
I58
sS'easy'
p479
I57
sS'bnl'
p480
I44
sS'has'
p481
I51
sS'gave'
p482
I58
sS'reyno'
p483
I58
sS'gustar\xc3\xada'
p484
I58
sS'vagitarians'
p485
I58
sS'?,90006\n424851917689192448,stacycold,2014-01-19'
p486
I58
sS'possible'
p487
I58
sS'reyna'
p488
I36
sS',90006\n473863816967507968,henrie_h,2014-06-03'
p489
I58
sS'06:45:38.0,34.05024784,-118.28805498,2134.02,i'
p490
I58
sS'gustan'
p491
I58
sS'burns'
p492
I58
sS'amigis'
p493
I58
sS'indefenso!!justicia'
p494
I58
sS'nevermind'
p495
I58
sS'selecciones'
p496
I58
sS'50'
p497
I58
sS'night'
p498
I45
sS'hung'
p499
I58
sS'amor'
p500
I56
sS'right'
p501
I47
sS'old'
p502
I54
sS'deal'
p503
I57
sS'people'
p504
I51
sS'conteste'
p505
I58
sS'dead'
p506
I58
sS'deay'
p507
I58
sS'dear'
p508
I58
sS'contests'
p509
I58
sS'creep'
p510
I58
sS'for'
p511
I15
sS'bottom'
p512
I58
sS'normal'
p513
I58
sS'08:50'
p514
I58
sS'comments'
p515
I58
sS'everything'
p516
I57
sS'asking'
p517
I57
sS'quiten'
p518
I58
sS'umm'
p519
I57
sS'foo'
p520
I58
sS'adorable'
p521
I58
sS',90006\n511294840093421569,stacycold,2014-09-14'
p522
I58
sS'06:07:06.0,34.05156621,-118.28956723,2134.02,i'
p523
I58
sS'7-eleven'
p524
I58
sS'ariva'
p525
I58
sS'dodgers....but'
p526
I58
sS'bolt'
p527
I58
sS'graduated'
p528
I58
sS'post'
p529
I58
sS'super'
p530
I55
sS'trophy'
p531
I58
sS'months'
p532
I58
sS'o'
p533
I58
sS'dinner'
p534
I57
sS'mismo'
p535
I58
sS'lagata'
p536
I58
sS'sweater'
p537
I58
sS'presence'
p538
I58
sS'wasting'
p539
I58
sS'selfie'
p540
I58
sS'sol'
p541
I58
sS'mocha'
p542
I58
sS'down'
p543
I49
sS'lies'
p544
I58
sS'juicing'
p545
I58
sS'soy'
p546
I57
sS'honored'
p547
I58
sS'perondo'
p548
I58
sS'hhmmmm'
p549
I58
sS'america'
p550
I58
sS'everything.\xe2\x80\x9d'
p551
I58
sS'leagan'
p552
I58
sS'lags'
p553
I58
sS'stuck'
p554
I57
sS'seeker'
p555
I58
sS'$450.00'
p556
I58
sS'way'
p557
I55
sS'call'
p558
I58
sS'was'
p559
I39
sS'happy'
p560
I45
sS'head'
p561
I58
sS'yolo'
p562
I58
sS'guilted'
p563
I58
sS'indicada'
p564
I58
sS'esposa'
p565
I58
sS'notifications'
p566
I58
sS'seguir'
p567
I58
sS'uncle'
p568
I58
sS'mirada'
p569
I58
sS'true'
p570
I56
sS'happen'
p571
I58
sS'raspado'
p572
I57
sS'until'
p573
I58
sS'prayed'
p574
I58
sS'promises'
p575
I58
sS'proud'
p576
I58
sS'shin'
p577
I56
sS'lleva'
p578
I58
sS'02:43:28.0,34.04985609,-118.29030532,2134.02,sometimes'
p579
I58
sS'drive'
p580
I57
sS'juice)'
p581
I57
sS'cobbler'
p582
I58
sS'schopenhauer_'
p583
I58
sS'emusion'
p584
I58
sS'ship'
p585
I58
sS'annoying'
p586
I57
sS'tienpo12:am:4:am'
p587
I58
sS'check'
p588
I57
sS'shit'
p589
I44
sS'ni'
p590
I57
sS'no'
p591
I18
sS'nd'
p592
I58
sS'anyday'
p593
I58
sS'ny'
p594
I58
sS'tin'
p595
I58
sS'interested'
p596
I58
sS'holding'
p597
I58
sS'test'
p598
I58
sS'diez'
p599
I58
sS'picture'
p600
I58
sS'miren'
p601
I58
sS'publicar'
p602
I58
sS'felt'
p603
I57
sS'weirdest'
p604
I58
sS'l\xc3\x8dmite'
p605
I58
sS'fell'
p606
I57
sS'weekend'
p607
I58
sS'died'
p608
I58
sS'noviembre'
p609
I58
sS'together'
p610
I58
sS"n'"
p611
I58
sS'orgullosa'
p612
I58
sS'time'
p613
I44
sS'serious'
p614
I57
sS':('
p615
I43
sS':)'
p616
I56
sS'chain'
p617
I58
sS'verg\xc3\xbcenza'
p618
I58
sS'hora'
p619
I56
sS'23:54:52.0,34.0477835,-118.2902826,2134.02,voto'
p620
I58
sS'ouch'
p621
I58
sS'menos'
p622
I58
sS'ice'
p623
I52
sS'grateful'
p624
I58
sS'battle'
p625
I58
sS'murmurs'
p626
I58
sS'milk'
p627
I58
sS'tirrra'
p628
I49
sS'suicide'
p629
I58
sS'ver'
p630
I57
sS'comunidad'
p631
I57
sS'22:53:53.0,34.0477835,-118.2902826,2134.02,voto'
p632
I58
sS'cholos'
p633
I58
sS'0'
p634
I58
sS'finally'
p635
I54
sS'cumunidades'
p636
I58
sS'vea'
p637
I58
sS'ven'
p638
I58
sS':(((('
p639
I58
sS'up-.-'
p640
I58
sS'3am'
p641
I58
sS':d'
p642
I57
sS'espa\xc3\xb1ol'
p643
I57
sS':c'
p644
I54
sS'orientations'
p645
I58
sS'cook'
p646
I58
sS'blast'
p647
I58
sS'sonora'
p648
I58
sS'cool'
p649
I57
sS'did'
p650
I47
sS'ollie'
p651
I58
sS'brother'
p652
I55
sS'leave'
p653
I56
sS'p'
p654
I55
sS'team'
p655
I58
sS'quick'
p656
I57
sS'guy'
p657
I57
sS'yall'
p658
I53
sS'olympic'
p659
I57
sS'talked'
p660
I58
sS'regret'
p661
I58
sS'cosa'
p662
I57
sS'dealing'
p663
I58
sS'sign'
p664
I58
sS'perroni'
p665
I58
sS'shirts'
p666
I58
sS'eating'
p667
I55
sS'12:20'
p668
I57
sS'nacas'
p669
I58
sS'07:14:32.0,34.05016689,-118.28811955,2134.02,eating'
p670
I58
sS'04:10:23.0,34.0474297,-118.2908916,2134.02,voto'
p671
I58
sS'goes'
p672
I58
sS'reply'
p673
I55
sS'sweaters'
p674
I57
sS'filled'
p675
I58
sS'leyes'
p676
I58
sS'downloaded'
p677
I58
sS'alone'
p678
I56
sS'abrazar'
p679
I58
sS'teacher'
p680
I58
sS'change'
p681
I56
sS'wait'
p682
I56
sS'buck'
p683
I58
sS'villana,90006\n460553480663339008,vanesaestrada14,2014-04-27'
p684
I58
sS'bruises'
p685
I58
sS'nerviosa'
p686
I58
sS'carpeta'
p687
I58
sS'\xd8\xa2\xd9\x85\xd9\x8a\xd9\x86'
p688
I58
sS'accomplished'
p689
I57
sS'patriotic'
p690
I58
sS'weird'
p691
I55
sS'omggggg'
p692
I58
sS'massage'
p693
I58
sS'grandeza'
p694
I57
sS'love'
p695
I49
sS'extra'
p696
I57
sS'\xd8\xa7\xd8\xb3\xd8\xaa\xd9\x85\xd8\xb1'
p697
I58
sS'1st'
p698
I58
sS'sweating'
p699
I58
sS'pera'
p700
I58
sS'perf'
p701
I58
sS'working'
p702
I58
sS'aye'
p703
I58
sS'chapin'
p704
I58
sS'pero'
p705
I54
sS'by'
p706
I49
sS'live'
p707
I58
sS'sienpre'
p708
I58
sS'todas'
p709
I58
sS'wondering'
p710
I58
sS'today'
p711
I48
sS'raspados'
p712
I58
sS'plurnt\xe2\x9c\x8c\xef\xb8\x8f'
p713
I58
sS'club'
p714
I58
sS'downtown'
p715
I58
sS'actriz,90006\n460553184230903809,vanesaestrada14,2014-04-27'
p716
I58
sS'espero'
p717
I58
sS'everywhere'
p718
I58
sS'no....but'
p719
I58
sS'tokyo'
p720
I58
sS'eeeeee'
p721
I58
sS'car'
p722
I57
sS'cat'
p723
I58
sS'hardest'
p724
I58
sS'homie'
p725
I58
sS'can'
p726
I47
sS'cabeza'
p727
I58
sS'kendrick'
p728
I58
sS'following'
p729
I58
sS'making'
p730
I58
sS'heart'
p731
I55
sS'crazy'
p732
I57
sS'"spoke"'
p733
I58
sS'want'
p734
I42
sS'figure'
p735
I58
sS'choice'
p736
I58
sS'aut\xc3\xb3grafos'
p737
I58
sS"didn't"
p738
I51
sS'fuck'
p739
I48
sS'heard'
p740
I58
sS'spa'
p741
I58
sS'05:01:14.0,34.05182544,-118.28863083,2134.02,lmao'
p742
I58
sS'mike'
p743
I58
sS'05:06:53.0,34.05078787,-118.28705014,2134.02,wow'
p744
I58
sS'1'
p745
I57
sS'till'
p746
I58
sS'pura'
p747
I58
sS'actriz,90006\n460551807794544640,vanesaestrada14,2014-04-27'
p748
I58
sS'flavored'
p749
I58
sS'mas'
p750
I54
sS'laundry'
p751
I58
sS"21:35:37.0,34.05023193,-118.28794098,2134.02,we're"
p752
I58
sS'birthday'
p753
I55
sS'mad'
p754
I57
sS'date'
p755
I55
sS'j.j'
p756
I58
sS'guys'
p757
I51
sS'man'
p758
I50
sS'remember'
p759
I54
sS'maybe'
p760
I56
sS'su'
p761
I46
sS'hoase'
p762
I58
sS'q'
p763
I52
sS'si'
p764
I56
sS'05:07:38.0,34.05079562,-118.28895019,2134.02,&'
p765
I58
sS'so'
p766
I32
sS'block'
p767
I58
sS'tali'
p768
I58
sS'se'
p769
I50
sS'cute'
p770
I57
sS'shoes'
p771
I58
sS'!!justicia!!justicia!!justicia'
p772
I58
sS'22:19:47.0,34.0502078,-118.28798575,2134.02,rode'
p773
I58
sS'years'
p774
I58
sS'ended'
p775
I57
sS'humanida'
p776
I58
sS'orgullo'
p777
I58
sS'cold'
p778
I57
sS'still'
p779
I51
sS'mixup'
p780
I58
sS'blocked'
p781
I58
sS'forma'
p782
I57
sS'thank'
p783
I56
sS"he's"
p784
I57
sS'interesting'
p785
I58
sS'amazing'
p786
I56
sS'birthdayyyy'
p787
I58
sS'gatorade'
p788
I58
sS'norway'
p789
I58
sS'happened'
p790
I57
sS'views'
p791
I58
sS'moms'
p792
I57
sS'killer'
p793
I58
sS'sooner'
p794
I58
sS'lunch'
p795
I58
sS'half'
p796
I57
sS'not'
p797
I25
sS'now'
p798
I32
sS'ahaha'
p799
I58
sS'killed'
p800
I58
sS'nos'
p801
I57
sS'domicano'
p802
I58
sS'name'
p803
I58
sS'james'
p804
I56
sS'desde'
p805
I56
sS'muchas'
p806
I58
sS'edming'
p807
I58
sS'hoy'
p808
I57
sS'em'
p809
I56
sS'el'
p810
I11
sS'en'
p811
I12
sS'lowkey'
p812
I55
sS'yeah'
p813
I53
sS',90006\n482998612712886272,henrie_h,2014-06-28'
p814
I58
sS'year'
p815
I57
sS'girl'
p816
I55
sS'es'
p817
I8
sS'album'
p818
I58
sS'opened'
p819
I58
sS'3rd'
p820
I58
sS'medias'
p821
I58
sS'interference'
p822
I58
sS'looking'
p823
I58
sS'poco'
p824
I57
sS'seriously'
p825
I57
sS"shouldn't"
p826
I58
sS'receiving'
p827
I58
sS'15:34:56.0,34.05240649,-118.28492283,2134.02,how'
p828
I58
sS'dodgers'
p829
I58
sS'tienen'
p830
I56
sS'million'
p831
I58
sS'quite'
p832
I58
sS'besides'
p833
I58
sS'08:30:28.0,34.0523767,-118.28438055,2134.02,no'
p834
I58
sS'tienes'
p835
I58
sS'care'
p836
I56
sS'eskimos'
p837
I58
sS'quemado'
p838
I58
sS'waiter'
p839
I58
sS'yup'
p840
I57
sS'drizzling'
p841
I58
sS'swaggoo'
p842
I58
sS'turn'
p843
I57
sS'place'
p844
I57
sS'horas'
p845
I58
sS'yess'
p846
I58
sS'think'
p847
I50
sS'first'
p848
I55
sS'el!!justicia'
p849
I58
sS'bendiciones'
p850
I55
sS'sistema'
p851
I58
sS'xd'
p852
I50
sS'yourself'
p853
I57
sS'voto'
p854
I55
sS'fast'
p855
I56
sS'sounds'
p856
I58
sS'open'
p857
I58
sS'tomorrow'
p858
I48
sS'city'
p859
I58
sS'little'
p860
I55
sS'anyone'
p861
I56
sS'2'
p862
I54
sS'circo'
p863
I57
sS'desmond'
p864
I58
sS'white'
p865
I58
sS'friend'
p866
I57
sS'gives'
p867
I58
sS'justicia'
p868
I10
sS'eyes'
p869
I55
sS'hug'
p870
I58
sS'that'
p871
I25
sS'andre3000'
p872
I58
sS'boba'
p873
I53
sS'thai'
p874
I58
sS'copy'
p875
I58
sS'than'
p876
I57
sS'22:20:20.0,34.05023243,-118.28795296,2134.02,i'
p877
I58
sS'boyfriend'
p878
I58
sS'11'
p879
I58
sS'10'
p880
I58
sS'12'
p881
I58
sS'lmao'
p882
I51
sS'gotta'
p883
I53
sS'were'
p884
I52
sS'ignorante'
p885
I58
sS'futuro'
p886
I58
sS'and'
p887
I9
sS'coconut'
p888
I58
sS'ana'
p889
I58
sS'angel'
p890
I58
sS'02:51:57.0,34.04758472,-118.29099613,2134.02,idk'
p891
I58
sS'siendo'
p892
I58
sS'marijuana'
p893
I58
sS'alley'
p894
I58
sS'sad'
p895
I58
sS'say'
p896
I52
sS'rent'
p897
I58
sS'breakfast'
p898
I57
sS'saw'
p899
I55
sS'any'
p900
I57
sS'kevin'
p901
I58
sS"mateo's"
p902
I51
sS'wcw'
p903
I58
sS'veteran'
p904
I58
sS'omfg'
p905
I56
sS'squad'
p906
I57
sS'take'
p907
I56
sS'mayer'
p908
I57
sS'mexicana'
p909
I58
sS'sure'
p910
I54
sS'pain'
p911
I58
sS'opposite'
p912
I58
sS'knew'
p913
I55
sS'buffet'
p914
I58
sS'jajajaja'
p915
I58
sS'boiling'
p916
I58
sS'pr\xc3\xb3ximo'
p917
I58
sS'fck'
p918
I58
sS'pedigree'
p919
I58
sS'forever'
p920
I57
sS'im\xc3\xa1genes'
p921
I58
sS'later'
p922
I58
sS'hungry'
p923
I56
sS'dolor'
p924
I57
sS'hear'
p925
I57
sS'sexi,90006\n460551587492937728,vanesaestrada14,2014-04-27'
p926
I58
sS'shop'
p927
I58
sS'rating'
p928
I58
sS'walking'
p929
I58
sS'!!bastabasta'
p930
I58
sS'show'
p931
I58
sS'estoy'
p932
I51
sS'antonlithen'
p933
I58
sS'headshot'
p934
I58
sS'revoltosas'
p935
I58
sS'aint'
p936
I58
sS'\xe2\x9c\x8c'
p937
I55
sS'dice'
p938
I58
sS'\xe2\x9c\x8b'
p939
I58
sS'enough'
p940
I58
sS'02:37:02.0,34.05201918,-118.28971389,2134.02,i'
p941
I58
sS'only'
p942
I53
sS'going'
p943
I52
sS'hanley'
p944
I58
sS'telefono'
p945
I58
sS'awareness'
p946
I58
sS'get'
p947
I29
sS'begging'
p948
I58
sS'expectation'
p949
I58
sS'truly'
p950
I58
sS'yield'
p951
I58
sS'morning'
p952
I55
sS":'("
p953
I57
sS":')"
p954
I58
sS'stupid'
p955
I57
sS"could've"
p956
I58
sS'where'
p957
I52
sS'convertido'
p958
I42
sS'espe'
p959
I58
sS'asleep'
p960
I56
sS'parking'
p961
I58
sS'estamos'
p962
I57
sS'wonder'
p963
I58
sS'fails'
p964
I58
sS'estan'
p965
I58
sS'puntos'
p966
I58
sS'3'
p967
I53
sS'estar'
p968
I58
sS'estas'
p969
I58
sS'between'
p970
I57
sS'dreamer'
p971
I58
sS'haora'
p972
I53
sS'edamame'
p973
I58
sS'libreta'
p974
I58
sS'prettiest'
p975
I58
sS'concentrate'
p976
I58
sS'como'
p977
I53
sS'jk'
p978
I57
sS'tub'
p979
I58
sS'come'
p980
I56
sS'gribo'
p981
I58
sS'many'
p982
I55
sS'adios'
p983
I58
sS'quiet'
p984
I57
sS'.u'
p985
I58
sS'quien'
p986
I57
sS'justicia!!justicia'
p987
I54
sS"can't"
p988
I51
sS'color'
p989
I58
sS'laptop*'
p990
I58
sS'hurts'
p991
I55
sS'por'
p992
I40
sS'period'
p993
I58
sS"couldn't"
p994
I56
sS'69'
p995
I58
sS'comente'
p996
I58
sS'lifes'
p997
I58
sS'mara'
p998
I58
sS'realssssss'
p999
I58
sS'classic'
p1000
I58
sS'dinobots'
p1001
I58
sS'adoptados'
p1002
I58
sS'asesina'
p1003
I58
sS'preciado'
p1004
I58
sS'wants'
p1005
I56
sS'!!firmado'
p1006
I57
sS'direction'
p1007
I58
sS'andrew'
p1008
I58
sS'frontinnn'
p1009
I58
sS'wake'
p1010
I57
sS'those'
p1011
I56
sS'paying'
p1012
I58
sS'myself'
p1013
I56
sS'casa'
p1014
I58
sS'these'
p1015
I51
sS'caso'
p1016
I58
sS'straighten'
p1017
I58
sS'hayes'
p1018
I58
sS'hmmmm'
p1019
I58
sS'taking'
p1020
I58
sS'saltado'
p1021
I58
sS'sincero'
p1022
I58
sS'ive'
p1023
I58
sS'orientation'
p1024
I57
sS'engaged'
p1025
I58
sS'telephone'
p1026
I58
sS'sleeping'
p1027
I58
sS'middle'
p1028
I58
sS'broo'
p1029
I58
sS'sudden'
p1030
I56
sS"08:44:51.0,34.05023193,-118.28794098,2134.02,it's"
p1031
I58
sS"(i'm"
p1032
I58
sS'doro'
p1033
I58
sS'jajajajajajajajajajajaja'
p1034
I58
sS'her...lol'
p1035
I58
sS'\xee\x84\x85\xee\x90\x8b'
p1036
I58
sS'proto'
p1037
I58
sS'pay'
p1038
I58
sS'fender'
p1039
I55
sS'bowl'
p1040
I58
sS'same'
p1041
I57
sS'trip'
p1042
I58
sS'ya'
p1043
I51
sS'yeahhh'
p1044
I58
sS'"i'
p1045
I58
sS'pam'
p1046
I58
sS'todos'
p1047
I55
sS'week'
p1048
I56
sS'persona'
p1049
I58
sS'tipsy'
p1050
I58
sS'arctic'
p1051
I58
sS'barges'
p1052
I58
sS'running'
p1053
I57
sS'fruit'
p1054
I58
sS'arder'
p1055
I58
sS',90006\n523757810308227072,erie_joanne,2014-10-19'
p1056
I58
sS'pr\xc3\xadncipe'
p1057
I57
sS'circos'
p1058
I57
sS'charger'
p1059
I57
sS'"how'
p1060
I58
sS'without'
p1061
I56
sS'gantisado'
p1062
I58
sS'\xc2\xa1no'
p1063
I58
sS'starbucks'
p1064
I57
sS'summer'
p1065
I58
sS'capitulo'
p1066
I58
sS'being'
p1067
I52
sS'money'
p1068
I55
sS'kill'
p1069
I58
sS'speed'
p1070
I58
sS'nick'
p1071
I58
sS"we've"
p1072
I57
sS"everyone's"
p1073
I58
sS'lol,90006\n444729739517755392,stacycold,2014-03-15'
p1074
I58
sS'blog'
p1075
I58
sS'lets'
p1076
I58
sS'webom'
p1077
I58
sS'4'
p1078
I54
sS'7:27'
p1079
I58
sS'real'
p1080
I57
sS'starving'
p1081
I58
sS'mucho'
p1082
I58
sS'around'
p1083
I55
sS'kills'
p1084
I58
sS'peluda'
p1085
I58
sS'ama'
p1086
I58
sS'cura\xc3\xa7ao'
p1087
I58
sS'lado'
p1088
I58
sS'viven'
p1089
I58
sS'gonna'
p1090
I42
sS'early'
p1091
I56
sS'(('
p1092
I57
sS'mom'
p1093
I51
sS'world'
p1094
I53
sS'22:51:01.0,34.05025787,-118.2879785,2134.02,chill'
p1095
I58
sS'cd'
p1096
I58
sS'lady'
p1097
I56
sS'chocolate-covered'
p1098
I58
sS'donations'
p1099
I58
sS'laughing'
p1100
I57
sS'claw'
p1101
I58
sS'accidentally'
p1102
I58
sS'learning'
p1103
I57
sS'joking'
p1104
I57
sS'politi'
p1105
I58
sS'competition'
p1106
I58
sS'excelentes'
p1107
I58
sS'p\xc3\xa1gina'
p1108
I56
sS'm\xc3\xa1s'
p1109
I58
sS'mood'
p1110
I54
sS"noel's"
p1111
I58
sS'memories'
p1112
I58
sS'recorded'
p1113
I57
sS'slick'
p1114
I58
sS'platio'
p1115
I58
sS'throat'
p1116
I58
sS'dies'
p1117
I58
sS'^-^'
p1118
I57
sS'transformers'
p1119
I57
sS'power'
p1120
I58
sS'lmfao'
p1121
I57
sS'each'
p1122
I58
sS'excusas'
p1123
I58
sS'18:02:12.0,34.05151117,-118.289275,2134.02,reunited'
p1124
I58
sS'07:42:56.0,34.04983105,-118.29029341,2134.02,how'
p1125
I58
sS';)'
p1126
I57
sS'throw'
p1127
I57
sS'earlier'
p1128
I58
sS'on'
p1129
I31
sS'ok'
p1130
I57
sS'favorito'
p1131
I58
sS'oh'
p1132
I50
sS'og'
p1133
I58
sS'of'
p1134
I31
sS'favorite'
p1135
I58
sS'trailer'
p1136
I58
sS'assassin'
p1137
I58
sS'or'
p1138
I47
sS'snapchat'
p1139
I57
sS'omlette'
p1140
I58
sS'morir'
p1141
I58
sS'parties'
p1142
I58
sS'elementary'
p1143
I56
sS'your'
p1144
I46
sS'stare'
p1145
I58
sS'unas'
p1146
I58
sS'her'
p1147
I46
sS'ortiz'
p1148
I58
sS'there'
p1149
I51
sS'hey'
p1150
I57
sS'lol'
p1151
I23
sS'start'
p1152
I53
sS'low'
p1153
I58
sS'lot'
p1154
I58
sS'media'
p1155
I58
sS'that!she'
p1156
I58
sS'muy'
p1157
I54
sS'brain'
p1158
I58
sS'trying'
p1159
I53
sS'with'
p1160
I29
sS'yayo'
p1161
I58
sS"they're"
p1162
I53
sS'pharrell'
p1163
I55
sS"wasn't"
p1164
I57
sS'agh'
p1165
I58
sS'churro'
p1166
I58
sS'strawberry'
p1167
I58
sS'usted'
p1168
I58
sS'gone'
p1169
I58
sS'af'
p1170
I57
sS'certain'
p1171
I57
sS'am'
p1172
I58
sS'al'
p1173
I55
sS'deep'
p1174
I58
sS'an'
p1175
I52
sS'tengo'
p1176
I56
sS'at'
p1177
I30
sS'walks'
p1178
I58
sS'tenga'
p1179
I55
sS'film'
p1180
I58
sS'cream'
p1181
I54
sS'again'
p1182
I52
sS'video]'
p1183
I56
sS'deserve'
p1184
I58
sS'saturday'
p1185
I57
sS'5'
p1186
I58
sS'you'
p1187
I7
sS'agotaron'
p1188
I58
sS'selecci\xc3\xb3n'
p1189
I58
sS"gon'"
p1190
I58
sS'due\xc3\x91o'
p1191
I58
sS'registry'
p1192
I58
sS'fresh'
p1193
I58
sS'alcohol'
p1194
I58
sS'building'
p1195
I58
sS'fuckin'
p1196
I58
sS'calls'
p1197
I58
sS'3-1'
p1198
I58
sS'hello'
p1199
I58
sS'oportunidad'
p1200
I58
sS'nelson'
p1201
I58
sS'alright'
p1202
I56
sS'bendecidos'
p1203
I58
sS'all'
p1204
I25
sS'chinese'
p1205
I58
sS'messi'
p1206
I58
sS'lack'
p1207
I58
sS'fuego'
p1208
I58
sS'dise'
p1209
I58
sS'follow'
p1210
I56
sS'children'
p1211
I58
sS'tu'
p1212
I52
sS'to'
p1213
I3
sS'aaron'
p1214
I58
sS'ignorancia'
p1215
I58
sS'22:50:29.0,34.0477835,-118.2902826,2134.02,voto'
p1216
I58
sS'ti'
p1217
I58
sS'tf'
p1218
I56
sS'manda'
p1219
I58
sS'"hardest"'
p1220
I58
sS'te'
p1221
I50
sS'hill'
p1222
I58
sS'sound'
p1223
I58
sS'worse'
p1224
I58
sS'song'
p1225
I57
sS'very'
p1226
I58
sS'fav'
p1227
I58
sS'afecten'
p1228
I58
sS'fat'
p1229
I57
sS'focus'
p1230
I58
sS'verb'
p1231
I58
sS'fan'
p1232
I56
sS'votaciones'
p1233
I58
sS'fam'
p1234
I58
sS'difference'
p1235
I57
sS'pueblo'
p1236
I57
sS'17th'
p1237
I58
sS'peor'
p1238
I56
sS'sane'
p1239
I58
sS'lesbians'
p1240
I58
sS'20th'
p1241
I58
sS"i'll"
p1242
I45
sS'humongous'
p1243
I58
sS'instagram'
p1244
I58
sS'tea'
p1245
I58
sS'paso'
p1246
I57
sS'past'
p1247
I58
sS'sellevan'
p1248
I58
sS'pass'
p1249
I57
sS'nba'
p1250
I58
sS'what'
p1251
I46
sS'"mcm"'
p1252
I58
sS'sun'
p1253
I57
sS'section'
p1254
I58
sS'milk"'
p1255
I58
sS'coronen'
p1256
I58
sS'crush'
p1257
I58
sS'sus'
p1258
I56
sS'learned'
p1259
I58
sS'cruse'
p1260
I58
sS'suy'
p1261
I58
sS'pug'
p1262
I58
sS'pincipe'
p1263
I57
sS'crueldad'
p1264
I56
sS'hahaha'
p1265
I58
sS'situation'
p1266
I58
sS'p\xc3\xbablico'
p1267
I57
sS'ahead'
p1268
I58
sS'lomo'
p1269
I58
sS'social'
p1270
I58
sS'llevar\xc3\xada'
p1271
I58
sS'govieno'
p1272
I58
sS'exited'
p1273
I58
sS'puy'
p1274
I58
sS'arjana'
p1275
I58
sS'minutos'
p1276
I57
sS'via'
p1277
I57
sS'followed'
p1278
I58
sS'family'
p1279
I58
sS'texts'
p1280
I58
sS'otros'
p1281
I57
sS'memos'
p1282
I58
sS'eya'
p1283
I58
sS'munchies'
p1284
I58
sS'texting'
p1285
I57
sS'two'
p1286
I56
sS'zedd'
p1287
I58
sS'6'
p1288
I55
sS'taken'
p1289
I58
sS'more'
p1290
I53
sS'sue\xc3\x91os'
p1291
I56
sS'tryna'
p1292
I58
sS'mira'
p1293
I57
sS'eyebrowsssss'
p1294
I58
sS'excuse'
p1295
I57
sS'floyd'
p1296
I58
sS"ain't"
p1297
I55
sS'tees'
p1298
I58
sS'glad'
p1299
I56
sS'keeping'
p1300
I58
sS'cruelda'
p1301
I58
sS'hour'
p1302
I58
sS'recall'
p1303
I58
sS"runnin'"
p1304
I58
sS'csusm'
p1305
I58
sS'malo'
p1306
I58
sS'del'
p1307
I54
sS'dem'
p1308
I57
sS'learn'
p1309
I57
sS'knocked'
p1310
I58
sS'male'
p1311
I58
sS'mala'
p1312
I58
sS'beautiful'
p1313
I57
sS"21:55:32.0,34.04728578,-118.29051543,2134.02,i'm"
p1314
I58
sS'russia/korea'
p1315
I58
sS'accept'
p1316
I58
sS'est\xc3\x89s'
p1317
I58
sS'sense'
p1318
I58
sS'raza'
p1319
I58
sS'/'
p1320
I58
sS'goal'
p1321
I57
sS'awkward'
p1322
I58
sS'rather'
p1323
I58
sS'breaking'
p1324
I57
sS'renew'
p1325
I58
sS'pincepes'
p1326
I58
sS'octor'
p1327
I58
sS'reyes'
p1328
I58
sS'sandwich'
p1329
I58
sS'okay'
p1330
I55
sS'rude'
p1331
I58
sS'advice'
p1332
I58
sS'nesecita'
p1333
I58
sS'maite'
p1334
I58
sS'babbbbbbbbbbby'
p1335
I58
sS'jajaja'
p1336
I58
sS'numb'
p1337
I58
sS'coming'
p1338
I57
sS'tacos'
p1339
I57
sS'a'
p1340
I4
sS'refuse'
p1341
I58
sS'short'
p1342
I58
sS'funday'
p1343
I58
sS'susan'
p1344
I58
sS'shady'
p1345
I58
sS'23:05:32.0,34.0477835,-118.2902826,2134.02,voto'
p1346
I58
sS't\xc3\xada'
p1347
I55
sS'scaring'
p1348
I58
sS':-)))'
p1349
I58
sS'banks'
p1350
I58
sS'dream'
p1351
I56
sS'playing'
p1352
I56
sS'!!yes'
p1353
I58
sS"that's"
p1354
I44
sS'chicks'
p1355
I58
sS'help'
p1356
I57
sS"don't"
p1357
I31
sS'paisano'
p1358
I58
sS'soon'
p1359
I57
sS'paper'
p1360
I58
sS'committed'
p1361
I58
sS'hell'
p1362
I56
sS'its'
p1363
I56
sS'24'
p1364
I58
sS'25'
p1365
I58
sS'21'
p1366
I58
sS'siglo'
p1367
I50
sS'serjio'
p1368
I57
sS'dar\xc3\xada'
p1369
I58
sS'actually'
p1370
I57
sS'late'
p1371
I55
sS'adoptar'
p1372
I58
sS'soccer'
p1373
I55
sS'sauce'
p1374
I58
sS"haven't"
p1375
I57
sS'good'
p1376
I33
sS'yo'
p1377
I49
sS'food'
p1378
I54
sS'goon'
p1379
I58
sS'reigning'
p1380
I58
sS"you've"
p1381
I56
sS'sexi,90006\n460553699626999808,vanesaestrada14,2014-04-27'
p1382
I58
sS'complain'
p1383
I58
sS'always'
p1384
I52
sS'10:32:45.0,34.052381,-118.28929571,2134.02,i'
p1385
I58
sS'porte'
p1386
I39
sS'pides'
p1387
I57
sS'bless'
p1388
I58
sS'someone'
p1389
I54
sS'comiste'
p1390
I58
sS'found'
p1391
I56
sS'biscuits'
p1392
I58
sS"isn't"
p1393
I57
sS'everyone'
p1394
I56
sS'house'
p1395
I54
sS'fish'
p1396
I58
sS'hard'
p1397
I55
sS'idea'
p1398
I58
sS'gun'
p1399
I57
sS'sober'
p1400
I58
sS'sexi,90006\n460633734127951872,vanesaestrada14,2014-04-28'
p1401
I58
sS'todo'
p1402
I55
sS'really'
p1403
I47
sS'20.1'
p1404
I58
sS'hungryyyyyyyy'
p1405
I58
sS'missed'
p1406
I56
sS'<<<'
p1407
I58
sS'away*my'
p1408
I58
sS'scoops'
p1409
I58
sS'robert'
p1410
I58
sS'since'
p1411
I57
sS'research'
p1412
I58
sS'aleyda'
p1413
I30
sS'avotar'
p1414
I58
sS'safety'
p1415
I58
sS'perro'
p1416
I57
sS'7'
p1417
I58
sS'perra'
p1418
I58
sS'issue'
p1419
I58
sS'ass'
p1420
I52
sS'craving'
p1421
I58
sS'friday'
p1422
I58
sS'guess'
p1423
I56
sS'deditos'
p1424
I58
sS'reason'
p1425
I54
sS'asf'
p1426
I57
sS'ase'
p1427
I58
sS'put'
p1428
I57
sS'asi'
p1429
I58
sS'shot'
p1430
I58
sS'beast'
p1431
I58
sS'e.e'
p1432
I55
sS',90006\n395395098650763264,stacycold,2013-10-30'
p1433
I58
sS'juzgado'
p1434
I57
sS'american'
p1435
I56
sS'expecting'
p1436
I57
sS'dejo'
p1437
I58
sS'dont'
p1438
I58
sS'feel'
p1439
I49
sS'promedio'
p1440
I58
sS'22:56:50.0,34.0477835,-118.2902826,2134.02,voto'
p1441
I58
sS'number'
p1442
I56
sS'done'
p1443
I57
sS'miss'
p1444
I55
sS'story'
p1445
I57
sS'tel\xc3\xa9fono'
p1446
I58
sS'mundo'
p1447
I58
sS"huicho's"
p1448
I58
sS'least'
p1449
I57
sS'station'
p1450
I58
sS'headache'
p1451
I58
sS'pare'
p1452
I58
sS'para'
p1453
I18
sS"i'ma"
p1454
I58
sS'part'
p1455
I58
sS'king'
p1456
I58
sS'b'
p1457
I58
sS'compliments'
p1458
I58
sS'double'
p1459
I58
sS'getaway'
p1460
I58
sS'remos'
p1461
I58
sS'teva'
p1462
I57
sS'dank'
p1463
I58
sS'21:32:43.0,34.05016016,-118.28797359,2134.02,goooooaaaallllll'
p1464
I58
sS'dang'
p1465
I58
sS'ousted'
p1466
I58
sS'mandararon'
p1467
I58
sS'deciding'
p1468
I58
sS'swerve'
p1469
I58
sS'bartley'
p1470
I58
sS'juice'
p1471
I53
sS'2slurps'
p1472
I58
sS'pantalones'
p1473
I58
sS'lie'
p1474
I56
sS'wilson'
p1475
I58
sS'poner'
p1476
I58
sS'21:54:35.0,34.05017336,-118.28797804,2134.02,ganamos'
p1477
I58
sS'pasan'
p1478
I58
sS'23:02:27.0,34.0477835,-118.2902826,2134.02,voto'
p1479
I58
sS'sandwiches'
p1480
I58
sS'play'
p1481
I55
sS'[official'
p1482
I56
sS'torito'
p1483
I58
sS'most'
p1484
I58
sS'virus'
p1485
I58
sS'kap'
p1486
I58
sS'experiences'
p1487
I58
sS'nothing'
p1488
I55
sS'eskimo'
p1489
I57
sS'funnies'
p1490
I58
sS'animales'
p1491
I34
sS'grams'
p1492
I58
sS'sometimes'
p1493
I58
sS'firma'
p1494
I58
sS'ugh'
p1495
I58
sS'celebrities'
p1496
I58
sS'keila'
p1497
I58
sS'pa\xc3\x8dses'
p1498
I58
sS'21:48:25.0,34.05017207,-118.28797576,2134.02,spain'
p1499
I58
sS'stfu'
p1500
I57
sS'guest/official'
p1501
I58
sS'stalker'
p1502
I58
sS'find'
p1503
I56
sS'zumba'
p1504
I56
sS'nervous'
p1505
I58
sS'pretty'
p1506
I53
sS'grecia'
p1507
I58
sS'california)'
p1508
I58
sS'8'
p1509
I57
sS'porque'
p1510
I57
sS'his'
p1511
I52
sS'hit'
p1512
I55
sS'reportero'
p1513
I58
sS'wonky'
p1514
I58
sS"brenda's"
p1515
I58
sS'11-4'
p1516
I58
sS',90006\n481193626253275136,henrie_h,2014-06-23'
p1517
I58
sS'paleta'
p1518
I58
sS'him'
p1519
I55
sS'enemy'
p1520
I57
sS'fluff'
p1521
I57
sS'cry'
p1522
I57
sS'low-low'
p1523
I58
sS'x'
p1524
I56
sS'insane'
p1525
I58
sS'set'
p1526
I57
sS'ser'
p1527
I51
sS'throwing'
p1528
I58
sS'espys'
p1529
I58
sS'sex'
p1530
I56
sS',90006\n391090036579368960,stacycold,2013-10-18'
p1531
I58
sS'see'
p1532
I48
sS'dumb'
p1533
I57
sS'are'
p1534
I30
sS'leo\xe2\x80\xa6'
p1535
I58
sS'sen'
p1536
I58
sS'nap'
p1537
I58
sS"maggie's"
p1538
I58
sS'vitamins'
p1539
I58
sS'movie'
p1540
I56
sS'wow'
p1541
I58
sS'juego'
p1542
I57
sS'nutella'
p1543
I56
sS'03:41:52.0,34.05182569,-118.28863094,2134.02,hahaha,90006\n391616687260188672,stacycold,2013-10-19'
p1544
I58
sS'<3,90006\n512830054682722304,erniie,2014-09-19'
p1545
I58
sS'won'
p1546
I57
sS'probably'
p1547
I54
sS'hold'
p1548
I58
sS'nope'
p1549
I58
sS'11:50:07.0,34.051491,-118.289718,2134.02,image'
p1550
I58
sS'univision'
p1551
I58
sS'missing'
p1552
I58
sS'attention'
p1553
I57
sS'coffee'
p1554
I58
sS'pagan'
p1555
I58
sS'cueldad'
p1556
I58
sS'league'
p1557
I58
sS'c'
p1558
I52
sS'last'
p1559
I53
sS'indefenso'
p1560
I58
sS"wouldn't"
p1561
I58
sS'barely'
p1562
I58
sS'18.98'
p1563
I58
sS'weirdo'
p1564
I58
sS'whole'
p1565
I58
sS'\xe2\x98\xba'
p1566
I58
sS'point'
p1567
I57
sS'battery'
p1568
I58
sS':((('
p1569
I58
sS'weirdass'
p1570
I58
sS'coincidence'
p1571
I58
sS'church'
p1572
I57
sS'rave'
p1573
I58
sS'mission'
p1574
I58
sS'ferrero'
p1575
I58
sS'creativity'
p1576
I58
sS'cielo'
p1577
I58
sS'hitting'
p1578
I58
sS'damn'
p1579
I55
sS'peppers'
p1580
I58
sS'meeting'
p1581
I58
sS'woke'
p1582
I57
sS'elefantes'
p1583
I57
sS'yossi'
p1584
I58
sS'sending'
p1585
I58
sS"what's"
p1586
I55
sS'sufrir'
p1587
I58
sS'gas'
p1588
I58
sS'else'
p1589
I57
sS'spinach-avocado-onion-cilantro'
p1590
I58
sS'whatever'
p1591
I58
sS'awake'
p1592
I56
sS'pincesa'
p1593
I37
sS'fu\xc3\x89'
p1594
I58
sS'georgia'
p1595
I58
sS'look'
p1596
I52
sS'phora'
p1597
I56
sS'straight'
p1598
I58
sS'while'
p1599
I58
sS'theres'
p1600
I58
sS'calculator'
p1601
I58
sS'cangrejista'
p1602
I58
sS'rip'
p1603
I58
sS'smh!,90006\n432056940668010496,iithinkcreative,2014-02-08'
p1604
I58
sS'sexi,90006\n460552443302903808,vanesaestrada14,2014-04-27'
p1605
I58
sS'busca'
p1606
I58
sS'nueces'
p1607
I58
sS'ready'
p1608
I57
sS'20:58:14.0,34.05226882,-118.28819725,2134.02,at'
p1609
I58
sS'voy'
p1610
I58
sS'funny'
p1611
I57
sS'shirt'
p1612
I58
sS'anymore'
p1613
I58
sS'acaba'
p1614
I58
sS'jurado'
p1615
I58
sS'metrolink'
p1616
I58
sS'llorondo'
p1617
I58
sS'used'
p1618
I58
sS'classmates'
p1619
I58
sS'keys'
p1620
I58
sS'yesterday'
p1621
I56
sS'stacy'
p1622
I58
sS'moment'
p1623
I58
sS'purpose'
p1624
I58
sS'arturo'
p1625
I57
sS'dark'
p1626
I58
sS'entre'
p1627
I58
sS'craved'
p1628
I58
sS'spent'
p1629
I58
sS'reflejo'
p1630
I58
sS'hago'
p1631
I58
sS'lil'
p1632
I55
sS'07:54:46.0,34.04983929,-118.29033059,2134.02,a'
p1633
I58
sS'spend'
p1634
I58
sS',90006\n486376039564587008,stacycold,2014-07-08'
p1635
I58
sS'opinar'
p1636
I58
sS'nuestra'
p1637
I57
sS'unte'
p1638
I58
sS'questions'
p1639
I57
sS'using'
p1640
I58
sS'praying'
p1641
I58
sS'meanest'
p1642
I58
sS'tables'
p1643
I58
sS'inocente'
p1644
I58
sS'cus'
p1645
I58
sS'cup'
p1646
I57
sS'tierno'
p1647
I58
sS'cuz'
p1648
I58
sS'21:26:57.0,34.05023193,-118.28794098,2134.02,no'
p1649
I58
sS'puesto'
p1650
I58
sS'weirder'
p1651
I58
sS'parents'
p1652
I58
sS'crying'
p1653
I57
sS'homies'
p1654
I58
sS'pfffffft'
p1655
I57
sS'surprised'
p1656
I58
sS'tomar'
p1657
I58
sS'pincesas'
p1658
I58
sS'big'
p1659
I56
sS'couple'
p1660
I58
sS'kaso'
p1661
I58
sS'volver'
p1662
I58
sS'angelito'
p1663
I54
sS'forman'
p1664
I58
sS'knock'
p1665
I58
sS'd'
p1666
I58
sS'01:11:13.0,34.05026871,-118.2879221,2134.02,,90006\n477568198460465152,henrie_h,2014-06-13'
p1667
I58
sS'ablar'
p1668
I58
sS'educaci\xc3\x93n'
p1669
I58
sS'roscoes'
p1670
I58
sS'piedad'
p1671
I55
sS"eatin'"
p1672
I58
sS'often'
p1673
I58
sS'fucking'
p1674
I58
sS'tambi\xc3\xa9n'
p1675
I57
sS'semana'
p1676
I58
sS'some'
p1677
I49
sS'back'
p1678
I53
sS'ah'
p1679
I58
sS'oportunida'
p1680
I58
sS'publico'
p1681
I58
sS'gracia'
p1682
I58
sS'\xe2\x98\xba\xef\xb8\x8f,90006\n518157426353131523,big_swift,2014-10-03'
p1683
I58
sS'madrina'
p1684
I58
sS'queridos'
p1685
I58
sS'pee'
p1686
I58
sS'nose'
p1687
I58
sS'be'
p1688
I27
sS'patient'
p1689
I58
sS'bc'
p1690
I58
sS'uff'
p1691
I58
sS'nuevo'
p1692
I58
sS'puras'
p1693
I58
sS'usc'
p1694
I58
sS'tripping'
p1695
I58
sS'a\xc3\xb1os'
p1696
I58
sS'nabila'
p1697
I58
sS'anything'
p1698
I56
sS'haganme'
p1699
I58
sS'iced'
p1700
I57
sS'truck'
p1701
I58
sS'drama'
p1702
I58
sS'idk'
p1703
I56
sS'positive'
p1704
I58
sS'21:33:15.0,34.05017247,-118.2879663,2134.02,goal'
p1705
I58
sS'wanna'
p1706
I45
sS'silence'
p1707
I58
sS'trate'
p1708
I58
sS'ppl'
p1709
I58
sS'greenfield'
p1710
I58
sS'se\xc3\xb1ora'
p1711
I57
sS'teniendo'
p1712
I58
sS'into'
p1713
I54
sS'*classmate'
p1714
I58
sS'because'
p1715
I56
sS'\xc3\x81ngel'
p1716
I58
sS'sports'
p1717
I58
sS',90006\n468133482544123905,soojinnnnnnn,2014-05-18'
p1718
I58
sS'all\xc3\xa1'
p1719
I58
sS'inicios'
p1720
I58
sS'ca)'
p1721
I58
sS'long'
p1722
I55
sS"we're"
p1723
I57
sS'forward'
p1724
I58
sS'bored'
p1725
I56
sS'scared'
p1726
I58
sS'ledue'
p1727
I58
sS'invita'
p1728
I58
sS'invite'
p1729
I57
sS'brazos'
p1730
I58
sS',90006\n444370384930893824,stacycold,2014-03-14'
p1731
I58
sS'familia'
p1732
I56
sS'._'
p1733
I37
sS'5-1'
p1734
I58
sS'\xe2\x99\xa5'
p1735
I58
sS'rejection'
p1736
I58
sS'.o'
p1737
I58
sS'up'
p1738
I40
sS'us'
p1739
I55
sS'stalking'
p1740
I58
sS'un'
p1741
I22
sS'.~'
p1742
I58
sS'faded'
p1743
I57
sS'.s'
p1744
I58
sS'called'
p1745
I56
sS'maltratados'
p1746
I58
sS'dile'
p1747
I58
sS'necesita'
p1748
I55
sS'struggled'
p1749
I58
sS'nah'
p1750
I58
sS'pimero'
p1751
I58
sS'cuenta'
p1752
I57
sS'excuses'
p1753
I58
sS'le\xc3\x93n'
p1754
I57
sS'nice'
p1755
I51
sS'papa'
p1756
I58
sS',90006\n395415071037206528,stacycold,2013-10-30'
p1757
I58
sS'rested'
p1758
I58
sS'04:14:49.0,34.0474297,-118.2908916,2134.02,voto'
p1759
I58
sS'narmer'
p1760
I58
sS'majestad'
p1761
I58
sS'we'
p1762
I45
sS'youtube'
p1763
I58
sS'aga'
p1764
I58
sS'm\xc3\xadnimo'
p1765
I58
sS'fensores'
p1766
I58
sS'karma'
p1767
I58
sS'far'
p1768
I58
sS"she's"
p1769
I57
sS'having'
p1770
I57
sS'once'
p1771
I57
sS'essay'
p1772
I58
sS'saying'
p1773
I57
sS'go'
p1774
I19
sS'gn'
p1775
I58
sS'junio'
p1776
I58
sS'vacunada'
p1777
I58
sS'young'
p1778
I58
sS'send'
p1779
I58
sS'blaze'
p1780
I58
sS'continues'
p1781
I58
sS'agua'
p1782
I58
sS'putting'
p1783
I58
sS'telling'
p1784
I58
sS'aplaude'
p1785
I58
sS'minerals'
p1786
I58
sS'entire'
p1787
I58
sS'knight'
p1788
I58
sS'miras'
p1789
I57
sS'try'
p1790
I57
sS'attire"'
p1791
I58
sS'15:12:58.0,34.05208136,-118.2901633,2134.02,what'
p1792
I58
sS'ahahahaha'
p1793
I58
sS'challenge'
p1794
I58
sS'!!basta'
p1795
I57
sS'wrestling'
p1796
I58
sS'est\xc3\xa1'
p1797
I58
sS'waking'
p1798
I58
sS'carla'
p1799
I57
sS'ni\xc3\x91os'
p1800
I58
sS'video'
p1801
I58
sS'uncomfortable'
p1802
I58
sS'belleza'
p1803
I57
sS'est\xc3\x89'
p1804
I58
sS'giving'
p1805
I57
sS'tbmn'
p1806
I58
sS'waiting'
p1807
I58
sS'poles'
p1808
I58
sS'sue\xc3\x91o'
p1809
I58
sS'body'
p1810
I58
sS'n.n'
p1811
I56
sS'chose'
p1812
I58
sS'leg'
p1813
I57
sS'recuerdes'
p1814
I58
sS'leo'
p1815
I58
sS'packing'
p1816
I58
sS'let'
p1817
I56
sS'cuando'
p1818
I58
sS'siguen'
p1819
I58
sS'sexy'
p1820
I58
sS'great'
p1821
I57
sS'30'
p1822
I58
sS'*as'
p1823
I58
sS'leaving'
p1824
I58
sS'maullar'
p1825
I58
sS'gene'
p1826
I58
sS'makes'
p1827
I55
sS'thats'
p1828
I56
sS',90006\n486375848224636928,stacycold,2014-07-08'
p1829
I58
sS'win'
p1830
I53
sS'wit'
p1831
I58
sS'berendo'
p1832
I58
sS',90006\n391082994221334528,stacycold,2013-10-18'
p1833
I58
sS'dejar'
p1834
I58
sS'use'
p1835
I56
sS'from'
p1836
I52
sS',90006\n395791033209872385,stacycold,2013-10-31'
p1837
I58
sS'&'
p1838
I45
sS'atr\xc3\x81s'
p1839
I58
sS'next'
p1840
I56
sS'doubt'
p1841
I58
sS'crab'
p1842
I58
sS'panel'
p1843
I58
sS'$20'
p1844
I58
sS'popped'
p1845
I58
sS'babe'
p1846
I58
sS'started'
p1847
I58
sS'about'
p1848
I43
sS'sore'
p1849
I57
sS'train'
p1850
I58
sS'central'
p1851
I58
sS'suceptible'
p1852
I58
sS'women'
p1853
I58
sS'rice'
p1854
I57
sS'this'
p1855
I27
sS'ride'
p1856
I58
sS'when'
p1857
I36
sS'boooooooooooo'
p1858
I58
sS'obvious'
p1859
I55
sS'closing'
p1860
I58
sS'anybody'
p1861
I58
sS'hip'
p1862
I58
sS'links'
p1863
I58
sS'slim'
p1864
I58
sS'halloween'
p1865
I58
sS'high'
p1866
I58
sS'something'
p1867
I50
sS'blvd'
p1868
I58
sS'tan'
p1869
I56
sS'csun'
p1870
I58
sS'verla'
p1871
I58
sS'pinscipales'
p1872
I58
sS'democracy'
p1873
I58
sS'importar'
p1874
I58
sS'run'
p1875
I58
sS'animal'
p1876
I55
sS'opina'
p1877
I58
sS'usain'
p1878
I58
sS'thick...andobese...\xe2\x80\x9d'
p1879
I58
sS'sin'
p1880
I55
sS'socked'
p1881
I58
sS'uhhh'
p1882
I58
sS'attend'
p1883
I58
sS'stop'
p1884
I55
sS'paintball'
p1885
I58
sS'!!justicia!!justicia'
p1886
I57
sS'taco'
p1887
I57
sS'da'
p1888
I58
sS'!!justicia'
p1889
I20
sS'realized'
p1890
I56
sS'vacunes'
p1891
I58
sS'mudo'
p1892
I58
sS'9am'
p1893
I58
sS'bakery'
p1894
I58
sS'addiction'
p1895
I58
sS'10minutos'
p1896
I58
sS'10:45:49.0,34.0498202,-118.2903251,2134.02,at'
p1897
I58
sS'joanne'
p1898
I58
sS"won't"
p1899
I55
sS'bunch'
p1900
I57
sS'perfect'
p1901
I57
sS'write'
p1902
I58
sS'le'
p1903
I50
sS'roja'
p1904
I58
sS'la'
p1905
I11
sS'rojo'
p1906
I58
sS'lo'
p1907
I46
sS'labor'
p1908
I58
sS'permanent'
p1909
I58
sS'puerto'
p1910
I57
sS'pfffft'
p1911
I58
sS'holiday'
p1912
I58
sS'dad'
p1913
I54
sS'!!carcel'
p1914
I58
sS'!!basta!!basta'
p1915
I58
sS'pushing!,90006\n523637971996905472,erie_joanne,2014-10-19'
p1916
I58
sS'dispuesta'
p1917
I58
sS'instead'
p1918
I58
sS'day'
p1919
I52
sS'escuela'
p1920
I58
sS'warned'
p1921
I58
sS'truth'
p1922
I58
sS'beneath'
p1923
I58
sS"mars'"
p1924
I58
sS'|'
p1925
I58
sS'modo'
p1926
I57
sS'ofendiendo'
p1927
I58
sS'doing'
p1928
I56
sS'buena'
p1929
I58
sS'product'
p1930
I58
sS'8%'
p1931
I58
sS'\xd8\xad\xd8\xb1'
p1932
I58
sS'books'
p1933
I58
sS'our'
p1934
I52
sS'apoyo'
p1935
I58
sS'marley'
p1936
I58
sS'special'
p1937
I58
sS'out'
p1938
I35
sS'rey'
p1939
I53
sS'frontier'
p1940
I58
sS'armor'
p1941
I58
sS'as\xc3\xad'
p1942
I58
sS'rec'
p1943
I58
sS'contigo'
p1944
I58
sS'reg'
p1945
I58
sS'red'
p1946
I58
sS'shut'
p1947
I55
sS'o.o'
p1948
I54
sS'ipod'
p1949
I57
sS'molly'
p1950
I57
sS'princesa'
p1951
I58
sS'que'
p1952
I17
sS'steering'
p1953
I58
sS'scary'
p1954
I57
sS'brazy'
p1955
I58
sS'could'
p1956
I54
sS'salvajes'
p1957
I58
sS'florida'
p1958
I58
sS'times'
p1959
I57
sS'.u.s.a'
p1960
I57
sS'south'
p1961
I58
sS'whoop'
p1962
I58
sS'such'
p1963
I58
sS'hagan'
p1964
I58
sS'scent'
p1965
I58
sS'siguiendote'
p1966
I58
sS'hiding'
p1967
I58
sS"you're"
p1968
I50
sS'adopto'
p1969
I58
sS'los'
p1970
I21
sS'their'
p1971
I55
sS'ankle'
p1972
I57
sS'haver'
p1973
I58
sS'stomach'
p1974
I58
sS'exactly'
p1975
I55
sS"'goodbye'"
p1976
I58
sS'megatron'
p1977
I58
sS'2minutos'
p1978
I58
sS'erie_joanne'
p1979
I58
sS'reinas'
p1980
I58
sS'boring'
p1981
I57
sS'perritas'
p1982
I58
sS'bed'
p1983
I55
sS'llevar'
p1984
I58
sS"body's"
p1985
I58
sS'drunk'
p1986
I54
sS'ni\xc3\xb1a'
p1987
I58
sS'comfortable'
p1988
I57
sS'tonight'
p1989
I56
sS'fail'
p1990
I58
sS'corona'
p1991
I57
sS'have'
p1992
I36
sS'need'
p1993
I46
sS';)\xe2\x80\x9d'
p1994
I58
sS"let's"
p1995
I54
sS'able'
p1996
I56
sS'-.-t'
p1997
I58
sS'hr'
p1998
I58
sS'latina'
p1999
I55
sS'jail'
p2000
I58
sS'mis'
p2001
I58
sS'lugar'
p2002
I58
sS'aww'
p2003
I57
sS'!!artura'
p2004
I58
sS'who'
p2005
I55
sS'foil,90006\n431618416793767937,iithinkcreative,2014-02-07'
p2006
I58
sS'duele'
p2007
I58
sS'reynas'
p2008
I58
sS'forreal'
p2009
I58
sS'duela'
p2010
I58
sS'awh'
p2011
I57
sS'awe'
p2012
I58
sS'alarmed'
p2013
I58
sS'why'
p2014
I50
sS'deny'
p2015
I58
sS'consequences'
p2016
I58
sS'brought'
p2017
I57
sS'ramirez'
p2018
I58
sS'est\xc3\xa1n'
p2019
I57
sS'strawberries'
p2020
I58
sS'talk'
p2021
I56
sS'aqu\xc3\xad'
p2022
I58
sS'happpppppy'
p2023
I58
sS'perritos'
p2024
I58
sS'son'
p2025
I49
sS'brenda'
p2026
I58
sS'text'
p2027
I57
sS'jbclac'
p2028
I58
sS'bring'
p2029
I57
sS'planning'
p2030
I58
sS'durant'
p2031
I58
sS'ear'
p2032
I58
sS'('
p2033
I41
sS'bien'
p2034
I57
sS'should'
p2035
I51
sS'jijijiji'
p2036
I58
sS'josephine'
p2037
I57
sS'jam'
p2038
I58
sS'ayer'
p2039
I58
sS'hope'
p2040
I58
sS'meant'
p2041
I58
sS'xdd'
p2042
I57
sS'watching'
p2043
I56
sS'beat'
p2044
I57
sS'familiar'
p2045
I58
sS'paletas'
p2046
I58
sS'lucky'
p2047
I58
sS'tbh'
p2048
I58
sS'tierra'
p2049
I49
sS'words'
p2050
I58
sS'maltraron'
p2051
I58
sS'naci\xc3\x93n'
p2052
I58
sS'c\xc3\xa1rcel'
p2053
I57
sS'course'
p2054
I57
sS'portada'
p2055
I58
sS'married'
p2056
I58
sS'teams'
p2057
I57
sS'nopuedo'
p2058
I58
sS'stuff'
p2059
I57
sS'she'
p2060
I51
sS'hedicho'
p2061
I58
sS'btw'
p2062
I58
sS'lazy'
p2063
I54
sS'humano'
p2064
I37
sS'packed'
p2065
I58
sS'closer'
p2066
I58
sS'progreso'
p2067
I57
sS'peque\xc3\xb1os'
p2068
I58
sS'playas'
p2069
I58
sS'favor'
p2070
I58
sS'quickest'
p2071
I58
sS'bruno'
p2072
I58
sS'closed'
p2073
I58
sS'mensage'
p2074
I58
sS'neither'
p2075
I58
sS'mejores'
p2076
I58
sS'trynna'
p2077
I56
sS'amen'
p2078
I58
sS'kicking'
p2079
I58
sS'job'
p2080
I57
sS'key'
p2081
I58
sS'22:49:20.0,34.05023193,-118.28794098,2134.02,second'
p2082
I58
sS"tried...it's"
p2083
I58
sS'staring'
p2084
I58
sS',90006\n436744725358325760,stacycold,2014-02-21'
p2085
I58
sS'restrictions'
p2086
I57
sS'aqui'
p2087
I58
sS'coppin'
p2088
I58
sS'se\xc3\x91ando'
p2089
I58
sS'limite'
p2090
I58
sS'admit'
p2091
I58
sS'atleast'
p2092
I58
sS'dir\xc3\xa1'
p2093
I58
sS'jersey'
p2094
I57
sS'walk'
p2095
I55
sS'ahah,90006\n515519402477748224,stacycold,2014-09-26'
p2096
I58
sS'cx'
p2097
I58
sS'respect'
p2098
I57
sS'favoritas'
p2099
I58
sS'tiene'
p2100
I53
sS'quit'
p2101
I58
sS'tranformacion,90006\n459364378282708992,vanesaestrada14,2014-04-24'
p2102
I58
sS"it's"
p2103
I36
sS'bby'
p2104
I58
sS'feliz'
p2105
I55
sS'recurring'
p2106
I58
sS'kabuki,90006\n474807897994448896,henrie_h,2014-06-06'
p2107
I58
sS'pic'
p2108
I58
sS'face'
p2109
I58
sS'se\xc3\xb1or'
p2110
I58
sS'hml'
p2111
I58
sS'hmm'
p2112
I58
sS'finished'
p2113
I56
sS'-.-'
p2114
I51
sS'2014'
p2115
I58
sS'wins'
p2116
I58
sS"07:00:07.0,34.05189976,-118.28913128,2134.02,haven't"
p2117
I58
sS'ofendidos'
p2118
I58
sS'as'
p2119
I53
sS'will'
p2120
I54
sS'ma\xc3\x91ana'
p2121
I57
sS'frappe'
p2122
I58
sS'lindisimaaa'
p2123
I58
sS'va'
p2124
I57
sS've'
p2125
I58
sS'bucks'
p2126
I58
sS'bionicos'
p2127
I58
sS'carsel'
p2128
I58
sS'proximo'
p2129
I58
sS'23:26:03.0,34.05183015,-118.28986586,2134.02,wow'
p2130
I58
sS"11's"
p2131
I58
sS'party'
p2132
I57
sS'gets'
p2133
I58
sS'difficult'
p2134
I58
sS'angelitos'
p2135
I58
sS'maravillosa'
p2136
I58
sS'05:55:10.0,34.05237306,-118.28873398,2134.02,omg'
p2137
I58
sS'1-0'
p2138
I58
sS'bala'
p2139
I58
sS'bullying'
p2140
I57
sS'fucken'
p2141
I58
sS'padres'
p2142
I58
sS'student'
p2143
I58
sS'fucked'
p2144
I58
sS'whale'
p2145
I58
sS'shitting'
p2146
I58
sS'//'
p2147
I58
sS'retard'
p2148
I58
sS'off'
p2149
I56
sS'i'
p2150
I2
sS'well'
p2151
I52
sS'thought'
p2152
I55
sS'wya'
p2153
I58
sS'english'
p2154
I58
sS'position'
p2155
I58
sS'privada'
p2156
I58
sS'drawing'
p2157
I58
sS"bug's"
p2158
I58
sS'newest'
p2159
I57
sS"should've"
p2160
I56
sS'adrenalina'
p2161
I58
sS'cabo'
p2162
I58
sS'clinic'
p2163
I57
sS'momento'
p2164
I58
sS'fishing'
p2165
I56
sS'vida'
p2166
I58
sS'headed'
p2167
I58
sS'bullshit'
p2168
I58
sS'drew'
p2169
I58
sS'trucha'
p2170
I58
sS'attractive'
p2171
I58
sS'ohhh'
p2172
I58
sS'\xe2\x86\x97\xef\xb8\x8f'
p2173
I58
sS'convetido'
p2174
I56
sS'sexi,90006\n460556698667601920,vanesaestrada14,2014-04-27'
p2175
I58
sS'kick'
p2176
I58
sS'livin'
p2177
I58
sS"who's"
p2178
I58
sS'know'
p2179
I41
sS'infierno'
p2180
I40
sS'you.,90006\n431335142540333057,iithinkcreative,2014-02-06'
p2181
I58
sS'lincoln'
p2182
I58
sS'like'
p2183
I26
sS'lost'
p2184
I57
sS'cosas'
p2185
I58
sS'lose'
p2186
I58
sS'"gang'
p2187
I58
sS"11'"
p2188
I58
sS'nigga'
p2189
I56
sS'pobrete'
p2190
I58
sS'otras'
p2191
I58
sS'19:03:04.0,34.051553,-118.289652,2134.02,accurate'
p2192
I58
sS'twitter'
p2193
I55
sS'authority'
p2194
I58
sS'hair'
p2195
I57
sS'growth'
p2196
I58
sS"why'd"
p2197
I58
sS'home'
p2198
I50
sS'sexi,90006\n460633205930852352,vanesaestrada14,2014-04-28'
p2199
I58
sS'literally'
p2200
I58
sS'avoid'
p2201
I57
sS'obtuvo'
p2202
I58
sS'gatas'
p2203
I58
sS'ese'
p2204
I58
sS'does'
p2205
I56
sS'esa'
p2206
I58
sS'eso'
p2207
I58
sS'chains'
p2208
I58
sS'noise'
p2209
I58
sS'schedule'
p2210
I58
sS'puede'
p2211
I55
sS'respeto'
p2212
I58
sS'instinct'
p2213
I58
sS'stage'
p2214
I58
sS'sister'
p2215
I57
sS'pay...and'
p2216
I58
sS'getting'
p2217
I53
sS'angeles'
p2218
I56
sS'swear'
p2219
I56
sS'sweat'
p2220
I58
sS'puppies'
p2221
I55
sS'powerpoint'
p2222
I57
sS'mam\xc3\xa1'
p2223
I58
sS'dulces'
p2224
I58
sS'ebolas'
p2225
I58
sS'own'
p2226
I56
sS'letters'
p2227
I58
sS'prendieron'
p2228
I58
sS'keeps'
p2229
I58
sS'due'
p2230
I58
sS'telenovelas'
p2231
I58
sS'bolis'
p2232
I58
sS'weather'
p2233
I57
sS'promise'
p2234
I58
sS'mero'
p2235
I58
sS'pradonews'
p2236
I58
sS'pointless'
p2237
I58
sS'animles'
p2238
I58
sS'eh'
p2239
I58
sS'twittear'
p2240
I58
sS'hequipo'
p2241
I58
sS'comida'
p2242
I58
sS'stamina'
p2243
I58
sS'bump'
p2244
I56
sS'per\xc3\xba'
p2245
I58
sS'buy'
p2246
I53
sS"i've"
p2247
I54
sS'fasho'
p2248
I58
sS'bus'
p2249
I56
sS'bitches'
p2250
I58
sS'hw'
p2251
I56
sS'but'
p2252
I25
sS'bellas'
p2253
I58
sS'163'
p2254
I58
sS'hi'
p2255
I57
sS'ho'
p2256
I58
sS'granny'
p2257
I58
sS',90006\n446362837758115840,stacycold,2014-03-19'
p2258
I58
sS'ha'
p2259
I38
sS'eat'
p2260
I54
sS'he'
p2261
I49
sS'made'
p2262
I54
sS'why\xee\x90\x84'
p2263
I58
sS'wish'
p2264
I57
sS'warmth'
p2265
I58
sS'record'
p2266
I58
sS'cruel'
p2267
I57
sS'teme'
p2268
I58
sS'tema'
p2269
I58
sS'cake'
p2270
I58
sS'problem'
p2271
I58
sS'minutes'
p2272
I58
sS'circus'
p2273
I56
sS'mcm'
p2274
I58
sS'disfrutar'
p2275
I58
sS'shooting'
p2276
I58
sS'ew'
p2277
I57
sS'sondeo'
p2278
I58
sS'athlete\xc2\xa0'
p2279
I58
sS'46'
p2280
I58
sS'dressed'
p2281
I58
sS'lately'
p2282
I57
sS'other'
p2283
I56
sS'sick'
p2284
I54
sS'u'
p2285
I58
sS'illegally'
p2286
I58
sS'monday'
p2287
I58
sS'21:42:08.0,34.05014603,-118.28797842,2134.02,what'
p2288
I58
sS'shredded'
p2289
I58
sS'class'
p2290
I57
sS'stay'
p2291
I55
sS'sexi,90006\n460554599884021761,vanesaestrada14,2014-04-27'
p2292
I58
sS'tamos'
p2293
I58
sS'kinda'
p2294
I57
sS'muelen'
p2295
I58
sS'friends'
p2296
I58
sS'goin'
p2297
I57
sS'ghost'
p2298
I58
sS'cvhs'
p2299
I58
sS'parole'
p2300
I58
s.