(dp0
S''
p1
I5
sS'raining'
p2
I75
sS'todays'
p3
I75
sS'ciao'
p4
I75
sS'hats'
p5
I75
sS'personally'
p6
I75
sS'colleges'
p7
I75
sS'yellow'
p8
I75
sS'chaos'
p9
I75
sS'four'
p10
I75
sS'feud!"'
p11
I75
sS'sleep'
p12
I68
sS"friend's"
p13
I75
sS'hanging'
p14
I74
sS'fleetwoodmac'
p15
I75
sS'captain'
p16
I75
sS'hate'
p17
I66
sS'"push"'
p18
I75
sS'poorly'
p19
I75
sS'lmao\xe2\x80\x9d'
p20
I75
sS'whose'
p21
I75
sS'feeding'
p22
I75
sS'buddy'
p23
I74
sS'marcos'
p24
I75
sS'tweet'
p25
I69
sS'swan'
p26
I75
sS'disability'
p27
I75
sS'contained'
p28
I75
sS'presents'
p29
I73
sS'bike'
p30
I74
sS'swap'
p31
I75
sS'under'
p32
I71
sS'teaching'
p33
I73
sS'sorry'
p34
I71
sS'pride'
p35
I74
sS'worth'
p36
I72
sS'callin'
p37
I75
sS'legislators'
p38
I75
sS'6'
p39
I73
sS'rise'
p40
I75
sS'laweekly'
p41
I75
sS'east)'
p42
I63
sS'cucina)'
p43
I73
sS'every'
p44
I68
sS'jack'
p45
I71
sS'bringing'
p46
I75
sS'monkeys'
p47
I75
sS'ramis'
p48
I75
sS'(672'
p49
I71
sS"we'll"
p50
I74
sS'genwa'
p51
I75
sS'clits'
p52
I75
sS'prize'
p53
I75
sS'lockdowns'
p54
I75
sS'skills'
p55
I75
sS'loneliness'
p56
I75
sS'debunked'
p57
I75
sS'monsanto'
p58
I75
sS'time"'
p59
I75
sS'deadline'
p60
I75
sS'"don\'t'
p61
I75
sS'cms'
p62
I75
sS'heading'
p63
I75
sS'enjoy'
p64
I75
sS'10k'
p65
I75
sS'antagonistic'
p66
I75
sS'force'
p67
I75
sS'leaders'
p68
I75
sS"liz's"
p69
I75
sS'tired'
p70
I71
sS'phones'
p71
I75
sS'$40kpreschool'
p72
I75
sS'bacon'
p73
I75
sS'shut'
p74
I75
sS'chef'
p75
I75
sS'second'
p76
I74
sS'street'
p77
I71
sS'parter'
p78
I75
sS'7th'
p79
I75
sS'air'
p80
I75
sS'others)'
p81
I63
sS'approached'
p82
I75
sS'even'
p83
I66
sS'supieras'
p84
I75
sS'cantina)'
p85
I75
sS'wreck'
p86
I75
sS'thunder'
p87
I74
sS'+'
p88
I75
sS'lights'
p89
I74
sS'above'
p90
I75
sS'toll'
p91
I75
sS'new'
p92
I48
sS'net'
p93
I74
sS'marching'
p94
I75
sS'ever'
p95
I66
sS'\xe2\x99\xa1\xe2\x80\x9d'
p96
I75
sS'disney'
p97
I72
sS'told'
p98
I72
sS'centric'
p99
I75
sS'suge'
p100
I75
sS'never'
p101
I63
sS'(los'
p102
I44
sS'hundreds'
p103
I75
sS'\xe2\x9d\xa4\xef\xb8\x8f'
p104
I72
sS'voter'
p105
I75
sS'china'
p106
I74
sS'c\xc3\xb4t\xc3\xa9'
p107
I75
sS"bart's"
p108
I75
sS'100'
p109
I75
sS"aren't"
p110
I74
sS'106'
p111
I75
sS':^)'
p112
I75
sS'celebration'
p113
I74
sS'dry'
p114
I74
sS'kids'
p115
I72
sS'mint)'
p116
I75
sS'study'
p117
I75
sS'jail'
p118
I75
sS'imma'
p119
I75
sS"i'd"
p120
I71
sS'smoke'
p121
I75
sS"s'mores"
p122
I75
sS'symmetrical'
p123
I75
sS"i'm"
p124
I15
sS'"developers"'
p125
I75
sS'adolescents'
p126
I75
sS'gumdrop'
p127
I75
sS'sje'
p128
I75
sS'golden'
p129
I75
sS'fantastic'
p130
I75
sS'lourd'
p131
I75
sS'split'
p132
I75
sS'julie'
p133
I74
sS'julia'
p134
I75
sS'highly'
p135
I75
sS'bro'
p136
I72
sS'insta'
p137
I75
sS'jackets'
p138
I75
sS'tienes'
p139
I75
sS'bra'
p140
I74
sS'"she\'s'
p141
I75
sS'dna'
p142
I74
sS'spoke'
p143
I75
sS'would'
p144
I55
sS'played'
p145
I73
sS'twirler'
p146
I75
sS"world's"
p147
I74
sS'music'
p148
I70
sS'recommend'
p149
I73
sS'strike'
p150
I75
sS'chewing'
p151
I75
sS'preview'
p152
I74
sS'type'
p153
I74
sS'until'
p154
I70
sS'breathe'
p155
I75
sS'females'
p156
I75
sS"maynard's"
p157
I75
sS'holy'
p158
I75
sS'evening'
p159
I75
sS'oscar'
p160
I74
sS'naive'
p161
I75
sS'academy)'
p162
I75
sS'haha'
p163
I61
sS'muse'
p164
I71
sS'hurt'
p165
I74
sS'phone'
p166
I75
sS'annoying"'
p167
I75
sS'(had'
p168
I75
sS'arms'
p169
I75
sS'excellent'
p170
I75
sS'90'
p171
I75
sS'hole'
p172
I75
sS'hold'
p173
I75
sS'whooohooooo'
p174
I75
sS'overrun'
p175
I75
sS'must'
p176
I69
sS'shoot'
p177
I71
sS'1992'
p178
I75
sS'join'
p179
I73
sS'room'
p180
I75
sS'40'
p181
I75
sS'work'
p182
I56
sS'mi'
p183
I75
sS'roof'
p184
I71
sS'cuddly'
p185
I75
sS'mt'
p186
I73
sS'era'
p187
I75
sS'ms'
p188
I74
sS'mr'
p189
I75
sS'upscale'
p190
I75
sS'my'
p191
I10
sS'give'
p192
I73
sS'dolphin'
p193
I74
sS'india'
p194
I75
sS'mermaids'
p195
I75
sS'zomfgitsnicole'
p196
I73
sS'want'
p197
I51
sS'madonna'
p198
I75
sS'shielding'
p199
I75
sS'times'
p200
I65
sS'attract'
p201
I75
sS'end'
p202
I75
sS'turn'
p203
I73
sS'gremlins'
p204
I75
sS'song'
p205
I69
sS'feature'
p206
I75
sS'comedians'
p207
I75
sS'revisit'
p208
I75
sS'machine'
p209
I75
sS'how'
p210
I50
sS'hot'
p211
I69
sS'drummer'
p212
I75
sS'chicks'
p213
I75
sS'hop'
p214
I75
sS'rookie'
p215
I75
sS'toxic'
p216
I75
sS'gate'
p217
I73
sS'ordinary'
p218
I75
sS'beach'
p219
I72
sS'pizza'
p220
I73
sS'material...lmfao'
p221
I75
sS'gaming'
p222
I75
sS'polite\xe2\x80\x99'
p223
I75
sS'madden'
p224
I75
sS'arcs'
p225
I75
sS'bday'
p226
I75
sS'ladder'
p227
I75
sS'after'
p228
I60
sS'lab'
p229
I74
sS'...on'
p230
I75
sS'wrong'
p231
I69
sS'lax'
p232
I74
sS'henrik'
p233
I75
sS'president'
p234
I75
sS'law'
p235
I73
sS'parallel'
p236
I74
sS'types'
p237
I75
sS'quoi'
p238
I75
sS'balance'
p239
I75
sS'bloodsucka'
p240
I75
sS'danny'
p241
I73
sS'effective'
p242
I74
sS'"greg'
p243
I75
sS'wins'
p244
I74
sS'appreciate'
p245
I75
sS'fictional'
p246
I75
sS'childhood'
p247
I75
sS'baggage'
p248
I75
sS'"digital'
p249
I75
sS'fictitious'
p250
I75
sS'funniest'
p251
I75
sS'atencio'
p252
I75
sS'vfx'
p253
I74
sS'1000'
p254
I75
sS'seamus'
p255
I75
sS'waldo'
p256
I75
sS'wine'
p257
I75
sS'salon'
p258
I73
sS'executed'
p259
I75
sS'untold'
p260
I75
sS'decide'
p261
I75
sS'office'
p262
I70
sS'over'
p263
I56
sS'fam'
p264
I75
sS'hidden'
p265
I75
sS"mary's"
p266
I75
sS'murals'
p267
I75
sS'windshield'
p268
I75
sS'mayor'
p269
I75
sS'hip-hop'
p270
I75
sS'before'
p271
I72
sS'ima'
p272
I75
sS'chihuahua'
p273
I75
sS'fit'
p274
I75
sS"'islamists'"
p275
I75
sS'somewhere'
p276
I74
sS'fix'
p277
I75
sS'denver'
p278
I75
sS'writing'
p279
I74
sS'destroyed'
p280
I74
sS'tramp'
p281
I75
sS'fade'
p282
I75
sS'weeks'
p283
I71
sS'easier'
p284
I75
sS'prius'
p285
I75
sS'queenies'
p286
I75
sS'then'
p287
I62
sS'them'
p288
I66
sS'forgeting'
p289
I75
sS'thrones'
p290
I75
sS"robek's"
p291
I72
sS'safe'
p292
I75
sS'school'
p293
I74
sS'break'
p294
I72
sS'band'
p295
I74
sS'\xe2\x98\xba\xef\xb8\x8f'
p296
I74
sS'\xeb\x82\xa8\xec\x95\x84\xeb\xb2\x84\xeb\xa0\xb8\xeb\x8b\xa4.\xe2\x80\x9d'
p297
I75
sS'yourself'
p298
I75
sS'bank'
p299
I74
sS'bread'
p300
I73
sS'alex'
p301
I74
sS'meat'
p302
I74
sS'(read'
p303
I75
sS'gurbs'
p304
I75
sS'crunchy'
p305
I75
sS'l'
p306
I75
sS'detroit'
p307
I72
sS'bush'
p308
I75
sS'panini'
p309
I75
sS'victory'
p310
I75
sS'each'
p311
I75
sS'volcano'
p312
I75
sS'went'
p313
I72
sS'side'
p314
I74
sS'mean'
p315
I70
sS'lifted'
p316
I75
sS'covered'
p317
I75
sS"pd's"
p318
I75
sS'se\xc3\xb1or'
p319
I75
sS'series'
p320
I74
sS'january'
p321
I75
sS'waffle'
p322
I75
sS'makkos'
p323
I75
sS'taught'
p324
I75
sS"we'd"
p325
I75
sS'forgot'
p326
I74
sS'truman'
p327
I75
sS'saturday'
p328
I71
sS'rt'
p329
I40
sS'large'
p330
I75
sS'gon'
p331
I75
sS'stunting'
p332
I75
sS'network'
p333
I75
sS'driving'
p334
I74
sS'pussies'
p335
I75
sS'sluts'
p336
I75
sS'god'
p337
I70
sS'passengers'
p338
I75
sS'crucial'
p339
I75
sS'george'
p340
I75
sS'strangers'
p341
I74
sS'sparkle'
p342
I75
sS'laid'
p343
I75
sS'rg'
p344
I75
sS'nite'
p345
I74
sS'got'
p346
I43
sS'rn'
p347
I72
sS'sliding'
p348
I75
sS'foundation'
p349
I74
sS'turning'
p350
I75
sS'assured'
p351
I75
sS'wilshire'
p352
I49
sS'herman'
p353
I75
sS'threatened'
p354
I74
sS'free'
p355
I71
sS'fred'
p356
I75
sS'"hey'
p357
I75
sS'carried'
p358
I75
sS'evil'
p359
I75
sS'darkened'
p360
I75
sS'checked'
p361
I75
sS'wanted'
p362
I74
sS'enormous'
p363
I75
sS'auditioned'
p364
I75
sS'created'
p365
I74
sS'starts'
p366
I74
sS'diabetic'
p367
I75
sS'days'
p368
I71
sS'praises'
p369
I75
sS'outfits'
p370
I74
sS'where'
p371
I66
sS'ish'
p372
I75
sS'inches'
p373
I75
sS'hopeless'
p374
I75
sS"today's"
p375
I74
sS'soda'
p376
I74
sS'arrived'
p377
I75
sS'(at'
p378
I66
sS'fuckin'
p379
I75
sS'stewart'
p380
I73
sS'flick'
p381
I75
sS'already'
p382
I68
sS'jeal?"'
p383
I75
sS'mctiernan'
p384
I75
sS'chew'
p385
I75
sS'schmickmm'
p386
I75
sS'hearing'
p387
I74
sS'wash'
p388
I73
sS'seinfeld'
p389
I74
sS'fassbender'
p390
I75
sS'closest'
p391
I75
sS'disappearing'
p392
I75
sS'delicious'
p393
I74
sS'schmickms'
p394
I75
sS'sober'
p395
I75
sS'thoughtfully'
p396
I75
sS'calorie'
p397
I75
sS'modernism'
p398
I75
sS'forces'
p399
I75
sS'lightening)'
p400
I75
sS'dogg'
p401
I75
sS'top'
p402
I69
sS'girls'
p403
I70
sS'tow'
p404
I75
sS'master'
p405
I73
sS'too'
p406
I51
sS'yokota'
p407
I75
sS'world.\xe2\x80\x9d'
p408
I75
sS'airy'
p409
I75
sS'hollywood'
p410
I72
sS'john'
p411
I72
sS'cloverdale'
p412
I66
sS'hangout'
p413
I75
sS'lobbyists'
p414
I75
sS'gym'
p415
I72
sS'2am'
p416
I75
sS'took'
p417
I73
sS'wisdom'
p418
I75
sS'davidddddd'
p419
I75
sS'cereal'
p420
I74
sS'wasted'
p421
I75
sS'technic'
p422
I75
sS'begins'
p423
I75
sS'distance'
p424
I75
sS'upholstery'
p425
I75
sS'pt'
p426
I75
sS'immigrants'
p427
I74
sS'tree'
p428
I75
sS'likely'
p429
I75
sS'tribune."'
p430
I75
sS'ihop'
p431
I75
sS'project'
p432
I75
sS'matter'
p433
I73
sS'fabulous'
p434
I74
sS'williams'
p435
I74
sS'*cringe*'
p436
I75
sS'feeling'
p437
I70
sS'mermaid'
p438
I75
sS'manfrenzenjensen'
p439
I75
sS'fcking'
p440
I75
sS"busy''s"
p441
I75
sS'ran'
p442
I75
sS'stomping'
p443
I75
sS'ram'
p444
I75
sS'mind'
p445
I73
sS'mine'
p446
I74
sS'ginger'
p447
I75
sS'well-'
p448
I75
sS'talking'
p449
I70
sS'exactry'
p450
I75
sS'seen'
p451
I66
sS'seem'
p452
I74
sS'mins'
p453
I75
sS'mint'
p454
I75
sS'tells'
p455
I75
sS'quieter'
p456
I75
sS'strength'
p457
I74
sS'-'
p458
I18
sS'isolated'
p459
I75
sS'brandon'
p460
I75
sS'sound'
p461
I74
sS'rome'
p462
I73
sS'derek'
p463
I75
sS'amusing'
p464
I75
sS'doors'
p465
I75
sS'laughed'
p466
I74
sS'\xeb\x8b\xa5\xec\xb9\x98\xeb\x9d\xbc!!!!!\xec\xa7\x90'
p467
I75
sS'3.28.13//7-10pm'
p468
I75
sS'piclab'
p469
I75
sS'blue'
p470
I74
sS'laactorstweetup.com'
p471
I75
sS'lion'
p472
I75
sS'though'
p473
I65
sS'clapton'
p474
I75
sS'cinematic'
p475
I75
sS'boardgame'
p476
I75
sS'audition'
p477
I74
sS'mouth'
p478
I75
sS'blowing'
p479
I75
sS'scripts'
p480
I75
sS'marie'
p481
I75
sS'check'
p482
I69
sS'glow'
p483
I75
sS'dummy'
p484
I75
sS'late-night'
p485
I75
sS'episode'
p486
I71
sS'treats'
p487
I75
sS'cops'
p488
I75
sS'grove'
p489
I75
sS'doc'
p490
I73
sS'medical'
p491
I75
sS'witnessed'
p492
I75
sS'dog'
p493
I74
sS'doe'
p494
I75
sS'definitely'
p495
I72
sS'(55-75f'
p496
I75
sS'chris'
p497
I75
sS'voting'
p498
I74
sS'scream'
p499
I75
sS'came'
p500
I67
sS'crowbar'
p501
I75
sS'saying'
p502
I72
sS'bomb'
p503
I72
sS'condoms'
p504
I75
sS'queen'
p505
I74
sS'ending'
p506
I74
sS'colors'
p507
I75
sS'"pederast"'
p508
I75
sS'stomach'
p509
I75
sS'earth'
p510
I74
sS'speech'
p511
I75
sS'glamming'
p512
I75
sS'toast'
p513
I75
sS'insta-giant'
p514
I75
sS'northeast'
p515
I75
sS"campaign'll"
p516
I75
sS'became'
p517
I75
sS'menu'
p518
I75
sS'weekends'
p519
I75
sS'y00000'
p520
I75
sS'hrs'
p521
I74
sS'righteous'
p522
I75
sS'rico'
p523
I75
sS'theme'
p524
I74
sS'bliss'
p525
I75
sS'screening'
p526
I74
sS'gods'
p527
I75
sS'folks'
p528
I75
sS"'muslims.'"
p529
I75
sS'lacma'
p530
I74
sS'wearing'
p531
I73
sS'plate'
p532
I74
sS'dl'
p533
I75
sS'dj'
p534
I75
sS'asians'
p535
I74
sS'\xed\x95\x98\xeb\xa3\xa8\xeb\xa5\xbc'
p536
I75
sS'de'
p537
I73
sS'stop'
p538
I74
sS'fluid'
p539
I75
sS'blinking'
p540
I75
sS'appetizer'
p541
I74
sS'bruddah'
p542
I75
sS'h'
p543
I75
sS'v.1'
p544
I75
sS'despite'
p545
I75
sS'report'
p546
I75
sS'nasty'
p547
I74
sS'fabrics'
p548
I68
sS'dp'
p549
I75
sS'jannard...interesting'
p550
I75
sS'bar'
p551
I29
sS'dominique'
p552
I75
sS'countries'
p553
I73
sS'eurail'
p554
I75
sS'officially'
p555
I74
sS'galactica"'
p556
I75
sS'dipping'
p557
I75
sS'guns'
p558
I75
sS'twice'
p559
I74
sS'bad'
p560
I66
sS'shots'
p561
I74
sS'release'
p562
I74
sS'cmses'
p563
I75
sS'ears'
p564
I75
sS'respond'
p565
I75
sS'frfr'
p566
I75
sS'fascinating'
p567
I70
sS'animalmother)'
p568
I75
sS'w/'
p569
I29
sS'pinot'
p570
I75
sS'decided'
p571
I75
sS'for\xe2\x80\xa6'
p572
I75
sS'support!"'
p573
I75
sS'dougherty'
p574
I75
sS'disturbing'
p575
I75
sS'o_o'
p576
I75
sS'skulls'
p577
I75
sS'best'
p578
I57
sS'brazil'
p579
I74
sS'mut'
p580
I75
sS'said'
p581
I73
sS'shoppnbagreicee'
p582
I74
sS'lots'
p583
I72
sS'away'
p584
I72
sS'rushing'
p585
I75
sS'pancakes'
p586
I75
sS"there's"
p587
I67
sS'irl'
p588
I75
sS'hopefully'
p589
I75
sS'furloughs'
p590
I75
sS'handwritten'
p591
I75
sS'warrior'
p592
I75
sS'we'
p593
I35
sS'men'
p594
I69
sS'omg'
p595
I71
sS'nature'
p596
I75
sS'gamers'
p597
I75
sS'handful'
p598
I75
sS'weak'
p599
I75
sS'boss'
p600
I75
sS'nightmares'
p601
I75
sS'wtc'
p602
I75
sS'here'
p603
I51
sS'wtf'
p604
I73
sS'news'
p605
I75
sS'kitchen'
p606
I74
sS'adapting'
p607
I75
sS'received'
p608
I75
sS'cos'
p609
I75
sS'accident'
p610
I75
sS'trickster'
p611
I75
sS'class\xe2\x9c\x8c\xef\xb8\x8f'
p612
I75
sS'cow'
p613
I75
sS'met'
p614
I74
sS'country'
p615
I72
sS'cup'
p616
I75
sS'against'
p617
I75
sS'torrent'
p618
I75
sS'antica'
p619
I75
sS'games'
p620
I74
sS'planned'
p621
I74
sS'faces'
p622
I75
sS"coupla'"
p623
I75
sS'gala"'
p624
I73
sS'1month'
p625
I75
sS'balloons'
p626
I75
sS'asked'
p627
I75
sS'con'
p628
I75
sS'peacefully'
p629
I75
sS'pre'
p630
I73
sS'skill'
p631
I75
sS'(other'
p632
I75
sS'had'
p633
I53
sS'vain'
p634
I75
sS'epidemic'
p635
I75
sS'2nd'
p636
I75
sS'awesomely'
p637
I75
sS'canyon'
p638
I75
sS'written'
p639
I75
sS'kettlebells'
p640
I75
sS'tony'
p641
I75
sS'blonde'
p642
I75
sS'yolos'
p643
I75
sS'vouchers'
p644
I75
sS'speak'
p645
I75
sS'next-one'
p646
I75
sS'iraq'
p647
I75
sS"wonka's"
p648
I75
sS'location!"'
p649
I75
sS'three'
p650
I74
sS'been'
p651
I43
sS'\xec\x9e\x85\xeb\x8b\x88\xeb\x8b\xa4!!\xeb\xb0\x9d\xec\x9d\x80'
p652
I75
sS'beer'
p653
I74
sS'much'
p654
I56
sS'replicate'
p655
I75
sS'stadium'
p656
I75
sS'basic'
p657
I75
sS'long-lost'
p658
I75
sS'entered'
p659
I74
sS'lovely'
p660
I75
sS"chillin'"
p661
I75
sS'teenager'
p662
I75
sS'website'
p663
I75
sS'life'
p664
I63
sS'relaxing'
p665
I75
sS'sag'
p666
I75
sS'sunshine'
p667
I75
sS'sooooo'
p668
I75
sS'marijuana'
p669
I75
sS'dave'
p670
I74
sS'child'
p671
I75
sS'catch'
p672
I74
sS'daughter'
p673
I75
sS'chili'
p674
I75
sS'battle-damage'
p675
I75
sS"ca'brea"
p676
I75
sS'chill'
p677
I73
sS'east'
p678
I40
sS'abandonded'
p679
I75
sS'presidency'
p680
I75
sS'lionsgatemovies'
p681
I75
sS'tastes'
p682
I74
sS'n'
p683
I73
sS'near'
p684
I70
sS'neat'
p685
I75
sS'voice'
p686
I74
sS'reunion'
p687
I74
sS'papers)'
p688
I75
sS'slc'
p689
I71
sS'veronica'
p690
I74
sS'seven'
p691
I75
sS'existence'
p692
I75
sS'"a'
p693
I75
sS'mexico'
p694
I74
sS'whaddaya'
p695
I75
sS'is'
p696
I6
sS'sushi'
p697
I71
sS'it'
p698
I12
sS'tease'
p699
I75
sS'cant'
p700
I73
sS'im'
p701
I72
sS'il'
p702
I75
sS'in'
p703
I7
sS"futbol'"
p704
I75
sS'zomgitsamir'
p705
I74
sS'seattle'
p706
I75
sS'id'
p707
I75
sS'if'
p708
I43
sS'grown'
p709
I74
sS'memorial'
p710
I75
sS'waging'
p711
I75
sS'"no."'
p712
I75
sS'perform'
p713
I75
sS'things'
p714
I70
sS'make'
p715
I53
sS'\xeb\xa7\x98\xec\x9c\xbc\xeb\xa1\x9c'
p716
I75
sS'jerry'
p717
I74
sS'meetup'
p718
I75
sS'hahah'
p719
I75
sS'cross-country'
p720
I75
sS'hierarchies'
p721
I75
sS'several'
p722
I74
sS'hahaa'
p723
I75
sS'showing'
p724
I75
sS'entitled'
p725
I75
sS'meets'
p726
I75
sS'screw'
p727
I75
sS'misery'
p728
I75
sS'hang'
p729
I72
sS'rain'
p730
I71
sS'hand'
p731
I75
sS'delight'
p732
I75
sS'"5'
p733
I75
sS'supper'
p734
I75
sS'jealous'
p735
I74
sS'selfless'
p736
I75
sS'closet'
p737
I75
sS'opportunity'
p738
I74
sS'aka'
p739
I75
sS'thoughts'
p740
I75
sS'kid'
p741
I74
sS'butter'
p742
I74
sS'dylan'
p743
I75
sS'kept'
p744
I75
sS'thx'
p745
I69
sS'host...and'
p746
I75
sS'congrats'
p747
I69
sS'deal'
p748
I75
sS'computer-assisted'
p749
I75
sS'contact'
p750
I74
sS'greatest'
p751
I75
sS'epi'
p752
I75
sS'the'
p753
I1
sS'flops'
p754
I75
sS'spencer'
p755
I75
sS'town.it'
p756
I75
sS'left'
p757
I73
sS'1hr'
p758
I75
sS'unfortunately'
p759
I75
sS'endless'
p760
I75
sS'just'
p761
I24
sS'unemployment'
p762
I75
sS'yea'
p763
I74
sS'photo'
p764
I71
sS'taxing'
p765
I75
sS'gravity'
p766
I75
sS'band*'
p767
I75
sS'thanks'
p768
I52
sS'human'
p769
I72
sS'picasso'
p770
I75
sS'yep'
p771
I74
sS'yes'
p772
I59
sS'brennen'
p773
I75
sS'yet'
p774
I74
sS'dragonrider'
p775
I75
sS'designers'
p776
I75
sS'pac-man'
p777
I74
sS'hills'
p778
I73
sS'candidate'
p779
I75
sS'omfg'
p780
I75
sS'thick'
p781
I75
sS'character'
p782
I71
sS'peeps!\xe2\x9c\x8c\xef\xb8\x8f'
p783
I75
sS'cinematographers'
p784
I75
sS'transformed'
p785
I75
sS'board'
p786
I74
sS'shitty'
p787
I73
sS'starbucks)'
p788
I72
sS'cucina'
p789
I74
sS'has'
p790
I47
sS'hat'
p791
I74
sS'tolerable'
p792
I75
sS'gave'
p793
I74
sS'opt'
p794
I75
sS'(codename'
p795
I75
sS'casting'
p796
I74
sS'babes'
p797
I75
sS'casually'
p798
I75
sS'gregg'
p799
I75
sS'bands'
p800
I75
sS'survival'
p801
I75
sS'possible'
p802
I74
sS'posey'
p803
I75
sS'boxes'
p804
I75
sS'bastards'
p805
I75
sS'3pm'
p806
I75
sS'birth'
p807
I75
sS'destroy'
p808
I75
sS'judge'
p809
I74
sS'busbyseast'
p810
I71
sS'vegassss'
p811
I75
sS'lcj'
p812
I75
sS'kruiser'
p813
I74
sS'apart'
p814
I75
sS'desire'
p815
I75
sS'county'
p816
I73
sS'stint'
p817
I75
sS'-_-'
p818
I74
sS'performing'
p819
I73
sS'50'
p820
I75
sS'favoriting'
p821
I75
sS'\xeb\x8f\x99\xea\xb7\xb8\xeb\x9e\x80'
p822
I75
sS'ditty'
p823
I75
sS'night'
p824
I55
sS'hung'
p825
I75
sS'prepping'
p826
I75
sS'attorney'
p827
I75
sS'right'
p828
I50
sS'old'
p829
I66
sS'crowd'
p830
I74
sS'people'
p831
I49
sS'mosques'
p832
I75
sS'somehow'
p833
I74
sS'dead'
p834
I72
sS'malaysia'
p835
I73
sS'clubs'
p836
I74
sS'escape'
p837
I74
sS'dear'
p838
I73
sS'altered'
p839
I75
sS'precautions'
p840
I75
sS'theyre'
p841
I75
sS"gentlemen's"
p842
I75
sS'rican'
p843
I75
sS'confusing'
p844
I75
sS'for'
p845
I9
sS'bottom'
p846
I73
sS'armed'
p847
I75
sS'ukrainian'
p848
I75
sS'fox'
p849
I75
sS'/'
p850
I63
sS'everything'
p851
I71
sS'asking'
p852
I75
sS'"trial"'
p853
I75
sS'foo'
p854
I75
sS'christmas'
p855
I74
sS'core'
p856
I74
sS'(5436'
p857
I75
sS'ww1'
p858
I74
sS'bold'
p859
I75
sS'dunkin'
p860
I75
sS'ernieg'
p861
I75
sS'payment'
p862
I75
sS'plz'
p863
I75
sS'\xec\x97\xb4\xeb\xb0\x9b\xea\xb1\xb0\xeb\x93\xa0'
p864
I75
sS'roscoes'
p865
I75
sS'keeper'
p866
I75
sS'post'
p867
I71
sS'super'
p868
I71
sS'niners'
p869
I75
sS'yelling'
p870
I75
sS'withdraws'
p871
I75
sS'selfies'
p872
I75
sS'months'
p873
I73
sS'shield'
p874
I75
sS'o'
p875
I75
sS'dinner'
p876
I68
sS'\xeb\xb0\xa4'
p877
I75
sS'anime'
p878
I74
sS'stoked'
p879
I72
sS'suggestions'
p880
I75
sS'automatically'
p881
I74
sS'froze'
p882
I75
sS'civil'
p883
I75
sS'pays'
p884
I75
sS'selfie'
p885
I72
sS'soo'
p886
I75
sS'ppl'
p887
I69
sS'down'
p888
I61
sS'lies'
p889
I75
sS'greenland'
p890
I75
sS'jenn'
p891
I74
sS'cardiff'
p892
I74
sS'often'
p893
I75
sS'rely'
p894
I75
sS'fck'
p895
I75
sS'fabric'
p896
I73
sS'croissant'
p897
I75
sS'amazingly'
p898
I75
sS'support'
p899
I71
sS'crowe'
p900
I75
sS'bernama'
p901
I75
sS'fight'
p902
I71
sS'stuck'
p903
I74
sS'anderson'
p904
I75
sS'fought'
p905
I75
sS'author'
p906
I75
sS'way'
p907
I59
sS'greatness'
p908
I75
sS'call'
p909
I73
sS'was'
p910
I24
sS'war'
p911
I73
sS'happy'
p912
I55
sS'lowest'
p913
I74
sS'head'
p914
I72
sS'schrute'
p915
I75
sS'offering'
p916
I75
sS'offer'
p917
I74
sS'$200'
p918
I75
sS'fireworks'
p919
I74
sS'forever'
p920
I75
sS'bengals'
p921
I73
sS'notifications'
p922
I75
sS'heat'
p923
I75
sS'laurens'
p924
I75
sS'hear'
p925
I69
sS'\xeb\xb0\x94\xeb\x9e\x8c\xec\x9d\xb4'
p926
I75
sS'removed'
p927
I75
sS'true'
p928
I69
sS'nerf'
p929
I75
sS'b4'
p930
I75
sS'born'
p931
I75
sS'shouldve'
p932
I75
sS'vassey'
p933
I75
sS'inside'
p934
I73
sS'lolahbrown'
p935
I75
sS'donald'
p936
I75
sS'tell'
p937
I68
sS'adore'
p938
I75
sS'sapphire'
p939
I75
sS'blu-ray'
p940
I75
sS'zara'
p941
I75
sS'attn'
p942
I75
sS'horrifying'
p943
I75
sS'nerds'
p944
I75
sS'music/improv'
p945
I75
sS'passenger'
p946
I73
sS'hurley'
p947
I75
sS'hotter'
p948
I75
sS'puerto'
p949
I75
sS'classic'
p950
I74
sS'tesla'
p951
I74
sS"ma'am"
p952
I75
sS'tournament'
p953
I73
sS'spacecamp'
p954
I75
sS'tix...save'
p955
I75
sS'drive'
p956
I73
sS'ken_sanders'
p957
I70
sS'revitalize'
p958
I75
sS'policy'
p959
I75
sS'mola'
p960
I75
sS'ship'
p961
I75
sS'hamm'
p962
I75
sS'mold'
p963
I75
sS'trip'
p964
I74
sS'shit'
p965
I63
sS'physical'
p966
I75
sS'combos'
p967
I75
sS'tix'
p968
I75
sS'lungs'
p969
I75
sS'dying'
p970
I74
sS'no'
p971
I39
sS'commercials'
p972
I75
sS'nc'
p973
I75
sS'when'
p974
I38
sS'dingdong'
p975
I75
sS'ourselves'
p976
I75
sS'til'
p977
I75
sS'tim'
p978
I74
sS'interested'
p979
I73
sS'brings'
p980
I75
sS'test'
p981
I73
sS'hangin'
p982
I74
sS'roll'
p983
I75
sS'absurd'
p984
I75
sS'picture'
p985
I72
sS"'s"
p986
I75
sS'trips'
p987
I75
sS'surprise'
p988
I73
sS'football'
p989
I74
sS'update'
p990
I75
sS'diet'
p991
I75
sS'transported'
p992
I75
sS"let's"
p993
I72
sS'muslims'
p994
I75
sS'trouble'
p995
I75
sS'award'
p996
I75
sS'rolling'
p997
I75
sS'transporter'
p998
I75
sS'weekend'
p999
I75
sS'died'
p1000
I75
sS'scholar'
p1001
I75
sS'jones'
p1002
I75
sS'mildly'
p1003
I75
sS'longer'
p1004
I75
sS"\xeb\x8b\xac'\xeb\xa7\x8c"
p1005
I75
sS'pic\xe2\x80\x9d'
p1006
I75
sS'ferrara'
p1007
I75
sS'daily'
p1008
I74
sS'warm'
p1009
I75
sS'trakeen'
p1010
I74
sS'time'
p1011
I34
sS"ain't"
p1012
I75
sS'crazy\xe2\x80\x9d'
p1013
I75
sS'laws'
p1014
I75
sS'updates'
p1015
I75
sS'adult'
p1016
I75
sS'neighbors'
p1017
I75
sS'intersteller'
p1018
I75
sS':/'
p1019
I75
sS':('
p1020
I71
sS':)'
p1021
I56
sS'years?"'
p1022
I75
sS'whoever'
p1023
I75
sS'dance'
p1024
I71
sS'skip'
p1025
I75
sS'madison'
p1026
I75
sS'horseback'
p1027
I75
sS'laura'
p1028
I75
sS'infants'
p1029
I75
sS'mile'
p1030
I71
sS'marion'
p1031
I75
sS'ice'
p1032
I75
sS'grateful'
p1033
I75
sS'battle'
p1034
I74
sS'row'
p1035
I74
sS'ballet'
p1036
I74
sS"5'0"
p1037
I75
sS'yummy'
p1038
I74
sS'hindi'
p1039
I75
sS'filming'
p1040
I75
sS'moodfabrics'
p1041
I75
sS'flash'
p1042
I74
sS'father'
p1043
I75
sS'amaze'
p1044
I75
sS'finally'
p1045
I63
sS"greenland's"
p1046
I75
sS'text'
p1047
I75
sS'sing'
p1048
I75
sS'conservation'
p1049
I75
sS'me'
p1050
I23
sS'adored......obviously'
p1051
I75
sS'looking\xe2\x80\xa6'
p1052
I75
sS'ostentatiously'
p1053
I75
sS':d'
p1054
I75
sS'scotty'
p1055
I72
sS'construction'
p1056
I75
sS'denied'
p1057
I75
sS'thawed'
p1058
I75
sS'vegan'
p1059
I75
sS'710chile'
p1060
I75
sS'screenwriting'
p1061
I75
sS'vegas'
p1062
I75
sS'escucha'
p1063
I75
sS'word'
p1064
I75
sS'fullest'
p1065
I75
sS'blast'
p1066
I75
sS':p'
p1067
I73
sS'minute'
p1068
I75
sS'cool'
p1069
I58
sS'clouds'
p1070
I75
sS'impressive'
p1071
I75
sS'did'
p1072
I62
sS'die'
p1073
I74
sS'gnarls'
p1074
I75
sS'posts'
p1075
I75
sS'gun'
p1076
I72
sS'gum'
p1077
I75
sS'pummy'
p1078
I75
sS'leave'
p1079
I73
sS'soooo'
p1080
I74
sS'bikes'
p1081
I74
sS'subway'
p1082
I72
sS'teal'
p1083
I75
sS'team'
p1084
I71
sS'guy'
p1085
I61
sS'round'
p1086
I75
sS'bonfire'
p1087
I75
sS'dis'
p1088
I75
sS'pork'
p1089
I75
sS'talked'
p1090
I74
sS'angeles)'
p1091
I65
sS'rents'
p1092
I75
sS'ezra'
p1093
I75
sS'peek'
p1094
I74
sS'\xee\x90\x84'
p1095
I75
sS'"first'
p1096
I75
sS'prediction'
p1097
I75
sS'sign'
p1098
I71
sS'draping'
p1099
I75
sS'hace'
p1100
I75
sS'\xee\x90\x95'
p1101
I75
sS'eating'
p1102
I72
sS'\xee\x90\x91'
p1103
I75
sS'drinks'
p1104
I72
sS'afghanistan'
p1105
I75
sS'stressful'
p1106
I75
sS'constitution'
p1107
I74
sS'benwinslow'
p1108
I75
sS'movies'
p1109
I75
sS'jeopardy'
p1110
I75
sS"ol'"
p1111
I75
sS'unattractive'
p1112
I75
sS'melt'
p1113
I75
sS'uniform'
p1114
I75
sS'louis-dreyfus'
p1115
I75
sS'goes'
p1116
I70
sS'gleason'
p1117
I75
sS'sweaters'
p1118
I75
sS'filled'
p1119
I75
sS'cranston'
p1120
I75
sS'supporting'
p1121
I73
sS'ufc'
p1122
I75
sS'hatha-nobody'
p1123
I75
sS'bloke'
p1124
I75
sS'funeral'
p1125
I75
sS'v'
p1126
I75
sS'appetites'
p1127
I75
sS'punchy."'
p1128
I75
sS'french'
p1129
I74
sS'water'
p1130
I71
sS'2:30'
p1131
I75
sS'busbys'
p1132
I72
sS'witch'
p1133
I75
sS'bj'
p1134
I75
sS'(aside'
p1135
I75
sS'alone'
p1136
I73
sS'teaches'
p1137
I75
sS'earthquake'
p1138
I74
sS'change'
p1139
I74
sS'wait'
p1140
I58
sS'box'
p1141
I72
sS'boy'
p1142
I71
sS'incoming'
p1143
I75
sS'canadian'
p1144
I75
sS'brilliant'
p1145
I73
sS'cronut'
p1146
I75
sS'woop'
p1147
I75
sS'cette'
p1148
I75
sS'shooter'
p1149
I75
sS'sucka'
p1150
I75
sS'boo'
p1151
I74
sS'usually'
p1152
I74
sS'priceless'
p1153
I75
sS'weird'
p1154
I71
sS'studies'
p1155
I75
sS'emerge'
p1156
I75
sS'love'
p1157
I35
sS'extra'
p1158
I73
sS'jolt'
p1159
I75
sS'candice'
p1160
I75
sS'penalized'
p1161
I75
sS'fake'
p1162
I74
sS'bookmarks'
p1163
I75
sS'crisis'
p1164
I75
sS'market'
p1165
I75
sS'rare.....aaand'
p1166
I75
sS'kits'
p1167
I75
sS'raspberry'
p1168
I75
sS'troops'
p1169
I74
sS'working'
p1170
I73
sS'baes'
p1171
I74
sS'positive'
p1172
I75
sS'angry'
p1173
I73
sS'mh17'
p1174
I75
sS'dude'
p1175
I74
sS'provo'
p1176
I75
sS'sports'
p1177
I74
sS"elliot's"
p1178
I75
sS'live'
p1179
I67
sS'prey'
p1180
I75
sS'iphone'
p1181
I74
sS'wondering'
p1182
I74
sS'ahhh'
p1183
I75
sS'films'
p1184
I70
sS'drones'
p1185
I75
sS'thru'
p1186
I75
sS"ca'"
p1187
I72
sS'today'
p1188
I56
sS'loving'
p1189
I72
sS'introducing'
p1190
I75
sS'sharing'
p1191
I74
sS'sessions'
p1192
I75
sS'flying'
p1193
I75
sS'(watermelon'
p1194
I75
sS'ooooook'
p1195
I75
sS'chocolate'
p1196
I74
sS'downtown'
p1197
I74
sS'sugarplum'
p1198
I75
sS'genitals'
p1199
I75
sS'everywhere'
p1200
I74
sS'\xe2\x9d\xa4\xef\xb8\x8f\xe2\x9d\xa4\xef\xb8\x8f'
p1201
I75
sS'effort'
p1202
I74
sS'8pm'
p1203
I75
sS'raider'
p1204
I75
sS'dialed'
p1205
I75
sS'car'
p1206
I68
sS'lance210'
p1207
I75
sS'soul'
p1208
I75
sS'cat'
p1209
I74
sS"jewmaika's"
p1210
I75
sS'labeled'
p1211
I75
sS'sour'
p1212
I75
sS'can'
p1213
I55
sS'9th'
p1214
I75
sS'following'
p1215
I74
sS'making'
p1216
I70
sS'arrive'
p1217
I75
sS'bites'
p1218
I75
sS'whaaaaa'
p1219
I75
sS"denny's"
p1220
I75
sS'mentee'
p1221
I75
sS'heart'
p1222
I73
sS'crazy'
p1223
I71
sS'plaza'
p1224
I75
sS'know/learn'
p1225
I75
sS'hears'
p1226
I75
sS'december'
p1227
I75
sS'awesome'
p1228
I61
sS"didn't"
p1229
I66
sS'fuck'
p1230
I64
sS'agent'
p1231
I75
sS'heard'
p1232
I73
sS'muay'
p1233
I72
sS'spa'
p1234
I75
sS'photobomber'
p1235
I75
sS'cardio'
p1236
I75
sS'pong'
p1237
I75
sS'mcshane'
p1238
I75
sS'pink'
p1239
I75
sS'productive'
p1240
I74
sS's3'
p1241
I75
sS'uae'
p1242
I75
sS'discussion'
p1243
I75
sS'watching'
p1244
I58
sS'cliche'
p1245
I75
sS'nyu'
p1246
I75
sS'1'
p1247
I71
sS'till'
p1248
I74
sS'sunday'
p1249
I65
sS'actual'
p1250
I75
sS'pure'
p1251
I72
sS'endorsement'
p1252
I75
sS'nyc'
p1253
I74
sS"baseball'"
p1254
I75
sS'speaks'
p1255
I75
sS'algo'
p1256
I75
sS'179uk'
p1257
I75
sS'spielberg'
p1258
I75
sS'designer'
p1259
I67
sS'may'
p1260
I70
sS'dive'
p1261
I75
sS"guys...where's"
p1262
I75
sS'spot'
p1263
I72
sS'crashed'
p1264
I75
sS'mac'
p1265
I74
sS'birthday'
p1266
I56
sS'mad'
p1267
I74
sS'date'
p1268
I73
sS'such'
p1269
I72
sS'suck'
p1270
I73
sS'guys'
p1271
I61
sS'grow'
p1272
I75
sS'lifting'
p1273
I75
sS'man'
p1274
I63
sS'stress'
p1275
I75
sS'surfing'
p1276
I75
sS'"save'
p1277
I75
sS'remember'
p1278
I73
sS'johnson'
p1279
I75
sS'whenever'
p1280
I75
sS'maybe'
p1281
I68
sS'st'
p1282
I69
sS'fluent'
p1283
I75
sS'smithandmara'
p1284
I75
sS'money...this'
p1285
I75
sS'ones'
p1286
I75
sS'so'
p1287
I19
sS'swollen'
p1288
I75
sS'challenge'
p1289
I75
sS'sb'
p1290
I75
sS'night\xe2\x80\xa6'
p1291
I75
sS'misplaced'
p1292
I75
sS'pulled'
p1293
I75
sS'sf'
p1294
I75
sS'se'
p1295
I75
sS'cute'
p1296
I74
sS'acts'
p1297
I75
sS'shoes'
p1298
I73
sS'ludacris'
p1299
I75
sS'indeed'
p1300
I74
sS'pointed'
p1301
I75
sS'wishing'
p1302
I75
sS'canary'
p1303
I75
sS'years'
p1304
I70
sS'course'
p1305
I74
sS'episodes'
p1306
I74
sS'honeybunch'
p1307
I75
sS'dapper'
p1308
I75
sS'-on'
p1309
I75
sS'shake'
p1310
I74
sS'marshmallows'
p1311
I75
sS'equip'
p1312
I75
sS'cold'
p1313
I74
sS'still'
p1314
I61
sS'battlestar'
p1315
I75
sS'zuko'
p1316
I75
sS'405freeway'
p1317
I75
sS'group'
p1318
I72
sS'thank'
p1319
I58
sS'the\xe2\x80\xa6'
p1320
I74
sS'interesting'
p1321
I66
sS'toro'
p1322
I74
sS'jim'
p1323
I75
sS'amazing'
p1324
I65
sS'houemade'
p1325
I75
sS"he'd"
p1326
I74
sS'window'
p1327
I74
sS'writers'
p1328
I75
sS'caretaker'
p1329
I75
sS'tweets'
p1330
I72
sS'mail'
p1331
I75
sS'main'
p1332
I75
sS'1500'
p1333
I75
sS'ahh'
p1334
I75
sS'brainer'
p1335
I75
sS'happened'
p1336
I71
sS'recreate'
p1337
I75
sS'4years'
p1338
I75
sS'anything"'
p1339
I75
sS'killer'
p1340
I74
sS"tonight's"
p1341
I75
sS'lunch'
p1342
I71
sS'srsly'
p1343
I75
sS'caine'
p1344
I75
sS'not'
p1345
I36
sS'now'
p1346
I36
sS'twilight'
p1347
I74
sS'killed'
p1348
I74
sS'halo'
p1349
I75
sS'josh'
p1350
I75
sS'term'
p1351
I75
sS'name'
p1352
I70
sS'stahl'
p1353
I75
sS'lanes'
p1354
I75
sS'james'
p1355
I74
sS'fisherman'
p1356
I75
sS'rock'
p1357
I74
sS"shaw's"
p1358
I75
sS'photoshoot'
p1359
I74
sS'lucca'
p1360
I75
sS'em'
p1361
I75
sS'el'
p1362
I74
sS'square'
p1363
I75
sS'eh'
p1364
I75
sS'challenged'
p1365
I75
sS'ed'
p1366
I74
sS'\xe3\x85\x8e\xe3\x85\x8e\xe3\x85\x8e'
p1367
I75
sS'yeah'
p1368
I56
sS'catching'
p1369
I75
sS'organic'
p1370
I75
sS'year'
p1371
I69
sS'eu'
p1372
I75
sS'girl'
p1373
I69
sS'obsession'
p1374
I74
sS'tried'
p1375
I71
sS'living'
p1376
I73
sS'ultimately'
p1377
I75
sS'and\xe2\x80\xa6'
p1378
I75
sS'100k'
p1379
I75
sS'opened'
p1380
I74
sS'3rd'
p1381
I62
sS'space'
p1382
I73
sS'purplewalrus'
p1383
I75
sS'looking'
p1384
I68
sS'seriously'
p1385
I74
sS"in'n'out"
p1386
I75
sS'sociopaths'
p1387
I75
sS'stallone'
p1388
I75
sS'internet'
p1389
I75
sS'churches'
p1390
I75
sS'showroom'
p1391
I75
sS'correct'
p1392
I74
sS'shows'
p1393
I73
sS'earlier'
p1394
I75
sS'cars'
p1395
I74
sS'million'
p1396
I74
sS'quite'
p1397
I75
sS'recordings'
p1398
I75
sS'california'
p1399
I69
sS'http://www.laactorstweetup.com'
p1400
I75
sS'grandma'
p1401
I75
sS'amigos'
p1402
I75
sS'care'
p1403
I75
sS'training'
p1404
I72
sS'brasil'
p1405
I75
sS'1994'
p1406
I75
sS'backside'
p1407
I75
sS'yup'
p1408
I74
sS'100%'
p1409
I75
sS'headphones'
p1410
I75
sS'programming'
p1411
I75
sS'21'
p1412
I75
sS'foreverrrrr'
p1413
I75
sS'honest'
p1414
I74
sS'motion'
p1415
I75
sS'thing'
p1416
I67
sS'trier'
p1417
I75
sS'place'
p1418
I67
sS'massive'
p1419
I75
sS'steadicam'
p1420
I75
sS'misused'
p1421
I75
sS"buggin'"
p1422
I75
sS'think'
p1423
I49
sS'waited'
p1424
I75
sS'first'
p1425
I61
sS'blind'
p1426
I75
sS'cheese'
p1427
I74
sS'constantly'
p1428
I75
sS'saving'
p1429
I75
sS'xo'
p1430
I73
sS'pick'
p1431
I75
sS'xoxo'
p1432
I74
sS'one'
p1433
I30
sS'reopen'
p1434
I75
sS'xx'
p1435
I74
sS'carmageddon'
p1436
I75
sS'americans'
p1437
I75
sS'long'
p1438
I72
sS'spanish'
p1439
I74
sS'day\xe2\x80\xa6'
p1440
I75
sS'chubby'
p1441
I75
sS'sounds'
p1442
I74
sS'open'
p1443
I73
sS'tomorrow'
p1444
I68
sS"'em"
p1445
I75
sS'size'
p1446
I75
sS'city'
p1447
I67
sS'little'
p1448
I27
sS'truthfully'
p1449
I75
sS'sheet'
p1450
I75
sS'action-packed'
p1451
I75
sS'anti-semetic'
p1452
I75
sS'bloom'
p1453
I75
sS'caught'
p1454
I74
sS'slept'
p1455
I74
sS'baes?!?\xe2\x9d\xa4\xef\xb8\x8f'
p1456
I75
sS'remotely'
p1457
I75
sS'anyone'
p1458
I71
sS"adult's"
p1459
I75
sS'2'
p1460
I60
sS'stuffed'
p1461
I75
sS'swoosh'
p1462
I75
sS'addicting'
p1463
I75
sS'white'
p1464
I70
sS"murphy's"
p1465
I75
sS'bits'
p1466
I75
sS'friend'
p1467
I71
sS'gives'
p1468
I75
sS'meme'
p1469
I75
sS'eyes'
p1470
I72
sS'that'
p1471
I16
sS'popping'
p1472
I75
sS'season'
p1473
I67
sS'wax'
p1474
I75
sS'krump'
p1475
I75
sS'released'
p1476
I75
sS'hillary'
p1477
I75
sS'ridiculous'
p1478
I74
sS'almond'
p1479
I75
sS'hillbillies'
p1480
I75
sS'shirley'
p1481
I75
sS'thai'
p1482
I71
sS'copy'
p1483
I74
sS'than'
p1484
I62
sS"here's"
p1485
I69
sS'population'
p1486
I75
sS'11'
p1487
I75
sS'10'
p1488
I72
sS'12'
p1489
I74
sS'15'
p1490
I72
sS'lmao'
p1491
I72
sS'17'
p1492
I73
sS'16'
p1493
I72
sS'19'
p1494
I75
sS'gotta'
p1495
I71
sS'buzzfeed'
p1496
I71
sS'irvine'
p1497
I75
sS'future'
p1498
I73
sS'were'
p1499
I56
sS'cards'
p1500
I75
sS'arts\xe2\x80\xa6'
p1501
I75
sS'wandering'
p1502
I75
sS'lunches'
p1503
I75
sS'and'
p1504
I7
sS'coconut'
p1505
I75
sS'ang'
p1506
I74
sS'san'
p1507
I73
sS'remained'
p1508
I75
sS'ann'
p1509
I75
sS'turned'
p1510
I72
sS'argument'
p1511
I75
sS'sad'
p1512
I71
sS'say'
p1513
I63
sS'rained'
p1514
I75
sS'exchanging'
p1515
I75
sS'breakfast'
p1516
I71
sS'saw'
p1517
I64
sS'any'
p1518
I67
sS'marathon'
p1519
I75
sS'form'
p1520
I75
sS"farmer's"
p1521
I75
sS'fucking'
p1522
I69
sS'venezuelans'
p1523
I75
sS'ideas'
p1524
I75
sS'shocked'
p1525
I75
sS'note'
p1526
I74
sS'venue'
p1527
I75
sS'animation'
p1528
I74
sS'take'
p1529
I71
sS'disadvantage'
p1530
I75
sS'online'
p1531
I75
sS'wanting'
p1532
I75
sS'beirut'
p1533
I75
sS'channel'
p1534
I75
sS'urge'
p1535
I74
sS'begin'
p1536
I74
sS'sure'
p1537
I65
sS'pain'
p1538
I73
sS'opposite'
p1539
I75
sS'track'
p1540
I74
sS'knew'
p1541
I74
sS'\xec\x95\x84\xeb\xa6\x84\xeb\x8b\xa4\xec\x9a\xb4'
p1542
I75
sS'paid'
p1543
I75
sS'rehearsal'
p1544
I75
sS'assault'
p1545
I75
sS'nolan'
p1546
I75
sS'complaints'
p1547
I75
sS'america'
p1548
I74
sS"edith's"
p1549
I75
sS'axs'
p1550
I75
sS'cuban'
p1551
I73
sS'especially'
p1552
I74
sS'surprising'
p1553
I75
sS'considered'
p1554
I75
sS'adopt'
p1555
I75
sS'hungry'
p1556
I71
sS'federal'
p1557
I75
sS'sammiches'
p1558
I75
sS'sunset'
p1559
I75
sS'clearing'
p1560
I75
sS'professional'
p1561
I75
sS"80's"
p1562
I75
sS'(757'
p1563
I75
sS'salt'
p1564
I73
sS'atlantic'
p1565
I75
sS'pi\xc3\xb1a'
p1566
I75
sS'shop'
p1567
I73
sS'walking'
p1568
I71
sS'posse'
p1569
I75
sS'shot'
p1570
I67
sS'\xe2\x9c\xa8'
p1571
I74
sS'show'
p1572
I57
sS'here..."'
p1573
I75
sS'napkin'
p1574
I75
sS'discovered'
p1575
I75
sS'elevate'
p1576
I75
sS'bright'
p1577
I73
sS'spaces'
p1578
I75
sS'suitcase"'
p1579
I75
sS'!gourmet'
p1580
I75
sS'\xed\x96\x88\xeb\x8b\xa4\xea\xb3\xa0\xeb\x9d\xbc\xea\xb3\xa0\xeb\x9d\xbc'
p1581
I75
sS'tyra'
p1582
I75
sS'elizabethtown'
p1583
I75
sS'maine'
p1584
I75
sS'promptly'
p1585
I75
sS'ground'
p1586
I74
sS'aint'
p1587
I75
sS'\xe2\x9c\x8c'
p1588
I74
sS'specifically'
p1589
I75
sS'title'
p1590
I73
sS'love:sweetea'
p1591
I75
sS'dick'
p1592
I73
sS'3'
p1593
I64
sS'crime'
p1594
I75
sS'to\xe2\x80\xa6'
p1595
I74
sS'september'
p1596
I75
sS'only'
p1597
I57
sS'going'
p1598
I52
sS'black'
p1599
I70
sS'nurse'
p1600
I75
sS'equipped'
p1601
I75
sS'sierra'
p1602
I75
sS'congressional'
p1603
I75
sS'"war'
p1604
I75
sS'ranking'
p1605
I75
sS'zangief'
p1606
I75
sS'get'
p1607
I45
sS'mormon'
p1608
I73
sS'cannot'
p1609
I74
sS'inflight'
p1610
I75
sS'laguna'
p1611
I75
sS'bobby_pap_la'
p1612
I75
sS'freaking'
p1613
I75
sS'bombe'
p1614
I75
sS'uneven'
p1615
I75
sS'^^*'
p1616
I75
sS'camels'
p1617
I75
sS'artist'
p1618
I75
sS'floods'
p1619
I75
sS'malaysian'
p1620
I72
sS'morning'
p1621
I66
sS'naked'
p1622
I75
sS'him...and'
p1623
I75
sS'miles'
p1624
I74
sS"could've"
p1625
I75
sS'reddit"'
p1626
I75
sS'worries'
p1627
I74
sS'london'
p1628
I75
sS'finishing'
p1629
I75
sS'beverly\xe2\x80\xa6'
p1630
I75
sS'discussing'
p1631
I74
sS'xmas'
p1632
I75
sS'vision'
p1633
I75
sS'gleeful'
p1634
I75
sS"y'all"
p1635
I72
sS'ignored'
p1636
I75
sS'concert'
p1637
I75
sS'espn'
p1638
I75
sS'committed'
p1639
I75
sS'mom'
p1640
I73
sS"hasn't"
p1641
I75
sS'cocktails'
p1642
I75
sS'asleep'
p1643
I75
sS'anyways'
p1644
I75
sS'parking'
p1645
I73
sS'impressions'
p1646
I75
sS'surgery'
p1647
I75
sS'fails'
p1648
I75
sS"tubefilter's"
p1649
I75
sS'ways'
p1650
I75
sS'jeter'
p1651
I75
sS'fascinated'
p1652
I75
sS'willard'
p1653
I75
sS'sites'
p1654
I75
sS'enough'
p1655
I71
sS'rephrase'
p1656
I75
sS'between'
p1657
I74
sS'auditioning'
p1658
I75
sS'reading'
p1659
I74
sS'across'
p1660
I73
sS'what\xe2\x80\x99s'
p1661
I75
sS'notice'
p1662
I74
sS'infrastructure'
p1663
I75
sS'jobs'
p1664
I75
sS'august'
p1665
I75
sS'yeaaaahhhh'
p1666
I75
sS'prettiest'
p1667
I75
sS'screen'
p1668
I74
sS'tus'
p1669
I75
sS'defenders...i'
p1670
I75
sS'killing'
p1671
I73
sS'27'
p1672
I75
sS'littlebarla'
p1673
I75
sS'hurts'
p1674
I75
sS'jets'
p1675
I75
sS'article'
p1676
I75
sS'cities'
p1677
I73
sS'come'
p1678
I57
sS'spiderweb'
p1679
I75
sS"c'est"
p1680
I75
sS'reaction'
p1681
I75
sS'daddy'
p1682
I75
sS'rocketeer'
p1683
I75
sS'lice'
p1684
I75
sS'many'
p1685
I65
sS'according'
p1686
I75
sS'restroom'
p1687
I75
sS's'
p1688
I70
sS'remake'
p1689
I75
sS'guardians'
p1690
I75
sS'wheels'
p1691
I75
sS"can't"
p1692
I53
sS'riddle'
p1693
I75
sS'among'
p1694
I74
sS'stretches'
p1695
I75
sS'key'
p1696
I75
sS'cancer'
p1697
I75
sS'150'
p1698
I75
sS'color'
p1699
I74
sS'quality'
p1700
I75
sS'pot'
p1701
I75
sS'300+'
p1702
I75
sS'disease'
p1703
I75
sS'61'
p1704
I75
sS'"baby'
p1705
I75
sS'imo'
p1706
I75
sS"couldn't"
p1707
I74
sS'hhahahahahahahaha'
p1708
I75
sS'cancel'
p1709
I75
sS'constant'
p1710
I75
sS'picasso+braque'
p1711
I75
sS'crew'
p1712
I74
sS'olberholtzer'
p1713
I75
sS'considering'
p1714
I75
sS'better'
p1715
I71
sS'unusual'
p1716
I74
sS'trolling'
p1717
I75
sS'cares'
p1718
I75
sS'stretch'
p1719
I75
sS'west'
p1720
I75
sS'filmmakers'
p1721
I75
sS'airliner'
p1722
I75
sS'airlines'
p1723
I73
sS'fey'
p1724
I75
sS'legit'
p1725
I75
sS'mars'
p1726
I74
sS'helicopter'
p1727
I71
sS'hardly'
p1728
I75
sS'wants'
p1729
I74
sS'marty'
p1730
I75
sS'direction'
p1731
I75
sS'i\xe2\x80\xa6'
p1732
I74
sS'shopping'
p1733
I74
sS'2-'
p1734
I75
sS'thousand'
p1735
I74
sS'wires'
p1736
I75
sS'ceux'
p1737
I75
sS'photos'
p1738
I75
sS'wake'
p1739
I75
sS'graphics/style'
p1740
I75
sS'evidence'
p1741
I75
sS'former'
p1742
I75
sS'those'
p1743
I63
sS'pilot'
p1744
I74
sS'paying'
p1745
I74
sS'myself'
p1746
I75
sS"abc's"
p1747
I75
sS'these'
p1748
I64
sS'at\xe2\x80\xa6'
p1749
I75
sS'thigh'
p1750
I75
sS'editorial'
p1751
I75
sS'pollo'
p1752
I75
sS'newspaper'
p1753
I75
sS'situation'
p1754
I75
sS'shops'
p1755
I75
sS'invited'
p1756
I75
sS'coolest'
p1757
I75
sS'penthouse'
p1758
I75
sS'ive'
p1759
I75
sS'everything."'
p1760
I75
sS'crusader'
p1761
I75
sS'freaking...and'
p1762
I75
sS'apropos'
p1763
I75
sS'coffee'
p1764
I69
sS'monk'
p1765
I75
sS'couples'
p1766
I74
sS'middle'
p1767
I74
sS'wire"'
p1768
I75
sS'someone'
p1769
I73
sS'limping'
p1770
I75
sS'2by2'
p1771
I75
sS'heels'
p1772
I74
sS'somebody'
p1773
I75
sS'you"\xe2\x80\x9d'
p1774
I75
sS'demolition'
p1775
I75
sS'fame'
p1776
I75
sS'different'
p1777
I73
sS'annoying'
p1778
I75
sS'combination'
p1779
I75
sS'doctor'
p1780
I74
sS'pay'
p1781
I72
sS'bowl'
p1782
I75
sS'tour'
p1783
I75
sS'same'
p1784
I64
sS'it."'
p1785
I74
sS'food'
p1786
I72
sS'followers'
p1787
I74
sS'yessir'
p1788
I75
sS'"i'
p1789
I75
sS'stepped'
p1790
I75
sS'emojis'
p1791
I75
sS'retweeting'
p1792
I75
sS'week'
p1793
I66
sS'visually'
p1794
I75
sS'finish'
p1795
I74
sS'gasped'
p1796
I75
sS'singapore'
p1797
I75
sS'deft'
p1798
I75
sS'::phil'
p1799
I75
sS'weed'
p1800
I73
sS'director'
p1801
I74
sS'running'
p1802
I71
sS'harris'
p1803
I75
sS'driven'
p1804
I75
sS'clippers'
p1805
I75
sS'statue'
p1806
I75
sS"emmy's"
p1807
I75
sS'changing'
p1808
I75
sS'totally'
p1809
I74
sS'mentally'
p1810
I75
sS'hunterxhunter'
p1811
I75
sS'\xe2\x9c\x8c\xef\xb8\x8f'
p1812
I74
sS'support\xe2\x80\xa6'
p1813
I73
sS'highland'
p1814
I75
sS'burrito'
p1815
I75
sS'largely'
p1816
I75
sS'bloggernacle'
p1817
I75
sS'legos'
p1818
I75
sS'floor'
p1819
I75
sS'people...please'
p1820
I75
sS'nothin'
p1821
I75
sS'without'
p1822
I72
sS'comes'
p1823
I73
sS'bottle'
p1824
I75
sS'grounds'
p1825
I75
sS'smoldering'
p1826
I75
sS'bodies'
p1827
I75
sS"you've"
p1828
I73
sS'summer'
p1829
I74
sS'they'
p1830
I35
sS'being'
p1831
I66
sS'money'
p1832
I73
sS'toby'
p1833
I75
sS'actions'
p1834
I75
sS'kill'
p1835
I74
sS'handed'
p1836
I75
sS'touch'
p1837
I74
sS'polish'
p1838
I75
sS'captured'
p1839
I75
sS'halfway'
p1840
I75
sS'blow'
p1841
I74
sS'76'
p1842
I74
sS'death'
p1843
I75
sS'flood'
p1844
I75
sS'thinking'
p1845
I72
sS"we've"
p1846
I72
sS'seems'
p1847
I71
sS'except'
p1848
I75
sS'blog'
p1849
I75
sS'wall'
p1850
I75
sS'pile'
p1851
I75
sS'4'
p1852
I66
sS'versa'
p1853
I75
sS'emissions'
p1854
I75
sS'struck'
p1855
I74
sS're-watch'
p1856
I73
sS'real'
p1857
I70
sS'hover'
p1858
I75
sS'around'
p1859
I66
sS'spectacular'
p1860
I75
sS'read'
p1861
I72
sS'papers'
p1862
I75
sS'gonna'
p1863
I68
sS'dark'
p1864
I74
sS'moi'
p1865
I75
sS'snark'
p1866
I75
sS'mon'
p1867
I75
sS'\xe2\x9d\xa4'
p1868
I74
sS'parody'
p1869
I75
sS'world'
p1870
I72
sS'walk'
p1871
I70
sS'lady'
p1872
I72
sS"'oh"
p1873
I75
sS'clan'
p1874
I75
sS'developers'
p1875
I75
sS'achieve'
p1876
I75
sS'dick"'
p1877
I75
sS'faber'
p1878
I74
sS'towed'
p1879
I75
sS'miracle'
p1880
I71
sS"havin'"
p1881
I75
sS'facing'
p1882
I75
sS'audience'
p1883
I75
sS't'
p1884
I74
sS'beverly'
p1885
I72
sS'telllll'
p1886
I75
sS'same-sex'
p1887
I75
sS'pacific'
p1888
I74
sS'exposes'
p1889
I75
sS'oscars'
p1890
I74
sS'eddie'
p1891
I75
sS'cowboys'
p1892
I75
sS'images'
p1893
I75
sS'diving'
p1894
I75
sS'racial'
p1895
I75
sS'thinks'
p1896
I73
sS'yesss'
p1897
I75
sS'teas"'
p1898
I75
sS'scandals'
p1899
I75
sS'-overheard'
p1900
I75
sS'mood'
p1901
I65
sS'legal'
p1902
I75
sS'noon'
p1903
I75
sS'searing'
p1904
I75
sS'barroni'
p1905
I75
sS'provider'
p1906
I75
sS'\xeb\x8b\xa4'
p1907
I75
sS'claustrophobic'
p1908
I75
sS'911'
p1909
I75
sS'knife'
p1910
I75
sS'mwah'
p1911
I75
sS'turkey'
p1912
I75
sS'welcome'
p1913
I69
sS'vibrar'
p1914
I75
sS'business'
p1915
I73
sS'poem'
p1916
I75
sS'lmfao'
p1917
I75
sS'druml'
p1918
I75
sS'rhcp_look'
p1919
I75
sS'boulange'
p1920
I67
sS'arts'
p1921
I74
sS'tuition'
p1922
I75
sS'pooch'
p1923
I75
sS'innocence'
p1924
I75
sS';)'
p1925
I73
sS'exciting'
p1926
I75
sS'throw'
p1927
I71
sS'_'
p1928
I75
sS'rapgame'
p1929
I75
sS'on'
p1930
I13
sS'stone'
p1931
I74
sS'ok'
p1932
I73
sS'oh'
p1933
I58
sS'of'
p1934
I5
sS'violence'
p1935
I75
sS'favorite'
p1936
I65
sS'inviting'
p1937
I75
sS'thousands'
p1938
I75
sS'chop'
p1939
I75
sS'vedder'
p1940
I75
sS'stand'
p1941
I73
sS"amalia's"
p1942
I71
sS'mixed'
p1943
I75
sS'jeeb'
p1944
I75
sS'luck'
p1945
I74
sS'or'
p1946
I61
sS'road'
p1947
I75
sS'wildin'
p1948
I75
sS'amber'
p1949
I75
sS'ladies'
p1950
I73
sS'\xed\x99\xa7\xed\x8c\x85'
p1951
I75
sS'burning'
p1952
I75
sS'communication'
p1953
I75
sS'bjj'
p1954
I74
sS'snapchat'
p1955
I74
sS'vacation'
p1956
I75
sS'excommunications'
p1957
I75
sS'morning"'
p1958
I75
sS'rising'
p1959
I75
sS'homeless'
p1960
I74
sS'strip'
p1961
I75
sS'your'
p1962
I36
sS'man...you'
p1963
I75
sS'upstairs'
p1964
I75
sS'neymar'
p1965
I74
sS'trip-'
p1966
I75
sS'her'
p1967
I64
sS'area'
p1968
I73
sS'hmmm'
p1969
I75
sS'downed'
p1970
I73
sS'there'
p1971
I58
sS'hey'
p1972
I66
sS'lol'
p1973
I57
sS'start'
p1974
I68
sS"how'd"
p1975
I75
sS'low'
p1976
I73
sS'lot'
p1977
I67
sS'jaws'
p1978
I75
sS'valley'
p1979
I75
sS'hysterical'
p1980
I75
sS'lambda'
p1981
I75
sS'aoki'
p1982
I75
sS'house)'
p1983
I75
sS'complete'
p1984
I75
sS'values/expectations'
p1985
I75
sS'acre'
p1986
I75
sS'pleased'
p1987
I75
sS'keira'
p1988
I75
sS'highways'
p1989
I75
sS'75%'
p1990
I75
sS'\xe2\x98\x80\xef\xb8\x8f\xe2\x9b\x85\xef\xb8\x8f\xe2\x98\x81\xef\xb8\x8f'
p1991
I75
sS'5455'
p1992
I75
sS'technologies'
p1993
I75
sS'trying'
p1994
I74
sS'with'
p1995
I17
sS'underneath.\xe2\x80\xa6'
p1996
I75
sS'buying'
p1997
I75
sS'happening'
p1998
I75
sS"they're"
p1999
I70
sS'hire'
p2000
I75
sS'comedies'
p2001
I75
sS'largest'
p2002
I75
sS'pharrell'
p2003
I75
sS"wasn't"
p2004
I74
sS'vhs'
p2005
I75
sS'strawberry'
p2006
I75
sS'dry)183'
p2007
I75
sS'powerless'
p2008
I75
sS'thicke'
p2009
I75
sS'castles'
p2010
I75
sS'gone'
p2011
I75
sS'priority"'
p2012
I75
sS'ad'
p2013
I75
sS'"educate"'
p2014
I75
sS'cinema'
p2015
I74
sS'holes'
p2016
I75
sS'describe'
p2017
I75
sS'am'
p2018
I63
sS'deep'
p2019
I74
sS'general'
p2020
I74
sS'mormons'
p2021
I75
sS'as'
p2022
I43
sS'educated'
p2023
I75
sS'cable-worthy'
p2024
I75
sS'at'
p2025
I11
sS'nero'
p2026
I75
sS'senate'
p2027
I75
sS'watched'
p2028
I74
sS'pedestal'
p2029
I75
sS'az'
p2030
I74
sS'spends'
p2031
I75
sS'film'
p2032
I69
sS'fill'
p2033
I74
sS'again'
p2034
I69
sS'beyond'
p2035
I75
sS'drafts'
p2036
I75
sS'drivers'
p2037
I73
sS'bhutan'
p2038
I75
sS'green'
p2039
I75
sS'insurance'
p2040
I74
sS'workday'
p2041
I75
sS'fasted'
p2042
I75
sS'twerk'
p2043
I74
sS'you'
p2044
I8
sS'puppy'
p2045
I75
sS'overtime'
p2046
I75
sS'poor'
p2047
I72
sS'congress'
p2048
I75
sS'separate'
p2049
I75
sS'a)'
p2050
I75
sS'teeth'
p2051
I75
sS'keepin'
p2052
I75
sS'trending'
p2053
I75
sS'diablo'
p2054
I74
sS'coverage'
p2055
I75
sS"she's"
p2056
I75
sS'of\xe2\x80\xa6'
p2057
I74
sS'sponsored'
p2058
I75
sS'awkwardly'
p2059
I75
sS'pool'
p2060
I75
sS'hipster/genocidal'
p2061
I75
sS'building'
p2062
I74
sS'booked'
p2063
I75
sS'studio'
p2064
I74
sS'wife'
p2065
I74
sS'sobbing'
p2066
I75
sS'wifi'
p2067
I75
sS"city's"
p2068
I75
sS'having'
p2069
I72
sS'exhausting'
p2070
I75
sS'u'
p2071
I55
sS'missouri'
p2072
I75
sS'alright'
p2073
I73
sS'starting'
p2074
I72
sS'lampson'
p2075
I74
sS'breon'
p2076
I75
sS'all'
p2077
I27
sS'nepal'
p2078
I75
sS'forget'
p2079
I75
sS'founder'
p2080
I75
sS'camera....makes'
p2081
I75
sS'caused'
p2082
I75
sS'beware'
p2083
I75
sS'lack'
p2084
I75
sS'dollar'
p2085
I75
sS'crosshairs'
p2086
I75
sS'month'
p2087
I74
sS'younow'
p2088
I75
sS'causation"'
p2089
I75
sS'see...ok'
p2090
I75
sS'antagonize'
p2091
I75
sS'"tune'
p2092
I75
sS'cameron'
p2093
I75
sS'follow'
p2094
I69
sS'snake...god'
p2095
I75
sS'causes'
p2096
I75
sS'carpet'
p2097
I74
sS'asada'
p2098
I75
sS'apartment'
p2099
I73
sS'scared'
p2100
I75
sS'tv'
p2101
I73
sS'mores'
p2102
I75
sS'to'
p2103
I2
sS'aaron'
p2104
I75
sS'tj'
p2105
I73
sS'spain'
p2106
I75
sS'issued'
p2107
I75
sS'safety'
p2108
I75
sS'td'
p2109
I75
sS'enjoying'
p2110
I72
sS'presentation'
p2111
I74
sS'dfm'
p2112
I75
sS'case'
p2113
I73
sS'woman'
p2114
I75
sS'worse'
p2115
I75
sS'sitting'
p2116
I70
sS'very'
p2117
I62
sS'rules-'
p2118
I75
sS'fav'
p2119
I71
sS'fat'
p2120
I75
sS'hollywood...pls'
p2121
I75
sS'simpsons'
p2122
I74
sS'trillions'
p2123
I75
sS'sont'
p2124
I74
sS'bestie'
p2125
I75
sS'fall'
p2126
I71
sS'ticket'
p2127
I74
sS'difference'
p2128
I75
sS'treating'
p2129
I75
sS'alien'
p2130
I75
sS'heaven'
p2131
I74
sS'sans'
p2132
I75
sS'shenanigans'
p2133
I75
sS'list'
p2134
I70
sS'joined'
p2135
I75
sS'random'
p2136
I75
sS'artform'
p2137
I75
sS'harry'
p2138
I75
sS'small'
p2139
I74
sS'biological'
p2140
I75
sS"mm's"
p2141
I75
sS"i'll"
p2142
I66
sS'entourage'
p2143
I75
sS'neighborhood'
p2144
I73
sS'instagram'
p2145
I71
sS'tea'
p2146
I70
sS'streets'
p2147
I75
sS'fragility'
p2148
I75
sS'sorry...good'
p2149
I75
sS'factory.\xe2\x80\xa6'
p2150
I75
sS'past'
p2151
I75
sS'burger'
p2152
I75
sS'zero'
p2153
I74
sS'design'
p2154
I74
sS'lawyer'
p2155
I75
sS'pass'
p2156
I73
sS'\xeb\x98\x90'
p2157
I75
sS'benched'
p2158
I75
sS'4-disc'
p2159
I75
sS'90s'
p2160
I75
sS'what'
p2161
I33
sS'clock'
p2162
I74
sS'section'
p2163
I75
sS'stunning'
p2164
I75
sS'crush'
p2165
I73
sS'sup'
p2166
I75
sS'learned'
p2167
I72
sS'seemed'
p2168
I75
sS'public'
p2169
I73
sS'movement'
p2170
I72
sS'edited'
p2171
I75
sS'unsurprisingly'
p2172
I75
sS'full'
p2173
I72
sS'dillashaw'
p2174
I75
sS'schmack'
p2175
I75
sS'hours'
p2176
I70
sS'smartest'
p2177
I74
sS'suicide'
p2178
I75
sS'i.e'
p2179
I75
sS'strong'
p2180
I75
sS'respect'
p2181
I75
sS'legend'
p2182
I74
sS"'casting"
p2183
I75
sS'pleasant'
p2184
I75
sS'speeches'
p2185
I75
sS'bext'
p2186
I75
sS'inspired'
p2187
I75
sS'experimenting'
p2188
I75
sS'experience'
p2189
I73
sS'pics'
p2190
I73
sS'eva'
p2191
I75
sS'airport'
p2192
I75
sS'milkshake'
p2193
I73
sS'uncharted'
p2194
I75
sS'social'
p2195
I73
sS'action'
p2196
I74
sS'schott'
p2197
I75
sS'via'
p2198
I53
sS'thankfully'
p2199
I75
sS'kimball'
p2200
I75
sS"knightley's"
p2201
I75
sS'"let\'s'
p2202
I75
sS'bathers'
p2203
I75
sS'ask'
p2204
I72
sS'punches'
p2205
I75
sS'trained'
p2206
I75
sS'chaud'
p2207
I75
sS'actress'
p2208
I75
sS'"locationlocation'
p2209
I75
sS'florence'
p2210
I75
sS'emoji'
p2211
I75
sS'public.\xe2\x80\x9d'
p2212
I75
sS"keepin'"
p2213
I75
sS'attendance'
p2214
I75
sS'eye'
p2215
I71
sS'takes'
p2216
I74
sS'0'
p2217
I75
sS'donuts'
p2218
I75
sS'texting'
p2219
I75
sS'two'
p2220
I61
sS'vote'
p2221
I75
sS'balloon'
p2222
I75
sS'pearl'
p2223
I75
sS"ca'brea)"
p2224
I75
sS'gorgeous'
p2225
I73
sS'shits'
p2226
I75
sS'dunks'
p2227
I75
sS'seen\xe2\x80\xa6'
p2228
I75
sS'minor'
p2229
I75
sS'more'
p2230
I42
sS'horses'
p2231
I75
sS'israel'
p2232
I75
sS'door'
p2233
I75
sS'knows'
p2234
I75
sS'grabbing'
p2235
I74
sS'triviahhhhhh'
p2236
I75
sS"layover...you're"
p2237
I75
sS'admissions'
p2238
I75
sS'fanboys'
p2239
I75
sS'45-'
p2240
I75
sS'broke'
p2241
I72
sS'particular'
p2242
I75
sS'known'
p2243
I75
sS"who'll"
p2244
I75
sS'mounted'
p2245
I75
sS'karaoke'
p2246
I75
sS'glad'
p2247
I68
sS'town'
p2248
I75
sS'keeping'
p2249
I73
sS'hour'
p2250
I70
sS'shit"'
p2251
I75
sS'fan-fucking-tastic'
p2252
I75
sS'maniac'
p2253
I75
sS'sucks'
p2254
I73
sS'nina'
p2255
I75
sS'h/t'
p2256
I75
sS'bias'
p2257
I75
sS'outstanding'
p2258
I75
sS'learn'
p2259
I74
sS'spontaneous'
p2260
I75
sS'def'
p2261
I71
sS'history'
p2262
I73
sS'beautiful'
p2263
I73
sS'sorkin'
p2264
I75
sS'shark'
p2265
I74
sS"woman's"
p2266
I75
sS'hamburger'
p2267
I75
sS'appletv'
p2268
I75
sS'brown'
p2269
I75
sS'share'
p2270
I75
sS'accept'
p2271
I75
sS'states'
p2272
I73
sS'pushed'
p2273
I75
sS'tuesday'
p2274
I75
sS'brightened'
p2275
I75
sS'salty'
p2276
I75
sS'numbers'
p2277
I75
sS'sense'
p2278
I71
sS'libertarian'
p2279
I75
sS'airplane'
p2280
I75
sS'"this'
p2281
I74
sS'dress'
p2282
I74
sS'ideology'
p2283
I75
sS'\xea\xb8\x88\xec\x9a\x94\xec\x9d\xbc'
p2284
I75
sS'shanxi'
p2285
I75
sS'chores'
p2286
I75
sS'huge'
p2287
I74
sS'needs'
p2288
I74
sS'answer'
p2289
I75
sS'court'
p2290
I74
sS'goal'
p2291
I75
sS'awkward'
p2292
I75
sS'rather'
p2293
I75
sS'breaking'
p2294
I72
sS'song/play'
p2295
I75
sS'amistad'
p2296
I75
sS'[obey]'
p2297
I75
sS'prejudice'
p2298
I75
sS'ryu'
p2299
I75
sS'explains'
p2300
I75
sS'idaho'
p2301
I74
sS'vietnam'
p2302
I75
sS'sandwich'
p2303
I75
sS'okay'
p2304
I75
sS'plans'
p2305
I73
sS'rude'
p2306
I75
sS'disgraced'
p2307
I75
sS'scouts'
p2308
I75
sS'sneak'
p2309
I74
sS'plane'
p2310
I72
sS'lighting'
p2311
I75
sS'adventure'
p2312
I75
sS'coming'
p2313
I71
sS'choice'
p2314
I75
sS'capitalize'
p2315
I75
sS'response'
p2316
I75
sS'huerta'
p2317
I75
sS'a'
p2318
I4
sS'eeee'
p2319
I75
sS'refuse'
p2320
I75
sS'short'
p2321
I74
sS'orchard'
p2322
I75
sS"that'd"
p2323
I75
sS'loud'
p2324
I74
sS'register'
p2325
I73
sS'vegans'
p2326
I75
sS'overnight'
p2327
I75
sS'anytime'
p2328
I75
sS'media'
p2329
I75
sS'aller'
p2330
I75
sS'"changed'
p2331
I75
sS'playing'
p2332
I71
sS"that's"
p2333
I56
sS'greats'
p2334
I75
sS'serenade'
p2335
I75
sS'union...interesting'
p2336
I75
sS'mexican'
p2337
I75
sS'help'
p2338
I74
sS'(unconsciously)'
p2339
I75
sS"don't"
p2340
I47
sS'hierarchy'
p2341
I72
sS'misjudging'
p2342
I75
sS'5hark'
p2343
I75
sS'sooo'
p2344
I75
sS'soon'
p2345
I73
sS'held'
p2346
I75
sS'appeals'
p2347
I75
sS'through'
p2348
I70
sS'destruction'
p2349
I75
sS'replies'
p2350
I74
sS'hell'
p2351
I73
sS'smiling'
p2352
I75
sS'tunnel'
p2353
I75
sS'its'
p2354
I68
sS'dont'
p2355
I75
sS'25'
p2356
I75
sS'style'
p2357
I73
sS'you\xe2\x9d\xa4\xef\xb8\x8f'
p2358
I75
sS'20'
p2359
I74
sS'lanolana'
p2360
I75
sS'23'
p2361
I75
sS'exact'
p2362
I73
sS'handheld'
p2363
I75
sS'actually'
p2364
I65
sS'late'
p2365
I72
sS'hillsides'
p2366
I75
sS'penn'
p2367
I75
sS'argentina'
p2368
I75
sS'soccer'
p2369
I75
sS'might'
p2370
I71
sS"haven't"
p2371
I71
sS'savides'
p2372
I75
sS'good'
p2373
I36
sS'motivated'
p2374
I75
sS'yo'
p2375
I70
sS'ya'
p2376
I74
sS'shortlist'
p2377
I75
sS'cel'
p2378
I75
sS'socially'
p2379
I73
sS'yd'
p2380
I75
sS'yg'
p2381
I75
sS'inch'
p2382
I75
sS'ces'
p2383
I75
sS'starbucks'
p2384
I62
sS'icymi'
p2385
I74
sS'milestone'
p2386
I75
sS'belts\xe2\x80\x94wearing'
p2387
I75
sS'ninja'
p2388
I75
sS'yr'
p2389
I73
sS'buyouts'
p2390
I75
sS'bryan'
p2391
I75
sS'\xea\xb5\xac\xeb\xa6\x84\xec\x9d\x84'
p2392
I75
sS'failed'
p2393
I75
sS'todayyy'
p2394
I75
sS'fantasy'
p2395
I75
sS'sundays'
p2396
I75
sS'always'
p2397
I52
sS'korra'
p2398
I75
sS'truths'
p2399
I75
sS'goofy'
p2400
I75
sS'stopped'
p2401
I75
sS'compris'
p2402
I75
sS'turns'
p2403
I75
sS'found'
p2404
I69
sS'friendship'
p2405
I75
sS'notes'
p2406
I75
sS"isn't"
p2407
I73
sS'sketches'
p2408
I75
sS'weighs'
p2409
I75
sS'everyone'
p2410
I70
sS'another'
p2411
I68
sS'weight'
p2412
I75
sS'favorited'
p2413
I75
sS'generation'
p2414
I74
sS'house'
p2415
I70
sS'energy'
p2416
I75
sS'hard'
p2417
I64
sS'idea'
p2418
I71
sS'democrat'
p2419
I75
sS'putin'
p2420
I75
sS'cloudy'
p2421
I75
sS'176'
p2422
I75
sS'$1.7'
p2423
I75
sS'standards'
p2424
I75
sS'scribe'
p2425
I75
sS'event'
p2426
I72
sS'really'
p2427
I49
sS'flower'
p2428
I75
sS'missed'
p2429
I73
sS'wondered'
p2430
I74
sS'party\xe2\x80\xa6'
p2431
I75
sS'4pm'
p2432
I74
sS'since'
p2433
I71
sS'killing"'
p2434
I75
sS'doc...u'
p2435
I75
sS'loll'
p2436
I75
sS'acting'
p2437
I74
sS'settle'
p2438
I75
sS'health'
p2439
I75
sS'7'
p2440
I73
sS'paradise'
p2441
I75
sS'remodeling'
p2442
I75
sS'not?\xe2\x9d\xa4\xef\xb8\x8f'
p2443
I75
sS'ass'
p2444
I71
sS'definately'
p2445
I75
sS'disobedience'
p2446
I75
sS'rumor'
p2447
I75
sS'lawrence'
p2448
I75
sS'upon'
p2449
I75
sS'friday'
p2450
I73
sS'guess'
p2451
I70
sS'\xec\xa3\xbc\xeb\x8c\x95\xec\x9d\xb4'
p2452
I75
sS'asc'
p2453
I74
sS'extraordinary'
p2454
I75
sS'reason'
p2455
I74
sS'basketball'
p2456
I75
sS'shewolfs'
p2457
I75
sS'members'
p2458
I74
sS'imagine'
p2459
I75
sS'put'
p2460
I73
sS'mma'
p2461
I75
sS'best...at'
p2462
I75
sS'cheers'
p2463
I71
sS'misogyny'
p2464
I75
sS'benefits'
p2465
I75
sS'thread'
p2466
I74
sS'needing'
p2467
I75
sS'fincher'
p2468
I75
sS'266mexico'
p2469
I75
sS"car's"
p2470
I75
sS'sondra'
p2471
I75
sS'american'
p2472
I72
sS'wither'
p2473
I75
sS'expecting'
p2474
I75
sS'yall'
p2475
I75
sS'w'
p2476
I70
sS'daisy'
p2477
I75
sS'syria'
p2478
I75
sS'\xc2\xaf\\_(\xe3\x83\x84)_/\xc2\xaf'
p2479
I75
sS'feed'
p2480
I75
sS'major'
p2481
I75
sS'student'
p2482
I73
sS'terrifyingly'
p2483
I75
sS'feel'
p2484
I64
sS'number'
p2485
I71
sS'dust'
p2486
I75
sS'"painfully'
p2487
I75
sS'done'
p2488
I69
sS'says'
p2489
I67
sS'donk'
p2490
I75
sS'miss'
p2491
I65
sS'passes'
p2492
I75
sS'story'
p2493
I66
sS'killin'
p2494
I75
sS'hots'
p2495
I75
sS'guest'
p2496
I74
sS'jet'
p2497
I74
sS'points)'
p2498
I75
sS'together'
p2499
I73
sS'interviews'
p2500
I75
sS'two-week'
p2501
I75
sS'least'
p2502
I73
sS'bike-friendly'
p2503
I75
sS'paint'
p2504
I73
sS'97%'
p2505
I75
sS'wonderful'
p2506
I73
sS'\xea\xb0\x80\xeb\xb2\x84\xeb\xa0\xb8\xeb\x84\xa4'
p2507
I75
sS'storm'
p2508
I74
sS'arguing'
p2509
I75
sS'rates'
p2510
I75
sS'compartment'
p2511
I75
sS'jen'
p2512
I75
sS'banana'
p2513
I74
sS'store'
p2514
I74
sS'hayyyyyyy'
p2515
I75
sS'wahhhh'
p2516
I75
sS'passed'
p2517
I75
sS'relationship'
p2518
I75
sS'behind'
p2519
I74
sS'$$'
p2520
I75
sS'hotel'
p2521
I74
sS'park'
p2522
I51
sS'discover'
p2523
I75
sS'part'
p2524
I65
sS'(southern'
p2525
I75
sS'doctors'
p2526
I75
sS'recourse'
p2527
I75
sS'believe'
p2528
I70
sS'convinced'
p2529
I74
sS'$3'
p2530
I75
sS'obama'
p2531
I71
sS'king'
p2532
I75
sS'kind'
p2533
I71
sS'b'
p2534
I75
sS'days/year'
p2535
I75
sS'novel'
p2536
I75
sS'condolences'
p2537
I75
sS'gotten'
p2538
I75
sS'marshall'
p2539
I75
sS'(5353'
p2540
I74
sS'scandinavian'
p2541
I75
sS'show!:^p'
p2542
I75
sS'marriage'
p2543
I73
sS'supposed'
p2544
I74
sS'charger'
p2545
I75
sS'toward'
p2546
I75
sS'ousted'
p2547
I75
sS'dana'
p2548
I75
sS'sentenced'
p2549
I75
sS'charlotte'
p2550
I75
sS'(ancient'
p2551
I75
sS'urban'
p2552
I74
sS'seth'
p2553
I75
sS'fights'
p2554
I74
sS'ages'
p2555
I75
sS'gilligan'
p2556
I75
sS'juice'
p2557
I75
sS'sugarkiss'
p2558
I75
sS'gala'
p2559
I75
sS'showers'
p2560
I75
sS"jessica's"
p2561
I75
sS'busbyseast\xe2\x80\xa6'
p2562
I75
sS'kind-of'
p2563
I75
sS'confirms'
p2564
I75
sS'orders'
p2565
I74
sS'vulnerable'
p2566
I75
sS'normal'
p2567
I75
sS'sell'
p2568
I75
sS'lie'
p2569
I74
sS'nights'
p2570
I74
sS'oitnb'
p2571
I75
sS'lil'
p2572
I74
sS'colombien'
p2573
I74
sS'scott'
p2574
I75
sS'hip"'
p2575
I75
sS'also'
p2576
I67
sS'aggro'
p2577
I75
sS'useless'
p2578
I75
sS'finding'
p2579
I73
sS'\xec\x95\x84\xea\xb0\x80\xec\x94\xa8'
p2580
I75
sS'\xee\x90\x92'
p2581
I75
sS"amazing.'"
p2582
I75
sS'pringles'
p2583
I75
sS'house/pet'
p2584
I75
sS'play'
p2585
I72
sS'towards'
p2586
I74
sS'electric'
p2587
I75
sS'210turkey'
p2588
I75
sS'warnings'
p2589
I75
sS'now!!!\xe2\x80\xa6'
p2590
I75
sS'reach'
p2591
I74
sS'reunited'
p2592
I75
sS'react'
p2593
I75
sS'most'
p2594
I62
sS'poke'
p2595
I75
sS'charm'
p2596
I75
sS'tips'
p2597
I75
sS'nothing'
p2598
I68
sS'seasons'
p2599
I75
sS'singled'
p2600
I75
sS'kc'
p2601
I74
sS'ka'
p2602
I75
sS'creators'
p2603
I75
sS'5-0'
p2604
I75
sS'incase'
p2605
I75
sS'mobile'
p2606
I75
sS'sometimes'
p2607
I70
sS'cover'
p2608
I75
sS'traditional'
p2609
I75
sS'succop'
p2610
I75
sS'artistic'
p2611
I75
sS'eisen'
p2612
I75
sS'barrel'
p2613
I75
sS'usual'
p2614
I74
sS'tweeting.\xe2\x80\x9d'
p2615
I75
sS'attacking'
p2616
I74
sS'lying'
p2617
I75
sS'thomas'
p2618
I75
sS'ugh'
p2619
I75
sS'somewhat'
p2620
I75
sS'sangin'
p2621
I75
sS'disappointed'
p2622
I75
sS'wardrobe'
p2623
I75
sS'booze'
p2624
I75
sS'jared'
p2625
I75
sS'believed'
p2626
I75
sS'fine'
p2627
I74
sS'find'
p2628
I71
sS'choco'
p2629
I75
sS'current'
p2630
I75
sS'giant'
p2631
I75
sS'northern'
p2632
I75
sS'justice'
p2633
I75
sS'endlessly'
p2634
I75
sS'camel'
p2635
I75
sS'worthy'
p2636
I75
sS'grace'
p2637
I75
sS'figuring'
p2638
I75
sS'flights'
p2639
I75
sS'pretty'
p2640
I61
sS'captures'
p2641
I75
sS'8'
p2642
I74
sS'food/drink'
p2643
I75
sS'hip'
p2644
I75
sS'frickin'
p2645
I75
sS'his'
p2646
I56
sS'hit'
p2647
I71
sS'mercy'
p2648
I75
sS'beams'
p2649
I75
sS'connections'
p2650
I75
sS'g36c'
p2651
I75
sS'pregnant'
p2652
I75
sS'famous'
p2653
I74
sS'remedy'
p2654
I75
sS'courage'
p2655
I75
sS'rest'
p2656
I75
sS'insiders'
p2657
I75
sS'wooooooo'
p2658
I75
sS'during'
p2659
I72
sS'silk'
p2660
I75
sS'him'
p2661
I63
sS'\xec\x95\x88\xeb\xb3\xb4\xec\x9d\xb8\xeb\x8b\xa4\xea\xb3\xa0...\xea\xb7\xb8'
p2662
I75
sS'\xea\xb3\xa0.....\xeb\xad\x90\xeb\x88\x88\xec\x97\x94'
p2663
I75
sS'cry'
p2664
I75
sS'sliders'
p2665
I75
sS'gloves'
p2666
I74
sS'common'
p2667
I75
sS'hype'
p2668
I73
sS'cease'
p2669
I75
sS'river'
p2670
I75
sS'wrote'
p2671
I73
sS'insane'
p2672
I75
sS'cutie'
p2673
I75
sS'set'
p2674
I70
sS'art'
p2675
I72
sS'film...great'
p2676
I75
sS'throwing'
p2677
I73
sS'juuust'
p2678
I75
sS'vine'
p2679
I75
sS'potent'
p2680
I75
sS'sex'
p2681
I71
sS'culture'
p2682
I73
sS'see'
p2683
I44
sS'dumb'
p2684
I73
sS'are'
p2685
I22
sS'authentic"'
p2686
I75
sS'close'
p2687
I72
sS'11th'
p2688
I75
sS'ark'
p2689
I75
sS'arm'
p2690
I74
sS'deploying'
p2691
I75
sS'movie'
p2692
I66
sS'wow'
p2693
I66
sS'currently'
p2694
I74
sS'please'
p2695
I73
sS'hollyweird'
p2696
I75
sS'fans'
p2697
I74
sS'won'
p2698
I73
sS'"yes"'
p2699
I75
sS'probably'
p2700
I70
sS'pictured'
p2701
I56
sS'piss'
p2702
I75
sS'solo'
p2703
I75
sS'9/11'
p2704
I75
sS'korea'
p2705
I74
sS'brush'
p2706
I75
sS'missing'
p2707
I73
sS"utah's"
p2708
I75
sS'attention'
p2709
I72
sS'tonys'
p2710
I75
sS'punch'
p2711
I75
sS'mormonism'
p2712
I75
sS'bar)'
p2713
I72
sS'ils'
p2714
I75
sS'\xec\x95\x97\xec\x8b\xb8'
p2715
I75
sS'both'
p2716
I70
sS'c'
p2717
I75
sS'glasses...clever'
p2718
I75
sS'last'
p2719
I60
sS'mega'
p2720
I75
sS'restaurant'
p2721
I74
sS"wouldn't"
p2722
I71
sS'annual'
p2723
I75
sS'chrisalvizuris'
p2724
I74
sS'foreign'
p2725
I75
sS'sparring'
p2726
I74
sS'shot\xe2\x80\xa6'
p2727
I75
sS'sterling'
p2728
I75
sS'poverty'
p2729
I75
sS'whole'
p2730
I73
sS'\xec\xb0\xb8\xea\xb7\xb9\xec\x9d\xbc'
p2731
I75
sS'liked'
p2732
I75
sS'consume'
p2733
I75
sS'drunk'
p2734
I74
sS'battery'
p2735
I75
sS'sweet'
p2736
I72
sS'\xec\x9d\xb4\xec\x81\x9c'
p2737
I75
sS'geometry'
p2738
I75
sS'dudes'
p2739
I75
sS"hadn't"
p2740
I74
sS'dances'
p2741
I75
sS'fashion'
p2742
I75
sS'simply'
p2743
I74
sS'likes'
p2744
I75
sS'church'
p2745
I72
sS"ralph's"
p2746
I75
sS'naps'
p2747
I75
sS'dealt'
p2748
I75
sS'stamp'
p2749
I75
sS'wasss'
p2750
I75
sS'create'
p2751
I74
sS'panera'
p2752
I75
sS'political'
p2753
I74
sS'due'
p2754
I75
sS'teacher'
p2755
I75
sS'hitting'
p2756
I75
sS'secret'
p2757
I74
sS'damn'
p2758
I65
sS'non-fucking'
p2759
I75
sS'pd'
p2760
I74
sS'blankspaces'
p2761
I68
sS'meeting'
p2762
I72
sS'intro...to'
p2763
I75
sS'empty'
p2764
I75
sS'pm'
p2765
I75
sS'dialogue'
p2766
I75
sS'lived'
p2767
I74
sS'flight'
p2768
I74
sS'gay'
p2769
I72
sS'sending'
p2770
I75
sS'fire'
p2771
I71
sS"what's"
p2772
I72
sS'gas'
p2773
I74
sS'...that'
p2774
I75
sS'agent)'
p2775
I75
sS'else'
p2776
I74
sS'fund'
p2777
I75
sS'whatever'
p2778
I75
sS'engage'
p2779
I75
sS'understand'
p2780
I74
sS'disruptive'
p2781
I75
sS'8stops7'
p2782
I72
sS'rocking'
p2783
I75
sS"40's"
p2784
I75
sS"'battered"
p2785
I75
sS'bicycle...to'
p2786
I75
sS'mla'
p2787
I75
sS'look'
p2788
I67
sS'raw'
p2789
I74
sS'hills/hollywood'
p2790
I75
sS'straight'
p2791
I74
sS'bill'
p2792
I75
sS'pill'
p2793
I75
sS'healthy'
p2794
I75
sS'while'
p2795
I67
sS'replaced'
p2796
I75
sS'match'
p2797
I75
sS'mimosas'
p2798
I75
sS'fun'
p2799
I65
sS'kissing'
p2800
I75
sS'\xed\x95\xa9\xeb\x8b\x88\xeb\x8b\xa4'
p2801
I75
sS'animated'
p2802
I75
sS'\xec\x83\x88\xeb\x88\x8c'
p2803
I75
sS'infront'
p2804
I75
sS'ganging'
p2805
I75
sS'styles'
p2806
I75
sS'madoff'
p2807
I75
sS'century'
p2808
I75
sS'moth'
p2809
I73
sS'<<'
p2810
I75
sS'middle-east'
p2811
I75
sS'rip'
p2812
I74
sS'rooftop'
p2813
I75
sS'thebirthdaygroupla'
p2814
I75
sS'itself'
p2815
I75
sS'fry-gum'
p2816
I75
sS'beautifully'
p2817
I75
sS'ready'
p2818
I70
sS'rig'
p2819
I75
sS'michelle'
p2820
I75
sS'vox'
p2821
I75
sS'funny'
p2822
I72
sS'season1'
p2823
I75
sS'shirt'
p2824
I75
sS'fran83'
p2825
I75
sS'ideologies'
p2826
I75
sS'(5364'
p2827
I75
sS'cold...and'
p2828
I75
sS'corridor'
p2829
I75
sS'grand'
p2830
I75
sS'9'
p2831
I75
sS'ghostbusters'
p2832
I75
sS'higher'
p2833
I75
sS'development'
p2834
I75
sS'distracted'
p2835
I75
sS'used'
p2836
I71
sS'snail'
p2837
I75
sS'syd'
p2838
I75
sS'bonus'
p2839
I75
sS'4\xe2\x80\xa6'
p2840
I75
sS'ohmahhgawdddd'
p2841
I75
sS'yeah:)'
p2842
I75
sS'obie'
p2843
I75
sS'movimientos'
p2844
I75
sS'moment'
p2845
I75
sS'u.s'
p2846
I75
sS'moving'
p2847
I73
sS'purpose'
p2848
I75
sS'bob'
p2849
I75
sS'early'
p2850
I68
sS'older'
p2851
I74
sS'rico_bobby'
p2852
I74
sS"'desire'"
p2853
I75
sS'spent'
p2854
I74
sS'obviously'
p2855
I75
sS'person'
p2856
I71
sS'cheer'
p2857
I75
sS'flags'
p2858
I75
sS'inspirational'
p2859
I75
sS'entry'
p2860
I75
sS'spend'
p2861
I73
sS'leone'
p2862
I75
sS'www.happinessinablog.tumblr.complease'
p2863
I75
sS'listening'
p2864
I73
sS'precedence'
p2865
I75
sS'lottery'
p2866
I75
sS'ceo'
p2867
I75
sS'named'
p2868
I75
sS'materialistic'
p2869
I75
sS'lds'
p2870
I75
sS'openly'
p2871
I75
sS'circling'
p2872
I73
sS'using'
p2873
I74
sS'talk'
p2874
I75
sS'alternative'
p2875
I75
sS'injuries'
p2876
I74
sS'lebowski'
p2877
I75
sS'knight'
p2878
I75
sS'cut'
p2879
I72
sS'waste'
p2880
I75
sS'flares'
p2881
I75
sS'hated'
p2882
I75
sS'cuz'
p2883
I71
sS'source'
p2884
I75
sS'exhibition'
p2885
I75
sS'braaaaaaaa'
p2886
I75
sS'homies'
p2887
I74
sS'ruled'
p2888
I75
sS'easter'
p2889
I74
sS'excited'
p2890
I69
sS'surprised'
p2891
I74
sS'hater'
p2892
I75
sS'bio'
p2893
I75
sS'complaint'
p2894
I75
sS'manage'
p2895
I75
sS'color?!\xe2\x80\x9d'
p2896
I75
sS'lacking'
p2897
I74
sS'big'
p2898
I65
sS'couple'
p2899
I74
sS'8:30pm'
p2900
I75
sS'matters'
p2901
I74
sS'game'
p2902
I66
sS'biz'
p2903
I75
sS'private'
p2904
I75
sS"noah's"
p2905
I75
sS'67%'
p2906
I75
sS'bit'
p2907
I72
sS'bloody'
p2908
I75
sS'\xec\xa1\xb4\xeb\x82\x98'
p2909
I75
sS'formal'
p2910
I75
sS'energy\xe2\x80\x9d'
p2911
I75
sS'imposed'
p2912
I75
sS'success'
p2913
I75
sS'unrecognized'
p2914
I75
sS'message'
p2915
I75
sS'pounds'
p2916
I75
sS'vans'
p2917
I75
sS'continue'
p2918
I74
sS'me."'
p2919
I75
sS"cryin'"
p2920
I75
sS'"advertissers'
p2921
I75
sS'buddies'
p2922
I75
sS'partying'
p2923
I75
sS'parade'
p2924
I74
sS'absolutely'
p2925
I74
sS'spring'
p2926
I75
sS'fathers'
p2927
I75
sS'yolo'
p2928
I74
sS'some'
p2929
I35
sS'back'
p2930
I53
sS'ostia'
p2931
I75
sS'extremist'
p2932
I75
sS'streaming'
p2933
I74
sS'bouncy'
p2934
I75
sS'mirror'
p2935
I75
sS'curious'
p2936
I74
sS'classes'
p2937
I75
sS'fambam'
p2938
I75
sS'suspenseful'
p2939
I75
sS'gradually'
p2940
I75
sS'wasssted'
p2941
I75
sS'lappg'
p2942
I75
sS'tweet"'
p2943
I75
sS'pet'
p2944
I75
sS'prison'
p2945
I75
sS'per'
p2946
I73
sS'prop'
p2947
I75
sS'daisha_ashley'
p2948
I75
sS'religion'
p2949
I75
sS'anne'
p2950
I75
sS'epic'
p2951
I73
sS'minimal'
p2952
I75
sS'either'
p2953
I75
sS'be'
p2954
I20
sS'cameraman'
p2955
I75
sS'run'
p2956
I74
sS'1st'
p2957
I75
sS'bc'
p2958
I74
sS'foles'
p2959
I75
sS'cutler'
p2960
I75
sS'agreement'
p2961
I75
sS's/o'
p2962
I75
sS'stem'
p2963
I75
sS'step'
p2964
I75
sS's01'
p2965
I75
sS'nitty'
p2966
I75
sS'chick'
p2967
I75
sS'usc'
p2968
I75
sS'co-working'
p2969
I75
sS'victoria'
p2970
I75
sS'by'
p2971
I44
sS'von'
p2972
I75
sS'perf'
p2973
I75
sS'works'
p2974
I74
sS'cardio?"greg'
p2975
I75
sS'anything'
p2976
I69
sS'netflix'
p2977
I73
sS'la-key-sha'
p2978
I75
sS'iced'
p2979
I75
sS'truck'
p2980
I74
sS'page'
p2981
I75
sS'drama'
p2982
I75
sS'deserves'
p2983
I75
sS'range'
p2984
I75
sS'greets'
p2985
I75
sS'"we\'re'
p2986
I75
sS'germany'
p2987
I75
sS'kaep'
p2988
I75
sS'wanna'
p2989
I66
sS'dwight'
p2990
I75
sS'silence'
p2991
I75
sS'pollution'
p2992
I75
sS'seeing'
p2993
I68
sS'david'
p2994
I74
sS'clinton'
p2995
I75
sS'visit'
p2996
I75
sS'into'
p2997
I56
sS'within'
p2998
I74
sS'nonsense'
p2999
I75
sS'yoooooo'
p3000
I75
sS'great!"'
p3001
I75
sS'lesson'
p3002
I75
sS'lebron'
p3003
I75
sS'katie'
p3004
I75
sS'...a'
p3005
I75
sS"yum-pkinyou're"
p3006
I75
sS'spending'
p3007
I73
sS'question'
p3008
I74
sS'ca)'
p3009
I41
sS'fast'
p3010
I74
sS'laurivera12'
p3011
I75
sS'doubt'
p3012
I75
sS'"gunther"'
p3013
I75
sS"we're"
p3014
I72
sS'rocketfuel'
p3015
I75
sS'bruh'
p3016
I75
sS'forward'
p3017
I74
sS'bored'
p3018
I75
sS'now.\xe2\x80\x9d'
p3019
I75
sS'opens'
p3020
I74
sS'memory'
p3021
I75
sS'boyd'
p3022
I75
sS'show...same'
p3023
I75
sS'inept'
p3024
I74
sS'boys'
p3025
I74
sS'larry'
p3026
I75
sS'link'
p3027
I74
sS'tvs'
p3028
I75
sS'russian'
p3029
I75
sS'line'
p3030
I73
sS'posted'
p3031
I73
sS'info'
p3032
I74
sS'tumblr'
p3033
I75
sS'cia'
p3034
I75
sS'up'
p3035
I32
sS'us'
p3036
I54
sS'ur'
p3037
I71
sS'um'
p3038
I73
sS'ka\xc2\xb7lei\xc2\xb7do\xc2\xb7scope/k\xc9\x99\xcb\x88l\xc4\xabd\xc9\x99\xcb\x8csk\xc5\x8dp/'
p3039
I75
sS'un'
p3040
I75
sS'planes'
p3041
I75
sS'z'
p3042
I74
sS'called'
p3043
I73
sS'"ppl'
p3044
I75
sS'uber'
p3045
I73
sS'(455'
p3046
I75
sS'enough.\xe2\x80\x9d'
p3047
I75
sS"gg's"
p3048
I75
sS'spiritual'
p3049
I75
sS'hedwig'
p3050
I75
sS'influence'
p3051
I75
sS'pas'
p3052
I75
sS'rarities'
p3053
I75
sS'single'
p3054
I75
sS'warning'
p3055
I75
sS'...the'
p3056
I75
sS'rally'
p3057
I74
sS'modeling'
p3058
I75
sS'molyneux'
p3059
I75
sS'see...how'
p3060
I75
sS'ansel'
p3061
I75
sS'6th'
p3062
I75
sS'prerogative'
p3063
I75
sS'kills'
p3064
I75
sS'fabrics)'
p3065
I75
sS'200s'
p3066
I75
sS'nap'
p3067
I73
sS'points'
p3068
I75
sS'actors'
p3069
I73
sS'irreplaceable'
p3070
I75
sS'b/c'
p3071
I73
sS'manhattan'
p3072
I74
sS'nice'
p3073
I67
sS'dale'
p3074
I75
sS'silencer/acog'
p3075
I75
sS'papi'
p3076
I75
sS'cuppycake'
p3077
I75
sS'absolootkoles'
p3078
I75
sS'lashing'
p3079
I75
sS'antiquities'
p3080
I75
sS'meaning'
p3081
I75
sS'clue'
p3082
I75
sS'desert'
p3083
I74
sS'freeways'
p3084
I74
sS'ago'
p3085
I70
sS'hells'
p3086
I75
sS'remix'
p3087
I75
sS'happier'
p3088
I75
sS'vice'
p3089
I75
sS'age'
p3090
I75
sS'barkley'
p3091
I75
sS'youtube'
p3092
I75
sS'katbigger'
p3093
I75
sS'walked'
p3094
I73
sS'annoyed'
p3095
I75
sS'hella'
p3096
I75
sS'heats'
p3097
I75
sS'dot'
p3098
I75
sS'c.a'
p3099
I75
sS'far'
p3100
I71
sS'fresh'
p3101
I74
sS'menace'
p3102
I75
sS'intentional'
p3103
I75
sS'kogi'
p3104
I73
sS'once'
p3105
I73
sS'squats'
p3106
I75
sS'down...wait'
p3107
I75
sS'recorded'
p3108
I75
sS'clovershoe'
p3109
I75
sS'existing'
p3110
I75
sS'steve'
p3111
I74
sS'gf'
p3112
I75
sS'tip'
p3113
I75
sS'...violence'
p3114
I75
sS'jg'
p3115
I75
sS'freakin'
p3116
I74
sS'go'
p3117
I40
sS'tweeted'
p3118
I75
sS'rebels'
p3119
I75
sS'penis'
p3120
I75
sS'prometheus'
p3121
I75
sS'peanut'
p3122
I75
sS'kimkraemer'
p3123
I75
sS'young'
p3124
I68
sS'suits'
p3125
I75
sS'woohoo'
p3126
I75
sS'officials'
p3127
I75
sS'sent'
p3128
I75
sS'family'
p3129
I75
sS'breathing'
p3130
I73
sS'\xea\xb0\x94\xec\xa7\x80\xec\x9a\x94'
p3131
I75
sS'outside'
p3132
I70
sS'vine\xe2\x80\x9d'
p3133
I75
sS'dispatcher/talking'
p3134
I75
sS'wishes'
p3135
I75
sS'facebook'
p3136
I75
sS"diego's"
p3137
I75
sS'mixing'
p3138
I74
sS'venegas'
p3139
I75
sS'heeeeeyy'
p3140
I75
sS'"i\'m'
p3141
I75
sS'magic'
p3142
I74
sS'gender'
p3143
I75
sS'button'
p3144
I75
sS'niggas'
p3145
I75
sS'michael'
p3146
I72
sS"they've"
p3147
I75
sS'fewer'
p3148
I73
sS'try'
p3149
I68
sS'assignments'
p3150
I75
sS'race'
p3151
I75
sS'avoiding'
p3152
I75
sS'actress!\xe2\x80\x9d'
p3153
I75
sS'originally'
p3154
I75
sS'someday'
p3155
I75
sS'smaller'
p3156
I75
sS'\xea\xb5\xbf\xeb\x82\x98\xec\x9e\x87'
p3157
I75
sS'\xec\x95\x84\xec\xb9\xa8'
p3158
I75
sS'folds'
p3159
I75
sS'frost'
p3160
I75
sS'ripped'
p3161
I75
sS'jump'
p3162
I75
sS'imply'
p3163
I75
sS"stuff'"
p3164
I75
sS'video'
p3165
I69
sS'traveling'
p3166
I74
sS'picked'
p3167
I75
sS'nephew'
p3168
I74
sS'licenses'
p3169
I75
sS'dynamics'
p3170
I75
sS'folk'
p3171
I75
sS'south'
p3172
I75
sS'cupcakes'
p3173
I75
sS'plays'
p3174
I75
sS'power'
p3175
I66
sS'chicago'
p3176
I75
sS'giving'
p3177
I73
sS'schedule'
p3178
I75
sS'sangria'
p3179
I75
sS'hardest'
p3180
I75
sS'3k'
p3181
I75
sS'seconds'
p3182
I75
sS'waiting'
p3183
I71
sS'attire'
p3184
I75
sS'relocate'
p3185
I75
sS'"most'
p3186
I75
sS'ahhhhh'
p3187
I75
sS'snoop'
p3188
I75
sS'led'
p3189
I74
sS'lee'
p3190
I73
sS'commercial'
p3191
I75
sS'sunsets'
p3192
I75
sS'desired'
p3193
I75
sS'objects'
p3194
I75
sS'let'
p3195
I69
sS'n.y'
p3196
I75
sS'others'
p3197
I69
sS'sexy'
p3198
I73
sS'ukraine'
p3199
I72
sS'great'
p3200
I56
sS'nodrog'
p3201
I75
sS'\xe2\x9a\xbd\xef\xb8\x8f'
p3202
I75
sS'30'
p3203
I75
sS'shades'
p3204
I75
sS'later'
p3205
I75
sS"weren't"
p3206
I74
sS'\xea\xb2\x89\xec\x96\xb4'
p3207
I75
sS"woulda'"
p3208
I75
sS'natasha'
p3209
I75
sS'makes'
p3210
I75
sS'explain'
p3211
I75
sS'thats'
p3212
I74
sS'\xe3\x85\x8b\xe3\x85\x8b'
p3213
I75
sS'yeeeees'
p3214
I75
sS'apple'
p3215
I73
sS'clark'
p3216
I75
sS'egypt'
p3217
I75
sS'win'
p3218
I70
sS'app'
p3219
I73
sS'confession'
p3220
I74
sS'apt'
p3221
I74
sS'aboard'
p3222
I75
sS'names'
p3223
I75
sS'scandal'
p3224
I75
sS'lime'
p3225
I75
sS'standing'
p3226
I75
sS'strapped'
p3227
I75
sS'use'
p3228
I72
sS'from'
p3229
I35
sS'figure'
p3230
I75
sS'usa'
p3231
I72
sS'&'
p3232
I34
sS'lesly'
p3233
I75
sS'illegal'
p3234
I75
sS'determining'
p3235
I75
sS'legalized'
p3236
I75
sS'cakes'
p3237
I75
sS'next'
p3238
I69
sS'few'
p3239
I70
sS'camera'
p3240
I74
sS'fer'
p3241
I75
sS'save'
p3242
I75
sS'toy'
p3243
I75
sS'themselves'
p3244
I74
sS'stage'
p3245
I75
sS'dreams'
p3246
I73
sS'txts'
p3247
I75
sS'sort'
p3248
I74
sS'babe'
p3249
I75
sS'journalists'
p3250
I75
sS'confession...i'
p3251
I75
sS'started'
p3252
I73
sS'local'
p3253
I75
sS'kiosk'
p3254
I75
sS'confused'
p3255
I75
sS'carrying'
p3256
I75
sS'rabbit'
p3257
I75
sS'baby'
p3258
I71
sS'4am'
p3259
I75
sS"edison's"
p3260
I75
sS'iii'
p3261
I74
sS'women'
p3262
I68
sS'customer'
p3263
I75
sS'account'
p3264
I74
sS'animals'
p3265
I73
sS'f'
p3266
I75
sS'this'
p3267
I14
sS'ride'
p3268
I74
sS'temecula'
p3269
I75
sS'reproduce'
p3270
I75
sS'obvious'
p3271
I75
sS'drill'
p3272
I75
sS'meet'
p3273
I72
sS'salmannsa'
p3274
I75
sS'didnt'
p3275
I75
sS'ordained'
p3276
I75
sS'slid'
p3277
I75
sS'wharf'
p3278
I75
sS'reserved'
p3279
I75
sS'interestingly'
p3280
I75
sS'thirsty'
p3281
I74
sS'do'
p3282
I37
sS'process'
p3283
I75
sS'\xe2\x80\x98just'
p3284
I75
sS'pieces'
p3285
I75
sS'high'
p3286
I73
sS'kiss\xe2\x9c\x8a\xe2\x9c\x8a'
p3287
I75
sS'pulling'
p3288
I75
sS'something'
p3289
I71
sS'chevelle'
p3290
I75
sS'blvd'
p3291
I70
sS'etc.)'
p3292
I75
sS'tan'
p3293
I75
sS'shrimp'
p3294
I75
sS'rape'
p3295
I75
sS'sis'
p3296
I75
sS'sir'
p3297
I72
sS'united'
p3298
I75
sS'democracy'
p3299
I75
sS'sit'
p3300
I72
sS'destroying'
p3301
I75
sS'conversely'
p3302
I75
sS'boxing'
p3303
I75
sS'(middle)'
p3304
I75
sS'evidently'
p3305
I75
sS'camille'
p3306
I75
sS'brian'
p3307
I74
sS'3-10pm'
p3308
I75
sS'pair'
p3309
I75
sS'animal'
p3310
I74
sS'"grandpa"'
p3311
I75
sS'instead'
p3312
I75
sS'comedy'
p3313
I74
sS'panic'
p3314
I75
sS'gurl'
p3315
I75
sS'chou'
p3316
I75
sS"dna's"
p3317
I75
sS'buildings'
p3318
I75
sS'*cue'
p3319
I75
sS'farm'
p3320
I75
sS'watch'
p3321
I68
sS'act'
p3322
I75
sS'tact'
p3323
I75
sS'booooom'
p3324
I75
sS'masks'
p3325
I75
sS'fitz'
p3326
I75
sS'sip'
p3327
I75
sS'structure'
p3328
I75
sS'taco'
p3329
I73
sS'coast'
p3330
I75
sS'exaggerating'
p3331
I75
sS'\xea\xb7\xb9\xec\xb0\xac'
p3332
I75
sS'sisqo'
p3333
I75
sS'tats'
p3334
I75
sS';^)'
p3335
I75
sS'whistle'
p3336
I75
sS'light'
p3337
I73
sS'bing'
p3338
I75
sS'feels'
p3339
I75
sS'community"'
p3340
I75
sS'octavia'
p3341
I75
sS'advocates'
p3342
I75
sS"busby's"
p3343
I31
sS'colada'
p3344
I75
sS'chien'
p3345
I75
sS'stakes'
p3346
I75
sS'preparing'
p3347
I75
sS'quirkfest\xe2\x80\xa6and'
p3348
I75
sS'six'
p3349
I75
sS'closely'
p3350
I75
sS'wit'
p3351
I75
sS'sidewalks'
p3352
I75
sS'move'
p3353
I73
sS'outlook'
p3354
I75
sS'produced'
p3355
I75
sS'celebrations'
p3356
I75
sS"won't"
p3357
I73
sS'looks'
p3358
I69
sS'cruise'
p3359
I75
sS'arrangement'
p3360
I75
sS'dt'
p3361
I74
sS'galaxy'
p3362
I74
sS'bunch'
p3363
I73
sS'perfect'
p3364
I73
sS'write'
p3365
I74
sS'remark'
p3366
I75
sS'la'
p3367
I21
sS'lo'
p3368
I75
sS'rubio'
p3369
I75
sS'[pic]'
p3370
I63
sS'winners'
p3371
I75
sS'choose'
p3372
I75
sS'orange'
p3373
I75
sS'2014'
p3374
I73
sS'holiday'
p3375
I74
sS'2010'
p3376
I75
sS'2013'
p3377
I74
sS'182'
p3378
I75
sS'koreans'
p3379
I75
sS'crash'
p3380
I74
sS'sword'
p3381
I75
sS'catering'
p3382
I75
sS'enslavement'
p3383
I75
sS'dan'
p3384
I75
sS'practice'
p3385
I75
sS'untouchable'
p3386
I75
sS'cutting'
p3387
I72
sS'ferguson'
p3388
I75
sS'legendary'
p3389
I75
sS'hands'
p3390
I75
sS'front'
p3391
I74
sS'sweety'
p3392
I75
sS'day'
p3393
I42
sS'preschool'
p3394
I75
sS'10pm'
p3395
I75
sS'risotto'
p3396
I75
sS'nfl'
p3397
I75
sS'w/u'
p3398
I75
sS'doesnt'
p3399
I75
sS'mode'
p3400
I74
sS'fuckkkkk'
p3401
I75
sS'w/t'
p3402
I74
sS'interview'
p3403
I75
sS'self-guided'
p3404
I75
sS'stock'
p3405
I75
sS'|'
p3406
I74
sS'warner'
p3407
I74
sS"qu'est-ce"
p3408
I75
sS'doing'
p3409
I69
sS'product'
p3410
I75
sS'-dune'
p3411
I75
sS'(tho'
p3412
I75
sS'regressive'
p3413
I75
sS'do.\xe2\x80\x9d'
p3414
I75
sS'filmmaking'
p3415
I75
sS'our'
p3416
I62
sS'sexual'
p3417
I72
sS'shannon'
p3418
I74
sS'out'
p3419
I29
sS'secretly'
p3420
I74
sS'matt'
p3421
I74
sS'swimmers'
p3422
I75
sS'defend'
p3423
I75
sS'(from'
p3424
I75
sS'rev'
p3425
I75
sS'w/o'
p3426
I75
sS'islamist'
p3427
I75
sS'critics'
p3428
I75
sS'&\xe2\x80\xa6'
p3429
I74
sS'mate'
p3430
I75
sS'{museum'
p3431
I75
sS'hilarious'
p3432
I73
sS'electronics'
p3433
I75
sS'halacha-creep'
p3434
I75
sS'cause'
p3435
I75
sS'sacrifice'
p3436
I75
sS'red'
p3437
I71
sS"one's"
p3438
I75
sS'torres'
p3439
I75
sS'harold'
p3440
I75
sS'manaus'
p3441
I75
sS'rung'
p3442
I75
sS'workflow'
p3443
I75
sS'southern'
p3444
I74
sS'maintains'
p3445
I75
sS'steel'
p3446
I75
sS'thunderstorm'
p3447
I75
sS'ban'
p3448
I75
sS'loool'
p3449
I75
sS'que'
p3450
I74
sS'york'
p3451
I74
sS'x'
p3452
I75
sS'qui'
p3453
I75
sS'peopleus'
p3454
I75
sS'drowning'
p3455
I75
sS'things)'
p3456
I75
sS'yard'
p3457
I75
sS'timey'
p3458
I75
sS'afternoon'
p3459
I75
sS'fart'
p3460
I75
sS'peeve'
p3461
I75
sS'bougie'
p3462
I75
sS'could'
p3463
I70
sS'keep'
p3464
I71
sS'49ers'
p3465
I75
sS"j'ai"
p3466
I75
sS'pudding'
p3467
I75
sS'mourir'
p3468
I75
sS'stoppage'
p3469
I75
sS'felt'
p3470
I75
sS'cain'
p3471
I75
sS'austin'
p3472
I75
sS'housing'
p3473
I75
sS'\xec\x8b\x9c\xec\x9e\x91'
p3474
I75
sS'pawn...eh'
p3475
I75
sS'finest'
p3476
I75
sS'third'
p3477
I75
sS'powerful'
p3478
I73
sS'dolce'
p3479
I75
sS'echo'
p3480
I75
sS'introspective'
p3481
I75
sS'improving'
p3482
I74
sS'arya'
p3483
I75
sS'bitch'
p3484
I74
sS'owner'
p3485
I75
sS'cousin'
p3486
I75
sS'blows'
p3487
I75
sS'hehe'
p3488
I74
sS'prank'
p3489
I75
sS"doesn't"
p3490
I72
sS'ancient'
p3491
I75
sS'los'
p3492
I46
sS'ordering'
p3493
I75
sS'data'
p3494
I72
sS'redondo'
p3495
I75
sS'seat'
p3496
I75
sS'aftra'
p3497
I75
sS"clinton's"
p3498
I75
sS'their'
p3499
I71
sS'attack'
p3500
I74
sS'opossum'
p3501
I75
sS'unbelievably'
p3502
I75
sS'decorations'
p3503
I75
sS'ton'
p3504
I75
sS'wrapped'
p3505
I75
sS'messing'
p3506
I74
sS'final'
p3507
I75
sS'painful'
p3508
I75
sS'patna'
p3509
I75
sS'"robin'
p3510
I75
sS'vid'
p3511
I75
sS"future'd"
p3512
I75
sS'shiny'
p3513
I75
sS'jesus'
p3514
I75
sS'laboulange'
p3515
I75
sS'doomed'
p3516
I75
sS'exactly'
p3517
I74
sS'\xec\x83\x81\xec\xbe\x8c\xed\x95\x9c'
p3518
I75
sS'"met"'
p3519
I75
sS'"suite'
p3520
I75
sS'environmental'
p3521
I75
sS'larger'
p3522
I75
sS'rainy'
p3523
I75
sS'videogames'
p3524
I75
sS'streaminghd'
p3525
I75
sS'updating'
p3526
I75
sS'neck'
p3527
I75
sS'works...a'
p3528
I75
sS'loved'
p3529
I70
sS'lamborghini'
p3530
I75
sS'ben'
p3531
I74
sS'noorey'
p3532
I75
sS'\xed\x95\x98\xeb\x8a\x98\xec\x97\x90'
p3533
I75
sS'boring'
p3534
I74
sS'bother'
p3535
I75
sS'ganache'
p3536
I75
sS'sidetracked'
p3537
I75
sS'bed'
p3538
I74
sS'shinebright:)'
p3539
I75
sS'probe'
p3540
I75
sS'patients'
p3541
I75
sS'loves'
p3542
I75
sS'candles'
p3543
I75
sS'visited'
p3544
I73
sS'gap.bitch'
p3545
I75
sS'kubrick'
p3546
I74
sS'"may'
p3547
I73
sS'-commercial'
p3548
I75
sS'"correlation'
p3549
I75
sS'not\xe2\x80\xa6'
p3550
I75
sS'wilshire\xe2\x80\xa6'
p3551
I75
sS'spelled'
p3552
I75
sS'comfortable'
p3553
I75
sS'tonight'
p3554
I49
sS'tom'
p3555
I75
sS'unlikely'
p3556
I75
sS'have'
p3557
I25
sS'need'
p3558
I53
sS'handled'
p3559
I75
sS'apparently'
p3560
I74
sS'clearly'
p3561
I74
sS'omggggggg'
p3562
I75
sS'tale'
p3563
I75
sS'afraid'
p3564
I74
sS'mil'
p3565
I75
sS'min'
p3566
I73
sS'mia'
p3567
I75
sS'agency'
p3568
I75
sS'mie'
p3569
I75
sS'si'
p3570
I75
sS'parks'
p3571
I75
sS'retweet'
p3572
I75
sS'which'
p3573
I66
sS'honestly'
p3574
I72
sS'asshole'
p3575
I75
sS'trivia'
p3576
I70
sS'='
p3577
I75
sS'coke'
p3578
I75
sS'aww'
p3579
I75
sS'who'
p3580
I56
sS"where's"
p3581
I74
sS'courtesy'
p3582
I75
sS'connected'
p3583
I75
sS'cracking'
p3584
I75
sS'vultures'
p3585
I75
sS'just-released'
p3586
I75
sS'why'
p3587
I60
sS'so-called'
p3588
I75
sS'joseph'
p3589
I75
sS'geofilters'
p3590
I75
sS'url'
p3591
I75
sS'enthusiastic'
p3592
I75
sS'request'
p3593
I75
sS'thanksgiving'
p3594
I72
sS'brea'
p3595
I49
sS'face'
p3596
I74
sS'looked'
p3597
I74
sS"you'll"
p3598
I75
sS'undies'
p3599
I75
sS'yum'
p3600
I73
sS'nailed'
p3601
I75
sS'5.00'
p3602
I75
sS'"poverty'
p3603
I75
sS'fact'
p3604
I74
sS'son'
p3605
I75
sS'impression'
p3606
I75
sS'ferrell'
p3607
I75
sS'jut'
p3608
I75
sS'chances'
p3609
I75
sS'nutella'
p3610
I75
sS'agreed'
p3611
I73
sS'bum'
p3612
I75
sS'assholes'
p3613
I74
sS'anyway'
p3614
I75
sS'attend...you'
p3615
I75
sS'bring'
p3616
I73
sS'planning'
p3617
I74
sS'democrats'
p3618
I75
sS'telling'
p3619
I75
sS'whatdaya'
p3620
I75
sS'chicken'
p3621
I75
sS'salmone'
p3622
I75
sS'debate'
p3623
I75
sS'4.30am'
p3624
I75
sS'wear'
p3625
I75
sS'coloring'
p3626
I75
sS'based'
p3627
I71
sS'posting'
p3628
I75
sS'giants'
p3629
I75
sS'dancer\xe2\x80\xa6'
p3630
I75
sS'scorpion'
p3631
I75
sS'hopeful'
p3632
I75
sS'should'
p3633
I57
sS'buttons'
p3634
I75
sS'jam'
p3635
I74
sS'(breakbot'
p3636
I75
sS'combo'
p3637
I75
sS'riding'
p3638
I74
sS'sylvia'
p3639
I75
sS'partially'
p3640
I75
sS'truck)'
p3641
I73
sS'drug'
p3642
I75
sS'hope'
p3643
I68
sS'meant'
p3644
I74
sS'biatttch'
p3645
I75
sS'workin'
p3646
I75
sS'listened'
p3647
I75
sS'means'
p3648
I73
sS'beat'
p3649
I75
sS'familiar'
p3650
I75
sS'dope'
p3651
I75
sS'simplest'
p3652
I75
sS'lucky'
p3653
I75
sS'vehicles'
p3654
I75
sS'community'
p3655
I75
sS"great...i'm"
p3656
I75
sS'abbs'
p3657
I75
sS'words'
p3658
I75
sS'timing'
p3659
I75
sS'sassy'
p3660
I75
sS'yellowclaw'
p3661
I75
sS'gray'
p3662
I75
sS'same\xe2\x80\x9d'
p3663
I75
sS'brain'
p3664
I75
sS'dark/shadow'
p3665
I75
sS'shy'
p3666
I75
sS'married'
p3667
I75
sS'bcheckyoself'
p3668
I75
sS'calling'
p3669
I73
sS'reid'
p3670
I75
sS'postin'
p3671
I75
sS'stuff'
p3672
I71
sS'she'
p3673
I68
sS'forget\xe2\x9c\xa8'
p3674
I75
sS'<s>andwich'
p3675
I75
sS'tablets'
p3676
I75
sS'view'
p3677
I74
sS'spotted'
p3678
I75
sS'j'
p3679
I73
sS'slowly)\xe2\x80\x9d'
p3680
I75
sS'farthest'
p3681
I75
sS'pitch'
p3682
I74
sS'humans'
p3683
I74
sS'flip'
p3684
I75
sS'travis'
p3685
I75
sS'legacy'
p3686
I74
sS'11-16mm'
p3687
I75
sS'sleeping'
p3688
I75
sS'philosophy'
p3689
I75
sS'b.e.l.t'
p3690
I75
sS'timed*'
p3691
I75
sS'nails'
p3692
I75
sS'wealth'
p3693
I75
sS'luv'
p3694
I75
sS'\xeb\x90\x98\xec\x84\xb8\xec\x9a\x94'
p3695
I75
sS'4:58'
p3696
I75
sS'nightmare'
p3697
I73
sS'horribly'
p3698
I75
sS'neighborhoods"'
p3699
I75
sS'genius'
p3700
I75
sS'state'
p3701
I72
sS'closed'
p3702
I73
sS'ebola'
p3703
I74
sS'muslim'
p3704
I75
sS'neither'
p3705
I73
sS'email'
p3706
I75
sS'dirty'
p3707
I75
sS'dumber'
p3708
I75
sS'explosive'
p3709
I74
sS'ability'
p3710
I74
sS'opening'
p3711
I73
sS'beverages'
p3712
I75
sS'focus'
p3713
I75
sS'90%'
p3714
I75
sS'willing'
p3715
I75
sS'job'
p3716
I72
sS'joe'
p3717
I75
sS'merry'
p3718
I75
sS'amalia'
p3719
I75
sS'police'
p3720
I74
sS'configuration'
p3721
I75
sS'lawsuit'
p3722
I75
sS'jon'
p3723
I72
sS'monitor'
p3724
I74
sS'to)'
p3725
I75
sS'drum'
p3726
I75
sS'pals'
p3727
I75
sS'career'
p3728
I74
sS'joke'
p3729
I74
sS'taking'
p3730
I71
sS"he's"
p3731
I71
sS'wnba'
p3732
I75
sS'minds'
p3733
I74
sS'agree'
p3734
I75
sS'kosher'
p3735
I74
sS'april'
p3736
I75
sS'admit'
p3737
I75
sS"cuz'"
p3738
I75
sS'db'
p3739
I75
sS'fry'
p3740
I75
sS'pb&j'
p3741
I75
sS"dogg's"
p3742
I75
sS'comment'
p3743
I74
sS'birthdays'
p3744
I75
sS'co'
p3745
I75
sS'magicnickie'
p3746
I74
sS'cc'
p3747
I72
sS'ca'
p3748
I64
sS'cd'
p3749
I74
sS'genre'
p3750
I75
sS'gong'
p3751
I75
sS'recognized'
p3752
I75
sS'laugh'
p3753
I74
sS'guantanamo'
p3754
I75
sS'table'
p3755
I73
sS'willy'
p3756
I75
sS'sunnis_hairparlour'
p3757
I74
sS'yay'
p3758
I73
sS'sangrias'
p3759
I75
sS"it's"
p3760
I28
sS'af'
p3761
I74
sS'storyteller'
p3762
I75
sS'coaching'
p3763
I75
sS'darren'
p3764
I75
sS'remix)"'
p3765
I75
sS'offers'
p3766
I75
sS'slowly'
p3767
I74
sS'treat'
p3768
I75
sS'gaza'
p3769
I75
sS'weather\xe2\x80\x9d'
p3770
I75
sS'scribbling'
p3771
I75
sS'bbq'
p3772
I75
sS'>'
p3773
I74
sS'suggested'
p3774
I75
sS'nickel'
p3775
I75
sS'proudest'
p3776
I75
sS'moved'
p3777
I74
sS'vince'
p3778
I75
sS'overwhelmingly'
p3779
I75
sS'finale'
p3780
I75
sS'crappy'
p3781
I75
sS'hmm'
p3782
I75
sS'finished'
p3783
I72
sS'bull'
p3784
I73
sS'otp'
p3785
I75
sS'brunch'
p3786
I73
sS'an'
p3787
I48
sS'present'
p3788
I75
sS'homes'
p3789
I75
sS'2016'
p3790
I75
sS'626'
p3791
I75
sS'brat'
p3792
I75
sS'appearance'
p3793
I75
sS'cvs'
p3794
I74
sS'promoter'
p3795
I75
sS'priesthood'
p3796
I75
sS'will'
p3797
I52
sS'stalin'
p3798
I75
sS'hovering'
p3799
I74
sS'intro'
p3800
I75
sS'hahaha'
p3801
I72
sS'wild'
p3802
I72
sS'pictures'
p3803
I75
sS'mythology'
p3804
I75
sS'trailer'
p3805
I75
sS'~'
p3806
I74
sS'supply'
p3807
I75
sS'va'
p3808
I75
sS'playgrounds'
p3809
I75
sS'almost'
p3810
I69
sS'motivational'
p3811
I75
sS'thus'
p3812
I75
sS'site'
p3813
I75
sS'surface'
p3814
I75
sS'hardware'
p3815
I74
sS'vs'
p3816
I75
sS'thug'
p3817
I75
sS'ave'
p3818
I70
sS'thor'
p3819
I75
sS'back...more'
p3820
I75
sS'fabu'
p3821
I75
sS'aceleran\xe2\x80\xa6'
p3822
I75
sS'moves'
p3823
I75
sS'productivity'
p3824
I75
sS'russell'
p3825
I75
sS'impossible'
p3826
I75
sS'newsroom'
p3827
I75
sS'began'
p3828
I75
sS'thoo'
p3829
I75
sS'eric'
p3830
I75
sS'serving'
p3831
I75
sS'strange'
p3832
I75
sS'helicopters'
p3833
I75
sS'auto'
p3834
I75
sS'eclectic'
p3835
I73
sS'party'
p3836
I69
sS'gets'
p3837
I70
sS'tapped'
p3838
I75
sS'privileged'
p3839
I75
sS'man...only'
p3840
I75
sS'gamer'
p3841
I73
sS'experimented'
p3842
I75
sS'ball'
p3843
I75
sS'slave'
p3844
I75
sS'bali'
p3845
I75
sS'pre-season'
p3846
I75
sS'promo'
p3847
I75
sS'premiere'
p3848
I75
sS'drink'
p3849
I71
sS'disagree'
p3850
I74
sS'effect'
p3851
I75
sS'bullying'
p3852
I74
sS'cinematographer'
p3853
I75
sS'sooner'
p3854
I75
sS'tubefilter'
p3855
I74
sS'breakers\xe2\x80\x9d'
p3856
I75
sS'fucked'
p3857
I74
sS'spree'
p3858
I75
sS'l.a'
p3859
I75
sS'pull'
p3860
I75
sS'off'
p3861
I55
sS'center'
p3862
I73
sS'b)'
p3863
I75
sS'mention'
p3864
I75
sS'i'
p3865
I3
sS'approve'
p3866
I75
sS'weapon'
p3867
I75
sS'well'
p3868
I65
sS'fighting'
p3869
I74
sS'thought'
p3870
I68
sS'fashionable'
p3871
I75
sS'sets'
p3872
I75
sS'(also'
p3873
I75
sS':))))'
p3874
I75
sS'yourself...are'
p3875
I75
sS'latest'
p3876
I73
sS'stores'
p3877
I75
sS'rocket'
p3878
I74
sS'less'
p3879
I69
sS'boot'
p3880
I75
sS'half'
p3881
I75
sS'domestic'
p3882
I75
sS'yesterdays'
p3883
I75
sS'\xeb\x96\xb5\xeb\xb0\x96\xec\x97\x90'
p3884
I75
sS'"moving"'
p3885
I75
sS'surpass'
p3886
I75
sS'off....better'
p3887
I75
sS'paul'
p3888
I74
sS'apostasy'
p3889
I75
sS'happiness'
p3890
I75
sS'web'
p3891
I74
sS'generous'
p3892
I75
sS'ads'
p3893
I75
sS'wed'
p3894
I75
sS'work"'
p3895
I74
sS'point'
p3896
I72
sS'sky'
p3897
I74
sS'lake'
p3898
I74
sS'bullshit'
p3899
I75
sS'drew'
p3900
I74
sS'reasons'
p3901
I75
sS'add'
p3902
I74
sS'other'
p3903
I62
sS'attractive'
p3904
I72
sS'contestant\xe2\x80\xa6'
p3905
I74
sS'5'
p3906
I69
sS'hurry'
p3907
I75
sS'advanced'
p3908
I75
sS'nate'
p3909
I75
sS'details'
p3910
I75
sS'innocents'
p3911
I75
sS'sonic'
p3912
I75
sS'*random'
p3913
I75
sS'checking'
p3914
I75
sS"2003's"
p3915
I75
sS'fyi'
p3916
I75
sS'utah'
p3917
I74
sS'pants'
p3918
I75
sS'smithsonian'
p3919
I75
sS'cruz'
p3920
I75
sS'headlining'
p3921
I75
sS'five'
p3922
I74
sS'know'
p3923
I51
sS'desk'
p3924
I75
sS'immediately'
p3925
I74
sS'intersection'
p3926
I66
sS'"your'
p3927
I75
sS'loss'
p3928
I75
sS'necessary'
p3929
I75
sS'like'
p3930
I35
sS'lost'
p3931
I71
sS'"basic"'
p3932
I75
sS'trillion'
p3933
I75
sS"night's"
p3934
I75
sS'journalism'
p3935
I75
sS'tons'
p3936
I75
sS'candy'
p3937
I74
sS'tennessee'
p3938
I75
sS'journalist'
p3939
I75
sS'lose'
p3940
I73
sS'agents'
p3941
I75
sS'losi'
p3942
I74
sS'e'
p3943
I75
sS'mcgarvey'
p3944
I75
sS'italian'
p3945
I75
sS'gilliam'
p3946
I75
sS'show...u'
p3947
I75
sS'because'
p3948
I65
sS'twitter'
p3949
I66
sS'hair'
p3950
I70
sS'growth'
p3951
I75
sS'proper'
p3952
I75
sS'home'
p3953
I70
sS'supportive'
p3954
I75
sS'happens'
p3955
I75
sS'"what'
p3956
I75
sS'leaf'
p3957
I75
sS"gettin'"
p3958
I75
sS'literally'
p3959
I74
sS'avoid'
p3960
I74
sS'sycamore'
p3961
I75
sS'hurricane'
p3962
I75
sS'\xeb\xac\xb4\xec\x84\xb1\xec\x9d\xb4\xec\x8b\x9c\xeb\x81\xbc\xea\xb0\x80'
p3963
I75
sS'doer'
p3964
I75
sS'does'
p3965
I68
sS'passion'
p3966
I74
sS'earrings'
p3967
I75
sS'boggles'
p3968
I75
sS'da'
p3969
I75
sS'leader'
p3970
I75
sS'duh'
p3971
I75
sS'slower'
p3972
I75
sS'noise'
p3973
I74
sS'truth'
p3974
I75
sS'stuff"'
p3975
I75
sS'multiple'
p3976
I75
sS'goatee'
p3977
I75
sS'stellar'
p3978
I75
sS"'actually"
p3979
I75
sS'host'
p3980
I72
sS'kristin'
p3981
I75
sS'strugglin'
p3982
I75
sS"kaepernick's"
p3983
I75
sS"by'"
p3984
I75
sS'amy'
p3985
I75
sS'r'
p3986
I73
sS'loans'
p3987
I75
sS'handling'
p3988
I75
sS'bizarre'
p3989
I75
sS'panel'
p3990
I70
sS'about'
p3991
I32
sS'rare'
p3992
I75
sS'justin'
p3993
I75
sS'kevin'
p3994
I75
sS'getting'
p3995
I62
sS'longest'
p3996
I75
sS'universe'
p3997
I75
sS'"you'
p3998
I75
sS'location'
p3999
I75
sS'headed'
p4000
I75
sS"linney's"
p4001
I75
sS'angeles'
p4002
I29
sS'\xe2\x98\x91'
p4003
I75
sS'important'
p4004
I75
sS'sweat'
p4005
I75
sS'recognizes'
p4006
I75
sS'tomb'
p4007
I75
sS'documentary'
p4008
I75
sS'binge'
p4009
I75
sS'...considered'
p4010
I75
sS'harder'
p4011
I75
sS'own'
p4012
I72
sS'tourists'
p4013
I75
sS'merp'
p4014
I75
sS'primal'
p4015
I73
sS'terry'
p4016
I75
sS'headphone'
p4017
I75
sS'included'
p4018
I75
sS'luna'
p4019
I51
sS'weather'
p4020
I73
sS'tiny'
p4021
I75
sS'female'
p4022
I75
sS'shoved'
p4023
I75
sS'jodas'
p4024
I74
sS'crooked'
p4025
I75
sS'diego153'
p4026
I75
sS'etheopian'
p4027
I75
sS'\xe2\x80\x9csamesies'
p4028
I75
sS'black-level'
p4029
I75
sS'carbon'
p4030
I75
sS'buckle'
p4031
I75
sS'cantina'
p4032
I75
sS'noticed'
p4033
I73
sS'illuminati'
p4034
I75
sS'threat'
p4035
I75
sS'utopian'
p4036
I75
sS'biggest'
p4037
I72
sS'shatto'
p4038
I75
sS'peppers'
p4039
I75
sS'stalk'
p4040
I75
sS'beard'
p4041
I75
sS'buy'
p4042
I74
sS'north'
p4043
I74
sS'tina'
p4044
I75
sS"i've"
p4045
I52
sS'shane'
p4046
I75
sS'bus'
p4047
I73
sS'complimentary'
p4048
I75
sS'sequel'
p4049
I75
sS'directs'
p4050
I75
sS'but'
p4051
I26
sS'reminds'
p4052
I74
sS'hi'
p4053
I72
sS'goals'
p4054
I75
sS'flexible'
p4055
I75
sS'ha'
p4056
I74
sS'eat'
p4057
I72
sS'he'
p4058
I51
sS'"started'
p4059
I75
sS'dmb'
p4060
I75
sS'made'
p4061
I63
sS'places'
p4062
I75
sS'whether'
p4063
I75
sS'wish'
p4064
I68
sS'cells'
p4065
I74
sS'official'
p4066
I74
sS'hosting'
p4067
I74
sS'signed'
p4068
I75
sS'cruel'
p4069
I74
sS'books'
p4070
I75
sS'stories'
p4071
I74
sS'"one'
p4072
I75
sS'dmv'
p4073
I74
sS'pumped'
p4074
I74
sS'cake'
p4075
I74
sS'metronomy'
p4076
I75
sS'problem'
p4077
I73
sS'minutes'
p4078
I75
sS'supreme'
p4079
I75
sS'replying'
p4080
I75
sS'condiment'
p4081
I75
sS'domino'
p4082
I75
sS'pic'
p4083
I68
sS'pie'
p4084
I75
sS'festival'
p4085
I75
sS'beats'
p4086
I75
sS'romance'
p4087
I75
sS'ink'
p4088
I75
sS'\xed\x95\xb4\xeb\x8f\x84'
p4089
I75
sS'education'
p4090
I75
sS'trailing'
p4091
I75
sS'happen'
p4092
I74
sS'balcony'
p4093
I75
sS'day."right'
p4094
I75
sS'48'
p4095
I75
sS'incredible'
p4096
I69
sS'sharia'
p4097
I75
sS'offensive'
p4098
I75
sS'jittty'
p4099
I75
sS'lately'
p4100
I74
sS'surreal'
p4101
I75
sS'book'
p4102
I71
sS'special'
p4103
I74
sS'sick'
p4104
I74
sS'\xe2\x80\x94'
p4105
I75
sS'jimmer'
p4106
I75
sS'incredibly'
p4107
I75
sS"you're"
p4108
I54
sS'dresses'
p4109
I75
sS'kianapsh'
p4110
I75
sS'repeat'
p4111
I75
sS'star'
p4112
I75
sS'monday'
p4113
I72
sS'class'
p4114
I70
sS'alienates'
p4115
I75
sS'june'
p4116
I75
sS'stay'
p4117
I71
sS'chance'
p4118
I75
sS'\xe2\x80\xa2'
p4119
I75
sS'stab'
p4120
I75
sS'kinda'
p4121
I70
sS'jackson'
p4122
I75
sS'badass'
p4123
I74
sS'blink'
p4124
I75
sS'friends'
p4125
I69
sS'inspiration'
p4126
I74
sS'derek56vme'
p4127
I75
sS'baes\xe2\x9d\xa4\xef\xb8\x8f'
p4128
I75
sS'processed'
p4129
I75
sS"it's\xe2\x80\xa6"
p4130
I75
sS'mid-city'
p4131
I73
sS'situations'
p4132
I75
sS'this\xe2\x80\xa6'
p4133
I75
sS'"the'
p4134
I73
sS'8th'
p4135
I71
s.