(dp0
S''
p1
I1
sS'limited'
p2
I39
sS'wetherly'
p3
I40
sS'saver'
p4
I39
sS'sleep'
p5
I40
sS"tonight's"
p6
I39
sS'consider'
p7
I40
sS'trejo\xe2\x80\xa6'
p8
I40
sS'dukes'
p9
I40
sS'worth'
p10
I39
sS'deli'
p11
I40
sS'w/the'
p12
I40
sS'every'
p13
I36
sS'bringing'
p14
I40
sS'school'
p15
I39
sS'heading'
p16
I39
sS'9pm'
p17
I40
sS'enjoy'
p18
I40
sS'\xd9\x88\xd8\xa8\xd8\xb9\xd8\xb6'
p19
I40
sS'tired'
p20
I40
sS'japanese'
p21
I39
sS'fabulous'
p22
I40
sS'n'
p23
I37
sS'others)'
p24
I39
sS'blue'
p25
I39
sS'"killer'
p26
I40
sS'(vegan!)'
p27
I40
sS'+'
p28
I40
sS'new'
p29
I31
sS'ever'
p30
I38
sS'petra'
p31
I35
sS'disney'
p32
I40
sS'never'
p33
I36
sS'(los'
p34
I30
sS'\xe2\x9d\xa4\xef\xb8\x8f'
p35
I40
sS'pursuit'
p36
I40
sS"elior's"
p37
I40
sS'ty'
p38
I40
sS"i'd"
p39
I39
sS'resto'
p40
I40
sS'froyo'
p41
I40
sS"i'm"
p42
I8
sS'joshua'
p43
I40
sS'fantastic'
p44
I40
sS'bro'
p45
I40
sS'moral'
p46
I40
sS'dna'
p47
I40
sS'would'
p48
I34
sS'catchy'
p49
I40
sS'negative'
p50
I40
sS'tell'
p51
I40
sS'holy'
p52
I40
sS'haha'
p53
I38
sS'award'
p54
I40
sS'hurt'
p55
I39
sS'(happy'
p56
I40
sS'shoot\xe2\x80\xa6'
p57
I40
sS'95'
p58
I40
sS'must'
p59
I39
sS'me'
p60
I16
sS'word'
p61
I40
sS'room'
p62
I40
sS'rights'
p63
I39
sS'work'
p64
I34
sS'roof'
p65
I40
sS'locker'
p66
I40
sS'mr'
p67
I40
sS"win!we're"
p68
I40
sS'ghana'
p69
I40
sS'give'
p70
I39
sS'in'
p71
I9
sS'laughs'
p72
I40
sS'honey'
p73
I39
sS'want'
p74
I37
sS'advancing'
p75
I40
sS'end'
p76
I40
sS'recovery'
p77
I40
sS'turn'
p78
I39
sS'how'
p79
I32
sS'amazing'
p80
I38
sS'rookie'
p81
I40
sS'after'
p82
I39
sS'wrong'
p83
I40
sS'lax'
p84
I40
sS'chilled'
p85
I40
sS'danny'
p86
I40
sS'greet'
p87
I40
sS'greek'
p88
I40
sS'green'
p89
I40
sS'order'
p90
I40
sS'wine'
p91
I40
sS'peux'
p92
I40
sS'walgreens'
p93
I40
sS'over'
p94
I39
sS'japan'
p95
I40
sS'before'
p96
I38
sS"e's"
p97
I39
sS'\xd9\x8a\xd8\xb5\xd8\xa8\xd8\xad'
p98
I40
sS'fix'
p99
I39
sS'crew'
p100
I40
sS'better'
p101
I40
sS'pico-robertson'
p102
I40
sS'happy\xe2\x80\x9d'
p103
I40
sS'weeks'
p104
I40
sS'belly'
p105
I40
sS'then'
p106
I38
sS'them'
p107
I37
sS'safe'
p108
I40
sS"we'll"
p109
I40
sS'break'
p110
I40
sS'band'
p111
I40
sS'effects'
p112
I40
sS'they'
p113
I38
sS'pjs'
p114
I40
sS'went'
p115
I39
sS'meal'
p116
I40
sS'financial'
p117
I40
sS'series'
p118
I40
sS'pre-grub'
p119
I40
sS'celebrating'
p120
I40
sS'ghosts'
p121
I40
sS'saturday'
p122
I40
sS'rt'
p123
I39
sS'network'
p124
I40
sS'driving'
p125
I39
sS'god'
p126
I37
sS'ha'
p127
I40
sS'washed'
p128
I40
sS'content'
p129
I40
sS'matan'
p130
I40
sS'daniel'
p131
I40
sS'medicine'
p132
I40
sS'got'
p133
I30
sS'gov'
p134
I39
sS'\xd9\x86\xd8\xb9\xd9\x85'
p135
I40
sS'arizona'
p136
I40
sS"doesn't"
p137
I40
sS'free'
p138
I40
sS'formation'
p139
I40
sS'struggle'
p140
I40
sS'wanted'
p141
I40
sS'ready.....you'
p142
I40
sS'created'
p143
I40
sS'days'
p144
I39
sS'ups'
p145
I40
sS'where'
p146
I34
sS'shipped'
p147
I40
sS'musicians'
p148
I40
sS'speedy'
p149
I40
sS'(at'
p150
I29
sS'fuckin'
p151
I39
sS'already'
p152
I37
sS'>>'
p153
I39
sS'too)'
p154
I40
sS'shopped'
p155
I40
sS'delicious'
p156
I40
sS'comic'
p157
I40
sS'house//free'
p158
I40
sS'top'
p159
I40
sS'engagement'
p160
I40
sS'needed'
p161
I40
sS'too'
p162
I37
sS'john'
p163
I40
sS'profile!\xe2\x80\xa6'
p164
I39
sS'cereal'
p165
I40
sS'showed'
p166
I40
sS'tree'
p167
I40
sS'project'
p168
I39
sS'tres'
p169
I40
sS'feeling'
p170
I39
sS'thas'
p171
I40
sS'modern'
p172
I40
sS'mine'
p173
I39
sS'talking'
p174
I40
sS'seen'
p175
I40
sS'ohhhh'
p176
I39
sS'braveheart'
p177
I40
sS'-'
p178
I29
sS'\xd9\x88\xd8\xa8\xd8\xb9\xd8\xaf'
p179
I40
sS'hiiiighh'
p180
I40
sS'judaica'
p181
I40
sS'yucky'
p182
I40
sS'even'
p183
I37
sS'meshuga'
p184
I34
sS'though'
p185
I39
sS'\xd9\x8a\xd8\xad\xd9\x81\xd8\xb8\xd9\x87'
p186
I40
sS'germany'
p187
I39
sS'call????)'
p188
I40
sS'b&m'
p189
I40
sS'\xd8\xa7\xd8\xb3\xd8\xaa\xd8\xa8\xd8\xaf\xd8\xa7\xd8\xaf\xd9\x8a\xd8\xa9'
p190
I40
sS'pineapple'
p191
I40
sS'scream'
p192
I40
sS'random'
p193
I40
sS'ending'
p194
I40
sS'radio'
p195
I37
sS'clicked'
p196
I40
sS'buss'
p197
I40
sS'sugar'
p198
I40
sS'wearing'
p199
I40
sS'plate'
p200
I40
sS'asians'
p201
I40
sS'him)'
p202
I40
sS'stop'
p203
I37
sS'amazon'
p204
I40
sS'$10'
p205
I40
sS'nasty'
p206
I40
sS'considerate'
p207
I40
sS'countries'
p208
I39
sS'officially'
p209
I40
sS'bay'
p210
I40
sS'bad'
p211
I39
sS'steak'
p212
I40
sS'w/a'
p213
I40
sS'bai'
p214
I40
sS'respond'
p215
I39
sS'habit'
p216
I40
sS'w/'
p217
I36
sS'winnable'
p218
I40
sS'keenan'
p219
I40
sS'best'
p220
I36
sS'brazil'
p221
I34
sS'said'
p222
I40
sS'lots'
p223
I40
sS'scrap'
p224
I40
sS'bien'
p225
I40
sS"there's"
p226
I39
sS'tainted'
p227
I40
sS'yogurt'
p228
I37
sS'tolerance'
p229
I40
sS'pirate'
p230
I40
sS'lazy'
p231
I40
sS'men'
p232
I40
sS'omg'
p233
I40
sS'here'
p234
I38
sS'wtf'
p235
I40
sS'cousin'
p236
I40
sS'picking'
p237
I32
sS'met'
p238
I40
sS'country'
p239
I40
sS'ill'
p240
I40
sS'cup'
p241
I34
sS'layered'
p242
I40
sS'culy'
p243
I40
sS'prospect'
p244
I40
sS'2nd'
p245
I40
sS'karen'
p246
I40
sS'trust'
p247
I40
sS'asks'
p248
I40
sS'fro'
p249
I40
sS'been'
p250
I39
sS'combo"'
p251
I40
sS'life'
p252
I37
sS'fleeting'
p253
I40
sS'eastern'
p254
I40
sS'ariana'
p255
I40
sS'chill'
p256
I40
sS'tank'
p257
I40
sS'air'
p258
I40
sS'aim'
p259
I40
sS'neat'
p260
I40
sS'pitas'
p261
I40
sS'mexico'
p262
I40
sS'is'
p263
I15
sS'sushi'
p264
I38
sS'it'
p265
I13
sS'cant'
p266
I40
sS'im'
p267
I39
sS'allen'
p268
I40
sS'if'
p269
I31
sS'quand'
p270
I40
sS'things'
p271
I40
sS'make'
p272
I39
sS'plated'
p273
I40
sS'split'
p274
I40
sS'hang'
p275
I40
sS'kik'
p276
I37
sS'fridays'
p277
I39
sS'deadwood'
p278
I40
sS'jealous'
p279
I39
sS'thoughts'
p280
I40
sS'kid'
p281
I39
sS'butter'
p282
I40
sS'1975'
p283
I40
sS'min'
p284
I40
sS'tho'
p285
I39
sS'burgers'
p286
I40
sS'hydration'
p287
I40
sS'greatest'
p288
I40
sS'pandora'
p289
I40
sS'mother'
p290
I40
sS'the'
p291
I2
sS'smoked'
p292
I40
sS'just'
p293
I23
sS'photo'
p294
I40
sS'thanks'
p295
I37
sS'yes'
p296
I38
sS'hills'
p297
I17
sS'legion'
p298
I40
sS'had'
p299
I39
sS'pharmacy'
p300
I18
sS'has'
p301
I33
sS'mindfuck'
p302
I40
sS'\xd8\xaf\xd8\xb1\xd8\xa7\xd8\xb3\xd8\xa9'
p303
I40
sS'specific'
p304
I40
sS'hunn'
p305
I40
sS'festivities'
p306
I40
sS'steps'
p307
I40
sS'night'
p308
I39
sS'notorious'
p309
I40
sS'right'
p310
I36
sS'old'
p311
I38
sS'crowd'
p312
I40
sS'people'
p313
I37
sS'?\xe2\x80\x9d'
p314
I40
sS'clubs'
p315
I40
sS'\xd8\xb9\xd9\x84\xd9\x8a\xd9\x83'
p316
I40
sS'"hey"anyways'
p317
I40
sS'for'
p318
I13
sS'/'
p319
I40
sS'creative'
p320
I39
sS'track'
p321
I40
sS'adorable'
p322
I40
sS'\xd8\xa7\xd9\x84\xd8\xae\xd8\xb1\xd9\x88\xd8\xac'
p323
I40
sS'peed'
p324
I40
sS'discount'
p325
I40
sS'super'
p326
I40
sS'yelling'
p327
I40
sS'months'
p328
I40
sS'\xd8\xa5\xd8\xae\xd9\x88\xd8\xa7\xd9\x86\xd9\x86\xd8\xa7'
p329
I40
sS'\xd9\x85\xd8\xb9\xd9\x87\xd9\x85'
p330
I40
sS'\xd8\xa7\xd9\x84\xd8\xaf\xd8\xb1\xd8\xa7\xd8\xb3\xd8\xa9'
p331
I40
sS'(spinach'
p332
I40
sS'soo'
p333
I40
sS'arms'
p334
I40
sS"'bout"
p335
I40
sS'thankful'
p336
I40
sS'dean'
p337
I40
sS'support'
p338
I40
sS'>>>>'
p339
I40
sS'why'
p340
I39
sS'stuck'
p341
I40
sS'way'
p342
I35
sS'was'
p343
I23
sS'war'
p344
I40
sS'happy'
p345
I37
sS'head'
p346
I40
sS'uncle'
p347
I40
sS'true'
p348
I40
sS'r.i.p'
p349
I40
sS'daddy'
p350
I40
sS'classic'
p351
I40
sS'care.\xe2\x80\x9d'
p352
I40
sS'covers'
p353
I40
sS'juice"'
p354
I40
sS'mediocre'
p355
I40
sS'annoying'
p356
I40
sS'trip'
p357
I40
sS'shit'
p358
I38
sS'marinated'
p359
I40
sS'no'
p360
I32
sS'generally'
p361
I40
sS'ne'
p362
I40
sS'reality'
p363
I40
sS'tio'
p364
I40
sS'holding'
p365
I40
sS'smell'
p366
I40
sS'bissshh'
p367
I40
sS'felt'
p368
I40
sS'update'
p369
I40
sS"let's"
p370
I39
sS'picca'
p371
I40
sS'weekend'
p372
I38
sS'died'
p373
I40
sS'babysitting'
p374
I40
sS'eilat'
p375
I40
sS'faster'
p376
I40
sS'antibiotics'
p377
I40
sS'daily'
p378
I40
sS"n'"
p379
I40
sS'time'
p380
I32
sS'hope'
p381
I37
sS'coach'
p382
I40
sS':('
p383
I40
sS':)'
p384
I37
sS'leads'
p385
I40
sS'manager'
p386
I40
sS'mila'
p387
I40
sS'milk'
p388
I40
sS'yummy'
p389
I38
sS'disgusting'
p390
I40
sS'finally'
p391
I40
sS'vegan'
p392
I40
sS'cool'
p393
I40
sS'level'
p394
I39
sS'did'
p395
I39
sS'1996'
p396
I40
sS'posts'
p397
I40
sS'brother'
p398
I40
sS'soooo'
p399
I40
sS'guy'
p400
I37
sS'round'
p401
I40
sS"it'll"
p402
I40
sS'\xd9\x84\xd9\x8a\xd8\xb3\xd8\xa7\xd8\xb9\xd8\xaf\xd9\x88\xd8\xa7'
p403
I40
sS'talked'
p404
I39
sS'says'
p405
I35
sS'1125'
p406
I40
sS'done.:)'
p407
I40
sS'sign'
p408
I40
sS'sheeran'
p409
I40
sS'run'
p410
I40
sS'bake'
p411
I40
sS'yeezus'
p412
I40
sS'goes'
p413
I38
sS'funeral'
p414
I40
sS'french'
p415
I40
sS'detest'
p416
I40
sS'<<<<'
p417
I40
sS'alone'
p418
I40
sS'change'
p419
I39
sS'wait'
p420
I38
sS'boy'
p421
I39
sS'brilliant'
p422
I40
sS'my'
p423
I10
sS'guilty'
p424
I40
sS'lakers'
p425
I40
sS'weird'
p426
I40
sS'love'
p427
I29
sS'markel'
p428
I39
sS'\xe2\x9a\xbd\xef\xb8\x8fa'
p429
I40
sS'fake'
p430
I39
sS'tuesday'
p431
I40
sS'working'
p432
I39
sS'baes'
p433
I40
sS'confounded'
p434
I40
sS'dude'
p435
I39
sS'tears'
p436
I40
sS'live'
p437
I38
sS'vivir'
p438
I40
sS'today'
p439
I35
sS"jeff's"
p440
I38
sS'introducing'
p441
I39
sS'--->'
p442
I40
sS'clicking'
p443
I39
sS'cashier'
p444
I40
sS'chocolate'
p445
I40
sS'olive'
p446
I40
sS'douche'
p447
I40
sS'edible'
p448
I40
sS'niggas'
p449
I39
sS'car'
p450
I35
sS'purge'
p451
I40
sS'soup'
p452
I40
sS'can'
p453
I38
sS'following'
p454
I39
sS'making'
p455
I40
sS'streak'
p456
I40
sS'heart'
p457
I39
sS'available\xe2\x80\xa6'
p458
I40
sS'figure'
p459
I40
sS'december'
p460
I40
sS"didn't"
p461
I38
sS'fuck'
p462
I36
sS'agent'
p463
I40
sS'heard'
p464
I40
sS'evita'
p465
I40
sS'counting'
p466
I40
sS'pink'
p467
I40
sS'pardes'
p468
I40
sS'watching'
p469
I39
sS'dinner'
p470
I29
sS'freezer'
p471
I40
sS'1'
p472
I37
sS'alway'
p473
I40
sS'sunday'
p474
I40
sS'flavored'
p475
I40
sS'laundry'
p476
I39
sS'may'
p477
I40
sS'spot'
p478
I40
sS'islamic'
p479
I40
sS'birthday'
p480
I36
sS'mad'
p481
I39
sS'date'
p482
I40
sS'such'
p483
I39
sS'guys'
p484
I38
sS'man'
p485
I38
sS'royals/nats'
p486
I40
sS'maybe'
p487
I39
sS'q'
p488
I40
sS'so'
p489
I22
sS'sa'
p490
I40
sS'talk'
p491
I40
sS'cute'
p492
I39
sS'shoes'
p493
I40
sS'rabbi'
p494
I40
sS'years'
p495
I39
sS'episodes'
p496
I40
sS'pitch'
p497
I40
sS'radioshack'
p498
I40
sS'still'
p499
I33
sS'thank'
p500
I38
sS'curly'
p501
I40
sS"he's"
p502
I40
sS'interesting'
p503
I40
sS'hot'
p504
I40
sS'munchie'
p505
I40
sS'texas'
p506
I40
sS'killer'
p507
I40
sS'beit'
p508
I40
sS'lunch'
p509
I27
sS'half'
p510
I38
sS'not'
p511
I29
sS'now'
p512
I28
sS'hall'
p513
I40
sS"shilo's"
p514
I40
sS'down'
p515
I37
sS'name'
p516
I39
sS'hickory'
p517
I40
sS'james'
p518
I40
sS'drop'
p519
I40
sS'ed'
p520
I40
sS'yeah'
p521
I39
sS'farewell'
p522
I40
sS'year'
p523
I38
sS'\xe0\xb8\xaa\xe0\xb8\x9a\xe0\xb8\xb2\xe0\xb8\xa2'
p524
I40
sS'girl'
p525
I36
sS'simcha'
p526
I40
sS'tried'
p527
I40
sS'bass"'
p528
I40
sS'3rd'
p529
I38
sS'blt'
p530
I40
sS'factory'
p531
I38
sS'looking'
p532
I40
sS'collisions'
p533
I40
sS'seriously'
p534
I39
sS'hacked'
p535
I40
sS'dominate'
p536
I40
sS'correct'
p537
I40
sS'vaudeville"'
p538
I40
sS'eagle'
p539
I40
sS'earlier'
p540
I40
sS'you.\xe2\x80\x9d'
p541
I40
sS'spiel'
p542
I40
sS'california'
p543
I40
sS'gots'
p544
I40
sS"'lost'"
p545
I40
sS'care'
p546
I40
sS'yup'
p547
I40
sS'thing'
p548
I37
sS'place'
p549
I38
sS'massive'
p550
I40
sS'think'
p551
I37
sS'first'
p552
I33
sS'lmaoooooooo'
p553
I40
sS'rachel'
p554
I40
sS'one'
p555
I30
sS'impossible'
p556
I40
sS'open'
p557
I39
sS'tomorrow'
p558
I38
sS'size'
p559
I40
sS'little'
p560
I38
sS'slept'
p561
I40
sS'anyone'
p562
I38
sS'returns'
p563
I40
sS'2'
p564
I36
sS'niece-sitting)'
p565
I40
sS'friend'
p566
I38
sS'gives'
p567
I40
sS'meme'
p568
I40
sS'eyes'
p569
I40
sS'that'
p570
I24
sS'huh'
p571
I40
sS'(9000'
p572
I40
sS'joypod'
p573
I40
sS'hillary'
p574
I40
sS'komodo'
p575
I28
sS'kabob'
p576
I40
sS'than'
p577
I40
sS'greenwood'
p578
I40
sS'13'
p579
I40
sS'15'
p580
I40
sS'lmao'
p581
I39
sS'$12'
p582
I40
sS'depressed'
p583
I40
sS'scrumptious'
p584
I40
sS'gotta'
p585
I40
sS'victorian'
p586
I40
sS'r'
p587
I39
sS'were'
p588
I36
sS'college'
p589
I40
sS'shop\xe2\x80\xa6'
p590
I40
sS'and'
p591
I11
sS'san'
p592
I39
sS'angel'
p593
I40
sS'(and'
p594
I39
sS'say'
p595
I36
sS'herreeee'
p596
I40
sS'breakfast'
p597
I39
sS'saw'
p598
I38
sS'any'
p599
I38
sS'zoe'
p600
I39
sS'ideas'
p601
I40
sS'note'
p602
I40
sS'take'
p603
I38
sS'"yeah'
p604
I40
sS'performance'
p605
I40
sS'\xd8\xb5\xd8\xaf\xd9\x8a\xd9\x82'
p606
I40
sS'begin'
p607
I40
sS'sure'
p608
I39
sS'normal'
p609
I39
sS'arguing'
p610
I40
sS'knew'
p611
I39
sS'falls'
p612
I40
sS'\xe0\xb8\x97\xe0\xb8\xb3\xe0\xb8\x87\xe0\xb8\xb2\xe0\xb8\x99\xe0\xb8\x81\xe0\xb8\xb1\xe0\xb8\x99\xe0\xb9\x80\xe0\xb8\x96\xe0\xb8\xb4\xe0\xb8\x94'
p613
I40
sS'forever'
p614
I39
sS'especially'
p615
I39
sS'later'
p616
I40
sS'drive'
p617
I38
sS'shop'
p618
I38
sS'shot'
p619
I37
sS'show'
p620
I39
sS'mince'
p621
I40
sS'discovered'
p622
I40
sS'la\xe2\x80\xa6'
p623
I40
sS'corner'
p624
I40
sS'qasas'
p625
I40
sS'ratio'
p626
I40
sS'enough'
p627
I37
sS'only'
p628
I40
sS'going'
p629
I38
sS'black'
p630
I37
sS'closed'
p631
I40
sS'get'
p632
I30
sS'gel'
p633
I40
sS'morning'
p634
I39
sS":')"
p635
I40
sS'roger'
p636
I40
sS'predicted'
p637
I40
sS'discussing'
p638
I40
sS"friends'"
p639
I40
sS"y'all"
p640
I40
sS'ignored'
p641
I39
sS'seat'
p642
I40
sS'asleep'
p643
I40
sS'hoes'
p644
I40
sS'shimon'
p645
I40
sS'24/7'
p646
I40
sS'cafe)'
p647
I37
sS'3'
p648
I37
sS'geometric'
p649
I40
sS'screen'
p650
I39
sS'steroid'
p651
I40
sS'come'
p652
I39
sS'many'
p653
I39
sS'quiet'
p654
I40
sS'weeks...lair'
p655
I40
sS's'
p656
I40
sS'jealous...with'
p657
I40
sS"can't"
p658
I32
sS'\xd9\x88\xd8\xaa\xd9\x83\xd8\xaa\xd9\x8a\xd9\x85'
p659
I40
sS'jeans'
p660
I40
sS'\xd9\x85\xd8\xa7\xd9\x84\xd9\x83'
p661
I40
sS'ucla'
p662
I40
sS'dress='
p663
I40
sS'quitte'
p664
I40
sS'nickle'
p665
I40
sS'direction'
p666
I40
sS'lanes'
p667
I40
sS'click\xe2\x80\xa6'
p668
I40
sS'those'
p669
I40
sS'sound'
p670
I40
sS'myself'
p671
I39
sS'\xd8\xa3\xd9\x86\xd8\xb8\xd9\x85\xd8\xa9'
p672
I40
sS'these'
p673
I37
sS'goodmorning'
p674
I40
sS'world\xe2\x80\xa6'
p675
I40
sS'coffee'
p676
I39
sS'bros'
p677
I39
sS'sleeping'
p678
I40
sS'middle'
p679
I40
sS'someone'
p680
I40
sS'dangerously'
p681
I40
sS'$28'
p682
I40
sS'different'
p683
I40
sS'pas'
p684
I40
sS'$20'
p685
I40
sS'same'
p686
I39
sS'ya'
p687
I40
sS'week'
p688
I40
sS'driver'
p689
I38
sS'cheers'
p690
I40
sS'running'
p691
I40
sS'fruit'
p692
I40
sS'barber'
p693
I40
sS'totally'
p694
I40
sS'ranch'
p695
I40
sS'really....ima'
p696
I40
sS'breeze'
p697
I40
sS'mann'
p698
I40
sS'very'
p699
I39
sS"you've"
p700
I40
sS'taxi'
p701
I40
sS'being'
p702
I38
sS'tip'
p703
I40
sS'shouts'
p704
I40
sS'(i'
p705
I40
sS'ps3'
p706
I40
sS'\xd8\xa7\xd9\x84\xd9\x84\xd9\x87'
p707
I40
sS'blow'
p708
I40
sS'thinking'
p709
I39
sS'rose'
p710
I38
sS'possible)'
p711
I40
sS'4'
p712
I32
sS'pill'
p713
I40
sS'real'
p714
I40
sS'\xe0\xb8\xa7\xe0\xb9\x88\xe0\xb8\xb2\xe0\xb8\x87'
p715
I40
sS'read'
p716
I40
sS'gonna'
p717
I39
sS'early'
p718
I40
sS'traffic'
p719
I39
sS'pop'
p720
I38
sS'listening'
p721
I40
sS'using'
p722
I39
sS'blankets'
p723
I40
sS'rear'
p724
I40
sS'mod'
p725
I40
sS'audience'
p726
I40
sS't'
p727
I40
sS'euro"'
p728
I40
sS'always'
p729
I40
sS'beverly'
p730
I40
sS'mood'
p731
I40
sS'moon'
p732
I40
sS'tots'
p733
I40
sS'heyy\xe2\x80\x9d--'
p734
I40
sS'\xd9\x88\xd8\xb7\xd8\xa7\xd8\xba\xd9\x8a\xd8\xa9'
p735
I40
sS'wilshire'
p736
I40
sS'welcome'
p737
I37
sS'asap'
p738
I40
sS'lmfao'
p739
I40
sS'nails'
p740
I40
sS'boulange'
p741
I40
sS'giggle'
p742
I40
sS'ok'
p743
I34
sS'stations'
p744
I40
sS'of'
p745
I17
sS'favorite'
p746
I40
sS'shrimp'
p747
I40
sS'stand'
p748
I39
sS'or'
p749
I34
sS'road'
p750
I40
sS'whites'
p751
I40
sS'snapchat'
p752
I39
sS'everyone'
p753
I39
sS'references'
p754
I40
sS'your'
p755
I28
sS'restless'
p756
I40
sS'neymar'
p757
I40
sS'her'
p758
I37
sS'area'
p759
I40
sS'there'
p760
I36
sS'lollll'
p761
I40
sS'lol'
p762
I32
sS'ass"'
p763
I40
sS'lmfaooo'
p764
I40
sS'start'
p765
I39
sS'lot'
p766
I40
sS'"what\'s'
p767
I40
sS'trying'
p768
I39
sS'downstairs'
p769
I40
sS'longer'
p770
I40
sS'rush'
p771
I40
sS'quantities\xe2\x80\xa6'
p772
I39
sS'interiors'
p773
I39
sS'avec'
p774
I40
sS'strawberry'
p775
I40
sS'dirty'
p776
I40
sS'johnny'
p777
I40
sS'am'
p778
I38
sS'an'
p779
I36
sS'as'
p780
I32
sS'at'
p781
I6
sS'shopping'
p782
I40
sS'attatched'
p783
I40
sS'film'
p784
I40
sS'again'
p785
I40
sS'man~~~'
p786
I40
sS'you'
p787
I7
sS'poor'
p788
I39
sS'obsessed'
p789
I39
sS'mexikosher)'
p790
I39
sS'suited'
p791
I40
sS'blazin'
p792
I40
sS'\xe0\xb8\xa3\xe0\xb8\xb2\xe0\xb8\xa2\xe0\xb8\x88\xe0\xb9\x88\xe0\xb8\xb2\xe0\xb8\xa2\xe0\xb8\xa3\xe0\xb8\xad\xe0\xb8\xad\xe0\xb8\xa2\xe0\xb8\xb9\xe0\xb9\x88'
p793
I40
sS"life's"
p794
I39
sS'having'
p795
I38
sS'u'
p796
I33
sS'wake'
p797
I40
sS'songs'
p798
I39
sS'starting'
p799
I39
sS'all'
p800
I26
sS'sushi)'
p801
I34
sS'month'
p802
I39
sS':/'
p803
I40
sS'follow'
p804
I40
sS'kick-ass'
p805
I40
sS'(in'
p806
I39
sS'smily'
p807
I40
sS'nines'
p808
I40
sS'fushion'
p809
I40
sS'tp'
p810
I40
sS'to'
p811
I3
sS'tl'
p812
I40
sS'birthday!!!)'
p813
I40
sS'elias'
p814
I40
sS'ti'
p815
I40
sS'siblings'
p816
I40
sS'te'
p817
I40
sS'\xd8\xa7\xd8\xb0\xd8\xa7'
p818
I40
sS'subtleties'
p819
I40
sS'tatter'
p820
I40
sS'sitting'
p821
I40
sS'far'
p822
I38
sS'hitchhiker'
p823
I40
sS'(starring'
p824
I40
sS'decide'
p825
I40
sS'fall'
p826
I40
sS'\xe0\xb9\x80\xe0\xb8\x87\xe0\xb8\xb5\xe0\xb8\xa2\xe0\xb8\x9a'
p827
I40
sS'ticket'
p828
I40
sS'heaven'
p829
I40
sS'washing'
p830
I40
sS'cable'
p831
I40
sS'joined'
p832
I40
sS'steakhouse'
p833
I40
sS'harry'
p834
I40
sS"i'll"
p835
I38
sS'instagram'
p836
I40
sS'streets'
p837
I40
sS'ted'
p838
I40
sS'burger'
p839
I40
sS'\xe2\x9a\xbd\xef\xb8\x8fgrab'
p840
I38
sS'pass'
p841
I39
sS'what'
p842
I28
sS'clock'
p843
I40
sS'sun'
p844
I39
sS'sur'
p845
I40
sS'whaa'
p846
I40
sS'public'
p847
I40
sS'vrooom'
p848
I40
sS'full'
p849
I40
sS'strong'
p850
I40
sS'legend'
p851
I40
sS'chipped'
p852
I40
sS'pico'
p853
I30
sS'arent'
p854
I40
sS'pick'
p855
I40
sS'followed'
p856
I40
sS'family'
p857
I40
sS'pretzel\xe2\x80\xa6'
p858
I40
sS'know"'
p859
I40
sS'eye'
p860
I40
sS'two'
p861
I38
sS'gorgeous'
p862
I40
sS'taken'
p863
I40
sS'more'
p864
I36
sS'israel'
p865
I40
sS'\xd8\xa7\xd9\x84\xd9\x85\xd8\xb3\xd9\x84\xd9\x85\xd9\x8a\xd9\x86'
p866
I40
sS'flag'
p867
I39
sS"ain't"
p868
I40
sS'broke'
p869
I40
sS'glad'
p870
I40
sS'town'
p871
I40
sS'pear)'
p872
I40
sS'v'
p873
I40
sS'male'
p874
I40
sS'beautiful'
p875
I40
sS'accept'
p876
I40
sS'salty'
p877
I40
sS'shooters....lets'
p878
I40
sS'huge'
p879
I40
sS'rather'
p880
I40
sS'breaking'
p881
I40
sS'bakery)'
p882
I40
sS'iso'
p883
I40
sS'blacked'
p884
I40
sS'sandwich'
p885
I40
sS'okay'
p886
I40
sS'intended'
p887
I40
sS'soundtrack'
p888
I40
sS'gallerie)'
p889
I39
sS'coming'
p890
I38
sS'fm'
p891
I40
sS'munchies)'
p892
I40
sS'a'
p893
I5
sS'short'
p894
I40
sS'onto'
p895
I39
sS'grande'
p896
I40
sS'playing'
p897
I39
sS"that's"
p898
I38
sS'mexican'
p899
I40
sS'help'
p900
I40
sS"don't"
p901
I30
sS'soon'
p902
I39
sS'attitude'
p903
I40
sS'bullpen'
p904
I39
sS'through'
p905
I40
sS'hell'
p906
I40
sS'its'
p907
I37
sS'islam'
p908
I38
sS'style'
p909
I40
sS'latv'
p910
I40
sS'pray'
p911
I40
sS'actually'
p912
I40
sS'\xd8\xa7\xd9\x84\xd9\x81\xd8\xaa\xd8\xa7\xd8\xaa'
p913
I40
sS"haven't"
p914
I40
sS'good'
p915
I35
sS'\xd8\xa7\xd9\x83\xd8\xab\xd8\xb1'
p916
I40
sS'yo'
p917
I40
sS'food'
p918
I35
sS'niice'
p919
I40
sS'tsafi'
p920
I40
sS'starbucks'
p921
I38
sS'sharon..breakfast'
p922
I40
sS'(beverly'
p923
I18
sS'fubar'
p924
I40
sS'fully'
p925
I39
sS'8\xe2\x83\xa3'
p926
I40
sS'1am'
p927
I40
sS'found'
p928
I40
sS"isn't"
p929
I38
sS'heavy'
p930
I40
sS'(lehayyim)'
p931
I40
sS'another'
p932
I39
sS'weight'
p933
I40
sS'throwin'
p934
I40
sS'hard'
p935
I40
sS'idea'
p936
I39
sS'autobiographical'
p937
I40
sS'fist'
p938
I40
sS'kobe'
p939
I40
sS'really'
p940
I38
sS'ditch'
p941
I40
sS'parfaite'
p942
I40
sS'pun'
p943
I40
sS'reporting'
p944
I40
sS'simbaya'
p945
I40
sS'conditioning'
p946
I40
sS'mmk'
p947
I40
sS'imagine'
p948
I40
sS'ask'
p949
I40
sS'beginning'
p950
I40
sS'thrown'
p951
I40
sS'american'
p952
I38
sS'expecting'
p953
I40
sS'w'
p954
I40
sS'daisy'
p955
I40
sS'miso'
p956
I40
sS'siga'
p957
I40
sS'dont'
p958
I40
sS'feel'
p959
I39
sS'number'
p960
I40
sS'fancy'
p961
I40
sS'done'
p962
I40
sS'angeles)'
p963
I40
sS'miss'
p964
I39
sS'guess'
p965
I39
sS'milkys'
p966
I37
sS'gourmet'
p967
I37
sS'leading'
p968
I40
sS'mams'
p969
I40
sS'station'
p970
I39
sS'passed'
p971
I40
sS'mama'
p972
I40
sS'12-26'
p973
I40
sS'banana'
p974
I39
sS'store'
p975
I39
sS'talves'
p976
I40
sS'behind'
p977
I40
sS'park'
p978
I40
sS'mural'
p979
I40
sS'believe'
p980
I40
sS"weiss'"
p981
I40
sS'kind'
p982
I40
sS'shlomo'
p983
I40
sS'kindle'
p984
I40
sS'short\xe2\x80\xa6'
p985
I40
sS'deciding'
p986
I40
sS'juice'
p987
I39
sS'client'
p988
I40
sS'also'
p989
I39
sS'play'
p990
I39
sS'towards'
p991
I40
sS'eggs'
p992
I40
sS'charm'
p993
I40
sS'specs!)'
p994
I40
sS'nothing'
p995
I40
sS'\xd9\x8a\xd8\xb9\xd8\xb1\xd9\x81\xd9\x83'
p996
I40
sS'muscle'
p997
I40
sS'5-0'
p998
I40
sS'windows'
p999
I40
sS'dairy-free'
p1000
I40
sS'sometimes'
p1001
I39
sS'gorrila'
p1002
I40
sS'clean'
p1003
I40
sS'weigh'
p1004
I40
sS'\xd9\x8a\xd8\xb3\xd8\xb1\xd9\x82\xd9\x83'
p1005
I40
sS'shoutout'
p1006
I40
sS'booze'
p1007
I40
sS'relation'
p1008
I37
sS'find'
p1009
I40
sS'\xd9\x81\xd8\xa3\xd9\x86\xd8\xa7'
p1010
I40
sS'sayin'
p1011
I40
sS'writer'
p1012
I40
sS'\xd8\xaa\xd8\xad\xd8\xa7\xd9\x88\xd9\x84'
p1013
I40
sS'pretty'
p1014
I39
sS'fiend'
p1015
I40
sS'8'
p1016
I40
sS'?!!\xe2\x80\x9d'
p1017
I40
sS'his'
p1018
I39
sS'hit'
p1019
I40
sS'\xd9\x82\xd8\xaa\xd9\x84'
p1020
I40
sS'pretending'
p1021
I40
sS'during'
p1022
I40
sS'him'
p1023
I40
sS'watch\xe2\x80\xa6'
p1024
I40
sS'croatia'
p1025
I39
sS'wrote'
p1026
I40
sS'insane'
p1027
I40
sS'art'
p1028
I40
sS'see'
p1029
I36
sS'are'
p1030
I25
sS'close'
p1031
I40
sS'retweet'
p1032
I40
sS'wow'
p1033
I39
sS'currently'
p1034
I40
sS'please'
p1035
I38
sS'discr\xc3\xa8te'
p1036
I40
sS'probably'
p1037
I40
sS'yaasss'
p1038
I40
sS'knowing'
p1039
I40
sS'solo'
p1040
I40
sS'\xd8\xaa\xd8\xb3\xd8\xa7\xd8\xb9\xd8\xaf'
p1041
I40
sS'pissed'
p1042
I40
sS'snapchats!-'
p1043
I40
sS'last'
p1044
I40
sS'license'
p1045
I40
sS'thot'
p1046
I40
sS'forgotten'
p1047
I40
sS'point'
p1048
I39
sS'sweet'
p1049
I37
sS'likes'
p1050
I40
sS'church'
p1051
I40
sS'crispy'
p1052
I40
sS'naps'
p1053
I40
sS'whos'
p1054
I40
sS'hitting'
p1055
I40
sS'damn'
p1056
I40
sS'yakhoffman'
p1057
I40
sS'meeting'
p1058
I35
sS'whoa'
p1059
I40
sS'sending'
p1060
I40
sS'fire'
p1061
I40
sS"what's"
p1062
I40
sS'gas'
p1063
I40
sS'shabbat'
p1064
I39
sS'else'
p1065
I39
sS'understand'
p1066
I40
sS'thiyus'
p1067
I40
sS'presses'
p1068
I40
sS'look'
p1069
I40
sS'frozen'
p1070
I36
sS'"do'
p1071
I40
sS'bill'
p1072
I40
sS'elections'
p1073
I40
sS'while'
p1074
I40
sS'heyy'
p1075
I38
sS'fun'
p1076
I38
sS'pack'
p1077
I39
sS'wherever'
p1078
I40
sS'<<'
p1079
I40
sS'rio'
p1080
I40
sS'qh39j'
p1081
I40
sS'\xd9\x88\xd9\x8a\xd9\x81\xd9\x83'
p1082
I40
sS'ready'
p1083
I39
sS'quail'
p1084
I40
sS'rid'
p1085
I40
sS'rib'
p1086
I40
sS'funny'
p1087
I40
sS'\xd9\x85\xd8\xaa\xd8\xb9\xd8\xa9'
p1088
I40
sS'daughters'
p1089
I40
sS'pomegranate'
p1090
I40
sS'holidays'
p1091
I40
sS'moment'
p1092
I39
sS'air-conditioning'
p1093
I40
sS'purpose'
p1094
I40
sS'breathalyzer'
p1095
I40
sS'kno'
p1096
I40
sS'anybody'
p1097
I39
sS'spend'
p1098
I39
sS'\xd9\x88\xd9\x8a\xd8\xaf\xd8\xb9\xd9\x88\xd9\x86'
p1099
I40
sS'mom'
p1100
I39
sS'distracting'
p1101
I40
sS'76)'
p1102
I40
sS'world'
p1103
I30
sS'lexus'
p1104
I39
sS'\xd8\xaa\xd8\xb7\xd8\xa8\xd9\x8a\xd9\x82'
p1105
I40
sS'cut'
p1106
I40
sS'morals'
p1107
I40
sS'yours?\xe2\x80\x9d--'
p1108
I40
sS'lady'
p1109
I40
sS'grapefruit'
p1110
I40
sS'pst'
p1111
I40
sS'homies'
p1112
I40
sS'banana)'
p1113
I40
sS'excited'
p1114
I40
sS'bio'
p1115
I40
sS'radiator'
p1116
I40
sS'big'
p1117
I39
sS'couple'
p1118
I40
sS'game'
p1119
I36
sS'wings'
p1120
I38
sS'today......gotta'
p1121
I40
sS'follows'
p1122
I40
sS'sleigh'
p1123
I40
sS'._.\xe2\x80\x9d'
p1124
I40
sS'often'
p1125
I40
sS'fucking'
p1126
I40
sS'\xd8\xb9\xd9\x84\xd9\x89'
p1127
I40
sS'sorbet'
p1128
I40
sS'some'
p1129
I32
sS'back'
p1130
I27
sS'understood'
p1131
I40
sS'curious'
p1132
I40
sS'absolutely'
p1133
I40
sS'prom'
p1134
I40
sS'epic'
p1135
I39
sS'either'
p1136
I40
sS'be'
p1137
I19
sS'eating'
p1138
I40
sS'kunis'
p1139
I40
sS'step'
p1140
I39
sS'bs'
p1141
I40
sS'endeavor\xe2\x80\xa6'
p1142
I40
sS'last~'
p1143
I40
sS'by'
p1144
I32
sS'anything'
p1145
I37
sS'bish'
p1146
I40
sS'classics'
p1147
I40
sS'wanna'
p1148
I39
sS'\xe0\xb9\x82\xe0\xb8\xaa\xe0\xb8\x94'
p1149
I40
sS'plan'
p1150
I40
sS'meal/training'
p1151
I40
sS'clinton'
p1152
I39
sS'pero'
p1153
I40
sS'into'
p1154
I40
sS'lebron'
p1155
I40
sS'ca)'
p1156
I14
sS'fast'
p1157
I39
sS'suit'
p1158
I40
sS'forward'
p1159
I39
sS'jacks'
p1160
I40
sS'hawaiian'
p1161
I40
sS'boys'
p1162
I40
sS'link'
p1163
I38
sS'line'
p1164
I40
sS'\xd8\xa3\xd8\xb3\xd8\xb1'
p1165
I40
sS'up'
p1166
I21
sS'ur'
p1167
I39
sS'um'
p1168
I39
sS"tomorrow's"
p1169
I40
sS"bibi's"
p1170
I38
sS'pres'
p1171
I40
sS'highlight'
p1172
I40
sS'fried'
p1173
I39
sS'uber'
p1174
I40
sS'single'
p1175
I40
sS'chat'
p1176
I40
sS"slow-mo'd"
p1177
I40
sS'cafe'
p1178
I31
sS"b'nai"
p1179
I40
sS'tite'
p1180
I40
sS'afford'
p1181
I40
sS'parlor'
p1182
I40
sS'tuff'
p1183
I40
sS'nice'
p1184
I37
sS'dale'
p1185
I40
sS'mustard'
p1186
I40
sS'understatement'
p1187
I40
sS'luminaries'
p1188
I40
sS'posters'
p1189
I40
sS'david-judea)'
p1190
I40
sS'desert'
p1191
I40
sS'e'
p1192
I40
sS'dvd'
p1193
I40
sS'summit'
p1194
I40
sS'buffalo'
p1195
I40
sS'hello'
p1196
I40
sS'once'
p1197
I40
sS'essay'
p1198
I40
sS'edc'
p1199
I40
sS'darrin'
p1200
I40
sS'code'
p1201
I40
sS'totes'
p1202
I40
sS'baby'
p1203
I34
sS'food\xe2\x80\xa6'
p1204
I40
sS'go'
p1205
I34
sS'gaaaawd'
p1206
I40
sS'komodo)'
p1207
I40
sS'peanut'
p1208
I40
sS'shack'
p1209
I40
sS'satisfied.\xe2\x80\x9d'
p1210
I40
sS'shopspanishmoss'
p1211
I40
sS'dandy'
p1212
I40
sS'711'
p1213
I40
sS'drinking'
p1214
I40
sS'pretty:)'
p1215
I40
sS'gettin'
p1216
I39
sS'ryan'
p1217
I40
sS'try'
p1218
I39
sS'dimes'
p1219
I40
sS'tunisian'
p1220
I40
sS'an\xe2\x80\xa6'
p1221
I40
sS'reunion'
p1222
I40
sS'click'
p1223
I40
sS'depression'
p1224
I40
sS'graduating'
p1225
I40
sS'sausage'
p1226
I29
sS'networks'
p1227
I40
sS'unreal'
p1228
I39
sS'harassing'
p1229
I39
sS'car/truck'
p1230
I40
sS'isn\xe2\x80\x99t'
p1231
I40
sS'.lunathatfagg'
p1232
I39
sS'let'
p1233
I40
sS'lev'
p1234
I40
sS'others'
p1235
I40
sS'great'
p1236
I37
sS'\xe2\x9a\xbd\xef\xb8\x8f'
p1237
I40
sS'mic+black'
p1238
I40
sS'30'
p1239
I40
sS'menu'
p1240
I40
sS'thats'
p1241
I40
sS'wit'
p1242
I40
sS'names'
p1243
I40
sS'from'
p1244
I25
sS'usa'
p1245
I37
sS'&'
p1246
I30
sS'illegal'
p1247
I40
sS'next'
p1248
I37
sS'camera'
p1249
I40
sS'\xe0\xb9\x80\xe0\xb8\xab\xe0\xb8\x87\xe0\xb8\xb2'
p1250
I40
sS'(maybe'
p1251
I40
sS'babe'
p1252
I40
sS'on'
p1253
I16
sS'\xd8\xa7\xd9\x85\xd8\xb1\xd9\x8a\xd9\x83\xd8\xa7'
p1254
I39
sS'confused'
p1255
I40
sS'train'
p1256
I40
sS'penis'
p1257
I40
sS'women'
p1258
I40
sS'salad'
p1259
I40
sS'this'
p1260
I20
sS'ride'
p1261
I39
sS'oh'
p1262
I35
sS'anywhere'
p1263
I40
sS'pre-order'
p1264
I39
sS'drill'
p1265
I40
sS'meet'
p1266
I40
sS'non-muslim'
p1267
I40
sS'do'
p1268
I29
sS'taz'
p1269
I40
sS'high'
p1270
I40
sS'yogurt)'
p1271
I39
sS'something'
p1272
I39
sS'blvd'
p1273
I40
sS'onions'
p1274
I40
sS'native'
p1275
I40
sS'lamb'
p1276
I40
sS'united'
p1277
I18
sS'vibe'
p1278
I40
sS'gallerie'
p1279
I38
sS'sin'
p1280
I40
sS'\xd9\x8a\xd8\xb3\xd8\xb1\xd9\x82\xd9\x88\xd9\x86'
p1281
I40
sS'sis'
p1282
I40
sS'(cantaloupe'
p1283
I40
sS'watch'
p1284
I35
sS'collection'
p1285
I36
sS'kamodo'
p1286
I40
sS"j'esp\xc3\xa8re"
p1287
I40
sS'"suck'
p1288
I40
sS'scool'
p1289
I40
sS'bakery'
p1290
I38
sS'honestly'
p1291
I39
sS'a/c'
p1292
I40
sS'\xd9\x85\xd8\xb3\xd8\xaa\xd8\xad\xd9\x8a\xd9\x84'
p1293
I40
sS'looks'
p1294
I40
sS'happiest'
p1295
I40
sS'lf'
p1296
I40
sS'write'
p1297
I40
sS'le'
p1298
I40
sS'la'
p1299
I33
sS'[pic]'
p1300
I38
sS'degrees'
p1301
I40
sS'dunge'
p1302
I40
sS'2014'
p1303
I34
sS'b/v-loggers'
p1304
I40
sS'bye'
p1305
I40
sS'dad'
p1306
I39
sS'flex'
p1307
I35
sS'auto'
p1308
I39
sS'versace'
p1309
I40
sS'hate'
p1310
I40
sS'sweets'
p1311
I40
sS'\xd8\xa7\xd9\x84\xd8\xa3\xd8\xb5\xd8\xaf\xd9\x82\xd8\xa7\xd8\xa1'
p1312
I40
sS'hands'
p1313
I39
sS'front'
p1314
I40
sS'day'
p1315
I33
sS'feldmar'
p1316
I40
sS'://'
p1317
I40
sS'though!\xe2\x80\x9d--'
p1318
I40
sS'crossing'
p1319
I40
sS'|'
p1320
I39
sS'doing'
p1321
I39
sS'waaayyyyy'
p1322
I40
sS'88'
p1323
I40
sS'our'
p1324
I37
sS'special'
p1325
I40
sS'out'
p1326
I34
sS'cause'
p1327
I40
sS'doneski'
p1328
I40
sS'shut'
p1329
I39
sS'molly'
p1330
I40
sS'que'
p1331
I40
sS'g'
p1332
I40
sS'could'
p1333
I40
sS'keep'
p1334
I38
sS'conversation'
p1335
I40
sS'powerful'
p1336
I40
sS'hey'
p1337
I37
sS'bitch'
p1338
I39
sS'anglels'
p1339
I40
sS'straight'
p1340
I40
sS'fusion\xe2\x80\xa6'
p1341
I40
sS'los'
p1342
I38
sS'wrapper'
p1343
I40
sS'noooooo'
p1344
I40
sS'perfectly'
p1345
I40
sS'shorts'
p1346
I40
sS'depressing'
p1347
I40
sS'kday'
p1348
I40
sS'elite'
p1349
I40
sS'\xd9\x84\xd9\x85'
p1350
I40
sS'loved'
p1351
I40
sS'bed'
p1352
I40
sS'loves'
p1353
I39
sS'bev'
p1354
I40
sS'are\xe2\x80\xa6'
p1355
I40
sS'p.s'
p1356
I39
sS'tonight'
p1357
I36
sS'have'
p1358
I33
sS'need'
p1359
I36
sS'*ping*'
p1360
I40
sS'congrats'
p1361
I38
sS'able'
p1362
I40
sS'sinatra'
p1363
I40
sS'which'
p1364
I38
sS'='
p1365
I40
sS'unless'
p1366
I40
sS'who'
p1367
I33
sS'gallery'
p1368
I40
sS':00'
p1369
I40
sS'face'
p1370
I40
sS'skinny'
p1371
I40
sS'away'
p1372
I40
sS'affair'
p1373
I40
sS'exclusive'
p1374
I40
sS'nutella'
p1375
I40
sS'wheeet'
p1376
I40
sS'yael'
p1377
I40
sS'chicken'
p1378
I40
sS'filmed'
p1379
I40
sS'jaz'
p1380
I40
sS'sweeeeet'
p1381
I40
sS'tire'
p1382
I40
sS'jay'
p1383
I40
sS'with'
p1384
I12
sS'should'
p1385
I38
sS'jai'
p1386
I40
sS'riding'
p1387
I40
sS'achieve'
p1388
I40
sS'baby-naming'
p1389
I40
sS'listened'
p1390
I40
sS'means'
p1391
I39
sS'dope'
p1392
I40
sS'lucky'
p1393
I40
sS'awww'
p1394
I40
sS'perfection'
p1395
I40
sS'\xd9\x88\xd9\x84\xd8\xa7\xd9\x83\xd9\x86'
p1396
I40
sS'tragique'
p1397
I40
sS"wasn't"
p1398
I39
sS'stuff'
p1399
I38
sS'she'
p1400
I37
sS'grab'
p1401
I40
sS'booksteiner)'
p1402
I40
sS'view'
p1403
I40
sS'available'
p1404
I39
sS'prayers'
p1405
I40
sS'we'
p1406
I35
sS'braid'
p1407
I40
sS'destiny'
p1408
I40
sS'\xd9\x85\xd8\xa7'
p1409
I40
sS'\xd8\xa7\xd9\x84\xd8\xb4\xd8\xb1\xd9\x8a\xd8\xb9\xd8\xa9'
p1410
I40
sS'pants'
p1411
I40
sS't:scc'
p1412
I40
sS'job'
p1413
I39
sS'sweetesbakeshop'
p1414
I40
sS'2pm'
p1415
I40
sS'110%-all'
p1416
I40
sS'hits'
p1417
I40
sS'drum'
p1418
I40
sS'taking'
p1419
I39
sS'equal'
p1420
I40
sS'kosher'
p1421
I28
sS'pallenberg"hat'
p1422
I40
sS'wr'
p1423
I40
sS'comment'
p1424
I40
sS'cc'
p1425
I40
sS'ca'
p1426
I40
sS'walk'
p1427
I40
sS'\xd9\x8a\xd8\xb1\xd9\x85\xd9\x88\xd9\x86'
p1428
I40
sS'laugh'
p1429
I40
sS'respect'
p1430
I40
sS'bbm'
p1431
I40
sS'yay'
p1432
I39
sS'videos'
p1433
I40
sS'yaz'
p1434
I40
sS"it's"
p1435
I31
sS'motherfuck'
p1436
I40
sS'"i\'m'
p1437
I40
sS'their\xe2\x80\xa6'
p1438
I40
sS'orange'
p1439
I40
sS'brunch'
p1440
I40
sS'xoxoxo'
p1441
I40
sS'will'
p1442
I31
sS'hahaha'
p1443
I40
sS'rigged'
p1444
I40
sS'almost'
p1445
I40
sS'surprisingly'
p1446
I40
sS'vs'
p1447
I38
sS'capture'
p1448
I40
sS'vintage'
p1449
I40
sS'member'
p1450
I40
sS'when'
p1451
I33
sS'shack)'
p1452
I40
sS'amaaazeballs'
p1453
I40
sS'gets'
p1454
I39
sS'premiere'
p1455
I40
sS'bald'
p1456
I40
sS'off'
p1457
I35
sS'center'
p1458
I40
sS'ommmgggg'
p1459
I40
sS'huella'
p1460
I40
sS'i'
p1461
I4
sS'"jews"'
p1462
I40
sS'well'
p1463
I37
sS'fighting'
p1464
I40
sS'thought'
p1465
I39
sS"now....i'm"
p1466
I40
sS'con'
p1467
I40
sS'windowless'
p1468
I39
sS'bananas'
p1469
I40
sS'less'
p1470
I40
sS'moments'
p1471
I40
sS'video\xe2\x80\x9d'
p1472
I40
sS'happiness'
p1473
I40
sS'drew'
p1474
I40
sS'add'
p1475
I37
sS'book'
p1476
I40
sS'wet'
p1477
I40
sS'checking'
p1478
I40
sS'five'
p1479
I40
sS'know'
p1480
I35
sS'press'
p1481
I40
sS':)ik'
p1482
I40
sS'factory)'
p1483
I32
sS'loss'
p1484
I40
sS'like'
p1485
I27
sS'onion'
p1486
I40
sS'"two'
p1487
I40
sS'candy'
p1488
I40
sS'(props'
p1489
I40
sS'martin'
p1490
I40
sS'works'
p1491
I40
sS'because'
p1492
I40
sS'twitter'
p1493
I39
sS'\xd8\xa7\xd9\x88\xd9\x82\xd8\xad\xd9\x87\xd9\x85'
p1494
I40
sS'cleveland'
p1495
I40
sS'home'
p1496
I35
sS'happens'
p1497
I40
sS'literally'
p1498
I39
sS'lean'
p1499
I40
sS'does'
p1500
I40
sS'lire'
p1501
I40
sS'\xd9\x84\xd8\xa7'
p1502
I39
sS'puedo'
p1503
I40
sS'brenco'
p1504
I40
sS'\xd9\x85\xd9\x86'
p1505
I40
sS'about'
p1506
I35
sS'justin'
p1507
I40
sS'getting'
p1508
I33
sS'freedom'
p1509
I40
sS'flake'
p1510
I40
sS'angeles'
p1511
I29
sS'recognizes'
p1512
I40
sS'clooney'
p1513
I40
sS'\xd8\xb4\xd9\x8a'
p1514
I40
sS'female'
p1515
I40
sS'van'
p1516
I39
sS'museum'
p1517
I40
sS'beer'
p1518
I40
sS'biggest'
p1519
I40
sS'buy'
p1520
I39
sS'2017\xe2\x98\xba\xef\xb8\x8f'
p1521
I40
sS"i've"
p1522
I37
sS'bus'
p1523
I39
sS'booked'
p1524
I40
sS'but'
p1525
I27
sS'\xd8\xab\xd9\x85'
p1526
I40
sS'goals'
p1527
I40
sS'\xd9\x81\xd9\x8a'
p1528
I40
sS'eat'
p1529
I40
sS'he'
p1530
I33
sS'made'
p1531
I40
sS'barbiemiklos'
p1532
I40
sS'cake'
p1533
I33
sS'problem'
p1534
I40
sS'no\xe2\x80\xa6'
p1535
I40
sS'ink'
p1536
I40
sS'kissed'
p1537
I40
sS'diego'
p1538
I39
sS'incredible'
p1539
I40
sS'\xe2\x9b\x85\xef\xb8\x8f'
p1540
I40
sS'other'
p1541
I37
sS'sick'
p1542
I40
sS"you're"
p1543
I38
sS'illegally'
p1544
I40
sS'class'
p1545
I39
sS'stay'
p1546
I38
sS'"the'
p1547
I40
sS'\xe2\x80\x94'
p1548
I39
sS'working....really'
p1549
I40
sS'yell'
p1550
I40
sS'laundromat'
p1551
I39
s.