(dp0
S''
p1
I1
sS'insegura'
p2
I60
sS'd\xc3\xada'
p3
I57
sS'\xc2\xbfsoy'
p4
I60
sS'cheefd'
p5
I60
sS'pide'
p6
I60
sS'colleges'
p7
I60
sS'now...but'
p8
I60
sS'four'
p9
I60
sS'woods'
p10
I60
sS'sleep'
p11
I58
sS"friend's"
p12
I60
sS'escribo'
p13
I60
sS'hate'
p14
I56
sS'e\xcc\x81sa'
p15
I60
sS'otro'
p16
I59
sS'buddy'
p17
I60
sS'tweet'
p18
I57
sS'sweetest'
p19
I60
sS'otra'
p20
I59
sS'igual'
p21
I59
sS'lord'
p22
I60
sS'sorry'
p23
I59
sS'worth'
p24
I58
sS'divergent'
p25
I60
sS'deli'
p26
I60
sS'blanket'
p27
I59
sS'every'
p28
I55
sS'foul'
p29
I60
sS'hatta-terusan'
p30
I60
sS'sucede'
p31
I60
sS'escribe'
p32
I60
sS'school'
p33
I54
sS'obsessive'
p34
I60
sS'cumplea\xc3\xb1os'
p35
I59
sS'humidity'
p36
I60
sS'cient\xc3\xadficos'
p37
I60
sS'cla\xcc\x81sica'
p38
I60
sS'peores'
p39
I60
sS'ups'
p40
I59
sS'hora'
p41
I60
sS'bicycle'
p42
I60
sS'esos'
p43
I58
sS'me"'
p44
I60
sS'second'
p45
I59
sS'street'
p46
I60
sS'partes'
p47
I60
sS'olvido'
p48
I60
sS'tambie\xcc\x81n'
p49
I60
sS'recordado'
p50
I60
sS'even'
p51
I54
sS'hide'
p52
I60
sS'tipo'
p53
I60
sS'acorde'
p54
I60
sS"tonight's"
p55
I60
sS'+'
p56
I60
sS'ajam'
p57
I59
sS'while'
p58
I59
sS'spillburrow'
p59
I59
sS'above'
p60
I60
sS'new'
p61
I39
sS'ever'
p62
I56
sS'cincinnati'
p63
I60
sS'crunch'
p64
I60
sS'meg'
p65
I60
sS'ecuatoriano'
p66
I59
sS'asada'
p67
I60
sS'taryn'
p68
I60
sS'mensajes'
p69
I58
sS'never'
p70
I48
sS'(los'
p71
I46
sS'met'
p72
I60
sS'dafaq'
p73
I60
sS'china'
p74
I60
sS'cambian'
p75
I60
sS'dry'
p76
I60
sS'disrespect'
p77
I60
sS'entiendas'
p78
I60
sS'jams'
p79
I60
sS'ignoring'
p80
I60
sS'amante'
p81
I60
sS'resto'
p82
I60
sS'omar'
p83
I60
sS'\xe2\x9c\x94\xef\xb8\x8f'
p84
I60
sS'gracioso'
p85
I60
sS"i'm"
p86
I17
sS"someone's"
p87
I60
sS'baker-wacks'
p88
I60
sS'golden'
p89
I60
sS'people...hope'
p90
I60
sS'hablan'
p91
I60
sS'helado.\xe2\x80\x94pero...\xe2\x80\x94\xc2\xa1un'
p92
I60
sS'feelings'
p93
I57
sS'bro'
p94
I54
sS'throat'
p95
I60
sS'offf'
p96
I60
sS'hablar'
p97
I59
sS'hablas'
p98
I60
sS'would'
p99
I55
sS'runyon'
p100
I60
sS'llenar'
p101
I60
sS'besado'
p102
I60
sS'music'
p103
I59
sS'calm'
p104
I60
sS'survive'
p105
I60
sS'type'
p106
I60
sS'tell'
p107
I56
sS'pude'
p108
I60
sS'females'
p109
I60
sS'hahh'
p110
I60
sS'saber'
p111
I59
sS'sabes'
p112
I58
sS'oscar'
p113
I60
sS'haha'
p114
I50
sS'preciosa'
p115
I60
sS'99'
p116
I60
sS'phone'
p117
I57
sS'warm'
p118
I60
sS'seg\xc3\xban'
p119
I60
sS'excellent'
p120
I60
sS'saben'
p121
I60
sS'hold'
p122
I59
sS'4no'
p123
I60
sS'hola'
p124
I60
sS'shoot'
p125
I59
sS'1992'
p126
I60
sS'word'
p127
I59
sS'room'
p128
I59
sS'work'
p129
I51
sS'mi'
p130
I32
sS'"ella'
p131
I60
sS'movies'
p132
I60
sS'mechanic'
p133
I60
sS'mr'
p134
I59
sS'my'
p135
I11
sS'novia'
p136
I60
sS'give'
p137
I54
sS'florida'
p138
I58
sS'nozzle'
p139
I60
sS'"love'
p140
I58
sS'etiqueta'
p141
I60
sS'homie'
p142
I57
sS'want'
p143
I46
sS'equivocan'
p144
I60
sS'gordo'
p145
I60
sS'keep'
p146
I54
sS'living.\xe2\x80\x9d'
p147
I60
sS'cielo'
p148
I60
sS'turn'
p149
I57
sS'voy'
p150
I58
sS'balm'
p151
I60
sS'how'
p152
I42
sS'amazing'
p153
I57
sS'gato'
p154
I60
sS'ig'
p155
I59
sS'hop'
p156
I59
sS'interview'
p157
I60
sS'gate'
p158
I60
sS'labios'
p159
I60
sS'suizos'
p160
I60
sS'hoy'
p161
I56
sS'caldo'
p162
I60
sS'beauty'
p163
I60
sS'funny'
p164
I60
sS'mess'
p165
I60
sS'llegue'
p166
I60
sS'after'
p167
I57
sS'burlo'
p168
I60
sS'wrong'
p169
I56
sS'atraen'
p170
I60
sS'lay'
p171
I60
sS'cambiado'
p172
I60
sS'law'
p173
I60
sS'lesbian'
p174
I60
sS'las'
p175
I35
sS'sentir'
p176
I60
sS'envy'
p177
I60
sS'vicio'
p178
I60
sS'inadecuada'
p179
I60
sS'appreciate'
p180
I60
sS'diferencias'
p181
I60
sS'think'
p182
I45
sS'hasta'
p183
I57
sS'naturaleza'
p184
I60
sS'\xc3\xbanica'
p185
I60
sS'posando'
p186
I60
sS'green'
p187
I59
sS'goodbye'
p188
I57
sS'keeps'
p189
I60
sS'oficialmente'
p190
I59
sS"'06"
p191
I60
sS'skyping'
p192
I60
sS'order'
p193
I60
sS'"where\'s'
p194
I60
sS'dejen'
p195
I60
sS'over'
p196
I53
sS'desear\xc3\xada'
p197
I60
sS'ma\xc3\xb1ana'
p198
I58
sS'japan'
p199
I60
sS'before'
p200
I58
sS'ima'
p201
I58
sS'difference'
p202
I60
sS'cerrar'
p203
I60
sS'personal'
p204
I60
sS'aquemini'
p205
I60
sS'gente'
p206
I56
sS'vida"'
p207
I60
sS'destroyed'
p208
I60
sS'd\xc3\xadas'
p209
I56
sS'personas'
p210
I44
sS'crea'
p211
I60
sS'fin'
p212
I58
sS'cree'
p213
I60
sS'then'
p214
I56
sS'them'
p215
I58
sS'pelan'
p216
I60
sS'meows*"please'
p217
I60
sS'tourist'
p218
I60
sS'suene'
p219
I60
sS'thee'
p220
I59
sS'safe'
p221
I60
sS'fascinas'
p222
I60
sS'break'
p223
I58
sS'\xe2\x80\x9cyou'
p224
I60
sS'they'
p225
I43
sS'conformistas'
p226
I60
sS'mucho'
p227
I59
sS'hpta'
p228
I60
sS'netherlands'
p229
I60
sS'alex'
p230
I59
sS'meat'
p231
I59
sS'calibrating'
p232
I60
sS'holdin'
p233
I60
sS'each'
p234
I60
sS'went'
p235
I57
sS'arroz'
p236
I60
sS'side'
p237
I58
sS'mean'
p238
I55
sS'\xe2\x9a\x93\xef\xb8\x8f\xe2\x9a\x93\xef\xb8\x8f\xe2\x9a\x93\xef\xb8\x8f\xe2\x9a\x93\xef\xb8\x8f'
p239
I60
sS'weirdos'
p240
I60
sS'series'
p241
I60
sS'celebrating'
p242
I59
sS'forgot'
p243
I60
sS'whip'
p244
I60
sS'rt'
p245
I57
sS'muere'
p246
I60
sS'trending'
p247
I60
sS'driving'
p248
I60
sS'god'
p249
I59
sS'nunca'
p250
I52
sS'hermoso'
p251
I58
sS'laid'
p252
I60
sS'feliz;)'
p253
I60
sS'smh'
p254
I60
sS'got'
p255
I37
sS'rn'
p256
I59
sS'cines'
p257
I60
sS'day"'
p258
I59
sS'hermosa'
p259
I59
sS'foto'
p260
I59
sS'arizona'
p261
I60
sS'aprecio'
p262
I60
sS"doesn't"
p263
I56
sS'"mirar'
p264
I60
sS'hang'
p265
I60
sS'harry'
p266
I59
sS'free'
p267
I59
sS'is...should'
p268
I60
sS'struggle'
p269
I60
sS'wanted'
p270
I59
sS'deseos'
p271
I60
sS'dammit'
p272
I60
sS'\xe2\x80\x94baj\xc3\xb3'
p273
I60
sS'regreso'
p274
I60
sS'ir\xc3\xa9'
p275
I60
sS'maniac'
p276
I60
sS'kenapa'
p277
I60
sS'atl'
p278
I60
sS'messages'
p279
I60
sS'days'
p280
I57
sS'disfrute'
p281
I60
sS'shipped'
p282
I60
sS'"no'
p283
I60
sS"today's"
p284
I60
sS'soda'
p285
I60
sS'(at'
p286
I60
sS'fuckin'
p287
I60
sS'chopped'
p288
I60
sS"ones.'cause"
p289
I60
sS'already'
p290
I57
sS'rana'
p291
I60
sS'shotsssss'
p292
I60
sS'vivido'
p293
I60
sS'hearing'
p294
I60
sS'xxxxxtajhoopxxxxx'
p295
I60
sS'fantasy'
p296
I60
sS'likes"'
p297
I60
sS'another'
p298
I59
sS'drones'
p299
I60
sS'scissors'
p300
I60
sS'esperanto'
p301
I60
sS'instagram'
p302
I56
sS'(+jessy)'
p303
I60
sS'patada'
p304
I60
sS'bonita'
p305
I60
sS'top'
p306
I59
sS'bonito'
p307
I59
sS'girls'
p308
I57
sS'\xd0\x9b\xd0\xbe\xd1\x81-\xd0\x90\xd0\xbd\xd0\xb4\xd0\xb6\xd0\xb5\xd0\xbb\xd0\xb5\xd1\x81\xd0\xb5'
p309
I60
sS'too'
p310
I50
sS'rockin'
p311
I60
sS'hollywood'
p312
I59
sS'john'
p313
I60
sS'iowa1)'
p314
I60
sS'unbroken'
p315
I60
sS'listen'
p316
I58
sS'curtains'
p317
I60
sS'gym'
p318
I60
sS'2am'
p319
I60
sS'(-eliza)'
p320
I60
sS'stds:5)'
p321
I60
sS'abrir'
p322
I60
sS'diga'
p323
I60
sS'begins'
p324
I60
sS'karena'
p325
I60
sS'is\xe2\x80\xa6'
p326
I60
sS'coward'
p327
I60
sS'mierda'
p328
I59
sS'zero'
p329
I60
sS'project'
p330
I60
sS'matter'
p331
I57
sS'gatos'
p332
I60
sS'flame'
p333
I60
sS'williams'
p334
I59
sS'feeling'
p335
I59
sS'olvida'
p336
I60
sS'este'
p337
I54
sS'fashion'
p338
I60
sS'esta'
p339
I56
sS'giraffes'
p340
I60
sS'esto'
p341
I59
sS'mind'
p342
I59
sS'mine'
p343
I57
sS're\xc3\xaddo'
p344
I60
sS'choreo...i'
p345
I60
sS'talking'
p346
I57
sS'infront'
p347
I60
sS'rap'
p348
I60
sS'seen'
p349
I59
sS'seem'
p350
I60
sS'hago'
p351
I60
sS'd\xc3\xadas."'
p352
I60
sS'ignorar'
p353
I60
sS'1969'
p354
I58
sS'1966'
p355
I60
sS'beben'
p356
I59
sS'-'
p357
I52
sS'1963'
p358
I60
sS'niece'
p359
I60
sS'laughed'
p360
I60
sS'purge"'
p361
I60
sS'blue'
p362
I60
sS'over-thinking'
p363
I60
sS'though'
p364
I59
sS'level52'
p365
I60
sS'ah\xc3\xad'
p366
I60
sS'regular'
p367
I60
sS'gallagher'
p368
I60
sS'don'
p369
I59
sS'm'
p370
I60
sS'dog'
p371
I59
sS'freeway'
p372
I60
sS'metas'
p373
I60
sS'dos'
p374
I59
sS'braun"'
p375
I60
sS'matine'
p376
I59
sS'bomb'
p377
I60
sS'sneaks'
p378
I60
sS'\xe2\x80\xa2\xe2\x80\xa2'
p379
I60
sS'cortito'
p380
I60
sS'tequila'
p381
I60
sS'sweating'
p382
I60
sS'radio'
p383
I58
sS'earth'
p384
I57
sS'd5'
p385
I60
sS'novio\xe2\x80\xa6ah'
p386
I60
sS'chistes'
p387
I59
sS'feelss'
p388
I60
sS'busy'
p389
I60
sS'just'
p390
I37
sS'peasants'
p391
I60
sS'mi\xc3\xa9rcoles'
p392
I60
sS'explain'
p393
I60
sS'cupid'
p394
I60
sS'norcal'
p395
I60
sS'kessler'
p396
I60
sS'bush'
p397
I60
sS'cuello'
p398
I60
sS'photo'
p399
I60
sS'swaagguhr'
p400
I60
sS'lacma'
p401
I60
sS'wearing'
p402
I58
sS'do'
p403
I38
sS'dm'
p404
I60
sS'dj'
p405
I59
sS'klein'
p406
I60
sS'waaaaaay'
p407
I60
sS'de'
p408
I12
sS'stop'
p409
I58
sS'legs'
p410
I60
sS'da'
p411
I58
sS'novio.\xe2\x80\x94no'
p412
I60
sS'wedding'
p413
I59
sS'nigguh'
p414
I60
sS'nasty'
p415
I59
sS'moooonnnnnnnnnthhhh'
p416
I60
sS'runs'
p417
I59
sS'digamos'
p418
I59
sS'nicely'
p419
I60
sS'officially'
p420
I59
sS'visto'
p421
I60
sS'par\xc3\xads'
p422
I57
sS'alg\xc3\xban'
p423
I59
sS'twice'
p424
I60
sS'bad'
p425
I56
sS'bae'
p426
I52
sS'shots'
p427
I60
sS"'unidentified"
p428
I60
sS'sentido'
p429
I60
sS'ruins'
p430
I59
sS'runo'
p431
I60
sS'duck'
p432
I60
sS'playstation'
p433
I60
sS'depende'
p434
I60
sS'disaster'
p435
I60
sS'pocas'
p436
I60
sS'w/'
p437
I58
sS'liquor'
p438
I60
sS'verdad.\xe2\x80\x94\xc2\xbfmia'
p439
I60
sS'olvidarte'
p440
I60
sS'chicas'
p441
I60
sS'iglesia'
p442
I59
sS'vacaciones'
p443
I60
sS'best'
p444
I53
sS'eres'
p445
I55
sS'said'
p446
I57
sS'civilian......sigh'
p447
I60
sS'sombrero'
p448
I60
sS'away'
p449
I60
sS'muy'
p450
I52
sS'secuestran'
p451
I60
sS'ecuadooor'
p452
I60
sS"there's"
p453
I58
sS'finger'
p454
I59
sS'"detesto'
p455
I60
sS'props'
p456
I60
sS'364'
p457
I60
sS'pirate'
p458
I60
sS'doisneau'
p459
I60
sS'viernes'
p460
I60
sS'zone"'
p461
I60
sS'we'
p462
I44
sS'men'
p463
I60
sS'reemplazarlo'
p464
I60
sS'nature'
p465
I60
sS'debe'
p466
I60
sS'weak'
p467
I59
sS'taken\xe2\x9c\x94\xef\xb8\x8f'
p468
I60
sS'souvenir'
p469
I60
sS'retirement'
p470
I60
sS'despu\xc3\xa9s'
p471
I56
sS'here'
p472
I50
sS'wtf'
p473
I60
sS'dedication'
p474
I60
sS'cousin'
p475
I60
sS'favoritas'
p476
I60
sS'hada'
p477
I60
sS'store'
p478
I60
sS'45-20'
p479
I60
sS'llevenme'
p480
I60
sS'mariachi'
p481
I60
sS'jelly'
p482
I60
sS'against'
p483
I60
sS'una'
p484
I39
sS'mildly'
p485
I60
sS'lookin'
p486
I60
sS'faces'
p487
I60
sS'elija'
p488
I60
sS'asked'
p489
I60
sS'uno'
p490
I59
sS'timehop'
p491
I60
sS'tone'
p492
I60
sS'royal'
p493
I60
sS'suelo."jaja'
p494
I60
sS'durante'
p495
I60
sS'cuz'
p496
I57
sS'canyon'
p497
I60
sS'felicidad'
p498
I59
sS'luego.\xe2\x80\x94'
p499
I60
sS'tony'
p500
I60
sS'refill'
p501
I60
sS'trust'
p502
I60
sS'hitler'
p503
I60
sS'speak'
p504
I60
sS'hijo'
p505
I59
sS'bathroom'
p506
I59
sS'puts'
p507
I60
sS'been'
p508
I49
sS'beer'
p509
I59
sS'much'
p510
I49
sS'puto'
p511
I60
sS'submarino'
p512
I60
sS'tallest'
p513
I60
sS'pro'
p514
I60
sS'presumiendo'
p515
I60
sS'life'
p516
I52
sS'piropos'
p517
I60
sS'fijas'
p518
I60
sS'fast-forward'
p519
I60
sS'conversaci\xc3\xb3n'
p520
I60
sS'chill'
p521
I60
sS'gracias'
p522
I56
sS'sh!t'
p523
I60
sS'portable'
p524
I60
sS'air'
p525
I60
sS'aim'
p526
I60
sS'ugly'
p527
I60
sS'comfortably'
p528
I60
sS'abrocharse'
p529
I60
sS'stopping'
p530
I59
sS'voice'
p531
I60
sS'"up"'
p532
I60
sS'chilling'
p533
I59
sS'buried'
p534
I60
sS'unos'
p535
I60
sS'"a'
p536
I60
sS'is'
p537
I10
sS'ir'
p538
I57
sS'it'
p539
I20
sS'player'
p540
I60
sS'im'
p541
I60
sS'in'
p542
I14
sS'\xc2\xbfrealidad'
p543
I60
sS'mouse'
p544
I60
sS'id'
p545
I59
sS'trusted'
p546
I60
sS'if'
p547
I40
sS'thingy'
p548
I60
sS'fotos'
p549
I59
sS'things'
p550
I56
sS'make'
p551
I54
sS'polaroid'
p552
I60
sS'potentially'
p553
I60
sS'babies'
p554
I60
sS'track..but'
p555
I60
sS':(('
p556
I59
sS'tops'
p557
I60
sS'evil'
p558
I60
sS'hand'
p559
I56
sS'characters'
p560
I60
sS'jealous'
p561
I60
sS'darle'
p562
I60
sS'aka'
p563
I60
sS'thoughts'
p564
I58
sS'cycle'
p565
I60
sS'hacer'
p566
I60
sS'bell)'
p567
I60
sS'campo'
p568
I60
sS'congrats'
p569
I60
sS'1973'
p570
I60
sS'perfecto'
p571
I60
sS'tho'
p572
I49
sS'thing"'
p573
I60
sS'the'
p574
I4
sS'hist\xc3\xb3ricas'
p575
I60
sS'hacen'
p576
I56
sS'yours'
p577
I60
sS'tha'
p578
I59
sS'left'
p579
I60
sS'consciousness'
p580
I60
sS'toque'
p581
I60
sS'yea'
p582
I60
sS'\xc2\xbfc\xc3\xb3mo'
p583
I59
sS'sporting'
p584
I60
sS'thanks'
p585
I55
sS'human'
p586
I59
sS'besarte'
p587
I60
sS'yes'
p588
I58
sS'yet'
p589
I58
sS's\xc3\xad'
p590
I59
sS'hai'
p591
I60
sS'buses'
p592
I60
sS'had'
p593
I52
sS'woodstock'
p594
I60
sS'hay'
p595
I56
sS'haz'
p596
I60
sS'n'
p597
I59
sS'innocent'
p598
I60
sS'has'
p599
I44
sS'humanity'
p600
I59
sS'gave'
p601
I60
sS'opt'
p602
I60
sS'camarada'
p603
I60
sS'gustas'
p604
I58
sS'breaks'
p605
I60
sS'rom\xc3\xa1ntica'
p606
I60
sS"libro:')"
p607
I60
sS'aprender'
p608
I60
sS'suffering'
p609
I60
sS'gustan'
p610
I59
sS'mmv'
p611
I60
sS'55'
p612
I60
sS'grizzly'
p613
I60
sS'hunt'
p614
I60
sS'50'
p615
I60
sS'52'
p616
I53
sS'officer'
p617
I60
sS'night'
p618
I41
sS'amor'
p619
I57
sS'creen'
p620
I60
sS'"bae"'
p621
I60
sS'right'
p622
I56
sS'old'
p623
I57
sS'deal'
p624
I60
sS'people'
p625
I45
sS'easy'
p626
I58
sS'somehow'
p627
I60
sS'dead'
p628
I59
sS'born'
p629
I60
sS'trippen'
p630
I59
sS'poolside'
p631
I60
sS'salir'
p632
I58
sS'finna'
p633
I58
sS'for'
p634
I23
sS'bottom'
p635
I60
sS'purple'
p636
I60
sS'notification'
p637
I60
sS'ear'
p638
I60
sS'a\xe2\x80\xa6'
p639
I60
sS'f\xc3\xbatbol'
p640
I60
sS'comments'
p641
I60
sS'creative'
p642
I60
sS'everything'
p643
I58
sS'asking'
p644
I60
sS'unstable'
p645
I60
sS'foo'
p646
I60
sS'adorable'
p647
I57
sS'quede'
p648
I60
sS'queda'
p649
I59
sS'deleted'
p650
I60
sS'quedo'
p651
I60
sS'b\xc3\xa6'
p652
I60
sS'"gorgeous"'
p653
I60
sS'plz'
p654
I60
sS'post'
p655
I60
sS'super'
p656
I58
sS'so...for'
p657
I60
sS'dif\xc3\xadcil'
p658
I59
sS'*in'
p659
I60
sS'(kaytranada'
p660
I60
sS'months'
p661
I59
sS'choke'
p662
I60
sS'o'
p663
I55
sS'dinner'
p664
I60
sS'plus'
p665
I60
sS'algo'
p666
I57
sS'misma'
p667
I59
sS'mismo'
p668
I60
sS'bissshhhh\xe2\x80\x9d'
p669
I60
sS'separe'
p670
I60
sS'match'
p671
I60
sS'managers'
p672
I60
sS'selfie'
p673
I59
sS'soo'
p674
I57
sS'son'
p675
I56
sS'down'
p676
I55
sS'lies'
p677
I60
sS'erry'
p678
I60
sS'falle'
p679
I60
sS'soy'
p680
I52
sS'dean'
p681
I60
sS'"annual'
p682
I60
sS'sally'
p683
I60
sS'support'
p684
I59
sS'constantly'
p685
I59
sS'available'
p686
I60
sS'asses'
p687
I60
sS'class'
p688
I59
sS'absolutely'
p689
I58
sS'alem\xc3\xa1n'
p690
I59
sS'call'
p691
I60
sS'wat'
p692
I60
sS'was'
p693
I41
sS'war'
p694
I60
sS'happy'
p695
I52
sS'head'
p696
I60
sS'esposo'
p697
I60
sS'batman'
p698
I60
sS'lawn'
p699
I60
sS'landing'
p700
I60
sS'seguir'
p701
I60
sS'hear'
p702
I53
sS'solar'
p703
I60
sS'true'
p704
I57
sS'martes'
p705
I60
sS'edition)'
p706
I60
sS'inside'
p707
I60
sS'vivo'
p708
I59
sS'until'
p709
I60
sS'adora'
p710
I60
sS'embolia'
p711
I60
sS'emotional'
p712
I60
sS'latch'
p713
I60
sS'"la'
p714
I59
sS'adoro'
p715
I60
sS'delete'
p716
I60
sS'magic-all'
p717
I60
sS'proud'
p718
I60
sS"passenger's"
p719
I60
sS'classic'
p720
I58
sS'llevo'
p721
I60
sS'\xc2\xabno'
p722
I60
sS'sometime'
p723
I60
sS'tardes'
p724
I60
sS'ship'
p725
I60
sS'annoying'
p726
I60
sS'check'
p727
I59
sS'shit'
p728
I54
sS'87-88'
p729
I60
sS'junto'
p730
I59
sS'leer'
p731
I59
sS'lungs'
p732
I60
sS'eventual'
p733
I60
sS'no'
p734
I13
sS'when'
p735
I27
sS'reality'
p736
I60
sS'aleja'
p737
I60
sS'interested'
p738
I60
sS'holding'
p739
I60
sS'berga'
p740
I60
sS'picture'
p741
I59
sS"'s"
p742
I60
sS'roomies'
p743
I60
sS'surprise'
p744
I60
sS'felt'
p745
I58
sS'update'
p746
I59
sS'kondisi'
p747
I60
sS'similarly...latinos'
p748
I60
sS"let's"
p749
I58
sS'snooze'
p750
I60
sS'mirando'
p751
I60
sS'weekend'
p752
I60
sS'billion'
p753
I60
sS'dulce'
p754
I60
sS'knbr'
p755
I60
sS'domingo'
p756
I60
sS'esforzarme'
p757
I60
sS'together'
p758
I56
sS'reci\xc3\xa9n'
p759
I60
sS'loyal'
p760
I60
sS'dem\xc3\xa1s'
p761
I59
sS'time'
p762
I42
sS'banners'
p763
I60
sS'songs'
p764
I59
sS'irritante'
p765
I60
sS':('
p766
I47
sS':)'
p767
I53
sS'releyendo'
p768
I60
sS'focus'
p769
I60
sS'menos'
p770
I58
sS'primer'
p771
I60
sS':3'
p772
I60
sS'venice'
p773
I60
sS'new/old'
p774
I60
sS'ver'
p775
I58
sS'ves'
p776
I60
sS'1940'
p777
I59
sS'1941'
p778
I60
sS'vez'
p779
I56
sS'1947'
p780
I60
sS'duolingo'
p781
I60
sS'hurtin'
p782
I60
sS'finally'
p783
I59
sS'decir'
p784
I58
sS'ven'
p785
I59
sS'jajajajajajajajaja'
p786
I60
sS'me'
p787
I8
sS'to\xe2\x80\x9d'
p788
I60
sS'icing'
p789
I60
sS'theater)'
p790
I60
sS'holuuuu'
p791
I60
sS'vegas'
p792
I57
sS'knapsack'
p793
I60
sS'ojos'
p794
I59
sS'ma'
p795
I60
sS'trouble'
p796
I60
sS'blast'
p797
I60
sS'cool'
p798
I59
sS'edad'
p799
I59
sS'did'
p800
I50
sS'die'
p801
I59
sS'dig'
p802
I60
sS'brindo'
p803
I60
sS'dia'
p804
I60
sS'"cuando'
p805
I60
sS'somos'
p806
I57
sS'querer'
p807
I60
sS'team'
p808
I60
sS'quick'
p809
I59
sS'guy'
p810
I56
sS'teeflii'
p811
I60
sS'yall'
p812
I57
sS'explicar'
p813
I60
sS'des'
p814
I60
sS'says'
p815
I60
sS'regret'
p816
I59
sS'cosa'
p817
I59
sS'attic'
p818
I48
sS'sigo'
p819
I60
sS'sign'
p820
I59
sS'pienso'
p821
I60
sS'run'
p822
I59
sS'piensa'
p823
I59
sS'hair"'
p824
I60
sS'chicken'
p825
I60
sS'drinks'
p826
I60
sS'distaste'
p827
I60
sS'yeezus'
p828
I60
sS'jodeci'
p829
I60
sS'takin'
p830
I60
sS'posi'
p831
I59
sS'\xe2\x98\xba\xef\xb8\x8f'
p832
I60
sS'quedan'
p833
I59
sS'quedar'
p834
I59
sS'quedas'
p835
I59
sS'goes'
p836
I60
sS'reply'
p837
I60
sS'aburrimiento'
p838
I60
sS'filled'
p839
I60
sS'satisfy'
p840
I60
sS'weezy'
p841
I60
sS'(wtd)'
p842
I60
sS'hairs'
p843
I60
sS'd\xc3\xa9jalo'
p844
I60
sS'taps'
p845
I60
sS'pasirkoja'
p846
I60
sS'water'
p847
I60
sS'downloaded'
p848
I60
sS'nine'
p849
I60
sS'alone'
p850
I58
sS'derechito'
p851
I60
sS'earthquake'
p852
I60
sS'change'
p853
I57
sS'wait'
p854
I58
sS'boy'
p855
I57
sS'hab\xc3\xada'
p856
I60
sS'shift'
p857
I60
sS"anybody's"
p858
I60
sS'\xe2\x80\x94\xc2\xbfpor'
p859
I59
sS'drogue'
p860
I60
sS'boo'
p861
I60
sS'usually'
p862
I60
sS'weird'
p863
I60
sS'history'
p864
I60
sS'bod'
p865
I60
sS'love'
p866
I28
sS'est\xc3\xa1s?\xe2\x80\x94'
p867
I60
sS'tierno'
p868
I60
sS'threes'
p869
I60
sS'chhh'
p870
I60
sS'heartbreaks'
p871
I60
sS'fake'
p872
I58
sS'today(to'
p873
I60
sS'chicos'
p874
I59
sS'duelen'
p875
I60
sS'everybody'
p876
I58
sS'siempre'
p877
I56
sS'duda'
p878
I60
sS'dormir"'
p879
I60
sS'ponte'
p880
I60
sS'pero'
p881
I48
sS'only'
p882
I57
sS'cory'
p883
I60
sS'insides'
p884
I60
sS'\xc3\xb1a\xc3\xb1ito'
p885
I60
sS'ca)'
p886
I46
sS'vivir'
p887
I60
sS'todas'
p888
I59
sS'entonces)'
p889
I60
sS'wondering'
p890
I60
sS'cuter'
p891
I60
sS'thru'
p892
I60
sS'today'
p893
I40
sS'loving'
p894
I59
sS'scratched'
p895
I60
sS'skypes'
p896
I60
sS'club'
p897
I57
sS'altar'
p898
I59
sS'acceptable'
p899
I60
sS'robado'
p900
I60
sS'bicicleta'
p901
I60
sS'pat\xc3\xa1n"'
p902
I60
sS'espero'
p903
I58
sS'goods'
p904
I60
sS'verg*'
p905
I60
sS'espera'
p906
I60
sS'rebelde'
p907
I60
sS'fly'
p908
I60
sS'desea'
p909
I60
sS'diosito'
p910
I60
sS'anything'
p911
I57
sS'car'
p912
I56
sS'sus...look'
p913
I60
sS'suben'
p914
I60
sS'cat'
p915
I60
sS'purge'
p916
I60
sS'soup'
p917
I60
sS'can'
p918
I47
sS'cabeza'
p919
I59
sS'kendrick'
p920
I60
sS'making'
p921
I59
sS'crush"'
p922
I59
sS'c\xc3\xb3mic'
p923
I60
sS'heart'
p924
I55
sS'crazy'
p925
I58
sS'ped\xc3\xada'
p926
I60
sS'figure'
p927
I60
sS'coraz\xc3\xb3n'
p928
I60
sS'awesome'
p929
I57
sS"didn't"
p930
I55
sS'fuck'
p931
I59
sS'heard'
p932
I59
sS'gabby'
p933
I60
sS'pitochu'
p934
I60
sS'offense'
p935
I60
sS'2years'
p936
I60
sS'melakukan'
p937
I60
sS'viendo'
p938
I60
sS'1'
p939
I55
sS'sunday'
p940
I59
sS'llega'
p941
I60
sS'llego'
p942
I60
sS'opci\xc3\xb3n'
p943
I60
sS'mas'
p944
I58
sS'entienden'
p945
I60
sS'laundry'
p946
I59
sS'to..but'
p947
I60
sS'may'
p948
I59
sS'designated'
p949
I60
sS'wonderful'
p950
I60
sS'spot'
p951
I58
sS'bonfires'
p952
I60
sS'birthday'
p953
I58
sS'designed'
p954
I60
sS'hombre'
p955
I60
sS'date'
p956
I59
sS'such'
p957
I60
sS'-frida'
p958
I60
sS'truly'
p959
I60
sS'guys'
p960
I57
sS'mal'
p961
I58
sS'man'
p962
I50
sS'stress'
p963
I59
sS'remember'
p964
I56
sS'maybe'
p965
I59
sS'su'
p966
I55
sS'st'
p967
I60
sS'si'
p968
I43
sS'so'
p969
I28
sS'vaya'
p970
I60
sS'kurt'
p971
I60
sS'fireball'
p972
I60
sS'talk'
p973
I56
sS'cute'
p974
I57
sS'\xc3\xb1a\xc3\xb1o'
p975
I60
sS'breaking'
p976
I60
sS'haircut'
p977
I59
sS'years'
p978
I56
sS'course'
p979
I58
sS'estarlo'
p980
I60
sS'enamorarse'
p981
I60
sS'kanye'
p982
I59
sS'cold'
p983
I59
sS'still'
p984
I48
sS'llegando'
p985
I60
sS'forma'
p986
I60
sS'thank'
p987
I58
sS'the\xe2\x80\xa6'
p988
I60
sS'thang'
p989
I59
sS'torn'
p990
I60
sS'alabama3)'
p991
I60
sS'hot'
p992
I58
sS'matin\xc3\xa9e'
p993
I59
sS'conoce'
p994
I60
sS'tweets'
p995
I59
sS'minute...aight'
p996
I60
sS'insomnio'
p997
I60
sS'biblioteca'
p998
I60
sS'moms'
p999
I59
sS'songs"'
p1000
I60
sS'dollywood'
p1001
I60
sS'hahahahahahahahaa'
p1002
I60
sS'1954'
p1003
I60
sS'\xc2\xabmi'
p1004
I60
sS'fuerte'
p1005
I58
sS'half'
p1006
I60
sS'not'
p1007
I44
sS'nighttttttt'
p1008
I60
sS'now'
p1009
I45
sS'"beer"'
p1010
I60
sS'killed'
p1011
I59
sS'nos'
p1012
I60
sS'\xc3\x91las'
p1013
I60
sS'kerr'
p1014
I60
sS'sepas'
p1015
I60
sS'leyendo'
p1016
I60
sS'desde'
p1017
I60
sS'muchas'
p1018
I60
sS'pizza'
p1019
I59
sS'em'
p1020
I59
sS'el'
p1021
I34
sS'en'
p1022
I26
sS'lowkey'
p1023
I58
sS'yeah'
p1024
I55
sS'wrap'
p1025
I60
sS'lives!"'
p1026
I56
sS'ex'
p1027
I60
sS'year'
p1028
I57
sS'ft'
p1029
I59
sS'girl'
p1030
I59
sS'calling'
p1031
I60
sS'lesson'
p1032
I60
sS'es'
p1033
I25
sS'tried'
p1034
I60
sS'album'
p1035
I60
sS'living'
p1036
I59
sS'and\xe2\x80\xa6'
p1037
I60
sS'jackson'
p1038
I60
sS'deseaba'
p1039
I60
sS'space'
p1040
I59
sS'looking'
p1041
I58
sS'"que'
p1042
I60
sS'seriously'
p1043
I58
sS'qb'
p1044
I60
sS'bathros'
p1045
I60
sS'esponja'
p1046
I60
sS'earlier'
p1047
I60
sS'tienen'
p1048
I60
sS'cars'
p1049
I60
sS'p\xc3\xb8rtishead'
p1050
I60
sS'quite'
p1051
I60
sS'jajajajajaja'
p1052
I59
sS'carl'
p1053
I57
sS'volv\xc3\xad'
p1054
I60
sS'marina'
p1055
I59
sS'tienes'
p1056
I59
sS'cara'
p1057
I60
sS'training'
p1058
I60
sS'gusta'
p1059
I53
sS'luego'
p1060
I60
sS'language'
p1061
I60
sS'guees'
p1062
I60
sS'gusto'
p1063
I60
sS'thing'
p1064
I55
sS'rain"'
p1065
I60
sS'place'
p1066
I60
sS'massive'
p1067
I60
sS'promotion'
p1068
I60
sS'view'
p1069
I60
sS'childhood'
p1070
I60
sS'ammo'
p1071
I60
sS'first'
p1072
I49
sS'mucha'
p1073
I59
sS'flying'
p1074
I60
sS'sientes'
p1075
I60
sS'xm'
p1076
I60
sS'xb'
p1077
I60
sS'perris'
p1078
I60
sS'potter'
p1079
I60
sS'one'
p1080
I46
sS'specifically'
p1081
I60
sS'open'
p1082
I59
sS'tomorrow'
p1083
I52
sS'le\xc3\xaddo'
p1084
I60
sS'city'
p1085
I59
sS'little'
p1086
I59
sS'ian'
p1087
I60
sS'checked'
p1088
I60
sS'stuck'
p1089
I60
sS'excepto'
p1090
I59
sS'kesalahan'
p1091
I60
sS'anyone'
p1092
I60
sS'returns'
p1093
I60
sS'2'
p1094
I55
sS'gorra'
p1095
I60
sS'white'
p1096
I59
sS'llegan'
p1097
I60
sS'magnificas'
p1098
I60
sS'friend'
p1099
I58
sS'eyes'
p1100
I59
sS'way'
p1101
I49
sS'that'
p1102
I21
sS'season'
p1103
I57
sS'"eres'
p1104
I60
sS'bruh'
p1105
I60
sS'huh'
p1106
I59
sS'cops'
p1107
I60
sS'short'
p1108
I60
sS'manguera'
p1109
I60
sS'seat'
p1110
I60
sS'than'
p1111
I59
sS'boyfriend'
p1112
I59
sS'throats<<'
p1113
I60
sS'10'
p1114
I59
sS'13'
p1115
I60
sS'12'
p1116
I60
sS'15'
p1117
I58
sS'lmao'
p1118
I60
sS'perd\xc3\xb3name'
p1119
I60
sS'gotta'
p1120
I56
sS'were'
p1121
I59
sS'futuro'
p1122
I60
sS'and'
p1123
I9
sS'quierooooo'
p1124
I60
sS'san'
p1125
I59
sS'sonrisa."'
p1126
I60
sS'\xc3\xbaltimo'
p1127
I60
sS'siendo'
p1128
I60
sS'sad'
p1129
I57
sS'say'
p1130
I50
sS'helado'
p1131
I60
sS'tylenol'
p1132
I60
sS'pendejo"'
p1133
I60
sS'breakfast'
p1134
I60
sS'saw'
p1135
I59
sS'any'
p1136
I59
sS'puso'
p1137
I60
sS'squad'
p1138
I60
sS'take'
p1139
I55
sS'switching'
p1140
I60
sS'channel'
p1141
I60
sS'acuerdo'
p1142
I60
sS'handing'
p1143
I60
sS'sure'
p1144
I57
sS'pain'
p1145
I60
sS'suerte'
p1146
I60
sS'theatre'
p1147
I48
sS'normal'
p1148
I60
sS'pendejos'
p1149
I60
sS'paid'
p1150
I60
sS'minions'
p1151
I60
sS'knee'
p1152
I60
sS'merece'
p1153
I60
sS'inexplicablemente'
p1154
I60
sS'1130-230p'
p1155
I60
sS'surprising'
p1156
I60
sS'dream'
p1157
I60
sS'debilidad'
p1158
I59
sS'sale'
p1159
I60
sS'tooth'
p1160
I60
sS'verde'
p1161
I60
sS'dolor'
p1162
I60
sS'(en'
p1163
I60
sS'pa\xc3\x8ds'
p1164
I59
sS'walking'
p1165
I60
sS'shot'
p1166
I60
sS'orleans'
p1167
I60
sS'show'
p1168
I56
sS'imagines'
p1169
I60
sS'olvidar'
p1170
I60
sS'estoy'
p1171
I52
sS'shoe'
p1172
I60
sS'la\xe2\x80\xa6'
p1173
I60
sS'hace'
p1174
I58
sS'youngin'
p1175
I60
sS'estos'
p1176
I60
sS'nlm'
p1177
I60
sS'hustler'
p1178
I60
sS'shoo'
p1179
I60
sS'aint'
p1180
I59
sS'\xe2\x9c\x8c'
p1181
I60
sS'snack'
p1182
I60
sS'faaack'
p1183
I60
sS'\xe2\x9c\x8a'
p1184
I59
sS'3'
p1185
I55
sS'nadie'
p1186
I58
sS'going'
p1187
I57
sS'black'
p1188
I59
sS'wooo'
p1189
I60
sS'me."*meows'
p1190
I60
sS'deseo'
p1191
I60
sS'estas'
p1192
I60
sS'beatles'
p1193
I60
sS'toco'
p1194
I60
sS'get'
p1195
I42
sS'cannon'
p1196
I60
sS'senti\xcc\x81a'
p1197
I60
sS'steps...coach'
p1198
I60
sS'mission'
p1199
I59
sS'killers'
p1200
I59
sS'"vivos"'
p1201
I60
sS'chaulafan'
p1202
I60
sS'a\xc3\xban'
p1203
I60
sS'-siempre'
p1204
I59
sS'artist'
p1205
I60
sS'"cute'
p1206
I60
sS'morning'
p1207
I54
sS'\xc2\xbfla'
p1208
I60
sS'jokes'
p1209
I60
sS'importarme'
p1210
I60
sS'stupid'
p1211
I60
sS'miamor'
p1212
I59
sS'worries'
p1213
I60
sS'pants'
p1214
I60
sS'where'
p1215
I56
sS'snapback'
p1216
I59
sS'husband'
p1217
I60
sS"y'all"
p1218
I54
sS'reveals'
p1219
I60
sS'concert'
p1220
I60
sS'espn'
p1221
I60
sS'sirio'
p1222
I60
sS'(8/15)'
p1223
I60
sS'up'
p1224
I37
sS'corre'
p1225
I60
sS'estamos'
p1226
I60
sS'wonder'
p1227
I60
sS'fails'
p1228
I60
sS'miremos'
p1229
I60
sS'jumped'
p1230
I60
sS'mundial]'
p1231
I60
sS'enough'
p1232
I58
sS'from\xe2\x80\xa6'
p1233
I60
sS'estar'
p1234
I56
sS'"para'
p1235
I60
sS'whats'
p1236
I60
sS'between'
p1237
I60
sS'playhouse'
p1238
I59
sS'oversized'
p1239
I60
sS'jumper'
p1240
I60
sS'august'
p1241
I60
sS'25'
p1242
I60
sS'jt'
p1243
I60
sS'screen'
p1244
I60
sS'tus'
p1245
I57
sS'killing'
p1246
I59
sS'[1era'
p1247
I60
sS'awards'
p1248
I60
sS'como'
p1249
I47
sS'hurts'
p1250
I60
sS'comeback'
p1251
I60
sS'come'
p1252
I55
sS'kirsten'
p1253
I60
sS'21'
p1254
I60
sS'encebollado'
p1255
I60
sS'mans'
p1256
I60
sS'\xc2\xabla'
p1257
I60
sS'many'
p1258
I60
sS'quiet'
p1259
I60
sS'seguida'
p1260
I60
sS'pronto'
p1261
I60
sS'sketchy'
p1262
I60
sS'celebran'
p1263
I60
sS'bida'
p1264
I60
sS'kahlo'
p1265
I59
sS'quien'
p1266
I53
sS'd/l'
p1267
I60
sS'blasta'
p1268
I60
sS"can't"
p1269
I44
sS'mano'
p1270
I59
sS'pot'
p1271
I60
sS'cuando'
p1272
I50
sS'pos'
p1273
I58
sS'pop'
p1274
I59
sS"couldn't"
p1275
I60
sS'article'
p1276
I60
sS'better'
p1277
I54
sS'mensa'
p1278
I60
sS'capable'
p1279
I60
sS'west'
p1280
I59
sS'contraria'
p1281
I60
sS'ucla'
p1282
I60
sS'breath'
p1283
I59
sS'subscription'
p1284
I60
sS'qu\xc3\xa9'
p1285
I58
sS'schoolboy'
p1286
I60
sS'wants'
p1287
I60
sS'aquellos'
p1288
I60
sS'lanes'
p1289
I60
sS'cobain'
p1290
I60
sS'creo'
p1291
I57
sS'novio.\xe2\x80\x94\xc2\xa1exacto'
p1292
I60
sS'jueves'
p1293
I60
sS'ella\xe2\x80\x94'
p1294
I60
sS'tomes'
p1295
I60
sS'those'
p1296
I58
sS'sound'
p1297
I58
sS'myself'
p1298
I58
sS'casa'
p1299
I60
sS'these'
p1300
I58
sS'\xc2\xbfte'
p1301
I60
sS'caso'
p1302
I60
sS'bola"'
p1303
I60
sS'cast'
p1304
I60
sS'mi;)'
p1305
I60
sS'pollo'
p1306
I60
sS'situation'
p1307
I60
sS'taking'
p1308
I60
sS'buen'
p1309
I60
sS'cigs'
p1310
I60
sS'encuentran'
p1311
I60
sS'twists'
p1312
I60
sS'mixtape'
p1313
I60
sS'llamamos\xe2\x80\x94pero'
p1314
I60
sS'middle'
p1315
I60
sS'someone'
p1316
I52
sS'juntos'
p1317
I60
sS'"new'
p1318
I60
sS'cumplir'
p1319
I60
sS'everyday'
p1320
I59
sS'worry'
p1321
I59
sS'alrightt..my'
p1322
I60
sS'different'
p1323
I60
sS'808s'
p1324
I60
sS'$20'
p1325
I60
sS'paz'
p1326
I60
sS'bowl'
p1327
I60
sS'same'
p1328
I59
sS'ya'
p1329
I46
sS'followers'
p1330
I59
sS'catfish'
p1331
I59
sS'hecho'
p1332
I60
sS'lodoun'
p1333
I60
sS'pan'
p1334
I59
sS'week'
p1335
I60
sS'favorited'
p1336
I60
sS'persona'
p1337
I58
sS'"k"'
p1338
I60
sS'drives'
p1339
I60
sS'weed'
p1340
I58
sS'running'
p1341
I59
sS'harris'
p1342
I60
sS'lions"'
p1343
I60
sS'tix'
p1344
I60
sS'cupcake'
p1345
I60
sS'totally'
p1346
I60
sS'mentally'
p1347
I60
sS'forever'
p1348
I60
sS'finalmente'
p1349
I60
sS'theater'
p1350
I59
sS'dying'
p1351
I60
sS'charges'
p1352
I60
sS'charger'
p1353
I60
sS'magical'
p1354
I60
sS'taunny'
p1355
I60
sS'without'
p1356
I56
sS'quedarme'
p1357
I60
sS'11'
p1358
I60
sS'sinner'
p1359
I60
sS'summer'
p1360
I59
sS'amarlo'
p1361
I60
sS'being'
p1362
I59
sS'money'
p1363
I57
sS'widit'
p1364
I60
sS'fuma'
p1365
I60
sS'sum1'
p1366
I60
sS'tipos'
p1367
I60
sS'verdad'
p1368
I56
sS'ps3'
p1369
I60
sS'blow'
p1370
I60
sS'death'
p1371
I58
sS'grounded'
p1372
I60
sS'hint'
p1373
I59
sS'thinking'
p1374
I59
sS'rose'
p1375
I60
sS"everyone's"
p1376
I60
sS'canciones'
p1377
I60
sS'except'
p1378
I60
sS'yaaaa'
p1379
I60
sS'mann'
p1380
I60
sS'lets'
p1381
I59
sS'setting'
p1382
I60
sS'pile'
p1383
I60
sS'4'
p1384
I55
sS'real'
p1385
I52
sS'around'
p1386
I52
sS'amo'
p1387
I55
sS'read'
p1388
I58
sS'por'
p1389
I41
sS'lado'
p1390
I59
sS'ame'
p1391
I60
sS'gonna'
p1392
I55
sS'early'
p1393
I60
sS'traffic'
p1394
I57
sS'mom'
p1395
I59
sS'tanto'
p1396
I57
sS'world'
p1397
I55
sS'lady'
p1398
I60
sS'rocky'
p1399
I60
sS'sanara'
p1400
I60
sS'territory'
p1401
I60
sS'verdadero'
p1402
I60
sS'oddly'
p1403
I60
sS'either'
p1404
I59
sS'occasions'
p1405
I60
sS'sorcerer'
p1406
I60
sS'volverme'
p1407
I60
sS'construcci\xc3\xb3n'
p1408
I60
sS'imagen'
p1409
I59
sS'pusha'
p1410
I60
sS'firrrstt'
p1411
I60
sS'excelentes'
p1412
I60
sS'table'
p1413
I60
sS'root'
p1414
I60
sS'mood'
p1415
I60
sS'slick'
p1416
I60
sS'stops'
p1417
I59
sS'moon'
p1418
I60
sS'ellie'
p1419
I60
sS'hipster'
p1420
I60
sS'dies'
p1421
I60
sS'911'
p1422
I60
sS'ser\xc3\xada'
p1423
I60
sS'hustle'
p1424
I60
sS'tiene'
p1425
I58
sS'welcome'
p1426
I60
sS'aguanto'
p1427
I60
sS'power'
p1428
I60
sS'm\xc3\xbasica'
p1429
I57
sS'dicen'
p1430
I58
sS'\xe2\x98\xba\xef\xb8\x8f\xe2\x98\xba\xef\xb8\x8f'
p1431
I60
sS'nails'
p1432
I60
sS'broken'
p1433
I60
sS'royale'
p1434
I60
sS';)'
p1435
I55
sS'throw'
p1436
I59
sS'on'
p1437
I18
sS'stone'
p1438
I60
sS'ok'
p1439
I57
sS'oh'
p1440
I54
sS'favorita'
p1441
I60
sS'of'
p1442
I16
sS'holaa'
p1443
I60
sS'"waiting'
p1444
I60
sS'favorite'
p1445
I58
sS'desvelada'
p1446
I60
sS'stand'
p1447
I60
sS'act'
p1448
I58
sS'or'
p1449
I47
sS'road'
p1450
I59
sS'howard'
p1451
I60
sS'ladies'
p1452
I58
sS'image'
p1453
I60
sS'blessed'
p1454
I60
sS'snapchat'
p1455
I59
sS'augustus'
p1456
I60
sS'rolling'
p1457
I60
sS'morir'
p1458
I59
sS'parties'
p1459
I60
sS"tryin'"
p1460
I60
sS'your'
p1461
I28
sS'unas'
p1462
I60
sS'fast'
p1463
I60
sS'staple\xe2\x80\xa6'
p1464
I60
sS"how's"
p1465
I59
sS'her'
p1466
I54
sS'bruto'
p1467
I60
sS'siento'
p1468
I60
sS'there'
p1469
I57
sS'madden'
p1470
I60
sS'lol'
p1471
I28
sS'los'
p1472
I37
sS'cats'
p1473
I60
sS'lot'
p1474
I57
sS'allergic'
p1475
I60
sS'homeboys'
p1476
I60
sS'survives'
p1477
I60
sS'l\xc3\xadnea'
p1478
I60
sS'dormir'
p1479
I59
sS'sabemos'
p1480
I60
sS'amongst'
p1481
I60
sS'sirve'
p1482
I60
sS'jut'
p1483
I60
sS'trying'
p1484
I55
sS'with'
p1485
I19
sS"they're"
p1486
I60
sS'hire'
p1487
I60
sS'ruso'
p1488
I60
sS"wasn't"
p1489
I60
sS'\xe2\x99\xa5'
p1490
I60
sS'tellin'
p1491
I60
sS'tiny'
p1492
I60
sS'dirty'
p1493
I60
sS'palabras\xc2\xbb'
p1494
I60
sS'281-450-0448'
p1495
I60
sS'gone'
p1496
I56
sS'entiende'
p1497
I59
sS'feliz'
p1498
I54
sS'am'
p1499
I54
sS'al'
p1500
I58
sS'mundo'
p1501
I57
sS'an'
p1502
I51
sS'salen'
p1503
I60
sS'ap'
p1504
I60
sS'as'
p1505
I58
sS'at'
p1506
I24
sS'pushing'
p1507
I60
sS'walks'
p1508
I60
sS'ay'
p1509
I60
sS'watched'
p1510
I58
sS'horse'
p1511
I60
sS'pase.\xe2\x80\x9d'
p1512
I60
sS'sebastiano'
p1513
I60
sS'film'
p1514
I51
sS'again'
p1515
I57
sS'idiot'
p1516
I60
sS'deserve'
p1517
I60
sS'graduate'
p1518
I60
sS'tight'
p1519
I60
sS'implied'
p1520
I60
sS'5'
p1521
I55
sS'besos'
p1522
I60
sS'someones'
p1523
I60
sS'announcements'
p1524
I60
sS'you'
p1525
I6
sS'trash'
p1526
I58
sS'sneezy'
p1527
I60
sS'obsessed'
p1528
I60
sS'spoilers'
p1529
I60
sS'teeth'
p1530
I60
sS'drift'
p1531
I60
sS'keepin'
p1532
I60
sS'important'
p1533
I59
sS'mariachis'
p1534
I60
sS'mentira'
p1535
I60
sS'llamadas'
p1536
I60
sS'deseo.\xe2\x80\x94quiero'
p1537
I60
sS'building'
p1538
I60
sS'kieu'
p1539
I60
sS'hmm'
p1540
I60
sS'thorn'
p1541
I60
sS'$35'
p1542
I60
sS'foamposits'
p1543
I60
sS'having'
p1544
I54
sS'calle'
p1545
I60
sS'posts'
p1546
I60
sS'u'
p1547
I56
sS'adam'
p1548
I59
sS'alright'
p1549
I60
sS's\xc3\xb3lo'
p1550
I57
sS'starting'
p1551
I60
sS'jaja'
p1552
I58
sS'all'
p1553
I36
sS'd\xc3\xb3nde'
p1554
I60
sS'forget'
p1555
I60
sS'mezclan'
p1556
I60
sS'dollar'
p1557
I60
sS'pta'
p1558
I60
sS'month'
p1559
I60
sS'ciudad'
p1560
I59
sS'commute'
p1561
I60
sS'talks'
p1562
I60
sS'follow'
p1563
I59
sS'habla'
p1564
I56
sS'apartment'
p1565
I60
sS'-a'
p1566
I60
sS'imma'
p1567
I59
sS'tu'
p1568
I35
sS'dedic\xc3\xa1rselas'
p1569
I60
sS'hablo'
p1570
I60
sS'to'
p1571
I5
sS'barrelimpia'
p1572
I60
sS'ti'
p1573
I50
sS'tf'
p1574
I60
sS'td'
p1575
I60
sS'te'
p1576
I31
sS'extra\xc3\x91o'
p1577
I60
sS"'wild"
p1578
I60
sS'woman'
p1579
I59
sS'estaba'
p1580
I60
sS'worse'
p1581
I60
sS'song'
p1582
I51
sS'very'
p1583
I58
sS'"royal'
p1584
I60
sS'fav'
p1585
I60
sS'fat'
p1586
I59
sS'hahahahahahaha'
p1587
I60
sS'bestia'
p1588
I60
sS'decide'
p1589
I60
sS'fall'
p1590
I59
sS'traer'
p1591
I60
sS'decido'
p1592
I60
sS'pueblo'
p1593
I60
sS'o\xc3\xadr'
p1594
I60
sS'mu\xcc\x81sica'
p1595
I60
sS'peor'
p1596
I60
sS'louis'
p1597
I60
sS'celebrity'
p1598
I60
sS'list'
p1599
I60
sS'aveces'
p1600
I59
sS'sana'
p1601
I58
sS'small'
p1602
I60
sS'blackout'
p1603
I60
sS"i'll"
p1604
I59
sS'navidad'
p1605
I60
sS'neighborhood'
p1606
I60
sS'pasa'
p1607
I57
sS'tea'
p1608
I60
sS'intentando'
p1609
I60
sS'streets'
p1610
I60
sS'tee'
p1611
I60
sS'past'
p1612
I59
sS'basura'
p1613
I60
sS'what'
p1614
I38
sS'stood'
p1615
I60
sS'sub'
p1616
I60
sS'witnessed'
p1617
I60
sS'diecisiete'
p1618
I60
sS'sun'
p1619
I58
sS'section'
p1620
I60
sS'resume'
p1621
I60
sS'sh***'
p1622
I60
sS'crush'
p1623
I59
sS'sus'
p1624
I60
sS'pecado'
p1625
I60
sS'molestan'
p1626
I60
sS'learned'
p1627
I60
sS'row'
p1628
I60
sS'protestan'
p1629
I60
sS'movement'
p1630
I59
sS'full'
p1631
I58
sS"c'mon"
p1632
I60
sS'certainly'
p1633
I60
sS'forgive'
p1634
I60
sS'maui'
p1635
I60
sS'p\xc3\xbablica'
p1636
I60
sS'aquello'
p1637
I60
sS'"parame'
p1638
I60
sS'tragedy'
p1639
I60
sS'brit\xc3\xa1nico'
p1640
I60
sS'experience'
p1641
I60
sS'pics'
p1642
I60
sS'sonri\xc3\xb3'
p1643
I60
sS'quite."'
p1644
I60
sS'90%'
p1645
I60
sS'action'
p1646
I60
sS'disneyland'
p1647
I60
sS'vic'
p1648
I60
sS'minutos'
p1649
I60
sS'via'
p1650
I59
sS'shuffle'
p1651
I60
sS'toya'
p1652
I60
sS'family'
p1653
I57
sS'me..waste'
p1654
I60
sS'palabras'
p1655
I58
sS'1946'
p1656
I60
sS'\xc3\xa9l'
p1657
I60
sS'ask'
p1658
I60
sS'dime"'
p1659
I60
sS'buenas'
p1660
I57
sS'otros'
p1661
I60
sS'corte'
p1662
I60
sS'laughable'
p1663
I60
sS'emoji'
p1664
I60
sS'environment'
p1665
I60
sS'two'
p1666
I59
sS'libros'
p1667
I60
sS'\xd0\x91\xd1\x83\xd1\x80\xd1\x80\xd0\xb8\xd1\x82\xd0\xbe'
p1668
I60
sS'diferente'
p1669
I59
sS'fea?\xe2\x80\x94preg\xc3\xbantale'
p1670
I60
sS'6'
p1671
I60
sS'taken'
p1672
I60
sS'sosteniendo'
p1673
I60
sS'more'
p1674
I56
sS'tryna'
p1675
I60
sS'throws'
p1676
I60
sS'door'
p1677
I60
sS'knows'
p1678
I59
sS'company'
p1679
I59
sS'mira'
p1680
I60
sS'"oe'
p1681
I60
sS"ain't"
p1682
I58
sS'basically'
p1683
I60
sS'broke'
p1684
I59
sS'dios'
p1685
I50
sS'smoker'
p1686
I60
sS'hurry'
p1687
I59
sS'lloras?\xe2\x80\x94todos'
p1688
I60
sS'hour'
p1689
I60
sS'strain'
p1690
I60
sS'created'
p1691
I60
sS'fa\xcc\x81cil'
p1692
I60
sS'malo'
p1693
I60
sS'4:00'
p1694
I60
sS'pressing'
p1695
I60
sS'del'
p1696
I47
sS'fallarte'
p1697
I60
sS'pleaseee'
p1698
I60
sS'mala'
p1699
I59
sS'beautiful'
p1700
I55
sS'division'
p1701
I60
sS'deber\xc3\xada'
p1702
I60
sS'accept'
p1703
I60
sS'\xe2\x98\x95\xef\xb8\x8f'
p1704
I60
sS'salty'
p1705
I59
sS'dress'
p1706
I60
sS'huge'
p1707
I60
sS'needs'
p1708
I60
sS'sits'
p1709
I60
sS'goal'
p1710
I59
sS'awkward'
p1711
I59
sS'leave..have'
p1712
I60
sS'acts'
p1713
I60
sS'fame'
p1714
I60
sS'needa'
p1715
I59
sS'plena'
p1716
I60
sS'buenos'
p1717
I57
sS'hugs'
p1718
I60
sS'okay'
p1719
I57
sS'bacall'
p1720
I60
sS'fv'
p1721
I60
sS'advice'
p1722
I60
sS'diferentes'
p1723
I60
sS'jajaja'
p1724
I58
sS'coming'
p1725
I59
sS'har\xc3\xada'
p1726
I60
sS'a'
p1727
I3
sS'linnie'
p1728
I60
sS'bien\xc2\xbfy'
p1729
I60
sS'parapatan'
p1730
I60
sS'chuta'
p1731
I60
sS'dormilonas'
p1732
I60
sS'extra\xc3\xb1ando'
p1733
I60
sS'deserted'
p1734
I60
sS'callback'
p1735
I60
sS'alphabet'
p1736
I60
sS'prop\xc3\xb3sito'
p1737
I60
sS'playing'
p1738
I59
sS"that's"
p1739
I50
sS'chicks'
p1740
I59
sS'mexican'
p1741
I60
sS'help'
p1742
I60
sS'gauges'
p1743
I60
sS"don't"
p1744
I39
sS'september'
p1745
I60
sS'comparten'
p1746
I60
sS'soon'
p1747
I56
sS'through'
p1748
I59
sS'celular'
p1749
I58
sS'tomarse'
p1750
I59
sS'hell'
p1751
I60
sS'its'
p1752
I57
sS'digan'
p1753
I60
sS'messed'
p1754
I60
sS'20'
p1755
I59
sS'>>'
p1756
I60
sS'done:)'
p1757
I60
sS'pray'
p1758
I60
sS'beyonce'
p1759
I60
sS'abbey'
p1760
I60
sS'actually'
p1761
I56
sS'sorprendio\xcc\x81'
p1762
I60
sS'pendertuga'
p1763
I60
sS'detected'
p1764
I60
sS'kfhdshbjk\xe2\x80\x9d'
p1765
I60
sS'argentina'
p1766
I59
sS'might'
p1767
I56
sS"haven't"
p1768
I59
sS'ecuatorianas'
p1769
I60
sS'good'
p1770
I41
sS'somebody'
p1771
I59
sS'yo'
p1772
I42
sS'food'
p1773
I59
sS'oigo'
p1774
I59
sS'yg'
p1775
I60
sS'falkor'
p1776
I59
sS'valorar'
p1777
I60
sS'miedo'
p1778
I60
sS"you've"
p1779
I60
sS'cargador'
p1780
I60
sS'subtitles'
p1781
I60
sS'mystery'
p1782
I60
sS':(\xe2\x80\x94soy'
p1783
I60
sS'always'
p1784
I48
sS'drake'
p1785
I59
sS'empiece'
p1786
I60
sS'm\xc3\xa1s'
p1787
I46
sS'tear'
p1788
I60
sS'todos'
p1789
I56
sS'found'
p1790
I60
sS'gusanito'
p1791
I60
sS"isn't"
p1792
I60
sS'everyone'
p1793
I57
sS'mental'
p1794
I60
sS'weight'
p1795
I60
sS'house'
p1796
I58
sS'energy'
p1797
I59
sS'hard'
p1798
I57
sS'idea'
p1799
I59
sS'accidentally'
p1800
I60
sS'toda'
p1801
I59
sS'finish'
p1802
I60
sS'expect'
p1803
I60
sS'sonre\xc3\xadr'
p1804
I60
sS'blues'
p1805
I60
sS'todo'
p1806
I56
sS'event'
p1807
I49
sS'really'
p1808
I46
sS'leave'
p1809
I58
sS'lovers'
p1810
I60
sS'missed'
p1811
I60
sS'significa'
p1812
I59
sS'basements'
p1813
I60
sS'robert'
p1814
I59
sS'since'
p1815
I59
sS'd\xc3\xadas"'
p1816
I60
sS'7'
p1817
I60
sS'ass'
p1818
I57
sS'wait...do'
p1819
I60
sS'timeline'
p1820
I60
sS'friday'
p1821
I57
sS'ingl\xc3\xa9s\xe2\x80\x94alto\xe2\x80\x94traduzca'
p1822
I60
sS'reason'
p1823
I60
sS'asf'
p1824
I59
sS'imagine'
p1825
I59
sS'put'
p1826
I57
sS'teach'
p1827
I60
sS'entonces'
p1828
I60
sS'beginning'
p1829
I60
sS'bendiga'
p1830
I57
sS'bullying'
p1831
I60
sS'terribly'
p1832
I60
sS'nosotros'
p1833
I60
sS'w'
p1834
I59
sS'apocalypse'
p1835
I60
sS'virgin'
p1836
I60
sS'siga'
p1837
I60
sS'dont'
p1838
I60
sS'feel'
p1839
I55
sS'knocking'
p1840
I60
sS'number'
p1841
I59
sS'feet'
p1842
I60
sS'cada'
p1843
I59
sS'1874'
p1844
I60
sS'done'
p1845
I59
sS'"eva'
p1846
I60
sS'despertarme'
p1847
I60
sS'miss'
p1848
I55
sS"you'd"
p1849
I60
sS'guess'
p1850
I60
sS'"'
p1851
I60
sS'esas'
p1852
I59
sS'answer....it'
p1853
I60
sS'least'
p1854
I59
sS'luchar'
p1855
I60
sS'obligatory'
p1856
I60
sS'contra'
p1857
I59
sS'station'
p1858
I58
sS'undies'
p1859
I60
sS'party/club'
p1860
I60
sS'scheme'
p1861
I60
sS'ecuador'
p1862
I53
sS'option'
p1863
I60
sS'para'
p1864
I46
sS'you\xe2\x80\x9d'
p1865
I60
sS'zeus'
p1866
I60
sS'part'
p1867
I59
sS'jordan'
p1868
I60
sS'\xe2\x80\x94nivel'
p1869
I60
sS'siguiente'
p1870
I60
sS'fotograf\xc3\xada'
p1871
I60
sS'believe'
p1872
I57
sS'1914'
p1873
I60
sS'explodes'
p1874
I60
sS'obama'
p1875
I60
sS'king'
p1876
I60
sS'kind'
p1877
I58
sS'b'
p1878
I59
sS'jajajajaj\xc3\x81'
p1879
I60
sS'bitter'
p1880
I60
sS'supposed'
p1881
I59
sS'"bird'
p1882
I56
sS'mickey'
p1883
I60
sS'outta'
p1884
I60
sS'\xe2\x8f\xb3\xe2\x9c\x82\xef\xb8\x8f'
p1885
I60
sS'cabello'
p1886
I59
sS'ummm'
p1887
I60
sS'aburrida'
p1888
I58
sS'graffiti'
p1889
I60
sS'enamor\xc3\xa1ndome'
p1890
I60
sS'importa'
p1891
I60
sS'aburrido'
p1892
I60
sS'sell'
p1893
I60
sS'enserio'
p1894
I53
sS'nights'
p1895
I59
sS'relationship'
p1896
I60
sS'dancing'
p1897
I60
sS'lil'
p1898
I57
sS'self'
p1899
I60
sS'micheladas'
p1900
I60
sS'willy'
p1901
I60
sS'lit'
p1902
I60
sS'also'
p1903
I58
sS'contradicen'
p1904
I60
sS'lip'
p1905
I60
sS'pasas'
p1906
I60
sS'yeahh'
p1907
I59
sS'finding'
p1908
I60
sS'nuestras'
p1909
I60
sS'brace'
p1910
I60
sS'llevarme'
p1911
I60
sS'play'
p1912
I54
sS'apoyar'
p1913
I60
sS'tuve'
p1914
I59
sS'eater'
p1915
I60
sS'reunited'
p1916
I60
sS'react'
p1917
I60
sS'most'
p1918
I57
sS'encantas'
p1919
I60
sS'plan'
p1920
I58
sS'eaten'
p1921
I60
sS'position'
p1922
I60
sS'nothing'
p1923
I57
sS'11:11'
p1924
I59
sS'ser\xc3\xa1n'
p1925
I60
sS'no...the'
p1926
I60
sS'grams'
p1927
I60
sS'cigarrillo'
p1928
I60
sS'mobile'
p1929
I60
sS'sometimes'
p1930
I56
sS'cover'
p1931
I60
sS'sienten."'
p1932
I60
sS'\xe2\x98\x80\xef\xb8\x8f'
p1933
I60
sS'weigh'
p1934
I60
sS'1912'
p1935
I60
sS'enamoras'
p1936
I60
sS'superar'
p1937
I59
sS'scattered'
p1938
I60
sS'carne'
p1939
I60
sS'comenzar'
p1940
I60
sS'weho'
p1941
I60
sS'relation'
p1942
I60
sS'shitty'
p1943
I60
sS'headlines'
p1944
I60
sS'derby....my'
p1945
I60
sS'fine'
p1946
I59
sS'find'
p1947
I58
sS'bananas'
p1948
I60
sS'idiota'
p1949
I60
sS'giant'
p1950
I60
sS'$5'
p1951
I60
sS'contaminaci\xc3\xb3n'
p1952
I60
sS'chiquita'
p1953
I60
sS'idiots'
p1954
I60
sS'wayne'
p1955
I60
sS'pretty'
p1956
I56
sS'8'
p1957
I60
sS'darwin'
p1958
I60
sS'porque'
p1959
I55
sS'"good'
p1960
I60
sS'his'
p1961
I58
sS'hit'
p1962
I59
sS'sunny'
p1963
I60
sS'ahmed'
p1964
I60
sS'vuelven'
p1965
I60
sS'famous'
p1966
I60
sS'feels'
p1967
I59
sS'grew'
p1968
I60
sS'rest'
p1969
I60
sS'him'
p1970
I56
sS'dejarlo'
p1971
I60
sS'cr\xc3\xa9eme'
p1972
I60
sS'sanas'
p1973
I60
sS'common'
p1974
I60
sS'hype'
p1975
I60
sS'kill'
p1976
I56
sS'ph'
p1977
I60
sS'\xc3\x91aaaa'
p1978
I60
sS'bars'
p1979
I60
sS'set'
p1980
I59
sS'ser'
p1981
I55
sS'luxury'
p1982
I60
sS'intelligence'
p1983
I60
sS'sol"'
p1984
I60
sS'so\xcc\x81lo'
p1985
I59
sS'kilos'
p1986
I60
sS'see'
p1987
I42
sS'are'
p1988
I29
sS'close'
p1989
I59
sS'"buenos'
p1990
I60
sS'fullscreen'
p1991
I60
sS'lauren'
p1992
I60
sS'hungry"'
p1993
I60
sS'probable'
p1994
I60
sS":')"
p1995
I60
sS'pictures'
p1996
I58
sS'positivity'
p1997
I59
sS'please'
p1998
I57
sS'apologetically*"its'
p1999
I60
sS'fans'
p2000
I60
sS'paisa'
p2001
I60
sS'confianza'
p2002
I60
sS'envelopes'
p2003
I60
sS'crema'
p2004
I60
sS'probably'
p2005
I60
sS"other's"
p2006
I60
sS'nope'
p2007
I59
sS'knowing'
p2008
I60
sS'solo'
p2009
I60
sS'perfecto.\xe2\x80\x94s\xc3\xad'
p2010
I60
sS'makeup'
p2011
I60
sS'sola'
p2012
I60
sS'pepsi'
p2013
I60
sS'franchise'
p2014
I60
sS'pissed'
p2015
I60
sS'last'
p2016
I51
sS'soldado'
p2017
I59
sS'foreign'
p2018
I59
sS'shitt'
p2019
I60
sS'punk-rock'
p2020
I60
sS'da\xc3\xb1e'
p2021
I60
sS'focused'
p2022
I60
sS'alegria'
p2023
I60
sS'cierto'
p2024
I60
sS'bell'
p2025
I60
sS'simple'
p2026
I59
sS'sweet'
p2027
I58
sS'juntas'
p2028
I58
sS'leon'
p2029
I60
sS"hadn't"
p2030
I60
sS'church'
p2031
I60
sS'cruzar'
p2032
I60
sS'expensive'
p2033
I60
sS'pr'
p2034
I60
sS'raise'
p2035
I60
sS'teacher'
p2036
I60
sS'damn'
p2037
I58
sS'dem\xc3\xa1s...\xe2\x80\x94te'
p2038
I60
sS'dormida'
p2039
I60
sS'meeting'
p2040
I58
sS'whoa'
p2041
I59
sS'woke'
p2042
I60
sS'pm'
p2043
I60
sS'hawaiian"'
p2044
I60
sS'lived'
p2045
I60
sS'fire'
p2046
I59
sS'contenta'
p2047
I60
sS"what's"
p2048
I57
sS'transferring'
p2049
I60
sS'deberi\xcc\x81a'
p2050
I59
sS'else'
p2051
I57
sS'cinco'
p2052
I60
sS'understand'
p2053
I59
sS'towns'
p2054
I60
sS'look'
p2055
I53
sS'getttt'
p2056
I60
sS'antojo'
p2057
I60
sS'"do'
p2058
I60
sS'bill'
p2059
I60
sS'\xc3\xa1nimo'
p2060
I60
sS'forgetting'
p2061
I60
sS'ok."'
p2062
I60
sS'fue'
p2063
I59
sS'duran'
p2064
I60
sS'error'
p2065
I60
sS'fun'
p2066
I58
sS'megalodon'
p2067
I60
sS'robin'
p2068
I59
sS'sriracha'
p2069
I60
sS'cuenta."\xe2\x80\x9d'
p2070
I60
sS'<3'
p2071
I60
sS'sabi\xcc\x81a'
p2072
I60
sS'rip'
p2073
I58
sS'grandes'
p2074
I60
sS'busca'
p2075
I60
sS'ready'
p2076
I58
sS'\xe2\x80\x94abuelita'
p2077
I60
sS'kings'
p2078
I60
sS'coca-cola'
p2079
I60
sS'voz'
p2080
I60
sS'ingles-alto-tradusca'
p2081
I60
sS"donbwelch's"
p2082
I59
sS'"fiesta"-ayer'
p2083
I60
sS'barney'
p2084
I60
sS'italy'
p2085
I60
sS'shirt'
p2086
I60
sS'anymore'
p2087
I59
sS'puig'
p2088
I60
sS'\xee\x90\x8e.\xe2\x80\x9d'
p2089
I60
sS'grand'
p2090
I60
sS'itchy'
p2091
I60
sS'mandarina"'
p2092
I60
sS'reselling'
p2093
I60
sS'caes'
p2094
I58
sS'used'
p2095
I58
sS'temporary'
p2096
I60
sS'dime'
p2097
I60
sS'qu\xc3\xadtame'
p2098
I60
sS'yesterday'
p2099
I59
sS'moment'
p2100
I58
sS'moving'
p2101
I59
sS'vargas'
p2102
I60
sS'bob'
p2103
I60
sS'sitio'
p2104
I60
sS'older'
p2105
I60
sS'mobb'
p2106
I60
sS'anybody'
p2107
I60
sS'conversar'
p2108
I60
sS'grind'
p2109
I60
sS'person'
p2110
I59
sS'y'
p2111
I22
sS'regaste'
p2112
I60
sS'chemistry'
p2113
I58
sS'spend'
p2114
I59
sS'incluso'
p2115
I60
sS'listening'
p2116
I58
sS'quarters'
p2117
I59
sS'domingos'
p2118
I60
sS'sonrisas'
p2119
I60
sS'alpes'
p2120
I60
sS'cut'
p2121
I60
sS'"cute"'
p2122
I60
sS'cup'
p2123
I59
sS'marrying'
p2124
I60
sS'extra'
p2125
I60
sS'respeta'
p2126
I60
sS'arriba'
p2127
I60
sS'parents'
p2128
I60
sS'abrazos'
p2129
I60
sS'm\xc3\xa1tate'
p2130
I60
sS'homies'
p2131
I60
sS'snap'
p2132
I60
sS'excited'
p2133
I59
sS'surprised'
p2134
I60
sS'hater'
p2135
I60
sS'mujer'
p2136
I55
sS'luchar.\xc2\xbb'
p2137
I60
sS'big'
p2138
I57
sS'couple'
p2139
I58
sS'triste'
p2140
I60
sS'd\xc3\xadas:)'
p2141
I60
sS'matters'
p2142
I60
sS'game'
p2143
I59
sS'volver'
p2144
I60
sS'bit'
p2145
I60
sS'sencillamente'
p2146
I60
sS'afrontar'
p2147
I60
sS'ily'
p2148
I60
sS'lost'
p2149
I60
sS'semi'
p2150
I60
sS'alguien'
p2151
I50
sS'ignora'
p2152
I60
sS'cosas."'
p2153
I60
sS'popular'
p2154
I60
sS'roscoes'
p2155
I58
sS'names'
p2156
I60
sS'colita'
p2157
I60
sS'-nivel'
p2158
I60
sS'fucking'
p2159
I58
sS'semana'
p2160
I59
sS'some'
p2161
I49
sS'back'
p2162
I56
sS'lips'
p2163
I60
sS'pack'
p2164
I60
sS'*falkor'
p2165
I60
sS'bater\xc3\xada'
p2166
I60
sS'madrina'
p2167
I60
sS'decision'
p2168
I60
sS'prop'
p2169
I56
sS'algunas'
p2170
I60
sS'behave'
p2171
I60
sS'pee'
p2172
I59
sS'pela'
p2173
I60
sS't'
p2174
I60
sS'be'
p2175
I31
sS'atenci\xc3\xb3n'
p2176
I60
sS'eating'
p2177
I59
sS'verlo'
p2178
I60
sS'suceden'
p2179
I60
sS'juju'
p2180
I59
sS'step'
p2181
I59
sS'boxes'
p2182
I60
sS'kam'
p2183
I60
sS'usc'
p2184
I60
sS'by'
p2185
I57
sS'faith'
p2186
I60
sS'a\xc3\xb1os'
p2187
I60
sS'veces'
p2188
I57
sS'amado'
p2189
I60
sS'8pm'
p2190
I60
sS'netflix'
p2191
I60
sS'fea'
p2192
I60
sS'truck'
p2193
I60
sS'prefieren'
p2194
I59
sS'aye'
p2195
I60
sS'idk'
p2196
I59
sS'pudiera'
p2197
I60
sS'flying\xe2\x9c\xa8'
p2198
I60
sS'trata'
p2199
I60
sS'wanna'
p2200
I57
sS'angry'
p2201
I60
sS'gamma'
p2202
I60
sS'"ya'
p2203
I59
sS'seeing'
p2204
I58
sS'canci\xc3\xb3n'
p2205
I60
sS'buena'
p2206
I60
sS'dude'
p2207
I59
sS'into'
p2208
I54
sS'camisapor'
p2209
I60
sS'because'
p2210
I54
sS'drifted'
p2211
I60
sS'chiste'
p2212
I60
sS'trates'
p2213
I60
sS'smells'
p2214
I60
sS'...a'
p2215
I60
sS'story'
p2216
I60
sS'pocos'
p2217
I60
sS'question'
p2218
I59
sS'live'
p2219
I57
sS'long'
p2220
I58
sS't\xc3\xad'
p2221
I60
sS"we're"
p2222
I58
sS't\xc3\xa9'
p2223
I60
sS'forward'
p2224
I59
sS'bored'
p2225
I58
sS'poder'
p2226
I60
sS'guys...he'
p2227
I60
sS'pastor'
p2228
I59
sS'boys'
p2229
I59
sS'rog\xc3\xa1ndote'
p2230
I60
sS':((((((('
p2231
I60
sS'familia'
p2232
I60
sS'boyz'
p2233
I59
sS'serio'
p2234
I60
sS'dull'
p2235
I60
sS'info'
p2236
I60
sS'corvina'
p2237
I60
sS'fries'
p2238
I60
sS"hasn't"
p2239
I60
sS'us'
p2240
I59
sS'ur'
p2241
I60
sS'un'
p2242
I39
sS'uh'
p2243
I60
sS'planes'
p2244
I60
sS'anitamc8'
p2245
I60
sS't\xc3\xadpico'
p2246
I60
sS'freak'
p2247
I60
sS'stick'
p2248
I60
sS'showtime'
p2249
I60
sS'metal'
p2250
I60
sS'necesita'
p2251
I60
sS'--->'
p2252
I60
sS'basterds'
p2253
I60
sS'alardea'
p2254
I60
sS'nah'
p2255
I59
sS'kills'
p2256
I60
sS'cuenta'
p2257
I60
sS'parados'
p2258
I60
sS'freestyle'
p2259
I60
sS'definitely'
p2260
I60
sS'naw'
p2261
I60
sS'twact'
p2262
I59
sS'inglorious'
p2263
I60
sS'nice'
p2264
I56
sS'noche'
p2265
I58
sS'problems'
p2266
I59
sS'divertidas'
p2267
I60
sS'lunch'
p2268
I60
sS'sucedi\xc3\xb3'
p2269
I60
sS'visita'
p2270
I60
sS'problema'
p2271
I60
sS'ago'
p2272
I53
sS'btw"'
p2273
I60
sS'lana'
p2274
I60
sS'dvd'
p2275
I60
sS'age'
p2276
I60
sS'muchos'
p2277
I59
sS'walked'
p2278
I60
sS'feud'
p2279
I60
sS'soekarno'
p2280
I60
sS'2001'
p2281
I59
sS'came'
p2282
I60
sS'far'
p2283
I59
sS"she's"
p2284
I60
sS'creer\xc2\xbb'
p2285
I60
sS'hello'
p2286
I59
sS'once'
p2287
I58
sS'edc'
p2288
I60
sS'wrestle'
p2289
I60
sS'ataque'
p2290
I60
sS'hablen'
p2291
I60
sS'resistance'
p2292
I60
sS'steve'
p2293
I60
sS'"sali\xc3\xb3'
p2294
I60
sS'ajeno'
p2295
I60
sS'go'
p2296
I45
sS'chillin'
p2297
I58
sS'cody'
p2298
I60
sS'reemplaza'
p2299
I60
sS'simon'
p2300
I60
sS'alone...........like'
p2301
I60
sS'young'
p2302
I57
sS'send'
p2303
I60
sS'pongo'
p2304
I60
sS'blaze'
p2305
I60
sS'var\xc3\xb3n'
p2306
I60
sS'late'
p2307
I59
sS'bendice'
p2308
I60
sS'fatal'
p2309
I60
sS'sent'
p2310
I60
sS'breathing'
p2311
I59
sS'outside'
p2312
I60
sS'"little'
p2313
I60
sS'kitty'
p2314
I60
sS'screwed'
p2315
I60
sS'putting'
p2316
I60
sS'exclamacio\xcc\x81n'
p2317
I60
sS'drinking'
p2318
I59
sS'bonitas'
p2319
I60
sS'damn...the'
p2320
I60
sS'gettin'
p2321
I59
sS'try'
p2322
I56
sS'race'
p2323
I60
sS'p-l-a-y-e-r'
p2324
I60
sS'state2)'
p2325
I60
sS'carter'
p2326
I60
sS'wooooooooooo'
p2327
I60
sS'yourself'
p2328
I60
sS'est\xc3\xa1'
p2329
I59
sS'chomp'
p2330
I59
sS'jump'
p2331
I59
sS'video'
p2332
I59
sS'niggaz'
p2333
I60
sS"outkast's"
p2334
I60
sS'download'
p2335
I60
sS'madurar'
p2336
I60
sS'acid'
p2337
I60
sS'odd'
p2338
I60
sS'sausage'
p2339
I60
sS'business'
p2340
I60
sS'celt'
p2341
I60
sS'falcons'
p2342
I60
sS'med'
p2343
I60
sS'asap'
p2344
I60
sS'enamoran'
p2345
I60
sS'lmfao'
p2346
I60
sS'waiting'
p2347
I56
sS'corazones'
p2348
I60
sS'playa'
p2349
I60
sS'indirectas'
p2350
I59
sS'exercise'
p2351
I60
sS'body'
p2352
I60
sS'leg'
p2353
I57
sS'apologetic'
p2354
I60
sS'\xe2\x80\x94yo'
p2355
I60
sS'les'
p2356
I55
sS'let'
p2357
I52
sS'sexy'
p2358
I60
sS'prefiero'
p2359
I59
sS'extra\xc3\xb1o'
p2360
I57
sS'leggings'
p2361
I60
sS'great'
p2362
I53
sS'casino'
p2363
I60
sS'titanic'
p2364
I60
sS'35'
p2365
I60
sS'leaving'
p2366
I60
sS'locuras'
p2367
I60
sS'makes'
p2368
I59
sS'ocasio\xcc\x81n'
p2369
I60
sS'thats'
p2370
I60
sS'claro'
p2371
I59
sS'esquinas'
p2372
I60
sS'beijing'
p2373
I60
sS'win'
p2374
I60
sS'quererte'
p2375
I60
sS'siro'
p2376
I60
sS'hrs'
p2377
I60
sS'palabra'
p2378
I60
sS'ser\xc3\xa1'
p2379
I60
sS'etc.etc'
p2380
I60
sS'hahahaha...that'
p2381
I60
sS'sugar'
p2382
I60
sS'singing'
p2383
I60
sS'wiz'
p2384
I60
sS'corrupted'
p2385
I60
sS'dejar'
p2386
I59
sS'use'
p2387
I60
sS'from'
p2388
I54
sS'usa'
p2389
I57
sS'&'
p2390
I48
sS'remains'
p2391
I60
sS'feo'
p2392
I59
sS'fuerzas'
p2393
I60
sS'auburn4)'
p2394
I60
sS'next'
p2395
I60
sS'frida'
p2396
I60
sS'start'
p2397
I60
sS'sunday+family=funday'
p2398
I60
sS'"tu'
p2399
I60
sS'gon'
p2400
I60
sS'babe'
p2401
I58
sS'halloween'
p2402
I60
sS'impress'
p2403
I60
sS'sister'
p2404
I60
sS'cooperate'
p2405
I60
sS'sore'
p2406
I60
sS'baby'
p2407
I59
sS'problemas."'
p2408
I60
sS'women'
p2409
I60
sS'temprano'
p2410
I60
sS'bye.\xe2\x80\x94'
p2411
I60
sS'unarmed'
p2412
I60
sS'this'
p2413
I20
sS'ride'
p2414
I59
sS'hopkins'
p2415
I60
sS'crumbcake'
p2416
I60
sS'meet'
p2417
I60
sS'closing'
p2418
I60
sS'tampoco'
p2419
I60
sS'oe'
p2420
I60
sS'sabe'
p2421
I58
sS'hip'
p2422
I60
sS'loca'
p2423
I60
sS'snacks'
p2424
I60
sS'discussed'
p2425
I60
sS'tax'
p2426
I60
sS'loco'
p2427
I60
sS'high'
p2428
I60
sS'sentimientos'
p2429
I59
sS'heaving'
p2430
I60
sS'something'
p2431
I59
sS'fumando'
p2432
I60
sS'crespi'
p2433
I60
sS'musical"'
p2434
I60
sS'tan'
p2435
I55
sS'tah'
p2436
I60
sS'r\xc3\xado'
p2437
I59
sS'taj'
p2438
I60
sS'comes'
p2439
I60
sS'lame'
p2440
I60
sS'andaba'
p2441
I60
sS'9a7'
p2442
I60
sS'six'
p2443
I59
sS'poetry'
p2444
I60
sS'fortunate'
p2445
I60
sS'carrier'
p2446
I60
sS'animal'
p2447
I60
sS'cual'
p2448
I60
sS'instead'
p2449
I60
sS'sin'
p2450
I60
sS'niall'
p2451
I60
sS'especial'
p2452
I60
sS'change.because'
p2453
I60
sS'1889'
p2454
I60
sS'taco'
p2455
I59
sS'reggie'
p2456
I60
sS't\xc3\xba?\xe2\x80\x94'
p2457
I60
sS'nadando'
p2458
I60
sS'tats'
p2459
I60
sS'22nd'
p2460
I60
sS'whistle'
p2461
I60
sS'documentary'
p2462
I60
sS'9am'
p2463
I60
sS'primera'
p2464
I60
sS'bakery'
p2465
I60
sS'noches'
p2466
I58
sS'mustache'
p2467
I60
sS'primero'
p2468
I60
sS'ti?la'
p2469
I60
sS'fresno'
p2470
I60
sS'move'
p2471
I60
sS'alzaba'
p2472
I60
sS'durmiendo'
p2473
I59
sS'bolon'
p2474
I60
sS"won't"
p2475
I57
sS'looks'
p2476
I59
sS'amargadoo'
p2477
I60
sS'happiest'
p2478
I60
sS'mejores'
p2479
I58
sS'underwater'
p2480
I60
sS'le'
p2481
I53
sS'dungy'
p2482
I60
sS'la'
p2483
I15
sS'lo'
p2484
I30
sS'twistin'
p2485
I60
sS'superooo'
p2486
I60
sS'[pic]'
p2487
I60
sS'world"'
p2488
I60
sS'squadup'
p2489
I60
sS'orange'
p2490
I59
sS'2014'
p2491
I60
sS'bye'
p2492
I59
sS'dad'
p2493
I57
sS'video?"'
p2494
I60
sS'nada'
p2495
I55
sS'fiesta'
p2496
I57
sS'dike'
p2497
I60
sS'puente'
p2498
I60
sS'dat'
p2499
I60
sS'flash'
p2500
I60
sS'afortunada'
p2501
I60
sS'kiss'
p2502
I58
sS'das'
p2503
I60
sS'day'
p2504
I51
sS'chavela'
p2505
I60
sS'importante'
p2506
I60
sS'recuerda'
p2507
I60
sS'cre\xc3\xadas'
p2508
I60
sS'done...are'
p2509
I60
sS'doesnt'
p2510
I60
sS'anarchy'
p2511
I60
sS'bills'
p2512
I60
sS"ya'll"
p2513
I60
sS'pides'
p2514
I60
sS'modo'
p2515
I60
sS'skate'
p2516
I60
sS'imagino'
p2517
I60
sS'bueno'
p2518
I60
sS'drizzy'
p2519
I60
sS'doing'
p2520
I59
sS'adventure'
p2521
I60
sS'strip'
p2522
I60
sS'700'
p2523
I60
sS'related'
p2524
I60
sS'8%'
p2525
I60
sS'alaska'
p2526
I60
sS'our'
p2527
I54
sS'gracias.\xe2\x80\x94'
p2528
I60
sS'special'
p2529
I59
sS'out'
p2530
I38
sS'rey'
p2531
I58
sS'bag'
p2532
I60
sS'cerebral'
p2533
I60
sS'boutique'
p2534
I60
sS'co\xcc\x81mo'
p2535
I60
sS'as\xc3\xad'
p2536
I56
sS'2.doa3'
p2537
I60
sS'mata'
p2538
I60
sS'termine'
p2539
I60
sS'cause'
p2540
I55
sS'time"'
p2541
I60
sS'afford'
p2542
I60
sS'eww'
p2543
I60
sS'shut'
p2544
I60
sS'shuu'
p2545
I60
sS"one'cause"
p2546
I60
sS'que'
p2547
I7
sS'york'
p2548
I60
sS'saving'
p2549
I60
sS'obliteration'
p2550
I60
sS'princess'
p2551
I60
sS'azotea'
p2552
I60
sS'bam'
p2553
I60
sS'yard'
p2554
I60
sS'g'
p2555
I60
sS'could'
p2556
I55
sS'skateboard'
p2557
I60
sS'times'
p2558
I60
sS'hence'
p2559
I60
sS'anita'
p2560
I60
sS'b***'
p2561
I60
sS'poquito'
p2562
I60
sS'tallarin'
p2563
I60
sS'wayyy'
p2564
I60
sS'jesus'
p2565
I58
sS'phil'
p2566
I60
sS'bitch'
p2567
I54
sS'chocodile'
p2568
I60
sS'quality'
p2569
I60
sS'beso'
p2570
I60
sS"you're"
p2571
I54
sS"love'"
p2572
I60
sS':))'
p2573
I60
sS'laps'
p2574
I60
sS'cerca'
p2575
I60
sS'realidad'
p2576
I60
sS'system'
p2577
I60
sS'their'
p2578
I59
sS'attack'
p2579
I60
sS'capaz'
p2580
I60
sS'chromolume'
p2581
I60
sS'palestina'
p2582
I60
sS'lapd'
p2583
I59
sS'enforcement'
p2584
I60
sS'ma\xcc\x81s'
p2585
I60
sS'pidas'
p2586
I60
sS'switchin'
p2587
I60
sS'lista'
p2588
I60
sS'institution'
p2589
I60
sS'neck'
p2590
I60
sS'loved'
p2591
I59
sS'"ash"'
p2592
I60
sS'bother'
p2593
I60
sS'bed'
p2594
I58
sS'bet'
p2595
I60
sS'llamar\xc3\xa9'
p2596
I60
sS'tabs'
p2597
I60
sS'ni\xc3\xb1a'
p2598
I60
sS'spelled'
p2599
I60
sS'comfortable'
p2600
I60
sS'tonight'
p2601
I60
sS'ecuadorian'
p2602
I60
sS'spicy'
p2603
I60
sS'corona'
p2604
I60
sS'have'
p2605
I31
sS'need'
p2606
I53
sS'clearly'
p2607
I60
sS'alaska"'
p2608
I60
sS'mil'
p2609
I60
sS'dallas'
p2610
I60
sS'mia'
p2611
I60
sS'studying'
p2612
I60
sS'probly'
p2613
I60
sS'able'
p2614
I58
sS'mid'
p2615
I60
sS'waffles'
p2616
I60
sS'which'
p2617
I60
sS'lindo'
p2618
I57
sS'linda'
p2619
I59
sS'mis'
p2620
I56
sS'masta'
p2621
I60
sS'ahogada'
p2622
I60
sS'manos'
p2623
I60
sS'aww'
p2624
I60
sS'who'
p2625
I50
sS"where's"
p2626
I60
sS'duele'
p2627
I59
sS'tired'
p2628
I60
sS'why'
p2629
I43
sS'khalifas'
p2630
I60
sS'segura'
p2631
I59
sS'malos'
p2632
I60
sS'seguro'
p2633
I60
sS'brea'
p2634
I57
sS'face'
p2635
I54
sS'est\xc3\xa1n'
p2636
I60
sS"you'll"
p2637
I57
sS'se'
p2638
I43
sS'aqu\xc3\xad'
p2639
I58
sS'movie'
p2640
I57
sS'skinny'
p2641
I60
sS'\xc2\xbfalguien'
p2642
I59
sS'wow'
p2643
I59
sS'kodaline'
p2644
I60
sS'dijo'
p2645
I60
sS"one'"
p2646
I60
sS'dieron'
p2647
I60
sS'text'
p2648
I57
sS'dije'
p2649
I59
sS'brother'
p2650
I60
sS'watch'
p2651
I60
sS'bring'
p2652
I58
sS'12s'
p2653
I60
sS'parked'
p2654
I60
sS'va'
p2655
I60
sS'guerra'
p2656
I60
sS'tira'
p2657
I60
sS'pause'
p2658
I60
sS'based'
p2659
I60
sS'posting'
p2660
I60
sS'giants'
p2661
I60
sS'('
p2662
I57
sS'winner'
p2663
I60
sS'bien'
p2664
I53
sS'should'
p2665
I51
sS"anyone's"
p2666
I60
sS'pensar'
p2667
I60
sS'libro'
p2668
I60
sS'hope'
p2669
I57
sS'meant'
p2670
I59
sS'sued'
p2671
I60
sS'handle'
p2672
I59
sS'listened'
p2673
I58
sS'watching'
p2674
I59
sS'familiar'
p2675
I60
sS'flirting'
p2676
I60
sS'lucky'
p2677
I59
sS'tbh'
p2678
I60
sS'"amor'
p2679
I60
sS'besari\xcc\x81a'
p2680
I60
sS'vayas'
p2681
I60
sS'ended'
p2682
I60
sS'shopping'
p2683
I60
sS'golfo'
p2684
I60
sS'rapper'
p2685
I60
sS'radio>>>'
p2686
I60
sS'summer//calvin'
p2687
I60
sS'ganas'
p2688
I58
sS'she'
p2689
I52
sS'gran'
p2690
I59
sS'glendale'
p2691
I60
sS'"pyyyeeeeaaah"'
p2692
I60
sS'llora'
p2693
I60
sS'costume'
p2694
I60
sS'"that'
p2695
I60
sS'btw'
p2696
I60
sS'j'
p2697
I60
sS'puddle'
p2698
I60
sS'reiterate'
p2699
I60
sS'skateboarding'
p2700
I60
sS'adolescentes'
p2701
I58
sS'packed'
p2702
I60
sS'closer'
p2703
I59
sS'tripping'
p2704
I60
sS'cole'
p2705
I60
sS'closet'
p2706
I60
sS'supera'
p2707
I59
sS'favor'
p2708
I58
sS'state'
p2709
I59
sS'melrose'
p2710
I59
sS'closed'
p2711
I60
sS'horrible'
p2712
I60
sS'calvin'
p2713
I60
sS'bought'
p2714
I59
sS'perfect'
p2715
I58
sS'frente'
p2716
I60
sS'opening'
p2717
I59
sS'thifa'
p2718
I59
sS'job'
p2719
I55
sS'vrg'
p2720
I60
sS'commin'
p2721
I60
sS'contigo'
p2722
I60
sS'outfit'
p2723
I60
sS'aqui'
p2724
I60
sS'joke'
p2725
I59
sS'despierto'
p2726
I58
sS'conmigo'
p2727
I60
sS'drug'
p2728
I60
sS'tlc'
p2729
I60
sS'etc'
p2730
I60
sS'v\xc3\xaddeos'
p2731
I60
sS'"sexy"'
p2732
I60
sS'interesting'
p2733
I60
sS'devuelven'
p2734
I60
sS'1926'
p2735
I60
sS'm\xc3\x9asica'
p2736
I60
sS'hehehe'
p2737
I60
sS'ficci\xc3\xb3n'
p2738
I60
sS'toilet'
p2739
I60
sS'tuesday'
p2740
I60
sS'funcollecting'
p2741
I60
sS'bikini'
p2742
I60
sS'walk'
p2743
I59
sS'librepensadoras'
p2744
I60
sS'adding'
p2745
I60
sS'laugh'
p2746
I59
sS'respect'
p2747
I59
sS'nostalgic'
p2748
I60
sS'amigo'
p2749
I57
sS'yay'
p2750
I59
sS'fun.almost'
p2751
I60
sS'faltan'
p2752
I60
sS"it's"
p2753
I31
sS'hoe'
p2754
I60
sS'(hq)'
p2755
I60
sS'apologize'
p2756
I60
sS'ak-47'
p2757
I60
sS'motherfuck'
p2758
I60
sS'"i\'m'
p2759
I60
sS'infinitamente'
p2760
I59
sS'waste'
p2761
I60
sS'montones'
p2762
I60
sS'precioso\xe2\x9d\xa4\xef\xb8\x8f\xe2\x9d\xa4\xef\xb8\x8f\xe2\x9d\xa4\xef\xb8\x8f'
p2763
I60
sS'\xd0\xbb\xd0\xbe\xd0\xbb'
p2764
I60
sS'finished'
p2765
I60
sS'deep'
p2766
I60
sS'covered'
p2767
I60
sS'smoking'
p2768
I60
sS'homer'
p2769
I60
sS'hahahahahahaa'
p2770
I60
sS'tengo'
p2771
I55
sS'value'
p2772
I60
sS'will'
p2773
I49
sS'spitta'
p2774
I59
sS'hahaha'
p2775
I59
sS'wild'
p2776
I59
sS'hahahh'
p2777
I60
sS'perd\xc3\xad'
p2778
I60
sS'lacama'
p2779
I60
sS'salgo'
p2780
I60
sS've'
p2781
I59
sS'oh...you'
p2782
I60
sS'flex'
p2783
I60
sS'vi'
p2784
I59
sS'avi'
p2785
I60
sS'danggggg'
p2786
I60
sS'selfies"'
p2787
I60
sS'ransom'
p2788
I60
sS'kissed'
p2789
I60
sS'parte'
p2790
I58
sS'colocado'
p2791
I60
sS')'
p2792
I59
sS'tenga'
p2793
I60
sS'party'
p2794
I59
sS'falsas'
p2795
I60
sS'dan'
p2796
I59
sS'ilusionan'
p2797
I60
sS'tiempo'
p2798
I59
sS'bale'
p2799
I60
sS'bald'
p2800
I60
sS'glendon/wilshire'
p2801
I60
sS'effect'
p2802
I60
sS'sigue'
p2803
I60
sS'ion'
p2804
I60
sS'sooner'
p2805
I60
sS'fucked'
p2806
I60
sS'ikea'
p2807
I60
sS'tomada'
p2808
I60
sS'pull'
p2809
I60
sS'sauce'
p2810
I60
sS'off'
p2811
I54
sS'center'
p2812
I50
sS'mention'
p2813
I60
sS'i'
p2814
I2
sS'bro;)'
p2815
I60
sS'well'
p2816
I57
sS'fighting'
p2817
I60
sS'da\xc3\xb1o'
p2818
I60
sS'thought'
p2819
I58
sS'wyd'
p2820
I60
sS'guatita'
p2821
I60
sS'"looking'
p2822
I60
sS'con'
p2823
I33
sS'looked'
p2824
I60
sS'cried'
p2825
I60
sS'moments'
p2826
I60
sS'mistaken'
p2827
I60
sS'momento'
p2828
I59
sS'mi\xcc\x81'
p2829
I60
sS'glug'
p2830
I59
sS'paul'
p2831
I60
sS'thither'
p2832
I60
sS'quiero'
p2833
I59
sS'quiere'
p2834
I57
sS'vida'
p2835
I51
sS'drunk'
p2836
I60
sS'smith'
p2837
I59
sS'lake'
p2838
I59
sS'realize'
p2839
I59
sS'sonrisa'
p2840
I59
sS'reasons'
p2841
I60
sS'add'
p2842
I60
sS'bailado'
p2843
I60
sS'lodoun247)'
p2844
I60
sS'wey'
p2845
I60
sS'kick'
p2846
I60
sS'chancellor'
p2847
I60
sS'room)'
p2848
I59
sS'five'
p2849
I58
sS'know'
p2850
I46
sS'infierno'
p2851
I60
sS'debatable'
p2852
I60
sS'like'
p2853
I24
sS'success'
p2854
I60
sS'gus'
p2855
I60
sS'cosas'
p2856
I57
sS'cande'
p2857
I60
sS'chica'
p2858
I58
sS'lose'
p2859
I60
sS'become'
p2860
I60
sS'works'
p2861
I60
sS'chico'
p2862
I57
sS'kaleidoscope'
p2863
I60
sS'virginity'
p2864
I60
sS'nigga'
p2865
I59
sS'shuuuuuuuut'
p2866
I60
sS'otras'
p2867
I59
sS'himself\xe2\x80\x9d'
p2868
I60
sS'twitter'
p2869
I58
sS'hail'
p2870
I60
sS'hair'
p2871
I60
sS'wickenburg'
p2872
I60
sS'home'
p2873
I53
sS'peter'
p2874
I59
sS'happens'
p2875
I60
sS'imposible'
p2876
I60
sS'literally'
p2877
I58
sS'mines'
p2878
I59
sS'-va'
p2879
I60
sS'ese'
p2880
I55
sS'does'
p2881
I55
sS'passion'
p2882
I60
sS'esa'
p2883
I59
sS'eso'
p2884
I57
sS'd\xc3\xa9jame'
p2885
I60
sS'\xd0\xb2'
p2886
I60
sS'quer\xc3\xada'
p2887
I60
sS'puedo'
p2888
I60
sS'peep'
p2889
I60
sS'puede'
p2890
I57
sS'pasti'
p2891
I60
sS'oc\xc3\xa9anos'
p2892
I60
sS'movida"'
p2893
I60
sS'usar'
p2894
I60
sS'stage'
p2895
I53
sS'are:)'
p2896
I60
sS'escuchando'
p2897
I60
sS'about'
p2898
I49
sS':-)'
p2899
I59
sS'lifestyle'
p2900
I60
sS'getting'
p2901
I56
sS'l\xc3\xa1stima'
p2902
I60
sS'biscuit'
p2903
I60
sS'recognized'
p2904
I60
sS'angeles'
p2905
I42
sS'swear'
p2906
I59
sS'farandulero'
p2907
I60
sS'sweat'
p2908
I60
sS'stalking'
p2909
I60
sS'jud\xc3\xada'
p2910
I60
sS'mam\xc3\xa1'
p2911
I60
sS'troublebut'
p2912
I60
sS'baxter'
p2913
I60
sS'own'
p2914
I60
sS'pussy'
p2915
I60
sS'snuggling'
p2916
I60
sS'sinpson'
p2917
I60
sS'donde'
p2918
I58
sS'promise'
p2919
I59
sS'hija'
p2920
I60
sS'artists'
p2921
I60
sS'eh'
p2922
I59
sS'at&t'
p2923
I60
sS"whatever\xe2\x80\x9dsomeone's"
p2924
I60
sS'spread'
p2925
I60
sS'trigger'
p2926
I60
sS'muerta'
p2927
I60
sS'vas'
p2928
I59
sS'chunk'
p2929
I60
sS'buy'
p2930
I56
sS'alexa'
p2931
I60
sS'hablando'
p2932
I60
sS"i've"
p2933
I56
sS'hr'
p2934
I60
sS'bus'
p2935
I57
sS'bitches'
p2936
I59
sS'but'
p2937
I30
sS'delivery'
p2938
I60
sS'goals'
p2939
I60
sS'bum'
p2940
I60
sS'>>>>>'
p2941
I60
sS'ha'
p2942
I59
sS'eat'
p2943
I59
sS'bud'
p2944
I60
sS'he'
p2945
I43
sS'made'
p2946
I55
sS'places'
p2947
I60
sS'wish'
p2948
I59
sS'"lluvia"\xe2\x80\x94rain\xe2\x80\x94nosotros'
p2949
I60
sS'whatevs'
p2950
I60
sS'welch!\xe2\x80\xa6'
p2951
I60
sS'cruel'
p2952
I60
sS'empty'
p2953
I60
sS'cake'
p2954
I60
sS'piece'
p2955
I60
sS'minutes'
p2956
I60
sS'\xe2\x80\x94no'
p2957
I60
sS'duro'
p2958
I60
sS'coo..i'
p2959
I60
sS'pops...the'
p2960
I60
sS'imaginaci\xc3\xb3n.\xe2\x80\x9d'
p2961
I60
sS'pic'
p2962
I59
sS'argentinos'
p2963
I60
sS'llorado'
p2964
I60
sS'\xc2\xbfquieres'
p2965
I60
sS'"si'
p2966
I60
sS'mejor'
p2967
I53
sS'70%'
p2968
I60
sS'shooting'
p2969
I59
sS'happen'
p2970
I60
sS'montes'
p2971
I60
sS'rumors'
p2972
I60
sS'deber\xc3\xadan'
p2973
I59
sS'dressed'
p2974
I60
sS'tortura."'
p2975
I60
sS'42'
p2976
I60
sS'other'
p2977
I59
sS'sandy'
p2978
I60
sS'pi\xc3\xb1atas'
p2979
I60
sS'oportunidad'
p2980
I60
sS"carl...i've"
p2981
I60
sS'chemist'
p2982
I60
sS'repeat'
p2983
I59
sS'gas'
p2984
I60
sS'june'
p2985
I60
sS'chance'
p2986
I60
sS'\xe2\x80\xa2'
p2987
I59
sS'desaf\xc3\xade'
p2988
I60
sS'kinda'
p2989
I59
sS'friends'
p2990
I56
sS'goin'
p2991
I59
sS'\xe2\x80\x94'
p2992
I59
sS'comporta'
p2993
I60
sS"he's"
p2994
I60
sS'pilas'
p2995
I60
sS'"flirting'
p2996
I60
sS'"the'
p2997
I59
s.