(dp0
S''
p1
I4
sS'jockin'
p2
I70
sS'todays'
p3
I70
sS'riccardo'
p4
I70
sS'hats'
p5
I70
sS'personally'
p6
I70
sS'andre'
p7
I69
sS'protest'
p8
I70
sS'sleep'
p9
I64
sS'asian'
p10
I70
sS'hating'
p11
I70
sS'party*'
p12
I70
sS'hate'
p13
I66
sS'trolley'
p14
I70
sS'swag'
p15
I70
sS'flannery'
p16
I70
sS'buddy'
p17
I70
sS'up)'
p18
I70
sS'snowing'
p19
I70
sS'tweet'
p20
I62
sS'swaggin'
p21
I70
sS'fix,90007\n462312996111679489,trojanchick99,2014-05-02'
p22
I70
sS'tickle'
p23
I70
sS'bike'
p24
I69
sS'lord'
p25
I67
sS'sorry'
p26
I70
sS'$40'
p27
I70
sS'worth'
p28
I70
sS"geenway!'"
p29
I70
sS'rescue'
p30
I69
sS'desired'
p31
I70
sS"women's"
p32
I69
sS'him.to'
p33
I70
sS'every'
p34
I62
sS'jack'
p35
I70
sS'bringing'
p36
I68
sS'tickets'
p37
I67
sS'school'
p38
I61
sS'basics'
p39
I70
sS'skills'
p40
I70
sS'red'
p41
I70
sS'clothes'
p42
I68
sS'jeff'
p43
I70
sS'tired'
p44
I70
sS'phones'
p45
I70
sS'shut'
p46
I70
sS'chex'
p47
I70
sS'chef'
p48
I70
sS'second'
p49
I68
sS'street'
p50
I68
sS'7th'
p51
I70
sS'n'
p52
I63
sS'even'
p53
I56
sS'everyones'
p54
I70
sS'hide'
p55
I70
sS'cooking'
p56
I69
sS'above'
p57
I70
sS'new'
p58
I35
sS'zesty'
p59
I70
sS'ever'
p60
I60
sS'festive'
p61
I70
sS'pancakes'
p62
I69
sS'taryn'
p63
I69
sS'never'
p64
I66
sS'(los'
p65
I39
sS'herd'
p66
I70
sS'\xe2\x9d\xa4\xef\xb8\x8f'
p67
I68
sS'tornado'
p68
I70
sS'active'
p69
I68
sS"aren't"
p70
I69
sS'celebration'
p71
I69
sS'dry'
p72
I69
sS'kids'
p73
I64
sS'employees'
p74
I70
sS'"why'
p75
I70
sS'itunes'
p76
I69
sS'paris'
p77
I70
sS"i'd"
p78
I68
sS'resto'
p79
I70
sS'cindy'
p80
I70
sS"i'm"
p81
I15
sS'sriracha'
p82
I70
sS'spacetime'
p83
I70
sS'eyebrows'
p84
I69
sS'wassup'
p85
I67
sS'resurrected'
p86
I70
sS'campaign'
p87
I70
sS'spooky'
p88
I69
sS'graders'
p89
I70
sS'makapagtwit'
p90
I70
sS'bro'
p91
I57
sS'patience'
p92
I69
sS'insta'
p93
I69
sS'guests'
p94
I70
sS'cocaine'
p95
I70
sS'head-on'
p96
I70
sS'movie"'
p97
I70
sS'chef-slave'
p98
I70
sS'would'
p99
I62
sS'browse'
p100
I70
sS'hospital'
p101
I70
sS'\xe2\x9a\xa0\xef\xb8\x8furgent\xe2\x9a\xa0\xef\xb8\x8flost'
p102
I70
sS'pseudo-science"'
p103
I70
sS'arms'
p104
I70
sS'chargers'
p105
I69
sS'call'
p106
I64
sS'survive'
p107
I70
sS'sexy'
p108
I70
sS'6:25'
p109
I70
sS'type'
p110
I69
sS'tell'
p111
I67
sS'posting'
p112
I70
sS'holy'
p113
I68
sS'sabes'
p114
I70
sS'successful'
p115
I70
sS'oscar'
p116
I70
sS'haha'
p117
I53
sS'award'
p118
I70
sS'hurt'
p119
I70
sS'phone'
p120
I69
sS'hmmm...whenever'
p121
I70
sS'cuttin'
p122
I70
sS'trojans'
p123
I70
sS'hold'
p124
I68
sS'94'
p125
I70
sS'must'
p126
I70
sS'me'
p127
I10
sS'rook'
p128
I70
sS'join'
p129
I69
sS'room'
p130
I68
sS'mc'
p131
I69
sS'work'
p132
I67
sS'mi'
p133
I69
sS'ilysm'
p134
I70
sS'movies'
p135
I69
sS'cuddle'
p136
I70
sS'install'
p137
I70
sS'mr'
p138
I70
sS':-('
p139
I70
sS'carmen'
p140
I69
sS'carmel'
p141
I70
sS'vodka'
p142
I70
sS'wana'
p143
I70
sS'give'
p144
I66
sS'indie'
p145
I70
sS'honey'
p146
I69
sS'foods'
p147
I70
sS'homie'
p148
I69
sS'day,90007\n218541241636372481,teambanzai,2012-06-29'
p149
I70
sS'want'
p150
I47
sS'totaled'
p151
I70
sS'worse'
p152
I69
sS'turners'
p153
I68
sS'end'
p154
I65
sS'recovery'
p155
I70
sS'thing'
p156
I63
sS'provide'
p157
I68
sS'gravidity.....:]'
p158
I70
sS'egyptian'
p159
I70
sS'how'
p160
I51
sS'hot'
p161
I65
sS'hop'
p162
I68
sS'significance'
p163
I70
sS'interview'
p164
I70
sS'gate'
p165
I70
sS'beach'
p166
I70
sS'pizza'
p167
I68
sS'(suptext)'
p168
I70
sS'"haaaa'
p169
I70
sS'beauty'
p170
I68
sS'mess'
p171
I69
sS'after'
p172
I66
sS'lab'
p173
I70
sS'day/night!)'
p174
I70
sS'dobler'
p175
I70
sS'(-complicated)'
p176
I70
sS'arca'
p177
I70
sS'lap'
p178
I70
sS'las'
p179
I69
sS'attempt'
p180
I70
sS'chillen'
p181
I70
sS'"mb"'
p182
I70
sS'greek'
p183
I70
sS'funniest'
p184
I70
sS'ultimate'
p185
I68
sS'goodbye'
p186
I70
sS'ambulance'
p187
I69
sS'worst'
p188
I68
sS"chahal's"
p189
I70
sS'order'
p190
I70
sS'lindsay'
p191
I70
sS'tribulations'
p192
I70
sS'decide'
p193
I70
sS'office'
p194
I68
sS'over'
p195
I55
sS'fall'
p196
I70
sS'awful'
p197
I70
sS'london'
p198
I70
sS'"blessed"one'
p199
I70
sS'elena'
p200
I70
sS'before'
p201
I65
sS'ima'
p202
I70
sS'"say'
p203
I70
sS'personal'
p204
I70
sS'fix'
p205
I70
sS"activists'"
p206
I70
sS'84'
p207
I70
sS'expectations'
p208
I70
sS'writing'
p209
I70
sS'better'
p210
I60
sS'spotify"alt-r&b"'
p211
I70
sS'athletes\xe2\x80\x9d'
p212
I70
sS'weeks'
p213
I68
sS'cred'
p214
I70
sS'c-h-l-e-o'
p215
I70
sS'then'
p216
I62
sS'them'
p217
I66
sS'affected'
p218
I70
sS'foolin'
p219
I70
sS'enrich'
p220
I70
sS'21:46:58.0,34.0272543,-118.2921974,2219,get'
p221
I70
sS'safe'
p222
I70
sS'roost'
p223
I70
sS'(traditional)'
p224
I70
sS'break'
p225
I69
sS'roommate'
p226
I69
sS'bewildered'
p227
I70
sS'they'
p228
I56
sS'peque\xc3\xb1o'
p229
I70
sS'3-yr'
p230
I70
sS'one'
p231
I47
sS'bank'
p232
I51
sS'heyyyy'
p233
I70
sS'shadows'
p234
I70
sS'several'
p235
I70
sS'grammar'
p236
I70
sS'meat'
p237
I70
sS'potatoes'
p238
I70
sS'l'
p239
I70
sS'20:16:07.0,34.0268015,-118.2927773,2219,lmaoo'
p240
I70
sS'newport'
p241
I70
sS'americans'
p242
I70
sS'went'
p243
I66
sS'side'
p244
I68
sS'bone'
p245
I70
sS'luck'
p246
I69
sS'people\'"'
p247
I70
sS'series'
p248
I70
sS'waffle'
p249
I70
sS'celebrating'
p250
I69
sS'navs'
p251
I70
sS'taught'
p252
I70
sS'forgot'
p253
I68
sS'comedies'
p254
I70
sS'nickatina\xe2\x80\x9d'
p255
I70
sS'rt'
p256
I56
sS'driving'
p257
I70
sS'god'
p258
I65
sS'psychic'
p259
I70
sS'01:33:47.0,34.0278842,-118.2958724,2219,ill'
p260
I70
sS'*sza'
p261
I70
sS'strangers'
p262
I70
sS'smh'
p263
I68
sS'got'
p264
I37
sS'rn'
p265
I62
sS'ro'
p266
I70
sS'venezuela'
p267
I70
sS'hermosa'
p268
I70
sS'turning'
p269
I70
sS"you're"
p270
I51
sS'04:01:01.0,34.0256257,-118.2958153,2219,wass'
p271
I70
sS'threatened'
p272
I70
sS'revenge'
p273
I70
sS'free'
p274
I65
sS'carried'
p275
I70
sS'struggle'
p276
I70
sS"people's"
p277
I70
sS'wanted'
p278
I69
sS'heat'
p279
I69
sS'soundcloud'
p280
I69
sS'rinds'
p281
I70
sS'ate'
p282
I69
sS'dayz'
p283
I70
sS'exposing'
p284
I70
sS'gar\xc3\xa7ons'
p285
I70
sS'starts'
p286
I65
sS'messages'
p287
I70
sS'days'
p288
I63
sS'"this'
p289
I70
sS'lowkey_gawdd'
p290
I70
sS'heck'
p291
I70
sS"today's"
p292
I68
sS'\xe2\x95\x9a\xe2\x98\x85\xe2\x95\xa9\xe2\x9e\xa4'
p293
I70
sS'(at'
p294
I67
sS'caught'
p295
I70
sS'justen'
p296
I70
sS'already'
p297
I63
sS'lol\xe2\x80\x9d'
p298
I70
sS'grade'
p299
I69
sS'wass'
p300
I70
sS'rank'
p301
I70
sS'wash'
p302
I70
sS'delicious'
p303
I69
sS'comin'
p304
I70
sS'sober'
p305
I69
sS'navigator'
p306
I70
sS'012013'
p307
I70
sS'hood'
p308
I70
sS'service'
p309
I69
sS'lexcellent'
p310
I70
sS'top'
p311
I70
sS'girls'
p312
I68
sS"knight'"
p313
I70
sS'11:28:58.0,34.0262406,-118.2875083,2219,tonight'
p314
I70
sS'too'
p315
I50
sS'hollywood'
p316
I69
sS'loveelyjenny'
p317
I70
sS'dogs'
p318
I69
sS'listen'
p319
I66
sS'ceiling'
p320
I70
sS'clooney'
p321
I70
sS'kno'
p322
I68
sS'"funny'
p323
I70
sS'albert'
p324
I70
sS'took'
p325
I68
sS'wisdom'
p326
I68
sS'nahh'
p327
I70
sS'wardrobe'
p328
I69
sS'"good'
p329
I70
sS'"make'
p330
I70
sS'0-12'
p331
I70
sS'showed'
p332
I70
sS'burger'
p333
I70
sS'tree'
p334
I70
sS'likely'
p335
I70
sS'lapd'
p336
I70
sS'don\xe2\x80\x99t'
p337
I68
sS'21:01:58.0,34.0279273,-118.2913763,2219,if'
p338
I70
sS'silly'
p339
I70
sS'speaking'
p340
I69
sS"hipster-c's"
p341
I70
sS'spoiled'
p342
I70
sS'k'
p343
I70
sS'appearance...congrats'
p344
I70
sS'feeling'
p345
I66
sS"bio's"
p346
I70
sS'consediera'
p347
I70
sS'raf'
p348
I70
sS'este'
p349
I70
sS'fashion'
p350
I69
sS'(white)'
p351
I70
sS'mine'
p352
I67
sS'talking'
p353
I67
sS'rat'
p354
I70
sS'seen'
p355
I68
sS'seem'
p356
I70
sS'mins'
p357
I70
sS'tells'
p358
I70
sS'big!!!!,90007\n495324837494026240,swipe_game_mean,2014-08-01'
p359
I70
sS'forced'
p360
I70
sS'kidnap'
p361
I70
sS'genuine'
p362
I70
sS'thornton'
p363
I70
sS'-'
p364
I64
sS'snow'
p365
I70
sS"nyman's"
p366
I70
sS'nimas'
p367
I70
sS'dtla'
p368
I70
sS'blue'
p369
I67
sS'exactly'
p370
I70
sS'though'
p371
I66
sS'sue'
p372
I70
sS'ah\xc3\xad'
p373
I70
sS'y'
p374
I67
sS'regular'
p375
I70
sS'germany'
p376
I69
sS'followers!!!follow'
p377
I69
sS'shabazz'
p378
I70
sS'(hair)'
p379
I70
sS'nachos'
p380
I70
sS'episode'
p381
I69
sS'pointe'
p382
I70
sS'flor'
p383
I70
sS'camp'
p384
I70
sS'doe'
p385
I65
sS'definitely'
p386
I70
sS'tech'
p387
I70
sS'dos'
p388
I70
sS'voting'
p389
I70
sS'latching'
p390
I70
sS'came'
p391
I64
sS'saying'
p392
I68
sS'bomb'
p393
I69
sS'saga'
p394
I70
sS'tequila'
p395
I69
sS'queen'
p396
I69
sS'fucks'
p397
I70
sS'radio'
p398
I68
sS'calling!,90007\n244396907995201536,willcastro,2012-09-08'
p399
I70
sS'busy'
p400
I70
sS'just'
p401
I26
sS'ment'
p402
I70
sS'menu'
p403
I70
sS'life\xe2\x80\x9d'
p404
I70
sS'16:33:43.0,34.0276762,-118.2890018,2219,goodmorning'
p405
I70
sS'06:04:49.0,34.0279942,-118.2958384,2219,,90007\n495434178213584896,swipe_game_mean,2014-08-02'
p406
I70
sS'childish,90007\n495701300651126784,swipe_game_mean,2014-08-02'
p407
I70
sS'rihanna'
p408
I69
sS'screening'
p409
I70
sS'excitedly'
p410
I70
sS'gods'
p411
I70
sS'folks'
p412
I70
sS'rice'
p413
I70
sS'baptiversary'
p414
I70
sS'wearing'
p415
I68
sS'do'
p416
I43
sS'dm'
p417
I68
sS'dj'
p418
I70
sS'yamadaya'
p419
I70
sS'stop'
p420
I64
sS'perceive'
p421
I70
sS'all-star'
p422
I70
sS'wedding'
p423
I69
sS'midterms'
p424
I70
sS'dr'
p425
I70
sS'12-0'
p426
I70
sS'pa\xc3\xads'
p427
I70
sS'bat'
p428
I70
sS'bar'
p429
I70
sS'17'
p430
I69
sS'nicely'
p431
I70
sS'officially'
p432
I67
sS'(look'
p433
I70
sS'bay'
p434
I70
sS'emt'
p435
I69
sS'bad'
p436
I63
sS'bae'
p437
I64
sS'piggy'
p438
I70
sS'respond'
p439
I70
sS'blew'
p440
I70
sS'besties'
p441
I70
sS'w/'
p442
I70
sS'nut'
p443
I69
sS'boyfriends'
p444
I70
sS'nun'
p445
I70
sS'goodnight'
p446
I69
sS'decided'
p447
I70
sS'miserable'
p448
I70
sS'best'
p449
I65
sS'said'
p450
I62
sS'06'
p451
I70
sS'lots'
p452
I69
sS'away'
p453
I69
sS'rings'
p454
I70
sS'continually'
p455
I70
sS'babay'
p456
I70
sS'bien'
p457
I70
sS'score'
p458
I70
sS'hopefully'
p459
I70
sS'approach'
p460
I70
sS'lamar'
p461
I70
sS'men'
p462
I68
sS'omg'
p463
I64
sS'wears'
p464
I70
sS'tonight!"'
p465
I70
sS'wo'
p466
I70
sS'clintock'
p467
I70
sS'wk'
p468
I70
sS'however'
p469
I70
sS'retirement'
p470
I70
sS'here'
p471
I60
sS'wtf'
p472
I67
sS'techies'
p473
I70
sS'kitchen'
p474
I69
sS'cop'
p475
I70
sS'met'
p476
I68
sS'ill'
p477
I68
sS'compton'
p478
I70
sS'adventures'
p479
I69
sS'against'
p480
I70
sS'hummus'
p481
I70
sS'autotune'
p482
I70
sS'games'
p483
I69
sS'faces'
p484
I67
sS'pita'
p485
I70
sS'dopest'
p486
I70
sS'asked'
p487
I70
sS'followtrick'
p488
I70
sS'money"'
p489
I70
sS'suggest'
p490
I70
sS'winnin'
p491
I70
sS'matty'
p492
I70
sS'"and'
p493
I70
sS'towels'
p494
I70
sS'blonde'
p495
I70
sS'"visions'
p496
I70
sS'bathroom'
p497
I70
sS'101'
p498
I70
sS'nicer'
p499
I70
sS'beef'
p500
I70
sS'wright'
p501
I70
sS'been'
p502
I55
sS'tragedy'
p503
I70
sS'beer'
p504
I69
sS'much'
p505
I65
sS'stadium'
p506
I70
sS'privilege'
p507
I70
sS'lovely'
p508
I70
sS'threw'
p509
I70
sS'life'
p510
I43
sS'kuriboh'
p511
I70
sS'blankiemost'
p512
I70
sS'courtney'
p513
I70
sS'<3\xe2\x80\x9dabsolutely'
p514
I70
sS'palladium'
p515
I70
sS"'just"
p516
I70
sS'east'
p517
I70
sS'launches'
p518
I70
sS'16:28:14.0,34.0279131,-118.2958491,2219,followback'
p519
I70
sS'castro'
p520
I69
sS'air'
p521
I68
sS'near'
p522
I70
sS'ain'
p523
I69
sS'suppose'
p524
I70
sS'\xe2\x98\x80\xef\xb8\x8fsanta'
p525
I70
sS'visit'
p526
I70
sS'voice'
p527
I69
sS'study'
p528
I66
sS'okerr'
p529
I70
sS'mistake'
p530
I70
sS'played'
p531
I70
sS'sticker'
p532
I69
sS'sushi'
p533
I70
sS'it'
p534
I19
sS'conditioned'
p535
I70
sS'ii'
p536
I70
sS'v-day'
p537
I70
sS'im'
p538
I65
sS'creepy'
p539
I70
sS'in'
p540
I13
sS"girls'"
p541
I70
sS'wednesday...gonna'
p542
I70
sS'houdinne'
p543
I70
sS'ig'
p544
I70
sS'if'
p545
I42
sS'grown'
p546
I70
sS'replied~'
p547
I70
sS'nike'
p548
I70
sS'perform'
p549
I70
sS'things'
p550
I65
sS'make'
p551
I58
sS'bella'
p552
I70
sS'craigslist'
p553
I70
sS'complex'
p554
I70
sS'hahah'
p555
I68
sS'i\xe2\x80\x99ve'
p556
I69
sS'mcmuffins'
p557
I70
sS'hony'
p558
I70
sS'yung'
p559
I68
sS'wheel'
p560
I70
sS'pick'
p561
I70
sS'hang'
p562
I68
sS'coachella'
p563
I70
sS'evil'
p564
I70
sS'hand'
p565
I68
sS'fridays'
p566
I70
sS'characters'
p567
I70
sS'jealous'
p568
I68
sS'selfless'
p569
I70
sS'ss15'
p570
I70
sS'aka'
p571
I70
sS'kid'
p572
I69
sS'vermont'
p573
I70
sS'shortly'
p574
I70
sS'changes'
p575
I69
sS'youre'
p576
I70
sS'ocean'
p577
I70
sS'tho'
p578
I60
sS'academic'
p579
I70
sS'contact'
p580
I70
sS'greatest'
p581
I70
sS'pandora'
p582
I70
sS'mother'
p583
I70
sS'jeal'
p584
I70
sS'the'
p585
I1
sS'yours'
p586
I70
sS'tha'
p587
I70
sS'left'
p588
I66
sS'hennessey\xe2\x80\xa2vs'
p589
I70
sS'*breath*'
p590
I67
sS'proposed'
p591
I70
sS'yea'
p592
I70
sS'photo'
p593
I68
sS'sleepy'
p594
I70
sS'mid'
p595
I70
sS'quotes'
p596
I70
sS'thanks'
p597
I54
sS'human'
p598
I69
sS'yep'
p599
I70
sS'yes'
p600
I69
sS"homie's"
p601
I70
sS'tattooed'
p602
I70
sS'yet'
p603
I67
sS'hai'
p604
I70
sS'sciences'
p605
I70
sS'had'
p606
I60
sS'hay'
p607
I70
sS'shout'
p608
I66
sS'squad'
p609
I70
sS'innocent'
p610
I70
sS'starbucks)'
p611
I70
sS'hookah'
p612
I70
sS'has'
p613
I51
sS'gave'
p614
I70
sS'followback'
p615
I68
sS'credit'
p616
I70
sS'possible'
p617
I69
sS'arab'
p618
I70
sS'possibly'
p619
I70
sS'3pm'
p620
I70
sS'background'
p621
I70
sS'govt'
p622
I70
sS'roach'
p623
I70
sS'charm'
p624
I70
sS'apart'
p625
I70
sS'shoulder'
p626
I70
sS'brought'
p627
I70
sS'gift'
p628
I70
sS'55'
p629
I70
sS'hunt'
p630
I70
sS'unnecessary'
p631
I70
sS'wrong.\xe2\x80\x9d'
p632
I70
sS'remind'
p633
I70
sS'officer'
p634
I69
sS'night'
p635
I50
sS'amor'
p636
I70
sS'security'
p637
I69
sS'artrave'
p638
I70
sS'"bae"'
p639
I70
sS'right'
p640
I52
sS'old'
p641
I64
sS'deal'
p642
I69
sS'people'
p643
I50
sS'"that\'s'
p644
I70
sS'dead'
p645
I69
sS'eyeing'
p646
I70
sS'born'
p647
I70
sS'hoover'
p648
I68
sS'poolside'
p649
I70
sS'dear'
p650
I69
sS'multiple'
p651
I70
sS'perfected'
p652
I70
sS'confusing'
p653
I70
sS'traon'
p654
I70
sS'for'
p655
I9
sS'purple'
p656
I70
sS'ice'
p657
I68
sS'everything'
p658
I67
sS'asking'
p659
I69
sS'adorable'
p660
I70
sS'christmas'
p661
I69
sS'holiday'
p662
I70
sS'4km'
p663
I70
sS"ol'"
p664
I70
sS'dental'
p665
I69
sS'hunh'
p666
I69
sS'plz'
p667
I68
sS'starring'
p668
I70
sS'losing'
p669
I68
sS'now!!!follow'
p670
I70
sS'post'
p671
I67
sS'super'
p672
I69
sS'yelling'
p673
I69
sS'cowboy'
p674
I70
sS'months'
p675
I69
sS'choke'
p676
I70
sS'o'
p677
I67
sS'dinner'
p678
I63
sS'afternoon'
p679
I70
sS'cherish'
p680
I70
sS'this!!get'
p681
I70
sS'3way'
p682
I70
sS'sweater'
p683
I70
sS'beacuse'
p684
I70
sS'raised'
p685
I70
sS'coins'
p686
I70
sS'whats'
p687
I67
sS'hungrier'
p688
I70
sS'wasting'
p689
I70
sS'wassgood'
p690
I70
sS'ahh'
p691
I68
sS'bound'
p692
I70
sS'fern'
p693
I70
sS'down'
p694
I59
sS'thankful'
p695
I69
sS'back-to-back'
p696
I70
sS'mcclintock'
p697
I70
sS'dean'
p698
I70
sS'git'
p699
I70
sS'crowd'
p700
I70
sS'support'
p701
I69
sS'why'
p702
I54
sS'stuck'
p703
I69
sS'way'
p704
I56
sS'(coincidence...?)'
p705
I70
sS'music'
p706
I68
sS'was'
p707
I36
sS'version)'
p708
I69
sS'happy'
p709
I56
sS'head'
p710
I68
sS'offer'
p711
I70
sS'happen'
p712
I68
sS'becoming'
p713
I70
sS'mrfrancoo_'
p714
I70
sS'creying'
p715
I67
sS'true'
p716
I62
sS'mouthed'
p717
I70
sS'congratulations'
p718
I70
sS'aja'
p719
I70
sS'inside'
p720
I70
sS'bargain'
p721
I68
sS'until'
p722
I69
sS'boooobs"'
p723
I70
sS'daddy'
p724
I70
sS'nerds'
p725
I70
sS'sleep\xe2\x80\x9d'
p726
I70
sS'diagnose'
p727
I70
sS'\xe2\x80\x9csome'
p728
I70
sS'scarrascarrascarrascarrascarra'
p729
I70
sS'proud'
p730
I70
sS'hams'
p731
I70
sS'flat'
p732
I70
sS'minaj'
p733
I70
sS'mishaps'
p734
I70
sS'pizza&'
p735
I70
sS'drive'
p736
I66
sS'\xe2\x80\x9cbalmain'
p737
I70
sS'cobbler'
p738
I70
sS'fashioned'
p739
I70
sS'timeee'
p740
I70
sS'15)'
p741
I70
sS'juntos'
p742
I70
sS'awhile'
p743
I70
sS'tooth'
p744
I70
sS'check'
p745
I67
sS'shit'
p746
I64
sS'est\xc3\xa1n'
p747
I70
sS'buzzwords'
p748
I70
sS'"cash'
p749
I70
sS'dying'
p750
I70
sS'floor'
p751
I69
sS'na'
p752
I70
sS'relax'
p753
I70
sS'when'
p754
I34
sS'handed'
p755
I70
sS'reality'
p756
I70
sS'til'
p757
I70
sS'whew'
p758
I70
sS'holding'
p759
I69
sS'test'
p760
I67
sS'jesus"'
p761
I70
sS'smell'
p762
I70
sS'roll'
p763
I70
sS'muhahahahahahahaha'
p764
I70
sS'picture'
p765
I69
sS"'s"
p766
I68
sS'models'
p767
I70
sS'xxyyxx'
p768
I70
sS'felt'
p769
I70
sS'diet'
p770
I70
sS'hahahah'
p771
I69
sS"let's"
p772
I63
sS'fell'
p773
I69
sS'authorities'
p774
I70
sS'describing'
p775
I70
sS'weekend'
p776
I64
sS'loren'
p777
I69
sS'billion'
p778
I70
sS'happening'
p779
I70
sS'glass'
p780
I70
sS'daily'
p781
I69
sS'loyal'
p782
I70
sS'time'
p783
I51
sS'serious'
p784
I69
sS'restored'
p785
I70
sS'songs'
p786
I70
sS'detective'
p787
I70
sS':/'
p788
I68
sS':('
p789
I66
sS':)'
p790
I49
sS':*'
p791
I70
sS'dance'
p792
I69
sS'skip'
p793
I70
sS'rob'
p794
I70
sS'global'
p795
I70
sS'ouch'
p796
I70
sS"wendy's"
p797
I68
sS'scalp'
p798
I70
sS'apts'
p799
I70
sS'burritos'
p800
I70
sS'selection'
p801
I70
sS'sears'
p802
I70
sS'this\xe2\x80\x9cbeyonc\xc3\xa9'
p803
I70
sS'mesero'
p804
I70
sS'04:01:15.0,34.0279213,-118.2958826,2219,follow'
p805
I70
sS'row'
p806
I70
sS'ballet'
p807
I69
sS'off*'
p808
I70
sS'yummy'
p809
I70
sS'technique'
p810
I70
sS'followers!!follow'
p811
I69
sS'countdown'
p812
I70
sS"never-gonnabe's"
p813
I70
sS'finally'
p814
I67
sS'2pac'
p815
I70
sS'one)'
p816
I70
sS'foreals'
p817
I70
sS'listenin'
p818
I70
sS':o'
p819
I70
sS'slash'
p820
I68
sS'jerk'
p821
I70
sS"nobody's"
p822
I70
sS':d'
p823
I67
sS'frapp'
p824
I70
sS'none'
p825
I70
sS'vegan'
p826
I68
sS'choice'
p827
I69
sS':|'
p828
I70
sS'stays'
p829
I69
sS'word'
p830
I68
sS'exact'
p831
I70
sS'minute'
p832
I70
sS'cool'
p833
I65
sS'photobombing'
p834
I70
sS'lohan'
p835
I70
sS'did'
p836
I57
sS'turns'
p837
I69
sS'brother'
p838
I68
sS'turnt'
p839
I68
sS'dih\xe2\x80\xa6'
p840
I70
sS'leave'
p841
I70
sS':]'
p842
I70
sS'soooo'
p843
I69
sS'team'
p844
I66
sS'quick'
p845
I70
sS'guy'
p846
I62
sS'round'
p847
I69
sS'yall'
p848
I63
sS"it'll"
p849
I69
sS'olympic'
p850
I70
sS'angeles)'
p851
I69
sS"we'll"
p852
I70
sS'ezra'
p853
I70
sS'porn'
p854
I69
sS'dodo'
p855
I70
sS'naww'
p856
I70
sS'discover'
p857
I70
sS'cyber'
p858
I70
sS'sign'
p859
I68
sS'sexually'
p860
I70
sS'eating'
p861
I67
sS'chicken'
p862
I70
sS'bruhhhh'
p863
I70
sS'irritated'
p864
I70
sS'\xe2\x9e\x8b'
p865
I70
sS'yeezus'
p866
I70
sS'lot...heading'
p867
I70
sS'remain'
p868
I70
sS'debate'
p869
I70
sS'current'
p870
I69
sS'love\xe2\x9d\xa4\xef\xb8\x8f'
p871
I70
sS'goes'
p872
I69
sS'international'
p873
I68
sS'suped'
p874
I70
sS'unintentionally'
p875
I70
sS'ridic'
p876
I70
sS'supporting'
p877
I70
sS'19:54:02.0,34.0280463,-118.2936498,2219,cause'
p878
I70
sS'funeral'
p879
I70
sS"'your"
p880
I70
sS'french'
p881
I67
sS'water'
p882
I70
sS'baseball'
p883
I69
sS'22:42:54.0,34.027883,-118.2958911,2219,,90007\n495652117944619008,swipe_game_mean,2014-08-02'
p884
I70
sS'earthquake'
p885
I70
sS'change'
p886
I70
sS'wait'
p887
I64
sS'box'
p888
I68
sS'boy'
p889
I67
sS'brilliant'
p890
I70
sS'my'
p891
I5
sS'lagged'
p892
I70
sS'hba'
p893
I70
sS'lakers'
p894
I70
sS'bon'
p895
I70
sS'boo'
p896
I68
sS'weird'
p897
I69
sS'studies'
p898
I70
sS'genuinely'
p899
I70
sS'love'
p900
I43
sS'mccormick'
p901
I70
sS'fake'
p902
I69
sS'21:32:39.0,34.0268055,-118.2927449,2219,gain'
p903
I70
sS'prompt'
p904
I70
sS'pak....:]'
p905
I70
sS'basement.-eight'
p906
I70
sS'market'
p907
I70
sS'sadness'
p908
I70
sS'working'
p909
I70
sS'ariel'
p910
I70
sS'angry'
p911
I69
sS'pero'
p912
I66
sS'butts'
p913
I70
sS'abroad'
p914
I70
sS'live'
p915
I63
sS'going'
p916
I49
sS'todas'
p917
I70
sS'iphone'
p918
I69
sS'wondering'
p919
I70
sS'ahhh'
p920
I70
sS'films'
p921
I69
sS'lorenzo'
p922
I70
sS'thru'
p923
I67
sS'today'
p924
I50
sS'coldshotff'
p925
I70
sS'son'
p926
I70
sS'envelope'
p927
I70
sS'chocolate'
p928
I70
sS'visual'
p929
I70
sS'oop'
p930
I69
sS'fly'
p931
I70
sS'niggas'
p932
I63
sS'car'
p933
I63
sS'soul'
p934
I69
sS'cat'
p935
I69
sS'recap'
p936
I70
sS'can'
p937
I52
sS'kendrick'
p938
I70
sS'big"'
p939
I70
sS'making'
p940
I64
sS"denny's"
p941
I61
sS'streak'
p942
I69
sS'claim'
p943
I69
sS'crazy'
p944
I68
sS'typeface'
p945
I70
sS'reflector'
p946
I70
sS'awesome'
p947
I70
sS'sense'
p948
I70
sS"didn't"
p949
I63
sS'fuck'
p950
I65
sS'"true"'
p951
I70
sS'everyobe'
p952
I70
sS'heard'
p953
I70
sS'galen'
p954
I69
sS'lorde'
p955
I70
sS'01:35:14.0,34.0279705,-118.2958593,2219,my'
p956
I70
sS'counting'
p957
I70
sS'stole'
p958
I70
sS'now:)follow'
p959
I70
sS'means'
p960
I70
sS'1'
p961
I68
sS'till'
p962
I70
sS'sunday'
p963
I70
sS'cardinal'
p964
I69
sS'assistant'
p965
I70
sS'kuwtk'
p966
I70
sS'alesso'
p967
I70
sS'snaps'
p968
I69
sS'flirting'
p969
I70
sS'information'
p970
I70
sS'may'
p971
I66
sS'fkng'
p972
I70
sS'blasting'
p973
I70
sS'beyonc\xc3\xa9\xe2\x80\x99s'
p974
I69
sS'latte'
p975
I70
sS'mac'
p976
I68
sS'birthday'
p977
I61
sS'mad'
p978
I68
sS'date'
p979
I70
sS'such'
p980
I67
sS'guys'
p981
I61
sS'grow'
p982
I70
sS'man'
p983
I58
sS'remember'
p984
I67
sS'joint'
p985
I70
sS'whenever'
p986
I69
sS'maybe'
p987
I68
sS'goal'
p988
I70
sS'read/shared'
p989
I70
sS'su'
p990
I69
sS'st'
p991
I70
sS'complaining'
p992
I70
sS'si'
p993
I69
sS'so'
p994
I26
sS'rt\xe2\x9d\x97followback\xe2\x9d\x97everyone'
p995
I70
sS'sb'
p996
I70
sS'lafd'
p997
I70
sS'pulled'
p998
I70
sS'talk'
p999
I69
sS'cute'
p1000
I66
sS'tagged'
p1001
I70
sS'shoes'
p1002
I69
sS'pointed'
p1003
I70
sS'haircut'
p1004
I70
sS'wishing'
p1005
I70
sS'years'
p1006
I66
sS'brain'
p1007
I70
sS'kimmel'
p1008
I70
sS'lyric'
p1009
I70
sS'csc'
p1010
I70
sS'shake'
p1011
I70
sS'kanye'
p1012
I69
sS'cold'
p1013
I69
sS'still'
p1014
I61
sS'swank'
p1015
I70
sS'ninetyfive'
p1016
I70
sS'thank'
p1017
I59
sS"he's"
p1018
I66
sS'interesting'
p1019
I70
sS'torn'
p1020
I70
sS'aoki!-'
p1021
I70
sS'amazing'
p1022
I67
sS'window'
p1023
I69
sS'listing'
p1024
I70
sS'tweets'
p1025
I67
sS'mail'
p1026
I70
sS'main'
p1027
I70
sS'selfie'
p1028
I67
sS'texas'
p1029
I70
sS'instantly'
p1030
I70
sS'cut"'
p1031
I70
sS"denny's)"
p1032
I68
sS'plz,90007\n495313241782771712,swipe_game_mean,2014-08-01'
p1033
I70
sS'insomnia'
p1034
I70
sS'sooner'
p1035
I70
sS'mayor\xc3\xada'
p1036
I70
sS'lunch'
p1037
I69
sS'not'
p1038
I30
sS'now'
p1039
I31
sS'ahaha'
p1040
I70
sS'killed'
p1041
I69
sS'teller'
p1042
I70
sS'matched'
p1043
I70
sS'term'
p1044
I68
sS'shouted'
p1045
I70
sS'name'
p1046
I65
sS'sophomore'
p1047
I70
sS'opera'
p1048
I70
sS'james'
p1049
I69
sS'hashbrowns'
p1050
I70
sS'rock'
p1051
I70
sS'stahp'
p1052
I70
sS'em'
p1053
I70
sS'el'
p1054
I68
sS'gerontology'
p1055
I70
sS'en'
p1056
I67
sS'ek'
p1057
I70
sS'ft'
p1058
I70
sS'yeah'
p1059
I67
sS"who?!'"
p1060
I70
sS'fever'
p1061
I70
sS'begun'
p1062
I70
sS'year'
p1063
I57
sS'et'
p1064
I70
sS'girl'
p1065
I63
sS'\xee\x84\x86'
p1066
I70
sS'ep'
p1067
I70
sS'es'
p1068
I69
sS'plans'
p1069
I70
sS'album'
p1070
I66
sS'living'
p1071
I68
sS'jackson'
p1072
I70
sS'opened'
p1073
I69
sS'3rd'
p1074
I69
sS'thirst'
p1075
I70
sS'looking'
p1076
I63
sS'bday'
p1077
I70
sS'seriously'
p1078
I67
sS'opener'
p1079
I70
sS"shouldn't"
p1080
I70
sS'internet'
p1081
I69
sS'kingdom"'
p1082
I70
sS'goth'
p1083
I70
sS'cary'
p1084
I70
sS'thong'
p1085
I70
sS'cars'
p1086
I70
sS'satanic'
p1087
I70
sS'million'
p1088
I70
sS'quite'
p1089
I70
sS'disrespect'
p1090
I70
sS'tunes'
p1091
I70
sS'california'
p1092
I69
sS'me,90007\n492514967904456704,swipe_game_mean,2014-07-25'
p1093
I70
sS'carl'
p1094
I70
sS'ominous'
p1095
I70
sS'card'
p1096
I70
sS'care'
p1097
I68
sS"'who"
p1098
I70
sS'100+'
p1099
I70
sS'dunno'
p1100
I70
sS'wrong'
p1101
I70
sS'british'
p1102
I70
sS'honest'
p1103
I70
sS'turn'
p1104
I65
sS'place'
p1105
I68
sS'massive'
p1106
I70
sS'(mastered'
p1107
I69
sS'think'
p1108
I54
sS'first'
p1109
I60
sS'cheese'
p1110
I70
sS'saving'
p1111
I70
sS'xoxo'
p1112
I70
sS'westlake'
p1113
I70
sS'hashbrown'
p1114
I69
sS'yourself'
p1115
I70
sS'blackboyjesustouristgang'
p1116
I70
sS'long'
p1117
I63
sS'directly'
p1118
I70
sS'carry'
p1119
I70
sS'impossible'
p1120
I70
sS'fight'
p1121
I70
sS'open'
p1122
I69
sS'tomorrow'
p1123
I59
sS'little'
p1124
I66
sS'silent'
p1125
I70
sS'bite'
p1126
I70
sS'slept'
p1127
I69
sS'yik'
p1128
I70
sS'anyone'
p1129
I66
sS'*beyonce'
p1130
I70
sS'2'
p1131
I64
sS'typing'
p1132
I70
sS'legally'
p1133
I70
sS'white'
p1134
I67
sS'circa'
p1135
I69
sS'friend'
p1136
I65
sS'gives'
p1137
I70
sS'eyes'
p1138
I69
sS'\xe2\x80\x9cimma'
p1139
I70
sS'that'
p1140
I18
sS'season'
p1141
I69
sS'hun'
p1142
I67
sS'huh'
p1143
I70
sS'boba'
p1144
I70
sS'broadcast'
p1145
I70
sS'cops'
p1146
I70
sS'dudes'
p1147
I70
sS'quan'
p1148
I70
sS'hur'
p1149
I70
sS'flowers'
p1150
I70
sS'than'
p1151
I58
sS"here's"
p1152
I68
sS'11'
p1153
I70
sS'10'
p1154
I69
sS'ratchets'
p1155
I70
sS'thiss!!follow'
p1156
I70
sS'lmao'
p1157
I69
sS'i\xe2\x80\x99ll'
p1158
I70
sS'gotta'
p1159
I63
sS'including'
p1160
I70
sS'non-stop'
p1161
I70
sS'kxsc'
p1162
I70
sS'r'
p1163
I68
sS'were'
p1164
I66
sS'cards'
p1165
I70
sS'asleep'
p1166
I70
sS'soul-nourishing'
p1167
I70
sS'russia'
p1168
I70
sS'and'
p1169
I7
sS'wreckin'
p1170
I70
sS'tasted'
p1171
I70
sS'chloe'
p1172
I70
sS'sad'
p1173
I68
sS'dash'
p1174
I70
sS'say'
p1175
I64
sS'mates'
p1176
I70
sS'breakfast'
p1177
I67
sS'"moonrise'
p1178
I70
sS'saw'
p1179
I65
sS'any'
p1180
I66
sS'marathon'
p1181
I70
sS'superman'
p1182
I70
sS'once'
p1183
I70
sS'elyssa'
p1184
I70
sS'lavanderia'
p1185
I69
sS'note'
p1186
I70
sS'omfg'
p1187
I70
sS'jefferson'
p1188
I69
sS'an*breath*gel'
p1189
I70
sS'take'
p1190
I62
sS'online'
p1191
I70
sS'performance'
p1192
I70
sS'channel'
p1193
I70
sS'sl(ee)ippin'
p1194
I70
sS'begin'
p1195
I70
sS'sure'
p1196
I63
sS'pain'
p1197
I69
sS'opposite'
p1198
I70
sS'track'
p1199
I68
sS'knew'
p1200
I70
sS'/\\/\\'
p1201
I70
sS'paid'
p1202
I70
sS'20%'
p1203
I70
sS'printed'
p1204
I70
sS'voice*'
p1205
I69
sS'decirte'
p1206
I70
sS'america'
p1207
I60
sS'pages'
p1208
I70
sS'forever'
p1209
I69
sS'pilipino'
p1210
I70
sS'especially'
p1211
I68
sS'boys'
p1212
I69
sS'lawd'
p1213
I70
sS'egg'
p1214
I70
sS'phil'
p1215
I70
sS'hungry'
p1216
I68
sS'archaeology'
p1217
I69
sS'badd'
p1218
I70
sS'niiiihggggaaaaaaggh'
p1219
I70
sS'\xe2\x80\x9cgush\xe2\x80\x9d'
p1220
I70
sS'professional'
p1221
I70
sS'senior'
p1222
I69
sS'sigma'
p1223
I70
sS'laws'
p1224
I70
sS'shop'
p1225
I69
sS'walking'
p1226
I69
sS'playoffs'
p1227
I69
sS'show'
p1228
I65
sS'contemporary'
p1229
I70
sS'merit'
p1230
I70
sS'jeans\xe2\x80\x9d'
p1231
I70
sS'shoe'
p1232
I70
sS'takin'
p1233
I70
sS'boom'
p1234
I70
sS'realizing'
p1235
I70
sS'aint'
p1236
I68
sS'\xe2\x9c\x8c'
p1237
I70
sS'woot'
p1238
I69
sS'03:49:18.0,34.0279273,-118.2913763,2219,,90007\n495404235140259840,swipe_game_mean,2014-08-02'
p1239
I70
sS'\xe2\x9c\x8b'
p1240
I70
sS"instagram'n"
p1241
I70
sS'3'
p1242
I66
sS'lansing'
p1243
I70
sS'timberrrr'
p1244
I70
sS'only'
p1245
I57
sS'wood'
p1246
I69
sS'black'
p1247
I61
sS'hockey'
p1248
I70
sS'robb'
p1249
I70
sS'pumpkin'
p1250
I70
sS'fades'
p1251
I70
sS'beatles'
p1252
I70
sS'get'
p1253
I24
sS'"clutch"'
p1254
I70
sS'mormon'
p1255
I70
sS'jazz'
p1256
I70
sS'reps'
p1257
I70
sS'cannot'
p1258
I70
sS'bracelets'
p1259
I70
sS'corner...this'
p1260
I70
sS'is'
p1261
I11
sS'freaking'
p1262
I69
sS'beastie'
p1263
I70
sS'joked'
p1264
I70
sS'artist'
p1265
I70
sS'borrow'
p1266
I70
sS'morning'
p1267
I64
sS'jokes'
p1268
I70
sS'stupid'
p1269
I69
sS'honest\xe2\x80\x9d'
p1270
I70
sS'unibrow'
p1271
I70
sS'miley'
p1272
I70
sS'where'
p1273
I61
sS'amazebowl'
p1274
I70
sS'vision'
p1275
I69
sS"y'all"
p1276
I60
sS'ignored'
p1277
I70
sS'concert'
p1278
I70
sS'daaaaaaaaang'
p1279
I70
sS'seat'
p1280
I70
sS'college'
p1281
I67
sS'sean'
p1282
I70
sS'parking'
p1283
I70
sS'calendar'
p1284
I70
sS'sport'
p1285
I70
sS'smiling'
p1286
I70
sS'concern'
p1287
I70
sS'dexter'
p1288
I70
sS'"damn'
p1289
I69
sS'ways'
p1290
I70
sS'much?"'
p1291
I70
sS'yts'
p1292
I70
sS'"is'
p1293
I70
sS'enough'
p1294
I68
sS'between'
p1295
I70
sS'import'
p1296
I70
sS'surfboardt'
p1297
I70
sS'reading'
p1298
I70
sS'across'
p1299
I70
sS'whipped'
p1300
I70
sS'tux'
p1301
I70
sS'notice'
p1302
I70
sS'jobs'
p1303
I70
sS'messed'
p1304
I70
sS'alexander'
p1305
I70
sS'hurts'
p1306
I68
sS'article'
p1307
I70
sS'interfere'
p1308
I70
sS'come'
p1309
I65
sS'reaction'
p1310
I70
sS'rugby'
p1311
I70
sS'seg\xc3\xban'
p1312
I70
sS'many'
p1313
I66
sS's'
p1314
I68
sS'hyphy'
p1315
I70
sS"can't"
p1316
I59
sS'supercuts'
p1317
I70
sS'w/your'
p1318
I70
sS'distancia'
p1319
I70
sS'jeans'
p1320
I70
sS'football'
p1321
I68
sS'04:03:10.0,34.0278832,-118.2958393,2219,fashoo'
p1322
I70
sS'64'
p1323
I70
sS'learning'
p1324
I70
sS'whitest'
p1325
I70
sS'68'
p1326
I70
sS'poll'
p1327
I70
sS'boat'
p1328
I70
sS'considering'
p1329
I70
sS'save'
p1330
I70
sS'50+'
p1331
I67
sS'howard'
p1332
I69
sS'carey'
p1333
I70
sS'mark'
p1334
I70
sS'jon'
p1335
I70
sS'dangers'
p1336
I70
sS'tyga'
p1337
I68
sS'schoolboy'
p1338
I70
sS'wants'
p1339
I68
sS'influence'
p1340
I70
sS'neverrrrrr'
p1341
I70
sS'photos'
p1342
I70
sS'wake'
p1343
I70
sS'hashtag'
p1344
I70
sS'installation'
p1345
I70
sS'laying'
p1346
I70
sS'spirit'
p1347
I70
sS'those'
p1348
I61
sS'sound'
p1349
I70
sS"q&a's"
p1350
I70
sS'myself'
p1351
I70
sS'soccer'
p1352
I69
sS'4-5'
p1353
I70
sS'these'
p1354
I57
sS'might'
p1355
I70
sS'caso'
p1356
I70
sS'worried'
p1357
I70
sS'goodmorning'
p1358
I66
sS'editorial'
p1359
I69
sS'brain/spine'
p1360
I70
sS'50s'
p1361
I70
sS'20:17:22.0,34.0280463,-118.2936498,2219,your'
p1362
I70
sS'baskin-robbins'
p1363
I70
sS'alcoholic'
p1364
I70
sS'brow'
p1365
I70
sS'coffee'
p1366
I70
sS'sleeping'
p1367
I68
sS'middle'
p1368
I70
sS'broo'
p1369
I70
sS'someone'
p1370
I62
sS'punched'
p1371
I69
sS'dafuq'
p1372
I70
sS'loosing'
p1373
I70
sS'ge\xe2\x80\x99s'
p1374
I70
sS'ivy'
p1375
I70
sS'worry'
p1376
I70
sS'emts'
p1377
I70
sS'different'
p1378
I68
sS'williams'
p1379
I69
sS'shuts'
p1380
I70
sS'threatens'
p1381
I70
sS'bowl'
p1382
I69
sS'same'
p1383
I63
sS'trip'
p1384
I70
sS'gentlemen'
p1385
I70
sS'ya'
p1386
I67
sS'poetic'
p1387
I70
sS'followers'
p1388
I49
sS'amarista'
p1389
I70
sS'"i'
p1390
I70
sS'reminder'
p1391
I70
sS'week'
p1392
I57
sS'finish'
p1393
I70
sS'13.k'
p1394
I69
sS'foam'
p1395
I70
sS'driver'
p1396
I69
sS'drives'
p1397
I70
sS'cheers'
p1398
I70
sS'running'
p1399
I69
sS'barber'
p1400
I70
sS'puke'
p1401
I70
sS"'dark"
p1402
I70
sS'burrito'
p1403
I70
sS'\xe2\x95\xa0\xe2\x98\x85\xe2\x95\xac\xe2\x9e\xa4'
p1404
I68
sS'no'
p1405
I41
sS'32nd'
p1406
I70
sS'without'
p1407
I64
sS'comes'
p1408
I70
sS'genie'
p1409
I70
sS'model'
p1410
I70
sS'stuff?-'
p1411
I70
sS'scholarship'
p1412
I70
sS'summer'
p1413
I67
sS'\xe2\x98\xba\xef\xb8\x8f'
p1414
I70
sS'being'
p1415
I62
sS'money'
p1416
I67
sS'toby'
p1417
I70
sS'rest'
p1418
I69
sS'shouts'
p1419
I70
sS'pissing'
p1420
I70
sS'kill'
p1421
I69
sS'vamp'
p1422
I70
sS'babe\xe2\x9d\xa4\xef\xb8\x8f'
p1423
I70
sS'rover'
p1424
I70
sS'hint'
p1425
I70
sS'thinking'
p1426
I70
sS'except'
p1427
I69
sS'friend\xe2\x80\x99s'
p1428
I70
sS'lets'
p1429
I70
sS'ahhhh'
p1430
I70
sS'4'
p1431
I68
sS'ca'
p1432
I70
sS'momentum'
p1433
I70
sS'detrimento'
p1434
I70
sS'swim'
p1435
I68
sS'starving'
p1436
I70
sS'around'
p1437
I62
sS'kills'
p1438
I69
sS'read'
p1439
I67
sS'por'
p1440
I70
sS'imponer'
p1441
I70
sS'mayura'
p1442
I70
sS'gonna'
p1443
I63
sS'early'
p1444
I67
sS'traffic'
p1445
I70
sS'nappy'
p1446
I70
sS'\xe2\x9d\xa4'
p1447
I70
sS'mol'
p1448
I70
sS'world'
p1449
I69
sS'amazzzzing'
p1450
I70
sS'lady'
p1451
I69
sS'clan'
p1452
I70
sS'2s'
p1453
I70
sS'gimme'
p1454
I70
sS't'
p1455
I69
sS'served'
p1456
I70
sS'tower'
p1457
I70
sS'revision'
p1458
I70
sS'estubo'
p1459
I70
sS'auditorium'
p1460
I70
sS'-my'
p1461
I70
sS"couldn't"
p1462
I70
sS'apartments'
p1463
I70
sS'oscars'
p1464
I69
sS'hotshotgg'
p1465
I70
sS'\xe2\x80\x9cwe'
p1466
I70
sS'8pm/'
p1467
I70
sS'stagecoach'
p1468
I70
sS'thinks'
p1469
I69
sS'slice'
p1470
I69
sS'mood'
p1471
I69
sS'unlocked'
p1472
I70
sS'followers??follow'
p1473
I70
sS'happened'
p1474
I70
sS'squirt'
p1475
I70
sS'decent'
p1476
I70
sS'welcome'
p1477
I69
sS'usc-adjacent'
p1478
I70
sS'power'
p1479
I70
sS'asap'
p1480
I70
sS'seconds'
p1481
I69
sS'iconic'
p1482
I69
sS'royals'
p1483
I70
sS'tuition'
p1484
I70
sS';)'
p1485
I64
sS'exciting'
p1486
I70
sS'throw'
p1487
I70
sS'nahh?follow'
p1488
I70
sS"'the"
p1489
I70
sS'on'
p1490
I14
sS'ok'
p1491
I64
sS'oh'
p1492
I63
sS'of'
p1493
I12
sS'industry'
p1494
I70
sS'favorite'
p1495
I67
sS'meal'
p1496
I70
sS'rested'
p1497
I70
sS"isn't"
p1498
I70
sS'act'
p1499
I69
sS'04:59:58.0,34.0279827,-118.2958914,2219,i'
p1500
I70
sS'rthop'
p1501
I69
sS'mean'
p1502
I70
sS'os'
p1503
I70
sS'or'
p1504
I53
sS'road'
p1505
I70
sS'gorgeous\xe2\x98\xba\xef\xb8\x8f\xe2\x9d\xa4\xef\xb8\x8f'
p1506
I70
sS'ladies'
p1507
I70
sS'2nite'
p1508
I70
sS'blessed'
p1509
I70
sS'snapchat'
p1510
I67
sS'02:23:34.0,34.0256106,-118.2957595,2219,fashoo'
p1511
I70
sS'freaked'
p1512
I70
sS'determine'
p1513
I70
sS'dreaming'
p1514
I70
sS'\xe2\x9a\xa0\xef\xb8\x8f\xef\xbc\xb7\xef\xbc\xa1\xef\xbc\xb2\xef\xbc\xae\xef\xbc\xa9\xef\xbc\xae\xef\xbc\xa7\xe2\x9a\xa0\xef\xb8\x8fthis'
p1515
I70
sS'your'
p1516
I47
sS'stare'
p1517
I69
sS'rick\xe2\x80\x9d'
p1518
I70
sS'her'
p1519
I52
sS'20:40:03.0,34.0271795,-118.2922886,2219,get'
p1520
I70
sS'there'
p1521
I60
sS'hey'
p1522
I62
sS'lol'
p1523
I49
sS'lmfaooo'
p1524
I70
sS'start'
p1525
I68
sS'racist'
p1526
I70
sS'structure'
p1527
I70
sS'lot'
p1528
I65
sS'alongs'
p1529
I70
sS'producer-on-producer'
p1530
I70
sS'chats'
p1531
I70
sS'smells'
p1532
I70
sS"dante's\xe2\x80\xa6"
p1533
I70
sS'6:45'
p1534
I70
sS'lmaooo'
p1535
I69
sS'strikes'
p1536
I70
sS'survived'
p1537
I70
sS'shuttle...debating'
p1538
I70
sS'trying'
p1539
I68
sS'with'
p1540
I22
sS'spice'
p1541
I70
sS'abused'
p1542
I70
sS"they're"
p1543
I67
sS'hire'
p1544
I70
sS'october'
p1545
I70
sS'romantic'
p1546
I70
sS'03:41:33.0,34.0256149,-118.2958039,2219,thanks'
p1547
I70
sS'02:45:54.0,34.0268055,-118.2927449,2219,you'
p1548
I70
sS"wasn't"
p1549
I70
sS'louisiana'
p1550
I70
sS'"it\'s'
p1551
I70
sS"rt's"
p1552
I70
sS'nightlife'
p1553
I70
sS'creeping'
p1554
I70
sS'gone'
p1555
I70
sS'taylor'
p1556
I69
sS'playlists'
p1557
I70
sS'ad'
p1558
I69
sS'taste'
p1559
I68
sS'certain'
p1560
I69
sS'stealing'
p1561
I70
sS'am'
p1562
I56
sS'mundo'
p1563
I70
sS'an'
p1564
I42
sS'as'
p1565
I50
sS'at'
p1566
I17
sS'aw'
p1567
I70
sS'luckyyyy'
p1568
I70
sS'ay'
p1569
I70
sS'moves'
p1570
I69
sS'film'
p1571
I67
sS'cream'
p1572
I67
sS'again'
p1573
I57
sS'subtext'
p1574
I70
sS'idiot'
p1575
I69
sS'green'
p1576
I70
sS'"whatever'
p1577
I70
sS'field'
p1578
I67
sS'1112'
p1579
I70
sS'5'
p1580
I65
sS'underwater'
p1581
I70
sS'you'
p1582
I8
sS'trash'
p1583
I70
sS'morning\xe2\x80\x9d'
p1584
I70
sS'poor'
p1585
I69
sS'diaries'
p1586
I70
sS'students'
p1587
I69
sS'teeth'
p1588
I70
sS'gifts'
p1589
I70
sS'oracle'
p1590
I70
sS'important'
p1591
I68
sS'coverage'
p1592
I70
sS'ashton'
p1593
I70
sS'chris'
p1594
I70
sS'itself"'
p1595
I70
sS'suresh'
p1596
I70
sS'finals'
p1597
I68
sS'alcohol'
p1598
I69
sS'omggg'
p1599
I70
sS'wife'
p1600
I69
sS'odds'
p1601
I70
sS'flyin'
p1602
I70
sS'vines'
p1603
I70
sS'kickin'
p1604
I70
sS'u'
p1605
I57
sS'will."-'
p1606
I70
sS'upperclassmen'
p1607
I69
sS'lupita'
p1608
I69
sS'starting'
p1609
I69
sS'y\xe2\x80\x99all'
p1610
I67
sS'all'
p1611
I19
sS'forget'
p1612
I69
sS'w/stuff'
p1613
I70
sS'hooked'
p1614
I70
sS'lack'
p1615
I70
sS'dollar'
p1616
I65
sS'month'
p1617
I69
sS'asf!!!!!,90007\n494519850585174016,swipe_game_mean,2014-07-30'
p1618
I70
sS'coach'
p1619
I70
sS'follow'
p1620
I20
sS'kick-ass'
p1621
I70
sS'liam'
p1622
I70
sS'apartment'
p1623
I67
sS'nodel'
p1624
I70
sS'hunting'
p1625
I70
sS'imma'
p1626
I68
sS'tu'
p1627
I67
sS'thursday'
p1628
I70
sS'-elbert'
p1629
I70
sS'to'
p1630
I3
sS'tl'
p1631
I69
sS'program'
p1632
I70
sS'dirty'
p1633
I70
sS'tf'
p1634
I70
sS'smile'
p1635
I69
sS'enjoying'
p1636
I70
sS'presentation'
p1637
I70
sS'hill'
p1638
I70
sS'woman'
p1639
I68
sS'pple'
p1640
I68
sS'song'
p1641
I66
sS'very'
p1642
I68
sS'horror'
p1643
I70
sS'fat'
p1644
I70
sS'ouches'
p1645
I70
sS'macchiatos'
p1646
I70
sS'fan'
p1647
I68
sS'bestie'
p1648
I70
sS'fam'
p1649
I63
sS'bulgogi'
p1650
I70
sS'ticket'
p1651
I70
sS'difference'
p1652
I69
sS'ramen'
p1653
I70
sS'fuckkkk'
p1654
I70
sS'hya'
p1655
I70
sS'pre'
p1656
I70
sS'heaven'
p1657
I69
sS'--'
p1658
I70
sS'celebrity'
p1659
I70
sS'list'
p1660
I70
sS'vibes'
p1661
I70
sS'bench'
p1662
I70
sS"delevinge's"
p1663
I70
sS'30mph'
p1664
I70
sS"i'll"
p1665
I66
sS'dayshift'
p1666
I70
sS'cookies'
p1667
I69
sS'employing'
p1668
I70
sS'instagram'
p1669
I69
sS'tea'
p1670
I70
sS'ted'
p1671
I70
sS'past'
p1672
I70
sS'balenciaga'
p1673
I69
sS'nba'
p1674
I70
sS'appreciating'
p1675
I70
sS'--you'
p1676
I70
sS'90s'
p1677
I70
sS'what'
p1678
I45
sS'richard'
p1679
I70
sS'noooooooo'
p1680
I70
sS'sun'
p1681
I70
sS'follower'
p1682
I70
sS'anniversary'
p1683
I68
sS'overload'
p1684
I70
sS'crush'
p1685
I70
sS'*literally'
p1686
I70
sS'public'
p1687
I69
sS'full'
p1688
I67
sS'amy'
p1689
I70
sS'ma'
p1690
I69
sS'venice'
p1691
I70
sS'hours'
p1692
I68
sS'sermerrrrr'
p1693
I70
sS'(911'
p1694
I70
sS'november'
p1695
I70
sS'nyman'
p1696
I70
sS'shoulda'
p1697
I70
sS'cappella'
p1698
I70
sS'bible'
p1699
I70
sS'jay\xe2\x80\x9d'
p1700
I70
sS'ahead'
p1701
I69
sS'experience'
p1702
I70
sS'pics'
p1703
I70
sS'arent'
p1704
I70
sS'social'
p1705
I70
sS"would've"
p1706
I70
sS'options'
p1707
I70
sS'yourself"'
p1708
I70
sS'conditioning'
p1709
I70
sS'palais'
p1710
I70
sS'via'
p1711
I65
sS'followed'
p1712
I69
sS'family'
p1713
I67
sS'macgyvering'
p1714
I70
sS'ask'
p1715
I70
sS'semester'
p1716
I69
sS'you\xe2\x80\x99re'
p1717
I65
sS'tyzilla'
p1718
I70
sS'gosh'
p1719
I70
sS'takes'
p1720
I70
sS'destination'
p1721
I70
sS'two'
p1722
I59
sS'nowwww'
p1723
I70
sS'pitching'
p1724
I70
sS'6'
p1725
I70
sS'tacky'
p1726
I70
sS'injury'
p1727
I70
sS'achieving'
p1728
I70
sS'more'
p1729
I49
sS'tryna'
p1730
I64
sS'knows'
p1731
I70
sS'company'
p1732
I70
sS'|solange'
p1733
I70
sS"ain't"
p1734
I67
sS'upsilon'
p1735
I70
sS'glad'
p1736
I69
sS'keeping'
p1737
I69
sS'hour'
p1738
I66
sS'equation'
p1739
I70
sS'des'
p1740
I70
sS'sucks'
p1741
I70
sS'suss'
p1742
I70
sS'dev'
p1743
I70
sS'h/t'
p1744
I70
sS'/\\'
p1745
I70
sS'del'
p1746
I70
sS'resources'
p1747
I70
sS'v'
p1748
I70
sS'embrace'
p1749
I70
sS'history'
p1750
I70
sS'beautiful'
p1751
I66
sS'embarrassing'
p1752
I70
sS'share'
p1753
I69
sS'accept'
p1754
I69
sS'mcqueen'
p1755
I70
sS'numbers'
p1756
I70
sS'arise'
p1757
I70
sS'sharp'
p1758
I70
sS'reliving'
p1759
I69
sS'rejuvenates'
p1760
I70
sS'huge'
p1761
I70
sS'needs'
p1762
I69
sS'answer'
p1763
I70
sS'court'
p1764
I68
sS'dreads'
p1765
I70
sS'awkward'
p1766
I70
sS'19:29:42.0,34.02529809,-118.28525212,2219,last'
p1767
I70
sS'ledges'
p1768
I70
sS'stayed'
p1769
I70
sS'bank$'
p1770
I70
sS'players...lol'
p1771
I70
sS'hannah'
p1772
I69
sS'freshly'
p1773
I70
sS'ensemble'
p1774
I70
sS'waved'
p1775
I70
sS'20:19:41.0,34.0279273,-118.2913763,2219,yeah'
p1776
I70
sS'sandwich'
p1777
I70
sS'okay'
p1778
I70
sS'tried'
p1779
I65
sS'rude'
p1780
I70
sS'advice'
p1781
I69
sS'musicianship'
p1782
I70
sS'soundtrack'
p1783
I69
sS'fb'
p1784
I69
sS'plane'
p1785
I70
sS'blood'
p1786
I69
sS'numb'
p1787
I70
sS'coming'
p1788
I67
sS'gasp'
p1789
I70
sS'tacos'
p1790
I70
sS'unappreciative'
p1791
I70
sS'a'
p1792
I6
sS'short'
p1793
I68
sS'reiterate'
p1794
I70
sS'loud'
p1795
I70
sS'register'
p1796
I70
sS'overnight'
p1797
I69
sS'dragon'
p1798
I70
sS'roommates'
p1799
I70
sS'hobbit'
p1800
I70
sS'media'
p1801
I70
sS'banks'
p1802
I69
sS'dream'
p1803
I70
sS'playing'
p1804
I67
sS"that's"
p1805
I60
sS'experience/event'
p1806
I70
sS'thoteria'
p1807
I70
sS'help'
p1808
I63
sS"don't"
p1809
I43
sS'wiring'
p1810
I70
sS'nylah'
p1811
I70
sS'sooo'
p1812
I69
sS'soon'
p1813
I69
sS'weasley'
p1814
I70
sS'radar'
p1815
I70
sS'attitude'
p1816
I70
sS'paper'
p1817
I69
sS'through'
p1818
I67
sS'macarons'
p1819
I70
sS'haha"'
p1820
I70
sS'hell'
p1821
I65
sS'mcdonalds'
p1822
I69
sS'its'
p1823
I63
sS'valentino'
p1824
I70
sS'25'
p1825
I69
sS'style'
p1826
I70
sS'27'
p1827
I70
sS'21'
p1828
I70
sS'beyonce'
p1829
I68
sS'dolla'
p1830
I70
sS'actually'
p1831
I65
sS'late'
p1832
I66
sS'17:57:49.0,34.0279479,-118.295867,2219,get'
p1833
I70
sS'detected'
p1834
I70
sS'\xe2\x9c\x88'
p1835
I70
sS'penn'
p1836
I70
sS'bout'
p1837
I69
sS'responders'
p1838
I70
sS'sauce'
p1839
I69
sS'2)'
p1840
I69
sS"haven't"
p1841
I63
sS'2+'
p1842
I70
sS'uhg'
p1843
I70
sS'good'
p1844
I37
sS'return'
p1845
I70
sS'yo'
p1846
I66
sS'food'
p1847
I59
sS'\xe2\x98\x94\xef\xb8\x8f'
p1848
I70
sS'hahahahahaha'
p1849
I70
sS'starbucks'
p1850
I58
sS'transformative'
p1851
I70
sS'yr'
p1852
I70
sS'yt'
p1853
I70
sS'staples'
p1854
I70
sS'growing'
p1855
I70
sS'fantasy'
p1856
I69
sS'always'
p1857
I60
sS'truths'
p1858
I70
sS'drake'
p1859
I70
sS'spy'
p1860
I70
sS'tear'
p1861
I70
sS'stopped'
p1862
I70
sS'found'
p1863
I70
sS'difficult'
p1864
I70
sS'marry'
p1865
I68
sS'trailer'
p1866
I69
sS'everyone'
p1867
I61
sS'another'
p1868
I66
sS'pork'
p1869
I70
sS'grainin'
p1870
I69
sS'house'
p1871
I70
sS'hard'
p1872
I67
sS'gain?follow'
p1873
I70
sS'idea'
p1874
I68
sS'hawaii'
p1875
I69
sS'engaging'
p1876
I70
sS'narcissus'
p1877
I70
sS'extended'
p1878
I70
sS'expect'
p1879
I70
sS'descontento'
p1880
I70
sS'beyond'
p1881
I68
sS'todo'
p1882
I69
sS'event'
p1883
I69
sS'yurs'
p1884
I70
sS'really'
p1885
I56
sS'prolly'
p1886
I70
sS'missed'
p1887
I64
sS'ftw'
p1888
I70
sS'p'
p1889
I70
sS'since'
p1890
I69
sS'lolo'
p1891
I70
sS'acting'
p1892
I70
sS'fountain'
p1893
I70
sS'america)'
p1894
I64
sS'premiere'
p1895
I70
sS'cachetes'
p1896
I70
sS'n-word'
p1897
I70
sS'ass'
p1898
I66
sS'dirt'
p1899
I70
sS'munch'
p1900
I69
sS'friday'
p1901
I70
sS'guess'
p1902
I68
sS'reason'
p1903
I69
sS'margiela'
p1904
I70
sS'asf'
p1905
I69
sS'imagine'
p1906
I70
sS'put'
p1907
I64
sS'rises'
p1908
I70
sS'teeth*'
p1909
I70
sS'jew'
p1910
I70
sS'amped'
p1911
I70
sS'17:53:17.0,34.02489425,-118.28419447,2219,loading'
p1912
I70
sS'launch'
p1913
I70
sS'post-op'
p1914
I70
sS'terrible'
p1915
I70
sS"year's"
p1916
I70
sS'a$ap'
p1917
I70
sS'american'
p1918
I70
sS'elective'
p1919
I70
sS'w'
p1920
I54
sS'bumper'
p1921
I70
sS'testament'
p1922
I70
sS'throws'
p1923
I70
sS'feed'
p1924
I69
sS'dont'
p1925
I68
sS'feel'
p1926
I60
sS'4:30'
p1927
I70
sS'jogs'
p1928
I70
sS'number'
p1929
I68
sS'fancy'
p1930
I69
sS'knooow'
p1931
I70
sS'done'
p1932
I65
sS'urnas'
p1933
I70
sS'fees'
p1934
I70
sS'mcflurry'
p1935
I69
sS'miss'
p1936
I67
sS'carter'
p1937
I70
sS'story'
p1938
I67
sS'guest'
p1939
I70
sS'blossom'
p1940
I69
sS'together'
p1941
I68
sS'insignificant'
p1942
I70
sS'least'
p1943
I68
sS'22:45:03.0,34.0279246,-118.295896,2219,my'
p1944
I70
sS'noms'
p1945
I70
sS'97%'
p1946
I70
sS'station'
p1947
I69
sS'passed'
p1948
I70
sS'arguing'
p1949
I70
sS'ton'
p1950
I70
sS'southern'
p1951
I70
sS"togo's"
p1952
I70
sS'store'
p1953
I70
sS'para'
p1954
I68
sS'behind'
p1955
I69
sS'mhmm'
p1956
I69
sS"i'ma"
p1957
I70
sS'part'
p1958
I68
sS'jordan'
p1959
I70
sS'authors'
p1960
I70
sS'theater'
p1961
I70
sS'believe'
p1962
I67
sS'stairs'
p1963
I70
sS'$1'
p1964
I70
sS'leotard'
p1965
I70
sS'king'
p1966
I65
sS'kind'
p1967
I69
sS'compliments'
p1968
I70
sS'grocers'
p1969
I67
sS'gotten'
p1970
I70
sS'dyson'
p1971
I70
sS'vocal'
p1972
I70
sS'3/13/13?"'
p1973
I70
sS'supposed'
p1974
I70
sS'dang'
p1975
I70
sS'riddance'
p1976
I70
sS"hahai'd"
p1977
I70
sS'00:13:04.0,34.0279383,-118.2958076,2219,follow'
p1978
I70
sS'outta'
p1979
I69
sS'newsies'
p1980
I70
sS'cabello'
p1981
I70
sS'randomly'
p1982
I69
sS'juice'
p1983
I70
sS'gala'
p1984
I70
sS'glen'
p1985
I70
sS'philly'
p1986
I70
sS'ditched'
p1987
I70
sS'lie'
p1988
I68
sS'nights'
p1989
I68
sS'relationship'
p1990
I70
sS'lil'
p1991
I68
sS'blanca'
p1992
I70
sS'self'
p1993
I70
sS'couch'
p1994
I70
sS'walk'
p1995
I70
sS'also'
p1996
I63
sS'sandwiches'
p1997
I70
sS'finding'
p1998
I70
sS'4:10'
p1999
I70
sS'waitin'
p2000
I70
sS'play'
p2001
I69
sS'caliber'
p2002
I70
sS'byeee'
p2003
I70
sS'sausage'
p2004
I70
sS'most'
p2005
I64
sS'experiences'
p2006
I70
sS'nothing'
p2007
I67
sS'alpha'
p2008
I70
sS'solicitor'
p2009
I70
sS'extremely'
p2010
I70
sS'funnier'
p2011
I70
sS'mobile'
p2012
I69
sS'sometimes'
p2013
I68
sS'cover'
p2014
I69
sS'tpw'
p2015
I70
sS'dominicos'
p2016
I70
sS'(3303'
p2017
I70
sS'organise'
p2018
I70
sS'\xe2\x98\x80\xef\xb8\x8f'
p2019
I69
sS'ron'
p2020
I70
sS'consisted'
p2021
I70
sS'physics'
p2022
I69
sS'dragged'
p2023
I70
sS'corgis'
p2024
I70
sS'ugh'
p2025
I68
sS"here..you're"
p2026
I70
sS'didn\xe2\x80\x99t'
p2027
I68
sS'hazelnut'
p2028
I70
sS'wasted'
p2029
I70
sS'stfu'
p2030
I70
sS'impressively'
p2031
I70
sS'naomi'
p2032
I70
sS'fine'
p2033
I69
sS'find'
p2034
I67
sS'23:47:41.0,34.0279094,-118.2958951,2219,stop'
p2035
I70
sS'access'
p2036
I70
sS'bovard'
p2037
I70
sS'bff'
p2038
I70
sS'sameeee'
p2039
I70
sS'rotten'
p2040
I70
sS'unhappy'
p2041
I70
sS'failed'
p2042
I70
sS'indian'
p2043
I70
sS'pretty'
p2044
I65
sS'fiend'
p2045
I70
sS'8'
p2046
I70
sS'circle'
p2047
I70
sS'sadboi'
p2048
I70
sS'hip'
p2049
I70
sS'his'
p2050
I61
sS'hit'
p2051
I68
sS'freaks'
p2052
I70
sS'beyonc\xc3\xa9'
p2053
I69
sS'mercy'
p2054
I70
sS'bambino'
p2055
I70
sS'(everyone)'
p2056
I70
sS'express'
p2057
I70
sS'feels'
p2058
I69
sS'shared'
p2059
I70
sS'\xe2\x80\x9cit'
p2060
I70
sS'during'
p2061
I68
sS'him'
p2062
I64
sS'hin'
p2063
I70
sS'distraction'
p2064
I70
sS'einstein\xe2\x80\x9d'
p2065
I70
sS'herb'
p2066
I70
sS'beyonc\xc3\x89'
p2067
I69
sS'frappuccinos'
p2068
I70
sS'tossing'
p2069
I70
sS'amrit'
p2070
I70
sS'common'
p2071
I70
sS'hype'
p2072
I69
sS'x'
p2073
I68
sS'wheeling'
p2074
I70
sS'wrote'
p2075
I70
sS'cutie'
p2076
I70
sS'set'
p2077
I70
sS'art'
p2078
I68
sS're-announce'
p2079
I70
sS'throwing'
p2080
I70
sS'day)&10/25/14(3years'
p2081
I70
sS'vine'
p2082
I68
sS'birren'
p2083
I70
sS'see'
p2084
I48
sS'dumb'
p2085
I70
sS'are'
p2086
I32
sS'waterpolo'
p2087
I70
sS'close'
p2088
I70
sS'retweet'
p2089
I68
sS'expert'
p2090
I70
sS'matter'
p2091
I70
sS'movie'
p2092
I69
sS'wow'
p2093
I69
sS'currently'
p2094
I69
sS'please'
p2095
I67
sS"dove's"
p2096
I70
sS'probably'
p2097
I70
sS'soulmate'
p2098
I70
sS',90007\n495402580449558528,swipe_game_mean,2014-08-02'
p2099
I70
sS'nope'
p2100
I69
sS'way\xe2\x80\x9d'
p2101
I70
sS'available'
p2102
I70
sS'solo'
p2103
I70
sS',90007\n245261835320844288,audsyun,2012-09-10'
p2104
I70
sS'missing'
p2105
I70
sS'attention'
p2106
I70
sS'denny\xe2\x80\x99s'
p2107
I70
sS'pull'
p2108
I70
sS'league'
p2109
I70
sS'c'
p2110
I70
sS'f'
p2111
I70
sS'last'
p2112
I54
sS'restaurant'
p2113
I69
sS'cashing'
p2114
I70
sS"wouldn't"
p2115
I70
sS'barely'
p2116
I69
sS'gain???follow'
p2117
I70
sS'thoo'
p2118
I70
sS'became'
p2119
I70
sS'vault'
p2120
I70
sS'whole'
p2121
I68
sS'reside'
p2122
I70
sS'childhood'
p2123
I70
sS'rtgain'
p2124
I61
sS'point'
p2125
I69
sS'simple'
p2126
I70
sS'sweet'
p2127
I70
sS'allegiance'
p2128
I70
sS'community'
p2129
I70
sS'dances'
p2130
I70
sS'simply'
p2131
I70
sS'likes'
p2132
I70
sS'dashboard!"'
p2133
I70
sS'village'
p2134
I64
sS'fearlessly!"'
p2135
I70
sS'throughout'
p2136
I70
sS'belt'
p2137
I68
sS'platinum'
p2138
I70
sS'decline'
p2139
I70
sS'devil'
p2140
I70
sS'raise'
p2141
I69
sS'pt'
p2142
I70
sS'\xe2\x98\x9e'
p2143
I69
sS'monthly'
p2144
I70
sS'due'
p2145
I70
sS'whos'
p2146
I70
sS'secret'
p2147
I70
sS'nicki'
p2148
I70
sS'damn'
p2149
I60
sS'maintenance'
p2150
I70
sS'damm'
p2151
I70
sS'ph'
p2152
I70
sS'pi'
p2153
I70
sS'meeting'
p2154
I69
sS'woke'
p2155
I66
sS'resting'
p2156
I70
sS'sweetheart'
p2157
I70
sS'gay'
p2158
I69
sS'fire'
p2159
I68
sS"what's"
p2160
I67
sS'transferring'
p2161
I70
sS'body'
p2162
I70
sS'else'
p2163
I64
sS'fund'
p2164
I70
sS'gam'
p2165
I70
sS'understand'
p2166
I70
sS'rocking'
p2167
I70
sS'eyes.-'
p2168
I70
sS'trojan'
p2169
I67
sS'fur'
p2170
I70
sS'look'
p2171
I58
sS'frozen'
p2172
I70
sS'catfish'
p2173
I70
sS'straight'
p2174
I68
sS'while'
p2175
I64
sS'behavior'
p2176
I70
sS'shift'
p2177
I69
sS'fun'
p2178
I67
sS'richter'
p2179
I70
sS'robin'
p2180
I70
sS'alike'
p2181
I70
sS'real'
p2182
I59
sS'sweetheart!\xe2\x80\x9d'
p2183
I70
sS'<3'
p2184
I68
sS'century'
p2185
I69
sS'clintock.doors'
p2186
I70
sS'rip'
p2187
I69
sS'disappointing'
p2188
I69
sS'rih'
p2189
I70
sS'skype'
p2190
I70
sS'ready'
p2191
I67
sS'ethnicity'
p2192
I69
sS'funny'
p2193
I64
sS'raiders'
p2194
I70
sS'walters'
p2195
I70
sS'shirt'
p2196
I69
sS'anymore'
p2197
I68
sS'here?\xe2\x80\x9d'
p2198
I70
sS'[beyonc\xc3\xa9]'
p2199
I70
sS'follow\xe2\x9d\x97\xef\xb8\x8f'
p2200
I70
sS'shire'
p2201
I70
sS'\xe2\x98\x85'
p2202
I70
sS'9'
p2203
I69
sS'itald'
p2204
I70
sS'used'
p2205
I69
sS'awwwwhhhh'
p2206
I70
sS'fridge'
p2207
I70
sS"reese's"
p2208
I70
sS'moment'
p2209
I68
sS'levels'
p2210
I70
sS'moving'
p2211
I69
sS'cleaning'
p2212
I70
sS'*drops'
p2213
I70
sS'it\xe2\x80\xa6'
p2214
I70
sS'00:01:21.0,34.0279732,-118.2958127,2219,fashoo'
p2215
I70
sS'"cut'
p2216
I70
sS'math-magician'
p2217
I70
sS'hows'
p2218
I68
sS'noodle'
p2219
I70
sS'sizzors'
p2220
I70
sS'people"'
p2221
I70
sS'rules'
p2222
I70
sS'over\xe2\x80\xa6at'
p2223
I70
sS'poland'
p2224
I70
sS'obviously'
p2225
I69
sS'bihnih'
p2226
I70
sS'theatres'
p2227
I69
sS'dark'
p2228
I70
sS'seahawks'
p2229
I70
sS'i\xe2\x80\x99m'
p2230
I61
sS'frappuccino'
p2231
I70
sS'mom'
p2232
I69
sS'from'
p2233
I42
sS'"like'
p2234
I70
sS'ohmyfuck'
p2235
I70
sS'reviewed'
p2236
I70
sS'abbreviation'
p2237
I70
sS'shape'
p2238
I69
sS'circling'
p2239
I70
sS'questions'
p2240
I70
sS'immediately'
p2241
I70
sS'thai\xe2\x80\xa6'
p2242
I70
sS'lexus'
p2243
I70
sS'prince'
p2244
I70
sS'mcguire'
p2245
I70
sS'letting'
p2246
I70
sS'cut'
p2247
I66
sS'cus'
p2248
I70
sS'ladies"'
p2249
I70
sS'education'
p2250
I70
sS'cuz'
p2251
I69
sS'parents'
p2252
I69
sS'crying'
p2253
I70
sS'homies'
p2254
I69
sS'snap'
p2255
I68
sS'lurkin'
p2256
I70
sS'easter'
p2257
I70
sS'excited'
p2258
I66
sS'hates'
p2259
I69
sS'cuh'
p2260
I70
sS'bio'
p2261
I69
sS'ight'
p2262
I69
sS'420am'
p2263
I70
sS'are.\xe2\x80\x9dthank'
p2264
I70
sS'big'
p2265
I64
sS'couple'
p2266
I67
sS'usc-stanford'
p2267
I70
sS'game'
p2268
I58
sS'hallucinate'
p2269
I70
sS'bit'
p2270
I69
sS'formal'
p2271
I70
sS'mariah'
p2272
I70
sS'lost'
p2273
I69
sS'collect'
p2274
I70
sS'donna'
p2275
I70
sS'sassiness'
p2276
I70
sS'parlor'
p2277
I70
sS'me\xe2\x80\x9d'
p2278
I70
sS'essential'
p2279
I70
sS'redes'
p2280
I70
sS'sketch'
p2281
I70
sS'often'
p2282
I70
sS'brakes'
p2283
I70
sS'45th'
p2284
I70
sS'fucking'
p2285
I69
sS'spring'
p2286
I70
sS'some'
p2287
I53
sS'back'
p2288
I46
sS'3.4'
p2289
I70
sS'towards'
p2290
I70
sS'mirror'
p2291
I69
sS'battalion'
p2292
I70
sS'forefront'
p2293
I70
sS'scale'
p2294
I70
sS'jaycee'
p2295
I70
sS'cupper'
p2296
I70
sS'meds'
p2297
I70
sS'portlandia'
p2298
I69
sS"good'"
p2299
I70
sS'prof'
p2300
I69
sS'either'
p2301
I70
sS'be'
p2302
I21
sS'bf'
p2303
I70
sS'run'
p2304
I69
sS'achy'
p2305
I70
sS'bc'
p2306
I68
sS'vedic'
p2307
I70
sS'processing'
p2308
I70
sS'up!follow'
p2309
I70
sS's/o'
p2310
I61
sS'\xe2\x9d\xa4\xe2\x99\xa1'
p2311
I70
sS'bs'
p2312
I70
sS'international\xe2\x80\xa6'
p2313
I70
sS'usc'
p2314
I43
sS'tocar'
p2315
I70
sS'by'
p2316
I44
sS'skinniness'
p2317
I70
sS'w(in)'
p2318
I70
sS'faith'
p2319
I70
sS'hidden'
p2320
I70
sS'anything'
p2321
I69
sS'netflix'
p2322
I70
sS'demuestren'
p2323
I70
sS'firing'
p2324
I70
sS"mcdonald's"
p2325
I70
sS'deserves'
p2326
I70
sS'dodger'
p2327
I70
sS'idk'
p2328
I69
sS'mouth'
p2329
I70
sS'irmas'
p2330
I70
sS'wanna'
p2331
I60
sS'dwight'
p2332
I70
sS'voices"'
p2333
I70
sS'kiffin'
p2334
I70
sS'ppl'
p2335
I66
sS'seeing'
p2336
I69
sS'grammy'
p2337
I70
sS'dude'
p2338
I69
sS'into'
p2339
I67
sS'portland(ia)'
p2340
I70
sS'invading'
p2341
I69
sS'because'
p2342
I54
sS'$160++'
p2343
I70
sS'delusional'
p2344
I69
sS'now!!!!rt'
p2345
I70
sS'(2-9'
p2346
I70
sS'entitlement'
p2347
I70
sS'\xe2\x80\x9ci'
p2348
I69
sS'spending'
p2349
I69
sS'exposed'
p2350
I70
sS'question'
p2351
I68
sS'ca)'
p2352
I39
sS'fast'
p2353
I67
sS'camera'
p2354
I70
sS"we're"
p2355
I68
sS'summertime'
p2356
I70
sS'bruh'
p2357
I66
sS'servers)'
p2358
I70
sS'twitter'
p2359
I61
sS'himself'
p2360
I70
sS'invite'
p2361
I70
sS'ayeeeeeeeeeee'
p2362
I70
sS'registered'
p2363
I69
sS'(do'
p2364
I70
sS'introvert'
p2365
I70
sS'frosh'
p2366
I70
sS'line'
p2367
I68
sS'\xe2\x99\xa5'
p2368
I70
sS'\xe2\x99\xa1'
p2369
I70
sS'info'
p2370
I69
sS'hair'
p2371
I66
sS'w/no'
p2372
I70
sS'heheheheh'
p2373
I70
sS'fries'
p2374
I70
sS'up'
p2375
I29
sS'us'
p2376
I69
sS'stalking'
p2377
I70
sS'rees'
p2378
I70
sS'un'
p2379
I68
sS'bus<<<'
p2380
I70
sS'warmer'
p2381
I70
sS'fried'
p2382
I69
sS'called'
p2383
I69
sS'uber'
p2384
I70
sS'listening'
p2385
I63
sS'sublet'
p2386
I70
sS'"windows"'
p2387
I70
sS'single'
p2388
I68
sS'dre'
p2389
I70
sS'chat'
p2390
I69
sS'diving'
p2391
I70
sS'cafe'
p2392
I70
sS'prevail'
p2393
I70
sS'stripper'
p2394
I70
sS'"temperature"'
p2395
I70
sS'%'
p2396
I70
sS'peach'
p2397
I70
sS'commonest'
p2398
I70
sS'btwn'
p2399
I70
sS'nah'
p2400
I67
sS'yuuup'
p2401
I70
sS'nap'
p2402
I70
sS'tits'
p2403
I70
sS'grind'
p2404
I70
sS'nice'
p2405
I68
sS'explaining'
p2406
I70
sS'fendi'
p2407
I70
sS'papi'
p2408
I70
sS'smitten'
p2409
I70
sS'problems'
p2410
I69
sS'helping'
p2411
I70
sS'scholarships'
p2412
I70
sS'smiled'
p2413
I70
sS'earphones'
p2414
I70
sS'wristband'
p2415
I70
sS'ago'
p2416
I68
sS'20:37:18.0,34.0279273,-118.2913763,2219,james'
p2417
I70
sS'remix'
p2418
I69
sS'land'
p2419
I69
sS'e'
p2420
I69
sS'followback\xe2\x9d\x97\xef\xb8\x8fretweet'
p2421
I70
sS'lana'
p2422
I69
sS'age'
p2423
I67
sS'youtube'
p2424
I70
sS'walked'
p2425
I70
sS'cooked'
p2426
I70
sS'beverage'
p2427
I70
sS'karma'
p2428
I70
sS'far'
p2429
I70
sS"she's"
p2430
I67
sS'2008'
p2431
I70
sS'berries'
p2432
I70
sS'having'
p2433
I65
sS'evenly'
p2434
I70
sS'essay'
p2435
I69
sS"venti's"
p2436
I70
sS'essay\xe2\x80\xa6'
p2437
I70
sS'campbell\xe2\x80\x9dmaybe'
p2438
I70
sS'katt'
p2439
I70
sS'steve'
p2440
I69
sS'gf'
p2441
I70
sS'gang'
p2442
I70
sS'refound'
p2443
I70
sS'go'
p2444
I51
sS'sammieeee'
p2445
I70
sS'tweeted'
p2446
I70
sS'chillin'
p2447
I70
sS'arin'
p2448
I70
sS'adopt-a-college-student'
p2449
I70
sS'visiting'
p2450
I70
sS'young'
p2451
I70
sS'send'
p2452
I70
sS'aunties'
p2453
I70
sS'retweets'
p2454
I68
sS"depescemode's"
p2455
I70
sS'20:45:26.0,34.0279273,-118.2913763,2219,fashoo'
p2456
I70
sS'sent'
p2457
I70
sS'pay'
p2458
I70
sS'random'
p2459
I70
sS'outside'
p2460
I69
sS'wave'
p2461
I70
sS'03:42:40.0,34.0256173,-118.29581,2219,i'
p2462
I70
sS'wishes'
p2463
I70
sS'facebook'
p2464
I70
sS'telling'
p2465
I70
sS'drinking'
p2466
I68
sS'continued'
p2467
I70
sS'legos'
p2468
I70
sS'entire'
p2469
I70
sS'notes'
p2470
I68
sS'gettin'
p2471
I70
sS'michael'
p2472
I70
sS"they've"
p2473
I70
sS'try'
p2474
I69
sS'race'
p2475
I69
sS'retweeted'
p2476
I70
sS'havent'
p2477
I69
sS'tru'
p2478
I67
sS'nah\xe2\x80\x9dhahaha'
p2479
I70
sS'pledge'
p2480
I70
sS"badboi\xe2\x80\x9ddon't"
p2481
I70
sS'jump'
p2482
I70
sS'video'
p2483
I70
sS'jared'
p2484
I70
sS'spaghetti'
p2485
I70
sS'ads/cft'
p2486
I70
sS'graduating'
p2487
I70
sS'optimize'
p2488
I70
sS'business'
p2489
I70
sS'giving'
p2490
I70
sS'sangria'
p2491
I70
sS"man's"
p2492
I70
sS'cell'
p2493
I70
sS'internship'
p2494
I70
sS'waiting'
p2495
I65
sS'clipboard'
p2496
I70
sS'19:27:28.0,34.0279562,-118.2958499,2219,followback'
p2497
I70
sS'shit:/'
p2498
I70
sS'flash'
p2499
I70
sS'led'
p2500
I70
sS'praise'
p2501
I70
sS'commercial'
p2502
I70
sS'scrollers'
p2503
I70
sS'following'
p2504
I70
sS'les'
p2505
I70
sS'let'
p2506
I68
sS'puede'
p2507
I70
sS'tv'
p2508
I70
sS'sing'
p2509
I70
sS'extra\xc3\xb1o'
p2510
I70
sS'great'
p2511
I60
sS'talent'
p2512
I70
sS'affordable'
p2513
I70
sS'leaving'
p2514
I69
sS'agarrarte'
p2515
I70
sS"waitin'"
p2516
I70
sS"weren't"
p2517
I69
sS'jajajajajajja'
p2518
I70
sS'makes'
p2519
I66
sS'3%'
p2520
I70
sS'thats'
p2521
I66
sS'yoshinoya'
p2522
I70
sS'named'
p2523
I69
sS'writer'
p2524
I70
sS'heart'
p2525
I68
sS'win'
p2526
I70
sS'app'
p2527
I69
sS'confession'
p2528
I69
sS'clara'
p2529
I70
sS'outcomes'
p2530
I70
sS'wit'
p2531
I70
sS'bust'
p2532
I69
sS'motor'
p2533
I70
sS'apc'
p2534
I70
sS'predicted'
p2535
I70
sS'standing'
p2536
I70
sS'use'
p2537
I67
sS'hahahahaha'
p2538
I69
sS'crap'
p2539
I69
sS'entiendo'
p2540
I70
sS'&'
p2541
I38
sS'chi'
p2542
I70
sS'cray'
p2543
I70
sS'next'
p2544
I59
sS'few'
p2545
I68
sS'doubt'
p2546
I70
sS'vehicle'
p2547
I70
sS'd'
p2548
I70
sS',90007\n494522811205943296,swipe_game_mean,2014-07-30'
p2549
I70
sS'spr'
p2550
I70
sS'wakeeywakey'
p2551
I70
sS'babe'
p2552
I68
sS'rich'
p2553
I70
sS'started'
p2554
I66
sS'halloween'
p2555
I70
sS'kiosk'
p2556
I70
sS'sister'
p2557
I70
sS'confused'
p2558
I70
sS'sore'
p2559
I70
sS'babs'
p2560
I70
sS'train'
p2561
I61
sS'baby'
p2562
I67
sS'central'
p2563
I70
sS'garamond'
p2564
I70
sS'podcast'
p2565
I70
sS'women'
p2566
I70
sS'salad'
p2567
I69
sS'midterm'
p2568
I70
sS'this'
p2569
I16
sS'ride'
p2570
I67
sS'mommas'
p2571
I70
sS'anywhere'
p2572
I70
sS'thin'
p2573
I70
sS'lng'
p2574
I70
sS'island'
p2575
I70
sS'meet'
p2576
I69
sS'closing'
p2577
I70
sS'didnt'
p2578
I70
sS'control'
p2579
I69
sS'"lay'
p2580
I70
sS'yeaaaa'
p2581
I69
sS'thirsty'
p2582
I69
sS'plate'
p2583
I69
sS'process'
p2584
I70
sS'hauntingly'
p2585
I70
sS'tax'
p2586
I70
sS'high'
p2587
I67
sS'pulling'
p2588
I70
sS'something'
p2589
I68
sS'tab'
p2590
I70
sS'pedir\xc3\xada'
p2591
I70
sS'blvd'
p2592
I70
sS'founding'
p2593
I70
sS'shrimp'
p2594
I69
sS'patronize'
p2595
I70
sS'attachment'
p2596
I70
sS'luke'
p2597
I70
sS'heaux'
p2598
I70
sS'instead'
p2599
I68
sS'stand'
p2600
I69
sS'de'
p2601
I68
sS'maternal'
p2602
I70
sS'attend'
p2603
I70
sS'watch'
p2604
I64
sS'youve'
p2605
I70
sS'bothered'
p2606
I69
sS'pharrel'
p2607
I70
sS'muhl'
p2608
I70
sS'wrist'
p2609
I70
sS'hahahaha'
p2610
I70
sS'reggie'
p2611
I70
sS'tongue'
p2612
I70
sS'$$$$$$'
p2613
I70
sS'realized'
p2614
I69
sS'light'
p2615
I68
sS'cudi'
p2616
I70
sS'9am'
p2617
I70
sS'honestly'
p2618
I66
sS'temp'
p2619
I70
sS'lunarglide'
p2620
I70
sS'addiction'
p2621
I70
sS'volunteers'
p2622
I70
sS'bochy'
p2623
I70
sS'counted'
p2624
I70
sS'mustache'
p2625
I70
sS'move'
p2626
I68
sS'equally'
p2627
I70
sS'macklemore'
p2628
I70
sS"won't"
p2629
I69
sS'looks'
p2630
I62
sS'19:54:36.0,34.0268055,-118.2927449,2219,are'
p2631
I70
sS'shonda'
p2632
I70
sS'charlene'
p2633
I70
sS'perfect'
p2634
I68
sS'superior'
p2635
I67
sS'blake'
p2636
I70
sS'la'
p2637
I55
sS'nostalgia'
p2638
I70
sS'li'
p2639
I70
sS'estimating'
p2640
I70
sS'tyler'
p2641
I70
sS'degrees'
p2642
I69
sS'button'
p2643
I70
sS'12.9k'
p2644
I70
sS'bye'
p2645
I68
sS'spot'
p2646
I70
sS'pending'
p2647
I70
sS'dad'
p2648
I66
sS'later'
p2649
I70
sS'practice'
p2650
I70
sS'mention'
p2651
I69
sS'naaaoooommmii'
p2652
I70
sS"ito's"
p2653
I70
sS'hands'
p2654
I69
sS'day'
p2655
I43
sS'escuela'
p2656
I70
sS'isn\xe2\x80\x99t'
p2657
I70
sS'damian'
p2658
I70
sS'edit'
p2659
I70
sS'warned'
p2660
I70
sS'university'
p2661
I66
sS'nfl'
p2662
I70
sS'tues'
p2663
I70
sS'20:35:55.0,34.0279273,-118.2913763,2219,wyd'
p2664
I70
sS'weather'
p2665
I70
sS'eml'
p2666
I70
sS'nationals'
p2667
I70
sS'|'
p2668
I70
sS'experienced'
p2669
I70
sS'cry'
p2670
I70
sS'bueno'
p2671
I70
sS'anklet'
p2672
I70
sS'doing'
p2673
I63
sS'adventure'
p2674
I70
sS'strip'
p2675
I70
sS'spielberg'
p2676
I70
sS'pantry'
p2677
I70
sS'inhalants...i'
p2678
I70
sS'82'
p2679
I70
sS'our'
p2680
I66
sS'80'
p2681
I69
sS'patch'
p2682
I70
sS'special'
p2683
I69
sS'out'
p2684
I31
sS'category'
p2685
I70
sS'matt'
p2686
I70
sS'w/o'
p2687
I70
sS'grits'
p2688
I70
sS'cause'
p2689
I68
sS'revoke'
p2690
I70
sS'families/'
p2691
I70
sS'hip-hopera'
p2692
I70
sS'frank'
p2693
I70
sS'ipod'
p2694
I70
sS'scrubbss'
p2695
I70
sS'1984'
p2696
I70
sS'leaves'
p2697
I70
sS'alex'
p2698
I70
sS'completely'
p2699
I70
sS'que'
p2700
I67
sS'york'
p2701
I70
sS'you!"'
p2702
I70
sS'comeback'
p2703
I70
sS'stupidity'
p2704
I70
sS'princess'
p2705
I70
sS'"can'
p2706
I70
sS'scary'
p2707
I69
sS'backwards'
p2708
I70
sS'g'
p2709
I70
sS'snapchats'
p2710
I68
sS'could'
p2711
I62
sS'skateboard'
p2712
I70
sS'monica'
p2713
I70
sS'keep'
p2714
I68
sS'conversation'
p2715
I70
sS'davis'
p2716
I70
sS'"christina'
p2717
I70
sS'\xe2\x9d\xa4\xe2\x9d\xa4'
p2718
I70
sS'scare'
p2719
I70
sS'south'
p2720
I70
sS'kendall'
p2721
I69
sS'incarnate'
p2722
I69
sS'distracted'
p2723
I70
sS'"gotta'
p2724
I70
sS'owned'
p2725
I70
sS'jesus'
p2726
I68
sS'bitch'
p2727
I70
sS'idc'
p2728
I70
sS'highkey'
p2729
I70
sS'prank'
p2730
I69
sS"doesn't"
p2731
I70
sS'playlist'
p2732
I69
sS"cook...'"
p2733
I70
sS'los'
p2734
I62
sS'porque'
p2735
I70
sS'creator'
p2736
I70
sS'hilary'
p2737
I70
sS'adopted'
p2738
I70
sS'estemos'
p2739
I70
sS'their'
p2740
I60
sS'messing'
p2741
I70
sS'final'
p2742
I67
sS'photoshopped'
p2743
I70
sS'stars'
p2744
I69
sS'academy'
p2745
I70
sS'nobody'
p2746
I69
sS'lists'
p2747
I69
sS'blazers'
p2748
I70
sS'unsubscribe'
p2749
I70
sS'bieber'
p2750
I69
sS'july'
p2751
I70
sS'loved'
p2752
I70
sS'*smacks'
p2753
I70
sS'risk\xe2\x9d\x97'
p2754
I70
sS"kanye's"
p2755
I70
sS'bed'
p2756
I60
sS'bey'
p2757
I69
sS'03:02:28.0,34.0279866,-118.2958112,2219,attention'
p2758
I70
sS'students.\xe2\x80\x9d'
p2759
I70
sS'abolished'
p2760
I70
sS'providing'
p2761
I70
sS'bet'
p2762
I70
sS'broadway'
p2763
I70
sS'2014'
p2764
I70
sS'tabs'
p2765
I70
sS'p.s'
p2766
I70
sS'spelled'
p2767
I70
sS'uhmazing'
p2768
I70
sS'tonight'
p2769
I55
sS'is250'
p2770
I70
sS'have'
p2771
I25
sS'need'
p2772
I57
sS'north'
p2773
I70
sS'apparently'
p2774
I68
sS'screw'
p2775
I69
sS'congrats'
p2776
I70
sS'mia'
p2777
I70
sS'studying'
p2778
I69
sS'able'
p2779
I70
sS'switch'
p2780
I70
sS'bagel'
p2781
I69
sS'mix'
p2782
I70
sS'which'
p2783
I70
sS'arliss'
p2784
I70
sS'='
p2785
I68
sS'kelly'
p2786
I70
sS'aww'
p2787
I69
sS'who'
p2788
I28
sS'dkny'
p2789
I70
sS'montana'
p2790
I70
sS'sedan'
p2791
I70
sS'future'
p2792
I70
sS'class'
p2793
I60
sS'a(live)wake'
p2794
I70
sS'ei*breath*ther'
p2795
I70
sS'upset'
p2796
I70
sS'thanksgiving'
p2797
I69
sS'face'
p2798
I69
sS'looked'
p2799
I68
sS"you'll"
p2800
I70
sS'resolution:2160p'
p2801
I70
sS'snapshot'
p2802
I70
sS'yum'
p2803
I70
sS'fighter?"'
p2804
I70
sS'skinny'
p2805
I70
sS'newtown'
p2806
I70
sS'noire'
p2807
I70
sS'oreos'
p2808
I70
sS'text'
p2809
I68
sS'yaaaaaaass'
p2810
I70
sS'bring'
p2811
I70
sS'planning'
p2812
I70
sS'traitor'
p2813
I70
sS'lloyd'
p2814
I70
sS'bedroom'
p2815
I69
sS'fear'
p2816
I69
sS'pleased'
p2817
I70
sS'basquiat'
p2818
I70
sS'staff'
p2819
I70
sS'inspiring'
p2820
I70
sS'5pm'
p2821
I70
sS'based'
p2822
I70
sS'jay'
p2823
I69
sS'('
p2824
I66
sS'should'
p2825
I67
sS'brighter'
p2826
I70
sS"there's"
p2827
I65
sS'lemme'
p2828
I70
sS'libre'
p2829
I70
sS'fuel'
p2830
I69
sS'girlie'
p2831
I70
sS'local'
p2832
I70
sS'hope'
p2833
I67
sS'indignant'
p2834
I70
sS'handle'
p2835
I69
sS'watching'
p2836
I65
sS'beat'
p2837
I69
sS'familiar'
p2838
I70
sS'dope'
p2839
I70
sS'props'
p2840
I70
sS'lucky'
p2841
I69
sS'tbh'
p2842
I62
sS'awww'
p2843
I70
sS'ones'
p2844
I68
sS'perfection'
p2845
I70
sS'words'
p2846
I69
sS'timing'
p2847
I70
sS'rite'
p2848
I70
sS'kardashians'
p2849
I70
sS'ghetto'
p2850
I70
sS'comme'
p2851
I70
sS'champagne'
p2852
I70
sS'dps'
p2853
I70
sS'pharrell'
p2854
I70
sS'course'
p2855
I70
sS'hair\xe2\x9c\x82\xef\xb8\x8f'
p2856
I70
sS'stanford'
p2857
I68
sS'lala'
p2858
I70
sS'calling'
p2859
I69
sS'deserve.\xe2\x80\x9d'
p2860
I70
sS'stuff'
p2861
I68
sS'\xe2\x98\x85\xd2\x89\xe2\x98\x85\xd2\x89\xe2\x98\x85\xd2\x89\xe2\x9e\x8a'
p2862
I70
sS'she'
p2863
I65
sS'contain'
p2864
I70
sS'yassss'
p2865
I69
sS'ohio'
p2866
I68
sS'grab'
p2867
I69
sS'grad'
p2868
I69
sS'\xe2\x95\xa0\xe2\x98\x86\xe2\x95\xa3'
p2869
I68
sS'we'
p2870
I59
sS'peavy'
p2871
I70
sS'computer'
p2872
I69
sS'hear'
p2873
I70
sS'chacos'
p2874
I70
sS'alt-r&b'
p2875
I70
sS'magoo'
p2876
I70
sS'destiny'
p2877
I70
sS'beg'
p2878
I70
sS'nightmare'
p2879
I70
sS'posse'
p2880
I70
sS'ralph'
p2881
I70
sS"bambi's"
p2882
I70
sS'genius'
p2883
I69
sS'hammock'
p2884
I70
sS'closed'
p2885
I70
sS'jamaican'
p2886
I70
sS'email'
p2887
I70
sS'bought'
p2888
I69
sS'ken'
p2889
I70
sS'ends'
p2890
I70
sS'exam'
p2891
I70
sS'amen'
p2892
I70
sS'deseo'
p2893
I70
sS'focus'
p2894
I70
sS'weren\xe2\x80\x99t'
p2895
I70
sS'the\xe2\x80\xa6'
p2896
I70
sS'job'
p2897
I67
sS'spoil'
p2898
I70
sS'police'
p2899
I70
sS'swift'
p2900
I70
sS'hobo'
p2901
I69
sS'staring'
p2902
I69
sS'commenting'
p2903
I70
sS'limits'
p2904
I70
sS'joke'
p2905
I70
sS'taking'
p2906
I68
sS'agree'
p2907
I70
sS'busted'
p2908
I69
sS'dryers'
p2909
I69
sS'"naked'
p2910
I70
sS'safely'
p2911
I70
sS'chapstick'
p2912
I70
sS'otherwise'
p2913
I70
sS'hehehe'
p2914
I70
sS'tuesday'
p2915
I70
sS'cg'
p2916
I70
sS'makin'
p2917
I70
sS'lk'
p2918
I70
sS'arugula'
p2919
I69
sS'arghh'
p2920
I70
sS'gurbaksh'
p2921
I70
sS'[pic]'
p2922
I70
sS'pouring'
p2923
I70
sS'yay'
p2924
I68
sS'reexamine'
p2925
I70
sS"it's"
p2926
I33
sS'doordarshan'
p2927
I70
sS'sara'
p2928
I70
sS'bbc'
p2929
I70
sS'coaching'
p2930
I70
sS'yas'
p2931
I70
sS'exhausted'
p2932
I70
sS'yah'
p2933
I70
sS'yak'
p2934
I70
sS'ah'
p2935
I70
sS'bewildering'
p2936
I70
sS'stickwitu'
p2937
I70
sS'bbq'
p2938
I70
sS'>'
p2939
I68
sS'lane'
p2940
I70
sS'16:40:00.0,34.0279131,-118.2958145,2219,damn'
p2941
I70
sS'circus'
p2942
I70
sS'painted'
p2943
I70
sS'hmu'
p2944
I69
sS're-up'
p2945
I70
sS'finished'
p2946
I67
sS'tonight...:)))))))'
p2947
I70
sS'-.-'
p2948
I70
sS'bull'
p2949
I70
sS'brunch'
p2950
I70
sS'despite'
p2951
I69
sS'present'
p2952
I68
sS'hommes'
p2953
I70
sS'frappy'
p2954
I70
sS'bahama'
p2955
I70
sS'tlfollow'
p2956
I70
sS'headspace'
p2957
I70
sS'will'
p2958
I43
sS'gucci'
p2959
I70
sS'hahaha'
p2960
I64
sS'frappe'
p2961
I70
sS'pictures'
p2962
I70
sS'handwriting'
p2963
I70
sS'ultra'
p2964
I70
sS'frustrating'
p2965
I70
sS'~'
p2966
I70
sS'gamma'
p2967
I70
sS'sad"'
p2968
I70
sS'group'
p2969
I70
sS'almost'
p2970
I68
sS'fw14'
p2971
I70
sS'site'
p2972
I69
sS'helped'
p2973
I69
sS'vs'
p2974
I69
sS'avi'
p2975
I69
sS'sociales'
p2976
I70
sS'work!"'
p2977
I70
sS'hubbard'
p2978
I70
sS'empesar\xc3\xa9'
p2979
I70
sS'23:51:38.0,34.0279254,-118.2958236,2219,step'
p2980
I70
sS'perhaps'
p2981
I70
sS'juan'
p2982
I70
sS'cross'
p2983
I69
sS'helicopters'
p2984
I70
sS'shuttle'
p2985
I66
sS'party'
p2986
I66
sS'gets'
p2987
I69
sS'bestest'
p2988
I70
sS'injured'
p2989
I70
sS'now!!follow'
p2990
I69
sS'ball'
p2991
I69
sS'innings'
p2992
I70
sS'promo'
p2993
I70
sS'absorb'
p2994
I70
sS'retweet\xe2\x98\x91\xef\xb8\x8f'
p2995
I70
sS'drink'
p2996
I69
sS'collab'
p2997
I70
sS'ion'
p2998
I70
sS'padres'
p2999
I70
sS'uni'
p3000
I70
sS'tg'
p3001
I70
sS'l.a'
p3002
I70
sS'cuter'
p3003
I70
sS'//'
p3004
I70
sS'off'
p3005
I59
sS'center'
p3006
I69
sS'records'
p3007
I70
sS'i'
p3008
I2
sS'variety'
p3009
I70
sS'well'
p3010
I66
sS'21:00:53.0,34.0273665,-118.2920605,2219,u'
p3011
I70
sS'thought'
p3012
I63
sS'palaces'
p3013
I70
sS'trials'
p3014
I70
sS'position'
p3015
I70
sS'uno'
p3016
I70
sS'rush'
p3017
I70
sS'latest'
p3018
I70
sS'less'
p3019
I70
sS'moments'
p3020
I70
sS'9/9/14'
p3021
I70
sS'\xe2\x98\xba'
p3022
I70
sS'laurel'
p3023
I70
sS'paul'
p3024
I70
sS'brad'
p3025
I69
sS'tight'
p3026
I70
sS'vida'
p3027
I69
sS'drunk'
p3028
I70
sS'realize'
p3029
I70
sS'ignorance'
p3030
I70
sS'other'
p3031
I65
sS'combine'
p3032
I70
sS'attractive'
p3033
I70
sS'voila'
p3034
I70
sS'wey'
p3035
I70
sS'match'
p3036
I70
sS'details'
p3037
I70
sS"who's"
p3038
I67
sS'(cap)'
p3039
I70
sS'haus'
p3040
I70
sS'touch\xc3\xa9'
p3041
I70
sS'know'
p3042
I40
sS'deployment'
p3043
I70
sS'redesign'
p3044
I70
sS'20:24:54.0,34.0283828,-118.2924685,2219,wassup'
p3045
I70
sS'loss'
p3046
I68
sS'like'
p3047
I23
sS'success'
p3048
I69
sS'talkin'
p3049
I70
sS'cosas'
p3050
I70
sS'happyyybirthday'
p3051
I70
sS'payments'
p3052
I70
sS'surgery'
p3053
I70
sS'clutch'
p3054
I70
sS'become'
p3055
I68
sS'inexpensive\xe2\x80\xa6'
p3056
I70
sS'works'
p3057
I70
sS'page'
p3058
I70
sS'regardless'
p3059
I70
sS'wonders'
p3060
I70
sS'gaining'
p3061
I70
sS'now??follow'
p3062
I70
sS'nigga'
p3063
I62
sS'scared'
p3064
I69
sS'pablo'
p3065
I70
sS'alive'
p3066
I70
sS'tumblr'
p3067
I69
sS'boy\xe2\x9d\xa4\xef\xb8\x8f'
p3068
I70
sS'home'
p3069
I64
sS'lykke'
p3070
I70
sS'recognition'
p3071
I70
sS'happens'
p3072
I70
sS'imposible'
p3073
I70
sS'crewing'
p3074
I70
sS'jeremy'
p3075
I70
sS'jonesie'
p3076
I70
sS'lead'
p3077
I70
sS'jefferson/hoover'
p3078
I70
sS'literally'
p3079
I65
sS'\xe2\x80\x9csunday'
p3080
I70
sS'hurricane'
p3081
I70
sS'does'
p3082
I62
sS'chainz'
p3083
I70
sS'esa'
p3084
I70
sS'truffle'
p3085
I70
sS'ripped'
p3086
I70
sS'blowing'
p3087
I70
sS'schedule'
p3088
I70
sS'(car)'
p3089
I70
sS'lighthouse'
p3090
I70
sS'slut'
p3091
I70
sS'left!!!/'
p3092
I70
sS'mcalister'
p3093
I69
sS'although'
p3094
I70
sS'pasta'
p3095
I70
sS'fllowers'
p3096
I70
sS'stage'
p3097
I70
sS'jam'
p3098
I70
sS'about'
p3099
I45
sS'gearfest'
p3100
I70
sS'actual'
p3101
I68
sS'justin'
p3102
I68
sS'getting'
p3103
I59
sS'spilled'
p3104
I70
sS'nightclub'
p3105
I70
sS'angeles'
p3106
I35
sS'swear'
p3107
I68
sS'tomb'
p3108
I69
sS'obnoxiously'
p3109
I70
sS'*\xe2\x99\xa1'
p3110
I70
sS'own'
p3111
I68
sS'luhv'
p3112
I70
sS'champ'
p3113
I70
sS'old."'
p3114
I70
sS'8/10'
p3115
I70
sS'voluntad'
p3116
I70
sS'grupo'
p3117
I70
sS'2k14'
p3118
I64
sS'acavamietos'
p3119
I70
sS'housing'
p3120
I68
sS'firefighter'
p3121
I70
sS'spots'
p3122
I70
sS'kidding'
p3123
I70
sS'post-ironic'
p3124
I70
sS'bump'
p3125
I70
sS'whoo'
p3126
I70
sS'inner'
p3127
I70
sS'muerto'
p3128
I70
sS'20:18:04.0,34.0273665,-118.2920605,2219,u'
p3129
I70
sS'naturally'
p3130
I70
sS'function'
p3131
I70
sS'buy'
p3132
I69
sS'alexa'
p3133
I70
sS"i've"
p3134
I59
sS'hr'
p3135
I70
sS'funds'
p3136
I70
sS'bitches'
p3137
I70
sS'but'
p3138
I27
sS'hated'
p3139
I70
sS'reminds'
p3140
I70
sS'hi'
p3141
I69
sS'gain'
p3142
I50
sS'eat'
p3143
I69
sS'he'
p3144
I54
sS'made'
p3145
I65
sS'converter'
p3146
I70
sS'places'
p3147
I70
sS'whether'
p3148
I69
sS'wish'
p3149
I65
sS'official'
p3150
I69
sS"'wow"
p3151
I70
sS'replay'
p3152
I70
sS'stories'
p3153
I70
sS'monument'
p3154
I70
sS'minutes'
p3155
I69
sS'tonight\xe2\x80\x99s'
p3156
I70
sS'chip'
p3157
I70
sS'send\xe2\x80\xa6'
p3158
I70
sS'whatever'
p3159
I70
sS'thoterita'
p3160
I70
sS'pic'
p3161
I68
sS'pie'
p3162
I70
sS'is?"'
p3163
I70
sS'nahh???follow'
p3164
I70
sS'mysteriously'
p3165
I70
sS'campus'
p3166
I68
sS'jesse'
p3167
I70
sS'contest'
p3168
I70
sS'dressed'
p3169
I70
sS'45'
p3170
I70
sS'claiming'
p3171
I70
sS'lately'
p3172
I69
sS'book'
p3173
I68
sS"bby's"
p3174
I70
sS'sick'
p3175
I69
sS'obsessed'
p3176
I70
sS'03:22:46.0,34.025599,-118.295745,2219,get'
p3177
I70
sS'conclusion'
p3178
I70
sS'"security'
p3179
I70
sS'repeat'
p3180
I70
sS'monday'
p3181
I70
sS'5:45am'
p3182
I70
sS'stay'
p3183
I69
sS'mysore'
p3184
I70
sS'chance'
p3185
I70
sS'kinda'
p3186
I68
sS'badass'
p3187
I70
sS'privileges'
p3188
I70
sS'friends'
p3189
I65
sS'in"'
p3190
I70
sS'goin'
p3191
I70
sS"pitt's"
p3192
I70
sS'\xe2\x80\x94'
p3193
I70
sS'\xe2\x80\x9d'
p3194
I70
sS'rule'
p3195
I70
sS'commencement'
p3196
I70
sS'macchiato'
p3197
I70
sS'write'
p3198
I69
sS'4k'
p3199
I70
sS'dominoes'
p3200
I70
sS'00:42:44.0,34.0279055,-118.295888,2219,\xe2\x98\x85'
p3201
I70
sS'"the'
p3202
I70
sS'gardens'
p3203
I69
sS'8th'
p3204
I70
s.