(dp0
S''
p1
I2
sS'raining'
p2
I44
sS'hoursss'
p3
I44
sS'sleep'
p4
I38
sS'hating'
p5
I44
sS'lmfaaaooo'
p6
I44
sS'captain'
p7
I44
sS'hate'
p8
I41
sS'"aw'
p9
I44
sS'buddy'
p10
I44
sS'aug'
p11
I44
sS'tweet'
p12
I44
sS'under'
p13
I44
sS'estupidota'
p14
I44
sS'sorry'
p15
I44
sS'hilarious'
p16
I44
sS'every'
p17
I42
sS'jack'
p18
I41
sS'school'
p19
I43
sS'"don\'t'
p20
I44
sS'ups'
p21
I44
sS'clothes'
p22
I44
sS'enjoy'
p23
I44
sS'force'
p24
I44
sS'specially'
p25
I44
sS'esos'
p26
I44
sS'29th'
p27
I44
sS'shut'
p28
I43
sS'second'
p29
I43
sS'even'
p30
I41
sS'lights'
p31
I39
sS'new'
p32
I41
sS'ever'
p33
I43
sS'told'
p34
I40
sS'crunch'
p35
I44
sS'kicked'
p36
I44
sS'never'
p37
I39
sS'here'
p38
I38
sS'\xe2\x9d\xa4\xef\xb8\x8f'
p39
I42
sS"aren't"
p40
I44
sS'heard\xe2\x9d\xa4\xef\xb8\x8f'
p41
I44
sS'kids'
p42
I40
sS'aks'
p43
I44
sS'k'
p44
I42
sS'changed'
p45
I44
sS'reports'
p46
I44
sS'walkin'
p47
I43
sS"i'd"
p48
I43
sS'smoke'
p49
I43
sS'military'
p50
I44
sS"i'm"
p51
I10
sS'feelings'
p52
I44
sS'bro'
p53
I40
sS'hahahahah'
p54
I44
sS'would'
p55
I38
sS'sweater'
p56
I44
sS'motivate'
p57
I44
sS'call'
p58
I39
sS'roshes'
p59
I44
sS'type'
p60
I43
sS'tell'
p61
I41
sS'females'
p62
I44
sS'posting'
p63
I44
sS'holy'
p64
I44
sS'naive'
p65
I44
sS'haha'
p66
I43
sS'hurt'
p67
I44
sS'phone'
p68
I40
sS'hold'
p69
I43
sS'97'
p70
I44
sS'must'
p71
I43
sS'me'
p72
I8
sS'locked'
p73
I44
sS'1996'
p74
I44
sS'work'
p75
I40
sS'my'
p76
I5
sS'could'
p77
I39
sS'give'
p78
I42
sS'ygt'
p79
I44
sS'veggies'
p80
I44
sS'want'
p81
I35
sS'keep'
p82
I41
sS'guarantee'
p83
I44
sS'end'
p84
I42
sS'thing'
p85
I39
sS'travel'
p86
I44
sS'song'
p87
I44
sS'how'
p88
I37
sS'amazing'
p89
I43
sS'agone'
p90
I44
sS'hop'
p91
I44
sS'answer'
p92
I44
sS'beach'
p93
I42
sS'pizza'
p94
I44
sS'veggie"'
p95
I44
sS'bday'
p96
I43
sS'earlier'
p97
I43
sS'thankyou'
p98
I44
sS'poked'
p99
I44
sS'law'
p100
I44
sS'lap'
p101
I44
sS"they're"
p102
I44
sS'think'
p103
I38
sS'sickening'
p104
I44
sS'18th'
p105
I44
sS'keeps'
p106
I44
sS'order'
p107
I44
sS'salon'
p108
I44
sS'office'
p109
I44
sS'over'
p110
I34
sS'kickoff'
p111
I44
sS'before'
p112
I43
sS'ima'
p113
I42
sS'fit'
p114
I44
sS'better'
p115
I40
sS'nightbomb'
p116
I44
sS'weeks'
p117
I44
sS'eugene'
p118
I44
sS'then'
p119
I40
sS'them'
p120
I38
sS'doghouse'
p121
I44
sS'workout'
p122
I44
sS'safe'
p123
I43
sS"we'll"
p124
I44
sS'break'
p125
I44
sS'\xe2\x98\xba\xef\xb8\x8f'
p126
I44
sS'but.it'
p127
I44
sS'bread'
p128
I44
sS'meat'
p129
I44
sS'chuck'
p130
I44
sS'fitness'
p131
I44
sS'went'
p132
I44
sS'side'
p133
I44
sS'luck'
p134
I44
sS'celebrating'
p135
I44
sS'dawg'
p136
I43
sS'forgot'
p137
I43
sS'smores'
p138
I44
sS'message'
p139
I44
sS'whip'
p140
I44
sS'rt'
p141
I44
sS'driving'
p142
I41
sS'rs'
p143
I44
sS'haired'
p144
I44
sS'washed'
p145
I44
sS'tomorrow'
p146
I42
sS're'
p147
I44
sS'smh'
p148
I43
sS'surprise'
p149
I44
sS'rn'
p150
I43
sS'goles'
p151
I44
sS"you're"
p152
I39
sS'dracula'
p153
I44
sS'free'
p154
I43
sS'icky'
p155
I44
sS'struggle'
p156
I44
sS'wanted'
p157
I44
sS'\\"today'
p158
I44
sS'messages'
p159
I44
sS'days'
p160
I44
sS'fuckin'
p161
I44
sS'bitttccchhhhhhh'
p162
I44
sS'already'
p163
I42
sS'>>'
p164
I44
sS'hook'
p165
I44
sS'maidana'
p166
I44
sS'hood'
p167
I44
sS'hipno'
p168
I44
sS'basketball'
p169
I44
sS'dogg'
p170
I44
sS'girls'
p171
I42
sS'dumbass'
p172
I44
sS'too'
p173
I39
sS'hollywood'
p174
I44
sS'dogs'
p175
I43
sS'gym'
p176
I41
sS'took'
p177
I43
sS'nirvana'
p178
I44
sS'stocking'
p179
I44
sS'showed'
p180
I44
sS'tree'
p181
I44
sS'shower'
p182
I44
sS'matter'
p183
I44
sS'classes'
p184
I44
sS'speaking'
p185
I44
sS'feeling'
p186
I43
sS'offcial'
p187
I44
sS'mind'
p188
I43
sS'talking'
p189
I44
sS'seen'
p190
I40
sS'-'
p191
I44
sS'chest'
p192
I44
sS'though'
p193
I44
sS'freeway'
p194
I44
sS'points'
p195
I44
sS'came'
p196
I44
sS'saying'
p197
I44
sS'bomb'
p198
I40
sS'make'
p199
I39
sS'figueroa'
p200
I42
sS'cousins'
p201
I44
sS'rice'
p202
I44
sS'wearing'
p203
I42
sS'do'
p204
I35
sS'waoh'
p205
I44
sS'de'
p206
I44
sS'watch'
p207
I42
sS'da'
p208
I41
sS'cracks'
p209
I44
sS'wedding'
p210
I44
sS'$10'
p211
I44
sS'nasty'
p212
I44
sS'dr'
p213
I44
sS'12-0'
p214
I44
sS'17'
p215
I44
sS'greens'
p216
I44
sS'officially'
p217
I44
sS'hello'
p218
I44
sS'bay'
p219
I43
sS'bad'
p220
I34
sS'bae'
p221
I44
sS'w/e'
p222
I44
sS'effing'
p223
I44
sS'habit'
p224
I44
sS'w/'
p225
I42
sS'liquor'
p226
I44
sS'resist'
p227
I44
sS'best'
p228
I40
sS'said'
p229
I43
sS'away'
p230
I43
sS"there's"
p231
I44
sS'mum'
p232
I44
sS'approach'
p233
I44
sS'we'
p234
I32
sS'omg'
p235
I42
sS"steveaoki's"
p236
I44
sS'wear'
p237
I41
sS'wtf'
p238
I41
sS'news'
p239
I43
sS'protect'
p240
I44
sS'cow'
p241
I43
sS'met'
p242
I44
sS'ncaa'
p243
I44
sS'adventures'
p244
I44
sS'against'
p245
I44
sS'games'
p246
I44
sS'surprises'
p247
I44
sS'blonde'
p248
I44
sS'lol\xe2\x80\x9di'
p249
I44
sS'conference'
p250
I44
sS'contestants'
p251
I44
sS'"you'
p252
I44
sS'been'
p253
I39
sS'cyrus'
p254
I44
sS'beer'
p255
I44
sS'much'
p256
I40
sS'puta'
p257
I44
sS'life'
p258
I39
sS'sprite'
p259
I44
sS'spit'
p260
I44
sS'sunshine'
p261
I44
sS'worker'
p262
I43
sS'fest'
p263
I44
sS'child'
p264
I44
sS'cunt'
p265
I44
sS'chill'
p266
I43
sS'gracias'
p267
I44
sS'tank'
p268
I44
sS'n'
p269
I41
sS'ugly'
p270
I42
sS'cane'
p271
I44
sS'played'
p272
I44
sS'is'
p273
I18
sS'it'
p274
I12
sS'shame'
p275
I44
sS'im'
p276
I41
sS'in'
p277
I9
sS'shopand'
p278
I44
sS'ig'
p279
I44
sS'if'
p280
I28
sS'things'
p281
I42
sS'tucking'
p282
I44
sS'forehead'
p283
I44
sS'wheel'
p284
I44
sS'hang'
p285
I44
sS'rain'
p286
I43
sS'kim'
p287
I43
sS'jealous'
p288
I43
sS'tuna'
p289
I44
sS'fuxking'
p290
I44
sS"he'll"
p291
I44
sS'thoughts'
p292
I44
sS'kid'
p293
I44
sS'hacer'
p294
I44
sS'vermont'
p295
I39
sS'..gaining'
p296
I44
sS'game'
p297
I42
sS'tho'
p298
I43
sS'burgers'
p299
I44
sS'the'
p300
I3
sS'left'
p301
I42
sS"she'll"
p302
I44
sS'just'
p303
I16
sS'sentence'
p304
I44
sS'yea'
p305
I44
sS'photo'
p306
I44
sS'sleepy'
p307
I44
sS'grades'
p308
I44
sS'financially'
p309
I44
sS'thanks'
p310
I36
sS'yet'
p311
I42
sS'previous'
p312
I44
sS'adding'
p313
I44
sS'cherry'
p314
I44
sS'ease'
p315
I44
sS'ela'
p316
I44
sS'had'
p317
I41
sS'(los'
p318
I42
sS'has'
p319
I40
sS'bng'
p320
I44
sS'aras'
p321
I44
sS'vanessa'
p322
I44
sS'bands'
p323
I44
sS'possibly'
p324
I44
sS'judge'
p325
I44
sS'apart'
p326
I44
sS'texts'
p327
I44
sS'night'
p328
I41
sS'right'
p329
I39
sS'old'
p330
I44
sS'people'
p331
I37
sS'kbbq'
p332
I44
sS'dear'
p333
I44
sS'finna'
p334
I44
sS'for'
p335
I14
sS'notification'
p336
I44
sS'everything'
p337
I42
sS'treadmill'
p338
I44
sS'plz'
p339
I44
sS'losing'
p340
I44
sS'super'
p341
I44
sS'herpes'
p342
I44
sS'musiq'
p343
I44
sS'plus'
p344
I44
sS'commit'
p345
I44
sS'tonights'
p346
I44
sS'soa'
p347
I44
sS'aha'
p348
I44
sS'son'
p349
I44
sS'down'
p350
I42
sS'thankful'
p351
I44
sS'wussup'
p352
I44
sS'support'
p353
I44
sS'way'
p354
I36
sS'music'
p355
I43
sS'wat'
p356
I43
sS'was'
p357
I24
sS'happy'
p358
I32
sS'head'
p359
I43
sS'lowc'
p360
I44
sS'deny'
p361
I44
sS'hear'
p362
I44
sS'?cause'
p363
I44
sS'attached'
p364
I44
sS'until'
p365
I44
sS'panels'
p366
I44
sS'promises'
p367
I44
sS'tournament'
p368
I44
sS'hungry'
p369
I43
sS'annoying'
p370
I44
sS'check'
p371
I44
sS'shit'
p372
I36
sS'dying'
p373
I44
sS'no'
p374
I25
sS'when'
p375
I27
sS'smell'
p376
I44
sS'roll'
p377
I44
sS'picture'
p378
I44
sS'phoenix'
p379
I44
sS'felt'
p380
I44
sS'weirdest'
p381
I44
sS"let's"
p382
I43
sS'fell'
p383
I42
sS'snooze'
p384
I44
sS'weekend'
p385
I44
sS'assume'
p386
I44
sS'together'
p387
I44
sS'loyal'
p388
I44
sS'time'
p389
I33
sS'push'
p390
I44
sS'serious'
p391
I43
sS'basically'
p392
I44
sS':)'
p393
I39
sS'ron'
p394
I44
sS'dance'
p395
I44
sS'crocodile'
p396
I44
sS'mile'
p397
I43
sS'suicide'
p398
I44
sS'zone'
p399
I44
sS'finally'
p400
I43
sS'brown'
p401
I44
sS'advantage'
p402
I44
sS':c'
p403
I43
sS'vegas'
p404
I41
sS'stays'
p405
I44
sS':p'
p406
I44
sS'cool'
p407
I44
sS'clouds'
p408
I44
sS'hour'
p409
I44
sS'did'
p410
I40
sS'brother'
p411
I44
sS'cloudy'
p412
I44
sS'p'
p413
I44
sS'soooo'
p414
I43
sS'team'
p415
I42
sS'quick'
p416
I44
sS'guy'
p417
I43
sS'round'
p418
I44
sS'says'
p419
I44
sS"don't....i'm"
p420
I44
sS'eating'
p421
I43
sS'yoda'
p422
I44
sS'curse'
p423
I44
sS'adds'
p424
I44
sS'goes'
p425
I44
sS'reply'
p426
I44
sS'falling'
p427
I44
sS'1230'
p428
I44
sS'genes'
p429
I44
sS'french'
p430
I44
sS'along'
p431
I44
sS'change'
p432
I43
sS'wait'
p433
I42
sS'box'
p434
I42
sS'boy'
p435
I44
sS'boo'
p436
I43
sS'weird'
p437
I44
sS'lmfaoooo'
p438
I44
sS'love'
p439
I30
sS'fake'
p440
I43
sS'chipotleeee'
p441
I44
sS'everybody'
p442
I42
sS'working'
p443
I43
sS'you."'
p444
I44
sS'dude'
p445
I41
sS'by'
p446
I41
sS'live'
p447
I44
sS'black'
p448
I43
sS'thru'
p449
I44
sS'today'
p450
I38
sS'sharing'
p451
I44
sS'club'
p452
I44
sS'oregon'
p453
I43
sS'teaser'
p454
I44
sS'everywhere'
p455
I44
sS'niggas'
p456
I43
sS'car'
p457
I42
sS'soul'
p458
I44
sS'niggaz'
p459
I44
sS'wallet'
p460
I44
sS'homie'
p461
I44
sS'can'
p462
I34
sS'heart'
p463
I44
sS'crazy'
p464
I41
sS'muah'
p465
I43
sS'awesome'
p466
I43
sS"didn't"
p467
I44
sS'fuck'
p468
I31
sS'heard'
p469
I43
sS'write'
p470
I44
sS'till'
p471
I44
sS'sunday'
p472
I44
sS'sworn'
p473
I44
sS'may'
p474
I42
sS'cuhz'
p475
I44
sS'disgusted'
p476
I44
sS'membership'
p477
I44
sS'birthday'
p478
I40
sS'such'
p479
I42
sS'suck'
p480
I44
sS'guys'
p481
I43
sS'man'
p482
I26
sS'remember'
p483
I43
sS'mayweather'
p484
I43
sS'maybe'
p485
I42
sS'rollin'
p486
I44
sS'switch'
p487
I44
sS'so'
p488
I19
sS'tall'
p489
I44
sS'fireball'
p490
I44
sS'pulled'
p491
I44
sS'talk'
p492
I44
sS'cute'
p493
I43
sS'serving'
p494
I44
sS'shoes'
p495
I44
sS'years'
p496
I43
sS'course'
p497
I44
sS'kanye'
p498
I44
sS'cold'
p499
I44
sS'still'
p500
I38
sS'thank'
p501
I42
sS"he's"
p502
I43
sS'hot'
p503
I44
sS'3'
p504
I43
sS'lunch'
p505
I44
sS'not'
p506
I23
sS'now'
p507
I35
sS'killed'
p508
I44
sS'nor'
p509
I44
sS'clutch'
p510
I44
sS'drop'
p511
I44
sS"birthday'"
p512
I44
sS'el'
p513
I44
sS'en'
p514
I44
sS'lowkey'
p515
I44
sS'ed'
p516
I44
sS'yeah'
p517
I39
sS'catching'
p518
I44
sS'ex'
p519
I44
sS'year'
p520
I44
sS'ft'
p521
I44
sS'girl'
p522
I41
sS'living'
p523
I44
sS'workaholic'
p524
I44
sS'3rd'
p525
I44
sS'reveled'
p526
I44
sS'looking'
p527
I41
sS'mess'
p528
I43
sS'seriously'
p529
I44
sS'smalls'
p530
I44
sS'after'
p531
I44
sS'cars'
p532
I43
sS'brooks'
p533
I44
sS'disrespect'
p534
I44
sS'cara'
p535
I44
sS'yup'
p536
I44
sS'wattz'
p537
I44
sS'turn'
p538
I43
sS'place'
p539
I44
sS'childhood'
p540
I44
sS'first'
p541
I42
sS'oni'
p542
I44
sS'xd'
p543
I44
sS'one'
p544
I32
sS'fast'
p545
I42
sS'sounds'
p546
I43
sS'drove'
p547
I44
sS'open'
p548
I44
sS'george'
p549
I44
sS'size'
p550
I43
sS'city'
p551
I39
sS'little'
p552
I40
sS'2'
p553
I38
sS'friend'
p554
I41
sS'x/'
p555
I44
sS'that'
p556
I13
sS'jabronis'
p557
I44
sS'hun'
p558
I44
sS'x2'
p559
I44
sS'than'
p560
I41
sS'10'
p561
I43
sS'12'
p562
I43
sS'15'
p563
I44
sS'lmao'
p564
I32
sS'case?\xe2\x80\x9d'
p565
I44
sS'gotta'
p566
I42
sS'r'
p567
I44
sS'were'
p568
I42
sS'cards'
p569
I44
sS'sean'
p570
I44
sS'and'
p571
I9
sS'<\\3'
p572
I44
sS'craig'
p573
I44
sS'sad'
p574
I43
sS'say'
p575
I39
sS'anger'
p576
I44
sS'breakfast'
p577
I43
sS'saw'
p578
I39
sS'providaaaa'
p579
I44
sS'take'
p580
I38
sS'online'
p581
I44
sS'performance'
p582
I44
sS'begin'
p583
I44
sS'sure'
p584
I43
sS'opposite'
p585
I44
sS'cheesecake'
p586
I44
sS'pair'
p587
I44
sS'forever'
p588
I43
sS'especially'
p589
I44
sS'proud'
p590
I44
sS'drive'
p591
I44
sS'tooth'
p592
I44
sS'shop'
p593
I42
sS'shot'
p594
I44
sS'show'
p595
I39
sS'anyone."'
p596
I44
sS'corner'
p597
I44
sS'takin'
p598
I44
sS'hustler'
p599
I44
sS'aint'
p600
I44
sS'pump'
p601
I44
sS'only'
p602
I38
sS'going'
p603
I36
sS'money?"'
p604
I44
sS'\xe2\x99\xa1'
p605
I44
sS'get'
p606
I22
sS'freaking'
p607
I44
sS'cruda'
p608
I44
sS'morning'
p609
I38
sS'"rage'
p610
I44
sS'jokes'
p611
I44
sS'stupid'
p612
I42
sS'roger'
p613
I44
sS'miley'
p614
I44
sS'finishing'
p615
I44
sS'where'
p616
I42
sS"y'all"
p617
I43
sS'concert'
p618
I43
sS'seat'
p619
I43
sS'asleep'
p620
I42
sS'anyways'
p621
I43
sS'smiling'
p622
I44
sS'wonder'
p623
I44
sS'wheel"'
p624
I44
sS'outside'
p625
I43
sS'5:30'
p626
I44
sS'screen'
p627
I44
sS'killing'
p628
I44
sS'jk'
p629
I44
sS'come'
p630
I39
sS'coupons'
p631
I44
sS'daddy'
p632
I43
sS'many'
p633
I42
sS's'
p634
I43
sS"can't"
p635
I38
sS'"get'
p636
I44
sS'por'
p637
I44
sS'period'
p638
I44
sS'cancel'
p639
I44
sS'caring'
p640
I44
sS'west'
p641
I44
sS'mars'
p642
I44
sS'sesh'
p643
I44
sS'feel??\xe2\x80\x9d'
p644
I44
sS'wants'
p645
I42
sS'paying'
p646
I44
sS'myself'
p647
I41
sS'these'
p648
I41
sS'bottles"jocc'
p649
I44
sS'coffee'
p650
I44
sS'sleeping'
p651
I44
sS'good'
p652
I33
sS'everyday'
p653
I43
sS'williams'
p654
I44
sS'pay'
p655
I44
sS'nighter'
p656
I44
sS'same'
p657
I42
sS'trip'
p658
I44
sS'ya'
p659
I43
sS'pac'
p660
I43
sS'emojis'
p661
I44
sS'contouring'
p662
I44
sS'week'
p663
I35
sS'tipsy'
p664
I44
sS'weed'
p665
I44
sS'running'
p666
I44
sS'two'
p667
I44
sS'\xe2\x9c\x8c\xef\xb8\x8f'
p668
I41
sS'flaked'
p669
I44
sS'magical'
p670
I44
sS'costo'
p671
I44
sS'very'
p672
I44
sS'bumping'
p673
I44
sS'summer'
p674
I44
sS'they'
p675
I35
sS'being'
p676
I41
sS'money'
p677
I44
sS'kill'
p678
I44
sS'speed'
p679
I44
sS'thinking'
p680
I44
sS'wordbut'
p681
I44
sS"everyone's"
p682
I44
sS'4'
p683
I41
sS'ross'
p684
I44
sS'real'
p685
I39
sS'starving'
p686
I44
sS'read'
p687
I44
sS'<<<<<'
p688
I44
sS'gonna'
p689
I36
sS'early'
p690
I44
sS'traffic'
p691
I42
sS'listening'
p692
I43
sS'world'
p693
I42
sS'achieve'
p694
I44
sS'passionate'
p695
I44
sS'cowboys'
p696
I44
sS'thinks'
p697
I44
sS'memories'
p698
I44
sS'nooo'
p699
I44
sS'moon'
p700
I44
sS'kms'
p701
I44
sS'lmfao'
p702
I39
sS'nails'
p703
I44
sS'each'
p704
I44
sS'broken'
p705
I44
sS'heart<3'
p706
I44
sS'throw'
p707
I44
sS'on'
p708
I14
sS'ok'
p709
I44
sS'island'
p710
I44
sS'you.,90037\n507387087914418176,katherineee_gee,2014-09-04'
p711
I44
sS'favorite'
p712
I44
sS'hicky'
p713
I44
sS'shrimp'
p714
I44
sS'stand'
p715
I44
sS'mean'
p716
I44
sS'or'
p717
I35
sS'elementary'
p718
I44
sS'your'
p719
I31
sS'stare'
p720
I44
sS'her'
p721
I35
sS'assumed'
p722
I44
sS'there'
p723
I41
sS'hey'
p724
I44
sS'lol'
p725
I18
sS'lmfaooo'
p726
I44
sS'lot'
p727
I44
sS'bubble'
p728
I44
sS'enough'
p729
I43
sS'babbyyyyy'
p730
I44
sS'jus'
p731
I44
sS'trying'
p732
I41
sS'with'
p733
I17
sS'bundy'
p734
I43
sS'pull'
p735
I44
sS'waste'
p736
I44
sS'rage'
p737
I44
sS'swole'
p738
I44
sS'dirty'
p739
I43
sS'gone'
p740
I42
sS'gumbo'
p741
I44
sS'videos'
p742
I44
sS'af'
p743
I44
sS'exhausted'
p744
I44
sS'am'
p745
I38
sS'al'
p746
I43
sS'an'
p747
I41
sS'as'
p748
I38
sS'ar'
p749
I44
sS'at'
p750
I11
sS'moves'
p751
I44
sS'film'
p752
I44
sS'again'
p753
I42
sS"luis's"
p754
I44
sS'5'
p755
I43
sS'you'
p756
I7
sS'important'
p757
I44
sS'chris'
p758
I44
sS'blazin'
p759
I44
sS'finals'
p760
I44
sS'3-2'
p761
I44
sS'barcelona'
p762
I44
sS'3-0'
p763
I44
sS'u'
p764
I30
sS'snaochat'
p765
I44
sS'god'
p766
I43
sS'alright'
p767
I44
sS'all'
p768
I25
sS'hooked'
p769
I44
sS'suburban'
p770
I44
sS'follow'
p771
I44
sS'imma'
p772
I44
sS'wassup'
p773
I44
sS'tn'
p774
I44
sS'to'
p775
I4
sS'tl'
p776
I44
sS'chewing'
p777
I44
sS'tf'
p778
I43
sS'woman'
p779
I44
sS'worse'
p780
I44
sS'sitting'
p781
I43
sS'far'
p782
I43
sS'horror'
p783
I44
sS'fat'
p784
I43
sS'hahahahahahaha'
p785
I44
sS'ionroad!check'
p786
I44
sS'got'
p787
I24
sS'montana-'
p788
I44
sS'triggz'
p789
I44
sS'upppp'
p790
I44
sS'trippin'
p791
I44
sS'washing'
p792
I44
sS'large'
p793
I44
sS'perdi\xc3\xb3'
p794
I44
sS"i'll"
p795
I39
sS'nba'
p796
I44
sS'what'
p797
I36
sS'sun'
p798
I44
sS'skywalker'
p799
I44
sS'guns'
p800
I43
sS'vamos'
p801
I44
sS'full'
p802
I43
sS'loose'
p803
I44
sS'hours'
p804
I44
sS'trunk'
p805
I44
sS'cappella'
p806
I44
sS'pics'
p807
I44
sS'pico'
p808
I44
sS'pick'
p809
I43
sS'via'
p810
I44
sS'family'
p811
I43
sS'thickxc'
p812
I44
sS'grubbing'
p813
I44
sS'ask'
p814
I42
sS'semester'
p815
I43
sS'toys'
p816
I44
sS'gosh'
p817
I44
sS'munchies'
p818
I44
sS'takes'
p819
I44
sS'turnnnntttt'
p820
I44
sS'orale'
p821
I44
sS'shits'
p822
I44
sS'more'
p823
I37
sS'tryna'
p824
I44
sS'israel'
p825
I44
sS'door'
p826
I42
sS'landed'
p827
I44
sS"ain't"
p828
I41
sS'stick'
p829
I44
sS'broke'
p830
I44
sS'hurry'
p831
I44
sS'salvador'
p832
I44
sS'sucks'
p833
I44
sS'mall'
p834
I44
sS'del'
p835
I43
sS'learn'
p836
I44
sS'knocked'
p837
I44
sS'martens'
p838
I44
sS'def'
p839
I44
sS'beautiful'
p840
I42
sS'compare'
p841
I44
sS'needs'
p842
I44
sS'quesadilla'
p843
I44
sS'sandwich'
p844
I44
sS'okay'
p845
I41
sS'advice'
p846
I44
sS'fb'
p847
I44
sS'coming'
p848
I42
sS'fo'
p849
I44
sS'a'
p850
I6
sS'short'
p851
I44
sS'dream'
p852
I44
sS'playing'
p853
I44
sS"that's"
p854
I38
sS"don't"
p855
I20
sS'sooo'
p856
I44
sS'soon'
p857
I43
sS'paper'
p858
I44
sS'through'
p859
I44
sS'signs'
p860
I44
sS'mcdonalds'
p861
I44
sS'its'
p862
I38
sS'24'
p863
I44
sS'style'
p864
I44
sS'21'
p865
I44
sS'actually'
p866
I44
sS'late'
p867
I43
sS'argentino'
p868
I44
sS'bout'
p869
I44
sS'soccer'
p870
I44
sS"haven't"
p871
I43
sS'evening'
p872
I44
sS'somebody'
p873
I42
sS'yo'
p874
I43
sS'food'
p875
I43
sS'starbucks'
p876
I44
sS'always'
p877
I38
sS'again\xe2\x80\x9d'
p878
I44
sS'drake'
p879
I44
sS'someone'
p880
I43
sS'stopped'
p881
I44
sS'mendiga'
p882
I44
sS'know..get'
p883
I44
sS'everyone'
p884
I39
sS'weight'
p885
I43
sS'idek'
p886
I44
sS'house'
p887
I43
sS'fish'
p888
I44
sS'hard'
p889
I41
sS"'happy"
p890
I44
sS'gum'
p891
I44
sS'really'
p892
I30
sS'prolly'
p893
I44
sS'since'
p894
I43
sS'promo'
p895
I44
sS'misses'
p896
I44
sS'blunts'
p897
I44
sS'issue'
p898
I44
sS'ass'
p899
I28
sS'friday'
p900
I43
sS'houses'
p901
I44
sS'reason'
p902
I44
sS'cookie'
p903
I43
sS'asf'
p904
I44
sS'put'
p905
I43
sS'rises'
p906
I44
sS'owners'
p907
I44
sS'benefits'
p908
I44
sS'clutch\xe2\x80\x9d'
p909
I44
sS'feel'
p910
I40
sS'sailor'
p911
I44
sS'done'
p912
I42
sS'miss'
p913
I42
sS'18"'
p914
I44
sS'yonga'
p915
I44
sS'least'
p916
I43
sS'statement'
p917
I44
sS'mama'
p918
I44
sS'store'
p919
I44
sS'headache'
p920
I44
sS'passed'
p921
I43
sS'behind'
p922
I43
sS'you\xe2\x80\x9d'
p923
I44
sS'part'
p924
I44
sS'believe'
p925
I43
sS'std'
p926
I44
sS'kind'
p927
I44
sS'b'
p928
I44
sS'supposed'
p929
I44
sS'alike'
p930
I44
sS'thought'
p931
I44
sS'nights'
p932
I44
sS'dancing'
p933
I44
sS'lil'
p934
I43
sS'eff'
p935
I44
sS'cornbread'
p936
I44
sS'play'
p937
I43
sS'added'
p938
I44
sS'salmon'
p939
I43
sS'most'
p940
I44
sS'75'
p941
I44
sS'plan'
p942
I43
sS'nothing'
p943
I44
sS'grams'
p944
I44
sS'windows'
p945
I44
sS'sometimes'
p946
I44
sS'ko'
p947
I44
sS'clean'
p948
I44
sS'\xe2\x98\x80\xef\xb8\x8f'
p949
I44
sS'stoner'
p950
I42
sS'copyright'
p951
I44
sS'pinche'
p952
I43
sS'"thank'
p953
I44
sS'wayne'
p954
I44
sS'pretty'
p955
I44
sS'hip'
p956
I44
sS'swolfies'
p957
I44
sS'his'
p958
I37
sS'hit'
p959
I42
sS'meanwhile'
p960
I44
sS'trees'
p961
I44
sS'feels'
p962
I43
sS'him'
p963
I35
sS'cry'
p964
I43
sS'set'
p965
I43
sS'throwing'
p966
I44
sS'fozzy'
p967
I44
sS'sex'
p968
I43
sS'see'
p969
I38
sS'bare'
p970
I44
sS'are'
p971
I32
sS'close'
p972
I44
sS'arm'
p973
I44
sS'learns'
p974
I44
sS'movie'
p975
I44
sS'wow'
p976
I41
sS'please'
p977
I42
sS'pickup'
p978
I44
sS'won'
p979
I44
sS'probably'
p980
I44
sS'rite'
p981
I44
sS'europe'
p982
I44
sS'lyrical'
p983
I44
sS'pissed'
p984
I44
sS'both'
p985
I44
sS'c'
p986
I43
sS'last'
p987
I41
sS"wouldn't"
p988
I43
sS'retarded'
p989
I44
sS'bond'
p990
I44
sS'\xe2\x98\xba'
p991
I44
sS'point'
p992
I44
sS'community'
p993
I44
sS'ahorita'
p994
I44
sS'likes'
p995
I44
sS'secret'
p996
I44
sS'dropping'
p997
I44
sS'damn'
p998
I43
sS'ph'
p999
I44
sS'empty'
p1000
I44
sS'lived'
p1001
I44
sS'gay'
p1002
I43
sS"what's"
p1003
I44
sS'transferring'
p1004
I44
sS'gas'
p1005
I44
sS'else'
p1006
I41
sS'whatever'
p1007
I44
sS'awake'
p1008
I44
sS'busta'
p1009
I44
sS'look'
p1010
I39
sS'straight'
p1011
I44
sS'while'
p1012
I43
sS'fun'
p1013
I44
sS'robin'
p1014
I44
sS'pound'
p1015
I44
sS'hoping'
p1016
I44
sS'rip'
p1017
I44
sS'ready'
p1018
I43
sS'anymore'
p1019
I44
sS'away"'
p1020
I44
sS'grand'
p1021
I44
sS'9'
p1022
I44
sS'eww'
p1023
I44
sS'used'
p1024
I43
sS'keys'
p1025
I44
sS'turrnnnnn'
p1026
I44
sS'yesterday'
p1027
I44
sS'moment'
p1028
I44
sS'moving'
p1029
I44
sS'user'
p1030
I44
sS'sandals'
p1031
I44
sS'recent'
p1032
I44
sS'older'
p1033
I43
sS'anybody'
p1034
I43
sS'person'
p1035
I43
sS'flags'
p1036
I44
sS'mom'
p1037
I40
sS'using'
p1038
I44
sS'useful'
p1039
I44
sS'cut'
p1040
I44
sS'acapella'
p1041
I44
sS'cup'
p1042
I44
sS'gooorl'
p1043
I44
sS"jerry's"
p1044
I44
sS'workers'
p1045
I44
sS'cuz'
p1046
I41
sS'parents'
p1047
I44
sS'crying'
p1048
I44
sS'homies'
p1049
I44
sS'snap'
p1050
I44
sS'big'
p1051
I36
sS'redeem'
p1052
I44
sS'ditching'
p1053
I44
sS'knock'
p1054
I44
sS'moira'
p1055
I44
sS'pounds'
p1056
I44
sS'ignore'
p1057
I44
sS'arthur'
p1058
I44
sS'quebuena'
p1059
I44
sS'actin'
p1060
I44
sS'chamaco'
p1061
I44
sS'fucking'
p1062
I37
sS'then....hats'
p1063
I44
sS'some'
p1064
I36
sS'back'
p1065
I35
sS'b4'
p1066
I44
sS'palm'
p1067
I44
sS'ginarozzay'
p1068
I44
sS'contacts'
p1069
I44
sS'be'
p1070
I15
sS'run'
p1071
I44
sS'bc'
p1072
I43
sS"'this"
p1073
I44
sS'withdrawals'
p1074
I44
sS'intense'
p1075
I44
sS'cautious'
p1076
I44
sS'anything'
p1077
I43
sS"mcdonald's"
p1078
I40
sS'idk'
p1079
I44
sS'bish'
p1080
I44
sS'wanna'
p1081
I42
sS'ppl'
p1082
I43
sS'seeing'
p1083
I44
sS'into'
p1084
I44
sS'momma'
p1085
I44
sS'nigga'
p1086
I36
sS'"see'
p1087
I44
sS'ca)'
p1088
I42
sS'long'
p1089
I42
sS'careena'
p1090
I44
sS'camera'
p1091
I44
sS"we're"
p1092
I43
sS'himself'
p1093
I44
sS'5-0'
p1094
I44
sS'4ever'
p1095
I44
sS'biggie'
p1096
I44
sS'up'
p1097
I21
sS'us'
p1098
I42
sS'ur'
p1099
I44
sS"tomorrow's"
p1100
I44
sS'fried'
p1101
I44
sS'cover'
p1102
I44
sS'tyrese'
p1103
I44
sS'single'
p1104
I44
sS'...the'
p1105
I44
sS'10mph'
p1106
I44
sS'105.5'
p1107
I44
sS'fears'
p1108
I44
sS'nap'
p1109
I44
sS'nat'
p1110
I44
sS'b/c'
p1111
I44
sS'energetic'
p1112
I44
sS'haterz'
p1113
I44
sS'cumbias'
p1114
I44
sS"hard'"
p1115
I44
sS'earphones'
p1116
I44
sS'ago'
p1117
I44
sS'cooked'
p1118
I44
sS'depth'
p1119
I44
sS'pues'
p1120
I44
sS"she's"
p1121
I43
sS'having'
p1122
I44
sS'code'
p1123
I44
sS'tweeter'
p1124
I44
sS'gd'
p1125
I44
sS'go'
p1126
I33
sS'send'
p1127
I44
sS'helps'
p1128
I44
sS'wished'
p1129
I44
sS'cake?"no'
p1130
I44
sS'facebook'
p1131
I43
sS'telling'
p1132
I44
sS'drinking'
p1133
I44
sS'fatteri'
p1134
I44
sS'scronny'
p1135
I44
sS'try'
p1136
I43
sS':)\xe2\x80\x9d'
p1137
I44
sS'pussycats'
p1138
I44
sS'booty'
p1139
I44
sS'video'
p1140
I44
sS'graduating'
p1141
I44
sS'non-newbies'
p1142
I44
sS'giving'
p1143
I44
sS'anthem'
p1144
I44
sS'espa\xc3\xb1a'
p1145
I44
sS'waiting'
p1146
I44
sS'twins'
p1147
I44
sS'expresses'
p1148
I44
sS'body'
p1149
I43
sS'"true"on'
p1150
I44
sS'sins'
p1151
I44
sS'let'
p1152
I42
sS'others'
p1153
I44
sS'11:30-8'
p1154
I44
sS'irritating'
p1155
I44
sS'settling'
p1156
I44
sS'great'
p1157
I41
sS'32'
p1158
I44
sS'eastside'
p1159
I44
sS'leaving'
p1160
I44
sS'makes'
p1161
I43
sS'thats'
p1162
I44
sS'win'
p1163
I43
sS'ibu...really'
p1164
I44
sS'duck'
p1165
I44
sS'singing'
p1166
I44
sS'bfs'
p1167
I44
sS'use'
p1168
I44
sS'from'
p1169
I38
sS'&'
p1170
I30
sS'next'
p1171
I43
sS'few'
p1172
I43
sS'doubt'
p1173
I44
sS'coldplay'
p1174
I44
sS'started'
p1175
I44
sS'sister'
p1176
I42
sS'confused'
p1177
I43
sS'baby'
p1178
I41
sS'central'
p1179
I43
sS'justin'
p1180
I44
sS'customer'
p1181
I44
sS'this'
p1182
I24
sS'ride'
p1183
I44
sS'pour'
p1184
I44
sS'ch4'
p1185
I43
sS'thin'
p1186
I43
sS'awwhh'
p1187
I44
sS'of'
p1188
I23
sS'meet'
p1189
I44
sS'drops'
p1190
I44
sS'control'
p1191
I44
sS'halloween'
p1192
I44
sS'pulling'
p1193
I44
sS'something'
p1194
I41
sS'tan'
p1195
I44
sS'six'
p1196
I44
sS'swear'
p1197
I43
sS'panic'
p1198
I44
sS'stop'
p1199
I41
sS'waters'
p1200
I44
sS'taco'
p1201
I43
sS'1880'
p1202
I44
sS'honestly'
p1203
I43
sS'classy'
p1204
I44
sS'move'
p1205
I44
sS"won't"
p1206
I43
sS'looks'
p1207
I42
sS'perfect'
p1208
I43
sS'1'
p1209
I44
sS'le'
p1210
I44
sS'la'
p1211
I34
sS'winning'
p1212
I44
sS'degrees'
p1213
I44
sS'2014'
p1214
I44
sS'bye'
p1215
I44
sS'dad'
p1216
I44
sS'auto'
p1217
I44
sS'kiss'
p1218
I44
sS'ambition'
p1219
I44
sS'front'
p1220
I43
sS'day'
p1221
I34
sS'jackieeeeee'
p1222
I44
sS'pal'
p1223
I43
sS'doing'
p1224
I42
sS'our'
p1225
I44
sS'out'
p1226
I29
sS'respects'
p1227
I44
sS'swagfag'
p1228
I44
sS'cause'
p1229
I41
sS'harold'
p1230
I44
sS'surely'
p1231
I44
sS"poppin'"
p1232
I44
sS'47958'
p1233
I44
sS'mac'
p1234
I44
sS'times'
p1235
I43
sS'conversation'
p1236
I44
sS'...but'
p1237
I44
sS'south'
p1238
I44
sS'kendall'
p1239
I44
sS'finest'
p1240
I42
sS'jesus'
p1241
I44
sS'whoop'
p1242
I44
sS'bitch'
p1243
I36
sS"doesn't"
p1244
I43
sS'playlist'
p1245
I44
sS'accent'
p1246
I44
sS'their'
p1247
I43
sS'attack'
p1248
I44
sS'stomach'
p1249
I44
sS'dtla'
p1250
I44
sS'exactly'
p1251
I44
sS'bieber'
p1252
I44
sS'neck'
p1253
I44
sS'loved'
p1254
I44
sS'bother'
p1255
I44
sS'bed'
p1256
I44
sS'loves'
p1257
I44
sS'dumb'
p1258
I42
sS'bet'
p1259
I44
sS'viewer'
p1260
I44
sS'tonight'
p1261
I36
sS'have'
p1262
I28
sS'need'
p1263
I37
sS'chupeets'
p1264
I44
sS'apparently'
p1265
I44
sS'millz'
p1266
I44
sS'congrats'
p1267
I44
sS'4000'
p1268
I43
sS'able'
p1269
I43
sS'lils'
p1270
I44
sS'misplacing'
p1271
I44
sS'worldwide'
p1272
I44
sS'unless'
p1273
I44
sS'aww'
p1274
I44
sS'who'
p1275
I41
sS"where's"
p1276
I44
sS'why'
p1277
I39
sS'hypocrite'
p1278
I44
sS"you'll"
p1279
I43
sS'skinny'
p1280
I43
sS'deng'
p1281
I44
sS'fact'
p1282
I44
sS'text'
p1283
I43
sS'anyway'
p1284
I44
sS'bring'
p1285
I44
sS'planning'
p1286
I44
sS'inspiring'
p1287
I44
sS'earned'
p1288
I44
sS'should'
p1289
I42
sS'buttons'
p1290
I44
sS'hope'
p1291
I41
sS'meant'
p1292
I43
sS'handle'
p1293
I44
sS'means'
p1294
I44
sS'dope'
p1295
I44
sS'bear'
p1296
I44
sS'tbh'
p1297
I44
sS'awww'
p1298
I44
sS'words'
p1299
I44
sS'secret"'
p1300
I44
sS'ghetto'
p1301
I42
sS'hiring'
p1302
I44
sS'shy'
p1303
I44
sS'wilmington'
p1304
I44
sS'tuned'
p1305
I44
sS'stuff'
p1306
I44
sS'she'
p1307
I33
sS'fixed'
p1308
I44
sS'national'
p1309
I44
sS'favor'
p1310
I44
sS'written'
p1311
I44
sS'kidneys'
p1312
I44
sS'ffuck'
p1313
I44
sS'keg'
p1314
I44
sS'a.m'
p1315
I44
sS'job'
p1316
I42
sS'career'
p1317
I44
sS'april'
p1318
I44
sS'invites'
p1319
I44
sS'jersey'
p1320
I44
sS'stable..pay'
p1321
I44
sS'co'
p1322
I42
sS'wall'
p1323
I44
sS'teasing'
p1324
I44
sS'walk'
p1325
I41
sS'laugh'
p1326
I44
sS'cousin'
p1327
I44
sS'yay'
p1328
I43
sS"it's"
p1329
I36
sS'hunters'
p1330
I44
sS'drank'
p1331
I44
sS'shitshorty'
p1332
I44
sS'>'
p1333
I44
sS'hmm'
p1334
I44
sS'-.-'
p1335
I43
sS'nd'
p1336
I44
sS'promoter'
p1337
I44
sS'will'
p1338
I34
sS'canceled..so'
p1339
I44
sS'hahaha'
p1340
I40
sS'compton'
p1341
I43
sS'almost'
p1342
I42
sS'vs'
p1343
I44
sS'whore'
p1344
I44
sS'jenner'
p1345
I44
sS'tattoo'
p1346
I44
sS')'
p1347
I44
sS'member'
p1348
I44
sS'party'
p1349
I44
sS'gnight'
p1350
I44
sS'promoters'
p1351
I44
sS'drink'
p1352
I44
sS'ion'
p1353
I44
sS'fucken'
p1354
I43
sS'sisters'
p1355
I44
sS'tighter'
p1356
I44
sS'off'
p1357
I39
sS'i'
p1358
I1
sS'well'
p1359
I44
sS'welp'
p1360
I44
sS'oops'
p1361
I44
sS'stores'
p1362
I44
sS'drunk'
p1363
I44
sS'sky'
p1364
I44
sS'book'
p1365
I44
sS'twerk'
p1366
I44
sS'5am'
p1367
I44
sS'know'
p1368
I33
sS'loss'
p1369
I43
sS'like'
p1370
I17
sS'lost'
p1371
I44
sS'ring'
p1372
I44
sS'lose'
p1373
I43
sS'chick'
p1374
I44
sS'because'
p1375
I41
sS'scared'
p1376
I43
sS'hair'
p1377
I41
sS'home'
p1378
I41
sS'jeremy'
p1379
I44
sS'lead'
p1380
I44
sS'literally'
p1381
I43
sS'fedex'
p1382
I44
sS'does'
p1383
I42
sS'fanny'
p1384
I44
sS'choked'
p1385
I44
sS'annabelle'
p1386
I44
sS'inconsiderate'
p1387
I44
sS'about'
p1388
I30
sS':-)'
p1389
I44
sS':-/'
p1390
I44
sS'getting'
p1391
I42
sS'toms'
p1392
I44
sS'angeles'
p1393
I42
sS'blessings'
p1394
I44
sS'own'
p1395
I43
sS'haaaaay'
p1396
I44
sS'weather'
p1397
I44
sS'van'
p1398
I44
sS'noticed'
p1399
I44
sS'rcc'
p1400
I44
sS'buy'
p1401
I43
sS"i've"
p1402
I40
sS'coke'
p1403
I44
sS'bitches'
p1404
I44
sS'but'
p1405
I29
sS'reminds'
p1406
I44
sS'granny'
p1407
I44
sS'bitched'
p1408
I44
sS'eat'
p1409
I44
sS'bud'
p1410
I44
sS'he'
p1411
I32
sS'count'
p1412
I43
sS'made'
p1413
I40
sS'wise'
p1414
I44
sS'wish'
p1415
I42
sS'barbershop'
p1416
I44
sS'woke'
p1417
I44
sS'problem'
p1418
I42
sS'piece'
p1419
I44
sS'minutes'
p1420
I43
sS'pic'
p1421
I44
sS'gtfo'
p1422
I44
sS'beats'
p1423
I44
sS'3-1'
p1424
I44
sS'happen'
p1425
I44
sS'41'
p1426
I44
sS'other'
p1427
I43
sS'sick'
p1428
I44
sS'sooooo'
p1429
I44
sS'stay'
p1430
I42
sS'kinda'
p1431
I44
sS'friends'
p1432
I43
sS'dave'
p1433
I44
s.