(dp0
S''
p1
I4
sS'inning'
p2
I46
sS'kickstart'
p3
I46
sS'yellow'
p4
I46
sS'sleep'
p5
I44
sS'asian'
p6
I46
sS'beeeeyyyyoooond'
p7
I46
sS'hate'
p8
I43
sS'wizardry'
p9
I46
sS'puzzle/rpg'
p10
I46
sS'under'
p11
I45
sS'budda'
p12
I46
sS'callin'
p13
I46
sS'void'
p14
I46
sS'jack'
p15
I46
sS'encounter'
p16
I46
sS'school'
p17
I46
sS't-shirt...id'
p18
I46
sS'u\xe2\x80\x9d'
p19
I46
sS'clothes'
p20
I46
sS'tired'
p21
I46
sS'direct'
p22
I46
sS'second'
p23
I46
sS'even'
p24
I41
sS"tonight's"
p25
I46
sS'new'
p26
I39
sS'ever'
p27
I43
sS'told'
p28
I46
sS'mea'
p29
I46
sS'never'
p30
I33
sS'(los'
p31
I44
sS'met'
p32
I45
sS'16:49:03.0,33.98583813,-118.32574228,2347,ontas'
p33
I46
sS'active'
p34
I46
sS'herr'
p35
I46
sS'tatum'
p36
I46
sS"fred's"
p37
I45
sS'sesssions'
p38
I46
sS'walkin'
p39
I46
sS'credit'
p40
I45
sS"i'd"
p41
I46
sS'smoke'
p42
I44
sS"i'm"
p43
I29
sS'golden'
p44
I46
sS'ffxii'
p45
I46
sS'feelings'
p46
I46
sS'bro'
p47
I41
sS'01:31:47.0,33.98582791,-118.32399602,2347,wow'
p48
I46
sS'would'
p49
I39
sS'muthafuckaaa'
p50
I46
sS'music'
p51
I41
sS'e3'
p52
I44
sS'survive'
p53
I46
sS'until'
p54
I46
sS'holy'
p55
I46
sS'haha'
p56
I46
sS'phony'
p57
I46
sS'hurt'
p58
I46
sS'phone'
p59
I44
sS'(happy'
p60
I46
sS'fuqq'
p61
I46
sS'94'
p62
I46
sS'shoot'
p63
I45
sS'work'
p64
I44
sS'mh'
p65
I46
sS'mj'
p66
I46
sS'movies'
p67
I45
sS'cuddle'
p68
I46
sS'mechanic'
p69
I46
sS'mr'
p70
I45
sS'my'
p71
I18
sS'gloria'
p72
I46
sS'vodka'
p73
I46
sS'wana'
p74
I46
sS'give'
p75
I43
sS'indie'
p76
I45
sS'bennett'
p77
I46
sS'laughs'
p78
I46
sS'foods'
p79
I46
sS'timer'
p80
I46
sS'want'
p81
I38
sS'times'
p82
I46
sS'absolute'
p83
I46
sS'recovery'
p84
I46
sS'thing'
p85
I40
sS'eno'
p86
I46
sS'how'
p87
I31
sS'amazing'
p88
I43
sS'horror'
p89
I46
sS'hoy'
p90
I46
sS'badly'
p91
I46
sS'bangers'
p92
I46
sS'bday'
p93
I46
sS'after'
p94
I46
sS'01:01:20.0,33.98583084,-118.32398336,2347,wow'
p95
I46
sS'\xc3\x9735,90043\n496187982051684352,dirtbkoyslutty,2014-08-04'
p96
I46
sS'law'
p97
I46
sS"they're"
p98
I45
sS'purchase'
p99
I46
sS"00:05:23.0,33.98574643,-118.32407104,2347,don't"
p100
I46
sS'crensaw)'
p101
I46
sS'enter'
p102
I45
sS'14:41:17.0,33.9886757,-118.3307745,2347,damn'
p103
I46
sS'over'
p104
I37
sS'bleach'
p105
I46
sS',90043\n492565692751704065,dirtbkoyslutty,2014-07-25'
p106
I46
sS'matsumoto'
p107
I46
sS'london'
p108
I46
sS'vita'
p109
I42
sS'hook'
p110
I46
sS'before'
p111
I46
sS'ima'
p112
I43
sS'fit'
p113
I45
sS'somewhere'
p114
I46
sS'07:04:23.0,33.9856915,-118.3304968,2347,i'
p115
I46
sS'imo'
p116
I46
sS'better'
p117
I41
sS'whips'
p118
I46
sS'schoolk'
p119
I46
sS'then'
p120
I36
sS'them'
p121
I43
sS'workout'
p122
I46
sS'band'
p123
I46
sS'bang'
p124
I45
sS'therapy'
p125
I46
sS'they'
p126
I34
sS'one'
p127
I39
sS'bread'
p128
I46
sS'rocky'
p129
I46
sS'crunchy'
p130
I46
sS'victory'
p131
I46
sS'fitness'
p132
I46
sS'went'
p133
I46
sS'mean'
p134
I45
sS'gunna'
p135
I46
sS'series'
p136
I45
sS'forgot'
p137
I46
sS'ring'
p138
I46
sS'whip'
p139
I46
sS'rt'
p140
I44
sS'gon'
p141
I46
sS'(*^^*)'
p142
I46
sS'goe'
p143
I46
sS'god'
p144
I42
sS're'
p145
I46
sS'laid'
p146
I45
sS'nite'
p147
I46
sS'smh'
p148
I43
sS'got'
p149
I33
sS'rn'
p150
I43
sS"doesn't"
p151
I46
sS'admits'
p152
I46
sS'wanted'
p153
I46
sS'dammit'
p154
I46
sS'dayum'
p155
I46
sS'starts'
p156
I46
sS'days'
p157
I44
sS'shipped'
p158
I46
sS'speedy'
p159
I46
sS'competed'
p160
I45
sS'soda'
p161
I46
sS'(at'
p162
I46
sS'fuckin'
p163
I46
sS'angelou'
p164
I46
sS'already'
p165
I44
sS'wass'
p166
I46
sS'fantasy'
p167
I46
sS'delicious'
p168
I46
sS'hood'
p169
I40
sS'(pat'
p170
I46
sS'top'
p171
I46
sS'girls'
p172
I46
sS'needed'
p173
I46
sS'too'
p174
I39
sS'ayeeee'
p175
I46
sS"feelin'"
p176
I45
sS'dogs'
p177
I46
sS'listen'
p178
I46
sS'gym'
p179
I46
sS'took'
p180
I45
sS'target'
p181
I46
sS'sleep,90043\n492574578636369920,dirtbkoyslutty,2014-07-25'
p182
I46
sS'scenes'
p183
I46
sS'project'
p184
I46
sS'guilt'
p185
I46
sS'speaking'
p186
I46
sS'feeling'
p187
I46
sS'girl"'
p188
I46
sS'rad'
p189
I45
sS'youre'
p190
I46
sS'ran'
p191
I46
sS'mind'
p192
I10
sS'anybody'
p193
I45
sS'talking'
p194
I44
sS'rat'
p195
I46
sS'seen'
p196
I34
sS'mehhhh'
p197
I46
sS'-'
p198
I40
sS'1961'
p199
I46
sS'blue'
p200
I46
sS'sweep!(collective'
p201
I46
sS'though'
p202
I46
sS'*new'
p203
I46
sS'boardgame'
p204
I46
sS'audition'
p205
I46
sS'regular'
p206
I46
sS'germany'
p207
I46
sS'doo'
p208
I46
sS'lose'
p209
I46
sS'flow'
p210
I46
sS'doe'
p211
I45
sS'came'
p212
I43
sS'agnes'
p213
I46
sS'contacted'
p214
I46
sS'\xef\xbc\x83\xe3\x83\x95\xe3\x82\xa3\xe3\x83\x8a\xe3\x83\xab\xe3\x83\x95\xe3\x82\xa1\xe3\x83\xb3\xe3\x82\xbf\xe3\x82\xb8\xe3\x83\xbc'
p215
I46
sS'ff12'
p216
I46
sS'situations'
p217
I46
sS'mine.)'
p218
I46
sS'rico'
p219
I43
sS'theme'
p220
I46
sS'workouts/exercising'
p221
I46
sS'rich'
p222
I46
sS'dressing\xe2\x80\xa6'
p223
I46
sS'rice'
p224
I44
sS'?,90043\n492570571566092289,dirtbkoyslutty,2014-07-25'
p225
I46
sS'wearing'
p226
I46
sS'do'
p227
I36
sS'dm'
p228
I46
sS'de'
p229
I46
sS'stop'
p230
I45
sS'cardinals'
p231
I46
sS'da'
p232
I46
sS'fetish'
p233
I46
sS'story/visuals'
p234
I46
sS"amerika'z"
p235
I46
sS'tour.last'
p236
I46
sS'grilled'
p237
I45
sS'brazy'
p238
I46
sS'steam'
p239
I46
sS'ears'
p240
I10
sS'plsrt'
p241
I46
sS'fair'
p242
I46
sS'year\xe2\x99\xaachubby'
p243
I46
sS'liquor'
p244
I46
sS'iglesia'
p245
I46
sS'best'
p246
I44
sS'brazil'
p247
I46
sS'said'
p248
I46
sS"reactionary...i'm"
p249
I46
sS'interviewing'
p250
I46
sS'yet'
p251
I46
sS'00:35:24.0,33.98880754,-118.33087078,2347,fuck'
p252
I46
sS"there's"
p253
I46
sS'\xe6\x9c\x80\xe9\xab\x98'
p254
I46
sS'props'
p255
I46
sS'lazy'
p256
I45
sS'omg'
p257
I45
sS'weak'
p258
I46
sS'bosh'
p259
I46
sS'wear'
p260
I46
sS'wtf'
p261
I45
sS'cousin'
p262
I46
sS'nahhhh'
p263
I46
sS'cop'
p264
I46
sS'country'
p265
I46
sS'ill'
p266
I46
sS'cup'
p267
I46
sS'ave,90043\n492586373530927106,dirtbkoyslutty,2014-07-25'
p268
I46
sS'games'
p269
I46
sS'24-72'
p270
I46
sS'con'
p271
I45
sS'legs'
p272
I46
sS'speak'
p273
I46
sS'three'
p274
I46
sS'been'
p275
I45
sS'oooooo'
p276
I46
sS'much'
p277
I45
sS'curried'
p278
I45
sS'life'
p279
I45
sS'slauson'
p280
I41
sS'mushroom'
p281
I45
sS'09:13:28.0,33.9881493,-118.3276013,2347,wya'
p282
I46
sS'now...as'
p283
I46
sS'catch'
p284
I46
sS'tank'
p285
I46
sS'n'
p286
I46
sS'ugly'
p287
I46
sS'aid'
p288
I46
sS'\xe3\x81\x8f\xe3\x82\x8d\xe3\x81\xbe\xe3\x81\x98\xe3\x82\x85\xe3\x81\xa4\xe3\x81\x97'
p289
I46
sS"p4's"
p290
I46
sS'is'
p291
I16
sS'it'
p292
I15
sS'4real'
p293
I46
sS'cant'
p294
I46
sS'im'
p295
I34
sS'in'
p296
I19
sS'ia'
p297
I46
sS'id'
p298
I45
sS'if'
p299
I33
sS'portobello'
p300
I45
sS'suggest'
p301
I46
sS'make'
p302
I36
sS"france's"
p303
I46
sS'belly'
p304
I46
sS'tho,90043\n493085874452590593,justicetaylor85,2014-07-26'
p305
I46
sS'vegetable'
p306
I46
sS'hang'
p307
I46
sS'bartolom\xc3\xa9'
p308
I46
sS'mobbing'
p309
I46
sS'butter'
p310
I46
sS'08:44:19.0,33.9856915,-118.3304968,2347,i'
p311
I46
sS"shimmerin'"
p312
I46
sS'thy'
p313
I46
sS'thu'
p314
I46
sS'tht'
p315
I46
sS'cant....this'
p316
I46
sS'ocean'
p317
I46
sS'tho'
p318
I39
sS'burgers'
p319
I45
sS'greatest'
p320
I46
sS'the'
p321
I7
sS'yours'
p322
I46
sS'tha'
p323
I45
sS'left'
p324
I46
sS'just'
p325
I26
sS'rpgs'
p326
I44
sS'unfollow'
p327
I46
sS'thanks'
p328
I45
sS'yes'
p329
I46
sS'?,90043\n492572361539850241,dirtbkoyslutty,2014-07-25'
p330
I46
sS'repost'
p331
I46
sS'had'
p332
I46
sS'advancement'
p333
I46
sS'yoyo'
p334
I46
sS'ooooo'
p335
I45
sS'trini'
p336
I46
sS'has'
p337
I42
sS'trashed'
p338
I46
sS'maya'
p339
I46
sS'addicts'
p340
I46
sS'gameboy'
p341
I46
sS'judge'
p342
I46
sS'shadow'
p343
I46
sS'ninjas'
p344
I46
sS'bobby'
p345
I45
sS'\xef\xbc\xa2\xef\xbc\xac\xef\xbc\xa1\xef\xbc\xb3\xef\xbc\xb0\xef\xbc\xa8\xef\xbc\xa5\xef\xbc\xad\xef\xbc\xb9'
p346
I46
sS'night'
p347
I42
sS'prepping'
p348
I45
sS'right'
p349
I40
sS'old'
p350
I46
sS'people'
p351
I41
sS'again.,90043\n501948172587896832,tacosnotwar,2014-08-20'
p352
I46
sS'dead'
p353
I46
sS'born'
p354
I46
sS'funs,90043\n496187804322258945,dirtbkoyslutty,2014-08-04'
p355
I46
sS'finna'
p356
I46
sS'for'
p357
I20
sS'woke,90043\n492571155908157440,dirtbkoyslutty,2014-07-25'
p358
I46
sS'fox'
p359
I46
sS'ice'
p360
I43
sS'plantain'
p361
I46
sS'peek'
p362
I46
sS'pose'
p363
I46
sS'plz'
p364
I46
sS'peep'
p365
I46
sS'super'
p366
I45
sS'*if'
p367
I46
sS'07:32:02.0,33.9857687,-118.3307313,2347,i'
p368
I46
sS'ribs'
p369
I46
sS'months'
p370
I46
sS'o'
p371
I42
sS'dinner'
p372
I46
sS'anime'
p373
I46
sS'nerve'
p374
I46
sS'aha'
p375
I46
sS'son'
p376
I45
sS'down'
p377
I45
sS"c'x"
p378
I46
sS'accomplishments'
p379
I46
sS'!(^o^)'
p380
I46
sS'honored'
p381
I46
sS'foooood'
p382
I46
sS'america'
p383
I46
sS'yea'
p384
I40
sS'work,90043\n495671859430830080,justicetaylor85,2014-08-02'
p385
I46
sS'sunlight'
p386
I46
sS'happi'
p387
I45
sS'avail'
p388
I46
sS'virgin'
p389
I46
sS'reli'
p390
I46
sS'trayvon'
p391
I46
sS'call'
p392
I46
sS'was'
p393
I36
sS'version)'
p394
I46
sS'happy'
p395
I46
sS'head'
p396
I44
sS'offer'
p397
I46
sS'fireworks'
p398
I46
sS'back'
p399
I42
sS'u,90043\n492586787064139776,dirtbkoyslutty,2014-07-25'
p400
I46
sS'31st'
p401
I46
sS'hear'
p402
I46
sS'18:50:52.0,33.98621335,-118.31995754,2347,this'
p403
I46
sS'surrender'
p404
I46
sS'true'
p405
I46
sS'friday'
p406
I46
sS'tell'
p407
I40
sS'07:10:56.0,33.9856721,-118.3307234,2347,i'
p408
I46
sS'later'
p409
I46
sS'showin'
p410
I46
sS'drive'
p411
I46
sS'shines'
p412
I46
sS'trip'
p413
I45
sS'shit'
p414
I30
sS'nh'
p415
I46
sS'dying'
p416
I46
sS'no'
p417
I41
sS'na'
p418
I45
sS'when'
p419
I40
sS'ne'
p420
I46
sS'know?why'
p421
I46
sS'reconsider'
p422
I46
sS'welcome'
p423
I46
sS"let's"
p424
I46
sS'apologizing'
p425
I46
sS'pacer'
p426
I46
sS'time'
p427
I39
sS'lineup'
p428
I46
sS'slope'
p429
I46
sS':('
p430
I46
sS':)'
p431
I45
sS'07:22:30.0,33.9881523,-118.3275873,2347,lmaoo'
p432
I46
sS'souls'
p433
I46
sS':<'
p434
I46
sS':>'
p435
I45
sS'the\xef\xbc\xa9\xef\xbc\xae\xef\xbc\xb3\xef\xbc\xa1\xef\xbc\xa1\xef\xbc\xae\xef\xbc\xa5'
p436
I46
sS'/'
p437
I45
sS'composers)'
p438
I46
sS'21st'
p439
I46
sS'worth'
p440
I46
sS'finally'
p441
I46
sS'\xe3\x83\x8f\xe3\x83\x8f\xe3\x83\x8f\xe3\x80\x81'
p442
I46
sS'borning'
p443
I46
sS'text'
p444
I46
sS'me'
p445
I17
sS':o'
p446
I45
sS':d'
p447
I46
sS':b'
p448
I46
sS'tacos'
p449
I45
sS'movie,90043\n476211922606379008,justicetaylor85,2014-06-10'
p450
I46
sS':x'
p451
I46
sS'entries'
p452
I46
sS'cool'
p453
I41
sS'mahk'
p454
I46
sS'level'
p455
I46
sS'did'
p456
I44
sS'dig'
p457
I44
sS'brother'
p458
I44
sS'turnt'
p459
I46
sS'leave'
p460
I45
sS'soooo'
p461
I46
sS'gut'
p462
I46
sS'yall'
p463
I39
sS'dis'
p464
I46
sS'lol,90043\n448922598919794688,gaabbbyyyy,2014-03-26'
p465
I46
sS'\xee\x90\x8e'
p466
I46
sS'says'
p467
I46
sS'gooooooooooooolaasoooo'
p468
I46
sS'pe\xc3\xb1a'
p469
I46
sS"woody's"
p470
I44
sS'shirts'
p471
I46
sS'lmao,90043\n462518749350731778,jahsoul_lyrical,2014-05-03'
p472
I46
sS'drinks'
p473
I46
sS',90043\n448302026321977344,jordan11618741,2014-03-25'
p474
I46
sS'bc'
p475
I45
sS'suuuumthin'
p476
I46
sS'freaky'
p477
I46
sS'grandparents'
p478
I46
sS'water'
p479
I46
sS'alone'
p480
I46
sS'yds'
p481
I46
sS'change'
p482
I45
sS'wait'
p483
I40
sS'box'
p484
I46
sS'boy'
p485
I46
sS'yessss'
p486
I46
sS'flames'
p487
I46
sS'hbd'
p488
I46
sS'moneyfrom'
p489
I46
sS'btfuu'
p490
I46
sS'love'
p491
I41
sS'17:30:08.0,33.985723,-118.3304912,2347,bruh'
p492
I46
sS'extra'
p493
I46
sS'"mr'
p494
I46
sS'1st'
p495
I46
sS'post'
p496
I46
sS'everybody'
p497
I46
sS'vamps'
p498
I46
sS'baes'
p499
I46
sS'dude'
p500
I46
sS'ca)'
p501
I44
sS'thru'
p502
I46
sS'today'
p503
I38
sS'11:40:58.0,33.98581219,-118.32354181,2347,lmao'
p504
I46
sS'way,90043\n492599004144730112,dirtbkoyslutty,2014-07-25'
p505
I46
sS'cooollllllege'
p506
I46
sS'sessions'
p507
I46
sS'ooh'
p508
I46
sS'cookouts'
p509
I46
sS'11:49:24.0,33.9881346,-118.3275591,2347,pull'
p510
I46
sS'fly'
p511
I45
sS'\xe3\x80\x90\xe7\xa5\x9e\xe6\x92\x83\xe3\x81\xae\xe3\x83\x90\xe3\x83\x8f\xe3\x83\xa0\xe3\x83\xbc\xe3\x83\x88\xe3\x80\x91\xe3\x82\xa2\xe3\x83\x8b\xe3\x83\xa1\xe3\x81\xa7\xe3\x82\x8f\xe3\x81\x8b\xe3\x82\x8b\xef\xbc\x813\xe5\x91\xa8\xe5\xb9\xb4\xe8\xa8\x98\xe5\xbf\xb5\xe3\x82\xad\xe3\x83\xa3\xe3\x83\xb3\xe3\x83\x9a\xe3\x83\xbc\xe3\x83\xb3'
p512
I46
sS'niggas'
p513
I40
sS'car'
p514
I43
sS'cap'
p515
I46
sS'cat'
p516
I46
sS'can'
p517
I41
sS'claim'
p518
I46
sS'dedicated'
p519
I46
sS'fucc'
p520
I45
sS'edna'
p521
I46
sS'chip'
p522
I45
sS"didn't"
p523
I46
sS'fuck'
p524
I41
sS'"true"'
p525
I41
sS'heard'
p526
I35
sS'till'
p527
I44
sS'sunday'
p528
I46
sS'pins'
p529
I46
sS'haveing'
p530
I46
sS'map'
p531
I46
sS'staying'
p532
I46
sS'may'
p533
I46
sS'zimmerman'
p534
I46
sS'southern'
p535
I46
sS'06:51:10.0,33.9881673,-118.3275743,2347,hope'
p536
I46
sS'succ'
p537
I46
sS'birthday'
p538
I45
sS'mad'
p539
I46
sS'(nsfw)'
p540
I46
sS'mai'
p541
I43
sS'such'
p542
I46
sS'guys'
p543
I46
sS'09:05:34.0,33.9860823,-118.3305091,2347,something'
p544
I46
sS'man'
p545
I44
sS'remember'
p546
I46
sS'tbh'
p547
I46
sS'maybe'
p548
I45
sS'?,90043\n332988270210334720,sampezy,2013-05-10'
p549
I46
sS'st'
p550
I46
sS'so'
p551
I28
sS'21:42:21.0,33.9882979,-118.3285251,2347,so'
p552
I46
sS'?,90043\n492598499481878528,dirtbkoyslutty,2014-07-25'
p553
I46
sS'fireball'
p554
I46
sS'manga'
p555
I46
sS'talk'
p556
I45
sS'cute'
p557
I45
sS'shoes'
p558
I46
sS'indeed'
p559
I46
sS'naybors'
p560
I46
sS'years'
p561
I46
sS'cold'
p562
I46
sS'still'
p563
I41
sS'20:45:55.0,33.9856825,-118.3305027,2347,my'
p564
I46
sS'tomorrow?,90043\n492571094239301632,dirtbkoyslutty,2014-07-25'
p565
I46
sS'thank'
p566
I42
sS"he's"
p567
I45
sS'interesting'
p568
I46
sS'thanx'
p569
I45
sS'tweets'
p570
I46
sS'funnel.....lol,90043\n364508674607169536,luckysevendidit,2013-08-05'
p571
I46
sS'20:24:22.0,33.98613506,-118.32012995,2347,from'
p572
I46
sS'3'
p573
I41
sS'dm\xe2\x80\xa6'
p574
I46
sS'underneath'
p575
I46
sS'lunch'
p576
I45
sS'not'
p577
I35
sS'now'
p578
I38
sS'killed'
p579
I46
sS'nor'
p580
I35
sS'january'
p581
I46
sS'honey-lime'
p582
I45
sS'gottsta'
p583
I46
sS'rock'
p584
I46
sS'laaster'
p585
I46
sS'el'
p586
I46
sS'en'
p587
I45
sS'yeah'
p588
I41
sS'year'
p589
I46
sS'happen'
p590
I44
sS'es'
p591
I46
sS'and\xe2\x80\xa6'
p592
I46
sS'space'
p593
I45
sS'looking'
p594
I43
sS'seriously'
p595
I46
sS'formula'
p596
I46
sS'dominate'
p597
I46
sS'thats\xe2\x80\xa6'
p598
I46
sS'monster'
p599
I46
sS'much!!(=^\xe3\x83\xbb^=)\xe2\x99\xa5'
p600
I46
sS'possibility'
p601
I46
sS'card'
p602
I44
sS'care'
p603
I44
sS'brasil'
p604
I45
sS'language'
p605
I46
sS'turn'
p606
I45
sS'"george'
p607
I46
sS'think'
p608
I42
sS'first'
p609
I43
sS'guessing'
p610
I46
sS'yourself'
p611
I46
sS'sounds'
p612
I46
sS'open'
p613
I9
sS'tomorrow'
p614
I46
sS'little'
p615
I44
sS'checker'
p616
I46
sS'2'
p617
I46
sS'white'
p618
I45
sS'friend'
p619
I12
sS'way'
p620
I45
sS'that'
p621
I19
sS'huh'
p622
I46
sS'l.a?,90043\n465241277202567168,jahsoul_lyrical,2014-05-10'
p623
I46
sS'released'
p624
I46
sS'fuqqin'
p625
I46
sS'run...this'
p626
I46
sS'copy'
p627
I46
sS'than'
p628
I46
sS'10'
p629
I45
sS'12'
p630
I46
sS'lmao'
p631
I41
sS'17'
p632
I45
sS'gotta'
p633
I40
sS'metroidvania'
p634
I46
sS'r'
p635
I46
sS'were'
p636
I40
sS'1)'
p637
I46
sS'and'
p638
I3
sS'handhelds'
p639
I46
sS'turned'
p640
I44
sS'sad'
p641
I39
sS'say'
p642
I44
sS'\xef\xbc\x83pixelart'
p643
I46
sS'saw'
p644
I43
sS'any'
p645
I46
sS'invite'
p646
I46
sS'07:20:00.0,33.9881485,-118.3276265,2347,no'
p647
I46
sS'omfg'
p648
I46
sS'take'
p649
I45
sS'online'
p650
I46
sS'wanting'
p651
I46
sS'blunt'
p652
I46
sS'sure'
p653
I44
sS'arguing'
p654
I46
sS'keeps'
p655
I46
sS'fck'
p656
I46
sS'proud'
p657
I45
sS'sale'
p658
I46
sS'music*'
p659
I46
sS'thst'
p660
I46
sS'foundin'
p661
I46
sS'shop'
p662
I46
sS'\xe2\x9c\xa8'
p663
I46
sS"mama's"
p664
I46
sS'la\xe2\x80\xa6'
p665
I46
sS'aint'
p666
I46
sS'knicks'
p667
I46
sS'pump'
p668
I46
sS'either'
p669
I46
sS'only'
p670
I43
sS'going'
p671
I42
sS'black'
p672
I45
sS'disapppointed'
p673
I46
sS'goinh'
p674
I46
sS'get'
p675
I26
sS'downhome'
p676
I45
sS'cannot'
p677
I44
sS'stroll'
p678
I46
sS'(one'
p679
I46
sS"fuccin'"
p680
I46
sS'artist'
p681
I45
sS'morning'
p682
I43
sS":'("
p683
I46
sS'jokes'
p684
I45
sS'una\xe2\x80\xa6'
p685
I46
sS'kickbacks'
p686
I46
sS'where'
p687
I43
sS"y'all"
p688
I38
sS"church's"
p689
I46
sS"bill's"
p690
I45
sS'seat'
p691
I46
sS'lno'
p692
I46
sS'wonder'
p693
I46
sS'twitter'
p694
I45
sS'sleepin'
p695
I46
sS'outside'
p696
I46
sS'wait!!\xe2\x99\xa5\xe2\x98\x86\xe2\x98\x85'
p697
I46
sS'reading'
p698
I46
sS'streetso'
p699
I46
sS'august'
p700
I46
sS'approvals'
p701
I46
sS'blame'
p702
I46
sS'clayton'
p703
I46
sS'concentrate'
p704
I46
sS'come'
p705
I35
sS'instagrams'
p706
I46
sS'loocing'
p707
I46
sS'many'
p708
I44
sS'quiet'
p709
I46
sS'called'
p710
I45
sS'remake'
p711
I46
sS'comes'
p712
I46
sS'02:41:01.0,33.98651186,-118.31953605,2347,kershaw'
p713
I46
sS'rpgs"'
p714
I46
sS'period'
p715
I46
sS'pop'
p716
I46
sS"couldn't"
p717
I46
sS'"bioware\'s'
p718
I46
sS'poe'
p719
I46
sS'specializing'
p720
I46
sS'legit'
p721
I46
sS'rancher'
p722
I46
sS'ocay'
p723
I46
sS'so....no'
p724
I46
sS'those'
p725
I46
sS'myself'
p726
I43
sS'these'
p727
I39
sS'cash'
p728
I46
sS'06:59:46.0,33.9863377,-118.3306631,2347,please'
p729
I46
sS'bros'
p730
I46
sS'different'
p731
I46
sS'allllll'
p732
I46
sS'same'
p733
I46
sS'food'
p734
I42
sS'unemployed'
p735
I46
sS'pan'
p736
I46
sS'week'
p737
I46
sS"linen's"
p738
I46
sS',90043\n496196216406159360,dirtbkoyslutty,2014-08-04'
p739
I46
sS'companion'
p740
I46
sS'stuff/chillin'
p741
I46
sS'running'
p742
I44
sS'fruit'
p743
I45
sS'meaningless.,90043\n419584611857887232,theeambassadord,2014-01-04'
p744
I46
sS'favorites'
p745
I46
sS'totally'
p746
I46
sS'tiz'
p747
I46
sS'charger'
p748
I46
sS'iamlildeedee'
p749
I46
sS'without'
p750
I45
sS"can't"
p751
I37
sS'being'
p752
I44
sS'money'
p753
I42
sS'actions'
p754
I46
sS'(i'
p755
I45
sS'kill'
p756
I46
sS'gwad'
p757
I44
sS'flavor'
p758
I46
sS'speed'
p759
I46
sS'rover'
p760
I46
sS'except'
p761
I46
sS'that,90043\n334473538859827200,nikkiswagg36,2013-05-15'
p762
I46
sS'anime/girl'
p763
I46
sS'4'
p764
I45
sS'zone,90043\n492569370917220352,dirtbkoyslutty,2014-07-25'
p765
I46
sS'real'
p766
I45
sS'dark'
p767
I46
sS'mom'
p768
I42
sS'gnna'
p769
I46
sS'world'
p770
I46
sS'lady'
p771
I46
sS'truccs'
p772
I46
sS't'
p773
I46
sS'served'
p774
I46
sS'eggplant'
p775
I46
sS'titan'
p776
I46
sS'cuhh,90043\n492551375289475072,dirtbkoyslutty,2014-07-25'
p777
I46
sS'competition'
p778
I46
sS'cristina'
p779
I46
sS'mood'
p780
I45
sS'over-analyze'
p781
I46
sS'football'
p782
I46
sS'power'
p783
I46
sS'asap'
p784
I46
sS'lmfao'
p785
I46
sS'problems'
p786
I46
sS"('a`)y-~"
p787
I46
sS'hectic'
p788
I46
sS';)'
p789
I45
sS'throw'
p790
I46
sS'oo'
p791
I46
sS'on'
p792
I23
sS'ol'
p793
I46
sS'ok'
p794
I45
sS'oh'
p795
I41
sS'of'
p796
I21
sS'violence'
p797
I46
sS'favorite'
p798
I45
sS'shrimp'
p799
I46
sS'free"'
p800
I46
sS'gwaddaaayum'
p801
I46
sS'\xe3\x81\xa7\xe3\x82\x93\xe3\x81\xb1\xe7\xb5\x84inc'
p802
I46
sS'or'
p803
I32
sS'20:33:56.0,33.98582509,-118.32594434,2347,when'
p804
I46
sS'spreading'
p805
I46
sS'homeless'
p806
I46
sS'parties'
p807
I46
sS'your'
p808
I1
sS'airaki'
p809
I46
sS'there,90043\n492568188983320576,dirtbkoyslutty,2014-07-25'
p810
I46
sS"how's"
p811
I46
sS'her'
p812
I42
sS'hes'
p813
I46
sS'there'
p814
I36
sS'lol'
p815
I24
sS'lmfaooo'
p816
I46
sS'los'
p817
I43
sS'stars'
p818
I46
sS'coolin'
p819
I46
sS'complete'
p820
I46
sS'lmaooo'
p821
I44
sS'trying'
p822
I46
sS'with'
p823
I6
sS'heartbreaksuzy'
p824
I46
sS"wasn't"
p825
I46
sS'offsides'
p826
I46
sS'\xe3\x81\x93\xe3\x81\xaerpg\xe3\x81\xae\xe3\x83\x91\xe3\x83\xad\xe3\x83\x87\xe3\x82\xa3\xe3\x82\xa2\xe3\x83\x8b\xe3\x83\xa1\xe3\x81\xaf\xe9\x99\xbd\xe6\xb0\x97\xe3\x81\xa7\xe3\x81\x99\xef\xbc\x81'
p827
I46
sS'mojib'
p828
I46
sS'gone'
p829
I44
sS'af'
p830
I46
sS'ah'
p831
I46
sS'am'
p832
I43
sS'deep'
p833
I45
sS'an'
p834
I45
sS'as'
p835
I39
sS'at'
p836
I26
sS'ax'
p837
I46
sS'nerd'
p838
I46
sS'cream'
p839
I42
sS'again'
p840
I42
sS'hasnt'
p841
I46
sS'zelda'
p842
I46
sS'"work"'
p843
I46
sS'5'
p844
I46
sS'announcements'
p845
I46
sS'you'
p846
I14
sS'aaaaaahh'
p847
I46
sS'prinny'
p848
I46
sS'a7'
p849
I46
sS"life's"
p850
I46
sS'3-1'
p851
I46
sS'mash'
p852
I46
sS'u'
p853
I31
sS'alright'
p854
I46
sS'represent'
p855
I46
sS'all'
p856
I31
sS'forget'
p857
I46
sS'lack'
p858
I46
sS'month'
p859
I46
sS'follow'
p860
I42
sS'trusts'
p861
I46
sS'apartment'
p862
I46
sS'imma'
p863
I45
sS'wassup'
p864
I45
sS'?,90043\n492573082939183104,dirtbkoyslutty,2014-07-25'
p865
I46
sS'to'
p866
I8
sS'tl'
p867
I46
sS'dreamcast'
p868
I46
sS'dressing'
p869
I46
sS'tf'
p870
I46
sS'smile'
p871
I46
sS'whatever,90043\n334459457612427265,nikkiswagg36,2013-05-15'
p872
I46
sS'worse'
p873
I46
sS'very'
p874
I46
sS'turnt,90043\n492608904631578625,dirtbkoyslutty,2014-07-25'
p875
I46
sS'fav'
p876
I44
sS'18:32:49.0,33.9862624,-118.32652467,2347,pretty'
p877
I46
sS'\xe3\x83\xac\xe3\x83\x83\xe3\x83\x89\xe3\x82\xa2\xe3\x83\xaa\xe3\x83\xbc\xe3\x83\x9e\xe3\x83\xbc\xe9\xad\x94\xe7\x95\x8c\xe6\x9d\x91\xe5\xa4\x96\xe4\xbc\x9d\xe3\x83\x81\xe3\x83\x83\xe3\x83\x97\xe3\x83\x81\xe3\x83\xa5\xe3\x83\xbc\xe3\x83\xb3\xe3\x81\xae\xe3\x83\xaa\xe3\x83\x9f\xe3\x83\x83\xe3\x82\xaf\xe3\x82\xb9\xe3\x82\xa2\xe3\x83\xab\xe3\x83\x90\xe3\x83\xa0\xe3\x81\x8c\xe3\x80\x81\xe5\xb0\x86\xe6\x9d\xa5\xe7\x9a\x84\xe3\x81\xab\xe3\x83\xaa\xe3\x83\xaa\xe3\x83\xbc\xe3\x82\xb9\xe3\x81\x95\xe3\x82\x8c\xe3\x82\x8b\xe3\x81\x93\xe3\x81\xa8\xe3\x82\x92\xe6\x9c\x9b\xe3\x82\x80\xef\xbc\x81\xe2\x99\xaa\xef\xbd\x9e(\xc2\xb4\xce\xb5\xef\xbd\x80'
p878
I46
sS'fall'
p879
I45
sS'condition'
p880
I46
sS'trippin'
p881
I46
sS'heaven'
p882
I46
sS',90043\n448920810837647360,gaabbbyyyy,2014-03-26'
p883
I46
sS'gf'
p884
I46
sS'louis'
p885
I46
sS'list'
p886
I46
sS'joined'
p887
I46
sS'jammers'
p888
I46
sS'gb'
p889
I46
sS"i'll"
p890
I45
sS'cookies'
p891
I46
sS'streets'
p892
I45
sS'burger'
p893
I45
sS'know,90043\n494740341661003776,justicetaylor85,2014-07-31'
p894
I46
sS'titles'
p895
I46
sS'design'
p896
I45
sS'ribbon'
p897
I46
sS'anillazo?,90043\n430413093718351872,gaabbbyyyy,2014-02-03'
p898
I46
sS'what'
p899
I32
sS'ok....i'
p900
I46
sS'sub'
p901
I46
sS'richard'
p902
I46
sS'onna'
p903
I46
sS'sus'
p904
I46
sS'public'
p905
I46
sS'vamos'
p906
I46
sS'full'
p907
I46
sS'preach!!!!,90043\n465241151465742336,jahsoul_lyrical,2014-05-10'
p908
I46
sS'tracks'
p909
I46
sS'i.d'
p910
I46
sS'year?,90043\n466752193786179585,jahsoul_lyrical,2014-05-15'
p911
I46
sS'(see'
p912
I46
sS'cuh,90043\n492575110314745856,dirtbkoyslutty,2014-07-25'
p913
I46
sS'pick'
p914
I45
sS'pice'
p915
I46
sS'(~_~;)'
p916
I45
sS'ugly!,90043\n448918404179566592,gaabbbyyyy,2014-03-26'
p917
I46
sS'put'
p918
I45
sS'w/'
p919
I46
sS'eye'
p920
I46
sS'donuts'
p921
I45
sS'6'
p922
I45
sS'taken'
p923
I46
sS'markets'
p924
I46
sS'more'
p925
I39
sS'tryna'
p926
I46
sS'knows'
p927
I46
sS'see..then'
p928
I46
sS'company'
p929
I46
sS'sorcery'
p930
I46
sS'"iam'
p931
I46
sS"ain't"
p932
I42
sS'some!!\xe2\x98\x85\xe2\x98\x86\xe2\x99\xa5'
p933
I46
sS'broke'
p934
I46
sS'dios'
p935
I46
sS'hurry'
p936
I46
sS'lemony'
p937
I46
sS'grill'
p938
I46
sS'none'
p939
I46
sS'hour'
p940
I46
sS'"time'
p941
I46
sS'del'
p942
I46
sS'learn'
p943
I46
sS'abandon'
p944
I46
sS'sucka'
p945
I46
sS'joints'
p946
I46
sS'share'
p947
I11
sS'states'
p948
I46
sS'huge'
p949
I46
sS'rather'
p950
I46
sS'\xe2\x98\x85\xe2\x98\x86\xe2\x99\xa5'
p951
I45
sS'okay'
p952
I46
sS'tried'
p953
I45
sS',90043\n410206074986180609,nikkiswagg36,2013-12-10'
p954
I46
sS'sneak'
p955
I46
sS'fb'
p956
I46
sS'coming'
p957
I45
sS',90043\n448864330100920320,gaabbbyyyy,2014-03-26'
p958
I46
sS'a'
p959
I2
sS'funday'
p960
I46
sS'dragon'
p961
I44
sS'yaaaassss'
p962
I46
sS'rentals'
p963
I46
sS'redirecting'
p964
I46
sS'playing'
p965
I46
sS"that's"
p966
I45
sS'mexican'
p967
I45
sS"don't"
p968
I27
sS'brotha'
p969
I46
sS'sooo'
p970
I46
sS'soon'
p971
I46
sS'bcuz'
p972
I46
sS'hell'
p973
I45
sS'6happyam'
p974
I46
sS'messageaw'
p975
I46
sS'its'
p976
I38
sS'shenmue'
p977
I46
sS'thnx'
p978
I45
sS'actually'
p979
I46
sS'late'
p980
I45
sS'dammm'
p981
I46
sS'bout'
p982
I45
sS'sauce'
p983
I46
sS'2)'
p984
I46
sS'good'
p985
I35
sS'somebody'
p986
I46
sS'yo'
p987
I43
sS'ya'
p988
I40
sS'ralphs'
p989
I45
sS"you've"
p990
I35
sS'sucked'
p991
I46
sS'everytime'
p992
I46
sS'always'
p993
I44
sS'stopped'
p994
I46
sS'found'
p995
I45
sS'btfu,90043\n496186059324416000,dirtbkoyslutty,2014-08-04'
p996
I46
sS'trailer'
p997
I46
sS'everyone'
p998
I46
sS'another'
p999
I45
sS'house'
p1000
I40
sS'fish'
p1001
I46
sS'hard'
p1002
I46
sS'06:54:43.0,33.9860516,-118.3306435,2347,hot'
p1003
I46
sS'idea'
p1004
I46
sS'homegirls'
p1005
I46
sS'clockwork'
p1006
I46
sS'really'
p1007
I37
sS':\\'
p1008
I46
sS'tapout'
p1009
I46
sS'missed'
p1010
I45
sS'uncle_chucc'
p1011
I46
sS'jolly'
p1012
I46
sS'7'
p1013
I46
sS'ass'
p1014
I42
sS'dirt'
p1015
I45
sS'(t\xd0\xb4t)'
p1016
I46
sS'?,90043\n492587245476380672,dirtbkoyslutty,2014-07-25'
p1017
I46
sS'story'
p1018
I46
sS'difficulty'
p1019
I46
sS'asf'
p1020
I42
sS'ask'
p1021
I45
sS'launch'
p1022
I46
sS'lutheran\xe2\x80\xa6'
p1023
I46
sS'"wildfire"'
p1024
I46
sS'5th'
p1025
I46
sS'dont'
p1026
I43
sS'feel'
p1027
I44
sS'done'
p1028
I46
sS'miss'
p1029
I46
sS'guess'
p1030
I45
sS'interviews'
p1031
I46
sS'station'
p1032
I46
sS'\xe5\xb0\x86\xe6\xa3\x8b'
p1033
I46
sS'moar'
p1034
I46
sS'behind'
p1035
I46
sS'part'
p1036
I45
sS',90043\n496191279449907200,dirtbkoyslutty,2014-08-04'
p1037
I46
sS'blindly'
p1038
I46
sS'sign'
p1039
I46
sS'obama'
p1040
I46
sS'kind'
p1041
I46
sS'b'
p1042
I46
sS'aaa'
p1043
I46
sS',90043\n430408548791513088,gaabbbyyyy,2014-02-03'
p1044
I46
sS'"k\xc5\x8dji'
p1045
I46
sS'recording'
p1046
I46
sS'lentil'
p1047
I46
sS'traveling'
p1048
I46
sS'outcha'
p1049
I46
sS'\xe7\x99\xbd\xe9\xad\x94\xe9\x81\x93\xe5\xa3\xab'
p1050
I46
sS'btfu,90043\n496187499165659136,dirtbkoyslutty,2014-08-04'
p1051
I46
sS',90043\n448865411782565888,gaabbbyyyy,2014-03-26'
p1052
I46
sS'blood,90043\n492569940847648768,dirtbkoyslutty,2014-07-25'
p1053
I46
sS'juice'
p1054
I46
sS'sell'
p1055
I45
sS'lie'
p1056
I45
sS'nights'
p1057
I46
sS'lil'
p1058
I46
sS'couch'
p1059
I46
sS'majority'
p1060
I46
sS'cavs'
p1061
I46
sS'story-driven'
p1062
I46
sS'react'
p1063
I46
sS'most'
p1064
I46
sS'realms"'
p1065
I46
sS'windows'
p1066
I46
sS'sometimes'
p1067
I46
sS'cover'
p1068
I46
sS'clean'
p1069
I46
sS'09:44:26.0,33.9857711,-118.3307263,2347,pour'
p1070
I46
sS'06:45:27.0,33.9881762,-118.3275633,2347,your'
p1071
I46
sS'17:10:39.0,33.9857675,-118.3307312,2347,work'
p1072
I46
sS'session'
p1073
I45
sS'hyped'
p1074
I45
sS'rts'
p1075
I46
sS'fine'
p1076
I46
sS'$5'
p1077
I46
sS'page.is'
p1078
I46
sS'pretty'
p1079
I46
sS'meglistening'
p1080
I46
sS'woooooow'
p1081
I46
sS'his'
p1082
I43
sS'hit'
p1083
I46
sS'downpour'
p1084
I46
sS'feels'
p1085
I46
sS'cry'
p1086
I46
sS'amazed\xe2\x80\xa6'
p1087
I46
sS'activity'
p1088
I46
sS'x'
p1089
I45
sS'gospel'
p1090
I46
sS"60's"
p1091
I46
sS'ser'
p1092
I46
sS'sex'
p1093
I46
sS'7times'
p1094
I46
sS'see'
p1095
I43
sS'defense'
p1096
I46
sS'dumb'
p1097
I46
sS'are'
p1098
I34
sS'retweet'
p1099
I46
sS'mamamade'
p1100
I46
sS'pokemon'
p1101
I46
sS'wow'
p1102
I46
sS'currently'
p1103
I46
sS'please'
p1104
I13
sS'fans'
p1105
I46
sS'probably'
p1106
I45
sS'rite'
p1107
I46
sS'europe'
p1108
I46
sS'sold'
p1109
I46
sS'franchise'
p1110
I46
sS'brillant'
p1111
I46
sS'both'
p1112
I46
sS'last'
p1113
I46
sS'thot'
p1114
I46
sS"wouldn't"
p1115
I46
sS'hologram'
p1116
I46
sS'annie'
p1117
I46
sS'whole'
p1118
I45
sS'deadman'
p1119
I46
sS'mutherfuccers'
p1120
I46
sS'reasons'
p1121
I46
sS'shutdown'
p1122
I46
sS'church'
p1123
I42
sS'devil'
p1124
I46
sS'creativity'
p1125
I46
sS'due'
p1126
I45
sS'dug'
p1127
I46
sS'hitting'
p1128
I46
sS'secret'
p1129
I46
sS',90043\n492572841385013248,dirtbkoyslutty,2014-07-25'
p1130
I46
sS'damn'
p1131
I45
sS'pd'
p1132
I46
sS'po'
p1133
I46
sS'woke'
p1134
I45
sS'\xe2\x98\x86'
p1135
I46
sS'flight'
p1136
I46
sS"what's"
p1137
I44
sS'gas'
p1138
I42
sS'else'
p1139
I46
sS'anthony'
p1140
I46
sS'\xe2\x9a\xbd\xe2\x9a\xbd\xe2\x9a\xbd'
p1141
I46
sS'understand'
p1142
I44
sS'mlb'
p1143
I46
sS'crenshaw'
p1144
I39
sS'look'
p1145
I42
sS'straight'
p1146
I46
sS'while'
p1147
I46
sS'match'
p1148
I46
sS'fun'
p1149
I46
sS'cages'
p1150
I46
sS'<3'
p1151
I46
sS'rip'
p1152
I46
sS'pretty!\xe2\x80\xa6'
p1153
I46
sS'22:10:14.0,33.98889773,-118.33555902,2347,just'
p1154
I46
sS'ready'
p1155
I44
sS'\xe2\x99\xa5\xe2\x99\xa5\xe2\x99\xa5'
p1156
I46
sS'shirt'
p1157
I46
sS'i.c.d.c'
p1158
I46
sS'9'
p1159
I46
sS'eww'
p1160
I46
sS'used'
p1161
I46
sS'07:37:41.0,33.9882035,-118.3276116,2347,,90043\n492637741264273408,dirtbkoyslutty,2014-07-25'
p1162
I46
sS'viewing'
p1163
I45
sS'it,90043\n496194796474474497,dirtbkoyslutty,2014-08-04'
p1164
I46
sS'kno'
p1165
I46
sS'noodle'
p1166
I46
sS'spent'
p1167
I46
sS'btfu,90043\n492586525951938560,dirtbkoyslutty,2014-07-25'
p1168
I46
sS'person'
p1169
I46
sS'elex'
p1170
I46
sS'spend'
p1171
I46
sS'endeavour'
p1172
I45
sS'cocky'
p1173
I46
sS'late....aaaaah'
p1174
I46
sS'regardless'
p1175
I46
sS'tonight,90043\n495104376776957952,justicetaylor85,2014-08-01'
p1176
I46
sS'loading'
p1177
I45
sS'cus'
p1178
I46
sS'also'
p1179
I43
sS'cuz'
p1180
I44
sS'barack'
p1181
I46
sS'havin'
p1182
I46
sS'crying'
p1183
I46
sS'excited'
p1184
I46
sS'cuh'
p1185
I44
sS'bio'
p1186
I46
sS'ight'
p1187
I46
sS'big'
p1188
I45
sS'couple'
p1189
I45
sS'07:40:32.0,33.9881214,-118.3275895,2347,she'
p1190
I46
sS'game'
p1191
I45
sS'quest'
p1192
I45
sS'biz'
p1193
I46
sS'bit'
p1194
I45
sS'eet'
p1195
I46
sS'03:35:06.0,33.98723833,-118.3266826,2347,how'
p1196
I46
sS'(ill'
p1197
I46
sS'partying'
p1198
I46
sS'bacc'
p1199
I44
sS'fucking'
p1200
I45
sS'spring'
p1201
I46
sS'some'
p1202
I35
sS'play'
p1203
I45
sS'28th'
p1204
I46
sS'wonderland'
p1205
I46
sS'1+9+6+1='
p1206
I46
sS'eet\xe2\x99\xa5\xe2\x98\x86\xe2\x98\x85'
p1207
I46
sS'epis'
p1208
I46
sS'06:52:59.0,33.9860132,-118.3306089,2347,something'
p1209
I46
sS'prom'
p1210
I45
sS'anna'
p1211
I46
sS'laughing'
p1212
I45
sS'be'
p1213
I23
sS'eating'
p1214
I45
sS'zzz'
p1215
I46
sS'hitler.\xe2\x80\x9d'
p1216
I46
sS'lmaoooo'
p1217
I46
sS'bo'
p1218
I46
sS'chick'
p1219
I45
sS'by'
p1220
I40
sS"'droid"
p1221
I46
sS'works'
p1222
I46
sS'wouldnt'
p1223
I46
sS'drama'
p1224
I46
sS'range'
p1225
I46
sS'beans'
p1226
I46
sS'idk'
p1227
I46
sS'here\xe2\x9d\x95'
p1228
I46
sS'mouth'
p1229
I46
sS'wanna'
p1230
I44
sS'block'
p1231
I46
sS'harassed'
p1232
I46
sS'into'
p1233
I42
sS'because'
p1234
I46
sS'rolls'
p1235
I46
sS'smells'
p1236
I46
sS'?,90043\n496074992770383872,dirtbkoyslutty,2014-08-03'
p1237
I46
sS'long'
p1238
I43
sS"we're"
p1239
I45
sS'bruh'
p1240
I46
sS'tho!!\xe2\x99\xa5\xe2\x98\x85\xe2\x98\x86'
p1241
I46
sS'bored'
p1242
I46
sS'footage'
p1243
I46
sS'b-but'
p1244
I46
sS'pastor'
p1245
I46
sS'here'
p1246
I42
sS'link'
p1247
I43
sS'\xe2\x99\xa5'
p1248
I42
sS'treats'
p1249
I46
sS'info'
p1250
I46
sS'up'
p1251
I24
sS'us'
p1252
I46
sS'ur'
p1253
I43
sS'uk'
p1254
I44
sS'faded'
p1255
I46
sS'similar'
p1256
I46
sS'is?!lmaooo'
p1257
I46
sS'm'
p1258
I46
sS'flush'
p1259
I46
sS'sugar,90043\n465241859204210689,jahsoul_lyrical,2014-05-10'
p1260
I46
sS'theyll'
p1261
I46
sS'nah'
p1262
I45
sS',90043\n496697048402378753,dirtbkoyslutty,2014-08-05'
p1263
I46
sS',90043\n496188297983442944,dirtbkoyslutty,2014-08-04'
p1264
I46
sS'nice'
p1265
I44
sS'elements'
p1266
I46
sS'noche'
p1267
I46
sS'booger'
p1268
I46
sS'\xe2\x98\xba\xef\xb8\x8f\xe2\x98\xba\xef\xb8\x8f'
p1269
I46
sS'helping'
p1270
I46
sS'remix'
p1271
I46
sS'land'
p1272
I46
sS'youtube'
p1273
I46
sS'hella'
p1274
I46
sS'jobsto'
p1275
I46
sS'2004'
p1276
I46
sS'back)'
p1277
I46
sS'walker'
p1278
I45
sS'once'
p1279
I46
sS'washk'
p1280
I46
sS'gang'
p1281
I46
sS'go'
p1282
I33
sS'yaaaaassssc'
p1283
I46
sS'02:40:45.0,33.98651824,-118.31977045,2347,angels'
p1284
I46
sS'peanut'
p1285
I46
sS'itll'
p1286
I46
sS'young'
p1287
I44
sS'send'
p1288
I46
sS'nose'
p1289
I46
sS'20th!)"dream'
p1290
I46
sS'include'
p1291
I46
sS'07:17:44.0,33.9881192,-118.3275774,2347,you'
p1292
I46
sS'a1,90043\n332988481729089536,sampezy,2013-05-10'
p1293
I46
sS'guy,90043\n466425107486081024,jahsoul_lyrical,2014-05-14'
p1294
I46
sS'drinking'
p1295
I46
sS'tutu'
p1296
I46
sS'forsure'
p1297
I46
sS'07:16:20.0,33.988169,-118.3275686,2347,we'
p1298
I46
sS'verdict'
p1299
I46
sS':)\xe2\x80\x9d'
p1300
I46
sS'video'
p1301
I41
sS'booth'
p1302
I45
sS'download'
p1303
I46
sS'11:41:07.0,33.98578595,-118.32358271,2347,goodnight'
p1304
I46
sS'kershaw'
p1305
I46
sS'lutheran'
p1306
I42
sS'do..nothin'
p1307
I46
sS'let'
p1308
I44
sS'ober'
p1309
I46
sS'39'
p1310
I46
sS'?,90043\n496202315267715072,dirtbkoyslutty,2014-08-04'
p1311
I46
sS'3)'
p1312
I46
sS'thats'
p1313
I44
sS'crazy'
p1314
I46
sS'messengers'
p1315
I46
sS'wit'
p1316
I42
sS'wiy'
p1317
I46
sS'lime'
p1318
I46
sS'use'
p1319
I46
sS'from'
p1320
I37
sS'now,90043\n488007540639150080,justicetaylor85,2014-07-12'
p1321
I46
sS'icee'
p1322
I46
sS'&'
p1323
I39
sS'ishyoatmeal'
p1324
I46
sS'live'
p1325
I42
sS'next'
p1326
I46
sS'few'
p1327
I46
sS'ascension\xe2\x80\xa6'
p1328
I46
sS'me,90043\n496198822247149568,dirtbkoyslutty,2014-08-04'
p1329
I46
sS'awesome'
p1330
I45
sS'porch'
p1331
I46
sS'started'
p1332
I45
sS'sister'
p1333
I46
sS'baby'
p1334
I42
sS'central'
p1335
I43
sS'salad'
p1336
I41
sS'this'
p1337
I22
sS'challenge'
p1338
I46
sS'stations'
p1339
I46
sS'07:00:29.0,33.9860516,-118.3306435,2347,please'
p1340
I46
sS'anywhere'
p1341
I46
sS'aight'
p1342
I46
sS'meet'
p1343
I46
sS'didnt'
p1344
I45
sS'differentshit'
p1345
I46
sS'tho!!(;o;)'
p1346
I46
sS'\xe2\x9c\x88~'
p1347
I46
sS'something'
p1348
I34
sS'ascension'
p1349
I41
sS'taj'
p1350
I46
sS'united'
p1351
I46
sS'lame'
p1352
I46
sS'06:49:09.0,33.9881735,-118.3275787,2347,fuccing'
p1353
I46
sS'live-tweet'
p1354
I46
sS'stock'
p1355
I46
sS'btfu'
p1356
I45
sS'fcbd'
p1357
I46
sS'\xe7\xa7\x81\xe3\x81\xaf\xe5\x81\x89\xe5\xa4\xa7\xe3\x81\xaa\xe3\x82\xbf\xe3\x83\x9e\xe3\x83\x8d\xe3\x82\xae\xe3\x81\x95\xe3\x82\x93\xe3\x82\x92\xe3\x81\xaa\xe3\x82\x81\xe3\x82\x8b\xe3\x82\x93\xe3\x81\xa0\xef\xbc\x81\xef\xbd\x97\xef\xbd\x97'
p1358
I46
sS'taco'
p1359
I46
sS'slouson'
p1360
I46
sS"y'allcomedy!!!,90043\n496848389645291520,jayyeneff,2014-08-06"
p1361
I46
sS'realized'
p1362
I46
sS'lol,90043\n463768017176764416,jahsoul_lyrical,2014-05-06'
p1363
I46
sS'light'
p1364
I46
sS',90043\n496192900070252544,dirtbkoyslutty,2014-08-04'
p1365
I46
sS'change!)'
p1366
I46
sS'siiiiiqqq'
p1367
I46
sS"won't"
p1368
I42
sS'motorcycle'
p1369
I46
sS'perfect'
p1370
I46
sS'la'
p1371
I39
sS'winning'
p1372
I46
sS'\xe3\x83\xa2\xe3\x82\xb8\xe3\x83\x96\xe3\x83\xaa\xe3\x83\x9c\xe3\x83\xb3'
p1373
I46
sS'made...gotta'
p1374
I46
sS'dad'
p1375
I46
sS'flex'
p1376
I46
sS'dam'
p1377
I46
sS'shrits'
p1378
I46
sS'3234506713,90043\n496193575109947392,dirtbkoyslutty,2014-08-04'
p1379
I46
sS'day'
p1380
I40
sS'bar-b-que'
p1381
I44
sS'betta'
p1382
I46
sS'-\xe2\x80\xa6'
p1383
I45
sS'truth'
p1384
I46
sS'funny'
p1385
I45
sS'doing'
p1386
I45
sS'nope,90043\n492572442460569600,dirtbkoyslutty,2014-07-25'
p1387
I46
sS'related'
p1388
I46
sS'our'
p1389
I44
sS'meth'
p1390
I46
sS'smh,90043\n495364910684319745,justicetaylor85,2014-08-02'
p1391
I46
sS'special'
p1392
I45
sS'out'
p1393
I35
sS',90043\n334481201014403072,nikkiswagg36,2013-05-15'
p1394
I46
sS'bad'
p1395
I43
sS'increasing,90043\n350762332269461504,sampezy,2013-06-28'
p1396
I46
sS'&\xe2\x80\xa6'
p1397
I46
sS'wich'
p1398
I46
sS'cause'
p1399
I45
sS'red'
p1400
I46
sS'shut'
p1401
I46
sS'early'
p1402
I46
sS'craving'
p1403
I46
sS'hkood'
p1404
I46
sS'could'
p1405
I46
sS'skateboard'
p1406
I46
sS'23:27:49.0,33.9884002,-118.327235,2347,wya'
p1407
I46
sS'keep'
p1408
I45
sS'4th'
p1409
I46
sS',90043\n487499540946100226,justicetaylor85,2014-07-11'
p1410
I46
sS'south'
p1411
I43
sS'designed'
p1412
I46
sS'games,90043\n494403099994226688,justicetaylor85,2014-07-30'
p1413
I46
sS'\xe2\x9c\x82\xef\xb8\x8f\xe2\x9c\x82\xef\xb8\x8f\xe2\x9c\x82\xef\xb8\x8f'
p1414
I46
sS'day,90043\n496186565266132992,dirtbkoyslutty,2014-08-04'
p1415
I46
sS'cuhh'
p1416
I45
sS'bitch'
p1417
I44
sS'hehe'
p1418
I46
sS'pussy,90043\n492575623701753861,dirtbkoyslutty,2014-07-25'
p1419
I46
sS"you're"
p1420
I44
sS'unknown'
p1421
I46
sS'their'
p1422
I45
sS'attack'
p1423
I46
sS',90043\n448920936037625856,gaabbbyyyy,2014-03-26'
p1424
I46
sS'2-0'
p1425
I46
sS'burgers)'
p1426
I46
sS'shiny'
p1427
I46
sS'completed'
p1428
I45
sS'nobody'
p1429
I45
sS'boring'
p1430
I46
sS'tuesday-thursday'
p1431
I46
sS'youngboom_mollyboys'
p1432
I46
sS'hreeere'
p1433
I46
sS',90043\n448865083095928832,gaabbbyyyy,2014-03-26'
p1434
I46
sS'tonight'
p1435
I43
sS'gtfo....does'
p1436
I46
sS'have'
p1437
I32
sS'need'
p1438
I34
sS'blockbuster'
p1439
I46
sS'dishes'
p1440
I46
sS'daaaaaaaang'
p1441
I46
sS'which'
p1442
I45
sS'truck'
p1443
I46
sS'unless'
p1444
I46
sS'who'
p1445
I40
sS'higanjima'
p1446
I46
sS'whr'
p1447
I46
sS'why'
p1448
I39
sS'amaazing'
p1449
I46
sS'thanksgiving'
p1450
I46
sS'bro,90043\n465287207029178368,jahsoul_lyrical,2014-05-11'
p1451
I46
sS'construction'
p1452
I46
sS'fact'
p1453
I46
sS'squeegee'
p1454
I46
sS'lmaoo'
p1455
I45
sS'bring'
p1456
I46
sS'chicken'
p1457
I46
sS'feat'
p1458
I45
sS'should'
p1459
I38
sS'combo'
p1460
I46
sS'hope'
p1461
I39
sS'meant'
p1462
I46
sS'means'
p1463
I46
sS'beat'
p1464
I46
sS'fatburger'
p1465
I46
sS'99%'
p1466
I46
sS'joint'
p1467
I46
sS'ones'
p1468
I46
sS'words'
p1469
I46
sS'ugh....im'
p1470
I46
sS'leases'
p1471
I46
sS'ghetto'
p1472
I46
sS'ughh'
p1473
I46
sS'stuff'
p1474
I45
sS'she'
p1475
I44
sS'knowing'
p1476
I45
sS'btw'
p1477
I46
sS'j'
p1478
I46
sS'indiecade'
p1479
I45
sS'prayers'
p1480
I46
sS'we'
p1481
I36
sS'ebt'
p1482
I46
sS'sempai'
p1483
I46
sS'luv'
p1484
I46
sS'nightmare'
p1485
I46
sS'lol,90043\n496848319688482816,jayyeneff,2014-08-06'
p1486
I46
sS'dirty'
p1487
I46
sS'ends'
p1488
I46
sS'mage'
p1489
I45
sS'crazy!!,90043\n330285853345714176,nikkiswagg36,2013-05-03'
p1490
I46
sS'taking'
p1491
I45
sS'drug'
p1492
I46
sS'atleast'
p1493
I46
sS'rodney'
p1494
I46
sS'comment'
p1495
I46
sS'chiptune'
p1496
I46
sS'wall'
p1497
I46
sS'walk'
p1498
I46
sS'rpg'
p1499
I40
sS'news'
p1500
I44
sS'up,90043\n496193750524112896,dirtbkoyslutty,2014-08-04'
p1501
I46
sS'leads'
p1502
I46
sS"it's"
p1503
I38
sS'poured'
p1504
I46
sS'bbq'
p1505
I46
sS'rioting'
p1506
I46
sS'muthafckas'
p1507
I46
sS'aaall'
p1508
I46
sS'nd'
p1509
I46
sS'will'
p1510
I32
sS'hahaha'
p1511
I46
sS'fuqq\xef\xbc\x81\xef\xbc\x81\xe2\x99\xa5'
p1512
I46
sS'~'
p1513
I43
sS'time/dimension(s)'
p1514
I46
sS'architecture)'
p1515
I46
sS'tu'
p1516
I46
sS'hkood,90043\n496187716548038656,dirtbkoyslutty,2014-08-04'
p1517
I46
sS'ave'
p1518
I44
sS'tattoo'
p1519
I46
sS')'
p1520
I46
sS'shuttle'
p1521
I45
sS'party'
p1522
I45
sS'gets'
p1523
I46
sS'(64'
p1524
I46
sS'alot'
p1525
I46
sS'beast'
p1526
I46
sS'pull'
p1527
I45
sS'off'
p1528
I41
sS'i'
p1529
I5
sS'tho\xe2\x9c\xa8'
p1530
I46
sS'well'
p1531
I46
sS'oops'
p1532
I46
sS'wya'
p1533
I44
sS'lest'
p1534
I46
sS'newest'
p1535
I46
sS'cried'
p1536
I46
sS'(\xce\xa6\xcf\x89\xce\xa6)\xef\xbe\x8c\xef\xbe\x8c\xef\xbe\x8c\xe2\x80\xa6'
p1537
I46
sS"19:51:26.0,33.9860335,-118.3303706,2347,i'm"
p1538
I46
sS'mfs'
p1539
I46
sS'paul'
p1540
I44
sS'vida'
p1541
I46
sS'\xe2\x9d\x97\xe2\x9d\x97\xe2\x9d\x97\xe2\x9d\x97'
p1542
I46
sS'nastier'
p1543
I45
sS'shhh'
p1544
I46
sS'add'
p1545
I45
sS'book'
p1546
I46
sS'homework'
p1547
I46
sS'03:59:04.0,33.9857047,-118.330712,2347,good'
p1548
I46
sS'know'
p1549
I36
sS'dipping'
p1550
I46
sS'art/animation'
p1551
I46
sS'23:47:11.0,33.98896,-118.3323,2347,about'
p1552
I46
sS'like'
p1553
I29
sS'lost'
p1554
I46
sS'11pm'
p1555
I46
sS'ponytail'
p1556
I46
sS'corners'
p1557
I46
sS'become'
p1558
I46
sS'reddit'
p1559
I46
sS"j's"
p1560
I46
sS"software's"
p1561
I46
sS'nigga'
p1562
I34
sS'few!!!,90043\n330285890293342210,nikkiswagg36,2013-05-03'
p1563
I46
sS'scared'
p1564
I46
sS'cleveland'
p1565
I46
sS'home'
p1566
I42
sS'scares'
p1567
I46
sS'literally'
p1568
I46
sS'fedex'
p1569
I46
sS'does'
p1570
I45
sS'expo'
p1571
I46
sS'clean"'
p1572
I46
sS'23:47:22.0,33.98896,-118.3323,2347,my'
p1573
I46
sS'11k'
p1574
I46
sS'reeeaaaaly'
p1575
I46
sS'sheriffs'
p1576
I46
sS'about'
p1577
I40
sS'\xe3\x80\x9c'
p1578
I46
sS':-/'
p1579
I46
sS'getting'
p1580
I44
sS'angeles'
p1581
I40
sS'swear'
p1582
I42
sS'fearless'
p1583
I46
sS'own'
p1584
I45
sS'pussy'
p1585
I45
sS'mushrooms'
p1586
I46
sS'artists'
p1587
I46
sS'out,90043\n486445698355712000,justicetaylor85,2014-07-08'
p1588
I46
sS'downnn'
p1589
I46
sS'wack'
p1590
I46
sS'07:21:22.0,33.9881393,-118.3275978,2347,but'
p1591
I46
sS'bump'
p1592
I46
sS'tweet,90043\n448919288854745088,gaabbbyyyy,2014-03-26'
p1593
I46
sS'yrs'
p1594
I46
sS'buy'
p1595
I45
sS"i've"
p1596
I46
sS'hr'
p1597
I46
sS'funds'
p1598
I46
sS'believe'
p1599
I46
sS'sequel'
p1600
I46
sS'but'
p1601
I25
sS'forward'
p1602
I45
sS'hk'
p1603
I46
sS'hi'
p1604
I44
sS'07:13:02.0,33.9881145,-118.3275811,2347,lmaaooo'
p1605
I46
sS'bum'
p1606
I46
sS'eat'
p1607
I45
sS'hd'
p1608
I45
sS'he'
p1609
I42
sS'wish'
p1610
I41
sS'official'
p1611
I43
sS'00:26:12.0,33.9856721,-118.3307234,2347,tu'
p1612
I46
sS'problem'
p1613
I46
sS',90043\n492568806091288576,dirtbkoyslutty,2014-07-25'
p1614
I46
sS'education'
p1615
I46
sS'girl'
p1616
I45
sS'ingredients'
p1617
I46
sS'06:18:59.0,33.9881857,-118.3275817,2347,pull'
p1618
I46
sS'\xe2\x9b\x85\xef\xb8\x8f'
p1619
I46
sS'other'
p1620
I43
sS'behold'
p1621
I46
sS'07:14:14.0,33.9860132,-118.3306089,2347,something'
p1622
I46
sS'dresses'
p1623
I46
sS'star'
p1624
I46
sS'monday'
p1625
I46
sS'class'
p1626
I46
sS'june'
p1627
I46
sS'stay'
p1628
I46
sS'albun'
p1629
I46
sS'friends'
p1630
I44
sS',90043\n499566366408867840,justicetaylor85,2014-08-13'
p1631
I46
sS'this\xe2\x80\xa6'
p1632
I46
sS'8th'
p1633
I46
s.