(dp0
S''
p1
I1
sS"jackie's"
p2
I88
sS'copy'
p3
I90
sS'court,90002\n494724801831788544,_mstreet,2014-07-31'
p4
I90
sS'nadien'
p5
I90
sS'four'
p6
I90
sS'smeeeeeeell'
p7
I90
sS'sleep'
p8
I62
sS'hanging'
p9
I88
sS'hate'
p10
I66
sS'forget'
p11
I90
sS'whose'
p12
I90
sS'buddy'
p13
I90
sS'marcos'
p14
I90
sS'tweet'
p15
I86
sS'swap'
p16
I90
sS'under'
p17
I89
sS'sorry'
p18
I85
sS'pride'
p19
I90
sS'worth'
p20
I90
sS'brazy,90059\n466656852563218433,lilmamakandy,2014-05-14'
p21
I90
sS'risk'
p22
I90
sS'apoco'
p23
I89
sS'blanket'
p24
I89
sS'02:54:11.0,33.9360885,-118.2299076,2430,it'
p25
I90
sS'smack'
p26
I90
sS'every'
p27
I78
sS'03:31:19.0,33.9360647,-118.2299213,2430,hell'
p28
I90
sS'affect'
p29
I90
sS'stabbed'
p30
I90
sS'19:10:38.0,33.9388002,-118.2386848,2430,and'
p31
I90
sS"isn't"
p32
I85
sS'anemia'
p33
I90
sS'tickets'
p34
I90
sS'school'
p35
I55
sS'baking'
p36
I89
sS'contigo'
p37
I89
sS'that,90059\n492486666221674496,_mstreet,2014-07-25'
p38
I90
sS'wednesday'
p39
I90
sS'honor'
p40
I90
sS'"a"'
p41
I90
sS'ups'
p42
I90
sS'clothes'
p43
I89
sS'10k'
p44
I90
sS'force'
p45
I90
sS'tired'
p46
I84
sS'phones'
p47
I90
sS'pin'
p48
I90
sS'danira'
p49
I86
sS'bacon'
p50
I90
sS'hs'
p51
I90
sS'me*'
p52
I90
sS'preacher'
p53
I90
sS'dish'
p54
I90
sS'second'
p55
I89
sS'louder'
p56
I90
sS'n'
p57
I84
sS'empire'
p58
I90
sS'even'
p59
I56
sS'lol,90059\n449760577066237953,maniiac1992,2014-03-29'
p60
I90
sS'hide'
p61
I90
sS'tipo'
p62
I90
sS'wreck'
p63
I90
sS'perdidio'
p64
I90
sS'saved'
p65
I90
sS'enchiladas'
p66
I90
sS'cooking'
p67
I89
sS'children'
p68
I90
sS'lights'
p69
I90
sS'estuvo'
p70
I90
sS'sobre'
p71
I90
sS'new'
p72
I75
sS'ever'
p73
I62
sS'told'
p74
I78
sS'mee'
p75
I89
sS'kicked'
p76
I89
sS'hero'
p77
I90
sS'05:45:19.0,33.93833385,-118.23372945,2430,c-splashh,90059\n493972197711441921,_mstreet,2014-07-29'
p78
I90
sS'mel'
p79
I89
sS'never'
p80
I47
sS'here'
p81
I74
sS'\xe2\x9d\xa4\xef\xb8\x8f'
p82
I24
sS'through"'
p83
I90
sS'china'
p84
I90
sS'&&'
p85
I48
sS'hers'
p86
I90
sS',90059\n488071780779556864,sussaaayy,2014-07-12'
p87
I90
sS"aren't"
p88
I90
sS'digits'
p89
I89
sS'kids'
p90
I89
sS"i's"
p91
I90
sS'leaves'
p92
I90
sS'economics'
p93
I90
sS'w/out'
p94
I90
sS'wtf!!,90059\n445803491328417792,maniiac1992,2014-03-18'
p95
I90
sS'itunes'
p96
I90
sS'tv'
p97
I90
sS"i'd"
p98
I87
sS'smoke'
p99
I90
sS'bosque'
p100
I90
sS'california'
p101
I90
sS"i'm"
p102
I9
sS"someone's"
p103
I89
sS',90002\n468573836120571904,jazmineahyee,2014-05-20'
p104
I90
sS'eyebrows'
p105
I86
sS'deliver,90059\n511589757478907905,princessxleslie,2014-09-15'
p106
I90
sS'9k'
p107
I90
sS'secure'
p108
I90
sS'premios'
p109
I90
sS'straw'
p110
I90
sS',90059\n464510285240233985,lilmamakandy,2014-05-08'
p111
I90
sS'schooling'
p112
I90
sS'feelings'
p113
I90
sS'bro'
p114
I80
sS'shells'
p115
I90
sS'unos'
p116
I90
sS'embarrass'
p117
I90
sS'bra'
p118
I89
sS'cheating'
p119
I90
sS'assed'
p120
I90
sS'would'
p121
I64
sS'played'
p122
I90
sS'princess'
p123
I89
sS'cali'
p124
I90
sS'call'
p125
I75
sS'until'
p126
I90
sS',90002\n468165216115494913,jazmineahyee,2014-05-18'
p127
I90
sS'type'
p128
I79
sS'tell'
p129
I69
sS'nyquil'
p130
I88
sS'alphabet'
p131
I90
sS'posting'
p132
I89
sS'relax'
p133
I90
sS'oscar'
p134
I86
sS'20:13:23.0,33.9387646,-118.238796,2430,i'
p135
I90
sS'haha'
p136
I89
sS'watts'
p137
I87
sS'muse'
p138
I90
sS'hurt'
p139
I83
sS'phone'
p140
I75
sS'eddie-anthony'
p141
I90
sS'04:10:52.0,33.93490135,-118.23026034,2430,i'
p142
I90
sS'\xe2\x80\x98on'
p143
I90
sS'hold'
p144
I88
sS'immature'
p145
I90
sS'hola'
p146
I90
sS'must'
p147
I84
sS'shoot'
p148
I89
sS'disappointing'
p149
I90
sS'word'
p150
I88
sS'room'
p151
I86
sS'work'
p152
I80
sS'mi'
p153
I85
sS'cant'
p154
I90
sS'mk'
p155
I89
sS'movies'
p156
I88
sS'era'
p157
I90
sS'ms'
p158
I85
sS'mr'
p159
I88
sS'im'
p160
I84
sS',90002\n468609285979516928,jazmineahyee,2014-05-20'
p161
I90
sS'my'
p162
I5
sS'example'
p163
I89
sS'17:48:36.0,33.9386019,-118.2386579,2430,people'
p164
I90
sS'goood'
p165
I90
sS'bell'
p166
I90
sS'give'
p167
I75
sS'pie'
p168
I90
sS'laughs'
p169
I90
sS'stressing'
p170
I90
sS'honey'
p171
I88
sS'18:51:40.0,33.9384735,-118.2386771,2430,i'
p172
I90
sS'want'
p173
I43
sS'worst,90002\n500470970704883714,_mstreet,2014-08-16'
p174
I90
sS'keep'
p175
I83
sS'returned'
p176
I90
sS'ceremony'
p177
I90
sS'hoe'
p178
I90
sS'end'
p179
I84
sS'skyler'
p180
I90
sS'thing'
p181
I71
sS'complaining'
p182
I89
sS'"tip'
p183
I90
sS'sitting'
p184
I89
sS'how'
p185
I50
sS'hot'
p186
I81
sS'traigo'
p187
I90
sS'disappear'
p188
I90
sS'hop'
p189
I89
sS',90059\n489995744355434496,sussaaayy,2014-07-18'
p190
I90
sS'answer'
p191
I88
sS'gate'
p192
I90
sS'bianca'
p193
I90
sS'cooool'
p194
I90
sS'beach'
p195
I85
sS'hoy'
p196
I89
sS'fever'
p197
I87
sS'elizabeth'
p198
I88
sS'beauty'
p199
I89
sS'bday'
p200
I89
sS'typed'
p201
I90
sS'insecure'
p202
I90
sS'after'
p203
I69
sS'whyyyy'
p204
I90
sS'wrong'
p205
I82
sS'lay'
p206
I90
sS'20/20'
p207
I90
sS'law'
p208
I90
sS'las'
p209
I89
sS'21:28:45.0,33.9385019,-118.2388049,2430,hate'
p210
I90
sS'danny'
p211
I90
sS'number,90059\n436254814612107264,shes_greatest,2014-02-19'
p212
I90
sS'jordans"'
p213
I90
sS'recuperate'
p214
I90
sS'appreciate'
p215
I90
sS'32nd,90002\n503332618348158976,_mstreet,2014-08-24'
p216
I90
sS"10:22:37.0,33.94286281,-118.23231376,2430,he's"
p217
I90
sS'hasta'
p218
I90
sS'greek'
p219
I90
sS'18th'
p220
I90
sS'green'
p221
I90
sS'jungle'
p222
I90
sS'goodbye'
p223
I89
sS'worst'
p224
I87
sS'madres'
p225
I90
sS'wind'
p226
I89
sS'jack'
p227
I90
sS',90002\n468207659301105665,jazmineahyee,2014-05-19'
p228
I90
sS'deck'
p229
I90
sS'welcomed'
p230
I90
sS'school"'
p231
I90
sS'over'
p232
I59
sS'satisfied'
p233
I90
sS'finest'
p234
I90
sS'foreal'
p235
I89
sS'before'
p236
I76
sS'ima'
p237
I87
sS'somewhere'
p238
I88
sS'5;30'
p239
I90
sS'fix'
p240
I90
sS'03:26:02.0,33.9360712,-118.2299307,2430,i'
p241
I90
sS'better'
p242
I65
sS',90002\n495427219867439104,_mstreet,2014-08-02'
p243
I90
sS'differently'
p244
I90
sS'imy'
p245
I90
sS'weeks'
p246
I90
sS'easier'
p247
I89
sS'then'
p248
I69
sS'them'
p249
I60
sS'foolin'
p250
I90
sS'foolia'
p251
I90
sS'downs'
p252
I90
sS'safe'
p253
I89
sS"we'll"
p254
I89
sS'girl.,90002\n493936350387662848,_mstreet,2014-07-29'
p255
I90
sS'break'
p256
I87
sS'band'
p257
I89
sS'they'
p258
I47
sS'bestfriend'
p259
I90
sS'yourself'
p260
I89
sS'bread'
p261
I90
sS'milagro'
p262
I90
sS'alex'
p263
I89
sS'l'
p264
I87
sS'arrow'
p265
I90
sS'ingrid'
p266
I81
sS'us...they'
p267
I90
sS'went'
p268
I84
sS'side'
p269
I90
sS'forver'
p270
I90
sS'mean'
p271
I80
sS'xd,90059\n472416932243591168,lilmamakandy,2014-05-30'
p272
I90
sS',90002\n468611669732507648,jazmineahyee,2014-05-20'
p273
I90
sS'milan'
p274
I90
sS'10:21:49.0,33.94286281,-118.23231376,2430,finally'
p275
I90
sS'forgot'
p276
I81
sS'message'
p277
I87
sS'(convertible)'
p278
I90
sS'rt'
p279
I90
sS'gon'
p280
I89
sS'juniper'
p281
I90
sS'driving'
p282
I90
sS'god'
p283
I82
sS'nunca'
p284
I90
sS'worstyou'
p285
I90
sS'george'
p286
I90
sS'laid'
p287
I90
sS',90002\n468260498362728449,jazmineahyee,2014-05-19'
p288
I90
sS'nite'
p289
I85
sS'smh'
p290
I89
sS'got'
p291
I44
sS'rn'
p292
I81
sS'gov'
p293
I90
sS'swell'
p294
I90
sS'grease'
p295
I89
sS'turning'
p296
I87
sS'cutest'
p297
I88
sS"you're"
p298
I52
sS'tops'
p299
I90
sS'looong'
p300
I89
sS'free'
p301
I86
sS'\xe2\x9c\x8c,90059\n505560769535029249,sussaaayy,2014-08-30'
p302
I90
sS'dashing'
p303
I90
sS'niqqaaaaah'
p304
I90
sS'whuuuh'
p305
I90
sS'wanted'
p306
I80
sS'pasaron'
p307
I90
sS'mvp'
p308
I90
sS'ate'
p309
I87
sS'birdie'
p310
I90
sS'iss'
p311
I90
sS'starts'
p312
I88
sS'$1600'
p313
I90
sS',90002\n468335942336774144,jazmineahyee,2014-05-19'
p314
I90
sS'messages'
p315
I89
sS'days'
p316
I76
sS'outfits'
p317
I90
sS'onto'
p318
I90
sS'fuckin'
p319
I87
sS'cleaning'
p320
I87
sS"dumbass's"
p321
I90
sS'already'
p322
I68
sS'kim'
p323
I90
sS'pase'
p324
I90
sS'lovable'
p325
I90
sS'wash'
p326
I90
sS'another'
p327
I87
sS'$70000'
p328
I90
sS'sober'
p329
I90
sS'comic'
p330
I89
sS'05:09:41.0,33.93772393,-118.23503211,2430,i'
p331
I90
sS'hood'
p332
I90
sS'\xe2\x9d\xa4\xef\xb8\x8f-drake'
p333
I90
sS'basketball'
p334
I89
sS'activities'
p335
I90
sS'737:$:727272882293737:):73$):):6:637373$'
p336
I90
sS'top'
p337
I90
sS'girls'
p338
I81
sS'needed'
p339
I87
sS'princessa"'
p340
I90
sS'noooooo'
p341
I90
sS'dumbass'
p342
I90
sS'too'
p343
I58
sS'bienvenida'
p344
I90
sS'hundred'
p345
I90
sS'john'
p346
I90
sS'21:00:56.0,33.9384663,-118.2388032,2430,well,90059\n464498315774943232,lilmamakandy,2014-05-08'
p347
I90
sS'listen'
p348
I87
sS'salty,90059\n492478731831631873,_mstreet,2014-07-25'
p349
I90
sS',90002\n489959926953807872,_mstreet,2014-07-18'
p350
I90
sS'hmmmmmm'
p351
I90
sS'happily'
p352
I90
sS'gym'
p353
I90
sS'2am'
p354
I90
sS'serve'
p355
I89
sS'took'
p356
I79
sS'know!,90059\n509587625078837248,sussaaayy,2014-09-10'
p357
I90
sS'wrapped'
p358
I89
sS'cereal'
p359
I89
sS'nahh'
p360
I90
sS'brushed'
p361
I90
sS'character'
p362
I90
sS'bebe'
p363
I89
sS'sleeeepy'
p364
I90
sS'bosco'
p365
I90
sS'tatys'
p366
I90
sS',90002\n468335910724304896,jazmineahyee,2014-05-19'
p367
I90
sS'likely'
p368
I90
sS'shower'
p369
I80
sS'matter'
p370
I90
sS'street'
p371
I90
sS'expo'
p372
I90
sS'speaking'
p373
I90
sS'03:30:27.0,33.9360604,-118.2299246,2430,my'
p374
I90
sS'devious'
p375
I90
sS'feeling'
p376
I76
sS'desperate'
p377
I90
sS',90059\n435966270156988416,maniiac1992,2014-02-19'
p378
I90
sS'mini'
p379
I90
sS'sees'
p380
I90
sS'esta'
p381
I89
sS'ran'
p382
I89
sS'boston'
p383
I89
sS'mind'
p384
I82
sS'mine'
p385
I83
sS'ginger'
p386
I90
sS'return'
p387
I90
sS'talking'
p388
I72
sS'socio'
p389
I90
sS'infront'
p390
I90
sS'rap'
p391
I90
sS'seen'
p392
I88
sS'seem'
p393
I88
sS'regulate'
p394
I90
sS'tells'
p395
I90
sS"arby's"
p396
I89
sS'ray'
p397
I90
sS'\xe2\x9c\xa8\xe2\x9c\xa8'
p398
I90
sS'forced'
p399
I90
sS'chest'
p400
I90
sS'reals'
p401
I86
sS'20:28:41.0,33.9360586,-118.2299357,2430,i'
p402
I90
sS'nobody'
p403
I83
sS'susie'
p404
I90
sS'confusing.\xe2\x80\x9d'
p405
I90
sS'though'
p406
I62
sS'rappers'
p407
I90
sS'mother'
p408
I89
sS',90002\n493971722542936065,_mstreet,2014-07-29'
p409
I90
sS'germany'
p410
I88
sS'negro'
p411
I90
sS'plenty'
p412
I90
sS't-minus'
p413
I90
sS'massages'
p414
I90
sS'singer'
p415
I90
sS'money\xe2\x80\x9d'
p416
I90
sS'episode'
p417
I89
sS'doo'
p418
I90
sS'alarm'
p419
I90
sS'inglewood'
p420
I90
sS'm'
p421
I87
sS'dog'
p422
I90
sS'yours'
p423
I88
sS'freeway'
p424
I90
sS'\xe2\x9c\x8c,90059\n505450240892100608,sussaaayy,2014-08-29'
p425
I90
sS'definitely'
p426
I89
sS'dads'
p427
I89
sS'pineapple'
p428
I90
sS'niqht/saturday'
p429
I90
sS'dos'
p430
I88
sS'wrecked'
p431
I90
sS'came'
p432
I88
sS'saying'
p433
I86
sS'mejia'
p434
I90
sS'bomb'
p435
I82
sS'lyrics'
p436
I90
sS'queen'
p437
I87
sS'nominated'
p438
I90
sS'ending'
p439
I90
sS'radio'
p440
I89
sS'stepping'
p441
I90
sS'earth'
p442
I90
sS'lmfaooo'
p443
I90
sS'toast'
p444
I88
sS"em'"
p445
I90
sS'busy'
p446
I90
sS'situations'
p447
I90
sS'explain'
p448
I89
sS"baby's"
p449
I90
sS'bae!!"'
p450
I90
sS'bust'
p451
I90
sS'wassssup'
p452
I89
sS'accelerate'
p453
I90
sS'theme'
p454
I90
sS'pigments'
p455
I90
sS'rich'
p456
I90
sS'quieres'
p457
I89
sS'gangsta'
p458
I90
sS"adams'"
p459
I90
sS'wearing'
p460
I90
sS'do'
p461
I40
sS'tiles'
p462
I90
sS'dm'
p463
I90
sS'dj'
p464
I89
sS'bruise'
p465
I90
sS'de'
p466
I72
sS'watch'
p467
I79
sS'legs'
p468
I90
sS'da'
p469
I89
sS'haunted'
p470
I90
sS'churches'
p471
I90
sS'chanel'
p472
I90
sS'bit*'
p473
I90
sS'jaguar'
p474
I90
sS'gareth'
p475
I90
sS'muuuthafucken'
p476
I90
sS'officially'
p477
I88
sS'2:10'
p478
I90
sS'dipping'
p479
I90
sS'arechiga,90002\n425754747283324928,shes_greatest,2014-01-21'
p480
I90
sS'weird\xe2\x80\x9dyou'
p481
I90
sS'bag'
p482
I88
sS'bad'
p483
I79
sS'bae'
p484
I77
sS'biqqest'
p485
I90
sS'shots'
p486
I89
sS'tbfh'
p487
I90
sS'elsa'
p488
I90
sS',90002\n493964805460332544,_mstreet,2014-07-29'
p489
I90
sS'bother'
p490
I90
sS'home,90059\n489614657783468033,sussaaayy,2014-07-17'
p491
I90
sS'headed'
p492
I90
sS'blew'
p493
I88
sS'frfr'
p494
I86
sS'haaaaaate'
p495
I90
sS'fair'
p496
I90
sS'habit'
p497
I90
sS'w/'
p498
I87
sS'fluffy'
p499
I90
sS'lemonade'
p500
I90
sS'beg'
p501
I90
sS'goodnight'
p502
I58
sS'decided'
p503
I90
sS'fail'
p504
I90
sS'reckless,90002\n501234456007434240,_mstreet,2014-08-18'
p505
I90
sS'best'
p506
I63
sS'subject'
p507
I90
sS'brazil'
p508
I90
sS'eres'
p509
I90
sS'said'
p510
I65
sS'hambre'
p511
I90
sS'temptation'
p512
I90
sS'away'
p513
I82
sS'muy'
p514
I88
sS'shaved'
p515
I89
sS'02:41:24.0,33.9391876,-118.23409676,2430,just'
p516
I90
sS'"oh'
p517
I90
sS'bien'
p518
I90
sS"there's"
p519
I82
sS'hopefully'
p520
I87
sS'mum'
p521
I90
sS"dooooon't"
p522
I90
sS'lazy'
p523
I89
sS'omg'
p524
I79
sS'downgrades'
p525
I90
sS'handful'
p526
I90
sS'weak'
p527
I90
sS'however'
p528
I90
sS'boss'
p529
I89
sS'rivers'
p530
I90
sS'omw'
p531
I90
sS'wear'
p532
I90
sS'wtf'
p533
I88
sS'wth'
p534
I85
sS'news'
p535
I88
sS'convertible'
p536
I90
sS',90059\n505419974962208768,sussaaayy,2014-08-29'
p537
I90
sS'kitchen'
p538
I89
sS'bras'
p539
I90
sS'cop'
p540
I89
sS'goddess'
p541
I90
sS'tfti'
p542
I88
sS'fuistes'
p543
I90
sS'met'
p544
I88
sS'bachelorette'
p545
I90
sS'fault'
p546
I87
sS'una'
p547
I89
sS'games'
p548
I86
sS'lookin'
p549
I90
sS'faces'
p550
I89
sS'dora'
p551
I90
sS'argue'
p552
I90
sS'asked'
p553
I85
sS'con'
p554
I86
sS'tough'
p555
I90
sS'?me'
p556
I90
sS'aahh'
p557
I90
sS'appeared'
p558
I90
sS'had'
p559
I62
sS'yaas'
p560
I90
sS'waaay'
p561
I90
sS'2nd'
p562
I89
sS'dorm'
p563
I90
sS'karen'
p564
I90
sS'04:44:52.0,33.94277862,-118.23243186,2430,love'
p565
I90
sS'majestic'
p566
I90
sS'springs'
p567
I90
sS'trust'
p568
I85
sS'bumming'
p569
I90
sS'mkaaay'
p570
I90
sS'speak'
p571
I90
sS'asks'
p572
I89
sS'three'
p573
I90
sS'been'
p574
I58
sS'quickly'
p575
I90
sS'confident'
p576
I90
sS'beer'
p577
I90
sS'much'
p578
I77
sS'noel'
p579
I90
sS'basic'
p580
I88
sS'lovely'
p581
I88
sS'doooo'
p582
I90
sS'threw'
p583
I81
sS'dots'
p584
I90
sS'dry'
p585
I89
sS'mcm'
p586
I89
sS"02:49:05.0,33.936036,-118.2299749,2430,i'll"
p587
I90
sS'crying'
p588
I86
sS'sunshine'
p589
I90
sS'sooooo'
p590
I88
sS'dave'
p591
I85
sS'child'
p592
I88
sS'catch'
p593
I88
sS'worked'
p594
I90
sS'haters'
p595
I89
sS'censored'
p596
I90
sS'chill'
p597
I88
sS'gracias'
p598
I87
sS'seras'
p599
I90
sS'"selfie"'
p600
I90
sS'ugly'
p601
I77
sS'near'
p602
I90
sS'pt.1'
p603
I90
sS'suppose'
p604
I90
sS'voice'
p605
I88
sS'errthang'
p606
I90
sS',90059\n493625871823941633,sussaaayy,2014-07-28'
p607
I90
sS'pyramid'
p608
I90
sS'"a'
p609
I90
sS'mexico'
p610
I90
sS'is'
p611
I10
sS'krusty'
p612
I89
sS'"i'
p613
I88
sS'muerta'
p614
I90
sS'shame'
p615
I90
sS'ik'
p616
I86
sS'mascara'
p617
I90
sS'arechiga'
p618
I85
sS'in'
p619
I11
sS'gianni'
p620
I90
sS'id'
p621
I89
sS'trusted'
p622
I90
sS'if'
p623
I52
sS'beemer'
p624
I90
sS'nike'
p625
I90
sS'things'
p626
I82
sS'make'
p627
I71
sS'gustas'
p628
I90
sS'amount'
p629
I90
sS"b's"
p630
I90
sS'babies'
p631
I89
sS'18:08:51.0,33.9384549,-118.2386791,2430,ugly'
p632
I90
sS'05:43:02.0,33.93922666,-118.23407228,2430,what'
p633
I90
sS'bunny'
p634
I90
sS'lizbeth'
p635
I90
sS'clear'
p636
I90
sS'4min.,90059\n505245807486832641,sussaaayy,2014-08-29'
p637
I90
sS'18:14:36.0,33.9360609,-118.2299101,2430,it'
p638
I90
sS'mujeres'
p639
I90
sS'"guess'
p640
I90
sS'unlimited'
p641
I90
sS'blames'
p642
I90
sS'pick'
p643
I87
sS'hang'
p644
I90
sS'16:03:48.0,33.93463349,-118.23038195,2430,fuck'
p645
I90
sS'rain'
p646
I89
sS'hand'
p647
I87
sS'kik'
p648
I90
sS'grammar'
p649
I90
sS'lol\xe2\x80\x9d'
p650
I90
sS'hans'
p651
I89
sS'goofed'
p652
I90
sS'aka'
p653
I90
sS'thoughts'
p654
I90
sS'kid'
p655
I90
sS'butter'
p656
I89
sS'tassel'
p657
I89
sS'kept'
p658
I88
sS'thy'
p659
I85
sS'charlie'
p660
I90
sS'youre'
p661
I90
sS'2hrs'
p662
I90
sS'weirder'
p663
I90
sS'tho'
p664
I90
sS'burgers'
p665
I90
sS'greatest'
p666
I90
sS'pandora'
p667
I89
sS'tormenting'
p668
I88
sS'spittin'
p669
I90
sS'the'
p670
I4
sS'musical'
p671
I89
sS'karina'
p672
I89
sS'left'
p673
I82
sS'just'
p674
I26
sS'sleepy'
p675
I87
sS'assigned'
p676
I90
sS'grades'
p677
I89
sS'273838:8:8$'
p678
I90
sS'thanks'
p679
I81
sS'yes'
p680
I81
sS'tattooed'
p681
I89
sS'yet'
p682
I89
sS'cuatro'
p683
I90
sS'buyers'
p684
I90
sS'unique'
p685
I90
sS'ease'
p686
I90
sS'josh'
p687
I87
sS'hay'
p688
I89
sS'shout'
p689
I90
sS'potential'
p690
I90
sS'easy'
p691
I90
sS'save'
p692
I88
sS'gave'
p693
I87
sS"t's"
p694
I90
sS'babes'
p695
I90
sS'osman'
p696
I86
sS'credit'
p697
I90
sS'possible'
p698
I90
sS'cuuuute'
p699
I90
sS'perfecto'
p700
I90
sS'shakeys'
p701
I90
sS'banda'
p702
I89
sS'perfecta'
p703
I90
sS'rumor'
p704
I90
sS'apart'
p705
I90
sS'shoulder'
p706
I90
sS'brought'
p707
I89
sS'texts'
p708
I89
sS'contradict'
p709
I90
sS'nude'
p710
I90
sS"ingrid's"
p711
I90
sS'50'
p712
I90
sS'theyre'
p713
I90
sS'advils'
p714
I90
sS',90059\n505969644822216704,sussaaayy,2014-08-31'
p715
I90
sS'night'
p716
I49
sS'gane'
p717
I90
sS'amor'
p718
I89
sS'feelings,90002\n504472566602297344,majm_2shifty,2014-08-27'
p719
I90
sS'right'
p720
I68
sS'old'
p721
I85
sS'fuuuuuck'
p722
I89
sS'deal'
p723
I89
sS'people'
p724
I69
sS'sends'
p725
I90
sS'standing'
p726
I90
sS'skinned'
p727
I90
sS'bickin'
p728
I90
sS'criminology'
p729
I90
sS"daddy's"
p730
I90
sS'cooper'
p731
I90
sS'for'
p732
I15
sS'remind'
p733
I90
sS'saverlo'
p734
I90
sS'ice'
p735
I79
sS'everything'
p736
I78
sS'asking'
p737
I90
sS',90002\n489991866180333568,_mstreet,2014-07-18'
p738
I90
sS'saaaaayyy'
p739
I90
sS'foo'
p740
I89
sS'adorable'
p741
I88
sS'christmas'
p742
I89
sS'sherman'
p743
I90
sS'pls'
p744
I90
sS'deleted'
p745
I87
sS'marketing'
p746
I90
sS'spider-man'
p747
I90
sS'off?,90059\n505418693531025408,sussaaayy,2014-08-29'
p748
I90
sS'21:26:21.0,33.93499527,-118.23099091,2430,spring'
p749
I90
sS'losing'
p750
I90
sS'post'
p751
I90
sS'super'
p752
I87
sS'plug'
p753
I90
sS'pregnant"'
p754
I90
sS'daaaamn'
p755
I89
sS'dollars'
p756
I90
sS'months'
p757
I89
sS'..no'
p758
I90
sS'o'
p759
I82
sS'dinner'
p760
I87
sS'algo'
p761
I90
sS'misma'
p762
I90
sS'mismo'
p763
I89
sS'bath'
p764
I90
sS'\xe2\x98\x9d\xef\xb8\x8f'
p765
I90
sS"17:33:41.0,33.9384486,-118.2386737,2430,don't"
p766
I90
sS'**'
p767
I90
sS'lied'
p768
I90
sS'liee'
p769
I89
sS'18:57:57.0,33.93843989,-118.23871528,2430,my'
p770
I90
sS'06:25:41.0,33.93916191,-118.23404923,2430,i'
p771
I90
sS'ahh'
p772
I87
sS'decirte'
p773
I90
sS'bound'
p774
I89
sS'soo'
p775
I86
sS'son'
p776
I89
sS'down'
p777
I75
sS'22:14:20.0,33.9360606,-118.2298633,2430,next'
p778
I90
sS'soy'
p779
I88
sS'amsterdam'
p780
I90
sS'cafeteria'
p781
I90
sS'awe'
p782
I90
sS'often'
p783
I90
sS'ahahah'
p784
I90
sS'mcdonald'
p785
I90
sS'panorama'
p786
I90
sS'flying'
p787
I89
sS'strom'
p788
I90
sS'abrazo'
p789
I90
sS"27;!47292!47492:$47:61(44766'r"
p790
I90
sS'why'
p791
I34
sS'stuck'
p792
I86
sS'shitiest'
p793
I90
sS'way'
p794
I60
sS'aurelio'
p795
I90
sS'music'
p796
I84
sS'avocados'
p797
I90
sS'was'
p798
I20
sS'purposely'
p799
I90
sS'happy'
p800
I72
sS'starve'
p801
I90
sS'head'
p802
I84
sS'yolo'
p803
I90
sS'form'
p804
I89
sS'lol,90059\n466656621779628032,lilmamakandy,2014-05-14'
p805
I90
sS'notifications'
p806
I90
sS'"you\'re'
p807
I90
sS'hear'
p808
I85
sS'niqqahs'
p809
I83
sS'back,90002\n500110079912189953,_mstreet,2014-08-15'
p810
I90
sS'true'
p811
I84
sS"'gon"
p812
I90
sS'inside'
p813
I88
sS"04:04:23.0,33.93920864,-118.23419985,2430,y'all"
p814
I90
sS'viuda'
p815
I89
sS'peso'
p816
I90
sS'faking'
p817
I90
sS'welcoming'
p818
I90
sS'daddy'
p819
I87
sS'omfg,90059\n489234314693853185,sussaaayy,2014-07-16'
p820
I90
sS'delete'
p821
I86
sS'separated'
p822
I90
sS'proud'
p823
I90
sS'pimples'
p824
I90
sS'classic'
p825
I89
sS'fury'
p826
I90
sS'upset'
p827
I89
sS'drive'
p828
I87
sS'miro'
p829
I90
sS'promised'
p830
I90
sS'prayer'
p831
I89
sS"rollin'"
p832
I90
sS'annoying'
p833
I88
sS'check'
p834
I88
sS'shit'
p835
I36
sS'physical'
p836
I89
sS'aaaaaaaaaaaa'
p837
I90
sS'dying'
p838
I88
sS'no'
p839
I27
sS'sabes'
p840
I90
sS'when'
p841
I31
sS'alone\xe2\x9d\xa4\xef\xb8\x8f'
p842
I90
sS'ourselves'
p843
I90
sS'ny'
p844
I90
sS'republic'
p845
I90
sS'test'
p846
I87
sS'jesus"'
p847
I90
sS'confusing'
p848
I90
sS'smell'
p849
I89
sS'realize'
p850
I90
sS'meeeee'
p851
I90
sS'picture'
p852
I76
sS'intend'
p853
I90
sS'brothers'
p854
I88
sS"21:56:13.0,33.93524419,-118.23140076,2430,i'm"
p855
I90
sS'dies'
p856
I90
sS'football'
p857
I89
sS'update'
p858
I88
sS"let's"
p859
I89
sS'fell'
p860
I88
sS'preciosa'
p861
I90
sS'scores'
p862
I89
sS'siento'
p863
I89
sS'died'
p864
I90
sS'faster'
p865
I88
sS'apology'
p866
I90
sS'assume'
p867
I90
sS'bottom'
p868
I90
sS'together'
p869
I86
sS'beds'
p870
I90
sS'loyal'
p871
I90
sS'floyd'
p872
I90
sS'strongerand'
p873
I90
sS'time'
p874
I45
sS'serious'
p875
I86
sS'songs'
p876
I88
sS'neighbors'
p877
I86
sS'gown'
p878
I88
sS':('
p879
I85
sS':)'
p880
I89
sS'dance'
p881
I86
sS'skip'
p882
I90
sS'global'
p883
I90
sS'sleeeep'
p884
I90
sS'walking'
p885
I90
sS'pre-cal'
p886
I90
sS'brows'
p887
I90
sS'sadderday'
p888
I90
sS'comments'
p889
I90
sS'grateful'
p890
I88
sS'skin'
p891
I90
sS'milk'
p892
I90
sS',90002\n500129928809967616,_mstreet,2014-08-15'
p893
I90
sS'compadres'
p894
I90
sS',90002\n468610148752453632,jazmineahyee,2014-05-20'
p895
I90
sS'ver'
p896
I90
sS"banning's"
p897
I90
sS'tounge'
p898
I89
sS'neighbors,90059\n444315512630042624,maniiac1992,2014-03-14'
p899
I90
sS'thighs'
p900
I90
sS'countdown'
p901
I90
sS'0'
p902
I89
sS'finally'
p903
I83
sS'rhythm'
p904
I89
sS'lmaoo'
p905
I90
sS"a's"
p906
I90
sS'noticia'
p907
I90
sS'^.^'
p908
I86
sS'jerk'
p909
I90
sS':d'
p910
I90
sS'iggy'
p911
I90
sS'none'
p912
I88
sS'tacos'
p913
I88
sS'cumple'
p914
I90
sS'kitten'
p915
I89
sS'ma'
p916
I87
sS'you\xe2\x9d\xa4\xef\xb8\x8f'
p917
I90
sS':p'
p918
I89
sS'minute'
p919
I88
sS'cool'
p920
I81
sS'edad'
p921
I89
sS'02:43:43.0,33.93919653,-118.23403766,2430,i'
p922
I90
sS'tortillas'
p923
I90
sS'hour'
p924
I87
sS'presented'
p925
I90
sS'did'
p926
I57
sS'die'
p927
I85
sS'brother'
p928
I88
sS'leave'
p929
I85
sS'p'
p930
I88
sS'soooo'
p931
I88
sS'team'
p932
I82
sS'quick'
p933
I87
sS',90059\n505485866031013888,sussaaayy,2014-08-29'
p934
I90
sS'guy'
p935
I85
sS'dip'
p936
I90
sS'babyface'
p937
I90
sS'talked'
p938
I88
sS'says'
p939
I87
sS'regret'
p940
I88
sS'ok,90059\n505561146712010752,sussaaayy,2014-08-30'
p941
I90
sS'porn'
p942
I90
sS'bravo'
p943
I89
sS'muuthafucken'
p944
I90
sS'rhythem'
p945
I90
sS'roof'
p946
I89
sS'eating'
p947
I89
sS'querias'
p948
I90
sS'chicken'
p949
I88
sS'irritated'
p950
I90
sS'snacks'
p951
I90
sS'barbie'
p952
I90
sS'*mom'
p953
I90
sS'watcho'
p954
I90
sS'melt'
p955
I90
sS'daaaang'
p956
I89
sS'goes'
p957
I84
sS'04:46:03.0,33.9360644,-118.2299284,2430,i'
p958
I90
sS'reply'
p959
I86
sS'falling'
p960
I89
sS'05:58:07.0,33.9360831,-118.2298932,2430,its'
p961
I90
sS',90059\n505968892095655936,sussaaayy,2014-08-31'
p962
I90
sS'hummer'
p963
I90
sS'ayee'
p964
I90
sS'burn'
p965
I90
sS'sweeter'
p966
I90
sS',90059\n488083854192689152,sussaaayy,2014-07-12'
p967
I90
sS'21:22:09.0,33.9385131,-118.2388303,2430,stupid'
p968
I90
sS'learn'
p969
I88
sS'french'
p970
I87
sS'understanding'
p971
I90
sS'water'
p972
I86
sS'alone'
p973
I88
sS'along'
p974
I89
sS'earthquake'
p975
I88
sS'change'
p976
I87
sS'wait'
p977
I75
sS'box'
p978
I88
sS'boy'
p979
I87
sS'why.,90059\n488051038662823936,sussaaayy,2014-07-12'
p980
I90
sS'healthy'
p981
I90
sS'guilty'
p982
I90
sS'eduction'
p983
I90
sS'heridas'
p984
I90
sS'21:54:25.0,33.9387646,-118.2387908,2430,this'
p985
I90
sS'boo'
p986
I87
sS'priceless'
p987
I90
sS'weird'
p988
I82
sS"country's"
p989
I90
sS'homecoming'
p990
I90
sS'errday'
p991
I88
sS'love'
p992
I35
sS'hiking'
p993
I90
sS'stubborn'
p994
I90
sS'flexibility'
p995
I90
sS'fake'
p996
I90
sS'fbi'
p997
I90
sS'daaaaaaamnn'
p998
I90
sS'everybody'
p999
I90
sS'siempre'
p1000
I89
sS'03:36:47.0,33.9411366,-118.2348428,2430,my'
p1001
I90
sS'franco'
p1002
I88
sS'working'
p1003
I90
sS'you."'
p1004
I90
sS'kimberlin'
p1005
I90
sS'pero'
p1006
I86
sS'tears'
p1007
I90
sS'by'
p1008
I72
sS'live'
p1009
I87
sS'todas'
p1010
I90
sS'iphone'
p1011
I90
sS'ahhh'
p1012
I86
sS'cuter'
p1013
I90
sS'angels'
p1014
I90
sS'2007'
p1015
I90
sS'today'
p1016
I72
sS'scratched'
p1017
I90
sS'sharing'
p1018
I90
sS'club'
p1019
I86
sS'a\xc3\xb1os'
p1020
I90
sS'chocolate'
p1021
I88
sS'drown'
p1022
I90
sS'everywhere'
p1023
I90
sS'olive'
p1024
I90
sS'cases'
p1025
I90
sS'crier"'
p1026
I90
sS'easiest'
p1027
I90
sS'03:48:43.0,33.93923529,-118.2340447,2430,who'
p1028
I90
sS'plan\xe2\x80\x9d'
p1029
I90
sS'fly'
p1030
I90
sS'niggas'
p1031
I89
sS'car'
p1032
I84
sS'cap'
p1033
I89
sS'soul'
p1034
I89
sS'wallet'
p1035
I90
sS'bake'
p1036
I90
sS'can'
p1037
I51
sS'kendrick'
p1038
I90
sS'making'
p1039
I82
sS"denny's"
p1040
I89
sS',90059\n493627276597014529,sussaaayy,2014-07-28'
p1041
I90
sS'heart'
p1042
I84
sS'dedicated'
p1043
I88
sS'grow\xe2\x80\x9d'
p1044
I90
sS'figure'
p1045
I90
sS'downfall'
p1046
I90
sS'feos'
p1047
I90
sS'awesome'
p1048
I90
sS"didn't"
p1049
I71
sS'fuck'
p1050
I53
sS'heard'
p1051
I89
sS'dropped'
p1052
I90
sS'allowed'
p1053
I90
sS'pink'
p1054
I89
sS'drama'
p1055
I90
sS'purp'
p1056
I90
sS'finnah'
p1057
I90
sS'mole'
p1058
I90
sS'means'
p1059
I89
sS'back,90059\n489602293919006721,sussaaayy,2014-07-17'
p1060
I90
sS'freezer'
p1061
I90
sS'1'
p1062
I88
sS'till'
p1063
I83
sS'pura'
p1064
I90
sS'asme'
p1065
I90
sS'accessories'
p1066
I90
sS'\xe2\x9d\xa4\xef\xb8\x8f\xe2\x9d\xa4\xef\xb8\x8f\xe2\x9d\xa4\xef\xb8\x8f'
p1067
I90
sS'17:55:15.0,33.9385775,-118.2386471,2430,i'
p1068
I90
sS'03:19:29.0,33.9360907,-118.2299542,2430,eddie'
p1069
I90
sS'michigan'
p1070
I90
sS'josue'
p1071
I89
sS'night\xe2\x80\x9d'
p1072
I90
sS'staying'
p1073
I89
sS'right?,90059\n505558356409331713,sussaaayy,2014-08-30'
p1074
I90
sS'information'
p1075
I90
sS'may'
p1076
I90
sS'sacrifice'
p1077
I90
sS'spot'
p1078
I90
sS'tbt'
p1079
I90
sS'mimishh'
p1080
I90
sS'birthday'
p1081
I77
sS'mad'
p1082
I74
sS'hombre'
p1083
I90
sS'date'
p1084
I81
sS'such'
p1085
I85
sS'suck'
p1086
I89
sS':/,90059\n434537941021376512,maniiac1992,2014-02-15'
p1087
I90
sS'guys'
p1088
I83
sS'grow'
p1089
I89
sS'man'
p1090
I76
sS'natural'
p1091
I90
sS'remember'
p1092
I77
sS'me.\xe2\x80\x9d'
p1093
I90
sS'maybe'
p1094
I83
sS'there,90059\n444924001081516032,maniiac1992,2014-03-15'
p1095
I90
sS'su'
p1096
I90
sS'smellin'
p1097
I90
sS'si'
p1098
I87
sS'so'
p1099
I17
sS'tall'
p1100
I90
sS'tapped'
p1101
I90
sS'talk'
p1102
I73
sS'record"'
p1103
I90
sS'cute'
p1104
I79
sS'tagged'
p1105
I90
sS'breaking'
p1106
I90
sS'shield'
p1107
I89
sS'indeed'
p1108
I90
sS'wishing'
p1109
I88
sS'me,90059\n494306562811248641,_mstreet,2014-07-30'
p1110
I90
sS'years'
p1111
I87
sS'course'
p1112
I88
sS'episodes'
p1113
I90
sS'kanye'
p1114
I89
sS'cold'
p1115
I83
sS'still'
p1116
I55
sS'blooded'
p1117
I90
sS'"broken'
p1118
I90
sS'thank'
p1119
I85
sS"he's"
p1120
I81
sS'thang'
p1121
I89
sS'twitcon'
p1122
I88
sS'encompasses'
p1123
I90
sS'amazing'
p1124
I87
sS'lyin'
p1125
I89
sS'window'
p1126
I90
sS'boooo'
p1127
I90
sS'tweets'
p1128
I86
sS'ours'
p1129
I90
sS'main'
p1130
I89
sS'selfie'
p1131
I87
sS'happened'
p1132
I85
sS'non'
p1133
I90
sS'noo'
p1134
I89
sS'moms'
p1135
I88
sS'conversations'
p1136
I90
sS'feelin'
p1137
I89
sS'lunch'
p1138
I87
sS'adrenaline'
p1139
I90
sS'bitch,90059\n461216263440568321,lilmamakandy,2014-04-29'
p1140
I90
sS'half'
p1141
I86
sS'not'
p1142
I32
sS'now'
p1143
I46
sS'ahaha'
p1144
I83
sS'bullshit'
p1145
I88
sS"'bout"
p1146
I90
sS'name'
p1147
I80
sS'drop'
p1148
I88
sS'debating'
p1149
I89
sS'rock'
p1150
I87
sS'muchas'
p1151
I90
sS'pizza'
p1152
I90
sS',90059\n505418251560431618,sussaaayy,2014-08-29'
p1153
I90
sS'em'
p1154
I90
sS'el'
p1155
I77
sS'en'
p1156
I86
sS"damon's"
p1157
I90
sS'lowkey'
p1158
I88
sS"peso's"
p1159
I90
sS'dejected'
p1160
I90
sS'chillon'
p1161
I90
sS'yeah'
p1162
I71
sS'ayyy'
p1163
I90
sS'becky'
p1164
I90
sS'ex'
p1165
I85
sS'year'
p1166
I84
sS'girl'
p1167
I74
sS'es'
p1168
I79
sS'canada'
p1169
I90
sS'living'
p1170
I88
sS"america's"
p1171
I90
sS'man...,90002\n500109976304504832,_mstreet,2014-08-15'
p1172
I90
sS'3rd'
p1173
I87
sS'gonzales'
p1174
I90
sS'"gringo"'
p1175
I90
sS'looking'
p1176
I84
sS'mess'
p1177
I90
sS'seriously'
p1178
I87
sS"shouldn't"
p1179
I89
sS'internet'
p1180
I90
sS'\xe2\x9d\xa4\xef\xb8\x8fnever'
p1181
I90
sS'>.<,90002\n468171644326793216,jazmineahyee,2014-05-18'
p1182
I90
sS'advice'
p1183
I90
sS'shows'
p1184
I88
sS'stanky'
p1185
I90
sS'earlier'
p1186
I88
sS'quito'
p1187
I90
sS'boobs'
p1188
I90
sS'04:52:54.0,33.9360607,-118.2299589,2430,i'
p1189
I90
sS'truth,90059\n466689388395499520,lilmamakandy,2014-05-14'
p1190
I90
sS'disrespect'
p1191
I89
sS"???'me"
p1192
I90
sS'unwanted'
p1193
I90
sS'rebel'
p1194
I90
sS'grandma'
p1195
I90
sS'proncipe'
p1196
I90
sS'cara'
p1197
I90
sS'seventy'
p1198
I90
sS'card'
p1199
I89
sS'care'
p1200
I79
sS'05:02:33.0,33.93926794,-118.23400782,2430,ig'
p1201
I90
sS'training'
p1202
I89
sS'does,90059\n488073694535639041,sussaaayy,2014-07-12'
p1203
I90
sS'100+'
p1204
I90
sS'yup'
p1205
I85
sS'100%'
p1206
I89
sS'punk'
p1207
I90
sS'gusto'
p1208
I89
sS'honest'
p1209
I90
sS'turn'
p1210
I83
sS'butterflies'
p1211
I89
sS',90002\n489994238571331586,_mstreet,2014-07-18'
p1212
I90
sS'place'
p1213
I89
sS'husband'
p1214
I90
sS'22:43:16.0,33.9360739,-118.229919,2430,but'
p1215
I90
sS'think'
p1216
I59
sS'waited'
p1217
I90
sS'first'
p1218
I79
sS'origin'
p1219
I90
sS'neese'
p1220
I90
sS'sneezing'
p1221
I90
sS'saving'
p1222
I90
sS'08:53:02.0,33.93813404,-118.23214377,2430,una'
p1223
I90
sS'striking'
p1224
I90
sS'mucho'
p1225
I90
sS'ballmer'
p1226
I90
sS'fast'
p1227
I87
sS'spanish'
p1228
I86
sS'chubby'
p1229
I90
sS'sounds'
p1230
I87
sS'fight'
p1231
I90
sS'open'
p1232
I87
sS'tomorrow'
p1233
I55
sS'ripping'
p1234
I90
sS'marlene'
p1235
I90
sS'city'
p1236
I90
sS'little'
p1237
I81
sS'sheet'
p1238
I90
sS'ok,90059\n468868486887137281,lilmamakandy,2014-05-20'
p1239
I90
sS'caught'
p1240
I88
sS'slept'
p1241
I89
sS'anyone'
p1242
I84
sS'afterschool'
p1243
I90
sS'2'
p1244
I81
sS'stuffed'
p1245
I90
sS'typing'
p1246
I89
sS'white'
p1247
I89
sS'royce'
p1248
I90
sS'friend'
p1249
I81
sS'gives'
p1250
I90
sS'thas'
p1251
I90
sS'eyes'
p1252
I87
sS'hug'
p1253
I90
sS'adjourned'
p1254
I90
sS'that'
p1255
I14
sS'season'
p1256
I85
sS'huh'
p1257
I90
sS'$3000'
p1258
I90
sS'cops'
p1259
I90
sS'dudes'
p1260
I90
sS'hartford'
p1261
I90
sS'eyed'
p1262
I90
sS'butt'
p1263
I90
sS'\xe2\x9d\xa4\xef\xb8\x8f\xe2\x9d\xa4\xef\xb8\x8f\xe2\x9d\xa4\xef\xb8\x8f\xe2\x9d\xa4\xef\xb8\x8f\xe2\x9c\xa8\xe2\x9c\xa8\xe2\x9c\xa8\xe2\x9c\xa8'
p1264
I90
sS'j3'
p1265
I90
sS'than'
p1266
I74
sS'11'
p1267
I89
sS'10'
p1268
I85
sS'12'
p1269
I90
sS'lmao'
p1270
I69
sS'18'
p1271
I90
sS'gotta'
p1272
I64
sS'"know'
p1273
I90
sS'r'
p1274
I81
sS'disrespects'
p1275
I90
sS'were'
p1276
I76
sS'cards'
p1277
I90
sS'asleep'
p1278
I79
sS'counselor'
p1279
I90
sS'oath'
p1280
I90
sS'powder'
p1281
I90
sS'and'
p1282
I16
sS'buzzed'
p1283
I90
sS'angel'
p1284
I89
sS'correction'
p1285
I90
sS's.h.i.e.l.d'
p1286
I89
sS'sad'
p1287
I84
sS'say'
p1288
I63
sS'slam'
p1289
I89
sS'"ginger'
p1290
I90
sS'lurking'
p1291
I90
sS'dasa'
p1292
I90
sS'breakfast'
p1293
I90
sS'saw'
p1294
I84
sS'any'
p1295
I84
sS'marathon'
p1296
I89
sS'backwoods'
p1297
I90
sS'wcw'
p1298
I89
sS'general'
p1299
I90
sS'djabou'
p1300
I90
sS'answering'
p1301
I90
sS'ideas'
p1302
I90
sS'note'
p1303
I89
sS'omfg'
p1304
I84
sS'squad'
p1305
I90
sS'take'
p1306
I60
sS'shocker'
p1307
I90
sS'wanting'
p1308
I90
sS'pimple'
p1309
I90
sS'enga\xc3\xb1o'
p1310
I90
sS'200'
p1311
I90
sS'sure'
p1312
I82
sS'pain'
p1313
I89
sS',90002\n468613303015456768,jazmineahyee,2014-05-20'
p1314
I90
sS'arguing'
p1315
I90
sS'price'
p1316
I90
sS'knew'
p1317
I87
sS'her.,90002\n495444641039151105,_mstreet,2014-08-02'
p1318
I90
sS'nutella'
p1319
I90
sS'pasaste'
p1320
I90
sS"lurkin'"
p1321
I90
sS'pair'
p1322
I90
sS'cleared'
p1323
I90
sS'pages'
p1324
I89
sS'tranquilo'
p1325
I90
sS'forever'
p1326
I80
sS'especially'
p1327
I90
sS'miracle"'
p1328
I90
sS'later'
p1329
I88
sS'steady'
p1330
I90
sS'hungry'
p1331
I88
sS'order'
p1332
I90
sS'uncle'
p1333
I90
sS'senior'
p1334
I90
sS'07:26:29.0,33.93871266,-118.23445532,2430,faith,90059\n495463827769544704,_mstreet,2014-08-02'
p1335
I90
sS'event'
p1336
I90
sS'madison'
p1337
I90
sS'shot'
p1338
I89
sS'\xe2\x9c\xa8'
p1339
I72
sS'show'
p1340
I84
sS'cheat'
p1341
I90
sS',90002\n500495262486237184,_mstreet,2014-08-16'
p1342
I90
sS'cheap'
p1343
I90
sS'estoy'
p1344
I90
sS'volunteer'
p1345
I90
sS'corner'
p1346
I90
sS'stewie'
p1347
I90
sS'data'
p1348
I90
sS'ground'
p1349
I89
sS'aint'
p1350
I90
sS'\xe2\x9c\x8c'
p1351
I85
sS'slow'
p1352
I88
sS'word.,90059\n505431545654419457,sussaaayy,2014-08-29'
p1353
I90
sS'\xe2\x9c\x8b'
p1354
I74
sS'\xe2\x9c\x8a'
p1355
I90
sS'dick'
p1356
I90
sS'proportion'
p1357
I90
sS'enough'
p1358
I76
sS'only'
p1359
I68
sS'going'
p1360
I59
sS'black'
p1361
I82
sS'!,90059\n511994585573523457,toocoolforyou__,2014-09-16'
p1362
I90
sS"fearlet's"
p1363
I90
sS'get'
p1364
I28
sS'goodluck'
p1365
I89
sS'samuel'
p1366
I90
sS'truly'
p1367
I88
sS'cursing'
p1368
I90
sS'cannot'
p1369
I85
sS'gee'
p1370
I90
sS'dye'
p1371
I90
sS'geo'
p1372
I90
sS'celebrate'
p1373
I88
sS'freaking'
p1374
I90
sS'03:34:07.0,33.9348821,-118.23137931,2430,chillin'
p1375
I90
sS'floods'
p1376
I90
sS'morning'
p1377
I84
sS'naked'
p1378
I89
sS'stupid'
p1379
I85
sS'roger'
p1380
I90
sS'worries'
p1381
I90
sS'bought'
p1382
I87
sS'where'
p1383
I83
sS"everything's"
p1384
I90
sS'vision'
p1385
I90
sS"y'all"
p1386
I85
sS'calas'
p1387
I90
sS'concert'
p1388
I90
sS'fakest'
p1389
I90
sS'ma\xc3\xb1ana'
p1390
I90
sS'up'
p1391
I30
sS'brazy'
p1392
I90
sS'college'
p1393
I88
sS'anyways'
p1394
I89
sS'minney'
p1395
I90
sS'hoes'
p1396
I83
sS'sport'
p1397
I90
sS'wonder'
p1398
I87
sS'*looks'
p1399
I90
sS'fails'
p1400
I89
sS'sorely'
p1401
I90
sS'farmers'
p1402
I90
sS'ways'
p1403
I90
sS'opening'
p1404
I90
sS'daaaaaamn'
p1405
I90
sS"father's"
p1406
I90
sS'3'
p1407
I81
sS'estar'
p1408
I89
sS'rail'
p1409
I90
sS'between'
p1410
I87
sS'it'
p1411
I9
sS'aviso'
p1412
I90
sS'reading'
p1413
I89
sS'across'
p1414
I90
sS'snoooowmaaaan\xe2\x9b\x84\xef\xb8\x8f'
p1415
I90
sS'notice'
p1416
I89
sS',90059\n489237049451364352,sussaaayy,2014-07-16'
p1417
I90
sS'comp'
p1418
I90
sS'tus'
p1419
I90
sS'chickenfries'
p1420
I90
sS'killing'
p1421
I89
sS'jo'
p1422
I90
sS'como'
p1423
I90
sS'jk'
p1424
I80
sS'js'
p1425
I90
sS'come'
p1426
I68
sS'lopez'
p1427
I89
sS'duces'
p1428
I90
sS'many'
p1429
I85
sS'45min'
p1430
I90
sS'personal'
p1431
I88
sS's'
p1432
I82
sS'disappointment'
p1433
I90
sS'quien'
p1434
I90
sS'cuhhh'
p1435
I90
sS"can't"
p1436
I51
sS'perdimos'
p1437
I90
sS'6%'
p1438
I90
sS'color'
p1439
I90
sS'endless'
p1440
I90
sS'hurts'
p1441
I87
sS'por'
p1442
I85
sS'pos'
p1443
I88
sS'pop'
p1444
I90
sS'nooooo'
p1445
I90
sS'poo'
p1446
I90
sS'medication'
p1447
I90
sS"couldn't"
p1448
I87
sS'cancel'
p1449
I90
sS'extinct'
p1450
I90
sS'again,90002\n488892894376235009,_mstreet,2014-07-15'
p1451
I90
sS'cramps'
p1452
I87
sS'mara'
p1453
I89
sS'03:36:10.0,33.9411366,-118.2348428,2430,i'
p1454
I90
sS',90059\n505737363037749248,sussaaayy,2014-08-30'
p1455
I90
sS'breath'
p1456
I90
sS'minaj'
p1457
I90
sS'games"'
p1458
I90
sS'helicopter'
p1459
I90
sS'kiking'
p1460
I90
sS'brother\xe2\x9c\x8a,90002\n495472756511629312,_mstreet,2014-08-02'
p1461
I90
sS'wants'
p1462
I88
sS'direction'
p1463
I90
sS'shopping'
p1464
I90
sS'reaction'
p1465
I90
sS'with'
p1466
I18
sS'mocking'
p1467
I90
sS'wake'
p1468
I85
sS'minutes!!!,90059\n453907243587497984,angelag675,2014-04-09'
p1469
I90
sS'irrelevant'
p1470
I88
sS'those'
p1471
I85
sS'case'
p1472
I89
sS'myself'
p1473
I76
sS'klaus'
p1474
I90
sS'rueda'
p1475
I90
sS'turtles'
p1476
I90
sS'bruuh'
p1477
I90
sS'these'
p1478
I71
sS'casi'
p1479
I90
sS'calmado'
p1480
I90
sS'02:28:44.0,33.93908773,-118.23403498,2430,my'
p1481
I90
sS'situation'
p1482
I89
sS'04:00:41.0,33.93913216,-118.23402249,2430,wish'
p1483
I90
sS',90059\n493636498327994368,sussaaayy,2014-07-28'
p1484
I90
sS'premiere'
p1485
I90
sS'alcoholic'
p1486
I90
sS'veras'
p1487
I89
sS'show...oh'
p1488
I90
sS'coffee'
p1489
I86
sS'sleeping'
p1490
I88
sS'middle'
p1491
I89
sS',90002\n504472414672007168,majm_2shifty,2014-08-27'
p1492
I90
sS'sudden'
p1493
I89
sS'embrace'
p1494
I90
sS'minds'
p1495
I90
sS'dangerously'
p1496
I90
sS'baths'
p1497
I90
sS'heels'
p1498
I88
sS'girl,90059\n468408453648486401,lilmamakandy,2014-05-19'
p1499
I90
sS'missing\xe2\x9d\xa4\xef\xb8\x8f'
p1500
I90
sS'chinita'
p1501
I90
sS'19:46:14.0,33.9386028,-118.2387319,2430,why'
p1502
I90
sS'worry'
p1503
I88
sS'different'
p1504
I88
sS'doctor'
p1505
I90
sS'pay'
p1506
I87
sS'thinkin'
p1507
I90
sS'same'
p1508
I72
sS'trip'
p1509
I87
sS'ya'
p1510
I77
sS'pad'
p1511
I90
sS'catfish'
p1512
I90
sS'sweetdreams'
p1513
I90
sS'damon'
p1514
I85
sS'retweeting'
p1515
I90
sS'events'
p1516
I90
sS'richtook'
p1517
I90
sS'week'
p1518
I77
sS'finish'
p1519
I90
sS'barefoot'
p1520
I90
sS'screenshot'
p1521
I89
sS'07:11:45.0,33.936082,-118.2299251,2430,expecting'
p1522
I90
sS'it"'
p1523
I90
sS'serenading'
p1524
I90
sS'weed'
p1525
I89
sS'bronx'
p1526
I90
sS'running'
p1527
I87
sS'olvera'
p1528
I90
sS'official,90002\n500140992666685441,_mstreet,2014-08-15'
p1529
I90
sS'18:21:26.0,33.9360623,-118.2299227,2430,at'
p1530
I90
sS'climbing'
p1531
I90
sS'totally'
p1532
I88
sS'theeeee'
p1533
I90
sS'mentally'
p1534
I90
sS'weave'
p1535
I86
sS'\xe2\x9c\x8c\xef\xb8\x8f'
p1536
I82
sS'snoooowmaaaaan'
p1537
I90
sS'threaded'
p1538
I90
sS'pr\xc3\xadncipe'
p1539
I90
sS'clingy'
p1540
I90
sS'ramirez'
p1541
I89
sS'elsalvador'
p1542
I90
sS'magical'
p1543
I90
sS'nothin'
p1544
I90
sS'01:52:59.0,33.94275578,-118.2322726,2430,i'
p1545
I90
sS'without'
p1546
I89
sS'pupusas'
p1547
I90
sS'comes'
p1548
I85
sS'very'
p1549
I89
sS"03:41:36.0,33.93718235,-118.2330058,2430,where's"
p1550
I90
sS'20:39:09.0,33.9385989,-118.2386561,2430,hi'
p1551
I90
sS'nessa'
p1552
I90
sS'summer'
p1553
I86
sS'(x'
p1554
I90
sS'\xe2\x98\xba\xef\xb8\x8f'
p1555
I67
sS'being'
p1556
I77
sS'money'
p1557
I85
sS'rest'
p1558
I89
sS'00:07:02.0,33.9391345,-118.2338318,2430,i'
p1559
I90
sS'gooood'
p1560
I90
sS'kill'
p1561
I85
sS'touch'
p1562
I87
sS'reality'
p1563
I90
sS"smilin'"
p1564
I90
sS'halfway'
p1565
I89
sS'death'
p1566
I89
sS'u,90059\n466689948998205442,lilmamakandy,2014-05-14'
p1567
I90
sS'nick'
p1568
I90
sS'thinking'
p1569
I83
sS'hopping'
p1570
I90
sS'lolllll'
p1571
I90
sS"everyone's"
p1572
I90
sS'birthday.,90002\n504470292287074305,majm_2shifty,2014-08-27'
p1573
I90
sS'07:34:45.0,33.93923052,-118.23405895,2430,faith,90002\n495470677021827073,_mstreet,2014-08-02'
p1574
I90
sS'ahhhh'
p1575
I90
sS'4'
p1576
I84
sS'carrera'
p1577
I90
sS'kingdom'
p1578
I89
sS'starving'
p1579
I90
sS'jake'
p1580
I90
sS'crusty'
p1581
I90
sS'around'
p1582
I83
sS'read'
p1583
I88
sS'cuando'
p1584
I90
sS'gonna'
p1585
I35
sS'period'
p1586
I88
sS'early'
p1587
I81
sS'loud,90059\n509782341703569408,princessxleslie,2014-09-10'
p1588
I90
sS'mom'
p1589
I57
sS'tanto'
p1590
I90
sS'\xe2\x9d\x84\xef\xb8\x8f\xe2\x9d\x84\xef\xb8\x8f'
p1591
I89
sS'using'
p1592
I89
sS',90059\n501214017658953728,_mstreet,2014-08-18'
p1593
I90
sS'lady'
p1594
I89
sS'dare'
p1595
I90
sS'tatted'
p1596
I90
sS'02:41:49.0,33.93919209,-118.23411956,2430,i'
p1597
I90
sS'05:29:04.0,33.93946898,-118.23400053,2430,usc'
p1598
I90
sS'breaker=,90059\n506301937994575872,sussaaayy,2014-09-01'
p1599
I90
sS'refill"'
p1600
I90
sS'either'
p1601
I87
sS'fully'
p1602
I90
sS'06:01:13.0,33.9360647,-118.2298732,2430,rft'
p1603
I90
sS'18:19:20.0,33.9360501,-118.2299251,2430,s/o'
p1604
I90
sS'clap'
p1605
I90
sS'eternity'
p1606
I90
sS'03:11:51.0,33.9428152,-118.23240244,2430,the'
p1607
I90
sS'madrid'
p1608
I89
sS'duuuuudeeee'
p1609
I90
sS'oscars'
p1610
I90
sS'eddie'
p1611
I71
sS'refresh'
p1612
I90
sS'cowboys'
p1613
I90
sS'thinks'
p1614
I88
sS'provided'
p1615
I90
sS'mood'
p1616
I90
sS'perdio'
p1617
I90
sS'motto'
p1618
I90
sS'nooo'
p1619
I89
sS'moon'
p1620
I89
sS'ig'
p1621
I90
sS'doggy'
p1622
I90
sS'nuggets'
p1623
I90
sS'hustle'
p1624
I90
sS'caring'
p1625
I90
sS'felt'
p1626
I86
sS'asap'
p1627
I87
sS'seconds'
p1628
I89
sS'papa'
p1629
I90
sS'nails'
p1630
I84
sS'each'
p1631
I86
sS',90002\n468396157929259008,jazmineahyee,2014-05-19'
p1632
I90
sS'aguante'
p1633
I90
sS'sports'
p1634
I90
sS'18:08:39.0,33.9384527,-118.2386879,2430,this'
p1635
I90
sS'leadership'
p1636
I90
sS'hectic'
p1637
I90
sS';)'
p1638
I90
sS'throw'
p1639
I90
sS"'where"
p1640
I90
sS'on'
p1641
I21
sS'ok'
p1642
I82
sS'oh'
p1643
I71
sS'of'
p1644
I12
sS'favorite'
p1645
I84
sS'informing'
p1646
I90
sS'stand'
p1647
I89
sS'neighbor'
p1648
I90
sS'act'
p1649
I87
sS'cosmetology,90059\n505557024264822784,sussaaayy,2014-08-30'
p1650
I90
sS'stank'
p1651
I90
sS'luck'
p1652
I89
sS'or'
p1653
I71
sS'road'
p1654
I89
sS'laaaaammmeeee'
p1655
I90
sS'...,90059\n480463230746103808,andeechristine,2014-06-21'
p1656
I90
sS'lol,90059\n469176338046140416,lilmamakandy,2014-05-21'
p1657
I90
sS'antidote'
p1658
I90
sS'snapchat'
p1659
I85
sS'04:10:10.0,33.93923969,-118.23396717,2430,that'
p1660
I90
sS'imitates'
p1661
I90
sS'parties'
p1662
I89
sS'annoys'
p1663
I90
sS'happening'
p1664
I90
sS'your'
p1665
I46
sS'wildfire'
p1666
I90
sS'her'
p1667
I44
sS'area'
p1668
I90
sS'weekend'
p1669
I90
sS'patas'
p1670
I90
sS'there'
p1671
I72
sS'tone)'
p1672
I90
sS'hey'
p1673
I87
sS'lol'
p1674
I29
sS'niqqah'
p1675
I71
sS'los'
p1676
I84
sS'low'
p1677
I90
sS'stars'
p1678
I87
sS'forreal???"'
p1679
I90
sS'babies"'
p1680
I90
sS'mornings'
p1681
I90
sS'complete'
p1682
I90
sS'kittens'
p1683
I90
sS'you"'
p1684
I89
sS'survived'
p1685
I90
sS'e'
p1686
I79
sS'trying'
p1687
I86
sS'downstairs'
p1688
I86
sS'buying'
p1689
I87
sS'handsome'
p1690
I88
sS'mpr'
p1691
I90
sS'pull'
p1692
I88
sS'rush'
p1693
I90
sS'are"'
p1694
I90
sS'28283$373737:7:776'
p1695
I90
sS'joint'
p1696
I90
sS'celebrating'
p1697
I90
sS"wasn't"
p1698
I75
sS'"it\'s'
p1699
I88
sS'miguel'
p1700
I90
sS'dirty'
p1701
I90
sS'manuel'
p1702
I90
sS'agree'
p1703
I87
sS'strongly'
p1704
I90
sS'gone'
p1705
I76
sS'ohh'
p1706
I90
sS'johnny'
p1707
I90
sS'af'
p1708
I85
sS'taste'
p1709
I90
sS'feliz'
p1710
I90
sS'felix'
p1711
I90
sS'am'
p1712
I72
sS'sales'
p1713
I90
sS'deep'
p1714
I90
sS'an'
p1715
I61
sS'deen'
p1716
I90
sS'ap'
p1717
I87
sS'tengo'
p1718
I89
sS',90059\n505252041724157952,sussaaayy,2014-08-29'
p1719
I90
sS'at'
p1720
I37
sS'aw'
p1721
I89
sS'walks'
p1722
I90
sS'ay'
p1723
I90
sS'horse'
p1724
I90
sS'tenga'
p1725
I90
sS'donate'
p1726
I90
sS'you.\xe2\x80\x9d'
p1727
I90
sS'cream'
p1728
I81
sS'again'
p1729
I79
sS'mosca'
p1730
I90
sS'yoga'
p1731
I90
sS'"bitches'
p1732
I90
sS'deserve'
p1733
I90
sS',90059\n488083967979950081,sussaaayy,2014-07-12'
p1734
I90
sS'saturday'
p1735
I89
sS'field'
p1736
I90
sS'5'
p1737
I88
sS'underwater'
p1738
I90
sS',90002\n468209163349159936,jazmineahyee,2014-05-19'
p1739
I90
sS'school,90059\n468476024305352704,lilmamakandy,2014-05-19'
p1740
I90
sS'you'
p1741
I6
sS'trash'
p1742
I89
sS'pienses'
p1743
I90
sS'prisa'
p1744
I90
sS'karma'
p1745
I90
sS'diaries'
p1746
I88
sS'a1'
p1747
I89
sS'important'
p1748
I89
sS'diablo'
p1749
I90
sS'narcs'
p1750
I90
sS'finals'
p1751
I90
sS'pool'
p1752
I90
sS'alcohol'
p1753
I89
sS'building'
p1754
I90
sS'mimis'
p1755
I90
sS'10:22:44.0,33.94291206,-118.23238023,2430,goodnight'
p1756
I90
sS'calls'
p1757
I88
sS'wife'
p1758
I89
sS'wifi'
p1759
I90
sS'20:21:42.0,33.9360867,-118.2299412,2430,sometimes'
p1760
I90
sS'exhausting'
p1761
I89
sS'u'
p1762
I75
sS'adan'
p1763
I90
sS'alright'
p1764
I90
sS'dyes'
p1765
I90
sS'starting'
p1766
I90
sS'wife\xe2\x9d\xa4\xef\xb8\x8f'
p1767
I90
sS'all'
p1768
I25
sS'diss'
p1769
I90
sS'tomorrows'
p1770
I89
sS'chinese'
p1771
I90
sS'nice,90059\n509927940776161281,sussaaayy,2014-09-11'
p1772
I90
sS"danny's"
p1773
I90
sS'month'
p1774
I88
sS'waterproof'
p1775
I90
sS'06:10:13.0,33.93915751,-118.2340665,2430,she'
p1776
I90
sS'alx'
p1777
I87
sS'talks'
p1778
I90
sS'everyones'
p1779
I90
sS'decisions'
p1780
I89
sS'continent.,90059\n488926238363230208,sussaaayy,2014-07-15'
p1781
I90
sS'referring'
p1782
I89
sS'imma'
p1783
I70
sS'point,90002\n454732207106433024,angelag675,2014-04-11'
p1784
I90
sS'tu'
p1785
I81
sS'thursday'
p1786
I87
sS'to'
p1787
I3
sS'tail'
p1788
I90
sS'tj'
p1789
I90
sS',90002\n468397389657935872,jazmineahyee,2014-05-19'
p1790
I90
sS'ti'
p1791
I90
sS'tf'
p1792
I89
sS'?!?,90059\n488928628558675968,sussaaayy,2014-07-15'
p1793
I90
sS'te'
p1794
I81
sS'albondigas'
p1795
I90
sS'polo'
p1796
I90
sS'sound'
p1797
I88
sS'woman'
p1798
I89
sS'appointment'
p1799
I90
sS'worse'
p1800
I90
sS'song'
p1801
I83
sS'far'
p1802
I85
sS'18:02:10.0,33.9385927,-118.2386559,2430,people'
p1803
I90
sS'19:09:43.0,33.938755,-118.2386965,2430,girls'
p1804
I90
sS'"he'
p1805
I90
sS'detention'
p1806
I90
sS'fat'
p1807
I86
sS'selfies'
p1808
I85
sS'me'
p1809
I7
sS'fan'
p1810
I85
sS'fall'
p1811
I81
sS'casa'
p1812
I90
sS'elena'
p1813
I87
sS'difference'
p1814
I89
sS'celebrity'
p1815
I90
sS'laying'
p1816
I89
sS'dinosaur'
p1817
I90
sS'seriously!,90002\n502644318364913664,pitapitaka,2014-08-22'
p1818
I90
sS'harry'
p1819
I90
sS'small'
p1820
I89
sS'chilaquiles'
p1821
I89
sS"eddie's"
p1822
I90
sS"i'll"
p1823
I67
sS'ass'
p1824
I64
sS'quicker'
p1825
I90
sS'instagram'
p1826
I89
sS'tea'
p1827
I87
sS'paso'
p1828
I89
sS'helments,90002\n489991285751574528,_mstreet,2014-07-18'
p1829
I90
sS'past'
p1830
I84
sS'burger'
p1831
I90
sS'rata'
p1832
I90
sS'nba'
p1833
I90
sS"22:20:16.0,33.94297212,-118.23105285,2430,what's"
p1834
I90
sS'what'
p1835
I39
sS'abc'
p1836
I90
sS'sun'
p1837
I88
sS'sum'
p1838
I90
sS'gucci'
p1839
I90
sS'emotions'
p1840
I90
sS'gano'
p1841
I90
sS'casillas'
p1842
I90
sS'sooooooo'
p1843
I90
sS"14:26:54.0,33.94282407,-118.23251454,2430,i'm"
p1844
I90
sS'learned'
p1845
I89
sS'dias'
p1846
I90
sS'tattoos'
p1847
I89
sS'toes'
p1848
I90
sS"c'mon"
p1849
I90
sS'answers'
p1850
I89
sS'forgive'
p1851
I90
sS'hours'
p1852
I80
sS'fucks'
p1853
I90
sS'jonas'
p1854
I90
sS'ramon'
p1855
I90
sS',90002\n468399192532983808,jazmineahyee,2014-05-19'
p1856
I90
sS'directions'
p1857
I90
sS'grape'
p1858
I90
sS'strong'
p1859
I90
sS'legend'
p1860
I90
sS'ahead'
p1861
I89
sS'jackie'
p1862
I81
sS'experience'
p1863
I89
sS'airport'
p1864
I90
sS'ohhhhh'
p1865
I89
sS',90002\n436253531222188032,shes_greatest,2014-02-19'
p1866
I90
sS'social'
p1867
I88
sS'real'
p1868
I77
sS"would've"
p1869
I88
sS'exited'
p1870
I84
sS"minney's"
p1871
I86
sS'asf'
p1872
I90
sS'sticking'
p1873
I90
sS'family'
p1874
I90
sS'va'
p1875
I90
sS'suddenly'
p1876
I90
sS'hellah'
p1877
I90
sS'munchkin'
p1878
I89
sS'ask'
p1879
I84
sS'manage'
p1880
I90
sS'already,90059\n434549349251444736,maniiac1992,2014-02-15'
p1881
I90
sS'21:22:26.0,33.9384968,-118.2388144,2430,fuck'
p1882
I90
sS'eye'
p1883
I90
sS'takes'
p1884
I88
sS'ridding'
p1885
I90
sS'answered'
p1886
I90
sS'faint'
p1887
I90
sS'texting'
p1888
I85
sS'two'
p1889
I82
sS'.\xe2\x80\x9d'
p1890
I90
sS'gorgeous'
p1891
I90
sS'shits'
p1892
I90
sS'!,90059\n504854110307229696,sussaaayy,2014-08-28'
p1893
I90
sS'more'
p1894
I75
sS'tryna'
p1895
I89
sS'diamond'
p1896
I90
sS'door'
p1897
I87
sS'knows'
p1898
I84
sS'excuse'
p1899
I90
sS'disagree\xe2\x9c\xa8&&'
p1900
I90
sS"ain't"
p1901
I41
sS'23:29:52.0,33.9429719,-118.2322944,2430,putting'
p1902
I90
sS'broke'
p1903
I85
sS'dios'
p1904
I90
sS'known'
p1905
I89
sS'hurry'
p1906
I88
sS'karaoke'
p1907
I90
sS'glad'
p1908
I89
sS'reinartz'
p1909
I90
sS'keeping'
p1910
I89
sS'jaykay'
p1911
I90
sS'salvador'
p1912
I88
sS'15:10:52.0,33.9384547,-118.2388189,2430,mad'
p1913
I90
sS'sucks'
p1914
I88
sS'04:45:04.0,33.9393277,-118.23398461,2430,she'
p1915
I90
sS'guards'
p1916
I89
sS'mall'
p1917
I90
sS'del'
p1918
I89
sS'v'
p1919
I89
sS'knocked'
p1920
I90
sS'21:25:55.0,33.9361083,-118.2299023,2430,sometimes'
p1921
I90
sS'21:46:36.0,33.9422038,-118.2333772,2430,duuudeee'
p1922
I90
sS'lighter'
p1923
I90
sS'beautiful'
p1924
I81
sS'purchases'
p1925
I90
sS'compare'
p1926
I90
sS'belts&'
p1927
I90
sS'fight,90059\n488896833989537793,_mstreet,2014-07-15'
p1928
I90
sS'staaaahhp'
p1929
I90
sS'accept'
p1930
I90
sS'yeeeeah'
p1931
I90
sS'donating'
p1932
I89
sS'\xe2\x98\x95\xef\xb8\x8f'
p1933
I89
sS'05:22:57.0,33.94001963,-118.23317155,2430,club'
p1934
I90
sS'importante'
p1935
I90
sS'dress'
p1936
I77
sS'homicide'
p1937
I90
sS'huge'
p1938
I89
sS'needs'
p1939
I79
sS'court'
p1940
I90
sS'awkward'
p1941
I89
sS'rather'
p1942
I89
sS'acts'
p1943
I90
sS'04:06:02.0,33.93908886,-118.23403724,2430,bruuh'
p1944
I90
sS'audacity'
p1945
I90
sS'stayed'
p1946
I88
sS'needa'
p1947
I89
sS'occasionally'
p1948
I90
sS'freshly'
p1949
I90
sS'all,90059\n466690724457873408,lilmamakandy,2014-05-14'
p1950
I90
sS'fr'
p1951
I88
sS'sandwich'
p1952
I87
sS'okay'
p1953
I66
sS'tried'
p1954
I86
sS',90059\n506598297360797696,sussaaayy,2014-09-02'
p1955
I90
sS'stahhhhp'
p1956
I90
sS'replace'
p1957
I90
sS'tries'
p1958
I90
sS'plane'
p1959
I90
sS'blood'
p1960
I88
sS'20:30:13.0,33.9360561,-118.2299058,2430,actions'
p1961
I90
sS'coming'
p1962
I83
sS'pendeja'
p1963
I89
sS'?,90059\n493626348871499780,sussaaayy,2014-07-28'
p1964
I90
sS'20:03:29.0,33.9360326,-118.2298016,2430,wow'
p1965
I90
sS'response'
p1966
I90
sS'a'
p1967
I8
sS'short'
p1968
I90
sS'18:11:08.0,33.9360443,-118.2299084,2430,i'
p1969
I90
sS'ungratefulness'
p1970
I90
sS"that'd"
p1971
I90
sS'tweeting'
p1972
I89
sS'shady'
p1973
I90
sS'anytime'
p1974
I90
sS'deuces'
p1975
I90
sS'roommates'
p1976
I90
sS'scaring'
p1977
I90
sS'media'
p1978
I90
sS"don't..,90059\n488175635269812224,sussaaayy,2014-07-13"
p1979
I90
sS'tijuana'
p1980
I90
sS'dream'
p1981
I88
sS'playing'
p1982
I83
sS"that's"
p1983
I50
sS'excepted'
p1984
I90
sS'mexican'
p1985
I87
sS'help'
p1986
I86
sS"don't"
p1987
I22
sS'sooo'
p1988
I82
sS'soon'
p1989
I87
sS'held'
p1990
I90
sS'attitude'
p1991
I88
sS'through'
p1992
I84
sS'daamn'
p1993
I90
sS'hell'
p1994
I84
sS'smiling'
p1995
I90
sS'cheated'
p1996
I90
sS'its'
p1997
I68
sS'19:44:48.0,33.93513723,-118.23100014,2430,y'
p1998
I90
sS'24'
p1999
I89
sS'messed'
p2000
I90
sS'style'
p2001
I90
sS'averte'
p2002
I90
sS'20'
p2003
I89
sS'adios'
p2004
I90
sS'pray'
p2005
I87
sS'exact'
p2006
I90
sS'actually'
p2007
I81
sS'late'
p2008
I77
sS'off,90059\n505417382903296000,sussaaayy,2014-08-29'
p2009
I90
sS'tiempos'
p2010
I90
sS'penn'
p2011
I90
sS'bout'
p2012
I80
sS'soccer'
p2013
I90
sS'might'
p2014
I84
sS"haven't"
p2015
I82
sS'fool'
p2016
I90
sS'23:04:20.0,33.94275752,-118.23232164,2430,you'
p2017
I90
sS'hurting'
p2018
I90
sS'good'
p2019
I55
sS'somebody'
p2020
I87
sS'yo'
p2021
I85
sS'food'
p2022
I88
sS'\xe2\x98\x94\xef\xb8\x8f'
p2023
I90
sS'06:45:38.0,33.9360665,-118.2299109,2430,reminiscing,90059\n505969063353266176,sussaaayy,2014-08-31'
p2024
I90
sS'woulda'
p2025
I90
sS'walls'
p2026
I90
sS"you've"
p2027
I88
sS'foot'
p2028
I90
sS'lmfao,90059\n466272267773562880,lilmamakandy,2014-05-13'
p2029
I90
sS'detach'
p2030
I90
sS'mystery'
p2031
I90
sS'easily'
p2032
I90
sS'erection'
p2033
I90
sS'robbie'
p2034
I89
sS'pregnant'
p2035
I87
sS'always'
p2036
I59
sS'class,90059\n466691865111449602,lilmamakandy,2014-05-14'
p2037
I90
sS'drake'
p2038
I88
sS'someone'
p2039
I79
sS'stopped'
p2040
I88
sS'turns'
p2041
I90
sS'found'
p2042
I88
sS'trailer'
p2043
I90
sS'everyone'
p2044
I79
sS'house'
p2045
I80
sS'energy'
p2046
I90
sS'hard'
p2047
I84
sS'idea'
p2048
I90
sS'gun'
p2049
I90
sS'cellito'
p2050
I90
sS'06:42:38.0,33.9360806,-118.2299097,2430,simp'
p2051
I90
sS'expect'
p2052
I86
sS'nomas'
p2053
I90
sS'blues'
p2054
I88
sS'balance'
p2055
I90
sS'todo'
p2056
I90
sS'heartbroken'
p2057
I90
sS'mijo,90059\n466690021165383680,lilmamakandy,2014-05-14'
p2058
I90
sS'really'
p2059
I32
sS',90002\n504466389449465857,majm_2shifty,2014-08-27'
p2060
I90
sS'magnet'
p2061
I90
sS'uninvited'
p2062
I90
sS'prolly'
p2063
I89
sS'missed'
p2064
I84
sS'loooooove'
p2065
I90
sS'since'
p2066
I81
sS'anyways.,90059\n505561452342546432,sussaaayy,2014-08-30'
p2067
I90
sS'02:55:52.0,33.9360979,-118.2298813,2430,&'
p2068
I90
sS'acting'
p2069
I88
sS',90059\n444866561447186432,maniiac1992,2014-03-15'
p2070
I90
sS'krispy'
p2071
I90
sS'hill'
p2072
I90
sS'shit?"'
p2073
I90
sS'darling'
p2074
I90
sS'squad,90002\n489642923059707904,_mstreet,2014-07-17'
p2075
I90
sS'dunk'
p2076
I89
sS'drink'
p2077
I90
sS'risen'
p2078
I90
sS'grand'
p2079
I90
sS'rude'
p2080
I90
sS'upon'
p2081
I90
sS'friday'
p2082
I79
sS'guess'
p2083
I78
sS'houses'
p2084
I90
sS'reason'
p2085
I83
sS'cookie'
p2086
I90
sS'disneyland'
p2087
I88
sS'imagine'
p2088
I90
sS'put'
p2089
I81
sS'asi'
p2090
I90
sS'romeo'
p2091
I90
sS'pasado'
p2092
I90
sS'fiat'
p2093
I89
sS'definition'
p2094
I90
sS'buuuushit'
p2095
I89
sS'mexico"'
p2096
I90
sS'lamar'
p2097
I90
sS'diversion'
p2098
I90
sS'americas'
p2099
I90
sS'american'
p2100
I90
sS'afternoon'
p2101
I90
sS'w'
p2102
I90
sS'fuck!\xe2\x80\x9d'
p2103
I90
sS'dis'
p2104
I90
sS'conosido'
p2105
I90
sS'dont'
p2106
I87
sS'time,90059\n466227786252697600,lilmamakandy,2014-05-13'
p2107
I90
sS'feel'
p2108
I60
sS'knocking'
p2109
I90
sS'number'
p2110
I87
sS'welcome'
p2111
I90
sS'sisters'
p2112
I90
sS'unexpected'
p2113
I90
sS'done'
p2114
I65
sS'aqulla'
p2115
I90
sS'lyssa'
p2116
I90
sS'cups'
p2117
I90
sS'miss'
p2118
I72
sS'"bitch"'
p2119
I90
sS'passes'
p2120
I90
sS'story'
p2121
I82
sS'echen'
p2122
I90
sS'5th'
p2123
I90
sS'least'
p2124
I88
sS'sargent'
p2125
I90
sS'station'
p2126
I90
sS'19:20:27.0,33.93858766,-118.23871393,2430,i'
p2127
I90
sS'passed'
p2128
I88
sS'aver'
p2129
I90
sS'fuuuuuuck'
p2130
I90
sS'banana'
p2131
I90
sS'gps'
p2132
I90
sS'19:07:25.0,33.9360499,-118.2299128,2430,woke'
p2133
I90
sS'option'
p2134
I90
sS'relationship'
p2135
I87
sS'behind'
p2136
I90
sS'hotel'
p2137
I90
sS'park'
p2138
I90
sS'dentist'
p2139
I90
sS'part'
p2140
I89
sS'01:58:58.0,33.94284684,-118.23239942,2430,devious'
p2141
I90
sS'burrito'
p2142
I90
sS'04:12:04.0,33.93928663,-118.23417882,2430,keith'
p2143
I90
sS'believe'
p2144
I83
sS'stairs'
p2145
I89
sS'king'
p2146
I90
sS'kind'
p2147
I89
sS'b'
p2148
I87
sS'gotten'
p2149
I86
sS'kreme'
p2150
I90
sS'grey'
p2151
I90
sS'pampered'
p2152
I90
sS'supposed'
p2153
I89
sS'soaring'
p2154
I90
sS'shirts'
p2155
I90
sS'motivation'
p2156
I90
sS'urgently'
p2157
I90
sS'randomly'
p2158
I90
sS'ummm'
p2159
I90
sS'cleaned'
p2160
I90
sS'importa'
p2161
I90
sS'lie'
p2162
I76
sS'nights'
p2163
I89
sS'para'
p2164
I90
sS'dancing'
p2165
I90
sS'lil'
p2166
I90
sS'loooong'
p2167
I90
sS'couch'
p2168
I90
sS'also'
p2169
I90
sS'sheeee'
p2170
I90
sS'build'
p2171
I87
sS'finding'
p2172
I90
sS'lmao,90059\n459793759715074048,lilmamakandy,2014-04-25'
p2173
I90
sS'play'
p2174
I85
sS'towards'
p2175
I90
sS"04:24:18.0,33.94280263,-118.23232935,2430,isn't"
p2176
I90
sS'mandigo'
p2177
I90
sS'"team"'
p2178
I90
sS'reach'
p2179
I90
sS',90059\n505555379703410688,sussaaayy,2014-08-30'
p2180
I90
sS'most'
p2181
I84
sS'plan'
p2182
I88
sS'eaten'
p2183
I89
sS'nothing'
p2184
I72
sS'11:11'
p2185
I90
sS'"sweetheart"\xe2\x9d\xa4\xef\xb8\x8f'
p2186
I90
sS'kb'
p2187
I90
sS'bumping'
p2188
I90
sS'fool,90059\n509783479953797120,princessxleslie,2014-09-10'
p2189
I90
sS'grams'
p2190
I90
sS'bug'
p2191
I90
sS'windows'
p2192
I90
sS'into'
p2193
I79
sS'sometimes'
p2194
I85
sS'night"'
p2195
I90
sS'clean'
p2196
I90
sS'consisted'
p2197
I90
sS'physics'
p2198
I90
sS'lying'
p2199
I90
sS"they're"
p2200
I81
sS'ugh'
p2201
I85
sS"06:10:43.0,33.9360593,-118.2298654,2430,i'm"
p2202
I90
sS'gold'
p2203
I90
sS'gates'
p2204
I90
sS'666'
p2205
I90
sS"knott's"
p2206
I90
sS'hopper'
p2207
I90
sS'\xe2\x9c\x8a,90002\n495451483517620224,_mstreet,2014-08-02'
p2208
I90
sS'stfu'
p2209
I89
sS'182837373)'
p2210
I90
sS'fine'
p2211
I81
sS'find'
p2212
I80
sS'nervous'
p2213
I89
sS'youguys'
p2214
I90
sS'00:07:23.0,33.93754982,-118.23292262,2430,bike'
p2215
I90
sS'preparing'
p2216
I90
sS'pretty'
p2217
I78
sS'muuuuthafucker'
p2218
I90
sS'8'
p2219
I88
sS"mom's"
p2220
I90
sS'porque'
p2221
I90
sS'his'
p2222
I74
sS'hit'
p2223
I83
sS'mercy'
p2224
I90
sS'tommorow'
p2225
I85
sS'famous'
p2226
I89
sS'feels'
p2227
I85
sS'longest'
p2228
I90
sS'tribute'
p2229
I90
sS'during'
p2230
I90
sS'him'
p2231
I63
sS'distraction'
p2232
I88
sS'04:15:18.0,33.93786758,-118.23191268,2430,this'
p2233
I90
sS'contagious'
p2234
I90
sS'rft'
p2235
I88
sS'diggis'
p2236
I90
sS'cry'
p2237
I85
sS'06:43:19.0,33.9360765,-118.2299118,2430,nwts'
p2238
I90
sS'banning'
p2239
I90
sS'lows,90059\n505452384185638913,sussaaayy,2014-08-29'
p2240
I90
sS'06:59:16.0,33.9393,-118.23406197,2430,all'
p2241
I90
sS'hahaah\xe2\x80\x9d'
p2242
I90
sS'cheese'
p2243
I90
sS'insane'
p2244
I89
sS'hopper/dvr'
p2245
I90
sS'set'
p2246
I89
sS'art'
p2247
I89
sS'ser'
p2248
I90
sS":'("
p2249
I90
sS'vine'
p2250
I90
sS'sex'
p2251
I90
sS'brooooo'
p2252
I90
sS'see'
p2253
I62
sS'defense'
p2254
I89
sS'dumb'
p2255
I86
sS'are'
p2256
I42
sS'close'
p2257
I83
sS'meee"'
p2258
I90
sS'retweet'
p2259
I87
sS'breast'
p2260
I90
sS'knees'
p2261
I90
sS'16:28:03.0,33.9385698,-118.2386752,2430,stuuupid'
p2262
I90
sS'spirits'
p2263
I90
sS'tamales'
p2264
I89
sS'tummy'
p2265
I90
sS'movie'
p2266
I87
sS'wow'
p2267
I81
sS'please'
p2268
I88
sS'smallest'
p2269
I90
sS'azalea'
p2270
I90
sS'probably'
p2271
I88
sS'way\xe2\x80\x99'
p2272
I90
sS"other's"
p2273
I88
sS'nope'
p2274
I89
sS'huuur'
p2275
I90
sS'endure'
p2276
I90
sS',90002\n468608433097539584,jazmineahyee,2014-05-20'
p2277
I90
sS'ikr'
p2278
I89
sS'korea'
p2279
I90
sS'missing'
p2280
I86
sS'sold'
p2281
I89
sS'duuuuuuuude'
p2282
I90
sS'outfit'
p2283
I90
sS'incident'
p2284
I90
sS'titty'
p2285
I90
sS'dane'
p2286
I90
sS'pissed'
p2287
I90
sS'-danira'
p2288
I90
sS'both'
p2289
I86
sS'c'
p2290
I86
sS'last'
p2291
I70
sS'license'
p2292
I90
sS'restaurant'
p2293
I90
sS'secrets'
p2294
I90
sS'thot'
p2295
I90
sS"wouldn't"
p2296
I87
sS'barely'
p2297
I89
sS'bachelor'
p2298
I90
sS'283$7:$39292&:!::77:8282'
p2299
I90
sS'operas'
p2300
I90
sS'became'
p2301
I90
sS'thoh'
p2302
I89
sS'rose'
p2303
I90
sS'risky'
p2304
I90
sS'whole'
p2305
I82
sS'finds'
p2306
I90
sS'lesson?"'
p2307
I90
sS'danced'
p2308
I88
sS'point'
p2309
I81
sS'reasons'
p2310
I90
sS'sweet'
p2311
I89
sS'fitness'
p2312
I90
sS'whatever'
p2313
I86
sS'coincidence'
p2314
I90
sS'header'
p2315
I85
sS'agents'
p2316
I87
sS'likes'
p2317
I90
sS'sexy'
p2318
I89
sS'expensive'
p2319
I87
sS'duh'
p2320
I89
sS'dui'
p2321
I90
sS'devil'
p2322
I90
sS'pt'
p2323
I90
sS'karla'
p2324
I87
sS'teacher'
p2325
I89
sS'hitting'
p2326
I89
sS'secret'
p2327
I90
sS'damn'
p2328
I66
sS'donde'
p2329
I90
sS'meeting'
p2330
I90
sS'woke'
p2331
I81
sS"tearsit's"
p2332
I90
sS'resting'
p2333
I90
sS'tigo'
p2334
I90
sS'gay'
p2335
I87
sS'sending'
p2336
I90
sS'fire'
p2337
I87
sS'latterly'
p2338
I90
sS"what's"
p2339
I87
sS'01:17:34.0,33.9391858,-118.23400355,2430,she'
p2340
I90
sS'!,90059\n505419060830429184,sussaaayy,2014-08-29'
p2341
I90
sS'else'
p2342
I87
sS'understand'
p2343
I86
sS'honking'
p2344
I90
sS'every-time'
p2345
I90
sS'look'
p2346
I82
sS'?,90002\n488555601522208768,_mstreet,2014-07-14'
p2347
I90
sS'frozen'
p2348
I86
sS'straight'
p2349
I88
sS'tolerate'
p2350
I90
sS'sesame'
p2351
I90
sS'funking'
p2352
I90
sS'while'
p2353
I73
sS'fue'
p2354
I87
sS'replaced'
p2355
I90
sS'kick'
p2356
I88
sS'bitch\xe2\x80\x9d'
p2357
I90
sS'fun'
p2358
I83
sS"02:35:52.0,33.93925868,-118.2340157,2430,it's"
p2359
I90
sS'sospecha'
p2360
I90
sS'swim'
p2361
I84
sS'yeeeeees'
p2362
I90
sS'<3'
p2363
I90
sS'calculator'
p2364
I90
sS'"bailando"'
p2365
I90
sS'anymore,90059\n489261571097370626,sussaaayy,2014-07-16'
p2366
I90
sS"raymond's"
p2367
I90
sS'ready'
p2368
I82
sS'voy'
p2369
I89
sS'chase'
p2370
I90
sS'funny'
p2371
I82
sS'shirt'
p2372
I87
sS'anymore'
p2373
I82
sS'maids'
p2374
I90
sS'bro,90059\n500131272841129984,_mstreet,2014-08-15'
p2375
I90
sS'away"'
p2376
I90
sS'corridos'
p2377
I89
sS'9'
p2378
I87
sS'scuuuured'
p2379
I90
sS'apurate'
p2380
I90
sS'passwords'
p2381
I90
sS'temporary'
p2382
I90
sS'niqqas'
p2383
I90
sS'mountain'
p2384
I90
sS'yeeah'
p2385
I89
sS',90059\n489599041458544640,sussaaayy,2014-07-17'
p2386
I90
sS'yesterday'
p2387
I84
sS'cement'
p2388
I90
sS'moment'
p2389
I87
sS'walmart'
p2390
I90
sS'moving'
p2391
I90
sS'purpose'
p2392
I89
sS'opinion'
p2393
I90
sS'built'
p2394
I90
sS'dark'
p2395
I90
sS'lower'
p2396
I90
sS'hope,90002\n495457818594381824,_mstreet,2014-08-02'
p2397
I90
sS'06:22:12.0,33.936077,-118.2299361,2430,if'
p2398
I90
sS'anybody'
p2399
I90
sS'obviously'
p2400
I86
sS'person'
p2401
I87
sS'cheer'
p2402
I89
sS'edge'
p2403
I90
sS'brrrrrooooo'
p2404
I90
sS'y'
p2405
I76
sS'spend'
p2406
I88
sS'yankees'
p2407
I90
sS'02:25:24.0,33.936083,-118.2298597,2430,can'
p2408
I90
sS'>.<'
p2409
I83
sS'listening'
p2410
I90
sS"lackin'"
p2411
I90
sS'longeri'
p2412
I90
sS'claro'
p2413
I90
sS'all-star'
p2414
I90
sS'niqqah"'
p2415
I90
sS'it.\xe2\x80\x9d'
p2416
I90
sS'atomic'
p2417
I90
sS'world'
p2418
I78
sS'regardless'
p2419
I90
sS'prince'
p2420
I88
sS'letting'
p2421
I89
sS',90059\n505418154068025344,sussaaayy,2014-08-29'
p2422
I90
sS'cut'
p2423
I88
sS'fregaderas'
p2424
I90
sS'$'
p2425
I90
sS'mandas'
p2426
I90
sS'cup'
p2427
I90
sS'hated'
p2428
I90
sS'schoolgraduate\xe2\x9d\xa4\xef\xb8\x8f'
p2429
I90
sS'extra'
p2430
I90
sS'auerlio'
p2431
I90
sS'parents'
p2432
I85
sS'soooooo'
p2433
I88
sS'homies'
p2434
I90
sS'snap'
p2435
I89
sS'easter'
p2436
I90
sS'excited'
p2437
I89
sS'sandwiches'
p2438
I90
sS'bio'
p2439
I90
sS'marco'
p2440
I90
sS'lacking'
p2441
I90
sS'something."'
p2442
I90
sS'big'
p2443
I85
sS'couple'
p2444
I90
sS'haaawt'
p2445
I90
sS'triste'
p2446
I90
sS'shitty'
p2447
I90
sS'game'
p2448
I81
sS'volver'
p2449
I90
sS'bit'
p2450
I88
sS'easily\xe2\x80\x9d'
p2451
I90
sS'wings'
p2452
I90
sS'knock'
p2453
I90
sS'd'
p2454
I86
sS'wingstop'
p2455
I88
sS'huesito'
p2456
I90
sS'ignore'
p2457
I86
sS'eeh'
p2458
I90
sS'02:48:16.0,33.9360949,-118.2298768,2430,its'
p2459
I90
sS'foolish'
p2460
I90
sS'freckles'
p2461
I90
sS'comida'
p2462
I90
sS'parade'
p2463
I90
sS'fucking'
p2464
I78
sS'1st'
p2465
I90
sS'some'
p2466
I54
sS'back'
p2467
I47
sS'b+'
p2468
I90
sS"gibby's"
p2469
I90
sS'palm'
p2470
I90
sS'miracle'
p2471
I90
sS'ehhh'
p2472
I89
sS'ontop'
p2473
I90
sS'boogers'
p2474
I90
sS'mooooore'
p2475
I90
sS'contacts'
p2476
I90
sS'closest'
p2477
I90
sS'decision'
p2478
I90
sS'shall'
p2479
I90
sS'fries,90059\n466270065956888576,lilmamakandy,2014-05-13'
p2480
I90
sS'prom'
p2481
I58
sS'02:07:41.0,33.94285393,-118.23245675,2430,let'
p2482
I90
sS'buchanita'
p2483
I90
sS',90059\n505419446303731712,sussaaayy,2014-08-29'
p2484
I90
sS'doin'
p2485
I90
sS'anna'
p2486
I88
sS'nose'
p2487
I88
sS'be'
p2488
I13
sS'bf'
p2489
I90
sS'run'
p2490
I89
sS'ba'
p2491
I90
sS'bc'
p2492
I90
sS'remembered'
p2493
I86
sS'martin'
p2494
I84
sS'raided'
p2495
I90
sS's/o'
p2496
I89
sS'04:21:06.0,33.9359885,-118.229829,2430,thought'
p2497
I90
sS'step'
p2498
I90
sS'bp'
p2499
I90
sS'crap'
p2500
I90
sS'intense'
p2501
I89
sS',90059\n444922180904579072,maniiac1992,2014-03-15'
p2502
I90
sS'awwwe'
p2503
I90
sS'inter'
p2504
I90
sS'anything'
p2505
I88
sS'wore'
p2506
I90
sS'iced'
p2507
I90
sS'graduation'
p2508
I85
sS'awwww'
p2509
I89
sS'here."'
p2510
I90
sS'idk'
p2511
I87
sS'shitting'
p2512
I90
sS'hatred'
p2513
I90
sS'wanna'
p2514
I47
sS'idc'
p2515
I89
sS'block'
p2516
I90
sS'seeing'
p2517
I90
sS'significant'
p2518
I90
sS'\xe2\x9b\x84\xef\xb8\x8f'
p2519
I90
sS'auntie'
p2520
I90
sS'dude'
p2521
I90
sS'mommy'
p2522
I89
sS'within'
p2523
I90
sS'01:49:37.0,33.93771176,-118.23505929,2430,i'
p2524
I90
sS'11:12'
p2525
I90
sS'momma'
p2526
I84
sS'because'
p2527
I71
sS'payment'
p2528
I90
sS'lentes'
p2529
I90
sS'fallin'
p2530
I90
sS'mimish'
p2531
I87
sS'rolls'
p2532
I90
sS'calming'
p2533
I90
sS',90059\n495282298317963264,thequetzal,2014-08-01'
p2534
I90
sS'.-'
p2535
I89
sS'spending'
p2536
I88
sS'ew'
p2537
I90
sS'question'
p2538
I89
sS'\xe2\x9d\xa4\xef\xb8\x8f-el'
p2539
I90
sS'long'
p2540
I83
sS'custom'
p2541
I90
sS"we're"
p2542
I77
sS'bruh'
p2543
I88
sS',90059\n466691613054746625,lilmamakandy,2014-05-14'
p2544
I90
sS'ayy'
p2545
I90
sS'yeahhhh'
p2546
I90
sS'twitter'
p2547
I87
sS'opens'
p2548
I89
sS'himself'
p2549
I87
sS'memory'
p2550
I90
sS'girlfriends'
p2551
I90
sS'frente'
p2552
I90
sS'boys'
p2553
I90
sS'hopes'
p2554
I90
sS'line'
p2555
I90
sS'serio'
p2556
I90
sS'junior'
p2557
I90
sS'cia'
p2558
I90
sS'fdb'
p2559
I90
sS'originals'
p2560
I89
sS'fries'
p2561
I90
sS"hasn't"
p2562
I88
sS'us'
p2563
I77
sS'corsage'
p2564
I89
sS"tomorrow's"
p2565
I90
sS'un'
p2566
I84
sS',90059\n489237180695318530,sussaaayy,2014-07-16'
p2567
I90
sS'txts'
p2568
I90
sS'called'
p2569
I86
sS',90059\n505556323086266368,sussaaayy,2014-08-30'
p2570
I90
sS'omg\xe2\x80\x9d\xe2\x80\x9d'
p2571
I90
sS'guch'
p2572
I89
sS'raging'
p2573
I90
sS'ibut'
p2574
I90
sS'starbucks'
p2575
I90
sS'single'
p2576
I84
sS'cure'
p2577
I90
sS'chat'
p2578
I88
sS'curl'
p2579
I89
sS'yearbook'
p2580
I89
sS'07:14:08.0,33.936075,-118.2299202,2430,i'
p2581
I90
sS'codes'
p2582
I90
sS'quaffeee'
p2583
I90
sS'nah'
p2584
I76
sS'fears'
p2585
I90
sS'excuses'
p2586
I89
sS'nap'
p2587
I81
sS'doy'
p2588
I90
sS'naw'
p2589
I90
sS'hydrated'
p2590
I90
sS'cweam'
p2591
I90
sS'nice'
p2592
I78
sS'draw'
p2593
I90
sS'accidental'
p2594
I90
sS'gross'
p2595
I90
sS'aser'
p2596
I90
sS'\xe2\x98\xba\xef\xb8\x8f\xe2\x98\xba\xef\xb8\x8f'
p2597
I90
sS'*officially,90059\n488131445198557184,sussaaayy,2014-07-13'
p2598
I90
sS'helping'
p2599
I90
sS'drag'
p2600
I87
sS'18:23:56.0,33.93837,-118.2387589,2430,keep'
p2601
I90
sS'posters'
p2602
I90
sS'ayga'
p2603
I90
sS'ago'
p2604
I85
sS',90059\n494303925810372611,_mstreet,2014-07-30'
p2605
I90
sS'texted'
p2606
I89
sS'lana'
p2607
I90
sS'disturb'
p2608
I90
sS'humiliated'
p2609
I90
sS'sindy'
p2610
I85
sS'walked'
p2611
I89
sS'dot'
p2612
I90
sS'literally'
p2613
I78
sS"she's"
p2614
I77
sS'having'
p2615
I82
sS'waaaaaaay'
p2616
I90
sS'once'
p2617
I83
sS'essay'
p2618
I84
sS'\xe2\x98\xba\xef\xb8\x8f\xe2\x98\xba\xef\xb8\x8f\xe2\x98\xba\xef\xb8\x8f'
p2619
I90
sS'code'
p2620
I90
sS',90059\n499346438829379584,quackquack98,2014-08-13'
p2621
I90
sS'bitches.,90059\n466658039756754944,lilmamakandy,2014-05-14'
p2622
I90
sS'happy"'
p2623
I90
sS'steve'
p2624
I90
sS'14:34:04.0,33.94291587,-118.23244334,2430,this'
p2625
I90
sS'freakin'
p2626
I90
sS'go'
p2627
I31
sS'attracted'
p2628
I90
sS'chillin'
p2629
I89
sS'centers'
p2630
I90
sS'issues'
p2631
I89
sS'you\xe2\x9c\xa8'
p2632
I90
sS',90002\n468227506370134016,jazmineahyee,2014-05-19'
p2633
I90
sS'something,90059\n462349417261969408,lilmamakandy,2014-05-02'
p2634
I90
sS'peanut'
p2635
I89
sS'young'
p2636
I86
sS'send'
p2637
I88
sS'pongo'
p2638
I89
sS'me,90002\n489998636684550144,_mstreet,2014-07-18'
p2639
I90
sS'helps'
p2640
I90
sS'dislike'
p2641
I90
sS'boutta'
p2642
I90
sS'mug'
p2643
I90
sS'04:13:43.0,33.9360942,-118.2298779,2430,i'
p2644
I90
sS'kush'
p2645
I90
sS'stocked'
p2646
I90
sS'garden'
p2647
I90
sS'outside'
p2648
I89
sS'rhyme'
p2649
I90
sS'screwed'
p2650
I90
sS'staaahp'
p2651
I90
sS'telling'
p2652
I86
sS'drinking'
p2653
I88
sS',90002\n468583032728084481,jazmineahyee,2014-05-20'
p2654
I90
sS'transformation'
p2655
I90
sS'\xe2\x9c\xa8,90002\n468574197946798080,jazmineahyee,2014-05-20'
p2656
I90
sS'magic'
p2657
I90
sS'marry'
p2658
I87
sS'shock'
p2659
I90
sS'bool'
p2660
I90
sS"they've"
p2661
I90
sS'try'
p2662
I85
sS'puee'
p2663
I90
sS'unsatisfied'
p2664
I90
sS'02:10:14.0,33.9392498,-118.23394588,2430,not'
p2665
I90
sS'booty'
p2666
I89
sS"you'd"
p2667
I90
sS'everythings'
p2668
I90
sS'waking'
p2669
I88
sS'video'
p2670
I89
sS'download'
p2671
I90
sS',90002\n494294932727689216,_mstreet,2014-07-30'
p2672
I90
sS'honors'
p2673
I90
sS'depression'
p2674
I90
sS'usan'
p2675
I90
sS'graduating'
p2676
I87
sS'reproduce'
p2677
I90
sS'sweats'
p2678
I90
sS'duuuude'
p2679
I90
sS'giving'
p2680
I87
sS'colonel'
p2681
I90
sS'pipes'
p2682
I90
sS'vampire'
p2683
I87
sS'lmfao'
p2684
I70
sS'waiting'
p2685
I87
sS'sooooooooo'
p2686
I90
sS'19:17:36.0,33.93862385,-118.23871466,2430,ms.torres'
p2687
I90
sS'not,90059\n505251440290308096,sussaaayy,2014-08-29'
p2688
I90
sS'crossed'
p2689
I90
sS'02:08:02.0,33.94284257,-118.23243102,2430,running'
p2690
I90
sS'susanna'
p2691
I90
sS'body'
p2692
I90
sS',90059\n509928508265476096,sussaaayy,2014-09-11'
p2693
I90
sS'lee'
p2694
I89
sS'upsetting'
p2695
I90
sS'commercial'
p2696
I90
sS'leo'
p2697
I90
sS'dressed'
p2698
I90
sS'packing'
p2699
I90
sS'let'
p2700
I68
sS'conceited'
p2701
I90
sS'sing'
p2702
I89
sS'extra\xc3\xb1o'
p2703
I90
sS'great'
p2704
I73
sS'talent'
p2705
I90
sS'didnt'
p2706
I90
sS'eastside'
p2707
I90
sS'35'
p2708
I90
sS'leaving'
p2709
I90
sS'products'
p2710
I90
sS"weren't"
p2711
I89
sS"clowni'll"
p2712
I90
sS'04:33:20.0,33.93907298,-118.23396558,2430,bosco'
p2713
I90
sS'makes'
p2714
I77
sS'ruin'
p2715
I90
sS'thats'
p2716
I90
sS'balances'
p2717
I90
sS'control'
p2718
I90
sS'named'
p2719
I89
sS'wid'
p2720
I90
sS'daaaaamn'
p2721
I90
sS'claim'
p2722
I90
sS'win'
p2723
I88
sS'siri'
p2724
I90
sS'crazy'
p2725
I87
sS'private'
p2726
I90
sS'04:12:23.0,33.93905824,-118.23481258,2430,when'
p2727
I90
sS'hrs'
p2728
I90
sS'06:46:04.0,33.936067,-118.2299035,2430,goodnight'
p2729
I90
sS'"t"'
p2730
I90
sS'javie'
p2731
I90
sS'what?it'
p2732
I90
sS'sugar'
p2733
I90
sS'singing'
p2734
I90
sS'hojas'
p2735
I90
sS'him\xe2\x9d\xa4\xef\xb8\x8f'
p2736
I90
sS'use'
p2737
I83
sS'from'
p2738
I67
sS'&'
p2739
I35
sS'chocolates'
p2740
I90
sS'flat'
p2741
I90
sS'next'
p2742
I82
sS'few'
p2743
I88
sS'autocorrection'
p2744
I89
sS'chu'
p2745
I90
sS'themselves'
p2746
I90
sS'judged'
p2747
I90
sS'dallas'
p2748
I90
sS'confiscate'
p2749
I90
sS'babe'
p2750
I87
sS'started'
p2751
I86
sS'tennis'
p2752
I90
sS'duper'
p2753
I90
sS'about'
p2754
I49
sS'confused'
p2755
I89
sS'18:56:55.0,33.936099,-118.2299575,2430,debating'
p2756
I90
sS'soooooooo'
p2757
I90
sS'baby'
p2758
I64
sS'vieras'
p2759
I90
sS'aserte'
p2760
I90
sS'women'
p2761
I90
sS'soltarlo'
p2762
I90
sS'muuuuuthafucken'
p2763
I90
sS'balls'
p2764
I89
sS'salad'
p2765
I89
sS'f'
p2766
I89
sS'this'
p2767
I23
sS'ride'
p2768
I90
sS'\xe2\x9d\x84\xef\xb8\x8f\xe2\x9d\x84\xef\xb8\x8f\xe2\x9d\x84\xef\xb8\x8f\xe2\x9b\x84\xef\xb8\x8f'
p2769
I90
sS'mommas'
p2770
I89
sS'obvious'
p2771
I90
sS'thin'
p2772
I90
sS'drill'
p2773
I88
sS'meet'
p2774
I89
sS'tampoco'
p2775
I90
sS'dedicas'
p2776
I90
sS'bens'
p2777
I89
sS'thirsty'
p2778
I90
sS'monica'
p2779
I89
sS'process'
p2780
I89
sS'oc'
p2781
I90
sS'benz'
p2782
I89
sS'halloween'
p2783
I89
sS'yeaaah'
p2784
I90
sS'\xe2\x9c\x82\xe2\x9c\x82'
p2785
I90
sS'pieces'
p2786
I90
sS'high'
p2787
I76
sS'~coulson'
p2788
I90
sS'tenerte'
p2789
I89
sS'tag'
p2790
I89
sS'pulling'
p2791
I90
sS'something'
p2792
I81
sS'tan'
p2793
I90
sS'sindys'
p2794
I87
sS'sir'
p2795
I90
sS'united'
p2796
I90
sS'lame'
p2797
I89
sS'meanwhile'
p2798
I90
sS'pelota'
p2799
I90
sS'>>>,90059\n488132795424714754,sussaaayy,2014-07-13'
p2800
I90
sS'instead'
p2801
I90
sS'aaaaaahhhhhh'
p2802
I90
sS'comedy'
p2803
I90
sS'panic'
p2804
I90
sS'sin'
p2805
I89
sS'descanses'
p2806
I90
sS'btfu'
p2807
I90
sS'uhhh'
p2808
I90
sS'falta'
p2809
I90
sS'stop'
p2810
I75
sS'lmfaoo'
p2811
I88
sS'curving'
p2812
I90
sS'words,90059\n505451998523576320,sussaaayy,2014-08-29'
p2813
I90
sS'taco'
p2814
I90
sS'fits'
p2815
I90
sS'chill/talk'
p2816
I90
sS'realized'
p2817
I90
sS'chasing'
p2818
I90
sS'dolled'
p2819
I90
sS'martins'
p2820
I89
sS',90059\n506266739324121088,sussaaayy,2014-09-01'
p2821
I90
sS'light'
p2822
I90
sS'sit'
p2823
I90
sS',90002\n468573744785399808,jazmineahyee,2014-05-20'
p2824
I90
sS'honestly'
p2825
I85
sS'parde'
p2826
I90
sS'classy'
p2827
I90
sS'anima"'
p2828
I90
sS'addiction'
p2829
I90
sS'disrespecting'
p2830
I89
sS'loud'
p2831
I90
sS'mustache'
p2832
I89
sS'procrastination'
p2833
I90
sS'cielos'
p2834
I88
sS"min's"
p2835
I90
sS"won't"
p2836
I86
sS'looks'
p2837
I84
sS'06:35:23.0,33.93922888,-118.23405946,2430,man'
p2838
I90
sS'efrain'
p2839
I90
sS'lounge'
p2840
I90
sS'le'
p2841
I89
sS'la'
p2842
I77
sS'rojo'
p2843
I90
sS'lo'
p2844
I82
sS'sunday'
p2845
I90
sS'banquet'
p2846
I90
sS'choose'
p2847
I88
sS'communication'
p2848
I90
sS'2015'
p2849
I87
sS'bye'
p2850
I89
sS'107st'
p2851
I90
sS'dad'
p2852
I79
sS',90059\n505487294522863616,sussaaayy,2014-08-29'
p2853
I90
sS'loosing'
p2854
I90
sS'03:40:54.0,33.9360942,-118.2299141,2430,whatever'
p2855
I90
sS'nada'
p2856
I87
sS'practice'
p2857
I84
sS',90002\n468608129089822720,jazmineahyee,2014-05-20'
p2858
I90
sS'camino'
p2859
I90
sS'dat'
p2860
I90
sS'kiss'
p2861
I90
sS'hands'
p2862
I90
sS'front'
p2863
I89
sS'medievalass'
p2864
I90
sS'day'
p2865
I57
sS'worlds'
p2866
I90
sS'04:36:54.0,33.94274657,-118.23235976,2430,if'
p2867
I90
sS'betta'
p2868
I90
sS'caaaaan'
p2869
I90
sS'lingerie'
p2870
I88
sS'mode'
p2871
I89
sS'truth'
p2872
I90
sS'troutstanding'
p2873
I90
sS'brazil.,90059\n488034283924111360,sussaaayy,2014-07-12'
p2874
I90
sS'recents'
p2875
I90
sS'glasses'
p2876
I89
sS'profile'
p2877
I90
sS'studios'
p2878
I90
sS'mija'
p2879
I90
sS'yeeeesss'
p2880
I90
sS'doing'
p2881
I80
sS'adventure'
p2882
I90
sS'strip'
p2883
I90
sS'mas'
p2884
I88
sS'88'
p2885
I90
sS'books'
p2886
I88
sS'changed'
p2887
I90
sS'our'
p2888
I71
sS'differ'
p2889
I90
sS'cada'
p2890
I90
sS'special'
p2891
I85
sS'out'
p2892
I37
sS'category'
p2893
I90
sS'unoriginal'
p2894
I90
sS'rey'
p2895
I90
sS'peeling'
p2896
I90
sS'cause'
p2897
I59
sS'red'
p2898
I90
sS'shut'
p2899
I90
sS'molly'
p2900
I90
sS'completely'
p2901
I89
sS'que'
p2902
I67
sS'tied'
p2903
I89
sS'tempt'
p2904
I90
sS'18:14:12.0,33.9360495,-118.229915,2430,i'
p2905
I90
sS'craving'
p2906
I89
sS'scary'
p2907
I89
sS'hunny'
p2908
I90
sS'g'
p2909
I90
sS'could'
p2910
I82
sS'frontin,90059\n509831815951958017,princessxleslie,2014-09-10'
p2911
I90
sS'14:22:01.0,33.94299437,-118.23239221,2430,3'
p2912
I90
sS'times'
p2913
I89
sS'conversation'
p2914
I89
sS'smartass'
p2915
I88
sS'4th'
p2916
I90
sS'\xe2\x9d\xa4\xe2\x9d\xa4'
p2917
I90
sS'respond'
p2918
I90
sS'ihy'
p2919
I89
sS'me,90002\n494730599110672385,_mstreet,2014-07-31'
p2920
I90
sS'powerful'
p2921
I90
sS'jesus'
p2922
I88
sS'embarrassed'
p2923
I90
sS'bitch'
p2924
I56
sS'mah'
p2925
I88
sS'owner'
p2926
I90
sS'kidding'
p2927
I89
sS'quality'
p2928
I90
sS"doesn't"
p2929
I86
sS'playlist'
p2930
I89
sS'start'
p2931
I72
sS'forces...and'
p2932
I90
sS'system'
p2933
I90
sS'alabama,90002\n489615879491969024,_mstreet,2014-07-17'
p2934
I90
sS'their'
p2935
I78
sS'simontech'
p2936
I90
sS'ankle'
p2937
I88
sS'cuzzo'
p2938
I90
sS'messing'
p2939
I88
sS'final'
p2940
I88
sS'negra'
p2941
I89
sS'lot'
p2942
I88
sS'explanation'
p2943
I90
sS'exactly'
p2944
I88
sS'dreadlocks'
p2945
I87
sS'assume,90059\n469174597665828864,lilmamakandy,2014-05-21'
p2946
I90
sS'bieber'
p2947
I90
sS'overwhelming'
p2948
I90
sS'herself'
p2949
I90
sS'loved'
p2950
I85
sS'ben'
p2951
I90
sS'slack'
p2952
I90
sS'a-hole'
p2953
I90
sS'boring'
p2954
I90
sS'"man'
p2955
I90
sS'bea'
p2956
I89
sS'reacted'
p2957
I90
sS'bed'
p2958
I78
sS'rock-paper-scissors'
p2959
I90
sS'loves'
p2960
I87
sS',90002\n468611299807866880,jazmineahyee,2014-05-20'
p2961
I90
sS'coronation'
p2962
I90
sS'collecting'
p2963
I90
sS'trusting'
p2964
I90
sS'04:01:33.0,33.93486837,-118.23133484,2430,they'
p2965
I90
sS'comfortable'
p2966
I90
sS'tonight'
p2967
I75
sS'rollin'
p2968
I90
sS'have'
p2969
I29
sS'need'
p2970
I57
sS'gisel'
p2971
I88
sS'st'
p2972
I90
sS'apparently'
p2973
I90
sS'clearly'
p2974
I90
sS'she'
p2975
I55
sS'6th'
p2976
I90
sS'afraid'
p2977
I89
sS'mio'
p2978
I88
sS'min'
p2979
I84
sS'mia'
p2980
I89
sS'lieee'
p2981
I90
sS'21:38:53.0,33.9385419,-118.2386666,2430,i'
p2982
I90
sS'lol,90002\n493995664926208001,_mstreet,2014-07-29'
p2983
I90
sS'able'
p2984
I89
sS'gravity'
p2985
I90
sS'uncalled'
p2986
I90
sS'arm'
p2987
I90
sS'simpin'
p2988
I90
sS'ahold'
p2989
I90
sS"04:51:03.0,33.936101,-118.2298648,2430,i've"
p2990
I90
sS'which'
p2991
I90
sS'sister\xe2\x9d\xa4\xef\xb8\x8f'
p2992
I90
sS'truck'
p2993
I90
sS'asshole'
p2994
I90
sS'kesha'
p2995
I88
sS'soap'
p2996
I89
sS'youuuu'
p2997
I90
sS'savages'
p2998
I90
sS'unless'
p2999
I90
sS'(sarcastic'
p3000
I90
sS'k.o'
p3001
I90
sS'aww'
p3002
I89
sS'who'
p3003
I73
sS'jorge'
p3004
I89
sS'fam,90002\n480634553862590465,dehneees,2014-06-22'
p3005
I90
sS"where's"
p3006
I87
sS'duele'
p3007
I90
sS'forreal'
p3008
I90
sS'cracking'
p3009
I88
sS'highschool'
p3010
I90
sS'future'
p3011
I90
sS'segment'
p3012
I90
sS'class'
p3013
I82
sS'14:45:40.0,33.938599,-118.238714,2430,exactly'
p3014
I90
sS'absolutely'
p3015
I90
sS'malos'
p3016
I90
sS'stronger'
p3017
I89
sS'fafsa'
p3018
I90
sS'face'
p3019
I85
sS'looked'
p3020
I78
sS"you'll"
p3021
I87
sS'se'
p3022
I85
sS'aqu\xc3\xad'
p3023
I90
sS'pictures'
p3024
I79
sS'skinny'
p3025
I88
sS'fact'
p3026
I85
sS'impression'
p3027
I90
sS'kiddin'
p3028
I89
sS'courts'
p3029
I90
sS'text'
p3030
I75
sS'anyway'
p3031
I89
sS'dije'
p3032
I90
sS'photobombing'
p3033
I89
sS'bring'
p3034
I86
sS"toe'n"
p3035
I90
sS'planning'
p3036
I90
sS'life,90059\n467322002814935041,lilmamakandy,2014-05-16'
p3037
I90
sS'fear'
p3038
I89
sS'shoes'
p3039
I87
sS'one'
p3040
I53
sS'mamadukes'
p3041
I90
sS'ha'
p3042
I90
sS'grabbed'
p3043
I90
sS'hops'
p3044
I90
sS'('
p3045
I85
sS'jas'
p3046
I90
sS'should'
p3047
I59
sS'score'
p3048
I90
sS'plazita'
p3049
I90
sS'mom,90059\n505558138875936768,sussaaayy,2014-08-30'
p3050
I90
sS'ayer'
p3051
I90
sS'riding'
p3052
I90
sS'piano'
p3053
I90
sS',90059\n472419788652703744,lilmamakandy,2014-05-30'
p3054
I90
sS'hope'
p3055
I81
sS'meant'
p3056
I90
sS'watching'
p3057
I85
sS'beat'
p3058
I90
sS'midnight'
p3059
I89
sS'dope'
p3060
I89
sS'flirting'
p3061
I90
sS'lucky'
p3062
I88
sS'~fury'
p3063
I90
sS'02:18:45.0,33.936064,-118.2298668,2430,my'
p3064
I90
sS'tbh'
p3065
I89
sS'awww'
p3066
I86
sS'ones'
p3067
I86
sS'tierra'
p3068
I89
sS'words'
p3069
I89
sS'chips'
p3070
I88
sS'rite'
p3071
I90
sS'ghetto'
p3072
I90
sS'lalo'
p3073
I89
sS'humiee'
p3074
I90
sS'bestest'
p3075
I89
sS'mom*'
p3076
I90
sS'04:33:33.0,33.93912931,-118.23392342,2430,are'
p3077
I90
sS'h'
p3078
I88
sS'married'
p3079
I89
sS'ughh'
p3080
I89
sS'04:25:31.0,33.94274659,-118.23237348,2430,this'
p3081
I90
sS'eyebrow'
p3082
I89
sS'calling'
p3083
I89
sS"somebody's"
p3084
I90
sS'stuff'
p3085
I90
sS'22:48:57.0,33.9360636,-118.2299136,2430,my'
p3086
I90
sS'ahahahahahah'
p3087
I90
sS'grab'
p3088
I90
sS'piss'
p3089
I90
sS'grad'
p3090
I90
sS'\xe2\x98\xba\xef\xb8\x8f,90002\n468335711414788097,jazmineahyee,2014-05-19'
p3091
I90
sS'widow'
p3092
I90
sS'official'
p3093
I90
sS'solo'
p3094
I90
sS'we'
p3095
I38
sS'whatevs'
p3096
I90
sS'driveway'
p3097
I90
sS"!!!'"
p3098
I90
sS'greece'
p3099
I89
sS'anymore,90059\n505419539073343488,sussaaayy,2014-08-29'
p3100
I90
sS'error'
p3101
I90
sS'luv'
p3102
I90
sS'has'
p3103
I68
sS'lol,90059\n461216077741977600,lilmamakandy,2014-04-29'
p3104
I90
sS'marksons'
p3105
I90
sS'state'
p3106
I89
sS'identification'
p3107
I90
sS'closed'
p3108
I89
sS'horrible'
p3109
I87
sS'maca'
p3110
I90
sS'cruda'
p3111
I90
sS'pants'
p3112
I88
sS'gradnight'
p3113
I89
sS'trynna'
p3114
I64
sS'amen'
p3115
I89
sS'a.m'
p3116
I90
sS'breeze'
p3117
I90
sS'2:46'
p3118
I90
sS'mayne'
p3119
I90
sS'sherm'
p3120
I90
sS'kicking'
p3121
I90
sS'job'
p3122
I89
sS'key'
p3123
I90
sS'!!!,90059\n509907911435243520,sussaaayy,2014-09-11'
p3124
I90
sS'staring'
p3125
I90
sS'hits'
p3126
I90
sS'figured'
p3127
I89
sS'alaric'
p3128
I90
sS'atrevida'
p3129
I90
sS'joke'
p3130
I87
sS'taking'
p3131
I84
sS',90059\n489602029967257600,sussaaayy,2014-07-17'
p3132
I90
sS',90002\n468609703178948608,jazmineahyee,2014-05-20'
p3133
I90
sS'admit'
p3134
I90
sS'succeed'
p3135
I90
sS'interesting'
p3136
I90
sS'tlk'
p3137
I90
sS'passing'
p3138
I90
sS'21:33:31.0,33.9360717,-118.229878,2430,going'
p3139
I90
sS',90059\n472417567370256384,lilmamakandy,2014-05-30'
p3140
I90
sS'21:19:55.0,33.9384901,-118.2388156,2430,fuck'
p3141
I90
sS'comment'
p3142
I90
sS'relevant'
p3143
I90
sS'creas'
p3144
I90
sS'wall'
p3145
I89
sS'tuesday'
p3146
I90
sS'makin'
p3147
I90
sS'walk'
p3148
I85
sS'downgrade'
p3149
I90
sS'emo?,90002\n482544056438751233,pitapitaka,2014-06-27'
p3150
I90
sS'laugh'
p3151
I90
sS'cousin'
p3152
I90
sS'respect'
p3153
I90
sS'\xe2\x9d\xa4\xef\xb8\x8f\xe2\x9c\xa8'
p3154
I86
sS',90059\n505556620227522560,sussaaayy,2014-08-30'
p3155
I90
sS'picking'
p3156
I90
sS'tiene'
p3157
I90
sS'pouring'
p3158
I90
sS'aprende'
p3159
I90
sS'videos'
p3160
I90
sS"it's"
p3161
I33
sS'bbe'
p3162
I90
sS'02:44:35.0,33.94287555,-118.23242414,2430,love'
p3163
I90
sS'drank'
p3164
I90
sS'06:02:38.0,33.93760022,-118.23513903,2430,my'
p3165
I90
sS'bby'
p3166
I90
sS'certain'
p3167
I90
sS"lady's"
p3168
I90
sS'yooooou'
p3169
I90
sS'waste'
p3170
I90
sS',90059\n505547727682293761,sussaaayy,2014-08-30'
p3171
I90
sS'controlled'
p3172
I90
sS'03:48:28.0,33.93915118,-118.23401009,2430,finally'
p3173
I90
sS'proudest'
p3174
I90
sS'hmu'
p3175
I90
sS'protect'
p3176
I90
sS'se\xc3\xb1or'
p3177
I88
sS'koolaid'
p3178
I90
sS'finished'
p3179
I89
sS'-.-'
p3180
I86
sS'bull'
p3181
I90
sS'aced'
p3182
I90
sS'cruel'
p3183
I90
sS'03:36:45.0,33.9360715,-118.2299144,2430,have'
p3184
I90
sS'eyelashes'
p3185
I89
sS'blue\xe2\x80\x9d'
p3186
I90
sS'mvp.,90059\n505419336652038144,sussaaayy,2014-08-29'
p3187
I90
sS'vanilla'
p3188
I90
sS'triggers'
p3189
I90
sS'as'
p3190
I61
sS'will'
p3191
I64
sS'stunning'
p3192
I89
sS'hahaha'
p3193
I89
sS'wild'
p3194
I90
sS'eyeliner'
p3195
I90
sS"nobody's"
p3196
I90
sS'koreans'
p3197
I90
sS'salma'
p3198
I90
sS'almost'
p3199
I87
sS'site'
p3200
I90
sS'duhh'
p3201
I90
sS'helped'
p3202
I90
sS'lonely'
p3203
I88
sS'avi'
p3204
I89
sS'swinging'
p3205
I90
sS'snuck'
p3206
I90
sS'partner'
p3207
I90
sS'\xe2\x9c\x8c,90059\n505560373634686978,sussaaayy,2014-08-30'
p3208
I90
sS'tattoo'
p3209
I90
sS'sensitive'
p3210
I90
sS'cross'
p3211
I89
sS'eric'
p3212
I90
sS'strange'
p3213
I90
sS'pauli'
p3214
I89
sS'inch'
p3215
I90
sS'party'
p3216
I77
sS'gets'
p3217
I83
sS'gibby'
p3218
I89
sS'paula'
p3219
I90
sS'difficult'
p3220
I90
sS'tiempo'
p3221
I89
sS'18:50:56.0,33.9384653,-118.2386632,2430,sike,90059\n461180120397406208,lilmamakandy,2014-04-29'
p3222
I90
sS'1-0'
p3223
I89
sS'bale'
p3224
I90
sS'retarded'
p3225
I90
sS'ios'
p3226
I89
sS'diploma'
p3227
I90
sS'her,90002\n495425331260825602,_mstreet,2014-08-02'
p3228
I90
sS'fucken'
p3229
I75
sS'sopa'
p3230
I90
sS'02:37:13.0,33.93583658,-118.23091403,2430,i'
p3231
I90
sS'fancy'
p3232
I90
sS'fucked'
p3233
I81
sS'impeccable'
p3234
I90
sS'l.a'
p3235
I90
sS'warming'
p3236
I90
sS'numbered'
p3237
I90
sS'paredes'
p3238
I90
sS'off'
p3239
I65
sS'surfboard'
p3240
I90
sS'clevland'
p3241
I90
sS'i'
p3242
I2
sS'village'
p3243
I90
sS'well'
p3244
I62
sS'thought'
p3245
I78
sS'ooooohhhkayyy'
p3246
I90
sS'waannnnnttttt'
p3247
I90
sS'wya'
p3248
I90
sS'english'
p3249
I87
sS'ily'
p3250
I89
sS'barking'
p3251
I90
sS'cried'
p3252
I89
sS'less'
p3253
I90
sS'02:20:43.0,33.937836,-118.23489236,2430,me'
p3254
I90
sS"should've"
p3255
I87
sS',90059\n489602454325968896,sussaaayy,2014-07-17'
p3256
I90
sS'crier'
p3257
I90
sS'04:35:39.0,33.93900521,-118.23368596,2430,our,90002\n489991339321204736,_mstreet,2014-07-18'
p3258
I90
sS'desgraciado'
p3259
I90
sS'protecting'
p3260
I90
sS'graduate'
p3261
I86
sS'happiness'
p3262
I90
sS'taken'
p3263
I90
sS'web'
p3264
I89
sS'quiero'
p3265
I87
sS'mijo'
p3266
I90
sS"19:15:21.0,33.9387883,-118.2386909,2430,y'all"
p3267
I90
sS'vida'
p3268
I90
sS'drunk'
p3269
I86
sS'killed'
p3270
I87
sS'sonrisa'
p3271
I90
sS'add'
p3272
I90
sS'wet'
p3273
I89
sS'ohhh'
p3274
I89
sS'smart'
p3275
I90
sS'balloons'
p3276
I90
sS'homework'
p3277
I89
sS'tests'
p3278
I90
sS'22:13:53.0,33.9360621,-118.229865,2430,why'
p3279
I90
sS'boooomb'
p3280
I90
sS"who's"
p3281
I86
sS'crushed'
p3282
I90
sS'\xe2\x9d\xa4\xef\xb8\x8f\xe2\x9d\x84\xef\xb8\x8f'
p3283
I90
sS'know'
p3284
I41
sS'skinnier'
p3285
I90
sS'nvm'
p3286
I84
sS'"your'
p3287
I89
sS'muscle'
p3288
I90
sS'loss'
p3289
I90
sS'showing'
p3290
I90
sS'like'
p3291
I19
sS'lost'
p3292
I88
sS'clown'
p3293
I89
sS'sissy'
p3294
I90
sS'17:42:26.0,33.9384691,-118.2386482,2430,i'
p3295
I90
sS'dresses'
p3296
I90
sS'lose'
p3297
I89
sS'become'
p3298
I88
sS'works'
p3299
I90
sS'page'
p3300
I89
sS'heel'
p3301
I90
sS'lager'
p3302
I89
sS'nigga'
p3303
I86
sS'scared'
p3304
I86
sS'church'
p3305
I88
sS'self'
p3306
I90
sS'hair'
p3307
I82
sS'shes'
p3308
I90
sS'cleveland'
p3309
I90
sS'home'
p3310
I59
sS'liking'
p3311
I90
sS'happens'
p3312
I89
sS'obsessed'
p3313
I88
sS'lead'
p3314
I88
sS"02:34:42.0,33.9360948,-118.2298752,2430,y'all"
p3315
I90
sS'pues'
p3316
I89
sS'\xe2\x98\xba\xef\xb8\x8f\xe2\x9d\xa4\xef\xb8\x8f'
p3317
I90
sS'mines'
p3318
I90
sS'does'
p3319
I84
sS'passion'
p3320
I90
sS'ferrero'
p3321
I90
sS'eso'
p3322
I89
sS'15:13:42.0,33.9385089,-118.2386567,2430,why'
p3323
I90
sS',90059\n469181815224168448,lilmamakandy,2014-05-21'
p3324
I90
sS'blowing'
p3325
I90
sS'medieval'
p3326
I90
sS'schedule'
p3327
I90
sS'murdered'
p3328
I90
sS',90059\n506273787906490369,sussaaayy,2014-09-01'
p3329
I90
sS'although'
p3330
I90
sS'amy'
p3331
I90
sS'togethaa'
p3332
I90
sS'sister'
p3333
I88
sS'bills'
p3334
I90
sS'lifestyle'
p3335
I90
sS'justin'
p3336
I90
sS'getting'
p3337
I68
sS'knoooooooww'
p3338
I90
sS'freedom'
p3339
I90
sS"15:22:38.0,33.9360725,-118.2299071,2430,it's"
p3340
I90
sS'toms'
p3341
I90
sS'omg,90059\n469172922016206848,lilmamakandy,2014-05-21'
p3342
I90
sS'angeles'
p3343
I90
sS',90059\n509588070149021696,sussaaayy,2014-09-10'
p3344
I90
sS'swear'
p3345
I81
sS'gaaaay'
p3346
I90
sS'clooney'
p3347
I90
sS'01:34:30.0,33.93926891,-118.23397094,2430,helmet'
p3348
I90
sS'autocorrect'
p3349
I89
sS'own'
p3350
I85
sS'fineeee'
p3351
I90
sS'03:42:41.0,33.93919732,-118.23407941,2430,i'
p3352
I90
sS',90059\n490711523954683905,quackquack98,2014-07-20'
p3353
I90
sS'pussy'
p3354
I89
sS'pigging'
p3355
I90
sS'washington'
p3356
I89
sS'19:15:56.0,33.93861082,-118.23871602,2430,high'
p3357
I90
sS'chris'
p3358
I90
sS'weather'
p3359
I89
sS'promise'
p3360
I89
sS'brush'
p3361
I90
sS'roads'
p3362
I90
sS'this,90059\n488176267494043648,sussaaayy,2014-07-13'
p3363
I90
sS'enough?,90059\n489604370455994368,sussaaayy,2014-07-17'
p3364
I90
sS'pointless'
p3365
I90
sS'fired'
p3366
I90
sS'networking'
p3367
I90
sS'hehe'
p3368
I90
sS'02:09:29.0,33.94285574,-118.23236871,2430,my'
p3369
I90
sS'game,90059\n509928730672635904,sussaaayy,2014-09-11'
p3370
I90
sS'rocher'
p3371
I90
sS'noticed'
p3372
I88
sS'bump'
p3373
I90
sS',90059\n488145475053187074,sussaaayy,2014-07-13'
p3374
I90
sS'biggest'
p3375
I90
sS'vas'
p3376
I90
sS'muerte'
p3377
I90
sS'muuutha'
p3378
I90
sS'buy'
p3379
I82
sS"i've"
p3380
I70
sS'bus'
p3381
I89
sS'brand'
p3382
I90
sS'bitches'
p3383
I74
sS'hw'
p3384
I88
sS'but'
p3385
I30
sS'forward'
p3386
I90
sS'reminds'
p3387
I90
sS'hi'
p3388
I89
sS'bro,90002\n500134110069661696,_mstreet,2014-08-15'
p3389
I90
sS'ho'
p3390
I90
sS'lol,90059\n458668719536082944,lilmamakandy,2014-04-22'
p3391
I90
sS'bum'
p3392
I90
sS'squeeze'
p3393
I89
sS'eat'
p3394
I85
sS'he'
p3395
I42
sS'count'
p3396
I89
sS'made'
p3397
I79
sS'places'
p3398
I89
sS'whether'
p3399
I90
sS'wish'
p3400
I87
sS'j'
p3401
I89
sS'smooth'
p3402
I90
sS'flip'
p3403
I90
sS'excitement'
p3404
I90
sS'record'
p3405
I90
sS'06:23:58.0,33.9360541,-118.2299031,2430,cause'
p3406
I90
sS'catching'
p3407
I90
sS'empty'
p3408
I90
sS'cake'
p3409
I90
sS'problem'
p3410
I89
sS'piece'
p3411
I87
sS'minutes'
p3412
I89
sS'skating'
p3413
I90
sS'jessy'
p3414
I90
sS'replying'
p3415
I90
sS'horrific'
p3416
I90
sS'recognize'
p3417
I90
sS'universal'
p3418
I90
sS'pic'
p3419
I90
sS'life'
p3420
I76
sS'af,90059\n510145151096725504,princessxleslie,2014-09-11'
p3421
I90
sS'pig'
p3422
I90
sS'"so'
p3423
I90
sS"{'"
p3424
I90
sS'simping'
p3425
I88
sS'mejor'
p3426
I88
sS'ink'
p3427
I90
sS'schleep'
p3428
I90
sS'agains'
p3429
I90
sS'mistaken'
p3430
I90
sS'kissed'
p3431
I90
sS'happen'
p3432
I89
sS',90059\n509892316861972483,sussaaayy,2014-09-11'
p3433
I90
sS'calle'
p3434
I90
sS'algeria'
p3435
I90
sS'variety'
p3436
I90
sS'04:33:48.0,33.93915196,-118.23404535,2430,i'
p3437
I90
sS'detail'
p3438
I90
sS'40'
p3439
I90
sS'lately'
p3440
I89
sS'other'
p3441
I86
sS'compares'
p3442
I90
sS'sick'
p3443
I87
sS'19:52:02.0,33.93504376,-118.23091387,2430,feels'
p3444
I90
sS'talkin'
p3445
I90
sS'ponytail'
p3446
I90
sS'night\xe2\x9c\xa8'
p3447
I90
sS'"quien'
p3448
I90
sS'repeat'
p3449
I88
sS'monday'
p3450
I90
sS'earthswimmers'
p3451
I90
sS',90059\n505969755065294848,sussaaayy,2014-08-31'
p3452
I90
sS'stay'
p3453
I77
sS'chance'
p3454
I88
sS'my*'
p3455
I90
sS'stab'
p3456
I90
sS'kinda'
p3457
I87
sS'either?"'
p3458
I90
sS'friends'
p3459
I86
sS',90059\n493629944837062656,sussaaayy,2014-07-28'
p3460
I90
sS'ghost'
p3461
I88
sS'gooooood'
p3462
I90
sS'lasted'
p3463
I89
sS'rule'
p3464
I89
sS'write'
p3465
I90
sS'ohhhh'
p3466
I90
s.