(dp0
S''
p1
I2
sS'raining'
p2
I95
sS'dotd'
p3
I95
sS'colleges'
p4
I96
sS'four'
p5
I92
sS'woods'
p6
I96
sS'sleep'
p7
I61
sS'asian'
p8
I96
sS'hanging'
p9
I94
sS'liar'
p10
I96
sS'captain'
p11
I96
sS'hate'
p12
I62
sS'exhibitions'
p13
I96
sS'relationships'
p14
I95
sS'whose'
p15
I96
sS'"at'
p16
I96
sS'up('
p17
I96
sS'tweet'
p18
I89
sS'blood.\xe2\x80\x9d'
p19
I96
sS'coat-especially'
p20
I96
sS'up>'
p21
I96
sS'bike'
p22
I96
sS'under'
p23
I93
sS'lord'
p24
I96
sS'sorry'
p25
I95
sS'worth'
p26
I95
sS'"legend"'
p27
I96
sS'avril'
p28
I96
sS'shanley'
p29
I96
sS'tampons'
p30
I96
sS'blanket'
p31
I96
sS"women's"
p32
I94
sS'lololol'
p33
I96
sS'linkin'
p34
I96
sS'every'
p35
I76
sS'jack'
p36
I94
sS'betters'
p37
I96
sS'bummed'
p38
I96
sS'fingers*'
p39
I96
sS'trailer'
p40
I96
sS'chapel'
p41
I96
sS'tickets'
p42
I94
sS'traje'
p43
I96
sS'school'
p44
I51
sS'bestfriend'
p45
I94
sS'open-source'
p46
I96
sS'skills'
p47
I94
sS'margarita'
p48
I96
sS'wednesday'
p49
I90
sS'ticketa'
p50
I96
sS'cholesterol'
p51
I95
sS'eh'
p52
I96
sS'heading'
p53
I96
sS'clothes'
p54
I95
sS'enjoy'
p55
I96
sS'bill'
p56
I96
sS'monotonous'
p57
I96
sS'tired'
p58
I90
sS'awake'
p59
I90
sS'miller'
p60
I96
sS'consistent'
p61
I96
sS'guidelines'
p62
I96
sS'direct'
p63
I96
sS'pulse'
p64
I96
sS'docent'
p65
I96
sS'crave'
p66
I93
sS'street'
p67
I96
sS"porto's"
p68
I95
sS'air'
p69
I94
sS'others)'
p70
I93
sS'asdfghjklesosasdfghjklprimerosasdfghjklbesosasdfghjkl'
p71
I96
sS'shining'
p72
I96
sS'even'
p73
I59
sS'liam'
p74
I96
sS'villatoro'
p75
I96
sS"tonight's"
p76
I96
sS'cooking'
p77
I96
sS'fingers'
p78
I96
sS'children'
p79
I96
sS'saludos'
p80
I96
sS'above'
p81
I96
sS'o.c'
p82
I96
sS'new'
p83
I55
sS'fun\xe2\x98\xba\xef\xb8\x8f'
p84
I96
sS'ever'
p85
I75
sS'told'
p86
I91
sS'injections'
p87
I96
sS'med'
p88
I96
sS'kicked'
p89
I96
sS'2.9'
p90
I96
sS'seventh'
p91
I96
sS'never'
p92
I71
sS'stared'
p93
I96
sS'here'
p94
I66
sS'\xe2\x9d\xa4\xef\xb8\x8f\xe2\x9d\xa4\xef\xb8\x8f\xe2\x9d\xa4\xef\xb8\x8f\xe2\x9d\xa4\xef\xb8\x8f'
p95
I96
sS'\xe2\x9d\xa4\xef\xb8\x8f'
p96
I86
sS'studio'
p97
I96
sS'dorm'
p98
I92
sS"aren't"
p99
I94
sS'106'
p100
I96
sS'ganon'
p101
I96
sS'kids'
p102
I95
sS'vikings'
p103
I96
sS'forum'
p104
I96
sS'jams'
p105
I96
sS'k'
p106
I92
sS"foundation's"
p107
I96
sS'ignoring'
p108
I96
sS'itunes'
p109
I95
sS'credit'
p110
I95
sS"i'd"
p111
I96
sS'smoke'
p112
I96
sS'stressed'
p113
I95
sS'\xe2\x9c\x94\xef\xb8\x8f'
p114
I96
sS'me:)'
p115
I96
sS"i'm"
p116
I17
sS'pack'
p117
I96
sS'*crosses'
p118
I96
sS'babybooo'
p119
I96
sS'eyebrows'
p120
I96
sS'wassup'
p121
I96
sS'"problem"'
p122
I96
sS'brought'
p123
I95
sS'patience'
p124
I96
sS'moral'
p125
I95
sS'ponchiks'
p126
I96
sS'counts'
p127
I96
sS'total'
p128
I93
sS'bra'
p129
I96
sS'plot'
p130
I96
sS'overhear'
p131
I96
sS'cheating'
p132
I96
sS'would'
p133
I74
sS'army'
p134
I96
sS'runyon'
p135
I96
sS'hospital'
p136
I96
sS'hungry'
p137
I95
sS"world's"
p138
I96
sS'dnt'
p139
I96
sS'music'
p140
I77
sS'calm'
p141
I95
sS'passport'
p142
I96
sS'preview'
p143
I93
sS'type'
p144
I95
sS'until'
p145
I82
sS'nyquil'
p146
I96
sS'impulse.\xe2\x80\x9d'
p147
I96
sS'holy'
p148
I89
sS'relax'
p149
I95
sS'successful'
p150
I95
sS'bullshitting'
p151
I96
sS'hermana'
p152
I94
sS'haha'
p153
I83
sS'subtweet'
p154
I96
sS'award'
p155
I96
sS'hurt'
p156
I93
sS'phone'
p157
I86
sS'berlin'
p158
I96
sS'warm'
p159
I95
sS'adult'
p160
I96
sS'loose'
p161
I96
sS'teaching'
p162
I96
sS'91'
p163
I96
sS'loons'
p164
I96
sS'hold'
p165
I96
sS'95'
p166
I96
sS'immature'
p167
I95
sS'cake'
p168
I96
sS'must'
p169
I95
sS'shoot'
p170
I94
sS'enjoying'
p171
I93
sS'join'
p172
I94
sS'room'
p173
I78
sS'shame'
p174
I96
sS'whatttttt'
p175
I96
sS'work'
p176
I71
sS'mi'
p177
I72
sS'eeeek'
p178
I96
sS'mt'
p179
I95
sS'burnett'
p180
I96
sS'brake'
p181
I96
sS'my'
p182
I5
sS'vodka'
p183
I96
sS'goood'
p184
I96
sS'estate'
p185
I96
sS'give'
p186
I88
sS'organized'
p187
I96
sS'stressing'
p188
I96
sS'la"'
p189
I96
sS'honey'
p190
I96
sS'facade'
p191
I96
sS'homie'
p192
I96
sS'want'
p193
I58
sS'keep'
p194
I90
sS'money-hungry'
p195
I96
sS'risk'
p196
I96
sS'yaaaay'
p197
I96
sS'motion'
p198
I96
sS'hoe'
p199
I96
sS'end'
p200
I87
sS'thing'
p201
I81
sS'"rethinking'
p202
I96
sS'sitting'
p203
I94
sS'nuts'
p204
I95
sS'stilll'
p205
I96
sS'how'
p206
I52
sS'amazing'
p207
I82
sS'aching'
p208
I96
sS'answer'
p209
I94
sS'gate'
p210
I63
sS'fudge'
p211
I96
sS'pizza'
p212
I95
sS'honored'
p213
I96
sS'beauty'
p214
I96
sS'bangers'
p215
I96
sS'bday'
p216
I95
sS'francis'
p217
I96
sS'after'
p218
I80
sS'lab'
p219
I91
sS'dinosaurs'
p220
I96
sS'wrong'
p221
I95
sS'mph'
p222
I95
sS'president'
p223
I95
sS'law'
p224
I95
sS'lesbian'
p225
I95
sS'las'
p226
I93
sS"goin'"
p227
I96
sS'third'
p228
I96
sS'wins'
p229
I96
sS'reeeeeally'
p230
I96
sS'appreciate'
p231
I95
sS'(seismic'
p232
I96
sS'greet'
p233
I96
sS'harley'
p234
I96
sS'hasta'
p235
I96
sS'18th'
p236
I96
sS'green'
p237
I95
sS'keeps'
p238
I94
sS'fan'
p239
I95
sS'1000'
p240
I96
sS'wind'
p241
I95
sS'updates'
p242
I96
sS'thirty'
p243
I96
sS'nyc'
p244
I96
sS'school)'
p245
I96
sS'untold'
p246
I96
sS'50lb'
p247
I96
sS'office'
p248
I93
sS'wut'
p249
I96
sS'walgreens'
p250
I96
sS'over'
p251
I63
sS'fam'
p252
I95
sS'choose'
p253
I96
sS"mary's"
p254
I83
sS'london'
p255
I96
sS'jabo'
p256
I96
sS'ma\xc3\xb1ana'
p257
I95
sS'cobain\xe2\x9d\xa4\xef\xb8\x8f'
p258
I96
sS'mayor'
p259
I96
sS'before'
p260
I90
sS'ima'
p261
I96
sS'seriosuly'
p262
I96
sS'soles'
p263
I96
sS'canta'
p264
I96
sS'"say'
p265
I95
sS'somewhere'
p266
I95
sS'backpack'
p267
I96
sS'writing'
p268
I91
sS'better'
p269
I79
sS'405'
p270
I87
sS'6.21mi'
p271
I96
sS'increible'
p272
I96
sS'imy'
p273
I96
sS'weeks'
p274
I88
sS'easier'
p275
I96
sS'then'
p276
I73
sS'them'
p277
I74
sS'affected'
p278
I95
sS'woken'
p279
I96
sS'combination'
p280
I96
sS'trippin'
p281
I96
sS'ok\xe2\x80\x9d'
p282
I96
sS'\xd8\xa7\xd8\xb2'
p283
I96
sS'workout'
p284
I92
sS'safe'
p285
I96
sS'8gb'
p286
I96
sS"we'll"
p287
I95
sS'break'
p288
I94
sS'band'
p289
I96
sS'roommate'
p290
I90
sS'wednesdays'
p291
I96
sS'\xe2\x98\xba\xef\xb8\x8f'
p292
I91
sS'cutiee'
p293
I96
sS'one'
p294
I49
sS'pee"'
p295
I96
sS'bank'
p296
I96
sS'bread'
p297
I94
sS'shadows'
p298
I96
sS"grey's"
p299
I96
sS'alex'
p300
I93
sS'rocky'
p301
I96
sS'larunr'
p302
I96
sS'l'
p303
I96
sS'rocks'
p304
I96
sS'3.11mi'
p305
I96
sS'filling'
p306
I96
sS'(horse)'
p307
I96
sS'4)'
p308
I96
sS'each'
p309
I94
sS'la\xe2\x98\x80'
p310
I96
sS'went'
p311
I85
sS'morir\xc3\xa9'
p312
I96
sS'side'
p313
I90
sS'bone'
p314
I96
sS'luck'
p315
I94
sS'reset'
p316
I96
sS'schemes'
p317
I95
sS'financial'
p318
I95
sS'gunna'
p319
I78
sS'laying'
p320
I94
sS'acknowleging'
p321
I96
sS'bowls'
p322
I95
sS'skins'
p323
I96
sS'celebrating'
p324
I96
sS'taught'
p325
I96
sS'wobbleland'
p326
I96
sS'forgot'
p327
I91
sS'fuck\xe2\x80\x9d'
p328
I96
sS'mandated'
p329
I96
sS'ring'
p330
I95
sS'rt'
p331
I91
sS'ratchetness'
p332
I96
sS'forwarding'
p333
I96
sS'20142-'
p334
I96
sS'network'
p335
I96
sS'driving'
p336
I89
sS'sluts'
p337
I96
sS'god'
p338
I84
sS'muero'
p339
I96
sS'hooked'
p340
I96
sS'hermoso'
p341
I96
sS're'
p342
I96
sS'safety'
p343
I96
sS'friend\xe2\x80\xa6'
p344
I95
sS'ihop'
p345
I96
sS'smh'
p346
I94
sS'medicine'
p347
I94
sS'got'
p348
I58
sS'rn'
p349
I90
sS'forth'
p350
I96
sS'ri'
p351
I96
sS'foundation'
p352
I96
sS'sci-con'
p353
I96
sS'turning'
p354
I96
sS'cutest'
p355
I96
sS"you're"
p356
I73
sS'little'
p357
I89
sS'free'
p358
I86
sS'mauritanian\xe2\x80\xa6'
p359
I96
sS'carried'
p360
I96
sS'icky'
p361
I96
sS'struggle'
p362
I96
sS'hoodie'
p363
I96
sS'festival.\xe2\x80\x9d'
p364
I96
sS'wanted'
p365
I91
sS'certified'
p366
I96
sS'mvp'
p367
I96
sS'tzedakah\xe2\x80\xa6'
p368
I96
sS'baseman'
p369
I96
sS'ate'
p370
I96
sS'starts'
p371
I94
sS'refugee'
p372
I95
sS"avril's"
p373
I96
sS'days'
p374
I79
sS'"this'
p375
I96
sS'heck'
p376
I96
sS"today's"
p377
I94
sS'unknown'
p378
I96
sS'earth\xe2\x9d\xa4\xef\xb8\x8f'
p379
I96
sS'onto'
p380
I95
sS'vida.orden'
p381
I96
sS'fuckin'
p382
I93
sS'already'
p383
I75
sS'lol\xe2\x80\x9d'
p384
I96
sS'shopper'
p385
I96
sS'steroids'
p386
I96
sS'grade'
p387
I93
sS'hoop'
p388
I96
sS'rhoads'
p389
I96
sS'hearing'
p390
I95
sS'procreate'
p391
I96
sS'fantasy'
p392
I95
sS'seinfeld'
p393
I96
sS'floors'
p394
I96
sS'another'
p395
I88
sS'comin'
p396
I96
sS'podr\xc3\xada'
p397
I96
sS'hood'
p398
I96
sS'o-minus'
p399
I96
sS'capsac'
p400
I95
sS'service'
p401
I94
sS"grammy's"
p402
I96
sS'hipaa'
p403
I96
sS'top'
p404
I95
sS'me"'
p405
I96
sS'girls'
p406
I88
sS'moon.\xe2\x80\x9d'
p407
I96
sS'fiction'
p408
I96
sS'needed'
p409
I94
sS'ton'
p410
I96
sS'too'
p411
I49
sS'phones'
p412
I96
sS'rockin'
p413
I95
sS'hollywood'
p414
I96
sS'john'
p415
I95
sS'bitter'
p416
I96
sS'girla'
p417
I96
sS'listen'
p418
I92
sS'murder'
p419
I95
sS'collapse'
p420
I96
sS'girlll'
p421
I96
sS'tooo'
p422
I94
sS'gym'
p423
I89
sS'took'
p424
I91
sS'japanese'
p425
I96
sS'nirvana'
p426
I96
sS'wrapped'
p427
I96
sS'douchie'
p428
I96
sS'tampon'
p429
I96
sS'hadnt'
p430
I96
sS'positively'
p431
I96
sS'bebe'
p432
I96
sS'anxiety'
p433
I96
sS'rabbi'
p434
I96
sS'showed'
p435
I96
sS'hike'
p436
I92
sS'anniversaries'
p437
I96
sS'tree'
p438
I96
sS'likely'
p439
I94
sS'project'
p440
I94
sS'matter'
p441
I93
sS'classes'
p442
I84
sS'oregon'
p443
I96
sS'speaking'
p444
I94
sS'feeling'
p445
I90
sS'girl"'
p446
I96
sS'instanty'
p447
I96
sS'bridge'
p448
I93
sS'giraffes'
p449
I96
sS'ran'
p450
I95
sS'modern'
p451
I96
sS'mind'
p452
I92
sS'mine'
p453
I92
sS'deprived'
p454
I96
sS'leff'
p455
I96
sS'talking'
p456
I87
sS'juat'
p457
I96
sS'yo!\xe2\x80\x9d'
p458
I96
sS'ras'
p459
I96
sS"mayer's"
p460
I96
sS'seen'
p461
I91
sS'seem'
p462
I96
sS'mint'
p463
I96
sS'tells'
p464
I96
sS'alive'
p465
I96
sS'ray'
p466
I96
sS'chem'
p467
I96
sS'genuine'
p468
I96
sS'smiling.\xe2\x80\x9d'
p469
I96
sS'-'
p470
I70
sS'cheer'
p471
I96
sS'realy'
p472
I96
sS'do<'
p473
I96
sS'nbd'
p474
I96
sS'amnt'
p475
I96
sS'blue'
p476
I96
sS'garybaseman'
p477
I93
sS'wrists'
p478
I96
sS'though'
p479
I83
sS'doin'
p480
I96
sS'"mini'
p481
I96
sS'enablers'
p482
I96
sS'sk8tr'
p483
I96
sS'maddy'
p484
I96
sS'maccabees'
p485
I96
sS'anatomy'
p486
I95
sS'plenty'
p487
I96
sS'"global\xe2\x80\xa6'
p488
I96
sS'dissent'
p489
I96
sS'daaaat'
p490
I96
sS'thougt'
p491
I96
sS'beatport'
p492
I96
sS'opted'
p493
I96
sS'racer"'
p494
I96
sS'7am'
p495
I96
sS'paradigm'
p496
I96
sS'episode'
p497
I95
sS'observation'
p498
I96
sS'doc'
p499
I96
sS'professor'
p500
I92
sS'lose'
p501
I96
sS'm'
p502
I95
sS'dog'
p503
I95
sS'definitely'
p504
I85
sS'vegas?\xe2\x80\x9d'
p505
I96
sS'breathed'
p506
I96
sS'boyfriends'
p507
I96
sS'wrecked'
p508
I96
sS'came'
p509
I87
sS'saying'
p510
I95
sS'volvo'
p511
I96
sS'bomb'
p512
I96
sS'hunger'
p513
I96
sS'random'
p514
I95
sS'ending'
p515
I95
sS'implying'
p516
I95
sS'>.<'
p517
I96
sS'radio'
p518
I92
sS'earth'
p519
I94
sS'glamming'
p520
I96
sS'enjoyed'
p521
I95
sS'shambala'
p522
I96
sS'\xd9\x81\xd8\xb1\xd9\x87\xd9\x86\xda\xaf'
p523
I96
sS'busy'
p524
I93
sS'ayyyy'
p525
I96
sS'menu'
p526
I96
sS'explain'
p527
I94
sS'bipolar'
p528
I96
sS'bust'
p529
I96
sS'sugar'
p530
I96
sS'rico'
p531
I96
sS'bliss'
p532
I96
sS'about'
p533
I47
sS'gods'
p534
I96
sS'shanba'
p535
I96
sS'population'
p536
I96
sS'mena'
p537
I96
sS'wearing'
p538
I92
sS'monica'
p539
I94
sS'dm'
p540
I96
sS'pre-class'
p541
I96
sS'de'
p542
I91
sS'watch'
p543
I88
sS'pocket'
p544
I96
sS'amazon'
p545
I96
sS'wedding'
p546
I94
sS'nasty'
p547
I96
sS'dr'
p548
I93
sS'chanel'
p549
I96
sS'14'
p550
I96
sS'bat'
p551
I96
sS'17'
p552
I96
sS'greens'
p553
I96
sS'\xd8\xa2\xd9\x85\xd8\xb1\xd9\x8a\xd9\x83\xd8\xa7\xd9\x8a\xd9\x8a'
p554
I96
sS'nicely'
p555
I96
sS'officially'
p556
I91
sS'elgart'
p557
I96
sS'weekends'
p558
I96
sS'bag'
p559
I95
sS'bad'
p560
I71
sS'bae'
p561
I95
sS'architecture'
p562
I95
sS'shots'
p563
I96
sS'facelv'
p564
I96
sS'steal'
p565
I96
sS'419'
p566
I96
sS'respond'
p567
I96
sS'beso'
p568
I96
sS'fair'
p569
I93
sS'crafts'
p570
I96
sS'w/'
p571
I85
sS's\xc3\xbaper'
p572
I96
sS'lemonade'
p573
I94
sS'resist'
p574
I96
sS'goodnight'
p575
I94
sS'imho'
p576
I96
sS'fail'
p577
I94
sS'miserable'
p578
I96
sS'nocturnal'
p579
I94
sS'best'
p580
I68
sS'brazil'
p581
I95
sS'eres'
p582
I96
sS'said'
p583
I85
sS'lots'
p584
I95
sS'away'
p585
I83
sS'rings'
p586
I96
sS'patients'
p587
I96
sS'rushing'
p588
I96
sS'bien'
p589
I94
sS"there's"
p590
I94
sS'c\xc3\xb3mo'
p591
I96
sS"crizzly's"
p592
I96
sS'hopefully'
p593
I93
sS'yogurt'
p594
I96
sS'we'
p595
I62
sS'men'
p596
I96
sS'omg'
p597
I72
sS'sulk.\xe2\x80\x9d'
p598
I96
sS'stepmom'
p599
I95
sS'boss'
p600
I94
sS'nightmares'
p601
I95
sS'ballak\xc3\xa9'
p602
I96
sS'(los'
p603
I70
sS'wtf'
p604
I83
sS'upfront'
p605
I96
sS'wth'
p606
I96
sS'news'
p607
I94
sS'title/'
p608
I96
sS'kitchen'
p609
I96
sS'cop'
p610
I95
sS'goddess'
p611
I96
sS'tfti'
p612
I95
sS'met'
p613
I93
sS'oki'
p614
I96
sS'country'
p615
I59
sS'ill'
p616
I94
sS'ahora'
p617
I96
sS'jelly'
p618
I96
sS'creeepy'
p619
I96
sS'una'
p620
I95
sS'games'
p621
I95
sS'cod'
p622
I96
sS'lookin'
p623
I96
sS'faces'
p624
I96
sS'hypocrites'
p625
I96
sS'dopest'
p626
I96
sS'asked'
p627
I91
sS'con'
p628
I93
sS'exhibit'
p629
I96
sS'tough'
p630
I96
sS'bassnectar'
p631
I96
sS'vain'
p632
I96
sS'xx>'
p633
I96
sS'seizure'
p634
I96
sS'2nd'
p635
I96
sS'canyon'
p636
I96
sS'springs'
p637
I95
sS'trust'
p638
I95
sS'speak'
p639
I95
sS'conference'
p640
I96
sS'bathroom'
p641
I94
sS'cardboard'
p642
I96
sS'incomparable'
p643
I96
sS'asks'
p644
I95
sS'circle\xe2\x80\xa6'
p645
I96
sS'three'
p646
I88
sS'been'
p647
I58
sS'tragedy'
p648
I96
sS"kusc's"
p649
I96
sS'much'
p650
I48
sS'john\xe2\x80\xa6'
p651
I96
sS'sab'
p652
I96
sS'expected'
p653
I96
sS'lovely'
p654
I94
sS'life'
p655
I55
sS'families'
p656
I95
sS'excitedddddd'
p657
I96
sS'drugs'
p658
I96
sS'pueden'
p659
I96
sS'sooooo'
p660
I94
sS'naslife'
p661
I96
sS'\xe2\x98\x80\xe2\x9b\x85\xe2\x98\x94'
p662
I96
sS'substance'
p663
I96
sS'child'
p664
I95
sS'catch'
p665
I92
sS'worked'
p666
I96
sS'voices'
p667
I96
sS'chill'
p668
I94
sS'shake-out'
p669
I96
sS'gracias'
p670
I94
sS'tank'
p671
I96
sS'publicly'
p672
I96
sS"kardashian's"
p673
I96
sS'n'
p674
I94
sS'ugly'
p675
I95
sS'near'
p676
I95
sS'teachers'
p677
I96
sS'aid'
p678
I95
sS'voice'
p679
I96
sS'study'
p680
I94
sS'mistake'
p681
I95
sS'roses\xe2\x9d\xa4\xef\xb8\x8f'
p682
I96
sS'unos'
p683
I96
sS'yaaaaay'
p684
I96
sS'played'
p685
I95
sS'thursdays'
p686
I96
sS'is'
p687
I9
sS'sushi'
p688
I94
sS'it'
p689
I16
sS'blowjob.\xe2\x80\x9d'
p690
I96
sS'player'
p691
I95
sS'cant'
p692
I95
sS'pharm'
p693
I96
sS'im'
p694
I91
sS'creepy'
p695
I96
sS'in'
p696
I11
sS'conditioner'
p697
I95
sS'id'
p698
I96
sS'if'
p699
I53
sS'grown'
p700
I96
sS'museums'
p701
I96
sS'mirman'
p702
I96
sS'bottles'
p703
I96
sS'nike'
p704
I86
sS'perform'
p705
I96
sS'things'
p706
I87
sS'make'
p707
I76
sS'polaroid'
p708
I96
sS'clearly'
p709
I96
sS'meetup'
p710
I96
sS'complex'
p711
I96
sS'caffe'
p712
I96
sS'hahah'
p713
I95
sS'babies'
p714
I96
sS'packs'
p715
I96
sS'showing'
p716
I96
sS"70's"
p717
I96
sS'wheel'
p718
I95
sS'outside'
p719
I93
sS'mom\xe2\x80\x9d'
p720
I96
sS'ella'
p721
I95
sS'permit'
p722
I96
sS'hang'
p723
I96
sS'coachella'
p724
I93
sS'rain'
p725
I95
sS'jassa'
p726
I96
sS'this\xe2\x98\x80\xef\xb8\x8f'
p727
I96
sS'kim'
p728
I95
sS'supper'
p729
I96
sS'jealous'
p730
I90
sS'ruff'
p731
I96
sS'opportunity'
p732
I95
sS'aka'
p733
I95
sS'thoughts'
p734
I95
sS'kid'
p735
I94
sS'kept'
p736
I95
sS'thx'
p737
I96
sS'youre'
p738
I94
sS'kyle'
p739
I96
sS'80%'
p740
I96
sS'ocean'
p741
I95
sS'tho'
p742
I92
sS'suitemate'
p743
I95
sS'be...fucking'
p744
I96
sS'controlavoiding'
p745
I96
sS'hearts'
p746
I96
sS'the'
p747
I3
sS'smoked'
p748
I96
sS'yours'
p749
I94
sS'dads'
p750
I96
sS'left'
p751
I90
sS'wahh'
p752
I96
sS"she'll"
p753
I96
sS'yolo'
p754
I96
sS'kale'
p755
I96
sS'just'
p756
I22
sS'yea'
p757
I88
sS'photo'
p758
I86
sS'sleepy'
p759
I95
sS"(noah's"
p760
I96
sS'quotes'
p761
I96
sS'grades'
p762
I96
sS'thanks'
p763
I75
sS'human'
p764
I96
sS'buzzkill'
p765
I96
sS'facts'
p766
I96
sS'yes'
p767
I83
sS'yet'
p768
I89
sS'jose'
p769
I94
sS'zoo"'
p770
I96
sS'wtffff'
p771
I96
sS'hills'
p772
I76
sS'sinatra'
p773
I94
sS'27th'
p774
I96
sS'had'
p775
I65
sS'shout'
p776
I96
sS'projects'
p777
I96
sS'easy'
p778
I94
sS'prison'
p779
I95
sS'save'
p780
I91
sS'hat'
p781
I96
sS'quintet'
p782
I96
sS'gave'
p783
I94
sS'submissive'
p784
I96
sS'sepulveda&405'
p785
I96
sS'vanessa'
p786
I96
sS'breaks'
p787
I96
sS'possible'
p788
I94
sS'caps'
p789
I96
sS'tmrw'
p790
I96
sS'possibly'
p791
I95
sS'cultural'
p792
I31
sS'suffering'
p793
I96
sS'photobooth'
p794
I96
sS'judge'
p795
I95
sS'shadow'
p796
I95
sS'12:30'
p797
I96
sS'dreams'
p798
I96
sS'apart'
p799
I96
sS'desire'
p800
I96
sS'insurgent'
p801
I96
sS'nevermind'
p802
I96
sS'rewatching'
p803
I96
sS'gift'
p804
I94
sS'texts'
p805
I96
sS'wakeyyyy'
p806
I96
sS'50'
p807
I96
sS'remind'
p808
I96
sS'steps'
p809
I96
sS'night'
p810
I67
sS'hung'
p811
I96
sS'insta'
p812
I96
sS'security'
p813
I96
sS'prepping'
p814
I96
sS'right'
p815
I53
sS'old'
p816
I90
sS'deal'
p817
I87
sS'people'
p818
I44
sS'sends'
p819
I95
sS'somehow'
p820
I95
sS'dead'
p821
I89
sS'tajin'
p822
I96
sS'donald'
p823
I96
sS'skinned'
p824
I96
sS'kbbq'
p825
I96
sS'roamed'
p826
I96
sS'escape'
p827
I92
sS'dear'
p828
I94
sS'unless'
p829
I96
sS'\xce\x91\xce\xa4\xce\x94'
p830
I96
sS'extasiada'
p831
I96
sS'depp'
p832
I96
sS'sociology'
p833
I96
sS'cooper'
p834
I96
sS'for'
p835
I13
sS'bottom'
p836
I96
sS'notification'
p837
I96
sS'a\xe2\x80\xa6'
p838
I96
sS'ice'
p839
I95
sS'creative'
p840
I96
sS'filming'
p841
I94
sS'disheartened'
p842
I96
sS'asking'
p843
I96
sS'hall/guerin'
p844
I96
sS'4/20'
p845
I96
sS'umm'
p846
I96
sS'citizen"'
p847
I96
sS'bizz'
p848
I96
sS'adorable'
p849
I96
sS'christmas'
p850
I95
sS'displayed'
p851
I96
sS'peek'
p852
I96
sS'pls'
p853
I96
sS'omega-3fa'
p854
I96
sS'suitemates'
p855
I96
sS'burn'
p856
I96
sS'decisions'
p857
I96
sS'disappeared'
p858
I96
sS'rancho'
p859
I96
sS'architectural'
p860
I96
sS'dissapointment'
p861
I96
sS'post'
p862
I94
sS'insanity'
p863
I96
sS'super'
p864
I89
sS'pulp'
p865
I96
sS'puking'
p866
I96
sS'dyin'
p867
I96
sS'dollars'
p868
I96
sS'valentines'
p869
I95
sS'lmfao'
p870
I96
sS'o'
p871
I95
sS'dinner'
p872
I95
sS'plur'
p873
I95
sS'mismo'
p874
I96
sS'eight'
p875
I96
sS'automatically'
p876
I96
sS'"experience'
p877
I96
sS'managers'
p878
I96
sS'presence'
p879
I96
sS'pays'
p880
I96
sS'selfie'
p881
I95
sS'married'
p882
I96
sS'sol'
p883
I96
sS'soo'
p884
I96
sS'son'
p885
I96
sS'down'
p886
I80
sS'lies'
p887
I96
sS'life\xe2\x80\x9d'
p888
I96
sS'jeeeez'
p889
I96
sS'hajime'
p890
I96
sS'soy'
p891
I95
sS'petting'
p892
I96
sS'east'
p893
I96
sS'crowd'
p894
I96
sS'cali'
p895
I96
sS'jon'
p896
I96
sS'support'
p897
I93
sS'initial'
p898
I96
sS'why'
p899
I44
sS'stuck'
p900
I95
sS'day&night\xe2\x9d\xa4'
p901
I96
sS'pi'
p902
I96
sS'way'
p903
I72
sS'crestwood'
p904
I96
sS'immune'
p905
I96
sS'call'
p906
I90
sS'was'
p907
I30
sS'purposely'
p908
I96
sS'happy'
p909
I61
sS'starve'
p910
I96
sS'head'
p911
I94
sS'medium'
p912
I95
sS'choices.\xe2\x80\x9d'
p913
I96
sS'form'
p914
I94
sS'snowy'
p915
I96
sS'talenti'
p916
I96
sS'lovitz'
p917
I96
sS'becoming'
p918
I96
sS'gorgeous'
p919
I96
sS'fuckkkkkk'
p920
I96
sS'notifications'
p921
I96
sS'heat'
p922
I96
sS'hear'
p923
I93
sS'acai'
p924
I96
sS'pre-set'
p925
I96
sS'true'
p926
I87
sS'vocally'
p927
I96
sS'viva'
p928
I96
sS'tryin'
p929
I95
sS'pavilion'
p930
I93
sS'builds'
p931
I96
sS'happen'
p932
I92
sS'8km'
p933
I95
sS'inside'
p934
I95
sS'attached'
p935
I96
sS'clubs'
p936
I96
sS'hmm'
p937
I96
sS'tell'
p938
I84
sS'camaro'
p939
I96
sS'muuthafucka'
p940
I96
sS'emotional'
p941
I96
sS'daddy'
p942
I96
sS'delete'
p943
I95
sS'breathe'
p944
I96
sS'shaaaady'
p945
I96
sS'later'
p946
I92
sS'moore'
p947
I96
sS'trey'
p948
I96
sS'flat'
p949
I95
sS'apob/ldl-p'
p950
I96
sS'knees'
p951
I96
sS'mirror'
p952
I96
sS'sale'
p953
I95
sS'sometime'
p954
I94
sS'exist'
p955
I95
sS'canyonback'
p956
I94
sS'nnw'
p957
I96
sS'canto!\xe2\x80\x9d'
p958
I96
sS'awhile'
p959
I96
sS'annoying'
p960
I94
sS'commuting'
p961
I96
sS'check'
p962
I95
sS'shit'
p963
I72
sS'ni'
p964
I96
sS'password'
p965
I96
sS'solicitation'
p966
I96
sS'dying'
p967
I93
sS'no'
p968
I34
sS'na'
p969
I95
sS'commercials'
p970
I96
sS'\xe2\x9a\x93\xef\xb8\x8f'
p971
I96
sS'when'
p972
I27
sS'actor'
p973
I96
sS'reality'
p974
I96
sS'til'
p975
I95
sS'milf'
p976
I96
sS'setting'
p977
I96
sS'brings'
p978
I96
sS'test'
p979
I95
sS'vanished'
p980
I96
sS'confusing'
p981
I96
sS'smell'
p982
I94
sS'nw'
p983
I67
sS'eternity'
p984
I96
sS'picture'
p985
I94
sS'holt'
p986
I96
sS'shiiiiit'
p987
I96
sS'models'
p988
I96
sS'surprise'
p989
I95
sS'welcome'
p990
I89
sS'update'
p991
I94
sS'meeeek'
p992
I96
sS'20hours'
p993
I96
sS"let's"
p994
I93
sS'brief'
p995
I96
sS'deathbed'
p996
I96
sS'weekend'
p997
I84
sS'died'
p998
I96
sS'billion'
p999
I96
sS'faster'
p1000
I95
sS'moved'
p1001
I96
sS'together'
p1002
I91
sS'gorilla'
p1003
I96
sS'loyal'
p1004
I96
sS'topanga'
p1005
I96
sS'time'
p1006
I46
sS'lineup'
p1007
I93
sS'decision'
p1008
I95
sS'songs'
p1009
I96
sS'neighbors'
p1010
I96
sS':('
p1011
I89
sS':)'
p1012
I88
sS'whoever'
p1013
I96
sS'global'
p1014
I94
sS'focus'
p1015
I94
sS'hawaii'
p1016
I96
sS'laura'
p1017
I96
sS'mile'
p1018
I96
sS'/'
p1019
I94
sS'battle'
p1020
I96
sS'apollo'
p1021
I96
sS"pasquell's"
p1022
I96
sS'row'
p1023
I95
sS'venice'
p1024
I94
sS'happpy'
p1025
I96
sS'everything'
p1026
I86
sS'honoring'
p1027
I95
sS'flash'
p1028
I96
sS'father'
p1029
I96
sS'disgusting'
p1030
I95
sS'contemplating'
p1031
I95
sS'blocking'
p1032
I96
sS'bassnecar'
p1033
I96
sS'finally'
p1034
I80
sS'chartering'
p1035
I96
sS'rainbows'
p1036
I96
sS'la96c'
p1037
I94
sS'two..\xe2\x9d\xa4'
p1038
I96
sS'me'
p1039
I14
sS'paychecks'
p1040
I96
sS':d'
p1041
I95
sS'bluffs'
p1042
I96
sS'keeping'
p1043
I96
sS':c'
p1044
I96
sS'fuuuh'
p1045
I96
sS'vegas'
p1046
I87
sS'prof'
p1047
I96
sS'cook'
p1048
I93
sS'word'
p1049
I91
sS'blast'
p1050
I96
sS'exact'
p1051
I96
sS'minute'
p1052
I94
sS'cool'
p1053
I84
sS'dim'
p1054
I96
sS'mitzuky'
p1055
I96
sS'hour'
p1056
I92
sS'level'
p1057
I95
sS'did'
p1058
I78
sS'die'
p1059
I94
sS'cheapest'
p1060
I96
sS'peeps'
p1061
I96
sS'accidentally'
p1062
I95
sS'turnt'
p1063
I96
sS'standards'
p1064
I96
sS'leave'
p1065
I94
sS'item'
p1066
I96
sS'soooo'
p1067
I95
sS'settle'
p1068
I96
sS'keats."'
p1069
I96
sS'team'
p1070
I94
sS'quick'
p1071
I95
sS'guy'
p1072
I91
sS'round'
p1073
I95
sS'bonfire'
p1074
I96
sS'babyface'
p1075
I96
sS'olympic'
p1076
I96
sS'talked'
p1077
I96
sS'says'
p1078
I89
sS'regret'
p1079
I94
sS'ezra'
p1080
I96
sS'contrasting'
p1081
I96
sS'sigh'
p1082
I95
sS'discover'
p1083
I96
sS'1.84'
p1084
I96
sS'sign'
p1085
I93
sS'fairytales'
p1086
I96
sS"jonas'"
p1087
I96
sS'shirts'
p1088
I96
sS'reply'
p1089
I96
sS'run'
p1090
I89
sS'\xd8\xae\xd9\x8a\xd8\xb1'
p1091
I96
sS'bacteria'
p1092
I96
sS'drinks'
p1093
I96
sS'sissoko'
p1094
I96
sS'stressful'
p1095
I95
sS'appear'
p1096
I96
sS'venga'
p1097
I96
sS'tazer'
p1098
I96
sS'safdie'
p1099
I96
sS"ol'"
p1100
I96
sS'club)'
p1101
I96
sS'transitons'
p1102
I96
sS'goes'
p1103
I93
sS'tarantula'
p1104
I96
sS'falling'
p1105
I89
sS'withdrawls'
p1106
I96
sS'celebrates'
p1107
I96
sS'acknowledged'
p1108
I96
sS'growls'
p1109
I96
sS'gawd'
p1110
I96
sS'alina'
p1111
I96
sS'cheetos'
p1112
I96
sS'jademwatkins'
p1113
I96
sS'birffday'
p1114
I96
sS'envy'
p1115
I96
sS'understanding'
p1116
I96
sS'water'
p1117
I92
sS'dende'
p1118
I96
sS'filmed'
p1119
I96
sS'<<<<'
p1120
I96
sS'alone'
p1121
I93
sS'along'
p1122
I96
sS'earthquake'
p1123
I60
sS'change'
p1124
I94
sS'wait'
p1125
I72
sS'box'
p1126
I96
sS'boy'
p1127
I94
sS'ewww'
p1128
I96
sS'derrogatory'
p1129
I96
sS'yessss'
p1130
I95
sS'sheriff'
p1131
I96
sS'flames'
p1132
I96
sS'mountaingate'
p1133
I91
sS'shift'
p1134
I96
sS'studied'
p1135
I95
sS'wherever'
p1136
I96
sS'vibrating'
p1137
I96
sS'lakers'
p1138
I96
sS'trial'
p1139
I96
sS'chemical'
p1140
I95
sS'exams'
p1141
I95
sS'boo'
p1142
I95
sS'usually'
p1143
I96
sS'dorit'
p1144
I96
sS'weird'
p1145
I93
sS'minecraft'
p1146
I96
sS'love'
p1147
I39
sS'morals'
p1148
I96
sS'extra'
p1149
I96
sS'important'
p1150
I96
sS'everrrrrrr'
p1151
I96
sS'sincerely'
p1152
I96
sS'origina'
p1153
I96
sS'verge'
p1154
I96
sS'1st'
p1155
I95
sS'roadtrip'
p1156
I96
sS'everybody'
p1157
I95
sS'perf'
p1158
I95
sS'working'
p1159
I92
sS'aye'
p1160
I96
sS'positive'
p1161
I96
sS'angele'
p1162
I96
sS'dude'
p1163
I85
sS'tears'
p1164
I96
sS'intense'
p1165
I96
sS'parties'
p1166
I96
sS'live'
p1167
I82
sS'iphone'
p1168
I94
sS'wondering'
p1169
I96
sS'prez'
p1170
I96
sS'cuter'
p1171
I96
sS'believing'
p1172
I96
sS'angels'
p1173
I94
sS'today'
p1174
I49
sS'loving'
p1175
I96
sS'sharing'
p1176
I96
sS'riot'
p1177
I96
sS'club'
p1178
I60
sS'suggestions'
p1179
I96
sS'ooo'
p1180
I96
sS'ooh'
p1181
I96
sS'la-96'
p1182
I91
sS'chocolate'
p1183
I95
sS'espero'
p1184
I96
sS'everywhere'
p1185
I95
sS'observations'
p1186
I96
sS'\xe2\x9d\xa4\xef\xb8\x8f\xe2\x9d\xa4\xef\xb8\x8f'
p1187
I96
sS'socal'
p1188
I96
sS'effort'
p1189
I96
sS'perdon'
p1190
I96
sS'pre-'
p1191
I96
sS'deserved'
p1192
I96
sS'eeeeek'
p1193
I96
sS'whaaaat'
p1194
I96
sS'car'
p1195
I85
sS'flu'
p1196
I96
sS'soul'
p1197
I96
sS'cat'
p1198
I95
sS'soup'
p1199
I96
sS'sour'
p1200
I96
sS'can'
p1201
I54
sS'flo'
p1202
I96
sS'making'
p1203
I90
sS'laughter'
p1204
I96
sS'caf'
p1205
I95
sS'stimulating'
p1206
I96
sS'\xe2\x80\x94'
p1207
I96
sS'soundcheck'
p1208
I94
sS'crazy'
p1209
I84
sS'months'
p1210
I89
sS'nursing'
p1211
I95
sS'figure'
p1212
I96
sS'kiddos'
p1213
I96
sS'awesome'
p1214
I88
sS"didn't"
p1215
I84
sS'fuck'
p1216
I70
sS'heard'
p1217
I95
sS'chin'
p1218
I96
sS'council'
p1219
I96
sS'allowed'
p1220
I96
sS'handle'
p1221
I96
sS'counting'
p1222
I96
sS'stole'
p1223
I96
sS'listens'
p1224
I96
sS'pink'
p1225
I96
sS'productive'
p1226
I95
sS'winter'
p1227
I94
sS'tube'
p1228
I96
sS'dress'
p1229
I93
sS'means'
p1230
I94
sS'cannnt'
p1231
I96
sS'write'
p1232
I90
sS'till'
p1233
I94
sS'sunday'
p1234
I86
sS'rubin'
p1235
I96
sS'msmc'
p1236
I92
sS'fourth'
p1237
I95
sS'\xe2\x9d\xa4\xef\xb8\x8f\xe2\x9d\xa4\xef\xb8\x8f\xe2\x9d\xa4\xef\xb8\x8f'
p1238
I95
sS'photography'
p1239
I95
sS'afternoon'
p1240
I96
sS'community'
p1241
I96
sS'map'
p1242
I63
sS'mas'
p1243
I96
sS'skirball\xe2\x80\xa6'
p1244
I88
sS'mat'
p1245
I96
sS'teleport'
p1246
I96
sS'may'
p1247
I93
sS'max'
p1248
I96
sS'grooving'
p1249
I96
sS'spot'
p1250
I95
sS'latte'
p1251
I96
sS'mac'
p1252
I96
sS'birthday'
p1253
I76
sS'mad'
p1254
I90
sS'date'
p1255
I96
sS'mah'
p1256
I95
sS'suck'
p1257
I94
sS'roadtrips'
p1258
I96
sS'guys'
p1259
I86
sS'grow'
p1260
I96
sS'man'
p1261
I83
sS'classroom'
p1262
I96
sS'stress'
p1263
I92
sS'natural'
p1264
I96
sS'remember'
p1265
I92
sS'hanukkah'
p1266
I95
sS'whenever'
p1267
I93
sS'maybe'
p1268
I90
sS'mezzanine'
p1269
I96
sS'tchaikovsky'
p1270
I96
sS'woooooo'
p1271
I96
sS'st'
p1272
I83
sS'q'
p1273
I95
sS'2:00p'
p1274
I96
sS'si'
p1275
I95
sS'so'
p1276
I15
sS'runnin'
p1277
I96
sS'sa'
p1278
I96
sS'yaaaas'
p1279
I96
sS'talk'
p1280
I89
sS'sd'
p1281
I96
sS'refund'
p1282
I96
sS'cute'
p1283
I91
sS'comfort'
p1284
I96
sS'81'
p1285
I96
sS'shoes'
p1286
I95
sS'midas'
p1287
I96
sS'around"'
p1288
I96
sS'midnight'
p1289
I94
sS'years'
p1290
I93
sS'professors'
p1291
I95
sS'ended'
p1292
I94
sS'lyric'
p1293
I95
sS'wolf'
p1294
I96
sS'shake'
p1295
I96
sS'kanye'
p1296
I96
sS'cold'
p1297
I94
sS'still'
p1298
I65
sS'dreading'
p1299
I94
sS'gta'
p1300
I95
sS'86'
p1301
I96
sS'group'
p1302
I92
sS'thank'
p1303
I76
sS'the\xe2\x80\xa6'
p1304
I91
sS'babe\xe2\x80\xa6'
p1305
I96
sS'thang'
p1306
I96
sS'hot'
p1307
I91
sS'faves'
p1308
I96
sS'soonn'
p1309
I96
sS'window'
p1310
I96
sS'according'
p1311
I96
sS'visto'
p1312
I96
sS'tweets'
p1313
I95
sS'mail'
p1314
I96
sS'main'
p1315
I96
sS'decades'
p1316
I96
sS'into'
p1317
I81
sS'seymali'
p1318
I96
sS'happened'
p1319
I91
sS'non'
p1320
I96
sS'lonely'
p1321
I95
sS'moms'
p1322
I96
sS'insomnia'
p1323
I96
sS'feelin'
p1324
I96
sS'lunch'
p1325
I90
sS'half'
p1326
I92
sS'not'
p1327
I42
sS'now'
p1328
I36
sS'bullshit'
p1329
I95
sS'wont'
p1330
I95
sS'commuters'
p1331
I96
sS'second.\xe2\x80\x9d'
p1332
I96
sS'name'
p1333
I94
sS'crizzly'
p1334
I96
sS'james'
p1335
I96
sS'appropriate'
p1336
I96
sS'cuza'
p1337
I96
sS'careless'
p1338
I96
sS'sanchez-prieto'
p1339
I96
sS'protohype'
p1340
I95
sS'replying'
p1341
I96
sS'hoy'
p1342
I96
sS'concerts'
p1343
I96
sS'el'
p1344
I91
sS'en'
p1345
I93
sS'lowkey'
p1346
I95
sS'ed'
p1347
I96
sS'yeah'
p1348
I91
sS'shiiiiiiit'
p1349
I96
sS'unlock'
p1350
I96
sS'persian'
p1351
I96
sS'year'
p1352
I75
sS'firey'
p1353
I96
sS'ft'
p1354
I96
sS'girl'
p1355
I79
sS'worried'
p1356
I96
sS'obsession'
p1357
I95
sS'monitors'
p1358
I96
sS'es'
p1359
I95
sS'tried'
p1360
I93
sS'canada'
p1361
I96
sS'living'
p1362
I96
sS'and\xe2\x80\xa6'
p1363
I95
sS'jackson'
p1364
I96
sS'stitch'
p1365
I96
sS'3rd'
p1366
I94
sS'!!!:))))$'
p1367
I96
sS'factory'
p1368
I96
sS'thirst'
p1369
I95
sS'looking'
p1370
I93
sS'poco'
p1371
I96
sS'seriously'
p1372
I73
sS'westridge'
p1373
I93
sS'trauma'
p1374
I96
sS"shouldn't"
p1375
I94
sS'internet'
p1376
I89
sS'you...\xe2\x80\x9d'
p1377
I96
sS'shows'
p1378
I95
sS'dodgers'
p1379
I96
sS'goto'
p1380
I96
sS'cars'
p1381
I96
sS'orr'
p1382
I96
sS'quite'
p1383
I95
sS'position'
p1384
I96
sS'errrybldy'
p1385
I96
sS'california'
p1386
I59
sS'grandma'
p1387
I95
sS'bumpy'
p1388
I96
sS'span'
p1389
I96
sS'chavo'
p1390
I95
sS'wi-fi'
p1391
I96
sS'marine'
p1392
I96
sS'explorers'
p1393
I94
sS'card'
p1394
I95
sS'care'
p1395
I93
sS'advance'
p1396
I96
sS'training'
p1397
I96
sS'gusta'
p1398
I96
sS'marsden'
p1399
I96
sS'show)'
p1400
I96
sS'language'
p1401
I96
sS'yup'
p1402
I95
sS'hamster'
p1403
I96
sS'headphones'
p1404
I96
sS'"global'
p1405
I95
sS'british'
p1406
I96
sS'chevy'
p1407
I96
sS'turn'
p1408
I94
sS'lie'
p1409
I96
sS'place'
p1410
I85
sS'lighting'
p1411
I96
sS'yess'
p1412
I96
sS'think'
p1413
I63
sS'waited'
p1414
I96
sS'first'
p1415
I75
sS'exotic'
p1416
I96
sS'cheese'
p1417
I95
sS'noppeee'
p1418
I96
sS'saving'
p1419
I95
sS'americana'
p1420
I96
sS'puppet-filled'
p1421
I96
sS'xd'
p1422
I95
sS'yourself'
p1423
I91
sS'xx'
p1424
I96
sS'mrsohigh'
p1425
I95
sS'fast'
p1426
I92
sS'3102797384'
p1427
I96
sS'spanish'
p1428
I96
sS'vote'
p1429
I96
sS'sounds'
p1430
I93
sS'drove'
p1431
I96
sS'open'
p1432
I96
sS'tomorrow'
p1433
I61
sS'ios7'
p1434
I94
sS'size'
p1435
I95
sS'city'
p1436
I92
sS'given'
p1437
I93
sS'coooool'
p1438
I96
sS'murky'
p1439
I96
sS'caught'
p1440
I95
sS'slept'
p1441
I95
sS'twerked'
p1442
I96
sS'plastic'
p1443
I96
sS'anyone'
p1444
I89
sS'fml'
p1445
I96
sS'2'
p1446
I79
sS'g'
p1447
I96
sS'revenge//'
p1448
I96
sS'fiery'
p1449
I96
sS'white'
p1450
I85
sS'participated'
p1451
I96
sS'national'
p1452
I96
sS'friend'
p1453
I91
sS'gives'
p1454
I96
sS'eyes'
p1455
I94
sS'hug'
p1456
I96
sS'adored'
p1457
I96
sS'that'
p1458
I19
sS'season'
p1459
I95
sS'amooo'
p1460
I96
sS'suit'
p1461
I95
sS'huh'
p1462
I96
sS'boba'
p1463
I95
sS'released'
p1464
I96
sS'dudes'
p1465
I96
sS'ridiculous'
p1466
I95
sS'hur'
p1467
I96
sS'butt'
p1468
I96
sS'than'
p1469
I82
sS"here's"
p1470
I95
sS'boyfriend'
p1471
I90
sS'11'
p1472
I96
sS'10'
p1473
I89
sS'ratchets'
p1474
I96
sS'12'
p1475
I94
sS'15'
p1476
I92
sS'lmao'
p1477
I92
sS'rza'
p1478
I96
sS'16'
p1479
I96
sS'yayyyy'
p1480
I95
sS'18'
p1481
I96
sS'gotta'
p1482
I89
sS'handmade'
p1483
I96
sS'talking\xe2\x9d\xa4\xef\xb8\x8f'
p1484
I96
sS'future'
p1485
I93
sS'apples'
p1486
I96
sS'were'
p1487
I89
sS'cards'
p1488
I95
sS'college'
p1489
I80
sS'and'
p1490
I8
sS'hungryyyy'
p1491
I96
sS'san'
p1492
I94
sS'whut'
p1493
I96
sS'craig'
p1494
I96
sS'parking'
p1495
I96
sS'turned'
p1496
I96
sS'argument'
p1497
I95
sS'invalidated'
p1498
I96
sS'sad'
p1499
I91
sS'dash'
p1500
I96
sS'say'
p1501
I87
sS'comedian'
p1502
I96
sS'rent'
p1503
I95
sS'awards.\xe2\x80\xa6'
p1504
I96
sS'anger'
p1505
I96
sS'breakfast'
p1506
I91
sS'saw'
p1507
I87
sS'any'
p1508
I94
sS'marathon'
p1509
I96
sS'snorting'
p1510
I96
sS'1.59'
p1511
I96
sS'editing'
p1512
I96
sS'aside'
p1513
I96
sS'pizza...automatically'
p1514
I96
sS'note'
p1515
I96
sS'omfg'
p1516
I93
sS'country\xe2\x80\xa6'
p1517
I96
sS'take'
p1518
I77
sS'performance'
p1519
I95
sS'wonder'
p1520
I93
sS'grammys'
p1521
I96
sS'wooop'
p1522
I96
sS'sure'
p1523
I86
sS'pain'
p1524
I95
sS'wooot'
p1525
I96
sS'bett'
p1526
I96
sS'track'
p1527
I96
sS'knew'
p1528
I95
sS'paid'
p1529
I91
sS'falls'
p1530
I95
sS'visitors'
p1531
I96
sS'nutella'
p1532
I96
sS'importantly'
p1533
I96
sS'voice*'
p1534
I96
sS'photo\xe2\x80\xa6'
p1535
I96
sS'america'
p1536
I96
sS'pages'
p1537
I96
sS'icon'
p1538
I96
sS'lawl'
p1539
I96
sS'forever'
p1540
I87
sS'especially'
p1541
I96
sS'lawd'
p1542
I96
sS'egg'
p1543
I96
sS'proud'
p1544
I93
sS'drive'
p1545
I95
sS'mrs'
p1546
I96
sS'sunset'
p1547
I93
sS'greed'
p1548
I96
sS'getty'
p1549
I96
sS'senior'
p1550
I95
sS'damnn'
p1551
I96
sS'quantity'
p1552
I96
sS'webmd'
p1553
I96
sS'lasbest'
p1554
I95
sS'walking'
p1555
I94
sS'medalist'
p1556
I96
sS'shot'
p1557
I92
sS'show'
p1558
I86
sS'cheat'
p1559
I96
sS'to\xe2\x80\x9d'
p1560
I96
sS'recipe'
p1561
I96
sS'estoy'
p1562
I94
sS'bright'
p1563
I91
sS'welp'
p1564
I96
sS"lexi's"
p1565
I96
sS'\xe2\x9c\x8c'
p1566
I95
sS'slow'
p1567
I96
sS'laughlin'
p1568
I96
sS'\xe2\x9c\x88'
p1569
I96
sS'\xe2\x9c\x8b'
p1570
I96
sS'daily'
p1571
I96
sS'dick'
p1572
I96
sS'3'
p1573
I88
sS'either'
p1574
I96
sS'only'
p1575
I66
sS'going'
p1576
I51
sS'black'
p1577
I92
sS'raising'
p1578
I94
sS'jeopardy'
p1579
I96
sS'sierra'
p1580
I95
sS'la96c\xe2\x80\xa6'
p1581
I96
sS'awareness'
p1582
I95
sS'pumpkin'
p1583
I96
sS'\xe5\xb1\xb1\xe3\x82\x92\xe4\xb8\x8b\xe3\x82\x8b\xe3\x82\x88\xe3\x80\x82\xe5\xb1\xb1\xe3\x82\x92\xe7\x99\xbb\xe3\x82\x8a\xe3\x81\x8d\xe3\x81\xa3\xe3\x81\x9f\xe3\x81\x8b\xe3\x82\x89\xe3\x80\x82'
p1584
I96
sS'5.59mi'
p1585
I83
sS'pastrami'
p1586
I96
sS'exaggeration'
p1587
I96
sS'get'
p1588
I35
sS'gypsys'
p1589
I96
sS'toca'
p1590
I95
sS'designated'
p1591
I96
sS'mission'
p1592
I96
sS'cannot'
p1593
I88
sS'lamarathon'
p1594
I96
sS'*our'
p1595
I96
sS'roooiiighhht'
p1596
I96
sS'gen'
p1597
I96
sS'celebrate'
p1598
I94
sS'freaking'
p1599
I96
sS'prime'
p1600
I96
sS"jared's"
p1601
I96
sS'film-reel-mickey-ears'
p1602
I96
sS'busiest'
p1603
I96
sS'hall)'
p1604
I96
sS'borrow'
p1605
I96
sS'morning'
p1606
I80
sS'naked'
p1607
I96
sS'stupid'
p1608
I89
sS"could've"
p1609
I96
sS'incredibilidosa'
p1610
I96
sS'miley'
p1611
I96
sS'bought'
p1612
I95
sS'where'
p1613
I87
sS"everything's"
p1614
I96
sS'husband'
p1615
I96
sS"y'all"
p1616
I92
sS'j>'
p1617
I96
sS'learn'
p1618
I96
sS'concert'
p1619
I95
sS'mizzz'
p1620
I96
sS'physically'
p1621
I96
sS'violated'
p1622
I96
sS'screwed'
p1623
I96
sS'seat'
p1624
I96
sS'cocktails'
p1625
I96
sS'lyfe'
p1626
I96
sS'asleep'
p1627
I86
sS'anyways'
p1628
I96
sS'hoes'
p1629
I95
sS'pisces'
p1630
I95
sS'clarinet'
p1631
I96
sS'brentwood'
p1632
I92
sS'kurt'
p1633
I96
sS'fails'
p1634
I94
sS'nicholor'
p1635
I96
sS'cir'
p1636
I96
sS'24/7'
p1637
I96
sS'forgotten'
p1638
I96
sS'amen'
p1639
I96
sS'enough'
p1640
I91
sS'from\xe2\x80\xa6'
p1641
I96
sS'estar'
p1642
I96
sS'whats'
p1643
I96
sS'between'
p1644
I95
sS'3.7'
p1645
I96
sS"alyssa's"
p1646
I96
sS'teens'
p1647
I96
sS'reading'
p1648
I91
sS'herscher'
p1649
I95
sS'across'
p1650
I96
sS'decorate'
p1651
I96
sS'domi'
p1652
I96
sS'\xe2\x98\x81\xef\xb8\x8f\xe2\x98\x94\xef\xb8\x8f'
p1653
I96
sS'jobs'
p1654
I96
sS'25'
p1655
I96
sS'screen'
p1656
I96
sS'mouthwatering'
p1657
I96
sS'fonso'
p1658
I96
sS'jr'
p1659
I96
sS'killing'
p1660
I95
sS'awards'
p1661
I96
sS'ver\xc3\xa9'
p1662
I96
sS'como'
p1663
I95
sS'jk'
p1664
I95
sS'article'
p1665
I95
sS'tub'
p1666
I96
sS'come'
p1667
I77
sS'aryana'
p1668
I95
sS'21'
p1669
I96
sS'reaction'
p1670
I96
sS'dates'
p1671
I96
sS'fit'
p1672
I96
sS'sweatshirt'
p1673
I96
sS'many'
p1674
I88
sS'voicemail'
p1675
I96
sS'zeroni'
p1676
I96
sS'quiet'
p1677
I95
sS'nuts\xe2\x80\x9d'
p1678
I96
sS'personal'
p1679
I96
sS'tour'
p1680
I94
sS"can'y"
p1681
I96
sS'residency'
p1682
I96
sS'2/8\xe2\x80\x94architects'
p1683
I96
sS'gente'
p1684
I96
sS"can't"
p1685
I40
sS'loveliest'
p1686
I96
sS'twix'
p1687
I96
sS'enjoyable'
p1688
I96
sS'cancer'
p1689
I96
sS'bricks'
p1690
I96
sS'deeds'
p1691
I96
sS'hurts'
p1692
I94
sS'por'
p1693
I95
sS'skirball_la)'
p1694
I96
sS'60'
p1695
I96
sS'pole'
p1696
I96
sS'daaays'
p1697
I96
sS"couldn't"
p1698
I94
sS'cancel'
p1699
I96
sS'crew'
p1700
I96
sS'consider'
p1701
I96
sS'nicole'
p1702
I95
sS'cramps'
p1703
I96
sS'sprays'
p1704
I96
sS'arts'
p1705
I96
sS'oliver'
p1706
I96
sS'cycling'
p1707
I96
sS'cares'
p1708
I94
sS'west'
p1709
I95
sS'classic'
p1710
I96
sS'edits'
p1711
I96
sS'tropical'
p1712
I96
sS'ading'
p1713
I96
sS'birthdayy'
p1714
I95
sS'motives'
p1715
I96
sS'mars'
p1716
I95
sS'housewifejanning'
p1717
I96
sS'staring'
p1718
I96
sS'mary'
p1719
I95
sS'schoolboy'
p1720
I96
sS'wants'
p1721
I93
sS'oil-which'
p1722
I96
sS'i\xe2\x80\xa6'
p1723
I96
sS'shopping'
p1724
I95
sS'amerucan'
p1725
I96
sS'offered'
p1726
I96
sS'asdfghjklolvidenasdfghjklaasdfghjklyoyoasdfghjklmajoasdfghjklacabaasdfghjkldeasdfghjklcomentarasdfghjklmiasdfghjklactuacionasdfghjkl'
p1727
I96
sS'drawer'
p1728
I96
sS'photos'
p1729
I96
sS'aunque'
p1730
I96
sS'wake'
p1731
I91
sS'lauritzen'
p1732
I96
sS'hatin'
p1733
I96
sS'foggy'
p1734
I94
sS'hardcore'
p1735
I96
sS'40'
p1736
I96
sS'spirit'
p1737
I96
sS'those'
p1738
I91
sS'countless'
p1739
I96
sS'sound'
p1740
I92
sS'myself'
p1741
I81
sS'winky'
p1742
I96
sS'50k'
p1743
I96
sS'these'
p1744
I77
sS'mount'
p1745
I73
sS'supportive'
p1746
I96
sS'athenians'
p1747
I96
sS'singleton'
p1748
I96
sS'cast'
p1749
I96
sS'ratchet'
p1750
I95
sS'cancelled'
p1751
I95
sS'invited'
p1752
I96
sS'coolest'
p1753
I94
sS'orientation'
p1754
I96
sS'alreadyyyy'
p1755
I96
sS'candies'
p1756
I96
sS'school&work'
p1757
I96
sS'engaged'
p1758
I96
sS'coffee'
p1759
I96
sS'bros'
p1760
I96
sS'sleeping'
p1761
I93
sS'yup.\xe2\x80\x9dfalse\xe2\x80\x9d'
p1762
I96
sS'middle'
p1763
I96
sS"runnin'"
p1764
I96
sS'good'
p1765
I56
sS'embrace'
p1766
I96
sS'presentations'
p1767
I96
sS'donating'
p1768
I95
sS'it*'
p1769
I96
sS'technology'
p1770
I96
sS'everyday'
p1771
I93
sS'worry'
p1772
I96
sS'bags'
p1773
I96
sS'williams'
p1774
I96
sS'(who'
p1775
I96
sS'it('
p1776
I96
sS'pay'
p1777
I94
sS'granted'
p1778
I96
sS'woodland'
p1779
I96
sS'same'
p1780
I85
sS'trip'
p1781
I89
sS'gentlemen'
p1782
I96
sS'food'
p1783
I92
sS'see\xe2\x80\xa6'
p1784
I96
sS'speech'
p1785
I88
sS'catfish'
p1786
I96
sS'coworkers'
p1787
I96
sS'"i'
p1788
I96
sS'struggling'
p1789
I96
sS"avicii's"
p1790
I96
sS'berry'
p1791
I96
sS'week'
p1792
I73
sS'dooooo'
p1793
I96
sS'imagery'
p1794
I96
sS'finish'
p1795
I93
sS'"k"'
p1796
I96
sS'holla'
p1797
I96
sS'driver'
p1798
I94
sS'leaks'
p1799
I96
sS'weed'
p1800
I95
sS'producers'
p1801
I96
sS'running'
p1802
I96
sS'wired'
p1803
I96
sS'uhh'
p1804
I96
sS'favorites'
p1805
I96
sS'changing'
p1806
I96
sS'1pm'
p1807
I96
sS'totally'
p1808
I93
sS'cartoon'
p1809
I96
sS'mentally'
p1810
I96
sS'\xe2\x9c\x8c\xef\xb8\x8f'
p1811
I95
sS'omelette'
p1812
I95
sS'luckkk'
p1813
I96
sS'peach'
p1814
I96
sS'2013\xe2\x9b\xaa'
p1815
I96
sS'miedo'
p1816
I96
sS'charges'
p1817
I96
sS'markus'
p1818
I96
sS'without'
p1819
I83
sS'relief'
p1820
I95
sS'bottle'
p1821
I94
sS'very'
p1822
I90
sS'model'
p1823
I95
sS'starbucks'
p1824
I95
sS'taxi'
p1825
I96
sS'summer'
p1826
I84
sS'they'
p1827
I59
sS'saguin-saguin'
p1828
I96
sS'being'
p1829
I72
sS'money'
p1830
I92
sS'guided'
p1831
I96
sS'toby'
p1832
I93
sS'rest'
p1833
I92
sS'adri'
p1834
I95
sS'haden'
p1835
I96
sS'kill'
p1836
I91
sS'fuckkkkkkkk'
p1837
I96
sS'touch'
p1838
I96
sS'blow'
p1839
I96
sS'death'
p1840
I95
sS'overdue'
p1841
I96
sS'yaaay'
p1842
I95
sS"everyone's"
p1843
I95
sS'seems'
p1844
I94
sS'except'
p1845
I96
sS'it\xe2\x80\x99s'
p1846
I96
sS'gangnam'
p1847
I96
sS'lets'
p1848
I91
sS'interested'
p1849
I96
sS'4'
p1850
I80
sS'actors'
p1851
I96
sS'ca'
p1852
I83
sS'skies'
p1853
I96
sS'real'
p1854
I74
sS'starving'
p1855
I96
sS'mucho'
p1856
I96
sS'around'
p1857
I89
sS'amo'
p1858
I96
sS'read'
p1859
I95
sS'<<<<<'
p1860
I96
sS'papers'
p1861
I96
sS'gonna'
p1862
I86
sS'nowww'
p1863
I96
sS'early'
p1864
I88
sS'traffic'
p1865
I88
sS'listening'
p1866
I90
sS'it.\xe2\x80\x9d'
p1867
I96
sS'using'
p1868
I93
sS'swatch'
p1869
I96
sS'herrrr'
p1870
I96
sS'disappointed'
p1871
I95
sS'luckyyy'
p1872
I96
sS'noreason'
p1873
I96
sS'christina'
p1874
I96
sS'sitcom'
p1875
I96
sS'pounds'
p1876
I95
sS'some\xe2\x80\xa6'
p1877
I96
sS'post-rain'
p1878
I96
sS'benefit'
p1879
I96
sS'adame'
p1880
I96
sS'melica'
p1881
I94
sS'beverly'
p1882
I81
sS'worries'
p1883
I96
sS'passionate'
p1884
I96
sS'pangkatpilipino\xe2\x80\xa6'
p1885
I96
sS'me\xe2\x9d\xa4\xef\xb8\x8f'
p1886
I96
sS'twelve'
p1887
I96
sS'seating'
p1888
I96
sS'tina'
p1889
I96
sS'learning'
p1890
I94
sS'joking'
p1891
I96
sS'confused'
p1892
I96
sS'competition'
p1893
I95
sS'lucy'
p1894
I96
sS"'noah's"
p1895
I96
sS'depressed'
p1896
I96
sS'respect'
p1897
I94
sS'vaulting'
p1898
I96
sS'thinks'
p1899
I95
sS'maor'
p1900
I96
sS'outt'
p1901
I96
sS'mood'
p1902
I96
sS'memories'
p1903
I96
sS'noon'
p1904
I96
sS'stops'
p1905
I96
sS'moon'
p1906
I94
sS'n\xc2\xb02'
p1907
I96
sS'depletion'
p1908
I96
sS'sucha'
p1909
I96
sS'moot'
p1910
I94
sS'\xe2\x99\xab'
p1911
I96
sS'abercrombie'
p1912
I96
sS'decent'
p1913
I96
sS'felt'
p1914
I96
sS'\xe2\x9c\x88\xef\xb8\x8f'
p1915
I96
sS'scientific'
p1916
I96
sS'power'
p1917
I94
sS'asap'
p1918
I95
sS'seconds'
p1919
I95
sS'nails'
p1920
I96
sS'skrillex'
p1921
I96
sS'polite'
p1922
I96
sS'addicted'
p1923
I96
sS'leadership'
p1924
I95
sS'drums'
p1925
I96
sS'$700'
p1926
I96
sS'throwback'
p1927
I96
sS'exciting'
p1928
I96
sS'yaass'
p1929
I96
sS'throw'
p1930
I94
sS'earlier'
p1931
I96
sS'on'
p1932
I21
sS'ok'
p1933
I94
sS'ace'
p1934
I96
sS'oh'
p1935
I74
sS'og'
p1936
I96
sS'of'
p1937
I10
sS'stacks'
p1938
I96
sS'oc'
p1939
I94
sS'mixes'
p1940
I96
sS'chop'
p1941
I96
sS'o.o'
p1942
I96
sS'gone...at'
p1943
I96
sS'show/movie'
p1944
I96
sS'haile'
p1945
I95
sS'act'
p1946
I95
sS'arrrrrrrrrrggggggggggggg'
p1947
I96
sS'thwaits'
p1948
I96
sS'mean'
p1949
I93
sS'or'
p1950
I76
sS'road'
p1951
I94
sS'heater'
p1952
I94
sS'ladies'
p1953
I94
sS'porsche'
p1954
I96
sS'\xe2\x98\xba'
p1955
I96
sS'spreading'
p1956
I96
sS'blessed'
p1957
I96
sS'snapchat'
p1958
I95
sS'vacation'
p1959
I96
sS'cursed'
p1960
I95
sS'noone'
p1961
I96
sS'morir'
p1962
I96
sS'taft'
p1963
I96
sS'involvement'
p1964
I94
sS'darren'
p1965
I96
sS'gary'
p1966
I94
sS'youu'
p1967
I93
sS'happening'
p1968
I93
sS'your'
p1969
I38
sS'loc'
p1970
I96
sS"sac's"
p1971
I96
sS'her'
p1972
I68
sS'area'
p1973
I94
sS'hoing'
p1974
I96
sS'there'
p1975
I74
sS'emocion'
p1976
I96
sS'hey'
p1977
I90
sS'lol'
p1978
I28
sS'-prof'
p1979
I96
sS'los'
p1980
I89
sS'cats'
p1981
I96
sS'mondays'
p1982
I95
sS'low'
p1983
I96
sS'lot'
p1984
I93
sS'series'
p1985
I95
sS'slowly'
p1986
I96
sS'valley'
p1987
I95
sS'downer'
p1988
I96
sS'pasando'
p1989
I95
sS'>>>>>'
p1990
I95
sS'complete'
p1991
I95
sS'awake..\xe2\x80\x9d'
p1992
I96
sS'you('
p1993
I96
sS'judging'
p1994
I96
sS'eyeliner'
p1995
I96
sS'fuk?\xe2\x80\x9d'
p1996
I96
sS'you<'
p1997
I96
sS'brain'
p1998
I90
sS'good\xe2\x80\xa6'
p1999
I96
sS'cycle'
p2000
I95
sS'belle'
p2001
I96
sS'texted'
p2002
I96
sS'trying'
p2003
I90
sS'with'
p2004
I20
sS"o.'s"
p2005
I96
sS'mejor'
p2006
I95
sS'longer'
p2007
I94
sS'3700'
p2008
I96
sS'pull'
p2009
I94
sS'hire'
p2010
I96
sS'october'
p2011
I93
sS'applying'
p2012
I96
sS'lana'
p2013
I96
sS"wasn't"
p2014
I94
sS'actor/model/singer'
p2015
I96
sS"brother's"
p2016
I95
sS'"it\'s'
p2017
I95
sS'message'
p2018
I96
sS'dirty'
p2019
I96
sS'trips'
p2020
I95
sS'misery'
p2021
I96
sS'gone'
p2022
I96
sS'ceramics'
p2023
I96
sS'faltamos'
p2024
I96
sS'ohh'
p2025
I96
sS'hated'
p2026
I96
sS'videos'
p2027
I94
sS'exhausted'
p2028
I96
sS'certain'
p2029
I96
sS'accents'
p2030
I96
sS'deer'
p2031
I95
sS'deep'
p2032
I93
sS'an'
p2033
I71
sS'alarm'
p2034
I95
sS'as'
p2035
I55
sS'okayyy'
p2036
I96
sS'at'
p2037
I18
sS'aw'
p2038
I96
sS'walks'
p2039
I96
sS'ay'
p2040
I96
sS'watched'
p2041
I96
sS'tarzana'
p2042
I96
sS'nerd'
p2043
I96
sS'film'
p2044
I95
sS'cream'
p2045
I94
sS'incorrect'
p2046
I96
sS'again'
p2047
I82
sS'hasnt'
p2048
I96
sS'yoga'
p2049
I92
sS'confesiones'
p2050
I96
sS'idiot'
p2051
I96
sS'deserve'
p2052
I95
sS'saturday'
p2053
I92
sS'ren\xc3\xa9e'
p2054
I96
sS'good-natured'
p2055
I96
sS'5'
p2056
I84
sS"aryana's"
p2057
I96
sS'hmu'
p2058
I96
sS'you'
p2059
I7
sS'puppy'
p2060
I94
sS'weeee'
p2061
I96
sS'poor'
p2062
I95
sS'baddd'
p2063
I96
sS'obsessed'
p2064
I93
sS'xanax'
p2065
I96
sS'students'
p2066
I96
sS'a-'
p2067
I96
sS'faceee'
p2068
I96
sS'loading'
p2069
I96
sS'gon'
p2070
I96
sS'fresh'
p2071
I94
sS'chris'
p2072
I95
sS'finals'
p2073
I84
sS'pool'
p2074
I95
sS'building'
p2075
I95
sS'returning\xe2\x80\xa6'
p2076
I96
sS'6-7:30'
p2077
I96
sS'calls'
p2078
I90
sS'chords'
p2079
I95
sS'all-stars'
p2080
I95
sS"life's"
p2081
I96
sS'wifi'
p2082
I94
sS'fangirling'
p2083
I96
sS'having'
p2084
I87
sS'exhausting'
p2085
I96
sS'veranos:1-'
p2086
I96
sS'senioritis'
p2087
I96
sS'u'
p2088
I85
sS'restricted'
p2089
I96
sS'alright'
p2090
I96
sS'type-0'
p2091
I96
sS':))'
p2092
I96
sS'starting'
p2093
I90
sS'herbivores'
p2094
I96
sS'(ages'
p2095
I96
sS'growling'
p2096
I96
sS'all'
p2097
I29
sS'diss'
p2098
I96
sS'sci'
p2099
I95
sS'forget'
p2100
I92
sS'chinese'
p2101
I96
sS'stooop'
p2102
I96
sS'zetas'
p2103
I96
sS'lack'
p2104
I95
sS'month'
p2105
I94
sS'younow'
p2106
I96
sS'tours'
p2107
I96
sS'dish'
p2108
I96
sS'follow'
p2109
I92
sS'sue\xc3\xb1o'
p2110
I96
sS'everyones'
p2111
I96
sS'wash'
p2112
I96
sS'reasoning'
p2113
I96
sS'causes'
p2114
I96
sS'kutcher'
p2115
I96
sS'bizbash_news'
p2116
I96
sS'tx'
p2117
I96
sS'albrecht'
p2118
I96
sS'tv'
p2119
I94
sS'costco'
p2120
I96
sS'tu'
p2121
I94
sS'-i'
p2122
I96
sS'thursday'
p2123
I85
sS'hablo'
p2124
I96
sS'to'
p2125
I4
sS'aaron'
p2126
I95
sS'daniel'
p2127
I96
sS'tomorrrow'
p2128
I96
sS'smile'
p2129
I94
sS'te'
p2130
I93
sS'presentation'
p2131
I94
sS'enamoro'
p2132
I96
sS'woman'
p2133
I96
sS'appointment'
p2134
I96
sS'worse'
p2135
I92
sS'virtue'
p2136
I96
sS'song'
p2137
I90
sS'far'
p2138
I88
sS'horror'
p2139
I96
sS'paradise'
p2140
I96
sS'fav'
p2141
I95
sS'fat'
p2142
I93
sS'souls'
p2143
I96
sS'selfies'
p2144
I93
sS'candid'
p2145
I96
sS'worst'
p2146
I87
sS'stephyyy'
p2147
I96
sS'bestie'
p2148
I96
sS'fall'
p2149
I91
sS'violinist.\xe2\x80\xa6'
p2150
I96
sS'ticket'
p2151
I96
sS'difference'
p2152
I96
sS'duys'
p2153
I96
sS'pre'
p2154
I96
sS'heaven'
p2155
I94
sS'ranting'
p2156
I96
sS'--'
p2157
I96
sS'louis'
p2158
I96
sS'list'
p2159
I94
sS'*in'
p2160
I96
sS'cori875'
p2161
I96
sS'vibes'
p2162
I95
sS'lesbians'
p2163
I96
sS'dodger'
p2164
I95
sS'sank'
p2165
I96
sS'seattle\xe2\x9d\xa4\xef\xb8\x8f'
p2166
I96
sS'they\xe2\x80\xa6'
p2167
I96
sS"i'll"
p2168
I87
sS'instagram'
p2169
I94
sS'tea'
p2170
I93
sS'paso'
p2171
I95
sS'past'
p2172
I88
sS'19'
p2173
I96
sS'zero'
p2174
I95
sS'grease'
p2175
I96
sS'design'
p2176
I96
sS'pass'
p2177
I96
sS'abuelo'
p2178
I96
sS"saturday's"
p2179
I96
sS'creatures'
p2180
I96
sS'down....\xe2\x80\x9d'
p2181
I96
sS'what'
p2182
I40
sS'hormonal'
p2183
I96
sS'combined'
p2184
I96
sS'sun'
p2185
I95
sS'youuu'
p2186
I94
sS'fucks'
p2187
I95
sS'crush'
p2188
I94
sS'sus'
p2189
I96
sS'sur'
p2190
I96
sS'sup'
p2191
I96
sS'learned'
p2192
I95
sS'subwoofer'
p2193
I96
sS'womb'
p2194
I96
sS'today!\xe2\x80\xa6'
p2195
I96
sS'tattoos'
p2196
I96
sS'full'
p2197
I93
sS'christian'
p2198
I96
sS'4.35mi'
p2199
I90
sS'n\xc2\xb04'
p2200
I96
sS'n\xc2\xb05'
p2201
I96
sS'owns'
p2202
I96
sS'n\xc2\xb01'
p2203
I96
sS'such)'
p2204
I96
sS'forgive'
p2205
I96
sS'hours'
p2206
I83
sS'real\xe2\x9c\x94\xef\xb8\x8f'
p2207
I96
sS'har\xc3\xa9'
p2208
I96
sS'\xeb\x85\xb8\xeb\xa0\xa5\xed\x95\x98\xea\xb3\xa0'
p2209
I96
sS'directions'
p2210
I96
sS'strong'
p2211
I96
sS'shoulda'
p2212
I95
sS'chipped'
p2213
I96
sS'suitmate'
p2214
I96
sS'zone'
p2215
I96
sS'd.m'
p2216
I96
sS'inspired'
p2217
I96
sS"sonia's"
p2218
I96
sS'doneeee'
p2219
I96
sS'experience'
p2220
I95
sS"'67"
p2221
I96
sS'stella'
p2222
I96
sS'subject-hope'
p2223
I96
sS'arent'
p2224
I96
sS'pick'
p2225
I94
sS'action'
p2226
I95
sS'murdering'
p2227
I96
sS'kauai'
p2228
I96
sS'trainer'
p2229
I95
sS'followed'
p2230
I96
sS'members'
p2231
I96
sS'family'
p2232
I88
sS'though<'
p2233
I96
sS'clique'
p2234
I96
sS'young'
p2235
I96
sS'put'
p2236
I86
sS'semester'
p2237
I87
sS'trained'
p2238
I96
sS'buenas'
p2239
I96
sS'pulls'
p2240
I96
sS'ir\xc3\xa1'
p2241
I96
sS'asi'
p2242
I96
sS'attendance'
p2243
I96
sS'takes'
p2244
I91
sS'mulholland'
p2245
I96
sS'destination'
p2246
I96
sS'conocer'
p2247
I95
sS'two'
p2248
I78
sS'comparing'
p2249
I96
sS'omgggg'
p2250
I96
sS'chadstick'
p2251
I96
sS'mine\xe2\x80\x9d'
p2252
I96
sS'tomorrrowwww'
p2253
I96
sS'6'
p2254
I77
sS'taken'
p2255
I96
sS'tag'
p2256
I96
sS'cough'
p2257
I96
sS'minor'
p2258
I95
sS'more'
p2259
I61
sS'teen'
p2260
I96
sS'tryna'
p2261
I95
sS'ww2'
p2262
I96
sS'lineups'
p2263
I96
sS'door'
p2264
I95
sS'knows'
p2265
I95
sS'watts\xe2\x80\xa6'
p2266
I96
sS'canon'
p2267
I96
sS'wakey'
p2268
I96
sS'atd'
p2269
I96
sS"ain't"
p2270
I91
sS'basically'
p2271
I92
sS'broke'
p2272
I94
sS'known'
p2273
I96
sS'killlling'
p2274
I96
sS'hurry'
p2275
I96
sS'krill'
p2276
I96
sS'glad'
p2277
I88
sS'verano'
p2278
I95
sS'pip\xc3\xad'
p2279
I96
sS'\xe2\x9a\xbd\xef\xb8\x8f\xe2\x9a\xbd\xef\xb8\x8f\xe2\x9a\xbd\xef\xb8\x8f\xe2\x9a\xbd\xef\xb8\x8f'
p2280
I96
sS'none'
p2281
I95
sS'magnin'
p2282
I95
sS'sucks'
p2283
I93
sS'dew'
p2284
I96
sS'guards'
p2285
I96
sS'4:00'
p2286
I96
sS'paragraph'
p2287
I96
sS'del'
p2288
I94
sS'v'
p2289
I94
sS'def'
p2290
I93
sS'history'
p2291
I95
sS'beautiful'
p2292
I80
sS'compare'
p2293
I96
sS'embarrassing'
p2294
I96
sS'challenging'
p2295
I96
sS'disclosure'
p2296
I96
sS'brown'
p2297
I96
sS'\xe2\x9a\xbd'
p2298
I96
sS'share'
p2299
I95
sS'accept'
p2300
I95
sS'mcqueen'
p2301
I96
sS'states'
p2302
I84
sS'lolol'
p2303
I96
sS'\xe2\x98\x95\xef\xb8\x8f'
p2304
I96
sS'numbers'
p2305
I96
sS'sense'
p2306
I93
sS'sensi'
p2307
I96
sS'reliving'
p2308
I95
sS'bogo'
p2309
I96
sS'wknd'
p2310
I96
sS'huge'
p2311
I96
sS'needs'
p2312
I94
sS'court'
p2313
I96
sS'goal'
p2314
I95
sS'awkward'
p2315
I93
sS'mymp'
p2316
I96
sS'rather'
p2317
I96
sS'gate\xe2\x80\xa6'
p2318
I96
sS'breaking'
p2319
I94
sS'documentaries'
p2320
I96
sS'stayed'
p2321
I94
sS'moshe'
p2322
I96
sS'hannah'
p2323
I96
sS'musicians'
p2324
I96
sS'punked'
p2325
I96
sS'hating'
p2326
I96
sS'skirball'
p2327
I26
sS'3.7mi'
p2328
I96
sS'sandwich'
p2329
I94
sS'okay'
p2330
I84
sS'plans'
p2331
I92
sS'sabina'
p2332
I96
sS"you're\xe2\x80\xa6"
p2333
I96
sS'advice'
p2334
I96
sS'basshead'
p2335
I96
sS'sneak'
p2336
I95
sS'reflect'
p2337
I96
sS'director'
p2338
I96
sS'adventure'
p2339
I96
sS'coming'
p2340
I91
sS'ethics'
p2341
I96
sS'choice'
p2342
I96
sS'friends\xe2\x80\x9d'
p2343
I96
sS'fo'
p2344
I96
sS'a'
p2345
I6
sS'dorms'
p2346
I96
sS'short'
p2347
I95
sS'funday'
p2348
I93
sS'mitzvah'
p2349
I96
sS'tweeting'
p2350
I93
sS'shady'
p2351
I95
sS'diets'
p2352
I96
sS'derrapo'
p2353
I96
sS'"about'
p2354
I96
sS'curmudgeon'
p2355
I96
sS'media'
p2356
I95
sS'facebook'
p2357
I94
sS'youtube'
p2358
I96
sS'dream'
p2359
I88
sS'playing'
p2360
I94
sS'haiyan.\xe2\x80\xa6'
p2361
I96
sS"that's"
p2362
I74
sS'followers'
p2363
I96
sS'help'
p2364
I91
sS"don't"
p2365
I48
sS'sooo'
p2366
I93
sS'soon'
p2367
I86
sS'installed'
p2368
I96
sS'attitude'
p2369
I96
sS'paper'
p2370
I91
sS'through'
p2371
I81
sS'hell'
p2372
I94
sS'smiling'
p2373
I95
sS'its'
p2374
I86
sS'golfing'
p2375
I96
sS'24'
p2376
I96
sS'messed'
p2377
I95
sS'style'
p2378
I94
sS'20'
p2379
I91
sS'melisa'
p2380
I96
sS'22'
p2381
I94
sS'figuring'
p2382
I96
sS'pray'
p2383
I96
sS'biancalexandraa'
p2384
I96
sS'beyonce'
p2385
I96
sS'actually'
p2386
I82
sS'late'
p2387
I87
sS'>>>'
p2388
I96
sS'herself<<'
p2389
I96
sS'individuals'
p2390
I96
sS'ruining'
p2391
I96
sS'semesters'
p2392
I96
sS'bout'
p2393
I94
sS'soccer'
p2394
I95
sS'might'
p2395
I92
sS"haven't"
p2396
I90
sS'arguments'
p2397
I96
sS'fool'
p2398
I93
sS'evening'
p2399
I95
sS'somebody'
p2400
I95
sS'yo'
p2401
I93
sS'ya'
p2402
I90
sS'unreal'
p2403
I96
sS'kissies'
p2404
I96
sS'units'
p2405
I93
sS'walls'
p2406
I96
sS"you've"
p2407
I95
sS'foot'
p2408
I95
sS'orrr'
p2409
I96
sS'bigger'
p2410
I96
sS'my\xe2\x80\xa6'
p2411
I96
sS'schwarzkopf\xe2\x80\xa6'
p2412
I96
sS'easily'
p2413
I91
sS'everytime'
p2414
I93
sS'sundays'
p2415
I96
sS'always'
p2416
I67
sS'drake'
p2417
I93
sS'relaaaax'
p2418
I96
sS'bless'
p2419
I96
sS'someone'
p2420
I81
sS'habits'
p2421
I96
sS'stopped'
p2422
I96
sS'gala'
p2423
I96
sS'turns'
p2424
I95
sS'wunna'
p2425
I96
sS'found'
p2426
I94
sS"isn't"
p2427
I93
sS'status'
p2428
I96
sS'everyone'
p2429
I79
sS'darme'
p2430
I96
sS'weight'
p2431
I95
sS'house'
p2432
I85
sS'hard'
p2433
I85
sS'idea'
p2434
I94
sS'gun'
p2435
I95
sS'persona'
p2436
I96
sS'expect'
p2437
I96
sS'callate'
p2438
I96
sS'course\xe2\x9d\xa4\xef\xb8\x8f'
p2439
I96
sS'blues'
p2440
I96
sS'gawsh'
p2441
I95
sS'butthurt'
p2442
I96
sS'event'
p2443
I84
sS'really'
p2444
I41
sS'meencantameencantameencantameencantameencantameencantameencantameencantameencantameencantameencantameencantameencantameencantameencanta'
p2445
I96
sS'20103-'
p2446
I96
sS'missed'
p2447
I91
sS'glitter'
p2448
I94
sS'since'
p2449
I83
sS'call!\xe2\x80\x9d'
p2450
I96
sS'\xd8\xaa\xd8\xb5\xd8\xa8\xd8\xad\xd9\x88\xd9\x86'
p2451
I96
sS'acting'
p2452
I96
sS'health'
p2453
I94
sS'hill'
p2454
I95
sS'7'
p2455
I91
sS'1.73'
p2456
I96
sS'print'
p2457
I96
sS'dorm\xe2\x9d\xa4\xef\xb8\x8f'
p2458
I96
sS'auditorium)'
p2459
I96
sS'jooojs!!!!\xe2\x80\x9d'
p2460
I96
sS'ass'
p2461
I79
sS"fonso's"
p2462
I96
sS'exodus'
p2463
I96
sS'bass'
p2464
I96
sS'pathetic'
p2465
I96
sS'dirt'
p2466
I96
sS'rude'
p2467
I96
sS'friday'
p2468
I90
sS'guess'
p2469
I92
sS'backer'
p2470
I96
sS'asb'
p2471
I93
sS'reason'
p2472
I95
sS'killin'
p2473
I96
sS'disneyland'
p2474
I89
sS'fatass'
p2475
I96
sS'imagine'
p2476
I96
sS'ask'
p2477
I89
sS'teach'
p2478
I92
sS'beginning'
p2479
I96
sS'epicenter'
p2480
I96
sS'cheers'
p2481
I96
sS'diesnt'
p2482
I96
sS'terrible'
p2483
I95
sS"year's"
p2484
I96
sS'4:30'
p2485
I96
sS'american'
p2486
I96
sS'hps-2'
p2487
I96
sS'expecting'
p2488
I96
sS'w'
p2489
I92
sS'twenty'
p2490
I96
sS'calc'
p2491
I96
sS'partnerships'
p2492
I96
sS'graciaaaas'
p2493
I96
sS'major'
p2494
I95
sS'divalicious'
p2495
I96
sS'enlarger'
p2496
I96
sS'dont'
p2497
I90
sS'cigarette'
p2498
I96
sS'feel'
p2499
I77
sS'3rd"'
p2500
I96
sS'diller'
p2501
I96
sS'crapi'
p2502
I96
sS'number'
p2503
I95
sS'feet'
p2504
I96
sS'2012\xe2\x9d\xa4\xef\xb8\x8f'
p2505
I96
sS'done'
p2506
I84
sS'2014-2015'
p2507
I96
sS'angeles)'
p2508
I96
sS'miss'
p2509
I75
sS'kandi\xe2\x98\xba\xef\xb8\x8f'
p2510
I96
sS'story'
p2511
I90
sS'"'
p2512
I95
sS'heads'
p2513
I96
sS'guest'
p2514
I96
sS'mundo'
p2515
I96
sS'offcially'
p2516
I96
sS'extra\xc3\xb1amos'
p2517
I96
sS'5th'
p2518
I96
sS'least'
p2519
I89
sS'bum'
p2520
I96
sS'wonderful'
p2521
I96
sS'saint'
p2522
I95
sS'trails'
p2523
I95
sS'mama'
p2524
I96
sS'essays'
p2525
I95
sS'syrup'
p2526
I96
sS'banana'
p2527
I96
sS'headache'
p2528
I95
sS'shifted'
p2529
I96
sS'fun!\xe2\x80\xa6'
p2530
I96
sS'passed'
p2531
I93
sS'para'
p2532
I95
sS'behind'
p2533
I96
sS'relieved'
p2534
I96
sS'you\xe2\x80\x9d'
p2535
I96
sS'park'
p2536
I91
sS'autobiographies'
p2537
I96
sS'mini'
p2538
I96
sS'part'
p2539
I87
sS'typhoon'
p2540
I96
sS'boredom'
p2541
I96
sS'doctors'
p2542
I96
sS'focusing'
p2543
I96
sS'albums'
p2544
I96
sS'believe'
p2545
I84
sS'stairs'
p2546
I96
sS'obama'
p2547
I96
sS'kind'
p2548
I96
sS'legs'
p2549
I96
sS'yum'
p2550
I96
sS'.\xe2\x99\xa5\xef\xb8\x8f'
p2551
I96
sS'tooth'
p2552
I96
sS'gotten'
p2553
I95
sS'worstttttt'
p2554
I96
sS'levels'
p2555
I96
sS'freud'
p2556
I96
sS'youth'
p2557
I95
sS'bride'
p2558
I96
sS'ooookay'
p2559
I96
sS'determined'
p2560
I96
sS'architect'
p2561
I96
sS'supposed'
p2562
I94
sS'habitat"'
p2563
I96
sS'\xd9\x83\xd8\xb0\xd8\xa7'
p2564
I96
sS'hewitt'
p2565
I96
sS'treated'
p2566
I96
sS'agoura'
p2567
I96
sS'hollaaa'
p2568
I96
sS'motivation'
p2569
I96
sS'krew'
p2570
I95
sS'cabello'
p2571
I96
sS'tacos'
p2572
I96
sS'ages'
p2573
I95
sS'juicy'
p2574
I96
sS'randomly'
p2575
I94
sS'juice'
p2576
I94
sS'alike'
p2577
I95
sS'cleaned'
p2578
I96
sS'ditched'
p2579
I96
sS'option'
p2580
I95
sS'cobras'
p2581
I96
sS'mountain'
p2582
I61
sS'wilson'
p2583
I96
sS'nights'
p2584
I92
sS'dancing'
p2585
I95
sS'lil'
p2586
I96
sS'self'
p2587
I95
sS'\xec\x97\xb4\xec\x8b\xac\xed\x9e\x88'
p2588
I96
sS'claases'
p2589
I96
sS'also'
p2590
I90
sS'mak'
p2591
I96
sS'lip'
p2592
I96
sS'useless'
p2593
I96
sS'-sounds'
p2594
I96
sS'running('
p2595
I96
sS'eff'
p2596
I96
sS'play'
p2597
I95
sS'added'
p2598
I95
sS'godfather'
p2599
I96
sS'shirlala'
p2600
I96
sS'piggy-back'
p2601
I96
sS'mosh'
p2602
I95
sS'encantan'
p2603
I96
sS'depths'
p2604
I96
sS'most'
p2605
I79
sS'75'
p2606
I96
sS'sponsored'
p2607
I96
sS'plan'
p2608
I93
sS'gopi'
p2609
I96
sS'nothing'
p2610
I84
sS'seasons'
p2611
I95
sS'extremely'
p2612
I96
sS"strugglin'"
p2613
I96
sS'11:15'
p2614
I96
sS'ka'
p2615
I96
sS'raving'
p2616
I96
sS'65'
p2617
I96
sS'incase'
p2618
I96
sS'windows'
p2619
I96
sS'clear'
p2620
I95
sS'sometimes'
p2621
I89
sS'wore'
p2622
I96
sS'lolll'
p2623
I96
sS'wobbleand'
p2624
I96
sS'18-30'
p2625
I96
sS'clean'
p2626
I95
sS'cop\xe2\x80\x9d'
p2627
I96
sS'\xe2\x98\x80\xef\xb8\x8f'
p2628
I96
sS'charged'
p2629
I96
sS'physics'
p2630
I94
sS'bulletin'
p2631
I96
sS'lying'
p2632
I96
sS"they're"
p2633
I92
sS'lmaoooooo'
p2634
I96
sS'surg'
p2635
I96
sS'ugh'
p2636
I92
sS'golf'
p2637
I95
sS'\xe2\x80\x9clove'
p2638
I96
sS'17th'
p2639
I96
sS'videos/pictures'
p2640
I96
sS'gaaaaaaay'
p2641
I96
sS'stfu'
p2642
I96
sS'session'
p2643
I96
sS'businesses'
p2644
I96
sS'stalker'
p2645
I96
sS'immaturity'
p2646
I96
sS'mishoo'
p2647
I96
sS'fine'
p2648
I94
sS'find'
p2649
I88
sS'gangs'
p2650
I96
sS'3k'
p2651
I96
sS'forum\xe2\x80\x99s'
p2652
I96
sS'keychain'
p2653
I96
sS'bff'
p2654
I95
sS'pinche'
p2655
I96
sS'edited'
p2656
I96
sS'poppin'
p2657
I96
sS'\xcf\x80'
p2658
I96
sS'facilmente'
p2659
I96
sS'failed'
p2660
I96
sS'idiots'
p2661
I96
sS'\xd8\xb9'
p2662
I96
sS'pretty'
p2663
I86
sS'california)'
p2664
I96
sS'8'
p2665
I91
sS'circle'
p2666
I94
sS'_sandralisset\xe2\x80\xa6'
p2667
I96
sS'porque'
p2668
I96
sS'his'
p2669
I88
sS'hit'
p2670
I95
sS'freaks'
p2671
I96
sS'beyonc\xc3\xa9'
p2672
I96
sS'permission'
p2673
I96
sS'quizzes'
p2674
I96
sS'car-less'
p2675
I96
sS'pregnant'
p2676
I96
sS'trees'
p2677
I96
sS'eggs'
p2678
I96
sS'famous'
p2679
I96
sS'feels'
p2680
I93
sS'observatory'
p2681
I96
sS'longest'
p2682
I96
sS'tribute'
p2683
I96
sS'during'
p2684
I94
sS'workouts'
p2685
I95
sS'him'
p2686
I81
sS'gels'
p2687
I96
sS'rampage'
p2688
I96
sS'la96c-former'
p2689
I96
sS'frickin'
p2690
I96
sS'cry'
p2691
I92
sS'lanadelray'
p2692
I96
sS'diggin'
p2693
I96
sS'common'
p2694
I96
sS'brotherrrrr'
p2695
I96
sS'obscure'
p2696
I95
sS'wrote'
p2697
I94
sS'up\xe2\x80\x9d'
p2698
I96
sS'cutie'
p2699
I96
sS'set'
p2700
I90
sS'art'
p2701
I93
sS'vino'
p2702
I96
sS'city"'
p2703
I96
sS'caleb'
p2704
I96
sS':-))'
p2705
I96
sS'dtf'
p2706
I96
sS'noura'
p2707
I96
sS'culture'
p2708
I96
sS'see'
p2709
I57
sS'dumb'
p2710
I90
sS'are'
p2711
I43
sS'sea'
p2712
I95
sS'nonesense"'
p2713
I96
sS'2.2'
p2714
I93
sS'ark'
p2715
I90
sS'2.7'
p2716
I96
sS'2.6'
p2717
I95
sS'2.5'
p2718
I96
sS'chose'
p2719
I96
sS'urth'
p2720
I96
sS'shower'
p2721
I96
sS'barcarolle'
p2722
I96
sS'tummy'
p2723
I96
sS'movie'
p2724
I93
sS'wow'
p2725
I89
sS'currently'
p2726
I96
sS'please'
p2727
I89
sS'sista!\xe2\x99\x8c\xef\xb8\x8f'
p2728
I96
sS'triplets'
p2729
I96
sS'fans'
p2730
I96
sS'won'
p2731
I96
sS'"yes"'
p2732
I96
sS'babalik'
p2733
I96
sS'probably'
p2734
I93
sS'rite'
p2735
I96
sS'donate'
p2736
I96
sS'monsters'
p2737
I96
sS'compliment'
p2738
I96
sS'sexual'
p2739
I96
sS'makeup'
p2740
I96
sS'recently'
p2741
I96
sS'missing'
p2742
I94
sS'sold'
p2743
I96
sS'attention'
p2744
I92
sS'mentall'
p2745
I96
sS'plans..i'
p2746
I96
sS'saves'
p2747
I96
sS'penchant'
p2748
I96
sS'oldddddd'
p2749
I96
sS'pissed'
p2750
I95
sS'drill'
p2751
I96
sS'both'
p2752
I94
sS'c'
p2753
I96
sS'10th'
p2754
I96
sS'last'
p2755
I64
sS'secrets'
p2756
I93
sS"brahms'"
p2757
I96
sS'annual'
p2758
I94
sS'borillas'
p2759
I96
sS'pace'
p2760
I96
sS'thinking'
p2761
I91
sS'connection'
p2762
I96
sS'externally.\xe2\x80\x9d'
p2763
I96
sS'1.63'
p2764
I96
sS'8am'
p2765
I93
sS'alot'
p2766
I95
sS'retarded'
p2767
I95
sS'phoniex'
p2768
I96
sS'baseball'
p2769
I96
sS'whole'
p2770
I91
sS'finds'
p2771
I96
sS'"/'
p2772
I96
sS'patty'
p2773
I96
sS'childhood'
p2774
I96
sS'drunk'
p2775
I92
sS'pasadas'
p2776
I96
sS'sweet'
p2777
I93
sS'loveee'
p2778
I95
sS'whatever'
p2779
I95
sS'fix'
p2780
I96
sS'header'
p2781
I96
sS'likes'
p2782
I96
sS'rave'
p2783
I95
sS'acabamiento'
p2784
I96
sS'addict-out'
p2785
I96
sS'dubdub'
p2786
I96
sS'duh'
p2787
I96
sS'filth'
p2788
I96
sS'raise'
p2789
I95
sS'monthly'
p2790
I96
sS'create'
p2791
I95
sS'panera'
p2792
I96
sS'due'
p2793
I90
sS'teacher'
p2794
I91
sS'yes?('
p2795
I96
sS'reduction'
p2796
I96
sS'damn'
p2797
I77
sS'hereeee'
p2798
I96
sS"leone's"
p2799
I95
sS'guitarra'
p2800
I96
sS'thing\xe2\x80\x9d'
p2801
I96
sS'meeting'
p2802
I94
sS'woke'
p2803
I91
sS'pm'
p2804
I96
sS'blankets'
p2805
I96
sS'vans'
p2806
I96
sS'facorite'
p2807
I96
sS'flight'
p2808
I96
sS'sending'
p2809
I96
sS'fire'
p2810
I96
sS'yeee'
p2811
I96
sS"what's"
p2812
I94
sS'gas'
p2813
I96
sS'demasiado'
p2814
I96
sS'else'
p2815
I91
sS'moment'
p2816
I96
sS'overloading'
p2817
I96
sS'racer'
p2818
I96
sS'lives'
p2819
I93
sS'whitney'
p2820
I96
sS'condoms'
p2821
I96
sS'rocking'
p2822
I96
sS"40's"
p2823
I96
sS'wingstop'
p2824
I96
sS'tengo'
p2825
I96
sS'look'
p2826
I86
sS'fuq'
p2827
I96
sS'straight'
p2828
I87
sS'edc2013'
p2829
I96
sS'convo'
p2830
I96
sS'elections'
p2831
I96
sS'healthy'
p2832
I94
sS'while'
p2833
I93
sS'smart'
p2834
I95
sS'fun'
p2835
I80
sS'kissing'
p2836
I96
sS'pacn'
p2837
I94
sS'mitchell'
p2838
I96
sS'guide'
p2839
I95
sS'today?\xe2\x9d\xa4\xef\xb8\x8f'
p2840
I96
sS'sriracha'
p2841
I96
sS'miles'
p2842
I96
sS'swim'
p2843
I95
sS'30'
p2844
I96
sS'hoping'
p2845
I95
sS'vol'
p2846
I96
sS'asdfghjklasdfghjklamoasdfghjklaasdfghjklyoyoasdfghjklesasdfghjklunasdfghjklsolasdfghjlyasdfghjklmeasdfghjklencantaasdfghjklasdfghjklasdfghjk'
p2847
I96
sS"monday's"
p2848
I96
sS'jesus....we'
p2849
I96
sS'reads'
p2850
I96
sS'am('
p2851
I96
sS'owes'
p2852
I96
sS'ready'
p2853
I84
sS'key"'
p2854
I96
sS"pangkat's"
p2855
I96
sS'chase'
p2856
I96
sS'funny'
p2857
I92
sS'hahahahha'
p2858
I96
sS'italy'
p2859
I95
sS'starlight'
p2860
I96
sS'anymore'
p2861
I92
sS'noooo'
p2862
I95
sS'seek'
p2863
I96
sS'belong'
p2864
I94
sS'tour)'
p2865
I96
sS'docents'
p2866
I96
sS'ayeeeeee'
p2867
I96
sS"bein'"
p2868
I96
sS'ahf'
p2869
I96
sS'grand'
p2870
I94
sS'9'
p2871
I90
sS'it\xe2\x80\x9d'
p2872
I96
sS'development'
p2873
I96
sS'used'
p2874
I90
sS'paths'
p2875
I96
sS'motivational'
p2876
I96
sS'camera'
p2877
I96
sS'overweight'
p2878
I96
sS'yesterday'
p2879
I95
sS'holidays'
p2880
I95
sS'deepeddyvodka'
p2881
I95
sS'strength'
p2882
I96
sS'moving'
p2883
I95
sS'mindfucked'
p2884
I96
sS'months.....toooo'
p2885
I96
sS'sweating'
p2886
I96
sS'amy'
p2887
I96
sS'lower'
p2888
I95
sS'whores'
p2889
I95
sS'entre'
p2890
I96
sS'spent'
p2891
I95
sS'gawdd'
p2892
I96
sS'obviously'
p2893
I96
sS'person'
p2894
I92
sS'boat'
p2895
I96
sS'lmaoo'
p2896
I96
sS'y'
p2897
I87
sS'entry'
p2898
I96
sS'chemistry'
p2899
I95
sS'dark'
p2900
I96
sS'spend'
p2901
I93
sS'luckyyyy'
p2902
I96
sS'chord'
p2903
I96
sS'mom'
p2904
I83
sS'ceo'
p2905
I96
sS'lat7ty'
p2906
I96
sS'titty'
p2907
I96
sS'world'
p2908
I91
sS'praying'
p2909
I96
sS'prince'
p2910
I96
sS'letting'
p2911
I96
sS'cut'
p2912
I96
sS'cus'
p2913
I96
sS'diary'
p2914
I96
sS'cup'
p2915
I96
sS'lady'
p2916
I96
sS'workers'
p2917
I95
sS'cuz'
p2918
I92
sS'exclusively'
p2919
I96
sS'caesar'
p2920
I96
sS'parents'
p2921
I95
sS'exhibition'
p2922
I95
sS'crying'
p2923
I96
sS'homies'
p2924
I96
sS'easter'
p2925
I95
sS'excited'
p2926
I85
sS'hates'
p2927
I93
sS'build'
p2928
I96
sS'in.\xe2\x80\x9d'
p2929
I96
sS'marco'
p2930
I96
sS'march'
p2931
I95
sS'big'
p2932
I80
sS'couple'
p2933
I94
sS'schooolboy'
p2934
I96
sS'shitty'
p2935
I95
sS'game'
p2936
I91
sS'clam'
p2937
I96
sS'apt'
p2938
I96
sS"noah's"
p2939
I90
sS'bit'
p2940
I95
sS'rwve'
p2941
I96
sS'wuuut'
p2942
I96
sS'chronicsleep'
p2943
I96
sS'loooool'
p2944
I96
sS'rides'
p2945
I96
sS'ahh'
p2946
I96
sS'benla7g'
p2947
I96
sS'b2b'
p2948
I96
sS'continue'
p2949
I96
sS'fault'
p2950
I96
sS'disorder'
p2951
I96
sS'names'
p2952
I96
sS'google'
p2953
I94
sS'partying'
p2954
I96
sS'often'
p2955
I95
sS'pangkatpilipino'
p2956
I94
sS'fucking'
p2957
I86
sS'spring'
p2958
I94
sS'fake'
p2959
I95
sS'some'
p2960
I69
sS'back'
p2961
I74
sS'bounce'
p2962
I96
sS'dowwnnnnn'
p2963
I96
sS'understood'
p2964
I94
sS'trends'
p2965
I96
sS'towards'
p2966
I94
sS'palm'
p2967
I96
sS'"we'
p2968
I96
sS'\xec\x9e\x88\xec\x96\xb4\xec\x9a\x94'
p2969
I96
sS'therapeutic'
p2970
I96
sS'weirdo'
p2971
I96
sS'contacts'
p2972
I96
sS'pet'
p2973
I95
sS'absolutely'
p2974
I95
sS'pel'
p2975
I96
sS'prom'
p2976
I96
sS'machine'
p2977
I96
sS'good('
p2978
I96
sS'pee'
p2979
I96
sS'epic'
p2980
I96
sS'\xe2\x9c\x8c\xef\xb8\x8f\xe2\x9d\xa4\xef\xb8\x8f'
p2981
I95
sS'nose'
p2982
I96
sS'be'
p2983
I25
sS'eating'
p2984
I95
sS'bc'
p2985
I96
sS'remembered'
p2986
I95
sS'hahahahahahaha'
p2987
I96
sS'processing'
p2988
I96
sS'fed'
p2989
I96
sS'withdrawals'
p2990
I96
sS'jazzy'
p2991
I96
sS'chc'
p2992
I95
sS'\xd9\x85\xd8\xaa\xd9\x86\xd9\x81\xd8\xb1\xd9\x85'
p2993
I96
sS'nowhere'
p2994
I95
sS'santa'
p2995
I95
sS'worlds*'
p2996
I96
sS'crap'
p2997
I96
sS'seshen'
p2998
I96
sS'by'
p2999
I73
sS'faith'
p3000
I96
sS'a\xc3\xb1os'
p3001
I96
sS'anything'
p3002
I92
sS'netflix'
p3003
I95
sS'quierooo'
p3004
I96
sS"la's"
p3005
I95
sS'melbourne'
p3006
I96
sS'greets'
p3007
I96
sS'idk'
p3008
I92
sS'dialog'
p3009
I96
sS'progressions'
p3010
I96
sS'chalon'
p3011
I95
sS'hahahah'
p3012
I94
sS'daisies'
p3013
I96
sS'block'
p3014
I96
sS'seeing'
p3015
I90
sS'david'
p3016
I96
sS'sigmund'
p3017
I96
sS'visit'
p3018
I94
sS'mommy'
p3019
I94
sS'within'
p3020
I93
sS'sparknotes'
p3021
I96
sS'martinez'
p3022
I96
sS'momma'
p3023
I96
sS'goyard'
p3024
I96
sS'smells'
p3025
I92
sS'okaaaay'
p3026
I96
sS'statistics'
p3027
I96
sS'me...and'
p3028
I96
sS'cinnabon'
p3029
I96
sS'duermo'
p3030
I96
sS'tasting'
p3031
I96
sS'spending'
p3032
I94
sS'hardships'
p3033
I96
sS'question'
p3034
I94
sS'ca)'
p3035
I72
sS'long'
p3036
I88
sS'asdfghjklasdfghjklasdfghjklmeasdfghjklpinchesasdfghjklencantaasdfghjklasdfghjklasdfghjkl'
p3037
I96
sS'1.51'
p3038
I96
sS"we're"
p3039
I87
sS'bruh'
p3040
I95
sS'forward'
p3041
I94
sS'1.58'
p3042
I96
sS'bored'
p3043
I93
sS'opens'
p3044
I96
sS'12:00p'
p3045
I96
sS'cab'
p3046
I96
sS'jewish'
p3047
I95
sS'oils'
p3048
I96
sS'boys'
p3049
I96
sS'polisci'
p3050
I96
sS'vayamos'
p3051
I96
sS'wnw'
p3052
I92
sS'boyz'
p3053
I96
sS'awesome\xe2\x9d\xa4\xef\xb8\x8f'
p3054
I96
sS'doneee'
p3055
I96
sS'nutshell'
p3056
I96
sS'\xe2\x9d\xa4\xe2\x80\x9d'
p3057
I95
sS'posted'
p3058
I86
sS'groovy'
p3059
I96
sS'cramping'
p3060
I96
sS'bahahha'
p3061
I96
sS'consist'
p3062
I96
sS'"ellloo"'
p3063
I96
sS'up'
p3064
I42
sS'us'
p3065
I78
sS'ur'
p3066
I91
sS'um'
p3067
I95
sS"tomorrow's"
p3068
I96
sS'\xe2\x99\x8c'
p3069
I95
sS'un'
p3070
I93
sS'uh'
p3071
I96
sS'uk'
p3072
I96
sS'faded'
p3073
I95
sS'routine/habit'
p3074
I96
sS'blast!\xe2\x80\x9d'
p3075
I96
sS'called'
p3076
I93
sS'bell'
p3077
I96
sS"ark'"
p3078
I96
sS'ordered'
p3079
I96
sS'scantron'
p3080
I96
sS'fckin'
p3081
I96
sS'reallllly'
p3082
I96
sS'chai'
p3083
I96
sS'single'
p3084
I90
sS'warning'
p3085
I96
sS'chat'
p3086
I96
sS"wednesday's"
p3087
I96
sS'cafe'
p3088
I95
sS'liking'
p3089
I96
sS'defines'
p3090
I96
sS'ansel'
p3091
I96
sS'6th'
p3092
I96
sS'tita'
p3093
I96
sS'one.\xe2\x80\x9d'
p3094
I96
sS'insomniac'
p3095
I96
sS'nah'
p3096
I95
sS'laughing'
p3097
I96
sS'nap'
p3098
I94
sS'points'
p3099
I96
sS'datsik'
p3100
I95
sS'naw'
p3101
I96
sS'department'
p3102
I96
sS'nice'
p3103
I88
sS'responded'
p3104
I96
sS'internally'
p3105
I96
sS'noche'
p3106
I96
sS'merlino'
p3107
I96
sS'pineapple'
p3108
I96
sS'problems'
p3109
I96
sS'ooooooh'
p3110
I96
sS'helping'
p3111
I95
sS'allowing'
p3112
I96
sS'smiled'
p3113
I96
sS'2014)'
p3114
I96
sS'w/some'
p3115
I96
sS'meals'
p3116
I95
sS'ago'
p3117
I94
sS'!\xe2\x80\x9d'
p3118
I96
sS'alilians'
p3119
I96
sS'happier'
p3120
I95
sS'elgort'
p3121
I96
sS'overlooking'
p3122
I96
sS'agh'
p3123
I96
sS'age'
p3124
I95
sS'amir'
p3125
I96
sS'orbit'
p3126
I96
sS'walked'
p3127
I94
sS'annoyed'
p3128
I96
sS'depth'
p3129
I96
sS'fransisco'
p3130
I96
sS'aiko'
p3131
I96
sS'presenting'
p3132
I96
sS'pues'
p3133
I96
sS'walker'
p3134
I96
sS"she's"
p3135
I93
sS'\xc2\xa1suerte'
p3136
I96
sS'hello'
p3137
I95
sS'helll'
p3138
I96
sS'once'
p3139
I92
sS'essay'
p3140
I87
sS'edc'
p3141
I86
sS'code'
p3142
I96
sS'jason'
p3143
I96
sS'dawning'
p3144
I96
sS'stoner'
p3145
I96
sS'scratch'
p3146
I96
sS'birthdayyy'
p3147
I96
sS'thomas'
p3148
I96
sS'rattlesnake'
p3149
I96
sS'totes'
p3150
I95
sS'penis'
p3151
I96
sS'farms'
p3152
I96
sS'legal'
p3153
I96
sS'go'
p3154
I50
sS'westwood'
p3155
I62
sS'tweeted'
p3156
I96
sS'chillin'
p3157
I96
sS'charms'
p3158
I96
sS'issues'
p3159
I96
sS'unhooked'
p3160
I96
sS'tire<<<'
p3161
I96
sS'send'
p3162
I95
sS'nell'
p3163
I96
sS'midori'
p3164
I96
sS'popularity'
p3165
I96
sS'suite'
p3166
I96
sS'dislike'
p3167
I96
sS'charity'
p3168
I96
sS'gb'
p3169
I96
sS'friendly'
p3170
I96
sS'brigade'
p3171
I96
sS'fly'
p3172
I96
sS'breathing'
p3173
I96
sS'wished'
p3174
I95
sS'center)'
p3175
I94
sS'dessert'
p3176
I96
sS'culture\xe2\x80\xa6'
p3177
I96
sS'continues'
p3178
I96
sS'\xd9\x88\xd8\xaa\xd8\xb1\xd9\x88\xd8\xad'
p3179
I96
sS'avalon'
p3180
I95
sS'happyy'
p3181
I96
sS'the?you'
p3182
I96
sS'putting'
p3183
I92
sS'sunny'
p3184
I96
sS'rattling'
p3185
I96
sS'telling'
p3186
I94
sS'drinking'
p3187
I94
sS'looooove'
p3188
I96
sS'challah'
p3189
I96
sS'entire'
p3190
I94
sS'recreation'
p3191
I96
sS'olaf'
p3192
I96
sS'harbor'
p3193
I96
sS'experiencing'
p3194
I96
sS'button'
p3195
I94
sS'michael'
p3196
I96
sS'brangelina'
p3197
I96
sS'quitting'
p3198
I96
sS'try'
p3199
I90
sS'this'
p3200
I12
sS'race'
p3201
I96
sS'5+)'
p3202
I96
sS':)\xe2\x80\x9d'
p3203
I96
sS'melodies'
p3204
I96
sS'atletico'
p3205
I96
sS'havent'
p3206
I92
sS'hairier'
p3207
I96
sS'cuellar'
p3208
I96
sS'stairway'
p3209
I96
sS'carter'
p3210
I95
sS'ermergahrd'
p3211
I96
sS'khalifa'
p3212
I95
sS'luck!\xe2\x98\xba\xef\xb8\x8f'
p3213
I96
sS'\xe2\x9d\xa4'
p3214
I95
sS'biology'
p3215
I96
sS'fusion'
p3216
I96
sS'waking'
p3217
I93
sS'video'
p3218
I91
sS'booth'
p3219
I95
sS'missy'
p3220
I96
sS'yayyy'
p3221
I96
sS'duhhhh'
p3222
I96
sS'elisa'
p3223
I96
sS'font'
p3224
I96
sS'plays'
p3225
I96
sS'business'
p3226
I94
sS'junior'
p3227
I96
sS'showcase'
p3228
I96
sS'giving'
p3229
I96
sS'chewed'
p3230
I96
sS'bundy"'
p3231
I96
sS'slight'
p3232
I96
sS'kudos'
p3233
I96
sS'probs'
p3234
I96
sS'cell'
p3235
I96
sS'internship'
p3236
I94
sS'waiting'
p3237
I88
sS'punishment'
p3238
I96
sS"director's"
p3239
I96
sS'bahahaha'
p3240
I96
sS'attire'
p3241
I96
sS'1:20pm'
p3242
I96
sS'$1000'
p3243
I96
sS'3g'
p3244
I96
sS'exercise'
p3245
I96
sS'body'
p3246
I94
sS'cozy'
p3247
I96
sS'degree'
p3248
I96
sS'leg'
p3249
I95
sS'punch'
p3250
I96
sS'nonexistent'
p3251
I96
sS'leo'
p3252
I94
sS'dressed'
p3253
I96
sS'let'
p3254
I87
sS'jeans'
p3255
I96
sS'others'
p3256
I93
sS'douchey'
p3257
I96
sS'sexy'
p3258
I96
sS'leggings'
p3259
I96
sS'great'
p3260
I80
sS'survivor'
p3261
I96
sS'larger'
p3262
I96
sS'titanic'
p3263
I95
sS'35'
p3264
I96
sS'stupidity'
p3265
I96
sS'thisssss'
p3266
I96
sS"porsche's"
p3267
I96
sS'defeat'
p3268
I96
sS'climb'
p3269
I95
sS'makes'
p3270
I77
sS'honor'
p3271
I96
sS'noodles'
p3272
I96
sS'named'
p3273
I96
sS'hectic'
p3274
I96
sS'heart'
p3275
I93
sS'win'
p3276
I96
sS'app'
p3277
I95
sS'siri'
p3278
I96
sS'private'
p3279
I95
sS't-26'
p3280
I96
sS"zeidler's"
p3281
I96
sS'limo'
p3282
I96
sS'33$'
p3283
I96
sS'singing'
p3284
I95
sS'wiz'
p3285
I95
sS'standing'
p3286
I96
sS'use'
p3287
I95
sS'hahahahaha'
p3288
I92
sS'from'
p3289
I37
sS'day\xe2\x98\x80\xef\xb8\x8f\xe2\x98\x81\xef\xb8\x8f'
p3290
I96
sS'inspiration'
p3291
I96
sS'&'
p3292
I62
sS'remains'
p3293
I96
sS'illegal'
p3294
I96
sS'ustedes'
p3295
I96
sS'beyond<'
p3296
I96
sS'normal'
p3297
I96
sS'\xe2\x99\xa5\xef\xb8\x8f'
p3298
I91
sS'next'
p3299
I74
sS'procrastinate'
p3300
I96
sS'few'
p3301
I94
sS'randy'
p3302
I96
sS'sorrrry'
p3303
I96
sS'lock'
p3304
I95
sS'themselves'
p3305
I94
sS'jonathan'
p3306
I96
sS'burst'
p3307
I96
sS'screening'
p3308
I96
sS'sort'
p3309
I96
sS'$20'
p3310
I96
sS'p\xc3\xbcma'
p3311
I96
sS'bridge)'
p3312
I96
sS'babe'
p3313
I92
sS'1/2'
p3314
I96
sS'started'
p3315
I91
sS'tennis'
p3316
I96
sS'occurred'
p3317
I63
sS'missile'
p3318
I87
sS'freezing'
p3319
I96
sS'trail'
p3320
I89
sS'carrying'
p3321
I95
sS'baby'
p3322
I85
sS'rare'
p3323
I96
sS'women'
p3324
I93
sS'annoy'
p3325
I96
sS'account'
p3326
I96
sS'animals'
p3327
I96
sS'mythical'
p3328
I96
sS'salad'
p3329
I96
sS'midterm'
p3330
I95
sS'tunnel'
p3331
I94
sS'ride'
p3332
I96
sS'prager'
p3333
I96
sS'rida'
p3334
I96
sS's\xc3\xa9gal'
p3335
I96
sS'donut'
p3336
I95
sS'anywhere'
p3337
I94
sS'praise'
p3338
I96
sS'island'
p3339
I96
sS'meet'
p3340
I89
sS'illusion/houdini'
p3341
I95
sS'anybody'
p3342
I96
sS'didnt'
p3343
I88
sS'control'
p3344
I92
sS'0.8'
p3345
I96
sS'thirsty'
p3346
I96
sS'do'
p3347
I40
sS'0.1'
p3348
I96
sS'favorite'
p3349
I81
sS'lorde'
p3350
I96
sS'halloween'
p3351
I95
sS'0.7'
p3352
I96
sS'high'
p3353
I94
sS'carrot'
p3354
I96
sS'something'
p3355
I91
sS'founding'
p3356
I96
sS'shrimp'
p3357
I96
sS'colored'
p3358
I96
sS'rape'
p3359
I96
sS'sis'
p3360
I96
sS'comes'
p3361
I88
sS'siq'
p3362
I96
sS'united'
p3363
I84
sS'afi'
p3364
I96
sS'democracy'
p3365
I95
sS'sit'
p3366
I95
sS'vibe'
p3367
I95
sS'hahaaha'
p3368
I96
sS'thrive'
p3369
I96
sS"zeilder's"
p3370
I96
sS'camels'
p3371
I96
sS'brian'
p3372
I96
sS'animal'
p3373
I96
sS'instead'
p3374
I91
sS'bandana'
p3375
I96
sS'comedy'
p3376
I95
sS'nips'
p3377
I96
sS'gurl'
p3378
I96
sS'profile'
p3379
I96
sS'06/01'
p3380
I96
sS'autobiography'
p3381
I96
sS'reunited'
p3382
I96
sS'stop'
p3383
I81
sS'philosophy'
p3384
I94
sS'physio'
p3385
I94
sS'records'
p3386
I96
sS'taco'
p3387
I95
sS'hahahaha'
p3388
I79
sS'tixxx'
p3389
I96
sS'realized'
p3390
I92
sS'ittt'
p3391
I96
sS'22nd'
p3392
I96
sS'hahahahaaha\xe2\x80\x9d'
p3393
I96
sS'light'
p3394
I93
sS'noises'
p3395
I96
sS'lines'
p3396
I96
sS'\xe2\x99\x8c\xef\xb8\x8f'
p3397
I96
sS'bakery'
p3398
I96
sS'funtcase'
p3399
I96
sS'honestly'
p3400
I91
sS'noches'
p3401
I96
sS'tounge'
p3402
I96
sS'addiction'
p3403
I96
sS'volunteers'
p3404
I95
sS'procrastination'
p3405
I96
sS'produces'
p3406
I95
sS'move'
p3407
I93
sS'macklemore'
p3408
I96
sS'bunce'
p3409
I96
sS'maaaan'
p3410
I95
sS"won't"
p3411
I92
sS'looks'
p3412
I90
sS'hii'
p3413
I96
sS'converting'
p3414
I96
sS'compatible'
p3415
I96
sS'bunch'
p3416
I96
sS'perfect'
p3417
I87
sS'1'
p3418
I94
sS'tsk'
p3419
I94
sS'3als7or'
p3420
I96
sS'la'
p3421
I82
sS'sill'
p3422
I96
sS'auditorium'
p3423
I96
sS'surgeons'
p3424
I96
sS'malvadaaaa'
p3425
I96
sS'[pic]'
p3426
I93
sS'madre'
p3427
I96
sS'hobbs'
p3428
I96
sS'degrees'
p3429
I95
sS'spoiling'
p3430
I96
sS'2015'
p3431
I96
sS'2014'
p3432
I96
sS'bye'
p3433
I95
sS'<'
p3434
I95
sS'2013'
p3435
I95
sS'2012'
p3436
I93
sS'dad'
p3437
I87
sS'pure'
p3438
I95
sS'amat'
p3439
I96
sS'flew'
p3440
I95
sS'dock'
p3441
I96
sS'cutting'
p3442
I96
sS'hands'
p3443
I95
sS'front'
p3444
I92
sS'day'
p3445
I37
sS'preschool'
p3446
I96
sS'articles'
p3447
I96
sS'masters'
p3448
I95
sS'ahmanson'
p3449
I96
sS'urge'
p3450
I96
sS'darcy'
p3451
I96
sS'sacrificed'
p3452
I96
sS'sneezed'
p3453
I96
sS'couldve'
p3454
I96
sS'it\xe2\x98\xba\xef\xb8\x8f'
p3455
I96
sS'slipping'
p3456
I96
sS'magnitude'
p3457
I50
sS"seen'em"
p3458
I96
sS'truth'
p3459
I92
sS'crossing'
p3460
I96
sS'todavia'
p3461
I96
sS'nye'
p3462
I96
sS'micalob'
p3463
I96
sS'glasses'
p3464
I95
sS'watery'
p3465
I96
sS'ankles'
p3466
I96
sS'boggling'
p3467
I96
sS'bueno'
p3468
I95
sS'mija'
p3469
I96
sS'\xc3\xbcber'
p3470
I96
sS'doing'
p3471
I90
sS'strip'
p3472
I96
sS'700'
p3473
I96
sS'staying'
p3474
I96
sS'society'
p3475
I95
sS'books'
p3476
I95
sS'firepower'
p3477
I96
sS'imishoo'
p3478
I96
sS'our'
p3479
I69
sS'80'
p3480
I96
sS'transitions'
p3481
I96
sS'tenth'
p3482
I96
sS'await'
p3483
I96
sS'out'
p3484
I49
sS'category'
p3485
I96
sS'rey'
p3486
I96
sS'bahahhaa'
p3487
I96
sS'(at'
p3488
I96
sS'borderline'
p3489
I96
sS'cigarrette'
p3490
I96
sS'asshole'
p3491
I96
sS'beautiful\xe2\x80\xa6'
p3492
I96
sS'w/o'
p3493
I96
sS'as\xc3\xad'
p3494
I96
sS'october...which'
p3495
I96
sS'mate'
p3496
I96
sS'freshman'
p3497
I96
sS'rap'
p3498
I96
sS'hilarious'
p3499
I96
sS'lecture'
p3500
I95
sS'1960-1980'
p3501
I96
sS'cause'
p3502
I93
sS'red'
p3503
I96
sS'ktfo'
p3504
I96
sS'shut'
p3505
I95
sS'quarter'
p3506
I96
sS'jessica'
p3507
I96
sS'frank'
p3508
I94
sS'90210\xe2\x99\xa5\xef\xb8\x8f'
p3509
I96
sS'jeff'
p3510
I96
sS'salami'
p3511
I95
sS'completely'
p3512
I96
sS'que'
p3513
I86
sS'york'
p3514
I96
sS'vieja'
p3515
I96
sS'widdit'
p3516
I96
sS'all-it'
p3517
I96
sS'craving'
p3518
I90
sS'curator'
p3519
I96
sS'scary'
p3520
I95
sS'geographer'
p3521
I96
sS'peeve'
p3522
I96
sS'year\xe2\x80\x9d'
p3523
I96
sS'could'
p3524
I77
sS'times'
p3525
I91
sS'illicit'
p3526
I96
sS'length'
p3527
I95
sS'4th'
p3528
I95
sS'bonktown'
p3529
I96
sS'subtweeting'
p3530
I96
sS'scare'
p3531
I96
sS'pierna'
p3532
I96
sS'insane'
p3533
I96
sS'distracted'
p3534
I96
sS'urgent'
p3535
I96
sS'bouquet'
p3536
I96
sS'touring'
p3537
I96
sS'owned'
p3538
I96
sS'jesus'
p3539
I96
sS'awwwwwwwwwww'
p3540
I96
sS'phil'
p3541
I96
sS'puppet'
p3542
I95
sS'bitch'
p3543
I88
sS'such'
p3544
I86
sS'owner'
p3545
I96
sS'quality'
p3546
I96
sS'sklar'
p3547
I95
sS'dannnggg'
p3548
I96
sS'disaster'
p3549
I96
sS"doesn't"
p3550
I91
sS'sadly'
p3551
I96
sS'pupusa'
p3552
I96
sS'start'
p3553
I78
sS'festival'
p3554
I96
sS'data'
p3555
I96
sS'system'
p3556
I96
sS'their'
p3557
I80
sS'doesnt'
p3558
I92
sS'racist'
p3559
I96
sS'asianand'
p3560
I96
sS'final'
p3561
I86
sS'ironic'
p3562
I96
sS'testing'
p3563
I96
sS'stomach'
p3564
I95
sS'pssst'
p3565
I96
sS'shorts'
p3566
I93
sS'dtla'
p3567
I95
sS'gotcha'
p3568
I96
sS'exactly'
p3569
I93
sS'megan'
p3570
I96
sS'negro'
p3571
I96
sS'depressing'
p3572
I95
sS'myfitnesspal'
p3573
I96
sS't-10'
p3574
I96
sS'back!!\xe2\x80\x9d'
p3575
I96
sS'bieber'
p3576
I96
sS'nosey'
p3577
I96
sS'july'
p3578
I96
sS'sex'
p3579
I96
sS'lovee'
p3580
I96
sS'loved'
p3581
I94
sS'iliana'
p3582
I96
sS'collectively'
p3583
I96
sS'beg'
p3584
I96
sS'bed'
p3585
I85
sS'roberts'
p3586
I96
sS'listeners'
p3587
I96
sS'20min'
p3588
I96
sS'loves'
p3589
I94
sS'\xd9\x83\xd9\x86\xd8\xaa'
p3590
I96
sS'staking'
p3591
I96
sS'visited'
p3592
I95
sS"messin'"
p3593
I96
sS'sub-30'
p3594
I96
sS'1.4'
p3595
I92
sS'1.5'
p3596
I89
sS'1.6'
p3597
I87
sS'1.0'
p3598
I94
sS'1.1'
p3599
I94
sS'1.2'
p3600
I94
sS'1.3'
p3601
I94
sS'wrappers'
p3602
I96
sS'hashtags'
p3603
I96
sS'1.8'
p3604
I93
sS'tonight'
p3605
I63
sS'dormir'
p3606
I96
sS'alfonso'
p3607
I90
sS'have'
p3608
I23
sS'close'
p3609
I87
sS'need'
p3610
I60
sS'aburro'
p3611
I96
sS'apparently'
p3612
I96
sS'*a'
p3613
I96
sS'screw'
p3614
I96
sS'itt'
p3615
I96
sS'afraid'
p3616
I96
sS'sprinkles'
p3617
I94
sS'mil'
p3618
I96
sS'mio'
p3619
I96
sS'studying'
p3620
I88
sS'haciendo'
p3621
I96
sS'able'
p3622
I94
sS'alysimone'
p3623
I96
sS'hangover'
p3624
I96
sS'retweet'
p3625
I94
sS'bagel'
p3626
I96
sS'mix'
p3627
I94
sS'which'
p3628
I94
sS'mis'
p3629
I95
sS'='
p3630
I95
sS'cardigan'
p3631
I96
sS'youuuu'
p3632
I95
sS'accuracy'
p3633
I96
sS'beyond'
p3634
I96
sS'centre'
p3635
I96
sS'aww'
p3636
I95
sS'collaboration'
p3637
I96
sS'who'
p3638
I63
sS'scenes'
p3639
I96
sS'dusick'
p3640
I96
sS'lmaooo'
p3641
I96
sS'anyway.\xe2\x80\x9d'
p3642
I96
sS'montana'
p3643
I96
sS'awk'
p3644
I94
sS'forreal'
p3645
I96
sS'cracking'
p3646
I96
sS'sb'
p3647
I96
sS'highschool'
p3648
I96
sS'class'
p3649
I45
sS'microbio'
p3650
I92
sS'prepon'
p3651
I96
sS'nobody'
p3652
I96
sS'eachother'
p3653
I96
sS'seguro'
p3654
I96
sS'pout'
p3655
I96
sS'uri'
p3656
I96
sS'face'
p3657
I93
sS'sorta'
p3658
I96
sS"you'll"
p3659
I95
sS'hi'
p3660
I95
sS'se'
p3661
I91
sS'pictures'
p3662
I89
sS'skinny'
p3663
I94
sS'positivity'
p3664
I96
sS'fact'
p3665
I91
sS'atmosphere'
p3666
I96
sS'oreos'
p3667
I96
sS'kaskade'
p3668
I95
sS'text'
p3669
I91
sS'agreed'
p3670
I96
sS'morningg'
p3671
I96
sS'anyway'
p3672
I96
sS'brother'
p3673
I96
sS'bring'
p3674
I89
sS'planning'
p3675
I96
sS'manchester'
p3676
I96
sS'schulz'
p3677
I96
sS'fear'
p3678
I95
sS'pleasee'
p3679
I96
sS'debate'
p3680
I96
sS'staff'
p3681
I95
sS'inspiring'
p3682
I96
sS'squeeze'
p3683
I96
sS'based'
p3684
I96
sS'knowledge'
p3685
I96
sS'tire'
p3686
I96
sS'('
p3687
I93
sS'borgore'
p3688
I96
sS'virginities'
p3689
I96
sS'should'
p3690
I73
sS'brighter'
p3691
I96
sS'planted'
p3692
I96
sS'mhmmmm'
p3693
I96
sS'probobaly'
p3694
I95
sS'piano'
p3695
I96
sS'spice'
p3696
I96
sS'hope'
p3697
I85
sS'clinicals'
p3698
I96
sS'fabulous'
p3699
I96
sS'"cloud"'
p3700
I96
sS'watching'
p3701
I87
sS'beat'
p3702
I96
sS'wishing'
p3703
I95
sS'dope'
p3704
I95
sS'flirting'
p3705
I96
sS'lucky'
p3706
I94
sS'120'
p3707
I96
sS'tbh'
p3708
I96
sS'awww'
p3709
I95
sS'ones'
p3710
I94
sS'westridge-canyonback\xe2\x80\xa6'
p3711
I96
sS'words'
p3712
I93
sS'\xd8\xa7\xd8\xad\xd8\xb3\xd8\xa8\xd9\x83'
p3713
I96
sS'5:30-8:30'
p3714
I96
sS'mushroom'
p3715
I96
sS'trucks'
p3716
I96
sS'course'
p3717
I95
sS'undergrad'
p3718
I96
sS'ughh'
p3719
I96
sS'tuned'
p3720
I96
sS'reid'
p3721
I96
sS'sha'
p3722
I96
sS'she'
p3723
I73
sS'glendale'
p3724
I96
sS'fixed'
p3725
I96
sS'"play'
p3726
I96
sS'rules."'
p3727
I96
sS'view'
p3728
I91
sS'exists'
p3729
I96
sS'twinning'
p3730
I96
sS'cuts'
p3731
I96
sS'lazy'
p3732
I96
sS'chillona'
p3733
I96
sS'theres'
p3734
I96
sS'19:36:43'
p3735
I96
sS'isnt'
p3736
I96
sS'oceanlab'
p3737
I96
sS'packed'
p3738
I96
sS'tenk'
p3739
I96
sS'stats'
p3740
I96
sS'(\xd8\xba\xd8\xb1\xd8\xa8\xd9\x8a)'
p3741
I96
sS'closet'
p3742
I95
sS'has'
p3743
I73
sS'nightmare'
p3744
I94
sS'leaving'
p3745
I96
sS'shauna'
p3746
I96
sS'spotify'
p3747
I96
sS'fifties'
p3748
I96
sS'closed'
p3749
I95
sS'shenanigans'
p3750
I96
sS'frustrated'
p3751
I96
sS'email'
p3752
I96
sS'mainly'
p3753
I96
sS'pants'
p3754
I94
sS'mejores'
p3755
I96
sS'ends'
p3756
I96
sS'triple'
p3757
I96
sS'exam'
p3758
I92
sS'opening'
p3759
I93
sS'deal\xe2\x98\xba\xef\xb8\x8f'
p3760
I96
sS'weak'
p3761
I96
sS'rabbit\xe2\x80\xa6'
p3762
I96
sS'-marie'
p3763
I96
sS'courtyard'
p3764
I95
sS'kicking'
p3765
I96
sS'job'
p3766
I86
sS'key'
p3767
I93
sS'award"'
p3768
I96
sS'problemo'
p3769
I96
sS'legit'
p3770
I95
sS"kaskade's"
p3771
I96
sS'marty'
p3772
I95
sS'cultural\xe2\x80\xa6'
p3773
I95
sS'hits'
p3774
I96
sS'instant'
p3775
I96
sS'joke'
p3776
I95
sS'taking'
p3777
I86
sS"he's"
p3778
I90
sS'ramp'
p3779
I96
sS'minds'
p3780
I94
sS'agree'
p3781
I96
sS'kosher'
p3782
I95
sS'holiday\xe2\x80\xa6'
p3783
I96
sS'admit'
p3784
I96
sS'lo'
p3785
I96
sS'choon\xe2\x80\x9d'
p3786
I96
sS'swallow'
p3787
I96
sS'darker'
p3788
I96
sS'invites'
p3789
I96
sS'jersey'
p3790
I96
sS'wear'
p3791
I92
sS'relevant'
p3792
I96
sS'co'
p3793
I96
sS"'and"
p3794
I96
sS'tuesday'
p3795
I92
sS'speaker'
p3796
I96
sS'bikini'
p3797
I96
sS'adings'
p3798
I95
sS'walk'
p3799
I96
sS'guerin'
p3800
I94
sS'preview\xe2\x80\xa6'
p3801
I96
sS'laugh'
p3802
I91
sS'bose'
p3803
I96
sS'table'
p3804
I95
sS'mafia'
p3805
I96
sS'uci'
p3806
I96
sS'tiene'
p3807
I94
sS'quit'
p3808
I96
sS'packages'
p3809
I96
sS'yay'
p3810
I94
sS'second'
p3811
I96
sS'gorrito'
p3812
I96
sS"it's"
p3813
I32
sS'sara'
p3814
I96
sS'home>'
p3815
I96
sS'r\xc3\xb3mpete'
p3816
I96
sS'cent'
p3817
I96
sS'quiz'
p3818
I95
sS'tutor'
p3819
I96
sS'drank'
p3820
I94
sS'teamwork'
p3821
I95
sS'bby'
p3822
I96
sS'"i\'m'
p3823
I96
sS'proposal'
p3824
I96
sS'waste'
p3825
I96
sS'nicoles'
p3826
I96
sS'killed'
p3827
I95
sS'>'
p3828
I87
sS'st.\xe2\x80\xa6'
p3829
I95
sS'wanna'
p3830
I78
sS'...celebrating'
p3831
I95
sS'am'
p3832
I64
sS'quiero'
p3833
I96
sS'policy'
p3834
I96
sS'finished'
p3835
I94
sS'planner'
p3836
I96
sS'-.-'
p3837
I95
sS'\xd8\xad\xd8\xa7\xd9\x84\xd9\x87'
p3838
I96
sS'smoking'
p3839
I96
sS'brunch'
p3840
I96
sS'general'
p3841
I96
sS'present'
p3842
I95
sS'spelling'
p3843
I96
sS'holiday'
p3844
I96
sS'pants.\xe2\x80\x9d'
p3845
I96
sS'skirball)'
p3846
I96
sS'britain'
p3847
I96
sS'90210'
p3848
I96
sS'will'
p3849
I67
sS"o'neil"
p3850
I96
sS'hahaha'
p3851
I74
sS'wild'
p3852
I95
sS'ultra'
p3853
I94
sS'pits'
p3854
I96
sS'~'
p3855
I96
sS'barely'
p3856
I95
sS've'
p3857
I95
sS'almost'
p3858
I90
sS'demo'
p3859
I96
sS'blood'
p3860
I96
sS'site'
p3861
I86
sS'lust'
p3862
I96
sS'vs'
p3863
I94
sS'partner'
p3864
I95
sS'greater'
p3865
I96
sS'tattoo'
p3866
I94
sS'4.97mi'
p3867
I88
sS'sensitive'
p3868
I96
sS')'
p3869
I96
sS'funniest'
p3870
I95
sS'campus'
p3871
I90
sS'romance'
p3872
I95
sS'me...30'
p3873
I96
sS'harmonies'
p3874
I96
sS'neeeed'
p3875
I95
sS'texting'
p3876
I96
sS'shuttle'
p3877
I95
sS'party'
p3878
I91
sS'gets'
p3879
I91
sS'vega$'
p3880
I96
sS'difficult'
p3881
I95
sS'ball'
p3882
I94
sS'pho'
p3883
I90
sS'eggplant'
p3884
I96
sS'morlok'
p3885
I96
sS'selfish'
p3886
I96
sS'drink'
p3887
I95
sS'upon'
p3888
I96
sS'effect'
p3889
I96
sS'tambien'
p3890
I96
sS'beast'
p3891
I96
sS'overcrowded'
p3892
I96
sS'fucken'
p3893
I96
sS'sms'
p3894
I96
sS'student'
p3895
I95
sS'fucked'
p3896
I93
sS'pedal'
p3897
I96
sS'l.a'
p3898
I96
sS'collar'
p3899
I96
sS'shitting'
p3900
I96
sS'destruction'
p3901
I96
sS'3.73mi'
p3902
I96
sS'paycheck'
p3903
I94
sS'off'
p3904
I81
sS'center'
p3905
I31
sS'prescription'
p3906
I96
sS'mention'
p3907
I96
sS'i'
p3908
I1
sS'afar'
p3909
I96
sS'contest'
p3910
I96
sS'well'
p3911
I78
sS"men's"
p3912
I96
sS'tuesdays'
p3913
I96
sS'thought'
p3914
I87
sS'scissor'
p3915
I96
sS'knotts'
p3916
I96
sS'vincent'
p3917
I96
sS'english'
p3918
I91
sS'comparisons'
p3919
I96
sS'ily'
p3920
I95
sS'bad<<<'
p3921
I96
sS'mishooo'
p3922
I96
sS'o-leaders'
p3923
I95
sS'newest'
p3924
I96
sS'less'
p3925
I95
sS'architect\xe2\x80\xa6'
p3926
I96
sS'blaze?\xe2\x98\xba'
p3927
I96
sS'owwwwww'
p3928
I96
sS'$375'
p3929
I96
sS'member'
p3930
I96
sS'anyways??\xe2\x80\xa6'
p3931
I96
sS'voltage'
p3932
I96
sS'rocked'
p3933
I96
sS'1:00'
p3934
I96
sS'laurel'
p3935
I96
sS'lately'
p3936
I96
sS'lex'
p3937
I96
sS'happiness'
p3938
I95
sS'toilets'
p3939
I96
sS'raves'
p3940
I96
sS'raver'
p3941
I95
sS'fellow'
p3942
I96
sS'quiere'
p3943
I96
sS'point'
p3944
I94
sS'realize'
p3945
I94
sS'drew'
p3946
I96
sS'15th'
p3947
I96
sS'other'
p3948
I91
sS'raved'
p3949
I96
sS'citizen'
p3950
I96
sS'(october'
p3951
I96
sS'tax'
p3952
I96
sS'before/during/after'
p3953
I96
sS'balloons'
p3954
I96
sS'homework'
p3955
I93
sS'raven'
p3956
I96
sS'eyelid...like'
p3957
I96
sS'waitlisted'
p3958
I96
sS'pero'
p3959
I96
sS'worlds'
p3960
I96
sS'hotbox'
p3961
I96
sS"who's"
p3962
I95
sS'fats'
p3963
I96
sS'5am'
p3964
I96
sS'know'
p3965
I49
sS'desk'
p3966
I96
sS'press'
p3967
I94
sS'are\xe2\x80\xa6'
p3968
I96
sS'fools'
p3969
I96
sS'trash'
p3970
I96
sS'emma'
p3971
I96
sS'like'
p3972
I24
sS'lost'
p3973
I90
sS'criss'
p3974
I96
sS'miami'
p3975
I96
sS'hdl-c'
p3976
I96
sS'journalism'
p3977
I95
sS'admitted'
p3978
I96
sS"return-it's"
p3979
I96
sS'\xe2\x99\xa5\xef\xb8\x8f\xe2\x99\xa5\xef\xb8\x8f\xe2\x99\xa5\xef\xb8\x8f'
p3980
I96
sS'flickering'
p3981
I96
sS'clutch'
p3982
I96
sS'become'
p3983
I96
sS'works'
p3984
I94
sS'page'
p3985
I96
sS'italian'
p3986
I95
sS'lumpia'
p3987
I96
sS'because'
p3988
I56
sS'habitat'
p3989
I96
sS'twitter'
p3990
I90
sS'library'
p3991
I96
sS'tabata'
p3992
I96
sS'hair'
p3993
I91
sS'demeanor'
p3994
I96
sS'shet'
p3995
I96
sS'blazing'
p3996
I96
sS'flush'
p3997
I96
sS'"al'
p3998
I96
sS'home'
p3999
I76
sS"school's"
p4000
I96
sS'://'
p4001
I96
sS'si...hahaha'
p4002
I96
sS'recognition'
p4003
I96
sS'happens'
p4004
I96
sS'fasttttt'
p4005
I96
sS'help."'
p4006
I96
sS'diaries'
p4007
I96
sS'lead'
p4008
I96
sS'literally'
p4009
I79
sS'tmz'
p4010
I95
sS'miner'
p4011
I96
sS'paying'
p4012
I96
sS'sucky'
p4013
I96
sS'appreciative'
p4014
I96
sS'ese'
p4015
I96
sS'does'
p4016
I89
sS'passion'
p4017
I95
sS'chainz'
p4018
I96
sS'eso'
p4019
I96
sS'm\xc3\xa1s'
p4020
I96
sS'snuggle'
p4021
I96
sS'leader'
p4022
I96
sS'trap'
p4023
I96
sS'deciding'
p4024
I96
sS'slower'
p4025
I96
sS'murderer'
p4026
I96
sS'schedule'
p4027
I95
sS'rock'
p4028
I96
sS'beach'
p4029
I96
sS'drained'
p4030
I96
sS'naps'
p4031
I96
sS'r'
p4032
I92
sS'ashton'
p4033
I96
sS'mellie'
p4034
I96
sS'stage'
p4035
I94
sS'gained'
p4036
I96
sS'inconsiderate'
p4037
I96
sS'sister'
p4038
I92
sS':-)'
p4039
I94
sS'lifestyle'
p4040
I96
sS'pregame'
p4041
I96
sS'getting'
p4042
I77
sS'freedom'
p4043
I96
sS'cleans'
p4044
I96
sS'rubba'
p4045
I96
sS'madame'
p4046
I96
sS'angeles'
p4047
I67
sS'jhene'
p4048
I96
sS'perks'
p4049
I96
sS'swear'
p4050
I91
sS'cranberry'
p4051
I95
sS'introduced'
p4052
I96
sS'software'
p4053
I96
sS'h8'
p4054
I96
sS'own'
p4055
I84
sS'wilderness'
p4056
I94
sS'alexis-'
p4057
I96
sS'washington'
p4058
I96
sS'socks'
p4059
I96
sS'haha\xe2\x80\x9d'
p4060
I96
sS'of\xe2\x80\xa6'
p4061
I95
sS'anniversary'
p4062
I96
sS'weather'
p4063
I93
sS'vanity'
p4064
I96
sS'female'
p4065
I96
sS'registration'
p4066
I96
sS'couldnt'
p4067
I96
sS'pointless'
p4068
I96
sS'downnn'
p4069
I96
sS'(the'
p4070
I96
sS'toooooo'
p4071
I96
sS'that\xe2\x98\xba\xef\xb8\x8f'
p4072
I96
sS'hehe'
p4073
I96
sS'indira'
p4074
I96
sS'museum'
p4075
I95
sS'beer'
p4076
I96
sS'thursday\xe2\x98\x80\xef\xb8\x8f'
p4077
I96
sS'kidding'
p4078
I94
sS'figuratively'
p4079
I96
sS'60k'
p4080
I96
sS'biggest'
p4081
I92
sS'initiation'
p4082
I95
sS'groff'
p4083
I96
sS'naturally'
p4084
I95
sS'function'
p4085
I96
sS'buy'
p4086
I94
sS'interest'
p4087
I96
sS"i've"
p4088
I69
sS'brand'
p4089
I96
sS'bitches'
p4090
I92
sS'mimis'
p4091
I96
sS'but'
p4092
I33
sS'caitlin'
p4093
I96
sS'construction'
p4094
I94
sS'\xe2\x98\x80'
p4095
I96
sS'ha'
p4096
I96
sS'eat'
p4097
I86
sS'he'
p4098
I75
sS'count'
p4099
I95
sS'made'
p4100
I79
sS'places'
p4101
I96
sS'wish'
p4102
I74
sS'official'
p4103
I94
sS'smooth'
p4104
I96
sS'signed'
p4105
I95
sS'fight'
p4106
I96
sS'excitement'
p4107
I95
sS'record'
p4108
I95
sS'below'
p4109
I96
sS'convince'
p4110
I95
sS'stories'
p4111
I96
sS'honoring\xe2\x80\xa6'
p4112
I96
sS'hand'
p4113
I96
sS'lynx'
p4114
I96
sS'primos'
p4115
I95
sS'problem'
p4116
I93
sS'piece'
p4117
I96
sS'minutes'
p4118
I85
sS'baon'
p4119
I96
sS'jenny'
p4120
I95
sS'pin'
p4121
I96
sS'pic'
p4122
I95
sS'gtfo'
p4123
I96
sS'meetin'
p4124
I96
sS'twist'
p4125
I96
sS'citizen."'
p4126
I96
sS'beats'
p4127
I95
sS'inmenso'
p4128
I96
sS'goodness'
p4129
I95
sS'et'
p4130
I96
sS"sons's"
p4131
I96
sS'ew'
p4132
I94
sS'hungered'
p4133
I96
sS'compared'
p4134
I95
sS'loud'
p4135
I95
sS'incredible'
p4136
I94
sS'sepulveda'
p4137
I96
sS'salads'
p4138
I96
sS'45'
p4139
I94
sS'bavent'
p4140
I96
sS'virtual'
p4141
I96
sS'adequately'
p4142
I96
sS'book'
p4143
I92
sS'details'
p4144
I63
sS'sick'
p4145
I85
sS'booo'
p4146
I94
sS'cashed'
p4147
I96
sS'mass'
p4148
I95
sS'hpa'
p4149
I96
sS'n\xc2\xb03'
p4150
I96
sS'motivator'
p4151
I96
sS'album'
p4152
I96
sS'repeat'
p4153
I96
sS'monday'
p4154
I92
sS'raping'
p4155
I96
sS'bundle'
p4156
I96
sS'stay'
p4157
I91
sS'chance'
p4158
I93
sS'\xe2\x80\xa2'
p4159
I96
sS'stab'
p4160
I96
sS'kinda'
p4161
I95
sS'"cloud'
p4162
I96
sS'ideals'
p4163
I96
sS'friends'
p4164
I82
sS'goin'
p4165
I94
sS'coat'
p4166
I96
sS'|rt'
p4167
I94
sS'ranks'
p4168
I96
sS'oral'
p4169
I96
sS'\xe2\x80\x9c'
p4170
I96
sS'hikes'
p4171
I96
sS'portion'
p4172
I96
sS'lift'
p4173
I96
sS"subramaniam's"
p4174
I96
sS'image'
p4175
I96
sS"joan's"
p4176
I96
sS'understand'
p4177
I83
sS'"the'
p4178
I96
sS'dillion'
p4179
I96
sS'8th'
p4180
I96
s.