(dp0
S''
p1
I1
sS'yellow'
p2
I54
sS'sleep'
p3
I55
sS'mdbp'
p4
I55
sS'hanging'
p5
I54
sS'hate'
p6
I52
sS'poorly'
p7
I55
sS'whose'
p8
I55
sS'swag'
p9
I55
sS'snowing'
p10
I55
sS'tweet'
p11
I53
sS'plurmergency'
p12
I55
sS'wohooo'
p13
I55
sS'teaching'
p14
I55
sS'sorry'
p15
I52
sS'regrets'
p16
I55
sS'updated'
p17
I55
sS'lack'
p18
I55
sS'deli'
p19
I55
sS"driver's"
p20
I55
sS'lololol'
p21
I55
sS'every'
p22
I54
sS'updates'
p23
I52
sS'trailer'
p24
I55
sS'tickets'
p25
I54
sS'school'
p26
I53
sS'pinch'
p27
I55
sS'upload'
p28
I54
sS'solid'
p29
I55
sS'vector'
p30
I55
sS'schmoke'
p31
I55
sS'oooh'
p32
I54
sS'heading'
p33
I55
sS'clothes'
p34
I54
sS'enjoy'
p35
I53
sS'ornamental'
p36
I55
sS'quilt'
p37
I55
sS'tired'
p38
I55
sS'chef'
p39
I54
sS'street'
p40
I54
sS'"flavor'
p41
I55
sS'panda'
p42
I55
sS'fattening'
p43
I55
sS'even'
p44
I52
sS'today!miss'
p45
I55
sS"tonight's"
p46
I55
sS'+'
p47
I54
sS'fingers'
p48
I55
sS'poison'
p49
I54
sS'lights'
p50
I55
sS'new'
p51
I41
sS'ever'
p52
I51
sS'disney'
p53
I55
sS'told'
p54
I55
sS'1130'
p55
I55
sS'never'
p56
I47
sS'titanfall'
p57
I55
sS'here'
p58
I40
sS'\xe2\x9d\xa4\xef\xb8\x8f'
p59
I50
sS'pursuit'
p60
I55
sS'mer'
p61
I55
sS'100'
p62
I53
sS"aren't"
p63
I55
sS'kids'
p64
I55
sS'daughter'
p65
I55
sS'few...days'
p66
I55
sS'study'
p67
I55
sS'settles'
p68
I55
sS'2048'
p69
I55
sS'credit'
p70
I55
sS"i'd"
p71
I54
sS'smoke'
p72
I54
sS'insensitively'
p73
I55
sS'aka'
p74
I54
sS"someone's"
p75
I55
sS'golden'
p76
I55
sS'fantastic'
p77
I55
sS'county'
p78
I55
sS'aioli.\xe2\x80\xa6'
p79
I55
sS'scarier'
p80
I54
sS'plot'
p81
I55
sS'spoke'
p82
I55
sS'would'
p83
I51
sS'hospital'
p84
I55
sS'overhead'
p85
I55
sS'passport'
p86
I55
sS'strike'
p87
I55
sS'type'
p88
I55
sS'tell'
p89
I54
sS'holy'
p90
I55
sS'relax'
p91
I55
sS'successful'
p92
I55
sS'culver'
p93
I55
sS'subtweet'
p94
I55
sS'phone'
p95
I53
sS'warm'
p96
I54
sS'adult'
p97
I55
sS'lord'
p98
I55
sS'90'
p99
I55
sS'92'
p100
I55
sS'pulitzer'
p101
I55
sS'me'
p102
I21
sS'join'
p103
I54
sS'room'
p104
I53
sS'-barbie'
p105
I55
sS'work'
p106
I48
sS'ilysm'
p107
I55
sS'movies'
p108
I54
sS'my'
p109
I8
sS'melons'
p110
I55
sS'is."'
p111
I55
sS'give'
p112
I53
sS'diminished'
p113
I55
sS'india'
p114
I55
sS'paparazzi'
p115
I55
sS'foods'
p116
I55
sS'veggies'
p117
I55
sS'want'
p118
I42
sS'times'
p119
I55
sS'preferably'
p120
I55
sS'end'
p121
I55
sS'recovery'
p122
I55
sS'turn'
p123
I55
sS'travel'
p124
I55
sS'nuts'
p125
I55
sS'feature'
p126
I55
sS'how'
p127
I46
sS'amazing'
p128
I49
sS'aching'
p129
I55
sS'granville'
p130
I54
sS'answer'
p131
I55
sS'yum'
p132
I54
sS'beach'
p133
I53
sS'pizza'
p134
I55
sS'come?"'
p135
I55
sS'after'
p136
I51
sS'wrong'
p137
I52
sS'lax'
p138
I55
sS'honey?\xe2\x80\x9d'
p139
I55
sS'wins'
p140
I55
sS'greek'
p141
I53
sS'lolwell'
p142
I55
sS'tweethearts'
p143
I55
sS'suresss'
p144
I55
sS'swim/dive'
p145
I55
sS'wine'
p146
I55
sS'fifa'
p147
I55
sS'office'
p148
I54
sS'deck'
p149
I55
sS'muffin'
p150
I55
sS'over'
p151
I49
sS'fall'
p152
I55
sS'mayor'
p153
I54
sS'before'
p154
I51
sS'ima'
p155
I55
sS'40%'
p156
I55
sS'chihuahua'
p157
I55
sS'somewhere'
p158
I55
sS'hehehee'
p159
I55
sS'crew'
p160
I55
sS'better'
p161
I50
sS"lenny's"
p162
I54
sS'weeks'
p163
I54
sS'easier'
p164
I54
sS'then'
p165
I50
sS'them'
p166
I53
sS'duvet'
p167
I55
sS'workout'
p168
I55
sS'safe'
p169
I54
sS"we'll"
p170
I54
sS'thea'
p171
I55
sS'break'
p172
I55
sS'"asian'
p173
I55
sS'\xe2\x98\xba\xef\xb8\x8f'
p174
I54
sS'schools'
p175
I54
sS'silver'
p176
I55
sS'bread'
p177
I55
sS'alex'
p178
I55
sS'potatoes'
p179
I55
sS'lucy'
p180
I55
sS'rocks'
p181
I55
sS'victory'
p182
I55
sS'went'
p183
I54
sS'meal'
p184
I54
sS'mean'
p185
I53
sS'hanger'
p186
I55
sS'adobe'
p187
I50
sS'eduvina'
p188
I55
sS'diana'
p189
I55
sS'series'
p190
I54
sS'wednesday'
p191
I55
sS'carry'
p192
I55
sS'milan'
p193
I55
sS'br/1.0'
p194
I55
sS'forgot'
p195
I55
sS'visual.\xe2\x80\xa6'
p196
I55
sS'dawn'
p197
I55
sS'saturday'
p198
I55
sS'driving'
p199
I52
sS'oprah'
p200
I55
sS'god'
p201
I55
sS'sms'
p202
I55
sS'trainers'
p203
I55
sS'george'
p204
I55
sS'encourage'
p205
I55
sS'sane'
p206
I55
sS'braces'
p207
I54
sS'smh'
p208
I55
sS'got'
p209
I41
sS'rn'
p210
I54
sS'waaaaat'
p211
I55
sS"you're"
p212
I44
sS'fave'
p213
I55
sS'free'
p214
I51
sS'wanted'
p215
I55
sS'certified'
p216
I50
sS'ate'
p217
I54
sS'created'
p218
I53
sS'loup'
p219
I55
sS'starts'
p220
I55
sS'atl'
p221
I55
sS'\xd9\x88\xd9\x81\xd8\xa7\xd9\x84\xd9\x83'
p222
I55
sS'days'
p223
I44
sS'ups'
p224
I55
sS'filter'
p225
I54
sS'shipped'
p226
I55
sS'signature'
p227
I55
sS'"salty'
p228
I55
sS'already'
p229
I52
sS'features'
p230
I54
sS'grade'
p231
I55
sS'too)'
p232
I55
sS'"junk"'
p233
I55
sS'another'
p234
I52
sS'tem'
p235
I55
sS'basketball'
p236
I55
sS'guinness'
p237
I55
sS'sarcasm'
p238
I55
sS'top'
p239
I55
sS'girls'
p240
I51
sS'blackberry'
p241
I55
sS'needed'
p242
I54
sS'"massive'
p243
I55
sS'too'
p244
I38
sS'hollywood'
p245
I55
sS'kid'
p246
I53
sS'dogs'
p247
I54
sS'listen'
p248
I54
sS'murder'
p249
I54
sS'tool'
p250
I55
sS'took'
p251
I55
sS'predictable'
p252
I55
sS'netsky'
p253
I49
sS'wardrobe'
p254
I55
sS'nail'
p255
I55
sS'anxiety'
p256
I55
sS'pluots'
p257
I52
sS'coward'
p258
I55
sS'tree'
p259
I54
sS'classes'
p260
I54
sS'friend'
p261
I54
sS'feeling'
p262
I51
sS'powers'
p263
I55
sS"-ja'mie"
p264
I55
sS'mini'
p265
I54
sS'10min'
p266
I55
sS'ran'
p267
I54
sS'mine'
p268
I55
sS'talking'
p269
I53
sS'seen'
p270
I53
sS'seem'
p271
I55
sS'mint'
p272
I55
sS'sauce'
p273
I55
sS'tho'
p274
I50
sS'kaye'
p275
I55
sS'lattes'
p276
I55
sS'-'
p277
I52
sS'luxury'
p278
I55
sS'rides'
p279
I55
sS'palasades'
p280
I53
sS'blue'
p281
I54
sS"girl's"
p282
I54
sS'though'
p283
I55
sS'mother'
p284
I52
sS'anatomy'
p285
I55
sS'passover'
p286
I54
sS'plenty'
p287
I55
sS'shabazz'
p288
I55
sS'watercress'
p289
I55
sS'episode'
p290
I55
sS'rogers'
p291
I55
sS'medical'
p292
I55
sS'camp'
p293
I53
sS'dog'
p294
I53
sS'spend'
p295
I55
sS'freeway'
p296
I55
sS'\xe2\x98\xba\xef\xb8\x8f\xe2\x9a\xbe\xef\xb8\x8f'
p297
I55
sS'definitely'
p298
I54
sS'tech'
p299
I55
sS'came'
p300
I54
sS'saying'
p301
I55
sS'inspire'
p302
I55
sS'hunger'
p303
I55
sS'tequila'
p304
I55
sS'random'
p305
I55
sS'ending'
p306
I55
sS'colors'
p307
I53
sS'enjoyed'
p308
I54
sS'layout'
p309
I55
sS'cousins'
p310
I54
sS'bust'
p311
I55
sS'appreciated'
p312
I55
sS'theme'
p313
I55
sS'pickens'
p314
I55
sS'rice'
p315
I55
sS'personality'
p316
I55
sS'wearing'
p317
I54
sS'monica'
p318
I55
sS'klein'
p319
I55
sS'(pacific'
p320
I53
sS'de'
p321
I54
sS'watch'
p322
I52
sS'faggot'
p323
I55
sS'coast'
p324
I54
sS'haunted'
p325
I55
sS'(coastview)'
p326
I55
sS'officially'
p327
I54
sS'bay'
p328
I54
sS'bag'
p329
I55
sS'bae'
p330
I55
sS'steak'
p331
I51
sS'automatic'
p332
I55
sS'fair'
p333
I55
sS'w/'
p334
I52
sS'liquor'
p335
I55
sS'lemonade'
p336
I55
sS'resist'
p337
I55
sS'goodnight'
p338
I55
sS'decided'
p339
I54
sS'nocturnal'
p340
I53
sS'hammer'
p341
I55
sS'best'
p342
I47
sS'said'
p343
I52
sS'lots'
p344
I54
sS'away'
p345
I54
sS'rings'
p346
I55
sS"there's"
p347
I54
sS'hopefully'
p348
I55
sS'yogurt'
p349
I53
sS'tolerance'
p350
I55
sS'discovery'
p351
I55
sS'we'
p352
I39
sS'men'
p353
I53
sS'omg'
p354
I51
sS"s'more"
p355
I55
sS'fruits'
p356
I55
sS'wear'
p357
I54
sS'news'
p358
I51
sS'roller'
p359
I55
sS'kitchen'
p360
I54
sS'it!your'
p361
I55
sS'cow'
p362
I55
sS'country'
p363
I55
sS'ill'
p364
I55
sS'pollinated'
p365
I55
sS'against'
p366
I55
sS'participating'
p367
I55
sS'games'
p368
I55
sS'cod'
p369
I55
sS'cherry'
p370
I53
sS'asked'
p371
I54
sS'ily'
p372
I55
sS'tons'
p373
I55
sS'smith'
p374
I54
sS'puts'
p375
I55
sS'binge'
p376
I54
sS'been'
p377
I46
sS'beer'
p378
I53
sS'much'
p379
I36
sS'tina'
p380
I55
sS'\xe2\x9d\xa4\xef\xb8\x8f\xe2\x9c\x88\xef\xb8\x8f\xe2\x9c\x82\xef\xb8\x8f'
p381
I55
sS'flexible'
p382
I55
sS'correction'
p383
I55
sS'threw'
p384
I54
sS'obese'
p385
I55
sS'life'
p386
I47
sS'mushroom'
p387
I54
sS'spin'
p388
I55
sS'chill'
p389
I54
sS'remy'
p390
I55
sS'east'
p391
I54
sS'woah'
p392
I55
sS'launches'
p393
I55
sS'n'
p394
I53
sS'evening'
p395
I55
sS'dashboard'
p396
I55
sS'uninstall'
p397
I55
sS'k'
p398
I55
sS'"a'
p399
I55
sS'mexico'
p400
I55
sS'is'
p401
I13
sS'sushi'
p402
I54
sS'it'
p403
I16
sS'in'
p404
I10
sS'seattle'
p405
I55
sS'id'
p406
I55
sS'if'
p407
I38
sS'memorial'
p408
I55
sS'things'
p409
I52
sS'make'
p410
I46
sS'castaic'
p411
I55
sS'marathon'
p412
I55
sS'babies'
p413
I54
sS'babese'
p414
I55
sS'several'
p415
I55
sS'showing'
p416
I51
sS'yung'
p417
I55
sS'froyo'
p418
I55
sS'sacramento'
p419
I55
sS'90%'
p420
I55
sS'hang'
p421
I54
sS'coachella'
p422
I55
sS'kim'
p423
I55
sS'jealous'
p424
I55
sS'opportunity'
p425
I55
sS"he'll"
p426
I55
sS'tune'
p427
I55
sS'cycle'
p428
I55
sS'butter'
p429
I54
sS'skybar'
p430
I55
sS'vebice'
p431
I55
sS'palisades)'
p432
I53
sS'the'
p433
I2
sS'>>>>>>\xe2\x80\xa2'
p434
I55
sS'left'
p435
I55
sS'wahh'
p436
I55
sS'yeh'
p437
I55
sS'kale'
p438
I55
sS'just'
p439
I26
sS'sentence'
p440
I55
sS'photo'
p441
I54
sS'laptop'
p442
I55
sS'greys'
p443
I55
sS'\xe2\x9c\x88\xef\xb8\x8f\xe2\x98\xba\xef\xb8\x8f'
p444
I55
sS'fighters'
p445
I55
sS'thanks'
p446
I45
sS'yes'
p447
I42
sS'yet'
p448
I53
sS'eddiemame'
p449
I55
sS'jose'
p450
I54
sS'furry'
p451
I55
sS'ease'
p452
I55
sS'had'
p453
I48
sS'(los'
p454
I55
sS'spread'
p455
I55
sS'affinity'
p456
I55
sS'kels'
p457
I55
sS'whatsapp'
p458
I55
sS'hahahhah'
p459
I55
sS'gave'
p460
I55
sS'babes'
p461
I55
sS'aiono'
p462
I55
sS'apart'
p463
I55
sS'bro'
p464
I55
sS'cooler'
p465
I55
sS'performing'
p466
I55
sS'favoriting'
p467
I55
sS'night'
p468
I46
sS'"bae"'
p469
I55
sS'right'
p470
I46
sS'old'
p471
I50
sS'people'
p472
I47
sS'somehow'
p473
I55
sS'born'
p474
I55
sS'escape'
p475
I54
sS'dear'
p476
I54
sS'harassment'
p477
I55
sS'xbox'
p478
I55
sS'confusing'
p479
I55
sS'for'
p480
I14
sS'carts'
p481
I55
sS'ear'
p482
I55
sS'fox'
p483
I55
sS'ice'
p484
I50
sS'creative'
p485
I53
sS'everything'
p486
I52
sS'continue'
p487
I55
sS'umm'
p488
I55
sS'attack"'
p489
I55
sS'adorable'
p490
I54
sS'christmas'
p491
I54
sS'columbus'
p492
I55
sS'bold'
p493
I55
sS'\xd8\xa8\xd8\xb1\xd8\xa7\xd9\x89'
p494
I55
sS'b\xc3\xa6'
p495
I54
sS'disappeared'
p496
I55
sS'keeper'
p497
I55
sS'post'
p498
I53
sS'super'
p499
I53
sS'plug'
p500
I55
sS"something's"
p501
I55
sS'filipino'
p502
I55
sS'plum'
p503
I53
sS'months'
p504
I55
sS'o'
p505
I53
sS'tell\xe2\x80\xa6'
p506
I55
sS'dinner'
p507
I53
sS'plus'
p508
I54
sS'afternoon'
p509
I55
sS'efforts'
p510
I55
sS'mustvomit'
p511
I55
sS'managers'
p512
I55
sS'civil'
p513
I55
sS'selfie'
p514
I55
sS'bound'
p515
I54
sS'soo'
p516
I55
sS'bath'
p517
I55
sS'stop'
p518
I47
sS'thankful'
p519
I55
sS'juicing'
p520
I55
sS'sox'
p521
I55
sS'often'
p522
I55
sS'wah'
p523
I54
sS'support'
p524
I53
sS'flying'
p525
I55
sS'class'
p526
I53
sS'gig'
p527
I54
sS'stuck'
p528
I55
sS'way'
p529
I46
sS'spring'
p530
I55
sS'was'
p531
I32
sS'war'
p532
I54
sS'happy'
p533
I38
sS'fork'
p534
I55
sS'monograms'
p535
I55
sS'so"'
p536
I55
sS'becoming'
p537
I55
sS'6'
p538
I55
sS'madi-pedi'
p539
I55
sS'notifications'
p540
I55
sS'\xd8\xa7\xd9\x84\xd8\xad\xd9\x85\xd8\xaf\xd9\x84\xd9\x84\xd9\x87'
p541
I55
sS'hmmmmmmm'
p542
I55
sS'true'
p543
I54
sS'congratulations'
p544
I55
sS'pavilion'
p545
I55
sS'devices'
p546
I55
sS'until'
p547
I55
sS'swarthmore'
p548
I55
sS'hahahahahahhahaha'
p549
I55
sS'treat-tactic'
p550
I55
sS'hotter'
p551
I55
sS'classic'
p552
I55
sS'petit'
p553
I55
sS'exist'
p554
I55
sS'exclaimed'
p555
I55
sS'mold'
p556
I55
sS'check'
p557
I48
sS'clartin'
p558
I55
sS'no'
p559
I38
sS'when'
p560
I33
sS'"hi"'
p561
I53
sS'flood'
p562
I55
sS'pluot'
p563
I55
sS'"when'
p564
I55
sS'sunset'
p565
I52
sS'smell'
p566
I55
sS'*jumps'
p567
I55
sS'intend'
p568
I55
sS'brothers'
p569
I55
sS'put'
p570
I55
sS'welcome'
p571
I55
sS'update'
p572
I55
sS"let's"
p573
I54
sS'invested'
p574
I55
sS'weekend'
p575
I49
sS'nixi'
p576
I55
sS'bullet'
p577
I55
sS'glass'
p578
I52
sS'flag'
p579
I55
sS'together'
p580
I50
sS'time'
p581
I41
sS'serious'
p582
I55
sS'"racially'
p583
I55
sS'>>>>>????>>>\xe2\x80\xa2our'
p584
I55
sS'decision'
p585
I55
sS'songs'
p586
I55
sS'room."'
p587
I55
sS':('
p588
I51
sS'vampires'
p589
I55
sS'arnett'
p590
I55
sS'row'
p591
I55
sS'layers'
p592
I55
sS'venice'
p593
I55
sS'(swarthmore'
p594
I54
sS'yummy'
p595
I54
sS'flash'
p596
I55
sS'finally'
p597
I50
sS'must'
p598
I51
sS'^.^'
p599
I54
sS'hannah'
p600
I55
sS'none'
p601
I55
sS'vegan'
p602
I55
sS'choice'
p603
I54
sS'cnn'
p604
I55
sS'artwork'
p605
I54
sS'word'
p606
I54
sS'cool'
p607
I53
sS'judaism'
p608
I55
sS'market)'
p609
I55
sS'did'
p610
I45
sS'cleaners'
p611
I54
sS'hawaii'
p612
I55
sS'standards'
p613
I55
sS'leave'
p614
I54
sS'soooo'
p615
I55
sS'subway'
p616
I55
sS'team'
p617
I52
sS'sidewalk'
p618
I55
sS'"i\'ll'
p619
I55
sS'accomplishment'
p620
I55
sS'be'
p621
I29
sS'sign'
p622
I55
sS'colin'
p623
I55
sS'eating'
p624
I55
sS'pedi'
p625
I55
sS'cargo'
p626
I55
sS'stressful'
p627
I55
sS'appear'
p628
I55
sS'barbie'
p629
I54
sS'bc'
p630
I53
sS'marry'
p631
I55
sS'silk\xe2\x80\x9d'
p632
I55
sS'current'
p633
I55
sS'goes'
p634
I55
sS'international'
p635
I55
sS'falling'
p636
I54
sS'filled'
p637
I55
sS'french'
p638
I52
sS'hoops'
p639
I55
sS'earthquake'
p640
I55
sS'wait'
p641
I52
sS'box'
p642
I54
sS'sending'
p643
I55
sS'jay'
p644
I55
sS'boh'
p645
I55
sS'usually'
p646
I55
sS'weird'
p647
I52
sS'massage'
p648
I53
sS'love'
p649
I22
sS'extra'
p650
I55
sS'fire\xe2\x80\xa6'
p651
I55
sS'market'
p652
I13
sS'(with'
p653
I55
sS'everybody'
p654
I53
sS'working'
p655
I52
sS'pref'
p656
I55
sS'visit'
p657
I51
sS'tripping'
p658
I55
sS'live'
p659
I53
sS'going'
p660
I40
sS'niblet'
p661
I55
sS'iphone'
p662
I55
sS'wondering'
p663
I54
sS'checkout'
p664
I55
sS'bigg'
p665
I55
sS'today'
p666
I39
sS'loving'
p667
I55
sS'club'
p668
I55
sS'cashier'
p669
I55
sS'chocolate'
p670
I50
sS'downtown'
p671
I55
sS'chocolaty'
p672
I55
sS'ignorant'
p673
I55
sS'\xe2\x9d\xa4\xef\xb8\x8f\xe2\x9d\xa4\xef\xb8\x8f'
p674
I54
sS'car'
p675
I50
sS'soup'
p676
I55
sS'labeled'
p677
I55
sS'can'
p678
I35
sS'making'
p679
I54
sS'sunset\xe2\x80\xa6'
p680
I55
sS'heart'
p681
I53
sS'crazy'
p682
I54
sS'awesome'
p683
I53
sS'nemo'
p684
I55
sS"didn't"
p685
I52
sS'fuck'
p686
I47
sS"guia's"
p687
I55
sS'matzo'
p688
I55
sS'spa'
p689
I55
sS'\xe2\x9c\x8c\xef\xb8\x8fout'
p690
I55
sS'productive'
p691
I55
sS'\xd9\x88\xd8\xaa\xd8\xb3\xd8\xaa\xd8\xa7\xd9\x87\xd9\x84\xd9\x8a'
p692
I55
sS'discussion'
p693
I55
sS'pacific\xe2\x80\xa6'
p694
I53
sS'1'
p695
I54
sS'till'
p696
I55
sS'sunday'
p697
I51
sS'fourth'
p698
I55
sS'tile'
p699
I55
sS'\xe2\x9d\xa4\xef\xb8\x8f\xe2\x9d\xa4\xef\xb8\x8f\xe2\x9d\xa4\xef\xb8\x8f'
p700
I54
sS'fanfrickintastic'
p701
I55
sS'designer'
p702
I55
sS'may'
p703
I51
sS'max'
p704
I55
sS'blasting'
p705
I55
sS'palisades\xe2\x80\xa6'
p706
I54
sS'diva'
p707
I55
sS'lucky'
p708
I55
sS"14'"
p709
I55
sS'mac'
p710
I55
sS'birthday'
p711
I49
sS'date'
p712
I54
sS'such'
p713
I51
sS'suck'
p714
I54
sS'guys'
p715
I50
sS'man'
p716
I55
sS'remember'
p717
I55
sS'whenever'
p718
I55
sS'maybe'
p719
I54
sS'goal'
p720
I55
sS'awww'
p721
I55
sS'createnow'
p722
I55
sS'mango'
p723
I54
sS'so'
p724
I15
sS'voice\xe2\x80\xa6'
p725
I55
sS'lafd'
p726
I55
sS'talk'
p727
I52
sS'cute'
p728
I53
sS'rye'
p729
I55
sS'shoes'
p730
I55
sS'seeing'
p731
I54
sS'wishing'
p732
I55
sS'years'
p733
I53
sS'episodes'
p734
I53
sS'cunts"'
p735
I55
sS'wolf'
p736
I55
sS'cold'
p737
I55
sS'still'
p738
I50
sS'disconnect'
p739
I55
sS'thank'
p740
I40
sS"he's"
p741
I53
sS'bagels'
p742
I55
sS'appetizers'
p743
I55
sS'clubbing'
p744
I55
sS're-watching'
p745
I55
sS'tweets'
p746
I50
sS'happened'
p747
I54
sS'\xd8\xad\xd9\x82\xd8\xaf'
p748
I55
sS'non'
p749
I55
sS'hop'
p750
I55
sS'views'
p751
I55
sS'moms'
p752
I55
sS'noc'
p753
I55
sS'lunch'
p754
I53
sS'not'
p755
I27
sS'now'
p756
I40
sS'\xd9\x83\xd9\x84\xd9\x83'
p757
I55
sS'term'
p758
I55
sS'name'
p759
I55
sS'january'
p760
I55
sS'"rivers'
p761
I55
sS'realistic'
p762
I55
sS'rock'
p763
I51
sS'eh'
p764
I55
sS'yeah'
p765
I54
sS'entering'
p766
I55
sS'year'
p767
I51
sS'girl'
p768
I50
sS'teams'
p769
I54
sS'ep'
p770
I55
sS'tried'
p771
I55
sS'living'
p772
I54
sS'container'
p773
I55
sS'reveled'
p774
I55
sS'plerrrrrrr'
p775
I55
sS'cancels'
p776
I55
sS'looking'
p777
I50
sS'seriously'
p778
I55
sS'smells'
p779
I55
sS'internet'
p780
I55
sS'showroom'
p781
I55
sS'maneuver'
p782
I54
sS'sxsw'
p783
I55
sS'carr'
p784
I55
sS'cars'
p785
I55
sS'leave\xe2\x80\xa6'
p786
I55
sS'pumping'
p787
I55
sS'brooks'
p788
I55
sS'quite'
p789
I54
sS'argh'
p790
I55
sS'california'
p791
I50
sS'grandma'
p792
I55
sS'card'
p793
I55
sS'care'
p794
I55
sS'training'
p795
I52
sS'tatum"'
p796
I55
sS'thing'
p797
I52
sS'place'
p798
I51
sS'massive'
p799
I55
sS'think'
p800
I51
sS'waited'
p801
I55
sS'first'
p802
I45
sS'cheese'
p803
I53
sS'spoken'
p804
I55
sS'one'
p805
I37
sS'fast'
p806
I55
sS'vote'
p807
I55
sS'sounds'
p808
I54
sS'open'
p809
I55
sS'tomorrow'
p810
I55
sS'size'
p811
I55
sS'tingling'
p812
I55
sS'little'
p813
I48
sS'bite'
p814
I55
sS'remotely'
p815
I55
sS'anyone'
p816
I50
sS'fml'
p817
I54
sS'2'
p818
I50
sS'stuffed'
p819
I55
sS'white'
p820
I52
sS'speaking'
p821
I54
sS'hug'
p822
I55
sS'that'
p823
I24
sS'season'
p824
I52
sS'continuous'
p825
I55
sS'\xd8\xa7\xd9\x84\xd8\xa8\xd9\x8a\xd8\xb1\xd9\x82'
p826
I55
sS'boba'
p827
I55
sS'cops'
p828
I55
sS'flowers'
p829
I54
sS'than'
p830
I46
sS'11'
p831
I55
sS'10'
p832
I54
sS'13'
p833
I54
sS'15'
p834
I54
sS'lmao'
p835
I55
sS'17'
p836
I55
sS'16'
p837
I55
sS'18'
p838
I54
sS'coats'
p839
I55
sS'r'
p840
I55
sS'apples'
p841
I55
sS'were'
p842
I54
sS'college'
p843
I55
sS'ait'
p844
I55
sS'and'
p845
I6
sS'san'
p846
I53
sS'sam'
p847
I55
sS'sac'
p848
I55
sS'michele'
p849
I55
sS'hoes'
p850
I55
sS'argument'
p851
I55
sS'sad'
p852
I52
sS'fall-'
p853
I55
sS'say'
p854
I46
sS'rent'
p855
I55
sS'breakfast'
p856
I54
sS'saw'
p857
I54
sS'any'
p858
I52
sS'kevin'
p859
I53
sS'hypest'
p860
I55
sS'note'
p861
I55
sS'ideal'
p862
I55
sS'hookah'
p863
I55
sS'take'
p864
I51
sS'destroy'
p865
I55
sS'squah'
p866
I55
sS'sure'
p867
I52
sS'pain'
p868
I55
sS'track'
p869
I55
sS'knew'
p870
I54
sS'connor'
p871
I55
sS'freshman'
p872
I55
sS'america'
p873
I54
sS'lawl'
p874
I55
sS'(1035'
p875
I55
sS'boys'
p876
I55
sS'average'
p877
I54
sS'proud'
p878
I53
sS'drive'
p879
I55
sS'then\xe2\x80\xa6'
p880
I55
sS'hear'
p881
I55
sS'music*'
p882
I55
sS'shop'
p883
I55
sS'walking'
p884
I55
sS'shot'
p885
I54
sS'show'
p886
I48
sS'cheap'
p887
I53
sS'peaches'
p888
I55
sS'haaaa'
p889
I55
sS'slow'
p890
I53
sS'behind'
p891
I54
sS'only'
p892
I46
sS'wood'
p893
I55
sS'black'
p894
I53
sS'plums'
p895
I52
sS'pastrami'
p896
I55
sS'get'
p897
I36
sS'assistant'
p898
I54
sS'freezing'
p899
I54
sS'hohoho'
p900
I55
sS'celebrate'
p901
I55
sS'freaking'
p902
I54
sS'day/evening'
p903
I55
sS'artist'
p904
I55
sS'morning'
p905
I52
sS'naked'
p906
I55
sS'miles'
p907
I54
sS"could've"
p908
I55
sS'finishing'
p909
I55
sS'pants'
p910
I55
sS'where'
p911
I47
sS'vision'
p912
I55
sS'lyft'
p913
I55
sS'picnic'
p914
I55
sS'concert'
p915
I55
sS'connections'
p916
I55
sS'asleep'
p917
I55
sS'beemer'
p918
I55
sS'parking'
p919
I55
sS'farmers'
p920
I15
sS'ways'
p921
I55
sS'alarming'
p922
I55
sS'3'
p923
I55
sS'between'
p924
I55
sS'reading'
p925
I55
sS'across'
p926
I55
sS'molds'
p927
I55
sS'inappropriately'
p928
I55
sS'august'
p929
I55
sS'parent'
p930
I55
sS'screen'
p931
I55
sS'killing'
p932
I55
sS'awards'
p933
I55
sS'jk'
p934
I55
sS'article'
p935
I54
sS'come'
p936
I42
sS'instagrams'
p937
I55
sS'dates'
p938
I55
sS'"because'
p939
I55
sS'jfc'
p940
I55
sS'many'
p941
I53
sS'trader'
p942
I55
sS'according'
p943
I55
sS's'
p944
I55
sS'"penis"'
p945
I55
sS'mane'
p946
I55
sS'mani'
p947
I55
sS"can't"
p948
I47
sS'all-day'
p949
I55
sS'12:00'
p950
I55
sS'merry'
p951
I55
sS'pop'
p952
I55
sS'61'
p953
I55
sS'65'
p954
I55
sS'69'
p955
I55
sS'nicole'
p956
I55
sS'caring'
p957
I55
sS'ucla'
p958
I53
sS'mark'
p959
I55
sS'peaceful'
p960
I55
sS'wants'
p961
I54
sS'direction'
p962
I55
sS'shopping'
p963
I55
sS'shamwowza'
p964
I55
sS'400'
p965
I55
sS'dangerous'
p966
I55
sS'photos'
p967
I54
sS'andrea'
p968
I55
sS'those'
p969
I54
sS'case'
p970
I54
sS'myself'
p971
I53
sS'casa'
p972
I55
sS'abhor***'
p973
I55
sS'these'
p974
I49
sS'might'
p975
I54
sS'life"'
p976
I55
sS'newspaper'
p977
I55
sS'beachside'
p978
I55
sS'coolest'
p979
I55
sS'baskin-robbins'
p980
I55
sS'sleeping'
p981
I55
sS'middle'
p982
I52
sS'someone'
p983
I54
sS'drug'
p984
I55
sS'12th'
p985
I55
sS'loosing'
p986
I55
sS'technology'
p987
I55
sS'everyday'
p988
I55
sS'different'
p989
I54
sS'rooting'
p990
I55
sS'oui.\xe2\x80\xa6'
p991
I55
sS'same'
p992
I50
sS'shifts'
p993
I55
sS'shit'
p994
I53
sS'coworkers'
p995
I55
sS'lyk'
p996
I55
sS'ludwig'
p997
I55
sS'week'
p998
I52
sS'finish'
p999
I55
sS'downloads'
p1000
I55
sS"farmers'"
p1001
I50
sS'director'
p1002
I55
sS'running'
p1003
I55
sS'fruit'
p1004
I55
sS'leaving.......thank'
p1005
I55
sS'favorites'
p1006
I55
sS'chorizo'
p1007
I55
sS'changing'
p1008
I55
sS'ranch'
p1009
I55
sS'magical'
p1010
I55
sS'without'
p1011
I54
sS'comes'
p1012
I54
sS'very'
p1013
I55
sS'nah'
p1014
I53
sS'earthquakkkkkeeee'
p1015
I55
sS'summer'
p1016
I52
sS'they'
p1017
I42
sS'ya'
p1018
I54
sS'money'
p1019
I55
sS'actions'
p1020
I55
sS'kill'
p1021
I55
sS'harrison'
p1022
I55
sS'touch'
p1023
I55
sS'flavor'
p1024
I55
sS'tis'
p1025
I55
sS'legitimately'
p1026
I55
sS'hint'
p1027
I55
sS'thinking'
p1028
I55
sS'seems'
p1029
I55
sS'except'
p1030
I55
sS'cc'
p1031
I54
sS'gym-'
p1032
I55
sS'nectarines'
p1033
I52
sS'4'
p1034
I51
sS'thoughts'
p1035
I55
sS'struck'
p1036
I55
sS'tuesday'
p1037
I55
sS'real'
p1038
I51
sS'around'
p1039
I54
sS'read'
p1040
I53
sS'stung'
p1041
I55
sS'fridge'
p1042
I55
sS'gonna'
p1043
I53
sS'amy'
p1044
I55
sS'seahawks'
p1045
I55
sS'mom'
p1046
I54
sS'world'
p1047
I46
sS'furniture'
p1048
I55
sS'pounds'
p1049
I55
sS'-father'
p1050
I55
sS'lightning'
p1051
I54
sS'muffroom'
p1052
I55
sS'either'
p1053
I54
sS'accidentally'
p1054
I55
sS'cabo'
p1055
I55
sS'doll'
p1056
I55
sS'conditional'
p1057
I55
sS'pacific'
p1058
I11
sS'slavery'
p1059
I55
sS'thinks'
p1060
I55
sS'yesss'
p1061
I55
sS'pilates'
p1062
I54
sS'mood'
p1063
I55
sS'felt'
p1064
I53
sS'\xe2\x9c\x88\xef\xb8\x8f'
p1065
I55
sS'lmfao'
p1066
I55
sS'nails'
p1067
I54
sS'throw'
p1068
I55
sS'on'
p1069
I17
sS'stone'
p1070
I55
sS'ok'
p1071
I54
sS'oh'
p1072
I46
sS'\xd8\xa8\xd9\x87'
p1073
I55
sS'of'
p1074
I12
sS'aci'
p1075
I55
sS'favorite'
p1076
I48
sS'side'
p1077
I55
sS'or\xe2\x80\xa6'
p1078
I55
sS'stand'
p1079
I55
sS'act'
p1080
I54
sS'tariffs'
p1081
I55
sS'luck'
p1082
I54
sS'or'
p1083
I44
sS'market\xe2\x80\xa6'
p1084
I55
sS'tribe'
p1085
I55
sS'spreading'
p1086
I55
sS'snapchat'
p1087
I55
sS'clams'
p1088
I55
sS'homeless'
p1089
I55
sS'dreaming'
p1090
I55
sS'your'
p1091
I33
sS'her'
p1092
I48
sS'area'
p1093
I55
sS'there'
p1094
I49
sS'hey'
p1095
I53
sS'lol'
p1096
I38
sS'lmfaooo'
p1097
I55
sS'start'
p1098
I53
sS'died'
p1099
I54
sS'2/10'
p1100
I55
sS'bubble'
p1101
I55
sS'energy'
p1102
I55
sS'exasperated'
p1103
I55
sS'alain'
p1104
I55
sS'trying'
p1105
I54
sS'with'
p1106
I20
sS'buying'
p1107
I55
sS'handsome'
p1108
I55
sS"they're"
p1109
I53
sS'tripl'
p1110
I55
sS'illustrator'
p1111
I55
sS"wasn't"
p1112
I55
sS'dirty'
p1113
I55
sS'suitcase'
p1114
I55
sS'gone'
p1115
I54
sS'taylor'
p1116
I54
sS'ad'
p1117
I55
sS'videos'
p1118
I55
sS'ai'
p1119
I53
sS'am'
p1120
I45
sS'sales'
p1121
I55
sS'an'
p1122
I40
sS'ap'
p1123
I54
sS'as'
p1124
I38
sS'at'
p1125
I19
sS'aw'
p1126
I54
sS'bishop'
p1127
I55
sS'cream'
p1128
I50
sS'again'
p1129
I54
sS'jellyyyyy'
p1130
I55
sS'idiot'
p1131
I55
sS'hybrid'
p1132
I55
sS'graduate'
p1133
I55
sS'bragging'
p1134
I55
sS'5'
p1135
I53
sS'you'
p1136
I7
sS'everywhere*'
p1137
I55
sS'shelter'
p1138
I55
sS'chanukah'
p1139
I55
sS'napier'
p1140
I55
sS'fresh'
p1141
I54
sS'of\xe2\x80\xa6'
p1142
I55
sS'stocks'
p1143
I55
sS'itches'
p1144
I55
sS'missed'
p1145
I55
sS'farms'
p1146
I55
sS'invest'
p1147
I55
sS'odds'
p1148
I55
sS'preppy'
p1149
I55
sS'though\xe2\x80\x9d'
p1150
I55
sS'u'
p1151
I46
sS'adam'
p1152
I55
sS'boone'
p1153
I55
sS'\xd8\xac\xd9\x85\xd8\xb9\xd9\x87'
p1154
I55
sS'all'
p1155
I28
sS'forget'
p1156
I54
sS'chinese'
p1157
I55
sS'crucial'
p1158
I55
sS'wreath'
p1159
I55
sS'month'
p1160
I51
sS'shrooms'
p1161
I55
sS'coach'
p1162
I55
sS'deadline'
p1163
I55
sS'infestation'
p1164
I55
sS'follow'
p1165
I53
sS'scv'
p1166
I55
sS'carpet'
p1167
I55
sS'tv'
p1168
I55
sS'tw'
p1169
I55
sS'to'
p1170
I4
sS'dressing'
p1171
I55
sS'enjoying'
p1172
I55
sS'presentation'
p1173
I55
sS'song'
p1174
I55
sS'far'
p1175
I55
sS'fat'
p1176
I55
sS'fam'
p1177
I54
sS'fab'
p1178
I55
sS'ticket'
p1179
I55
sS'difference'
p1180
I55
sS'ramen'
p1181
I55
sS'segway'
p1182
I55
sS'heaven'
p1183
I55
sS'laying'
p1184
I55
sS'$.25'
p1185
I55
sS'large'
p1186
I55
sS'adjust'
p1187
I54
sS'liars'
p1188
I55
sS'small'
p1189
I55
sS"i'll"
p1190
I47
sS'cookies'
p1191
I55
sS'neighborhood'
p1192
I55
sS'instagram'
p1193
I54
sS"kristi's"
p1194
I55
sS'nearing'
p1195
I55
sS'past'
p1196
I55
sS'design'
p1197
I53
sS'pass'
p1198
I53
sS'further'
p1199
I55
sS'what'
p1200
I34
sS'sus'
p1201
I55
sS'tattoos'
p1202
I55
sS'full'
p1203
I54
sS'owns'
p1204
I55
sS'quiets'
p1205
I55
sS'hours'
p1206
I51
sS'cancelled'
p1207
I54
sS'\xd8\xb7\xd8\xb1\xd9\x81'
p1208
I55
sS'november'
p1209
I55
sS'strong'
p1210
I55
sS'mazels'
p1211
I55
sS'cucumbers'
p1212
I55
sS'pics'
p1213
I55
sS'whiny'
p1214
I55
sS'airport'
p1215
I55
sS'taft'
p1216
I55
sS'pick'
p1217
I55
sS"would've"
p1218
I55
sS"'twas"
p1219
I55
sS'via'
p1220
I55
sS'guacamole'
p1221
I55
sS'family'
p1222
I52
sS'texts'
p1223
I55
sS'show\xe2\x80\x9d'
p1224
I55
sS"lion's"
p1225
I55
sS'gosh'
p1226
I55
sS'bruins'
p1227
I55
sS'eye'
p1228
I55
sS'kaitlyn'
p1229
I55
sS'two'
p1230
I52
sS'pearl'
p1231
I52
sS'gorgeous'
p1232
I54
sS'"we\'re'
p1233
I55
sS'more'
p1234
I41
sS'horses'
p1235
I55
sS'ladybug'
p1236
I55
sS'israel'
p1237
I55
sS'door'
p1238
I54
sS'company'
p1239
I55
sS'brew?\xe2\x80\x9d'
p1240
I55
sS'lameness'
p1241
I55
sS'broke'
p1242
I55
sS'known'
p1243
I55
sS"i'm"
p1244
I18
sS'hurry'
p1245
I55
sS'glad'
p1246
I55
sS'town'
p1247
I55
sS'keeping'
p1248
I55
sS'macho'
p1249
I55
sS'hour'
p1250
I54
sS'sucks'
p1251
I54
sS'"time'
p1252
I55
sS'vs'
p1253
I55
sS'\xd8\xb2\xd9\x8a\xd9\x87\xd9\x85'
p1254
I55
sS'v'
p1255
I55
sS'def'
p1256
I55
sS'beautiful'
p1257
I49
sS'embarrassing'
p1258
I55
sS'salted'
p1259
I55
sS'brown'
p1260
I55
sS'boycott'
p1261
I55
sS'lolol'
p1262
I54
sS'sense'
p1263
I54
sS'station'
p1264
I55
sS'bffl'
p1265
I55
sS'dress'
p1266
I55
sS'huge'
p1267
I55
sS'needs'
p1268
I55
sS'fitorbit'
p1269
I55
sS'\xd8\xb9\xd8\xa8\xd8\xaf\xd8\xa7\xd9\x84\xd8\xb9\xd8\xb2\xd9\x8a\xd8\xb2'
p1270
I55
sS'!!\xd8\x9f\xd8\x9f\xd9\x85\xd8\xa7'
p1271
I55
sS'rather'
p1272
I54
sS'breaking'
p1273
I55
sS'retainer'
p1274
I55
sS'css'
p1275
I55
sS'plant'
p1276
I55
sS'sandwich'
p1277
I55
sS'plans'
p1278
I55
sS'tries'
p1279
I55
sS'adventure'
p1280
I55
sS'coming'
p1281
I54
sS'backyard'
p1282
I55
sS'tacos'
p1283
I55
sS'a'
p1284
I5
sS'reappeared'
p1285
I55
sS'anytime'
p1286
I55
sS'dragon'
p1287
I52
sS'chopsticks'
p1288
I55
sS'fenway'
p1289
I55
sS'\xd9\x87\xd9\x85\xd8\xaa\xd9\x88\xd9\x86'
p1290
I55
sS'eagle'
p1291
I55
sS"that's"
p1292
I47
sS'photoshop'
p1293
I53
sS'help'
p1294
I48
sS"don't"
p1295
I50
sS'september'
p1296
I55
sS'locking'
p1297
I55
sS'sooo'
p1298
I55
sS'soon'
p1299
I54
sS'mousse'
p1300
I55
sS'installed'
p1301
I55
sS'wiener'
p1302
I55
sS'through'
p1303
I54
sS'lava'
p1304
I55
sS'filters'
p1305
I54
sS'24'
p1306
I55
sS'20'
p1307
I54
sS'22'
p1308
I55
sS'matthew'
p1309
I55
sS'pray'
p1310
I55
sS'beyonce'
p1311
I55
sS'29'
p1312
I55
sS'actually'
p1313
I51
sS'pch'
p1314
I55
sS'astutegraphics'
p1315
I55
sS'bout'
p1316
I55
sS'cutie'
p1317
I54
sS'at\xe2\x80\xa6'
p1318
I55
sS'good'
p1319
I41
sS'somebody'
p1320
I55
sS'food'
p1321
I51
sS'peeing'
p1322
I55
sS'starbucks'
p1323
I55
sS'foot'
p1324
I55
sS'"rosstitutes"'
p1325
I55
sS'classic\xe2\x80\x9d'
p1326
I55
sS'grubbin'
p1327
I55
sS'sundays'
p1328
I55
sS'always'
p1329
I49
sS'freebies'
p1330
I55
sS'stopped'
p1331
I55
sS'die'
p1332
I55
sS'found'
p1333
I54
sS'difficult'
p1334
I55
sS'cherrium'
p1335
I55
sS"isn't"
p1336
I55
sS'sterling'
p1337
I55
sS'everyone'
p1338
I53
sS'neil'
p1339
I55
sS'house'
p1340
I52
sS'fish'
p1341
I55
sS'hard'
p1342
I54
sS'idea'
p1343
I54
sS'gun'
p1344
I54
sS'gr\xce\xb5\xce\xb5\xce\xba'
p1345
I55
sS'event'
p1346
I49
sS'really'
p1347
I48
sS'flower'
p1348
I55
sS'alcohol'
p1349
I55
sS'since'
p1350
I55
sS'\xe2\x98\x81\xef\xb8\x8f'
p1351
I55
sS'7'
p1352
I53
sS'paradise'
p1353
I55
sS"drai's"
p1354
I55
sS'ass'
p1355
I54
sS'drink'
p1356
I55
sS'1920s'
p1357
I55
sS'friday'
p1358
I52
sS'story'
p1359
I55
sS'reason'
p1360
I54
sS'imagine'
p1361
I55
sS'ask'
p1362
I52
sS'diffused'
p1363
I55
sS'terrible'
p1364
I55
sS'american'
p1365
I55
sS'expecting'
p1366
I55
sS'w'
p1367
I54
sS'major'
p1368
I55
sS'sushi-don)'
p1369
I55
sS'feel'
p1370
I48
sS'relate'
p1371
I55
sS"ogden's"
p1372
I55
sS'number'
p1373
I55
sS'done'
p1374
I55
sS'\xe2\x80\xa2c'
p1375
I55
sS'miss'
p1376
I47
sS'passes'
p1377
I55
sS'guess'
p1378
I54
sS'friday....but'
p1379
I55
sS'5th'
p1380
I55
sS'brisket'
p1381
I53
sS'comfy'
p1382
I54
sS'least'
p1383
I54
sS'jeb'
p1384
I55
sS'-overheard'
p1385
I55
sS'mosaic'
p1386
I55
sS'passed'
p1387
I55
sS'nomz'
p1388
I53
sS'\xe2\x80\x9cexcuse'
p1389
I55
sS'store'
p1390
I54
sS"'faded'"
p1391
I55
sS'rawr'
p1392
I54
sS'trapped'
p1393
I55
sS'park'
p1394
I55
sS'interviewed'
p1395
I55
sS'literarily'
p1396
I55
sS'mama'
p1397
I55
sS'part'
p1398
I54
sS'frites'
p1399
I55
sS'believe'
p1400
I55
sS'double'
p1401
I51
sS'amiready'
p1402
I55
sS'stalk'
p1403
I55
sS'headache'
p1404
I55
sS'ousted'
p1405
I54
sS'remembers'
p1406
I55
sS'randomly'
p1407
I54
sS'juice'
p1408
I55
sS'blissful'
p1409
I55
sS'lie'
p1410
I55
sS'pajamas'
p1411
I55
sS'self'
p1412
I55
sS'pre-separation'
p1413
I55
sS'also'
p1414
I52
sS'maison'
p1415
I45
sS'play'
p1416
I54
sS'eggs'
p1417
I51
sS'most'
p1418
I53
sS'74'
p1419
I54
sS'plan'
p1420
I55
sS'nothing'
p1421
I52
sS'seasons'
p1422
I55
sS'my\xe2\x80\xa6'
p1423
I55
sS'kk'
p1424
I55
sS'sometimes'
p1425
I55
sS'cover'
p1426
I54
sS'drawing'
p1427
I55
sS'lolll'
p1428
I55
sS'\xe2\x98\x80\xef\xb8\x8f'
p1429
I55
sS'shoutout'
p1430
I54
sS'ugh'
p1431
I54
sS'golf'
p1432
I55
sS'somewhat'
p1433
I55
sS'aaaaand'
p1434
I55
sS'celebrities'
p1435
I55
sS'stfu'
p1436
I55
sS'weho'
p1437
I55
sS'se'
p1438
I55
sS'hornets'
p1439
I55
sS'find'
p1440
I52
sS'gilli'
p1441
I55
sS'access'
p1442
I55
sS'unhappy'
p1443
I55
sS'being'
p1444
I50
sS'flights'
p1445
I53
sS'pretty'
p1446
I53
sS'8'
p1447
I54
sS'his'
p1448
I45
sS'hit'
p1449
I53
sS'express'
p1450
I55
sS'sunny'
p1451
I55
sS'feels'
p1452
I54
sS'during'
p1453
I55
sS'frightening'
p1454
I55
sS'him'
p1455
I54
sS'cry'
p1456
I55
sS'caramel'
p1457
I54
sS'withcolin'
p1458
I55
sS'gotten'
p1459
I55
sS'coors'
p1460
I55
sS'frankelism'
p1461
I55
sS'bars'
p1462
I55
sS'\xd8\xa7\xd9\x85\xd9\x8a\xd8\xaf'
p1463
I55
sS'art'
p1464
I54
sS'throwing'
p1465
I55
sS'carpool'
p1466
I55
sS'see'
p1467
I36
sS'horoscopes'
p1468
I55
sS'sec'
p1469
I55
sS'are'
p1470
I25
sS'sips'
p1471
I55
sS'quiche'
p1472
I55
sS'!!\xe2\x80\x9d'
p1473
I55
sS'movie'
p1474
I55
sS'wow'
p1475
I52
sS'currently'
p1476
I55
sS'please'
p1477
I51
sS'won'
p1478
I54
sS'probably'
p1479
I53
sS'champagne'
p1480
I55
sS'europe'
p1481
I55
sS'latin'
p1482
I55
sS'missing'
p1483
I54
sS'typa'
p1484
I55
sS'days-'
p1485
I55
sS'latkes'
p1486
I55
sS'both'
p1487
I53
sS'c'
p1488
I55
sS'last'
p1489
I46
sS'restaurant'
p1490
I53
sS'treated'
p1491
I55
sS'barely'
p1492
I53
sS'became'
p1493
I55
sS'pdf'
p1494
I55
sS'whole'
p1495
I55
sS'patty'
p1496
I55
sS'danced'
p1497
I55
sS'drunk'
p1498
I55
sS'sweet'
p1499
I54
sS'loveee'
p1500
I55
sS'simply'
p1501
I55
sS'likes'
p1502
I54
sS'village'
p1503
I55
sS'"smc"'
p1504
I55
sS'crispy'
p1505
I55
sS'pr'
p1506
I55
sS'souffle'
p1507
I55
sS'pv'
p1508
I55
sS'monthly'
p1509
I55
sS'create'
p1510
I54
sS'due'
p1511
I55
sS'teacher'
p1512
I55
sS'yaaaah'
p1513
I55
sS'ahhhh'
p1514
I55
sS'meeting'
p1515
I50
sS'woke'
p1516
I53
sS'pm'
p1517
I55
sS'flight'
p1518
I55
sS'champion'
p1519
I55
sS'fire'
p1520
I54
sS"what's"
p1521
I54
sS'crack'
p1522
I55
sS'gas'
p1523
I55
sS'else'
p1524
I55
sS'1860'
p1525
I55
sS'tomorrowworld'
p1526
I54
sS'liver'
p1527
I55
sS'happyyyyy'
p1528
I55
sS'gag'
p1529
I55
sS'forza'
p1530
I55
sS'exquisite'
p1531
I54
sS'look'
p1532
I50
sS'hostess'
p1533
I55
sS'raw'
p1534
I55
sS'frozen'
p1535
I53
sS'straight'
p1536
I55
sS'convo'
p1537
I55
sS'while'
p1538
I51
sS'\xd8\xb4\xd9\x83\xd9\x84\xd9\x83'
p1539
I55
sS'match'
p1540
I55
sS'fun'
p1541
I50
sS'indulging'
p1542
I55
sS'raincon'
p1543
I55
sS'century'
p1544
I55
sS'-ken'
p1545
I55
sS'ready'
p1546
I53
sS'fairlady'
p1547
I55
sS'grrrooooww'
p1548
I55
sS'salons'
p1549
I55
sS'funny'
p1550
I49
sS'shirt'
p1551
I54
sS'anymore'
p1552
I52
sS'sunchokes'
p1553
I55
sS'9'
p1554
I55
sS'sham'
p1555
I55
sS'\xd8\xa7\xd9\x86\xd8\xa7'
p1556
I55
sS'yesterday'
p1557
I50
sS'\xd8\xa7\xd9\x86\xd8\xaa'
p1558
I54
sS'moment'
p1559
I54
sS'moving'
p1560
I53
sS'early'
p1561
I55
sS'usc'
p1562
I55
sS'older'
p1563
I55
sS'clermont'
p1564
I55
sS'anybody'
p1565
I55
sS'person'
p1566
I54
sS'cheer'
p1567
I55
sS'edge'
p1568
I55
sS'entry'
p1569
I55
sS'stating'
p1570
I55
sS'>.<'
p1571
I53
sS'\xe2\x9d\xa4'
p1572
I49
sS'beetle'
p1573
I55
sS'4th'
p1574
I55
sS'using'
p1575
I55
sS'down'
p1576
I46
sS'cut'
p1577
I54
sS'$'
p1578
I55
sS'overthinking'
p1579
I55
sS'cherries'
p1580
I54
sS'parents'
p1581
I53
sS'plateau'
p1582
I55
sS'armie'
p1583
I55
sS'easter'
p1584
I54
sS'excited'
p1585
I52
sS'slayter'
p1586
I55
sS'march'
p1587
I55
sS'emergency'
p1588
I55
sS'big'
p1589
I53
sS'couple'
p1590
I54
sS'shitty'
p1591
I55
sS'game'
p1592
I51
sS"noah's"
p1593
I55
sS'croissants'
p1594
I55
sS'lost'
p1595
I55
sS'shaped'
p1596
I55
sS'individuals'
p1597
I54
sS'spiny'
p1598
I55
sS'vibrant'
p1599
I55
sS'$29.99'
p1600
I55
sS'google'
p1601
I55
sS'saturdays'
p1602
I54
sS'fucking'
p1603
I49
sS'dawes'
p1604
I55
sS'fake'
p1605
I55
sS'some'
p1606
I46
sS'back'
p1607
I47
sS'pali'
p1608
I55
sS'mirror'
p1609
I55
sS'araab'
p1610
I55
sS'pet'
p1611
I55
sS'absolutely'
p1612
I54
sS'prom'
p1613
I55
sS'civilization'
p1614
I55
sS'pee'
p1615
I55
sS'epic'
p1616
I55
sS'yet..too'
p1617
I55
sS't'
p1618
I54
sS'flavors'
p1619
I55
sS'"graduate"'
p1620
I55
sS'run'
p1621
I55
sS'ba'
p1622
I55
sS'soul"no'
p1623
I55
sS'remembered'
p1624
I55
sS'hayess'
p1625
I54
sS'andreas'
p1626
I55
sS'santa'
p1627
I54
sS'crap'
p1628
I55
sS'akxodncnoehxlwnxonwkxnsodjwlxiejckeoejneoxixcnoeucmeow'
p1629
I55
sS'by'
p1630
I47
sS'anything'
p1631
I54
sS'netflix'
p1632
I55
sS'graduation'
p1633
I55
sS'agave'
p1634
I55
sS'idk'
p1635
I50
sS'hahahah'
p1636
I55
sS'idc'
p1637
I55
sS'mayberry'
p1638
I55
sS'dude'
p1639
I53
sS'into'
p1640
I49
sS'sports'
p1641
I55
sS'$4000.00'
p1642
I55
sS'impressed'
p1643
I55
sS'rows'
p1644
I54
sS'spending'
p1645
I55
sS'ca)'
p1646
I52
sS'long'
p1647
I53
sS"we're"
p1648
I55
sS'homemade'
p1649
I54
sS'suit'
p1650
I54
sS'forward'
p1651
I54
sS'bored'
p1652
I55
sS'scared'
p1653
I55
sS'tastiest'
p1654
I55
sS'hawaiian'
p1655
I55
sS'jewish'
p1656
I54
sS'registered'
p1657
I55
sS'buttery'
p1658
I55
sS'monies!\xe2\x80\x9d'
p1659
I55
sS'into......about'
p1660
I55
sS'line'
p1661
I53
sS'apricot'
p1662
I55
sS'up'
p1663
I41
sS'us'
p1664
I49
sS'ur'
p1665
I55
sS"tomorrow's"
p1666
I54
sS'uh'
p1667
I55
sS'fried'
p1668
I55
sS'called'
p1669
I54
sS'yelled'
p1670
I55
sS'flop'
p1671
I55
sS'chai'
p1672
I55
sS'listening'
p1673
I55
sS'palisades'
p1674
I9
sS'enviro'
p1675
I55
sS'doe'
p1676
I55
sS'cotton'
p1677
I55
sS'r-rated'
p1678
I55
sS'rainbow'
p1679
I55
sS'lemon'
p1680
I54
sS'peach'
p1681
I55
sS'charitable'
p1682
I55
sS'amounts'
p1683
I55
sS'tara'
p1684
I55
sS'saffron'
p1685
I55
sS'application'
p1686
I55
sS'nap'
p1687
I55
sS'naw'
p1688
I55
sS'nice'
p1689
I51
sS'users'
p1690
I55
sS'neck/'
p1691
I55
sS'prepared'
p1692
I55
sS'helping'
p1693
I53
sS'"rape'
p1694
I55
sS'approving'
p1695
I55
sS'ago'
p1696
I55
sS'"hi"-'
p1697
I55
sS"she'd"
p1698
I55
sS'cooked'
p1699
I55
sS'presenting'
p1700
I55
sS'walker'
p1701
I55
sS"she's"
p1702
I55
sS'berries'
p1703
I55
sS'having'
p1704
I53
sS'code'
p1705
I55
sS'\xd8\xa7\xd9\x84\xd8\xb1\xd8\xaa\xd9\x88\xd9\x8a\xd8\xaa'
p1706
I55
sS'scratch'
p1707
I55
sS'results'
p1708
I55
sS'windy'
p1709
I55
sS'izzz'
p1710
I55
sS'go'
p1711
I40
sS'westwood'
p1712
I55
sS'centers'
p1713
I55
sS'issues'
p1714
I55
sS'baron'
p1715
I55
sS'literary'
p1716
I55
sS'culinary'
p1717
I55
sS'roads"'
p1718
I55
sS'lilly'
p1719
I55
sS'11:30'
p1720
I55
sS'queen'
p1721
I55
sS'wished'
p1722
I55
sS'garden'
p1723
I54
sS'wishes'
p1724
I55
sS'drinking'
p1725
I55
sS'entire'
p1726
I52
sS'hansberry'
p1727
I55
sS'button'
p1728
I54
sS'michael'
p1729
I54
sS'\xd8\xb5\xd8\xb1\xd9\x85\xd8\xa7\xd9\x8a\xd8\xa9'
p1730
I55
sS'try'
p1731
I53
sS'3:00pm'
p1732
I55
sS'skipped'
p1733
I55
sS'jusin'
p1734
I55
sS'someday'
p1735
I55
sS'\xd8\xa3\xd8\xad\xd9\x84\xd9\x89'
p1736
I55
sS'booty'
p1737
I55
sS'goodies'
p1738
I55
sS'man.you'
p1739
I55
sS'an\xe2\x80\xa6'
p1740
I55
sS'jump'
p1741
I55
sS'video'
p1742
I54
sS'booth'
p1743
I55
sS'picked'
p1744
I55
sS'download'
p1745
I55
sS'transformers'
p1746
I55
sS'spaghetti'
p1747
I55
sS'plays'
p1748
I54
sS'......hahahahha'
p1749
I55
sS'giving'
p1750
I52
sS'eyepatch'
p1751
I55
sS'judy'
p1752
I55
sS'sweaty'
p1753
I55
sS'3k'
p1754
I55
sS'chefs'
p1755
I55
sS'body'
p1756
I55
sS'leg'
p1757
I55
sS'packing'
p1758
I55
sS'let'
p1759
I55
sS'others'
p1760
I54
sS'denison'
p1761
I55
sS'bakersfield'
p1762
I55
sS'great'
p1763
I30
sS'calvin'
p1764
I55
sS'leaving'
p1765
I55
sS'opinion'
p1766
I54
sS'makes'
p1767
I50
sS'apple'
p1768
I55
sS'spy'
p1769
I55
sS'win'
p1770
I54
sS'app'
p1771
I54
sS'dedicated'
p1772
I55
sS'baskets'
p1773
I54
sS'singing'
p1774
I55
sS'cloud'
p1775
I49
sS'lime'
p1776
I55
sS'standing'
p1777
I55
sS'use'
p1778
I54
sS'hahahahaha'
p1779
I55
sS'from'
p1780
I37
sS'certificate'
p1781
I55
sS'&'
p1782
I39
sS'bush'
p1783
I55
sS'next'
p1784
I48
sS'chp'
p1785
I55
sS'few'
p1786
I54
sS'doubt'
p1787
I55
sS'quesadillas'
p1788
I55
sS'vromage'
p1789
I55
sS'giraud'
p1790
I45
sS'started'
p1791
I55
sS'confused'
p1792
I55
sS'sore'
p1793
I55
sS'carrying'
p1794
I55
sS'baby'
p1795
I52
sS"pali's"
p1796
I55
sS'annoy'
p1797
I55
sS'account'
p1798
I55
sS'balls'
p1799
I55
sS'5000'
p1800
I55
sS'f'
p1801
I55
sS'this'
p1802
I23
sS'ride'
p1803
I54
sS'anywhere'
p1804
I55
sS'meet'
p1805
I53
sS'*shit'
p1806
I55
sS'proof'
p1807
I55
sS'thirsty'
p1808
I55
sS'do'
p1809
I41
sS'process'
p1810
I55
sS'lock'
p1811
I54
sS'halloween'
p1812
I55
sS'high'
p1813
I55
sS'tantrums'
p1814
I55
sS'something'
p1815
I53
sS'waaaah'
p1816
I55
sS'blvd'
p1817
I54
sS'tan'
p1818
I55
sS'bowl'
p1819
I55
sS'native'
p1820
I55
sS'lamb'
p1821
I55
sS'sir'
p1822
I55
sS'embodiment'
p1823
I55
sS'sit'
p1824
I55
sS'hahaaha'
p1825
I55
sS'brian'
p1826
I55
sS'sox/angels'
p1827
I55
sS'animal'
p1828
I54
sS'instead'
p1829
I52
sS'stock'
p1830
I55
sS'sis'
p1831
I55
sS'exhibit736'
p1832
I55
sS'locked'
p1833
I55
sS'wrist'
p1834
I55
sS'hahahaha'
p1835
I54
sS'da'
p1836
I55
sS'light'
p1837
I54
sS'(people'
p1838
I55
sS'scoop'
p1839
I55
sS'watermelon'
p1840
I55
sS'pastries'
p1841
I55
sS'eggplants'
p1842
I55
sS'waltzed'
p1843
I55
sS'stripper'
p1844
I55
sS'move'
p1845
I54
sS'celebrations'
p1846
I55
sS"won't"
p1847
I54
sS'looks'
p1848
I54
sS'quake'
p1849
I54
sS'bunch'
p1850
I55
sS'perfect'
p1851
I54
sS'lounge'
p1852
I55
sS'la'
p1853
I45
sS'banner'
p1854
I55
sS'[pic]'
p1855
I53
sS'allergies'
p1856
I55
sS'orange'
p1857
I55
sS'2014'
p1858
I54
sS'bye'
p1859
I54
sS'2013'
p1860
I53
sS'rsvp'
p1861
I55
sS'dad'
p1862
I50
sS'feta'
p1863
I55
sS'material'
p1864
I54
sS'cutting'
p1865
I55
sS'eckhart'
p1866
I55
sS'day'
p1867
I34
sS"night's"
p1868
I55
sS'muff'
p1869
I55
sS'pools'
p1870
I55
sS'seniors'
p1871
I55
sS'oui'
p1872
I55
sS'oreo"'
p1873
I55
sS'doing'
p1874
I55
sS'globe'
p1875
I55
sS'parties'
p1876
I55
sS'constitute'
p1877
I55
sS'books'
p1878
I55
sS'our'
p1879
I43
sS'rellyboo'
p1880
I55
sS'out'
p1881
I35
sS'okee'
p1882
I55
sS'"stoked"'
p1883
I55
sS'messenger'
p1884
I54
sS'hilarious'
p1885
I55
sS'supports'
p1886
I55
sS'red'
p1887
I53
sS'pours'
p1888
I55
sS'spot'
p1889
I55
sS'deli)'
p1890
I55
sS'dumpster'
p1891
I55
sS'un-separated'
p1892
I55
sS'craving'
p1893
I55
sS'could'
p1894
I54
sS'florida'
p1895
I55
sS'keep'
p1896
I54
sS'conversation'
p1897
I52
sS'produce'
p1898
I55
sS'\xd8\xac\xd8\xa7\xd9\x8a'
p1899
I55
sS'davis'
p1900
I55
sS'brentwood-palsiades'
p1901
I55
sS'wayyy'
p1902
I55
sS'hillcrest'
p1903
I55
sS'bitch'
p1904
I54
sS'highkey'
p1905
I55
sS"doesn't"
p1906
I54
sS'playlist'
p1907
I55
sS'tougher'
p1908
I55
sS'festival'
p1909
I55
sS'their'
p1910
I50
sS'chases'
p1911
I55
sS'enforcement'
p1912
I55
sS'accompany'
p1913
I55
sS'gear'
p1914
I55
sS'shorts'
p1915
I54
sS'july'
p1916
I52
sS'ipad'
p1917
I55
sS'loved'
p1918
I55
sS'aspiration'
p1919
I55
sS'monaaaaayyy'
p1920
I55
sS'bed'
p1921
I55
sS'bee'
p1922
I55
sS'firework'
p1923
I55
sS'loves'
p1924
I55
sS'muzik'
p1925
I55
sS'gently'
p1926
I55
sS'tonight'
p1927
I48
sS'have'
p1928
I28
sS'need'
p1929
I39
sS'milly'
p1930
I55
sS'congrats'
p1931
I55
sS'studying'
p1932
I55
sS'able'
p1933
I54
sS'gravity'
p1934
I55
sS'woooowww'
p1935
I55
sS'mix'
p1936
I55
sS'which'
p1937
I53
sS'fergie'
p1938
I55
sS'jail'
p1939
I55
sS'asshole'
p1940
I55
sS'='
p1941
I54
sS'loljk'
p1942
I55
sS'aww'
p1943
I53
sS'who'
p1944
I52
sS"where's"
p1945
I54
sS'awk'
p1946
I55
sS"joe's"
p1947
I55
sS'future'
p1948
I55
sS'why'
p1949
I45
sS'refreshing'
p1950
I55
sS'giraud)'
p1951
I55
sS'face'
p1952
I54
sS"you'll"
p1953
I55
sS'con'
p1954
I55
sS'skinny'
p1955
I53
sS'son'
p1956
I55
sS'mrtattoomodel'
p1957
I55
sS'text'
p1958
I53
sS'typist'
p1959
I55
sS'bring'
p1960
I52
sS'planning'
p1961
I54
sS'chicken'
p1962
I54
sS'debate'
p1963
I55
sS'partners'
p1964
I55
sS'inspiring'
p1965
I55
sS'ha'
p1966
I55
sS'noir'
p1967
I55
sS'yehhh'
p1968
I55
sS'housewives'
p1969
I55
sS'winner'
p1970
I55
sS'should'
p1971
I52
sS'"omggggg"'
p1972
I55
sS'score'
p1973
I55
sS'lemme'
p1974
I55
sS'riding'
p1975
I55
sS'local'
p1976
I55
sS'beotch'
p1977
I55
sS'hope'
p1978
I54
sS'meant'
p1979
I55
sS'handle'
p1980
I55
sS'pjanic'
p1981
I55
sS'watching'
p1982
I49
sS'beat'
p1983
I55
sS'coworker'
p1984
I55
sS'tbt'
p1985
I55
sS'sipping'
p1986
I55
sS'99%'
p1987
I55
sS'tbh'
p1988
I54
sS'bean'
p1989
I55
sS'words'
p1990
I55
sS'wod'
p1991
I55
sS'endless'
p1992
I54
sS'bellies'
p1993
I55
sS'trucks'
p1994
I55
sS'gillishir'
p1995
I55
sS'tuned'
p1996
I55
sS'stuff'
p1997
I52
sS'pre-beach'
p1998
I55
sS'she'
p1999
I51
sS'shrunk'
p2000
I55
sS'dpi'
p2001
I55
sS'spotted'
p2002
I55
sS'national'
p2003
I55
sS'computer'
p2004
I55
sS'closer'
p2005
I55
sS'interview'
p2006
I55
sS'closet'
p2007
I55
sS'has'
p2008
I48
sS'pattern'
p2009
I55
sS'tend'
p2010
I55
sS'state'
p2011
I55
sS'horrible'
p2012
I55
sS'neither'
p2013
I55
sS'lul'
p2014
I55
sS'bought'
p2015
I55
sS'ken'
p2016
I54
sS'ends'
p2017
I55
sS'exam'
p2018
I55
sS'spotify'
p2019
I55
sS'job'
p2020
I55
sS'key'
p2021
I55
sS'underwear'
p2022
I55
sS'swift'
p2023
I55
sS'israel-gaza'
p2024
I55
sS'defense'
p2025
I55
sS'career'
p2026
I55
sS'joke'
p2027
I55
sS'taking'
p2028
I53
sS'presentations'
p2029
I55
sS'"you\'ve'
p2030
I55
sS'comment'
p2031
I55
sS'co'
p2032
I55
sS'studying-'
p2033
I55
sS'wall'
p2034
I54
sS'ca'
p2035
I51
sS'walk'
p2036
I54
sS'table'
p2037
I54
sS'\xd9\x8a\xd8\xb9\xd9\x86\xd9\x8a'
p2038
I55
sS'birkenstocks'
p2039
I54
sS"bum's"
p2040
I55
sS"it's"
p2041
I38
sS'copies'
p2042
I55
sS'taste'
p2043
I53
sS'poet'
p2044
I55
sS'copied'
p2045
I55
sS'waste'
p2046
I55
sS'>'
p2047
I55
sS'mike'
p2048
I55
sS'pic'
p2049
I54
sS'wanna'
p2050
I51
sS'kickery'
p2051
I55
sS'king"'
p2052
I55
sS'n\xe2\x80\xa2'
p2053
I55
sS'finished'
p2054
I55
sS'kicks'
p2055
I55
sS'smoking'
p2056
I55
sS'brunch'
p2057
I54
sS'present'
p2058
I55
sS'plain'
p2059
I55
sS'vanilla'
p2060
I55
sS'harder'
p2061
I55
sS'will'
p2062
I41
sS'pants-less'
p2063
I55
sS'inaccurately'
p2064
I55
sS'hahaha'
p2065
I54
sS'wild'
p2066
I55
sS'ultra'
p2067
I55
sS'~'
p2068
I54
sS'demo'
p2069
I55
sS'blood'
p2070
I55
sS'lush'
p2071
I55
sS'site'
p2072
I55
sS'linkedin'
p2073
I55
sS'arrangements'
p2074
I55
sS'turns'
p2075
I55
sS'ave'
p2076
I55
sS'tattoo'
p2077
I54
sS'saturday\xe2\x80\xa6'
p2078
I55
sS'balloon'
p2079
I55
sS'cross'
p2080
I54
sS'apricots'
p2081
I55
sS'fidm'
p2082
I55
sS'shuttle'
p2083
I55
sS'party'
p2084
I52
sS'android'
p2085
I55
sS"kardashian's"
p2086
I55
sS'ball'
p2087
I55
sS'premiere'
p2088
I55
sS'cartilage'
p2089
I55
sS'student'
p2090
I55
sS'dust'
p2091
I55
sS'frequently'
p2092
I55
sS'lough'
p2093
I55
sS'steals'
p2094
I55
sS'pull'
p2095
I55
sS'off'
p2096
I45
sS'i'
p2097
I3
sS'well'
p2098
I48
sS'retiring'
p2099
I55
sS'chin-length'
p2100
I55
sS'english'
p2101
I55
sS'humbled'
p2102
I55
sS'yummables'
p2103
I55
sS'muscle'
p2104
I55
sS'rush'
p2105
I55
sS'stressed'
p2106
I55
sS'mfa'
p2107
I55
sS'coaster'
p2108
I55
sS'less'
p2109
I54
sS'boot'
p2110
I55
sS'cries'
p2111
I55
sS'\xd8\xaf\xd8\xb1\xd8\xac\xd9\x87'
p2112
I55
sS'paul'
p2113
I55
sS'happiness'
p2114
I55
sS'wed'
p2115
I55
sS'point'
p2116
I55
sS'sky'
p2117
I54
sS'realize'
p2118
I55
sS'add'
p2119
I55
sS'other'
p2120
I55
sS'adoption'
p2121
I54
sS'wet'
p2122
I55
sS'teriyaki'
p2123
I55
sS'persimmon'
p2124
I55
sS'smart'
p2125
I54
sS"who's"
p2126
I53
sS'dryer'
p2127
I55
sS'know'
p2128
I38
sS'pies'
p2129
I54
sS'like'
p2130
I29
sS'onion'
p2131
I55
sS'miami'
p2132
I55
sS'housekeeper'
p2133
I55
sS'home.....yet'
p2134
I55
sS'lose'
p2135
I55
sS'become'
p2136
I55
sS'works'
p2137
I55
sS'because'
p2138
I50
sS'shabby'
p2139
I55
sS'twitter'
p2140
I51
sS'alive'
p2141
I54
sS'mosquitoes'
p2142
I55
sS'hair'
p2143
I54
sS'stemmed'
p2144
I55
sS'recommendation'
p2145
I55
sS'home'
p2146
I48
sS'peter'
p2147
I55
sS'cutters'
p2148
I55
sS'happens'
p2149
I55
sS'nokia'
p2150
I55
sS'literally'
p2151
I52
sS'students'
p2152
I55
sS'does'
p2153
I52
sS'sponsoring'
p2154
I54
sS'earrings'
p2155
I55
sS'duh'
p2156
I55
sS'pressure'
p2157
I55
sS'\xd9\x85\xd9\x86'
p2158
I55
sS'stage'
p2159
I55
sS'about'
p2160
I38
sS'cherriums'
p2161
I54
sS'getting'
p2162
I48
sS'location'
p2163
I55
sS'hot'
p2164
I54
sS'angeles'
p2165
I55
sS'toppings'
p2166
I55
sS'puppies'
p2167
I55
sS'swimming'
p2168
I55
sS'channing'
p2169
I55
sS'own'
p2170
I52
sS'gatsby'
p2171
I55
sS'previously'
p2172
I55
sS'\xd9\x8a\xd9\x83'
p2173
I55
sS'\xd9\x8a\xd9\x87'
p2174
I55
sS'mushrooms'
p2175
I55
sS'chris'
p2176
I55
sS'weather'
p2177
I53
sS'300-375'
p2178
I55
sS'vegetables'
p2179
I55
sS'weeps'
p2180
I55
sS'guuuurl'
p2181
I55
sS'wimp'
p2182
I55
sS'bump'
p2183
I55
sS'threat'
p2184
I55
sS'biggest'
p2185
I55
sS'sophie_levy'
p2186
I55
sS'buy'
p2187
I53
sS'ayeeeeeee'
p2188
I55
sS"i've"
p2189
I46
sS'but'
p2190
I31
sS'reminds'
p2191
I55
sS'hi'
p2192
I53
sS'courts'
p2193
I55
sS'good-bye'
p2194
I55
sS'squeeze'
p2195
I55
sS'eat'
p2196
I54
sS'he'
p2197
I49
sS'count'
p2198
I55
sS'made'
p2199
I53
sS'places'
p2200
I55
sS'wish'
p2201
I53
sS'maldini'
p2202
I55
sS'flip'
p2203
I55
sS'excitement'
p2204
I55
sS'delights'
p2205
I55
sS'cake'
p2206
I55
sS'problem'
p2207
I52
sS'piece'
p2208
I54
sS'minutes'
p2209
I51
sS'display'
p2210
I55
sS'ez'
p2211
I55
sS'friend"'
p2212
I55
sS'twist'
p2213
I55
sS'"so'
p2214
I55
sS'shooting'
p2215
I55
sS'pit'
p2216
I54
sS'happen'
p2217
I55
sS'diego'
p2218
I55
sS'mutual'
p2219
I55
sS'soulshine'
p2220
I55
sS'oak'
p2221
I54
sS'41'
p2222
I55
sS'book'
p2223
I53
sS'boom'
p2224
I55
sS'sick'
p2225
I53
sS'incredibly'
p2226
I54
sS'star'
p2227
I55
sS'stay'
p2228
I54
sS'kinda'
p2229
I55
sS'friends'
p2230
I53
sS'cliff'
p2231
I54
sS'\xe2\x80\x94'
p2232
I54
sS'kardashian'
p2233
I55
sS'kanjo'
p2234
I55
sS'friendly"'
p2235
I55
sS'this\xe2\x80\xa6'
p2236
I54
s.