(dp0
S''
p1
I5
sS'aiden'
p2
I46
sS'lives,90049\n463228118925197312,michaelim11,2014-05-05'
p3
I46
sS'dez'
p4
I46
sS'yellow'
p5
I46
sS'four'
p6
I46
sS'sleep'
p7
I44
sS'hanging'
p8
I44
sS'hate'
p9
I41
sS'tomorrows'
p10
I46
sS'"at'
p11
I46
sS'tweet'
p12
I45
sS'seriously'
p13
I46
sS"what'd"
p14
I46
sS'\xd8\xa8\xd8\xba\xd8\xb2\xd8\xa9'
p15
I46
sS'bike'
p16
I45
sS'februaryand'
p17
I46
sS'sorry'
p18
I45
sS'worth'
p19
I44
sS'lure'
p20
I46
sS'today,90049\n494038099987406850,michaelim11,2014-07-29'
p21
I46
sS'hat*'
p22
I46
sS'every'
p23
I42
sS'jack'
p24
I46
sS'bringing'
p25
I45
sS"isn't"
p26
I46
sS'school'
p27
I41
sS'baking'
p28
I46
sS'withers'
p29
I46
sS'wednesday'
p30
I45
sS"18:01:48.0,34.06200708,-118.47255,2640,who's"
p31
I46
sS'9pm'
p32
I46
sS'force'
p33
I46
sS'tired'
p34
I45
sS'\xd9\x85\xd8\xb1\xd8\xb3\xd9\x8a'
p35
I45
sS'nail'
p36
I46
sS'second'
p37
I45
sS'street'
p38
I44
sS'n'
p39
I46
sS'others)'
p40
I44
sS'even'
p41
I43
sS'saved'
p42
I46
sS'cooking'
p43
I46
sS'neb'
p44
I46
sS'fingers'
p45
I46
sS'lecramp'
p46
I46
sS'shalom!,90049\n459399725809033216,michaelim11,2014-04-24'
p47
I46
sS'new'
p48
I38
sS'ever'
p49
I42
sS'told'
p50
I41
sS'mee'
p51
I46
sS'never'
p52
I37
sS'(los'
p53
I39
sS'\xe2\x9d\xa4\xef\xb8\x8f'
p54
I43
sS'studio'
p55
I46
sS'dorm'
p56
I46
sS'100'
p57
I46
sS"aren't"
p58
I46
sS'kids'
p59
I46
sS'k'
p60
I46
sS"i'd"
p61
I44
sS"i'm"
p62
I12
sS'fireworks'
p63
I46
sS'gorillaz'
p64
I46
sS'week...what'
p65
I46
sS'guests'
p66
I45
sS'hoping'
p67
I45
sS'would'
p68
I42
sS'craving'
p69
I46
sS'kushiyu'
p70
I45
sS'call'
p71
I41
sS'survive'
p72
I45
sS'china,90049\n472904007103430656,michaelim11,2014-06-01'
p73
I46
sS'type'
p74
I46
sS'until'
p75
I44
sS'supporters'
p76
I46
sS'brentwood)'
p77
I38
sS'brings'
p78
I46
sS'haha'
p79
I41
sS'phone'
p80
I44
sS'siblings'
p81
I46
sS'dunks"'
p82
I46
sS'hole'
p83
I44
sS'blocking'
p84
I46
sS'must'
p85
I45
sS'me'
p86
I14
sS'flora'
p87
I46
sS',90049\n507054254335356928,michaelim11,2014-09-03'
p88
I46
sS'room'
p89
I43
sS'shame'
p90
I46
sS'room,90049\n455430655564734464,michaelim11,2014-04-13'
p91
I46
sS'work'
p92
I37
sS'mi'
p93
I46
sS'blooming'
p94
I46
sS'jayde'
p95
I46
sS'my'
p96
I6
sS'replaying'
p97
I46
sS'gloria'
p98
I46
sS'\xd8\xa7\xd9\x84\xd8\xaf\xd9\x86\xd9\x8a\xd8\xa7'
p99
I46
sS'estate'
p100
I46
sS'give'
p101
I44
sS'muscle-ups135'
p102
I46
sS'in'
p103
I10
sS'la"'
p104
I46
sS'foods'
p105
I46
sS'homie'
p106
I45
sS'haha,90049\n229776907208642560,jdsusskind,2012-07-30'
p107
I46
sS'quotidien'
p108
I38
sS'19:56:10.0,34.06211957,-118.47269459,2640,if'
p109
I46
sS'absolute'
p110
I46
sS'ceremony'
p111
I46
sS'end'
p112
I41
sS'turn'
p113
I44
sS'complaining'
p114
I46
sS'returning'
p115
I46
sS'machine'
p116
I46
sS'the\xe2\x80\xa6'
p117
I46
sS'amazing'
p118
I43
sS'writers'
p119
I46
sS'answer'
p120
I46
sS'beach'
p121
I46
sS'pizza'
p122
I46
sS'badly'
p123
I46
sS'bday'
p124
I46
sS'after'
p125
I42
sS'lay'
p126
I46
sS'mesa'
p127
I46
sS'sheshs'
p128
I46
sS'third'
p129
I46
sS'games,90049\n460646995510575104,michaelim11,2014-04-28'
p130
I46
sS'cheri'
p131
I46
sS'hasta'
p132
I46
sS'alias'
p133
I46
sS'worst'
p134
I45
sS'06:46:19.0,34.06215968,-118.4727318,2640,what'
p135
I46
sS'order'
p136
I46
sS'wine'
p137
I46
sS'fifa'
p138
I46
sS'modesty'
p139
I46
sS'walgreens'
p140
I46
sS'over'
p141
I41
sS'fam'
p142
I46
sS'oven'
p143
I46
sS'medusa'
p144
I46
sS'before'
p145
I44
sS'lovingly'
p146
I46
sS'imo'
p147
I45
sS'better'
p148
I40
sS'405'
p149
I46
sS'acupuncture'
p150
I46
sS'weeks'
p151
I46
sS'prius'
p152
I46
sS'then'
p153
I39
sS'them'
p154
I40
sS'desilusi\xc3\xb3n'
p155
I46
sS'combination'
p156
I46
sS"we'll"
p157
I46
sS'scene'
p158
I44
sS'sleep,90049\n461718857120374785,michaelim11,2014-05-01'
p159
I46
sS'ok,90049\n495663588132921344,michaelim11,2014-08-02'
p160
I46
sS'they'
p161
I34
sS'raaacckss'
p162
I46
sS'one'
p163
I30
sS'bread'
p164
I46
sS'.\xd9\x85\xd8\xa7'
p165
I46
sS'rocks'
p166
I46
sS'filling'
p167
I46
sS'addicted'
p168
I46
sS'went'
p169
I46
sS'luck'
p170
I44
sS'07:18:39.0,34.06207485,-118.47264136,2640,those'
p171
I46
sS"07:49:27.0,34.0621098,-118.47285753,2640,where's"
p172
I46
sS'cooooooool'
p173
I46
sS'series'
p174
I45
sS'am,90049\n495408732281376769,erbyy213,2014-08-02'
p175
I46
sS'spider'
p176
I45
sS'awakeeeeee\xe2\x98\xba\xef\xb8\x8f,90049\n502698721545822208,michaelim11,2014-08-22'
p177
I46
sS'dawg'
p178
I46
sS'efron'
p179
I46
sS'back.\xe2\x80\x9d,90049\n517191482588282882,michaelim11,2014-10-01'
p180
I46
sS'saturday'
p181
I45
sS'rt'
p182
I45
sS'driving'
p183
I43
sS'god'
p184
I44
sS'\xd9\x84\xd8\xa7\xd8\xb2\xd9\x85'
p185
I46
sS're'
p186
I46
sS'smh'
p187
I45
sS'got'
p188
I30
sS'rn'
p189
I46
sS"you're"
p190
I35
sS'03:02:47.0,34.06208929,-118.47259261,2640,shabbat'
p191
I46
sS'fave'
p192
I46
sS'little'
p193
I43
sS'free'
p194
I46
sS'"hey'
p195
I46
sS'struggle'
p196
I46
sS'hoodie'
p197
I46
sS'22:03:52.0,34.06215829,-118.47269987,2640,,90049\n504168518267699200,michaelim11,2014-08-26'
p198
I46
sS"18:31:56.0,34.0527898,-118.4700084,2640,i'm"
p199
I46
sS'created'
p200
I46
sS'days'
p201
I43
sS'filter'
p202
I45
sS'\xd8\xa8\xd8\xb9\xd8\xb6'
p203
I46
sS'heck'
p204
I46
sS'18:02:13.0,34.06234895,-118.47275241,2640,the'
p205
I46
sS"today's"
p206
I45
sS'soda'
p207
I46
sS'arrived'
p208
I46
sS'(at'
p209
I44
sS'stewart'
p210
I46
sS'matters.\xe2\x80\x9d'
p211
I46
sS'already'
p212
I44
sS'grade'
p213
I46
sS'hearing'
p214
I46
sS'hook'
p215
I46
sS'delicious'
p216
I46
sS'comin'
p217
I46
sS'\xd9\x83\xd9\x84\xd9\x87\xd9\x85'
p218
I46
sS'top'
p219
I42
sS'girls'
p220
I43
sS'koed'
p221
I46
sS'jamba'
p222
I45
sS'dumbass'
p223
I46
sS'too'
p224
I33
sS'hollywood'
p225
I46
sS'john'
p226
I44
sS'dogs'
p227
I46
sS'listen'
p228
I45
sS'wheatgrass...and'
p229
I46
sS'gym'
p230
I45
sS'2am'
p231
I46
sS'took'
p232
I45
sS'04:07:03.0,34.0527502,-118.4699284,2640,drama'
p233
I46
sS'digo'
p234
I46
sS'cereal'
p235
I46
sS'wasted'
p236
I46
sS'brushed'
p237
I46
sS'symptom'
p238
I46
sS'toronto'
p239
I46
sS'distance'
p240
I46
sS'anxiety'
p241
I46
sS'showed'
p242
I46
sS'bits'
p243
I46
sS'thx'
p244
I45
sS'tree'
p245
I46
sS'today!,90049\n502888402564685825,erbyy213,2014-08-22'
p246
I46
sS'shower'
p247
I46
sS'matter'
p248
I46
sS'feeling'
p249
I41
sS'powers'
p250
I46
sS'turrets'
p251
I46
sS'ran'
p252
I45
sS'mind'
p253
I46
sS'mine'
p254
I45
sS'raw'
p255
I46
sS'18:41:53.0,34.0529844,-118.469854,2640,getting'
p256
I46
sS'seen'
p257
I44
sS'obviously'
p258
I45
sS'tells'
p259
I44
sS'normal?,90049\n491848501815291904,michaelim11,2014-07-23'
p260
I46
sS'(12027'
p261
I46
sS'-'
p262
I23
sS'laughed'
p263
I46
sS'nobody'
p264
I46
sS'it...school'
p265
I46
sS'citizens'
p266
I46
sS'germany'
p267
I46
sS'\xe2\x80\x94'
p268
I46
sS'month\xe2\x9c\x8c\xef\xb8\x8f,90049\n501917622456184832,michaelim11,2014-08-20'
p269
I46
sS'don'
p270
I45
sS'treats'
p271
I46
sS'medical'
p272
I45
sS'camp'
p273
I46
sS'dog'
p274
I45
sS"ballin'"
p275
I46
sS'b&s'
p276
I46
sS'definitely'
p277
I46
sS'principle'
p278
I46
sS'came'
p279
I46
sS'saying'
p280
I46
sS'luxxe'
p281
I41
sS'fleming'
p282
I46
sS'pops'
p283
I46
sS'chandelier'
p284
I46
sS'nephew'
p285
I46
sS'toast'
p286
I45
sS'skyy'
p287
I46
sS'disgust'
p288
I46
sS'rice'
p289
I46
sS'monica'
p290
I42
sS'mixture'
p291
I46
sS'dj'
p292
I46
sS'asians'
p293
I46
sS'wide'
p294
I46
sS'de'
p295
I42
sS'watch'
p296
I43
sS'13'
p297
I46
sS'preferred'
p298
I46
sS'v.6'
p299
I46
sS'amazon'
p300
I46
sS'v.1'
p301
I46
sS'wedding'
p302
I45
sS'dw'
p303
I46
sS'1.86mi'
p304
I46
sS'dr'
p305
I46
sS'learned'
p306
I46
sS'runs'
p307
I46
sS'officially'
p308
I46
sS'bay'
p309
I45
sS'bag'
p310
I46
sS'bad'
p311
I41
sS'bae'
p312
I46
sS'shots'
p313
I46
sS'vamos'
p314
I46
sS'do?"'
p315
I46
sS'w/'
p316
I44
sS'help,90049\n418979036568629249,shaunashaf,2014-01-03'
p317
I46
sS'checks'
p318
I46
sS'toes'
p319
I46
sS'for\xe2\x80\xa6'
p320
I45
sS'caffe\xe2\x80\xa6'
p321
I46
sS'iran'
p322
I46
sS'yes'
p323
I43
sS'best'
p324
I32
sS'08:36:10.0,34.06212946,-118.47273583,2640,spot'
p325
I46
sS'pete'
p326
I46
sS'said'
p327
I46
sS'capacity'
p328
I46
sS'head?,90049\n505608314244567040,michaelim11,2014-08-30'
p329
I46
sS'lots'
p330
I45
sS'away'
p331
I45
sS'rings'
p332
I46
sS'babay'
p333
I46
sS"there's"
p334
I45
sS'07:51:25.0,34.06224524,-118.47266479,2640,drunk'
p335
I46
sS'we'
p336
I28
sS'omg'
p337
I45
sS'lol,90049\n500493860980944896,erbyy213,2014-08-16'
p338
I46
sS'fruits'
p339
I46
sS'clwa'
p340
I46
sS'sike,90049\n460654295449219072,michaelim11,2014-04-28'
p341
I46
sS'here'
p342
I43
sS'wtf'
p343
I46
sS'momofuku'
p344
I46
sS'wth'
p345
I46
sS'cousin'
p346
I46
sS'cop'
p347
I46
sS'country'
p348
I46
sS'ahora'
p349
I46
sS'una'
p350
I46
sS'03:20:41.0,34.0528265,-118.4699699,2640,you'
p351
I46
sS'games'
p352
I46
sS'planned'
p353
I46
sS'faces'
p354
I46
sS'con'
p355
I46
sS'omega-3'
p356
I46
sS'karen'
p357
I46
sS'written'
p358
I46
sS'trust'
p359
I45
sS'hysterically'
p360
I46
sS'"you'
p361
I46
sS'three'
p362
I46
sS'been'
p363
I33
sS'much'
p364
I39
sS'lovely'
p365
I45
sS'idol'
p366
I46
sS'threw'
p367
I46
sS'life'
p368
I35
sS'relaxing'
p369
I46
sS'attacked'
p370
I45
sS"07:21:50.0,34.06207355,-118.47273482,2640,how's"
p371
I46
sS"pete's"
p372
I46
sS'worked'
p373
I44
sS'haters'
p374
I46
sS'spin'
p375
I46
sS'mcr'
p376
I46
sS'has'
p377
I36
sS'nowi'
p378
I46
sS'publicly'
p379
I46
sS'air'
p380
I46
sS'ugly'
p381
I46
sS'near'
p382
I46
sS'08:16:15.0,34.06217095,-118.47259065,2640,i'
p383
I46
sS'voice'
p384
I44
sS'study'
p385
I46
sS'mistake'
p386
I46
sS'(26th'
p387
I46
sS'is'
p388
I9
sS'sushi'
p389
I46
sS'it'
p390
I15
sS'gianna'
p391
I46
sS'player'
p392
I46
sS'im'
p393
I45
sS'\xd7\x9e\xd7\x94\xd7\x9b\xd7\x9c'
p394
I46
sS'hebrew'
p395
I46
sS'if'
p396
I34
sS'grown'
p397
I46
sS'nike'
p398
I46
sS'things'
p399
I43
sS'make'
p400
I42
sS'jerry'
p401
I46
sS'caffe'
p402
I40
sS'big'
p403
I41
sS"19:48:08.0,34.06214312,-118.47246182,2640,don't"
p404
I46
sS'buterbaugh'
p405
I46
sS'hang'
p406
I46
sS'coachella'
p407
I45
sS'hand'
p408
I46
sS'kim'
p409
I46
sS'supper'
p410
I46
sS'tune'
p411
I46
sS'grandson...oh'
p412
I45
sS"mother's"
p413
I46
sS'charlie'
p414
I46
sS'05:53:41.0,34.0621497,-118.47260381,2640,the'
p415
I46
sS'20:36:47.0,34.05981546,-118.47173682,2640,please'
p416
I46
sS'ocean'
p417
I46
sS'02:34:39.0,34.06244725,-118.4726631,2640,that'
p418
I46
sS'contact'
p419
I46
sS'greatest'
p420
I46
sS'the'
p421
I1
sS'dratch'
p422
I46
sS'left'
p423
I46
sS'just'
p424
I21
sS'photo'
p425
I46
sS'06:21:45.0,34.06228352,-118.47269223,2640,hi'
p426
I46
sS',90049\n492199077518401536,michaelim11,2014-07-24'
p427
I46
sS'thanks'
p428
I39
sS'smoothies'
p429
I46
sS'yet'
p430
I42
sS's\xc3\xad'
p431
I46
sS'had'
p432
I32
sS'spread'
p433
I46
sS'16:20:25.0,34.06202791,-118.4727391,2640,drunk'
p434
I46
sS'easy'
p435
I46
sS'omggg'
p436
I46
sS'save'
p437
I44
sS'possible'
p438
I46
sS'sheen"'
p439
I46
sS'background'
p440
I46
sS'\xd9\x8a\xd8\xb9\xd9\x85\xd9\x84\xd9\x88\xd8\xa7'
p441
I46
sS'shadow'
p442
I46
sS'retreat'
p443
I46
sS'shoulder'
p444
I46
sS'lol,90049\n502885074615164930,erbyy213,2014-08-22'
p445
I46
sS'gift'
p446
I45
sS'bitchhh'
p447
I46
sS'='
p448
I46
sS'3030'
p449
I46
sS'50'
p450
I46
sS'night'
p451
I34
sS'right'
p452
I34
sS'old'
p453
I44
sS'deal'
p454
I42
sS'people'
p455
I32
sS'successfully'
p456
I46
sS'somehow'
p457
I44
sS'chunks'
p458
I46
sS'clubs'
p459
I46
sS'meters'
p460
I46
sS'dear'
p461
I43
sS'humor'
p462
I46
sS'for'
p463
I8
sS'bottom'
p464
I46
sS'/'
p465
I46
sS'life\xe2\x98\xba\xef\xb8\x8f,90049\n505253117529956352,michaelim11,2014-08-29'
p466
I46
sS'everything'
p467
I44
sS'umm'
p468
I46
sS'adorable'
p469
I45
sS'\xd9\x88\xd9\x85\xd8\xa8\xd8\xa7\xd8\xb1\xd9\x83'
p470
I46
sS'deleted'
p471
I45
sS'marketing'
p472
I46
sS'corn'
p473
I44
sS'burn'
p474
I46
sS'disappeared'
p475
I46
sS'midterms'
p476
I46
sS'20:41:19.0,34.06210603,-118.47268067,2640,,90049\n469762792233267200,michaelim11,2014-05-23'
p477
I46
sS'losing'
p478
I46
sS'post'
p479
I42
sS'super'
p480
I46
sS'oreo'
p481
I45
sS'theirs'
p482
I46
sS'valentines'
p483
I46
sS'out,90049\n494018170714198016,erbyy213,2014-07-29'
p484
I46
sS'magazine'
p485
I45
sS'ensure'
p486
I46
sS'bath'
p487
I46
sS'whats'
p488
I46
sS'ahh'
p489
I46
sS'intellectual'
p490
I46
sS'balances'
p491
I46
sS'down'
p492
I39
sS'juicing'
p493
I46
sS'most,90049\n504752325710606336,michaelim11,2014-08-27'
p494
I46
sS'soy'
p495
I46
sS'iphone,90049\n497933569818259456,michaelim11,2014-08-09'
p496
I46
sS"bradley's"
p497
I46
sS'rounds'
p498
I46
sS'saturdays'
p499
I46
sS'yawn'
p500
I46
sS'crowd'
p501
I46
sS'support'
p502
I46
sS'>>>>'
p503
I46
sS'why'
p504
I38
sS'absolutely'
p505
I44
sS'02:45:13.0,34.062072,-118.47270582,2640,girl'
p506
I46
sS'way'
p507
I38
sS'spring'
p508
I46
sS'music'
p509
I44
sS'wat'
p510
I46
sS'was'
p511
I24
sS'purposely'
p512
I46
sS'"beat'
p513
I46
sS'head'
p514
I45
sS'07:47:29.0,34.06204681,-118.47268428,2640,late'
p515
I46
sS'tendon'
p516
I45
sS'landing'
p517
I46
sS'true'
p518
I45
sS'inside'
p519
I46
sS'tell'
p520
I43
sS'r.i.p'
p521
I46
sS'pest'
p522
I46
sS'emotional'
p523
I46
sS'promises'
p524
I46
sS'shin'
p525
I46
sS'nne'
p526
I46
sS'textbook'
p527
I46
sS'restorative'
p528
I46
sS'list'
p529
I46
sS'expertise'
p530
I46
sS"legend's"
p531
I46
sS'08:07:31.0,34.06215689,-118.47255416,2640,i'
p532
I46
sS'shit'
p533
I39
sS'no'
p534
I27
sS'when'
p535
I23
sS'tim'
p536
I46
sS'holding'
p537
I46
sS'oscar'
p538
I46
sS'test'
p539
I46
sS'truffles'
p540
I46
sS'roomies'
p541
I46
sS'04:06:49.0,34.0527639,-118.4699586,2640,feels'
p542
I46
sS'welcome'
p543
I45
sS'stealing'
p544
I46
sS'update'
p545
I46
sS'meditation...first'
p546
I46
sS"let's"
p547
I42
sS'whiiiiiile,90049\n502711033853923328,michaelim11,2014-08-22'
p548
I46
sS'died'
p549
I46
sS'sanctions'
p550
I46
sS'longer'
p551
I45
sS'(san'
p552
I44
sS'together'
p553
I44
sS'loyal'
p554
I46
sS'teeth'
p555
I46
sS'serious'
p556
I46
sS'08:13:06.0,34.06215959,-118.4727857,2640,byeeeeee'
p557
I46
sS'"his'
p558
I46
sS':('
p559
I44
sS':)'
p560
I46
sS'whoever'
p561
I46
sS'rod'
p562
I46
sS'invent'
p563
I46
sS'milf'
p564
I45
sS'wodfor'
p565
I46
sS'manager'
p566
I45
sS'grateful'
p567
I45
sS'skin'
p568
I46
sS'layers'
p569
I46
sS'yummy'
p570
I45
sS"when's"
p571
I46
sS'mandorla'
p572
I46
sS'disgusting'
p573
I45
sS'finally'
p574
I45
sS'clabau'
p575
I46
sS'brown'
p576
I46
sS'sexy\xe2\x80\x9d,90049\n504902022794338304,michaelim11,2014-08-28'
p577
I46
sS'jerk'
p578
I46
sS'sponsors'
p579
I46
sS'gloomy'
p580
I45
sS'word'
p581
I46
sS'minute'
p582
I46
sS'cool'
p583
I44
sS'ekort'
p584
I46
sS'enthusi'
p585
I46
sS'hour'
p586
I45
sS'level'
p587
I44
sS'did'
p588
I37
sS'die'
p589
I46
sS'maha'
p590
I46
sS'brother'
p591
I45
sS'leave'
p592
I45
sS'19:02:48.0,34.06206341,-118.47275913,2640,you'
p593
I46
sS'team'
p594
I43
sS'baaackkkkk'
p595
I46
sS'guy'
p596
I45
sS'round'
p597
I45
sS'bonfire'
p598
I46
sS'shave'
p599
I46
sS'angeles)'
p600
I45
sS'regret'
p601
I45
sS'out,90049\n508535018507886592,michaelim11,2014-09-07'
p602
I46
sS'sign'
p603
I45
sS'prom'
p604
I46
sS'run'
p605
I44
sS'bacteria'
p606
I46
sS'curse'
p607
I46
sS'adds'
p608
I46
sS'stands'
p609
I45
sS'melt'
p610
I46
sS'08:39:31.0,34.06206031,-118.47268604,2640,snapchats'
p611
I46
sS'goes'
p612
I44
sS'filled'
p613
I45
sS'westbrook'
p614
I46
sS'french'
p615
I46
sS'travolta'
p616
I46
sS'shool'
p617
I46
sS'01:18:27.0,34.0620681,-118.47268461,2640,24'
p618
I46
sS'oh\xe2\x80\xa6'
p619
I46
sS'03:20:20.0,34.0528265,-118.4699699,2640,today'
p620
I46
sS'earthquake'
p621
I43
sS'change'
p622
I45
sS'wait'
p623
I37
sS'box'
p624
I46
sS'boy'
p625
I46
sS'up,90049\n469013992351215617,michaelim11,2014-05-21'
p626
I46
sS'lakers'
p627
I46
sS'trip,90049\n503370072543739906,erbyy213,2014-08-24'
p628
I46
sS'weird'
p629
I44
sS'pillow'
p630
I46
sS'love'
p631
I26
sS'hilarious!maloney'
p632
I46
sS'verge'
p633
I46
sS'1st'
p634
I46
sS'touchdown'
p635
I46
sS'ladur\xc3\xa9e'
p636
I46
sS'market'
p637
I46
sS'everybody'
p638
I44
sS'working'
p639
I45
sS'baes'
p640
I46
sS'positive'
p641
I46
sS'pero'
p642
I46
sS'sports'
p643
I46
sS'ca)'
p644
I38
sS'handler'
p645
I46
sS'wonderfully'
p646
I46
sS'"easter'
p647
I46
sS'today'
p648
I35
sS'chella'
p649
I46
sS'cashier'
p650
I46
sS'vman'
p651
I46
sS'chocolate'
p652
I46
sS'downtown'
p653
I46
sS'employed'
p654
I46
sS"07:18:49.0,34.06209996,-118.47274412,2640,let's"
p655
I46
sS'fly'
p656
I46
sS'douche'
p657
I46
sS'niggas'
p658
I46
sS'car'
p659
I43
sS'soul'
p660
I45
sS';p,90049\n502885899706040320,erbyy213,2014-08-22'
p661
I46
sS'sandstorm'
p662
I46
sS'hardest'
p663
I46
sS'can'
p664
I34
sS'kendrick'
p665
I45
sS'making'
p666
I44
sS'sunset\xe2\x80\xa6'
p667
I46
sS'heart'
p668
I45
sS'crazy'
p669
I46
sS'plaza'
p670
I45
sS'want'
p671
I35
sS'awesome'
p672
I44
sS"didn't"
p673
I43
sS'fuck'
p674
I32
sS'paused'
p675
I46
sS'heard'
p676
I46
sS'counting'
p677
I46
sS'shuttup'
p678
I46
sS'winter'
p679
I46
sS'beale'
p680
I46
sS'discussion'
p681
I46
sS'watching'
p682
I46
sS'pine'
p683
I46
sS'nyu'
p684
I46
sS'1'
p685
I45
sS'till'
p686
I44
sS'sunday'
p687
I44
sS'08:53:22.0,34.06206748,-118.47259509,2640,creeper'
p688
I46
sS'dope'
p689
I45
sS'map'
p690
I46
sS'staying'
p691
I46
sS'staircase'
p692
I46
sS'information'
p693
I46
sS'may'
p694
I43
sS'blasting'
p695
I45
sS'spot'
p696
I45
sS'latte'
p697
I45
sS'birthday'
p698
I38
sS'date'
p699
I46
sS'such'
p700
I45
sS'suck'
p701
I46
sS'guys'
p702
I42
sS'grow'
p703
I45
sS'man'
p704
I41
sS'remember'
p705
I43
sS'maybe'
p706
I45
sS'rollin'
p707
I46
sS'st'
p708
I46
sS'so'
p709
I17
sS'tall'
p710
I46
sS'pulled'
p711
I46
sS'end?!,90049\n502712274990407682,michaelim11,2014-08-22'
p712
I46
sS'talk'
p713
I44
sS'cute'
p714
I46
sS'breaking'
p715
I46
sS'seeing'
p716
I45
sS'wishing'
p717
I45
sS'years'
p718
I45
sS'episodes'
p719
I46
sS'inspo'
p720
I46
sS'marshmallows'
p721
I46
sS'cold'
p722
I45
sS'still'
p723
I39
sS'405freeway'
p724
I45
sS'apes'
p725
I46
sS'group'
p726
I46
sS'thank'
p727
I40
sS"he's"
p728
I39
sS'smoothie'
p729
I46
sS'bagels'
p730
I45
sS'curls'
p731
I46
sS'hot'
p732
I45
sS'window'
p733
I45
sS'tweets'
p734
I46
sS'ours'
p735
I46
sS'petition'
p736
I45
sS'happened'
p737
I46
sS'nom'
p738
I46
sS'johns'
p739
I46
sS'conversations'
p740
I46
sS'killer'
p741
I46
sS'lunch'
p742
I44
sS'taliban'
p743
I46
sS'half'
p744
I44
sS'not'
p745
I28
sS'now'
p746
I28
sS'\xd9\x81\xd8\xb1\xd9\x82'
p747
I46
sS'07:09:04.0,34.06213646,-118.47265787,2640,turnt'
p748
I46
sS'shouted'
p749
I46
sS'name'
p750
I44
sS'clutch'
p751
I46
sS'drop'
p752
I46
sS'debating'
p753
I46
sS'rock'
p754
I46
sS'quarter'
p755
I46
sS'em'
p756
I45
sS'lowkey'
p757
I46
sS'kane'
p758
I46
sS'18:43:50.0,34.06215945,-118.47270007,2640,the'
p759
I46
sS'yeah'
p760
I44
sS'wrap'
p761
I46
sS'persian'
p762
I46
sS'sponsor'
p763
I44
sS'year'
p764
I40
sS'ft'
p765
I46
sS'girl'
p766
I36
sS'5:15am'
p767
I46
sS'sunrise'
p768
I46
sS'living'
p769
I46
sS'opened'
p770
I46
sS'02:36:05.0,34.0528053,-118.4699962,2640,lol'
p771
I46
sS'space'
p772
I46
sS'factory'
p773
I46
sS'looking'
p774
I44
sS'05:34:44.0,34.05503818,-118.47192756,2640,like'
p775
I46
sS'stuff'
p776
I46
sS"shouldn't"
p777
I46
sS'hacked'
p778
I46
sS'nudes'
p779
I46
sS'100p'
p780
I46
sS'07:15:05.0,34.0528649,-118.4699231,2640,how'
p781
I46
sS'greif'
p782
I46
sS'cars'
p783
I45
sS'million'
p784
I46
sS'quite'
p785
I46
sS'mcgorry'
p786
I46
sS'plee'
p787
I46
sS'flyer'
p788
I46
sS'california'
p789
I46
sS'carb'
p790
I46
sS'advance'
p791
I46
sS'saltair'
p792
I45
sS'brasil'
p793
I46
sS'yup'
p794
I46
sS'impose'
p795
I46
sS'honest'
p796
I46
sS'thing'
p797
I44
sS'place'
p798
I45
sS'yahav'
p799
I46
sS'\xd9\x87\xd9\x88'
p800
I46
sS'yess'
p801
I46
sS'think'
p802
I36
sS'first'
p803
I42
sS'henry'
p804
I46
sS'budweiser'
p805
I46
sS'zac'
p806
I46
sS'yourself'
p807
I46
sS'xx'
p808
I46
sS'directly'
p809
I46
sS'day\xe2\x80\xa6'
p810
I46
sS'open'
p811
I46
sS'tomorrow'
p812
I45
sS'millions'
p813
I46
sS'city'
p814
I38
sS'given'
p815
I46
sS"valentine's"
p816
I46
sS'caught'
p817
I46
sS'slept'
p818
I46
sS'anyone'
p819
I46
sS'2'
p820
I39
sS'draft'
p821
I46
sS'white'
p822
I43
sS'house...keeping'
p823
I46
sS'17:57:35.0,34.0620223,-118.47269174,2640,someone'
p824
I46
sS'friend'
p825
I40
sS'hug'
p826
I46
sS'that'
p827
I13
sS'shawn'
p828
I46
sS'season'
p829
I44
sS'ridiculous'
p830
I46
sS'butt'
p831
I46
sS'flowers'
p832
I45
sS'reblogged'
p833
I46
sS'than'
p834
I40
sS"here's"
p835
I46
sS'11'
p836
I46
sS'10'
p837
I45
sS'barrington'
p838
I44
sS'12'
p839
I46
sS'15'
p840
I44
sS'04:38:48.0,34.06222967,-118.47137605,2640,anyone'
p841
I46
sS'05:38:37.0,34.06220393,-118.47277924,2640,wicked'
p842
I46
sS'18'
p843
I46
sS'gotta'
p844
I46
sS'vicente)'
p845
I41
sS'were'
p846
I42
sS'kids!,90049\n502703266208440320,michaelim11,2014-08-22'
p847
I46
sS',90049\n492931447913582593,michaelim11,2014-07-26'
p848
I46
sS'driveway'
p849
I46
sS'and'
p850
I7
sS'coconut'
p851
I46
sS'san'
p852
I33
sS'sam'
p853
I46
sS'turned'
p854
I45
sS'talib'
p855
I46
sS'woah'
p856
I46
sS'say'
p857
I42
sS'saw'
p858
I41
sS'any'
p859
I43
sS'efficient'
p860
I46
sS'06:08:09.0,34.06212837,-118.47256727,2640,colombiano'
p861
I46
sS'squidward'
p862
I46
sS'hookah'
p863
I45
sS'take'
p864
I45
sS'wanting'
p865
I46
sS'ironically'
p866
I46
sS'sure'
p867
I45
sS'pain'
p868
I38
sS'normal'
p869
I46
sS'track'
p870
I46
sS'cheesecake'
p871
I45
sS'paid'
p872
I46
sS'voice*'
p873
I46
sS'knee'
p874
I46
sS'pages'
p875
I45
sS'adebayor.\xe2\x80\x9d'
p876
I46
sS'icon'
p877
I46
sS'everlast'
p878
I46
sS'dream,90049\n490944003064725504,michaelim11,2014-07-20'
p879
I46
sS'forever'
p880
I43
sS'especially'
p881
I45
sS'surprising'
p882
I46
sS'boys'
p883
I46
sS'considered'
p884
I46
sS'proud'
p885
I46
sS'tooth'
p886
I46
sS'answers,90049\n467953824729006080,michaelim11,2014-05-18'
p887
I46
sS'sunset'
p888
I45
sS'professional'
p889
I46
sS'senior'
p890
I46
sS'music*'
p891
I46
sS'shop'
p892
I45
sS'perch'
p893
I46
sS'walking'
p894
I46
sS'show'
p895
I44
sS'german'
p896
I46
sS'salon'
p897
I46
sS'tiredness'
p898
I46
sS'corner'
p899
I45
sS'aggressive'
p900
I46
sS'fifth'
p901
I46
sS'bed,90049\n504751175389159424,michaelim11,2014-08-27'
p902
I46
sS'3'
p903
I44
sS'crime'
p904
I46
sS'only'
p905
I34
sS'going'
p906
I37
sS'black'
p907
I46
sS'muffin'
p908
I46
sS'\xe2\x99\xa1'
p909
I45
sS'pinkberry'
p910
I46
sS'life,90049\n469941166474297345,michaelim11,2014-05-23'
p911
I46
sS'get'
p912
I25
sS'jazz'
p913
I44
sS'reps'
p914
I46
sS'cannot'
p915
I46
sS'nearly'
p916
I46
sS',90049\n474721950707642369,michaelim11,2014-06-06'
p917
I46
sS'hour.\xe2\x80\x9d'
p918
I46
sS'tube'
p919
I46
sS'22:28:37.0,34.05275865,-118.47098191,2640,absolut'
p920
I46
sS'morning'
p921
I31
sS'stupid'
p922
I44
sS'miley'
p923
I46
sS'where'
p924
I44
sS"everything's"
p925
I46
sS'why,90049\n461585884236619777,michaelim11,2014-04-30'
p926
I46
sS'concert'
p927
I44
sS"hasn't"
p928
I46
sS'asleep'
p929
I46
sS'creerlo'
p930
I46
sS'wonder'
p931
I44
sS'ways'
p932
I46
sS"'f'"
p933
I46
sS'enough'
p934
I45
sS'roots'
p935
I46
sS'caaam'
p936
I46
sS'reading'
p937
I46
sS'across'
p938
I46
sS'24'
p939
I45
sS'notice'
p940
I45
sS',90049\n465775768455245826,michaelim11,2014-05-12'
p941
I46
sS'prettiest'
p942
I46
sS'screen'
p943
I45
sS'timmy'
p944
I46
sS'killing'
p945
I46
sS'blame'
p946
I46
sS'out,90049\n459890302556176384,michaelim11,2014-04-26'
p947
I46
sS'awards'
p948
I46
sS'attn'
p949
I46
sS'comeback'
p950
I46
sS'cities'
p951
I46
sS'come'
p952
I41
sS'busting'
p953
I46
sS'superstar'
p954
I46
sS'many'
p955
I43
sS's'
p956
I46
sS"can't"
p957
I31
sS'04:13:01.0,34.05501777,-118.47202217,2640,back'
p958
I46
sS'jeans'
p959
I46
sS'pop'
p960
I46
sS'audiology'
p961
I46
sS"couldn't"
p962
I44
sS'constant'
p963
I46
sS'marc'
p964
I46
sS'west'
p965
I46
sS'ucla'
p966
I46
sS'jerks'
p967
I46
sS'bbq'
p968
I46
sS'wants'
p969
I46
sS'direction'
p970
I46
sS'"honestly'
p971
I46
sS"'strippers'"
p972
I46
sS'blessing'
p973
I46
sS'andrew'
p974
I46
sS'imy'
p975
I46
sS'wake'
p976
I45
sS"09:11:59.0,34.06217146,-118.47264498,2640,who's"
p977
I46
sS'bout'
p978
I46
sS'those'
p979
I44
sS'case'
p980
I46
sS'myself'
p981
I42
sS'casa'
p982
I45
sS'these'
p983
I41
sS'cash'
p984
I46
sS'ive'
p985
I46
sS'shepard'
p986
I46
sS'\xd7\xa0\xd7\x9e\xd7\x90\xd7\xa1'
p987
I46
sS'soil'
p988
I46
sS'coffee'
p989
I46
sS'100th'
p990
I46
sS'middle'
p991
I46
sS'someone'
p992
I39
sS'that,90049\n502644993342070784,michaelim11,2014-08-22'
p993
I46
sS'rams'
p994
I46
sS'everyday'
p995
I46
sS',90049\n472576366840664064,michaelim11,2014-05-31'
p996
I46
sS'bags'
p997
I46
sS'different'
p998
I46
sS'pay'
p999
I46
sS'same'
p1000
I42
sS'you.\xe2\x80\x9d,90049\n504899098789421056,michaelim11,2014-08-28'
p1001
I46
sS'ya'
p1002
I44
sS'06:54:26.0,34.06205846,-118.47263969,2640,worst'
p1003
I46
sS'moronic'
p1004
I46
sS'04:07:10.0,34.0527502,-118.4699284,2640,i'
p1005
I46
sS'week'
p1006
I41
sS'closest'
p1007
I46
sS"terry's"
p1008
I46
sS'97th'
p1009
I46
sS'driver'
p1010
I46
sS'cheers'
p1011
I46
sS'running'
p1012
I46
sS'clippers'
p1013
I46
sS'out,90049\n507442564522205184,michaelim11,2014-09-04'
p1014
I46
sS'blues\xe2\x80\xa6'
p1015
I46
sS'18:33:24.0,34.06218925,-118.47257999,2640,treat'
p1016
I46
sS'totally'
p1017
I46
sS'atkins'
p1018
I45
sS'lucky'
p1019
I46
sS'without'
p1020
I42
sS'comes'
p1021
I46
sS'scholarship'
p1022
I46
sS'summer'
p1023
I42
sS'outdoor'
p1024
I46
sS'being'
p1025
I42
sS'you,90049\n461258491546456064,michaelim11,2014-04-29'
p1026
I46
sS'rest'
p1027
I46
sS'hader'
p1028
I46
sS'kill'
p1029
I42
sS'harrison'
p1030
I46
sS"dm's"
p1031
I46
sS'legitimately'
p1032
I46
sS'thinking'
p1033
I46
sS'rose'
p1034
I46
sS'seems'
p1035
I46
sS'leto'
p1036
I46
sS'lets'
p1037
I46
sS'thoughts'
p1038
I45
sS'struck'
p1039
I46
sS'ca'
p1040
I46
sS'real'
p1041
I39
sS'whatttt'
p1042
I46
sS'around'
p1043
I42
sS'easily'
p1044
I46
sS'psg'
p1045
I46
sS'gonna'
p1046
I39
sS'early'
p1047
I42
sS'traffic'
p1048
I44
sS'listening'
p1049
I44
sS'using'
p1050
I45
sS'disappointed'
p1051
I46
sS'in-n-out'
p1052
I46
sS'towel'
p1053
I46
sS'patrice'
p1054
I46
sS'that,90049\n460656308228608000,michaelim11,2014-04-28'
p1055
I46
sS'lightning'
p1056
I46
sS'cha,90049\n466650110533722112,michaelim11,2014-05-14'
p1057
I46
sS'nose'
p1058
I45
sS'"writing"'
p1059
I46
sS'picture'
p1060
I45
sS'splash'
p1061
I46
sS'oscars'
p1062
I46
sS'matching'
p1063
I46
sS'brothers'
p1064
I46
sS'liars,90049\n502002670580686848,michaelim11,2014-08-20'
p1065
I46
sS'slice'
p1066
I45
sS'in\xe2\x80\xa6'
p1067
I46
sS'shit?,90049\n493833970702770177,michaelim11,2014-07-28'
p1068
I46
sS'shirtless'
p1069
I46
sS'overly'
p1070
I46
sS'moon'
p1071
I46
sS'picks'
p1072
I46
sS'wilshire'
p1073
I46
sS'knife'
p1074
I46
sS'football'
p1075
I46
sS'asap'
p1076
I46
sS'seconds'
p1077
I43
sS'nails'
p1078
I46
sS'broken'
p1079
I46
sS'lol,90049\n502884976929828864,erbyy213,2014-08-22'
p1080
I46
sS'terrified'
p1081
I46
sS'throw'
p1082
I45
sS'on'
p1083
I14
sS'ok'
p1084
I40
sS'oh'
p1085
I39
sS'of'
p1086
I7
sS'favorite'
p1087
I45
sS'stand'
p1088
I46
sS'toothpaste'
p1089
I46
sS'doo'
p1090
I46
sS'or'
p1091
I32
sS'road'
p1092
I44
sS'tribe'
p1093
I46
sS'ladies'
p1094
I46
sS'07:28:36.0,34.06210825,-118.47266383,2640,,90049\n504168002951340032,michaelim11,2014-08-26'
p1095
I46
sS'snapchat'
p1096
I45
sS'gary'
p1097
I46
sS'your'
p1098
I18
sS'2*\xe2\x80\x9d'
p1099
I46
sS'fill'
p1100
I46
sS'her'
p1101
I37
sS'area'
p1102
I46
sS'there'
p1103
I36
sS'hey'
p1104
I46
sS'lol'
p1105
I37
sS'start'
p1106
I39
sS'impromptu'
p1107
I46
sS'low'
p1108
I46
sS'lot'
p1109
I44
sS'valencia'
p1110
I43
sS'vicente'
p1111
I35
sS'mornings'
p1112
I46
sS'relic'
p1113
I46
sS',90049\n495024522479665152,michaelim11,2014-08-01'
p1114
I46
sS'jus'
p1115
I46
sS'trying'
p1116
I42
sS'with'
p1117
I15
sS'bundy'
p1118
I46
sS"they're"
p1119
I45
sS'rush'
p1120
I46
sS'comics'
p1121
I46
sS'wrong,90049\n418958149622571009,shaunashaf,2014-01-03'
p1122
I46
sS'one,90049\n501495912779100160,shaunashaf,2014-08-18'
p1123
I46
sS'grass'
p1124
I46
sS'agree'
p1125
I46
sS'side,90049\n496880806074122242,michaelim11,2014-08-06'
p1126
I46
sS'gone'
p1127
I45
sS'ac'
p1128
I46
sS'ad'
p1129
I46
sS'videos'
p1130
I46
sS'forgot'
p1131
I45
sS'am'
p1132
I36
sS'sales'
p1133
I46
sS'deep'
p1134
I46
sS'an'
p1135
I34
sS'ap'
p1136
I46
sS'as'
p1137
I37
sS'at'
p1138
I11
sS'aw'
p1139
I46
sS'watched'
p1140
I44
sS'russel'
p1141
I46
sS'neutralizes'
p1142
I46
sS'again'
p1143
I45
sS'yoga'
p1144
I45
sS'5'
p1145
I42
sS"18:39:54.0,34.05114799,-118.47812614,2640,can't"
p1146
I46
sS'you'
p1147
I4
sS'puppy'
p1148
I46
sS'20:37:04.0,34.06230051,-118.47256146,2640,hi'
p1149
I46
sS'obsessed'
p1150
I46
sS'time'
p1151
I33
sS'denkinger'
p1152
I46
sS'fresh'
p1153
I46
sS'included'
p1154
I46
sS'you\xe2\x80\x9d'
p1155
I46
sS'sneeze'
p1156
I46
sS'svu'
p1157
I46
sS'applause'
p1158
I46
sS'acids'
p1159
I46
sS'u'
p1160
I40
sS'starting'
p1161
I45
sS'all'
p1162
I28
sS'surrounded'
p1163
I46
sS'forget'
p1164
I45
sS'lack'
p1165
I46
sS'month'
p1166
I44
sS'follow'
p1167
I43
sS'scv'
p1168
I46
sS'back,90049\n465775318109003776,michaelim11,2014-05-12'
p1169
I46
sS'rifkind'
p1170
I46
sS'preserves'
p1171
I46
sS'college'
p1172
I46
sS'lining'
p1173
I46
sS'tu'
p1174
I46
sS'thursday'
p1175
I46
sS'laughing'
p1176
I45
sS'to'
p1177
I3
sS'aaron'
p1178
I45
sS'program'
p1179
I46
sS'smile'
p1180
I45
sS'alkalizes'
p1181
I46
sS'sound'
p1182
I46
sS',90049\n492932793505046528,michaelim11,2014-07-26'
p1183
I46
sS'woman'
p1184
I46
sS'worse'
p1185
I43
sS'**8'
p1186
I46
sS'very'
p1187
I44
sS'fat'
p1188
I46
sS'hookah,90049\n490807854345879553,michaelim11,2014-07-20'
p1189
I46
sS'selfies'
p1190
I46
sS'fan'
p1191
I45
sS'fall'
p1192
I45
sS'leads'
p1193
I46
sS'mothers'
p1194
I46
sS'--'
p1195
I45
sS'laying'
p1196
I46
sS'platinum'
p1197
I46
sS'sand'
p1198
I46
sS'sane'
p1199
I46
sS'harry'
p1200
I45
sS"i'll"
p1201
I43
sS'neighborhood'
p1202
I46
sS'endures'
p1203
I46
sS'past'
p1204
I44
sS'link'
p1205
I45
sS'what'
p1206
I29
sS'abc'
p1207
I46
sS'07:07:17.0,34.0527777,-118.4699528,2640,finished'
p1208
I46
sS'opted'
p1209
I45
sS'masnada!\xe2\x80\xa6'
p1210
I46
sS'24"'
p1211
I46
sS'emotions'
p1212
I46
sS'17:25:00.0,34.06206995,-118.4726733,2640,happppyyyy'
p1213
I46
sS'sus'
p1214
I46
sS',90049\n492936552914243584,michaelim11,2014-07-26'
p1215
I46
sS'tie...that'
p1216
I46
sS'movement'
p1217
I46
sS'full'
p1218
I45
sS'hash'
p1219
I46
sS'04:49:50.0,34.06204128,-118.47270615,2640,lazy'
p1220
I46
sS'too?,90049\n490233815252475904,jordanajum,2014-07-18'
p1221
I46
sS"annie's"
p1222
I46
sS'hours'
p1223
I39
sS'berkeley'
p1224
I46
sS'method'
p1225
I46
sS'experience'
p1226
I46
sS'stella'
p1227
I46
sS'airport'
p1228
I46
sS'roomie'
p1229
I46
sS'via'
p1230
I46
sS'followed'
p1231
I46
sS'family'
p1232
I45
sS'fly?,90049\n491482685659836417,michaelim11,2014-07-22'
p1233
I46
sS'texts'
p1234
I45
sS'you\xe2\x80\x99re'
p1235
I46
sS'carmageddon'
p1236
I45
sS"sister's"
p1237
I46
sS'eye'
p1238
I45
sS'peart'
p1239
I46
sS'texting'
p1240
I46
sS'sitter'
p1241
I46
sS'6'
p1242
I44
sS'more'
p1243
I40
sS',90049\n509233352457461760,michaelim11,2014-09-09'
p1244
I46
sS'tryna'
p1245
I46
sS'israel'
p1246
I45
sS'dood'
p1247
I46
sS"ain't"
p1248
I38
sS'broke'
p1249
I46
sS'glad'
p1250
I44
sS'none'
p1251
I46
sS'08:02:18.0,34.06203826,-118.47265461,2640,going'
p1252
I46
sS'yeaaaah'
p1253
I46
sS'del'
p1254
I45
sS'beautiful'
p1255
I44
sS'share'
p1256
I46
sS'socal'
p1257
I46
sS'sike'
p1258
I46
sS'lolol'
p1259
I46
sS',90049\n501643236083892225,michaelim11,2014-08-19'
p1260
I46
sS'a...wait'
p1261
I46
sS"00:54:36.0,34.06213461,-118.4726567,2640,it's"
p1262
I46
sS'huge'
p1263
I45
sS'needs'
p1264
I45
sS'rather'
p1265
I45
sS'21:01:13.0,34.0633831,-118.47213157,2640,i'
p1266
I46
sS'survive\xe2\x80\xa6'
p1267
I46
sS'dessert'
p1268
I46
sS'661-302-8347'
p1269
I46
sS'okay'
p1270
I46
sS'rude'
p1271
I46
sS'advice'
p1272
I46
sS'wiley'
p1273
I46
sS'dayyyy,90049\n494018255166509057,erbyy213,2014-07-29'
p1274
I46
sS'fb'
p1275
I46
sS'adventure'
p1276
I46
sS'coming'
p1277
I42
sS'a'
p1278
I4
sS'03:21:05.0,34.0528265,-118.4699699,2640,all'
p1279
I46
sS'loud'
p1280
I46
sS'bugs'
p1281
I45
sS'roommates'
p1282
I46
sS'*hank'
p1283
I46
sS'dream'
p1284
I46
sS'playing'
p1285
I46
sS"that's"
p1286
I40
sS'mexican'
p1287
I46
sS'40:8'
p1288
I46
sS"don't"
p1289
I25
sS'5:30am'
p1290
I46
sS'soon'
p1291
I44
sS'carmela'
p1292
I46
sS'installed'
p1293
I46
sS'through'
p1294
I45
sS'hell'
p1295
I45
sS'its'
p1296
I46
sS"22:13:04.0,34.05270034,-118.47091524,2640,it's"
p1297
I46
sS'06:22:07.0,34.06213556,-118.47259872,2640,law'
p1298
I46
sS'messed'
p1299
I46
sS'20'
p1300
I46
sS'21'
p1301
I46
sS'pray'
p1302
I46
sS'thnx'
p1303
I46
sS'actually'
p1304
I41
sS'late'
p1305
I41
sS'slayin'
p1306
I46
sS'absence'
p1307
I46
sS'pena'
p1308
I46
sS'09:03:53.0,34.0620855,-118.47267288,2640,do'
p1309
I46
sS'might'
p1310
I46
sS'05:47:20.0,34.06206592,-118.4727634,2640,that'
p1311
I46
sS'happens'
p1312
I46
sS'yh'
p1313
I45
sS'good'
p1314
I28
sS'07:07:42.0,34.0527777,-118.4699528,2640,was'
p1315
I46
sS'03:09:56.0,34.06208307,-118.47267967,2640,just'
p1316
I46
sS'yo'
p1317
I44
sS'food'
p1318
I40
sS'rowingrest'
p1319
I46
sS'it.,90049\n470494058473746433,michaelim11,2014-05-25'
p1320
I46
sS'moaning'
p1321
I46
sS"you've"
p1322
I45
sS'tonight,90049\n455601981805973504,michaelim11,2014-04-14'
p1323
I46
sS'complain'
p1324
I46
sS'iced'
p1325
I44
sS'always'
p1326
I39
sS'19:39:06.0,34.06206991,-118.47276634,2640,someone'
p1327
I46
sS'07:17:04.0,34.0621603,-118.47274094,2640,missed'
p1328
I46
sS'shalom,90049\n497444656406216704,michaelim11,2014-08-07'
p1329
I46
sS'found'
p1330
I44
sS'fairy'
p1331
I46
sS'trailer'
p1332
I46
sS'heavy'
p1333
I46
sS'status'
p1334
I46
sS'everyone'
p1335
I44
sS'neil'
p1336
I45
sS'generation'
p1337
I46
sS'house'
p1338
I41
sS'hard'
p1339
I43
sS'idea'
p1340
I45
sS'of:1'
p1341
I46
sS'blues'
p1342
I46
sS'beyond'
p1343
I46
sS'butthurt'
p1344
I46
sS'08:34:01.0,34.06213047,-118.47265176,2640,i'
p1345
I46
sS'really'
p1346
I34
sS'bikers'
p1347
I46
sS'beyonceeveryone'
p1348
I46
sS'missed'
p1349
I43
sS'since'
p1350
I44
sS'redknapp'
p1351
I45
sS'granola'
p1352
I46
sS'7'
p1353
I46
sS'youuuu,90049\n460610657344167937,michaelim11,2014-04-28'
p1354
I46
sS'friends,90049\n466630135601307650,axelll23,2014-05-14'
p1355
I46
sS'ass'
p1356
I44
sS'toscana'
p1357
I46
sS'dirt'
p1358
I46
sS'friday'
p1359
I41
sS'20:13:03.0,34.06212598,-118.47270356,2640,shoutout'
p1360
I46
sS'pub'
p1361
I46
sS'houses'
p1362
I46
sS'reason'
p1363
I46
sS'imagine'
p1364
I46
sS'put'
p1365
I45
sS'beginning'
p1366
I46
sS'acura'
p1367
I46
sS',90049\n500924031768743936,michaelim11,2014-08-17'
p1368
I46
sS'exhibited'
p1369
I46
sS'danzig'
p1370
I46
sS'toothaches'
p1371
I46
sS'feel'
p1372
I39
sS'brutally'
p1373
I46
sS'tow'
p1374
I46
sS'feet'
p1375
I46
sS'done'
p1376
I44
sS'kobe'
p1377
I46
sS'\xd9\x88\xd8\xac\xd9\x85\xd8\xa7\xd8\xb9\xd8\xaa\xd9\x87'
p1378
I46
sS'miss'
p1379
I39
sS'always,90049\n507053403814383616,michaelim11,2014-09-03'
p1380
I46
sS'story'
p1381
I45
sS'"'
p1382
I46
sS'heads'
p1383
I46
sS'guest'
p1384
I46
sS'our\xe2\x80\xa6'
p1385
I46
sS'least'
p1386
I45
sS'wonderful'
p1387
I45
sS'passed'
p1388
I46
sS'banana'
p1389
I46
sS'store'
p1390
I46
sS'muscles'
p1391
I46
sS'option'
p1392
I46
sS'relationship'
p1393
I46
sS'behind'
p1394
I45
sS'norma'
p1395
I46
sS'park'
p1396
I45
sS'scooby'
p1397
I46
sS'08:52:00.0,34.0621758,-118.47233075,2640,realized'
p1398
I46
sS'appreciation'
p1399
I46
sS'part'
p1400
I45
sS'nigga'
p1401
I46
sS'demonstrations'
p1402
I46
sS'believe'
p1403
I41
sS'$1'
p1404
I46
sS'kind'
p1405
I44
sS'b'
p1406
I46
sS'dank'
p1407
I46
sS'back,90049\n494017175431041026,erbyy213,2014-07-29'
p1408
I46
sS'toe'
p1409
I46
sS'motivation'
p1410
I46
sS'outta'
p1411
I45
sS'ages'
p1412
I46
sS'novak'
p1413
I46
sS'juice'
p1414
I44
sS'asian!,90049\n448892113975922688,jujuyub,2014-03-26'
p1415
I46
sS',90049\n499803263701491712,michaelim11,2014-08-14'
p1416
I46
sS'06:40:03.0,34.06203659,-118.47265821,2640,\xe2\x9c\x8c\xef\xb8\x8f'
p1417
I46
sS'sell'
p1418
I46
sS'23:42:51.0,34.05794537,-118.47703068,2640,this'
p1419
I46
sS'nights'
p1420
I45
sS'drunk'
p1421
I46
sS'self'
p1422
I45
sS'also'
p1423
I44
sS'entirety'
p1424
I46
sS'finding'
p1425
I46
sS'brace'
p1426
I46
sS'cavs'
p1427
I46
sS'play'
p1428
I46
sS'\xe2\x9d\xa4'
p1429
I46
sS'amal'
p1430
I46
sS'eggs'
p1431
I46
sS',90049\n492939246970224640,michaelim11,2014-07-26'
p1432
I46
sS'brioche'
p1433
I46
sS'boulevard\xe2\x80\xa6'
p1434
I46
sS'nothing'
p1435
I43
sS'08:47:44.0,34.06212443,-118.47271462,2640,i'
p1436
I46
sS'sweats'
p1437
I46
sS'refrigerate'
p1438
I45
sS'windows'
p1439
I46
sS'sometimes'
p1440
I45
sS'life...eating'
p1441
I46
sS'clean'
p1442
I43
sS't-pain'
p1443
I46
sS'later\xe2\x80\x9d'
p1444
I46
sS',90049\n502710272768098305,michaelim11,2014-08-22'
p1445
I46
sS'paul'
p1446
I46
sS'botellas'
p1447
I46
sS'stfu'
p1448
I46
sS'\xd8\xb9\xd9\x86'
p1449
I46
sS'find'
p1450
I45
sS'giant'
p1451
I46
sS'pretty'
p1452
I44
sS'begins'
p1453
I46
sS'his'
p1454
I38
sS'hit'
p1455
I43
sS'move?,90049\n492079051696123904,michaelim11,2014-07-23'
p1456
I46
sS'sunny'
p1457
I46
sS'trees'
p1458
I46
sS'famous'
p1459
I46
sS'feels'
p1460
I44
sS'during'
p1461
I45
sS'it.,90049\n459244331065298944,michaelim11,2014-04-24'
p1462
I46
sS'barneys'
p1463
I46
sS'him'
p1464
I40
sS'chimney'
p1465
I46
sS'cry'
p1466
I46
sS'ahhhhh'
p1467
I46
sS'07:16:30.0,34.06207544,-118.47270783,2640,why'
p1468
I46
sS'brush'
p1469
I46
sS'refilled'
p1470
I46
sS'approaching'
p1471
I46
sS'insane'
p1472
I45
sS'set'
p1473
I44
sS'art'
p1474
I46
sS'reminisced'
p1475
I46
sS'intelligence'
p1476
I46
sS'vine'
p1477
I46
sS'22:49:22.0,34.06334898,-118.47214532,2640,i'
p1478
I46
sS'sex'
p1479
I46
sS'see'
p1480
I36
sS'sec'
p1481
I46
sS'are'
p1482
I23
sS'close'
p1483
I46
sS'2.0'
p1484
I46
sS'arm'
p1485
I46
sS'fricking'
p1486
I46
sS'movie'
p1487
I46
sS'wow'
p1488
I40
sS'currently'
p1489
I45
sS'please'
p1490
I41
sS'fans'
p1491
I44
sS'probably'
p1492
I45
sS',90049\n504167505628524544,michaelim11,2014-08-26'
p1493
I46
sS'knowing'
p1494
I44
sS'missing'
p1495
I45
sS'sold'
p1496
I46
sS'attention'
p1497
I46
sS'03:20:55.0,34.0528265,-118.4699699,2640,like'
p1498
I46
sS'06:15:12.0,34.06206689,-118.47271462,2640,fake'
p1499
I46
sS'both'
p1500
I45
sS'doe,90049\n505252908590694400,michaelim11,2014-08-29'
p1501
I46
sS'last'
p1502
I37
sS'license'
p1503
I46
sS'restaurant'
p1504
I45
sS'06:38:02.0,34.06205788,-118.47268218,2640,seeing'
p1505
I46
sS"wouldn't"
p1506
I46
sS'barely'
p1507
I45
sS"00:04:08.0,34.06209157,-118.47278159,2640,you're"
p1508
I46
sS'8am'
p1509
I46
sS'whole'
p1510
I45
sS'honestly'
p1511
I46
sS'elliot'
p1512
I46
sS'point'
p1513
I44
sS'sweet'
p1514
I45
sS'08:49:31.0,34.06212703,-118.47273557,2640,do'
p1515
I46
sS'likes'
p1516
I46
sS'bench'
p1517
I46
sS'expensive'
p1518
I46
sS'duh'
p1519
I46
sS'lol,90049\n495408921218015232,erbyy213,2014-08-02'
p1520
I46
sS'souplantation'
p1521
I44
sS'appears'
p1522
I46
sS'dropping'
p1523
I45
sS'damn'
p1524
I45
sS'>,90049\n229774814737469441,jdsusskind,2012-07-30'
p1525
I46
sS'woke'
p1526
I46
sS'fire'
p1527
I46
sS'\xd7\x9c\xd7\x99'
p1528
I46
sS"what's"
p1529
I46
sS'gas'
p1530
I45
sS'else'
p1531
I44
sS'02:35:52.0,34.0528053,-118.4699962,2640,i'
p1532
I46
sS'awake'
p1533
I41
sS'pressrest'
p1534
I46
sS'pierce'
p1535
I46
sS'crenshaw'
p1536
I46
sS'look'
p1537
I42
sS'slyly'
p1538
I46
sS'talking'
p1539
I46
sS'moabet'
p1540
I46
sS'bill'
p1541
I46
sS'fux'
p1542
I46
sS'while'
p1543
I43
sS'pressed'
p1544
I46
sS'fun'
p1545
I44
sS'kissing'
p1546
I45
sS'08:10:49.0,34.06190751,-118.47263549,2640,lol'
p1547
I46
sS'theres'
p1548
I46
sS'pound'
p1549
I46
sS'10000'
p1550
I46
sS'<3'
p1551
I46
sS'rip'
p1552
I45
sS'stations'
p1553
I46
sS'sugarfish'
p1554
I46
sS'ready'
p1555
I44
sS'funny'
p1556
I43
sS'fedora'
p1557
I46
sS'anymore'
p1558
I46
sS'\xd8\xa8\xd9\x8a\xd9\x86'
p1559
I46
sS'grand'
p1560
I46
sS'9'
p1561
I45
sS'ruth'
p1562
I46
sS'eww'
p1563
I46
sS'wow,90049\n503939966641405952,michaelim11,2014-08-25'
p1564
I46
sS'holla\xe2\x9c\x8c\xef\xb8\x8f'
p1565
I46
sS'fatty'
p1566
I46
sS'stacy'
p1567
I46
sS'moment'
p1568
I41
sS'walmart'
p1569
I46
sS'moving'
p1570
I46
sS'(11975'
p1571
I46
sS'bitton'
p1572
I46
sS'*turns'
p1573
I46
sS'analysis'
p1574
I46
sS'grind'
p1575
I46
sS'person'
p1576
I41
sS'inspirational'
p1577
I46
sS'known,90049\n461415859882164224,michaelim11,2014-04-30'
p1578
I46
sS'y'
p1579
I45
sS'mom'
p1580
I42
sS'me?,90049\n467047071644913664,michaelim11,2014-05-15'
p1581
I46
sS'"like'
p1582
I45
sS'world'
p1583
I44
sS'cus'
p1584
I45
sS'...\xd9\x88\xd9\x8a\xd9\x86'
p1585
I46
sS'cuz'
p1586
I46
sS'kiefy'
p1587
I46
sS'parents'
p1588
I46
sS'crying'
p1589
I43
sS'\xd8\xa7\xd9\x84\xd9\x85\xd8\xb5\xd8\xb1\xd9\x8a\xd9\x8a\xd9\x86'
p1590
I46
sS'\xd8\xa7\xd9\x84\xd9\x85\xd8\xb5\xd8\xa7\xd8\xb1\xd9\x8a'
p1591
I46
sS'pharell'
p1592
I45
sS'couple'
p1593
I46
sS'22:52:47.0,34.06214255,-118.47260551,2640,someone'
p1594
I46
sS'game'
p1595
I41
sS"noah's"
p1596
I45
sS'lol,90049\n503370127912763393,erbyy213,2014-08-24'
p1597
I46
sS'bit'
p1598
I46
sS'formal'
p1599
I46
sS'bama'
p1600
I46
sS'd'
p1601
I43
sS'flappy'
p1602
I45
sS"lorrie's"
p1603
I46
sS'all-league'
p1604
I46
sS'time:30'
p1605
I46
sS'often'
p1606
I46
sS'fucking'
p1607
I41
sS'tambi\xc3\xa9n'
p1608
I46
sS'asssscat'
p1609
I46
sS'some'
p1610
I38
sS'back'
p1611
I40
sS'dickheads'
p1612
I46
sS'pen'
p1613
I46
sS'ex....when'
p1614
I46
sS'09:04:20.0,34.0622375,-118.4729105,2640,can'
p1615
I46
sS'prob'
p1616
I46
sS'either'
p1617
I44
sS'be'
p1618
I17
sS'eating'
p1619
I44
sS'bb'
p1620
I46
sS'bc'
p1621
I46
sS'ufc'
p1622
I46
sS'laker'
p1623
I44
sS'bj'
p1624
I45
sS'bk'
p1625
I45
sS'santa'
p1626
I42
sS'ache'
p1627
I46
sS'raspberry'
p1628
I46
sS'by'
p1629
I39
sS'veces'
p1630
I46
sS'anything'
p1631
I43
sS'proveedora'
p1632
I46
sS',90049\n455128945986641920,joshyyyjoon,2014-04-12'
p1633
I46
sS"mcdonald's"
p1634
I46
sS'truck'
p1635
I46
sS'graduation'
p1636
I46
sS'drama'
p1637
I46
sS'deserves'
p1638
I45
sS'wouldna'
p1639
I46
sS'mouth'
p1640
I46
sS'wanna'
p1641
I44
sS'disclosure'
p1642
I46
sS'auntie'
p1643
I46
sS'into'
p1644
I43
sS'within'
p1645
I46
sS'nonsense'
p1646
I46
sS'because'
p1647
I36
sS'ayyy'
p1648
I46
sS'lebron'
p1649
I45
sS'downhill'
p1650
I46
sS'smells'
p1651
I44
sS'sad'
p1652
I46
sS'question'
p1653
I45
sS'long'
p1654
I45
sS"we're"
p1655
I44
sS'suit'
p1656
I46
sS'mountains'
p1657
I46
sS'19:04:27.0,34.06188965,-118.47258939,2640,hi'
p1658
I46
sS'himself'
p1659
I45
sS'invite'
p1660
I46
sS'murphy'
p1661
I46
sS'toooo'
p1662
I46
sS'07:19:38.0,34.06234361,-118.47197608,2640,late'
p1663
I46
sS'yesssss'
p1664
I46
sS'04:16:46.0,34.05526041,-118.48787111,2640,surfboard,90049\n448893468903895040,jujuyub,2014-03-26'
p1665
I46
sS'01810'
p1666
I46
sS'upright'
p1667
I46
sS'jags'
p1668
I46
sS'dull'
p1669
I46
sS'bartolotta'
p1670
I46
sS'posted'
p1671
I44
sS'ut'
p1672
I46
sS'fries'
p1673
I46
sS'up'
p1674
I28
sS'us'
p1675
I39
sS'ur'
p1676
I46
sS'kk'
p1677
I46
sS'ni\xc3\xb1os'
p1678
I46
sS'chelsea'
p1679
I46
sS'splints'
p1680
I46
sS'uc'
p1681
I46
sS'yelled'
p1682
I46
sS'uber'
p1683
I46
sS'freak'
p1684
I46
sS'bed,90049\n454516466549661697,michaelim11,2014-04-11'
p1685
I46
sS'intereactuaron'
p1686
I46
sS'chai'
p1687
I46
sS'\xd8\xb6\xd8\xaf'
p1688
I46
sS'char'
p1689
I45
sS'associates'
p1690
I46
sS'thursday\xe2\x80\x9d,90049\n507356669068603392,michaelim11,2014-09-04'
p1691
I46
sS'18:35:24.0,34.06224105,-118.47265788,2640,is'
p1692
I46
sS'anderson!\xe2\x80\xa6'
p1693
I46
sS'for.\xe2\x80\x9d,90049\n514688965748592640,michaelim11,2014-09-24'
p1694
I46
sS'amounts'
p1695
I46
sS'btwn'
p1696
I46
sS'nick'
p1697
I46
sS'it,90049\n469762658732752897,michaelim11,2014-05-23'
p1698
I46
sS'naw'
p1699
I46
sS',90049\n502886774432346113,michaelim11,2014-08-22'
p1700
I46
sS'mock'
p1701
I46
sS'nice'
p1702
I43
sS'smiles'
p1703
I45
sS'missin'
p1704
I46
sS'\xe2\x98\xba\xef\xb8\x8f\xe2\x98\xba\xef\xb8\x8f'
p1705
I46
sS'occurred'
p1706
I46
sS'helping'
p1707
I46
sS'pilates'
p1708
I46
sS'song'
p1709
I46
sS'desert'
p1710
I46
sS'happier'
p1711
I46
sS'walked'
p1712
I45
sS'frozen"'
p1713
I46
sS'impatient'
p1714
I46
sS'2000'
p1715
I46
sS'hella'
p1716
I46
sS'far'
p1717
I44
sS"she's"
p1718
I45
sS'underrated'
p1719
I46
sS'24??"'
p1720
I46
sS'having'
p1721
I42
sS'once'
p1722
I45
sS'cheetos'
p1723
I46
sS'amish'
p1724
I46
sS'birthdayyy'
p1725
I46
sS'valencia\xe2\x80\xa6'
p1726
I46
sS'gang'
p1727
I46
sS'go'
p1728
I36
sS'gossip'
p1729
I46
sS'conversation'
p1730
I46
sS'chillin'
p1731
I46
sS'with,90049\n462281613338873856,michaelim11,2014-05-02'
p1732
I46
sS'vietnamese'
p1733
I46
sS'gotttta'
p1734
I46
sS'08:04:48.0,34.06208939,-118.47277455,2640,is'
p1735
I46
sS'young'
p1736
I46
sS'retweets'
p1737
I46
sS'brigade'
p1738
I46
sS'stocked'
p1739
I46
sS'outside'
p1740
I46
sS'automotive'
p1741
I46
sS'kitty'
p1742
I46
sS'wave'
p1743
I46
sS'putting'
p1744
I46
sS'isaiah'
p1745
I46
sS'midterm'
p1746
I46
sS'ryan'
p1747
I45
sS'try'
p1748
I45
sS'brutal'
p1749
I46
sS'02:24:21.0,34.06211672,-118.47267665,2640,,90049\n501864381013975041,michaelim11,2014-08-19'
p1750
I46
sS'goodies'
p1751
I46
sS'it\xe2\x80\x9d,90049\n508767708016803840,michaelim11,2014-09-08'
p1752
I46
sS'lol,90049\n495408878058622976,erbyy213,2014-08-02'
p1753
I46
sS'video'
p1754
I44
sS'booth'
p1755
I46
sS'uncomfortable'
p1756
I45
sS'acid'
p1757
I46
sS'plays'
p1758
I46
sS'00:21:57.0,34.05833264,-118.47882978,2640,beach'
p1759
I46
sS'overwhelmed'
p1760
I46
sS'lmfao'
p1761
I46
sS'waiting'
p1762
I43
sS'18:28:16.0,34.052801,-118.4700147,2640,better'
p1763
I46
sS'playa'
p1764
I46
sS'capital'
p1765
I46
sS"06:26:13.0,34.06209426,-118.47266609,2640,who's"
p1766
I46
sS'bird'
p1767
I45
sS'audiologist.\xe2\x80\xa6'
p1768
I46
sS'body'
p1769
I45
sS'leg'
p1770
I45
sS'commercial'
p1771
I45
sS'desired'
p1772
I46
sS'packing'
p1773
I46
sS',90049\n454142261672939520,michaelim11,2014-04-10'
p1774
I46
sS'let'
p1775
I43
sS'sink'
p1776
I46
sS'separation'
p1777
I46
sS',90049\n467364307210997760,michaelim11,2014-05-16'
p1778
I46
sS'sexy'
p1779
I46
sS'great'
p1780
I45
sS'engage'
p1781
I46
sS'technical'
p1782
I46
sS'chant'
p1783
I46
sS'30'
p1784
I44
sS'37'
p1785
I46
sS'leaving'
p1786
I46
sS'oficial'
p1787
I46
sS'makes'
p1788
I46
sS'wif'
p1789
I46
sS'wit'
p1790
I46
sS'\xd8\xa7\xd9\x84\xd9\x8a'
p1791
I46
sS'standing'
p1792
I46
sS'\xd9\x85\xd9\x86'
p1793
I46
sS'from'
p1794
I37
sS'&'
p1795
I22
sS'next'
p1796
I44
sS'few'
p1797
I45
sS'luvin'
p1798
I46
sS'themselves'
p1799
I46
sS'chip'
p1800
I46
sS'fey'
p1801
I46
sS'babe'
p1802
I46
sS'started'
p1803
I46
sS'\xd9\x8a\xd8\xb5\xd9\x8a\xd8\xb1'
p1804
I46
sS'about'
p1805
I37
sS'gettin'
p1806
I46
sS'rabbit'
p1807
I46
sS'baby'
p1808
I45
sS'4am'
p1809
I46
sS'7pm'
p1810
I46
sS'this'
p1811
I16
sS'ride'
p1812
I38
sS'clients'
p1813
I45
sS'06:54:03.0,34.06210918,-118.47272962,2640,hi'
p1814
I46
sS'meet'
p1815
I45
sS',90049\n473348725851832320,michaelim11,2014-06-02'
p1816
I46
sS'control'
p1817
I46
sS'do'
p1818
I24
sS'leme'
p1819
I46
sS'halloween'
p1820
I46
sS'pieces'
p1821
I46
sS'high'
p1822
I45
sS'healthy....what'
p1823
I46
sS'pulling'
p1824
I46
sS'something'
p1825
I42
sS'tab'
p1826
I46
sS'blvd'
p1827
I42
sS'sis'
p1828
I46
sS'dwp'
p1829
I46
sS'sit'
p1830
I46
sS'vibe'
p1831
I45
sS'purpose'
p1832
I46
sS'22:08:26.0,34.06212653,-118.47271219,2640,no'
p1833
I46
sS'"empty"'
p1834
I46
sS'instead'
p1835
I46
sS'attend'
p1836
I46
sS'farm'
p1837
I46
sS'stop'
p1838
I40
sS'act'
p1839
I46
sS'discomfort'
p1840
I46
sS'fits'
p1841
I45
sS'cuesta'
p1842
I46
sS'light'
p1843
I44
sS'lame'
p1844
I46
sS'capsule'
p1845
I46
sS'on\xe2\x80\xa6'
p1846
I46
sS'08:33:56.0,34.06201438,-118.47270101,2640,why'
p1847
I46
sS'addiction'
p1848
I46
sS'pardo'
p1849
I46
sS'holds'
p1850
I46
sS'move'
p1851
I44
sS"won't"
p1852
I45
sS'looks'
p1853
I44
sS'hii'
p1854
I46
sS'perfect'
p1855
I44
sS'write'
p1856
I46
sS'le'
p1857
I38
sS'la'
p1858
I44
sS'me?"'
p1859
I46
sS'[pic]'
p1860
I45
sS'drink?\xe2\x80\x9d,90049\n507053503949201408,michaelim11,2014-09-03'
p1861
I46
sS'tyler'
p1862
I46
sS'degrees'
p1863
I46
sS'2014'
p1864
I44
sS'dad'
p1865
I45
sS'greater'
p1866
I46
sS'today,90049\n506700501644103680,michaelim11,2014-09-02'
p1867
I46
sS'\xd8\xa7\xd9\x88\xd8\xb3\xd8\xae'
p1868
I46
sS'dan'
p1869
I46
sS'versace'
p1870
I46
sS'cutting'
p1871
I46
sS'snake'
p1872
I46
sS'hands'
p1873
I45
sS'"traffic'
p1874
I46
sS'day'
p1875
I27
sS'worlds'
p1876
I46
sS'samira'
p1877
I46
sS'delightful'
p1878
I46
sS'magnitude'
p1879
I46
sS',90049\n472909440471953408,michaelim11,2014-06-01'
p1880
I46
sS'bueno'
p1881
I46
sS'doing'
p1882
I46
sS'macaroons'
p1883
I46
sS'our'
p1884
I40
sS'80'
p1885
I46
sS'morton'
p1886
I46
sS'special'
p1887
I45
sS'out'
p1888
I21
sS'night,90049\n500904522013605889,michaelim11,2014-08-17'
p1889
I46
sS'secretly'
p1890
I44
sS'matt'
p1891
I46
sS'07:24:34.0,34.0623655,-118.47273885,2640,i'
p1892
I46
sS'w/o'
p1893
I46
sS'&\xe2\x80\xa6'
p1894
I46
sS'mate'
p1895
I44
sS'rec'
p1896
I46
sS'cause'
p1897
I46
sS"01:16:11.0,34.0620974,-118.47273926,2640,i'm"
p1898
I46
sS'red'
p1899
I46
sS'obsess'
p1900
I46
sS'shut'
p1901
I46
sS'frank'
p1902
I45
sS'k,90049\n507053242371416064,michaelim11,2014-09-03'
p1903
I46
sS'que'
p1904
I46
sS'18:10:22.0,34.06206131,-118.47267875,2640,miss'
p1905
I46
sS'sitting'
p1906
I46
sS'princess'
p1907
I46
sS'could'
p1908
I42
sS'keep'
p1909
I44
sS'*teaser'
p1910
I46
sS'haaaa'
p1911
I46
sS'felt'
p1912
I46
sS'austin'
p1913
I45
sS'stuck'
p1914
I46
sS'kendall'
p1915
I46
sS'finess'
p1916
I46
sS'deuces,90049\n517190612907720704,michaelim11,2014-10-01'
p1917
I46
sS'franko'
p1918
I46
sS'reaches'
p1919
I46
sS'bitch'
p1920
I45
sS'lagging'
p1921
I46
sS'mah'
p1922
I46
sS'owner'
p1923
I46
sS'blows'
p1924
I46
sS'hehe'
p1925
I46
sS'\xd9\x88\xd8\xb3\xd8\xae'
p1926
I46
sS"doesn't"
p1927
I41
sS'03:12:40.0,34.06199154,-118.47276374,2640,every'
p1928
I46
sS'150$'
p1929
I46
sS'los'
p1930
I42
sS'adopted'
p1931
I46
sS'ago,90049\n502644397650243584,michaelim11,2014-08-22'
p1932
I46
sS'their'
p1933
I41
sS'voldemort'
p1934
I46
sS'racist'
p1935
I46
sS'painful'
p1936
I45
sS'beard'
p1937
I46
sS'flume'
p1938
I46
sS'malibu'
p1939
I45
sS'stomach'
p1940
I46
sS'thoughts,90049\n491134546239180800,michaelim11,2014-07-21'
p1941
I46
sS'punish'
p1942
I46
sS'exactly'
p1943
I45
sS'depressing'
p1944
I46
sS'grandpa'
p1945
I46
sS'keibler'
p1946
I46
sS'july'
p1947
I46
sS'knowles'
p1948
I46
sS'closet'
p1949
I46
sS'loved'
p1950
I46
sS'07:33:15.0,34.06212743,-118.47245893,2640,ever'
p1951
I46
sS'sweats?"'
p1952
I46
sS'bed'
p1953
I40
sS'\xd8\xab\xd9\x88\xd8\xb1\xd8\xa9'
p1954
I46
sS'decided'
p1955
I46
sS'rude,90049\n492754760571695104,michaelim11,2014-07-25'
p1956
I46
sS'collecting'
p1957
I46
sS'1.2'
p1958
I46
sS'05:46:37.0,34.06221867,-118.47259137,2640,me'
p1959
I46
sS'tonight'
p1960
I36
sS'torment'
p1961
I46
sS'have'
p1962
I20
sS'need'
p1963
I37
sS'alexa'
p1964
I46
sS'clearly'
p1965
I46
sS'06:31:28.0,34.06204388,-118.47268168,2640,are'
p1966
I46
sS',90049\n468670960871436288,michaelim11,2014-05-20'
p1967
I46
sS'studying'
p1968
I46
sS'mic'
p1969
I46
sS'able'
p1970
I46
sS'parks'
p1971
I46
sS'jail'
p1972
I45
sS'asshole'
p1973
I46
sS'lily'
p1974
I46
sS';-)'
p1975
I46
sS'aww'
p1976
I46
sS'who'
p1977
I41
sS"where's"
p1978
I46
sS'cracking'
p1979
I46
sS'tiredlol'
p1980
I46
sS'achilles'
p1981
I45
sS'sally'
p1982
I46
sS'class'
p1983
I44
sS'face'
p1984
I43
sS'uefa'
p1985
I46
sS'fact'
p1986
I45
sS'son'
p1987
I46
sS'repsrow'
p1988
I46
sS'purell'
p1989
I46
sS'text'
p1990
I40
sS'escobar'
p1991
I46
sS'bring'
p1992
I42
sS'parked'
p1993
I45
sS"01:53:37.0,34.06207602,-118.47265125,2640,i'm"
p1994
I46
sS'06:22:38.0,34.06219833,-118.47223111,2640,they'
p1995
I46
sS',90049\n395202602171781121,anthearosenbaum,2013-10-29'
p1996
I46
sS'\xd9\x81\xd9\x8a'
p1997
I46
sS'deltron'
p1998
I46
sS'should'
p1999
I40
sS"anyone's"
p2000
I46
sS'love/hate'
p2001
I46
sS'marriage'
p2002
I46
sS'geese'
p2003
I46
sS'hope'
p2004
I39
sS'regularly'
p2005
I46
sS'08:15:55.0,34.06249621,-118.47299307,2640,the'
p2006
I46
sS'means'
p2007
I46
sS'familiar'
p2008
I46
sS'michigan'
p2009
I46
sS'tbt'
p2010
I46
sS'alamuddin'
p2011
I46
sS'words'
p2012
I44
sS'jeannie'
p2013
I45
sS'95-lb'
p2014
I46
sS'married'
p2015
I46
sS'obsessed,90049\n517190593685241856,michaelim11,2014-10-01'
p2016
I46
sS'calling'
p2017
I46
sS'text>>'
p2018
I46
sS"staude's"
p2019
I46
sS'she'
p2020
I40
sS'mercedes'
p2021
I46
sS"04:08:48.0,34.06212502,-118.47252536,2640,it's"
p2022
I46
sS'mascaro'
p2023
I46
sS'control"'
p2024
I46
sS'spotted'
p2025
I46
sS'no...sounds'
p2026
I46
sS',90049\n517186294355877888,michaelim11,2014-10-01'
p2027
I46
sS'uncomfortable\xe2\x80\x9d'
p2028
I46
sS'humans'
p2029
I46
sS'computer'
p2030
I46
sS'eyyyyyyy'
p2031
I46
sS'19:20:25.0,34.06214635,-118.47268679,2640,seek'
p2032
I46
sS'drivin'
p2033
I46
sS'packed'
p2034
I46
sS'luv'
p2035
I45
sS'mid-november'
p2036
I46
sS'nightmare'
p2037
I46
sS'state'
p2038
I46
sS'marsha'
p2039
I46
sS'horrible'
p2040
I45
sS'progress'
p2041
I46
sS'email'
p2042
I46
sS'bleed'
p2043
I46
sS'brentwood'
p2044
I24
sS'opening'
p2045
I45
sS'keg'
p2046
I46
sS'best!\xe2\x80\xa6'
p2047
I46
sS'sho'
p2048
I46
sS'job'
p2049
I44
sS'night,90049\n500493945886216193,erbyy213,2014-08-16'
p2050
I46
sS'2pm'
p2051
I46
sS'instant'
p2052
I46
sS'joke'
p2053
I46
sS'taking'
p2054
I45
sS'drug'
p2055
I46
sS'trips'
p2056
I46
sS'join\xe2\x80\xa6'
p2057
I46
sS'21:39:28.0,34.06208731,-118.47264013,2640,fake'
p2058
I46
sS'passing'
p2059
I46
sS'wear'
p2060
I46
sS'rebekah'
p2061
I46
sS'tuesday'
p2062
I44
sS'walk'
p2063
I45
sS'commend'
p2064
I46
sS'-->'
p2065
I46
sS'ucb'
p2066
I46
sS'laugh'
p2067
I46
sS'whispering'
p2068
I46
sS'respect'
p2069
I46
sS'johnny'
p2070
I46
sS"it's"
p2071
I19
sS"07:02:00.0,34.06210842,-118.47273474,2640,haven't"
p2072
I46
sS'01:14:23.0,34.06060615,-118.47131722,2640,the'
p2073
I46
sS'(13050'
p2074
I44
sS'keep.\xe2\x80\x9d,90049\n507054894960762881,michaelim11,2014-09-03'
p2075
I46
sS'slowly'
p2076
I46
sS'treat'
p2077
I45
sS"it'd"
p2078
I46
sS'mike'
p2079
I45
sS'retarder'
p2080
I46
sS'finished'
p2081
I44
sS'20:47:24.0,34.06211546,-118.47280221,2640,perfect'
p2082
I46
sS'-.-'
p2083
I46
sS'brunch'
p2084
I46
sS'bb-'
p2085
I46
sS'xoxoxo'
p2086
I46
sS'vanilla'
p2087
I46
sS'harder'
p2088
I46
sS'cvs'
p2089
I46
sS'will'
p2090
I42
sS'"one'
p2091
I46
sS'hahaha'
p2092
I44
sS'vicky'
p2093
I46
sS'almost'
p2094
I45
sS'jajaja'
p2095
I46
sS'sus\xe2\x80\x9din'
p2096
I46
sS'thus'
p2097
I46
sS'helped'
p2098
I46
sS',90049\n513963615829757955,michaelim11,2014-09-22'
p2099
I46
sS'vs'
p2100
I46
sS'felica'
p2101
I46
sS'ave'
p2102
I46
sS'revis'
p2103
I45
sS'whore'
p2104
I46
sS'jenner'
p2105
I46
sS'happy'
p2106
I35
sS'-___-'
p2107
I46
sS'now!"'
p2108
I46
sS'guns'
p2109
I46
sS"10:38:05.0,34.06209442,-118.47263918,2640,i'm"
p2110
I46
sS'party'
p2111
I44
sS'gets'
p2112
I45
sS'solange'
p2113
I46
sS'ball'
p2114
I46
sS'suzz'
p2115
I46
sS'drink'
p2116
I45
sS'u,90049\n506366826411212800,michaelim11,2014-09-01'
p2117
I46
sS',90049\n496031949853851648,michaelim11,2014-08-03'
p2118
I46
sS'sisters'
p2119
I46
sS'raras'
p2120
I46
sS'seconds30'
p2121
I46
sS'off'
p2122
I38
sS'i'
p2123
I2
sS'well'
p2124
I43
sS'thought'
p2125
I44
sS'diet-'
p2126
I46
sS'english'
p2127
I46
sS'position'
p2128
I45
sS'ily'
p2129
I46
sS'carrie'
p2130
I46
sS'barking'
p2131
I46
sS'cried'
p2132
I46
sS'less'
p2133
I46
sS'sources'
p2134
I45
sS',90049\n500912770561638402,michaelim11,2014-08-17'
p2135
I46
sS'arrogant'
p2136
I46
sS'clipper'
p2137
I45
sS'07:02:31.0,34.06199078,-118.47261211,2640,someone'
p2138
I46
sS'snoozin'
p2139
I46
sS'scent'
p2140
I46
sS'headed'
p2141
I46
sS'sky'
p2142
I46
sS'realize'
p2143
I44
sS'ska'
p2144
I46
sS'hungry...,90049\n495408818554028032,erbyy213,2014-08-02'
p2145
I46
sS'crack'
p2146
I44
sS'smart'
p2147
I46
sS'kick'
p2148
I45
sS"08:14:02.0,34.06203923,-118.47272342,2640,can't"
p2149
I46
sS'checking'
p2150
I46
sS"who's"
p2151
I45
sS'know'
p2152
I31
sS'03:14:18.0,34.0527878,-118.4699574,2640,free'
p2153
I46
sS'"your'
p2154
I46
sS'forcing'
p2155
I46
sS'like'
p2156
I19
sS'lost'
p2157
I41
sS'miami'
p2158
I46
sS'loser'
p2159
I46
sS'garage'
p2160
I46
sS'chick'
p2161
I46
sS'works'
p2162
I46
sS'soft'
p2163
I46
sS'page'
p2164
I46
sS'browns,90049\n451797394523295746,michaelim11,2014-04-03'
p2165
I46
sS'brody'
p2166
I46
sS'scared'
p2167
I44
sS'alive'
p2168
I45
sS'hair'
p2169
I45
sS'nagao'
p2170
I46
sS'jaimes'
p2171
I46
sS'home'
p2172
I38
sS';p,90049\n503438376444653568,erbyy213,2014-08-24'
p2173
I46
sS'literally'
p2174
I44
sS'kogi'
p2175
I46
sS'does'
p2176
I44
sS'eso'
p2177
I46
sS'bestfriend'
p2178
I46
sS'says'
p2179
I46
sS'time:135-lb'
p2180
I46
sS'stuff"'
p2181
I46
sS'schedule'
p2182
I43
sS'how'
p2183
I34
sS'pasta'
p2184
I46
sS'choked'
p2185
I46
sS'r'
p2186
I46
sS'television'
p2187
I46
sS'homesick'
p2188
I46
sS'sister'
p2189
I43
sS'lifestyle'
p2190
I46
sS'getting'
p2191
I36
sS'iknow'
p2192
I46
sS'angeles'
p2193
I37
sS'empty'
p2194
I46
sS'ways\xe2\x80\x9d,90049\n504898541085392896,michaelim11,2014-08-28'
p2195
I46
sS'02:32:17.0,34.06216806,-118.47249367,2640,i'
p2196
I46
sS'glasses'
p2197
I46
sS'own'
p2198
I45
sS'letters'
p2199
I46
sS',90049\n497304482384842752,michaelim11,2014-08-07'
p2200
I46
sS'weather'
p2201
I45
sS'promise'
p2202
I45
sS'tiny'
p2203
I46
sS'this,90049\n418978716568412161,shaunashaf,2014-01-03'
p2204
I46
sS'vegetables'
p2205
I46
sS'daniels'
p2206
I46
sS'bump'
p2207
I46
sS'naturally'
p2208
I46
sS'buy'
p2209
I45
sS'cosmopolitan'
p2210
I46
sS"i've"
p2211
I43
sS'shane'
p2212
I46
sS'bus'
p2213
I45
sS'but'
p2214
I30
sS'hi'
p2215
I44
sS'overnight'
p2216
I46
sS'eat'
p2217
I46
sS'bud'
p2218
I44
sS'he'
p2219
I32
sS'count'
p2220
I45
sS'06:18:51.0,34.06194414,-118.47265259,2640,no'
p2221
I46
sS'made'
p2222
I41
sS'tactics'
p2223
I46
sS'-nick'
p2224
I46
sS'whether'
p2225
I46
sS'wish'
p2226
I44
sS'official'
p2227
I46
sS'flip'
p2228
I46
sS'stories'
p2229
I45
sS'containers'
p2230
I46
sS'problem'
p2231
I44
sS'minutes'
p2232
I45
sS'07:14:44.0,34.052872,-118.4699231,2640,dreams'
p2233
I46
sS'whoah'
p2234
I46
sS'recognize'
p2235
I46
sS'08:06:04.0,34.06228028,-118.47261513,2640,fuck'
p2236
I46
sS'inn'
p2237
I45
sS'shooting'
p2238
I46
sS'happen'
p2239
I46
sS'contest'
p2240
I46
sS'sepulveda'
p2241
I46
sS'best,90049\n461795155750563840,michaelim11,2014-05-01'
p2242
I46
sS'other'
p2243
I43
sS'details'
p2244
I46
sS'02:33:08.0,34.06215398,-118.47277707,2640,shabbat'
p2245
I46
sS'talkin'
p2246
I46
sS'stat'
p2247
I46
sS'monday'
p2248
I45
sS'it,90049\n500493917889245184,erbyy213,2014-08-16'
p2249
I46
sS'wurkin'
p2250
I46
sS'stay'
p2251
I45
sS'chance'
p2252
I45
sS'kinda'
p2253
I46
sS'friends'
p2254
I37
sS'thaaatt'
p2255
I46
sS'3rd'
p2256
I46
sS'sass'
p2257
I46
sS',90049\n455405610809307136,michaelim11,2014-04-13'
p2258
I46
sS'rule'
p2259
I46
sS"joan's"
p2260
I46
sS'understand'
p2261
I44
sS'"the'
p2262
I46
sS'8th'
p2263
I45
s.