(dp0
S''
p1
I5
sS'raining'
p2
I67
sS'pardon'
p3
I67
sS'18:52:25.0,34.052824,-118.46963,2641.03,rt'
p4
I67
sS'whoops'
p5
I67
sS'crush\xe2\x80\xa6'
p6
I67
sS'fre$h'
p7
I66
sS"shit's"
p8
I67
sS'four'
p9
I65
sS'cannnnntttttt'
p10
I67
sS'sleep'
p11
I62
sS'martinis'
p12
I67
sS'hating'
p13
I65
sS'hate'
p14
I57
sS'consider'
p15
I67
sS'whose'
p16
I67
sS'swag'
p17
I67
sS'buddy'
p18
I67
sS'eligible'
p19
I67
sS'spin'
p20
I67
sS'tweet'
p21
I65
sS'sweetest'
p22
I67
sS'endings'
p23
I67
sS'presents'
p24
I67
sS'shioyaki'
p25
I67
sS'manicure..this'
p26
I67
sS'voted'
p27
I67
sS'under'
p28
I66
sS'lord'
p29
I65
sS'sorry'
p30
I63
sS'pride'
p31
I67
sS'whack'
p32
I67
sS'"better'
p33
I67
sS'ceramic'
p34
I67
sS'risk'
p35
I66
sS'desirable'
p36
I67
sS'microsoft'
p37
I67
sS'dell'
p38
I67
sS"robert's"
p39
I67
sS'mania'
p40
I67
sS'every'
p41
I61
sS'jack'
p42
I66
sS'05:54:20.0,34.0562574,-118.4643876,2641.03,you'
p43
I67
sS'news."'
p44
I67
sS'look'
p45
I58
sS'school'
p46
I60
sS'bestfriend'
p47
I67
sS'snowflakes'
p48
I67
sS'wegner'
p49
I66
sS'wednesday'
p50
I65
sS'arrize'
p51
I67
sS'lime'
p52
I67
sS'red'
p53
I66
sS'soundtracks'
p54
I66
sS'white...my'
p55
I67
sS"yesterday's"
p56
I67
sS'ups'
p57
I66
sS'-kink'
p58
I67
sS'enjoy'
p59
I67
sS'plaza'
p60
I67
sS'no.,90049\n409519056257941504,toptmg,2013-12-08'
p61
I67
sS'ate"'
p62
I67
sS'tired'
p63
I66
sS'blasphemy'
p64
I67
sS'consistent'
p65
I67
sS'bacon'
p66
I66
sS'&the'
p67
I67
sS'nail'
p68
I67
sS'second'
p69
I65
sS'street'
p70
I67
sS'n'
p71
I63
sS'others)'
p72
I58
sS'shining'
p73
I67
sS'even'
p74
I57
sS'mascarpone'
p75
I67
sS"tonight's"
p76
I67
sS'panama'
p77
I65
sS'cooking'
p78
I66
sS'sooners'
p79
I67
sS'outnumbered.)'
p80
I67
sS'bro'
p81
I66
sS'new'
p82
I40
sS'01:03:30.0,34.05431934,-118.46681076,2641.03,i'
p83
I67
sS'ever'
p84
I51
sS'ronherman'
p85
I67
sS'told'
p86
I64
sS'kicked'
p87
I66
sS'simultaneously'
p88
I66
sS'spunky'
p89
I67
sS'never'
p90
I53
sS'disposable'
p91
I67
sS'(los'
p92
I36
sS'10%'
p93
I67
sS'jon'
p94
I67
sS'\xe2\x9d\xa4\xef\xb8\x8f'
p95
I57
sS'108'
p96
I67
sS'nicht'
p97
I67
sS'studio'
p98
I67
sS'smokin'
p99
I67
sS'path'
p100
I67
sS"aren't"
p101
I65
sS',90049\n489978243605213185,_samkearns,2014-07-18'
p102
I67
sS'celebration'
p103
I67
sS'kids'
p104
I62
sS'daughter'
p105
I67
sS'hunting'
p106
I67
sS'syrah'
p107
I67
sS'kidz'
p108
I65
sS'changed'
p109
I67
sS'"why'
p110
I67
sS'nap....tomorrow."'
p111
I67
sS'pleazure'
p112
I67
sS'guide'
p113
I67
sS'credit'
p114
I67
sS'jogging'
p115
I66
sS"i'd"
p116
I65
sS'cindy'
p117
I67
sS'\xe2\x9c\x94\xef\xb8\x8f'
p118
I67
sS'lml'
p119
I67
sS"i'm"
p120
I17
sS'us.,90049\n444990202030075904,wiidope,2014-03-16'
p121
I67
sS'changer'
p122
I67
sS'golden'
p123
I64
sS'straw'
p124
I67
sS'replace'
p125
I67
sS'brought'
p126
I65
sS'patience'
p127
I67
sS'insta'
p128
I67
sS'ppl'
p129
I66
sS'total'
p130
I67
sS'bra'
p131
I67
sS'experimentation'
p132
I67
sS'"she\'s'
p133
I67
sS'10:23his'
p134
I67
sS'charge'
p135
I67
sS'spoke'
p136
I67
sS'would'
p137
I56
sS'cali'
p138
I66
sS'music'
p139
I51
sS'strike'
p140
I67
sS'tryin'
p141
I67
sS'type'
p142
I66
sS'tell'
p143
I64
sS'bueller'
p144
I67
sS'meat"'
p145
I67
sS'holy'
p146
I67
sS'brentwood)'
p147
I64
sS'successful'
p148
I67
sS'oscar'
p149
I66
sS'haha'
p150
I58
sS'wars'
p151
I66
sS'hurt'
p152
I65
sS'phone'
p153
I65
sS'warm'
p154
I64
sS'teaching'
p155
I67
sS'organic'
p156
I66
sS'hole'
p157
I67
sS'"scaredshitless'
p158
I67
sS'tampa'
p159
I67
sS'must'
p160
I60
sS'shoot'
p161
I66
sS'1993'
p162
I67
sS'1992'
p163
I65
sS'word'
p164
I66
sS'room'
p165
I64
sS'permits'
p166
I67
sS'work'
p167
I40
sS'gasoline'
p168
I67
sS'roof'
p169
I67
sS'movies'
p170
I64
sS'\xe3\x80\x8b\xe3\x80\x8bgot'
p171
I67
sS'era'
p172
I67
sS'crimma$'
p173
I67
sS'mr'
p174
I65
sS'im'
p175
I63
sS'crackers'
p176
I67
sS'my'
p177
I7
sS'glampreneurschool'
p178
I67
sS'wa$ted'
p179
I67
sS'it"'
p180
I67
sS'22:49:17.0,34.05408046,-118.46378754,2641.03,this'
p181
I67
sS'joyous'
p182
I67
sS'co-pilot'
p183
I67
sS'laughs'
p184
I67
sS'frown'
p185
I67
sS'honey'
p186
I65
sS'mayhem'
p187
I67
sS'foods'
p188
I55
sS'homie'
p189
I67
sS'want'
p190
I60
sS'campaigning'
p191
I67
sS'foodz'
p192
I66
sS'motion'
p193
I67
sS'str8'
p194
I67
sS'end'
p195
I65
sS'trill'
p196
I66
sS'thing'
p197
I57
sS'hon'
p198
I66
sS'travel'
p199
I66
sS'sitting'
p200
I67
sS'how'
p201
I46
sS'amazing'
p202
I54
sS'harkens'
p203
I67
sS'interview'
p204
I66
sS'yum'
p205
I67
sS'audi'
p206
I67
sS'pizza'
p207
I64
sS'grown'
p208
I67
sS'minority'
p209
I67
sS'horoscope'
p210
I67
sS'mess'
p211
I66
sS'insecure'
p212
I67
sS'after'
p213
I57
sS'outlandish'
p214
I67
sS'pimps'
p215
I67
sS'wrong'
p216
I62
sS'ova'
p217
I67
sS'mesa'
p218
I67
sS'law'
p219
I67
sS"they're"
p220
I62
sS'bucks'
p221
I67
sS'pyramid!,90049\n489976698964680705,_samkearns,2014-07-18'
p222
I67
sS'danny'
p223
I67
sS'boyz'
p224
I67
sS'chillen'
p225
I67
sS'appreciate'
p226
I66
sS'girl!,90049\n496006586477735936,wesohhhh,2014-08-03'
p227
I67
sS'sons'
p228
I67
sS'green'
p229
I62
sS'goodbye'
p230
I65
sS'worst'
p231
I65
sS'order'
p232
I66
sS'wind'
p233
I67
sS'wine'
p234
I61
sS"peperoncini's"
p235
I67
sS'office'
p236
I64
sS'devote'
p237
I67
sS'wuz'
p238
I66
sS'over'
p239
I60
sS'fall'
p240
I67
sS'zen'
p241
I67
sS'murray'
p242
I67
sS'bni'
p243
I67
sS'cousin'
p244
I67
sS'oven'
p245
I66
sS'down"'
p246
I67
sS'---->'
p247
I67
sS'before'
p248
I58
sS'\xe2\x9c\x8con'
p249
I67
sS'venti'
p250
I66
sS'fit'
p251
I67
sS'personal'
p252
I67
sS'fix'
p253
I67
sS'wine.)'
p254
I67
sS'imo'
p255
I67
sS'writing'
p256
I65
sS'better'
p257
I57
sS'405'
p258
I67
sS'production'
p259
I65
sS'\xe3\x80\x8bi'
p260
I67
sS'03:49:44.0,34.053728,-118.466123,2641.03,oh'
p261
I67
sS'a\xc3\xa7a\xc3\xad'
p262
I67
sS'weeks'
p263
I66
sS'chapel'
p264
I67
sS'prius'
p265
I67
sS'then'
p266
I60
sS'them'
p267
I63
sS'"new'
p268
I67
sS'thrones'
p269
I67
sS'foolin'
p270
I67
sS'workout'
p271
I67
sS'safe'
p272
I66
sS"we'll"
p273
I66
sS'break'
p274
I64
sS'roommate'
p275
I67
sS'godspeed'
p276
I67
sS'effects'
p277
I67
sS'manicure'
p278
I67
sS'whaaaaaaat'
p279
I67
sS'one'
p280
I34
sS'silver'
p281
I67
sS'bank'
p282
I67
sS'bread'
p283
I66
sS'nozawa'
p284
I67
sS'ayahuasca'
p285
I67
sS'alex'
p286
I66
sS'meat'
p287
I67
sS'potatoes'
p288
I65
sS'chuck'
p289
I67
sS'newport'
p290
I67
sS'roast'
p291
I66
sS'each'
p292
I67
sS'went'
p293
I63
sS'bong'
p294
I67
sS'side'
p295
I62
sS'bone'
p296
I67
sS'mean'
p297
I57
sS'campaign"'
p298
I67
sS'signing'
p299
I67
sS'snakes'
p300
I67
sS'gunna'
p301
I67
sS'series'
p302
I66
sS'bowls'
p303
I67
sS'upload'
p304
I67
sS'05:08:14.0,34.05408046,-118.46378754,2641.03,dinner'
p305
I67
sS'celebrating'
p306
I65
sS'dawg'
p307
I65
sS'trading'
p308
I67
sS'forgot'
p309
I65
sS'navy'
p310
I67
sS'crimea'
p311
I67
sS"'frozen'"
p312
I67
sS'saturday'
p313
I63
sS'rt'
p314
I56
sS'wga'
p315
I67
sS'driving'
p316
I65
sS'god'
p317
I63
sS'uewww'
p318
I67
sS'washed'
p319
I67
sS'george'
p320
I67
sS'content'
p321
I66
sS'keys'
p322
I67
sS'wasilla'
p323
I67
sS'daniel'
p324
I67
sS'nite'
p325
I66
sS'got'
p326
I48
sS'rn'
p327
I66
sS'millions'
p328
I67
sS'sliding'
p329
I67
sS'turning'
p330
I67
sS'no.1'
p331
I67
sS'cutest'
p332
I67
sS"doesn't"
p333
I63
sS'herman'
p334
I67
sS'fave'
p335
I65
sS'given'
p336
I67
sS'free'
p337
I64
sS'pumpkins'
p338
I67
sS'struggle'
p339
I67
sS'ooof'
p340
I67
sS'returning'
p341
I67
sS'wanted'
p342
I65
sS'ate'
p343
I66
sS'ragers'
p344
I67
sS'dayum'
p345
I67
sS'recovering'
p346
I67
sS'starts'
p347
I67
sS'love"'
p348
I67
sS'days'
p349
I63
sS'12000'
p350
I67
sS'heading'
p351
I67
sS'lousy'
p352
I67
sS'musicians'
p353
I66
sS'+6'
p354
I67
sS'air-conditioning'
p355
I67
sS'(as'
p356
I67
sS'(at'
p357
I52
sS'purpose'
p358
I67
sS'chopped'
p359
I67
sS'already'
p360
I63
sS'daunting'
p361
I67
sS'>>'
p362
I65
sS'grade'
p363
I67
sS'puuurfect'
p364
I67
sS'lisaahn'
p365
I67
sS'ez'
p366
I67
sS'veggie'
p367
I67
sS'channels'
p368
I66
sS'wash'
p369
I65
sS'another'
p370
I61
sS'comic'
p371
I67
sS'taiko)'
p372
I67
sS'ballin'
p373
I67
sS'toy'
p374
I67
sS'service'
p375
I67
sS'spinach'
p376
I67
sS'top'
p377
I65
sS'girls'
p378
I61
sS'mobbin'
p379
I67
sS'needed'
p380
I65
sS'compromise'
p381
I67
sS'too'
p382
I39
sS'blossoms'
p383
I67
sS'katsuya)'
p384
I66
sS'rockin'
p385
I67
sS'tragic'
p386
I67
sS'hollywood'
p387
I63
sS'legs'
p388
I67
sS'listen'
p389
I67
sS'ceiling'
p390
I67
sS'streets'
p391
I67
sS'speechwriters'
p392
I67
sS'serve'
p393
I67
sS'took'
p394
I58
sS'wrapped'
p395
I67
sS'conserv'
p396
I65
sS'sticker'
p397
I67
sS'doang'
p398
I67
sS'chef'
p399
I67
sS'doing...nothing'
p400
I67
sS'ew'
p401
I67
sS'is\xe2\x80\xa6'
p402
I67
sS"mother's"
p403
I67
sS'tree'
p404
I38
sS'scenes'
p405
I67
sS'frontrunners)'
p406
I67
sS'project'
p407
I65
sS'fabulous'
p408
I67
sS'flame'
p409
I67
sS'17:27:13.0,34.05363713,-118.46546895,2641.03,i'
p410
I67
sS'iron'
p411
I67
sS'feeling'
p412
I66
sS'lbs'
p413
I67
sS'fashion'
p414
I67
sS'ran'
p415
I66
sS'boston'
p416
I67
sS'mind'
p417
I65
sS'mine'
p418
I65
sS'spent'
p419
I67
sS'talking'
p420
I63
sS'lunchtime'
p421
I67
sS'oh...thought'
p422
I67
sS'seen'
p423
I67
sS'seem'
p424
I67
sS'picks'
p425
I66
sS'spade'
p426
I66
sS'dozen'
p427
I67
sS'crazzzzyy'
p428
I67
sS'it\xe2\x80\xa6'
p429
I67
sS'mostly'
p430
I67
sS'convenient'
p431
I67
sS'lattes'
p432
I67
sS'-'
p433
I43
sS'snow'
p434
I66
sS'me-time'
p435
I67
sS'client'
p436
I67
sS'nightmares"'
p437
I67
sS'brains'
p438
I67
sS'rides'
p439
I67
sS'crocs'
p440
I67
sS'blue'
p441
I63
sS'susie'
p442
I67
sS'though'
p443
I64
sS'thrilled'
p444
I67
sS"21:17:42.0,34.05408046,-118.46378754,2641.03,i'm"
p445
I67
sS'dial'
p446
I67
sS'mashed'
p447
I66
sS'drought'
p448
I67
sS'jean'
p449
I67
sS'7am'
p450
I67
sS'episode'
p451
I65
sS'dom'
p452
I67
sS'doc'
p453
I67
sS'medical'
p454
I67
sS'witnessed'
p455
I67
sS'metal'
p456
I67
sS'dog'
p457
I66
sS'doe'
p458
I67
sS'points'
p459
I66
sS'tech'
p460
I67
sS'pineapple'
p461
I67
sS'crissymb'
p462
I67
sS'boyfriends'
p463
I67
sS'+'
p464
I66
sS'came'
p465
I66
sS'reserve'
p466
I67
sS'saying'
p467
I63
sS'bomb'
p468
I66
sS'hunger'
p469
I66
sS'saga'
p470
I67
sS'checks'
p471
I67
sS'tequila'
p472
I67
sS'queen'
p473
I67
sS'ugghhaggahhghhhhaaahhhh'
p474
I67
sS'nominated'
p475
I67
sS'ending'
p476
I65
sS'prix'
p477
I67
sS'radio'
p478
I66
sS'fuzzy'
p479
I67
sS'earth'
p480
I67
sS'19:52:05.0,34.05359777,-118.46722653,2641.03,freezer'
p481
I67
sS'lessons'
p482
I67
sS'sunsets'
p483
I67
sS'busy'
p484
I67
sS'meet-up'
p485
I67
sS'menu'
p486
I66
sS'weekends'
p487
I66
sS'bust'
p488
I66
sS'here'
p489
I55
sS'on-screen'
p490
I67
sS'(video)'
p491
I61
sS'rich'
p492
I66
sS'chipotle'
p493
I58
sS'sporting'
p494
I67
sS'personality'
p495
I67
sS'wearing'
p496
I65
sS'monica'
p497
I65
sS'dm'
p498
I67
sS'culkin'
p499
I67
sS'(cantaloupe'
p500
I67
sS'stop'
p501
I60
sS'television'
p502
I67
sS'da'
p503
I64
sS'2003-2004'
p504
I66
sS'amazon'
p505
I67
sS'faaaackkkk'
p506
I67
sS'lenders'
p507
I67
sS'wedding'
p508
I67
sS'20:24:10.0,34.05408046,-118.46378754,2641.03,talking'
p509
I67
sS'14'
p510
I67
sS'bar'
p511
I62
sS'caf\xc3\xa9)'
p512
I64
sS'judulnya'
p513
I67
sS'patch'
p514
I67
sS'bag'
p515
I67
sS'bad'
p516
I54
sS'bae'
p517
I65
sS'shots'
p518
I66
sS'shocks'
p519
I67
sS'bak'
p520
I66
sS'mergers'
p521
I67
sS'(dir'
p522
I67
sS'reread'
p523
I67
sS'fair'
p524
I66
sS'rockstar'
p525
I67
sS'w/'
p526
I39
sS'(throwback)'
p527
I67
sS'lemonade'
p528
I67
sS'not?"'
p529
I67
sS'pinot'
p530
I67
sS'decided'
p531
I66
sS'for\xe2\x80\xa6'
p532
I66
sS'discussions'
p533
I67
sS'hero'
p534
I67
sS'hammer'
p535
I67
sS'lexus'
p536
I67
sS'best'
p537
I51
sS'voyage'
p538
I67
sS'(surrounded'
p539
I67
sS'said'
p540
I66
sS'pedicure'
p541
I67
sS'sorta'
p542
I67
sS'away'
p543
I59
sS'swimwear'
p544
I67
sS'injuries'
p545
I66
sS'r&b'
p546
I67
sS'mug'
p547
I67
sS"there's"
p548
I60
sS'melissa'
p549
I67
sS'21:26:12.0,34.05281971,-118.4696618,2641.03,i'
p550
I67
sS'warrior'
p551
I67
sS'lazy'
p552
I65
sS'men'
p553
I67
sS'omg'
p554
I59
sS'rollercoaster'
p555
I67
sS'however'
p556
I67
sS'boss'
p557
I64
sS'devour'
p558
I67
sS'wear'
p559
I66
sS'wtf'
p560
I67
sS'news'
p561
I66
sS'picking'
p562
I66
sS'witty'
p563
I67
sS'hills'
p564
I66
sS'received'
p565
I67
sS'planner'
p566
I67
sS'"bring'
p567
I67
sS'cow'
p568
I66
sS'met'
p569
I66
sS'country'
p570
I63
sS'jelly'
p571
I67
sS'against'
p572
I67
sS'games'
p573
I62
sS'bet'
p574
I66
sS'lookin'
p575
I66
sS'brah'
p576
I67
sS'gamez'
p577
I67
sS'shreddddd'
p578
I67
sS'tough'
p579
I67
sS'character'
p580
I67
sS'2nd'
p581
I66
sS'springz'
p582
I67
sS'"and'
p583
I67
sS'xo,90049\n375423911367688192,mirjanasladic,2013-09-05'
p584
I67
sS'written'
p585
I67
sS'shortcut'
p586
I67
sS'tony'
p587
I66
sS'(newz)'
p588
I63
sS'efffff'
p589
I67
sS'petty'
p590
I67
sS'beef'
p591
I67
sS'beej'
p592
I67
sS'three'
p593
I63
sS'been'
p594
I52
sS'tragedy'
p595
I67
sS'twain'
p596
I67
sS'\xe2\x9d\x84\xef\xb8\x8f'
p597
I67
sS'beer'
p598
I66
sS'much'
p599
I56
sS'stadium'
p600
I67
sS'expected'
p601
I66
sS'lovely'
p602
I64
sS'ann'
p603
I67
sS'board'
p604
I67
sS'life'
p605
I58
sS'loft'
p606
I67
sS'relaxing'
p607
I67
sS'caf\xc3\xa9'
p608
I50
sS'sunshine'
p609
I66
sS'sooooo'
p610
I67
sS'speeches'
p611
I67
sS'joined'
p612
I67
sS'dave'
p613
I67
sS"cameron's"
p614
I67
sS'weekly...just'
p615
I67
sS'child'
p616
I66
sS'catch'
p617
I67
sS'mint)'
p618
I67
sS'worked'
p619
I67
sS'(and'
p620
I66
sS'awards...also'
p621
I67
sS'cunt'
p622
I66
sS'chill'
p623
I67
sS"martini's"
p624
I66
sS'has'
p625
I55
sS'tastes'
p626
I67
sS'newest'
p627
I67
sS'air'
p628
I66
sS'ugly'
p629
I67
sS'near'
p630
I67
sS'surprised'
p631
I67
sS'seeds'
p632
I67
sS'gave'
p633
I65
sS'mistake'
p634
I67
sS'remembering'
p635
I66
sS'"a'
p636
I66
sS'played'
p637
I66
sS'thursdays'
p638
I66
sS'is'
p639
I9
sS'sushi'
p640
I64
sS'it'
p641
I14
sS'piercing'
p642
I67
sS'taunts'
p643
I66
sS'cant'
p644
I67
sS'experts'
p645
I67
sS'cone'
p646
I67
sS'in'
p647
I8
sS'conditioner'
p648
I67
sS'pessimist\xe2\x80\x9d'
p649
I67
sS'biotch'
p650
I67
sS'id'
p651
I65
sS'if'
p652
I43
sS'thingz'
p653
I67
sS"stg's"
p654
I67
sS'perform'
p655
I67
sS'things'
p656
I64
sS'make'
p657
I52
sS'brentview'
p658
I67
sS',90049\n375754201864740864,mirjanasladic,2013-09-05'
p659
I67
sS'pubes'
p660
I67
sS'21:28:28.0,34.0545789,-118.4666074,2641.03,sex'
p661
I67
sS'waterworks'
p662
I67
sS'potentially'
p663
I67
sS'hahah'
p664
I67
sS'several'
p665
I67
sS'...after'
p666
I67
sS'mayo'
p667
I67
sS'european'
p668
I67
sS'phillippe'
p669
I67
sS'boiled'
p670
I67
sS'papaya'
p671
I66
sS'alittle'
p672
I67
sS'hang'
p673
I66
sS'rain'
p674
I66
sS'hand'
p675
I67
sS'grammar'
p676
I67
sS'monmarthe'
p677
I67
sS'garlic'
p678
I67
sS'kin'
p679
I67
sS'redneck'
p680
I67
sS'jealous'
p681
I64
sS"04:00:33.0,34.05318769,-118.46853665,2641.03,i'm"
p682
I67
sS"he'll"
p683
I66
sS'kid'
p684
I65
sS'butter'
p685
I67
sS'romp'
p686
I67
sS'thx'
p687
I64
sS'unconditionally'
p688
I67
sS'min'
p689
I66
sS'smokes'
p690
I67
sS'kyle'
p691
I64
sS'options'
p692
I67
sS'tho'
p693
I63
sS'charity'
p694
I67
sS'materials'
p695
I67
sS'greatest'
p696
I67
sS'pandora'
p697
I67
sS'monaco'
p698
I67
sS'romo'
p699
I67
sS'the'
p700
I1
sS'now,90049\n496708670819139584,itsdanielcs,2014-08-05'
p701
I67
sS'yours'
p702
I67
sS'left'
p703
I63
sS'snowman'
p704
I67
sS'juss'
p705
I62
sS'passover-style'
p706
I67
sS'kale'
p707
I67
sS'just'
p708
I23
sS'yea'
p709
I66
sS'photo'
p710
I65
sS'||'
p711
I66
sS'newton'
p712
I67
sS'thanks'
p713
I57
sS'human'
p714
I66
sS'yep'
p715
I65
sS'yes'
p716
I60
sS'brentwood....i'
p717
I67
sS'thankz'
p718
I67
sS'yet'
p719
I61
sS'previous'
p720
I67
sS'hah'
p721
I67
sS'ham'
p722
I65
sS'cherry'
p723
I67
sS'old-fashioned'
p724
I67
sS'had'
p725
I46
sS'shout'
p726
I67
sS'potential'
p727
I66
sS'katsuya'
p728
I46
sS'easy'
p729
I67
sS'starbucks)'
p730
I62
sS'evidenced'
p731
I67
sS'jazzed'
p732
I67
sS'save'
p733
I66
sS'hat'
p734
I65
sS'haw'
p735
I66
sS'casually'
p736
I67
sS'survival'
p737
I67
sS'online'
p738
I67
sS'possibly'
p739
I67
sS'boxer'
p740
I67
sS'cali-for-now'
p741
I67
sS'3pm'
p742
I67
sS'background'
p743
I67
sS'wanting'
p744
I67
sS'opm'
p745
I67
sS'burns'
p746
I67
sS'dreams'
p747
I67
sS'apart'
p748
I66
sS'melting'
p749
I66
sS'rustle'
p750
I67
sS'texts'
p751
I67
sS'cooler'
p752
I67
sS'mani/pedi'
p753
I67
sS'50'
p754
I67
sS'-rotem'
p755
I67
sS'steps'
p756
I67
sS'officer'
p757
I67
sS'night'
p758
I51
sS'hung'
p759
I67
sS'(even'
p760
I67
sS'security'
p761
I67
sS'sebastian'
p762
I67
sS'cooled'
p763
I67
sS'surf'
p764
I67
sS'attorney'
p765
I67
sS'right'
p766
I41
sS'old'
p767
I59
sS'creek'
p768
I65
sS'deal'
p769
I66
sS'people'
p770
I53
sS'"that\'s'
p771
I67
sS'somehow'
p772
I67
sS'acai'
p773
I66
sS'transaction'
p774
I67
sS'born'
p775
I66
sS'everyday\xe2\x80\x9d'
p776
I67
sS"nothing's"
p777
I67
sS'winds'
p778
I66
sS'dear'
p779
I66
sS'hemsworth'
p780
I67
sS'medal-winning'
p781
I67
sS'"keep'
p782
I67
sS'orchid'
p783
I67
sS'congratulate'
p784
I67
sS'cooper'
p785
I66
sS'for'
p786
I11
sS'"playing'
p787
I67
sS'a\xe2\x80\xa6'
p788
I67
sS'many\xe2\x80\xa6'
p789
I67
sS'crafters'
p790
I63
sS'creative'
p791
I67
sS"'i'"
p792
I67
sS'everything'
p793
I63
sS'sotu'
p794
I67
sS"eugene..it's"
p795
I67
sS'4/20'
p796
I66
sS'umm'
p797
I65
sS'offices'
p798
I67
sS'christmas'
p799
I65
sS'condren'
p800
I67
sS'knew'
p801
I67
sS'problemssmoking'
p802
I67
sS'fish'
p803
I67
sS'deleted'
p804
I67
sS'marketing'
p805
I67
sS'530'
p806
I67
sS'17:15:56.0,34.0545549,-118.4666175,2641.03,moving'
p807
I67
sS'people--especially'
p808
I67
sS'bubs'
p809
I67
sS'buffet'
p810
I67
sS'starring'
p811
I67
sS'keeper'
p812
I67
sS'super'
p813
I64
sS'"western'
p814
I67
sS'$71'
p815
I67
sS'branville'
p816
I67
sS'coral'
p817
I38
sS'months'
p818
I65
sS'o'
p819
I65
sS'04:51:46.0,34.0545834,-118.4666806,2641.03,pick'
p820
I67
sS'dinner'
p821
I54
sS'afternoon'
p822
I66
sS'stoked'
p823
I65
sS'twitch'
p824
I67
sS'curry'
p825
I65
sS'facetime'
p826
I65
sS'raised'
p827
I67
sS'ussf'
p828
I67
sS'selfie'
p829
I67
sS'bound'
p830
I66
sS'son'
p831
I66
sS'down'
p832
I54
sS'thankful'
p833
I66
sS'clinic)'
p834
I67
sS"03:46:16.0,34.053178,-118.46865,2641.03,i'm"
p835
I67
sS'1990s'
p836
I67
sS'(prime'
p837
I67
sS"jurgen's"
p838
I67
sS'rely'
p839
I67
sS'git'
p840
I67
sS'c.a.r.e'
p841
I67
sS'crowd'
p842
I67
sS'support'
p843
I64
sS'tennis'
p844
I67
sS'(missed'
p845
I67
sS'why'
p846
I42
sS'fucking'
p847
I63
sS'waz'
p848
I67
sS'way'
p849
I54
sS'wax'
p850
I67
sS'jane'
p851
I67
sS'call'
p852
I63
sS'avocados'
p853
I66
sS'was'
p854
I28
sS'war'
p855
I66
sS'happy'
p856
I45
sS'head'
p857
I62
sS'yolo'
p858
I67
sS'amateur'
p859
I67
sS'album'
p860
I67
sS'form'
p861
I67
sS'sickest'
p862
I66
sS'ford'
p863
I67
sS'heat'
p864
I67
sS'hear'
p865
I65
sS'dead'
p866
I63
sS'placement'
p867
I67
sS'congratulations'
p868
I67
sS"else's"
p869
I67
sS'claws"'
p870
I67
sS'inside'
p871
I65
sS'lips'
p872
I67
sS'pricele$$'
p873
I67
sS'azz'
p874
I65
sS'faking'
p875
I67
sS'stardust'
p876
I67
sS'later'
p877
I65
sS'hotter'
p878
I66
sS'02:41:13.0,34.05775819,-118.46605594,2641.03,this'
p879
I67
sS'covers'
p880
I67
sS'hungry'
p881
I67
sS'shnozberry'
p882
I67
sS'trusting,90049\n476955171201630208,wesohhhh,2014-06-12'
p883
I67
sS'sometime'
p884
I65
sS'darko'
p885
I67
sS'yuck'
p886
I67
sS'errrrr'
p887
I67
sS'check'
p888
I62
sS'shit'
p889
I63
sS'tix'
p890
I67
sS'dying'
p891
I66
sS'no'
p892
I43
sS'broey'
p893
I67
sS'chessdesign'
p894
I67
sS'commercials'
p895
I67
sS'nc'
p896
I67
sS'tip'
p897
I66
sS'scrambled'
p898
I67
sS'handed'
p899
I66
sS'reality'
p900
I66
sS'til'
p901
I66
sS'tim'
p902
I67
sS'setting'
p903
I67
sS'test'
p904
I67
sS'shredder'
p905
I67
sS'roll'
p906
I67
sS'scored'
p907
I67
sS'picture'
p908
I66
sS"'s"
p909
I67
sS"o'clock"
p910
I67
sS'models'
p911
I67
sS'welcome'
p912
I63
sS'diet'
p913
I67
sS"let's"
p914
I62
sS"'a"
p915
I67
sS'smelling'
p916
I67
sS'snooze'
p917
I67
sS'weekend'
p918
I52
sS'died'
p919
I67
sS'billion'
p920
I67
sS'younger'
p921
I67
sS'pacey'
p922
I67
sS'happening'
p923
I67
sS'potato'
p924
I67
sS'dood'
p925
I67
sS'daily'
p926
I65
sS"n'"
p927
I67
sS'bambi'
p928
I67
sS':)"'
p929
I67
sS'kaylynnchelss'
p930
I67
sS'time'
p931
I36
sS'up..fresh'
p932
I67
sS'nah?,90049\n478955587506409472,wesohhhh,2014-06-17'
p933
I67
sS'songs'
p934
I67
sS'neighbors'
p935
I66
sS'05:51:20.0,34.053178,-118.46865,2641.03,bien'
p936
I67
sS'coach'
p937
I66
sS'managed'
p938
I67
sS':)'
p939
I65
sS'ron'
p940
I67
sS'whoever'
p941
I67
sS'dance'
p942
I66
sS'skip'
p943
I66
sS'consul'
p944
I67
sS'excellent'
p945
I66
sS'roe'
p946
I67
sS'leads'
p947
I67
sS'avalanche'
p948
I67
sS'ice'
p949
I61
sS'grateful'
p950
I66
sS'skin'
p951
I67
sS'battle'
p952
I66
sS'playoffs'
p953
I67
sS'chair'
p954
I67
sS'involved'
p955
I67
sS'row'
p956
I67
sS"sally's"
p957
I67
sS'drama-free'
p958
I67
sS'father'
p959
I65
sS'environment'
p960
I67
sS'finally'
p961
I63
sS'hola'
p962
I67
sS'rhythm'
p963
I67
sS'zumanity'
p964
I67
sS'southwest'
p965
I67
sS'me'
p966
I20
sS'(teazer)'
p967
I67
sS'advantage'
p968
I67
sS'evolves'
p969
I67
sS':d'
p970
I67
sS"mama's"
p971
I67
sS'krazy'
p972
I66
sS'bluffs'
p973
I67
sS'brownie'
p974
I67
sS'choice'
p975
I65
sS'cnn'
p976
I67
sS'vegas'
p977
I65
sS'trouble'
p978
I66
sS'fretting'
p979
I67
sS'brows'
p980
I67
sS'minute'
p981
I66
sS'cool'
p982
I63
sS'gnarly'
p983
I67
sS'hour'
p984
I64
sS'drive-by'
p985
I67
sS'level'
p986
I67
sS'did'
p987
I51
sS'die'
p988
I62
sS'peeps'
p989
I64
sS'brother'
p990
I63
sS'turnt'
p991
I67
sS'leave'
p992
I64
sS'subway'
p993
I67
sS'team'
p994
I63
sS'quick'
p995
I66
sS'guy'
p996
I59
sS'"honeys")'
p997
I67
sS'round'
p998
I67
sS'dis'
p999
I67
sS'photograph'
p1000
I67
sS'olympic'
p1001
I66
sS'blade'
p1002
I67
sS'says'
p1003
I64
sS'sign'
p1004
I64
sS'11:45'
p1005
I67
sS'professionalism'
p1006
I67
sS'chia'
p1007
I67
sS'cost'
p1008
I67
sS'\xe2\x98\x94\xef\xb8\x8f\xe2\x9a\xa1\xef\xb8\x8f'
p1009
I67
sS'run'
p1010
I62
sS'pedi'
p1011
I67
sS'rough'
p1012
I67
sS'drinks'
p1013
I67
sS"emma's"
p1014
I67
sS'pre-hike'
p1015
I67
sS'"lunch'
p1016
I67
sS'\xe2\x98\xba\xef\xb8\x8f'
p1017
I66
sS'current'
p1018
I67
sS'freaks'
p1019
I67
sS'oaks'
p1020
I67
sS'filled'
p1021
I67
sS'dem'
p1022
I67
sS'supporting'
p1023
I67
sS'v'
p1024
I67
sS'bay,90049\n489884364730155008,wesohhhh,2014-07-17'
p1025
I67
sS'french'
p1026
I67
sS'water'
p1027
I66
sS'rekognize'
p1028
I67
sS'slow'
p1029
I67
sS'alone'
p1030
I64
sS'noir'
p1031
I67
sS'along'
p1032
I66
sS'gorga'
p1033
I67
sS'change'
p1034
I64
sS'wait'
p1035
I56
sS'box'
p1036
I66
sS"kyle's"
p1037
I67
sS'twist'
p1038
I67
sS'here>'
p1039
I67
sS'healthy'
p1040
I65
sS'shift'
p1041
I67
sS'steffen'
p1042
I67
sS'scramble'
p1043
I67
sS'boi'
p1044
I66
sS'jammin'
p1045
I66
sS'bon'
p1046
I67
sS'usually'
p1047
I66
sS'ughhhhhhh'
p1048
I67
sS'weird'
p1049
I65
sS"frank's"
p1050
I67
sS'homecoming'
p1051
I67
sS'rotem'
p1052
I67
sS'cache'
p1053
I67
sS'love'
p1054
I31
sS'defensive'
p1055
I67
sS'hiking'
p1056
I67
sS'extra'
p1057
I64
sS'inducing'
p1058
I67
sS"beauties'"
p1059
I67
sS'prefer'
p1060
I67
sS'refuses'
p1061
I67
sS'15:08:47.0,34.05408046,-118.46378754,2641.03,solid'
p1062
I67
sS'fake'
p1063
I67
sS'rosenthal'
p1064
I67
sS'market'
p1065
I59
sS'yourself'
p1066
I67
sS'-mclovin'
p1067
I67
sS'franco'
p1068
I66
sS'working'
p1069
I62
sS'unimpressed'
p1070
I67
sS'positive'
p1071
I66
sS'angry'
p1072
I67
sS'give'
p1073
I60
sS'dude'
p1074
I65
sS'tears'
p1075
I67
sS'sports'
p1076
I66
sS'cuts.,90049\n266643395919876096,waywardfolk,2012-11-08'
p1077
I67
sS'ca)'
p1078
I34
sS'iphone'
p1079
I67
sS'ahhh'
p1080
I67
sS'ripening'
p1081
I67
sS'angels'
p1082
I67
sS'prep'
p1083
I67
sS'today'
p1084
I36
sS'suzzz'
p1085
I67
sS"love's"
p1086
I67
sS'--->'
p1087
I65
sS'bat,90049\n481531034744270848,wesohhhh,2014-06-24'
p1088
I67
sS'club'
p1089
I67
sS'acceptable'
p1090
I67
sS'19:12:47.0,34.05408046,-118.46378754,2641.03,easy'
p1091
I67
sS'ooh'
p1092
I67
sS'linesman'
p1093
I66
sS'downtown'
p1094
I67
sS'crafters)'
p1095
I65
sS'tandem'
p1096
I67
sS'everywhere'
p1097
I65
sS'program.\xe2\x80\xa6'
p1098
I67
sS'fly'
p1099
I66
sS'logos'
p1100
I67
sS'lowercase'
p1101
I66
sS'graphic'
p1102
I67
sS'deserved'
p1103
I66
sS'currency'
p1104
I67
sS'car'
p1105
I60
sS'pretend'
p1106
I67
sS'soul'
p1107
I65
sS'longitude'
p1108
I67
sS'reviews'
p1109
I67
sS'soup'
p1110
I67
sS'hardest'
p1111
I67
sS'can'
p1112
I44
sS'believed'
p1113
I66
sS'making'
p1114
I61
sS'17:25:50.0,34.05363943,-118.4650321,2641.03,got'
p1115
I67
sS'heart'
p1116
I62
sS'crazy'
p1117
I63
sS'geekz'
p1118
I67
sS'figure'
p1119
I67
sS'01:06:58.0,34.05477941,-118.4675042,2641.03,cant'
p1120
I67
sS'awesome'
p1121
I61
sS"didn't"
p1122
I60
sS'fuck'
p1123
I60
sS'teresa'
p1124
I67
sS'today:)'
p1125
I67
sS'parachute'
p1126
I67
sS'heard'
p1127
I67
sS'outraged'
p1128
I67
sS'yard'
p1129
I67
sS"la's"
p1130
I67
sS'stole'
p1131
I67
sS'pink'
p1132
I67
sS'deserves'
p1133
I67
sS'watching'
p1134
I49
sS'cliche'
p1135
I67
sS'1'
p1136
I63
sS'till'
p1137
I66
sS'sunday'
p1138
I61
sS"06:49:32.0,34.0545872,-118.4666241,2641.03,i'm"
p1139
I67
sS'tgif'
p1140
I67
sS'fourth'
p1141
I67
sS'syst'
p1142
I67
sS'nyc'
p1143
I66
sS'dope'
p1144
I67
sS'belongs'
p1145
I67
sS'product'
p1146
I66
sS'jazz'
p1147
I67
sS'laundry'
p1148
I67
sS'may'
p1149
I66
sS'liiiiiiiike'
p1150
I67
sS'spot'
p1151
I66
sS'night."'
p1152
I67
sS'latte'
p1153
I66
sS'mac'
p1154
I66
sS'birthday'
p1155
I59
sS'mad'
p1156
I66
sS'date'
p1157
I65
sS'such'
p1158
I64
sS'guys'
p1159
I60
sS'mal'
p1160
I67
sS'man'
p1161
I62
sS'muzic'
p1162
I67
sS'left.\xe2\x80\x9d'
p1163
I67
sS'natural'
p1164
I67
sS'remember'
p1165
I65
sS'joint'
p1166
I67
sS'whenever'
p1167
I67
sS'hahahah'
p1168
I67
sS'corona'
p1169
I67
sS'4everrr'
p1170
I67
sS'killers'
p1171
I67
sS'so'
p1172
I22
sS'increase'
p1173
I67
sS'yaaaas'
p1174
I67
sS'talk'
p1175
I63
sS'typical'
p1176
I67
sS'cute'
p1177
I64
sS'serving'
p1178
I66
sS'shoes'
p1179
I66
sS'clubhouse'
p1180
I67
sS'indeed'
p1181
I67
sS'midnight'
p1182
I65
sS'unacceptable'
p1183
I67
sS'years'
p1184
I56
sS'course'
p1185
I65
sS'episodes'
p1186
I67
sS'lyric'
p1187
I67
sS'cuts'
p1188
I67
sS'kanye'
p1189
I67
sS'cold'
p1190
I66
sS'still'
p1191
I51
sS'shudders'
p1192
I67
sS'thoughtfulness'
p1193
I67
sS'culmination'
p1194
I67
sS'rosetta'
p1195
I67
sS'djs'
p1196
I67
sS'police'
p1197
I66
sS'thank'
p1198
I61
sS"he's"
p1199
I59
sS'smoothie'
p1200
I65
sS'thang'
p1201
I67
sS'bagels'
p1202
I67
sS'hot'
p1203
I66
sS"neighbor's"
p1204
I67
sS"he'd"
p1205
I67
sS'coaching'
p1206
I67
sS'wahlberg'
p1207
I66
sS'tweets'
p1208
I66
sS'"tried'
p1209
I67
sS'happened'
p1210
I65
sS'nom'
p1211
I67
sS'spirits)'
p1212
I66
sS'chelsea'
p1213
I67
sS'feelin'
p1214
I66
sS'lunch'
p1215
I53
sS'half'
p1216
I63
sS'not'
p1217
I38
sS'now'
p1218
I34
sS'colleagues'
p1219
I67
sS'josh'
p1220
I67
sS'name'
p1221
I65
sS'09:14:14.0,34.05380491,-118.46298287,2641.03,gratitude'
p1222
I67
sS'entrepreneur'
p1223
I67
sS'james'
p1224
I66
sS'times'
p1225
I62
sS'drop'
p1226
I66
sS'sos'
p1227
I67
sS'rock'
p1228
I67
sS'entirely'
p1229
I67
sS'quartet'
p1230
I67
sS'em'
p1231
I65
sS'el'
p1232
I67
sS'trunks'
p1233
I67
sS'loneliness."'
p1234
I67
sS'yeah'
p1235
I63
sS'bradley'
p1236
I66
sS'challenger'
p1237
I67
sS'catching'
p1238
I65
sS'ex'
p1239
I67
sS'sexually'
p1240
I67
sS'ft'
p1241
I66
sS'girl'
p1242
I62
sS'ep'
p1243
I67
sS'troll'
p1244
I67
sS'living'
p1245
I63
sS'and\xe2\x80\xa6'
p1246
I66
sS'3rd'
p1247
I66
sS'space'
p1248
I67
sS'chirping'
p1249
I67
sS'lawyers'
p1250
I67
sS'factory'
p1251
I66
sS'abide'
p1252
I67
sS'looking'
p1253
I64
sS'bday'
p1254
I63
sS'seriously'
p1255
I62
sS'qb'
p1256
I67
sS"shouldn't"
p1257
I67
sS'emerged'
p1258
I67
sS'internet'
p1259
I67
sS'shows'
p1260
I65
sS'rebuilding'
p1261
I67
sS'earlier'
p1262
I67
sS'(spaghetti)'
p1263
I67
sS'pumping'
p1264
I67
sS'quite'
p1265
I67
sS'california'
p1266
I66
sS'vinyl'
p1267
I67
sS'ahahah'
p1268
I67
sS'advance'
p1269
I67
sS'training'
p1270
I66
sS'language'
p1271
I66
sS'waiter'
p1272
I67
sS'yup'
p1273
I65
sS'coulda'
p1274
I67
sS'(prod'
p1275
I67
sS'from-scratch'
p1276
I67
sS'chevy'
p1277
I67
sS'turn'
p1278
I60
sS'flanders'
p1279
I67
sS'place'
p1280
I61
sS'routes'
p1281
I67
sS'promotion'
p1282
I67
sS'star'
p1283
I67
sS'think'
p1284
I53
sS'first'
p1285
I51
sS'cop"'
p1286
I67
sS'cheese'
p1287
I65
sS'flying'
p1288
I67
sS'fx'
p1289
I67
sS'xo'
p1290
I66
sS'so-and-so'
p1291
I67
sS'twice'
p1292
I67
sS'outtakes'
p1293
I67
sS'jasmine"'
p1294
I67
sS'mucho'
p1295
I67
sS'xx'
p1296
I67
sS'stg'
p1297
I67
sS'long'
p1298
I61
sS'spanish'
p1299
I67
sS'carry'
p1300
I66
sS'sounds'
p1301
I66
sS'fight'
p1302
I67
sS'open'
p1303
I67
sS'tomorrow'
p1304
I58
sS'size'
p1305
I66
sS'city'
p1306
I61
sS'little'
p1307
I55
sS'bentaleb'
p1308
I67
sS'skinny."'
p1309
I67
sS'julianne*'
p1310
I67
sS'soul:)'
p1311
I67
sS'plastic'
p1312
I67
sS'anyone'
p1313
I63
sS'cooling'
p1314
I67
sS'2'
p1315
I50
sS'draft'
p1316
I66
sS'white'
p1317
I64
sS'circa'
p1318
I67
sS'tragik'
p1319
I67
sS'west'
p1320
I67
sS'friend'
p1321
I65
sS'gives'
p1322
I65
sS'nutrition'
p1323
I67
sS'adorkable'
p1324
I67
sS'that'
p1325
I18
sS'floppy'
p1326
I67
sS'season'
p1327
I63
sS'amazing,90049\n486016381238792192,itsdanielcs,2014-07-07'
p1328
I67
sS'viewing'
p1329
I67
sS'ridiculous'
p1330
I65
sS'x2'
p1331
I67
sS'copy'
p1332
I67
sS'than'
p1333
I58
sS'quac'
p1334
I67
sS'boyfriend'
p1335
I67
sS'cayenne)'
p1336
I67
sS'10'
p1337
I67
sS'barrington'
p1338
I65
sS'15'
p1339
I64
sS'lmao'
p1340
I67
sS'travis'
p1341
I67
sS'yayyyy'
p1342
I67
sS'10:07'
p1343
I67
sS'gotta'
p1344
I58
sS'chek'
p1345
I67
sS'r'
p1346
I66
sS'mindful'
p1347
I67
sS'were'
p1348
I54
sS'lyfe,90049\n465601667485155328,megynb,2014-05-11'
p1349
I67
sS'jurrasic'
p1350
I67
sS'orwell'
p1351
I67
sS'and'
p1352
I6
sS'san'
p1353
I64
sS'correction'
p1354
I67
sS'bolognese'
p1355
I67
sS'sad'
p1356
I64
sS'say'
p1357
I59
sS'breakfast'
p1358
I64
sS'recover'
p1359
I67
sS'saw'
p1360
I57
sS'any'
p1361
I64
sS'marathon'
p1362
I65
sS'berlabuhnya'
p1363
I67
sS'ideaz'
p1364
I67
sS'hypest'
p1365
I67
sS'warriors'
p1366
I66
sS'editing'
p1367
I67
sS'overcoming'
p1368
I67
sS'undercover'
p1369
I67
sS'dining'
p1370
I67
sS'squad'
p1371
I67
sS'take'
p1372
I57
sS'roadside'
p1373
I67
sS'davies'
p1374
I66
sS'q&a'
p1375
I67
sS'channel'
p1376
I67
sS'bitching'
p1377
I67
sS',90049\n294249904933597184,mirjanasladic,2013-01-24'
p1378
I67
sS'sure'
p1379
I59
sS'track'
p1380
I66
sS'cheesecake'
p1381
I66
sS'sherman'
p1382
I67
sS'paid'
p1383
I66
sS'freshman'
p1384
I67
sS'america'
p1385
I66
sS'lisa/giggy'
p1386
I67
sS'forever'
p1387
I62
sS'especially'
p1388
I65
sS'average'
p1389
I67
sS'proud'
p1390
I65
sS'drive'
p1391
I63
sS'19:28:22.0,34.053789,-118.464722,2641.03,post'
p1392
I67
sS'sunset'
p1393
I65
sS'mom!!,90049\n489971840589127680,_samkearns,2014-07-18'
p1394
I67
sS'lawz'
p1395
I67
sS'uncle'
p1396
I67
sS'typically'
p1397
I67
sS'shop'
p1398
I67
sS'walking'
p1399
I66
sS'shot'
p1400
I63
sS'beckham'
p1401
I67
sS'show'
p1402
I59
sS'evng'
p1403
I67
sS'corned'
p1404
I67
sS'russian'
p1405
I67
sS'pump'
p1406
I67
sS'ca'
p1407
I67
sS'azerbaijan'
p1408
I67
sS"marshall's"
p1409
I67
sS'07:08:04.0,34.05359777,-118.46722653,2641.03,um'
p1410
I67
sS'yummo'
p1411
I67
sS'dice'
p1412
I67
sS'title'
p1413
I66
sS'cheeseburger'
p1414
I67
sS'3'
p1415
I54
sS'crime'
p1416
I67
sS'september'
p1417
I67
sS'only'
p1418
I55
sS'going'
p1419
I45
sS'black'
p1420
I64
sS'hockey'
p1421
I67
sS'saul."'
p1422
I67
sS'carolina'
p1423
I66
sS'info'
p1424
I66
sS'beatles'
p1425
I67
sS'get'
p1426
I37
sS'mormon'
p1427
I67
sS'horrible'
p1428
I66
sS'truly'
p1429
I66
sS'cannot'
p1430
I67
sS'nearly'
p1431
I67
sS'gee'
p1432
I67
sS'gerbils'
p1433
I67
sS'celebrate'
p1434
I66
sS'freaking'
p1435
I67
sS'closure'
p1436
I67
sS'reveal'
p1437
I67
sS'artist'
p1438
I66
sS'leather'
p1439
I66
sS'3lbs'
p1440
I67
sS'greenberg'
p1441
I67
sS'morning'
p1442
I55
sS'midfield'
p1443
I66
sS'miles'
p1444
I67
sS"martinez's"
p1445
I67
sS'hahahahahhahaha'
p1446
I67
sS'scott'
p1447
I67
sS'finishing'
p1448
I67
sS'pants'
p1449
I67
sS'where'
p1450
I53
sS'xmas'
p1451
I67
sS'husband'
p1452
I67
sS"y'all"
p1453
I65
sS'saut\xc3\xa9ed'
p1454
I67
sS'flexxin'
p1455
I67
sS'lynyrd'
p1456
I67
sS"killin'"
p1457
I67
sS'margarita-thrill'
p1458
I67
sS'lyfe'
p1459
I60
sS'actively'
p1460
I66
sS'sunderland\xe2\x80\x99s'
p1461
I67
sS'parking'
p1462
I66
sS'stanley'
p1463
I67
sS'ruined'
p1464
I67
sS'hoez'
p1465
I67
sS'wonder'
p1466
I65
sS'knocked'
p1467
I67
sS'israeli'
p1468
I67
sS'visceral'
p1469
I67
sS'cauliflower'
p1470
I67
sS'farmers'
p1471
I67
sS'ways'
p1472
I67
sS'"is'
p1473
I67
sS'cafe)'
p1474
I67
sS'outside'
p1475
I63
sS'between'
p1476
I66
sS'mandarin'
p1477
I67
sS'reading'
p1478
I64
sS'across'
p1479
I66
sS'uh'
p1480
I67
sS'saucy'
p1481
I67
sS'j.j'
p1482
I67
sS'receivers'
p1483
I67
sS'marvin'
p1484
I67
sS'blame'
p1485
I66
sS'awards'
p1486
I67
sS'emotional'
p1487
I67
sS'come'
p1488
I55
sS'reaction'
p1489
I67
sS'dates'
p1490
I67
sS'talented'
p1491
I67
sS'mona'
p1492
I67
sS'many'
p1493
I62
sS'stupidest'
p1494
I67
sS'trades'
p1495
I67
sS'"countdown'
p1496
I67
sS'tawk'
p1497
I67
sS'somewhere'
p1498
I67
sS's'
p1499
I66
sS'mane'
p1500
I67
sS'you\xe2\x96\xa0\xe3\x80\x8bu'
p1501
I67
sS"can't"
p1502
I44
sS'breakfasts'
p1503
I67
sS'cornered'
p1504
I67
sS'cancer'
p1505
I67
sS'color'
p1506
I65
sS'pot'
p1507
I67
sS'twin'
p1508
I67
sS'stretched'
p1509
I67
sS"couldn't"
p1510
I65
sS'approval'
p1511
I67
sS'constant'
p1512
I67
sS'mmmmm...i'
p1513
I67
sS'boat'
p1514
I67
sS'turkey'
p1515
I67
sS'air-conditioned'
p1516
I67
sS'arts'
p1517
I66
sS'cycling'
p1518
I67
sS'grand'
p1519
I67
sS'cares'
p1520
I67
sS'impromptu'
p1521
I67
sS'ucla'
p1522
I66
sS'mark'
p1523
I66
sS'guy!,90049\n468521936335556608,traybsmith,2014-05-19'
p1524
I67
sS'combined'
p1525
I67
sS'judging'
p1526
I65
sS'sesh'
p1527
I67
sS'staring'
p1528
I67
sS'mary'
p1529
I67
sS'd\xc3\xadas'
p1530
I67
sS'man,90049\n290553571420823552,tori_feldman,2013-01-13'
p1531
I67
sS'educated'
p1532
I67
sS'shopping'
p1533
I66
sS'bummer'
p1534
I67
sS'coral\xe2\x80\xa6'
p1535
I66
sS'guyz'
p1536
I67
sS'wake'
p1537
I67
sS'"who'
p1538
I66
sS'laying'
p1539
I67
sS'careful'
p1540
I67
sS'irrelevant'
p1541
I67
sS'those'
p1542
I60
sS'sound'
p1543
I64
sS'myself'
p1544
I65
sS'cutie'
p1545
I67
sS'these'
p1546
I58
sS'sauce'
p1547
I67
sS'cash'
p1548
I67
sS'hunty'
p1549
I67
sS'dairy/frozen'
p1550
I67
sS'margie'
p1551
I67
sS'cancelled'
p1552
I67
sS'mound'
p1553
I67
sS'coolest'
p1554
I67
sS'ive'
p1555
I67
sS'hitz'
p1556
I67
sS'fashioned'
p1557
I67
sS'engaged'
p1558
I67
sS'coffee'
p1559
I58
sS'sleeping'
p1560
I64
sS'unit'
p1561
I67
sS'someone'
p1562
I62
sS'drug'
p1563
I67
sS'heels'
p1564
I67
sS'police"'
p1565
I67
sS'everyday'
p1566
I65
sS'worry'
p1567
I67
sS'comments'
p1568
I67
sS'different'
p1569
I66
sS'dragging'
p1570
I67
sS'samo'
p1571
I65
sS'doctor'
p1572
I67
sS'pay'
p1573
I65
sS'seeking'
p1574
I67
sS'bowl'
p1575
I66
sS'tour'
p1576
I67
sS'same'
p1577
I58
sS'trip'
p1578
I62
sS'food'
p1579
I63
sS'speech'
p1580
I67
sS"o'brien"
p1581
I67
sS'coworkers'
p1582
I67
sS'damon'
p1583
I67
sS'emojis'
p1584
I66
sS'week'
p1585
I57
sS'favorited'
p1586
I67
sS'finish'
p1587
I66
sS'\xe2\x98\x94\xef\xb8\x8f'
p1588
I67
sS'arctic'
p1589
I67
sS'foam'
p1590
I67
sS'driver'
p1591
I67
sS'weed'
p1592
I67
sS'cheers'
p1593
I66
sS'running'
p1594
I64
sS'%'
p1595
I67
sS'validate'
p1596
I67
sS'costa'
p1597
I67
sS'awesomeness'
p1598
I67
sS'severe'
p1599
I67
sS'without'
p1600
I64
sS'mann'
p1601
I67
sS"1992'ing"
p1602
I67
sS'11'
p1603
I67
sS'bodies'
p1604
I67
sS'summer'
p1605
I62
sS'janet'
p1606
I67
sS'they'
p1607
I41
sS'being'
p1608
I63
sS'money'
p1609
I65
sS'sucks,90049\n462801221246803968,_januhhh,2014-05-04'
p1610
I67
sS'rest'
p1611
I66
sS'pre-production'
p1612
I67
sS'kill'
p1613
I66
sS'actor'
p1614
I67
sS'harrison'
p1615
I67
sS'touch'
p1616
I67
sS'rewatch'
p1617
I67
sS'speed'
p1618
I67
sS'captured'
p1619
I67
sS'segal'
p1620
I67
sS'yaaas'
p1621
I67
sS'renewed'
p1622
I67
sS',90049\n363164315320197122,sophieelkus,2013-08-02'
p1623
I67
sS'battles,90049\n477670160644317184,wesohhhh,2014-06-14'
p1624
I67
sS'thinking'
p1625
I63
sS"we've"
p1626
I65
sS'seems'
p1627
I67
sS'except'
p1628
I66
sS'improvement'
p1629
I66
sS'lets'
p1630
I66
sS'ahhhh'
p1631
I67
sS'4'
p1632
I52
sS'letz'
p1633
I64
sS'hyphen'
p1634
I67
sS'real'
p1635
I59
sS'you,90049\n495625897332834304,wesohhhh,2014-08-02'
p1636
I67
sS'underaged'
p1637
I67
sS'around'
p1638
I61
sS'read'
p1639
I64
sS'herrre'
p1640
I66
sS'fridge'
p1641
I67
sS'gonna'
p1642
I61
sS'1:7'
p1643
I67
sS'early'
p1644
I60
sS'traffic'
p1645
I63
sS'mom'
p1646
I64
sS'world'
p1647
I54
sS'lady'
p1648
I64
sS'dare'
p1649
I67
sS'clan'
p1650
I67
sS'arugula'
p1651
I67
sS"barney's"
p1652
I65
sS'christing'
p1653
I67
sS'caprese'
p1654
I67
sS'kennedy'
p1655
I67
sS'patrick'
p1656
I66
sS'suppliers'
p1657
I67
sS'homegirl'
p1658
I67
sS'"leave'
p1659
I67
sS'benefit'
p1660
I67
sS"'sun'"
p1661
I67
sS'either'
p1662
I66
sS'hallelujah'
p1663
I66
sS'clay'
p1664
I67
sS'beverly'
p1665
I67
sS'cookie...)\xe2\x80\xa6'
p1666
I67
sS'doll'
p1667
I66
sS'pushy'
p1668
I67
sS'competition'
p1669
I66
sS'l'
p1670
I67
sS'oscars'
p1671
I66
sS'table'
p1672
I67
sS"meg's"
p1673
I67
sS'users'
p1674
I67
sS'whooo'
p1675
I67
sS'viral'
p1676
I67
sS'want.,90049\n454011572268982272,janaerockwell,2014-04-09'
p1677
I67
sS'chik-fil-a'
p1678
I67
sS'mood'
p1679
I67
sS'bento'
p1680
I67
sS'noon'
p1681
I66
sS'nooo'
p1682
I67
sS'moon'
p1683
I67
sS'station)'
p1684
I67
sS'considering'
p1685
I67
sS'wheat'
p1686
I67
sS'arrow'
p1687
I66
sS'business'
p1688
I62
sS'asap'
p1689
I67
sS'seconds'
p1690
I67
sS'after...measurements'
p1691
I67
sS'royals'
p1692
I66
sS'tuition'
p1693
I67
sS'doorknobs'
p1694
I67
sS'20:48:37.0,34.05370451,-118.46469687,2641.03,so'
p1695
I67
sS'leftover'
p1696
I65
sS';)'
p1697
I66
sS'exciting'
p1698
I67
sS'on'
p1699
I12
sS'stone'
p1700
I67
sS'ok'
p1701
I66
sS'oh'
p1702
I60
sS'og'
p1703
I66
sS'of'
p1704
I10
sS'oc'
p1705
I65
sS'inviting'
p1706
I67
sS'$55'
p1707
I67
sS"isn't"
p1708
I61
sS'15:29:16.0,34.053789,-118.464722,2641.03,fuel'
p1709
I67
sS'act'
p1710
I66
sS'luck'
p1711
I63
sS'backup'
p1712
I67
sS'or'
p1713
I44
sS'road'
p1714
I66
sS'ladies'
p1715
I63
sS'burning'
p1716
I67
sS'antidote'
p1717
I66
sS'blessed'
p1718
I66
sS'legged'
p1719
I67
sS'vacation'
p1720
I67
sS'rolling'
p1721
I67
sS'brunette'
p1722
I67
sS'god+me'
p1723
I67
sS'gary'
p1724
I67
sS'your'
p1725
I39
sS'her'
p1726
I55
sS'trip)'
p1727
I67
sS'1:27'
p1728
I67
sS'there'
p1729
I52
sS'hey'
p1730
I66
sS'lol'
p1731
I49
sS'los'
p1732
I63
sS"how'd"
p1733
I67
sS'unspoken'
p1734
I67
sS'mondays'
p1735
I67
sS'no-gravity'
p1736
I67
sS'stars'
p1737
I66
sS'brazilian'
p1738
I67
sS'heh'
p1739
I67
sS'strict'
p1740
I67
sS'vicente'
p1741
I65
sS'mornings'
p1742
I67
sS'ewing'
p1743
I67
sS'enough'
p1744
I67
sS'games"'
p1745
I67
sS'co-worker'
p1746
I67
sS'delayed'
p1747
I67
sS'jacobson'
p1748
I67
sS'ended'
p1749
I66
sS'cycle'
p1750
I67
sS'cloner'
p1751
I67
sS'trying'
p1752
I66
sS'with'
p1753
I16
sS'pull'
p1754
I66
sS'rush'
p1755
I66
sS'are"'
p1756
I67
sS'monday"'
p1757
I67
sS"wasn't"
p1758
I66
sS'bucket'
p1759
I67
sS'strawberry'
p1760
I67
sS'17:15:55.0,34.05408046,-118.46378754,2641.03,mykonos'
p1761
I67
sS'russ'
p1762
I67
sS'detailed'
p1763
I67
sS'gone'
p1764
I67
sS'ac'
p1765
I67
sS'ohh'
p1766
I67
sS'ad'
p1767
I67
sS'videos'
p1768
I66
sS'af'
p1769
I67
sS'feliz'
p1770
I67
sS'1992-1993'
p1771
I67
sS'am'
p1772
I59
sS'sales'
p1773
I67
sS'an'
p1774
I45
sS'ap'
p1775
I67
sS'as'
p1776
I45
sS"01:44:29.0,34.05610019,-118.466987,2641.03,i'm"
p1777
I67
sS'buttholes"'
p1778
I67
sS'at'
p1779
I15
sS'follow-up'
p1780
I67
sS'clipps'
p1781
I67
sS'ay'
p1782
I66
sS'watched'
p1783
I64
sS'operation'
p1784
I67
sS'cream'
p1785
I64
sS'again'
p1786
I64
sS'maserati'
p1787
I67
sS'wild'
p1788
I67
sS'antenna'
p1789
I66
sS'deserve'
p1790
I66
sS'loyal'
p1791
I67
sS'comedies'
p1792
I67
sS'everywhere"'
p1793
I67
sS'5'
p1794
I62
sS'you'
p1795
I13
sS'tagliatelle'
p1796
I67
sS'homeys'
p1797
I67
sS'sneezy'
p1798
I67
sS'21:58:21.0,34.05413898,-118.46378184,2641.03,lunch'
p1799
I67
sS'wikileaks'
p1800
I67
sS'pear'
p1801
I67
sS'comfyyyyyy'
p1802
I67
sS'coverage'
p1803
I67
sS"she's"
p1804
I63
sS'chris'
p1805
I67
sS'prolly'
p1806
I67
sS'stocks'
p1807
I67
sS'pool'
p1808
I63
sS'glampreneur'
p1809
I67
sS'calls'
p1810
I67
sS'wife'
p1811
I67
sS'having'
p1812
I59
sS'exhausting'
p1813
I66
sS'posts'
p1814
I66
sS'corey'
p1815
I67
sS'u'
p1816
I35
sS'adam'
p1817
I67
sS'missouri'
p1818
I67
sS'starting'
p1819
I66
sS'original'
p1820
I66
sS'waiver'
p1821
I67
sS'planed'
p1822
I67
sS'all'
p1823
I27
sS'schumaker'
p1824
I67
sS'forget'
p1825
I66
sS'lack'
p1826
I65
sS'month'
p1827
I67
sS':/'
p1828
I67
sS'(if'
p1829
I67
sS'welfare'
p1830
I67
sS'follow'
p1831
I67
sS'as-burgers'
p1832
I67
sS'religious'
p1833
I67
sS'hmmm'
p1834
I67
sS'apartment'
p1835
I65
sS'college'
p1836
I67
sS'ty'
p1837
I67
sS'tv'
p1838
I63
sS'themed'
p1839
I67
sS'cloudy'
p1840
I67
sS'thursday'
p1841
I67
sS'to'
p1842
I3
sS'foster'
p1843
I66
sS'dairy'
p1844
I67
sS'smile'
p1845
I65
sS'enjoying'
p1846
I66
sS'woman'
p1847
I64
sS'worse'
p1848
I66
sS'song'
p1849
I64
sS'very'
p1850
I59
sS'fav'
p1851
I67
sS'fat'
p1852
I67
sS'ppls'
p1853
I67
sS'fan'
p1854
I63
sS'decide'
p1855
I67
sS'fam'
p1856
I64
sS'awful'
p1857
I66
sS'ticket'
p1858
I67
sS'syracuse'
p1859
I67
sS'heaven'
p1860
I66
sS'shania'
p1861
I67
sS'dayyyyy'
p1862
I67
sS'cable'
p1863
I67
sS'--'
p1864
I67
sS'celebrity'
p1865
I66
sS'list'
p1866
I66
sS'manager'
p1867
I67
sS'circuit'
p1868
I67
sS'capoue'
p1869
I67
sS'small'
p1870
I66
sS'lisa'
p1871
I67
sS'dodger'
p1872
I66
sS'17:43:16.0,34.0545522,-118.4667021,2641.03,never'
p1873
I67
sS"i'll"
p1874
I57
sS'dunk'
p1875
I67
sS'cookies'
p1876
I67
sS'vicki'
p1877
I67
sS'ten'
p1878
I67
sS'tea'
p1879
I65
sS'sloppy'
p1880
I67
sS'yourself,90049\n492562274360377344,wesohhhh,2014-07-25'
p1881
I67
sS'past'
p1882
I66
sS'burger'
p1883
I62
sS'design'
p1884
I67
sS'perspective'
p1885
I67
sS'raise'
p1886
I67
sS'delivered'
p1887
I67
sS'1\xe2\x80\xa6'
p1888
I67
sS'casual'
p1889
I67
sS'90s'
p1890
I66
sS'what'
p1891
I38
sS'helllllppp'
p1892
I67
sS'clock'
p1893
I67
sS'sun'
p1894
I66
sS'sum'
p1895
I67
sS'stool'
p1896
I67
sS'anniversary'
p1897
I65
sS'xox'
p1898
I67
sS'crush'
p1899
I65
sS'version'
p1900
I66
sS'sooooooo'
p1901
I67
sS'public'
p1902
I67
sS'handy'
p1903
I67
sS'movement'
p1904
I67
sS'full'
p1905
I62
sS"c'mon"
p1906
I67
sS'streetz'
p1907
I67
sS'witticisms'
p1908
I67
sS'surfer'
p1909
I67
sS'hours'
p1910
I63
sS'chadli'
p1911
I67
sS'november'
p1912
I67
sS'contributing'
p1913
I67
sS'respect'
p1914
I67
sS'shoulda'
p1915
I67
sS'coaster'
p1916
I67
sS'omega\xe2\x80\xa6'
p1917
I67
sS'search'
p1918
I67
sS'ahead'
p1919
I66
sS'houses'
p1920
I67
sS'inspired'
p1921
I67
sS'experience'
p1922
I66
sS'airport'
p1923
I66
sS'lasagna'
p1924
I66
sS'pick'
p1925
I66
sS'action'
p1926
I66
sS"would've"
p1927
I66
sS'roomie'
p1928
I67
sS'storm."'
p1929
I67
sS'via'
p1930
I64
sS'followed'
p1931
I67
sS'vid'
p1932
I60
sS'suddenly'
p1933
I67
sS'donnie'
p1934
I67
sS'africa'
p1935
I67
sS'busey'
p1936
I67
sS'donut'
p1937
I67
sS'put'
p1938
I58
sS'chunky'
p1939
I67
sS'indoors'
p1940
I67
sS'select'
p1941
I67
sS'surrender."'
p1942
I67
sS'mullet'
p1943
I67
sS'takes'
p1944
I65
sS'texting'
p1945
I67
sS'two'
p1946
I61
sS'pearl'
p1947
I67
sS'fragrance'
p1948
I67
sS'taken'
p1949
I66
sS'tuezday'
p1950
I67
sS'wow\xe2\x80\x9d'
p1951
I67
sS'more'
p1952
I46
sS'flat'
p1953
I67
sS'israel'
p1954
I66
sS'door'
p1955
I66
sS'knows'
p1956
I65
sS'company'
p1957
I66
sS'excuse'
p1958
I67
sS'amazing!!!\xe2\x80\x9d'
p1959
I67
sS"ain't"
p1960
I64
sS'stick'
p1961
I67
sS'broke'
p1962
I67
sS'twerker'
p1963
I67
sS'known'
p1964
I67
sS'glad'
p1965
I65
sS'allison+partners)'
p1966
I67
sS'town'
p1967
I66
sS'grill'
p1968
I56
sS'macho'
p1969
I67
sS'market)'
p1970
I66
sS'equation'
p1971
I67
sS'sudden'
p1972
I67
sS'sent'
p1973
I66
sS'den'
p1974
I67
sS'birffday'
p1975
I67
sS'smurf'
p1976
I67
sS'spontaneous'
p1977
I67
sS'dee'
p1978
I67
sS'beautiful'
p1979
I62
sS'begetavels'
p1980
I67
sS'share'
p1981
I64
sS'glampreneurgirls'
p1982
I67
sS'\xe2\x98\x95\xef\xb8\x8f'
p1983
I67
sS'sense'
p1984
I67
sS'phrase'
p1985
I67
sS'scruff'
p1986
I67
sS'dress'
p1987
I65
sS'tull'
p1988
I67
sS'hamburgers'
p1989
I65
sS'huge'
p1990
I67
sS'needs'
p1991
I63
sS'answer'
p1992
I67
sS'court'
p1993
I66
sS'goal'
p1994
I62
sS'cocking'
p1995
I67
sS'rather'
p1996
I67
sS'breaking'
p1997
I66
sS'thanksgivings'
p1998
I67
sS'needa'
p1999
I66
sS'hannah'
p2000
I67
sS'functioning'
p2001
I67
sS"heart's"
p2002
I67
sS'buenos'
p2003
I67
sS'hugs'
p2004
I67
sS'dog?"'
p2005
I67
sS'strong'
p2006
I67
sS'100000'
p2007
I67
sS'pre-gaming'
p2008
I67
sS'gina'
p2009
I67
sS'okay'
p2010
I66
sS'tried'
p2011
I66
sS'rude'
p2012
I65
sS's\xc3\xa1bado'
p2013
I67
sS'hoisting'
p2014
I67
sS'soundtrack'
p2015
I65
sS'shame...i'
p2016
I67
sS'23:02:27.0,34.05380491,-118.46298287,2641.03,gratitude'
p2017
I67
sS'blood'
p2018
I67
sS'numb'
p2019
I67
sS'coming'
p2020
I55
sS'invasion'
p2021
I67
sS'tacos'
p2022
I66
sS'61%'
p2023
I67
sS'a'
p2024
I4
sS'refuse'
p2025
I67
sS'short'
p2026
I64
sS'junkiest'
p2027
I67
sS'loud'
p2028
I67
sS'register'
p2029
I67
sS'perhaps'
p2030
I67
sS'kruizing'
p2031
I67
sS'grande'
p2032
I67
sS'crafts'
p2033
I67
sS'facebook'
p2034
I67
sS'hates'
p2035
I67
sS'egg'
p2036
I67
sS'playing'
p2037
I63
sS'18:58:20.0,34.053789,-118.464722,2641.03,seriously'
p2038
I67
sS"that's"
p2039
I53
sS'photoshop'
p2040
I67
sS'mexican'
p2041
I59
sS'help'
p2042
I64
sS"don't"
p2043
I42
sS'"if'
p2044
I66
sS'john'
p2045
I67
sS'soon'
p2046
I63
sS'installed'
p2047
I67
sS'performance'
p2048
I67
sS'scientist'
p2049
I67
sS'through'
p2050
I63
sS'signs'
p2051
I67
sS'hell'
p2052
I65
sS'day!,90049\n496709019323891712,itsdanielcs,2014-08-05'
p2053
I67
sS'its'
p2054
I62
sS'winger'
p2055
I67
sS'24'
p2056
I66
sS'messed'
p2057
I67
sS'style'
p2058
I66
sS'blast'
p2059
I67
sS'rapidly'
p2060
I67
sS'figuring'
p2061
I67
sS'-sunderland'
p2062
I67
sS'solving'
p2063
I67
sS'abbey'
p2064
I67
sS'actually'
p2065
I61
sS'>>>'
p2066
I67
sS',90049\n452886654723043329,sophieelkus,2014-04-06'
p2067
I67
sS'bout'
p2068
I62
sS'margarita'
p2069
I67
sS'might'
p2070
I63
sS"haven't"
p2071
I67
sS'"unconditional'
p2072
I67
sS'verzion'
p2073
I67
sS'susana'
p2074
I66
sS'good'
p2075
I35
sS'yo'
p2076
I67
sS'dim'
p2077
I67
sS'ya'
p2078
I61
sS'allison+partners'
p2079
I67
sS'peeing'
p2080
I67
sS'hahahahahaha'
p2081
I67
sS'starbucks'
p2082
I58
sS'olaf'
p2083
I67
sS'complain'
p2084
I67
sS'association'
p2085
I67
sS'impressive'
p2086
I67
sS'alwayz'
p2087
I64
sS'stopper'
p2088
I67
sS'always'
p2089
I58
sS'"full'
p2090
I67
sS'ashes'
p2091
I67
sS'goofy'
p2092
I67
sS'stopped'
p2093
I67
sS',90049\n340847400551858176,sophieelkus,2013-06-01'
p2094
I67
sS'found'
p2095
I66
sS'trailer'
p2096
I66
sS'referred'
p2097
I67
sS'reactions'
p2098
I67
sS'rodriguez'
p2099
I67
sS'everyone'
p2100
I63
sS'delicious'
p2101
I67
sS'house'
p2102
I61
sS'energy'
p2103
I64
sS'hard'
p2104
I64
sS'idea'
p2105
I61
sS'accidentally'
p2106
I67
sS'tonite'
p2107
I66
sS'connect'
p2108
I65
sS'kobe'
p2109
I67
sS'scratching'
p2110
I67
sS'farfalle'
p2111
I67
sS'bath'
p2112
I67
sS'hart'
p2113
I67
sS'westament"'
p2114
I67
sS'really'
p2115
I47
sS'15:40:15.0,34.053789,-118.464722,2641.03,mmm'
p2116
I67
sS'missed'
p2117
I66
sS'ftw'
p2118
I67
sS'lionesses'
p2119
I67
sS'since'
p2120
I61
sS'hill'
p2121
I67
sS'7'
p2122
I62
sS'paradise'
p2123
I66
sS'song/vid'
p2124
I67
sS'offline'
p2125
I67
sS'issue'
p2126
I67
sS'cpk'
p2127
I67
sS'ass'
p2128
I61
sS'toscana'
p2129
I64
sS'earns'
p2130
I67
sS'jeremiah'
p2131
I67
sS'pathetic'
p2132
I67
sS'dirt'
p2133
I67
sS'roofs'
p2134
I67
sS'claws'
p2135
I67
sS'friday'
p2136
I64
sS'story'
p2137
I65
sS'extraordinary'
p2138
I67
sS'reason'
p2139
I67
sS'basketball'
p2140
I67
sS'disneyland'
p2141
I67
sS'imagine'
p2142
I67
sS'ask'
p2143
I64
sS'beginning'
p2144
I66
sS'loads'
p2145
I67
sS'talkdad'
p2146
I67
sS'guest'
p2147
I67
sS'director'
p2148
I67
sS'dip'
p2149
I67
sS'terrible'
p2150
I67
sS"year's"
p2151
I67
sS'american'
p2152
I67
sS'w'
p2153
I64
sS'bumper'
p2154
I66
sS"it'll"
p2155
I67
sS'scoope'
p2156
I67
sS'feed'
p2157
I65
sS'dont'
p2158
I67
sS'mish'
p2159
I67
sS'feel'
p2160
I59
sS'number'
p2161
I65
sS'fancy'
p2162
I67
sS'infinite'
p2163
I67
sS'done'
p2164
I58
sS'nailtini'
p2165
I67
sS'copped'
p2166
I67
sS'tayrosenels'
p2167
I67
sS'angeles)'
p2168
I65
sS'mist'
p2169
I67
sS'miss'
p2170
I57
sS'carter'
p2171
I67
sS'guess'
p2172
I63
sS'heads'
p2173
I67
sS'kol'
p2174
I67
sS'jet'
p2175
I67
sS'gourmet'
p2176
I65
sS'interviews'
p2177
I67
sS'brisket'
p2178
I67
sS'least'
p2179
I62
sS'player'
p2180
I65
sS'paint'
p2181
I65
sS'wonderful'
p2182
I66
sS'mama'
p2183
I63
sS'banana'
p2184
I67
sS'store'
p2185
I66
sS'selling'
p2186
I67
sS'option'
p2187
I67
sS'relationship'
p2188
I65
sS'behind'
p2189
I66
sS'giselle'
p2190
I67
sS'hotel'
p2191
I66
sS'park'
p2192
I67
sS'30rock'
p2193
I67
sS'luckily'
p2194
I67
sS'part'
p2195
I65
sS'doctors'
p2196
I67
sS'believe'
p2197
I66
sS'stairs'
p2198
I65
sS'gilbert'
p2199
I67
sS'reliever'
p2200
I67
sS'obama'
p2201
I67
sS'kind'
p2202
I61
sS'b'
p2203
I66
sS'double'
p2204
I66
sS'hike'
p2205
I67
sS'outrageous'
p2206
I67
sS'omgomgomg'
p2207
I67
sS'risks'
p2208
I67
sS'tearing-up-at-work'
p2209
I67
sS'risky'
p2210
I67
sS'mickey'
p2211
I67
sS'charlotte'
p2212
I67
sS'basically'
p2213
I67
sS'identically'
p2214
I67
sS'fights'
p2215
I67
sS'juicy'
p2216
I67
sS'juice'
p2217
I56
sS'alike'
p2218
I67
sS'tokerz'
p2219
I67
sS'fiona'
p2220
I67
sS'yeet'
p2221
I67
sS'sell'
p2222
I64
sS'nights'
p2223
I67
sS'trance'
p2224
I67
sS'self'
p2225
I67
sS'trapped'
p2226
I67
sS'toscana)'
p2227
I66
sS'sherwood'
p2228
I64
sS'also'
p2229
I59
sS'build'
p2230
I66
sS'finding'
p2231
I67
sS'anxiety'
p2232
I67
sS'insufferable'
p2233
I67
sS'buff'
p2234
I67
sS'eggy'
p2235
I67
sS'badge.\xe2\x80\x9d'
p2236
I67
sS'play'
p2237
I64
sS'eggs'
p2238
I65
sS'salmon'
p2239
I66
sS'"meridian."'
p2240
I67
sS'most'
p2241
I60
sS'virus'
p2242
I66
sS'hired'
p2243
I67
sS'plan'
p2244
I63
sS'71'
p2245
I67
sS'nothing'
p2246
I60
sS'stressful'
p2247
I67
sS'|rt'
p2248
I67
sS'extremely'
p2249
I67
sS'won\xe2\x80\x99t'
p2250
I67
sS'couzin'
p2251
I67
sS'ke'
p2252
I67
sS'windows'
p2253
I66
sS'performances'
p2254
I67
sS'clear'
p2255
I67
sS'sometimes'
p2256
I66
sS'cover'
p2257
I63
sS'night"'
p2258
I67
sS'clean'
p2259
I66
sS'\xe2\x98\x80\xef\xb8\x8f'
p2260
I67
sS'ky'
p2261
I67
sS'shoutout'
p2262
I66
sS'stones'
p2263
I67
sS'ugh'
p2264
I67
sS'gold'
p2265
I66
sS'stoney'
p2266
I67
sS'moroccan'
p2267
I67
sS'weho'
p2268
I67
sS'(ginger'
p2269
I67
sS'cameo'
p2270
I66
sS'fine'
p2271
I65
sS'find'
p2272
I63
sS'juicecrafters'
p2273
I67
sS'interviewer'
p2274
I67
sS'cried'
p2275
I67
sS'convinced'
p2276
I66
sS'ruin'
p2277
I67
sS'gifting'
p2278
I67
sS'"thank'
p2279
I67
sS'randy'
p2280
I67
sS'pretty'
p2281
I56
sS'override'
p2282
I67
sS'8'
p2283
I62
sS'hip'
p2284
I67
sS'begins'
p2285
I67
sS'his'
p2286
I51
sS'hit'
p2287
I58
sS'goes'
p2288
I67
sS'sunny'
p2289
I66
sS'skydiving'
p2290
I67
sS'feels'
p2291
I63
sS'grew'
p2292
I65
sS'actress'
p2293
I66
sS'reporters'
p2294
I67
sS'during'
p2295
I63
sS'him'
p2296
I53
sS'ana'
p2297
I67
sS'rampage'
p2298
I67
sS"harry's"
p2299
I66
sS'yaaaasssss'
p2300
I67
sS'cry'
p2301
I64
sS'dante'
p2302
I65
sS'ahhhhh'
p2303
I66
sS'gotten'
p2304
I67
sS'x'
p2305
I60
sS'restaurants'
p2306
I67
sS'bars'
p2307
I67
sS'art'
p2308
I65
sS'creator'
p2309
I67
sS'throwing'
p2310
I67
sS'vine'
p2311
I67
sS'see'
p2312
I50
sS'professional'
p2313
I67
sS'dumb'
p2314
I67
sS'are'
p2315
I26
sS'sea'
p2316
I67
sS'$peciez'
p2317
I67
sS'close'
p2318
I65
sS'angie'
p2319
I67
sS'bozz'
p2320
I67
sS'shower'
p2321
I67
sS'probable'
p2322
I67
sS'breakups'
p2323
I67
sS'movie'
p2324
I61
sS'wow'
p2325
I60
sS'currently'
p2326
I67
sS'please'
p2327
I63
sS"kid's"
p2328
I67
sS'fans'
p2329
I64
sS'won'
p2330
I65
sS'probably'
p2331
I66
sS'soulmate'
p2332
I67
sS'champagne'
p2333
I67
sS'piss'
p2334
I67
sS'knowing'
p2335
I67
sS'4gs'
p2336
I67
sS'laugh'
p2337
I67
sS'europa'
p2338
I67
sS'creating'
p2339
I67
sS'missing'
p2340
I66
sS'sold'
p2341
I67
sS'nashville'
p2342
I67
sS'bwood'
p2343
I67
sS'death'
p2344
I67
sS'mustard'
p2345
I67
sS'03:16:00.0,34.05312203,-118.46768206,2641.03,having'
p2346
I67
sS'both'
p2347
I58
sS'c'
p2348
I67
sS'10th'
p2349
I67
sS'last'
p2350
I46
sS'reverse'
p2351
I67
sS'license'
p2352
I67
sS'restaurant'
p2353
I67
sS"wouldn't"
p2354
I66
sS'soldado'
p2355
I67
sS'event'
p2356
I67
sS'became'
p2357
I67
sS'rose'
p2358
I67
sS'duuuuude'
p2359
I67
sS'bond'
p2360
I67
sS'whole'
p2361
I47
sS'cakes'
p2362
I67
sS'point'
p2363
I63
sS'sweet'
p2364
I62
sS'adebayor'
p2365
I66
sS'smashing'
p2366
I67
sS'nipping'
p2367
I67
sS'simply'
p2368
I67
sS'throughout'
p2369
I67
sS'mission'
p2370
I67
sS'patiently'
p2371
I67
sS'01:55:15.0,34.0545665,-118.4666247,2641.03,never'
p2372
I67
sS'primetime'
p2373
I67
sS'java'
p2374
I67
sS'hiatus'
p2375
I67
sS'autocorrect'
p2376
I65
sS'\xe2\x98\x95'
p2377
I67
sS'6:30pm'
p2378
I67
sS'earthquake'
p2379
I67
sS'runner'
p2380
I67
sS'secret'
p2381
I67
sS'damn'
p2382
I65
sS'19:43:35.0,34.05377832,-118.4637889,2641.03,happy'
p2383
I67
sS'mido'
p2384
I67
sS'meeting'
p2385
I66
sS'woke'
p2386
I65
sS'treatment'
p2387
I67
sS'iman'
p2388
I67
sS'flight'
p2389
I67
sS'gay'
p2390
I67
sS'sending'
p2391
I67
sS'fire'
p2392
I66
sS"i..haven't"
p2393
I67
sS"what's"
p2394
I62
sS'gas'
p2395
I66
sS'else'
p2396
I65
sS'pricey'
p2397
I67
sS'lives'
p2398
I66
sS'specifically'
p2399
I67
sS'prices'
p2400
I67
sS'despite'
p2401
I67
sS'juice\xe2\x80\xa6'
p2402
I67
sS'utmost'
p2403
I67
sS'skynyrd'
p2404
I67
sS'frozen'
p2405
I66
sS'straight'
p2406
I67
sS'bill'
p2407
I67
sS'ahah'
p2408
I66
sS'budget'
p2409
I67
sS',90049\n56905734889291776,kevinfremon,2011-04-10'
p2410
I67
sS'ouchie'
p2411
I67
sS'mimosas'
p2412
I67
sS'03:05:26.0,34.05401553,-118.46303755,2641.03,the'
p2413
I67
sS'fun'
p2414
I54
sS'dms'
p2415
I67
sS"04:04:30.0,34.053178,-118.46865,2641.03,i'm"
p2416
I67
sS'robin'
p2417
I67
sS'omelettes'
p2418
I67
sS'hoping'
p2419
I66
sS'owen'
p2420
I67
sS'rip'
p2421
I67
sS'stations'
p2422
I67
sS'sugarfish'
p2423
I67
sS'itself'
p2424
I67
sS'triple'
p2425
I67
sS'ready'
p2426
I64
sS'guess...)'
p2427
I67
sS'rib'
p2428
I67
sS'tetep'
p2429
I67
sS'chase'
p2430
I66
sS'funny'
p2431
I66
sS'amazeballs.\xe2\x80\xa6'
p2432
I67
sS'shirt'
p2433
I65
sS'anymore'
p2434
I66
sS'noooo'
p2435
I67
sS'belong'
p2436
I67
sS'rules'
p2437
I67
sS'woolwich'
p2438
I67
sS'daughter"'
p2439
I67
sS'9'
p2440
I67
sS"moon's"
p2441
I67
sS'it\xe2\x80\x9d'
p2442
I67
sS'cumming'
p2443
I67
sS'summerland'
p2444
I67
sS'"semi"'
p2445
I67
sS'used'
p2446
I66
sS'temporary'
p2447
I67
sS'bonus'
p2448
I67
sS'yesterday'
p2449
I67
sS'holidays'
p2450
I67
sS'moment'
p2451
I64
sS'moving'
p2452
I66
sS'cleaning'
p2453
I66
sS'dailycandyla'
p2454
I67
sS'timid'
p2455
I67
sS':),90049\n454497656669089792,janaerockwell,2014-04-11'
p2456
I67
sS'\xe2\x9c\x8c\xef\xb8\x8f,90049\n464694823446802432,alika_provenghi,2014-05-09'
p2457
I67
sS'grannies--who'
p2458
I67
sS'bouncer'
p2459
I67
sS'grind'
p2460
I66
sS'person'
p2461
I60
sS'cheer'
p2462
I67
sS'scummy'
p2463
I67
sS'massage'
p2464
I67
sS'koolin'
p2465
I67
sS'salon)'
p2466
I67
sS'spend'
p2467
I65
sS'cave'
p2468
I67
sS'\xe2\x9d\xa4'
p2469
I67
sS'aids\xe2\x80\x9d'
p2470
I67
sS'ceo'
p2471
I67
sS'00:15:06.0,34.05359777,-118.46722653,2641.03,that'
p2472
I67
sS'"like'
p2473
I66
sS'nahum'
p2474
I67
sS'shape'
p2475
I66
sS'roasted'
p2476
I66
sS'retired'
p2477
I66
sS'startups'
p2478
I67
sS'tabbouleh'
p2479
I66
sS'cut'
p2480
I66
sS'soulmates'
p2481
I67
sS'cup'
p2482
I67
sS'<insert'
p2483
I67
sS'cuz'
p2484
I62
sS'throats'
p2485
I67
sS'source'
p2486
I67
sS'parents'
p2487
I67
sS'soooooo'
p2488
I67
sS'level,90049\n492125827434160128,wesohhhh,2014-07-24'
p2489
I67
sS'snap'
p2490
I67
sS'bunkbed'
p2491
I67
sS'excited'
p2492
I61
sS'homiez'
p2493
I64
sS'boener'
p2494
I67
sS'bio'
p2495
I67
sS'march'
p2496
I67
sS'format'
p2497
I67
sS'big'
p2498
I58
sS'couple'
p2499
I65
sS'8:30pm'
p2500
I66
sS'game'
p2501
I48
sS'clam'
p2502
I67
sS'biz'
p2503
I66
sS"noah's"
p2504
I67
sS'bit'
p2505
I63
sS'bip'
p2506
I67
sS'lost'
p2507
I62
sS'hahha'
p2508
I67
sS'message'
p2509
I67
sS'donny'
p2510
I67
sS'croniez'
p2511
I67
sS'stylish'
p2512
I67
sS'b-villian'
p2513
I67
sS'lenin'
p2514
I67
sS'mine...ugh'
p2515
I67
sS'lounge-'
p2516
I66
sS'spring'
p2517
I67
sS'sorbet'
p2518
I67
sS'some'
p2519
I50
sS'back'
p2520
I46
sS'k-zo'
p2521
I67
sS'trends'
p2522
I66
sS'03:16:32.0,34.05353876,-118.46669859,2641.03,i'
p2523
I67
sS'slice'
p2524
I67
sS'server'
p2525
I67
sS'savage'
p2526
I67
sS'describing'
p2527
I67
sS'"graduations"'
p2528
I67
sS'pet'
p2529
I67
sS'absolutely'
p2530
I64
sS'shall'
p2531
I67
sS'per'
p2532
I67
sS'bizni$$'
p2533
I67
sS'rivers'
p2534
I67
sS'epic'
p2535
I66
sS'be'
p2536
I21
sS'bf'
p2537
I67
sS'eating'
p2538
I66
sS'bb'
p2539
I67
sS'bc'
p2540
I67
sS'reach'
p2541
I67
sS'gangbusters."'
p2542
I66
sS's/o'
p2543
I62
sS'refused'
p2544
I67
sS'step'
p2545
I66
sS'dazzzed'
p2546
I67
sS'santa'
p2547
I64
sS'<33'
p2548
I67
sS'ache'
p2549
I67
sS'relating'
p2550
I67
sS'downtempo'
p2551
I67
sS'by'
p2552
I34
sS'faith'
p2553
I66
sS'anything'
p2554
I64
sS'\xe2\x99\xa8\xef\xb8\x8f'
p2555
I67
sS'entrepreneurs'
p2556
I67
sS'iced'
p2557
I66
sS'macualuay'
p2558
I67
sS'simulation'
p2559
I67
sS'amazeballs'
p2560
I67
sS'range'
p2561
I67
sS'here."'
p2562
I67
sS'idk'
p2563
I65
sS'bish'
p2564
I67
sS'congressman'
p2565
I67
sS'aqualung'
p2566
I67
sS'wanna'
p2567
I63
sS'silence'
p2568
I67
sS'boy"'
p2569
I66
sS'seeing'
p2570
I65
sS'visit'
p2571
I67
sS'into'
p2572
I61
sS'within'
p2573
I67
sS'servers'
p2574
I67
sS'martinez'
p2575
I67
sS'sandro'
p2576
I67
sS'france'
p2577
I67
sS'lebron'
p2578
I67
sS'peepz'
p2579
I67
sS'tasting'
p2580
I67
sS'spending'
p2581
I66
sS'stylin'
p2582
I67
sS'...i'
p2583
I67
sS'live'
p2584
I65
sS'fast'
p2585
I65
sS'u2'
p2586
I67
sS'03:46:51.0,34.05392873,-118.46348527,2641.03,having'
p2587
I67
sS"we're"
p2588
I63
sS'homemade'
p2589
I66
sS'bruh'
p2590
I66
sS'forward'
p2591
I67
sS'footage'
p2592
I67
sS'today...after'
p2593
I67
sS'invite'
p2594
I66
sS'hgtv'
p2595
I67
sS'atop'
p2596
I67
sS'frost'
p2597
I67
sS'frontrunners'
p2598
I67
sS't-shirt'
p2599
I67
sS'properly'
p2600
I67
sS'sick'
p2601
I67
sS'ling'
p2602
I66
sS'coldest'
p2603
I67
sS'line'
p2604
I64
sS'posted'
p2605
I66
sS'directed'
p2606
I66
sS'115'
p2607
I67
sS'fived'
p2608
I67
sS'jeffries'
p2609
I67
sS'fries'
p2610
I67
sS'up'
p2611
I29
sS'us'
p2612
I54
sS'ur'
p2613
I55
sS'yellen'
p2614
I67
sS'cartwheel'
p2615
I67
sS'fried'
p2616
I67
sS'similar'
p2617
I67
sS'called'
p2618
I64
sS'ordered'
p2619
I66
sS'chad'
p2620
I67
sS'single'
p2621
I67
sS'evening'
p2622
I67
sS'palisades'
p2623
I66
sS'chat'
p2624
I66
sS'(again)'
p2625
I67
sS'cafe'
p2626
I63
sS'stagecoach'
p2627
I67
sS'pun)'
p2628
I67
sS'echo'
p2629
I67
sS'rainbow'
p2630
I67
sS'btwd'
p2631
I66
sS'lemon'
p2632
I66
sS'nah'
p2633
I65
sS'peace'
p2634
I66
sS'jawdinz'
p2635
I67
sS'nap'
p2636
I66
sS'definitely'
p2637
I67
sS'fixinz'
p2638
I67
sS'exum'
p2639
I67
sS'b/c'
p2640
I67
sS'nice'
p2641
I61
sS'korn'
p2642
I67
sS',90049\n353925356371189763,sophieelkus,2013-07-07'
p2643
I67
sS'kansas'
p2644
I66
sS'\xe2\x98\xba\xef\xb8\x8f\xe2\x98\xba\xef\xb8\x8f'
p2645
I67
sS'passions'
p2646
I67
sS'visits'
p2647
I67
sS'prepared'
p2648
I67
sS'hamas'
p2649
I67
sS'sideline'
p2650
I67
sS'robusti'
p2651
I67
sS'smiled'
p2652
I67
sS'entertaining'
p2653
I67
sS'somber-yet-hopeful'
p2654
I67
sS'ago'
p2655
I65
sS'lane'
p2656
I67
sS'land'
p2657
I66
sS'texted'
p2658
I67
sS'backed'
p2659
I66
sS'walked'
p2660
I67
sS'annoyed'
p2661
I67
sS'pamphlets'
p2662
I67
sS'05:15:56.0,34.0536323,-118.46603794,2641.03,this'
p2663
I67
sS'far'
p2664
I67
sS'fresh'
p2665
I66
sS'emily'
p2666
I67
sS'hello'
p2667
I66
sS'dvr'
p2668
I67
sS'code'
p2669
I67
sS'02:57:13.0,34.05359777,-118.46722653,2641.03,discovered'
p2670
I67
sS'alien'
p2671
I65
sS'helped'
p2672
I67
sS'infographic'
p2673
I67
sS'gang'
p2674
I67
sS'go'
p2675
I39
sS'westwood'
p2676
I67
sS'tweeted'
p2677
I67
sS'kate'
p2678
I66
sS'issues'
p2679
I67
sS'peanut'
p2680
I67
sS'alwayzzz'
p2681
I67
sS'530s'
p2682
I67
sS'young'
p2683
I64
sS'send'
p2684
I65
sS'foods\xe2\x80\xa6'
p2685
I65
sS'hats'
p2686
I67
sS'03:13:51.0,34.0543311,-118.4671085,2641.03,we'
p2687
I67
sS'officials'
p2688
I67
sS'lilly'
p2689
I67
sS'friendly'
p2690
I67
sS'(brentwood'
p2691
I64
sS'imagination"'
p2692
I67
sS'family'
p2693
I63
sS'random'
p2694
I67
sS'dessert'
p2695
I66
sS'continues'
p2696
I66
sS'19:56:59.0,34.05408046,-118.46378754,2641.03,scones'
p2697
I67
sS'putting'
p2698
I65
sS'bosses'
p2699
I67
sS'telling'
p2700
I65
sS'patio'
p2701
I67
sS'entire'
p2702
I65
sS'magic'
p2703
I66
sS'armie'
p2704
I67
sS'asparagus'
p2705
I67
sS'eva'
p2706
I67
sS'notes'
p2707
I67
sS'gettin'
p2708
I67
sS'michael'
p2709
I67
sS'ryan'
p2710
I67
sS'try'
p2711
I65
sS'15:30:29.0,34.056283,-118.4643184,2641.03,this'
p2712
I67
sS'clinic'
p2713
I67
sS'race'
p2714
I67
sS"week's"
p2715
I67
sS'wives."'
p2716
I67
sS'challenge'
p2717
I67
sS'joey'
p2718
I66
sS'clients'
p2719
I67
sS"you'd"
p2720
I65
sS'since\xe2\x80\xa6'
p2721
I67
sS'04:33:35.0,34.054572,-118.4666558,2641.03,the'
p2722
I67
sS'ze'
p2723
I67
sS'waking'
p2724
I66
sS'centerions'
p2725
I67
sS'recruitment'
p2726
I67
sS'pres'
p2727
I67
sS'video'
p2728
I55
sS'defender'
p2729
I67
sS'download'
p2730
I67
sS'potatoes!)'
p2731
I67
sS'graduating'
p2732
I67
sS'sausage'
p2733
I66
sS'plays'
p2734
I66
sS'sweats'
p2735
I67
sS'campuses'
p2736
I67
sS'giving'
p2737
I66
sS'sangria'
p2738
I67
sS'lmfao'
p2739
I67
sS'waiting'
p2740
I64
sS'anywhere'
p2741
I67
sS'glammies'
p2742
I67
sS'crying'
p2743
I67
sS'03:16:04.0,34.05326466,-118.46746684,2641.03,dinner'
p2744
I67
sS'toenails'
p2745
I67
sS'bird'
p2746
I65
sS'body'
p2747
I67
sS'go,90049\n491270363532120064,wesohhhh,2014-07-21'
p2748
I67
sS'bazinga'
p2749
I67
sS'17:55:14.0,34.05302776,-118.46896783,2641.03,just'
p2750
I67
sS'jammies'
p2751
I67
sS'tired.new'
p2752
I67
sS'commercial'
p2753
I66
sS'growing'
p2754
I66
sS'packing'
p2755
I67
sS'let'
p2756
I60
sS'"vacation"'
p2757
I67
sS'others'
p2758
I61
sS'invented'
p2759
I65
sS'fifteen'
p2760
I67
sS'presale'
p2761
I67
sS'great'
p2762
I48
sS'talent'
p2763
I66
sS'skool'
p2764
I67
sS'ones)'
p2765
I67
sS"23:54:09.0,34.05375847,-118.46470211,2641.03,it's"
p2766
I67
sS'shades'
p2767
I67
sS'murdered'
p2768
I67
sS'leaving'
p2769
I67
sS'products'
p2770
I66
sS'nervous'
p2771
I67
sS'"meet'
p2772
I67
sS'makes'
p2773
I61
sS'named'
p2774
I65
sS'shovel'
p2775
I67
sS'shopping...no'
p2776
I67
sS'apple'
p2777
I67
sS'bogues'
p2778
I67
sS'win'
p2779
I63
sS'app'
p2780
I66
sS'siri'
p2781
I67
sS'private'
p2782
I66
sS'royale'
p2783
I67
sS'joose'
p2784
I66
sS'duck'
p2785
I66
sS'apply'
p2786
I67
sS'singing'
p2787
I66
sS'maniak'
p2788
I67
sS'penalty'
p2789
I67
sS'use'
p2790
I63
sS'hahahahaha'
p2791
I67
sS'from'
p2792
I32
sS'usa'
p2793
I66
sS'&'
p2794
I49
sS'ferris'
p2795
I67
sS'next'
p2796
I52
sS'few'
p2797
I65
sS'doubt'
p2798
I66
sS'lock'
p2799
I67
sS'd'
p2800
I67
sS'he\xe2\x80\x99s'
p2801
I67
sS'forefathers'
p2802
I67
sS'chip'
p2803
I67
sS'belgian'
p2804
I67
sS'$20'
p2805
I67
sS'popped'
p2806
I67
sS'1/4'
p2807
I67
sS'upcoming'
p2808
I66
sS'inconsiderate'
p2809
I67
sS'started'
p2810
I65
sS'becomes'
p2811
I67
sS'hard"'
p2812
I67
sS'kiosk'
p2813
I67
sS'sister'
p2814
I67
sS'carrying'
p2815
I67
sS'baby'
p2816
I61
sS'lifestyle'
p2817
I67
sS'sushiiiiiiiii'
p2818
I67
sS'women'
p2819
I66
sS'annoy'
p2820
I67
sS'topic'
p2821
I67
sS'account'
p2822
I67
sS'salad'
p2823
I66
sS'midterm'
p2824
I67
sS'this'
p2825
I16
sS'ride'
p2826
I66
sS'when'
p2827
I43
sS'pour'
p2828
I67
sS'lamela'
p2829
I67
sS'monster'
p2830
I67
sS'unreal'
p2831
I65
sS'nostalgic'
p2832
I67
sS'drybar)'
p2833
I67
sS'meet'
p2834
I65
sS'saba'
p2835
I67
sS'control'
p2836
I66
sS'hahahhaa'
p2837
I67
sS'18:56:00.0,34.0545141,-118.4667142,2641.03,remain'
p2838
I67
sS'do'
p2839
I34
sS'rejoining'
p2840
I67
sS'favorite'
p2841
I57
sS'loco'
p2842
I67
sS'high'
p2843
I59
sS'something'
p2844
I59
sS'slip'
p2845
I67
sS'blvd'
p2846
I66
sS'tan'
p2847
I67
sS'repping'
p2848
I67
sS'sis'
p2849
I66
sS'sip'
p2850
I67
sS'lame'
p2851
I67
sS'bitchiest'
p2852
I67
sS"king's"
p2853
I67
sS'fortunate'
p2854
I67
sS'need'
p2855
I43
sS'winners'
p2856
I66
sS'b5'
p2857
I67
sS'gurl'
p2858
I67
sS'stand'
p2859
I65
sS'face'
p2860
I67
sS'watch'
p2861
I59
sS'tact'
p2862
I67
sS'bothered'
p2863
I66
sS'pharrel'
p2864
I67
sS'notebook'
p2865
I67
sS'sainsburys'
p2866
I67
sS'tomato'
p2867
I65
sS'realized'
p2868
I66
sS'ot'
p2869
I67
sS'light'
p2870
I67
sS'sit'
p2871
I67
sS'improvised'
p2872
I67
sS'furious'
p2873
I67
sS'addiction'
p2874
I67
sS'mustache'
p2875
I67
sS'aiken'
p2876
I67
sS'producer'
p2877
I67
sS'move'
p2878
I65
sS'brulee'
p2879
I67
sS'\xe2\x9a\xa1\xef\xb8\x8f'
p2880
I67
sS"won't"
p2881
I65
sS'looks'
p2882
I61
sS'quake'
p2883
I67
sS'soulcycle'
p2884
I67
sS'galaxy'
p2885
I67
sS'perfect'
p2886
I60
sS'lounge'
p2887
I66
sS'la'
p2888
I43
sS'me?"'
p2889
I67
sS'[pic]'
p2890
I64
sS'*prays*'
p2891
I67
sS'willing'
p2892
I67
sS'degrees'
p2893
I65
sS'(11777'
p2894
I67
sS'orange'
p2895
I65
sS'2014'
p2896
I64
sS'holiday'
p2897
I65
sS'90210'
p2898
I67
sS'2013'
p2899
I67
sS'dad'
p2900
I65
sS':-('
p2901
I67
sS'versace'
p2902
I67
sS'flew'
p2903
I67
sS'hands'
p2904
I65
sS'front'
p2905
I67
sS'kindness'
p2906
I67
sS'day'
p2907
I27
sS'handz'
p2908
I67
sS'temescal'
p2909
I67
sS'urge'
p2910
I67
sS'ragazzi'
p2911
I67
sS'guard'
p2912
I67
sS"...something's"
p2913
I67
sS'-\xe2\x80\xa6'
p2914
I67
sS'merge'
p2915
I67
sS'billz'
p2916
I66
sS'rockets'
p2917
I67
sS'fields'
p2918
I67
sS'crossing'
p2919
I67
sS'shaking'
p2920
I67
sS'glasses'
p2921
I67
sS'05:12:28.0,34.0543663,-118.4664773,2641.03,you'
p2922
I67
sS'dixie'
p2923
I67
sS'doing'
p2924
I62
sS'parties'
p2925
I67
sS'staying'
p2926
I66
sS'society'
p2927
I66
sS'books'
p2928
I66
sS'70+'
p2929
I67
sS'confuzed'
p2930
I67
sS'our'
p2931
I45
sS'punked,90049\n372920541813821440,_samkearns,2013-08-29'
p2932
I67
sS'jethro'
p2933
I67
sS'special'
p2934
I66
sS'out'
p2935
I25
sS'cali-forn-ia'
p2936
I67
sS'decision'
p2937
I67
sS'waah'
p2938
I67
sS'3blondes'
p2939
I67
sS'do.\xe2\x80\xa6'
p2940
I67
sS'include'
p2941
I67
sS'mate'
p2942
I67
sS'rap'
p2943
I67
sS'hilarious'
p2944
I67
sS'cause'
p2945
I66
sS'(that'
p2946
I67
sS'vertonghen'
p2947
I67
sS'shut'
p2948
I66
sS'5:15'
p2949
I67
sS'70z'
p2950
I67
sS'activity'
p2951
I67
sS'bleaching'
p2952
I67
sS'"its"'
p2953
I67
sS'nobody!!!!,90049\n486015740638552066,itsdanielcs,2014-07-07'
p2954
I67
sS'jill'
p2955
I67
sS'surely'
p2956
I67
sS'york'
p2957
I67
sS'philip'
p2958
I67
sS'princess'
p2959
I65
sS'retriever'
p2960
I67
sS'scary'
p2961
I66
sS'backless'
p2962
I67
sS'chilll'
p2963
I67
sS'barca'
p2964
I67
sS'g'
p2965
I67
sS'outtyspace'
p2966
I67
sS'year\xe2\x80\x9d'
p2967
I67
sS'could'
p2968
I57
sS'confident'
p2969
I67
sS'keep'
p2970
I58
sS"brentwood's"
p2971
I66
sS'4th'
p2972
I66
sS'"young'
p2973
I67
sS"sub-demographic's"
p2974
I67
sS'south'
p2975
I66
sS'07:09:31.0,34.05359777,-118.46722653,2641.03,kombucha'
p2976
I67
sS'humanly'
p2977
I67
sS"00:00:19.0,34.05610019,-118.466987,2641.03,i'm"
p2978
I67
sS'strategic'
p2979
I66
sS'"uh'
p2980
I67
sS'phil'
p2981
I67
sS'bitch'
p2982
I66
sS'drastic'
p2983
I67
sS'owner'
p2984
I67
sS'rovers'
p2985
I67
sS'sushi)'
p2986
I67
sS'wilshire'
p2987
I67
sS'playlist'
p2988
I67
sS'cuticle'
p2989
I67
sS'monkey'
p2990
I66
sS'start'
p2991
I60
sS'data'
p2992
I67
sS'myspace'
p2993
I67
sS'grip'
p2994
I67
sS'system'
p2995
I67
sS'their'
p2996
I54
sS'"mitt'
p2997
I67
sS'azael'
p2998
I67
sS'jingle'
p2999
I67
sS'final'
p3000
I67
sS'townsend'
p3001
I66
sS'low'
p3002
I67
sS'malibu'
p3003
I65
sS'2-1'
p3004
I67
sS'stomach'
p3005
I67
sS'lot'
p3006
I66
sS'shorts'
p3007
I67
sS'monza'
p3008
I67
sS'doomed'
p3009
I67
sS'exactly'
p3010
I64
sS'stress'
p3011
I67
sS'allstate'
p3012
I67
sS'bieber'
p3013
I67
sS"freund's"
p3014
I67
sS'july'
p3015
I67
sS'haven'
p3016
I67
sS'loved'
p3017
I65
sS'glamorous'
p3018
I67
sS'ben'
p3019
I67
sS'talkboy'
p3020
I67
sS'"man'
p3021
I67
sS'youtube'
p3022
I67
sS'bed'
p3023
I59
sS'hahahahahahahaha'
p3024
I67
sS'anaheim'
p3025
I67
sS'loves'
p3026
I67
sS'maybe'
p3027
I67
sS'spurs'
p3028
I65
sS'20:19:04.0,34.05333884,-118.46724305,2641.03,just'
p3029
I67
sS'counter'
p3030
I67
sS"mcconaughey's"
p3031
I67
sS'"sigetti"'
p3032
I67
sS'deterred'
p3033
I67
sS'tonight'
p3034
I50
sS'tom'
p3035
I67
sS'defending'
p3036
I67
sS'have'
p3037
I24
sS'fuel)'
p3038
I66
sS'apparently'
p3039
I67
sS'clearly'
p3040
I66
sS'mel\xe2\x80\xa6'
p3041
I67
sS'congrats'
p3042
I62
sS'studying'
p3043
I67
sS'able'
p3044
I64
sS'(no'
p3045
I66
sS'waffles'
p3046
I66
sS'which'
p3047
I66
sS'funds'
p3048
I67
sS'disclosure'
p3049
I67
sS'martha'
p3050
I67
sS'='
p3051
I58
sS';-)'
p3052
I59
sS'worldwide'
p3053
I67
sS'phone,90049\n492820129038999554,sophieelkus,2014-07-25'
p3054
I67
sS'effort...this'
p3055
I67
sS'\xe2\x9b\x84\xef\xb8\x8f\xe2\x9b\x84\xef\xb8\x8f\xe2\x9b\x84\xef\xb8\x8f\xe2\x9b\x84\xef\xb8\x8f\xe2\x9b\x84\xef\xb8\x8f'
p3056
I67
sS'who'
p3057
I47
sS'bakers'
p3058
I67
sS'montana'
p3059
I65
sS'segment'
p3060
I67
sS'class'
p3061
I62
sS'dreamz'
p3062
I67
sS'getty/moca'
p3063
I67
sS'eachother'
p3064
I67
sS'bouchon'
p3065
I66
sS'upset'
p3066
I67
sS'disease'
p3067
I67
sS'sf'
p3068
I67
sS'looked'
p3069
I67
sS"you'll"
p3070
I67
sS'16:05:14.0,34.05315691,-118.46851456,2641.03,morning'
p3071
I67
sS'pictures'
p3072
I66
sS'occasion'
p3073
I67
sS'sd'
p3074
I67
sS'normally'
p3075
I67
sS'affair'
p3076
I67
sS'comic-con'
p3077
I67
sS'text'
p3078
I67
sS'agreed'
p3079
I66
sS'anyway'
p3080
I67
sS'bring'
p3081
I64
sS'planning'
p3082
I67
sS'traitor'
p3083
I67
sS'dorothy'
p3084
I67
sS'chevre'
p3085
I67
sS'chicken'
p3086
I64
sS'mugsy'
p3087
I67
sS'supporter'
p3088
I67
sS'decade'
p3089
I67
sS'copies'
p3090
I67
sS'inspiring'
p3091
I66
sS'ear'
p3092
I67
sS'based'
p3093
I67
sS'tire'
p3094
I67
sS'jay'
p3095
I67
sS'housewives'
p3096
I67
sS'winner'
p3097
I66
sS'echad'
p3098
I67
sS'should'
p3099
I55
sS'her!!,90049\n489976764869779457,_samkearns,2014-07-18'
p3100
I67
sS'herrrre'
p3101
I67
sS'fuel'
p3102
I67
sS'riding'
p3103
I67
sS'girlie'
p3104
I67
sS'local'
p3105
I64
sS'hope'
p3106
I64
sS'jacqueline'
p3107
I67
sS'plane.had'
p3108
I67
sS'clinicals'
p3109
I67
sS'handle'
p3110
I63
sS'listened'
p3111
I66
sS'means'
p3112
I66
sS'beat'
p3113
I65
sS'wishing'
p3114
I67
sS'u,90049\n215201879888637953,victoriacouch,2012-06-19'
p3115
I67
sS'lucky'
p3116
I67
sS'bear'
p3117
I66
sS'99%'
p3118
I67
sS'tbh'
p3119
I67
sS'awww'
p3120
I67
sS'ones'
p3121
I67
sS'words'
p3122
I67
sS'sassy'
p3123
I67
sS'kardashians'
p3124
I67
sS'following'
p3125
I64
sS'fran'
p3126
I67
sS'donate'
p3127
I67
sS'brain'
p3128
I66
sS'finest"'
p3129
I67
sS'married'
p3130
I65
sS'rapper'
p3131
I67
sS'unbridled'
p3132
I67
sS'tuned'
p3133
I66
sS'bklyn_bbach'
p3134
I67
sS'stuff'
p3135
I65
sS'she'
p3136
I58
sS'mercedes'
p3137
I67
sS'grab'
p3138
I66
sS'generations'
p3139
I67
sS'legggoo'
p3140
I67
sS'grrrrr'
p3141
I67
sS'prayers'
p3142
I67
sS'tree\xe2\x80\xa6'
p3143
I67
sS'humans'
p3144
I65
sS'we'
p3145
I31
sS'humann'
p3146
I67
sS'intensity'
p3147
I67
sS'computer'
p3148
I66
sS'greece'
p3149
I67
sS'gaskin'
p3150
I67
sS'law\xe2\x80\xa6'
p3151
I66
sS'xxxxx'
p3152
I67
sS'meatballz'
p3153
I67
sS'luv'
p3154
I66
sS'maddox'
p3155
I67
sS'state'
p3156
I65
sS'kidwell'
p3157
I67
sS'closed'
p3158
I67
sS'routine'
p3159
I66
sS'progress'
p3160
I67
sS'cru'
p3161
I67
sS'email'
p3162
I66
sS'bought'
p3163
I65
sS'ends'
p3164
I67
sS'attention'
p3165
I67
sS'brentwood'
p3166
I43
sS'sorely'
p3167
I67
sS'deliver'
p3168
I67
sS'kicking'
p3169
I67
sS'job'
p3170
I63
sS'joe'
p3171
I65
sS'merry'
p3172
I66
sS'group'
p3173
I66
sS'ea$t'
p3174
I66
sS'mcdowell'
p3175
I67
sS'legit'
p3176
I67
sS'david'
p3177
I67
sS'unstoppable'
p3178
I67
sS"dawson's"
p3179
I65
sS'figured'
p3180
I67
sS'career'
p3181
I66
sS'pimping'
p3182
I67
sS'taking'
p3183
I64
sS'b*tches'
p3184
I67
sS'minds'
p3185
I67
sS'tlc'
p3186
I67
sS'etc'
p3187
I67
sS'interesting'
p3188
I67
sS'safely'
p3189
I67
sS'toasting'
p3190
I67
sS'glorious'
p3191
I66
sS'comment'
p3192
I67
sS'hehehe'
p3193
I67
sS'extent'
p3194
I67
sS'cc'
p3195
I67
sS'tuesday'
p3196
I66
sS'trust.,90049\n478761901300527105,wesohhhh,2014-06-17'
p3197
I67
sS'walk'
p3198
I65
sS'level,90049\n487099898731323392,wesohhhh,2014-07-10'
p3199
I67
sS'worldly'
p3200
I67
sS'carbon'
p3201
I66
sS'kings'
p3202
I65
sS'winning'
p3203
I67
sS'$300000'
p3204
I67
sS'pouring'
p3205
I67
sS'tremendous'
p3206
I67
sS"it's"
p3207
I33
sS'hunters'
p3208
I67
sS'window'
p3209
I67
sS'shame'
p3210
I67
sS'permanent'
p3211
I67
sS'treat'
p3212
I66
sS'"i\'m'
p3213
I66
sS'kitchen'
p3214
I65
sS"it'd"
p3215
I67
sS'>'
p3216
I67
sS'their\xe2\x80\xa6'
p3217
I67
sS'will\xe2\x9d\xa4\xef\xb8\x8f'
p3218
I67
sS'pic'
p3219
I65
sS'aubrey'
p3220
I67
sS'cop'
p3221
I67
sS'painted'
p3222
I67
sS'tap'
p3223
I67
sS'theze'
p3224
I67
sS'gizmo'
p3225
I67
sS'smoking'
p3226
I67
sS'brunch'
p3227
I67
sS'general'
p3228
I67
sS'spain'
p3229
I67
sS'right,90049\n465550515271897088,wackywacker15,2014-05-11'
p3230
I67
sS'---'
p3231
I67
sS'bye'
p3232
I67
sS'everrrrr'
p3233
I67
sS'(11677'
p3234
I67
sS'conditioner...fuck'
p3235
I67
sS'harder'
p3236
I67
sS'cvs'
p3237
I67
sS'value'
p3238
I67
sS'hahahahahahaj'
p3239
I67
sS'will'
p3240
I51
sS'underhand'
p3241
I67
sS'"kick'
p3242
I67
sS'hahaha'
p3243
I67
sS'promoted'
p3244
I67
sS'kingledley1'
p3245
I67
sS'instantly'
p3246
I67
sS'maul'
p3247
I67
sS'"yeezus"'
p3248
I67
sS'likable'
p3249
I67
sS'no\xe2\x80\xa6'
p3250
I67
sS'almost'
p3251
I65
sS'site'
p3252
I66
sS'rips'
p3253
I67
sS'vs'
p3254
I66
sS'politics'
p3255
I67
sS'partner'
p3256
I66
sS'sits'
p3257
I67
sS'commentators'
p3258
I67
sS'avb'
p3259
I67
sS'capture'
p3260
I67
sS')'
p3261
I66
sS'oink'
p3262
I67
sS'$1.42'
p3263
I67
sS'views'
p3264
I67
sS'upside'
p3265
I65
sS'far.\xe2\x80\x9d'
p3266
I67
sS'member'
p3267
I67
sS'matthew'
p3268
I67
sS'00:44:35.0,34.053182,-118.468685,2641.03,on'
p3269
I67
sS'party'
p3270
I56
sS'gets'
p3271
I62
sS'tomatoes'
p3272
I67
sS'cod'
p3273
I67
sS'rip"'
p3274
I67
sS'ball'
p3275
I67
sS'lot-'
p3276
I67
sS'promo'
p3277
I67
sS'premiere'
p3278
I67
sS'drink'
p3279
I67
sS'diploma'
p3280
I67
sS'coaches'
p3281
I67
sS'choice.,90049\n480851545332781056,wesohhhh,2014-06-22'
p3282
I67
sS'painful'
p3283
I67
sS'fierce'
p3284
I66
sS'yoga'
p3285
I67
sS'scholars'
p3286
I67
sS'commenters'
p3287
I67
sS'celtic'
p3288
I67
sS'argue'
p3289
I67
sS'off'
p3290
I53
sS'so!\xc2\xa0thanks'
p3291
I67
sS'i'
p3292
I2
sS'4:15pm'
p3293
I67
sS'well'
p3294
I57
sS'fighting'
p3295
I67
sS'asked'
p3296
I67
sS'thought'
p3297
I64
sS'(also'
p3298
I67
sS'audio'
p3299
I67
sS'drawing'
p3300
I67
sS'caramelized'
p3301
I67
sS'latest'
p3302
I67
sS'carrie'
p3303
I67
sS'coa$t'
p3304
I67
sS'less'
p3305
I66
sS"should've"
p3306
I67
sS"kids'"
p3307
I67
sS'domestic'
p3308
I67
sS'flies'
p3309
I67
sS'mistaken'
p3310
I67
sS'gun'
p3311
I67
sS'aspirations'
p3312
I67
sS'palm'
p3313
I67
sS'mistakes'
p3314
I67
sS'distant'
p3315
I67
sS'seats'
p3316
I67
sS'skill'
p3317
I67
sS'lauren'
p3318
I67
sS'happiness'
p3319
I67
sS'web'
p3320
I67
sS'demographic'
p3321
I67
sS'bullshit'
p3322
I67
sS'jary'
p3323
I67
sS'vidz'
p3324
I62
sS'add'
p3325
I67
sS'other'
p3326
I63
sS'20:15:19.0,34.0543506,-118.4671178,2641.03,live'
p3327
I67
sS'console?\xe2\x80\x9d'
p3328
I67
sS'crack'
p3329
I66
sS'smart'
p3330
I67
sS'throne'
p3331
I67
sS'nate'
p3332
I67
sS'boom'
p3333
I67
sS'livin'
p3334
I67
sS"who's"
p3335
I66
sS'crushed'
p3336
I66
sS'suzzzz'
p3337
I67
sS'five'
p3338
I66
sS'know'
p3339
I54
sS'facial'
p3340
I67
sS'whopping'
p3341
I67
sS'intersection'
p3342
I66
sS'arizzze'
p3343
I67
sS'puppy'
p3344
I67
sS'necessary'
p3345
I67
sS'like'
p3346
I19
sS'success'
p3347
I66
sS'"he\'s'
p3348
I66
sS'ring'
p3349
I67
sS'candy'
p3350
I67
sS'gangsters'
p3351
I67
sS'january'
p3352
I67
sS'chick'
p3353
I67
sS'funniest'
p3354
I67
sS'works'
p3355
I67
sS'e'
p3356
I67
sS'italian'
p3357
I62
sS"hero's"
p3358
I67
sS'because'
p3359
I56
sS'jacked'
p3360
I67
sS'17:41:25.0,34.0545254,-118.466654,2641.03,keep'
p3361
I67
sS'06:37:01.0,34.05633803,-118.46577549,2641.03,starting'
p3362
I67
sS'twitter'
p3363
I64
sS'searching'
p3364
I67
sS'alive'
p3365
I64
sS'hair'
p3366
I64
sS'lloris'
p3367
I67
sS'noon!\xe2\x80\xa6'
p3368
I67
sS'17:54:27.0,34.05361466,-118.46681085,2641.03,hope'
p3369
I67
sS'home'
p3370
I52
sS'liking'
p3371
I67
sS'ballot'
p3372
I67
sS'happens'
p3373
I66
sS'"what'
p3374
I67
sS'trust'
p3375
I64
sS'monday'
p3376
I64
sS'lead'
p3377
I66
sS'literally'
p3378
I64
sS'avoid'
p3379
I67
sS'kettle'
p3380
I66
sS'morris'
p3381
I67
sS'grinding'
p3382
I67
sS'e-mail'
p3383
I67
sS'rewarding'
p3384
I67
sS'does'
p3385
I64
sS'wendy'
p3386
I67
sS'assuming'
p3387
I67
sS'taiko'
p3388
I65
sS'leader'
p3389
I66
sS'f'
p3390
I67
sS'schedule'
p3391
I67
sS'ridley'
p3392
I67
sS'paper'
p3393
I67
sS'pressure'
p3394
I67
sS'host'
p3395
I66
sS'ha-mez'
p3396
I67
sS'worthy'
p3397
I67
sS'pasta'
p3398
I67
sS'naps'
p3399
I67
sS'22:05:31.0,34.05337548,-118.46710931,2641.03,death'
p3400
I67
sS'give-up-and-spend-all-afternoon-at-the-pool'
p3401
I67
sS'refuge'
p3402
I67
sS'pw'
p3403
I67
sS'restoran'
p3404
I67
sS'biblically'
p3405
I67
sS'about'
p3406
I42
sS':-)'
p3407
I65
sS'rare'
p3408
I65
sS'tv-friendly'
p3409
I67
sS'getting'
p3410
I60
sS'universe'
p3411
I66
sS'ingest'
p3412
I67
sS'angeles'
p3413
I34
sS'swear'
p3414
I66
sS'sweat'
p3415
I66
sS"adventurin'"
p3416
I67
sS'tongue'
p3417
I67
sS'30ml'
p3418
I67
sS'cotton-candy'
p3419
I67
sS'swimming'
p3420
I67
sS'turtle'
p3421
I67
sS'nanny'
p3422
I67
sS'own'
p3423
I58
sS'kinda'
p3424
I67
sS'knowwww'
p3425
I67
sS'owe'
p3426
I67
sS'travelers'
p3427
I67
sS'snitch'
p3428
I67
sS'due'
p3429
I67
sS'of\xe2\x80\xa6'
p3430
I67
sS'playoff'
p3431
I67
sS'weather'
p3432
I63
sS'promise'
p3433
I67
sS'registration'
p3434
I67
sS'bueno'
p3435
I67
sS'strategy'
p3436
I67
sS'2k14'
p3437
I67
sS'networking'
p3438
I67
sS'murry'
p3439
I67
sS'hahahhaha'
p3440
I67
sS'housing'
p3441
I67
sS'relegated'
p3442
I67
sS'hellya'
p3443
I66
sS'noticed'
p3444
I67
sS'spread'
p3445
I65
sS'$300'
p3446
I67
sS'frustration'
p3447
I67
sS'biggest'
p3448
I67
sS'-waitress'
p3449
I67
sS'inspiration'
p3450
I67
sS'ghost'
p3451
I67
sS'bux'
p3452
I66
sS'buy'
p3453
I67
sS'north'
p3454
I66
sS"i've"
p3455
I59
sS'hr'
p3456
I67
sS'bus'
p3457
I67
sS'but'
p3458
I30
sS'volume'
p3459
I67
sS'reminds'
p3460
I66
sS'hi'
p3461
I63
sS'bratwurst'
p3462
I66
sS'02:25:59.0,34.053484,-118.468365,2641.03,those'
p3463
I67
sS'ha'
p3464
I66
sS'eat'
p3465
I62
sS'bud'
p3466
I67
sS'he'
p3467
I55
sS'made'
p3468
I57
sS'motswari'
p3469
I67
sS'places'
p3470
I66
sS'w/realtor'
p3471
I67
sS'wish'
p3472
I66
sS'official'
p3473
I66
sS'annoying'
p3474
I67
sS'roped'
p3475
I67
sS'record'
p3476
I66
sS'89'
p3477
I67
sS'limit'
p3478
I67
sS'dmv'
p3479
I67
sS'piece'
p3480
I66
sS'minutes'
p3481
I65
sS'-->'
p3482
I67
sS'pin'
p3483
I65
sS'year'
p3484
I63
sS'erin'
p3485
I67
sS'superbad'
p3486
I67
sS'beats'
p3487
I67
sS'conan'
p3488
I67
sS'goodness'
p3489
I67
sS'punk$'
p3490
I67
sS'famous?"'
p3491
I67
sS'dawson'
p3492
I65
sS'shooting'
p3493
I67
sS'23:15:16.0,34.0545337,-118.4666363,2641.03,are'
p3494
I67
sS'happen'
p3495
I66
sS'deeper'
p3496
I67
sS'incredible'
p3497
I67
sS'bruhls'
p3498
I67
sS'40'
p3499
I67
sS'lately'
p3500
I65
sS'pis4patrick'
p3501
I67
sS'jeeps'
p3502
I67
sS'book'
p3503
I66
sS'84'
p3504
I67
sS'branch'
p3505
I67
sS'coffees'
p3506
I67
sS'thorp'
p3507
I67
sS'boob'
p3508
I67
sS'oak>phx>mia'
p3509
I67
sS"you're"
p3510
I56
sS'canada'
p3511
I67
sS'repeat'
p3512
I67
sS'kinds'
p3513
I67
sS'plate'
p3514
I66
sS'june'
p3515
I66
sS'matt'
p3516
I67
sS'stay'
p3517
I60
sS'chance'
p3518
I65
sS'??working'
p3519
I67
sS'friends'
p3520
I60
sS'goin'
p3521
I66
sS'ave'
p3522
I67
sS'\xe2\x80\x94'
p3523
I65
sS'using'
p3524
I66
sS'alecko'
p3525
I67
sS'tanned'
p3526
I67
sS'choices'
p3527
I67
sS'write'
p3528
I67
sS'understand'
p3529
I67
sS'"the'
p3530
I64
sS'gardens'
p3531
I67
s.