(dp0
S''
p1
I2
sS'jockin'
p2
I65
sS'woods'
p3
I65
sS'sleep'
p4
I61
sS'hate'
p5
I58
sS'aggression'
p6
I65
sS'looking'
p7
I63
sS'swag'
p8
I65
sS'turner'
p9
I65
sS'tweet'
p10
I65
sS'under'
p11
I65
sS'lord'
p12
I64
sS'sorry'
p13
I63
sS'worth'
p14
I64
sS'risk'
p15
I65
sS'uofa'
p16
I65
sS'blanket'
p17
I65
sS'oceans'
p18
I65
sS'every'
p19
I61
sS'jack'
p20
I65
sS'affect'
p21
I63
sS'missionary'
p22
I65
sS'lurve'
p23
I65
sS'tickets'
p24
I64
sS'school'
p25
I61
sS'prize'
p26
I65
sS'double-ply'
p27
I65
sS'wooden'
p28
I65
sS'supports'
p29
I65
sS'wednesday'
p30
I65
sS'math'
p31
I65
sS'no.1'
p32
I65
sS'monopolized'
p33
I65
sS'glued'
p34
I65
sS'clothes'
p35
I65
sS'enjoy'
p36
I63
sS'me"'
p37
I64
sS'direct'
p38
I65
sS'"stay"'
p39
I65
sS'chef'
p40
I65
sS'lollercopter'
p41
I65
sS'likely'
p42
I64
sS'street'
p43
I65
sS'7th'
p44
I65
sS'emptiness'
p45
I65
sS'even'
p46
I49
sS'saved'
p47
I65
sS'cooking'
p48
I65
sS'liberty'
p49
I65
sS'above'
p50
I65
sS'new'
p51
I56
sS'ever'
p52
I57
sS'told'
p53
I60
sS'med'
p54
I65
sS'pats'
p55
I64
sS'reporter'
p56
I65
sS'never'
p57
I47
sS'here'
p58
I56
sS'hundreds'
p59
I65
sS'\xe2\x9d\xa4\xef\xb8\x8f'
p60
I61
sS'&&'
p61
I65
sS'active'
p62
I65
sS'100'
p63
I65
sS"aren't"
p64
I63
sS'celebration'
p65
I65
sS'dry'
p66
I65
sS'kids'
p67
I62
sS'k'
p68
I65
sS'vulnerability'
p69
I65
sS'ignoring'
p70
I65
sS"i'd"
p71
I61
sS"s'mores"
p72
I65
sS'\xe2\x9c\x94\xef\xb8\x8f'
p73
I65
sS'unwanted'
p74
I65
sS"i'm"
p75
I19
sS'adolescents'
p76
I64
sS'eyebrows'
p77
I65
sS'fantastic'
p78
I65
sS'*grumpycatface*'
p79
I65
sS'feelings'
p80
I64
sS'bro'
p81
I65
sS'insta'
p82
I65
sS'parental-control'
p83
I65
sS'hoping'
p84
I65
sS'would'
p85
I55
sS'hospital'
p86
I65
sS'played'
p87
I61
sS'manicure'
p88
I65
sS"world's"
p89
I65
sS'call'
p90
I63
sS'until'
p91
I62
sS'strike'
p92
I65
sS'care'
p93
I64
sS'mother!"'
p94
I65
sS'tell'
p95
I51
sS'nyquil'
p96
I65
sS'*irlanda'
p97
I65
sS'relax'
p98
I65
sS'haha'
p99
I50
sS'wars'
p100
I65
sS'it'
p101
I18
sS'phone'
p102
I58
sS'adult'
p103
I64
sS'hold'
p104
I64
sS'must'
p105
I64
sS'shoot'
p106
I64
sS'te'
p107
I65
sS'ma'
p108
I65
sS'room'
p109
I60
sS'presentation'
p110
I65
sS'work'
p111
I63
sS'cant'
p112
I60
sS'mk'
p113
I65
sS'movies'
p114
I64
sS'install'
p115
I65
sS'mandela'
p116
I65
sS'my'
p117
I7
sS'example'
p118
I65
sS'give'
p119
I62
sS'india'
p120
I65
sS'dragons'
p121
I65
sS'overheard'
p122
I65
sS'want'
p123
I41
sS'times'
p124
I65
sS'end'
p125
I64
sS'recovery'
p126
I65
sS'thing'
p127
I55
sS'oooooobject'
p128
I65
sS'bunk'
p129
I64
sS'sitting'
p130
I65
sS'damage'
p131
I65
sS'machine'
p132
I65
sS'how'
p133
I46
sS'hot'
p134
I63
sS'hop'
p135
I64
sS'rookie'
p136
I65
sS'answer'
p137
I64
sS'beach'
p138
I64
sS'dad--'
p139
I65
sS'mediating'
p140
I65
sS'bday'
p141
I65
sS'fav'
p142
I65
sS'after'
p143
I57
sS'wrong'
p144
I65
sS'week/finals'
p145
I65
sS'lax'
p146
I65
sS'lay'
p147
I65
sS'...oh'
p148
I65
sS'president'
p149
I65
sS'superbad'
p150
I65
sS'nympho'
p151
I65
sS'greek'
p152
I65
sS'funniest'
p153
I65
sS'south'
p154
I65
sS'goodbye'
p155
I65
sS'keeps'
p156
I65
sS'worst'
p157
I61
sS'acknowledges'
p158
I65
sS'order'
p159
I65
sS'wine'
p160
I65
sS'blind'
p161
I65
sS'office'
p162
I64
sS'wut'
p163
I65
sS'over'
p164
I57
sS'fam'
p165
I64
sS'*bends'
p166
I65
sS'diddy'
p167
I65
sS'bubbles'
p168
I65
sS'kappas'
p169
I65
sS'japan'
p170
I65
sS'mayor'
p171
I65
sS'before'
p172
I61
sS'(being'
p173
I65
sS'malkin'
p174
I65
sS'personal'
p175
I62
sS'fix'
p176
I64
sS'writing'
p177
I63
sS'better'
p178
I57
sS'405'
p179
I65
sS'weeks'
p180
I65
sS'easier'
p181
I65
sS'luved'
p182
I65
sS'then'
p183
I55
sS'them'
p184
I54
sS'blowjobs'
p185
I65
sS'thrones'
p186
I64
sS'safe'
p187
I65
sS"we'll"
p188
I65
sS'break'
p189
I65
sS'roommate'
p190
I64
sS'effects'
p191
I65
sS'they'
p192
I51
sS'one'
p193
I37
sS'alex'
p194
I65
sS'meat'
p195
I65
sS'daydream'
p196
I65
sS'choir'
p197
I65
sS'newport'
p198
I65
sS'victory'
p199
I65
sS'roast'
p200
I65
sS'ingrid'
p201
I65
sS'acoustic'
p202
I65
sS'went'
p203
I63
sS'side'
p204
I65
sS'mean'
p205
I64
sS'yerrannoyingg'
p206
I65
sS'matches?\xe2\x80\x9d'
p207
I65
sS'laying'
p208
I64
sS'group'
p209
I65
sS'used'
p210
I59
sS'efron'
p211
I65
sS'logo'
p212
I64
sS'fuck\xe2\x80\x9d'
p213
I65
sS'rt'
p214
I58
sS'driving'
p215
I65
sS'god'
p216
I59
sS'tomorrow'
p217
I63
sS'strangers'
p218
I65
sS'flooded'
p219
I65
sS'"shark"'
p220
I63
sS'got'
p221
I53
sS'rn'
p222
I63
sS'smc'
p223
I65
sS'grease'
p224
I65
sS"doesn't"
p225
I60
sS'given'
p226
I61
sS'struggle'
p227
I65
sS'heard--'
p228
I65
sS'wanted'
p229
I63
sS'pepe"'
p230
I65
sS'dammit'
p231
I65
sS'ate'
p232
I64
sS'dayz'
p233
I65
sS'recovering'
p234
I65
sS'created'
p235
I65
sS'diabetic'
p236
I65
sS'days'
p237
I59
sS'soda'
p238
I65
sS'loud'
p239
I65
sS'bite'
p240
I65
sS'stewart'
p241
I65
sS'already'
p242
I58
sS'grade'
p243
I65
sS'wasp'
p244
I65
sS'accidentally'
p245
I65
sS'hamstring'
p246
I65
sS'another'
p247
I63
sS'sober'
p248
I64
sS'calorie'
p249
I65
sS'clarity'
p250
I64
sS'outmanned'
p251
I65
sS'basketball'
p252
I64
sS'nooooom'
p253
I65
sS'sarcasm'
p254
I62
sS'top'
p255
I58
sS'tired'
p256
I64
sS'girls'
p257
I63
sS'elevator'
p258
I64
sS'confirming'
p259
I65
sS'worlddd'
p260
I65
sS'ton'
p261
I65
sS'too'
p262
I62
sS'rockin'
p263
I65
sS'hollywood'
p264
I65
sS'legs'
p265
I65
sS'listen'
p266
I63
sS'ceiling'
p267
I65
sS'rewards'
p268
I65
sS'nimble'
p269
I65
sS'took'
p270
I60
sS'wisdom'
p271
I65
sS'"finals'
p272
I65
sS'evil'
p273
I65
sS'vp-member'
p274
I65
sS'anxiety'
p275
I65
sS'showed'
p276
I64
sS'unexplainable'
p277
I65
sS'exorcist'
p278
I65
sS'second'
p279
I64
sS'project'
p280
I64
sS'don\xe2\x80\x99t'
p281
I65
sS'classes'
p282
I64
sS'guilt'
p283
I64
sS'feeling'
p284
I63
sS'fashion'
p285
I65
sS'sees'
p286
I65
sS'alone.\xe2\x80\x9d'
p287
I65
sS'palace'
p288
I65
sS'boston'
p289
I62
sS'modern'
p290
I65
sS'mind'
p291
I61
sS'mine'
p292
I65
sS'rap'
p293
I65
sS'seen'
p294
I63
sS'tuned"'
p295
I65
sS'grind'
p296
I65
sS'ray'
p297
I64
sS'nipples'
p298
I65
sS'chem'
p299
I65
sS'-'
p300
I61
sS'okie'
p301
I65
sS'yv?\xe2\x80\x9d'
p302
I65
sS'chest'
p303
I65
sS'rome'
p304
I65
sS'luxury'
p305
I63
sS'rides'
p306
I65
sS'paintbrush'
p307
I65
sS'blue'
p308
I65
sS'"bite'
p309
I65
sS'though'
p310
I61
sS'rappers'
p311
I65
sS'wells'
p312
I65
sS'exercised'
p313
I65
sS'mouth'
p314
I65
sS'addict'
p315
I64
sS'including'
p316
I65
sS'prostitute'
p317
I65
sS'real)'
p318
I65
sS'episode'
p319
I65
sS'"aye'
p320
I65
sS'consumed'
p321
I65
sS'camp'
p322
I65
sS'nighttime'
p323
I65
sS'dog'
p324
I63
sS'definitely'
p325
I64
sS'thunder'
p326
I65
sS'scotch'
p327
I65
sS'responded'
p328
I65
sS'came'
p329
I63
sS'kristen'
p330
I65
sS'saying'
p331
I63
sS'\xe2\x80\xa2\xe2\x80\xa6'
p332
I65
sS'bomb'
p333
I64
sS'hunger'
p334
I65
sS'tequila'
p335
I65
sS'nominated'
p336
I65
sS'ending'
p337
I65
sS'pops'
p338
I65
sS'colors'
p339
I65
sS'probz'
p340
I65
sS'f*ck'
p341
I65
sS'stepping'
p342
I65
sS'mozeltofff'
p343
I65
sS'make'
p344
I52
sS'busy'
p345
I65
sS'typewriters'
p346
I65
sS'[texas]'
p347
I65
sS'explain'
p348
I65
sS'jedi'
p349
I65
sS'hahahahahahahhaahhahaaha'
p350
I65
sS'deepest'
p351
I65
sS'wearing'
p352
I63
sS'do'
p353
I40
sS'dj'
p354
I63
sS'hostility'
p355
I65
sS'de'
p356
I63
sS'stop'
p357
I60
sS'coast'
p358
I65
sS'pocket'
p359
I65
sS'"sorry'
p360
I65
sS'wedding'
p361
I60
sS'midterms'
p362
I65
sS'dr'
p363
I65
sS'runs'
p364
I65
sS'bar'
p365
I64
sS'noon'
p366
I65
sS'goodbyes'
p367
I65
sS'officially'
p368
I64
sS'bag'
p369
I65
sS'bad'
p370
I51
sS'hardstyle'
p371
I65
sS'ems'
p372
I65
sS'grilled'
p373
I63
sS'steak'
p374
I65
sS'steal'
p375
I65
sS'yasss'
p376
I65
sS'mandatory'
p377
I65
sS'victim'
p378
I65
sS'rockstar'
p379
I65
sS'w/'
p380
I61
sS"holly's"
p381
I65
sS'teams....like'
p382
I65
sS'decided'
p383
I63
sS'result'
p384
I65
sS'erika'
p385
I65
sS'nocturnal'
p386
I65
sS'best'
p387
I46
sS'pebbles'
p388
I65
sS'said'
p389
I59
sS'agunah'
p390
I65
sS'pressured'
p391
I65
sS'pedicure'
p392
I65
sS'lots'
p393
I65
sS'away'
p394
I57
sS'gentleman'
p395
I65
sS"there's"
p396
I58
sS'finger'
p397
I65
sS'drawn'
p398
I65
sS'attack."'
p399
I65
sS'we'
p400
I32
sS'men'
p401
I65
sS'omg'
p402
I55
sS'loves'
p403
I65
sS'rolled'
p404
I65
sS'weak'
p405
I65
sS'vacuuming'
p406
I65
sS'wear'
p407
I64
sS'wtf'
p408
I63
sS'tyrion'
p409
I65
sS'wth'
p410
I65
sS'news'
p411
I64
sS'received'
p412
I65
sS'accident'
p413
I64
sS'swanton'
p414
I65
sS'met'
p415
I64
sS'country'
p416
I64
sS'ill'
p417
I63
sS'ncaa'
p418
I65
sS'adventures'
p419
I65
sS'against'
p420
I65
sS'players'
p421
I61
sS'planned'
p422
I64
sS'receives'
p423
I65
sS'logic'
p424
I65
sS'elves'
p425
I65
sS'minutes\xe2\x80\x9d'
p426
I65
sS'asked'
p427
I63
sS'ily'
p428
I65
sS'pre'
p429
I65
sS'"stars"'
p430
I65
sS'height'
p431
I65
sS'dorm'
p432
I65
sS'trust'
p433
I65
sS'speak'
p434
I65
sS'bathroom'
p435
I65
sS'asks'
p436
I65
sS'"you'
p437
I63
sS'been'
p438
I45
sS'quickly'
p439
I65
sS'hahahhaha'
p440
I65
sS'beer'
p441
I63
sS'much'
p442
I55
sS'way."'
p443
I65
sS'lovely'
p444
I65
sS'idol'
p445
I65
sS'threw'
p446
I65
sS'life'
p447
I40
sS'yessssss'
p448
I65
sS'anchors'
p449
I65
sS'mushroom'
p450
I65
sS'drugs'
p451
I65
sS"cool...i'm"
p452
I65
sS'dave'
p453
I65
sS'lift'
p454
I65
sS'tapping'
p455
I65
sS'catch'
p456
I65
sS'worked'
p457
I65
sS'church)'
p458
I64
sS'cunt'
p459
I65
sS'chill'
p460
I65
sS'has'
p461
I54
sS'nixenji'
p462
I65
sS'raspy'
p463
I65
sS'tastes'
p464
I65
sS'air'
p465
I65
sS'near'
p466
I65
sS'teachers'
p467
I65
sS'voice'
p468
I63
sS'"stay'
p469
I65
sS'cab'
p470
I65
sS'supperclub_la'
p471
I65
sS'song**'
p472
I65
sS'mexico'
p473
I65
sS'is'
p474
I8
sS'"i'
p475
I64
sS'ii'
p476
I65
sS'player'
p477
I64
sS'ik'
p478
I65
sS'im'
p479
I60
sS'creepy'
p480
I65
sS'in'
p481
I9
sS'works.\xe2\x80\x9d'
p482
I65
sS'ie'
p483
I65
sS'id'
p484
I65
sS'if'
p485
I39
sS'grown'
p486
I65
sS'things'
p487
I55
sS'realizing'
p488
I65
sS'belly'
p489
I65
sS'plates'
p490
I65
sS'couple'
p491
I64
sS'independent'
p492
I65
sS'nic'
p493
I65
sS'loincloth'
p494
I65
sS'coachella'
p495
I62
sS'rain'
p496
I65
sS'hand'
p497
I65
sS'lol\xe2\x80\x9d'
p498
I65
sS'jealous'
p499
I65
sS'opportunity'
p500
I65
sS'kid'
p501
I65
sS'butter'
p502
I65
sS'dylan'
p503
I65
sS'kept'
p504
I64
sS'thx'
p505
I65
sS'youre'
p506
I65
sS'blowjob'
p507
I65
sS'roomie'
p508
I65
sS'tho'
p509
I64
sS'geffen'
p510
I65
sS'mother'
p511
I65
sS'hearts'
p512
I65
sS'the'
p513
I3
sS'"nutrition'
p514
I65
sS'yours'
p515
I65
sS'tha'
p516
I65
sS'left'
p517
I61
sS'opinions'
p518
I65
sS'whytyt'
p519
I65
sS'just'
p520
I15
sS'athletic'
p521
I65
sS'photo'
p522
I64
sS'peeve'
p523
I65
sS'palpatine'
p524
I65
sS'thanks'
p525
I61
sS'human'
p526
I65
sS'yes'
p527
I51
sS'break"'
p528
I65
sS'yet'
p529
I62
sS'cherry'
p530
I65
sS'had'
p531
I52
sS'(los'
p532
I61
sS'shout'
p533
I63
sS'dreams'
p534
I65
sS'easy'
p535
I65
sS'east'
p536
I64
sS'lag'
p537
I65
sS'melting'
p538
I65
sS'vanessa'
p539
I65
sS'bands'
p540
I65
sS'mayo'
p541
I64
sS'looks'
p542
I65
sS'possible'
p543
I64
sS'birth'
p544
I65
sS'destroy'
p545
I65
sS'dad\xe2\x80\x9d'
p546
I65
sS'picasso'
p547
I65
sS'bushy'
p548
I65
sS'occurring'
p549
I65
sS'sliced'
p550
I65
sS"states'"
p551
I64
sS'somebodyyy'
p552
I65
sS'51'
p553
I64
sS'>>>>everything'
p554
I65
sS'remind'
p555
I65
sS'steps'
p556
I65
sS'night'
p557
I53
sS'moral'
p558
I65
sS'whomever'
p559
I64
sS'towards'
p560
I65
sS'intensions'
p561
I65
sS'right'
p562
I46
sS'old'
p563
I61
sS'people'
p564
I48
sS'understand'
p565
I60
sS'popular"'
p566
I65
sS'dead'
p567
I62
sS'neve'
p568
I65
sS"night...it's"
p569
I65
sS'escape'
p570
I65
sS'pain'
p571
I65
sS'humor'
p572
I65
sS'for'
p573
I12
sS'wait..but'
p574
I65
sS'contributing'
p575
I65
sS'everything'
p576
I65
sS'ucsb'
p577
I65
sS'backspace'
p578
I65
sS'adorable'
p579
I65
sS'christmas'
p580
I64
sS'tht'
p581
I65
sS'day...all'
p582
I65
sS'reflection'
p583
I65
sS'plz'
p584
I62
sS'losing'
p585
I65
sS'post'
p586
I64
sS'puking'
p587
I65
sS'oreo'
p588
I65
sS'yelling'
p589
I65
sS'hbogo'
p590
I65
sS'attacks'
p591
I65
sS'back...\xe2\x80\x9d'
p592
I65
sS'aoki"'
p593
I65
sS'bitch.\xe2\x80\x9d'
p594
I65
sS'dinner'
p595
I65
sS'facetime'
p596
I65
sS'statements'
p597
I65
sS'edmdeathmachine'
p598
I65
sS'soo'
p599
I65
sS'son'
p600
I65
sS'down'
p601
I52
sS'thankful'
p602
I64
sS'jenn'
p603
I65
sS'90.51%'
p604
I65
sS'amsterdam'
p605
I65
sS'stooooopid'
p606
I65
sS'rely'
p607
I65
sS'axobruins'
p608
I65
sS'support'
p609
I64
sS'jans'
p610
I65
sS'fight'
p611
I64
sS'absolutely'
p612
I64
sS'wjhhhhhyyy'
p613
I65
sS'way'
p614
I59
sS'music'
p615
I64
sS'him."'
p616
I65
sS'was'
p617
I20
sS'purposely'
p618
I65
sS'happy'
p619
I48
sS'right...i'
p620
I65
sS'"none'
p621
I65
sS'head'
p622
I63
sS'successfully'
p623
I65
sS'form'
p624
I65
sS'visitation'
p625
I65
sS'cumed'
p626
I65
sS'stuff./'
p627
I65
sS'forever'
p628
I65
sS'seguin'
p629
I65
sS'heat'
p630
I65
sS'hear'
p631
I62
sS'true'
p632
I63
sS'analyst'
p633
I65
sS'otter'
p634
I64
sS'congratulations'
p635
I65
sS'-jeff'
p636
I65
sS'happen'
p637
I62
sS'type'
p638
I64
sS'inside'
p639
I64
sS'whys'
p640
I65
sS'ruined'
p641
I65
sS'crystal'
p642
I65
sS'tucson'
p643
I65
sS'adore'
p644
I65
sS'daddy'
p645
I65
sS'delete'
p646
I65
sS'adopt'
p647
I65
sS'proved'
p648
I65
sS'nod"'
p649
I65
sS'upset'
p650
I65
sS'"scandal"'
p651
I65
sS'evidence'
p652
I65
sS'exist'
p653
I64
sS'check'
p654
I64
sS'shit'
p655
I62
sS'constructed'
p656
I65
sS'dying'
p657
I64
sS'floor'
p658
I64
sS'commercials'
p659
I65
sS'when'
p660
I27
sS'song"'
p661
I65
sS'til'
p662
I65
sS'flood'
p663
I65
sS'interested'
p664
I65
sS'role'
p665
I65
sS"ag's"
p666
I65
sS'papers'
p667
I65
sS'"accidental'
p668
I65
sS'smell'
p669
I64
sS'nu'
p670
I63
sS'picture'
p671
I63
sS"'s"
p672
I61
sS'surprise'
p673
I65
sS'why'
p674
I45
sS'welcome'
p675
I64
sS"let's"
p676
I62
sS'sistas'
p677
I65
sS'aware'
p678
I65
sS'weekend'
p679
I59
sS'died'
p680
I63
sS'pizza."'
p681
I65
sS'younger'
p682
I65
sS'longer'
p683
I61
sS'together'
p684
I62
sS'bball'
p685
I65
sS'time'
p686
I46
sS'serious'
p687
I63
sS'lineup'
p688
I65
sS'updates'
p689
I65
sS'varsity'
p690
I65
sS':/'
p691
I65
sS':('
p692
I64
sS':)'
p693
I61
sS'themed'
p694
I63
sS'dance'
p695
I65
sS'skip'
p696
I65
sS'rob'
p697
I65
sS'global'
p698
I65
sS'bombed'
p699
I65
sS'switches'
p700
I65
sS'grateful'
p701
I64
sS'colleen'
p702
I65
sS'row'
p703
I64
sS"dons'"
p704
I65
sS'21st'
p705
I65
sS'depend'
p706
I65
sS'di$'
p707
I65
sS'flash'
p708
I65
sS'disgusting'
p709
I64
sS'finally'
p710
I60
sS'suffered'
p711
I65
sS'circumstances'
p712
I64
sS'wars"'
p713
I65
sS'me'
p714
I14
sS'alumnae'
p715
I65
sS'degrassi'
p716
I65
sS'espa\xc3\xb1ol'
p717
I65
sS'vegan'
p718
I65
sS'choice'
p719
I64
sS'vegas'
p720
I58
sS'mourn'
p721
I65
sS'anonymous'
p722
I65
sS'join'
p723
I65
sS'blast'
p724
I64
sS':p'
p725
I62
sS'minute'
p726
I64
sS'cool'
p727
I61
sS'immediately'
p728
I65
sS'presented'
p729
I65
sS'did'
p730
I53
sS'die'
p731
I64
sS'gun'
p732
I63
sS'leave'
p733
I60
sS'soooo'
p734
I65
sS'team'
p735
I61
sS'guy'
p736
I63
sS'round'
p737
I64
sS"it'll"
p738
I65
sS'shave'
p739
I65
sS'distasteful'
p740
I65
sS'says'
p741
I63
sS'regret'
p742
I65
sS'trend'
p743
I64
sS'sign'
p744
I65
sS'riese'
p745
I65
sS'shirts'
p746
I63
sS'drunkness'
p747
I65
sS'eating'
p748
I65
sS'chicken'
p749
I65
sS'guads'
p750
I65
sS'goes'
p751
I65
sS'curled'
p752
I65
sS'satisfy'
p753
I65
sS'apartments)'
p754
I65
sS'genes'
p755
I65
sS'victimized'
p756
I65
sS'french'
p757
I65
sS'understanding'
p758
I65
sS'water'
p759
I63
sS'sgt.]'
p760
I65
sS'alone'
p761
I61
sS'grabbed'
p762
I65
sS'along'
p763
I65
sS'ysidro'
p764
I65
sS'earthquake'
p765
I64
sS'change'
p766
I63
sS'wait'
p767
I61
sS'box'
p768
I64
sS'boy'
p769
I60
sS'yessss'
p770
I65
sS'root'
p771
I65
sS'lakers'
p772
I65
sS'proud'
p773
I65
sS'bangs'
p774
I65
sS'exams'
p775
I65
sS'priceless'
p776
I65
sS'weird'
p777
I64
sS'430'
p778
I65
sS'love'
p779
I26
sS'perspectives'
p780
I65
sS'peer'
p781
I65
sS'patriots'
p782
I65
sS'verge'
p783
I65
sS'1st'
p784
I61
sS'rarely'
p785
I65
sS'franco'
p786
I65
sS'working'
p787
I64
sS'homesick'
p788
I64
sS'ariel'
p789
I65
sS'dude'
p790
I64
sS'only'
p791
I49
sS'sports'
p792
I61
sS'any:baseball'
p793
I65
sS'live'
p794
I64
sS'iphone'
p795
I64
sS'australian'
p796
I65
sS'today'
p797
I51
sS'loving'
p798
I64
sS'--->'
p799
I65
sS'club'
p800
I62
sS'ooo'
p801
I65
sS'chocolate'
p802
I64
sS'blood"'
p803
I65
sS'\xe2\x9d\xa4\xef\xb8\x8f\xe2\x9d\xa4\xef\xb8\x8f'
p804
I65
sS'cases'
p805
I65
sS'"update"'
p806
I65
sS'car'
p807
I64
sS'netflix'
p808
I65
sS'abortion'
p809
I64
sS'soul'
p810
I65
sS'hardest'
p811
I65
sS'homie'
p812
I65
sS'incidents'
p813
I65
sS'can'
p814
I36
sS'growing'
p815
I64
sS'making'
p816
I61
sS'social'
p817
I64
sS'heart'
p818
I62
sS'crazy'
p819
I65
sS'figure'
p820
I65
sS'mirrors'
p821
I65
sS'kiddos'
p822
I65
sS'attribute'
p823
I65
sS'awesome'
p824
I62
sS"didn't"
p825
I57
sS'fuck'
p826
I59
sS'topic'
p827
I63
sS'heard'
p828
I65
sS'dropped'
p829
I65
sS'allowed'
p830
I65
sS'offense'
p831
I65
sS'counting'
p832
I65
sS'clothing'
p833
I65
sS'airplane'
p834
I65
sS'subconsciously'
p835
I65
sS'pink'
p836
I64
sS'productive'
p837
I65
sS'requirements'
p838
I65
sS'winter'
p839
I65
sS'watching'
p840
I57
sS'freezer'
p841
I65
sS'1'
p842
I62
sS'till'
p843
I65
sS'salts'
p844
I65
sS'armies'
p845
I65
sS'staying'
p846
I64
sS'laundry'
p847
I63
sS'influenced'
p848
I65
sS'may'
p849
I61
sS'snl'
p850
I65
sS'bonfires'
p851
I65
sS'crashed'
p852
I65
sS'birthday'
p853
I61
sS'mad'
p854
I65
sS'?('
p855
I65
sS'date'
p856
I64
sS'such'
p857
I62
sS'suck'
p858
I65
sS'guys'
p859
I58
sS'grow'
p860
I65
sS'mirror*'
p861
I65
sS'man'
p862
I62
sS'remember'
p863
I64
sS'whenever'
p864
I64
sS'hahahah'
p865
I65
sS'st'
p866
I64
sS'mango'
p867
I65
sS'so'
p868
I17
sS'silence'
p869
I65
sS'pulled'
p870
I65
sS'talk'
p871
I63
sS'typical'
p872
I65
sS'cute'
p873
I64
sS'years'
p874
I64
sS'professors'
p875
I65
sS'course'
p876
I63
sS'lyric'
p877
I65
sS'shake'
p878
I65
sS'argued'
p879
I65
sS'still'
p880
I44
sS'djs'
p881
I63
sS'police'
p882
I64
sS'thank'
p883
I54
sS"he's"
p884
I64
sS'smoothie'
p885
I65
sS'interesting'
p886
I65
sS'harassed'
p887
I65
sS'romance-'
p888
I65
sS'amazing'
p889
I64
sS'attraction'
p890
I65
sS'window'
p891
I65
sS'tweets'
p892
I63
sS'suspension'
p893
I65
sS'main'
p894
I65
sS'tory'
p895
I65
sS'texas'
p896
I63
sS'happened'
p897
I64
sS'bein'
p898
I65
sS'insomnia'
p899
I64
sS"tonight's"
p900
I65
sS"obama's"
p901
I65
sS'lunch'
p902
I65
sS'2nds'
p903
I65
sS'solidarity"'
p904
I65
sS'half'
p905
I62
sS'not'
p906
I25
sS'\xe2\x9a\xbebaseball'
p907
I61
sS'now'
p908
I42
sS'killed'
p909
I65
sS'name'
p910
I62
sS'clutch'
p911
I65
sS'drop'
p912
I63
sS'rock'
p913
I65
sS'entirely'
p914
I65
sS'quarter'
p915
I64
sS'em'
p916
I64
sS'dad?"'
p917
I65
sS'mambo'
p918
I65
sS'yeah'
p919
I58
sS'persian'
p920
I65
sS'yeap'
p921
I65
sS'year'
p922
I57
sS'assumption'
p923
I65
sS'girl'
p924
I58
sS'worried'
p925
I65
sS'obsession'
p926
I65
sS'pills'
p927
I65
sS'tried'
p928
I65
sS'album'
p929
I65
sS'living'
p930
I64
sS'opened'
p931
I65
sS'space'
p932
I65
sS'furthermore'
p933
I65
sS'lowlife'
p934
I65
sS'xilent'
p935
I65
sS'seriously'
p936
I59
sS'poch'
p937
I65
sS'internet'
p938
I64
sS'fargo'
p939
I65
sS'nudes'
p940
I65
sS'shows'
p941
I62
sS'earlier'
p942
I65
sS'theory'
p943
I65
sS'thong'
p944
I65
sS'supperclub'
p945
I65
sS'boobs'
p946
I65
sS'quite'
p947
I62
sS'california'
p948
I64
sS'grandma'
p949
I64
sS'vegetarians'
p950
I65
sS"coast's"
p951
I65
sS'training'
p952
I65
sS'purchase...things'
p953
I65
sS'yup'
p954
I63
sS'modest'
p955
I65
sS'turn'
p956
I64
sS'place'
p957
I63
sS'lactation'
p958
I65
sS'widow'
p959
I65
sS'think'
p960
I44
sS'first'
p961
I52
sS'win-win'
p962
I65
sS'cheese'
p963
I63
sS'surviving'
p964
I65
sS'revenue'
p965
I64
sS'xoxo'
p966
I65
sS'softball'
p967
I65
sS'zac'
p968
I65
sS'yourself'
p969
I63
sS'retainers'
p970
I65
sS'amidst'
p971
I65
sS'impossible'
p972
I64
sS'ring'
p973
I64
sS'george'
p974
I65
sS'city'
p975
I64
sS'little'
p976
I59
sS"valentine's"
p977
I65
sS'caught'
p978
I63
sS'slept'
p979
I65
sS'anyone'
p980
I64
sS'indicate'
p981
I65
sS'2'
p982
I59
sS'swoosh'
p983
I65
sS'\xe2\x9a\xbe"'
p984
I65
sS'white'
p985
I63
sS'"yea."'
p986
I65
sS'life!"'
p987
I65
sS'friend'
p988
I63
sS'meme'
p989
I65
sS'not..."'
p990
I65
sS'eyes'
p991
I64
sS'hug'
p992
I65
sS'hell.\xe2\x80\x9d'
p993
I65
sS'that'
p994
I13
sS'centipedes'
p995
I65
sS'season'
p996
I62
sS"men's"
p997
I65
sS'"there'
p998
I65
sS'hurt'
p999
I65
sS'ridiculous'
p1000
I65
sS'prydz'
p1001
I65
sS'mylife'
p1002
I65
sS'butt'
p1003
I65
sS'fooled'
p1004
I65
sS'flowers'
p1005
I65
sS'than'
p1006
I54
sS"here's"
p1007
I65
sS'boyfriend'
p1008
I63
sS'13'
p1009
I64
sS'12'
p1010
I63
sS'15'
p1011
I65
sS'14'
p1012
I65
sS'gotta'
p1013
I65
sS'buzzfeed'
p1014
I65
sS'karate'
p1015
I65
sS'r'
p1016
I64
sS'knives'
p1017
I65
sS'were'
p1018
I45
sS'cards'
p1019
I65
sS'college'
p1020
I58
sS'you--'
p1021
I64
sS'russia'
p1022
I65
sS'and'
p1023
I10
sS'coconut'
p1024
I65
sS'san'
p1025
I63
sS'angel'
p1026
I65
sS'sad'
p1027
I60
sS'13th'
p1028
I65
sS'episcopal'
p1029
I64
sS'say'
p1030
I55
sS'decapitated'
p1031
I65
sS'yogurtland'
p1032
I65
sS'breakfast'
p1033
I65
sS'saw'
p1034
I64
sS'any'
p1035
I60
sS'marathon'
p1036
I65
sS'stoners'
p1037
I65
sS'sport'
p1038
I65
sS'editing'
p1039
I65
sS'note'
p1040
I65
sS'sciences'
p1041
I65
sS'take'
p1042
I52
sS'online'
p1043
I64
sS'sorority'
p1044
I62
sS'benim'
p1045
I65
sS'closer'
p1046
I65
sS'sure'
p1047
I59
sS'multiple'
p1048
I64
sS'normal'
p1049
I65
sS'track'
p1050
I65
sS"sprouse's"
p1051
I64
sS'knew'
p1052
I64
sS'paid'
p1053
I65
sS'(gotta'
p1054
I65
sS'nolan'
p1055
I65
sS'pricy'
p1056
I65
sS'freshman'
p1057
I65
sS'america'
p1058
I65
sS'cuban'
p1059
I62
sS'closet'
p1060
I65
sS'considered'
p1061
I65
sS'later'
p1062
I65
sS'hungry'
p1063
I63
sS'badd'
p1064
I65
sS'sunset'
p1065
I65
sS'slaves'
p1066
I65
sS'senior'
p1067
I65
sS'sigma'
p1068
I65
sS'shot'
p1069
I63
sS'show'
p1070
I60
sS'cheat'
p1071
I65
sS'"sipping'
p1072
I65
sS'undierun'
p1073
I65
sS'corner'
p1074
I65
sS'ground'
p1075
I64
sS'specifically'
p1076
I65
sS'favor'
p1077
I65
sS'daily'
p1078
I65
sS'(ucla)'
p1079
I65
sS'enough'
p1080
I62
sS'flaws....probably'
p1081
I65
sS'to\xe2\x80\xa6'
p1082
I65
sS'tears'
p1083
I64
sS'going'
p1084
I47
sS'black'
p1085
I61
sS'hockey'
p1086
I62
sS'"racist"'
p1087
I65
sS'get'
p1088
I30
sS'designated'
p1089
I65
sS'truly'
p1090
I65
sS'cannot'
p1091
I65
sS'geo'
p1092
I65
sS'celebrate'
p1093
I64
sS'freaking'
p1094
I65
sS'reveal'
p1095
I65
sS'regarding'
p1096
I65
sS'mavericks'
p1097
I65
sS'morning'
p1098
I61
sS'naked'
p1099
I65
sS'jokes'
p1100
I60
sS"could've"
p1101
I65
sS'heartwarming'
p1102
I65
sS'through'
p1103
I64
sS'where'
p1104
I59
sS'ignored'
p1105
I65
sS'lasers'
p1106
I65
sS'lightning...who'
p1107
I65
sS'asleep'
p1108
I64
sS'peppermint'
p1109
I65
sS'parking'
p1110
I64
sS'borrow\xe2\x80\x9d'
p1111
I65
sS'wonder'
p1112
I64
sS'fails'
p1113
I64
sS'enlightening'
p1114
I65
sS'opening'
p1115
I65
sS'3'
p1116
I64
sS'outclassed'
p1117
I65
sS'reading'
p1118
I64
sS'jobs'
p1119
I65
sS'17-yr-old'
p1120
I65
sS'timmy'
p1121
I65
sS'jk'
p1122
I65
sS'comeback'
p1123
I65
sS'killing'
p1124
I65
sS'come'
p1125
I55
sS'reaction'
p1126
I65
sS'mans'
p1127
I65
sS'mob'
p1128
I65
sS'many'
p1129
I63
sS'priests'
p1130
I65
sS'according'
p1131
I65
sS'quince\xc3\xb1eras'
p1132
I65
sS'blasts'
p1133
I65
sS'somewhere'
p1134
I65
sS'traded'
p1135
I65
sS"can't"
p1136
I44
sS'-blink'
p1137
I65
sS'60'
p1138
I65
sS"couldn't"
p1139
I62
sS'article'
p1140
I65
sS'polo'
p1141
I65
sS'considers'
p1142
I65
sS'nicole'
p1143
I65
sS'considering'
p1144
I64
sS'destroyed'
p1145
I65
sS'trolling'
p1146
I65
sS'capable'
p1147
I65
sS'west'
p1148
I63
sS'classic'
p1149
I65
sS'ucla'
p1150
I56
sS'mark'
p1151
I60
sS'cared'
p1152
I65
sS'featuring'
p1153
I65
sS'"wearing'
p1154
I65
sS'wants'
p1155
I65
sS'direction'
p1156
I65
sS'chan'
p1157
I65
sS'>_<'
p1158
I65
sS'mocking'
p1159
I65
sS'bmw'
p1160
I64
sS'**cue'
p1161
I65
sS'sticky'
p1162
I65
sS'champions'
p1163
I65
sS'those'
p1164
I60
sS'sound'
p1165
I63
sS'myself'
p1166
I58
sS'kappa'
p1167
I62
sS'turtles'
p1168
I65
sS'these'
p1169
I60
sS'"bomb'
p1170
I65
sS'cock'
p1171
I65
sS'invited'
p1172
I65
sS'ive'
p1173
I63
sS'rubbing'
p1174
I65
sS'sleeping'
p1175
I64
sS'couples'
p1176
I64
sS'middle'
p1177
I64
sS'wire"'
p1178
I65
sS'someone'
p1179
I55
sS"(i'm"
p1180
I65
sS'motivated'
p1181
I65
sS'work~<3'
p1182
I65
sS'everyday'
p1183
I65
sS'worry'
p1184
I64
sS'different'
p1185
I65
sS'disrespectful'
p1186
I65
sS'media'
p1187
I65
sS'perpetually'
p1188
I65
sS'same'
p1189
I57
sS'trip'
p1190
I65
sS'food'
p1191
I63
sS'pad'
p1192
I65
sS'arguments'
p1193
I65
sS'....someone'
p1194
I65
sS'events'
p1195
I65
sS'week'
p1196
I63
sS'favorited'
p1197
I65
sS'giugenz'
p1198
I65
sS'askin'
p1199
I65
sS'closest'
p1200
I65
sS'driver'
p1201
I62
sS'drives'
p1202
I65
sS'weed'
p1203
I64
sS'director'
p1204
I65
sS'persons'
p1205
I65
sS'running'
p1206
I65
sS'deff'
p1207
I65
sS'favorites'
p1208
I64
sS'letters*me'
p1209
I65
sS'totally'
p1210
I64
sS'vowed'
p1211
I65
sS'\xe2\x9c\x8c\xef\xb8\x8f'
p1212
I64
sS'support\xe2\x80\xa6'
p1213
I65
sS'charger'
p1214
I65
sS'no'
p1215
I34
sS'bang'
p1216
I64
sS'"how'
p1217
I65
sS'without'
p1218
I63
sS'solve'
p1219
I65
sS'comes'
p1220
I62
sS'"remember'
p1221
I65
sS'reward'
p1222
I65
sS'summer'
p1223
I64
sS'\xe2\x98\xba\xef\xb8\x8f'
p1224
I61
sS'being'
p1225
I52
sS'money'
p1226
I65
sS'neon'
p1227
I65
sS'rest'
p1228
I64
sS'kill'
p1229
I64
sS'touch'
p1230
I65
sS'flavor'
p1231
I65
sS'blow'
p1232
I64
sS'overlapped'
p1233
I65
sS'death'
p1234
I65
sS'ny'
p1235
I65
sS'thinking'
p1236
I61
sS"we've"
p1237
I64
sS'except'
p1238
I64
sS'khatami'
p1239
I65
sS'it\xe2\x80\x99s'
p1240
I64
sS':(:('
p1241
I65
sS'4'
p1242
I60
sS"tiffany's"
p1243
I65
sS'yv'
p1244
I65
sS'wiles?"'
p1245
I65
sS'skies'
p1246
I65
sS'real'
p1247
I61
sS'around'
p1248
I64
sS'presentable'
p1249
I65
sS'easily'
p1250
I64
sS'read'
p1251
I64
sS'gonna'
p1252
I64
sS'dark'
p1253
I65
sS'moo'
p1254
I65
sS'listening'
p1255
I62
sS'sadder/more'
p1256
I65
sS'using'
p1257
I63
sS'correcting'
p1258
I64
sS'dare'
p1259
I65
sS'meaning'
p1260
I65
sS'in-n-out'
p1261
I64
sS'patrice'
p1262
I65
sS'tsunami'
p1263
I65
sS'either'
p1264
I63
sS'occasions'
p1265
I65
sS'homicides'
p1266
I65
sS';p'
p1267
I65
sS'cabo'
p1268
I65
sS'"omg'
p1269
I65
sS'lebanon'
p1270
I65
sS'oscars'
p1271
I63
sS';d'
p1272
I65
sS'racial'
p1273
I64
sS'-ma'
p1274
I65
sS'matching'
p1275
I65
sS'yesss'
p1276
I65
sS'muh-man'
p1277
I65
sS'memories'
p1278
I65
sS'shirtless'
p1279
I65
sS'amanpour'
p1280
I65
sS'moon'
p1281
I65
sS'throat'
p1282
I65
sS'loooollllll'
p1283
I65
sS'hipster'
p1284
I65
sS'hahahahahahahhaha'
p1285
I65
sS'suchi'
p1286
I65
sS'origin)'
p1287
I65
sS'knife'
p1288
I62
sS'caring'
p1289
I65
sS'football'
p1290
I63
sS'power'
p1291
I62
sS'dali'
p1292
I65
sS'flyers'
p1293
I65
sS'royals'
p1294
I65
sS'akon'
p1295
I65
sS'broken'
p1296
I63
sS'hectic'
p1297
I65
sS'throwback'
p1298
I63
sS';)'
p1299
I63
sS'refers'
p1300
I65
sS'throw'
p1301
I65
sS'on'
p1302
I16
sS'stone'
p1303
I65
sS'ok'
p1304
I65
sS'oh'
p1305
I60
sS'of'
p1306
I11
sS'cares'
p1307
I65
sS'favorite'
p1308
I51
sS'brittany'
p1309
I63
sS'meal'
p1310
I65
sS'srs'
p1311
I63
sS'demonic'
p1312
I65
sS'...in'
p1313
I65
sS'act'
p1314
I65
sS'mixed'
p1315
I65
sS'supersonics'
p1316
I65
sS'luck'
p1317
I65
sS'or'
p1318
I44
sS'road'
p1319
I65
sS'ladies'
p1320
I65
sS'protests'
p1321
I64
sS'burning'
p1322
I65
sS'sacrifice)'
p1323
I65
sS'escalated'
p1324
I65
sS'cursed'
p1325
I65
sS"shoes...i'm"
p1326
I65
sS'homeless'
p1327
I65
sS'elementary'
p1328
I65
sS'playoff'
p1329
I65
sS'your'
p1330
I28
sS'dawned'
p1331
I65
sS'racquet'
p1332
I65
sS'jerks'
p1333
I65
sS'log'
p1334
I65
sS'prepare'
p1335
I64
sS'area'
p1336
I64
sS'assumed'
p1337
I65
sS'there'
p1338
I46
sS'hey'
p1339
I62
sS'lol'
p1340
I55
sS'start'
p1341
I64
sS"how'd"
p1342
I65
sS'racist'
p1343
I65
sS'low'
p1344
I63
sS'lot'
p1345
I64
sS'valley'
p1346
I64
sS'aoki'
p1347
I64
sS'awwwwww'
p1348
I65
sS"thelittlemermaid92's"
p1349
I65
sS'philosophers'
p1350
I65
sS'brain'
p1351
I65
sS'gore'
p1352
I65
sS'trying'
p1353
I61
sS'with'
p1354
I23
sS'happening'
p1355
I65
sS"they're"
p1356
I65
sS'rage'
p1357
I63
sS"wasn't"
p1358
I64
sS'zeeb'
p1359
I65
sS'bucket'
p1360
I65
sS'dirty'
p1361
I65
sS'dvd'
p1362
I65
sS'gone'
p1363
I65
sS'ag'
p1364
I60
sS'complicated'
p1365
I65
sS'exhausted'
p1366
I65
sS'ah'
p1367
I65
sS'felix'
p1368
I65
sS'am'
p1369
I54
sS'an'
p1370
I42
sS'as'
p1371
I33
sS'at'
p1372
I22
sS'pen'
p1373
I64
sS'girlfriend'
p1374
I64
sS'watched'
p1375
I63
sS'hound'
p1376
I65
sS'film'
p1377
I64
sS'no-hitter'
p1378
I65
sS'again'
p1379
I62
sS'strikers'
p1380
I65
sS'deserve'
p1381
I64
sS'green'
p1382
I64
sS'roping'
p1383
I65
sS'5'
p1384
I61
sS'you'
p1385
I5
sS'morning\xe2\x80\x9d'
p1386
I65
sS'championship'
p1387
I65
sS'sharing'
p1388
I65
sS'obsessed'
p1389
I64
sS'annex'
p1390
I65
sS'students'
p1391
I65
sS'spoilers'
p1392
I65
sS'brandy'
p1393
I65
sS'peak'
p1394
I65
sS'spouse'
p1395
I65
sS'finals'
p1396
I62
sS'missed'
p1397
I65
sS'calls'
p1398
I65
sS'buffalo'
p1399
I65
sS"life's"
p1400
I65
sS'wifi'
p1401
I63
sS'having'
p1402
I65
sS'u'
p1403
I60
sS'adam'
p1404
I64
sS'alright'
p1405
I62
sS'suffering"'
p1406
I65
sS'puzzle"'
p1407
I65
sS'all'
p1408
I31
sS'consider'
p1409
I64
sS'chinese'
p1410
I65
sS'messi'
p1411
I65
sS'suns'
p1412
I64
sS'beware'
p1413
I65
sS'thoughtful'
p1414
I65
sS'follow'
p1415
I65
sS'reasoning'
p1416
I65
sS'habla'
p1417
I65
sS'ignorant'
p1418
I65
sS'costco'
p1419
I65
sS'whoever'
p1420
I65
sS'thursday'
p1421
I65
sS'dont'
p1422
I65
sS'to'
p1423
I4
sS'enjoying'
p1424
I65
sS'midwest'
p1425
I65
sS'betches'
p1426
I64
sS'case'
p1427
I63
sS'worse'
p1428
I65
sS'song'
p1429
I58
sS'very'
p1430
I62
sS'"he'
p1431
I64
sS'fat'
p1432
I65
sS'hahahahahahaha'
p1433
I64
sS'fan'
p1434
I61
sS'decide'
p1435
I65
sS'fall'
p1436
I63
sS'elle'
p1437
I65
sS'ticket'
p1438
I64
sS'enter'
p1439
I65
sS'condition'
p1440
I65
sS'leads'
p1441
I65
sS'hooking'
p1442
I65
sS'list'
p1443
I63
sS'large'
p1444
I65
sS'small'
p1445
I65
sS"i'll"
p1446
I58
sS'neighborhood'
p1447
I65
sS'dekooning'
p1448
I65
sS'ted'
p1449
I65
sS'past'
p1450
I64
sS'(provided'
p1451
I65
sS'zero'
p1452
I65
sS'perspective'
p1453
I65
sS'pass'
p1454
I65
sS'nbc'
p1455
I65
sS'nba'
p1456
I64
sS'bully'
p1457
I65
sS'putting'
p1458
I65
sS'cheeses'
p1459
I65
sS'what'
p1460
I38
sS'clock'
p1461
I65
sS'sun'
p1462
I64
sS'youuu'
p1463
I65
sS'associate'
p1464
I64
sS'fleur'
p1465
I65
sS'crush'
p1466
I65
sS'cikmis'
p1467
I65
sS'version'
p1468
I63
sS'insomniacs'
p1469
I64
sS'learned'
p1470
I65
sS'suz'
p1471
I65
sS'movement'
p1472
I65
sS"lol'd"
p1473
I65
sS'full'
p1474
I65
sS'iran'
p1475
I65
sS'hungover'
p1476
I65
sS'owns'
p1477
I65
sS'i.r'
p1478
I65
sS'forgive'
p1479
I65
sS'hours'
p1480
I59
sS'strong'
p1481
I62
sS'table'
p1482
I65
sS'gammaphi'
p1483
I65
sS'search'
p1484
I65
sS'ahead'
p1485
I65
sS'inspired'
p1486
I65
sS'losses'
p1487
I65
sS'experience'
p1488
I64
sS'pics'
p1489
I63
sS'amount'
p1490
I64
sS'consumer&'
p1491
I65
sS'pick'
p1492
I62
sS'homies)'
p1493
I65
sS'imaging'
p1494
I65
sS'family'
p1495
I63
sS'suddenly'
p1496
I65
sS'that..."'
p1497
I65
sS'texts'
p1498
I62
sS'"mavericks'
p1499
I65
sS'trained'
p1500
I65
sS'"i\'ve'
p1501
I65
sS'bruins'
p1502
I54
sS'conventional'
p1503
I64
sS'eye'
p1504
I65
sS'intense'
p1505
I65
sS'beginning'
p1506
I65
sS'\xe2\x98\x9d\xef\xb8\x8f'
p1507
I65
sS'two'
p1508
I56
sS'6'
p1509
I64
sS'taken'
p1510
I65
sS'more'
p1511
I47
sS'teen'
p1512
I65
sS'tryna'
p1513
I65
sS'door'
p1514
I64
sS'knows'
p1515
I64
sS'company'
p1516
I65
sS'excuse'
p1517
I65
sS"ain't"
p1518
I65
sS'basically'
p1519
I65
sS'broke'
p1520
I64
sS'particular'
p1521
I65
sS'gphi'
p1522
I65
sS'objections'
p1523
I65
sS'glad'
p1524
I64
sS'town'
p1525
I64
sS'hour'
p1526
I63
sS'offender'
p1527
I65
sS'pollack'
p1528
I65
sS'sucks'
p1529
I65
sS'learn'
p1530
I65
sS'knocked'
p1531
I64
sS'pleaseee'
p1532
I65
sS'fryers'
p1533
I65
sS'beautiful'
p1534
I64
sS'shark'
p1535
I65
sS"woman's"
p1536
I65
sS'scam'
p1537
I65
sS'brown'
p1538
I65
sS'accept'
p1539
I65
sS'stater'
p1540
I65
sS'sense'
p1541
I65
sS'pong'
p1542
I64
sS'dress'
p1543
I64
sS'bonded'
p1544
I65
sS'huge'
p1545
I62
sS'needs'
p1546
I65
sS'court'
p1547
I65
sS'goal'
p1548
I65
sS'stranglehold."'
p1549
I65
sS'breaking'
p1550
I64
sS'beene'
p1551
I65
sS'"...and'
p1552
I65
sS'plant'
p1553
I65
sS'okay'
p1554
I60
sS'plans'
p1555
I65
sS'"never'
p1556
I65
sS'</3'
p1557
I65
sS'advice'
p1558
I64
sS'"west'
p1559
I65
sS'minds'
p1560
I65
sS'plane'
p1561
I65
sS'adventure'
p1562
I63
sS'waves'
p1563
I65
sS'tacos'
p1564
I65
sS'response'
p1565
I65
sS'fo'
p1566
I65
sS'a'
p1567
I6
sS'apocalypse'
p1568
I65
sS'tweeting'
p1569
I65
sS'shore'
p1570
I64
sS'ecig...."'
p1571
I65
sS'pay'
p1572
I65
sS'facebook'
p1573
I62
sS'dream'
p1574
I63
sS'playing'
p1575
I58
sS"that's"
p1576
I48
sS'replied'
p1577
I64
sS'photoshop'
p1578
I65
sS'adorned'
p1579
I65
sS'mexican'
p1580
I65
sS'help'
p1581
I64
sS"don't"
p1582
I35
sS'maddening'
p1583
I65
sS'soon'
p1584
I59
sS'isnt'
p1585
I65
sS'paper'
p1586
I64
sS'dough'
p1587
I64
sS'committee'
p1588
I65
sS'hell'
p1589
I65
sS'its'
p1590
I64
sS'laserz'
p1591
I65
sS'24'
p1592
I65
sS'25'
p1593
I65
sS'20'
p1594
I65
sS'exact'
p1595
I65
sS'border'
p1596
I65
sS'solving'
p1597
I65
sS'actually'
p1598
I59
sS'late'
p1599
I65
sS'dolly'
p1600
I65
sS'macaroni'
p1601
I65
sS'bout'
p1602
I65
sS'soccer'
p1603
I62
sS'might'
p1604
I62
sS"haven't"
p1605
I63
sS'underestimate'
p1606
I65
sS'it/'
p1607
I65
sS'hurting'
p1608
I65
sS'good'
p1609
I55
sS'return'
p1610
I65
sS'yo'
p1611
I64
sS'ya'
p1612
I62
sS'[do]'
p1613
I65
sS'way...whoever'
p1614
I65
sS'boobies'
p1615
I65
sS'walls'
p1616
I65
sS'vomit'
p1617
I65
sS"you've"
p1618
I62
sS'yu'
p1619
I65
sS'reminder'
p1620
I65
sS'subtitles'
p1621
I65
sS"alban's"
p1622
I64
sS'diary'
p1623
I65
sS'bryan'
p1624
I64
sS'like."-'
p1625
I65
sS'everytime'
p1626
I65
sS'always'
p1627
I55
sS"victoria's"
p1628
I65
sS'fulla'
p1629
I65
sS'goofy'
p1630
I64
sS'stopped'
p1631
I65
sS'(lol)'
p1632
I65
sS'found'
p1633
I60
sS'button'
p1634
I65
sS"isn't"
p1635
I65
sS'status'
p1636
I65
sS'everyone'
p1637
I53
sS'upstairs'
p1638
I64
sS'minority)'
p1639
I65
sS'house'
p1640
I59
sS'hard'
p1641
I56
sS'idea'
p1642
I63
sS'brother'
p1643
I64
sS'problemcole'
p1644
I65
sS"angie's"
p1645
I65
sS'ahahha'
p1646
I65
sS'bath'
p1647
I64
sS'beyond'
p1648
I65
sS'really'
p1649
I49
sS'perry'
p1650
I65
sS'alcohol'
p1651
I65
sS'since'
p1652
I58
sS'lolo'
p1653
I65
sS'research'
p1654
I65
sS'health'
p1655
I65
sS'hill'
p1656
I65
sS'lolz'
p1657
I65
sS'ass'
p1658
I65
sS'drink'
p1659
I65
sS'belief'
p1660
I64
sS'circumstance'
p1661
I63
sS'rude'
p1662
I65
sS'timeline'
p1663
I65
sS'friday'
p1664
I64
sS'guess'
p1665
I64
sS'you"...i\'m'
p1666
I65
sS'houses'
p1667
I65
sS'reason'
p1668
I59
sS'heroin'
p1669
I65
sS'cookie'
p1670
I61
sS'conditioning'
p1671
I65
sS'imagine'
p1672
I63
sS'put'
p1673
I57
sS'sturridge'
p1674
I65
sS'gurlies'
p1675
I65
sS'computers'
p1676
I65
sS'terrible'
p1677
I65
sS"year's"
p1678
I65
sS'caption'
p1679
I64
sS'american'
p1680
I64
sS'expecting'
p1681
I65
sS'griner'
p1682
I62
sS'w'
p1683
I63
sS'dis'
p1684
I65
sS'5th'
p1685
I65
sS'feed'
p1686
I65
sS'seriously\xe2\x80\xa6'
p1687
I65
sS'major'
p1688
I64
sS'superbowl'
p1689
I65
sS'statue'
p1690
I65
sS'feel'
p1691
I55
sS'recruiting'
p1692
I65
sS'doughnuts'
p1693
I64
sS'feet'
p1694
I63
sS'done'
p1695
I56
sS'miss'
p1696
I57
sS'maple'
p1697
I64
sS'doomsday'
p1698
I65
sS'story'
p1699
I63
sS'killin'
p1700
I65
sS'jet'
p1701
I65
sS'divorce'
p1702
I65
sS'interviews'
p1703
I65
sS'least'
p1704
I61
sS'182'
p1705
I64
sS'wonderful'
p1706
I63
sS'passed'
p1707
I63
sS'statement'
p1708
I65
sS'relationship'
p1709
I64
sS'behind'
p1710
I64
sS'am\xc3\xa9rica'
p1711
I65
sS'.51'
p1712
I64
sS'appreciation'
p1713
I65
sS'part'
p1714
I64
sS'believe'
p1715
I61
sS'obama'
p1716
I64
sS'king'
p1717
I65
sS'kind'
p1718
I64
sS'grew'
p1719
I65
sS'rebound'
p1720
I65
sS'iranian'
p1721
I65
sS'condolences'
p1722
I65
sS'gotten'
p1723
I65
sS'aims'
p1724
I65
sS'freud'
p1725
I65
sS'marriage'
p1726
I65
sS'supposed'
p1727
I64
sS'ousted'
p1728
I65
sS'crescent'
p1729
I64
sS'navigators'
p1730
I65
sS'deciding'
p1731
I65
sS'nominee'
p1732
I65
sS'seth'
p1733
I65
sS'randomly'
p1734
I65
sS'lie'
p1735
I65
sS'u.s'
p1736
I65
sS'trance'
p1737
I64
sS'self'
p1738
I62
sS'trapped'
p1739
I65
sS'also'
p1740
I61
sS'finding'
p1741
I65
sS'stands...currently'
p1742
I65
sS'play'
p1743
I60
sS'yousif'
p1744
I63
sS'quote'
p1745
I65
sS'reach'
p1746
I65
sS'much.\xe2\x80\x9d'
p1747
I65
sS'bi**h'
p1748
I65
sS'most'
p1749
I57
sS'brooklyn'
p1750
I65
sS'70'
p1751
I65
sS'nothing'
p1752
I60
sS'alpha'
p1753
I59
sS'-john'
p1754
I65
sS'giggling'
p1755
I65
sS'sometimes'
p1756
I59
sS'clubbing'
p1757
I65
sS'shoutout'
p1758
I62
sS'joining'
p1759
I65
sS'stoner'
p1760
I65
sS'ugh'
p1761
I60
sS'jellybeans'
p1762
I65
sS'giggled'
p1763
I65
sS'fine'
p1764
I65
sS'find'
p1765
I61
sS'podium'
p1766
I65
sS'giant'
p1767
I65
sS'regulations'
p1768
I65
sS'-anonymous'
p1769
I64
sS'pretty'
p1770
I57
sS'8'
p1771
I65
sS'giants'
p1772
I65
sS'his'
p1773
I50
sS'publicity'
p1774
I60
sS'rose'
p1775
I65
sS'beyonc\xc3\xa9'
p1776
I65
sS'luke'
p1777
I65
sS'express'
p1778
I65
sS'famous'
p1779
I64
sS'feels'
p1780
I60
sS'valuable'
p1781
I65
sS'wooooooo'
p1782
I65
sS'during'
p1783
I60
sS'workouts'
p1784
I65
sS'him'
p1785
I56
sS'enemy'
p1786
I65
sS'plss'
p1787
I65
sS'cry'
p1788
I63
sS'cartoons'
p1789
I65
sS"craft/there's"
p1790
I65
sS'double'
p1791
I65
sS'x'
p1792
I64
sS"'definitely'"
p1793
I65
sS'bars'
p1794
I65
sS'set'
p1795
I62
sS'throwing'
p1796
I65
sS'\xd8\xa7\xd9\x84\xd8\xad\xd9\x85\xd8\xaf\xd9\x84\xd9\x84\xd9\x87\xe2\x9d\xa4\xef\xb8\x8f'
p1797
I65
sS'arrives'
p1798
I65
sS'sex'
p1799
I63
sS'culture'
p1800
I65
sS'see'
p1801
I52
sS'defense'
p1802
I65
sS'dumb'
p1803
I65
sS'are'
p1804
I29
sS'close'
p1805
I64
sS'do-rachael'
p1806
I65
sS'angie'
p1807
I65
sS'retweet'
p1808
I64
sS'shower'
p1809
I65
sS'matter'
p1810
I65
sS'pictures'
p1811
I63
sS'wow'
p1812
I64
sS'currently'
p1813
I64
sS'please'
p1814
I60
sS'demons'
p1815
I65
sS'disarda'
p1816
I65
sS'fans'
p1817
I63
sS'won'
p1818
I64
sS'probably'
p1819
I65
sS"other's"
p1820
I65
sS'piss'
p1821
I65
sS'europe'
p1822
I65
sS'blondes'
p1823
I65
sS'recently'
p1824
I65
sS'triangles'
p1825
I65
sS'missing'
p1826
I64
sS'sold'
p1827
I65
sS'attention'
p1828
I65
sS'"well'
p1829
I65
sS'both'
p1830
I63
sS'10th'
p1831
I65
sS'last'
p1832
I58
sS'license'
p1833
I65
sS'aloe'
p1834
I65
sS"wouldn't"
p1835
I63
sS'summer..love'
p1836
I65
sS'sterling'
p1837
I65
sS'eggplant'
p1838
I65
sS'forgotten'
p1839
I65
sS'poverty'
p1840
I65
sS'whole'
p1841
I61
sS'above"'
p1842
I65
sS'sloth'
p1843
I64
sS'liked'
p1844
I65
sS'pendulum'
p1845
I65
sS'point'
p1846
I60
sS'reasons'
p1847
I65
sS'sweet'
p1848
I65
sS'community'
p1849
I65
sS'simply'
p1850
I65
sS'sexy'
p1851
I64
sS'rave'
p1852
I63
sS'indefinite'
p1853
I65
sS'pr'
p1854
I63
sS'devil'
p1855
I65
sS'raise'
p1856
I64
sS'boring........hadley'
p1857
I65
sS'create'
p1858
I65
sS'political'
p1859
I65
sS'due'
p1860
I65
sS'hitting'
p1861
I65
sS'secret'
p1862
I65
sS'options'
p1863
I65
sS'damn'
p1864
I61
sS'pi'
p1865
I65
sS'meeting'
p1866
I65
sS'woke'
p1867
I65
sS'pm'
p1868
I65
sS'"kiss'
p1869
I65
sS'like"'
p1870
I65
sS'shaunierikaa'
p1871
I65
sS'whaaaat?!"'
p1872
I65
sS'else'
p1873
I65
sS'cinco'
p1874
I64
sS'lives'
p1875
I63
sS'whitney'
p1876
I65
sS'gah'
p1877
I65
sS'rocking'
p1878
I65
sS"(don't"
p1879
I65
sS'education\xe2\x80\xa6'
p1880
I65
sS'stolen'
p1881
I65
sS'look'
p1882
I58
sS'straight'
p1883
I64
sS'convo'
p1884
I65
sS'while'
p1885
I60
sS'-maggie'
p1886
I64
sS'homework'
p1887
I65
sS'behavior'
p1888
I65
sS'heyy'
p1889
I65
sS'fun'
p1890
I63
sS'3am'
p1891
I65
sS'mcfarlane'
p1892
I65
sS'<3'
p1893
I60
sS'vol'
p1894
I65
sS'rip'
p1895
I63
sS'ducks'
p1896
I63
sS'ecstasy'
p1897
I65
sS'itself'
p1898
I65
sS'prettyy'
p1899
I65
sS'ready'
p1900
I62
sS'seem'
p1901
I65
sS'funny'
p1902
I62
sS'shirt'
p1903
I63
sS'anymore'
p1904
I65
sS'delicious'
p1905
I65
sS'higher'
p1906
I65
sS'krammerstoudt'
p1907
I65
sS'face!"'
p1908
I65
sS'keys'
p1909
I64
sS'yesterday'
p1910
I63
sS'moment'
p1911
I62
sS'moving'
p1912
I65
sS'sandals'
p1913
I65
sS'infamous'
p1914
I65
sS'recent'
p1915
I64
sS'kno'
p1916
I65
sS'noodle'
p1917
I65
sS'older'
p1918
I65
sS'persuasive'
p1919
I65
sS'spent'
p1920
I65
sS'picks'
p1921
I64
sS'person'
p1922
I59
sS'chronicles'
p1923
I65
sS'kelly'
p1924
I65
sS'tryin'
p1925
I65
sS'letter"irlanda'
p1926
I65
sS'mom'
p1927
I59
sS'blackhawks/kings'
p1928
I65
sS'questions'
p1929
I65
sS'world'
p1930
I59
sS'model*"'
p1931
I65
sS'letting'
p1932
I65
sS'cup'
p1933
I64
sS'informal'
p1934
I64
sS'lady'
p1935
I65
sS'prison..."'
p1936
I65
sS'cuz'
p1937
I65
sS'rangers'
p1938
I65
sS'parents'
p1939
I64
sS'exhibition'
p1940
I65
sS'crying'
p1941
I64
sS'homies'
p1942
I65
sS'snap'
p1943
I65
sS'excited'
p1944
I61
sS'homiez'
p1945
I65
sS'victims'
p1946
I65
sS'me\xe2\x80\xa6'
p1947
I65
sS'big'
p1948
I63
sS'bid'
p1949
I65
sS'bia'
p1950
I65
sS'game'
p1951
I49
sS'quest'
p1952
I65
sS'bit'
p1953
I65
sS'ditching'
p1954
I65
sS'formal'
p1955
I65
sS'mariah'
p1956
I65
sS'lost'
p1957
I60
sS'"42"'
p1958
I65
sS'shapes'
p1959
I65
sS'indication'
p1960
I65
sS'bass.cannon'
p1961
I65
sS'alexandra'
p1962
I65
sS'fault'
p1963
I64
sS'bruin'
p1964
I65
sS'melville'
p1965
I65
sS'google'
p1966
I64
sS'fucking'
p1967
I60
sS'some'
p1968
I48
sS'back'
p1969
I47
sS'bounce'
p1970
I65
sS'beesting'
p1971
I65
sS'strongest'
p1972
I65
sS'added'
p1973
I65
sS'ourselves'
p1974
I65
sS'preparing'
p1975
I65
sS'canadians'
p1976
I65
sS'scale'
p1977
I65
sS'jewelry'
p1978
I64
sS'contacts'
p1979
I65
sS'pet'
p1980
I64
sS'pev'
p1981
I65
sS'"since'
p1982
I65
sS'miguel?"getting'
p1983
I65
sS'dating'
p1984
I65
sS'laughing'
p1985
I65
sS'be'
p1986
I17
sS'run'
p1987
I64
sS'bb'
p1988
I65
sS'bc'
p1989
I64
sS'remembered'
p1990
I65
sS'chick'
p1991
I65
sS'by'
p1992
I54
sS'react'
p1993
I65
sS'anything'
p1994
I65
sS'wore'
p1995
I65
sS'prove'
p1996
I65
sS'puddles'
p1997
I65
sS'yousiff'
p1998
I65
sS'idk'
p1999
I65
sS'chi'
p2000
I65
sS'hatred'
p2001
I65
sS'wanna'
p2002
I60
sS'dwight'
p2003
I65
sS'gamma'
p2004
I58
sS'surprises'
p2005
I65
sS'boy"'
p2006
I65
sS'seeing'
p2007
I64
sS'every1'
p2008
I65
sS'grammy'
p2009
I65
sS'\xe2\x9b\x84\xef\xb8\x8f'
p2010
I65
sS'into'
p2011
I57
sS'hammered'
p2012
I65
sS'ayyy'
p2013
I65
sS'smells'
p2014
I65
sS'plane"'
p2015
I65
sS'apartments'
p2016
I65
sS'question'
p2017
I62
sS'ca)'
p2018
I61
sS'long'
p2019
I63
sS"we're"
p2020
I62
sS'forward'
p2021
I63
sS'analyze'
p2022
I65
sS'scared'
p2023
I65
sS'stare'
p2024
I65
sS'japanties'
p2025
I65
sS'invite'
p2026
I65
sS'jewish'
p2027
I65
sS"timmy's"
p2028
I65
sS'girlfriends'
p2029
I65
sS'library'
p2030
I65
sS'delta'
p2031
I59
sS'line'
p2032
I62
sS'"nra'
p2033
I65
sS'posted'
p2034
I64
sS'tumblr'
p2035
I65
sS'consist'
p2036
I65
sS'adair'
p2037
I65
sS'fries'
p2038
I65
sS'up'
p2039
I36
sS'us'
p2040
I53
sS'ur'
p2041
I64
sS'pres'
p2042
I65
sS'similar'
p2043
I65
sS'called'
p2044
I64
sS'uc'
p2045
I65
sS'yelled'
p2046
I65
sS'uber'
p2047
I65
sS'v'
p2048
I65
sS'ordered'
p2049
I65
sS'raging'
p2050
I65
sS'cover'
p2051
I65
sS'influence'
p2052
I64
sS'single'
p2053
I64
sS'warning'
p2054
I65
sS'chat'
p2055
I65
sS'curl'
p2056
I65
sS'yerrrretarded'
p2057
I65
sS'insomniac'
p2058
I65
sS'creeper'
p2059
I65
sS'nah'
p2060
I64
sS'peace'
p2061
I64
sS'kills'
p2062
I65
sS'injured..."'
p2063
I65
sS'nick'
p2064
I65
sS'nap'
p2065
I65
sS'points'
p2066
I65
sS'nice'
p2067
I65
sS'ohiocase'
p2068
I65
sS'draw'
p2069
I65
sS"peter's"
p2070
I65
sS'cheesy'
p2071
I65
sS'[his]'
p2072
I65
sS'favourite'
p2073
I65
sS'problems'
p2074
I64
sS'helping'
p2075
I65
sS'insect'
p2076
I65
sS'fertilizer'
p2077
I65
sS'move...we'
p2078
I65
sS'ago'
p2079
I65
sS'remix'
p2080
I62
sS'texted'
p2081
I64
sS'tit"'
p2082
I65
sS'that?(:\xe2\x80\x9d'
p2083
I65
sS'teams'
p2084
I65
sS'orbit'
p2085
I65
sS'cooked'
p2086
I65
sS'hella'
p2087
I65
sS'far'
p2088
I64
sS"she's"
p2089
I64
sS'underrated'
p2090
I65
sS'convert'
p2091
I65
sS'hello'
p2092
I63
sS'once'
p2093
I62
sS'cheetos'
p2094
I65
sS'edc'
p2095
I64
sS'edm'
p2096
I62
sS'steve'
p2097
I64
sS'penis'
p2098
I65
sS'gang'
p2099
I65
sS'go'
p2100
I39
sS'amplified'
p2101
I65
sS'tweeted'
p2102
I65
sS'simon'
p2103
I65
sS'baseball'
p2104
I65
sS'comeeeeee'
p2105
I65
sS'peanut'
p2106
I65
sS'young'
p2107
I65
sS'send'
p2108
I65
sS'helps'
p2109
I65
sS'(not'
p2110
I65
sS'charity'
p2111
I65
sS'sent'
p2112
I64
sS'overlaps'
p2113
I65
sS'outside'
p2114
I64
sS'dessert'
p2115
I65
sS'g$'
p2116
I65
sS'"are'
p2117
I64
sS'telling'
p2118
I65
sS'drinking'
p2119
I64
sS'insanlar'
p2120
I65
sS'entire'
p2121
I63
sS'magic'
p2122
I64
sS'respectful'
p2123
I65
sS'meant'
p2124
I62
sS'marry'
p2125
I62
sS'eve'
p2126
I64
sS'ryan'
p2127
I65
sS'help)'
p2128
I65
sS'try'
p2129
I64
sS'threat'
p2130
I65
sS'radio'
p2131
I64
sS'tru'
p2132
I64
sS'athlete'
p2133
I65
sS'someday'
p2134
I65
sS'boots'
p2135
I64
sS'jump'
p2136
I64
sS'video'
p2137
I65
sS'miley'
p2138
I65
sS'graduating'
p2139
I65
sS'plays'
p2140
I65
sS'rate'
p2141
I65
sS'giving'
p2142
I63
sS'waiting'
p2143
I63
sS'unreal'
p2144
I65
sS'"taking'
p2145
I65
sS'twinz'
p2146
I65
sS'body'
p2147
I63
sS'leg'
p2148
I65
sS'bergeron'
p2149
I65
sS'underwood'
p2150
I65
sS'believed'
p2151
I65
sS'let'
p2152
I54
sS'others'
p2153
I65
sS'sing'
p2154
I64
sS'leggings'
p2155
I65
sS'great'
p2156
I60
sS'talent'
p2157
I64
sS'30'
p2158
I64
sS'host'
p2159
I65
sS'resulting'
p2160
I65
sS"weren't"
p2161
I64
sS'opinion'
p2162
I64
sS'makes'
p2163
I62
sS'honor'
p2164
I64
sS'employe'
p2165
I65
sS'shovel'
p2166
I65
sS'blizzard'
p2167
I65
sS'nearest'
p2168
I65
sS'egypt'
p2169
I65
sS'win'
p2170
I62
sS'limp'
p2171
I65
sS'wit'
p2172
I65
sS'limo'
p2173
I64
sS'duck'
p2174
I65
sS'(me'
p2175
I65
sS'savanah'
p2176
I65
sS'singing'
p2177
I63
sS'cloud'
p2178
I65
sS'announced'
p2179
I65
sS'use'
p2180
I62
sS'hahahahaha'
p2181
I63
sS'from'
p2182
I43
sS'&'
p2183
I48
sS'illegal'
p2184
I64
sS'theme'
p2185
I64
sS'next'
p2186
I54
sS'few'
p2187
I64
sS'doubt'
p2188
I65
sS'save'
p2189
I65
sS'panel'
p2190
I65
sS'historically'
p2191
I65
sS'touched'
p2192
I65
sS'clever'
p2193
I65
sS'babe'
p2194
I65
sS'upcoming'
p2195
I65
sS'started'
p2196
I64
sS'becomes'
p2197
I65
sS'freedom'
p2198
I65
sS'about'
p2199
I41
sS'funny.\xe2\x80\x9d'
p2200
I65
sS'sore'
p2201
I62
sS'"bruins'
p2202
I65
sS'train'
p2203
I65
sS'ashamed'
p2204
I64
sS'"quilts'
p2205
I65
sS'baby'
p2206
I63
sS'women'
p2207
I63
sS'annoy'
p2208
I65
sS'animals'
p2209
I65
sS'salad'
p2210
I65
sS'this'
p2211
I18
sS'ride'
p2212
I65
sS'yousoon'
p2213
I65
sS'perfff'
p2214
I65
sS'donut'
p2215
I64
sS'anywhere'
p2216
I65
sS'obvious'
p2217
I65
sS'island'
p2218
I65
sS'industrial'
p2219
I65
sS'meet'
p2220
I65
sS'didnt'
p2221
I63
sS'control'
p2222
I64
sS'hip'
p2223
I65
sS'rode'
p2224
I65
sS'*ding*'
p2225
I65
sS'high'
p2226
I59
sS'something'
p2227
I57
sS'hit'
p2228
I65
sS'tan'
p2229
I65
sS'lolololololololol'
p2230
I65
sS'rape'
p2231
I57
sS'sir'
p2232
I65
sS'sit'
p2233
I64
sS'stole'
p2234
I65
sS'six'
p2235
I65
sS'conciliation'
p2236
I65
sS'mugging'
p2237
I65
sS'sig'
p2238
I64
sS'gamma)'
p2239
I65
sS'instead'
p2240
I65
sS'intelligent'
p2241
I65
sS'gurl'
p2242
I64
sS'typewriter'
p2243
I65
sS'slappin'
p2244
I65
sS'watch'
p2245
I60
sS'philosophy'
p2246
I64
sS'unforgivable'
p2247
I65
sS'likaaa'
p2248
I65
sS'frat'
p2249
I64
sS'bluff'
p2250
I65
sS'hahahaha'
p2251
I64
sS'ucla."'
p2252
I65
sS'realized'
p2253
I63
sS'sry'
p2254
I65
sS'chasing'
p2255
I65
sS'22nd'
p2256
I65
sS'whistle'
p2257
I64
sS'light'
p2258
I63
sS'9am'
p2259
I65
sS'claire'
p2260
I65
sS'agenda'
p2261
I65
sS'fianc\xc3\xa9e'
p2262
I65
sS'procrastination'
p2263
I65
sS'producer'
p2264
I65
sS'move'
p2265
I63
sS'produced'
p2266
I65
sS"won't"
p2267
I62
sS'costume'
p2268
I65
sS'hii'
p2269
I65
sS'mentioned'
p2270
I64
sS'perfect'
p2271
I61
sS'hardwell'
p2272
I65
sS'la'
p2273
I63
sS'winning'
p2274
I63
sS'degrees'
p2275
I65
sS'choose'
p2276
I64
sS'ovechkin'
p2277
I65
sS'plant\xe2\x80\x9d'
p2278
I65
sS'2013'
p2279
I65
sS'forest'
p2280
I65
sS'dad'
p2281
I63
sS'material'
p2282
I64
sS'earn'
p2283
I65
sS'flew'
p2284
I65
sS'kiss'
p2285
I65
sS'hands'
p2286
I65
sS'front'
p2287
I64
sS'day'
p2288
I51
sS'masters'
p2289
I64
sS'identified'
p2290
I65
sS'slipping'
p2291
I65
sS'weather'
p2292
I65
sS'crossing'
p2293
I65
sS'shaking'
p2294
I65
sS'mija'
p2295
I65
sS'doing'
p2296
I65
sS'related'
p2297
I65
sS'society'
p2298
I65
sS'our'
p2299
I55
sS'special'
p2300
I64
sS'out'
p2301
I33
sS'(at'
p2302
I65
sS'announces'
p2303
I65
sS'defend'
p2304
I65
sS'bae'
p2305
I65
sS'stud'
p2306
I65
sS'lecture'
p2307
I64
sS'cause'
p2308
I61
sS'blasting'
p2309
I65
sS'red'
p2310
I65
sS'common'
p2311
I65
sS'afford'
p2312
I65
sS'she\xe2\x80\xa6'
p2313
I65
sS'shut'
p2314
I65
sS'fly*'
p2315
I65
sS'frank'
p2316
I65
sS'reacts'
p2317
I65
sS'watever'
p2318
I65
sS'clarify'
p2319
I65
sS'completely'
p2320
I64
sS'confirmations'
p2321
I65
sS'conflicts'
p2322
I65
sS'alchemists'
p2323
I65
sS'"can'
p2324
I65
sS'scary'
p2325
I65
sS'organic'
p2326
I65
sS'her'
p2327
I56
sS'snapchats'
p2328
I65
sS'transferable'
p2329
I65
sS'could'
p2330
I54
sS'ask'
p2331
I62
sS'keep'
p2332
I60
sS'conversation'
p2333
I65
sS'4th'
p2334
I65
sS'mlholser'
p2335
I65
sS'guyz'
p2336
I65
sS'[waco'
p2337
I65
sS'loooongest'
p2338
I65
sS'powerful'
p2339
I65
sS'echo'
p2340
I65
sS'-this'
p2341
I65
sS'bitch'
p2342
I63
sS'mah'
p2343
I65
sS'(real'
p2344
I65
sS'blows'
p2345
I65
sS'braces'
p2346
I65
sS"you're"
p2347
I40
sS'scenes"'
p2348
I65
sS'fuckery'
p2349
I65
sS'los'
p2350
I65
sS"coaches'"
p2351
I65
sS'their'
p2352
I58
sS'attack'
p2353
I65
sS'chaser'
p2354
I65
sS'messing'
p2355
I65
sS'final'
p2356
I65
sS'2-1'
p2357
I65
sS'stomach'
p2358
I65
sS'completed'
p2359
I65
sS'exactly'
p2360
I63
sS'but\xe2\x80\xa6'
p2361
I65
sS'bieber'
p2362
I65
sS'july'
p2363
I65
sS'neck'
p2364
I65
sS'loved'
p2365
I64
sS'ben'
p2366
I65
sS'warfare'
p2367
I65
sS'lion'
p2368
I65
sS'bed'
p2369
I60
sS'claim'
p2370
I65
sS'rollercoaster'
p2371
I65
sS'maybe'
p2372
I65
sS'negatively'
p2373
I65
sS'spurs'
p2374
I65
sS'lightly'
p2375
I65
sS'tonight'
p2376
I49
sS'have'
p2377
I24
sS'beasts\xe2\x80\xa6'
p2378
I65
sS'need'
p2379
I56
sS'apparently'
p2380
I63
sS'clearly'
p2381
I64
sS'screw'
p2382
I65
sS'congrats'
p2383
I64
sS'figureheads'
p2384
I65
sS'pill."'
p2385
I65
sS'able'
p2386
I62
sS'mid'
p2387
I65
sS'which'
p2388
I63
sS'='
p2389
I58
sS"lewis's"
p2390
I65
sS'sadece'
p2391
I65
sS'who'
p2392
I49
sS"where's"
p2393
I64
sS'kosuya'
p2394
I65
sS'bestfriends?)'
p2395
I65
sS'highschool'
p2396
I65
sS'gibi'
p2397
I65
sS'class'
p2398
I61
sS'mhhmm'
p2399
I65
sS'nobody'
p2400
I65
sS'visiting'
p2401
I65
sS'stronger'
p2402
I65
sS'off-season'
p2403
I65
sS'brought'
p2404
I65
sS'face'
p2405
I64
sS'looked'
p2406
I65
sS'future\xe2\x80\x9d'
p2407
I65
sS"you'll"
p2408
I63
sS'movie'
p2409
I65
sS'fact'
p2410
I62
sS'$$$'
p2411
I64
sS'text'
p2412
I64
sS'amurica'
p2413
I65
sS'bring'
p2414
I60
sS'fear'
p2415
I64
sS'velociraptor'
p2416
I65
sS'5pm'
p2417
I65
sS'true)'
p2418
I65
sS'('
p2419
I65
sS'winner'
p2420
I65
sS'hands."'
p2421
I65
sS'should'
p2422
I52
sS'*insert'
p2423
I65
sS'jam'
p2424
I64
sS'notes'
p2425
I65
sS'hope'
p2426
I59
sS'regularly'
p2427
I64
sS'workaholics'
p2428
I65
sS'handle'
p2429
I63
sS'listened'
p2430
I64
sS'means'
p2431
I64
sS'beat'
p2432
I64
sS'beau'
p2433
I64
sS'michigan'
p2434
I65
sS'tbh'
p2435
I65
sS'awww'
p2436
I65
sS'perfection'
p2437
I64
sS'words'
p2438
I65
sS'gray'
p2439
I65
sS'bestest'
p2440
I65
sS'hiring'
p2441
I65
sS'h'
p2442
I65
sS'rapper'
p2443
I63
sS'eyebrow'
p2444
I65
sS'calling'
p2445
I65
sS'stuff'
p2446
I62
sS'she'
p2447
I57
sS'ohio'
p2448
I62
sS'view'
p2449
I65
sS'knowing'
p2450
I65
sS'exists'
p2451
I65
sS'california***'
p2452
I65
sS'marshmallows'
p2453
I65
sS'computer'
p2454
I65
sS'packed'
p2455
I65
sS'danger'
p2456
I65
sS'dungeon'
p2457
I65
sS'wire'
p2458
I65
sS'unconscious'
p2459
I65
sS'luv'
p2460
I65
sS'leichter\xe2\x80\xa6'
p2461
I65
sS'genius'
p2462
I64
sS'state'
p2463
I65
sS'quickest'
p2464
I65
sS'theta'
p2465
I65
sS'email'
p2466
I65
sS'bought'
p2467
I63
sS'ability'
p2468
I65
sS'amen'
p2469
I63
sS'joy'
p2470
I65
sS'hypothesis'
p2471
I65
sS'key'
p2472
I65
sS'kev'
p2473
I65
sS'precious'
p2474
I65
sS'2pm'
p2475
I65
sS'legit'
p2476
I65
sS'limits'
p2477
I65
sS'career'
p2478
I65
sS'joke'
p2479
I61
sS'taking'
p2480
I63
sS'drug'
p2481
I64
sS'april'
p2482
I65
sS'zeki'
p2483
I65
sS'"description"'
p2484
I65
sS'hahahahahahhahahahahahahahahahhahahahahahhaha'
p2485
I65
sS'invites'
p2486
I65
sS'wall'
p2487
I65
sS'ca'
p2488
I65
sS'walk'
p2489
I64
sS'laugh'
p2490
I65
sS'cousin'
p2491
I65
sS'kings'
p2492
I65
sS'[pic]'
p2493
I65
sS'blink'
p2494
I65
sS"it's"
p2495
I34
sS'ravers'
p2496
I65
sS'"stud"'
p2497
I65
sS'liberals'
p2498
I65
sS'harbour'
p2499
I65
sS'preteens'
p2500
I65
sS'define'
p2501
I64
sS'brittneygriner'
p2502
I65
sS'verizon'
p2503
I65
sS'moved'
p2504
I65
sS'policy'
p2505
I65
sS'finished'
p2506
I65
sS'bull'
p2507
I65
sS'brunch'
p2508
I64
sS'fellow'
p2509
I65
sS'chivas'
p2510
I65
sS'laser'
p2511
I65
sS'align'
p2512
I65
sS'sacrifice'
p2513
I65
sS'harder'
p2514
I64
sS'hahahahahahah'
p2515
I65
sS'will'
p2516
I51
sS'hahaha'
p2517
I64
sS'ultra'
p2518
I65
sS'ridiculous/epic/best'
p2519
I65
sS'prepubescent'
p2520
I65
sS've'
p2521
I65
sS'almost'
p2522
I64
sS'walks'
p2523
I65
sS'"steve'
p2524
I65
sS'jelly'
p2525
I63
sS'still\xe2\x80\xa6'
p2526
I65
sS'vs'
p2527
I64
sS'wti'
p2528
I65
sS'superheroes'
p2529
I65
sS'tattoo'
p2530
I65
sS'newsroom'
p2531
I65
sS'amo'
p2532
I65
sS'eric'
p2533
I65
sS'member'
p2534
I65
sS'shuttle'
p2535
I65
sS'party'
p2536
I58
sS'phi'
p2537
I64
sS'ball'
p2538
I62
sS'lookin'
p2539
I65
sS'faces'
p2540
I65
sS'sooner'
p2541
I65
sS'student'
p2542
I65
sS'sunburn'
p2543
I65
sS'lickin'
p2544
I65
sS'off'
p2545
I58
sS'center'
p2546
I65
sS'warranted'
p2547
I65
sS'i'
p2548
I1
sS'approve'
p2549
I65
sS'incredible'
p2550
I65
sS'well'
p2551
I58
sS'thought'
p2552
I61
sS'oops'
p2553
I65
sS'english'
p2554
I65
sS'position'
p2555
I65
sS'raving'
p2556
I65
sS'stressed'
p2557
I65
sS'cried'
p2558
I64
sS'less'
p2559
I61
sS'"you"'
p2560
I65
sS'mistakes'
p2561
I65
sS'happiness'
p2562
I62
sS'web'
p2563
I65
sS'raver'
p2564
I65
sS'surreal'
p2565
I65
sS'drunk'
p2566
I62
sS'smith'
p2567
I65
sS'wen'
p2568
I65
sS'realize'
p2569
I63
sS'vidz'
p2570
I65
sS'racist"'
p2571
I65
sS'wet'
p2572
I64
sS'party?\xe2\x80\xa6'
p2573
I65
sS'-hadley'
p2574
I65
sS'kick'
p2575
I64
sS'depends'
p2576
I65
sS'checking'
p2577
I65
sS"who's"
p2578
I62
sS'crushed'
p2579
I64
sS"else.-prof's"
p2580
I65
sS'touch\xc3\xa9'
p2581
I65
sS'dryer'
p2582
I65
sS'know'
p2583
I40
sS'delta)'
p2584
I65
sS'nvm'
p2585
I65
sS'2nd'
p2586
I63
sS"who'd"
p2587
I65
sS'"your'
p2588
I65
sS'like'
p2589
I21
sS'success'
p2590
I64
sS'miami'
p2591
I65
sS'future'
p2592
I65
sS'gamma\xe2\x9a\x93\xef\xb8\x8f'
p2593
I65
sS'lose'
p2594
I62
sS'become'
p2595
I61
sS'"without'
p2596
I65
sS'italian'
p2597
I65
sS'amendment'
p2598
I65
sS'a-k'
p2599
I65
sS'because'
p2600
I52
sS'usa"'
p2601
I65
sS'twitter'
p2602
I61
sS'alive'
p2603
I64
sS'hair'
p2604
I63
sS'warmer'
p2605
I65
sS'choosing'
p2606
I65
sS'home'
p2607
I60
sS'happens'
p2608
I64
sS'"baseball'
p2609
I65
sS'lead'
p2610
I65
sS'literally'
p2611
I58
sS'avoid'
p2612
I64
sS'mines'
p2613
I65
sS'does'
p2614
I63
sS"'worst'"
p2615
I65
sS'reaching'
p2616
I62
sS'uptight'
p2617
I65
sS'ripper'
p2618
I65
sS'although'
p2619
I65
sS'pasta'
p2620
I65
sS'science'
p2621
I65
sS'sister'
p2622
I64
sS'justin'
p2623
I65
sS'getting'
p2624
I60
sS'"where'
p2625
I65
sS'location'
p2626
I65
sS'scott'
p2627
I64
sS'louisville'
p2628
I65
sS'angeles'
p2629
I60
sS'swear'
p2630
I63
sS'evil??either'
p2631
I65
sS'turtle'
p2632
I65
sS'own'
p2633
I62
sS'letters'
p2634
I65
sS'owe'
p2635
I65
sS'pro-baseball'
p2636
I65
sS'washington'
p2637
I65
sS'commitment'
p2638
I65
sS'guard'
p2639
I65
sS'weekends'
p2640
I65
sS'female'
p2641
I65
sS'cyrus'
p2642
I65
sS'significantly'
p2643
I65
sS'macroeconomics'
p2644
I65
sS'brownies'
p2645
I65
sS'adolescent'
p2646
I64
sS'housing'
p2647
I65
sS'bees'
p2648
I65
sS'var'
p2649
I65
sS'11.5'
p2650
I65
sS'buy'
p2651
I65
sS'kandi'
p2652
I64
sS"i've"
p2653
I51
sS'bus'
p2654
I65
sS'but'
p2655
I27
sS'seen...ugh'
p2656
I65
sS'delivery'
p2657
I64
sS'reminds'
p2658
I65
sS'hsm2'
p2659
I65
sS'hi'
p2660
I65
sS'bun'
p2661
I64
sS'ha'
p2662
I64
sS'he'
p2663
I49
sS'made'
p2664
I56
sS'wise'
p2665
I65
sS'hitter'
p2666
I65
sS'whether'
p2667
I65
sS'wish'
p2668
I55
sS'ambien'
p2669
I65
sS'problem'
p2670
I63
sS'piece'
p2671
I65
sS'minutes'
p2672
I63
sS'display'
p2673
I65
sS'chip'
p2674
I65
sS'irish'
p2675
I65
sS'2/3rds'
p2676
I65
sS'"limitations"'
p2677
I65
sS'reservations'
p2678
I65
sS'romney'
p2679
I65
sS'twist'
p2680
I65
sS'"so'
p2681
I65
sS'families'
p2682
I65
sS'shooting'
p2683
I65
sS'pit'
p2684
I65
sS'campus'
p2685
I64
sS'jesse'
p2686
I65
sS'commander-in-chief'
p2687
I65
sS'diego'
p2688
I64
sS'spell'
p2689
I65
sS'contest'
p2690
I65
sS'45'
p2691
I65
sS'treatment'
p2692
I65
sS'40'
p2693
I65
sS'deserved'
p2694
I65
sS'other'
p2695
I58
sS'84'
p2696
I65
sS'sick'
p2697
I62
sS'playhouse'
p2698
I64
sS'7/10'
p2699
I65
sS'ponytail'
p2700
I65
sS'nelson'
p2701
I65
sS'exclamation'
p2702
I65
sS'star'
p2703
I65
sS'monday'
p2704
I65
sS'june'
p2705
I65
sS'outlets'
p2706
I65
sS'stay'
p2707
I64
sS'wallow'
p2708
I65
sS'chance'
p2709
I62
sS'backstage'
p2710
I65
sS'kinda'
p2711
I63
sS'dorms/sorority'
p2712
I65
sS'friends'
p2713
I61
sS'goin'
p2714
I64
sS'stunt'
p2715
I65
sS'ta'
p2716
I65
sS'jokes."'
p2717
I65
sS'ornaments...like'
p2718
I65
sS'awake'
p2719
I65
sS'"the'
p2720
I65
s.