(dp0
S''
p1
I1
sS'ciao'
p2
I65
sS'\xd9\x85\xd9\x86\xd9\x87'
p3
I66
sS'four'
p4
I66
sS'pisti'
p5
I66
sS'sleep'
p6
I58
sS"friend's"
p7
I66
sS'consists'
p8
I66
sS'captain'
p9
I66
sS'hate'
p10
I54
sS'worked'
p11
I65
sS'consider'
p12
I66
sS'orthopaedics'
p13
I66
sS'aug'
p14
I65
sS'paris'
p15
I66
sS'tweet'
p16
I66
sS'\xe2\x98\xba\xef\xb8\x8f'
p17
I62
sS'coucou'
p18
I66
sS'under'
p19
I65
sS'aux'
p20
I62
sS'sorry'
p21
I61
sS'girrrl'
p22
I64
sS'worth'
p23
I61
sS'alternating'
p24
I66
sS'hahahah'
p25
I66
sS'tampons'
p26
I66
sS'vase'
p27
I66
sS'every'
p28
I64
sS'\xc3\xa9mouvant'
p29
I66
sS'confetti'
p30
I66
sS'voit'
p31
I66
sS'voir'
p32
I65
sS'tagging'
p33
I66
sS'veut'
p34
I66
sS'school'
p35
I65
sS'thunderstorms'
p36
I66
sS'prize'
p37
I66
sS'ouupss'
p38
I66
sS'fhe'
p39
I66
sS'cmd'
p40
I66
sS'wednesday'
p41
I64
sS'2310'
p42
I66
sS'powerful\xe2\x80\xa6'
p43
I66
sS'hoy'
p44
I66
sS'ups'
p45
I66
sS'fritter'
p46
I66
sS'jeff'
p47
I66
sS'specially'
p48
I66
sS'tired'
p49
I64
sS'chez'
p50
I64
sS'japanese'
p51
I66
sS'10e'
p52
I66
sS'chef'
p53
I64
sS'messy'
p54
I66
sS'second'
p55
I62
sS'street'
p56
I65
sS'currie'
p57
I66
sS'n'
p58
I64
sS'others)'
p59
I63
sS'even'
p60
I59
sS"tonight's"
p61
I65
sS'+'
p62
I64
sS'sait'
p63
I66
sS'haddaway'
p64
I66
sS'devotions'
p65
I66
sS'cotes'
p66
I66
sS'familles'
p67
I66
sS'kurumate'
p68
I66
sS'new'
p69
I51
sS'carpet'
p70
I66
sS'ever'
p71
I61
sS'disney'
p72
I66
sS'told'
p73
I62
sS'mamas'
p74
I66
sS'feetboxing'
p75
I66
sS'mec'
p76
I65
sS'never'
p77
I53
sS'(los'
p78
I43
sS'\xe2\x9d\xa4\xef\xb8\x8f'
p79
I64
sS'studio'
p80
I66
sS'mes'
p81
I66
sS'commentaires'
p82
I66
sS"aren't"
p83
I65
sS'maman'
p84
I66
sS'digits'
p85
I65
sS'19th'
p86
I66
sS'kids'
p87
I66
sS'indiquer'
p88
I66
sS'alchemist'
p89
I66
sS'changed'
p90
I66
sS'completely'
p91
I65
sS'tv'
p92
I66
sS"i'd"
p93
I63
sS'ako'
p94
I66
sS"chris'"
p95
I66
sS'military'
p96
I66
sS"i'm"
p97
I13
sS'reste'
p98
I66
sS'wiesenthal'
p99
I66
sS'j\xc3\xa4ger'
p100
I66
sS'feelings'
p101
I66
sS'bro'
p102
I66
sS'attente'
p103
I66
sS'insta'
p104
I65
sS'thursday'
p105
I66
sS'unis'
p106
I65
sS'9s'
p107
I66
sS'total'
p108
I65
sS'unit'
p109
I66
sS'30e'
p110
I66
sS'sarai'
p111
I66
sS'would'
p112
I55
sS'\xc3\x972\xe2\x80\x9d'
p113
I66
sS'uhhhhhhhh'
p114
I66
sS'3lw'
p115
I66
sS'silerio_art1wardrobe'
p116
I66
sS'tl'
p117
I65
sS'cali'
p118
I65
sS'music'
p119
I63
sS'survive'
p120
I66
sS'exciting.look'
p121
I66
sS'type'
p122
I66
sS'tell'
p123
I64
sS'afrojack'
p124
I66
sS"brooke's"
p125
I66
sS'haha'
p126
I62
sS'footballeur)\xe2\x80\x9d'
p127
I66
sS'it'
p128
I18
sS'phone'
p129
I62
sS'excellent'
p130
I66
sS'must'
p131
I64
sS'me'
p132
I12
sS'ii'
p133
I65
sS'symbology'
p134
I66
sS'ma'
p135
I64
sS'room'
p136
I65
sS'shame'
p137
I65
sS'pant'
p138
I66
sS'mo'
p139
I66
sS'work'
p140
I48
sS'dodo'
p141
I66
sS'worn'
p142
I66
sS'movies'
p143
I65
sS'\xd9\x8a\xd8\xa7'
p144
I65
sS'tnf'
p145
I66
sS'd\xc3\xa9bordement'
p146
I66
sS'my'
p147
I7
sS'could'
p148
I58
sS'vodka'
p149
I66
sS'wana'
p150
I66
sS'haha!\xe2\x80\x9d'
p151
I66
sS'estate'
p152
I64
sS'give'
p153
I63
sS'paparazzi'
p154
I66
sS'honey'
p155
I66
sS'\xd9\x83\xd8\xab\xd8\xb1\xd8\xa9'
p156
I66
sS'want'
p157
I54
sS'11.11.11'
p158
I66
sS'keep'
p159
I62
sS'absolute'
p160
I66
sS'sir__perry'
p161
I66
sS'angleterre'
p162
I66
sS'end'
p163
I64
sS'recovery'
p164
I66
sS'yaaaas'
p165
I66
sS'id'
p166
I66
sS'how'
p167
I45
sS'amazing'
p168
I57
sS'ig'
p169
I65
sS'hop'
p170
I66
sS'rookie'
p171
I66
sS'symposium'
p172
I64
sS'quoi'
p173
I65
sS'madeo'
p174
I66
sS'depasse'
p175
I66
sS"doesn't"
p176
I60
sS'tympanic'
p177
I66
sS'badly'
p178
I65
sS'bday'
p179
I61
sS'stefani'
p180
I66
sS'after'
p181
I56
sS'\xc3\xaatre'
p182
I66
sS'pimps'
p183
I66
sS'wrong'
p184
I66
sS'lesbian'
p185
I66
sS"d'avoir"
p186
I66
sS"grindin'"
p187
I66
sS'hillcrest\xe2\x80\xa6'
p188
I66
sS'castle'
p189
I66
sS'appreciate'
p190
I66
sS'lost'
p191
I66
sS'buzzr'
p192
I66
sS'green'
p193
I65
sS'ultimate'
p194
I66
sS'ho'
p195
I66
sS'keeps'
p196
I63
sS'plumbing'
p197
I66
sS'sont'
p198
I66
sS'tomorrow/demain/manana'
p199
I66
sS'bfmradio'
p200
I66
sS'wine'
p201
I66
sS'fifa'
p202
I66
sS'armoires'
p203
I66
sS'office'
p204
I66
sS'deck'
p205
I66
sS'over'
p206
I60
sS'fall'
p207
I64
sS'peut'
p208
I65
sS'malfunctioned'
p209
I66
sS'jacuzzi'
p210
I66
sS'london'
p211
I61
sS'shangri-la'
p212
I66
sS'japan'
p213
I66
sS'enfants'
p214
I66
sS'mayor'
p215
I65
sS'vite'
p216
I66
sS'before'
p217
I60
sS'scoring'
p218
I66
sS'&prayers'
p219
I66
sS'personal'
p220
I66
sS'screaming'
p221
I66
sS'venta'
p222
I66
sS'crew'
p223
I65
sS'better'
p224
I59
sS'ribery'
p225
I65
sS'production'
p226
I65
sS'jogasaki'
p227
I66
sS'rachid'
p228
I66
sS'imy'
p229
I66
sS'weeks'
p230
I66
sS'bornes'
p231
I66
sS'fin'
p232
I66
sS'mettre'
p233
I66
sS'then'
p234
I59
sS'them'
p235
I61
sS'shopbehindcloseddoors'
p236
I66
sS'westlake'
p237
I66
sS'workout'
p238
I55
sS'safe'
p239
I66
sS"we'll"
p240
I66
sS'band'
p241
I64
sS'promis'
p242
I66
sS'they'
p243
I45
sS'beaux'
p244
I66
sS'one'
p245
I51
sS'yesssss'
p246
I66
sS'bread'
p247
I65
sS'netherlands'
p248
I65
sS'list\xe2\x9c\x85blessings'
p249
I66
sS'upppppp'
p250
I66
sS'l'
p251
I66
sS'bunny'
p252
I66
sS'rocko'
p253
I66
sS'fitness'
p254
I52
sS'addicted'
p255
I66
sS'went'
p256
I64
sS'rosemary'
p257
I66
sS'meal'
p258
I66
sS'luck'
p259
I65
sS'signing'
p260
I66
sS'(sd'
p261
I66
sS'surnom'
p262
I65
sS'silva'
p263
I66
sS'dawg'
p264
I66
sS'gave'
p265
I66
sS'forgot'
p266
I63
sS'logo'
p267
I66
sS'whit'
p268
I66
sS'saturday'
p269
I63
sS'whip'
p270
I66
sS'rt'
p271
I64
sS'network'
p272
I66
sS'driving'
p273
I66
sS'god'
p274
I64
sS'tomorrow'
p275
I58
sS'millennium'
p276
I66
sS'ra'
p277
I66
sS'nite'
p278
I66
sS'got'
p279
I50
sS'washer'
p280
I66
sS'smd'
p281
I66
sS'asleep'
p282
I66
sS'waterfree'
p283
I66
sS"zedd's"
p284
I65
sS'fave'
p285
I65
sS'little'
p286
I60
sS'free'
p287
I61
sS'mourning'
p288
I66
sS'struggle'
p289
I65
sS'wanted'
p290
I66
sS'soundcloud'
p291
I66
sS'monkey'
p292
I66
sS'dammit'
p293
I66
sS'auditioned'
p294
I66
sS'recovering'
p295
I66
sS'soon!!\xe2\x80\xa6'
p296
I66
sS'days'
p297
I63
sS'go"'
p298
I66
sS'heck'
p299
I65
sS'arrived'
p300
I66
sS'unappreciative'
p301
I66
sS'(at'
p302
I50
sS'fuckin'
p303
I66
sS'longue'
p304
I66
sS'already'
p305
I63
sS'kim'
p306
I66
sS'veggie'
p307
I66
sS'hearing'
p308
I65
sS'wash'
p309
I66
sS'featured'
p310
I66
sS'kfc'
p311
I66
sS'another'
p312
I63
sS'comin'
p313
I66
sS'combinent'
p314
I66
sS'difficulty'
p315
I66
sS'stimulation'
p316
I66
sS'rated'
p317
I66
sS'girly'
p318
I66
sS'top'
p319
I66
sS'\xc3\xa0'
p320
I63
sS'girls'
p321
I66
sS'twisted'
p322
I66
sS'needed'
p323
I66
sS'toi'
p324
I59
sS'ton'
p325
I64
sS'too'
p326
I44
sS'tom'
p327
I64
sS'rockin'
p328
I66
sS'draft'
p329
I66
sS'hollywood'
p330
I64
sS'john'
p331
I66
sS'dogs'
p332
I66
sS'kiwi'
p333
I66
sS'tooo'
p334
I66
sS'gym'
p335
I46
sS'\xd8\xa7\xd9\x84\xd8\xae\xd9\x84\xd8\xaf'
p336
I66
sS'took'
p337
I64
sS'wisdom'
p338
I66
sS'\xee\x80\x8e'
p339
I66
sS'\xd9\x87\xd8\xb0\xd8\xa7'
p340
I66
sS'perfectly'
p341
I66
sS'roxbury'
p342
I66
sS'showed'
p343
I66
sS'nominate'
p344
I66
sS'rolex'
p345
I66
sS"creatures'"
p346
I66
sS'trey'
p347
I66
sS'merci'
p348
I64
sS'classes'
p349
I65
sS'expo'
p350
I66
sS'friend'
p351
I62
sS'iron'
p352
I66
sS'tres'
p353
I65
sS'feeling'
p354
I65
sS'minus'
p355
I66
sS'fashion'
p356
I66
sS'ran'
p357
I66
sS'boston'
p358
I66
sS'mind'
p359
I61
sS'mine'
p360
I66
sS'ginger'
p361
I66
sS'lol\xe2\x80\xa6'
p362
I66
sS'talking'
p363
I63
sS'd\xc3\xa9pass\xc3\xa9'
p364
I66
sS'rap'
p365
I66
sS'seen'
p366
I65
sS'seem'
p367
I64
sS'mins'
p368
I65
sS'seek'
p369
I66
sS'ray'
p370
I66
sS'nipples'
p371
I66
sS'strength'
p372
I65
sS'destitute'
p373
I66
sS'alors'
p374
I66
sS'-'
p375
I46
sS"'vagina"
p376
I66
sS'chest'
p377
I66
sS'affaire'
p378
I66
sS'panties'
p379
I66
sS"girl's"
p380
I66
sS'exactly'
p381
I66
sS'(che)'
p382
I66
sS'though'
p383
I64
sS'retourner'
p384
I66
sS'dnt'
p385
I66
sS'doit'
p386
I66
sS'audition'
p387
I65
sS'involving'
p388
I66
sS'mouth'
p389
I64
sS'glow'
p390
I65
sS'doi'
p391
I66
sS'\xe2\x9c\xa8\xe2\x9c\xa8\xe2\x9c\xa8'
p392
I66
sS'grove'
p393
I66
sS'doc'
p394
I66
sS'"johns'
p395
I66
sS'camp'
p396
I66
sS'flow'
p397
I65
sS'dog'
p398
I65
sS'musical'
p399
I66
sS'definitely'
p400
I65
sS'aunt'
p401
I66
sS'scream'
p402
I66
sS'reserve'
p403
I66
sS'guilted'
p404
I66
sS'bomb'
p405
I65
sS'int\xc3\xa9resse'
p406
I66
sS'tulongan'
p407
I66
sS'random'
p408
I66
sS'ending'
p409
I66
sS'spreadi'
p410
I66
sS'radio'
p411
I66
sS'everymonth'
p412
I66
sS'enjoyed'
p413
I66
sS'd1'
p414
I66
sS'busy'
p415
I66
sS'btw'
p416
I66
sS'quaint'
p417
I66
sS'weekends'
p418
I66
sS'lol...btw'
p419
I66
sS'theme'
p420
I66
sS'screening'
p421
I63
sS'folks'
p422
I66
sS'afrojet'
p423
I66
sS'rice'
p424
I66
sS"3's"
p425
I66
sS'progresse'
p426
I66
sS'wearing'
p427
I66
sS'do'
p428
I45
sS'dm'
p429
I66
sS'dj'
p430
I65
sS'shhhhh'
p431
I66
sS'sleepy'
p432
I66
sS'de'
p433
I36
sS'watch'
p434
I62
sS'coast'
p435
I65
sS'cment'
p436
I66
sS'wedding'
p437
I66
sS'happiest'
p438
I65
sS'du'
p439
I64
sS'ds'
p440
I65
sS'???\xe2\x80\x9d'
p441
I66
sS'tomy'
p442
I66
sS'\xd8\xaa\xd8\xad\xd9\x83\xd9\x85\xd9\x86\xd8\xa7'
p443
I66
sS'bar'
p444
I66
sS'boulot'
p445
I66
sS'quotes'
p446
I66
sS'furent'
p447
I66
sS'him"'
p448
I66
sS'ahhhhhhh'
p449
I66
sS'twice'
p450
I66
sS'bad'
p451
I64
sS'bae'
p452
I64
sS'\xe2\x9c\x88\xef\xb8\x8f'
p453
I66
sS'men)'
p454
I66
sS'shots'
p455
I62
sS'steak'
p456
I66
sS'steam'
p457
I66
sS'bah'
p458
I66
sS'ears'
p459
I66
sS'fait'
p460
I64
sS'it.only'
p461
I66
sS'reference'
p462
I66
sS'habit'
p463
I66
sS'w/'
p464
I53
sS'booths'
p465
I66
sS'lemonade'
p466
I66
sS'!!!\xe2\x80\x9d'
p467
I65
sS'result'
p468
I66
sS'motivated'
p469
I66
sS'hammer'
p470
I66
sS'bleh'
p471
I66
sS'best'
p472
I53
sS'brazil'
p473
I65
sS'said'
p474
I56
sS'glass'
p475
I66
sS'lots'
p476
I65
sS'panerai'
p477
I66
sS'away'
p478
I60
sS't-mobile'
p479
I66
sS'r&b'
p480
I66
sS'bien'
p481
I60
sS"there's"
p482
I63
sS'eeeeeeep'
p483
I66
sS'"on'
p484
I66
sS'simplest'
p485
I66
sS'conductive'
p486
I66
sS'tolerance'
p487
I54
sS'introduire'
p488
I66
sS'we'
p489
I40
sS'men'
p490
I65
sS'omg'
p491
I35
sS'maximums'
p492
I66
sS'class\xc3\xa9et'
p493
I66
sS'sera'
p494
I65
sS'\xd9\x88\xd8\xa7\xd9\x88\xd9\x85\xd9\x8a'
p495
I66
sS'boss'
p496
I65
sS'aaliyah'
p497
I66
sS'\xd9\x88\xd9\x84\xd8\xaf\xd9\x89'
p498
I66
sS'cut'
p499
I66
sS'here'
p500
I56
sS'wtf'
p501
I63
sS'dedication'
p502
I66
sS'cousin'
p503
I65
sS'picking'
p504
I65
sS'surprised?\xe2\x80\x9d'
p505
I66
sS'do!"'
p506
I66
sS'stupeur'
p507
I66
sS'toptweet'
p508
I66
sS'met'
p509
I65
sS'bachelorette'
p510
I65
sS'fault'
p511
I65
sS'ill'
p512
I66
sS'coz'
p513
I59
sS'malgre'
p514
I66
sS'\xd8\xa7\xd9\x84\xd9\x84\xd9\x87\xd9\x85'
p515
I66
sS'players'
p516
I66
sS'games'
p517
I66
sS'ils'
p518
I66
sS'lookin'
p519
I66
sS'faces'
p520
I66
sS'uni'
p521
I66
sS'escapade'
p522
I66
sS'ily'
p523
I64
sS'tough'
p524
I66
sS'demain'
p525
I65
sS'told\xe2\x80\xa6'
p526
I66
sS'\xd8\xad\xd8\xa8\xd8\xa7\xd9\x8a\xd8\xa8\xd9\x87\xd9\x85'
p527
I66
sS'naku'
p528
I66
sS'happenin'
p529
I64
sS'vais'
p530
I65
sS'levante'
p531
I64
sS'rusty'
p532
I66
sS'stellasimona'
p533
I66
sS'101'
p534
I66
sS'beef'
p535
I65
sS'sororities'
p536
I66
sS'chels'
p537
I66
sS'three'
p538
I66
sS'been'
p539
I55
sS'tragedy'
p540
I66
sS'commission'
p541
I66
sS'beer'
p542
I65
sS'much'
p543
I53
sS'stadium'
p544
I65
sS'apps....\xe2\x80\x9d'
p545
I66
sS'penses'
p546
I66
sS'bosssss'
p547
I66
sS'ann'
p548
I66
sS'studs'
p549
I66
sS'life'
p550
I51
sS'meilleurs'
p551
I66
sS'spit'
p552
I66
sS"slaying.that's"
p553
I66
sS'sunshine'
p554
I65
sS'sooooo'
p555
I66
sS'filmmaker'
p556
I66
sS'lift'
p557
I66
sS'puedes'
p558
I66
sS'catch'
p559
I66
sS'chili'
p560
I66
sS'beverlywood'
p561
I66
sS'\xc3\xa9tats'
p562
I65
sS'$2000'
p563
I66
sS'\xd9\x81\xd9\x84\xd8\xb3\xd8\xb7\xd9\x8a\xd9\x86'
p564
I66
sS'gracias'
p565
I66
sS'|\xe2\x80\xa6'
p566
I66
sS'apprehension'
p567
I66
sS'asegura'
p568
I66
sS'jhesite'
p569
I66
sS'\xd9\xa6\xd9\xa5\xd9\x83\xd8\xac\xd9\x85'
p570
I66
sS'near'
p571
I66
sS'cracked'
p572
I66
sS'voice'
p573
I66
sS'tolerance)'
p574
I66
sS'played'
p575
I65
sS'eeeep'
p576
I66
sS'is'
p577
I9
sS'sushi'
p578
I65
sS'iu'
p579
I65
sS'"i'
p580
I64
sS'gianna'
p581
I66
sS'1ere'
p582
I66
sS'cant'
p583
I64
sS'im'
p584
I56
sS'il'
p585
I59
sS'in'
p586
I8
sS'\xd8\xa3\xd9\x87\xd8\xaf\xd9\x8a'
p587
I66
sS'gaming'
p588
I66
sS'chiffres'
p589
I66
sS'top"'
p590
I66
sS'lmfaoooooooooo'
p591
I66
sS'if'
p592
I35
sS'candiesssss'
p593
I66
sS'thingy'
p594
I66
sS'quand'
p595
I63
sS'nike'
p596
I66
sS'things'
p597
I62
sS'make'
p598
I60
sS'it.that'
p599
I66
sS'bella'
p600
I66
sS'caffe'
p601
I66
sS'hahah'
p602
I65
sS'\xd9\x83\xd9\x84\xd9\x85\xd8\xa7\xd8\xaa\xd9\x87\xd9\x85'
p603
I66
sS'several'
p604
I66
sS'undrafted'
p605
I66
sS'grows'
p606
I65
sS'wheel'
p607
I66
sS'sittin'
p608
I66
sS'smoke'
p609
I66
sS'sings'
p610
I66
sS'hang'
p611
I65
sS'voilaaa'
p612
I66
sS'triste'
p613
I66
sS'meghan_bowman'
p614
I66
sS'garlic'
p615
I66
sS'(mac>pc)\xe2\x80\x9d'
p616
I66
sS'characters'
p617
I66
sS'jealous'
p618
I66
sS'overs'
p619
I65
sS'aka'
p620
I66
sS'thoughts'
p621
I65
sS'kid'
p622
I66
sS'scotland'
p623
I66
sS'thx'
p624
I66
sS"epl's"
p625
I66
sS'youre'
p626
I65
sS'kyle'
p627
I66
sS'80%'
p628
I66
sS'tho'
p629
I59
sS'client'
p630
I66
sS'pandora'
p631
I66
sS'mother'
p632
I66
sS'the'
p633
I2
sS'cure'
p634
I66
sS'yours'
p635
I66
sS'left'
p636
I65
sS'-xo-xo-xo-model'
p637
I66
sS'birth'
p638
I66
sS'just'
p639
I23
sS'wasteful'
p640
I66
sS'photo'
p641
I59
sS'unfollow'
p642
I66
sS'yee'
p643
I66
sS'gravity'
p644
I66
sS'disguise'
p645
I66
sS'thanks'
p646
I60
sS'human'
p647
I65
sS'yes'
p648
I56
sS'\xd8\xb3\xd9\x84\xd8\xa8\xd9\x8a\xd8\xa7\xd8\xaa\xd9\x87\xd8\xa7'
p649
I66
sS'tattooed'
p650
I66
sS'yet'
p651
I62
sS'impending'
p652
I66
sS'jose'
p653
I66
sS'buyers'
p654
I66
sS'hills'
p655
I35
sS'burnt'
p656
I66
sS'had'
p657
I60
sS'salamat'
p658
I66
sS'jules'
p659
I66
sS'hay'
p660
I66
sS'easy'
p661
I65
sS'prison'
p662
I66
sS'enfin'
p663
I66
sS'east'
p664
I65
sS'hat'
p665
I66
sS'capriun'
p666
I66
sS'nalang'
p667
I66
sS'hour\xe2\x80\xa6'
p668
I63
sS'retweet\xc3\xa9'
p669
I66
sS'ope'
p670
I66
sS'boxer'
p671
I66
sS'photobooth'
p672
I66
sS'judge'
p673
I65
sS'grenoble'
p674
I66
sS'shoulder'
p675
I66
sS'county'
p676
I66
sS'gift'
p677
I66
sS'blunt'
p678
I66
sS'performing'
p679
I66
sS'50'
p680
I66
sS'xbox'
p681
I66
sS'avatar'
p682
I65
sS'night'
p683
I52
sS'djibril'
p684
I66
sS'right'
p685
I53
sS'old'
p686
I59
sS'deal'
p687
I65
sS'people'
p688
I40
sS'conseillerais'
p689
I66
sS'successfully'
p690
I66
sS'dead'
p691
I66
sS'empties'
p692
I66
sS'0-100'
p693
I66
sS'usher'
p694
I66
sS'\xd8\xb5\xd9\x88\xd8\xb1\xd8\xaa\xd9\x8a\xd9\x86'
p695
I66
sS'escape'
p696
I66
sS'artags'
p697
I66
sS'finna'
p698
I66
sS'ick'
p699
I66
sS'congratulate'
p700
I66
sS'ici'
p701
I66
sS'txt'
p702
I64
sS'for'
p703
I14
sS'purple'
p704
I65
sS'maids'
p705
I66
sS'fox'
p706
I66
sS'everything'
p707
I63
sS'asking'
p708
I66
sS'bra'
p709
I66
sS'attack"'
p710
I66
sS'christmas'
p711
I66
sS'drink'
p712
I66
sS'core'
p713
I66
sS'pls'
p714
I59
sS'club)'
p715
I57
sS'preguntarle'
p716
I66
sS'burn'
p717
I66
sS'plz'
p718
I64
sS'disappeared'
p719
I66
sS'bangus'
p720
I66
sS'grindin'
p721
I66
sS'newcomer'
p722
I66
sS'post'
p723
I63
sS'super'
p724
I62
sS'cctm...last'
p725
I66
sS'$70'
p726
I66
sS'filipino'
p727
I66
sS'luau'
p728
I66
sS'dollars'
p729
I66
sS'months'
p730
I65
sS'o'
p731
I66
sS'shat'
p732
I66
sS'dinner'
p733
I66
sS"qu'arsenal"
p734
I66
sS'plus'
p735
I65
sS'plur'
p736
I66
sS'commit'
p737
I66
sS'definition'
p738
I66
sS"l'eau"
p739
I66
sS'duke'
p740
I66
sS'p\xc3\xa9riode'
p741
I66
sS'whats'
p742
I66
sS'selfie'
p743
I63
sS'soo'
p744
I64
sS'two'
p745
I64
sS'down'
p746
I62
sS'thankful'
p747
I66
sS"joe's"
p748
I66
sS'nowwww'
p749
I66
sS'america'
p750
I66
sS'crowd'
p751
I66
sS'bayou'
p752
I64
sS'avait'
p753
I66
sS'support'
p754
I66
sS"c'est"
p755
I64
sS'fight'
p756
I65
sS'absolutely'
p757
I65
sS'way'
p758
I59
sS'call'
p759
I63
sS'was'
p760
I31
sS'happy'
p761
I47
sS'\xd9\x83\xd9\x84'
p762
I66
sS'batman'
p763
I66
sS'becoming'
p764
I66
sS'fireworks'
p765
I66
sS'taff?6h'
p766
I66
sS'heat'
p767
I66
sS'\xd9\x88\xd8\xaa\xd9\x85\xd9\x84\xd8\xa3\xd9\x87\xd9\x85'
p768
I66
sS'hear'
p769
I65
sS'?\xe2\x80\x9d'
p770
I66
sS'am\xc3\xa9ricaine'
p771
I66
sS'true'
p772
I64
sS'bayronon'
p773
I66
sS'comprehending'
p774
I66
sS'congratulations'
p775
I66
sS'ha!ha'
p776
I66
sS"j'espere"
p777
I66
sS'inside'
p778
I65
sS'lips'
p779
I66
sS'until'
p780
I66
sS'patriots\xe2\x80\x9d'
p781
I66
sS'centipede'
p782
I66
sS'alineaci\xc3\xb3n'
p783
I66
sS'besitoooos'
p784
I66
sS'emotional'
p785
I65
sS'broncos!\xe2\x80\x9d'
p786
I66
sS'adopt'
p787
I66
sS'moore'
p788
I66
sS'classic'
p789
I66
sS'petit'
p790
I65
sS'drive'
p791
I66
sS'request'
p792
I66
sS'awhile'
p793
I66
sS'annoying'
p794
I66
sS'trip'
p795
I64
sS'shit'
p796
I64
sS'ni'
p797
I65
sS'vista'
p798
I63
sS'jamais'
p799
I66
sS'tix'
p800
I65
sS'faithful'
p801
I66
sS'dying'
p802
I64
sS'no'
p803
I42
sS'na'
p804
I66
sS'when'
p805
I38
sS'ne'
p806
I64
sS'actor'
p807
I66
sS'reality'
p808
I64
sS'ny'
p809
I65
sS'interested'
p810
I66
sS'smell'
p811
I66
sS'\xc2\xa3200'
p812
I66
sS'picture'
p813
I62
sS"'s"
p814
I65
sS'brothers'
p815
I66
sS'play!\xe2\x80\x9d'
p816
I66
sS'fou'
p817
I66
sS'surprise'
p818
I66
sS'football'
p819
I65
sS'dieu'
p820
I66
sS"let's"
p821
I63
sS'journey'
p822
I66
sS'15h'
p823
I66
sS'detox'
p824
I66
sS'weekend'
p825
I48
sS'died'
p826
I66
sS'nxt'
p827
I66
sS'of.time'
p828
I66
sS'faster'
p829
I65
sS'pouce'
p830
I66
sS'profite'
p831
I66
sS'together'
p832
I65
sS'jacket'
p833
I66
sS'durako'
p834
I66
sS'time'
p835
I37
sS'serious'
p836
I66
sS'decision'
p837
I66
sS'hiit'
p838
I66
sS'basically'
p839
I66
sS'equalizer'
p840
I66
sS'coach'
p841
I66
sS':('
p842
I59
sS':)'
p843
I58
sS'kanout\xc3\xa9'
p844
I66
sS'whoever'
p845
I66
sS'dance'
p846
I64
sS'puis'
p847
I66
sS'relieve'
p848
I66
sS'focus'
p849
I66
sS'mild'
p850
I65
sS'mile'
p851
I66
sS'mila'
p852
I66
sS'wynn'
p853
I66
sS'anticipation'
p854
I66
sS"nanny's"
p855
I66
sS'obsessively'
p856
I66
sS'\xd9\x85\xd8\xb5\xd8\xaf\xd9\x8a\xd8\xa9'
p857
I66
sS'thighs'
p858
I66
sS'answered'
p859
I66
sS'finally'
p860
I62
sS'unpleasant'
p861
I66
sS'nice!\xe2\x80\x9d'
p862
I66
sS'"follow"'
p863
I66
sS"l'americain"
p864
I66
sS'shoot'
p865
I62
sS'battre'
p866
I66
sS'fini...\xe2\x80\x9d'
p867
I66
sS':d'
p868
I65
sS'\xc3\x89tats-unis'
p869
I66
sS'iggy'
p870
I66
sS'dez'
p871
I66
sS'congratulating'
p872
I66
sS'llegaste'
p873
I66
sS'vegas'
p874
I57
sS':x'
p875
I66
sS'blast'
p876
I66
sS':p'
p877
I66
sS'minute'
p878
I66
sS'cool'
p879
I55
sS'chevenement'
p880
I65
sS'biceps'
p881
I66
sS'mahi'
p882
I64
sS'cunningham'
p883
I66
sS'aginod'
p884
I66
sS'level'
p885
I66
sS'did'
p886
I58
sS'die'
p887
I66
sS'philippines'
p888
I65
sS'-ha'
p889
I66
sS'hawaii'
p890
I66
sS'turnt'
p891
I66
sS'leave'
p892
I63
sS'soooo'
p893
I64
sS'team'
p894
I64
sS'quick'
p895
I65
sS'guy'
p896
I66
sS'pass\xc3\xa9\xe2\x80\x9d'
p897
I66
sS'retweeted'
p898
I66
sS'dis'
p899
I65
sS'olympic'
p900
I66
sS'cardio!!if'
p901
I66
sS'angeles)'
p902
I66
sS'\xee\x90\x84'
p903
I64
sS'sign'
p904
I66
sS'cost'
p905
I66
sS'roof'
p906
I66
sS'\xd8\xae\xd9\x8a\xd8\xb1'
p907
I66
sS'chicken'
p908
I66
sS'drinks'
p909
I66
sS'rapist'
p910
I66
sS'swiss'
p911
I66
sS'goes'
p912
I64
sS'gee\xe2\x9d\xa4\xef\xb8\x8f'
p913
I66
sS'international'
p914
I66
sS'oaks'
p915
I66
sS'withdrawls'
p916
I66
sS'filled'
p917
I66
sS'\xc3\x87a'
p918
I66
sS'person!\xe2\x80\x9d'
p919
I66
sS'makeup'
p920
I64
sS'french'
p921
I65
sS'water'
p922
I66
sS'alone'
p923
I64
sS'attaquant'
p924
I66
sS'change'
p925
I64
sS'wait'
p926
I59
sS'box'
p927
I64
sS'boy'
p928
I66
sS'yessss'
p929
I66
sS'finisher'
p930
I66
sS'ps-not'
p931
I66
sS'wherever'
p932
I65
sS'\xc3\xa9mission\xe2\x80\x9d'
p933
I66
sS'proud'
p934
I66
sS"o'la"
p935
I66
sS'diagnosed'
p936
I66
sS'bon'
p937
I66
sS'boo'
p938
I66
sS'usually'
p939
I66
sS'weird'
p940
I66
sS'massage'
p941
I66
sS'genuinely'
p942
I66
sS'shari'
p943
I66
sS"j'imagine"
p944
I66
sS'moije'
p945
I66
sS'love'
p946
I27
sS'br'
p947
I66
sS'\xd8\xa5\xd9\x84\xd9\x89'
p948
I66
sS'24\xe2\x80\xa6'
p949
I66
sS'pas\xe2\x80\x9d'
p950
I66
sS'clancy'
p951
I66
sS'flexibility'
p952
I66
sS'interessant'
p953
I66
sS'\xd8\xaf\xd8\xb9\xd8\xa7\xd9\x8a\xd8\xa9'
p954
I66
sS'everybody'
p955
I65
sS'perf'
p956
I66
sS'working'
p957
I62
sS'sake'
p958
I66
sS'positive'
p959
I66
sS'hopefully'
p960
I66
sS'dude'
p961
I62
sS'tears'
p962
I66
sS'by'
p963
I45
sS'live'
p964
I62
sS'ahhh'
p965
I64
sS'australian'
p966
I66
sS'thru'
p967
I66
sS'angels'
p968
I65
sS'today'
p969
I46
sS'loving'
p970
I65
sS'vous'
p971
I64
sS'club'
p972
I48
sS'finis'
p973
I66
sS'mgmgrand'
p974
I66
sS'downtown'
p975
I66
sS'appel'
p976
I65
sS'everywhere'
p977
I66
sS'have\xe2\x80\xa6'
p978
I66
sS'olive'
p979
I66
sS'!(si'
p980
I66
sS'effort'
p981
I65
sS'fly'
p982
I62
sS'kon\xc3\xa9'
p983
I66
sS'anything'
p984
I65
sS'tokyo'
p985
I66
sS'car'
p986
I61
sS'flu'
p987
I66
sS'soul'
p988
I65
sS'cat'
p989
I65
sS'can'
p990
I34
sS'cal'
p991
I66
sS'growing'
p992
I65
sS'making'
p993
I65
sS'arrive'
p994
I65
sS'witzend'
p995
I66
sS'heart'
p996
I63
sS'crazy'
p997
I61
sS':d\xe2\x80\x9d'
p998
I65
sS'fucc'
p999
I66
sS'frogs'
p1000
I66
sS'pourrais'
p1001
I65
sS'awesome'
p1002
I63
sS'nemo'
p1003
I66
sS"didn't"
p1004
I60
sS'fuck'
p1005
I62
sS'heard'
p1006
I65
sS'allowed'
p1007
I65
sS'fiche'
p1008
I66
sS'clair'
p1009
I66
sS'pink'
p1010
I66
sS'arbor'
p1011
I66
sS'soleil'
p1012
I66
sS'dress'
p1013
I66
sS's1'
p1014
I66
sS'watching'
p1015
I63
sS'1'
p1016
I61
sS'till'
p1017
I64
sS'sunday'
p1018
I64
sS'pure'
p1019
I66
sS'elephant'
p1020
I66
sS'\xe2\x9d\xa4\xef\xb8\x8f\xe2\x9d\xa4\xef\xb8\x8f\xe2\x9d\xa4\xef\xb8\x8f'
p1021
I66
sS'young?what'
p1022
I66
sS'hihi'
p1023
I66
sS't-shirts'
p1024
I66
sS'afternoon'
p1025
I66
sS'product'
p1026
I66
sS'mar'
p1027
I63
sS'cocktail'
p1028
I66
sS'live-tweeting'
p1029
I66
sS'may'
p1030
I63
sS'max'
p1031
I66
sS'(parlant'
p1032
I66
sS'arretes'
p1033
I65
sS'membership'
p1034
I65
sS'birthday'
p1035
I57
sS'sinon'
p1036
I66
sS'mad'
p1037
I65
sS'such'
p1038
I62
sS'truly'
p1039
I66
sS'guys'
p1040
I55
sS'grow'
p1041
I65
sS'leve'
p1042
I66
sS'man'
p1043
I53
sS'vomited'
p1044
I66
sS'stress'
p1045
I65
sS'remember'
p1046
I62
sS'mayweather'
p1047
I66
sS'maybe'
p1048
I62
sS'toutes'
p1049
I66
sS'avant'
p1050
I65
sS'su'
p1051
I66
sS'distant'
p1052
I66
sS'cascade'
p1053
I66
sS'si'
p1054
I61
sS'so'
p1055
I20
sS'sm'
p1056
I66
sS'nous'
p1057
I63
sS'pulled'
p1058
I66
sS'remarqu\xc3\xa9'
p1059
I66
sS'se'
p1060
I60
sS'cute'
p1061
I62
sS'rye'
p1062
I66
sS'shoes'
p1063
I66
sS'appartment'
p1064
I66
sS'years'
p1065
I66
sS'professors'
p1066
I66
sS'ended'
p1067
I66
sS'mun\xc3\xbaa'
p1068
I66
sS'pitch'
p1069
I66
sS'suffisantes'
p1070
I66
sS'still'
p1071
I59
sS'blocked'
p1072
I66
sS'djs'
p1073
I66
sS'thank'
p1074
I55
sS'mais'
p1075
I57
sS'the\xe2\x80\xa6'
p1076
I65
sS'interesting'
p1077
I65
sS'curls'
p1078
I65
sS'hot'
p1079
I66
sS'alexisrael'
p1080
I66
sS'window'
p1081
I66
sS'suffocate'
p1082
I66
sS'avis'
p1083
I66
sS'maillot'
p1084
I66
sS'tweets'
p1085
I66
sS"j'enchaine"
p1086
I66
sS'-charge'
p1087
I66
sS'texas'
p1088
I66
sS'happened'
p1089
I64
sS'lonely'
p1090
I66
sS'\xd9\x83\xd8\xa7\xd9\x86'
p1091
I66
sS'\xee\x94\xb11-0\xee\x84\xa0'
p1092
I66
sS'captivated'
p1093
I66
sS'moms'
p1094
I66
sS'nation'
p1095
I65
sS'lunch'
p1096
I65
sS'\xd8\xb1\xd8\xa8\xd9\x8a'
p1097
I66
sS'intellectual'
p1098
I66
sS"cosy!'what"
p1099
I66
sS'nombre'
p1100
I66
sS'not'
p1101
I37
sS'\xd9\x88\xd9\x84\xd8\xa7\xd9\x83\xd9\x86'
p1102
I65
sS'now'
p1103
I37
sS'twilight'
p1104
I66
sS'discuss'
p1105
I66
sS'nos'
p1106
I66
sS'term'
p1107
I66
sS'name'
p1108
I65
sS'10/28..my'
p1109
I66
sS'james'
p1110
I66
sS'drop'
p1111
I66
sS'crushers'
p1112
I66
sS'costuming'
p1113
I66
sS'rock'
p1114
I66
sS'so...that'
p1115
I66
sS'stahp'
p1116
I66
sS'unloaded'
p1117
I66
sS'em'
p1118
I65
sS'el'
p1119
I65
sS'r'
p1120
I66
sS'en'
p1121
I58
sS'\xd9\x88\xd9\x84\xd9\x88'
p1122
I66
sS'yeah'
p1123
I62
sS'\xd8\x8c\xd8\x8c\xd8\x8c'
p1124
I66
sS'catching'
p1125
I66
sS'year'
p1126
I58
sS'et'
p1127
I56
sS'girl'
p1128
I56
sS'agreablement'
p1129
I66
sS'obsession'
p1130
I66
sS'plans'
p1131
I66
sS'canada'
p1132
I65
sS'probl\xc3\xa8mes\xe2\x80\xa6'
p1133
I66
sS"america's"
p1134
I66
sS'looking'
p1135
I59
sS'mess'
p1136
I65
sS'seriously'
p1137
I64
sS'qb'
p1138
I66
sS'pint'
p1139
I66
sS'dutch'
p1140
I66
sS'jaimerais'
p1141
I66
sS'japonais'
p1142
I66
sS'shows'
p1143
I63
sS'attended'
p1144
I66
sS'cars'
p1145
I66
sS'cart'
p1146
I66
sS'quite'
p1147
I66
sS'disrespect'
p1148
I66
sS'debut)'
p1149
I66
sS'california'
p1150
I49
sS'amigos'
p1151
I66
sS'rajouter'
p1152
I66
sS'card'
p1153
I66
sS'care'
p1154
I62
sS'advance'
p1155
I66
sS'training'
p1156
I61
sS'waiter'
p1157
I66
sS'yup'
p1158
I65
sS'disillusionment'
p1159
I66
sS'honest'
p1160
I65
sS'wanderers'
p1161
I66
sS'thing'
p1162
I62
sS'butterflies'
p1163
I66
sS'cheviot'
p1164
I64
sS'place'
p1165
I61
sS'massive'
p1166
I66
sS'swing'
p1167
I66
sS'preach'
p1168
I66
sS'think'
p1169
I57
sS'waited'
p1170
I65
sS'first'
p1171
I59
sS'\xd8\xa8\xd9\x84\xd9\x82\xd9\x8a\xd8\xa7\xd9\x83'
p1172
I66
sS'tennis'
p1173
I66
sS'toulouse'
p1174
I66
sS'xo'
p1175
I66
sS'americano'
p1176
I66
sS'question'
p1177
I66
sS'(hugged'
p1178
I66
sS'potter'
p1179
I66
sS'flipping'
p1180
I66
sS'xd'
p1181
I66
sS'yourself'
p1182
I65
sS'your\xe2\x80\xa6'
p1183
I66
sS'williams'
p1184
I66
sS'spanish'
p1185
I66
sS'88thfilms'
p1186
I66
sS'xs'
p1187
I63
sS'message'
p1188
I66
sS'avais'
p1189
I66
sS'george'
p1190
I65
sS'size'
p1191
I64
sS'city'
p1192
I61
sS'\xd9\xa1\xd9\xa7\xd9\xa8.\xd9\xa5'
p1193
I66
sS'year?\xe2\x80\x9d'
p1194
I66
sS"valentine's"
p1195
I66
sS'caught'
p1196
I66
sS'ibrahimovic'
p1197
I65
sS'anyone'
p1198
I63
sS'2'
p1199
I50
sS'\xd8\xb3\xd9\x84\xd8\xa8\xd9\x8a\xd8\xa7\xd8\xaa'
p1200
I66
sS'convention'
p1201
I66
sS'white'
p1202
I61
sS'las'
p1203
I66
sS'lingering'
p1204
I66
sS'gives'
p1205
I66
sS'meme'
p1206
I63
sS'nutrition'
p1207
I66
sS'eyes'
p1208
I65
sS'mostly'
p1209
I66
sS'that'
p1210
I22
sS'season'
p1211
I65
sS'huh'
p1212
I64
sS'casttle.wonder'
p1213
I66
sS'hut'
p1214
I66
sS'released'
p1215
I66
sS'butt'
p1216
I63
sS'copy'
p1217
I66
sS'than'
p1218
I61
sS"here's"
p1219
I66
sS'boyfriend'
p1220
I66
sS'10'
p1221
I62
sS'12'
p1222
I65
sS'lmao'
p1223
I64
sS'gotta'
p1224
I62
sS'future'
p1225
I63
sS'bag'
p1226
I66
sS'kid...wow'
p1227
I66
sS'were'
p1228
I53
sS'mstierraleephoto'
p1229
I66
sS'and'
p1230
I6
sS'ang'
p1231
I66
sS'aller'
p1232
I65
sS'pro'
p1233
I65
sS'kairu'
p1234
I66
sS'allez'
p1235
I66
sS'(and'
p1236
I66
sS'woah'
p1237
I66
sS'say'
p1238
I58
sS'bulking'
p1239
I66
sS'rent'
p1240
I66
sS'jail...awkward'
p1241
I66
sS'recover'
p1242
I65
sS'saw'
p1243
I66
sS'any'
p1244
I61
sS'speakers'
p1245
I66
sS'wcw'
p1246
I66
sS'omfg'
p1247
I66
sS'joueurs'
p1248
I65
sS'squad'
p1249
I66
sS'take'
p1250
I51
sS'online'
p1251
I65
sS'upside'
p1252
I66
sS'hills\xe2\x80\xa6'
p1253
I66
sS'q&a'
p1254
I66
sS'sure'
p1255
I61
sS'pain'
p1256
I65
sS'normal'
p1257
I66
sS'price'
p1258
I66
sS'knew'
p1259
I65
sS'parle'
p1260
I66
sS'surs'
p1261
I66
sS'pair'
p1262
I66
sS'goldenboy1-2-3-'
p1263
I66
sS'fck'
p1264
I66
sS'spaced'
p1265
I66
sS'(et'
p1266
I66
sS'forever'
p1267
I66
sS'especially'
p1268
I66
sS'filipino&he'
p1269
I66
sS'later'
p1270
I65
sS'hungry'
p1271
I65
sS'mrs'
p1272
I66
sS'sunset'
p1273
I66
sS'trafficking'
p1274
I66
sS'professional'
p1275
I64
sS'laws'
p1276
I66
sS'shop'
p1277
I66
sS'walking'
p1278
I66
sS'shot'
p1279
I63
sS'\xe2\x9c\xa8'
p1280
I64
sS'show'
p1281
I55
sS'la\xe2\x80\xa6'
p1282
I66
sS'hack'
p1283
I66
sS'materialistic'
p1284
I66
sS'trop'
p1285
I65
sS'takin'
p1286
I66
sS'\xd8\xaa\xd8\xba\xd8\xb4\xd8\xa7\xd9\x87\xd9\x85'
p1287
I66
sS'teacup'
p1288
I66
sS'serait'
p1289
I66
sS'slow'
p1290
I65
sS'stair'
p1291
I66
sS'title'
p1292
I66
sS'daily'
p1293
I66
sS'dick'
p1294
I65
sS'enough'
p1295
I63
sS'either'
p1296
I63
sS'only'
p1297
I58
sS'going'
p1298
I47
sS'black'
p1299
I63
sS'cupcakes/ice'
p1300
I66
sS'bureau'
p1301
I66
sS'nouvelle'
p1302
I66
sS'frenchsoccerinstitute'
p1303
I64
sS'200000'
p1304
I66
sS'get'
p1305
I33
sS'ffs'
p1306
I66
sS'<<<<<<<<"'
p1307
I66
sS'reps'
p1308
I65
sS"'visualize'"
p1309
I66
sS'migos'
p1310
I66
sS'spicy'
p1311
I66
sS'celebrate'
p1312
I66
sS'nouveau'
p1313
I66
sS'\xee\x84\x88'
p1314
I66
sS"l'ufc"
p1315
I66
sS'\xd9\x8a\xd8\xb3\xd8\xaa\xd9\x81\xd8\xa7\xd8\xaf'
p1316
I66
sS'cassoulet'
p1317
I66
sS'borrow'
p1318
I66
sS'morning'
p1319
I58
sS'miles'
p1320
I66
sS'leur'
p1321
I65
sS'where'
p1322
I63
sS'worrying'
p1323
I66
sS"y'all"
p1324
I64
sS'player'
p1325
I65
sS'"come'
p1326
I66
sS'gangster'
p1327
I66
sS'college'
p1328
I65
sS'anyways'
p1329
I66
sS'parking'
p1330
I63
sS'hungryyy'
p1331
I66
sS'surgery'
p1332
I66
sS'untitled'
p1333
I66
sS'wonder'
p1334
I66
sS'\xe0\xb9\x81\xe0\xb8\x84\xe0\xb9\x88\xe0\xb9\x83\xe0\xb8\x8a\xe0\xb9\x89\xe0\xb8\x8a\xe0\xb8\xb5\xe0\xb8\xa7\xe0\xb8\xb4\xe0\xb8\x95\xe0\xb9\x81\xe0\xb8\x9a\xe0\xb8\x9a\xe0\xb8\x9e\xe0\xb8\xb6\xe0\xb8\x87\xe0\xb8\x9e\xe0\xb8\xad\xe0\xb9\x83\xe0\xb8\x88\xe0\xb9\x81\xe0\xb8\xa5\xe0\xb8\xb0\xe0\xb8\x95\xe0\xb8\xb2\xe0\xb8\xa1\xe0\xb9\x83\xe0\xb8\x88\xe0\xb8\x95\xe0\xb8\xb1\xe0\xb8\xa7\xe0\xb9\x80\xe0\xb8\xad\xe0\xb8\x87\xe0\xb8\x81\xe0\xb9\x89\xe0\xb9\x80\xe0\xb8\x97\xe0\xb9\x88\xe0\xb8\xb2\xe0\xb8\x99\xe0\xb8\xb1\xe0\xb9\x89\xe0\xb8\x99!!!\xe2\x80\xa6'
p1335
I66
sS'sleepin'
p1336
I66
sS'kool'
p1337
I66
sS"j'ajoute"
p1338
I66
sS'gage'
p1339
I66
sS'importance'
p1340
I66
sS'3'
p1341
I63
sS'chaque'
p1342
I66
sS'jobyo'
p1343
I66
sS'between'
p1344
I65
sS'versace'
p1345
I66
sS'hills\xe2\x80\xbc\xef\xb8\x8f'
p1346
I66
sS'roule'
p1347
I66
sS'uk'
p1348
I66
sS'\xd8\xa7\xd8\xac\xd9\x85\xd9\x84'
p1349
I66
sS'killing'
p1350
I65
sS'blame'
p1351
I65
sS'awards'
p1352
I66
sS'jk'
p1353
I66
sS'je'
p1354
I60
sS'js'
p1355
I66
sS'come'
p1356
I57
sS'dodong'
p1357
I66
sS'fit'
p1358
I66
sS'summa'
p1359
I65
sS'kicking'
p1360
I66
sS'many'
p1361
I62
sS'trader'
p1362
I66
sS'"fox'
p1363
I66
sS's'
p1364
I64
sS'tout'
p1365
I64
sS'kaepernick'
p1366
I66
sS'flipper'
p1367
I66
sS'happen.\xe2\x80\x9d'
p1368
I66
sS"can't"
p1369
I51
sS'duty'
p1370
I66
sS'among'
p1371
I66
sS'madness'
p1372
I66
sS'spoil'
p1373
I66
sS"d'applaudissement"
p1374
I66
sS'color'
p1375
I66
sS'babbyyy'
p1376
I66
sS'jeans'
p1377
I65
sS'venues'
p1378
I66
sS'besoin'
p1379
I65
sS'article'
p1380
I65
sS'constant'
p1381
I66
sS'pod'
p1382
I66
sS'clearances'
p1383
I66
sS'forecasted'
p1384
I66
sS'math'
p1385
I66
sS'caring'
p1386
I66
sS'stp.merci'
p1387
I66
sS'temecula'
p1388
I66
sS'oliver'
p1389
I66
sS'tuning'
p1390
I66
sS'stretch'
p1391
I66
sS'west'
p1392
I65
sS'fieldtripboyz'
p1393
I66
sS'porsche'
p1394
I66
sS'meetings/auditions'
p1395
I66
sS'coupe'
p1396
I66
sS'breath'
p1397
I66
sS'bareilles'
p1398
I66
sS'beckermans'
p1399
I66
sS'u12'
p1400
I66
sS'marisa'
p1401
I66
sS'wants'
p1402
I66
sS'shopping'
p1403
I63
sS'semi\xe2\x80\xa6'
p1404
I66
sS'thousand'
p1405
I66
sS'blessing'
p1406
I65
sS'andrew'
p1407
I66
sS'wake'
p1408
I64
sS'saison'
p1409
I64
sS'irrelevant'
p1410
I66
sS'former'
p1411
I66
sS'those'
p1412
I63
sS'matter'
p1413
I66
sS'sound'
p1414
I66
sS'myself'
p1415
I63
sS'casa'
p1416
I66
sS"n'a"
p1417
I66
sS'these'
p1418
I57
sS'worried'
p1419
I66
sS'mar)'
p1420
I66
sS'arnold'
p1421
I66
sS'parfois'
p1422
I66
sS'trick'
p1423
I66
sS'electrocuted'
p1424
I66
sS'hdc'
p1425
I66
sS'goodmorning'
p1426
I66
sS'editorial'
p1427
I66
sS'pollo'
p1428
I66
sS'situation'
p1429
I66
sS'coolest'
p1430
I66
sS'reelement'
p1431
I66
sS'tambak'
p1432
I66
sS'deer\xd9\x88\xd8\xb9\xd8\xb2\xd9\x8a\xd8\xb2'
p1433
I66
sS'share<3'
p1434
I66
sS'coffee'
p1435
I65
sS'lady!\xe2\x80\xa6'
p1436
I66
sS'couples'
p1437
I66
sS'soit'
p1438
I66
sS'someone'
p1439
I53
sS'soir'
p1440
I64
sS'return'
p1441
I66
sS'bowlin'
p1442
I66
sS'everyday'
p1443
I66
sS'par'
p1444
I63
sS'pas'
p1445
I51
sS'develop'
p1446
I66
sS'naaan'
p1447
I66
sS'pay'
p1448
I65
sS'thinkin'
p1449
I66
sS'bowl'
p1450
I66
sS'same'
p1451
I62
sS'check'
p1452
I63
sS'food'
p1453
I64
sS'followers'
p1454
I64
sS'biding'
p1455
I66
sS'struggling'
p1456
I66
sS'aiment'
p1457
I66
sS'succulents'
p1458
I66
sS'week'
p1459
I60
sS'visually'
p1460
I66
sS'followers.comment'
p1461
I66
sS'wand'
p1462
I66
sS'crotter'
p1463
I66
sS'\xe2\x98\x94\xef\xb8\x8f'
p1464
I66
sS'ness'
p1465
I66
sS"n'est"
p1466
I66
sS'weed'
p1467
I66
sS'cheers'
p1468
I66
sS'running'
p1469
I64
sS'anelka'
p1470
I66
sS'nah'
p1471
I66
sS'support\xe2\x80\x9d'
p1472
I66
sS'totally'
p1473
I66
sS'iborra'
p1474
I66
sS'\xe2\x9c\x8c\xef\xb8\x8f'
p1475
I62
sS'burrito'
p1476
I64
sS'ccm'
p1477
I66
sS'without'
p1478
I64
sS'comes'
p1479
I66
sS'grumpy'
p1480
I64
sS'\xd9\x88\xd8\xa7\xd8\xad\xd9\x81\xd8\xb8\xd9\x87\xd9\x85'
p1481
I66
sS'tito'
p1482
I66
sS'bodies'
p1483
I66
sS'summer'
p1484
I62
sS'dejeuner'
p1485
I66
sS'210'
p1486
I66
sS'\xd8\xa3\xd8\xb3\xd9\x84\xd8\xad\xd8\xa9'
p1487
I66
sS'being'
p1488
I65
sS'money'
p1489
I65
sS'pacquiao'
p1490
I66
sS'rest'
p1491
I64
sS'zeddified'
p1492
I66
sS'stetienne'
p1493
I66
sS'ps3'
p1494
I63
sS'bloque'
p1495
I66
sS'\xd8\xa7\xd9\x84\xd9\x84\xd9\x87'
p1496
I66
sS'kristymj7'
p1497
I66
sS'thinking'
p1498
I66
sS'qprvscity'
p1499
I66
sS'saludes'
p1500
I66
sS'leto'
p1501
I66
sS'it\xe2\x80\x99s'
p1502
I66
sS'gooooo'
p1503
I66
sS'lets'
p1504
I65
sS'ahhhh'
p1505
I66
sS'4'
p1506
I58
sS'peoplessss'
p1507
I66
sS'perte'
p1508
I66
sS'r\xc3\xa9serve'
p1509
I66
sS'real'
p1510
I65
sS'around'
p1511
I64
sS'kills'
p1512
I66
sS'read'
p1513
I65
sS'por'
p1514
I66
sS'psg'
p1515
I65
sS'gonna'
p1516
I58
sS'nowww'
p1517
I66
sS'early'
p1518
I62
sS'moi'
p1519
I61
sS'traffic'
p1520
I61
sS'mon'
p1521
I63
sS'mom'
p1522
I66
sS'vacuum'
p1523
I66
sS'world'
p1524
I61
sS'lady'
p1525
I66
sS'rear'
p1526
I66
sS'pantalon'
p1527
I66
sS'fortune'
p1528
I66
sS'vernes'
p1529
I66
sS'everytime'
p1530
I66
sS'greeting'
p1531
I66
sS'serves'
p1532
I66
sS'homegirl'
p1533
I66
sS'gimme'
p1534
I66
sS'idk'
p1535
I66
sS't'
p1536
I65
sS'robbery'
p1537
I66
sS'view'
p1538
I66
sS'beverly'
p1539
I36
sS'\xd8\xb9\xd8\xaf\xd9\x88\xd9\x86\xd8\xa7'
p1540
I66
sS'scored'
p1541
I66
sS"couldn't"
p1542
I66
sS'joking'
p1543
I66
sS'apartments'
p1544
I66
sS'peu'
p1545
I66
sS'hahhaha'
p1546
I66
sS'touboul'
p1547
I66
sS'competition'
p1548
I66
sS'\xd9\x88\xd8\xa7\xd8\xb4\xd9\x81\xd9\x8a'
p1549
I66
sS'eddie'
p1550
I66
sS'silerio_art1photo'
p1551
I66
sS'brits'
p1552
I66
sS'images'
p1553
I66
sS'playin'
p1554
I66
sS'matching'
p1555
I66
sS'roomies'
p1556
I66
sS'gross'
p1557
I66
sS'bayut'
p1558
I66
sS'"potato"'
p1559
I66
sS'mood'
p1560
I66
sS'in\xe2\x80\xa6'
p1561
I66
sS'braaah'
p1562
I66
sS'noon'
p1563
I66
sS'hipster'
p1564
I66
sS'moot'
p1565
I66
sS'\xe0\xb9\x80\xe0\xb8\x81\xe0\xb8\xb4\xe0\xb8\x94\xe0\xb8\xa1\xe0\xb8\xb2\xe0\xb9\x84\xe0\xb8\xa1\xe0\xb9\x88\xe0\xb9\x80\xe0\xb8\x84\xe0\xb8\xa2\xe0\xb8\x84\xe0\xb8\xb4\xe0\xb8\x94\xe0\xb8\x97\xe0\xb8\xb5\xe0\xb9\x88\xe0\xb8\x88\xe0\xb8\xb0\xe0\xb8\xa1\xe0\xb8\xb5\xe0\xb8\x8a\xe0\xb8\xb5\xe0\xb8\xa7\xe0\xb8\xb4\xe0\xb8\x95\xe0\xb8\xad\xe0\xb8\xa2\xe0\xb8\xb8\xe0\xb9\x88\xe0\xb8\x99\xe0\xb8\xb2\xe0\xb8\x99\xe0\xb9\x86'
p1566
I66
sS'porter'
p1567
I64
sS'refer'
p1568
I66
sS'teared'
p1569
I66
sS'welcome'
p1570
I64
sS'saludo'
p1571
I66
sS'business'
p1572
I66
sS'mare'
p1573
I66
sS'seconds'
p1574
I66
sS'kyoto'
p1575
I66
sS'each'
p1576
I66
sS'miles)'
p1577
I66
sS'skrillex'
p1578
I66
sS'loudest'
p1579
I66
sS'trials'
p1580
I66
sS'^_^'
p1581
I66
sS'didier'
p1582
I66
sS';)'
p1583
I66
sS'journee'
p1584
I66
sS'earlier'
p1585
I66
sS'lock'
p1586
I66
sS'on'
p1587
I15
sS'ol'
p1588
I65
sS'ok'
p1589
I56
sS'oi'
p1590
I66
sS'oh'
p1591
I55
sS'wut'
p1592
I66
sS'of'
p1593
I10
sS'industry'
p1594
I65
sS'oc'
p1595
I65
sS'side'
p1596
I65
sS'practical'
p1597
I66
sS'"amoitie"'
p1598
I66
sS'stand'
p1599
I65
sS'act'
p1600
I65
sS'donut'
p1601
I66
sS'mean'
p1602
I59
sS'magnifiquewhat'
p1603
I66
sS'or'
p1604
I46
sS'road'
p1605
I63
sS'partied'
p1606
I66
sS'weighs'
p1607
I66
sS'blessed'
p1608
I65
sS'snapchat'
p1609
I65
sS'brunette'
p1610
I66
sS'lively'
p1611
I66
sS'tungod'
p1612
I66
sS'mark'
p1613
I66
sS'your'
p1614
I31
sS'apr\xc3\xa8s'
p1615
I66
sS'tropical'
p1616
I66
sS'50yr+'
p1617
I66
sS'her'
p1618
I57
sS'area'
p1619
I62
sS'there'
p1620
I47
sS'hey'
p1621
I62
sS'lol'
p1622
I19
sS'start'
p1623
I63
sS'spots\xe2\x80\xa6'
p1624
I66
sS'mondays'
p1625
I65
sS'low'
p1626
I65
sS'lot'
p1627
I60
sS'idee'
p1628
I66
sS'valencia'
p1629
I66
sS'\xd8\xb2\xd9\x8a\xd9\x86'
p1630
I65
sS'ago'
p1631
I64
sS'mornings'
p1632
I65
sS'complete'
p1633
I66
sS'mourns'
p1634
I66
sS'awwwwww'
p1635
I66
sS'slumberparty'
p1636
I66
sS'yaya'
p1637
I66
sS'manipulative'
p1638
I66
sS'chevevenement'
p1639
I66
sS'sucka'
p1640
I66
sS'land)'
p1641
I66
sS'toastmasters'
p1642
I65
sS'trying'
p1643
I60
sS'with'
p1644
I17
sS'happening'
p1645
I63
sS'pull'
p1646
I65
sS'are"'
p1647
I66
sS'year...you'
p1648
I66
sS'bucket'
p1649
I66
sS'respectif'
p1650
I66
sS'taught'
p1651
I66
sS'trinity'
p1652
I66
sS'he"'
p1653
I66
sS'advantage'
p1654
I66
sS'trips'
p1655
I66
sS'djing'
p1656
I66
sS'gone'
p1657
I62
sS'ae'
p1658
I66
sS'citizenship'
p1659
I66
sS'af'
p1660
I66
sS'ai'
p1661
I66
sS'ah'
p1662
I65
sS'am'
p1663
I62
sS'al'
p1664
I65
sS'an'
p1665
I55
sS'as'
p1666
I55
sS'\xe2\x9d\xa4\xef\xb8\x8f\xe2\x98\xba\xef\xb8\x8f'
p1667
I66
sS'pourquoi'
p1668
I65
sS'at'
p1669
I11
sS"t'en"
p1670
I66
sS'av'
p1671
I66
sS'ay'
p1672
I66
sS'watched'
p1673
I66
sS'box65%'
p1674
I66
sS'first-class'
p1675
I66
sS'film'
p1676
I66
sS"citizen's"
p1677
I66
sS'again'
p1678
I59
sS"g'nite"
p1679
I66
sS'ideally'
p1680
I66
sS'drafts'
p1681
I66
sS'\xd9\x85\xd9\x85\xd9\x86'
p1682
I66
sS'deserve'
p1683
I65
sS'storage'
p1684
I65
sS'cinematography'
p1685
I66
sS'5'
p1686
I63
sS'you'
p1687
I8
sS'bas)'
p1688
I66
sS':(my'
p1689
I66
sS'chiotte'
p1690
I66
sS'poop'
p1691
I66
sS'championship'
p1692
I66
sS'songz'
p1693
I66
sS'obsessed'
p1694
I65
sS'students'
p1695
I65
sS'(wrong'
p1696
I66
sS'm'
p1697
I65
sS'waving'
p1698
I66
sS"l'objectif"
p1699
I66
sS'important'
p1700
I65
sS'yours!\xe2\x80\x9d'
p1701
I66
sS'a6'
p1702
I66
sS'chris'
p1703
I65
sS'pool'
p1704
I66
sS'building'
p1705
I66
sS'booked'
p1706
I66
sS'independent)'
p1707
I66
sS'ernie'
p1708
I66
sS'calls'
p1709
I65
sS'awhhh'
p1710
I66
sS'having'
p1711
I62
sS"j'aimerais"
p1712
I66
sS'bamboozling'
p1713
I66
sS'u'
p1714
I21
sS'husky'
p1715
I66
sS'noooooooo'
p1716
I66
sS'original'
p1717
I65
sS'bmw'
p1718
I66
sS'all'
p1719
I28
sS'forget'
p1720
I65
sS'frere\xe2\x80\x9d'
p1721
I66
sS'dollar'
p1722
I66
sS'month'
p1723
I60
sS'awhh'
p1724
I66
sS'thoughtful'
p1725
I66
sS'dise'
p1726
I66
sS'dish'
p1727
I66
sS'rourke'
p1728
I66
sS'liam'
p1729
I66
sS'jerome'
p1730
I66
sS'hmmm'
p1731
I65
sS'recaps'
p1732
I66
sS'apartment'
p1733
I66
sS'imma'
p1734
I65
sS'tt'
p1735
I66
sS'tu'
p1736
I60
sS'opportunities'
p1737
I66
sS'to'
p1738
I4
sS'aaron'
p1739
I66
sS'present'
p1740
I66
sS'safety'
p1741
I66
sS'te'
p1742
I65
sS'ta'
p1743
I66
sS'nationetc'
p1744
I66
sS'\xd9\x8a\xd8\xb3\xd8\xa7\xd9\x82\xd9\x88\xd9\x86'
p1745
I66
sS'woman'
p1746
I65
sS'worse'
p1747
I65
sS'lakewood'
p1748
I66
sS'song'
p1749
I59
sS'very'
p1750
I55
sS'fav'
p1751
I65
sS'hughes'
p1752
I66
sS'fat'
p1753
I65
sS'ouch'
p1754
I66
sS'fan'
p1755
I64
sS'decide'
p1756
I66
sS'fam'
p1757
I64
sS'ticket'
p1758
I65
sS'sayyy'
p1759
I66
sS'heaven'
p1760
I65
sS'ambien'
p1761
I66
sS'sans'
p1762
I66
sS'--'
p1763
I66
sS'laying'
p1764
I66
sS'burritos'
p1765
I66
sS'deja'
p1766
I66
sS'retour'
p1767
I66
sS'->'
p1768
I66
sS'programme'
p1769
I66
sS"i'll"
p1770
I57
sS'deschamps'
p1771
I66
sS'past'
p1772
I66
sS'colleen'
p1773
I66
sS'nba'
p1774
I65
sS'tes'
p1775
I65
sS'mwahh'
p1776
I66
sS'psycho'
p1777
I66
sS'nani'
p1778
I66
sS'what'
p1779
I35
sS'tweeted'
p1780
I66
sS'stood'
p1781
I66
sS'nano'
p1782
I66
sS'enfiler'
p1783
I66
sS'sun'
p1784
I65
sS'associate'
p1785
I66
sS'fatigue'
p1786
I66
sS'version'
p1787
I66
sS'sur'
p1788
I57
sS"area!'what"
p1789
I66
sS'tribute'
p1790
I66
sS'degrasai'
p1791
I66
sS'vamos'
p1792
I65
sS'revealing'
p1793
I66
sS'christian'
p1794
I66
sS'hahaha'
p1795
I66
sS'leaping'
p1796
I66
sS'forgive'
p1797
I66
sS'hours'
p1798
I65
sS'andrews'
p1799
I66
sS'trunk'
p1800
I66
sS'strong'
p1801
I64
sS'legend'
p1802
I66
sS'pleasant'
p1803
I66
sS'extraordinary'
p1804
I66
sS'experience'
p1805
I62
sS'pics'
p1806
I65
sS'airport'
p1807
I66
sS'pico'
p1808
I64
sS'arent'
p1809
I66
sS'pick'
p1810
I65
sS'\xc2\xa3150'
p1811
I66
sS'whift'
p1812
I66
sS'championne'
p1813
I66
sS'via'
p1814
I66
sS'followed'
p1815
I65
sS'family'
p1816
I63
sS'houses'
p1817
I66
sS'ask'
p1818
I66
sS'follower'
p1819
I66
sS'you\xe2\x80\x99re'
p1820
I66
sS'know"'
p1821
I66
sS'send'
p1822
I66
sS'xavi'
p1823
I66
sS'"i\'ve'
p1824
I66
sS'attendant'
p1825
I66
sS'emoji'
p1826
I66
sS"brittany's"
p1827
I66
sS'vrai)'
p1828
I66
sS'mikishapiro'
p1829
I66
sS'eye'
p1830
I66
sS'takes'
p1831
I65
sS'intense'
p1832
I66
sS'mickael'
p1833
I66
sS'rafa'
p1834
I66
sS'charge'
p1835
I66
sS'zedd'
p1836
I56
sS'6'
p1837
I62
sS'..and'
p1838
I66
sS'more'
p1839
I54
sS'turbo'
p1840
I66
sS'knows'
p1841
I65
sS"y'a"
p1842
I65
sS'montagnes'
p1843
I66
sS"ain't"
p1844
I64
sS'stick'
p1845
I65
sS'lemons'
p1846
I65
sS'dios'
p1847
I66
sS'hurry'
p1848
I66
sS'glad'
p1849
I64
sS'town'
p1850
I65
sS'larticle'
p1851
I66
sS'macho'
p1852
I66
sS'hour'
p1853
I49
sS'\xc3\xa7a'
p1854
I66
sS'science'
p1855
I66
sS'des'
p1856
I64
sS'sucks'
p1857
I63
sS'sudden'
p1858
I66
sS'del'
p1859
I63
sS'resources'
p1860
I66
sS'learn'
p1861
I65
sS'male'
p1862
I66
sS'def'
p1863
I66
sS'decembre'
p1864
I66
sS'beautiful'
p1865
I60
sS'"goats"'
p1866
I66
sS'juanlu'
p1867
I66
sS'petit)'
p1868
I66
sS'day...\xe2\x80\x9d'
p1869
I66
sS'autumn'
p1870
I66
sS'jornadas'
p1871
I66
sS'urinals'
p1872
I66
sS'kenya'
p1873
I66
sS'robinson'
p1874
I66
sS'huge'
p1875
I66
sS'needs'
p1876
I66
sS'goal'
p1877
I65
sS'rather'
p1878
I64
sS'breaking'
p1879
I66
sS'stayed'
p1880
I66
sS'mercato.net'
p1881
I66
sS'speeding'
p1882
I66
sS'bahahahha'
p1883
I66
sS'panarbaho'
p1884
I66
sS'tried'
p1885
I65
sS'rude'
p1886
I66
sS'nums'
p1887
I66
sS'different'
p1888
I66
sS'plane'
p1889
I66
sS'blood'
p1890
I65
sS'coming'
p1891
I63
sS'maltese'
p1892
I66
sS'response'
p1893
I66
sS'!xbox'
p1894
I66
sS'a'
p1895
I5
sS'pilots'
p1896
I66
sS'-___-'
p1897
I66
sS'\xd9\x85\xd9\x84\xd8\xa7\xd8\xa6\xd9\x83\xd8\xa9'
p1898
I66
sS'loud'
p1899
I65
sS'shady'
p1900
I66
sS"....it's"
p1901
I66
sS'volleyball'
p1902
I66
sS'troie'
p1903
I66
sS'media'
p1904
I66
sS'pleasure'
p1905
I65
sS'dream'
p1906
I66
sS'playing'
p1907
I66
sS"that's"
p1908
I57
sS'mexican'
p1909
I66
sS'help'
p1910
I60
sS"don't"
p1911
I44
sS'september'
p1912
I66
sS'sooo'
p1913
I64
sS'soon'
p1914
I63
sS'wolverhampton'
p1915
I66
sS'through'
p1916
I62
sS'lits'
p1917
I66
sS'connais'
p1918
I66
sS'hell'
p1919
I66
sS'smiling'
p1920
I66
sS'to-go'
p1921
I66
sS'its'
p1922
I58
sS'dont'
p1923
I62
sS'24'
p1924
I44
sS'leanne'
p1925
I66
sS'style'
p1926
I66
sS'27'
p1927
I66
sS'20'
p1928
I66
sS'21'
p1929
I66
sS'22'
p1930
I65
sS'exact'
p1931
I66
sS'28'
p1932
I66
sS'changement'
p1933
I65
sS'actually'
p1934
I65
sS'late'
p1935
I63
sS'pch'
p1936
I66
sS'bout'
p1937
I66
sS'soccer'
p1938
I62
sS'might'
p1939
I66
sS'lire'
p1940
I66
sS'lacey'
p1941
I66
sS'good'
p1942
I38
sS'somebody'
p1943
I66
sS'yo'
p1944
I66
sS'vendredi'
p1945
I66
sS'ya'
p1946
I60
sS':-)\xe2\x80\x9d'
p1947
I66
sS"won't\xe2\x80\xa6"
p1948
I66
sS'personne'
p1949
I65
sS'whhhhaaaaa'
p1950
I66
sS'9/20'
p1951
I66
sS'walls'
p1952
I66
sS"you've"
p1953
I64
sS'foot'
p1954
I66
sS'clouds'
p1955
I66
sS'yr'
p1956
I66
sS'chicago'
p1957
I66
sS'sucked'
p1958
I66
sS'marcus'
p1959
I65
sS'faire'
p1960
I63
sS'hook'
p1961
I66
sS'always'
p1962
I55
sS'porte'
p1963
I66
sS'westham'
p1964
I66
sS'stopped'
p1965
I65
sS"booboo's"
p1966
I66
sS'compris'
p1967
I66
sS'positions'
p1968
I66
sS'found'
p1969
I66
sS'fairy'
p1970
I65
sS"isn't"
p1971
I64
sS'heavy'
p1972
I66
sS'idem'
p1973
I66
sS'everyone'
p1974
I61
sS'england'
p1975
I66
sS'japonais\xe2\x80\x9d'
p1976
I66
sS'weight'
p1977
I66
sS'house'
p1978
I62
sS'fish'
p1979
I66
sS'hard'
p1980
I56
sS'candycoatedeyes'
p1981
I66
sS'idea'
p1982
I66
sS'accidentally'
p1983
I66
sS'engaging'
p1984
I66
sS'tonite'
p1985
I64
sS'expect'
p1986
I64
sS'blues'
p1987
I66
sS'event'
p1988
I64
sS'really'
p1989
I41
sS'deals'
p1990
I66
sS'missed'
p1991
I66
sS"mierda'\xe2\x80\x9d"
p1992
I66
sS'songggg'
p1993
I66
sS'unnatural'
p1994
I65
sS'since'
p1995
I64
sS'acting'
p1996
I66
sS'health'
p1997
I65
sS'1-0'
p1998
I66
sS'darling'
p1999
I65
sS'issue'
p2000
I66
sS"'moro"
p2001
I66
sS'ass'
p2002
I63
sS'koi'
p2003
I66
sS"devil's"
p2004
I66
sS'-model'
p2005
I64
sS'friday'
p2006
I64
sS'horse'
p2007
I66
sS'darius'
p2008
I66
sS'dit'
p2009
I65
sS'reason'
p2010
I64
sS'cookie'
p2011
I66
sS'disneyland'
p2012
I65
sS'dire'
p2013
I66
sS'twitter.\xe2\x80\x9d'
p2014
I66
sS'put'
p2015
I61
sS'badbum'
p2016
I66
sS'beginning'
p2017
I66
sS'jew'
p2018
I66
sS'thrown'
p2019
I64
sS'driven'
p2020
I66
sS'bas!\xe2\x80\x9d'
p2021
I66
sS'terrible'
p2022
I65
sS'american'
p2023
I66
sS'&b12'
p2024
I66
sS'w'
p2025
I63
sS'joueursleur'
p2026
I66
sS"it'll"
p2027
I66
sS'marqu\xc3\xa9'
p2028
I66
sS'feed'
p2029
I66
sS'"fucked'
p2030
I66
sS"l'article"
p2031
I66
sS'doge'
p2032
I66
sS'unhealthy'
p2033
I66
sS'feel'
p2034
I58
sS'number'
p2035
I66
sS'valentine'
p2036
I63
sS'minutes)'
p2037
I66
sS'"something'
p2038
I66
sS'donc'
p2039
I66
sS'done'
p2040
I64
sS'bullrot'
p2041
I66
sS'miss'
p2042
I55
sS'passer'
p2043
I66
sS'guess'
p2044
I60
sS'"'
p2045
I66
sS'"older"'
p2046
I66
sS'become'
p2047
I66
sS'avec'
p2048
I63
sS'interviews'
p2049
I66
sS'our\xe2\x80\xa6'
p2050
I66
sS'least'
p2051
I65
sS'avez'
p2052
I65
sS'station'
p2053
I65
sS'contre'
p2054
I65
sS'storm'
p2055
I65
sS'bravo'
p2056
I66
sS'hdajakxbsoahjaanwbaiba'
p2057
I66
sS'master'
p2058
I66
sS'jen'
p2059
I66
sS'store'
p2060
I66
sS'headache'
p2061
I66
sS'passed'
p2062
I65
sS'relationship'
p2063
I66
sS'behind'
p2064
I66
sS'envoie'
p2065
I66
sS'you\xe2\x80\x9d'
p2066
I66
sS'hotel'
p2067
I63
sS'park'
p2068
I66
sS'est\xc3\xa1'
p2069
I66
sS'mama'
p2070
I66
sS'part'
p2071
I65
sS'porpuse.stop'
p2072
I66
sS'believe'
p2073
I60
sS'$3'
p2074
I66
sS'king'
p2075
I65
sS'kind'
p2076
I66
sS'b'
p2077
I66
sS'compliments'
p2078
I66
sS"l'om.\xe2\x80\x9d"
p2079
I66
sS'tooth'
p2080
I66
sS'condolences'
p2081
I66
sS'double'
p2082
I66
sS'dans'
p2083
I64
sS'you\xe2\x80\xa6'
p2084
I66
sS'supposed'
p2085
I65
sS'hyde'
p2086
I66
sS'ousted'
p2087
I66
sS'newborns'
p2088
I66
sS'mickey'
p2089
I65
sS'l\xc3\xa0!\xe2\x80\x9d'
p2090
I66
sS'mstierralee'
p2091
I66
sS'hdc?\xe2\x80\x9d'
p2092
I66
sS'\xd8\xb1\xd8\xa7\xd8\xad\xd8\xaa'
p2093
I66
sS'aussi'
p2094
I65
sS'confirme'
p2095
I66
sS'direct'
p2096
I66
sS'(30'
p2097
I66
sS'graffiti'
p2098
I66
sS'gagne'
p2099
I65
sS'roge'
p2100
I66
sS'sell'
p2101
I65
sS'*shrug*'
p2102
I66
sS'speaking'
p2103
I65
sS'jaxkatz'
p2104
I66
sS'self'
p2105
I66
sS'(changed'
p2106
I66
sS'sherwood'
p2107
I64
sS'lit'
p2108
I65
sS'funnnn'
p2109
I66
sS'maison'
p2110
I66
sS'los\xe2\x80\xa6'
p2111
I66
sS'frain'
p2112
I66
sS'finding'
p2113
I66
sS'cofc'
p2114
I66
sS'eff'
p2115
I66
sS'dernier'
p2116
I65
sS'play'
p2117
I63
sS'toi?"'
p2118
I66
sS'outttaaa'
p2119
I66
sS'salmon'
p2120
I66
sS'most'
p2121
I64
sS'cupcakes'
p2122
I66
sS'plan'
p2123
I63
sS'70'
p2124
I66
sS'nothing'
p2125
I64
sS'think\xe2\x80\x9d'
p2126
I66
sS'model'
p2127
I65
sS'5-5'
p2128
I66
sS'hubby'
p2129
I66
sS'feasting'
p2130
I66
sS'clear'
p2131
I66
sS'sometimes'
p2132
I65
sS'cover'
p2133
I65
sS'decouvre'
p2134
I66
sS'ballesteros'
p2135
I66
sS'tps'
p2136
I66
sS'\xd8\xaa\xd8\xb0\xd9\x83\xd8\xb1'
p2137
I66
sS'ky'
p2138
I66
sS'shoutout'
p2139
I66
sS'hips'
p2140
I66
sS'yeassss'
p2141
I66
sS'ugh'
p2142
I65
sS'gold'
p2143
I66
sS'chanel'
p2144
I66
sS'toujours'
p2145
I66
sS'fini'
p2146
I66
sS'hesite'
p2147
I66
sS'session'
p2148
I65
sS'jared'
p2149
I66
sS'h\xc3\xa9'
p2150
I66
sS'fine'
p2151
I66
sS'find'
p2152
I61
sS'giant'
p2153
I64
sS'bff'
p2154
I65
sS'northern'
p2155
I66
sS"amy's"
p2156
I66
sS'quel'
p2157
I64
sS'penalty'
p2158
I65
sS'idiots'
p2159
I66
sS'duuuudddeee'
p2160
I66
sS'pretty'
p2161
I64
sS'california)'
p2162
I65
sS'8'
p2163
I64
sS"mom's"
p2164
I66
sS'hip'
p2165
I66
sS'his'
p2166
I56
sS'hit'
p2167
I63
sS'casse'
p2168
I66
sS'meanwhile'
p2169
I66
sS'sights'
p2170
I66
sS'sunny'
p2171
I66
sS'obtain'
p2172
I66
sS'2006"...\xe2\x80\x9d'
p2173
I66
sS'only)'
p2174
I66
sS'reply'
p2175
I66
sS'during'
p2176
I66
sS'salut'
p2177
I64
sS'him'
p2178
I64
sS'do\xe2\x80\xa6'
p2179
I66
sS'roles'
p2180
I66
sS'kina'
p2181
I66
sS'shakiras'
p2182
I66
sS'belles'
p2183
I66
sS'cartoons'
p2184
I66
sS'hike'
p2185
I66
sS'switzerland'
p2186
I66
sS'x'
p2187
I65
sS'mickey&pluto'
p2188
I66
sS'cheese'
p2189
I66
sS'repulsed'
p2190
I66
sS'wrongfully'
p2191
I66
sS'tak\xc3\xa9'
p2192
I66
sS'croire'
p2193
I66
sS'set'
p2194
I64
sS'ser'
p2195
I66
sS'amaaaazing'
p2196
I66
sS'vine'
p2197
I65
sS'arrives'
p2198
I66
sS'kylie'
p2199
I66
sS'plausible'
p2200
I66
sS'see'
p2201
I48
sS'leslie'
p2202
I66
sS'are'
p2203
I29
sS'sea'
p2204
I66
sS'close'
p2205
I65
sS'aider'
p2206
I66
sS'barn'
p2207
I65
sS'bong'
p2208
I66
sS'hungry"'
p2209
I66
sS'brotherhood'
p2210
I66
sS'fitness)'
p2211
I66
sS'movie'
p2212
I65
sS'wow'
p2213
I58
sS'currently'
p2214
I66
sS'everythingto'
p2215
I66
sS'secondes'
p2216
I66
sS'post-screening'
p2217
I66
sS'fans'
p2218
I66
sS'won'
p2219
I66
sS'probably'
p2220
I66
sS'donate'
p2221
I66
sS'nope'
p2222
I65
sS'monsters'
p2223
I65
sS'pictured'
p2224
I66
sS'piss'
p2225
I65
sS'korea'
p2226
I66
sS'->xbox'
p2227
I66
sS'responses'
p2228
I66
sS'missing'
p2229
I66
sS'attention'
p2230
I65
sS'duuuuuuuude'
p2231
I66
sS'\xd8\xa8\xd9\x85\xd9\x88\xd9\x83\xd8\xa8'
p2232
I66
sS'respectful'
p2233
I66
sS'devious'
p2234
I66
sS'both'
p2235
I63
sS'c'
p2236
I60
sS'last'
p2237
I57
sS'peggy'
p2238
I66
sS'thot'
p2239
I65
sS"wouldn't"
p2240
I65
sS'"mental'
p2241
I66
sS'sawsawan'
p2242
I66
sS'became'
p2243
I66
sS'suede'
p2244
I66
sS'focused'
p2245
I66
sS'whole'
p2246
I63
sS'millions'
p2247
I66
sS"everyone's"
p2248
I66
sS'town-'
p2249
I66
sS'ollo'
p2250
I66
sS'drunk'
p2251
I64
sS'simple'
p2252
I66
sS'smith'
p2253
I66
sS'dimension'
p2254
I66
sS'twitter...new'
p2255
I66
sS'motivation'
p2256
I66
sS'whatever'
p2257
I66
sS'"you\'re'
p2258
I66
sS'agents'
p2259
I64
sS'village'
p2260
I66
sS'co.)'
p2261
I66
sS'\xd8\xb1\xd8\xad\xd9\x85\xd8\xaa\xd9\x83'
p2262
I66
sS'bench'
p2263
I66
sS'tanktops'
p2264
I66
sS'decline'
p2265
I66
sS'...3/4'
p2266
I66
sS"'it's"
p2267
I65
sS'cream'
p2268
I66
sS'there)'
p2269
I66
sS'pt'
p2270
I64
sS'chick'
p2271
I66
sS'lizards'
p2272
I66
sS'create'
p2273
I66
sS'contesting'
p2274
I66
sS"d'apr\xc3\xa8s"
p2275
I66
sS'dropping'
p2276
I66
sS'damn'
p2277
I60
sS'pe'
p2278
I65
sS'combine'
p2279
I66
sS'dur'
p2280
I64
sS'meeting'
p2281
I65
sS'empty'
p2282
I66
sS'pm'
p2283
I66
sS'affectionate'
p2284
I66
sS'foutez'
p2285
I66
sS'gay'
p2286
I66
sS'cochlear-wise'
p2287
I66
sS"what's"
p2288
I60
sS'citizen'
p2289
I66
sS'everyone!:)'
p2290
I66
sS'week..folks'
p2291
I66
sS'else'
p2292
I65
sS'anthony'
p2293
I66
sS'\xd8\xad\xd8\xb1\xd8\xb1\xd8\xaa'
p2294
I66
sS'aileen'
p2295
I66
sS'buenas'
p2296
I66
sS'stolen'
p2297
I66
sS'look'
p2298
I54
sS'ahah'
p2299
I65
sS'mls'
p2300
I64
sS'while'
p2301
I66
sS'homework'
p2302
I66
sS'fun'
p2303
I61
sS'robin'
p2304
I65
sS'mener'
p2305
I66
sS'"accident"'
p2306
I66
sS'bacon-saut\xc3\xa9ed'
p2307
I66
sS'<3'
p2308
I59
sS'century'
p2309
I63
sS'menez'
p2310
I66
sS'cette'
p2311
I66
sS'rip'
p2312
I65
sS'ready'
p2313
I58
sS'heure'
p2314
I66
sS'funny'
p2315
I65
sS'santos'
p2316
I66
sS'shirt'
p2317
I64
sS'anymore'
p2318
I66
sS'acabo'
p2319
I66
sS'belong'
p2320
I66
sS'kidfury'
p2321
I66
sS'rules'
p2322
I66
sS'chicken)'
p2323
I66
sS'grand'
p2324
I64
sS'9'
p2325
I65
sS'importe'
p2326
I66
sS'm\xc3\xa9fie'
p2327
I66
sS'development'
p2328
I66
sS'used'
p2329
I61
sS'temporary'
p2330
I66
sS'bonus'
p2331
I66
sS'yesterday'
p2332
I66
sS'amd'
p2333
I66
sS'moment'
p2334
I62
sS'moving'
p2335
I65
sS'\xd8\xa7\xd9\x84\xd8\xac\xd8\xa7\xd9\x87\xd9\x84\xd9\x8a\xd8\xa9'
p2336
I66
sS'jour'
p2337
I66
sS'parfait'
p2338
I66
sS'mot'
p2339
I66
sS'vargas'
p2340
I66
sS'ultimos'
p2341
I66
sS'sweating'
p2342
I66
sS'lululemon'
p2343
I66
sS'entre'
p2344
I66
sS'werewolf'
p2345
I66
sS'twittos'
p2346
I66
sS'make-ups'
p2347
I66
sS'person'
p2348
I63
sS'cheer'
p2349
I66
sS'edge'
p2350
I66
sS'darriver'
p2351
I66
sS'y'
p2352
I60
sS'gagne!!!\xe2\x80\x9d'
p2353
I66
sS'provocaci\xc3\xb3n'
p2354
I66
sS'spend'
p2355
I64
sS'propos'
p2356
I66
sS'coup'
p2357
I65
sS'\xd8\xa7\xd9\x84\xd9\x86\xd8\xb9\xd9\x8a\xd9\x85'
p2358
I66
sS'listening'
p2359
I66
sS'\xd9\x85\xd8\xb1\xd8\xb6\xd8\xa7\xd9\x87\xd9\x85'
p2360
I66
sS'avion'
p2361
I66
sS'luyindula'
p2362
I66
sS'shape'
p2363
I66
sS'useful'
p2364
I66
sS'praying'
p2365
I66
sS'afro'
p2366
I65
sS'letting'
p2367
I66
sS'tables'
p2368
I66
sS'\xd9\x84\xd9\x86\xd8\xa7'
p2369
I66
sS'morals'
p2370
I66
sS'cup'
p2371
I65
sS'disappointed'
p2372
I66
sS'workers'
p2373
I66
sS'"me'
p2374
I66
sS'cuz'
p2375
I64
sS'joue'
p2376
I66
sS'13000'
p2377
I66
sS'soooooo'
p2378
I64
sS'homies'
p2379
I65
sS'clubleur'
p2380
I66
sS'excited'
p2381
I65
sS'is...one'
p2382
I66
sS'big'
p2383
I63
sS'couple'
p2384
I65
sS'sleeper'
p2385
I66
sS'marca'
p2386
I66
sS'game'
p2387
I61
sS'zlatan'
p2388
I66
sS'compte'
p2389
I66
sS'everythin'
p2390
I66
sS'dropout'
p2391
I66
sS'bis'
p2392
I66
sS'nottt'
p2393
I66
sS'knock'
p2394
I66
sS'mornin'
p2395
I66
sS'd'
p2396
I63
sS'semi'
p2397
I66
sS'hahha'
p2398
I65
sS'ahh'
p2399
I66
sS'unfp'
p2400
I66
sS'best?\xe2\x80\x9d'
p2401
I66
sS'donne'
p2402
I66
sS'summatime'
p2403
I66
sS'marquez'
p2404
I66
sS"l'om"
p2405
I65
sS'thankkkk'
p2406
I66
sS'fucking'
p2407
I57
sS'spring'
p2408
I66
sS'some'
p2409
I51
sS'back'
p2410
I48
sS'bounce'
p2411
I66
sS'shots...love'
p2412
I66
sS'jouer'
p2413
I65
sS'surpris'
p2414
I66
sS'vincent"'
p2415
I66
sS'ligue'
p2416
I65
sS'w/stub'
p2417
I66
sS'higheezy'
p2418
I66
sS'rien'
p2419
I66
sS'devait'
p2420
I66
sS'jewelry'
p2421
I64
sS'meddeh'
p2422
I66
sS'\xd8\xa7\xd9\x84\xd9\x89'
p2423
I66
sS"jusqu'\xc3\xa0"
p2424
I66
sS'prom'
p2425
I66
sS'r\xc3\xa9union'
p2426
I66
sS'pee'
p2427
I66
sS"l'impression"
p2428
I66
sS'\xe2\x9c\x8c\xef\xb8\x8f\xe2\x9d\xa4\xef\xb8\x8f'
p2429
I65
sS'blackberry'
p2430
I66
sS'be'
p2431
I25
sS'fifa12'
p2432
I66
sS'run'
p2433
I64
sS'bb'
p2434
I66
sS'bc'
p2435
I66
sS'remembered'
p2436
I66
sS'kunis'
p2437
I66
sS'\xee\x94\xb11-0\xee\x84\xa0\xe2\x80\x9d\xe2\x80\x9d'
p2438
I66
sS'tsssss\xe2\x80\x9d'
p2439
I66
sS'step'
p2440
I65
sS'nowhere'
p2441
I66
sS'santa'
p2442
I66
sS'whimpers...having'
p2443
I66
sS'crap'
p2444
I66
sS'offside'
p2445
I65
sS'(9786'
p2446
I66
sS'marcushyde'
p2447
I63
sS'wouldnt'
p2448
I66
sS'76'
p2449
I66
sS'truck'
p2450
I66
sS'drama'
p2451
I66
sS'extensions'
p2452
I66
sS'urth'
p2453
I65
sS'germany'
p2454
I65
sS'wanna'
p2455
I55
sS'block'
p2456
I66
sS'\xd9\x85\xd8\xad\xd8\xa7\xd8\xb7\xd9\x8a\xd9\x86'
p2457
I66
sS'ppl'
p2458
I64
sS'seeing'
p2459
I64
sS'visit'
p2460
I64
sS'into'
p2461
I56
sS'within'
p2462
I66
sS'pluricane'
p2463
I64
sS'karima32'
p2464
I66
sS'france'
p2465
I66
sS'lebron'
p2466
I65
sS'katie'
p2467
I66
sS'"eh'
p2468
I66
sS'hahahhaha'
p2469
I66
sS'sad'
p2470
I66
sS'xo-xo-xo'
p2471
I66
sS'apparently'
p2472
I66
sS'xoxo'
p2473
I65
sS'ca)'
p2474
I44
sS'long'
p2475
I57
sS'suis'
p2476
I64
sS'(photo'
p2477
I61
sS'esperant'
p2478
I66
sS"we're"
p2479
I64
sS'homemade'
p2480
I66
sS'forward'
p2481
I65
sS'nowwwwthinking'
p2482
I66
sS'scared'
p2483
I66
sS'bosse'
p2484
I66
sS'invite'
p2485
I66
sS'dips'
p2486
I66
sS'murphy'
p2487
I66
sS'toooo'
p2488
I66
sS'searching'
p2489
I66
sS'boys'
p2490
I65
sS'audioboo'
p2491
I66
sS'line'
p2492
I66
sS'\xe2\x99\xa5'
p2493
I66
sS'posted'
p2494
I65
sS'info'
p2495
I66
sS'.i'
p2496
I66
sS'"marginalizing"'
p2497
I66
sS'skull'
p2498
I66
sS'inhumane'
p2499
I66
sS'sounds'
p2500
I66
sS'fries'
p2501
I66
sS'up'
p2502
I35
sS'us'
p2503
I56
sS'ur'
p2504
I60
sS'un'
p2505
I50
sS'uh'
p2506
I66
sS'\xd8\xaa\xd9\x83\xd8\xa7\xd8\xaf'
p2507
I66
sS'\xd8\xa7\xd9\x84\xd9\x84\xd8\xaf\xd9\x88\xd8\xaf'
p2508
I66
sS'neezz'
p2509
I66
sS'z'
p2510
I66
sS'called'
p2511
I65
sS'uber'
p2512
I66
sS'supervisor'
p2513
I66
sS'showtime'
p2514
I66
sS'alumni'
p2515
I66
sS'gunpoint'
p2516
I66
sS'single'
p2517
I64
sS'diverse'
p2518
I66
sS'bicep'
p2519
I66
sS'nag'
p2520
I66
sS'10am'
p2521
I66
sS'preguntar'
p2522
I66
sS'endurance'
p2523
I66
sS'mooore'
p2524
I66
sS'application'
p2525
I66
sS'nap'
p2526
I66
sS'electrical'
p2527
I66
sS'grind'
p2528
I66
sS'nice'
p2529
I58
sS'shrug'
p2530
I64
sS'missin'
p2531
I66
sS'skit'
p2532
I66
sS'hipsters'
p2533
I66
sS'reprise'
p2534
I66
sS'helping'
p2535
I66
sS'chirs'
p2536
I66
sS'dayyyy'
p2537
I66
sS'supris'
p2538
I66
sS'apres'
p2539
I66
sS'kenan'
p2540
I66
sS'pottery'
p2541
I65
sS'e'
p2542
I65
sS'manque'
p2543
I66
sS'stressin'
p2544
I66
sS'cooked'
p2545
I66
sS'depth'
p2546
I65
sS'far'
p2547
I65
sS"she's"
p2548
I65
sS'maerachel'
p2549
I66
sS'hello'
p2550
I64
sS'once'
p2551
I65
sS'pass\xc3\xa9'
p2552
I66
sS'jason'
p2553
I66
sS'saying'
p2554
I66
sS'zoey'
p2555
I66
sS'essai'
p2556
I66
sS'gang'
p2557
I66
sS'dainty'
p2558
I66
sS'go'
p2559
I35
sS'etait'
p2560
I66
sS'dumbbell'
p2561
I62
sS'chillin'
p2562
I66
sS'issues'
p2563
I66
sS'discuter'
p2564
I66
sS'simon'
p2565
I66
sS'shackles'
p2566
I66
sS'"bump'
p2567
I66
sS'concerned'
p2568
I66
sS'ultraviolence'
p2569
I66
sS'young'
p2570
I65
sS'savoir'
p2571
I66
sS'adoooore'
p2572
I66
sS'helps'
p2573
I66
sS'sent'
p2574
I65
sS'ceeg'
p2575
I66
sS'wheres'
p2576
I66
sS'player\xe2\x80\x9d'
p2577
I66
sS'dessert'
p2578
I66
sS'continues'
p2579
I66
sS'octo'
p2580
I66
sS'putting'
p2581
I65
sS'cctm'
p2582
I60
sS'drinking'
p2583
I66
sS'octa'
p2584
I66
sS'magic'
p2585
I65
sS'rappelles'
p2586
I66
sS'exits'
p2587
I66
sS'\xd9\x84\xd8\xa7'
p2588
I65
sS'niggas'
p2589
I66
sS'michael'
p2590
I65
sS'try'
p2591
I61
sS'meee'
p2592
I66
sS'min'
p2593
I66
sS':)\xe2\x80\x9d'
p2594
I66
sS'mwah'
p2595
I66
sS'challenge'
p2596
I66
sS'hunter'
p2597
I66
sS'lmaooooooo'
p2598
I66
sS'stade'
p2599
I66
sS'crop'
p2600
I66
sS'waking'
p2601
I65
sS'jump'
p2602
I66
sS'francais'
p2603
I66
sS'video'
p2604
I66
sS'gourcuff'
p2605
I66
sS'uncomfortable'
p2606
I66
sS'\xd9\x85\xd8\xac\xd8\xb1\xd8\xaf'
p2607
I66
sS'odd'
p2608
I66
sS'font'
p2609
I66
sS"twin..breakin'"
p2610
I66
sS'giving'
p2611
I66
sS'anton'
p2612
I59
sS'asap'
p2613
I66
sS'vampire'
p2614
I66
sS'waiting'
p2615
I63
sS'capital'
p2616
I66
sS'plant\xc3\xa9'
p2617
I66
sS'ouest(en'
p2618
I66
sS'confines'
p2619
I66
sS'ahhhhh'
p2620
I66
sS'exercise'
p2621
I65
sS'thin'
p2622
I66
sS'body'
p2623
I65
sS'pg13'
p2624
I66
sS'michalak'
p2625
I65
sS'chose'
p2626
I65
sS'raccoons'
p2627
I66
sS'leg'
p2628
I62
sS'elimin\xc3\xa9il'
p2629
I66
sS'commercial'
p2630
I65
sS'sprung'
p2631
I66
sS'following'
p2632
I64
sS'les'
p2633
I56
sS'let'
p2634
I60
sS"kevin's"
p2635
I66
sS'others'
p2636
I61
sS'tenus'
p2637
I66
sS'tuition'
p2638
I66
sS'extreme'
p2639
I66
sS'leggings'
p2640
I66
sS'great'
p2641
I54
sS'\xe2\x9a\xbd\xef\xb8\x8f'
p2642
I66
sS'31'
p2643
I66
sS'30'
p2644
I63
sS'beaucoup'
p2645
I66
sS'gens'
p2646
I66
sS'ment'
p2647
I66
sS'garcon'
p2648
I65
sS'sport"'
p2649
I66
sS'makes'
p2650
I64
sS'\xd8\xb5\xd8\xa7\xd8\xb1\xd9\x88\xd8\xa7'
p2651
I66
sS'thats'
p2652
I65
sS'holmes'
p2653
I66
sS'attend'
p2654
I66
sS'win'
p2655
I63
sS'unlikely\xe2\x80\x9d'
p2656
I66
sS'private'
p2657
I65
sS'order'
p2658
I66
sS'manny'
p2659
I66
sS'wit'
p2660
I66
sS'motor'
p2661
I66
sS'duck'
p2662
I66
sS'bient\xc3\xb4t'
p2663
I66
sS'fi\xc3\xa8re'
p2664
I66
sS'singing'
p2665
I65
sS'pt.ii'
p2666
I66
sS'use'
p2667
I65
sS'hahahahaha'
p2668
I66
sS'from'
p2669
I37
sS'usa'
p2670
I65
sS'&'
p2671
I37
sS'chi'
p2672
I66
sS'tas'
p2673
I66
sS'cray'
p2674
I64
sS'next'
p2675
I54
sS'few'
p2676
I63
sS'feu'
p2677
I66
sS'debbie'
p2678
I66
sS'december'
p2679
I66
sS'sort'
p2680
I66
sS'1nice'
p2681
I66
sS'reguliere'
p2682
I66
sS':35%'
p2683
I66
sS'started'
p2684
I65
sS'tax'
p2685
I66
sS'musician'
p2686
I66
sS'about'
p2687
I46
sS'\xd8\xa7\xd9\x85\xd8\xb1\xd9\x8a\xd9\x83\xd8\xa7'
p2688
I66
sS'confused'
p2689
I66
sS'payne'
p2690
I66
sS'google+'
p2691
I66
sS'baby'
p2692
I60
sS'4am'
p2693
I66
sS'iii'
p2694
I66
sS'women'
p2695
I64
sS'annoy'
p2696
I66
sS'crosses'
p2697
I66
sS'animals'
p2698
I66
sS'glorieuses'
p2699
I66
sS'this'
p2700
I16
sS'ride'
p2701
I64
sS'pour'
p2702
I54
sS'creepy'
p2703
I66
sS'anywhere'
p2704
I66
sS'bettinakorek'
p2705
I66
sS'freedom'
p2706
I66
sS'meet'
p2707
I62
sS'something'
p2708
I61
sS'votre'
p2709
I66
sS'plate'
p2710
I65
sS'process'
p2711
I66
sS'favorite'
p2712
I60
sS'halloween'
p2713
I64
sS'high'
p2714
I65
sS'bend'
p2715
I65
sS'slip'
p2716
I66
sS'blvd'
p2717
I65
sS'shrimp'
p2718
I66
sS'sir'
p2719
I66
sS'\xd9\x88\xd8\xa7\xd9\x84\xd8\xad\xd9\x8a\xd9\x86'
p2720
I66
sS'united'
p2721
I66
sS'lame'
p2722
I66
sS'six'
p2723
I66
sS'rodeo'
p2724
I66
sS'd\xc3\xa9put\xc3\xa9'
p2725
I66
sS'\xd8\xa7\xd9\x84\xd9\x8a\xd8\xa7\xd8\xa8\xd8\xa7\xd9\x86'
p2726
I66
sS'frere'
p2727
I66
sS'titre'
p2728
I66
sS"l'ordrela"
p2729
I66
sS'stock'
p2730
I66
sS'\xd8\xa7\xd9\x84\xd8\xb9\xd9\x8a\xd8\xaf\xe2\x80\xa6'
p2731
I66
sS'atrevo'
p2732
I66
sS'monica'
p2733
I66
sS'underway'
p2734
I66
sS'collection'
p2735
I66
sS"money\xe2\x80\x94they'll"
p2736
I66
sS'pigs'
p2737
I66
sS'entrer'
p2738
I66
sS'taco'
p2739
I66
sS'spelling'
p2740
I66
sS'lonesomedove33'
p2741
I66
sS'psychedelic'
p2742
I66
sS'...\xe2\x80\x9d'
p2743
I65
sS'realized'
p2744
I65
sS'assassin'
p2745
I66
sS'"/via"'
p2746
I66
sS'bacardi"'
p2747
I66
sS'light'
p2748
I64
sS'c\xc5\x93ur'
p2749
I66
sS'on\xe2\x80\xa6'
p2750
I66
sS'chief'
p2751
I65
sS'rainbows'
p2752
I66
sS'rmft'
p2753
I66
sS'noches'
p2754
I66
sS'producer'
p2755
I65
sS'sauv\xc3\xa9'
p2756
I66
sS'comme'
p2757
I64
sS'acheter'
p2758
I66
sS'toulouse.jai'
p2759
I66
sS'dearest'
p2760
I66
sS"won't"
p2761
I64
sS'looks'
p2762
I62
sS'cruise'
p2763
I66
sS'\xd8\xa7\xd9\x84\xd9\x81\xd8\xb1\xd8\xad\xd9\x87'
p2764
I66
sS'galaxy'
p2765
I64
sS'bunch'
p2766
I66
sS'perfect'
p2767
I65
sS'blake'
p2768
I66
sS'le'
p2769
I45
sS'la'
p2770
I24
sS'll'
p2771
I66
sS'[pic]'
p2772
I59
sS'eux'
p2773
I65
sS'lp'
p2774
I66
sS'escape-the'
p2775
I66
sS'2014'
p2776
I66
sS'90210'
p2777
I66
sS'2013'
p2778
I66
sS'2012'
p2779
I65
sS'dad'
p2780
I66
sS'crash'
p2781
I66
sS'would..."'
p2782
I66
sS'auto'
p2783
I66
sS'practice'
p2784
I64
sS'tsubasa'
p2785
I66
sS"t'as"
p2786
I66
sS'cuse'
p2787
I66
sS'whyyyyyy'
p2788
I66
sS'front'
p2789
I65
sS'day'
p2790
I39
sS'break"'
p2791
I66
sS'haha\xe2\x80\x9d'
p2792
I66
sS'toddler'
p2793
I66
sS'thanks\xe2\x80\x9d'
p2794
I66
sS'fil-a'
p2795
I66
sS'towandabraxton'
p2796
I66
sS'-\xe2\x80\xa6'
p2797
I66
sS'billy'
p2798
I66
sS'tuel'
p2799
I66
sS'importants'
p2800
I66
sS'bills'
p2801
I65
sS'|'
p2802
I56
sS'oui'
p2803
I62
sS'"shitballs"'
p2804
I66
sS'shower'
p2805
I66
sS'doing'
p2806
I64
sS'360>24'
p2807
I66
sS'chunk'
p2808
I66
sS'pursuits'
p2809
I66
sS'related'
p2810
I65
sS'hoes'
p2811
I66
sS'our'
p2812
I59
sS'tant'
p2813
I66
sS'flys'
p2814
I65
sS'out'
p2815
I32
sS'category'
p2816
I65
sS'matt'
p2817
I66
sS'\xd9\x88\xd9\x84\xd9\x87\xd8\xa7\xd8\xa7\xd8\xa7\xd8\xa7\xd9\x86\xd9\x8a\xd9\x8a\xd9\x8a\xd9\x8a\xd9\x8a\xd9\x8a\xd9\x86\xd9\x86\xd9\x86\xd9\x86\xd9\x86\xd9\x86'
p2818
I66
sS'inspiration'
p2819
I66
sS'banking'
p2820
I66
sS'cunt"'
p2821
I66
sS'gars'
p2822
I66
sS'libow'
p2823
I66
sS'mate'
p2824
I65
sS'cest'
p2825
I66
sS'hilarious'
p2826
I65
sS'diaries'
p2827
I66
sS'globos'
p2828
I66
sS'we\xe2\x80\x99re'
p2829
I66
sS'blasting'
p2830
I66
sS'time"'
p2831
I66
sS'torres'
p2832
I66
sS'bwt'
p2833
I66
sS'out\xe2\x80\xa6'
p2834
I66
sS'frank'
p2835
I66
sS'temps'
p2836
I66
sS'shud'
p2837
I66
sS'que'
p2838
I60
sS"segal's"
p2839
I66
sS'qui'
p2840
I60
sS'keelan'
p2841
I66
sS'craving'
p2842
I66
sS'"can'
p2843
I66
sS'scary'
p2844
I66
sS'mythe'
p2845
I66
sS'(encore'
p2846
I66
sS'hinting'
p2847
I66
sS'times'
p2848
I64
sS'conversation'
p2849
I65
sS'4th'
p2850
I65
sS'defendreen'
p2851
I66
sS'semiannually'
p2852
I66
sS'jespere'
p2853
I66
sS'keef'
p2854
I65
sS'\xe2\x9d\xa4\xe2\x9d\xa4'
p2855
I66
sS'stuck'
p2856
I66
sS'tuuuuuu'
p2857
I66
sS'respond'
p2858
I66
sS'\xd9\x88\xd8\xb4'
p2859
I66
sS'\xd8\xac\xd9\x86\xd8\xa7\xd9\x86'
p2860
I66
sS'scene'
p2861
I66
sS'bootcamp'
p2862
I66
sS'hillcrest'
p2863
I62
sS'bitch'
p2864
I63
sS'gros'
p2865
I66
sS'quality'
p2866
I65
sS'highkey'
p2867
I66
sS'prank'
p2868
I66
sS"you're"
p2869
I51
sS'sadly'
p2870
I65
sS'\xd9\x83\xd8\xab\xd9\x8a\xd8\xb1\xd8\xa9'
p2871
I66
sS'boit'
p2872
I66
sS'los'
p2873
I42
sS'porque'
p2874
I66
sS'"wake'
p2875
I66
sS'accent'
p2876
I65
sS'mal'
p2877
I66
sS'their'
p2878
I61
sS'deffacer'
p2879
I66
sS'solidarity'
p2880
I66
sS'racist'
p2881
I66
sS'nukka'
p2882
I66
sS'final'
p2883
I66
sS'ptit'
p2884
I66
sS'stars'
p2885
I66
sS'jesus'
p2886
I66
sS'academy'
p2887
I66
sS'bit'
p2888
I66
sS'valdo'
p2889
I66
sS'depressing'
p2890
I65
sS'bieber'
p2891
I65
sS'july'
p2892
I66
sS'\xd9\x84\xd9\x83'
p2893
I66
sS'herself'
p2894
I66
sS'gotchu'
p2895
I66
sS'neck'
p2896
I66
sS'loved'
p2897
I65
sS'split'
p2898
I66
sS'lion'
p2899
I66
sS'derniers'
p2900
I66
sS'bee'
p2901
I66
sS'appealing'
p2902
I66
sS'loves'
p2903
I64
sS'whyyyyu'
p2904
I66
sS'"fucking'
p2905
I66
sS'encore'
p2906
I65
sS'exhibit'
p2907
I66
sS'classe'
p2908
I66
sS'clip'
p2909
I66
sS'20yrs'
p2910
I66
sS'tonight'
p2911
I60
sS'gentle'
p2912
I66
sS'irdk'
p2913
I66
sS'dormir'
p2914
I66
sS'defending'
p2915
I66
sS'have'
p2916
I28
sS'need'
p2917
I50
sS'player:i'
p2918
I66
sS'clearly'
p2919
I66
sS'qu'
p2920
I62
sS'mermaid'
p2921
I66
sS'sprinkles'
p2922
I66
sS'dallas'
p2923
I66
sS'suka'
p2924
I66
sS'clef'
p2925
I66
sS'from!\xe2\x80\xa6'
p2926
I66
sS'able'
p2927
I63
sS'bientot'
p2928
I66
sS'hangover'
p2929
I66
sS'waffles'
p2930
I66
sS'makeover'
p2931
I66
sS'jersey'
p2932
I66
sS'which'
p2933
I66
sS'seront'
p2934
I66
sS'mis'
p2935
I66
sS'are\xe2\x80\x9d'
p2936
I66
sS'lily'
p2937
I66
sS'domo'
p2938
I66
sS'toughest'
p2939
I66
sS'\xd8\xba\xd8\xb2\xd8\xa7\xd9\x84='
p2940
I66
sS'vestiaire'
p2941
I66
sS'\xd8\xa7\xd8\xac\xd8\xb9\xd9\x84'
p2942
I66
sS'who'
p2943
I50
sS'looking"'
p2944
I66
sS"where's"
p2945
I65
sS'officialissuexophoto'
p2946
I66
sS'why'
p2947
I55
sS'avance'
p2948
I66
sS'lutte'
p2949
I66
sS'laurent'
p2950
I66
sS'saddest'
p2951
I66
sS'bred'
p2952
I66
sS'stronger'
p2953
I66
sS'face'
p2954
I61
sS'looked'
p2955
I64
sS"mo'help"
p2956
I66
sS"you'll"
p2957
I61
sS'talk'
p2958
I64
sS'mechanical'
p2959
I66
sS'pack?\xc2\xbf\xe2\x80\x9d'
p2960
I66
sS"d'insultes"
p2961
I66
sS'uefa'
p2962
I66
sS'fact'
p2963
I66
sS'bell'
p2964
I66
sS'son'
p2965
I62
sS'neiman'
p2966
I66
sS'vanessaaagp'
p2967
I66
sS'1200e'
p2968
I66
sS'please'
p2969
I64
sS'indoor'
p2970
I66
sS'anyway'
p2971
I66
sS'brother'
p2972
I66
sS'unbelievable'
p2973
I66
sS'bring'
p2974
I65
sS'planning'
p2975
I66
sS'=dear'
p2976
I66
sS'passe'
p2977
I64
sS'rough'
p2978
I65
sS'longer'
p2979
I66
sS'fictional'
p2980
I66
sS'espn'
p2981
I66
sS'staff'
p2982
I65
sS'perle'
p2983
I66
sS'calling'
p2984
I66
sS'frenchy'
p2985
I66
sS'jay'
p2986
I66
sS'hills.bucket'
p2987
I66
sS'('
p2988
I51
sS'dragonite'
p2989
I66
sS'should'
p2990
I58
sS'bases'
p2991
I66
sS'lemme'
p2992
I65
sS'bourbon'
p2993
I63
sS'amplify'
p2994
I66
sS'hope'
p2995
I56
sS'regularly'
p2996
I66
sS'fabulous'
p2997
I65
sS'listened'
p2998
I66
sS'means'
p2999
I65
sS'beat'
p3000
I66
sS'beau'
p3001
I66
sS'dope'
p3002
I66
sS'llevant'
p3003
I66
sS'999'
p3004
I66
sS'lucky'
p3005
I64
sS'bear'
p3006
I66
sS'fatburger'
p3007
I66
sS'tbh'
p3008
I66
sS'ones'
p3009
I65
sS'redeem'
p3010
I66
sS'words'
p3011
I65
sS'arrived..ill'
p3012
I66
sS'smash'
p3013
I66
sS'sht'
p3014
I65
sS'bestest'
p3015
I66
sS'partie'
p3016
I66
sS'rapper'
p3017
I66
sS'teams'
p3018
I66
sS'whether'
p3019
I66
sS'stuff'
p3020
I66
sS'she'
p3021
I60
sS'knoow'
p3022
I66
sS'frequent'
p3023
I66
sS'grab'
p3024
I65
sS'costume'
p3025
I66
sS'merite'
p3026
I66
sS'lsp'
p3027
I66
sS'ebc'
p3028
I66
sS'hardwood'
p3029
I66
sS'travis'
p3030
I66
sS'(mep)'
p3031
I66
sS'officialy'
p3032
I66
sS'packed'
p3033
I66
sS'reflechir'
p3034
I66
sS'has'
p3035
I49
sS'yass'
p3036
I66
sS'injustice'
p3037
I66
sS'membrane'
p3038
I66
sS'lui'
p3039
I66
sS'm\xc3\xaame'
p3040
I65
sS'bought'
p3041
I66
sS'ends'
p3042
I64
sS'kel'
p3043
I65
sS'cauliflower'
p3044
I66
sS'tenter'
p3045
I66
sS'deanda'
p3046
I66
sS'ok"'
p3047
I66
sS'peets'
p3048
I66
sS'job'
p3049
I64
sS'complicate'
p3050
I66
sS'key'
p3051
I66
sS'certaines'
p3052
I66
sS'\xd8\xa7\xd9\x84\xd8\xba\xd8\xa7\xd9\x84\xd9\x8a\xd8\xa9'
p3053
I66
sS'david'
p3054
I64
sS'etr'
p3055
I66
sS'hits'
p3056
I65
sS'joke'
p3057
I63
sS'taking'
p3058
I62
sS"he's"
p3059
I64
sS'mattty'
p3060
I66
sS'\xd8\xa7\xd8\xb1\xd8\xad\xd9\x85\xd9\x87\xd9\x85'
p3061
I66
sS'\xd8\xa8\xd9\x87\xd8\xa7'
p3062
I66
sS'npr'
p3063
I66
sS'marta'
p3064
I65
sS"qu'ils"
p3065
I66
sS'takins'
p3066
I66
sS'wear'
p3067
I66
sS'comment'
p3068
I64
sS'gorgeous'
p3069
I66
sS'seguidores!bienvenu'
p3070
I66
sS'toilet'
p3071
I66
sS'cc'
p3072
I65
sS'troubles'
p3073
I66
sS'ca'
p3074
I48
sS'ce'
p3075
I62
sS'walk'
p3076
I64
sS'news'
p3077
I66
sS'fukushima'
p3078
I66
sS'respect'
p3079
I65
sS'oakland'
p3080
I66
sS'1927'
p3081
I66
sS'basically....techno-7samba-1'
p3082
I66
sS'yay'
p3083
I66
sS'\xd9\x88\xd8\xa5\xd9\x8a\xd8\xac\xd8\xa7\xd8\xa8\xd9\x8a\xd8\xa7\xd8\xaa'
p3084
I66
sS'entend'
p3085
I66
sS"it's"
p3086
I30
sS'sara'
p3087
I66
sS'tr\xc3\xa8s'
p3088
I66
sS'\xd9\x85\xd8\xaa\xd9\x89'
p3089
I66
sS'gaze'
p3090
I66
sS'willl'
p3091
I66
sS'yak'
p3092
I66
sS'equipe'
p3093
I66
sS'waste'
p3094
I66
sS'bbq'
p3095
I66
sS'>'
p3096
I66
sS'ecoutes'
p3097
I66
sS'general'
p3098
I66
sS'aubrey'
p3099
I66
sS'tricep'
p3100
I66
sS'cunnigham.\xe2\x80\xa6'
p3101
I66
sS'finished'
p3102
I65
sS'-.-'
p3103
I66
sS'kicks'
p3104
I64
sS'brunch'
p3105
I66
sS'bubbles'
p3106
I66
sS'chivas'
p3107
I64
sS'"franky'
p3108
I66
sS'erin'
p3109
I66
sS'hubo'
p3110
I66
sS'\xd9\x88\xd9\x8a\xd9\x86'
p3111
I66
sS'vanilla'
p3112
I65
sS'7-0'
p3113
I66
sS'podcasts'
p3114
I65
sS'will'
p3115
I42
sS'\xd8\xa7\xd9\x8a\xd8\xac\xd8\xa7\xd8\xa8\xd9\x8a\xd8\xa7\xd8\xaa\xd9\x87\xd8\xa7'
p3116
I66
sS'country'
p3117
I42
sS'au'
p3118
I65
sS'"misappropriation"'
p3119
I66
sS'~'
p3120
I65
sS'va'
p3121
I58
sS'qualit\xc3\xa9'
p3122
I66
sS'almost'
p3123
I66
sS'loulous'
p3124
I66
sS'site'
p3125
I66
sS'wife'
p3126
I66
sS'rips'
p3127
I66
sS'vs'
p3128
I58
sS'raison'
p3129
I64
sS'wks'
p3130
I66
sS'giffen'
p3131
I66
sS'qd'
p3132
I66
sS'jenner'
p3133
I66
sS'tattoo'
p3134
I66
sS'parte'
p3135
I66
sS'barkero'
p3136
I66
sS'\xc3\xa9voque'
p3137
I66
sS')'
p3138
I58
sS'cross'
p3139
I66
sS'underwhelmed'
p3140
I66
sS'jenna'
p3141
I66
sS'dispo'
p3142
I66
sS'party'
p3143
I66
sS'gets'
p3144
I65
sS'paula'
p3145
I66
sS'une'
p3146
I61
sS'altidore'
p3147
I66
sS'promo'
p3148
I66
sS'premiere'
p3149
I65
sS'bale'
p3150
I66
sS'definately'
p3151
I66
sS'sauna'
p3152
I66
sS'coaches'
p3153
I66
sS'\xd8\xa7\xd8\xa8\xd9\x8a'
p3154
I66
sS'ikea'
p3155
I66
sS'ridley-thomas'
p3156
I66
sS'l.a'
p3157
I66
sS'16years'
p3158
I66
sS'off'
p3159
I60
sS'center'
p3160
I64
sS'i'
p3161
I3
sS'well'
p3162
I60
sS'rileeyyyyyyy'
p3163
I66
sS'fighting'
p3164
I66
sS'antonio'
p3165
I66
sS'thought'
p3166
I62
sS'\xd8\xb4\xd8\xb1'
p3167
I66
sS'oops'
p3168
I65
sS'sets'
p3169
I65
sS'juanfran'
p3170
I66
sS'hekmat'
p3171
I66
sS'usual'
p3172
I66
sS'excessive'
p3173
I66
sS'less'
p3174
I66
sS'accurate'
p3175
I66
sS'half'
p3176
I66
sS'keeping'
p3177
I66
sS"j'ai"
p3178
I66
sS'jerseys'
p3179
I66
sS'azalea'
p3180
I66
sS'cigarette'
p3181
I66
sS'superset'
p3182
I65
sS'intercontinental'
p3183
I66
sS'point'
p3184
I65
sS'sky'
p3185
I64
sS'lake'
p3186
I63
sS'realize'
p3187
I65
sS'etre'
p3188
I66
sS'add'
p3189
I66
sS'other'
p3190
I63
sS'\xd8\xa7\xd9\x84\xd9\x83\xd9\x88\xd9\x8a\xd8\xaa'
p3191
I65
sS'sweet'
p3192
I66
sS'ohhh'
p3193
I66
sS'nata'
p3194
I66
sS'match'
p3195
I61
sS'groenland'
p3196
I66
sS'imperativeit'
p3197
I66
sS'jeanpierre'
p3198
I66
sS'checking'
p3199
I66
sS'smashing'
p3200
I66
sS"who's"
p3201
I65
sS'angelse'
p3202
I66
sS'manners'
p3203
I66
sS'boiiiii'
p3204
I66
sS'headlining'
p3205
I66
sS'five'
p3206
I66
sS'know'
p3207
I35
sS'press'
p3208
I62
sS'righttttt'
p3209
I66
sS'\xd8\xb9\xd8\xb1\xd8\xb6'
p3210
I66
sS'mwahhh'
p3211
I66
sS'loss'
p3212
I65
sS'racistes'
p3213
I66
sS'puppy'
p3214
I63
sS'showing'
p3215
I66
sS'like'
p3216
I33
sS'success'
p3217
I66
sS'gypsy'
p3218
I66
sS'mermaid??\xe2\x80\xa6'
p3219
I66
sS'ring'
p3220
I66
sS'11pm'
p3221
I66
sS'candy'
p3222
I66
sS'dresses'
p3223
I66
sS'lose'
p3224
I64
sS'retrouv\xc3\xa9'
p3225
I66
sS'\xd8\xb3\xd9\x85'
p3226
I66
sS'funniest'
p3227
I66
sS'soft'
p3228
I66
sS'page'
p3229
I66
sS'lends'
p3230
I66
sS'because'
p3231
I57
sS'>>>>>>>>>>>>>>>'
p3232
I66
sS'ballon'
p3233
I66
sS'twitter'
p3234
I57
sS'bizz\xe2\x80\x9d'
p3235
I66
sS'alive'
p3236
I66
sS'hair'
p3237
I66
sS'$150'
p3238
I66
sS'bien!\xe2\x80\x9d'
p3239
I66
sS'proper'
p3240
I66
sS'home'
p3241
I61
sS'happens'
p3242
I65
sS'vraiment'
p3243
I66
sS'est'
p3244
I51
sS'bet'
p3245
I65
sS'literally'
p3246
I66
sS'tmz'
p3247
I66
sS'\xe2\x98\xba\xef\xb8\x8f\xe2\x9d\xa4\xef\xb8\x8f'
p3248
I66
sS'hurricane'
p3249
I66
sS'philosopher'
p3250
I66
sS'brasa'
p3251
I66
sS'does'
p3252
I62
sS'dogtown'
p3253
I66
sS'speak'
p3254
I66
sS'avoir'
p3255
I65
sS':p\xe2\x80\x9d'
p3256
I66
sS'blowing'
p3257
I66
sS'puedo'
p3258
I66
sS'quoiiiiii'
p3259
I66
sS'100%'
p3260
I66
sS'jour?\xe2\x80\x9d'
p3261
I66
sS'marcushyde_'
p3262
I66
sS'marketable'
p3263
I66
sS'\xd9\x85\xd9\x86'
p3264
I63
sS'\xd8\xb9\xd8\xa7\xd8\xb4\xd8\xaa'
p3265
I66
sS'sister'
p3266
I65
sS':-)'
p3267
I65
sS'rare'
p3268
I66
sS'justin'
p3269
I65
sS'getting'
p3270
I57
sS'smartly'
p3271
I66
sS'membre'
p3272
I66
sS'headed'
p3273
I66
sS'angeles'
p3274
I26
sS'perks'
p3275
I66
sS'swear'
p3276
I65
sS'that\xe2\x80\x99s'
p3277
I66
sS'introduced'
p3278
I66
sS'documentary'
p3279
I65
sS'autocorrect'
p3280
I66
sS'swimming'
p3281
I66
sS'own'
p3282
I66
sS'matchs'
p3283
I66
sS'knowwww'
p3284
I66
sS'\xd8\xb4\xd9\x8a'
p3285
I66
sS'terry'
p3286
I66
sS'washington'
p3287
I66
sS'screamed'
p3288
I66
sS'of\xe2\x80\xa6'
p3289
I64
sS'weather'
p3290
I65
sS'champ'
p3291
I66
sS'frm'
p3292
I66
sS'artists'
p3293
I66
sS'lionheart'
p3294
I66
sS'pointless'
p3295
I66
sS"qu'on"
p3296
I66
sS'hehe'
p3297
I65
sS'confident'
p3298
I66
sS'museum'
p3299
I49
sS'appt'
p3300
I66
sS'celebration'
p3301
I66
sS'kidding'
p3302
I65
sS'continental'
p3303
I66
sS'commence.\xe2\x80\x9d'
p3304
I66
sS'date!first'
p3305
I66
sS'vas'
p3306
I65
sS'goin'
p3307
I66
sS'naturally'
p3308
I66
sS'buy'
p3309
I63
sS"i've"
p3310
I59
sS'hr'
p3311
I66
sS'bus'
p3312
I66
sS'bitches'
p3313
I66
sS'but'
p3314
I33
sS'ouf'
p3315
I66
sS'delivery'
p3316
I66
sS'reminds'
p3317
I66
sS'hi'
p3318
I61
sS'gain'
p3319
I66
sS'big.\xe2\x80\x9d'
p3320
I66
sS'babyfoot!"'
p3321
I66
sS'>>>>>'
p3322
I66
sS'lloyd'
p3323
I66
sS'eat'
p3324
I65
sS'he'
p3325
I56
sS'made'
p3326
I58
sS'wise'
p3327
I66
sS'places'
p3328
I64
sS'tonight!\xe2\x80\x9d'
p3329
I66
sS'wish'
p3330
I60
sS'j'
p3331
I64
sS'\xc2\xab'
p3332
I65
sS'below'
p3333
I66
sS'cake'
p3334
I64
sS'problem'
p3335
I65
sS'piece'
p3336
I66
sS'minutes'
p3337
I65
sS'\xc2\xbb'
p3338
I65
sS'instead'
p3339
I66
sS'descansar'
p3340
I66
sS'fabregas'
p3341
I66
sS'transformers'
p3342
I66
sS'ki'
p3343
I66
sS'pic'
p3344
I66
sS'kisses'
p3345
I66
sS'rsl-sea'
p3346
I66
sS'tops\xe2\x80\x9d'
p3347
I66
sS'beats'
p3348
I66
sS'bad!only'
p3349
I66
sS'ine'
p3350
I66
sS'sneak'
p3351
I66
sS'shooting'
p3352
I65
sS'happen'
p3353
I64
sS'diego'
p3354
I65
sS'mutual'
p3355
I66
sS'compared'
p3356
I66
sS'blues..gotta'
p3357
I66
sS'incredible'
p3358
I66
sS'dressed'
p3359
I66
sS'offensive'
p3360
I66
sS'40'
p3361
I66
sS'deserved'
p3362
I66
sS'friends."'
p3363
I66
sS'book'
p3364
I64
sS'guarantee'
p3365
I66
sS'futur'
p3366
I66
sS'sick'
p3367
I64
sS'\xd9\x88\xd9\x88\xd8\xb2\xd9\x86\xd9\x8a'
p3368
I66
sS'kuya'
p3369
I64
sS'ponytail'
p3370
I66
sS'iove'
p3371
I66
sS'pier'
p3372
I66
sS'irons'
p3373
I66
sS'\xd8\xa7\xd9\x84\xd8\xaa\xd8\xae\xd9\x84\xd9\x81'
p3374
I66
sS'star'
p3375
I66
sS'monday'
p3376
I66
sS'gas'
p3377
I66
sS'june'
p3378
I66
sS'cesc'
p3379
I66
sS'stay'
p3380
I63
sS'chance'
p3381
I64
sS'insulto'
p3382
I66
sS'kinda'
p3383
I66
sS'favori'
p3384
I66
sS'friends'
p3385
I60
sS'jou\xc3\xa9'
p3386
I66
sS'"the'
p3387
I66
sS'garcia'
p3388
I66
sS'sensorineural'
p3389
I66
sS'amanda'
p3390
I66
sS'searched'
p3391
I66
sS'!bienvenido'
p3392
I66
sS'warm-up'
p3393
I66
sS'sash'
p3394
I66
sS'augmented'
p3395
I66
s.