(dp0
S''
p1
I1
sS'magload'
p2
I67
sS'four'
p3
I67
sS'saonzsi'
p4
I67
sS'sleep'
p5
I61
sS'asian'
p6
I65
sS'hanging'
p7
I66
sS'6pm'
p8
I67
sS'ayun'
p9
I67
sS'hate'
p10
I62
sS'nagkaon2x'
p11
I67
sS'umasa'
p12
I67
sS'tweet'
p13
I60
sS'presents'
p14
I67
sS'\xd8\xa7\xd8\xaa\xd9\x87'
p15
I67
sS'voted'
p16
I67
sS'ngali'
p17
I66
sS'under'
p18
I66
sS'teaching'
p19
I67
sS'sorry'
p20
I66
sS'aiden'
p21
I67
sS'updated'
p22
I65
sS'mata'
p23
I67
sS'nakalaban'
p24
I67
sS'ilawom'
p25
I67
sS'lololol'
p26
I67
sS'gyud'
p27
I65
sS'crackin'
p28
I67
sS'jack'
p29
I67
sS'thriving'
p30
I67
sS'bringing'
p31
I66
sS'tickets'
p32
I67
sS'magsagol'
p33
I67
sS"we'll"
p34
I65
sS'na.thanks'
p35
I67
sS'tayoo'
p36
I67
sS'mortadella'
p37
I67
sS'venue'
p38
I67
sS'wednesday'
p39
I67
sS'math'
p40
I53
sS'oooh'
p41
I66
sS'"don\'t'
p42
I67
sS'nahuhuli'
p43
I67
sS'enjoy'
p44
I67
sS'tawag'
p45
I66
sS'force'
p46
I67
sS'tired'
p47
I65
sS'phones'
p48
I67
sS'consistent'
p49
I67
sS'fun!!\xe2\x80\x9d'
p50
I67
sS'direct'
p51
I67
sS'\xd8\xa7\xd8\xad\xd9\x88\xd9\x84'
p52
I67
sS'diha'
p53
I63
sS'tfios'
p54
I67
sS'second'
p55
I66
sS'fabulous'
p56
I67
sS'helluva'
p57
I67
sS'follow'
p58
I67
sS'camming'
p59
I67
sS'cesar'
p60
I67
sS'kurot'
p61
I67
sS'even'
p62
I57
sS'ohhhok'
p63
I67
sS'mishuuu'
p64
I67
sS'saved'
p65
I65
sS'morning\xe2\x98\x80\xef\xb8\x8f'
p66
I67
sS'networkings'
p67
I67
sS'kunsintidor'
p68
I67
sS'bipolar'
p69
I66
sS'above'
p70
I67
sS'beater'
p71
I66
sS'supplier'
p72
I67
sS'new'
p73
I58
sS'ever'
p74
I62
sS'naido'
p75
I67
sS'told'
p76
I66
sS'mee'
p77
I67
sS'kicked'
p78
I65
sS'never'
p79
I56
sS'here'
p80
I55
sS'\xe2\x9d\xa4\xef\xb8\x8f'
p81
I66
sS'gibuwagan'
p82
I67
sS'studio'
p83
I67
sS'mer'
p84
I67
sS'pati'
p85
I67
sS'iphone/ipad'
p86
I67
sS'100'
p87
I67
sS"aren't"
p88
I67
sS'enrol'
p89
I67
sS'kids'
p90
I66
sS'study'
p91
I64
sS'"why'
p92
I66
sS'jail'
p93
I67
sS'dri'
p94
I66
sS'credit'
p95
I67
sS"i'd"
p96
I64
sS'ako'
p97
I32
sS'smoke'
p98
I66
sS'stressed'
p99
I67
sS"i'm"
p100
I23
sS'dre'
p101
I67
sS'nakakainlove'
p102
I67
sS'joshua'
p103
I62
sS'\xd8\xaf\xd9\x88\xd8\xb3'
p104
I67
sS'relationship...you'
p105
I67
sS'putota'
p106
I67
sS'feelings'
p107
I67
sS'bro'
p108
I65
sS'hahahahah'
p109
I67
sS'thursday'
p110
I67
sS'bri'
p111
I64
sS'hahahahaa'
p112
I67
sS'auditing'
p113
I67
sS"solano-vila's"
p114
I67
sS'sarah'
p115
I67
sS'swim!"'
p116
I67
sS'would'
p117
I61
sS'keith'
p118
I67
sS'motivate'
p119
I67
sS'imbento'
p120
I67
sS'princess'
p121
I67
sS'yankala'
p122
I67
sS'call'
p123
I63
sS'xfactor'
p124
I67
sS'tryin'
p125
I67
sS'tell'
p126
I64
sS'abusing'
p127
I67
sS'nka'
p128
I66
sS'daze'
p129
I67
sS'relax'
p130
I66
sS'brings'
p131
I67
sS'sagdi'
p132
I67
sS'haha'
p133
I15
sS'award'
p134
I67
sS'nko'
p135
I67
sS'phone'
p136
I59
sS'puhhleasee'
p137
I67
sS'ward'
p138
I67
sS'hahahaha"'
p139
I67
sS"5'7"
p140
I67
sS'must'
p141
I66
sS'me'
p142
I19
sS'md'
p143
I67
sS'mf'
p144
I67
sS'ma'
p145
I64
sS'room'
p146
I67
sS'teacher?&$(/'
p147
I67
sS'mo'
p148
I30
sS'work'
p149
I58
sS'makain'
p150
I67
sS'worth'
p151
I67
sS'ms'
p152
I67
sS'kagrabe'
p153
I67
sS'akin'
p154
I67
sS'kayaaa'
p155
I67
sS'my'
p156
I11
sS'naadik'
p157
I67
sS'give'
p158
I62
sS'lagiang'
p159
I67
sS"who's"
p160
I67
sS'tambok'
p161
I67
sS'captcha'
p162
I67
sS'ambot'
p163
I67
sS'want'
p164
I58
sS'times'
p165
I66
sS'advancing'
p166
I67
sS'nakudi'
p167
I67
sS'hoe'
p168
I67
sS'end'
p169
I66
sS'turn'
p170
I66
sS'complaining'
p171
I67
sS'hoo'
p172
I67
sS'song'
p173
I66
sS'nuts'
p174
I67
sS'hoi'
p175
I63
sS'machine'
p176
I67
sS'how'
p177
I52
sS'hot'
p178
I66
sS'hop'
p179
I67
sS'gikapoy'
p180
I67
sS'housemates'
p181
I67
sS'beach'
p182
I66
sS'pizza'
p183
I67
sS'badly'
p184
I67
sS'bday'
p185
I66
sS'after'
p186
I64
sS'siraulo'
p187
I60
sS'lab'
p188
I66
sS'whyyyy'
p189
I67
sS'days.\xe2\x80\x9d'
p190
I67
sS'thankyou'
p191
I67
sS'wrong'
p192
I66
sS'lay'
p193
I67
sS'chill\xe2\x80\x9d'
p194
I67
sS'adik'
p195
I59
sS'buhusan'
p196
I67
sS'magpakasal'
p197
I67
sS'pinapatunayan'
p198
I67
sS'amin'
p199
I67
sS'calves'
p200
I67
sS'third'
p201
I67
sS'hahahaunta'
p202
I67
sS'bwahahaha'
p203
I67
sS'appreciate'
p204
I67
sS'childhood'
p205
I67
sS'e-commerce'
p206
I67
sS'green'
p207
I66
sS'aloud'
p208
I67
sS'every'
p209
I60
sS'omarion'
p210
I67
sS'dieeee'
p211
I67
sS'punctuation'
p212
I67
sS'naman'
p213
I57
sS'office'
p214
I67
sS'vits'
p215
I66
sS'muffin'
p216
I67
sS'over'
p217
I61
sS'fam'
p218
I67
sS'murray'
p219
I67
sS'japan'
p220
I67
sS'salmonella'
p221
I67
sS'before'
p222
I62
sS'ima'
p223
I66
sS'kadto'
p224
I67
sS'backpack'
p225
I66
sS'imo'
p226
I60
sS'writing'
p227
I66
sS'better'
p228
I57
sS'maingay'
p229
I67
sS'tinatamad'
p230
I67
sS'weeks'
p231
I65
sS'then'
p232
I54
sS'them'
p233
I55
sS'sayaw'
p234
I67
sS'ginpipinirawan'
p235
I67
sS'ayaydelikado'
p236
I67
sS'prefer'
p237
I67
sS'slate'
p238
I67
sS'safe'
p239
I66
sS'school'
p240
I54
sS'break'
p241
I64
sS'band'
p242
I67
sS'haha!~'
p243
I67
sS'\xe2\x98\xba\xef\xb8\x8f'
p244
I65
sS':(('
p245
I67
sS'dahil'
p246
I67
sS'vaping'
p247
I67
sS'bouta'
p248
I66
sS'bread'
p249
I67
sS'netherlands'
p250
I67
sS'alex'
p251
I66
sS'kalabad'
p252
I67
sS'day.this'
p253
I67
sS'upppppp'
p254
I67
sS'lucy'
p255
I67
sS'kainuman'
p256
I67
sS'--'
p257
I67
sS'napuyat'
p258
I67
sS'each'
p259
I66
sS'yung'
p260
I58
sS'side'
p261
I67
sS'mean'
p262
I62
sS'weirdos'
p263
I67
sS'gunna'
p264
I67
sS'dumping'
p265
I67
sS'braiding'
p266
I67
sS'jalmost'
p267
I67
sS'solution'
p268
I67
sS'taught'
p269
I65
sS"we'd"
p270
I67
sS'kuko'
p271
I67
sS'forgot'
p272
I67
sS'logo'
p273
I66
sS'winaray'
p274
I67
sS't1'
p275
I67
sS'sounds'
p276
I65
sS'whip'
p277
I67
sS'rt'
p278
I62
sS'taon'
p279
I67
sS'kalaban'
p280
I67
sS'driving'
p281
I65
sS'unholy'
p282
I67
sS'god'
p283
I66
sS'libreha'
p284
I67
sS'manonood'
p285
I67
sS'washed'
p286
I67
sS'aalisin'
p287
I67
sS'ra'
p288
I54
sS'smh'
p289
I64
sS'got'
p290
I49
sS'rn'
p291
I67
sS'smc'
p292
I56
sS"you're"
p293
I63
sS'pbb'
p294
I60
sS'revenge'
p295
I65
sS'free'
p296
I66
sS'yesterday'
p297
I64
sS'nth'
p298
I67
sS'necessarily'
p299
I67
sS'struggle'
p300
I67
sS'e-pins'
p301
I65
sS'inom'
p302
I65
sS'kit'
p303
I67
sS'westside'
p304
I67
sS'monkey'
p305
I67
sS'dammit'
p306
I65
sS'ate'
p307
I65
sS'created'
p308
I67
sS'starts'
p309
I67
sS'r8'
p310
I67
sS'days'
p311
I55
sS'anak'
p312
I67
sS'filter'
p313
I67
sS'daym'
p314
I67
sS'"no'
p315
I67
sS"today's"
p316
I66
sS'can\xe2\x80\x99t'
p317
I67
sS'isa'
p318
I67
sS'onto'
p319
I67
sS'magbalik'
p320
I67
sS'teh'
p321
I67
sS'already'
p322
I63
sS'namnpapatayin'
p323
I67
sS'champs'
p324
I67
sS'grade'
p325
I67
sS'sakin'
p326
I67
sS'hearing'
p327
I66
sS'sakit'
p328
I64
sS'sept'
p329
I67
sS'another'
p330
I62
sS'comin'
p331
I67
sS'sober'
p332
I67
sS'$420'
p333
I67
sS'tuod'
p334
I67
sS'umubos'
p335
I67
sS'100lbs'
p336
I67
sS'basketball'
p337
I66
sS'service'
p338
I66
sS'gahapon'
p339
I67
sS'provolone'
p340
I67
sS'top'
p341
I65
sS'girls'
p342
I63
sS'tango'
p343
I67
sS'master'
p344
I67
sS'too'
p345
I42
sS'dwell'
p346
I67
sS'hollywood'
p347
I66
sS'cycle'
p348
I67
sS"communication's"
p349
I67
sS'nalingaw'
p350
I67
sS'hahahacentrum'
p351
I67
sS'5-10'
p352
I67
sS'ahhhahaha'
p353
I67
sS'gym'
p354
I67
sS'2am'
p355
I67
sS'pondering'
p356
I67
sS'wisdom'
p357
I67
sS"joshane's"
p358
I67
sS'magbuhat'
p359
I67
sS'nail'
p360
I66
sS'anxiety'
p361
I67
sS'showed'
p362
I67
sS'kumakain'
p363
I67
sS'rhubarb-blackberry'
p364
I67
sS'winarayhahaha'
p365
I67
sS'siskaloka'
p366
I67
sS'don\xe2\x80\x99t'
p367
I67
sS'classes'
p368
I66
sS'silly'
p369
I67
sS'hottie'
p370
I67
sS"girl'"
p371
I67
sS'feeling'
p372
I61
sS'sinuportahanequestrian'
p373
I67
sS'mini'
p374
I67
sS'fashion'
p375
I66
sS'mind'
p376
I67
sS'mine'
p377
I67
sS'moadto'
p378
I67
sS'kaming'
p379
I67
sS'talking'
p380
I67
sS'kanus-a'
p381
I67
sS'rap'
p382
I67
sS'seen'
p383
I62
sS'mins'
p384
I67
sS'buros'
p385
I67
sS'ray'
p386
I66
sS'kayo'
p387
I67
sS'forced'
p388
I67
sS'kurong'
p389
I67
sS'strength'
p390
I67
sS'namiss'
p391
I67
sS'timberlake'
p392
I67
sS'-'
p393
I47
sS'kaya'
p394
I52
sS'chest'
p395
I67
sS'makatawa'
p396
I67
sS'blue'
p397
I67
sS"girl's"
p398
I67
sS'magsagwan'
p399
I67
sS'aba'
p400
I66
sS'thrilled'
p401
I67
sS'doin'
p402
I67
sS'maris'
p403
I67
sS'anatomy'
p404
I67
sS'mario'
p405
I67
sS'regular'
p406
I67
sS'mouth'
p407
I66
sS'kapit'
p408
I67
sS'peers'
p409
I67
sS'episode'
p410
I67
sS'nagkanta'
p411
I67
sS'nagising'
p412
I67
sS'grove'
p413
I67
sS'professor'
p414
I61
sS'doe'
p415
I67
sS'judgmental'
p416
I67
sS'yang'
p417
I64
sS'nakapanood'
p418
I67
sS'yana'
p419
I67
sS'craziest'
p420
I67
sS'pineapple'
p421
I67
sS'dos'
p422
I67
sS'voting'
p423
I63
sS'notion'
p424
I67
sS'advisory'
p425
I66
sS'bakit'
p426
I65
sS'lewis'
p427
I67
sS'queen'
p428
I67
sS'nominated'
p429
I63
sS'jr\xe2\x80\x9d'
p430
I67
sS'parang'
p431
I65
sS'\xe2\x9c\x8c\xe2\x9c\x8c\xe2\x9c\x8c\xe2\x9d\xa4\xe2\x9d\xa4\xe2\x9d\xa4\xe2\x9d\xa4'
p432
I67
sS'bail'
p433
I67
sS'make'
p434
I55
sS'susunugin'
p435
I67
sS'busy'
p436
I67
sS'situations'
p437
I67
sS'explain'
p438
I67
sS'wassssup'
p439
I67
sS'rihanna'
p440
I67
sS'theme'
p441
I67
sS'makasiraulo'
p442
I67
sS'sus'
p443
I67
sS'magtrabaho'
p444
I67
sS'rice'
p445
I67
sS'lubi'
p446
I67
sS'wearing'
p447
I63
sS'monica'
p448
I49
sS'letse'
p449
I67
sS'dm'
p450
I63
sS'gawa'
p451
I67
sS'asians'
p452
I67
sS'presohan'
p453
I67
sS'di'
p454
I34
sS'designing'
p455
I67
sS'stop'
p456
I62
sS'coast'
p457
I66
sS'cracks'
p458
I67
sS'iisang'
p459
I67
sS'dw'
p460
I67
sS'12-4'
p461
I67
sS'kagabi22'
p462
I67
sS'dr'
p463
I67
sS'sabrina'
p464
I67
sS'yesssssss'
p465
I67
sS'unfortunately'
p466
I67
sS'ema'
p467
I67
sS'malupigan'
p468
I67
sS'bibig'
p469
I67
sS'bay'
p470
I67
sS'bad'
p471
I61
sS'bae'
p472
I64
sS'siskasama'
p473
I67
sS'disney'
p474
I67
sS'respond'
p475
I67
sS'9.33'
p476
I67
sS'3days'
p477
I67
sS'w/'
p478
I67
sS'liquor'
p479
I67
sS'nun'
p480
I65
sS'goodnight'
p481
I64
sS'full'
p482
I65
sS'kepner'
p483
I67
sS'fail'
p484
I66
sS'bagay'
p485
I67
sS'\xd9\x8a\xd8\xad\xd9\x83\xd9\x88\xd8\xa7'
p486
I67
sS'best'
p487
I60
sS'said'
p488
I64
sS'away'
p489
I65
sS'pagsure'
p490
I67
sS'..:)'
p491
I67
sS"there's"
p492
I61
sS'olympics'
p493
I67
sS'finger'
p494
I67
sS'masyadoeh'
p495
I67
sS'manolo'
p496
I66
sS'kairita'
p497
I67
sS'we'
p498
I45
sS'men'
p499
I66
sS'omg'
p500
I60
sS"lovin'tlc"
p501
I67
sS'pagvote'
p502
I67
sS'lupa'
p503
I67
sS'boss'
p504
I66
sS'ohmygosh'
p505
I67
sS'omw'
p506
I67
sS'(los'
p507
I59
sS'wtf'
p508
I66
sS'mukha'
p509
I67
sS'wth'
p510
I67
sS'cousin'
p511
I67
sS'moniwang'
p512
I67
sS'roller'
p513
I67
sS'accident'
p514
I67
sS'met'
p515
I65
sS'pinag'
p516
I67
sS'fault'
p517
I67
sS'una'
p518
I67
sS'nakakalokapati'
p519
I67
sS'games'
p520
I67
sS'planned'
p521
I67
sS'lookin'
p522
I67
sS'faces'
p523
I65
sS'operating'
p524
I67
sS'pinas'
p525
I67
sS'asked'
p526
I67
sS'pahinga'
p527
I67
sS'character'
p528
I67
sS'berkeley'
p529
I67
sS'naku'
p530
I65
sS'xx"'
p531
I67
sS'karen'
p532
I67
sS'nako'
p533
I50
sS'path'
p534
I67
sS'naka'
p535
I67
sS'nakalogo'
p536
I67
sS'san'
p537
I65
sS'isat-isa'
p538
I67
sS'ninganong'
p539
I67
sS'cellphoneandam'
p540
I67
sS'asks'
p541
I67
sS'ayan'
p542
I66
sS'asawa'
p543
I67
sS'three'
p544
I65
sS'been'
p545
I64
sS'quickly'
p546
I67
sS'beer'
p547
I67
sS'much'
p548
I55
sS'andersoncome'
p549
I67
sS'marinel'
p550
I67
sS'expected'
p551
I67
sS'kalokasayaw'
p552
I67
sS'michele'
p553
I67
sS'ayaw'
p554
I66
sS'website'
p555
I67
sS'exceptonal'
p556
I67
sS'life'
p557
I62
sS'mahutdan'
p558
I67
sS'talagang'
p559
I67
sS'dismiss'
p560
I67
sS'ariana'
p561
I67
sS'argument'
p562
I67
sS'gisend'
p563
I67
sS'dave'
p564
I67
sS'yanma'
p565
I67
sS'catch'
p566
I67
sS'nkabasa'
p567
I67
sS'haters'
p568
I67
sS'anymore\xe2\x80\x9d'
p569
I67
sS'has'
p570
I62
sS'tank'
p571
I67
sS'nikaon'
p572
I67
sS'air'
p573
I66
sS'katabi'
p574
I66
sS'ugly'
p575
I66
sS'near'
p576
I67
sS'"chos"'
p577
I67
sS'neat'
p578
I67
sS'teachers'
p579
I66
sS'visit'
p580
I67
sS'lahi'
p581
I67
sS'cracked'
p582
I67
sS'voice'
p583
I66
sS'k'
p584
I67
sS'~~meredith'
p585
I67
sS'played'
p586
I65
sS"california's"
p587
I67
sS'sticker'
p588
I67
sS'it'
p589
I18
sS'bomoto'
p590
I67
sS'kuatro'
p591
I67
sS'totoo'
p592
I66
sS'tissue'
p593
I66
sS'im'
p594
I54
sS'balahibo'
p595
I67
sS'in'
p596
I10
sS'conditioner'
p597
I67
sS'sagol'
p598
I67
sS'ig'
p599
I66
sS'if'
p600
I44
sS'grown'
p601
I67
sS'kahit'
p602
I67
sS'hahay'
p603
I67
sS'nakagawa'
p604
I67
sS'perform'
p605
I67
sS'things'
p606
I62
sS'nobody'
p607
I66
sS'cumulative'
p608
I66
sS'airport'
p609
I67
sS'maka'
p610
I66
sS'craigslist'
p611
I67
sS'ateeeee'
p612
I67
sS'hahah'
p613
I67
sS'plates'
p614
I67
sS'hahaa'
p615
I66
sS'nganga'
p616
I67
sS'tingali'
p617
I66
sS'umpisa'
p618
I67
sS'cindy'
p619
I67
sS'kanila'
p620
I67
sS'michahahaa'
p621
I67
sS'hang'
p622
I66
sS'hand'
p623
I66
sS'moko'
p624
I67
sS'lol\xe2\x80\x9d'
p625
I67
sS'opportunity'
p626
I67
sS'thoughts'
p627
I67
sS'kid'
p628
I66
sS'shortly'
p629
I67
sS'kalokaka'
p630
I67
sS'eps'
p631
I67
sS'80%'
p632
I67
sS'punishment'
p633
I67
sS'tho'
p634
I66
sS'studen'
p635
I67
sS'ooooh'
p636
I67
sS'biz'
p637
I67
sS'the'
p638
I3
sS'-sa'
p639
I67
sS'ubos'
p640
I66
sS'drugs2x'
p641
I67
sS'kala'
p642
I66
sS'kale'
p643
I67
sS'just'
p644
I25
sS'sentence'
p645
I67
sS'yea'
p646
I67
sS'sisnagpalaway'
p647
I67
sS'laptop'
p648
I65
sS'sleepy'
p649
I67
sS'greys'
p650
I67
sS'hahahha'
p651
I67
sS'yey'
p652
I67
sS'psych'
p653
I67
sS'thanks'
p654
I61
sS'gabaan'
p655
I67
sS'masakit'
p656
I67
sS'yes'
p657
I52
sS'?lmao'
p658
I67
sS'yet'
p659
I66
sS'previous'
p660
I67
sS'adding'
p661
I66
sS'higpit'
p662
I67
sS'kuntento'
p663
I67
sS'hills'
p664
I67
sS'had'
p665
I60
sS'5s'
p666
I67
sS'hay'
p667
I64
sS"ma'am"
p668
I67
sS'n'
p669
I56
sS'board'
p670
I66
sS'easy'
p671
I66
sS'save'
p672
I61
sS'nalang'
p673
I64
sS'insensitive'
p674
I67
sS'araw'
p675
I67
sS'casually'
p676
I67
sS'possible'
p677
I67
sS'dagat'
p678
I67
sS'judge'
p679
I67
sS'"to'
p680
I67
sS'masarap'
p681
I67
sS'gifs'
p682
I67
sS'bumabaliwag'
p683
I67
sS'-_-'
p684
I66
sS'texts'
p685
I67
sS'nude'
p686
I67
sS'50'
p687
I67
sS'steps'
p688
I67
sS'night'
p689
I52
sS'butterfly'
p690
I67
sS'right'
p691
I50
sS'old'
p692
I61
sS'people'
p693
I49
sS'*can'
p694
I67
sS'ghettooooo'
p695
I67
sS'lochte..talo'
p696
I67
sS'dead'
p697
I65
sS'born'
p698
I67
sS'rin'
p699
I66
sS'napagod'
p700
I67
sS'dear'
p701
I67
sS'extended'
p702
I67
sS'hahatry'
p703
I67
sS'rko'
p704
I67
sS'nagtext'
p705
I67
sS'for'
p706
I14
sS'quiter'
p707
I67
sS'ice'
p708
I66
sS'everything'
p709
I64
sS'\xd8\xb9\xd8\xa7\xd8\xb1\xd9\x81'
p710
I67
sS'panghatag'
p711
I67
sS'gumugulong'
p712
I67
sS'pls'
p713
I67
sS'unsa'
p714
I67
sS'ww3'
p715
I67
sS'deleted'
p716
I67
sS'marketing'
p717
I66
sS'repellant'
p718
I67
sS'phew'
p719
I67
sS'pinapanood'
p720
I64
sS'super'
p721
I63
sS'plug'
p722
I67
sS'malaki'
p723
I67
sS'empowerment'
p724
I67
sS'oreo'
p725
I67
sS'filipino'
p726
I66
sS'months'
p727
I64
sS'lapit'
p728
I67
sS'o'
p729
I65
sS'dinner'
p730
I59
sS'plus'
p731
I67
sS'anime'
p732
I67
sS'dyip'
p733
I67
sS'mamiss'
p734
I67
sS'oldhahaha'
p735
I67
sS'slightly'
p736
I67
sS'katulog'
p737
I67
sS'unsay'
p738
I66
sS'bath'
p739
I67
sS'nerve'
p740
I67
sS'bata'
p741
I67
sS'wasting'
p742
I67
sS'marshall'
p743
I67
sS'soo'
p744
I66
sS'balances'
p745
I66
sS'down'
p746
I65
sS'thankful'
p747
I67
sS'accomplishments'
p748
I67
sS'magazines'
p749
I67
sS'daug'
p750
I67
sS'cafeteria'
p751
I67
sS'daun'
p752
I67
sS'pagbantay'
p753
I67
sS'east'
p754
I67
sS'fck'
p755
I67
sS'wag'
p756
I61
sS'ugma'
p757
I66
sS'constantly'
p758
I66
sS'asses'
p759
I67
sS'waa'
p760
I67
sS'fight'
p761
I65
sS'gig'
p762
I67
sS'snapchating'
p763
I67
sS'anderson'
p764
I67
sS'lagi'
p765
I67
sS'way'
p766
I61
sS'jane'
p767
I51
sS'music'
p768
I65
sS'wat'
p769
I66
sS'was'
p770
I38
sS'war'
p771
I67
sS'happy'
p772
I51
sS'head'
p773
I66
sS'pako'
p774
I67
sS'paki'
p775
I67
sS'offering'
p776
I67
sS'namnlagi'
p777
I67
sS'6'
p778
I67
sS'somehow'
p779
I67
sS'shits'
p780
I67
sS'hear'
p781
I66
sS'diaper'
p782
I67
sS'one.more.day'
p783
I67
sS'true'
p784
I64
sS'peeling'
p785
I67
sS'friday'
p786
I67
sS'isip'
p787
I67
sS'kohls'
p788
I67
sS'inside'
p789
I67
sS'isang'
p790
I65
sS'until'
p791
I66
sS'kalagot'
p792
I67
sS'manood'
p793
I67
sS'helllloooooooooo'
p794
I67
sS'promises'
p795
I67
sS'nating'
p796
I67
sS'modako'
p797
I67
sS'escape'
p798
I67
sS'comeback'
p799
I67
sS'textbook'
p800
I67
sS'meron'
p801
I64
sS'annoying'
p802
I66
sS'check'
p803
I66
sS'shit'
p804
I58
sS'hami'
p805
I67
sS'ni'
p806
I54
sS'faithful'
p807
I67
sS'no'
p808
I42
sS'na'
p809
I7
sS'when'
p810
I37
sS'racketiners'
p811
I67
sS'ng'
p812
I31
sS'til'
p813
I67
sS'ny'
p814
I67
sS'sishahaha'
p815
I67
sS'communications?"'
p816
I67
sS'digital'
p817
I67
sS'test'
p818
I65
sS'tie'
p819
I67
sS'roll'
p820
I67
sS'picture'
p821
I64
sS'sige'
p822
I67
sS'surprise'
p823
I67
sS'why'
p824
I54
sS'football'
p825
I67
sS'convincing'
p826
I67
sS'natasha\xe2\x80\x9d'
p827
I67
sS'healthiest'
p828
I67
sS"let's"
p829
I66
sS'fell'
p830
I67
sS'professional'
p831
I67
sS'hurt'
p832
I66
sS'weekend'
p833
I62
sS'jones'
p834
I67
sS"pangbotoi'll"
p835
I67
sS'glass'
p836
I67
sS'nagbabasa'
p837
I67
sS'kaka-vote'
p838
I67
sS'together'
p839
I64
sS':)"'
p840
I67
sS'time'
p841
I48
sS'push'
p842
I66
sS':))'
p843
I34
sS'anong'
p844
I59
sS'bfast'
p845
I67
sS':/'
p846
I66
sS':('
p847
I61
sS':)'
p848
I38
sS'ron'
p849
I64
sS'kagwapo'
p850
I67
sS'dance'
p851
I67
sS'skip'
p852
I67
sS'kaduwa'
p853
I67
sS'mila'
p854
I66
sS'row'
p855
I66
sS'venice'
p856
I67
sS'kalokaa'
p857
I67
sS'bikerowave'
p858
I67
sS'glenbrooks'
p859
I67
sS'manawag'
p860
I67
sS"night....i'll"
p861
I67
sS'0'
p862
I67
sS'finally'
p863
I63
sS'rainbows'
p864
I67
sS'umasapagpuyo'
p865
I67
sS'brown'
p866
I67
sS'epin'
p867
I67
sS'3am'
p868
I67
sS'today...bc'
p869
I67
sS'keeping'
p870
I67
sS'vegas'
p871
I66
sS'join'
p872
I67
sS':p'
p873
I64
sS'cool'
p874
I61
sS'din'
p875
I55
sS'level'
p876
I66
sS'did'
p877
I54
sS'die'
p878
I67
sS'nakapasa'
p879
I67
sS'hawaii'
p880
I67
sS'turnt'
p881
I67
sS'pea'
p882
I67
sS'leave'
p883
I65
sS'soooo'
p884
I66
sS'sooon'
p885
I67
sS'team'
p886
I67
sS'quick'
p887
I66
sS'guy'
p888
I64
sS'spent'
p889
I67
sS'dis'
p890
I67
sS'talaga'
p891
I61
sS'mali'
p892
I67
sS'says'
p893
I65
sS'regret'
p894
I67
sS'cosa'
p895
I67
sS'pe\xc3\xb1a'
p896
I67
sS'computer/projector'
p897
I67
sS'sign'
p898
I67
sS'shirts'
p899
I67
sS'comforting'
p900
I67
sS'sayo'
p901
I67
sS'sishahahahaha'
p902
I67
sS'mangayo'
p903
I67
sS'dapat'
p904
I65
sS'baka'
p905
I62
sS'oonakakaloka'
p906
I67
sS'antokyo'
p907
I67
sS'buncha'
p908
I67
sS'rum'
p909
I67
sS'papa'
p910
I67
sS'egos'
p911
I67
sS'workschoolgym'
p912
I67
sS'banyo'
p913
I67
sS'goes'
p914
I66
sS'falling'
p915
I67
sS'magpunta'
p916
I67
sS'sweaters'
p917
I67
sS'filled'
p918
I67
sS'napanood'
p919
I65
sS'aling'
p920
I65
sS'langoy'
p921
I67
sS'makipag'
p922
I67
sS'kami'
p923
I64
sS'learn'
p924
I67
sS'french'
p925
I66
sS'water'
p926
I66
sS'downloaded'
p927
I67
sS'tagal'
p928
I67
sS'tagam'
p929
I66
sS'teacher'
p930
I57
sS'change'
p931
I66
sS'wait'
p932
I63
sS'box'
p933
I67
sS'boy'
p934
I64
sS'hbo'
p935
I67
sS'yessss'
p936
I67
sS'carmen'
p937
I67
sS'guilty'
p938
I67
sS'bangs'
p939
I67
sS'aabot'
p940
I67
sS'weird'
p941
I64
sS'pssstt'
p942
I66
sS'studies'
p943
I67
sS'massage'
p944
I67
sS'genuinely'
p945
I67
sS'love'
p946
I34
sS'br'
p947
I67
sS'gakos'
p948
I67
sS'pagdali'
p949
I67
sS'tingnan'
p950
I67
sS'paralyzed'
p951
I67
sS'nman'
p952
I67
sS'fake'
p953
I67
sS"callin'"
p954
I67
sS'market'
p955
I66
sS'everybody'
p956
I67
sS'buttons'
p957
I67
sS'working'
p958
I65
sS'uroydaan'
p959
I67
sS'you."'
p960
I67
sS'positive'
p961
I67
sS'pooped'
p962
I67
sS'pero'
p963
I60
sS'tears'
p964
I67
sS'intense'
p965
I67
sS'duhaok'
p966
I67
sS'ca)'
p967
I59
sS'andy'
p968
I67
sS'iphone'
p969
I62
sS'msg'
p970
I67
sS'today'
p971
I50
sS'pagbigyan'
p972
I66
sS'introducing'
p973
I67
sS'club'
p974
I67
sS'flying'
p975
I67
sS'clue'
p976
I67
sS'downtown'
p977
I67
sS'dawwwwwwwww'
p978
I67
sS'ignorant'
p979
I67
sS'hesitated'
p980
I67
sS'effort'
p981
I67
sS'fly'
p982
I67
sS'tapulan'
p983
I67
sS'pangmayaman'
p984
I67
sS'car'
p985
I64
sS'cap'
p986
I67
sS'soul'
p987
I67
sS'jude'
p988
I64
sS'ulo'
p989
I65
sS'making'
p990
I65
sS'uweeee'
p991
I67
sS'janesana'
p992
I67
sS'heart'
p993
I67
sS'crazy'
p994
I66
sS'awesome'
p995
I67
sS"didn't"
p996
I58
sS'confused'
p997
I66
sS'kohaha'
p998
I67
sS'7pm'
p999
I67
sS'itatapon'
p1000
I67
sS'nobela'
p1001
I67
sS'stole'
p1002
I67
sS'regalo'
p1003
I67
sS'swedish'
p1004
I67
sS'productive'
p1005
I67
sS'muchhahaha'
p1006
I67
sS'exceptional'
p1007
I65
sS'nyu'
p1008
I67
sS'1'
p1009
I60
sS'till'
p1010
I67
sS'sunday'
p1011
I65
sS'vancouver'
p1012
I67
sS'nyo'
p1013
I64
sS'fourth'
p1014
I67
sS'\xe2\x9d\xa4\xef\xb8\x8f\xe2\x9d\xa4\xef\xb8\x8f\xe2\x9d\xa4\xef\xb8\x8f'
p1015
I67
sS'nya'
p1016
I50
sS'pathway'
p1017
I63
sS'nonstop'
p1018
I67
sS'hahahaa'
p1019
I67
sS'\xd9\x86\xd9\x81\xd8\xb3\xd9\x8a'
p1020
I67
sS'mas'
p1021
I65
sS'mau'
p1022
I55
sS'staircase'
p1023
I67
sS'snooki'
p1024
I67
sS'may'
p1025
I48
sS'max'
p1026
I67
sS'sacrifice'
p1027
I67
sS'spot'
p1028
I65
sS'3rd'
p1029
I67
sS'atay'
p1030
I67
sS'birthday'
p1031
I57
sS'mad'
p1032
I67
sS'mag'
p1033
I52
sS'date'
p1034
I64
sS'such'
p1035
I67
sS'suck'
p1036
I67
sS'guys'
p1037
I57
sS'hahahan'
p1038
I67
sS'mao'
p1039
I67
sS'man'
p1040
I34
sS'stress'
p1041
I64
sS'remember'
p1042
I64
sS'nagkiat'
p1043
I67
sS'kinain'
p1044
I67
sS'maybe'
p1045
I60
sS'benny'
p1046
I67
sS'2hrs'
p1047
I67
sS'q'
p1048
I67
sS'si'
p1049
I35
sS'so'
p1050
I26
sS'sm'
p1051
I67
sS'sc'
p1052
I67
sS'conradinho'
p1053
I67
sS'talo'
p1054
I65
sS'single.shut'
p1055
I67
sS'pulled'
p1056
I66
sS'talk'
p1057
I65
sS'outlet'
p1058
I67
sS'cute'
p1059
I65
sS'yansi'
p1060
I67
sS'schwartz'
p1061
I67
sS'repair'
p1062
I67
sS'utang'
p1063
I67
sS'pasko'
p1064
I67
sS'wishing'
p1065
I66
sS'years'
p1066
I66
sS'professors'
p1067
I67
sS'brain'
p1068
I66
sS"audrey's"
p1069
I67
sS'federeri'
p1070
I67
sS'shake'
p1071
I66
sS'cold'
p1072
I66
sS'still'
p1073
I56
sS'uycge'
p1074
I67
sS'kanya'
p1075
I66
sS'group'
p1076
I66
sS'thank'
p1077
I61
sS'nabasa'
p1078
I66
sS'nimo'
p1079
I64
sS'interesting'
p1080
I67
sS'hahagnyt'
p1081
I67
sS'gamaloloka'
p1082
I67
sS'birthdayyyy'
p1083
I67
sS'window'
p1084
I67
sS'nutrigrain'
p1085
I67
sS'tweets'
p1086
I65
sS'lumalabas'
p1087
I67
sS'happened'
p1088
I66
sS'sabay'
p1089
I67
sS'noh'
p1090
I61
sS'views'
p1091
I67
sS'moms'
p1092
I67
sS'conversations'
p1093
I66
sS'killer'
p1094
I67
sS'shatter'
p1095
I67
sS'\xd8\xb5\xd8\xa7\xd8\xad\xd9\x8a'
p1096
I67
sS'hala'
p1097
I65
sS'lunch'
p1098
I66
sS'kanina'
p1099
I64
sS'hale'
p1100
I67
sS'half'
p1101
I63
sS'not'
p1102
I41
sS'nov'
p1103
I67
sS'now'
p1104
I42
sS'hall'
p1105
I66
sS'halo'
p1106
I67
sS'kaa'
p1107
I67
sS'name'
p1108
I65
sS'james'
p1109
I67
sS'drop'
p1110
I64
sS'ganito'
p1111
I67
sS'namn'
p1112
I57
sS'rock'
p1113
I66
sS'eh'
p1114
I61
sS'ee'
p1115
I63
sS'kang'
p1116
I65
sS'russiankasi'
p1117
I67
sS'yeah'
p1118
I66
sS'lechon'
p1119
I67
sS'persian'
p1120
I67
sS'year'
p1121
I65
sS'girl'
p1122
I56
sS'worried'
p1123
I67
sS'ep'
p1124
I67
sS'naloloka'
p1125
I66
sS'exclamation'
p1126
I67
sS'living'
p1127
I67
sS'jackson'
p1128
I66
sS'opened'
p1129
I67
sS'ngay-an'
p1130
I64
sS'space'
p1131
I66
sS'irony'
p1132
I67
sS'hubgon'
p1133
I67
sS'looking'
p1134
I64
sS'seriously'
p1135
I65
sS'education"'
p1136
I67
sS'kent'
p1137
I67
sS'internet'
p1138
I67
sS'\xd9\x88\xd8\xa7\xd9\x84\xd9\x84\xd9\x87'
p1139
I67
sS'bugging'
p1140
I67
sS'shows'
p1141
I65
sS'bomers'
p1142
I67
sS'goth'
p1143
I67
sS'attended'
p1144
I66
sS'laoang'
p1145
I67
sS'marginally'
p1146
I67
sS'huli'
p1147
I67
sS'palang'
p1148
I67
sS'owned.\xe2\x80\x9d'
p1149
I67
sS'complicated'
p1150
I67
sS'success'
p1151
I67
sS'grandma'
p1152
I67
sS'vegetarians'
p1153
I67
sS'gots'
p1154
I67
sS"anatomy's"
p1155
I67
sS'card'
p1156
I65
sS'care'
p1157
I64
sS'advance'
p1158
I67
sS'100%'
p1159
I67
sS'calories'
p1160
I67
sS'gusto'
p1161
I60
sS'thing'
p1162
I60
sS'place'
p1163
I64
sS'hinayaan'
p1164
I67
sS'yun'
p1165
I63
sS'akogusto'
p1166
I67
sS'\xd9\x87\xd9\x88'
p1167
I66
sS'think'
p1168
I52
sS'first'
p1169
I60
sS'cheese'
p1170
I67
sS'uybat'
p1171
I67
sS'tama'
p1172
I67
sS'xo'
p1173
I65
sS'oohh'
p1174
I67
sS'question'
p1175
I67
sS'nilang'
p1176
I66
sS'one'
p1177
I43
sS'ios8'
p1178
I66
sS'shout'
p1179
I67
sS'fast'
p1180
I66
sS'spanish'
p1181
I66
sS'vote'
p1182
I57
sS'message'
p1183
I66
sS'drove'
p1184
I67
sS'open'
p1185
I63
sS'tomorrow'
p1186
I66
sS'award"'
p1187
I67
sS'little'
p1188
I64
sS'ian'
p1189
I67
sS'stuck'
p1190
I67
sS'caught'
p1191
I66
sS'slept'
p1192
I66
sS'europe'
p1193
I67
sS'kabuang'
p1194
I67
sS'agda'
p1195
I67
sS'anyone'
p1196
I65
sS'fml'
p1197
I67
sS'2'
p1198
I60
sS'white'
p1199
I64
sS'williams'
p1200
I67
sS'gives'
p1201
I67
sS'mahurot'
p1202
I67
sS'eyes'
p1203
I67
sS'hug'
p1204
I67
sS'mostly'
p1205
I67
sS'that'
p1206
I21
sS'season'
p1207
I61
sS"men's"
p1208
I66
sS'alam'
p1209
I62
sS'sugbu'
p1210
I67
sS'back\xe2\x80\x9d'
p1211
I67
sS'copy'
p1212
I67
sS'than'
p1213
I58
sS"here's"
p1214
I67
sS'10'
p1215
I67
sS'13'
p1216
I67
sS'12'
p1217
I66
sS'15'
p1218
I65
sS'lmao'
p1219
I63
sS'17'
p1220
I66
sS'yagid'
p1221
I67
sS'18'
p1222
I67
sS'gotta'
p1223
I65
sS'atleta'
p1224
I67
sS'r'
p1225
I63
sS'vocals'
p1226
I67
sS'were'
p1227
I62
sS'college'
p1228
I51
sS'fizz'
p1229
I67
sS'and'
p1230
I9
sS'ang'
p1231
I27
sS'pleaseeeee'
p1232
I67
sS'ana'
p1233
I61
sS'nicer'
p1234
I67
sS"~~porto's\xe2\x9d\xa4\xe2\x9d\xa4"
p1235
I67
sS'mcrae'
p1236
I67
sS'ano'
p1237
I58
sS'ani'
p1238
I66
sS'sad'
p1239
I58
sS'say'
p1240
I58
sS'dugay'
p1241
I66
sS'tanning'
p1242
I67
sS'breakfast'
p1243
I66
sS'saw'
p1244
I64
sS'any'
p1245
I66
sS'sau'
p1246
I67
sS'snorting'
p1247
I67
sS'wink'
p1248
I67
sS'ideas'
p1249
I67
sS'shocked'
p1250
I67
sS'note'
p1251
I66
sS'cantos'
p1252
I67
sS'take'
p1253
I63
sS'online'
p1254
I67
sS'shhayg'
p1255
I67
sS'blunt'
p1256
I67
sS'channel'
p1257
I67
sS'surf'
p1258
I67
sS'halla'
p1259
I67
sS'sure'
p1260
I62
sS'track'
p1261
I66
sS'price'
p1262
I67
sS'knew'
p1263
I65
sS'paid'
p1264
I67
sS'falls'
p1265
I67
sS'visitors'
p1266
I67
sS'pirme'
p1267
I67
sS'nutella'
p1268
I67
sS'20%'
p1269
I67
sS'bubog'
p1270
I67
sS'beth'
p1271
I60
sS"sayin'"
p1272
I67
sS'idamaybomoto'
p1273
I67
sS'forever'
p1274
I64
sS'katong'
p1275
I67
sS'kinantahan'
p1276
I67
sS'itlog'
p1277
I67
sS'gyro'
p1278
I67
sS'later'
p1279
I61
sS'sale'
p1280
I67
sS'order'
p1281
I67
sS'dibdibbakit'
p1282
I67
sS'\xd8\xae\xd9\x88\xd8\xa7\xd8\xaa'
p1283
I67
sS'7:30'
p1284
I67
sS'uninterested'
p1285
I67
sS'walking'
p1286
I67
sS'shot'
p1287
I66
sS'show'
p1288
I61
sS'cheat'
p1289
I66
sS'cheap'
p1290
I67
sS'tapos'
p1291
I64
sS'audrey'
p1292
I67
sS'fifth'
p1293
I67
sS'ground'
p1294
I67
sS'\xe2\x9c\x8c'
p1295
I66
sS'ensembles'
p1296
I67
sS'woop'
p1297
I66
sS'dick'
p1298
I66
sS'3'
p1299
I60
sS'only'
p1300
I55
sS'going'
p1301
I55
sS'black'
p1302
I66
sS'aina'
p1303
I67
sS'tayo'
p1304
I61
sS'get'
p1305
I29
sS'bilhan'
p1306
I67
sS'muna'
p1307
I67
sS'muling'
p1308
I66
sS'cannot'
p1309
I67
sS'mashakett'
p1310
I66
sS"'til"
p1311
I67
sS'loob'
p1312
I66
sS'is'
p1313
I13
sS'freaking'
p1314
I67
sS'labyu'
p1315
I66
sS'versions'
p1316
I67
sS'paglabas'
p1317
I65
sS'morning'
p1318
I64
sS":'("
p1319
I67
sS'pi\xc3\xb1acolada'
p1320
I67
sS'roger'
p1321
I67
sS"could've"
p1322
I67
sS'pang'
p1323
I65
sS'bought'
p1324
I67
sS'where'
p1325
I60
sS"y'all"
p1326
I65
sS'beethoven'
p1327
I67
sS'concert'
p1328
I67
sS'seat'
p1329
I65
sS'cologne'
p1330
I67
sS'asleep'
p1331
I66
sS'sean'
p1332
I67
sS'parking'
p1333
I62
sS'siraulohahahaha'
p1334
I67
sS'kalain'
p1335
I67
sS'sport'
p1336
I66
sS'brentwood'
p1337
I67
sS'kwento'
p1338
I67
sS'kakontra'
p1339
I67
sS'alarming'
p1340
I67
sS'review'
p1341
I67
sS'padala'
p1342
I67
sS'outside'
p1343
I65
sS'teens'
p1344
I66
sS'knowww'
p1345
I67
sS'punta'
p1346
I67
sS'infairness'
p1347
I67
sS'tseee'
p1348
I67
sS'screen'
p1349
I67
sS'dome'
p1350
I67
sS'guitar'
p1351
I67
sS'hurts'
p1352
I67
sS'tua'
p1353
I67
sS'spark'
p1354
I67
sS'cities'
p1355
I67
sS'come'
p1356
I57
sS'lopez'
p1357
I67
sS'encorporating'
p1358
I67
sS'tanis'
p1359
I67
sS'talented'
p1360
I66
sS'many'
p1361
I60
sS'nila'
p1362
I66
sS'kakosa'
p1363
I67
sS'quiet'
p1364
I65
sS'fix'
p1365
I67
sS"can't"
p1366
I53
sS'allowance'
p1367
I67
sS'utensils'
p1368
I67
sS'twit'
p1369
I67
sS'food.\xe2\x80\x9d'
p1370
I67
sS'pot'
p1371
I66
sS'jeans'
p1372
I67
sS'spelman'
p1373
I67
sS'pop'
p1374
I67
sS'bibili'
p1375
I67
sS'60'
p1376
I67
sS'\xd9\x86\xd8\xa7\xd9\x8a\xd9\x85'
p1377
I67
sS'"hers"'
p1378
I67
sS'learning'
p1379
I65
sS'article'
p1380
I67
sS'pod'
p1381
I67
sS'now\xe2\x80\x9d'
p1382
I67
sS'arts'
p1383
I67
sS'cycling'
p1384
I67
sS'cares'
p1385
I66
sS'west'
p1386
I67
sS'pkauwaw'
p1387
I67
sS'mark'
p1388
I67
sS'malala'
p1389
I65
sS'nakakahiya'
p1390
I67
sS'caren'
p1391
I67
sS'wants'
p1392
I67
sS'shopping'
p1393
I64
sS'coughing'
p1394
I67
sS'padlock'
p1395
I67
sS'mauna'
p1396
I67
sS'ye-yes'
p1397
I67
sS'6x'
p1398
I67
sS'inanak'
p1399
I67
sS'bout'
p1400
I67
sS'those'
p1401
I66
sS'sound'
p1402
I66
sS'myself'
p1403
I67
sS'cutie'
p1404
I67
sS'these'
p1405
I64
sS'sayang'
p1406
I67
sS'hahaha\xe2\x80\x9d'
p1407
I65
sS'rhymes'
p1408
I67
sS'bugal'
p1409
I67
sS'trick'
p1410
I67
sS'jukla'
p1411
I66
sS'ratchet'
p1412
I67
sS'cancelled'
p1413
I67
sS'kalibutan'
p1414
I67
sS'shops'
p1415
I67
sS'pushed'
p1416
I67
sS'loisa'
p1417
I67
sS'whatya'
p1418
I67
sS'alcoholic'
p1419
I67
sS'susi'
p1420
I67
sS'1:30'
p1421
I67
sS'coffee'
p1422
I67
sS'middle'
p1423
I63
sS'someone'
p1424
I62
sS'uynakakainis'
p1425
I67
sS'it*'
p1426
I67
sS'patayin'
p1427
I67
sS'everyday'
p1428
I66
sS'different'
p1429
I67
sS'develop'
p1430
I67
sS'doctor'
p1431
I67
sS'pay'
p1432
I64
sS'thinkin'
p1433
I67
sS'bowl'
p1434
I67
sS'same'
p1435
I59
sS'siguro'
p1436
I65
sS'ya'
p1437
I63
sS'baliw'
p1438
I67
sS'pag'
p1439
I61
sS'"i'
p1440
I67
sS'struggling'
p1441
I67
sS'"naca'
p1442
I67
sS'pan'
p1443
I67
sS'week'
p1444
I59
sS'finish'
p1445
I67
sS'dogtown'
p1446
I67
sS'babe!"'
p1447
I67
sS'driver'
p1448
I67
sS'drives'
p1449
I67
sS'weed'
p1450
I66
sS'danielcan'
p1451
I67
sS'totally'
p1452
I67
sS'cartoon'
p1453
I67
sS'fuuuuuuck'
p1454
I67
sS'papadala'
p1455
I67
sS'ako\xe2\x80\x9d'
p1456
I67
sS'bores'
p1457
I67
sS'a-admire'
p1458
I67
sS'floor'
p1459
I67
sS'nothin'
p1460
I67
sS'kadugay'
p1461
I67
sS'without'
p1462
I66
sS'comes'
p1463
I66
sS'bottle'
p1464
I66
sS'hubby'
p1465
I66
sS'frontpage'
p1466
I67
sS'heaps'
p1467
I67
sS'summer'
p1468
I63
sS'they'
p1469
I50
sS'being'
p1470
I65
sS'money'
p1471
I64
sS'rest'
p1472
I67
sS'foot'
p1473
I67
sS'kill'
p1474
I67
sS'touch'
p1475
I67
sS'tinutukoy'
p1476
I67
sS'sweatpants'
p1477
I67
sS'death'
p1478
I65
sS'kuronglipong'
p1479
I67
sS'thinking'
p1480
I66
sS'bwahahahaha'
p1481
I67
sS"everyone's"
p1482
I66
sS'gihapon'
p1483
I67
sS'color'
p1484
I67
sS'tumataas'
p1485
I67
sS'paghuwat'
p1486
I66
sS'ahthat'
p1487
I67
sS'sampler'
p1488
I67
sS'pili'
p1489
I67
sS'pill'
p1490
I67
sS'real'
p1491
I66
sS'phelps'
p1492
I64
sS'read'
p1493
I62
sS'fridge'
p1494
I67
sS'gonna'
p1495
I54
sS'early'
p1496
I63
sS'traffic'
p1497
I67
sS'listening'
p1498
I66
sS'world'
p1499
I60
sS'dito'
p1500
I63
sS'lady'
p1501
I66
sS'vending'
p1502
I67
sS'fritzie'
p1503
I67
sS'dick"'
p1504
I67
sS'miracle'
p1505
I67
sS'manalo'
p1506
I66
sS'audience'
p1507
I67
sS"gump's"
p1508
I67
sS'either'
p1509
I67
sS'bruhhhhh'
p1510
I67
sS'imishu'
p1511
I67
sS'wahaha'
p1512
I66
sS'hahhaha'
p1513
I67
sS'table'
p1514
I66
sS'pickles'
p1515
I66
sS'joan'
p1516
I67
sS'naay'
p1517
I67
sS'nood'
p1518
I65
sS'ganun'
p1519
I67
sS'bente'
p1520
I67
sS'3?\xe2\x80\x9d'
p1521
I67
sS'confirm'
p1522
I67
sS'noon'
p1523
I67
sS'legal'
p1524
I67
sS'--more'
p1525
I67
sS'exit'
p1526
I67
sS'ephraim'
p1527
I67
sS'katre'
p1528
I67
sS'asap'
p1529
I66
sS'bilis'
p1530
I65
sS'binilang'
p1531
I67
sS'nails'
p1532
I67
sS'bugalan'
p1533
I67
sS'tuition'
p1534
I67
sS'drums'
p1535
I67
sS'$700'
p1536
I67
sS'akoy'
p1537
I67
sS'asan'
p1538
I67
sS';)'
p1539
I66
sS'be\xe2\x80\x9d'
p1540
I67
sS'throw'
p1541
I65
sS'earlier'
p1542
I67
sS'oo'
p1543
I61
sS'on'
p1544
I17
sS'diba'
p1545
I67
sS'ok'
p1546
I55
sS'oh'
p1547
I61
sS'og'
p1548
I63
sS'of'
p1549
I20
sS'industry'
p1550
I67
sS'howard'
p1551
I66
sS'favorite'
p1552
I65
sS'oa'
p1553
I67
sS'loadan'
p1554
I67
sS'midnight'
p1555
I67
sS'act'
p1556
I67
sS'luck'
p1557
I67
sS'or'
p1558
I57
sS'dagan2x'
p1559
I67
sS'ladies'
p1560
I66
sS'50%'
p1561
I67
sS'syakaloka'
p1562
I67
sS'snapchat'
p1563
I65
sS'trueit'
p1564
I67
sS'determine'
p1565
I67
sS'tipong'
p1566
I67
sS'elementary'
p1567
I66
sS'sisihin'
p1568
I67
sS'korekek'
p1569
I67
sS'your'
p1570
I32
sS'facetimed/talked'
p1571
I67
sS'tropical'
p1572
I67
sS'pangvote'
p1573
I67
sS"how's"
p1574
I67
sS'her'
p1575
I49
sS'there'
p1576
I57
sS'hey'
p1577
I64
sS'lol'
p1578
I35
sS'start'
p1579
I65
sS'drank'
p1580
I67
sS'liane'
p1581
I67
sS'low'
p1582
I67
sS'stars'
p1583
I66
sS'lou'
p1584
I67
sS'valley'
p1585
I66
sS'yah'
p1586
I67
sS'lang'
p1587
I29
sS'namang'
p1588
I67
sS'jud'
p1589
I66
sS'enough'
p1590
I66
sS'tranquility'
p1591
I67
sS'amongst'
p1592
I67
sS'gora'
p1593
I67
sS'makatulog'
p1594
I67
sS'e'
p1595
I65
sS'mice'
p1596
I67
sS'trying'
p1597
I65
sS'with'
p1598
I28
sS'bundy'
p1599
I54
sS"they're"
p1600
I63
sS'space-time'
p1601
I66
sS'rowling'
p1602
I67
sS"wasn't"
p1603
I66
sS'gfh'
p1604
I67
sS'tiptoe'
p1605
I67
sS'nakakainis'
p1606
I67
sS'13.\xe2\x80\x9d'
p1607
I67
sS'tinuod'
p1608
I67
sS'misery'
p1609
I67
sS'gone'
p1610
I66
sS'leaked'
p1611
I67
sS'\xd9\x8a\xd9\x84\xd8\xb9\xd9\x86'
p1612
I67
sS'maxes'
p1613
I67
sS'mokuyog'
p1614
I67
sS'ah'
p1615
I63
sS'matulog'
p1616
I64
sS'general'
p1617
I66
sS'as'
p1618
I49
sS'at'
p1619
I26
sS'puyaters'
p1620
I67
sS'ay'
p1621
I63
sS'politics'
p1622
I67
sS'moves'
p1623
I67
sS'nerd'
p1624
I66
sS'film'
p1625
I67
sS'cream'
p1626
I67
sS'again'
p1627
I62
sS'kuyog'
p1628
I65
sS'somerhalders'
p1629
I67
sS'retiring'
p1630
I67
sS'deserve'
p1631
I67
sS'capslock'
p1632
I67
sS'field'
p1633
I67
sS'5'
p1634
I64
sS'mathematics'
p1635
I67
sS'you'
p1636
I8
sS'trash'
p1637
I67
sS'poor'
p1638
I67
sS'trip'
p1639
I66
sS'students'
p1640
I66
sS'piolo'
p1641
I67
sS'teeth'
p1642
I67
sS'lola'
p1643
I67
sS'iyaaaak'
p1644
I67
sS'chris'
p1645
I67
sS'radyoo'
p1646
I67
sS'finals'
p1647
I67
sS'slang'
p1648
I67
sS'shipping'
p1649
I67
sS'bundy\xe2\x80\xa6'
p1650
I67
sS'tsaka'
p1651
I67
sS'hello'
p1652
I65
sS'u'
p1653
I49
sS'once'
p1654
I67
sS'starting'
p1655
I66
sS'...\xd9\x88\xd9\x84\xd8\xa7'
p1656
I67
sS'all'
p1657
I41
sS'since'
p1658
I67
sS'forget'
p1659
I65
sS'bannerweb'
p1660
I67
sS'messi'
p1661
I67
sS'month'
p1662
I65
sS'tanang'
p1663
I67
sS'paglaum'
p1664
I67
sS'managed'
p1665
I67
sS'soda-pressing'
p1666
I67
sS'children'
p1667
I67
sS'hmmm'
p1668
I67
sS'apartment'
p1669
I67
sS'sara'
p1670
I67
sS':*'
p1671
I66
sS'ty'
p1672
I67
sS'tv'
p1673
I64
sS'whoever'
p1674
I67
sS'misses'
p1675
I67
sS'bukogin'
p1676
I67
sS'to'
p1677
I4
sS'tl'
p1678
I67
sS'program'
p1679
I67
sS'danielle'
p1680
I67
sS'inis'
p1681
I67
sS'tf'
p1682
I67
sS'smile'
p1683
I67
sS'tc'
p1684
I67
sS'ta'
p1685
I63
sS'baunsay'
p1686
I67
sS'bisita'
p1687
I67
sS'woman'
p1688
I66
sS'worse'
p1689
I67
sS'sitting'
p1690
I63
sS'very'
p1691
I55
sS'pinapalampas'
p1692
I67
sS'horror'
p1693
I67
sS'fat'
p1694
I67
sS'worst'
p1695
I66
sS'fall'
p1696
I64
sS'awful'
p1697
I67
sS'winning'
p1698
I67
sS'ticket'
p1699
I65
sS'ramen'
p1700
I67
sS'wahahahaha'
p1701
I67
sS'psyche'
p1702
I67
sS'shenanigans'
p1703
I67
sS'nito'
p1704
I66
sS'bangon'
p1705
I66
sS'janemauiii'
p1706
I67
sS'undone'
p1707
I67
sS'dayon'
p1708
I66
sS'dusky'
p1709
I67
sS'sana'
p1710
I62
sS'small'
p1711
I67
sS'kantang'
p1712
I67
sS"i'll"
p1713
I57
sS'cookies'
p1714
I67
sS'has/'
p1715
I67
sS"max's.\xe2\x80\x9d"
p1716
I67
sS'sakop'
p1717
I66
sS'past'
p1718
I66
sS'pass'
p1719
I67
sS'nba'
p1720
I67
sS'casual'
p1721
I67
sS'90s'
p1722
I66
sS'what'
p1723
I42
sS'sub'
p1724
I67
sS'walang'
p1725
I66
sS'nana'
p1726
I67
sS'sun'
p1727
I65
sS'time.\xe2\x80\x9d'
p1728
I67
sS'associate'
p1729
I67
sS'crust'
p1730
I66
sS'waray'
p1731
I66
sS'nang'
p1732
I67
sS'suh'
p1733
I67
sS'crush'
p1734
I65
sS'abs'
p1735
I66
sS'sooooooo'
p1736
I67
sS'musta'
p1737
I66
sS'diay'
p1738
I62
sS'subwoofer'
p1739
I67
sS'nanu'
p1740
I67
sS'public'
p1741
I67
sS'puyo'
p1742
I67
sS'toes'
p1743
I66
sS'christian'
p1744
I66
sS'hutdan'
p1745
I67
sS'ballet'
p1746
I67
sS'answers'
p1747
I67
sS'surfer'
p1748
I67
sS'hours'
p1749
I61
sS'newspaper'
p1750
I67
sS'ganda'
p1751
I67
sS'b2k'
p1752
I65
sS'situation'
p1753
I67
sS'buzzing'
p1754
I67
sS'thrift'
p1755
I67
sS'maumasakit'
p1756
I67
sS'ahead'
p1757
I67
sS'fwd'
p1758
I67
sS'calbayog'
p1759
I67
sS'reason'
p1760
I64
sS'creepy'
p1761
I65
sS'pics'
p1762
I66
sS'amount'
p1763
I67
sS'pick'
p1764
I65
sS"would've"
p1765
I67
sS'maglagot'
p1766
I67
sS'limot'
p1767
I67
sS'via'
p1768
I67
sS'followed'
p1769
I67
sS'family'
p1770
I67
sS'melai!\xe2\x80\x9d'
p1771
I67
sS'basa'
p1772
I67
sS'africa'
p1773
I67
sS'put'
p1774
I66
sS'semester'
p1775
I65
sS'yancoins'
p1776
I67
sS'crowned'
p1777
I67
sS'gosh'
p1778
I66
sS'teach'
p1779
I66
sS'kiligers'
p1780
I67
sS'takes'
p1781
I66
sS'texting'
p1782
I67
sS'two'
p1783
I61
sS'agad2x'
p1784
I67
sS'relaxxxx'
p1785
I67
sS'gorgeous'
p1786
I67
sS'mysterious'
p1787
I67
sS'mora'
p1788
I66
sS'maiba'
p1789
I67
sS'more'
p1790
I52
sS'pagawson'
p1791
I67
sS'knows'
p1792
I66
sS'immersion'
p1793
I67
sS'company'
p1794
I67
sS'mira'
p1795
I66
sS'charades'
p1796
I67
sS'awwhahahaha'
p1797
I67
sS"ain't"
p1798
I60
sS'kagabi'
p1799
I67
sS'broke'
p1800
I66
sS'rudeness'
p1801
I67
sS'ahaksss'
p1802
I67
sS'karaoke'
p1803
I67
sS'glad'
p1804
I67
sS'kalugaringon'
p1805
I67
sS'none'
p1806
I66
sS'hour'
p1807
I59
sS'canceled'
p1808
I67
sS'katawang'
p1809
I67
sS'litanya'
p1810
I67
sS'ata'
p1811
I65
sS'sucks'
p1812
I65
sS'kakaloka'
p1813
I67
sS'ohhcge'
p1814
I67
sS'ning'
p1815
I67
sS'ato'
p1816
I65
sS'knocked'
p1817
I67
sS'pleaseee'
p1818
I67
sS'marble'
p1819
I67
sS'def'
p1820
I67
sS'history'
p1821
I66
sS'beautiful'
p1822
I63
sS'purchases'
p1823
I67
sS'pagtulog'
p1824
I67
sS'rodriguez'
p1825
I67
sS'share'
p1826
I66
sS'late?"'
p1827
I67
sS'lolol'
p1828
I66
sS'shabbat'
p1829
I67
sS'numbers'
p1830
I67
sS'hyperplane'
p1831
I66
sS'that.\xe2\x80\x9d'
p1832
I67
sS'~tingnan'
p1833
I67
sS'bonded'
p1834
I67
sS'huge'
p1835
I67
sS'needs'
p1836
I67
sS'mapa'
p1837
I67
sS'laker'
p1838
I67
sS'goal'
p1839
I65
sS'awkward'
p1840
I67
sS'rather'
p1841
I67
sS'ledger'
p1842
I67
sS'keyawna'
p1843
I66
sS'botar'
p1844
I67
sS'sisayaw'
p1845
I67
sS'okay'
p1846
I67
sS'magtutok'
p1847
I67
sS'fx'
p1848
I67
sS'suppose'
p1849
I67
sS'sissybalik'
p1850
I67
sS'fb'
p1851
I66
sS'plane'
p1852
I66
sS'fe'
p1853
I67
sS'coming'
p1854
I66
sS'backyard'
p1855
I67
sS'response'
p1856
I65
sS'a'
p1857
I6
sS'susan'
p1858
I67
sS'coat'
p1859
I65
sS'~hahahakuyog'
p1860
I67
sS'-mishu'
p1861
I67
sS'volleyball'
p1862
I67
sS"plottin'"
p1863
I67
sS'sislakas'
p1864
I67
sS'media'
p1865
I67
sS'pleasure'
p1866
I67
sS'dream'
p1867
I67
sS'playing'
p1868
I66
sS"that's"
p1869
I62
sS'1wk'
p1870
I67
sS'help'
p1871
I65
sS"don't"
p1872
I39
sS'sooo'
p1873
I66
sS'soon'
p1874
I63
sS'trade'
p1875
I67
sS'tiebreaker'
p1876
I67
sS'paper'
p1877
I67
sS'through'
p1878
I66
sS'shit\xe2\x80\x9d'
p1879
I67
sS'left'
p1880
I67
sS'hell'
p1881
I60
sS'smiling'
p1882
I67
sS'markie'
p1883
I67
sS'its'
p1884
I66
sS'5:30'
p1885
I67
sS'20'
p1886
I67
sS'21'
p1887
I67
sS'22'
p1888
I66
sS'actually'
p1889
I66
sS'late'
p1890
I65
sS'beater\xe2\x80\x9d'
p1891
I67
sS'argentina'
p1892
I67
sS"*can't"
p1893
I67
sS'might'
p1894
I65
sS"haven't"
p1895
I66
sS'gsend'
p1896
I67
sS'good'
p1897
I52
sS'somebody'
p1898
I66
sS'yo'
p1899
I63
sS'food'
p1900
I67
sS'arizonaok'
p1901
I67
sS'speechless'
p1902
I67
sS'aketch'
p1903
I67
sS'motivates'
p1904
I67
sS'hahahahahaha'
p1905
I67
sS'starbucks'
p1906
I67
sS'oxford'
p1907
I65
sS'hahakaya'
p1908
I67
sS'buffering'
p1909
I67
sS'naging'
p1910
I67
sS'complain'
p1911
I67
sS'oineza'
p1912
I67
sS'gamot'
p1913
I66
sS'shop'
p1914
I67
sS'fantasy'
p1915
I67
sS'always'
p1916
I59
sS'gud'
p1917
I66
sS'bless'
p1918
I67
sS'xoxoxox'
p1919
I67
sS'goofy'
p1920
I67
sS'found'
p1921
I63
sS'magdasal'
p1922
I67
sS'button'
p1923
I67
sS"isn't"
p1924
I65
sS"yes'til"
p1925
I67
sS'lokohin'
p1926
I67
sS'again~~'
p1927
I67
sS'everyone'
p1928
I65
sS'delicious'
p1929
I67
sS'house'
p1930
I65
sS'hard'
p1931
I67
sS'idea'
p1932
I66
sS'mauparang'
p1933
I67
sS'mackenzie'
p1934
I67
sS'hahahhahaa'
p1935
I67
sS'doses'
p1936
I67
sS'columbia'
p1937
I67
sS'balance'
p1938
I67
sS'waaaahh'
p1939
I67
sS'really'
p1940
I52
sS'lungsliverpancreas'
p1941
I67
sS'arawhahaha'
p1942
I67
sS'missed'
p1943
I67
sS';)"'
p1944
I67
sS'surrounded'
p1945
I67
sS'research'
p1946
I67
sS'acting'
p1947
I66
sS'\xd8\xa7\xd8\xb9\xd8\xb1\xd9\x81'
p1948
I67
sS'prinz'
p1949
I61
sS'lolz'
p1950
I67
sS'nangyayari'
p1951
I67
sS'ass'
p1952
I58
sS'textin'
p1953
I67
sS"!i'd"
p1954
I67
sS'bass'
p1955
I67
sS'timeline'
p1956
I67
sS':)\xe2\x80\x9d'
p1957
I66
sS'guess'
p1958
I67
sS'asa'
p1959
I66
sS'toy'
p1960
I67
sS'asf'
p1961
I66
sS'mmk'
p1962
I67
sS'imagine'
p1963
I66
sS'ask'
p1964
I64
sS'diri'
p1965
I66
sS'kings'
p1966
I67
sS'kosins'
p1967
I67
sS"nangayo'g"
p1968
I67
sS'uygipabasa'
p1969
I67
sS'yansasabunutan'
p1970
I67
sS'terrible'
p1971
I63
sS'uncle'
p1972
I67
sS'kung'
p1973
I62
sS'wla'
p1974
I65
sS'kuno'
p1975
I66
sS'major'
p1976
I67
sS'dont'
p1977
I60
sS'wilder'
p1978
I67
sS'feel'
p1979
I56
sS'cady'
p1980
I67
sS'number'
p1981
I63
sS'whom'
p1982
I67
sS'feet'
p1983
I64
sS'done'
p1984
I65
sS'kog'
p1985
I67
sS'ingna'
p1986
I67
sS'version-auds'
p1987
I67
sS'slower'
p1988
I67
sS'miss'
p1989
I60
sS'gooo'
p1990
I67
sS'story'
p1991
I66
sS'tumatakbo'
p1992
I67
sS'jew'
p1993
I67
sS'nakakaloka'
p1994
I62
sS'mansions'
p1995
I67
sS'least'
p1996
I67
sS'ayoko'
p1997
I63
sS'station'
p1998
I67
sS'statement'
p1999
I67
sS'mama'
p2000
I67
sS'02/18/11'
p2001
I67
sS'store'
p2002
I67
sS'gps'
p2003
I67
sS'hehe\xe2\x80\x9d'
p2004
I67
sS'tutugutansigngon'
p2005
I67
sS'para'
p2006
I61
sS'behind'
p2007
I67
sS'park'
p2008
I66
sS"i'ma"
p2009
I66
sS'handshakes'
p2010
I67
sS'part'
p2011
I66
sS'precinct'
p2012
I67
sS'labti'
p2013
I67
sS'ipads'
p2014
I67
sS'believe'
p2015
I66
sS'stairs'
p2016
I67
sS'$1'
p2017
I67
sS'karon'
p2018
I67
sS'king'
p2019
I67
sS'umaga'
p2020
I67
sS'b'
p2021
I63
sS'froch'
p2022
I66
sS'double'
p2023
I67
sS'grey'
p2024
I66
sS'riyal'
p2025
I67
sS'dogs'
p2026
I67
sS'youth'
p2027
I67
sS'supposed'
p2028
I66
sS'lourdes'
p2029
I67
sS'galit'
p2030
I66
sS'headache'
p2031
I67
sS'kalokaaa'
p2032
I67
sS'deciding'
p2033
I67
sS'motivation'
p2034
I66
sS'kumusta'
p2035
I67
sS'outta'
p2036
I67
sS'basically'
p2037
I67
sS'wasnt'
p2038
I67
sS'4:51'
p2039
I67
sS'~i'
p2040
I67
sS'weeeee'
p2041
I67
sS'lie'
p2042
I67
sS'bake'
p2043
I67
sS'relationship'
p2044
I67
sS'dude'
p2045
I63
sS'dancing'
p2046
I67
sS'lil'
p2047
I64
sS'self'
p2048
I67
sS'givote'
p2049
I67
sS'also'
p2050
I66
sS'nabuang'
p2051
I67
sS'build'
p2052
I67
sS'finding'
p2053
I67
sS'buff'
p2054
I67
sS'play'
p2055
I65
sS'added'
p2056
I67
sS'jermaine'
p2057
I67
sS'choos'
p2058
I67
sS'kan'
p2059
I67
sS'most'
p2060
I61
sS'sinong'
p2061
I63
sS'kau'
p2062
I65
sS'sandra'
p2063
I67
sS'nothing'
p2064
I61
sS'kay'
p2065
I52
sS'ka'
p2066
I17
sS'jayne'
p2067
I66
sS'performances'
p2068
I67
sS'clear'
p2069
I66
sS'sometimes'
p2070
I67
sS'ko'
p2071
I16
sS'clean'
p2072
I67
sS'\xe2\x98\x80\xef\xb8\x8f'
p2073
I67
sS'haymatt'
p2074
I67
sS'jusko'
p2075
I64
sS'ugh'
p2076
I65
sS'gold'
p2077
I64
sS'cristina.anobeh'
p2078
I67
sS'getaway'
p2079
I67
sS'juliana'
p2080
I67
sS'nagsisimula'
p2081
I67
sS"...it's"
p2082
I67
sS'ibang'
p2083
I67
sS'gurl'
p2084
I67
sS'ibani'
p2085
I67
sS'find'
p2086
I62
sS'konti'
p2087
I67
sS'camel'
p2088
I67
sS'poppin'
p2089
I67
sS'nimels'
p2090
I67
sS'failed'
p2091
I66
sS'applesauce'
p2092
I67
sS'pretty'
p2093
I65
sS'8'
p2094
I65
sS'hip'
p2095
I67
sS'his'
p2096
I58
sS'hit'
p2097
I63
sS'meanwhile'
p2098
I67
sS'bend'
p2099
I67
sS'natin'
p2100
I66
sS'trees'
p2101
I67
sS'sila'
p2102
I59
sS'feels'
p2103
I66
sS'batasan'
p2104
I67
sS'pretending'
p2105
I65
sS'during'
p2106
I67
sS'beards'
p2107
I67
sS'him'
p2108
I65
sS'distraction'
p2109
I67
sS'rft'
p2110
I66
sS'humana'
p2111
I67
sS'jeepney'
p2112
I67
sS'gumapang'
p2113
I67
sS'neeed'
p2114
I67
sS'gotten'
p2115
I67
sS'x'
p2116
I67
sS'3d'
p2117
I67
sS'cringe'
p2118
I67
sS'makadula'
p2119
I67
sS'set'
p2120
I65
sS'bwiset-'
p2121
I67
sS'naguluhan'
p2122
I67
sS'sex'
p2123
I67
sS'see'
p2124
I53
sS'are'
p2125
I41
sS'sea'
p2126
I67
sS'inyo'
p2127
I66
sS'tender'
p2128
I67
sS'radyo'
p2129
I66
sS'(scott'
p2130
I67
sS'knees'
p2131
I67
sS'uubusin'
p2132
I67
sS'\xd8\xa7\xd9\x84\xd9\x84\xd9\x87'
p2133
I67
sS'movie'
p2134
I66
sS'wow'
p2135
I59
sS'kgwapohan'
p2136
I67
sS'please'
p2137
I62
sS'fans'
p2138
I67
sS'won'
p2139
I67
sS'babalik'
p2140
I67
sS'probably'
p2141
I67
sS'nope'
p2142
I66
sS"i'llll"
p2143
I67
sS'ikaw'
p2144
I60
sS'ikr'
p2145
I67
sS'latin'
p2146
I67
sS'essay'
p2147
I67
sS'intimidated'
p2148
I67
sS'attention'
p2149
I66
sS'wohoo'
p2150
I67
sS"hahahagrey's"
p2151
I67
sS'premise'
p2152
I67
sS'accuse'
p2153
I67
sS'epins'
p2154
I62
sS'toward'
p2155
I67
sS'last'
p2156
I54
sS'nahan'
p2157
I67
sS"wouldn't"
p2158
I67
sS'barely'
p2159
I66
sS'namin'
p2160
I67
sS'focused'
p2161
I67
sS'whole'
p2162
I67
sS'load'
p2163
I67
sS'hahahahealthy'
p2164
I67
sS'\xe2\x98\xba'
p2165
I67
sS'point'
p2166
I65
sS'simple'
p2167
I66
sS'sweet'
p2168
I67
sS'sini'
p2169
I67
sS'darlene'
p2170
I67
sS'yoww'
p2171
I67
sS'dudes'
p2172
I67
sS'coincidence'
p2173
I67
sS'eviction'
p2174
I67
sS'church'
p2175
I66
sS'hahaang'
p2176
I67
sS'busters'
p2177
I67
sS'gwapo'
p2178
I65
sS'dun'
p2179
I67
sS'lahat'
p2180
I64
sS'fellastalk'
p2181
I67
sS'whos'
p2182
I67
sS'hitting'
p2183
I67
sS'pc'
p2184
I66
sS'secret'
p2185
I66
sS'pa'
p2186
I37
sS'damn'
p2187
I63
sS'meeting'
p2188
I64
sS'po'
p2189
I65
sS'woke'
p2190
I67
sS'pm'
p2191
I67
sS'kathy'
p2192
I67
sS'akong'
p2193
I61
sS'gay'
p2194
I67
sS'sending'
p2195
I66
sS'fire'
p2196
I67
sS"what's"
p2197
I63
sS'enroll'
p2198
I67
sS'else'
p2199
I67
sS'whatever'
p2200
I67
sS'understand'
p2201
I66
sS'instructor'
p2202
I67
sS'trojan'
p2203
I67
sS'iya'
p2204
I66
sS'look'
p2205
I64
sS'juice'
p2206
I67
sS'solid'
p2207
I67
sS'"sus'
p2208
I67
sS'straight'
p2209
I66
sS'seryoso'
p2210
I67
sS'\xd9\x87\xd8\xa7\xd9\x8a'
p2211
I67
sS'bili'
p2212
I66
sS'forgetting'
p2213
I67
sS'while'
p2214
I62
sS'mimosas'
p2215
I67
sS'fun'
p2216
I61
sS'paco'
p2217
I67
sS'swim'
p2218
I67
sS'<3'
p2219
I62
sS'moignore'
p2220
I67
sS'7hrs'
p2221
I67
sS'wherever'
p2222
I67
sS'<<'
p2223
I67
sS'rip'
p2224
I66
sS'disappointing'
p2225
I67
sS'48yrs'
p2226
I67
sS'ready'
p2227
I62
sS'it\xe2\x98\x80'
p2228
I67
sS'vox'
p2229
I67
sS'audi'
p2230
I67
sS'labaw'
p2231
I67
sS'funny'
p2232
I63
sS'hahahahha'
p2233
I66
sS'shirt'
p2234
I65
sS'anymore'
p2235
I67
sS'migraine'
p2236
I67
sS'andersonur'
p2237
I67
sS'chunky'
p2238
I67
sS'nakalimutan'
p2239
I67
sS'sisinantay'
p2240
I67
sS'wierd'
p2241
I67
sS'basta'
p2242
I63
sS'9'
p2243
I66
sS'itchy'
p2244
I67
sS'eww'
p2245
I67
sS'conflict'
p2246
I67
sS'higher'
p2247
I67
sS'sya'
p2248
I63
sS'used'
p2249
I66
sS'daugonilog'
p2250
I67
sS'negotiate'
p2251
I67
sS'desks'
p2252
I67
sS'moment'
p2253
I67
sS'pasabta'
p2254
I67
sS'smc-'
p2255
I66
sS'sosyal'
p2256
I65
sS'along'
p2257
I67
sS'salmon?you'
p2258
I67
sS'ihatag'
p2259
I67
sS'nanggulo'
p2260
I67
sS'lower'
p2261
I66
sS'gv'
p2262
I67
sS'uysa'
p2263
I67
sS'anxious'
p2264
I67
sS'urge'
p2265
I67
sS'anybody'
p2266
I66
sS'natatakot'
p2267
I67
sS'picks'
p2268
I67
sS'person'
p2269
I63
sS'cheer'
p2270
I67
sS'nakakahilo'
p2271
I67
sS'y'
p2272
I66
sS'johan'
p2273
I67
sS'i\xe2\x80\x99m'
p2274
I67
sS'sperrys'
p2275
I67
sS'mom'
p2276
I64
sS'competitive'
p2277
I67
sS'unta'
p2278
I67
sS'apple'
p2279
I67
sS'letting'
p2280
I67
sS'tables'
p2281
I67
sS'parente'
p2282
I67
sS'password'
p2283
I67
sS'cup'
p2284
I67
sS'natuwa'
p2285
I67
sS'amputee'
p2286
I67
sS'cuz'
p2287
I67
sS'crying'
p2288
I67
sS'homies'
p2289
I67
sS'snap'
p2290
I67
sS'excited'
p2291
I61
sS'ridiculously'
p2292
I67
sS'aadik'
p2293
I67
sS'sisradyo'
p2294
I67
sS'big'
p2295
I57
sS'couple'
p2296
I65
sS'unlimited'
p2297
I67
sS'cgeg'
p2298
I67
sS'mahigpit'
p2299
I67
sS'game'
p2300
I61
sS'kasi'
p2301
I55
sS'andito'
p2302
I67
sS'akoayoko'
p2303
I67
sS'girl\xe2\x80\x9d'
p2304
I67
sS'd'
p2305
I65
sS'ignore'
p2306
I67
sS'bukas'
p2307
I65
sS'baliwag'
p2308
I67
sS'popular'
p2309
I67
sS'kaloka'
p2310
I53
sS'me\xe2\x80\x9d'
p2311
I67
sS'bahay'
p2312
I67
sS'tennischar'
p2313
I67
sS'hahahadi'
p2314
I67
sS'often'
p2315
I67
sS'fucking'
p2316
I60
sS'madammm'
p2317
I67
sS'u?\xe2\x80\x9d'
p2318
I67
sS'1st'
p2319
I67
sS'some'
p2320
I57
sS'back'
p2321
I54
sS'iwant'
p2322
I67
sS'martian'
p2323
I64
sS'integ'
p2324
I67
sS'pala'
p2325
I62
sS'heehe'
p2326
I67
sS'sheesh'
p2327
I67
sS'hahahaha!!"'
p2328
I67
sS'culprit'
p2329
I67
sS'absolutely'
p2330
I67
sS'schalk'
p2331
I67
sS'saan'
p2332
I67
sS'pen'
p2333
I66
sS'slash'
p2334
I67
sS'talandi'
p2335
I67
sS'peg'
p2336
I66
sS'prob'
p2337
I67
sS't'
p2338
I67
sS'kasabot'
p2339
I67
sS'be'
p2340
I25
sS'bg'
p2341
I67
sS'eating'
p2342
I64
sS'ba'
p2343
I49
sS'bb'
p2344
I61
sS'bc'
p2345
I67
sS'hypocritical'
p2346
I67
sS'kunis'
p2347
I67
sS'cge'
p2348
I62
sS'malabo'
p2349
I67
sS'olympic'
p2350
I67
sS'santa'
p2351
I49
sS'kelsee'
p2352
I67
sS'crap'
p2353
I67
sS'by'
p2354
I56
sS'aylabyu'
p2355
I67
sS'anything'
p2356
I64
sS'rumbuko'
p2357
I67
sS'amaw'
p2358
I67
sS'drama'
p2359
I66
sS'sake'
p2360
I67
sS'idk'
p2361
I66
sS'5yrs'
p2362
I67
sS"telemundo's"
p2363
I67
sS'womens'
p2364
I67
sS'wanna'
p2365
I60
sS'bibigyan'
p2366
I66
sS'seeing'
p2367
I66
sS'olympicshahaha'
p2368
I67
sS"'cause"
p2369
I67
sS'imitation'
p2370
I67
sS'saka'
p2371
I66
sS'into'
p2372
I65
sS'pul-an'
p2373
I67
sS'momma'
p2374
I67
sS'because'
p2375
I57
sS'smelly'
p2376
I67
sS'kissers'
p2377
I67
sS'fat.\xe2\x80\x9d'
p2378
I67
sS'smells'
p2379
I67
sS'animo'
p2380
I67
sS'gilabay'
p2381
I67
sS'statistics'
p2382
I67
sS'beers'
p2383
I67
sS'xoxo'
p2384
I65
sS'terrarium'
p2385
I67
sS'long'
p2386
I65
sS'syllabus'
p2387
I67
sS"we're"
p2388
I66
sS'literal'
p2389
I67
sS'forward'
p2390
I67
sS'bored'
p2391
I66
sS'twitter'
p2392
I64
sS'ml&r'
p2393
I67
sS'an'
p2394
I52
sS'\xd8\xa7\xd9\x86\xd8\xaf\xd8\xa7\xd8\xb1\xd9\x8a'
p2395
I67
sS'jewish'
p2396
I65
sS'magkasundoarte'
p2397
I67
sS'anywhere'
p2398
I67
sS'girlfriends'
p2399
I67
sS'boys'
p2400
I66
sS'link'
p2401
I63
sS'kulang'
p2402
I67
sS'russian'
p2403
I66
sS'life-ing'
p2404
I67
sS'posted'
p2405
I67
sS'laziest'
p2406
I67
sS'uy'
p2407
I57
sS'mohehe'
p2408
I67
sS'up'
p2409
I40
sS'us'
p2410
I61
sS'ur'
p2411
I66
sS'um'
p2412
I67
sS'cams'
p2413
I67
sS'uh'
p2414
I67
sS'retweeting'
p2415
I67
sS'called'
p2416
I67
sS'yelled'
p2417
I67
sS'magaling'
p2418
I67
sS'dili'
p2419
I67
sS'\xd9\x8a\xd9\x88\xd8\xac\xd8\xa7'
p2420
I67
sS'cover'
p2421
I67
sS'3ft'
p2422
I67
sS'muadto'
p2423
I67
sS'\xd8\xac\xd8\xaa\xd9\x84\xd9\x8a'
p2424
I67
sS'racking'
p2425
I67
sS'single'
p2426
I64
sS'necks'
p2427
I67
sS'~ayieee'
p2428
I67
sS'dropkicked'
p2429
I67
sS'ayieee'
p2430
I67
sS'journalists'
p2431
I67
sS'facebook'
p2432
I67
sS'naa'
p2433
I62
sS'tita'
p2434
I67
sS'nag'
p2435
I57
sS'nah'
p2436
I65
sS'edwards'
p2437
I67
sS'excuses'
p2438
I67
sS'definitely'
p2439
I64
sS'becomes'
p2440
I67
sS'nay'
p2441
I67
sS'manhattan'
p2442
I67
sS'nice'
p2443
I63
sS'pakialamanan'
p2444
I67
sS'jojo'
p2445
I67
sS'nagsasabi'
p2446
I67
sS'ganyan'
p2447
I65
sS'helping'
p2448
I67
sS'meaning'
p2449
I67
sS'knowright'
p2450
I67
sS'pakshet'
p2451
I67
sS'problema'
p2452
I67
sS'mood'
p2453
I67
sS'ago'
p2454
I65
sS'texted'
p2455
I66
sS'practically'
p2456
I67
sS'age'
p2457
I67
sS'unlocked'
p2458
I67
sS'aga'
p2459
I67
sS'heath'
p2460
I67
sS'2002'
p2461
I67
sS'uymaintainance'
p2462
I67
sS'nasa'
p2463
I67
sS'bribe'
p2464
I67
sS'far'
p2465
I67
sS"she's"
p2466
I63
sS'having'
p2467
I65
sS'dvr'
p2468
I67
sS'pussy"'
p2469
I67
sS'"21"'
p2470
I67
sS'saying'
p2471
I63
sS'iti'
p2472
I67
sS'edi'
p2473
I67
sS'results'
p2474
I67
sS'puruko'
p2475
I67
sS'codi'
p2476
I67
sS'alien'
p2477
I67
sS'kaboses'
p2478
I67
sS'ga'
p2479
I64
sS'go'
p2480
I46
sS'gossip'
p2481
I67
sS'nung'
p2482
I62
sS'gani'
p2483
I64
sS'kamusta'
p2484
I67
sS'kanay'
p2485
I67
sS'gi'
p2486
I66
sS'englisher'
p2487
I67
sS'car\xe2\x80\x9d'
p2488
I67
sS'pagpalit'
p2489
I67
sS'klarisse'
p2490
I67
sS'young'
p2491
I65
sS'send'
p2492
I65
sS'uykatugon'
p2493
I67
sS'ahhaha'
p2494
I67
sS'sinabi'
p2495
I67
sS'\xd8\xa7\xd8\xad\xd9\x83\xd9\x8a\xd9\x84\xd9\x87\xd9\x85'
p2496
I67
sS'mil'
p2497
I67
sS'sent'
p2498
I67
sS'syaaa'
p2499
I67
sS'heard'
p2500
I67
sS'daghan'
p2501
I67
sS'putting'
p2502
I66
sS'tiwala'
p2503
I67
sS'telling'
p2504
I67
sS'drinking'
p2505
I67
sS'entire'
p2506
I66
sS'magic'
p2507
I67
sS'sanctified'
p2508
I67
sS'notes'
p2509
I67
sS'niggas'
p2510
I67
sS'michael'
p2511
I67
sS"they've"
p2512
I67
sS'try'
p2513
I63
sS'churva'
p2514
I67
sS'iba'
p2515
I66
sS'evp'
p2516
I67
sS'lovelys'
p2517
I67
sS'commitment'
p2518
I67
sS'\xe2\x9d\xa4'
p2519
I61
sS'eepasyente'
p2520
I67
sS'crop'
p2521
I67
sS'itwhen'
p2522
I67
sS'video'
p2523
I66
sS'traveling'
p2524
I67
sS'picked'
p2525
I66
sS'reunion'
p2526
I66
sS'click'
p2527
I67
sS'mauhustisya'
p2528
I67
sS'contradicts'
p2529
I67
sS'squeeze'
p2530
I67
sS'\xd8\xb1\xd9\x88\xd8\xad\xd9\x87'
p2531
I67
sS'antok'
p2532
I67
sS'sweaty'
p2533
I67
sS'cell'
p2534
I67
sS'lmfao'
p2535
I67
sS'waiting'
p2536
I66
sS'indian'
p2537
I67
sS'kershaw'
p2538
I67
sS'equivalent'
p2539
I67
sS'exercise'
p2540
I67
sS'can'
p2541
I45
sS'body'
p2542
I66
sS'chose'
p2543
I67
sS'leg'
p2544
I66
sS'\xd9\x82\xd8\xa7\xd8\xb9\xd8\xaf\xd9\x8a\xd9\x86'
p2545
I67
sS'punch'
p2546
I67
sS'napatawa'
p2547
I67
sS'"sweeter'
p2548
I67
sS'sino'
p2549
I67
sS'resisting'
p2550
I67
sS'let'
p2551
I61
sS'service*'
p2552
I67
sS'lalaki'
p2553
I67
sS'others'
p2554
I65
sS'sing'
p2555
I66
sS'malulugmok'
p2556
I67
sS'akon'
p2557
I67
sS'pinanood'
p2558
I67
sS'great'
p2559
I57
sS'imnon'
p2560
I67
sS'30'
p2561
I66
sS'35'
p2562
I67
sS'leaving'
p2563
I67
sS"weren't"
p2564
I67
sS'kinsa'
p2565
I67
sS'lochte'
p2566
I67
sS'makes'
p2567
I64
sS'weekends'
p2568
I67
sS'named'
p2569
I67
sS'sira'
p2570
I67
sS'walgrove'
p2571
I66
sS'win'
p2572
I64
sS'dedicated'
p2573
I67
sS'throwback'
p2574
I67
sS'binaon'
p2575
I67
sS'sugar'
p2576
I67
sS'singing'
p2577
I67
sS'kilig'
p2578
I66
sS'use'
p2579
I67
sS'hahahahaha'
p2580
I62
sS'from'
p2581
I51
sS'usa'
p2582
I64
sS'&'
p2583
I56
sS'~hahaha'
p2584
I63
sS'gulong'
p2585
I67
sS'lube'
p2586
I67
sS'next'
p2587
I51
sS'means'
p2588
I67
sS'matatalo'
p2589
I67
sS'reflects'
p2590
I67
sS'walay'
p2591
I67
sS'animels'
p2592
I67
sS'sisang'
p2593
I67
sS'faeta'
p2594
I67
sS'rich'
p2595
I67
sS'face\xe2\x80\x9d'
p2596
I67
sS'tennis'
p2597
I67
sS'fuck'
p2598
I56
sS'madami'
p2599
I67
sS'baby'
p2600
I66
sS'central'
p2601
I67
sS'wild'
p2602
I67
sS'langchos'
p2603
I67
sS'sori'
p2604
I67
sS'women'
p2605
I65
sS'madaling'
p2606
I67
sS'animals'
p2607
I67
sS'salad'
p2608
I67
sS'midterm'
p2609
I65
sS'this'
p2610
I22
sS'ride'
p2611
I67
sS'magpas-an'
p2612
I67
sS'magdula'
p2613
I67
sS'sabi'
p2614
I65
sS'obvious'
p2615
I67
sS'lng'
p2616
I67
sS'aight'
p2617
I66
sS'meet'
p2618
I62
sS'saba'
p2619
I67
sS'coffin'
p2620
I67
sS'proof'
p2621
I67
sS'tau'
p2622
I65
sS'od'
p2623
I67
sS'kenny'
p2624
I67
sS'do'
p2625
I48
sS'soulmates'
p2626
I67
sS'joshane'
p2627
I64
sS'disruption'
p2628
I67
sS'dako'
p2629
I67
sS'high'
p2630
I67
sS'atong'
p2631
I66
sS'kaloka\xe2\x80\x9d'
p2632
I67
sS'something'
p2633
I66
sS'waaaah'
p2634
I67
sS'bones'
p2635
I67
sS'wonderful'
p2636
I67
sS'twitpic'
p2637
I67
sS'waaaaa'
p2638
I66
sS'sis'
p2639
I25
sS'sit'
p2640
I61
sS'grabehan'
p2641
I67
sS'fortunate'
p2642
I67
sS'class<'
p2643
I67
sS'blessings'
p2644
I66
sS'pinili'
p2645
I65
sS'instead'
p2646
I66
sS'kiat'
p2647
I66
sS'magpinsan'
p2648
I67
sS'awwwgalaw2x'
p2649
I67
sS'stock'
p2650
I67
sS'mahina'
p2651
I67
sS'ayala'
p2652
I67
sS'watch'
p2653
I60
sS'nagamit'
p2654
I66
sS'lmfaoo'
p2655
I66
sS'balitaw'
p2656
I67
sS'taco'
p2657
I67
sS'hahahaha'
p2658
I17
sS'spelling'
p2659
I66
sS'da'
p2660
I64
sS'pwede'
p2661
I64
sS'?\xe2\x80\x9d'
p2662
I67
sS'realized'
p2663
I67
sS'famous'
p2664
I67
sS'light'
p2665
I67
sS'natapos'
p2666
I67
sS'akala'
p2667
I67
sS'animas'
p2668
I67
sS'american'
p2669
I67
sS'counted'
p2670
I67
sS'cornering'
p2671
I67
sS'move'
p2672
I65
sS'afterall'
p2673
I67
sS"won't"
p2674
I66
sS'looks'
p2675
I66
sS'mentioned'
p2676
I67
sS'shonda'
p2677
I67
sS'nabali'
p2678
I67
sS'bunch'
p2679
I67
sS'sauce'
p2680
I67
sS'spotify'
p2681
I67
sS'mnko'
p2682
I67
sS'nagparamdamsaka'
p2683
I67
sS'la'
p2684
I60
sS'curses'
p2685
I67
sS'pirte'
p2686
I67
sS'raba'
p2687
I66
sS'choose'
p2688
I65
sS'lq'
p2689
I67
sS'total'
p2690
I67
sS'forest'
p2691
I67
sS'dad'
p2692
I67
sS'handa'
p2693
I67
sS'sissyolympics'
p2694
I67
sS'diko'
p2695
I67
sS'gnyt'
p2696
I65
sS'auto'
p2697
I67
sS'ingat'
p2698
I67
sS'practice'
p2699
I66
sS'83\xc2\xb0'
p2700
I67
sS'dat'
p2701
I66
sS'maunasa'
p2702
I67
sS'daw'
p2703
I64
sS'laglag'
p2704
I67
sS'hands'
p2705
I67
sS'front'
p2706
I67
sS'bar'
p2707
I67
sS'day'
p2708
I52
sS'nuod'
p2709
I67
sS'maoy'
p2710
I67
sS'ramps'
p2711
I67
sS'papalit'
p2712
I67
sS'boots'
p2713
I67
sS'testicle'
p2714
I67
sS'sim'
p2715
I67
sS'truth'
p2716
I66
sS"ya'll"
p2717
I66
sS'grabbing'
p2718
I67
sS'spanglish'
p2719
I67
sS'natamaan'
p2720
I67
sS'doing'
p2721
I61
sS'waking'
p2722
I67
sS'product'
p2723
I67
sS'related'
p2724
I67
sS'.\xd8\xa7\xd8\xad\xd8\xaa\xd9\x8a\xd8\xa7\xd8\xb7\xd8\xa7'
p2725
I67
sS'our'
p2726
I59
sS'80'
p2727
I67
sS'disco'
p2728
I67
sS'ospital'
p2729
I67
sS'special'
p2730
I66
sS'out'
p2731
I33
sS'matt'
p2732
I64
sS"low..schemin'"
p2733
I67
sS'kaayobad'
p2734
I67
sS'bahala'
p2735
I67
sS"feilhaber's"
p2736
I67
sS'mate'
p2737
I66
sS'hilarious'
p2738
I67
sS'lecture'
p2739
I67
sS'masaya'
p2740
I66
sS'cause'
p2741
I67
sS'red'
p2742
I66
sS'common'
p2743
I67
sS'deals'
p2744
I67
sS'shut'
p2745
I66
sS'southern'
p2746
I67
sS'70s'
p2747
I67
sS'completely'
p2748
I67
sS'napkins'
p2749
I67
sS'latest'
p2750
I67
sS'napaghahalata'
p2751
I67
sS'nagba-ballroom'
p2752
I67
sS'craving'
p2753
I67
sS"poppin'"
p2754
I67
sS'drowning'
p2755
I67
sS'yard'
p2756
I67
sS'g'
p2757
I67
sS'could'
p2758
I61
sS'keep'
p2759
I66
sS'4th'
p2760
I66
sS'wrote'
p2761
I67
sS'shapeshift'
p2762
I67
sS'davis'
p2763
I67
sS'south'
p2764
I67
sS'tayong'
p2765
I66
sS'natulog'
p2766
I67
sS'saco'
p2767
I67
sS'nyahaha'
p2768
I67
sS'jesus'
p2769
I65
sS'j.k'
p2770
I67
sS'bitch'
p2771
I66
sS'omjane'
p2772
I67
sS'centrum'
p2773
I67
sS'hehe'
p2774
I60
sS'adik:)'
p2775
I67
sS"doesn't"
p2776
I64
sS'playlist'
p2777
I67
sS'sadly'
p2778
I67
sS'tanduay'
p2779
I67
sS'los'
p2780
I67
sS'hahahahe'
p2781
I67
sS'santos!\xe2\x80\x9dat'
p2782
I67
sS'system'
p2783
I67
sS'lamang'
p2784
I67
sS'their'
p2785
I64
sS'cats'
p2786
I67
sS'nagwild'
p2787
I67
sS'messing'
p2788
I67
sS'final'
p2789
I63
sS'painful'
p2790
I67
sS'earlyinstead'
p2791
I67
sS'stomach'
p2792
I67
sS'lot'
p2793
I63
sS'chagrin'
p2794
I67
sS":'(\xe2\x80\x9d"
p2795
I67
sS'explanation'
p2796
I67
sS'exactly'
p2797
I67
sS'namntapos'
p2798
I67
sS'cya'
p2799
I67
sS'seuss'
p2800
I67
sS'matakot'
p2801
I67
sS'deeply'
p2802
I67
sS'july'
p2803
I67
sS'udi'
p2804
I67
sS'ipad'
p2805
I65
sS'loved'
p2806
I67
sS'witcha'
p2807
I67
sS'..\xe2\x80\x9d'
p2808
I67
sS'jealousbut'
p2809
I67
sS'boring'
p2810
I66
sS'bother'
p2811
I66
sS'depends'
p2812
I67
sS'pinatay'
p2813
I67
sS'whenever'
p2814
I67
sS'loves'
p2815
I66
sS'1forest1'
p2816
I67
sS'country'
p2817
I67
sS'broffesor'
p2818
I67
sS'bet'
p2819
I65
sS'paano'
p2820
I67
sS'botohan'
p2821
I67
sS'laay'
p2822
I67
sS'gently'
p2823
I67
sS'spelled'
p2824
I67
sS'tonight'
p2825
I63
sS'on3/26'
p2826
I67
sS'kuto'
p2827
I67
sS'mawala'
p2828
I66
sS'have'
p2829
I36
sS'close'
p2830
I67
sS'need'
p2831
I54
sS'ehhhh'
p2832
I67
sS'bomer'
p2833
I67
sS'afraid'
p2834
I67
sS'fxx'
p2835
I66
sS'scoop'
p2836
I67
sS'kwarta'
p2837
I67
sS'relaxxxx!!!\xe2\x80\x9d'
p2838
I67
sS'wits'
p2839
I67
sS'able'
p2840
I67
sS'atin'
p2841
I67
sS'hamamimiss'
p2842
I67
sS'babes'
p2843
I67
sS'truck'
p2844
I67
sS'mir'
p2845
I67
sS'coke'
p2846
I66
sS'medals'
p2847
I67
sS'campus)'
p2848
I65
sS'patchy'
p2849
I67
sS'sumasakit'
p2850
I67
sS'aww'
p2851
I67
sS'brokenheart'
p2852
I67
sS'who'
p2853
I58
sS'joshanetagal'
p2854
I67
sS'tall'
p2855
I67
sS'future'
p2856
I67
sS'sa'
p2857
I12
sS'manok'
p2858
I67
sS'basahin'
p2859
I67
sS'salty'
p2860
I67
sS'upset'
p2861
I67
sS'face'
p2862
I62
sS'looked'
p2863
I65
sS'kipling'
p2864
I67
sS'pictures'
p2865
I67
sS'typical'
p2866
I67
sS'videoke'
p2867
I67
sS'fact'
p2868
I67
sS'son'
p2869
I67
sS'kita'
p2870
I63
sS'nangyari'
p2871
I67
sS'hoodies'
p2872
I67
sS'birthright'
p2873
I67
sS'dba'
p2874
I64
sS'text'
p2875
I67
sS'anyway'
p2876
I66
sS'nights'
p2877
I67
sS'bring'
p2878
I66
sS'fear'
p2879
I66
sS'partners'
p2880
I67
sS'podcast'
p2881
I67
sS'nga'
p2882
I43
sS'earned'
p2883
I67
sS'winner'
p2884
I65
sS'woo'
p2885
I67
sS'should'
p2886
I57
sS'jan'
p2887
I60
sS'jao'
p2888
I67
sS'masasakal'
p2889
I67
sS'libre'
p2890
I66
sS'local'
p2891
I66
sS'hope'
p2892
I64
sS'meant'
p2893
I66
sS'jacqueline'
p2894
I67
sS'mga'
p2895
I48
sS'watching'
p2896
I62
sS'beat'
p2897
I67
sS'familiar'
p2898
I67
sS'lucky'
p2899
I66
sS'yaasssa'
p2900
I67
sS'katapat'
p2901
I67
sS'awww'
p2902
I66
sS'ones'
p2903
I65
sS'words'
p2904
I66
sS'bead'
p2905
I67
sS'itetch'
p2906
I67
sS'tbe'
p2907
I67
sS'smash'
p2908
I67
sS'nasign'
p2909
I67
sS'married'
p2910
I65
sS'stuff'
p2911
I65
sS'she'
p2912
I55
sS'ohio'
p2913
I67
sS'preach'
p2914
I67
sS'~mora'
p2915
I67
sS'madam'
p2916
I60
sS'tuloy'
p2917
I66
sS'bunalan'
p2918
I67
sS'pitch'
p2919
I67
sS'jane"'
p2920
I67
sS'desperate'
p2921
I67
sS'tulog'
p2922
I66
sS'packed'
p2923
I67
sS'closer'
p2924
I67
sS'kabalo'
p2925
I64
sS'interview'
p2926
I67
sS'stats'
p2927
I64
sS'ugliest'
p2928
I67
sS'inuman'
p2929
I67
sS'\xd9\x85\xd8\xa7'
p2930
I67
sS'horrible'
p2931
I67
sS'theta'
p2932
I67
sS'frustrated'
p2933
I67
sS'email'
p2934
I67
sS'aron'
p2935
I64
sS'dirty'
p2936
I67
sS'deadass'
p2937
I67
sS'exam'
p2938
I63
sS'opening'
p2939
I67
sS'kelan'
p2940
I66
sS'weak'
p2941
I67
sS'beverages'
p2942
I67
sS'antics'
p2943
I67
sS'job'
p2944
I67
sS'key'
p2945
I67
sS'goodluck'
p2946
I67
sS'disconnect'
p2947
I67
sS'precious'
p2948
I67
sS'legit'
p2949
I65
sS'hits'
p2950
I66
sS'tangkad'
p2951
I67
sS'masakspan'
p2952
I67
sS'joke'
p2953
I66
sS'taking'
p2954
I67
sS"he's"
p2955
I65
sS'xox'
p2956
I67
sS'april'
p2957
I66
sS'admit'
p2958
I67
sS'atleast'
p2959
I67
sS'yours."'
p2960
I67
sS'section'
p2961
I67
sS'eto'
p2962
I64
sS'asya'
p2963
I67
sS'wear'
p2964
I66
sS'hehehe'
p2965
I64
sS'wala'
p2966
I61
sS'cc'
p2967
I67
sS'tuesday'
p2968
I67
sS'galing'
p2969
I67
sS'walk'
p2970
I67
sS'taong'
p2971
I67
sS'mls'
p2972
I67
sS'burpday'
p2973
I67
sS'eyebags'
p2974
I67
sS'laugh'
p2975
I67
sS'gave'
p2976
I67
sS'disturbing'
p2977
I67
sS'respect'
p2978
I66
sS'[pic]'
p2979
I67
sS'quit'
p2980
I67
sS'yay'
p2981
I67
sS'feelingera'
p2982
I67
sS"it's"
p2983
I41
sS'tatangkad'
p2984
I67
sS'laway'
p2985
I67
sS'cent'
p2986
I67
sS'quiz'
p2987
I66
sS'gopro'
p2988
I67
sS'yan'
p2989
I38
sS'hindi'
p2990
I57
sS'"i\'m'
p2991
I67
sS'hottest'
p2992
I67
sS'waste'
p2993
I67
sS'kaha'
p2994
I67
sS'am'
p2995
I60
sS'accounthis'
p2996
I67
sS'will..\xe2\x80\x9d'
p2997
I67
sS'ewan'
p2998
I65
sS'kaso'
p2999
I67
sS'maaga'
p3000
I67
sS'sayojoshua'
p3001
I67
sS'unya'
p3002
I66
sS'motan-aw'
p3003
I67
sS'siraulopara'
p3004
I67
sS'agad'
p3005
I63
sS'overuse'
p3006
I67
sS'kasamok'
p3007
I67
sS'will'
p3008
I55
sS'hahaha'
p3009
I5
sS'maui'
p3010
I61
sS"ya'"
p3011
I67
sS'kayang'
p3012
I67
sS'pasuyaon'
p3013
I67
sS'mwahhhh'
p3014
I67
sS'almost'
p3015
I66
sS'mangita'
p3016
I67
sS'insanely'
p3017
I67
sS'\xd8\xa7\xd9\x86\xd8\xa7'
p3018
I67
sS'lamby'
p3019
I67
sS'charms'
p3020
I67
sS'offically'
p3021
I67
sS'thug'
p3022
I67
sS'wks'
p3023
I67
sS'siraulosi'
p3024
I67
sS'gasto'
p3025
I67
sS'cross'
p3026
I65
sS'campus'
p3027
I56
sS'matthew'
p3028
I66
sS'lalaking'
p3029
I67
sS'pauli'
p3030
I67
sS'shuttle'
p3031
I67
sS'party'
p3032
I64
sS'gets'
p3033
I65
sS'pikat'
p3034
I67
sS'spell'
p3035
I67
sS'infinity'
p3036
I67
sS'uroy'
p3037
I67
sS'upod'
p3038
I67
sS'boses'
p3039
I67
sS'promo'
p3040
I62
sS'premiere'
p3041
I67
sS'logic'
p3042
I67
sS'student'
p3043
I66
sS'sisters'
p3044
I67
sS'//'
p3045
I67
sS'underneath'
p3046
I67
sS'off'
p3047
I62
sS'nagvote'
p3048
I67
sS'i'
p3049
I2
sS'well'
p3050
I61
sS'sin-o'
p3051
I66
sS'thought'
p3052
I62
sS'english'
p3053
I63
sS'grandmama'
p3054
I67
sS'kiss'
p3055
I67
sS'less'
p3056
I63
sS'sekreto'
p3057
I66
sS'touches'
p3058
I67
sS'trust'
p3059
I67
sS'mfs'
p3060
I67
sS'mahimatay'
p3061
I67
sS"person's"
p3062
I67
sS'nakapagpahinga'
p3063
I67
sS'brad'
p3064
I67
sS'morning...well'
p3065
I67
sS'laki'
p3066
I67
sS'kamukha'
p3067
I67
sS'listen'
p3068
I67
sS'21st\xe2\x80\xa6'
p3069
I67
sS'drunk'
p3070
I67
sS'logged'
p3071
I67
sS'1/2'
p3072
I67
sS'killed'
p3073
I67
sS'other'
p3074
I63
sS'taas'
p3075
I67
sS'crack'
p3076
I67
sS'ohhh'
p3077
I67
sS'nata'
p3078
I67
sS'~kiat'
p3079
I67
sS'homework'
p3080
I67
sS'tests'
p3081
I66
sS'fate'
p3082
I67
sS'perfectchos'
p3083
I67
sS'crushed'
p3084
I66
sS'ustream'
p3085
I67
sS'know'
p3086
I38
sS'desk'
p3087
I67
sS'belgium'
p3088
I67
sS'taung'
p3089
I67
sS'nakoy'
p3090
I67
sS'kalerks'
p3091
I61
sS'toe'
p3092
I67
sS'loss'
p3093
I67
sS'mauwaw'
p3094
I67
sS'like'
p3095
I29
sS'inviting'
p3096
I66
sS'criss'
p3097
I66
sS'miami'
p3098
I67
sS'jaq'
p3099
I67
sS'journalism'
p3100
I67
sS'loser'
p3101
I67
sS'sissy'
p3102
I56
sS'hosts'
p3103
I67
sS'lose'
p3104
I66
sS'chick'
p3105
I65
sS'works'
p3106
I67
sS'niya'
p3107
I64
sS'kakuyog'
p3108
I67
sS'mamaya'
p3109
I67
sS'nigga'
p3110
I58
sS'mura'
p3111
I66
sS'scared'
p3112
I66
sS'village'
p3113
I67
sS'library'
p3114
I67
sS'hair'
p3115
I65
sS'gagawa'
p3116
I67
sS'ilogan'
p3117
I67
sS'cleveland'
p3118
I67
sS'proper'
p3119
I67
sS'home'
p3120
I59
sS'supportive'
p3121
I67
sS'happens'
p3122
I67
sS'"what'
p3123
I67
sS'jays'
p3124
I67
sS'literally'
p3125
I64
sS'avoid'
p3126
I67
sS'uyhahaha'
p3127
I67
sS'mapurdoy'
p3128
I67
sS'tiki-tiki'
p3129
I67
sS'does'
p3130
I65
sS'mantika'
p3131
I67
sS'lagyo'
p3132
I67
sS'leader'
p3133
I67
sS'betty'
p3134
I67
sS'ngayon'
p3135
I62
sS'f'
p3136
I67
sS'singit'
p3137
I67
sS'uminom'
p3138
I67
sS'diin'
p3139
I66
sS'bag-o'
p3140
I66
sS'pw'
p3141
I67
sS'about'
p3142
I43
sS':-)'
p3143
I61
sS'justin'
p3144
I67
sS'getting'
p3145
I62
sS'shaking'
p3146
I67
sS'basis'
p3147
I67
sS'pirteng'
p3148
I67
sS'scott'
p3149
I66
sS'angeles'
p3150
I58
sS'swear'
p3151
I66
sS'uy"'
p3152
I67
sS'gabie'
p3153
I67
sS'swimming'
p3154
I66
sS'own'
p3155
I67
sS'owe'
p3156
I67
sS'pussy'
p3157
I67
sS'\xd8\xb4\xd9\x88'
p3158
I67
sS'lovelovelove'
p3159
I67
sS'wahahaha'
p3160
I65
sS'haha\xe2\x80\x9d'
p3161
I67
sS'chronic'
p3162
I67
sS'weather'
p3163
I67
sS'promise'
p3164
I66
sS'hahahahhaa'
p3165
I67
sS'couldnt'
p3166
I67
sS'kulatahon'
p3167
I67
sS'lowkey'
p3168
I67
sS'siton'
p3169
I67
sS'tulugan'
p3170
I67
sS'taman'
p3171
I67
sS'palestinian-israeli'
p3172
I67
sS'transfer'
p3173
I67
sS'saktan'
p3174
I67
sS'unbutton'
p3175
I67
sS'kidding'
p3176
I67
sS'basig'
p3177
I64
sS'pangaway'
p3178
I67
sS'biggest'
p3179
I67
sS'yrs'
p3180
I67
sS'wannaaaaa'
p3181
I67
sS'hanggang'
p3182
I66
sS'pm/9pm'
p3183
I67
sS':*\xe2\x80\x9d'
p3184
I67
sS"i've"
p3185
I62
sS'bus'
p3186
I66
sS'brand'
p3187
I66
sS'sequel'
p3188
I67
sS'but'
p3189
I43
sS'dulce"'
p3190
I67
sS'hi'
p3191
I61
sS'bum'
p3192
I67
sS'imong'
p3193
I64
sS'ha'
p3194
I51
sS'eat'
p3195
I67
sS'he'
p3196
I57
sS'made'
p3197
I61
sS'kaang'
p3198
I67
sS'places'
p3199
I67
sS'wish'
p3200
I61
sS'bet\xc3\xa9s'
p3201
I67
sS'j'
p3202
I60
sS'reinforcement'
p3203
I67
sS'excitement'
p3204
I67
sS'mangusog'
p3205
I67
sS'jhahahaha'
p3206
I67
sS'stories'
p3207
I67
sS'cake'
p3208
I67
sS'problem'
p3209
I65
sS'minutes'
p3210
I64
sS'sweeeeeeeet'
p3211
I67
sS':d"'
p3212
I67
sS'\xd9\x87\xd9\x88\xd9\x86\xd8\xaf\xd8\xa7'
p3213
I67
sS'eagerness'
p3214
I67
sS'pic'
p3215
I65
sS'pie'
p3216
I67
sS'isda'
p3217
I67
sS'myk'
p3218
I66
sS'ini'
p3219
I66
sS'goodness'
p3220
I67
sS'70%'
p3221
I67
sS'happen'
p3222
I65
sS'planting'
p3223
I67
sS'tumblr'
p3224
I67
sS'kulopwara'
p3225
I67
sS'\xd9\x88\xd9\x84\xd8\xa7'
p3226
I66
sS'kadugayan'
p3227
I67
sS'disasters'
p3228
I67
sS'nagsimula'
p3229
I67
sS'lakas'
p3230
I66
sS'book'
p3231
I65
sS'boom'
p3232
I67
sS'sick'
p3233
I65
sS'coffees'
p3234
I67
sS'mishu'
p3235
I66
sS'repeat'
p3236
I65
sS'star'
p3237
I67
sS'monday'
p3238
I66
sS'eemadami'
p3239
I67
sS'manggugulo'
p3240
I67
sS'class'
p3241
I24
sS'bayaran'
p3242
I67
sS'nasa-sad'
p3243
I67
sS'kinakabahan'
p3244
I67
sS'stay'
p3245
I67
sS'chance'
p3246
I67
sS'kinda'
p3247
I67
sS'tapusin'
p3248
I67
sS'friends'
p3249
I62
sS'goin'
p3250
I67
sS'klase'
p3251
I67
sS'|rt'
p3252
I56
sS'akomaka'
p3253
I67
sS'rule'
p3254
I67
sS'10/9'
p3255
I67
sS'iabot'
p3256
I67
sS'compete'
p3257
I67
sS'lives'
p3258
I67
sS'work\xe2\x80\x9d'
p3259
I66
sS'richard'
p3260
I67
s.