(dp0
S''
p1
I2
sS'raining'
p2
I47
sS'veut'
p3
I47
sS'sleep'
p4
I43
sS'asian'
p5
I47
sS'hating'
p6
I47
sS'saaaaaaame'
p7
I47
sS'hate'
p8
I46
sS'chili'
p9
I47
sS'feeding'
p10
I47
sS'auf'
p11
I47
sS'tweet'
p12
I46
sS'bike'
p13
I46
sS'how\xe2\x80\xa6'
p14
I47
sS'daze'
p15
I47
sS'under'
p16
I47
sS'lord'
p17
I46
sS'sorry'
p18
I47
sS'worth'
p19
I47
sS"sterling's"
p20
I47
sS'risk'
p21
I47
sS'every'
p22
I44
sS'jack'
p23
I46
sS'bringing'
p24
I47
sS'look'
p25
I47
sS'school'
p26
I46
sS'nudes'
p27
I47
sS'porn"'
p28
I47
sS'poppy'
p29
I47
sS'ups'
p30
I47
sS'9pm'
p31
I45
sS'enjoy'
p32
I46
sS'evertheory'
p33
I41
sS'"all'
p34
I47
sS'hanging'
p35
I47
sS'japanese'
p36
I46
sS'chef'
p37
I47
sS'second'
p38
I47
sS'street'
p39
I43
sS'sucks."'
p40
I47
sS'dipset'
p41
I47
sS'even'
p42
I43
sS'inglewood'
p43
I47
sS'+'
p44
I47
sS'toll'
p45
I47
sS'new'
p46
I36
sS'officially'
p47
I46
sS'told'
p48
I45
sS'curry'
p49
I47
sS'mel'
p50
I47
sS'never'
p51
I43
sS'(los'
p52
I21
sS'met'
p53
I47
sS'blueberries'
p54
I47
sS'studio'
p55
I47
sS'100'
p56
I47
sS"aren't"
p57
I47
sS'taper'
p58
I47
sS'k'
p59
I47
sS'changed'
p60
I47
sS'"why'
p61
I47
sS'>>>>>>>'
p62
I47
sS"i'd"
p63
I46
sS'smoke'
p64
I47
sS"i'm"
p65
I8
sS'changes'
p66
I47
sS'golden'
p67
I47
sS'magically'
p68
I47
sS'faremos'
p69
I47
sS'bri'
p70
I47
sS'would'
p71
I46
sS'marmont'
p72
I47
sS'call'
p73
I44
sS'strike'
p74
I47
sS'type'
p75
I45
sS'until'
p76
I46
sS'holy'
p77
I47
sS'culver'
p78
I47
sS'wart'
p79
I47
sS'haha'
p80
I43
sS'wars'
p81
I47
sS'warp'
p82
I47
sS'hurt'
p83
I19
sS'phone'
p84
I45
sS'91'
p85
I47
sS'hold'
p86
I47
sS'must'
p87
I47
sS'me'
p88
I23
sS'room'
p89
I47
sS'pursue'
p90
I47
sS'1998'
p91
I47
sS'mo'
p92
I47
sS'work'
p93
I43
sS'lukas'
p94
I47
sS'worn'
p95
I47
sS'mt'
p96
I47
sS'earthquaaaaaaaake'
p97
I47
sS'ms'
p98
I47
sS'masterminds'
p99
I47
sS'my'
p100
I6
sS'homie'
p101
I46
sS'discography'
p102
I47
sS'want'
p103
I43
sS'counseling'
p104
I47
sS'hoe'
p105
I47
sS'thing'
p106
I45
sS'nuts'
p107
I47
sS'machine'
p108
I47
sS'how'
p109
I38
sS'hot'
p110
I45
sS'cures'
p111
I47
sS'answer'
p112
I46
sS'place'
p113
I44
sS'chase'
p114
I47
sS'beach'
p115
I45
sS'pizza'
p116
I47
sS'beauty'
p117
I47
sS'bday'
p118
I47
sS'after'
p119
I43
sS'wrong'
p120
I45
sS'president'
p121
I47
sS'lesbian'
p122
I47
sS'croissant'
p123
I47
sS'18th'
p124
I46
sS'green'
p125
I47
sS'gladiators'
p126
I47
sS'order'
p127
I47
sS'wind'
p128
I47
sS'happy\xe2\x80\xa6'
p129
I47
sS'is'
p130
I13
sS'muffin'
p131
I46
sS'over'
p132
I44
sS'jacuzzi'
p133
I47
sS'japan'
p134
I47
sS'mayor'
p135
I47
sS'before'
p136
I45
sS'centinela'
p137
I46
sS'highlights'
p138
I47
sS'40+'
p139
I47
sS'crew'
p140
I47
sS'better'
p141
I45
sS'weeks'
p142
I47
sS'damages'
p143
I47
sS'then'
p144
I42
sS'them'
p145
I43
sS'weakness'
p146
I47
sS'thee'
p147
I47
sS'shae'
p148
I47
sS"we'll"
p149
I47
sS'break'
p150
I46
sS'band'
p151
I41
sS'crib'
p152
I47
sS'they'
p153
I41
sS'one'
p154
I29
sS'bank'
p155
I47
sS'shadows'
p156
I47
sS'meat'
p157
I47
sS'l'
p158
I47
sS'rocks'
p159
I47
sS'each'
p160
I47
sS'went'
p161
I47
sS'mdbp'
p162
I47
sS'side'
p163
I46
sS'mean'
p164
I47
sS'gunna'
p165
I47
sS'good\xe2\x80\xa6'
p166
I47
sS'taught'
p167
I47
sS'sharknado'
p168
I47
sS'whip'
p169
I47
sS'rt'
p170
I47
sS'trending'
p171
I47
sS'driving'
p172
I47
sS'haired'
p173
I47
sS'psychic'
p174
I47
sS'george'
p175
I47
sS'got'
p176
I38
sS'rn'
p177
I47
sS'sanctuary)'
p178
I47
sS'turning'
p179
I47
sS"you're"
p180
I43
sS'spill'
p181
I47
sS'bowl)'
p182
I47
sS'westside'
p183
I47
sS'ate'
p184
I46
sS'mateen'
p185
I47
sS'starts'
p186
I47
sS'days'
p187
I42
sS'creates'
p188
I47
sS'angelou'
p189
I47
sS'already'
p190
I47
sS'veggie'
p191
I47
sS'heureusement'
p192
I47
sS'delicious'
p193
I47
sS'tamarind'
p194
I47
sS'10ft'
p195
I47
sS'hood'
p196
I47
sS'girl~'
p197
I47
sS'toy'
p198
I47
sS'sarcasm'
p199
I47
sS'top'
p200
I46
sS'\xc3\xa0'
p201
I47
sS'girls'
p202
I45
sS'airs'
p203
I47
sS'too'
p204
I41
sS'chugging'
p205
I47
sS'listen'
p206
I47
sS'bouncing'
p207
I47
sS'serve'
p208
I47
sS'took'
p209
I46
sS'begins'
p210
I47
sS'trek'
p211
I47
sS'heyyy'
p212
I47
sS'fufu'
p213
I47
sS'project'
p214
I47
sS'classes'
p215
I47
sS'iron'
p216
I47
sS'feeling'
p217
I47
sS'fashion'
p218
I47
sS'ran'
p219
I47
sS'mind'
p220
I47
sS'jur\xc3\xa9'
p221
I47
sS'youtube'
p222
I47
sS'dead."amen'
p223
I47
sS'seen'
p224
I47
sS'seem'
p225
I46
sS'sounding'
p226
I47
sS'it\xe2\x80\xa6'
p227
I47
sS'bubbles\xe2\x80\xa6'
p228
I47
sS'-'
p229
I42
sS'others)'
p230
I39
sS'recommended'
p231
I47
sS'doors'
p232
I47
sS'grips'
p233
I47
sS'rider'
p234
I47
sS'blue'
p235
I47
sS'shallow'
p236
I47
sS"lisa's"
p237
I47
sS'though'
p238
I45
sS'victoria'
p239
I47
sS'mario'
p240
I47
sS'germany'
p241
I47
sS"u'r"
p242
I47
sS'drought'
p243
I47
sS'unknowingly'
p244
I47
sS'prostitute'
p245
I47
sS'treats'
p246
I47
sS'dom'
p247
I47
sS'camp'
p248
I47
sS'points'
p249
I46
sS'pointy'
p250
I47
sS'came'
p251
I46
sS'saying'
p252
I47
sS'sanctuary'
p253
I47
sS'bomb'
p254
I47
sS'random'
p255
I47
sS'santouka'
p256
I19
sS'radio'
p257
I47
sS'earth'
p258
I45
sS'thirds'
p259
I47
sS'make'
p260
I43
sS'ayyye'
p261
I47
sS'rich'
p262
I47
sS'announce'
p263
I47
sS'gangsta'
p264
I47
sS'rice'
p265
I46
sS'wearing'
p266
I47
sS'do'
p267
I41
sS'dj'
p268
I47
sS'de'
p269
I47
sS'stop'
p270
I46
sS'da'
p271
I47
sS'supplies'
p272
I47
sS'thingys'
p273
I47
sS'ever'
p274
I42
sS'dipping'
p275
I47
sS'spiders'
p276
I47
sS'depressed'
p277
I47
sS'bad'
p278
I46
sS'bae'
p279
I47
sS'them"'
p280
I47
sS'ears'
p281
I47
sS'w/'
p282
I26
sS'decided'
p283
I47
sS'bed'
p284
I47
sS'noodles'
p285
I46
sS'yes'
p286
I46
sS'best'
p287
I39
sS'pete'
p288
I47
sS'said'
p289
I45
sS'away'
p290
I45
sS'gentleman'
p291
I47
sS'prog-rock'
p292
I47
sS'score'
p293
I46
sS'finger'
p294
I47
sS'deputies'
p295
I47
sS'lazy'
p296
I47
sS'omg'
p297
I45
sS'he/she'
p298
I47
sS'boss'
p299
I46
sS'here'
p300
I41
sS'news'
p301
I47
sS'absorbent'
p302
I47
sS'cop'
p303
I46
sS'\xe2\x9d\xa4\xef\xb8\x8f'
p304
I47
sS'fault'
p305
I47
sS'cup'
p306
I46
sS'jelly'
p307
I47
sS'against'
p308
I44
sS'games'
p309
I47
sS'quadron'
p310
I47
sS'argue'
p311
I46
sS'asked'
p312
I47
sS'con'
p313
I47
sS'money"'
p314
I47
sS'had'
p315
I34
sS'height'
p316
I47
sS'bathroom'
p317
I47
sS'been'
p318
I42
sS'beer'
p319
I47
sS'much'
p320
I46
sS'lovely'
p321
I47
sS'life'
p322
I41
sS'badass.(glasses)'
p323
I47
sS'worked'
p324
I47
sS'(and'
p325
I47
sS'church)'
p326
I47
sS'misasa'
p327
I45
sS'has'
p328
I41
sS'ericselegna'
p329
I47
sS'n'
p330
I46
sS'near'
p331
I47
sS'voice'
p332
I47
sS'broth'
p333
I47
sS'sushi'
p334
I47
sS'it'
p335
I17
sS'shame'
p336
I47
sS'im'
p337
I44
sS'il'
p338
I47
sS'in'
p339
I10
sS'faked'
p340
I47
sS'come\xe2\x80\xa6'
p341
I47
sS'feed'
p342
I47
sS'if'
p343
I33
sS'realizing'
p344
I47
sS'meetup'
p345
I47
sS'complex'
p346
I47
sS'hahah'
p347
I47
sS'yung'
p348
I47
sS'potter-star'
p349
I47
sS'kir'
p350
I47
sS'coachella'
p351
I47
sS'kik'
p352
I47
sS'jealous'
p353
I47
sS'tuna'
p354
I47
sS'aka'
p355
I47
sS'kid'
p356
I47
sS'dylan'
p357
I47
sS'bell)'
p358
I45
sS'los'
p359
I45
sS'congrats'
p360
I47
sS'kyle'
p361
I47
sS'tho'
p362
I47
sS'contact'
p363
I47
sS'dominating'
p364
I47
sS'the'
p365
I1
sS'yours'
p366
I47
sS'tha'
p367
I47
sS'left'
p368
I47
sS'may$'
p369
I47
sS'just'
p370
I18
sS'yen'
p371
I47
sS'yea'
p372
I47
sS'photo'
p373
I42
sS'yee'
p374
I47
sS'thanks'
p375
I40
sS'human'
p376
I47
sS'"fuck'
p377
I47
sS'yet'
p378
I47
sS'elf'
p379
I47
sS'shout'
p380
I44
sS'board'
p381
I47
sS'save'
p382
I47
sS'humanity'
p383
I47
sS'bands'
p384
I47
sS'possible'
p385
I47
sS'judge'
p386
I46
sS'dreams'
p387
I47
sS'brought'
p388
I47
sS"yeah...let's"
p389
I47
sS'primaries'
p390
I47
sS'bobby'
p391
I47
sS'night'
p392
I41
sS'prog-rock/metal'
p393
I46
sS'mmmmmmmmm'
p394
I47
sS'right'
p395
I37
sS'old'
p396
I43
sS'crowd'
p397
I47
sS'people'
p398
I40
sS'understand'
p399
I46
sS'dead'
p400
I47
sS'usher'
p401
I47
sS'dear'
p402
I47
sS'guess'
p403
I44
sS'for'
p404
I12
sS'/'
p405
I45
sS'creative'
p406
I47
sS'everything'
p407
I44
sS'christmas'
p408
I46
sS'dragonball'
p409
I47
sS'amazingness'
p410
I47
sS'corn'
p411
I47
sS'burn'
p412
I46
sS"geht's"
p413
I47
sS'post'
p414
I45
sS'super'
p415
I44
sS'dollars'
p416
I47
sS'months'
p417
I46
sS'o'
p418
I47
sS'dinner'
p419
I43
sS'plus'
p420
I47
sS'octopus'
p421
I47
sS'raised'
p422
I47
sS'wasting'
p423
I47
sS'ahh'
p424
I47
sS'two'
p425
I44
sS'down'
p426
I42
sS'jammmin'
p427
I47
sS'rounds'
p428
I45
sS'support'
p429
I44
sS"c'est"
p430
I47
sS'transform'
p431
I47
sS'liquidated'
p432
I47
sS'fight'
p433
I46
sS'seeker'
p434
I47
sS'way'
p435
I47
sS'music'
p436
I43
sS'was'
p437
I28
sS'halls'
p438
I47
sS'happy'
p439
I42
sS'head'
p440
I47
sS'lowe'
p441
I47
sS'taken'
p442
I47
sS'ikura'
p443
I47
sS'hear'
p444
I46
sS'true'
p445
I47
sS"l'avance"
p446
I47
sS'porky'
p447
I47
sS'whiskey'
p448
I47
sS'unanimous'
p449
I47
sS'+100'
p450
I47
sS'proved'
p451
I47
sS'shio'
p452
I45
sS'new\xe2\x80\xa6'
p453
I47
sS'lundi'
p454
I47
sS'annoying'
p455
I47
sS'check'
p456
I47
sS'shit'
p457
I44
sS'vista'
p458
I30
sS'floor'
p459
I47
sS'tip'
p460
I47
sS'actor'
p461
I46
sS'helllla'
p462
I47
sS'digital'
p463
I47
sS'warehouse'
p464
I47
sS'roll'
p465
I47
sS'tic'
p466
I47
sS'"omg'
p467
I47
sS'brothers'
p468
I47
sS'dies'
p469
I47
sS'mary"'
p470
I47
sS'journey'
p471
I47
sS'cleaves'
p472
I47
sS'weekend'
p473
I47
sS'died'
p474
I47
sS'longer'
p475
I47
sS'assume'
p476
I47
sS'moved'
p477
I47
sS'daily'
p478
I47
sS'teeth'
p479
I47
sS'songs'
p480
I47
sS':('
p481
I45
sS':)'
p482
I45
sS'dance'
p483
I47
sS'rob'
p484
I47
sS'acrylics'
p485
I47
sS'roe'
p486
I47
sS'burritos'
p487
I47
sS'ice'
p488
I47
sS'battle'
p489
I47
sS'rot'
p490
I47
sS'milk'
p491
I47
sS'venice'
p492
I38
sS'yummy'
p493
I47
sS'father'
p494
I47
sS'cloud9'
p495
I47
sS'finally'
p496
I42
sS"band's"
p497
I47
sS':d'
p498
I47
sS'vegan'
p499
I47
sS'choice'
p500
I46
sS'vegas'
p501
I47
sS'blast'
p502
I47
sS'cool'
p503
I43
sS'level'
p504
I47
sS'did'
p505
I46
sS'die'
p506
I47
sS'brother'
p507
I45
sS'turnt'
p508
I47
sS'team'
p509
I45
sS'quick'
p510
I47
sS'guy'
p511
I46
sS'teeflii'
p512
I47
sS"it'll"
p513
I47
sS'talaga'
p514
I47
sS'talked'
p515
I47
sS'angeles)'
p516
I45
sS'porn'
p517
I45
sS'dealing'
p518
I47
sS'prediction'
p519
I47
sS'worm'
p520
I47
sS'dried'
p521
I47
sS"bitchdon't"
p522
I47
sS'run'
p523
I46
sS'migraines'
p524
I47
sS'~50%'
p525
I47
sS'appeal'
p526
I47
sS'naughty(only'
p527
I47
sS'supporting'
p528
I46
sS'muschi'
p529
I47
sS'funeral'
p530
I47
sS'handyman'
p531
I47
sS'water'
p532
I44
sS'alone'
p533
I47
sS'along'
p534
I46
sS'teacher'
p535
I47
sS'change'
p536
I46
sS'wait'
p537
I44
sS'pedals'
p538
I47
sS'yessss'
p539
I47
sS'battling'
p540
I47
sS'hbd'
p541
I47
sS'accomplished'
p542
I47
sS'bon'
p543
I47
sS'kemp'
p544
I47
sS'montreal'
p545
I47
sS'love'
p546
I30
sS'extra'
p547
I47
sS'soybeans'
p548
I47
sS'radish'
p549
I47
sS'ipo'
p550
I46
sS'green-lights'
p551
I47
sS'fake'
p552
I47
sS'mckenna'
p553
I47
sS'9:45pm'
p554
I47
sS'tdhuang'
p555
I47
sS'market'
p556
I46
sS'working'
p557
I44
sS'dude'
p558
I47
sS'france'
p559
I47
sS'live'
p560
I47
sS'iphone'
p561
I46
sS'thru'
p562
I44
sS'angels'
p563
I47
sS'today'
p564
I37
sS'tudo'
p565
I47
sS'riot'
p566
I47
sS'ooh'
p567
I47
sS'chocolate'
p568
I47
sS'everywhere'
p569
I47
sS'cases'
p570
I47
sS'portions)'
p571
I47
sS'tokyo'
p572
I47
sS'soul'
p573
I47
sS'can'
p574
I40
sS'growing'
p575
I47
sS'making'
p576
I45
sS'heart'
p577
I45
sS'crazy'
p578
I46
sS'awesome'
p579
I46
sS"didn't"
p580
I46
sS'fuck'
p581
I45
sS'heard'
p582
I47
sS'pink'
p583
I47
sS'productive'
p584
I47
sS'winter'
p585
I47
sS'watching'
p586
I46
sS'1'
p587
I47
sS'till'
p588
I47
sS'sunday'
p589
I46
sS'endorsement'
p590
I47
sS'mar'
p591
I27
sS'may'
p592
I44
sS'birthday'
p593
I42
sS'mad'
p594
I47
sS'date'
p595
I47
sS'such'
p596
I44
sS'guys'
p597
I42
sS'man'
p598
I44
sS'remember'
p599
I45
sS'maybe'
p600
I46
sS'st'
p601
I47
sS'si'
p602
I47
sS'so'
p603
I24
sS'tall'
p604
I47
sS'$6.95'
p605
I47
sS'talk'
p606
I47
sS'cute'
p607
I46
sS'haircut'
p608
I46
sS'midnight'
p609
I47
sS'years'
p610
I44
sS'course'
p611
I47
sS'argued'
p612
I47
sS'cold'
p613
I47
sS'still'
p614
I42
sS'splurge'
p615
I47
sS'djs'
p616
I47
sS'thank'
p617
I45
sS'the\xe2\x80\xa6'
p618
I47
sS'thang'
p619
I47
sS'kionna'
p620
I47
sS'birthdays'
p621
I47
sS'amazing'
p622
I42
sS'cutter'
p623
I47
sS'(tempura'
p624
I47
sS'shop/rape'
p625
I47
sS'noa'
p626
I47
sS'lunch'
p627
I42
sS'\xd9\x85\xd8\xad\xd8\xaa\xd8\xb1\xd9\x85'
p628
I47
sS'half'
p629
I47
sS'not'
p630
I33
sS'now'
p631
I34
sS'name'
p632
I46
sS'deftones'
p633
I47
sS'(3760'
p634
I46
sS'deutschland'
p635
I47
sS'planet?"b'
p636
I47
sS'rock'
p637
I45
sS'em'
p638
I47
sS'en'
p639
I47
sS'eg'
p640
I47
sS'yeah'
p641
I45
sS'boosie'
p642
I47
sS'disgracious'
p643
I46
sS'catching'
p644
I47
sS'ex'
p645
I46
sS'year'
p646
I46
sS'girl'
p647
I44
sS'troll'
p648
I47
sS'and\xe2\x80\xa6'
p649
I46
sS'100k'
p650
I47
sS'3rd'
p651
I47
sS'cwoods'
p652
I47
sS'looking'
p653
I44
sS'stupid'
p654
I46
sS'100s'
p655
I47
sS'exactly'
p656
I47
sS'earlier'
p657
I46
sS'tempura'
p658
I42
sS'cars'
p659
I47
sS'boobs'
p660
I47
sS'quite'
p661
I46
sS'california'
p662
I45
sS'yuri'
p663
I46
sS'carl'
p664
I47
sS'grandma'
p665
I47
sS'inevitable'
p666
I47
sS'underwear'
p667
I47
sS'yup'
p668
I46
sS'100%'
p669
I47
sS'hamegg&cheese'
p670
I47
sS'punk'
p671
I47
sS'turn'
p672
I47
sS'yum'
p673
I46
sS'swing'
p674
I47
sS'think'
p675
I36
sS'first'
p676
I42
sS'cheese'
p677
I47
sS'xd'
p678
I47
sS'yourself'
p679
I47
sS'fast'
p680
I47
sS'vote'
p681
I46
sS'open'
p682
I46
sS'tomorrow'
p683
I45
sS'city'
p684
I46
sS'little'
p685
I43
sS'ian'
p686
I47
sS'plastic'
p687
I47
sS'returns'
p688
I45
sS'2'
p689
I38
sS'typing'
p690
I47
sS'white'
p691
I45
sS'circa'
p692
I47
sS'unscare'
p693
I47
sS'friend'
p694
I45
sS'eyes'
p695
I46
sS'that'
p696
I22
sS'season'
p697
I46
sS'inmates'
p698
I47
sS'fooled'
p699
I47
sS'than'
p700
I46
sS'royal'
p701
I47
sS'11'
p702
I47
sS'10'
p703
I47
sS'19'
p704
I47
sS'18'
p705
I47
sS'gotta'
p706
I47
sS'r'
p707
I46
sS'were'
p708
I44
sS'and'
p709
I9
sS'contentious'
p710
I47
sS'san'
p711
I44
sS'nicer'
p712
I47
sS'pro'
p713
I47
sS'premier'
p714
I47
sS'alley'
p715
I46
sS'sad'
p716
I46
sS'episcopal'
p717
I47
sS'say'
p718
I45
sS'mates'
p719
I47
sS'any'
p720
I43
sS'take'
p721
I46
sS'jpop'
p722
I47
sS'sure'
p723
I46
sS'cooooool'
p724
I47
sS'track'
p725
I47
sS'walnuts'
p726
I47
sS'pair'
p727
I47
sS'tendon'
p728
I47
sS'lawd'
p729
I47
sS'egg'
p730
I46
sS'average'
p731
I47
sS'hungry'
p732
I45
sS'sodas'
p733
I47
sS'senior'
p734
I47
sS'salt'
p735
I45
sS'laws'
p736
I47
sS'shop'
p737
I45
sS'show'
p738
I45
sS'warpaint'
p739
I47
sS'1306'
p740
I47
sS'slow'
p741
I46
sS'\xe2\x9c\x8b'
p742
I47
sS'dick'
p743
I47
sS'enough'
p744
I47
sS'only'
p745
I41
sS'going'
p746
I37
sS'black'
p747
I46
sS'\xe2\x99\xa1'
p748
I47
sS'area...which'
p749
I47
sS'beatles'
p750
I47
sS'get'
p751
I38
sS'routine'
p752
I47
sS'cannot'
p753
I47
sS'gem'
p754
I47
sS'morning'
p755
I47
sS'naked'
p756
I47
sS"goin'"
p757
I47
sS'where'
p758
I41
sS'xmas'
p759
I47
sS'husband'
p760
I47
sS"y'all"
p761
I47
sS'mitsuwa\xe2\x80\xa6'
p762
I47
sS'hurt)'
p763
I46
sS'seat'
p764
I47
sS'relative'
p765
I47
sS'asleep'
p766
I47
sS'sean'
p767
I47
sS'satisfying'
p768
I47
sS'3'
p769
I39
sS'between'
p770
I47
sS'come2'
p771
I47
sS'killing'
p772
I47
sS'guitar'
p773
I46
sS'jk'
p774
I47
sS'come'
p775
I40
sS'reddit'
p776
I47
sS'many'
p777
I46
sS's'
p778
I45
sS'flipper'
p779
I47
sS"can't"
p780
I40
sS'color'
p781
I47
sS'jeans'
p782
I47
sS'tsujita'
p783
I47
sS'arcades'
p784
I47
sS'actually'
p785
I40
sS'turkey'
p786
I46
sS'howard'
p787
I47
sS'renown\xe2\x80\xa6'
p788
I47
sS'peaceful'
p789
I47
sS'women'
p790
I47
sS'hannosuke'
p791
I37
sS'wants'
p792
I46
sS'shisito'
p793
I47
sS'lanes'
p794
I45
sS'those'
p795
I46
sS'case'
p796
I47
sS'hughes'
p797
I47
sS'these'
p798
I47
sS'sauce'
p799
I46
sS'ratchet'
p800
I46
sS'shall'
p801
I47
sS'coffee'
p802
I45
sS'someone'
p803
I47
sS'donating'
p804
I47
sS'everyday'
p805
I47
sS'pas'
p806
I47
sS'beach---->hollywood---->universal'
p807
I47
sS'bowl'
p808
I41
sS'same'
p809
I46
sS'ya'
p810
I46
sS'epoch'
p811
I47
sS'speech'
p812
I47
sS'arguments'
p813
I47
sS'emojis'
p814
I47
sS'todos'
p815
I47
sS'week'
p816
I46
sS'finish'
p817
I47
sS'thugs'
p818
I47
sS'director'
p819
I47
sS'running'
p820
I45
sS'\xe2\x9c\x8c\xef\xb8\x8f'
p821
I47
sS'theater'
p822
I47
sS'peach'
p823
I47
sS'no'
p824
I34
sS'nothin'
p825
I47
sS'costs'
p826
I47
sS'comes'
p827
I47
sS'6-4-3'
p828
I47
sS'being'
p829
I43
sS'money'
p830
I46
sS'actress'
p831
I47
sS'kill'
p832
I37
sS'flavor'
p833
I47
sS'speed'
p834
I47
sS'cilantro'
p835
I47
sS'death'
p836
I45
sS'seems'
p837
I47
sS'cc'
p838
I47
sS'4'
p839
I45
sS'iphonei'
p840
I47
sS'tuesday'
p841
I47
sS'swim'
p842
I47
sS'jake'
p843
I47
sS'around'
p844
I46
sS'gonna'
p845
I46
sS'amf'
p846
I31
sS'dark'
p847
I47
sS'traffic'
p848
I47
sS'(he'
p849
I47
sS'moc'
p850
I47
sS'world'
p851
I47
sS'lady'
p852
I47
sS'whatchu'
p853
I47
sS'adams'
p854
I47
sS'tokyo\xe2\x80\x9d'
p855
I47
sS'either'
p856
I47
sS'hallelujah'
p857
I47
sS'fully'
p858
I47
sS'noahhoed\xe2\x80\xa6'
p859
I47
sS'pickled'
p860
I47
sS'oscars'
p861
I47
sS'lobster'
p862
I47
sS'images'
p863
I47
sS'vista)'
p864
I45
sS'arron'
p865
I47
sS'mood'
p866
I47
sS'graduation\xe2\x80\x9d'
p867
I47
sS'moon'
p868
I46
sS'buddha'
p869
I47
sS'asap'
p870
I47
sS'lmfao'
p871
I47
sS'nails'
p872
I47
sS'chestin'
p873
I47
sS'broken'
p874
I47
sS':)))'
p875
I47
sS';)'
p876
I47
sS'be\xe2\x80\xa6'
p877
I47
sS'on'
p878
I14
sS'ok'
p879
I46
sS'oh'
p880
I43
sS'of'
p881
I12
sS'soulmates'
p882
I47
sS'shrimp'
p883
I47
sS'fell'
p884
I47
sS'underway'
p885
I47
sS'or'
p886
I37
sS'amber'
p887
I47
sS'ladies'
p888
I47
sS'memorials'
p889
I47
sS'burning'
p890
I47
sS'rolling'
p891
I47
sS'organics'
p892
I47
sS'jasper'
p893
I46
sS'nowadays'
p894
I47
sS'your'
p895
I31
sS'quaalude'
p896
I47
sS'killin\xe2\x80\x99'
p897
I47
sS'her'
p898
I43
sS'hey'
p899
I46
sS'lol'
p900
I38
sS'start'
p901
I46
sS'mondays'
p902
I47
sS'lot'
p903
I47
sS'lou'
p904
I47
sS'valley'
p905
I47
sS'spicy'
p906
I45
sS'banksy'
p907
I47
sS'metal\xe2\x80\xa6'
p908
I47
sS'michaelsnoddy'
p909
I47
sS'trying'
p910
I47
sS'with'
p911
I18
sS'buying'
p912
I47
sS'happening'
p913
I47
sS"they're"
p914
I46
sS'agree'
p915
I47
sS'illnesses'
p916
I47
sS'creat'
p917
I47
sS'af'
p918
I46
sS'certain'
p919
I47
sS'am'
p920
I44
sS'fellow'
p921
I47
sS'as'
p922
I42
sS'au'
p923
I47
sS'at'
p924
I7
sS'prod.biglosbeats'
p925
I47
sS'girlfriend'
p926
I47
sS'shopping'
p927
I47
sS'horse'
p928
I47
sS'spends'
p929
I47
sS'film'
p930
I47
sS'cream'
p931
I47
sS'again'
p932
I44
sS'pumim'
p933
I47
sS'idiot'
p934
I47
sS'5'
p935
I44
sS'you'
p936
I11
sS'forcing'
p937
I47
sS'open-ended'
p938
I47
sS'time'
p939
I28
sS'galley)'
p940
I47
sS'important'
p941
I47
sS"she's"
p942
I46
sS'fedoras'
p943
I47
sS'pool'
p944
I47
sS'natalie'
p945
I47
sS'wondered'
p946
I47
sS'calls'
p947
I47
sS'trulio'
p948
I46
sS'u'
p949
I35
sS'taiga-san'
p950
I47
sS'god'
p951
I46
sS'alright'
p952
I47
sS'starting'
p953
I47
sS'original'
p954
I47
sS'brobro'
p955
I47
sS'all'
p956
I31
sS'forget'
p957
I46
sS'caused'
p958
I47
sS'bdays'
p959
I47
sS'children'
p960
I47
sS'evicted'
p961
I47
sS'apartment'
p962
I47
sS'tv'
p963
I47
sS'tu'
p964
I47
sS'misses'
p965
I47
sS'to'
p966
I4
sS'grab'
p967
I47
sS'nori'
p968
I47
sS'te'
p969
I47
sS'woman'
p970
I46
sS'song'
p971
I46
sS'very'
p972
I46
sS'myself'
p973
I46
sS'fat'
p974
I47
sS'decide'
p975
I46
sS'never1959'
p976
I47
sS'bubbles'
p977
I47
sS'ramen'
p978
I25
sS'list'
p979
I46
sS'sang'
p980
I47
sS'harry'
p981
I47
sS'justin_ewert\xe2\x80\xa6'
p982
I47
sS"i'll"
p983
I41
sS'tea'
p984
I47
sS'design'
p985
I47
sS'what'
p986
I35
sS'sum'
p987
I47
sS'deliciousness'
p988
I47
sS'crush'
p989
I47
sS'scallops'
p990
I47
sS'learned'
p991
I47
sS'pan.....where'
p992
I47
sS'tattoos'
p993
I47
sS'full'
p994
I47
sS'christian'
p995
I47
sS'hungover'
p996
I47
sS'legend'
p997
I47
sS'kicka$$'
p998
I47
sS"would've"
p999
I47
sS'(what'
p1000
I47
sS'via'
p1001
I47
sS'family'
p1002
I47
sS'annihilator'
p1003
I47
sS'ramune'
p1004
I47
sS'eye'
p1005
I44
sS'donuts'
p1006
I47
sS'charge'
p1007
I47
sS'6'
p1008
I46
sS'shits'
p1009
I47
sS'stand-up'
p1010
I47
sS'more'
p1011
I40
sS'knows'
p1012
I45
sS'grabbing'
p1013
I47
sS"ain't"
p1014
I43
sS'broke'
p1015
I47
sS'buzzerkeley'
p1016
I47
sS'producing'
p1017
I47
sS'none'
p1018
I47
sS'hour'
p1019
I47
sS'\xc3\xa7a'
p1020
I47
sS'science'
p1021
I47
sS'sucks'
p1022
I47
sS'kickass'
p1023
I47
sS'dem'
p1024
I47
sS'v'
p1025
I47
sS'life-threatening'
p1026
I47
sS'species'
p1027
I47
sS'huge'
p1028
I47
sS'court'
p1029
I47
sS'rather'
p1030
I47
sS'breaking'
p1031
I47
sS'band.\xe2\x80\xa6'
p1032
I47
sS'tried'
p1033
I47
sS'advice'
p1034
I47
sS'coming'
p1035
I47
sS'fl'
p1036
I47
sS'a'
p1037
I5
sS'short'
p1038
I43
sS'coat'
p1039
I47
sS'dream'
p1040
I45
sS'playing'
p1041
I47
sS"that's"
p1042
I42
sS'"in'
p1043
I47
sS'miso'
p1044
I46
sS'infant'
p1045
I47
sS'help'
p1046
I46
sS"don't"
p1047
I31
sS'soon'
p1048
I46
sS'scott'
p1049
I47
sS"kenzo's"
p1050
I47
sS"d'abord"
p1051
I47
sS'avenue'
p1052
I47
sS'its'
p1053
I45
sS"'least"
p1054
I47
sS'28'
p1055
I47
sS'29'
p1056
I47
sS'famished'
p1057
I47
sS'late'
p1058
I47
sS'feel'
p1059
I43
sS'isaac'
p1060
I47
sS'bout'
p1061
I46
sS'soccer'
p1062
I47
sS'might'
p1063
I45
sS"haven't"
p1064
I46
sS'hurting'
p1065
I47
sS'good'
p1066
I13
sS'yo'
p1067
I47
sS'food'
p1068
I44
sS'males'
p1069
I47
sS"you've"
p1070
I47
sS'foot'
p1071
I47
sS'always'
p1072
I40
sS'payed'
p1073
I47
sS'xoxoxox'
p1074
I47
sS'stopped'
p1075
I47
sS'found'
p1076
I43
sS"isn't"
p1077
I47
sS'house"'
p1078
I47
sS'everyone'
p1079
I47
sS'another'
p1080
I45
sS'weight'
p1081
I47
sS'generation'
p1082
I47
sS'house'
p1083
I47
sS'fish'
p1084
I46
sS'idea'
p1085
I47
sS'taff'
p1086
I47
sS'expect'
p1087
I47
sS'insurance'
p1088
I47
sS'really'
p1089
I41
sS'$25k'
p1090
I47
sS'lovers'
p1091
I47
sS'ftw'
p1092
I46
sS'glitter'
p1093
I47
sS'robert'
p1094
I47
sS'since'
p1095
I45
sS'acting'
p1096
I47
sS'computer"'
p1097
I47
sS'issue'
p1098
I47
sS'ass'
p1099
I47
sS'friday'
p1100
I46
sS'motherfucker'
p1101
I47
sS'put'
p1102
I43
sS'riser'
p1103
I47
sS'rises'
p1104
I47
sS'beginning'
p1105
I47
sS'terrible'
p1106
I47
sS'w'
p1107
I46
sS'apocalypse'
p1108
I47
sS'fallen'
p1109
I47
sS'marketplace)'
p1110
I43
sS'-terrance'
p1111
I47
sS'lockz\xe2\x80\x9d'
p1112
I47
sS'fucked'
p1113
I47
sS'~you'
p1114
I47
sS'done'
p1115
I45
sS'says'
p1116
I47
sS'miss'
p1117
I45
sS'story'
p1118
I44
sS'"sibel'
p1119
I47
sS'threatening'
p1120
I47
sS'purvey'
p1121
I47
sS'stork'
p1122
I47
sS'paint'
p1123
I47
sS'22*c'
p1124
I47
sS'challenge'
p1125
I47
sS'store'
p1126
I47
sS'imperfect'
p1127
I47
sS'hotel'
p1128
I47
sS'dentist'
p1129
I47
sS'part'
p1130
I47
sS'boredom'
p1131
I47
sS'blindly'
p1132
I47
sS'albums'
p1133
I47
sS'sign'
p1134
I47
sS'b'
p1135
I46
sS'tummy'
p1136
I47
sS'dang'
p1137
I47
sS'ousted'
p1138
I47
sS'service)'
p1139
I47
sS'kart'
p1140
I47
sS'juicy'
p1141
I47
sS'wafu'
p1142
I47
sS'graffiti'
p1143
I47
sS'birth\xe2\x80\xa6'
p1144
I47
sS'sell'
p1145
I46
sS'mountain'
p1146
I47
sS'lil'
p1147
I47
sS'also'
p1148
I45
sS'finding'
p1149
I47
sS'play'
p1150
I44
sS'salmon'
p1151
I47
sS'most'
p1152
I46
sS'approved'
p1153
I47
sS'mobile'
p1154
I47
sS'sometimes'
p1155
I46
sS'night"'
p1156
I46
sS'clean'
p1157
I46
sS'\xe2\x98\x80\xef\xb8\x8f'
p1158
I47
sS'ugh'
p1159
I47
sS'toujours'
p1160
I47
sS'carne'
p1161
I47
sS'fine'
p1162
I47
sS'flicked'
p1163
I47
sS'impact'
p1164
I46
sS'lollllllll'
p1165
I47
sS'$5'
p1166
I47
sS'sayin'
p1167
I47
sS'makaveli'
p1168
I47
sS'randy'
p1169
I47
sS'pretty'
p1170
I46
sS'gutterballs'
p1171
I47
sS'his'
p1172
I42
sS'hit'
p1173
I45
sS'mouthgaritas'
p1174
I47
sS'trees'
p1175
I47
sS'bedes'
p1176
I47
sS'whistle'
p1177
I47
sS'feels'
p1178
I47
sS'assaulted'
p1179
I47
sS'preparing'
p1180
I47
sS'chateau'
p1181
I47
sS'him'
p1182
I46
sS'banking'
p1183
I47
sS'cartoons'
p1184
I47
sS'x'
p1185
I47
sS'bars'
p1186
I47
sS'art'
p1187
I46
sS"j'arrive"
p1188
I47
sS'vine'
p1189
I47
sS'see'
p1190
I38
sS'are'
p1191
I37
sS'close'
p1192
I45
sS'merch'
p1193
I47
sS'movie'
p1194
I42
sS'wow'
p1195
I46
sS'please'
p1196
I46
sS'up.\xe2\x80\x9d'
p1197
I47
sS'probably'
p1198
I47
sS'donate'
p1199
I47
sS'meal'
p1200
I46
sS'hahahahahahahhahaha'
p1201
I47
sS'attention'
p1202
I47
sS'spray'
p1203
I47
sS'marilyn'
p1204
I47
sS'both'
p1205
I46
sS'last'
p1206
I45
sS'restaurant'
p1207
I46
sS"wouldn't"
p1208
I47
sS'chashu'
p1209
I47
sS'whole'
p1210
I47
sS'finds'
p1211
I47
sS'heeeella'
p1212
I47
sS'point'
p1213
I47
sS'sweet'
p1214
I47
sS'whatever'
p1215
I46
sS'gypsy'
p1216
I47
sS'goats'
p1217
I47
sS'expensive'
p1218
I47
sS'ps'
p1219
I47
sS'consuming'
p1220
I47
sS'\xd8\xb4\xd8\xb9\xd8\xa8'
p1221
I47
sS'loggia'
p1222
I47
sS'rent-seeking'
p1223
I47
sS'screened'
p1224
I47
sS'hitting'
p1225
I47
sS'damn'
p1226
I43
sS'meeting'
p1227
I46
sS'woke'
p1228
I47
sS'gay'
p1229
I46
sS"what's"
p1230
I45
sS'mine'
p1231
I47
sS'sleeves'
p1232
I47
sS'whitney'
p1233
I47
sS'rocking'
p1234
I47
sS'soba'
p1235
I47
sS'straight'
p1236
I45
sS'bill'
p1237
I47
sS'convo'
p1238
I47
sS'forgetting'
p1239
I47
sS'while'
p1240
I43
sS'fun'
p1241
I45
sS'fuk'
p1242
I47
sS'real'
p1243
I44
sS'demon'
p1244
I47
sS'rip'
p1245
I46
sS'ready'
p1246
I47
sS'monroe'
p1247
I47
sS'gimp'
p1248
I47
sS'funny'
p1249
I45
sS'mins'
p1250
I47
sS'shirt'
p1251
I47
sS'anymore'
p1252
I47
sS'butcher'
p1253
I47
sS'grand'
p1254
I47
sS'lawyers'
p1255
I47
sS'husbands'
p1256
I47
sS'moment'
p1257
I46
sS'moving'
p1258
I47
sS'contractors'
p1259
I47
sS'wholesome'
p1260
I47
sS'eve!\xe2\x80\xa6'
p1261
I47
sS'early'
p1262
I41
sS'safe'
p1263
I47
sS'grind'
p1264
I47
sS'person'
p1265
I46
sS'floyds'
p1266
I47
sS'clearance'
p1267
I47
sS'everythin'
p1268
I47
sS'mom'
p1269
I47
sS'boutta'
p1270
I47
sS'pangea'
p1271
I47
sS'prince'
p1272
I47
sS'cut'
p1273
I47
sS'mandar'
p1274
I47
sS'hated'
p1275
I47
sS'alternate'
p1276
I47
sS'cuz'
p1277
I46
sS'location'
p1278
I47
sS'excited'
p1279
I46
sS'hates'
p1280
I47
sS'marco'
p1281
I47
sS'big'
p1282
I45
sS'couple'
p1283
I47
sS'demande'
p1284
I47
sS'game'
p1285
I45
sS'knock'
p1286
I47
sS'nimbys'
p1287
I47
sS'donne'
p1288
I47
sS'disko'
p1289
I47
sS'sketch'
p1290
I47
sS'fucking'
p1291
I43
sS'pals'
p1292
I47
sS'some'
p1293
I33
sS'back'
p1294
I44
sS'palm'
p1295
I47
sS'abella'
p1296
I47
sS'delivered'
p1297
I46
sS'decision'
p1298
I46
sS'pew'
p1299
I47
sS'slash'
p1300
I47
sS"l'habitude"
p1301
I47
sS'dating'
p1302
I46
sS'prob'
p1303
I47
sS'be'
p1304
I27
sS'bf'
p1305
I47
sS'eating'
p1306
I46
sS'bc'
p1307
I46
sS'remembered'
p1308
I47
sS'bi'
p1309
I47
sS'zombie'
p1310
I47
sS'"lost'
p1311
I47
sS'step'
p1312
I47
sS'interpretative'
p1313
I47
sS'nowhere'
p1314
I47
sS'santa'
p1315
I47
sS'crap'
p1316
I47
sS'by'
p1317
I38
sS'faith'
p1318
I47
sS'volunteering'
p1319
I46
sS'firing'
p1320
I47
sS'wrinkles'
p1321
I47
sS'idk'
p1322
I46
sS'wanna'
p1323
I47
sS'ppl'
p1324
I47
sS'seeing'
p1325
I45
sS'into'
p1326
I44
sS'momma'
p1327
I47
sS'nigga'
p1328
I44
sS'lesson'
p1329
I47
sS'canal'
p1330
I47
sS"i.don't"
p1331
I47
sS'question'
p1332
I47
sS'ca)'
p1333
I20
sS'errand'
p1334
I47
sS'u2'
p1335
I47
sS"we're"
p1336
I47
sS'bruh'
p1337
I47
sS'forward'
p1338
I47
sS'scared'
p1339
I47
sS"m'envoyer"
p1340
I47
sS'gettn'
p1341
I47
sS'lemmon'
p1342
I47
sS'boys'
p1343
I47
sS'reed'
p1344
I47
sS'tragically'
p1345
I47
sS'line'
p1346
I46
sS'\xe2\x99\xa5'
p1347
I47
sS'posted'
p1348
I42
sS'up'
p1349
I33
sS'us'
p1350
I45
sS'ur'
p1351
I46
sS'um'
p1352
I46
sS'un'
p1353
I46
sS'freak'
p1354
I47
sS'listening'
p1355
I47
sS'mitsuwa'
p1356
I15
sS'rainy'
p1357
I46
sS'sunken'
p1358
I47
sS'nae'
p1359
I44
sS'nah'
p1360
I47
sS'nap'
p1361
I47
sS'ellen'
p1362
I47
sS'nice'
p1363
I45
sS'papa'
p1364
I47
sS'choreos'
p1365
I47
sS'sides'
p1366
I46
sS'ago'
p1367
I44
sS'obrien'
p1368
I47
sS'e'
p1369
I46
sS'200+'
p1370
I47
sS'age'
p1371
I47
sS'daikon'
p1372
I47
sS'zarusoba'
p1373
I47
sS'2005'
p1374
I47
sS'fresh'
p1375
I47
sS'hello'
p1376
I47
sS'once'
p1377
I47
sS'jason'
p1378
I47
sS"valley's"
p1379
I45
sS'gf'
p1380
I46
sS'(kingston)'
p1381
I47
sS'renown'
p1382
I45
sS'groceries'
p1383
I47
sS'stops'
p1384
I47
sS'go'
p1385
I40
sS'lmaooooo'
p1386
I47
sS'retweets'
p1387
I47
sS'include'
p1388
I47
sS'dessert'
p1389
I47
sS'continues'
p1390
I47
sS'kitty'
p1391
I47
sS'wavy'
p1392
I47
sS'putting'
p1393
I47
sS'drinking'
p1394
I47
sS'in;)'
p1395
I47
sS'polycentrism'
p1396
I47
sS'gettin'
p1397
I47
sS"they've"
p1398
I47
sS'try'
p1399
I47
sS'skipped'
p1400
I47
sS'tru'
p1401
I47
sS'noted'
p1402
I47
sS'smaller'
p1403
I47
sS'mural'
p1404
I47
sS'video'
p1405
I44
sS'p00p_on_a_r0ck'
p1406
I47
sS'picked'
p1407
I47
sS'reunion'
p1408
I47
sS'grooves'
p1409
I47
sS'cartel'
p1410
I47
sS'giving'
p1411
I47
sS'waiting'
p1412
I47
sS'bird'
p1413
I47
sS'bowled'
p1414
I47
sS'weekends)'
p1415
I47
sS'leg'
p1416
I47
sS'commercial'
p1417
I47
sS'let'
p1418
I47
sS'others'
p1419
I38
sS'sing'
p1420
I47
sS'kidnapped'
p1421
I47
sS'extreme'
p1422
I46
sS'great'
p1423
I42
sS'31'
p1424
I47
sS'30'
p1425
I46
sS'opinion'
p1426
I46
sS'climb'
p1427
I47
sS'thats'
p1428
I47
sS'win'
p1429
I46
sS'siri'
p1430
I47
sS'singing'
p1431
I47
sS'from'
p1432
I40
sS'&'
p1433
I39
sS'next'
p1434
I47
sS'vkemp'
p1435
I47
sS'meeeeeee'
p1436
I47
sS"aaron's"
p1437
I47
sS'doubt'
p1438
I46
sS'themselves'
p1439
I47
sS'ramens'
p1440
I47
sS'babe'
p1441
I46
sS'train'
p1442
I47
sS'baby'
p1443
I45
sS'"to'
p1444
I47
sS'charity'
p1445
I47
sS'balls'
p1446
I46
sS'f'
p1447
I46
sS'this'
p1448
I16
sS'gabriel'
p1449
I44
sS'ride'
p1450
I46
sS'when'
p1451
I36
sS'pour'
p1452
I47
sS'sabi'
p1453
I47
sS'meet'
p1454
I47
sS'lollollol'
p1455
I47
sS'control'
p1456
I47
sS'quick...\xe2\x80\xa6'
p1457
I47
sS'snacks'
p1458
I47
sS'process'
p1459
I46
sS'favorite'
p1460
I44
sS'high'
p1461
I45
sS'something'
p1462
I46
sS'blvd'
p1463
I43
sS'andersen'
p1464
I47
sS'lame'
p1465
I47
sS'vibe'
p1466
I47
sS'santouka)'
p1467
I40
sS'leggins'
p1468
I47
sS'instead'
p1469
I47
sS'comedy'
p1470
I47
sS'monica'
p1471
I47
sS'watch'
p1472
I43
sS'tacs'
p1473
I47
sS'taco'
p1474
I42
sS'chasing'
p1475
I47
sS'light'
p1476
I47
sS'straps'
p1477
I47
sS'crawling'
p1478
I47
sS'addiction'
p1479
I47
sS'hunnid'
p1480
I47
sS'bathing'
p1481
I47
sS'sperl'
p1482
I47
sS'looks'
p1483
I46
sS'cruise'
p1484
I46
sS'galaxy'
p1485
I47
sS'le'
p1486
I46
sS'la'
p1487
I43
sS'ships'
p1488
I47
sS'[pic]'
p1489
I36
sS'choose'
p1490
I46
sS'orange'
p1491
I47
sS'covered'
p1492
I47
sS'2012'
p1493
I47
sS'dad'
p1494
I46
sS'negligent'
p1495
I47
sS'kiss'
p1496
I47
sS'hands'
p1497
I46
sS'front'
p1498
I46
sS'day'
p1499
I35
sS'thrill'
p1500
I47
sS'mofos'
p1501
I47
sS'bills'
p1502
I47
sS'bueno'
p1503
I47
sS'doing'
p1504
I45
sS'our'
p1505
I40
sS'wander'
p1506
I47
sS'special'
p1507
I46
sS'out'
p1508
I31
sS'rez'
p1509
I47
sS'matt'
p1510
I47
sS'siray'
p1511
I47
sS'scary\xe2\x80\x9d'
p1512
I47
sS'cause'
p1513
I47
sS'red'
p1514
I47
sS"one's"
p1515
I47
sS'shut'
p1516
I47
sS'cccccccooooooommmmmmmmmmiiiiiiiicccccccccccoooooooooooonnnnnnnnnn'
p1517
I47
sS"tyrion's"
p1518
I47
sS'ipod'
p1519
I47
sS'molly'
p1520
I47
sS'completely'
p1521
I46
sS'que'
p1522
I46
sS'craving'
p1523
I46
sS'chilli'
p1524
I47
sS'you\xe2\x80\x99ve'
p1525
I47
sS'could'
p1526
I44
sS'keep'
p1527
I47
sS'conversation'
p1528
I47
sS"j'ai"
p1529
I46
sS'kellyclaireblyssrikki'
p1530
I47
sS'jesus'
p1531
I47
sS'improvements'
p1532
I47
sS'bitch'
p1533
I45
sS'rother'
p1534
I47
sS"doesn't"
p1535
I46
sS'long'
p1536
I45
sS'"hail'
p1537
I47
sS'galley'
p1538
I46
sS'their'
p1539
I45
sS"l'ouvrir"
p1540
I47
sS'perfectly'
p1541
I47
sS'malibu'
p1542
I47
sS'stomach'
p1543
I47
sS'nobody'
p1544
I47
sS'monotheism'
p1545
I47
sS'july'
p1546
I45
sS'chong'
p1547
I47
sS'loved'
p1548
I45
sS'niggas'
p1549
I47
sS'richer'
p1550
I47
sS'"pushing'
p1551
I47
sS'tenements'
p1552
I47
sS'6th'
p1553
I47
sS'drunk'
p1554
I46
sS'tonight'
p1555
I41
sS'have'
p1556
I32
sS'portrait'
p1557
I47
sS'need'
p1558
I40
sS'apparently'
p1559
I47
sS'min'
p1560
I47
sS'able'
p1561
I47
sS'battles'
p1562
I47
sS'truck'
p1563
I47
sS'miu'
p1564
I46
sS'brand'
p1565
I47
sS'chahan'
p1566
I47
sS'who'
p1567
I39
sS'jorge'
p1568
I47
sS'tanaka'
p1569
I47
sS'future'
p1570
I47
sS'why'
p1571
I41
sS'face'
p1572
I44
sS'looked'
p1573
I47
sS"you'll"
p1574
I46
sS'construction'
p1575
I47
sS'fact'
p1576
I47
sS'brakeless)'
p1577
I46
sS'text'
p1578
I47
sS'assholes'
p1579
I47
sS'anyway'
p1580
I47
sS'bring'
p1581
I47
sS'chicken'
p1582
I47
sS'debate'
p1583
I47
sS'staff'
p1584
I47
sS'ear'
p1585
I47
sS'should'
p1586
I47
sS"there's"
p1587
I43
sS'nushu'
p1588
I46
sS'local'
p1589
I46
sS'hope'
p1590
I47
sS'exchanged'
p1591
I47
sS'workaholics'
p1592
I47
sS'fabulous'
p1593
I47
sS'means'
p1594
I46
sS'mainly'
p1595
I47
sS'michigan'
p1596
I47
sS'bean'
p1597
I47
sS'123'
p1598
I47
sS'kong'
p1599
I47
sS'gray'
p1600
I47
sS'ughh'
p1601
I47
sS'stuff'
p1602
I46
sS'she'
p1603
I46
sS'chuong'
p1604
I47
sS'view'
p1605
I47
sS'dillon'
p1606
I47
sS'we'
p1607
I35
sS'accused'
p1608
I47
sS'pleeeeeease'
p1609
I47
sS'packed'
p1610
I47
sS'meatballs'
p1611
I47
sS'yass'
p1612
I46
sS'state'
p1613
I45
sS'bruno'
p1614
I47
sS'(12125'
p1615
I47
sS'luh'
p1616
I47
sS'bought'
p1617
I47
sS'ends'
p1618
I47
sS'nashville'
p1619
I47
sS'opening'
p1620
I47
sS'mags'
p1621
I47
sS'job'
p1622
I45
sS'merry'
p1623
I47
sS'2pm'
p1624
I47
sS'noodles/rice'
p1625
I47
sS'taking'
p1626
I47
sS"he's"
p1627
I47
sS'galore'
p1628
I47
sS'interesting'
p1629
I47
sS'vent'
p1630
I47
sS'wall'
p1631
I47
sS'ca'
p1632
I45
sS'walk'
p1633
I47
sS'denise'
p1634
I47
sS'laugh'
p1635
I46
sS'yay'
p1636
I47
sS"it's"
p1637
I35
sS'charts'
p1638
I47
sS'bby'
p1639
I47
sS'"stop'
p1640
I47
sS'bbs'
p1641
I47
sS'league'
p1642
I47
sS'hmu'
p1643
I47
sS'finished'
p1644
I47
sS'brunch'
p1645
I46
sS'an'
p1646
I41
sS'unlike'
p1647
I47
sS'wabi'
p1648
I47
sS'will'
p1649
I44
sS'country'
p1650
I46
sS'wild'
p1651
I47
sS"bri's"
p1652
I47
sS'~'
p1653
I47
sS'stuffing'
p1654
I47
sS'almost'
p1655
I46
sS'ay'
p1656
I47
sS'ave'
p1657
I47
sS'whore'
p1658
I47
sS'perhaps'
p1659
I47
sS'romance'
p1660
I47
sS'strange'
p1661
I46
sS'orthopodccn'
p1662
I47
sS'party'
p1663
I47
sS'gets'
p1664
I46
sS'discourages'
p1665
I47
sS'sade'
p1666
I47
sS'drink'
p1667
I47
sS'sisters'
p1668
I47
sS'l.a'
p1669
I43
sS'broccoli'
p1670
I47
sS'off'
p1671
I42
sS'center'
p1672
I47
sS'i'
p1673
I3
sS'restricted'
p1674
I47
sS'well'
p1675
I45
sS'thought'
p1676
I45
sS'english'
p1677
I47
sS'my\xe2\x80\xa6'
p1678
I47
sS'seats'
p1679
I47
sS'paul'
p1680
I47
sS'happiness'
p1681
I47
sS'timewarp'
p1682
I47
sS'gma'
p1683
I47
sS'bell'
p1684
I46
sS'lake'
p1685
I47
sS'add'
p1686
I46
sS'book'
p1687
I47
sS'crack'
p1688
I47
sS'teriyaki'
p1689
I46
sS'increases'
p1690
I47
sS'know'
p1691
I41
sS'like'
p1692
I25
sS'lost'
p1693
I46
sS'candy'
p1694
I47
sS'boof'
p1695
I47
sS'lose'
p1696
I47
sS'soft'
p1697
I47
sS'exceed'
p1698
I47
sS'because'
p1699
I46
sS'twitter'
p1700
I47
sS'library'
p1701
I47
sS'hair'
p1702
I46
sS'growth'
p1703
I47
sS'gymnastics'
p1704
I47
sS'home'
p1705
I46
sS'disrupting'
p1706
I47
sS'happens'
p1707
I47
sS'"what'
p1708
I47
sS'syfy'
p1709
I47
sS'does'
p1710
I46
sS'bowling'
p1711
I37
sS'phantoms'
p1712
I47
sS'vivecahawkins'
p1713
I47
sS'amy'
p1714
I47
sS'stage'
p1715
I47
sS'about'
p1716
I36
sS':-)'
p1717
I47
sS'getting'
p1718
I42
sS'nightclub'
p1719
I39
sS'angeles'
p1720
I21
sS'swear'
p1721
I46
sS'software'
p1722
I47
sS"pepy's"
p1723
I45
sS'night...stick'
p1724
I47
sS'playoff'
p1725
I47
sS'weather'
p1726
I46
sS'brush'
p1727
I47
sS'artists'
p1728
I47
sS'pointless'
p1729
I47
sS'finals'
p1730
I47
sS'naturally'
p1731
I47
sS"i've"
p1732
I44
sS'bus'
p1733
I46
sS'believe'
p1734
I47
sS'bitches'
p1735
I47
sS'but'
p1736
I37
sS'neutral'
p1737
I47
sS'hi'
p1738
I46
sS'courts'
p1739
I47
sS'ha'
p1740
I44
sS'eat'
p1741
I42
sS'he'
p1742
I37
sS'made'
p1743
I41
sS'glory'
p1744
I47
sS'wish'
p1745
I46
sS'piece'
p1746
I45
sS'minutes'
p1747
I47
sS'display'
p1748
I47
sS'marketplace'
p1749
I22
sS'pic'
p1750
I47
sS"nothing's"
p1751
I47
sS'83'
p1752
I47
sS'happen'
p1753
I47
sS'ingredients'
p1754
I47
sS'45'
p1755
I47
sS'claiming'
p1756
I47
sS'other'
p1757
I47
sS'yesssssss'
p1758
I47
sS'sick'
p1759
I46
sS'4)'
p1760
I47
sS'mass'
p1761
I47
sS'boob'
p1762
I47
sS'talkin'
p1763
I47
sS'egg&cheese'
p1764
I47
sS'star'
p1765
I47
sS'work\xe2\x80\xa6'
p1766
I47
sS'class'
p1767
I47
sS'chance'
p1768
I46
sS'kinda'
p1769
I46
sS'else'
p1770
I47
sS'friends'
p1771
I45
sS'goin'
p1772
I47
sS'\xe2\x80\x94'
p1773
I47
sS'coquette'
p1774
I40
sS'l\xc3\xa0'
p1775
I47
sS'this\xe2\x80\xa6'
p1776
I47
sS'lives'
p1777
I46
sS'laundromat'
p1778
I47
s.