(dp0
S''
p1
I1
sS'\xd9\x85\xd9\x86\xd9\x87'
p2
I87
sS'yellow'
p3
I87
sS'four'
p4
I85
sS'sleep'
p5
I80
sS'\xd8\xa3\xd8\xb4\xd9\x88\xd9\x81'
p6
I87
sS'hanging'
p7
I82
sS'hate'
p8
I82
sS'worked'
p9
I87
sS'forget'
p10
I86
sS'sanford'
p11
I87
sS'feeding'
p12
I87
sS'buddy'
p13
I87
sS'aug'
p14
I87
sS'tweet'
p15
I85
sS'presents'
p16
I81
sS'\xd8\xa7\xd9\x8a'
p17
I87
sS'bike'
p18
I86
sS'under'
p19
I87
sS'lord'
p20
I87
sS'sorry'
p21
I84
sS'chill'
p22
I87
sS'worth'
p23
I86
sS'\xd9\x88\xd8\xa7\xd9\x8a\xd8\xaf'
p24
I87
sS'rescue'
p25
I87
sS"women's"
p26
I87
sS'every'
p27
I81
sS'screaming'
p28
I87
sS'monkeys'
p29
I87
sS"daughter's"
p30
I87
sS'school'
p31
I76
sS'baking'
p32
I87
sS'scholar'
p33
I87
sS'waldo'
p34
I87
sS'ref'
p35
I87
sS'associated.the'
p36
I87
sS'wednesday'
p37
I86
sS'earth\xe2\x80\x9d'
p38
I87
sS'zzzzzz'
p39
I87
sS'stars"'
p40
I87
sS'9pm'
p41
I87
sS'enjoy'
p42
I83
sS'10k'
p43
I87
sS'babygirl'
p44
I87
sS'tired'
p45
I86
sS'panther'
p46
I87
sS'thasha'
p47
I87
sS'bacon'
p48
I87
sS'shut'
p49
I86
sS'chef'
p50
I85
sS'second'
p51
I86
sS'street'
p52
I86
sS'7th'
p53
I87
sS'"winning'
p54
I87
sS'chem'
p55
I87
sS'others)'
p56
I84
sS'even'
p57
I75
sS'christ'
p58
I87
sS"screamin'"
p59
I87
sS'+'
p60
I87
sS'cooking'
p61
I86
sS'liberty'
p62
I87
sS'lights'
p63
I86
sS'\xd9\x88\xd8\xaa\xd9\x88\xd8\xa8\xd8\xa9'
p64
I87
sS'cars'
p65
I87
sS'new'
p66
I71
sS'ever'
p67
I72
sS'disney'
p68
I87
sS'told'
p69
I85
sS'mee'
p70
I87
sS'specialist'
p71
I87
sS'pats'
p72
I84
sS'kicked'
p73
I86
sS'\xd8\xa3\xd9\x8a\xd8\xa7\xd9\x85'
p74
I87
sS'join'
p75
I87
sS'never'
p76
I69
sS'(los'
p77
I73
sS'albuquerque'
p78
I87
sS'\xe2\x9d\xa4\xef\xb8\x8f\xe2\x9d\xa4\xef\xb8\x8f\xe2\x9d\xa4\xef\xb8\x8f\xe2\x9d\xa4\xef\xb8\x8f'
p79
I87
sS'\xe2\x9d\xa4\xef\xb8\x8f'
p80
I79
sS'studio'
p81
I87
sS'smokin'
p82
I87
sS'active'
p83
I87
sS'path'
p84
I85
sS"aren't"
p85
I86
sS'kids'
p86
I87
sS'daughter'
p87
I87
sS'forum'
p88
I87
sS'items'
p89
I86
sS'study'
p90
I87
sS'bringdatassbackhereboi'
p91
I87
sS'credit'
p92
I87
sS"i'd"
p93
I86
sS'procedure'
p94
I87
sS'smoke'
p95
I86
sS'\xe2\x9c\x94\xef\xb8\x8f'
p96
I87
sS'que'
p97
I87
sS"i'm"
p98
I11
sS'changes'
p99
I87
sS'fantastic'
p100
I86
sS'hunch'
p101
I87
sS'bro'
p102
I86
sS'bresson'
p103
I87
sS'airball'
p104
I87
sS'txt'
p105
I87
sS'bra'
p106
I87
sS'<3'
p107
I84
sS'rancho'
p108
I87
sS'would'
p109
I66
sS"bruins'"
p110
I87
sS'indians'
p111
I86
sS':d\xe2\x80\x9dno'
p112
I87
sS'ploe'
p113
I87
sS'cali'
p114
I87
sS'23-0'
p115
I86
sS'music'
p116
I84
sS'calm'
p117
I87
sS'ok?\xe2\x80\x9d'
p118
I87
sS'25th'
p119
I86
sS'type'
p120
I86
sS'tell'
p121
I80
sS'yup\xe2\x80\x9d"\xe2\x80\x9d'
p122
I87
sS'breathe'
p123
I87
sS"mia's"
p124
I87
sS'posting'
p125
I87
sS'holy'
p126
I84
sS'brings'
p127
I85
sS'\xd8\xa3\xd9\x86\xd8\xa7'
p128
I87
sS'haha'
p129
I73
sS'award'
p130
I87
sS'hurt'
p131
I87
sS'so.....no'
p132
I87
sS'glass'
p133
I87
sS'warm'
p134
I86
sS'adult'
p135
I87
sS'siblings'
p136
I87
sS'hold'
p137
I83
sS'debora'
p138
I87
sS'must'
p139
I84
sS'me'
p140
I19
sS'1992'
p141
I87
sS'ma'
p142
I86
sS'wore'
p143
I86
sS'work'
p144
I68
sS'worn'
p145
I87
sS'geometry'
p146
I87
sS'\xd9\x8a\xd8\xa7'
p147
I86
sS'ms'
p148
I87
sS'mr'
p149
I87
sS'my'
p150
I13
sS'kraft-an'
p151
I87
sS'indio'
p152
I87
sS'bridal'
p153
I87
sS'looooong'
p154
I87
sS'give'
p155
I84
sS'\xd8\xb3\xd8\xa7\xd8\xb9\xd8\xa9'
p156
I87
sS'titanium'
p157
I87
sS'homie'
p158
I87
sS'veggies'
p159
I87
sS'want'
p160
I58
sS'organizer'
p161
I87
sS'keep'
p162
I82
sS'hog'
p163
I87
sS'hoe'
p164
I87
sS'end'
p165
I81
sS'thing'
p166
I79
sS'hoo'
p167
I87
sS'travel'
p168
I87
sS'song'
p169
I87
sS'finalist'
p170
I87
sS'feature'
p171
I86
sS'id'
p172
I87
sS'machine'
p173
I86
sS'how'
p174
I49
sS'hot'
p175
I75
sS'writers'
p176
I86
sS'\xd9\x88\xd9\x85\xd8\xa7'
p177
I87
sS'interview'
p178
I85
sS'yum'
p179
I86
sS'ordinary'
p180
I87
sS'beach'
p181
I79
sS'pizza'
p182
I87
sS'sorryboutit'
p183
I87
sS'beauty'
p184
I85
sS'snottie'
p185
I87
sS'bday'
p186
I83
sS'"he'
p187
I87
sS'stoller'
p188
I87
sS'after'
p189
I75
sS'lab'
p190
I70
sS'wrong'
p191
I85
sS'jumping'
p192
I87
sS'lax'
p193
I86
sS'bush\xe2\x80\x9dclean'
p194
I87
sS'salsa'
p195
I85
sS'arch'
p196
I87
sS"they're"
p197
I85
sS'danny'
p198
I86
sS'padre'
p199
I87
sS'wins'
p200
I85
sS'appreciate'
p201
I86
sS'fictional'
p202
I87
sS'rummble'
p203
I87
sS'greek'
p204
I87
sS'green'
p205
I87
sS'..\xd8\xa8\xd8\xb3'
p206
I86
sS'1000'
p207
I87
sS'order'
p208
I82
sS'wind'
p209
I87
sS'wine'
p210
I87
sS'school)'
p211
I87
sS'deck'
p212
I87
sS'over'
p213
I80
sS'fam'
p214
I87
sS'jacuzzi'
p215
I87
sS'resumes'
p216
I87
sS'mayor'
p217
I83
sS'before'
p218
I75
sS'scoring'
p219
I87
sS'centinela'
p220
I87
sS'go????\xe2\x80\x9d'
p221
I87
sS'imo'
p222
I87
sS'writing'
p223
I86
sS'better'
p224
I69
sS'\xd8\xa3\xd9\x83\xd8\xab\xd8\xb1'
p225
I87
sS'production'
p226
I83
sS'weeks'
p227
I87
sS'gents'
p228
I87
sS'belly'
p229
I87
sS'theo'
p230
I87
sS'then'
p231
I77
sS'them'
p232
I74
sS'iowa'
p233
I87
sS'wisky'
p234
I87
sS'fixation'
p235
I87
sS'47958'
p236
I87
sS'workout'
p237
I86
sS'safe'
p238
I85
sS"we'll"
p239
I86
sS'break'
p240
I84
sS'band'
p241
I87
sS'roommate'
p242
I84
sS'\xe2\x98\xba\xef\xb8\x8f'
p243
I79
sS'one'
p244
I50
sS'bank'
p245
I87
sS'represents'
p246
I87
sS'alex'
p247
I82
sS'arrested'
p248
I86
sS'lucy'
p249
I87
sS'rocks'
p250
I87
sS'anastasia'
p251
I86
sS'victory'
p252
I87
sS'each'
p253
I84
sS'went'
p254
I84
sS'bong'
p255
I87
sS'side'
p256
I85
sS'carlos'
p257
I87
sS'luck'
p258
I80
sS'chillaxin'
p259
I87
sS'knockout'
p260
I86
sS'series'
p261
I87
sS'bowls'
p262
I87
sS'thelma'
p263
I87
sS'celebrating'
p264
I87
sS'forgot'
p265
I83
sS'logo'
p266
I86
sS'dawn'
p267
I87
sS'saturday'
p268
I84
sS'rt'
p269
I64
sS'rv'
p270
I87
sS'drove'
p271
I87
sS'goh'
p272
I87
sS'driving'
p273
I84
sS'god'
p274
I82
sS'mandy'
p275
I87
sS'tomorrow'
p276
I75
sS're'
p277
I81
sS'daniel'
p278
I87
sS'girlfren'
p279
I87
sS'nite'
p280
I86
sS'smh'
p281
I86
sS'medicine'
p282
I87
sS'got'
p283
I64
sS'rn'
p284
I86
sS'ten\xc3\xada'
p285
I87
sS'hermosa'
p286
I87
sS'turning'
p287
I87
sS'cutest'
p288
I87
sS"you're"
p289
I67
sS'dracula'
p290
I87
sS'fave'
p291
I85
sS'free'
p292
I81
sS'squeeze'
p293
I87
sS'thirties'
p294
I86
sS'holidays'
p295
I87
sS'westside'
p296
I87
sS'guy:)'
p297
I87
sS'mvp'
p298
I85
sS'dammit'
p299
I87
sS'ate'
p300
I86
sS'created'
p301
I87
sS'starts'
p302
I87
sS'atl'
p303
I87
sS'cosmic'
p304
I86
sS'days'
p305
I81
sS'heading'
p306
I87
sS'(at'
p307
I55
sS'caught'
p308
I87
sS'chopped'
p309
I87
sS'was\xe2\x80\xa6'
p310
I87
sS'already'
p311
I85
sS'angelic'
p312
I87
sS'characters'
p313
I87
sS'team:)'
p314
I86
sS'nhl'
p315
I87
sS'puck'
p316
I87
sS'veggie'
p317
I86
sS'fantasy'
p318
I86
sS'boyle'
p319
I87
sS'awoke'
p320
I86
sS'177'
p321
I87
sS'176'
p322
I87
sS'chaturbate'
p323
I87
sS'toy'
p324
I87
sS"there's"
p325
I80
sS'service'
p326
I87
sS'their'
p327
I79
sS'top'
p328
I85
sS'girls'
p329
I75
sS'needed'
p330
I87
sS'bbaaaccckk'
p331
I87
sS'too'
p332
I61
sS'tom'
p333
I87
sS'hollywood'
p334
I65
sS'legs'
p335
I86
sS'dogs'
p336
I87
sS'ceiling'
p337
I87
sS'flyers/pens'
p338
I87
sS'gym'
p339
I82
sS'2am'
p340
I87
sS'took'
p341
I81
sS'tokens'
p342
I87
sS'wrapped'
p343
I87
sS'nahh'
p344
I86
sS'wardrobe'
p345
I86
sS'artistic'
p346
I87
sS'crawl'
p347
I87
sS'summon'
p348
I87
sS'showed'
p349
I86
sS"mother's"
p350
I87
sS'sybian'
p351
I87
sS'likely'
p352
I86
sS'ihop'
p353
I87
sS'shower'
p354
I86
sS'matter'
p355
I84
sS'girl-'
p356
I87
sS'fabulous'
p357
I87
sS'silly'
p358
I87
sS'speaking'
p359
I87
sS'iron'
p360
I87
sS'seater'
p361
I87
sS'chefography'
p362
I87
sS'feeling'
p363
I86
sS'minus'
p364
I86
sS'mini'
p365
I87
sS'minn'
p366
I87
sS'ran'
p367
I85
sS'boston'
p368
I84
sS'modern'
p369
I87
sS'mind'
p370
I85
sS'mine'
p371
I87
sS'elevating'
p372
I87
sS'talking'
p373
I86
sS'seen'
p374
I83
sS'seem'
p375
I87
sS'mins'
p376
I87
sS'drizzyboiii'
p377
I87
sS'tv/film'
p378
I87
sS'nipples'
p379
I87
sS'\xd9\x88\xd8\xa7\xd9\x84\xd9\x85\xd8\xb1\xd8\xb3\xd9\x89'
p380
I87
sS'regretting'
p381
I87
sS'\xd8\xa3\xd8\xb3\xd9\x85\xd8\xb9\xd9\x87\xd8\xa7'
p382
I87
sS'responsible'
p383
I87
sS'-'
p384
I65
sS'chest'
p385
I87
sS'derek'
p386
I87
sS'doors'
p387
I87
sS'panties'
p388
I82
sS'davidson'
p389
I87
sS'please!\xe2\x80\x9d'
p390
I87
sS"chargers'"
p391
I87
sS'though'
p392
I87
sS'thrilled'
p393
I87
sS'leaf)'
p394
I86
sS'quit'
p395
I87
sS'mario'
p396
I87
sS'flashback'
p397
I87
sS'regular'
p398
I87
sS'mouth'
p399
I87
sS'alabama'
p400
I87
sS'$40000'
p401
I87
sS'webcam'
p402
I86
sS'singer'
p403
I87
sS'episode'
p404
I87
sS'released'
p405
I87
sS'cams'
p406
I87
sS'medical'
p407
I86
sS'pic.anyways'
p408
I87
sS'dog'
p409
I85
sS'definitely'
p410
I84
sS'dads'
p411
I87
sS'piercings\xe2\x80\x9d'
p412
I87
sS'boyfriends'
p413
I87
sS'enchiladas'
p414
I87
sS'came'
p415
I84
sS'saying'
p416
I85
sS'ah...to'
p417
I87
sS'inspire'
p418
I86
sS'hunger'
p419
I87
sS'tequila'
p420
I87
sS'brilliance'
p421
I87
sS'sexist'
p422
I87
sS'deuce'
p423
I87
sS'radio'
p424
I86
sS'earth'
p425
I87
sS"chili's"
p426
I87
sS'kinkade'
p427
I87
sS'make'
p428
I54
sS'anymore...\xe2\x80\x9d'
p429
I87
sS'busy'
p430
I85
sS'crossfit'
p431
I87
sS'louise'
p432
I87
sS'holder'
p433
I87
sS'weekends'
p434
I86
sS'sugar'
p435
I86
sS'seshster'
p436
I87
sS'bush'
p437
I87
sS'(video)'
p438
I87
sS')\xe2\x80\x9d'
p439
I87
sS'chipotle'
p440
I87
sS'\xd9\x84\xd9\x8a\xd8\xb4'
p441
I87
sS'oct'
p442
I85
sS'wearing'
p443
I87
sS'do'
p444
I41
sS'dm'
p445
I85
sS'dj'
p446
I87
sS'godzilla'
p447
I87
sS'10'
p448
I86
sS'country.-benjamin'
p449
I87
sS'de'
p450
I87
sS'stop'
p451
I82
sS'dc'
p452
I87
sS'cardinals'
p453
I87
sS'coast'
p454
I84
sS'amazon'
p455
I86
sS'cracks'
p456
I87
sS'anxious'
p457
I87
sS'all-star'
p458
I87
sS'wedding'
p459
I83
sS'report'
p460
I85
sS'signature)'
p461
I86
sS'1.86mi'
p462
I86
sS'14'
p463
I86
sS'vicariously'
p464
I87
sS'bar'
p465
I86
sS'out:)'
p466
I87
sS'officially'
p467
I85
sS'bay'
p468
I87
sS'bag'
p469
I87
sS'bad'
p470
I78
sS'bae'
p471
I87
sS'shots'
p472
I87
sS'release'
p473
I87
sS'bit:)'
p474
I87
sS'steam'
p475
I87
sS'ears'
p476
I86
sS'fair'
p477
I87
sS'tattoos'
p478
I87
sS'w/'
p479
I41
sS'lemonade'
p480
I87
sS'light'
p481
I87
sS'kylercouture\xe2\x80\xa6'
p482
I87
sS'goodnight'
p483
I86
sS'x\xe2\x80\x9d'
p484
I87
sS'result'
p485
I87
sS'fail'
p486
I86
sS'smoothies'
p487
I87
sS'best'
p488
I66
sS'coulton'
p489
I87
sS'said'
p490
I84
sS'jinx'
p491
I87
sS'shaven'
p492
I87
sS'lots'
p493
I85
sS'away'
p494
I82
sS'orgasmic'
p495
I87
sS'\xd8\xa8\xd8\xad\xd8\xb1'
p496
I87
sS'...and'
p497
I87
sS'olympics'
p498
I87
sS'finger'
p499
I86
sS'"on'
p500
I87
sS'prada'
p501
I87
sS'yogurt'
p502
I85
sS'amazing......\xe2\x80\x9d'
p503
I87
sS'wage'
p504
I87
sS'lazy'
p505
I85
sS'men'
p506
I85
sS'omg'
p507
I73
sS'wears'
p508
I87
sS'duggars'
p509
I87
sS'weak'
p510
I86
sS'vitamin'
p511
I87
sS'\xd8\xa8\xd8\xa3\xd9\x85\xd8\xb1\xd9\x8a\xd9\x83\xd8\xa7:-'
p512
I87
sS'outages'
p513
I87
sS'here'
p514
I81
sS'wtf'
p515
I84
sS'werk'
p516
I87
sS'dedication'
p517
I87
sS'news'
p518
I87
sS'motto'
p519
I87
sS'patsnext'
p520
I87
sS'be/should'
p521
I87
sS'goddess'
p522
I87
sS'day/night'
p523
I87
sS'do...brb'
p524
I87
sS'bachelorette'
p525
I87
sS'ill'
p526
I85
sS'adventures'
p527
I87
sS'against'
p528
I87
sS'mmmhmm'
p529
I87
sS'games'
p530
I85
sS'faceq'
p531
I86
sS'lookin'
p532
I87
sS'similarities'
p533
I87
sS'pita'
p534
I87
sS'requests'
p535
I87
sS'argue'
p536
I87
sS'tytytytyty'
p537
I87
sS'tough'
p538
I87
sS'josh'
p539
I87
sS'1.6'
p540
I87
sS'2nd'
p541
I87
sS'hers'
p542
I87
sS'loaded'
p543
I86
sS'blonde'
p544
I87
sS'trust'
p545
I87
sS'paille'
p546
I87
sS'speak'
p547
I87
sS'bathroom'
p548
I87
sS'meowing'
p549
I87
sS'pregame'
p550
I87
sS'source'
p551
I87
sS'fri'
p552
I87
sS'three'
p553
I86
sS'been'
p554
I73
sS'\xe2\x9d\x84\xef\xb8\x8f'
p555
I87
sS'beer'
p556
I87
sS'much'
p557
I75
sS'basil'
p558
I87
sS'lovely'
p559
I87
sS'riley'
p560
I87
sS'canucks'
p561
I87
sS'life'
p562
I69
sS'chub'
p563
I87
sS'homeland'
p564
I87
sS'drugs'
p565
I87
sS'milfs'
p566
I87
sS'sooooo'
p567
I86
sS'all\xe2\x98\x80\xef\xb8\x8f'
p568
I87
sS'irvine'
p569
I87
sS'dave'
p570
I86
sS'26/15/6'
p571
I87
sS'child'
p572
I87
sS'catch'
p573
I85
sS'fuuckumean'
p574
I87
sS"zeus'"
p575
I87
sS'tails?depends'
p576
I87
sS'drizzyboiii\xe2\x80\x9d'
p577
I87
sS'lionel'
p578
I87
sS'east'
p579
I85
sS'sedated...rip'
p580
I87
sS'\xd8\xb2\xd8\xa8\xd8\xa7\xd9\x84\xd8\xa9'
p581
I86
sS'n'
p582
I83
sS'hallelujer'
p583
I87
sS'ugly'
p584
I87
sS'evening'
p585
I87
sS'gna'
p586
I87
sS'myfreecams...go'
p587
I87
sS'cracked'
p588
I87
sS'voice'
p589
I87
sS'reunion'
p590
I87
sS'dayuuum'
p591
I87
sS'chilling'
p592
I87
sS'surprises'
p593
I87
sS'played'
p594
I87
sS"over'"
p595
I87
sS'is'
p596
I20
sS'ir'
p597
I86
sS'it'
p598
I16
sS'lakeshow:)'
p599
I87
sS'ii'
p600
I84
sS'player'
p601
I87
sS'cant'
p602
I86
sS'im'
p603
I77
sS'piercings'
p604
I87
sS'uncle'
p605
I87
sS'in'
p606
I18
sS'\xd8\xb5\xd8\xba\xd9\x8a\xd8\xb1\xd8\xa9.-'
p607
I87
sS'if'
p608
I62
sS'things'
p609
I82
sS'realizing'
p610
I86
sS'fan\xe2\x80\x9d'
p611
I87
sS"b's"
p612
I86
sS'patient'
p613
I87
sS'split'
p614
I87
sS'kizu'
p615
I84
sS'80s'
p616
I87
sS'success'
p617
I87
sS'couple'
p618
I87
sS'hang'
p619
I84
sS'coachella'
p620
I86
sS'rain'
p621
I86
sS'hand'
p622
I86
sS'fridays'
p623
I87
sS'lol\xe2\x80\x9d'
p624
I85
sS'jealous'
p625
I85
sS"he'll"
p626
I86
sS'tune'
p627
I87
sS'kid'
p628
I86
sS'ty-red'
p629
I87
sS'kept'
p630
I87
sS'lucas'
p631
I87
sS'thx'
p632
I82
sS'youre'
p633
I87
sS'redeem'
p634
I87
sS'tho'
p635
I85
sS'greatest'
p636
I87
sS'pandora'
p637
I87
sS'mother'
p638
I86
sS'hearts'
p639
I87
sS'the'
p640
I2
sS'web;)'
p641
I87
sS'yours'
p642
I87
sS'karina'
p643
I87
sS'left'
p644
I87
sS'snowman'
p645
I87
sS'pleaaasseee'
p646
I87
sS'just'
p647
I37
sS'yea'
p648
I87
sS'photo'
p649
I85
sS'thanks'
p650
I75
sS'human'
p651
I87
sS'swears'
p652
I87
sS'depart'
p653
I87
sS'yes'
p654
I61
sS'yet'
p655
I85
sS'jealous\xe2\x80\x9d'
p656
I87
sS'broncos'
p657
I87
sS'doo-rag'
p658
I87
sS'hills'
p659
I83
sS'legion'
p660
I87
sS'photographer'
p661
I87
sS'had'
p662
I79
sS'rehearsals'
p663
I87
sS'faaaauuuuccckkkkumean'
p664
I87
sS'shout'
p665
I87
sS'obedient'
p666
I87
sS'stjohngeoffrey_fanpage'
p667
I87
sS'innocent'
p668
I87
sS'has'
p669
I78
sS'gave'
p670
I87
sS'country"'
p671
I87
sS'chives'
p672
I87
sS'maya'
p673
I87
sS'lcs'
p674
I87
sS'proopsie'
p675
I87
sS'mayo'
p676
I87
sS'tselleck'
p677
I87
sS'caps'
p678
I87
sS"isa's"
p679
I87
sS'life.\xe2\x80\x9d'
p680
I87
sS'background'
p681
I87
sS'connely'
p682
I87
sS'judge'
p683
I87
sS'desire'
p684
I87
sS'dignity'
p685
I87
sS'gift'
p686
I86
sS'bobby'
p687
I87
sS'='
p688
I86
sS'packie'
p689
I87
sS'50'
p690
I87
sS'darn'
p691
I87
sS'xbox'
p692
I87
sS'specific'
p693
I87
sS'remind'
p694
I87
sS'\xd8\xb9\xd9\x85\xd8\xb1\xd9\x83'
p695
I87
sS'night'
p696
I63
sS'hung'
p697
I87
sS'insta'
p698
I87
sS'prepping'
p699
I85
sS'15-16goat'
p700
I87
sS'right'
p701
I70
sS'honored'
p702
I87
sS'creek'
p703
I87
sS'crowd'
p704
I87
sS'people'
p705
I69
sS'born'
p706
I85
sS'today...workout'
p707
I87
sS'poolside'
p708
I87
sS'dear'
p709
I86
sS'sister'
p710
I87
sS'carlump'
p711
I87
sS'tracked'
p712
I87
sS'for'
p713
I15
sS'phenomenal'
p714
I87
sS'normal'
p715
I87
sS'fox'
p716
I87
sS'ice'
p717
I83
sS'timebeing'
p718
I87
sS'everything'
p719
I87
sS'icy'
p720
I87
sS'adorable'
p721
I84
sS'christmas'
p722
I87
sS'bold'
p723
I87
sS'peel'
p724
I87
sS'spider-man'
p725
I87
sS'burn'
p726
I87
sS'plz'
p727
I84
sS'24-hour'
p728
I87
sS'nobbie'
p729
I87
sS'substituted'
p730
I87
sS'bolt'
p731
I87
sS'starring'
p732
I87
sS'post'
p733
I83
sS'super'
p734
I83
sS'cory'
p735
I86
sS'8yo'
p736
I87
sS'diner'
p737
I85
sS'eat'
p738
I84
sS'meow'
p739
I87
sS'months'
p740
I86
sS'o'
p741
I86
sS'..\xd8\xa7\xd9\x84\xd9\x84\xd9\x87'
p742
I87
sS';-)'
p743
I87
sS'dinner'
p744
I86
sS'horizon'
p745
I86
sS'gingerbread'
p746
I87
sS'slightly'
p747
I87
sS'book'
p748
I87
sS'automatically'
p749
I87
sS'raised'
p750
I87
sS'watering'
p751
I87
sS'civil'
p752
I86
sS'ahh'
p753
I87
sS'attorney'
p754
I87
sS'soo'
p755
I86
sS'down'
p756
I78
sS'thankful'
p757
I87
sS'wrap'
p758
I87
sS'old'
p759
I82
sS'shoots'
p760
I87
sS'greatness!\xe2\x80\x9d'
p761
I87
sS'meisner'
p762
I87
sS'deception'
p763
I87
sS'wussup'
p764
I87
sS'amazingly'
p765
I87
sS'support'
p766
I85
sS'flying'
p767
I87
sS'class'
p768
I83
sS'virgin'
p769
I87
sS'editor'
p770
I87
sS'way'
p771
I67
sS'call'
p772
I84
sS'was'
p773
I46
sS'war'
p774
I87
sS'happy'
p775
I62
sS'lowest'
p776
I87
sS'head'
p777
I85
sS'\xe2\x9c\x8c\xef\xb8\x8f\xe2\x80\x9d'
p778
I87
sS'form'
p779
I87
sS'offer'
p780
I87
sS'talenti'
p781
I87
sS'6'
p782
I86
sS'evrytime'
p783
I87
sS'landing'
p784
I87
sS'ford'
p785
I87
sS'taken'
p786
I87
sS'heat'
p787
I87
sS'hear'
p788
I80
sS'stand'
p789
I87
sS'true'
p790
I84
sS'butterworth'
p791
I87
sS'congratulations'
p792
I85
sS'tryin'
p793
I87
sS'happen'
p794
I84
sS'braves'
p795
I87
sS'staged'
p796
I86
sS'violet!!"'
p797
I87
sS'bhip'
p798
I87
sS'wwf'
p799
I87
sS'know:)'
p800
I87
sS'fishburne'
p801
I87
sS'vs.tigers'
p802
I87
sS'delete'
p803
I87
sS'nyquil'
p804
I87
sS'month...really'
p805
I87
sS'28th'
p806
I87
sS'classic'
p807
I87
sS'request'
p808
I87
sS'escape'
p809
I87
sS'easy."'
p810
I87
sS'drive'
p811
I86
sS'ship'
p812
I85
sS'annoying'
p813
I87
sS'behbeh'
p814
I87
sS'check'
p815
I85
sS'shit'
p816
I79
sS'crutches'
p817
I87
sS'nj'
p818
I87
sS'dying'
p819
I86
sS'no'
p820
I49
sS'zane'
p821
I87
sS'commercials'
p822
I87
sS'pic\xe2\x80\x9di'
p823
I87
sS'when'
p824
I49
sS'ne'
p825
I87
sS'actor'
p826
I87
sS'tim'
p827
I87
sS'interested'
p828
I87
sS'holding'
p829
I87
sS'test'
p830
I87
sS'whey'
p831
I87
sS'richie'
p832
I87
sS'company'
p833
I87
sS'yeeyy'
p834
I87
sS'picture'
p835
I84
sS'dies'
p836
I87
sS'felt'
p837
I87
sS'fukumean'
p838
I87
sS'update'
p839
I85
sS'hahahah'
p840
I87
sS"let's"
p841
I74
sS"monday's:)"
p842
I87
sS'fell'
p843
I87
sS"'a"
p844
I87
sS'us:)'
p845
I86
sS'rolling'
p846
I87
sS'fusco'
p847
I87
sS'pierced'
p848
I87
sS'weekend'
p849
I78
sS'died'
p850
I87
sS'hiii'
p851
I87
sS'faster'
p852
I86
sS'excuse'
p853
I87
sS'assume'
p854
I87
sS'landed'
p855
I87
sS'together'
p856
I77
sS'spanked'
p857
I87
sS'loyal'
p858
I86
sS'rainier'
p859
I87
sS'time'
p860
I49
sS'serious'
p861
I86
sS':))'
p862
I87
sS'pictures)'
p863
I74
sS':('
p864
I87
sS':)'
p865
I65
sS'dance'
p866
I87
sS'skip'
p867
I87
sS'yogolicious)'
p868
I86
sS'osu'
p869
I87
sS'hawaii'
p870
I87
sS'leads'
p871
I86
sS'burritos'
p872
I87
sS'mile'
p873
I87
sS'creative'
p874
I87
sS'row'
p875
I87
sS'cuzins'
p876
I87
sS'awaits.\xe2\x80\x9d'
p877
I87
sS'damn\xe2\x80\xa6'
p878
I87
sS'yummy'
p879
I86
sS"'bama"
p880
I87
sS"when's"
p881
I87
sS'game:)'
p882
I87
sS'father'
p883
I86
sS'disgusting'
p884
I86
sS'contemplating'
p885
I87
sS'karaoke'
p886
I87
sS'countdown'
p887
I87
sS'amaze'
p888
I87
sS'finally'
p889
I81
sS'praised'
p890
I87
sS'foreals'
p891
I87
sS'persevere'
p892
I87
sS'shoot'
p893
I79
sS'saturdayyy'
p894
I87
sS'sloppy'
p895
I87
sS'vegas'
p896
I86
sS'masturbate'
p897
I87
sS'word'
p898
I83
sS'trouble'
p899
I87
sS'you\xe2\x9d\xa4\xef\xb8\x8f'
p900
I87
sS"anthony's"
p901
I87
sS'\xd9\x8a\xd8\xae\xd9\x84\xd8\xb5'
p902
I87
sS'middleton'
p903
I87
sS'cool'
p904
I84
sS'level'
p905
I87
sS'did'
p906
I75
sS'die'
p907
I87
sS'jamie'
p908
I87
sS'brother'
p909
I86
sS'cloudy'
p910
I86
sS'standards'
p911
I86
sS'leave'
p912
I85
sS'p'
p913
I87
sS'soooo'
p914
I84
sS'team'
p915
I83
sS'quick'
p916
I85
sS'sloths'
p917
I87
sS'guy'
p918
I80
sS'less/no'
p919
I87
sS'round'
p920
I87
sS'dis'
p921
I87
sS'olympic'
p922
I87
sS'mn'
p923
I87
sS'angeles)'
p924
I24
sS'regret'
p925
I87
sS'(educator)'
p926
I87
sS'porn'
p927
I87
sS'discover'
p928
I87
sS'sign'
p929
I87
sS'linda'
p930
I87
sS"girl...you're"
p931
I87
sS'pma'
p932
I87
sS'run'
p933
I83
sS'drinks'
p934
I87
sS'darkest'
p935
I87
sS'barbie'
p936
I87
sS'magicians.-francis'
p937
I87
sS'18th..forever'
p938
I87
sS'capri'
p939
I87
sS'locker'
p940
I87
sS'hollyweb'
p941
I87
sS'suspect'
p942
I87
sS'melo'
p943
I86
sS'freaks'
p944
I86
sS'international'
p945
I87
sS'falling'
p946
I87
sS'ummmm'
p947
I87
sS'bo'
p948
I87
sS'channeled'
p949
I87
sS'makeup'
p950
I85
sS'bi'
p951
I87
sS'water'
p952
I83
sS'witch'
p953
I87
sS'redskins'
p954
I87
sS'suspects....rt'
p955
I87
sS'alone'
p956
I85
sS'along'
p957
I87
sS'old\xe2\x80\xa6'
p958
I87
sS'earthquake'
p959
I85
sS'change'
p960
I84
sS'wait'
p961
I76
sS'box'
p962
I87
sS'boy'
p963
I87
sS'hbo'
p964
I86
sS'yessss'
p965
I86
sS'mubarak'
p966
I87
sS'thirty'
p967
I87
sS'healthy'
p968
I87
sS'shift'
p969
I87
sS'\xe2\x9c\x8a'
p970
I87
sS'wherever'
p971
I87
sS'boi'
p972
I86
sS'franklin'
p973
I87
sS'here-'
p974
I87
sS'boo'
p975
I83
sS'usually'
p976
I87
sS'weird'
p977
I86
sS'barclay'
p978
I87
sS'love'
p979
I31
sS'hiking'
p980
I87
sS'important'
p981
I87
sS'patriots'
p982
I83
sS'\xd8\xa7\xd9\x84\xd8\xae\xd8\xaf\xd9\x85\xd8\xa9'
p983
I87
sS'1st'
p984
I85
sS'\xd9\x88\xd9\x86\xd8\xb5'
p985
I87
sS'sky'
p986
I87
sS'sweating'
p987
I87
sS'post-'
p988
I87
sS'voices'
p989
I87
sS'wand'
p990
I87
sS'working'
p991
I83
sS'positive'
p992
I87
sS'\xd8\xb2\xd9\x8a\xd9\x86\xd8\xac\xd8\xb1.-'
p993
I87
sS'hopefully'
p994
I87
sS'dude'
p995
I87
sS'only'
p996
I73
sS'\xd9\x83\xd9\x86\xd8\xaa\xd8\xa7\xd9\x83\xd9\x8a'
p997
I87
sS'live'
p998
I82
sS'jam'
p999
I85
sS'wondering'
p1000
I87
sS'ahhh'
p1001
I87
sS'films'
p1002
I86
sS'brissette'
p1003
I87
sS'angels'
p1004
I87
sS'today'
p1005
I62
sS"mic'd"
p1006
I87
sS'hotel)'
p1007
I84
sS'club'
p1008
I85
sS'oregon'
p1009
I87
sS'downtown'
p1010
I87
sS'mansfield'
p1011
I87
sS'nebraskan'
p1012
I87
sS'olive'
p1013
I86
sS'schwarzenegger'
p1014
I87
sS'3:7'
p1015
I87
sS'anything'
p1016
I83
sS'niggas'
p1017
I87
sS'car'
p1018
I86
sS'pretend'
p1019
I87
sS'soul'
p1020
I87
sS'cat'
p1021
I87
sS'wands'
p1022
I87
sS'attacks'
p1023
I87
sS'life-the'
p1024
I87
sS'can'
p1025
I50
sS'cam'
p1026
I73
sS'cal'
p1027
I87
sS'following'
p1028
I87
sS'making'
p1029
I85
sS'lakers/dodgers'
p1030
I87
sS'laughter'
p1031
I87
sS'nosebleed'
p1032
I87
sS'heart'
p1033
I81
sS'crazy'
p1034
I87
sS'hears'
p1035
I87
sS'awesome'
p1036
I77
sS"didn't"
p1037
I83
sS'fuck'
p1038
I82
sS'topic'
p1039
I87
sS'heard'
p1040
I87
sS'builder.have'
p1041
I87
sS'posing'
p1042
I87
sS'dedicates'
p1043
I87
sS'allowed'
p1044
I87
sS'spa'
p1045
I87
sS'clair'
p1046
I87
sS'you\xe2\x98\xba\xef\xb8\x8f'
p1047
I87
sS'pervs'
p1048
I86
sS'tube'
p1049
I87
sS'watching'
p1050
I73
sS'magazine'
p1051
I86
sS'urinates'
p1052
I87
sS'1'
p1053
I78
sS'till'
p1054
I84
sS'sunday'
p1055
I87
sS'vancouver'
p1056
I87
sS'pure'
p1057
I87
sS'pins'
p1058
I87
sS'\xe2\x9d\xa4\xef\xb8\x8f\xe2\x9d\xa4\xef\xb8\x8f\xe2\x9d\xa4\xef\xb8\x8f'
p1059
I83
sS'speaks'
p1060
I87
sS'map'
p1061
I86
sS'staying'
p1062
I87
sS'way:)'
p1063
I87
sS'paramount'
p1064
I87
sS'wooooooowwwww'
p1065
I87
sS'cocktail'
p1066
I87
sS'may'
p1067
I83
sS'max'
p1068
I87
sS'sacrifice'
p1069
I87
sS'accessory'
p1070
I87
sS'mac'
p1071
I85
sS'birthday'
p1072
I78
sS'clients'
p1073
I87
sS'mad'
p1074
I85
sS'such'
p1075
I78
sS'suck'
p1076
I84
sS'sex..and'
p1077
I87
sS'guys'
p1078
I75
sS'grow'
p1079
I84
sS'man'
p1080
I77
sS'hot...and'
p1081
I87
sS'cod'
p1082
I87
sS'natural'
p1083
I87
sS'neck'
p1084
I81
sS'maybe'
p1085
I84
sS'bean'
p1086
I79
sS'st'
p1087
I79
sS'si'
p1088
I87
sS'killers'
p1089
I87
sS'jail'
p1090
I87
sS'"rob"'
p1091
I87
sS'negotiations.\xe2\x80\x9d'
p1092
I87
sS'pulled'
p1093
I87
sS'talk'
p1094
I84
sS'cute'
p1095
I73
sS'joins'
p1096
I87
sS'wishing'
p1097
I86
sS'years'
p1098
I83
sS'mayhem'
p1099
I87
sS'course'
p1100
I80
sS'episodes'
p1101
I87
sS'lsu'
p1102
I86
sS'still'
p1103
I73
sS'russia\xe2\x80\x94during'
p1104
I87
sS'dropoff'
p1105
I87
sS'avid'
p1106
I87
sS'group'
p1107
I86
sS'thank'
p1108
I44
sS"he's"
p1109
I83
sS'interesting'
p1110
I86
sS'toro'
p1111
I87
sS'cheerleaders'
p1112
I87
sS'amazing'
p1113
I74
sS'\xd9\x83\xd9\x84\xd9\x85\xd8\xa7\xd8\xaa'
p1114
I87
sS'celebrate'
p1115
I87
sS'(film'
p1116
I87
sS'tweets'
p1117
I86
sS'suspension'
p1118
I87
sS'mommy'
p1119
I87
sS'texas'
p1120
I86
sS'happened'
p1121
I87
sS'nom'
p1122
I87
sS'noo'
p1123
I85
sS'now.yell'
p1124
I87
sS'\xd8\xaa\xd8\xb5\xd8\xaf\xd9\x91\xd9\x82'
p1125
I87
sS'3'
p1126
I79
sS'moms'
p1127
I87
sS'rattled'
p1128
I87
sS'iambabyduck'
p1129
I87
sS'insomnia'
p1130
I86
sS"tonight's"
p1131
I87
sS'nation'
p1132
I86
sS'lunch'
p1133
I86
sS'hale'
p1134
I87
sS'half'
p1135
I87
sS'not'
p1136
I42
sS'scorsese'
p1137
I87
sS'now'
p1138
I52
sS'nor'
p1139
I87
sS'name'
p1140
I84
sS'sophomore'
p1141
I87
sS'frank'
p1142
I87
sS'fabian'
p1143
I87
sS'staaaaaaaaap'
p1144
I87
sS'bowling'
p1145
I74
sS"wndr'ng"
p1146
I87
sS'em'
p1147
I87
sS'el'
p1148
I71
sS'en'
p1149
I87
sS'lowkey'
p1150
I87
sS'crushing'
p1151
I87
sS'yeah'
p1152
I76
sS'her!!\xe2\x80\x9d'
p1153
I87
sS'bradley'
p1154
I87
sS'friend/roommate'
p1155
I87
sS'owing'
p1156
I87
sS'year'
p1157
I79
sS'cc.\xe2\x80\x9d'
p1158
I87
sS'girl'
p1159
I49
sS'calling'
p1160
I87
sS'ep'
p1161
I87
sS'album'
p1162
I87
sS'living'
p1163
I82
sS'shown'
p1164
I87
sS'100l'
p1165
I87
sS'writers/ad'
p1166
I87
sS'3rd'
p1167
I86
sS'space'
p1168
I87
sS'thirst'
p1169
I85
sS'looking'
p1170
I79
sS'goodingjr'
p1171
I87
sS'seriously'
p1172
I86
sS'miles'
p1173
I86
sS'shows'
p1174
I83
sS'monster'
p1175
I87
sS'state'
p1176
I87
sS'always\xe2\x80\xa6'
p1177
I87
sS'hull'
p1178
I86
sS'million'
p1179
I87
sS'lmu'
p1180
I86
sS'1135'
p1181
I87
sS'quite'
p1182
I86
sS'oro'
p1183
I77
sS"catchin'"
p1184
I87
sS'california'
p1185
I80
sS'besides'
p1186
I87
sS'wcw'
p1187
I87
sS'marina'
p1188
I86
sS'yup'
p1189
I86
sS'calories'
p1190
I87
sS'both\xe2\x80\x9d'
p1191
I87
sS'turn'
p1192
I86
sS'place'
p1193
I85
sS'massive'
p1194
I87
sS'\xd9\x87\xd9\x8a'
p1195
I87
sS'\xd9\x87\xd9\x88'
p1196
I86
sS'yess'
p1197
I86
sS'think'
p1198
I73
sS'teammates'
p1199
I87
sS'lambda'
p1200
I87
sS'cheese'
p1201
I86
sS'zzzzzzzzz'
p1202
I87
sS'saving'
p1203
I87
sS'xo'
p1204
I86
sS'xoxo'
p1205
I87
sS'champions'
p1206
I87
sS"rubik's"
p1207
I87
sS'yourself'
p1208
I86
sS'"live'
p1209
I87
sS'vote'
p1210
I86
sS'sounds'
p1211
I86
sS'fight'
p1212
I87
sS'fiji'
p1213
I87
sS'george'
p1214
I86
sS'size'
p1215
I87
sS'city'
p1216
I82
sS'little'
p1217
I73
sS'..\xd9\x81\xd9\x8a\xd8\xb3\xd9\x82\xd8\xb7\xd9\x83'
p1218
I87
sS'stuck'
p1219
I87
sS'grondzilla'
p1220
I87
sS'waist'
p1221
I87
sS'dressed'
p1222
I87
sS'anyone'
p1223
I82
sS'outing'
p1224
I87
sS'shorts'
p1225
I87
sS'2'
p1226
I70
sS'condominiums)'
p1227
I87
sS'imma'
p1228
I87
sS'white'
p1229
I83
sS'friend'
p1230
I83
sS"we're"
p1231
I87
sS'eyes'
p1232
I85
sS'hug'
p1233
I87
sS'that'
p1234
I33
sS'season'
p1235
I75
sS"men's"
p1236
I87
sS'huh'
p1237
I87
sS'braun'
p1238
I87
sS'cops'
p1239
I86
sS'hard.\xe2\x80\x9d'
p1240
I87
sS'butt'
p1241
I86
sS'boobies\xe2\x80\x9d'
p1242
I87
sS'flowers'
p1243
I87
sS'representing'
p1244
I86
sS'than'
p1245
I73
sS'tomorrow;)\xe2\x80\x9d'
p1246
I87
sS'11'
p1247
I87
sS'wide'
p1248
I86
sS'13'
p1249
I86
sS'12'
p1250
I87
sS'15'
p1251
I87
sS'lmao'
p1252
I84
sS'17'
p1253
I87
sS'gotta'
p1254
I83
sS'r'
p1255
I79
sS'were'
p1256
I81
sS'cards'
p1257
I87
sS'poisoning'
p1258
I87
sS'\xd8\xb3\xd8\xa7\xd9\x86\xd9\x88\xd8\xba\xd9\x88'
p1259
I87
sS'and'
p1260
I7
sS'questionable'
p1261
I87
sS'san'
p1262
I86
sS'chloe'
p1263
I86
sS'pro'
p1264
I85
sS'quirky'
p1265
I87
sS'locations'
p1266
I87
sS'slap'
p1267
I87
sS'sad'
p1268
I83
sS'woah'
p1269
I87
sS'say'
p1270
I78
sS'trevor'
p1271
I87
sS'delecious'
p1272
I87
sS'saw'
p1273
I84
sS'any'
p1274
I82
sS'marathon'
p1275
I86
sS'sat'
p1276
I87
sS';-)\xe2\x80\x9d'
p1277
I86
sS'bieber"'
p1278
I87
sS'editing'
p1279
I87
sS'zoo'
p1280
I87
sS'raiken'
p1281
I87
sS'hingham'
p1282
I87
sS'carbo-load'
p1283
I87
sS'squad'
p1284
I86
sS'take'
p1285
I81
sS'online'
p1286
I84
sS'shocker'
p1287
I87
sS'wanting'
p1288
I87
sS'true...\xe2\x80\x9d'
p1289
I87
sS'q&a'
p1290
I87
sS'channel'
p1291
I86
sS'urge'
p1292
I87
sS'begin'
p1293
I85
sS'sure'
p1294
I81
sS'pain'
p1295
I87
sS'theatre'
p1296
I86
sS'roster'
p1297
I87
sS'track'
p1298
I87
sS'sherman'
p1299
I87
sS'hometown'
p1300
I87
sS'rehearsal'
p1301
I87
sS'assault'
p1302
I87
sS'sheets'
p1303
I87
sS'pair'
p1304
I87
sS'america'
p1305
I84
sS'msg'
p1306
I87
sS'michelle'
p1307
I87
sS'forever'
p1308
I82
sS'especially'
p1309
I85
sS'room'
p1310
I79
sS'proud'
p1311
I86
sS'hungry'
p1312
I87
sS'sideburns'
p1313
I87
sS'sunset'
p1314
I87
sS'bops'
p1315
I87
sS'<3\xe2\x80\x9d'
p1316
I87
sS'premieres'
p1317
I86
sS'senior'
p1318
I77
sS'sigma'
p1319
I87
sS'landlady'
p1320
I87
sS'shop'
p1321
I85
sS'\xd9\x85\xd8\xb9'
p1322
I87
sS'shot'
p1323
I87
sS'\xe2\x9c\xa8'
p1324
I85
sS'fernandez)'
p1325
I87
sS'show'
p1326
I66
sS'lkbagb'
p1327
I86
sS'russian'
p1328
I87
sS'spicy:)'
p1329
I87
sS'corner'
p1330
I87
sS'ground'
p1331
I87
sS'nemesis'
p1332
I87
sS'\xe2\x9c\x8b'
p1333
I87
sS'partments'
p1334
I87
sS'daily'
p1335
I87
sS'dick'
p1336
I86
sS'saints'
p1337
I87
sS'behind'
p1338
I84
sS'to\xe2\x80\xa6'
p1339
I87
sS'otis'
p1340
I14
sS'tears'
p1341
I86
sS'going'
p1342
I61
sS'black'
p1343
I86
sS'hockey'
p1344
I86
sS'awareness'
p1345
I87
sS'first'
p1346
I71
sS'\xd8\xa8\xd8\xa3\xd9\x85\xd8\xb1\xd9\x8a\xd9\x83\xd8\xa7'
p1347
I87
sS'viewpoint'
p1348
I87
sS'get'
p1349
I39
sS'zito)'
p1350
I87
sS'\xd8\xb3\xd9\x85\xd8\xb9\xd8\xaa\xd9\x87'
p1351
I87
sS'cannot'
p1352
I85
sS'invited'
p1353
I87
sS'trade'
p1354
I87
sS'gem'
p1355
I87
sS'freaking'
p1356
I87
sS'125-power'
p1357
I87
sS'james--park'
p1358
I87
sS'artist'
p1359
I87
sS'versions'
p1360
I87
sS'morning'
p1361
I76
sS'naked'
p1362
I86
sS'jokes'
p1363
I87
sS'stupid'
p1364
I86
sS'quickie'
p1365
I87
sS'pants'
p1366
I87
sS'where'
p1367
I73
sS'xmas'
p1368
I87
sS'vision'
p1369
I87
sS'lyft'
p1370
I87
sS'espn'
p1371
I86
sS'cocktails'
p1372
I87
sS'college'
p1373
I21
sS'pelini'
p1374
I87
sS'murdered'
p1375
I87
sS'stanley'
p1376
I87
sS'surgery'
p1377
I86
sS'mahboob'
p1378
I87
sS'"violet'
p1379
I87
sS'$16'
p1380
I87
sS'wonder'
p1381
I87
sS'dexter'
p1382
I87
sS"tomorrow's"
p1383
I87
sS'24/7'
p1384
I86
sS'harvey'
p1385
I87
sS'amen'
p1386
I87
sS'enough'
p1387
I85
sS'gutted'
p1388
I87
sS"cardinals'"
p1389
I87
sS'\xd8\xb0\xd9\x85\xd9\x8a\xd8\xaa'
p1390
I87
sS'reading'
p1391
I82
sS'across'
p1392
I87
sS'affordable'
p1393
I87
sS'notice'
p1394
I87
sS'33'
p1395
I87
sS'screen'
p1396
I83
sS'style'
p1397
I86
sS'jr'
p1398
I87
sS'timmy'
p1399
I87
sS'blame'
p1400
I87
sS'awards'
p1401
I86
sS'\xd9\x88\xd9\x86\xd8\xb5\xd9\x87'
p1402
I87
sS'tub'
p1403
I87
sS'killing'
p1404
I87
sS'come'
p1405
I62
sS'panties/wishlist'
p1406
I87
sS'mans'
p1407
I87
sS'talented'
p1408
I86
sS'many'
p1409
I82
sS'west)'
p1410
I86
sS'beltran'
p1411
I87
sS's'
p1412
I85
sS'time...and'
p1413
I87
sS'wristband'
p1414
I87
sS'(theologian)'
p1415
I87
sS'traded'
p1416
I87
sS"can't"
p1417
I67
sS'prediction\xe2\x80\x9d'
p1418
I87
sS'supplies)'
p1419
I87
sS'spoil'
p1420
I76
sS'color'
p1421
I87
sS'jeans'
p1422
I87
sS'april'
p1423
I87
sS'pop'
p1424
I87
sS'twin'
p1425
I86
sS"couldn't"
p1426
I85
sS'considers'
p1427
I87
sS'boat'
p1428
I87
sS'heeeellllll'
p1429
I87
sS'turkey'
p1430
I86
sS'now\xe2\x80\x9d'
p1431
I87
sS'howard'
p1432
I87
sS'west'
p1433
I80
sS"'golden"
p1434
I87
sS'ucla'
p1435
I86
sS'mark'
p1436
I87
sS'wesm'
p1437
I87
sS'25th...obviously'
p1438
I87
sS'8=\xe2\x9c\x8a='
p1439
I87
sS'address?\xe2\x80\x9d'
p1440
I87
sS'wants'
p1441
I83
sS'lanes'
p1442
I73
sS'thousand'
p1443
I87
sS'blessing'
p1444
I87
sS'movies'
p1445
I87
sS'wake'
p1446
I87
sS'hashtag'
p1447
I87
sS'standup'
p1448
I87
sS'suspected'
p1449
I87
sS'hardcore'
p1450
I87
sS'careful'
p1451
I87
sS'dayyyyyzzz'
p1452
I87
sS'those'
p1453
I81
sS"hurting?'"
p1454
I87
sS'sound'
p1455
I86
sS'myself'
p1456
I83
sS"batman's"
p1457
I87
sS'manhatan'
p1458
I86
sS'these'
p1459
I80
sS'mount'
p1460
I87
sS'flyers/rangers'
p1461
I87
sS'grass..and'
p1462
I87
sS'eid'
p1463
I87
sS'situation'
p1464
I87
sS'cock'
p1465
I87
sS"person's"
p1466
I87
sS'elly_gold1'
p1467
I87
sS'ive'
p1468
I87
sS'orientation'
p1469
I87
sS'producer)'
p1470
I87
sS'coffee'
p1471
I76
sS'sleeping'
p1472
I87
sS'blah'
p1473
I87
sS'someone'
p1474
I79
sS'motivated'
p1475
I87
sS'another....\xe2\x80\x9d'
p1476
I87
sS'nighter'
p1477
I87
sS'everyday'
p1478
I87
sS'different'
p1479
I87
sS'skool'
p1480
I87
sS'(who'
p1481
I87
sS'pau'
p1482
I87
sS'doctor'
p1483
I87
sS'media'
p1484
I87
sS'granted'
p1485
I87
sS'$25'
p1486
I86
sS'tour'
p1487
I87
sS'same'
p1488
I84
sS'trip'
p1489
I85
sS'food'
p1490
I86
sS'heartbreak'
p1491
I87
sS'followers'
p1492
I85
sS'coworkers'
p1493
I87
sS'yessir'
p1494
I87
sS'"i'
p1495
I87
sS'pan'
p1496
I87
sS'week'
p1497
I78
sS'clipshow'
p1498
I87
sS'dooood'
p1499
I87
sS'driver'
p1500
I87
sS'weed'
p1501
I87
sS'producers'
p1502
I87
sS'clippers'
p1503
I87
sS'totally'
p1504
I85
sS'nicastro'
p1505
I87
sS'\xe2\x9c\x8c\xef\xb8\x8f'
p1506
I83
sS'down.\xe2\x80\x9d'
p1507
I87
sS'breakdowns'
p1508
I87
sS'yup\xe2\x80\x9d'
p1509
I87
sS"lol'ed"
p1510
I87
sS'nothin'
p1511
I87
sS'cco'
p1512
I87
sS'without'
p1513
I85
sS'pupusas'
p1514
I87
sS'comes'
p1515
I84
sS'high-wasted'
p1516
I87
sS'hubby'
p1517
I87
sS'tara'
p1518
I85
sS'scholarship'
p1519
I87
sS'they'
p1520
I64
sS'being'
p1521
I77
sS'money'
p1522
I84
sS'rest'
p1523
I86
sS'but...but'
p1524
I87
sS'pissing'
p1525
I87
sS'tomorrow\xe2\x80\x9d'
p1526
I87
sS'kill'
p1527
I87
sS'positions'
p1528
I87
sS'touch'
p1529
I86
sS'polish'
p1530
I87
sS'\xd8\xa7\xd9\x84\xd9\x84\xd9\x87'
p1531
I87
sS'speed'
p1532
I87
sS'insight'
p1533
I87
sS'death'
p1534
I85
sS'feminist'
p1535
I87
sS'thinking'
p1536
I87
sS'except'
p1537
I87
sS'blog'
p1538
I82
sS'shoots...he'
p1539
I87
sS'gre'
p1540
I87
sS'pile'
p1541
I87
sS'4'
p1542
I80
sS'sucked'
p1543
I87
sS'swim'
p1544
I86
sS'aspects'
p1545
I87
sS'around'
p1546
I81
sS'read'
p1547
I85
sS'detoxify'
p1548
I87
sS'virginia'
p1549
I87
sS'gonna'
p1550
I84
sS'amf'
p1551
I71
sS'early'
p1552
I87
sS'traffic'
p1553
I87
sS'mon'
p1554
I87
sS'mom'
p1555
I86
sS'world'
p1556
I80
sS"nana's"
p1557
I87
sS'pst'
p1558
I87
sS'tiabayb'
p1559
I87
sS'vending'
p1560
I87
sS'mother.-rumi'
p1561
I87
sS'chateau'
p1562
I86
sS'fully'
p1563
I86
sS'beverly'
p1564
I87
sS'same-sex'
p1565
I87
sS'cabo'
p1566
I87
sS'apartments'
p1567
I77
sS'her.......she'
p1568
I87
sS'madrid'
p1569
I87
sS'menchies'
p1570
I87
sS'pacific'
p1571
I86
sS'erase'
p1572
I87
sS'table'
p1573
I87
sS'images'
p1574
I87
sS'guillermo'
p1575
I87
sS'stagecoach'
p1576
I87
sS'thinks'
p1577
I87
sS'yesss'
p1578
I86
sS'gross'
p1579
I86
sS'mood'
p1580
I83
sS'memories'
p1581
I86
sS'noon'
p1582
I87
sS'nooo'
p1583
I87
sS'23rd'
p1584
I87
sS'mosley'
p1585
I87
sS'unclean'
p1586
I87
sS'nuggets'
p1587
I86
sS'doing..right'
p1588
I87
sS'football'
p1589
I85
sS'\xe2\x9c\x88\xef\xb8\x8f'
p1590
I84
sS'power'
p1591
I84
sS'asap'
p1592
I87
sS'lmfao'
p1593
I87
sS'nails'
p1594
I87
sS'fitness'
p1595
I81
sS'\xd8\xb1\xd8\xa7\xd8\xad'
p1596
I87
sS'broken'
p1597
I87
sS'*cant'
p1598
I87
sS'x\xe2\x80\x9di'
p1599
I87
sS'\xd8\xba\xd9\x84\xd8\xb7'
p1600
I87
sS';)'
p1601
I82
sS'exciting'
p1602
I84
sS'throw'
p1603
I86
sS'beauty...feel'
p1604
I87
sS'on'
p1605
I17
sS'ok'
p1606
I81
sS'oh'
p1607
I67
sS'of'
p1608
I10
sS'maggette'
p1609
I87
sS'cares'
p1610
I87
sS'favorite'
p1611
I81
sS'mixer'
p1612
I87
sS'babe\xe2\x80\x9d'
p1613
I86
sS'trailer'
p1614
I87
sS'neighbor'
p1615
I87
sS'act'
p1616
I83
sS'threesome'
p1617
I87
sS'mean'
p1618
I84
sS'director/producer'
p1619
I87
sS'or'
p1620
I68
sS'road'
p1621
I87
sS'partied'
p1622
I87
sS'tribe'
p1623
I87
sS'ladies'
p1624
I86
sS'know...just'
p1625
I87
sS'garnet'
p1626
I87
sS'paypal'
p1627
I87
sS'scores'
p1628
I87
sS'blessed'
p1629
I87
sS'snapchat'
p1630
I87
sS'authorities'
p1631
I87
sS'homeless'
p1632
I86
sS'strip'
p1633
I86
sS'elementary'
p1634
I86
sS'happening'
p1635
I87
sS'your'
p1636
I34
sS'mental'
p1637
I87
sS'ya....\xe2\x80\x9d'
p1638
I87
sS'burglar'
p1639
I87
sS'her'
p1640
I68
sS'there'
p1641
I67
sS'hey'
p1642
I84
sS'lol'
p1643
I56
sS'desert'
p1644
I87
sS'dreaming'
p1645
I87
sS'start'
p1646
I82
sS'lot'
p1647
I85
sS'worst'
p1648
I86
sS'\xd9\x88\xd8\xb7\xd9\x86'
p1649
I87
sS'chats'
p1650
I82
sS'tight'
p1651
I87
sS'l.o.v.e'
p1652
I87
sS'b1g'
p1653
I87
sS'lmaooo'
p1654
I87
sS'wiping'
p1655
I87
sS'brain'
p1656
I87
sS'dorado'
p1657
I72
sS'texted'
p1658
I87
sS'trying'
p1659
I85
sS'with'
p1660
I31
sS'$1199'
p1661
I87
sS'buying'
p1662
I85
sS'cheated'
p1663
I86
sS'pull'
p1664
I86
sS'october'
p1665
I87
sS'comics'
p1666
I87
sS'hardly'
p1667
I87
sS'bucket'
p1668
I86
sS'"it\'s'
p1669
I87
sS'dirty'
p1670
I74
sS'agree'
p1671
I78
sS'gone'
p1672
I86
sS'ohh'
p1673
I87
sS'butthole'
p1674
I87
sS'videos'
p1675
I83
sS'-feeling'
p1676
I87
sS'am'
p1677
I68
sS'deep'
p1678
I87
sS'an'
p1679
I70
sS'knowww'
p1680
I87
sS'as'
p1681
I70
sS'tasty'
p1682
I87
sS'at'
p1683
I8
sS'girlfriend'
p1684
I87
sS'watched'
p1685
I85
sS'melatonin'
p1686
I87
sS"n'"
p1687
I87
sS'bishop'
p1688
I87
sS'you.\xe2\x80\x9d'
p1689
I87
sS'cream'
p1690
I86
sS'again'
p1691
I77
sS'yoga'
p1692
I87
sS'wild'
p1693
I87
sS'way.must'
p1694
I87
sS'drivers'
p1695
I87
sS'2000'
p1696
I87
sS'birthday.\xe2\x80\xa6'
p1697
I87
sS'effin'
p1698
I87
sS'5'
p1699
I83
sS'you'
p1700
I9
sS'trash'
p1701
I87
sS'rb/flex'
p1702
I87
sS'weeee'
p1703
I87
sS'poop'
p1704
I87
sS'sounded'
p1705
I87
sS'obsessed'
p1706
I86
sS'students'
p1707
I87
sS'spoilers'
p1708
I87
sS'finale'
p1709
I85
sS'whiskers'
p1710
I87
sS'gifts'
p1711
I85
sS'dominates'
p1712
I87
sS'massachusetts'
p1713
I87
sS'fresh'
p1714
I87
sS'a8'
p1715
I87
sS'brass'
p1716
I87
sS'readings'
p1717
I87
sS'finals'
p1718
I84
sS'pool'
p1719
I79
sS'alcohol'
p1720
I87
sS'building'
p1721
I87
sS'grudge'
p1722
I87
sS'awesome!\xe2\x80\x9d'
p1723
I87
sS'natalia'
p1724
I87
sS'mask'
p1725
I87
sS'3-2'
p1726
I87
sS'having'
p1727
I85
sS'directors'
p1728
I87
sS'snacks!\xe2\x80\x9d'
p1729
I87
sS'u'
p1730
I35
sS'once'
p1731
I85
sS'starting'
p1732
I83
sS'original'
p1733
I86
sS'all'
p1734
I38
sS'consider'
p1735
I87
sS'chinese'
p1736
I87
sS'elvin'
p1737
I87
sS'nikita'
p1738
I87
sS'month'
p1739
I82
sS'coach'
p1740
I87
sS'follow'
p1741
I84
sS'decisions'
p1742
I87
sS'bike\xe2\x80\xa6'
p1743
I87
sS'shattered'
p1744
I87
sS'apartment'
p1745
I86
sS'cliff'
p1746
I87
sS'ty'
p1747
I86
sS'tv'
p1748
I85
sS'wassup'
p1749
I87
sS'thursday'
p1750
I87
sS'spirit'
p1751
I87
sS'to'
p1752
I5
sS'\xd8\xa7\xd9\x84\xd9\x83\xd9\x84\xd9\x85\xd8\xa7\xd8\xaa'
p1753
I86
sS'smile'
p1754
I81
sS'td'
p1755
I86
sS'tb'
p1756
I87
sS'case'
p1757
I86
sS'woman'
p1758
I83
sS'worse'
p1759
I86
sS'sitting'
p1760
I87
sS'very'
p1761
I75
sS'checkin'
p1762
I87
sS'fav'
p1763
I86
sS'fat'
p1764
I86
sS'lingerie'
p1765
I87
sS'fan'
p1766
I85
sS'decide'
p1767
I86
sS'surprise'
p1768
I87
sS'tickets\xe2\x80\x9d'
p1769
I87
sS'winning'
p1770
I87
sS'ticket'
p1771
I87
sS'tgod'
p1772
I87
sS'4-5'
p1773
I87
sS'apts'
p1774
I87
sS'heaven'
p1775
I87
sS'pbs'
p1776
I87
sS'mothers'
p1777
I87
sS'--'
p1778
I86
sS'issue'
p1779
I87
sS'celebrity'
p1780
I85
sS'list'
p1781
I86
sS'large'
p1782
I85
sS'sang'
p1783
I87
sS'\xd9\x8a\xd8\xa7\xd9\x83\xd9\x84\xd9\x88\xd9\x86'
p1784
I87
sS'lesbians'
p1785
I87
sS'chloster'
p1786
I87
sS'small'
p1787
I86
sS'anal'
p1788
I85
sS'dodger'
p1789
I85
sS"i'll"
p1790
I67
sS'tea'
p1791
I75
sS'streets'
p1792
I87
sS'past'
p1793
I86
sS'hitachi'
p1794
I86
sS'$14.47'
p1795
I87
sS'design'
p1796
I22
sS'nba'
p1797
I86
sS'gm'
p1798
I87
sS'harden'
p1799
I87
sS'what'
p1800
I45
sS'yeahhhhh'
p1801
I87
sS'sun'
p1802
I86
sS'youuu'
p1803
I87
sS'anniversary'
p1804
I85
sS'xox'
p1805
I87
sS'kate'
p1806
I87
sS'crush'
p1807
I85
sS'coroner'
p1808
I87
sS'sus'
p1809
I87
sS'tribute'
p1810
I86
sS'plush'
p1811
I87
sS"rule'"
p1812
I87
sS'..\xd8\xb1\xd8\xa7\xd8\xad\xd8\xaa'
p1813
I87
sS'dwells'
p1814
I87
sS'full'
p1815
I85
sS'\xd8\xa7\xd9\x84\xd9\x86\xd9\x87\xd8\xa7\xd8\xb1\xd8\xa5\xd9\x86\xd8\xaa'
p1816
I87
sS'hungover'
p1817
I87
sS'loose'
p1818
I87
sS'theresa'
p1819
I87
sS'hours'
p1820
I84
sS'smartest'
p1821
I87
sS'gga'
p1822
I87
sS'bayless'
p1823
I87
sS'november'
p1824
I87
sS'strong'
p1825
I86
sS'tragedy'
p1826
I87
sS'fatter'
p1827
I87
sS'search'
p1828
I87
sS'chubba1'
p1829
I87
sS'pass?\xe2\x80\x9d'
p1830
I87
sS'ahead'
p1831
I86
sS'10/9c'
p1832
I87
sS'inspired'
p1833
I87
sS'\xd8\xa7\xd9\x84\xd8\xb4\xd8\xb7'
p1834
I87
sS'stella'
p1835
I87
sS'airport'
p1836
I86
sS'pico'
p1837
I86
sS'fansincredible'
p1838
I87
sS'social'
p1839
I87
sS'hime'
p1840
I87
sS'inspires'
p1841
I87
sS'sticking'
p1842
I87
sS'via'
p1843
I86
sS'followed'
p1844
I86
sS'family'
p1845
I80
sS'vin'
p1846
I87
sS'ask'
p1847
I86
sS'vip'
p1848
I87
sS'dudies'
p1849
I87
sS'toys'
p1850
I87
sS'resident'
p1851
I87
sS'bruins'
p1852
I84
sS'readily'
p1853
I87
sS'attendance'
p1854
I87
sS'argument:1'
p1855
I87
sS'sista'
p1856
I87
sS'composure'
p1857
I87
sS'intense'
p1858
I87
sS'donuts'
p1859
I87
sS'youngflys'
p1860
I87
sS'texting'
p1861
I87
sS'two'
p1862
I78
sS'pearl'
p1863
I85
sS'gorgeous'
p1864
I84
sS'\xd9\x82\xd8\xa7\xd8\xb9\xd8\xaf'
p1865
I87
sS'curds'
p1866
I87
sS'more'
p1867
I66
sS'israel'
p1868
I87
sS'throws'
p1869
I87
sS'knows'
p1870
I84
sS'pads'
p1871
I87
sS'hoffman'
p1872
I87
sS'"where'
p1873
I87
sS'(yawn)'
p1874
I87
sS'dood'
p1875
I87
sS"ain't"
p1876
I86
sS'glam'
p1877
I87
sS'that\xe2\x80\x9d'
p1878
I87
sS'\xe2\x98\x80\xef\xb8\x8f\xe2\x9c\xa8'
p1879
I87
sS'glad'
p1880
I84
sS'town'
p1881
I84
sS'grill'
p1882
I86
sS'promo'
p1883
I87
sS'hour'
p1884
I87
sS'\xd8\xb9\xd9\x86\xd8\xaf\xd9\x87\xd9\x85'
p1885
I86
sS'science'
p1886
I87
sS'duh'
p1887
I87
sS'nebraska'
p1888
I87
sS'del'
p1889
I72
sS'morgan'
p1890
I87
sS'v'
p1891
I87
sS'knocked'
p1892
I86
sS'spontaneous'
p1893
I87
sS'def'
p1894
I81
sS'history'
p1895
I87
sS'beautiful'
p1896
I67
sS'mehh'
p1897
I87
sS'brown'
p1898
I87
sS'caffeinated'
p1899
I87
sS'lolol'
p1900
I87
sS'salty'
p1901
I87
sS'sense'
p1902
I85
sS'phrase'
p1903
I87
sS'dress'
p1904
I85
sS'needs'
p1905
I85
sS'answer'
p1906
I87
sS'goal'
p1907
I87
sS'awkward'
p1908
I87
sS'rather'
p1909
I87
sS'\xd8\xa3\xd9\x82\xd8\xa7\xd8\xb1\xd9\x86\xd9\x87\xd8\xa7'
p1910
I87
sS'breaking'
p1911
I86
sS'gisele'
p1912
I86
sS'ayyyyy'
p1913
I87
sS'"'
p1914
I87
sS"idiots'"
p1915
I87
sS'goat'
p1916
I86
sS'ha:)'
p1917
I87
sS'lot:)'
p1918
I87
sS'okay'
p1919
I86
sS'tried'
p1920
I87
sS'rude'
p1921
I87
sS'sneak'
p1922
I87
sS'soundtrack'
p1923
I87
sS'fb'
p1924
I85
sS'plane'
p1925
I86
sS'director'
p1926
I87
sS'blood'
p1927
I86
sS'cavallari'
p1928
I87
sS'coming'
p1929
I82
sS'gratitude.-'
p1930
I87
sS'fl'
p1931
I87
sS'a'
p1932
I6
sS'short'
p1933
I84
sS'brady'
p1934
I86
sS"that'd"
p1935
I87
sS'loud'
p1936
I87
sS'now...time'
p1937
I87
sS'seconds'
p1938
I87
sS'vancouver....great'
p1939
I87
sS'deuces'
p1940
I87
sS'roommates'
p1941
I87
sS'fenway'
p1942
I87
sS'pleasure'
p1943
I87
sS'dream'
p1944
I85
sS"that's"
p1945
I74
sS'*blush'
p1946
I87
sS'mexican'
p1947
I87
sS'help'
p1948
I84
sS"don't"
p1949
I62
sS'september'
p1950
I86
sS'bowl'
p1951
I83
sS'sooo'
p1952
I86
sS'soon'
p1953
I81
sS'...cinemamovies'
p1954
I87
sS'attitude'
p1955
I87
sS'paper'
p1956
I86
sS'through'
p1957
I81
sS'shit\xe2\x80\x9d'
p1958
I87
sS'(et/pt)'
p1959
I87
sS'hell'
p1960
I84
sS'its'
p1961
I83
sS'24'
p1962
I85
sS'jacobs'
p1963
I86
sS'20'
p1964
I86
sS'21'
p1965
I85
sS'23'
p1966
I87
sS':p'
p1967
I87
sS'thnx'
p1968
I85
sS'sale'
p1969
I87
sS'deeds'
p1970
I87
sS'scully'
p1971
I87
sS'actually'
p1972
I86
sS'late'
p1973
I84
sS'dino'
p1974
I87
sS'stephen'
p1975
I87
sS'bout'
p1976
I85
sS'might'
p1977
I84
sS"haven't"
p1978
I82
sS'dolls'
p1979
I87
sS'fool'
p1980
I87
sS'hurting'
p1981
I87
sS'good'
p1982
I40
sS'return'
p1983
I87
sS'ya'
p1984
I83
sS'males'
p1985
I87
sS'hunter'
p1986
I87
sS'ralphs'
p1987
I84
sS'cupcake'
p1988
I87
sS'et/nicholas'
p1989
I87
sS'yeyyyy'
p1990
I87
sS"you've"
p1991
I87
sS'compound'
p1992
I87
sS'aka'
p1993
I83
sS'yr'
p1994
I87
sS'complain'
p1995
I87
sS'bigger'
p1996
I87
sS'frigin'
p1997
I87
sS'easily'
p1998
I87
sS'everytime'
p1999
I86
sS'always'
p2000
I64
sS'puzzle'
p2001
I87
sS'bless'
p2002
I87
sS'12th'
p2003
I87
sS'found'
p2004
I86
sS'obligated'
p2005
I87
sS'notes'
p2006
I87
sS"isn't"
p2007
I83
sS'2k'
p2008
I87
sS'status'
p2009
I87
sS'everyone'
p2010
I80
sS'england'
p2011
I87
sS'another'
p2012
I84
sS'weight'
p2013
I87
sS'house'
p2014
I85
sS'hard'
p2015
I87
sS'idea'
p2016
I83
sS'police'
p2017
I87
sS'ripple'
p2018
I87
sS'event'
p2019
I87
sS'really'
p2020
I75
sS'travels'
p2021
I87
sS'hilarious:)'
p2022
I87
sS'perry'
p2023
I86
sS'missed'
p2024
I86
sS'brandt'
p2025
I87
sS'<<<'
p2026
I87
sS'robert'
p2027
I87
sS'since'
p2028
I87
sS'temporary'
p2029
I87
sS'hayden'
p2030
I87
sS'health'
p2031
I87
sS"they'll"
p2032
I87
sS'print'
p2033
I81
sS'darling'
p2034
I87
sS'evaluation'
p2035
I87
sS'sharon'
p2036
I87
sS'ass'
p2037
I79
sS'dunn'
p2038
I87
sS'risen'
p2039
I87
sS'interviews/screenings'
p2040
I87
sS'friday'
p2041
I83
sS'story'
p2042
I85
sS'mmm'
p2043
I87
sS'houses'
p2044
I86
sS'reason'
p2045
I87
sS'basketball'
p2046
I87
sS'put'
p2047
I82
sS'teach'
p2048
I87
sS'earliest'
p2049
I87
sS'cheers'
p2050
I87
sS'lol)'
p2051
I87
sS'terrible'
p2052
I86
sS'american'
p2053
I86
sS'w'
p2054
I69
sS'bookies'
p2055
I87
sS'castle'
p2056
I87
sS'5th'
p2057
I86
sS'bezerk'
p2058
I87
sS'feed'
p2059
I87
sS'dont'
p2060
I83
sS'someday'
p2061
I87
sS'feel'
p2062
I79
sS'recruiting'
p2063
I87
sS'drinking...no'
p2064
I87
sS'pork'
p2065
I87
sS'welcome'
p2066
I80
sS'valentine'
p2067
I86
sS'feet'
p2068
I87
sS'done'
p2069
I79
sS'guap'
p2070
I87
sS'says'
p2071
I82
sS'miss'
p2072
I77
sS'guess'
p2073
I83
sS'killin'
p2074
I87
sS'heads'
p2075
I86
sS'guest'
p2076
I87
sS'\xd8\xa7\xd9\x84\xd9\x85\xd8\xa7\xd8\xac\xd8\xaf'
p2077
I87
sS'tate'
p2078
I87
sS'nickerson'
p2079
I87
sS'interviews'
p2080
I85
sS'our\xe2\x80\xa6'
p2081
I87
sS'obedience'
p2082
I87
sS'least'
p2083
I85
sS'wonderful'
p2084
I86
sS'storm'
p2085
I87
sS'woohooo'
p2086
I87
sS'store'
p2087
I86
sS'headache'
p2088
I87
sS'selling'
p2089
I87
sS'relationship'
p2090
I86
sS'you\xe2\x80\x9d'
p2091
I87
sS'hotel'
p2092
I66
sS'park'
p2093
I83
sS'mmmm'
p2094
I87
sS'part'
p2095
I86
sS'\xd8\xa7\xd8\xad\xd8\xaa\xd8\xb1\xd8\xa7\xd9\x85\xd9\x8a'
p2096
I87
sS'alphabets'
p2097
I87
sS'believe'
p2098
I83
sS'grace'
p2099
I87
sS'obama'
p2100
I86
sS'fades\xe2\x80\x9d'
p2101
I87
sS'kind'
p2102
I85
sS'hiya'
p2103
I87
sS'time!you'
p2104
I87
sS'outrageous'
p2105
I87
sS'i'
p2106
I3
sS'marriage'
p2107
I87
sS'supposed'
p2108
I87
sS'fun!\xe2\x80\x9d'
p2109
I87
sS'\xd9\x88\xd8\xb7\xd9\x86\xd9\x8a'
p2110
I87
sS'8:30'
p2111
I87
sS'ousted'
p2112
I86
sS'kidding'
p2113
I87
sS'outta'
p2114
I87
sS'fights'
p2115
I87
sS'will\xe2\x9d\xa4\xef\xb8\x8f'
p2116
I87
sS'island_girl68'
p2117
I87
sS'novak'
p2118
I87
sS'ummm'
p2119
I87
sS'alike'
p2120
I87
sS'aged'
p2121
I87
sS'karl'
p2122
I87
sS'lie'
p2123
I86
sS'\xd9\x85\xd8\xb9\xd9\x86\xd9\x89'
p2124
I87
sS'dancing'
p2125
I86
sS'lil'
p2126
I87
sS'nah'
p2127
I87
sS'also'
p2128
I86
sS'a**'
p2129
I87
sS'lip'
p2130
I86
sS'build'
p2131
I86
sS'yeahh'
p2132
I86
sS'finding'
p2133
I87
sS'giselle'
p2134
I87
sS"chloe's"
p2135
I87
sS'oops'
p2136
I87
sS'play'
p2137
I69
sS'towards'
p2138
I86
sS'carolina'
p2139
I87
sS'sets'
p2140
I87
sS'reach'
p2141
I87
sS'charge'
p2142
I87
sS'providin'
p2143
I87
sS'promenade'
p2144
I87
sS'most'
p2145
I73
sS'la:('
p2146
I87
sS'plan'
p2147
I85
sS'moss'
p2148
I87
sS'nothing'
p2149
I85
sS'extremely'
p2150
I87
sS'achievement'
p2151
I87
sS'understands'
p2152
I87
sS'bag)'
p2153
I87
sS'omaha'
p2154
I87
sS'5-2'
p2155
I87
sS'sometimes'
p2156
I81
sS'waysuccess'
p2157
I87
sS'kn'
p2158
I87
sS'lounge'
p2159
I87
sS'mammoth'
p2160
I87
sS'chester'
p2161
I86
sS'clean'
p2162
I86
sS'notch'
p2163
I87
sS'(8601'
p2164
I87
sS'love:)'
p2165
I87
sS'thomas'
p2166
I87
sS'ugh'
p2167
I86
sS'croix'
p2168
I87
sS'gold'
p2169
I86
sS'preperation'
p2170
I87
sS'captains'
p2171
I87
sS'session'
p2172
I86
sS'\xd8\x9f'
p2173
I87
sS'stoned'
p2174
I87
sS'cameo'
p2175
I87
sS"man's"
p2176
I87
sS'find'
p2177
I85
sS'\xd8\xb9\xd9\x8a\xd8\xaf'
p2178
I87
sS'bfc'
p2179
I87
sS'espa\xc3\xb1a'
p2180
I87
sS'condos'
p2181
I87
sS"amy's"
p2182
I87
sS'randy'
p2183
I86
sS'pretty'
p2184
I82
sS'\xd9\x8a\xd8\xa7\xd9\x84\xd9\x81\xd8\xa7\xd8\xb4\xd9\x84'
p2185
I87
sS'8'
p2186
I86
sS'sharks.\xe2\x80\x9d'
p2187
I87
sS'his'
p2188
I79
sS'hit'
p2189
I85
sS'rt"'
p2190
I87
sS'grocery'
p2191
I86
sS'famous'
p2192
I87
sS'feels'
p2193
I87
sS'observatory'
p2194
I87
sS'watch\xe2\x80\x9d'
p2195
I87
sS'clipshow.glad'
p2196
I87
sS'11-3'
p2197
I87
sS'shared'
p2198
I87
sS'hii'
p2199
I84
sS'silk'
p2200
I87
sS'him'
p2201
I82
sS'\xd8\xb7\xd9\x84\xd8\xa8\xd9\x83'
p2202
I87
sS'dustin'
p2203
I87
sS'belichick'
p2204
I85
sS'warmup'
p2205
I87
sS'atardecer'
p2206
I87
sS'jcmaui'
p2207
I86
sS'celebrates'
p2208
I87
sS'cry'
p2209
I85
sS'seperated'
p2210
I87
sS'perfume'
p2211
I87
sS'naughty'
p2212
I87
sS'x'
p2213
I87
sS'tourney'
p2214
I87
sS'wrote'
p2215
I87
sS'insane'
p2216
I87
sS'bars'
p2217
I87
sS'set'
p2218
I83
sS'art'
p2219
I21
sS'(grabs'
p2220
I87
sS'throwing'
p2221
I87
sS'carpool'
p2222
I87
sS'sex'
p2223
I87
sS'tip'
p2224
I87
sS'see'
p2225
I55
sS'individual'
p2226
I87
sS'are'
p2227
I36
sS'ari'
p2228
I87
sS'!!\xe2\x80\x9d'
p2229
I87
sS'2.5'
p2230
I87
sS'project'
p2231
I87
sS'bonaduchi'
p2232
I87
sS'movie'
p2233
I83
sS'wow'
p2234
I84
sS'currently'
p2235
I86
sS'please'
p2236
I77
sS'woo'
p2237
I87
sS'won'
p2238
I86
sS'various'
p2239
I87
sS'(9045'
p2240
I25
sS'probably'
p2241
I85
sS'nope'
p2242
I87
sS'compliment'
p2243
I86
sS'watchin'
p2244
I87
sS'available'
p2245
I87
sS'outloud'
p2246
I87
sS'missing'
p2247
I85
sS'outfit'
p2248
I86
sS'condo'
p2249
I87
sS'both'
p2250
I84
sS'c'
p2251
I84
sS'last'
p2252
I68
sS'mega'
p2253
I87
sS'restaurant'
p2254
I84
sS'govenator'
p2255
I87
sS"wouldn't"
p2256
I85
sS'annual'
p2257
I87
sS'bachelor'
p2258
I87
sS'became'
p2259
I86
sS'alot'
p2260
I87
sS'know\xe2\x80\xa6'
p2261
I87
sS'deserved'
p2262
I87
sS'whole'
p2263
I86
sS'_mclaugh'
p2264
I86
sS'sloth'
p2265
I87
sS'liked'
p2266
I85
sS'childhood'
p2267
I87
sS'live"'
p2268
I87
sS'point'
p2269
I84
sS'simple'
p2270
I87
sS'sweet'
p2271
I81
sS'whatever'
p2272
I84
sS'likes'
p2273
I86
sS'buzzed'
p2274
I87
sS'village'
p2275
I86
sS'belt'
p2276
I87
sS'trail.-ralph'
p2277
I87
sS'ps'
p2278
I87
sS'pp'
p2279
I86
sS'devil'
p2280
I87
sS'create'
p2281
I87
sS'creativity'
p2282
I87
sS'due'
p2283
I87
sS'teacher'
p2284
I87
sS'dropping'
p2285
I87
sS'damn'
p2286
I83
sS'pg'
p2287
I87
sS'mutiny'
p2288
I87
sS'\xd9\x85\xd8\xa7\xd9\x84\xd9\x87\xd8\xa7'
p2289
I87
sS'pj'
p2290
I85
sS'yogurtland'
p2291
I87
sS'meeting'
p2292
I80
sS'whoa'
p2293
I87
sS'woke'
p2294
I86
sS'kathy'
p2295
I87
sS'flight'
p2296
I82
sS'sobriety'
p2297
I87
sS'gay'
p2298
I86
sS'sending'
p2299
I87
sS"what's"
p2300
I84
sS'leaf\xc2\xae'
p2301
I87
sS'else'
p2302
I81
sS'anthony'
p2303
I87
sS'cinco'
p2304
I87
sS'understand'
p2305
I84
sS'grills'
p2306
I87
sS'brockton'
p2307
I87
sS'toga'
p2308
I87
sS'look'
p2309
I76
sS'raw'
p2310
I87
sS'frozen'
p2311
I87
sS'pickup'
p2312
I87
sS'selfie'
p2313
I87
sS'bill'
p2314
I85
sS'medically'
p2315
I87
sS'while'
p2316
I82
sS'replaced'
p2317
I87
sS'homework'
p2318
I87
sS'fun'
p2319
I70
sS'guide'
p2320
I87
sS'revellometal'
p2321
I87
sS'real'
p2322
I86
sS'hoping'
p2323
I87
sS'vol'
p2324
I86
sS'calculator'
p2325
I87
sS'danes'
p2326
I86
sS'panties?\xe2\x80\x9d'
p2327
I87
sS'rip'
p2328
I85
sS'titanic'
p2329
I87
sS'curtis'
p2330
I87
sS'skype'
p2331
I85
sS'ready'
p2332
I79
sS'busch'
p2333
I87
sS'audi'
p2334
I86
sS'funny'
p2335
I79
sS'crowd....ps'
p2336
I87
sS'italy'
p2337
I87
sS'open'
p2338
I87
sS'barnes'
p2339
I87
sS'\xd8\xb1\xd8\xa7\xd8\xb4\xd8\xaf'
p2340
I87
sS'fountain'
p2341
I87
sS'ama'
p2342
I87
sS'delicious'
p2343
I87
sS'(westchester'
p2344
I76
sS'sleep.watchin'
p2345
I87
sS'9'
p2346
I87
sS'it\xe2\x80\x9d'
p2347
I87
sS'higher'
p2348
I87
sS'hallway'
p2349
I87
sS'used'
p2350
I85
sS'classmates'
p2351
I87
sS'zito'
p2352
I87
sS'cigar'
p2353
I87
sS'yesterday'
p2354
I85
sS'1990s'
p2355
I87
sS'alert'
p2356
I87
sS'moment'
p2357
I85
sS'moving'
p2358
I87
sS'split:/'
p2359
I87
sS'nickname'
p2360
I87
sS'infamous'
p2361
I87
sS'\xd9\x8a\xd8\xae\xd9\x84\xd9\x8a\xd9\x87\xd9\x85'
p2362
I87
sS'rules'
p2363
I87
sS'yaayy'
p2364
I87
sS'anybody'
p2365
I86
sS'saiddddddd'
p2366
I87
sS'person'
p2367
I84
sS'30-something'
p2368
I87
sS'edge'
p2369
I87
sS'y'
p2370
I83
sS'five'
p2371
I87
sS'chemistry'
p2372
I87
sS'yeyyy'
p2373
I87
sS'cute\xe2\x9c\xa8'
p2374
I87
sS'hotdog'
p2375
I87
sS'listening'
p2376
I86
sS'porque?!\xe2\x80\x9d'
p2377
I87
sS'tonight\xe2\x80\x9d'
p2378
I87
sS'gripe'
p2379
I87
sS'alley-oop'
p2380
I87
sS'annndd'
p2381
I87
sS'cocky'
p2382
I87
sS'using'
p2383
I87
sS'ad'
p2384
I87
sS'praying'
p2385
I87
sS'network'
p2386
I87
sS'letting'
p2387
I86
sS'friendship'
p2388
I87
sS'cup'
p2389
I87
sS'lady'
p2390
I87
sS'relief'
p2391
I87
sS'makers'
p2392
I87
sS'rangers'
p2393
I87
sS'parents'
p2394
I86
sS'crying'
p2395
I87
sS'courtney'
p2396
I87
sS'7'
p2397
I87
sS'prices)'
p2398
I87
sS'cum'
p2399
I87
sS'excited'
p2400
I78
sS'bhocolate'
p2401
I87
sS'sandwiches'
p2402
I87
sS'big'
p2403
I81
sS'showing'
p2404
I86
sS'8:30pm'
p2405
I87
sS'game'
p2406
I79
sS'quest'
p2407
I87
sS'af'
p2408
I87
sS'bit'
p2409
I86
sS'awaken'
p2410
I87
sS'wings'
p2411
I87
sS'projects'
p2412
I85
sS'ranger"'
p2413
I87
sS'd'
p2414
I86
sS'capitals'
p2415
I87
sS'glove'
p2416
I87
sS'placesuddenly'
p2417
I87
sS':o\xe2\x80\x9d'
p2418
I87
sS'continue'
p2419
I87
sS'nipple'
p2420
I87
sS'eff'
p2421
I87
sS'eek'
p2422
I87
sS'popular'
p2423
I86
sS'pippen'
p2424
I87
sS'essential'
p2425
I87
sS'd.c'
p2426
I87
sS'school/work'
p2427
I87
sS'fucking'
p2428
I83
sS'spring'
p2429
I87
sS'\xd8\xb9\xd9\x84\xd9\x89'
p2430
I87
sS'creation'
p2431
I87
sS'some'
p2432
I74
sS'back'
p2433
I54
sS'b4'
p2434
I87
sS'added'
p2435
I87
sS'mmmmm'
p2436
I86
sS'producers/actors'
p2437
I87
sS'of...what'
p2438
I87
sS'scale'
p2439
I87
sS'pet'
p2440
I87
sS'prov'
p2441
I87
sS'decision'
p2442
I87
sS'pros'
p2443
I87
sS'per'
p2444
I86
sS'nicka80'
p2445
I87
sS'crosssssroadsssss"'
p2446
I87
sS'epic'
p2447
I87
sS'prob'
p2448
I87
sS'be'
p2449
I32
sS'bf'
p2450
I86
sS'eating'
p2451
I85
sS'bb'
p2452
I87
sS'ufc'
p2453
I87
sS'continuing'
p2454
I87
sS"nightmares'"
p2455
I87
sS's/o'
p2456
I87
sS'lmaoooi'
p2457
I87
sS'bu'
p2458
I87
sS'chick'
p2459
I86
sS'usc'
p2460
I87
sS'by'
p2461
I74
sS'russell'
p2462
I87
sS'gonzalez!\xe2\x80\x9d'
p2463
I87
sS'8pm'
p2464
I86
sS'hacktor'
p2465
I87
sS'delish'
p2466
I87
sS'trucking'
p2467
I87
sS'drama'
p2468
I87
sS'deserves'
p2469
I87
sS'extensions'
p2470
I87
sS'illegal'
p2471
I87
sS'hehe:)'
p2472
I87
sS'wanna'
p2473
I73
sS'silence'
p2474
I87
sS'seeing'
p2475
I86
sS'jimmy'
p2476
I87
sS'colorado'
p2477
I87
sS'pero'
p2478
I87
sS'into'
p2479
I80
sS'nonsense'
p2480
I87
sS'\xd8\xa8\xd8\xa7\xd9\x84\xd8\xae\xd9\x8a\xd8\xb1'
p2481
I87
sS'chara'
p2482
I87
sS'because'
p2483
I74
sS'polygamist'
p2484
I87
sS'extraordinary'
p2485
I87
sS'smells'
p2486
I86
sS'click'
p2487
I87
sS'impressed'
p2488
I87
sS'goin'
p2489
I87
sS'8:00'
p2490
I87
sS'coin-which'
p2491
I87
sS'doll'
p2492
I87
sS'funny:)'
p2493
I87
sS'ca)'
p2494
I60
sS'long'
p2495
I83
sS'custom'
p2496
I59
sS'yogolicious'
p2497
I87
sS'addicting'
p2498
I87
sS'prettier'
p2499
I87
sS'suit'
p2500
I87
sS'forward'
p2501
I83
sS'writer/talented'
p2502
I87
sS'bored'
p2503
I87
sS'scared'
p2504
I87
sS'narrator'
p2505
I87
sS'hawaiian'
p2506
I87
sS'ditch'
p2507
I87
sS'interrupted'
p2508
I87
sS't-shirt'
p2509
I87
sS'boys'
p2510
I82
sS'yesssss'
p2511
I86
sS'boyz'
p2512
I87
sS'line'
p2513
I84
sS'junior'
p2514
I87
sS'posted'
p2515
I85
sS'muffet'
p2516
I87
sS'patriot'
p2517
I87
sS'middle'
p2518
I87
sS'asain'
p2519
I87
sS'up'
p2520
I50
sS'us'
p2521
I81
sS'ur'
p2522
I84
sS'um'
p2523
I86
sS'emailing'
p2524
I87
sS'tijera'
p2525
I28
sS'uh'
p2526
I87
sS'sum'
p2527
I87
sS'called'
p2528
I85
sS'stratosphere'
p2529
I87
sS'uber'
p2530
I87
sS'planing'
p2531
I87
sS'worthwhile'
p2532
I87
sS'\xd8\xa7\xd9\x84\xd8\xb5\xd9\x85\xd9\x88\xd9\x86\xd8\xa9'
p2533
I87
sS'seconds*"isn\'t'
p2534
I87
sS'overland'
p2535
I87
sS'influence'
p2536
I87
sS'starbucks'
p2537
I87
sS'chat'
p2538
I81
sS'cafe'
p2539
I87
sS'cotton'
p2540
I87
sS'tito'
p2541
I86
sS'pat'
p2542
I87
sS'tara!\xe2\x80\x9d'
p2543
I87
sS'nick'
p2544
I84
sS'nap'
p2545
I87
sS'bracket'
p2546
I87
sS'actors'
p2547
I83
sS'twitter\xe2\x80\x9dlove'
p2548
I87
sS'waanntt'
p2549
I87
sS'irreplaceable'
p2550
I87
sS'nice'
p2551
I79
sS'girardi'
p2552
I87
sS'missin'
p2553
I87
sS'breasts'
p2554
I87
sS'helping'
p2555
I87
sS'sideline'
p2556
I87
sS'score'
p2557
I87
sS'sides'
p2558
I87
sS'kors'
p2559
I87
sS'ago'
p2560
I86
sS'sudoku'
p2561
I87
sS'scouting'
p2562
I86
sS'land'
p2563
I86
sS'e'
p2564
I86
sS'blend'
p2565
I87
sS'age'
p2566
I86
sS'esp'
p2567
I87
sS'walked'
p2568
I87
sS'2003'
p2569
I87
sS'g*ddamn'
p2570
I87
sS'beverage'
p2571
I87
sS'far'
p2572
I84
sS"she's"
p2573
I83
sS'hello'
p2574
I86
sS"side...it's"
p2575
I87
sS'dvr'
p2576
I85
sS'katy'
p2577
I87
sS'code'
p2578
I87
sS'jason'
p2579
I87
sS'bosstones'
p2580
I87
sS'commune:)\xe2\x80\x9d'
p2581
I87
sS'sometimes"'
p2582
I87
sS'penis'
p2583
I87
sS'gang'
p2584
I87
sS'freakin'
p2585
I87
sS'go'
p2586
I61
sS'golf'
p2587
I87
sS'psycho'
p2588
I87
sS'centers'
p2589
I87
sS'gamboa'
p2590
I87
sS'\xd9\x83\xd9\x86\xd8\xaa'
p2591
I87
sS'concerned'
p2592
I87
sS'young'
p2593
I84
sS'send'
p2594
I81
sS'it?\xe2\x80\x9d'
p2595
I87
sS'\xe3\x82\xb1\xe3\x83\xbc\xe3\x82\xad\xe3\x81\x8c\xe3\x80\x81\xe7\xbe\x8e\xe5\x91\xb3\xe3\x81\x97\xe3\x81\x9d\xe3\x81\x86(^.^)'
p2596
I87
sS'jumped'
p2597
I87
sS'friendly'
p2598
I87
sS'sent'
p2599
I85
sS'venice'
p2600
I87
sS'garden'
p2601
I87
sS'outside'
p2602
I87
sS'amgi'
p2603
I87
sS'kitty'
p2604
I86
sS'amazing:)'
p2605
I87
sS'wishes'
p2606
I87
sS'putting'
p2607
I84
sS'brilliance.that'
p2608
I87
sS'maad'
p2609
I87
sS'surgeon'
p2610
I87
sS'looooove'
p2611
I87
sS'wipe'
p2612
I87
sS'entire'
p2613
I87
sS'magic'
p2614
I84
sS'snuggle'
p2615
I86
sS'button'
p2616
I87
sS'michael'
p2617
I85
sS'eve'
p2618
I87
sS'ryan'
p2619
I86
sS'cunt...you'
p2620
I87
sS'try'
p2621
I86
sS'min'
p2622
I87
sS':)\xe2\x80\x9d'
p2623
I83
sS'hustle'
p2624
I87
sS'ride'
p2625
I84
sS'mcdaniels'
p2626
I87
sS'\xd8\xa3\xd8\xad\xd9\x84\xd9\x89'
p2627
I87
sS'carter'
p2628
I87
sS'central...stuff'
p2629
I87
sS'\xe2\x9d\xa4'
p2630
I86
sS'waking'
p2631
I86
sS'jump'
p2632
I87
sS'video'
p2633
I79
sS'traveling'
p2634
I87
sS'nephew'
p2635
I87
sS'download'
p2636
I86
sS'reagan".\xe2\x80\x9d'
p2637
I87
sS'tattoo\xe2\x80\x9d'
p2638
I87
sS'tempted'
p2639
I87
sS'edison'
p2640
I86
sS'plays'
p2641
I86
sS'paintings'
p2642
I87
sS'serengeti'
p2643
I87
sS'paddle'
p2644
I87
sS'networks'
p2645
I87
sS'cell'
p2646
I87
sS'internship'
p2647
I87
sS'waiting'
p2648
I85
sS'unreal'
p2649
I87
sS'homeee'
p2650
I87
sS'playa'
p2651
I75
sS'girls\xe2\x80\x9d'
p2652
I87
sS'\xd8\xb2\xd8\xb9\xd9\x84\xd8\xa7\xd9\x86'
p2653
I87
sS'bowled'
p2654
I87
sS'body'
p2655
I82
sS'lee'
p2656
I87
sS'desires'
p2657
I86
sS'kendrick'
p2658
I87
sS'commercial'
p2659
I87
sS'believed'
p2660
I87
sS'packing'
p2661
I86
sS'let'
p2662
I75
sS'others'
p2663
I81
sS'sexy'
p2664
I82
sS'fifteen'
p2665
I87
sS'extreme'
p2666
I86
sS'same.america'
p2667
I87
sS'great'
p2668
I60
sS'lillard'
p2669
I86
sS'talent'
p2670
I87
sS'weinstein'
p2671
I87
sS'receive'
p2672
I86
sS'until'
p2673
I84
sS'30'
p2674
I87
sS'36'
p2675
I87
sS'leaving'
p2676
I86
sS'trusty'
p2677
I87
sS'ralphs)'
p2678
I87
sS'menu'
p2679
I87
sS'opinion'
p2680
I87
sS'residents'
p2681
I87
sS'makes'
p2682
I84
sS'honor'
p2683
I87
sS'hotmess'
p2684
I87
sS'thats'
p2685
I84
sS'named'
p2686
I87
sS'apple'
p2687
I87
sS'crawford'
p2688
I87
sS'sweetie?\xe2\x80\x9d'
p2689
I87
sS'win'
p2690
I84
sS'app'
p2691
I86
sS'(looks'
p2692
I87
sS'baaaaaaastin.\xe2\x80\x9d'
p2693
I87
sS'"human"'
p2694
I87
sS'michella_life'
p2695
I87
sS'names'
p2696
I87
sS'apply'
p2697
I86
sS'technical?!?"?\xc2\xbfno?\xc2\xbf'
p2698
I87
sS'use'
p2699
I81
sS'from'
p2700
I60
sS'figure'
p2701
I87
sS'footage'
p2702
I87
sS'&'
p2703
I12
sS'\xd9\x81\xd9\x8a\xd9\x83'
p2704
I87
sS'chi'
p2705
I86
sS'hammered'
p2706
I87
sS'next'
p2707
I69
sS'few'
p2708
I85
sS'lonnnnng'
p2709
I87
sS'doubt'
p2710
I87
sS'scariest'
p2711
I87
sS'save'
p2712
I87
sS'conley'
p2713
I87
sS'capra'
p2714
I87
sS'jonathan'
p2715
I87
sS'sort'
p2716
I87
sS'babe'
p2717
I85
sS'upcoming'
p2718
I85
sS'started'
p2719
I83
sS'initial'
p2720
I87
sS'though:)'
p2721
I87
sS'occurred'
p2722
I86
sS'tuffet'
p2723
I87
sS'sore'
p2724
I86
sS'train'
p2725
I87
sS'invasion'
p2726
I87
sS'baby'
p2727
I83
sS'\xd9\x88\xd9\x8a\xd8\xad\xd9\x81\xd8\xb8\xd9\x87\xd9\x85'
p2728
I87
sS'tearing'
p2729
I87
sS'nhlnetwork'
p2730
I87
sS'women'
p2731
I86
sS'laweb'
p2732
I87
sS'f'
p2733
I87
sS'this'
p2734
I29
sS'challenge'
p2735
I86
sS'tease'
p2736
I87
sS'goalie'
p2737
I87
sS'bundchen'
p2738
I86
sS'emerson'
p2739
I86
sS'anywhere'
p2740
I87
sS'obvious'
p2741
I87
sS'hmmmm...typical'
p2742
I87
sS'meet'
p2743
I85
sS'didnt'
p2744
I87
sS'industry'
p2745
I87
sS'stoll'
p2746
I87
sS'wordwhen'
p2747
I87
sS'yeaaaa'
p2748
I87
sS'plate'
p2749
I87
sS'lock'
p2750
I85
sS'halloween'
p2751
I86
sS"they've"
p2752
I87
sS'high'
p2753
I84
sS'something'
p2754
I80
sS'blvd'
p2755
I4
sS'porn\xe2\x80\x9d'
p2756
I87
sS'serial'
p2757
I87
sS'locking'
p2758
I87
sS'sis'
p2759
I87
sS'mannnnn'
p2760
I87
sS'estudar'
p2761
I87
sS'memorize'
p2762
I87
sS'lame'
p2763
I87
sS'boxing'
p2764
I87
sS'afc'
p2765
I87
sS'final\xe2\x80\xa6'
p2766
I87
sS'jetblue'
p2767
I87
sS'animal'
p2768
I87
sS'hormones'
p2769
I87
sS'\xd8\xa3\xd9\x87\xd9\x84\xd9\x83'
p2770
I87
sS'instead'
p2771
I84
sS'sii'
p2772
I87
sS'intelligent'
p2773
I87
sS'oz'
p2774
I87
sS'profile'
p2775
I85
sS'"danny'
p2776
I87
sS'\xd8\xaa\xd8\xb3\xd9\x82\xd8\xb7'
p2777
I87
sS'stalked'
p2778
I87
sS'\xd8\xaa\xd9\x88\xd9\x8a\xd8\xb3\xd8\xaa\xd8\xb1.-'
p2779
I87
sS'specifications'
p2780
I87
sS'locked'
p2781
I87
sS'await'
p2782
I87
sS'him:)'
p2783
I87
sS'(alex'
p2784
I87
sS'nesn'
p2785
I87
sS'hahahaha'
p2786
I87
sS'da'
p2787
I87
sS'winter'
p2788
I87
sS'roses'
p2789
I87
sS'relajado'
p2790
I87
sS'ot'
p2791
I87
sS'chasing'
p2792
I87
sS'dolled'
p2793
I87
sS'francona'
p2794
I87
sS'lines'
p2795
I87
sS'chapman'
p2796
I87
sS'claire'
p2797
I87
sS'honestly'
p2798
I86
sS'classy'
p2799
I87
sS'swimming'
p2800
I87
sS'mustache'
p2801
I87
sS'spreads'
p2802
I87
sS'closely'
p2803
I87
sS'producer'
p2804
I87
sS'arctic'
p2805
I87
sS'move'
p2806
I86
sS'petco'
p2807
I87
sS'whitey'
p2808
I87
sS"won't"
p2809
I86
sS'looks'
p2810
I81
sS'during'
p2811
I84
sS'horny'
p2812
I87
sS'bunch'
p2813
I84
sS'perfect'
p2814
I83
sS'write'
p2815
I86
sS'le'
p2816
I86
sS'la'
p2817
I22
sS'dammit\xe2\x80\x9d'
p2818
I87
sS'lanes)'
p2819
I87
sS'housewife'
p2820
I87
sS'[pic]'
p2821
I86
sS'tyler'
p2822
I86
sS'choose'
p2823
I86
sS'\xd8\xb4\xd9\x8a'
p2824
I87
sS'total'
p2825
I87
sS'2014'
p2826
I86
sS'bye'
p2827
I87
sS'2011'
p2828
I87
sS'2012'
p2829
I84
sS'dad'
p2830
I86
sS'greater'
p2831
I87
sS'\xd8\xae\xd9\x84\xd8\xa7\xd8\xb5'
p2832
I87
sS'docu'
p2833
I87
sS'prerush'
p2834
I87
sS'\xd8\xb3\xd9\x8a\xd8\xa6\xd8\xa9'
p2835
I87
sS'usain'
p2836
I87
sS'front'
p2837
I86
sS'kindness'
p2838
I87
sS'cage'
p2839
I87
sS'day'
p2840
I48
sS'obsessing'
p2841
I87
sS'thrill'
p2842
I87
sS'kidding:)'
p2843
I87
sS'edit'
p2844
I87
sS'bette'
p2845
I87
sS'tues'
p2846
I87
sS'underdog'
p2847
I87
sS'magnitude'
p2848
I86
sS'trap'
p2849
I87
sS'truth'
p2850
I87
sS'champ'
p2851
I87
sS'sneezes'
p2852
I87
sS'\xd9\x81\xd9\x88\xd9\x82\xd9\x83'
p2853
I87
sS'seniors'
p2854
I87
sS'fare'
p2855
I87
sS'studios'
p2856
I87
sS'drizzy'
p2857
I87
sS'doing'
p2858
I76
sS'met'
p2859
I87
sS'apologize'
p2860
I87
sS'ambiance'
p2861
I87
sS'product'
p2862
I87
sS'5/30/14'
p2863
I87
sS'roads'
p2864
I87
sS'buy!\xe2\x80\x9d'
p2865
I87
sS'our'
p2866
I78
sS'sexual'
p2867
I85
sS'endorphins'
p2868
I87
sS'special'
p2869
I87
sS'out'
p2870
I45
sS'matt'
p2871
I87
sS'rey'
p2872
I84
sS'petteway'
p2873
I87
sS'attend'
p2874
I87
sS'entertainment'
p2875
I87
sS'shine.-robert'
p2876
I87
sS'(pst)'
p2877
I86
sS'hilarious'
p2878
I86
sS'murph'
p2879
I87
sS'cause'
p2880
I86
sS'red'
p2881
I82
sS'achievements'
p2882
I87
sS'8k'
p2883
I87
sS'harold'
p2884
I87
sS'(9400'
p2885
I87
sS'loyola'
p2886
I27
sS'\xd9\x88\xd8\xae\xd8\xaf\xd9\x85\xd8\xaa\xd9\x87'
p2887
I87
sS'gawwdd'
p2888
I87
sS'attending'
p2889
I87
sS'completely'
p2890
I87
sS'surely'
p2891
I87
sS'york'
p2892
I87
sS'philip'
p2893
I87
sS'princess'
p2894
I85
sS'elastic'
p2895
I87
sS"'when"
p2896
I87
sS'it:)'
p2897
I86
sS'could'
p2898
I74
sS'heartbreaking'
p2899
I87
sS'times'
p2900
I84
sS'4th'
p2901
I86
sS'adrian'
p2902
I87
sS'meals'
p2903
I87
sS'chills'
p2904
I87
sS"kj's"
p2905
I85
sS'powerful'
p2906
I87
sS'scene'
p2907
I76
sS'sack'
p2908
I87
sS'jesus'
p2909
I86
sS'24th'
p2910
I87
sS'bitch'
p2911
I85
sS'owner'
p2912
I87
sS'$10'
p2913
I87
sS"lillard's"
p2914
I87
sS'hehe'
p2915
I85
sS"doesn't"
p2916
I85
sS'playlist'
p2917
I87
sS'ancient'
p2918
I87
sS'sadly'
p2919
I86
sS'los'
p2920
I23
sS'bears'
p2921
I87
sS'data'
p2922
I87
sS'myspace'
p2923
I87
sS'diein'
p2924
I87
sS"grammy's"
p2925
I87
sS'vagina'
p2926
I87
sS'sir:)'
p2927
I87
sS'messing'
p2928
I87
sS"god's"
p2929
I87
sS'testing'
p2930
I87
sS'stomach'
p2931
I87
sS'stars'
p2932
I87
sS'seymour'
p2933
I87
sS'assholes\xe2\x80\x9d'
p2934
I87
sS'video.\xe2\x80\x9d'
p2935
I87
sS'exactly'
p2936
I86
sS'printmaking'
p2937
I87
sS'earth:)'
p2938
I87
sS'july'
p2939
I86
sS'elite'
p2940
I87
sS'wishlist'
p2941
I85
sS'remember'
p2942
I84
sS'loved'
p2943
I84
sS'65l'
p2944
I87
sS'depends'
p2945
I86
sS'bed'
p2946
I83
sS'tommy'
p2947
I87
sS'anaheim'
p2948
I87
sS'sed'
p2949
I87
sS'loves'
p2950
I87
sS'6th'
p2951
I87
sS'sia-'
p2952
I87
sS'devotion'
p2953
I87
sS'clit'
p2954
I87
sS'1.7'
p2955
I87
sS'54'
p2956
I87
sS'tjvp'
p2957
I87
sS'ringer'
p2958
I87
sS'hashtags'
p2959
I87
sS'comfortable'
p2960
I87
sS'tonight'
p2961
I71
sS'have'
p2962
I37
sS'close'
p2963
I87
sS'need'
p2964
I65
sS'\xe2\x80\x9cbahahaha'
p2965
I87
sS'apparently'
p2966
I87
sS'clearly'
p2967
I87
sS'catholic'
p2968
I86
sS';)\xe2\x80\x9d'
p2969
I84
sS'congrats'
p2970
I83
sS'studying'
p2971
I87
sS'agency'
p2972
I87
sS'able'
p2973
I86
sS'chief'
p2974
I87
sS'hangover'
p2975
I87
sS'bagel'
p2976
I87
sS'mix'
p2977
I87
sS'which'
p2978
I79
sS'\xd9\x85\xd8\xb9\xd8\xa7\xd9\x83'
p2979
I87
sS'so'
p2980
I30
sS'conjuring...alone'
p2981
I87
sS'lily'
p2982
I86
sS'youuuu'
p2983
I86
sS'sm'
p2984
I87
sS'aww'
p2985
I79
sS'collaboration'
p2986
I87
sS'who'
p2987
I57
sS'scenes'
p2988
I87
sS'\xd8\xa7\xd9\x84\xd9\x86\xd9\x87\xd8\xa7\xd8\xb1'
p2989
I87
sS'awe'
p2990
I86
sS'future'
p2991
I85
sS'why'
p2992
I65
sS'32b'
p2993
I87
sS'takes'
p2994
I87
sS'ballona'
p2995
I87
sS'bree'
p2996
I87
sS"'unics'"
p2997
I87
sS'indy'
p2998
I86
sS'thanksgiving'
p2999
I87
sS'face'
p3000
I87
sS'pipe'
p3001
I87
sS"you'll"
p3002
I86
sS'de-stress'
p3003
I87
sS'se'
p3004
I86
sS'pictures'
p3005
I87
sS"watchin'"
p3006
I86
sS'chances'
p3007
I87
sS'agreed'
p3008
I85
sS'...best'
p3009
I87
sS'anyway'
p3010
I87
sS'watch'
p3011
I74
sS'bring'
p3012
I87
sS'planning'
p3013
I87
sS'manchester'
p3014
I87
sS'leftie.~jax'
p3015
I87
sS'chicken'
p3016
I87
sS'beach...and'
p3017
I87
sS'supporter'
p3018
I87
sS'shoes'
p3019
I87
sS'ayee'
p3020
I87
sS'partners'
p3021
I87
sS'untimely'
p3022
I87
sS'knowledge'
p3023
I86
sS'37.8'
p3024
I87
sS'fans'
p3025
I84
sS'should'
p3026
I74
sS'libra'
p3027
I85
sS'lemme'
p3028
I86
sS'handsome'
p3029
I87
sS'local'
p3030
I87
sS'hope'
p3031
I72
sS'meant'
p3032
I85
sS'doubting'
p3033
I87
sS'cube'
p3034
I87
sS'handle'
p3035
I86
sS'sweetie'
p3036
I87
sS'means'
p3037
I85
sS'beat'
p3038
I85
sS'dope'
p3039
I85
sS'simplest'
p3040
I87
sS'lucky'
p3041
I85
sS'sipping'
p3042
I87
sS'me.\xe2\x80\x9d'
p3043
I87
sS'awww'
p3044
I82
sS'ones'
p3045
I84
sS'words'
p3046
I82
sS'why.-william'
p3047
I87
sS'westchester'
p3048
I82
sS'welllll'
p3049
I87
sS'chips'
p3050
I87
sS'wear?\xe2\x80\x9d'
p3051
I87
sS'ended'
p3052
I87
sS'shopping'
p3053
I87
sS'gigandet'
p3054
I87
sS'married'
p3055
I87
sS'time...rooms'
p3056
I87
sS'teams'
p3057
I86
sS'\xd8\xa8\xd9\x82\xd8\xaf\xd9\x8a\xd9\x85\xd9\x87'
p3058
I87
sS'stuff'
p3059
I86
sS'she'
p3060
I75
sS'contradicting'
p3061
I87
sS'including'
p3062
I87
sS'slimed'
p3063
I87
sS'11am'
p3064
I86
sS'view'
p3065
I86
sS'spotted'
p3066
I87
sS'btw'
p3067
I26
sS'qtr'
p3068
I87
sS'prayers'
p3069
I87
sS'tossing'
p3070
I87
sS'cruise'
p3071
I87
sS'we'
p3072
I47
sS'defenseman'
p3073
I87
sS'officials'
p3074
I87
sS'tkns'
p3075
I87
sS'packed'
p3076
I87
sS'acquires'
p3077
I87
sS':/'
p3078
I87
sS'luckiest'
p3079
I87
sS'written'
p3080
I87
sS'\xd9\x85\xd8\xa7'
p3081
I84
sS'correctly'
p3082
I87
sS'fall2014'
p3083
I87
sS'blocked'
p3084
I87
sS'email'
p3085
I81
sS'bought'
p3086
I84
sS'bound'
p3087
I87
sS'trynna'
p3088
I87
sS'bridges'
p3089
I87
sS'joy'
p3090
I87
sS'interfere'
p3091
I87
sS'kicking'
p3092
I87
sS'job'
p3093
I86
sS'recently.lots'
p3094
I87
sS'key'
p3095
I86
sS'felicia'
p3096
I87
sS'2pm'
p3097
I85
sS'david'
p3098
I85
sS'titties'
p3099
I87
sS'career'
p3100
I87
sS'joke'
p3101
I85
sS'taking'
p3102
I87
sS'minds'
p3103
I87
sS'etc'
p3104
I87
sS'safely'
p3105
I87
sS'weeks....thx'
p3106
I87
sS'jersey'
p3107
I87
sS'wear'
p3108
I86
sS"'13'14'15'16'17'18..........\xe2\x80\x9d"
p3109
I87
sS'spandex'
p3110
I87
sS'cb'
p3111
I87
sS'tuesday'
p3112
I86
sS'walk'
p3113
I86
sS'\xd9\x88\xd9\x8a\xd9\x86'
p3114
I87
sS'laugh'
p3115
I87
sS'kings'
p3116
I87
sS'labor'
p3117
I87
sS'gronk-hernandez'
p3118
I87
sS'ct'
p3119
I87
sS'panty'
p3120
I87
sS'yay'
p3121
I87
sS'johnny'
p3122
I87
sS'own"'
p3123
I87
sS'\xd9\x85\xd8\xb1\xd8\xa9'
p3124
I86
sS"it's"
p3125
I43
sS'sara'
p3126
I87
sS'sox'
p3127
I82
sS'gopro'
p3128
I87
sS'drank'
p3129
I87
sS'slowly'
p3130
I87
sS'scones'
p3131
I87
sS'hottest'
p3132
I85
sS'yaa'
p3133
I87
sS'bbq'
p3134
I86
sS'field'
p3135
I87
sS'moved'
p3136
I87
sS'hmm'
p3137
I87
sS'finished'
p3138
I87
sS'backtracks'
p3139
I87
sS'justin'
p3140
I87
sS'ravens'
p3141
I87
sS'present'
p3142
I85
sS'homes'
p3143
I87
sS'holiday'
p3144
I87
sS'toothless'
p3145
I87
sS'f*cker'
p3146
I87
sS'unlike'
p3147
I87
sS'cbs'
p3148
I87
sS'\xe2\x98\x80\xef\xb8\x8f\xe2\x98\x80\xef\xb8\x8f\xe2\x98\x80\xef\xb8\x8f'
p3149
I87
sS'will'
p3150
I66
sS'stunning'
p3151
I87
sS'hahaha'
p3152
I81
sS'maui'
p3153
I87
sS'va'
p3154
I87
sS'almost'
p3155
I82
sS"siggi's"
p3156
I87
sS'site'
p3157
I87
sS'pdr'
p3158
I87
sS'hardware'
p3159
I87
sS'nights/nbc'
p3160
I87
sS'vs'
p3161
I86
sS'avi'
p3162
I86
sS'ave'
p3163
I87
sS'revis'
p3164
I87
sS'a...suntan'
p3165
I87
sS'ava'
p3166
I85
sS'*other'
p3167
I87
sS'surgery...all'
p3168
I87
sS'dawsons'
p3169
I87
sS'players'
p3170
I87
sS'diets'
p3171
I87
sS'cross'
p3172
I86
sS'campus'
p3173
I87
sS'romance'
p3174
I87
sS'matthew'
p3175
I86
sS'party'
p3176
I75
sS'gets'
p3177
I83
sS'gewd'
p3178
I87
sS'surprised...at'
p3179
I87
sS'ball'
p3180
I87
sS'6/22/14'
p3181
I87
sS'premiere'
p3182
I86
sS'drink'
p3183
I85
sS'effect'
p3184
I87
sS'sauna'
p3185
I86
sS'sisters'
p3186
I86
sS'magician'
p3187
I87
sS'l.a'
p3188
I87
sS'phone.....again'
p3189
I87
sS'snatchers'
p3190
I87
sS'gutter'
p3191
I87
sS'off'
p3192
I78
sS'omgomgomg'
p3193
I86
sS'well'
p3194
I75
sS'fighting'
p3195
I87
sS'quincy'
p3196
I87
sS'baltimore'
p3197
I87
sS'pedroia'
p3198
I87
sS'drawing'
p3199
I87
sS'usual'
p3200
I86
sS'panels/interviews'
p3201
I87
sS'ny'
p3202
I87
sS'stores'
p3203
I87
sS'looked'
p3204
I87
sS'moments'
p3205
I87
sS'hands'
p3206
I87
sS'gun'
p3207
I87
sS'recap'
p3208
I84
sS'40'
p3209
I87
sS'seats'
p3210
I85
sS'(hopefully)\xe2\x80\x9d'
p3211
I87
sS'paul'
p3212
I87
sS'happiness'
p3213
I87
sS'web'
p3214
I87
sS'\xd8\xb9\xd8\xaf\xd9\x84'
p3215
I87
sS'angelina'
p3216
I87
sS'wed'
p3217
I87
sS'ganna'
p3218
I87
sS'arrest'
p3219
I87
sS'add'
p3220
I85
sS'**lucky'
p3221
I87
sS'bleeping'
p3222
I87
sS'attractive'
p3223
I87
sS'brotherly'
p3224
I87
sS'wet'
p3225
I84
sS'tax'
p3226
I87
sS'smart'
p3227
I87
sS'ski'
p3228
I87
sS'kick'
p3229
I84
sS"'19"
p3230
I87
sS"who's"
p3231
I86
sS'5am'
p3232
I87
sS'know'
p3233
I51
sS'facial'
p3234
I87
sS'desk'
p3235
I87
sS'immediately'
p3236
I85
sS'crusher'
p3237
I87
sS'suitcase..do'
p3238
I87
sS'4square'
p3239
I87
sS'loss'
p3240
I85
sS'lincoln'
p3241
I23
sS'hosepower'
p3242
I87
sS'necessary'
p3243
I86
sS'like'
p3244
I53
sS'lost'
p3245
I83
sS'unicycles'
p3246
I87
sS'\xd8\xb5\xd8\xa8\xd9\x91\xd8\xad\xd9\x83\xd9\x85'
p3247
I87
sS'taping'
p3248
I87
sS'garage'
p3249
I87
sS'armani'
p3250
I87
sS'lose'
p3251
I86
sS'become'
p3252
I85
sS'works'
p3253
I86
sS'italian'
p3254
I87
sS'nigga'
p3255
I85
sS'd....open'
p3256
I87
sS'time:)'
p3257
I87
sS'twitter'
p3258
I85
sS'hail'
p3259
I86
sS'haim'
p3260
I87
sS'hair'
p3261
I84
sS'choosing'
p3262
I87
sS'too-almost'
p3263
I87
sS'home'
p3264
I70
sS'peter'
p3265
I87
sS'barclay(theologian)'
p3266
I87
sS'happens'
p3267
I87
sS'solving'
p3268
I87
sS'hatin'
p3269
I87
sS'leaf'
p3270
I81
sS'lead'
p3271
I87
sS'tmw'
p3272
I86
sS'literally'
p3273
I87
sS'aleve'
p3274
I87
sS'stem'
p3275
I87
sS'long-is'
p3276
I87
sS'does'
p3277
I74
sS'adele:)'
p3278
I87
sS'\xd9\x84\xd8\xa7'
p3279
I86
sS'reallyyyy'
p3280
I87
sS"ralph's"
p3281
I87
sS'coppola'
p3282
I87
sS'hood!another'
p3283
I87
sS'slut'
p3284
I87
sS'"equal"'
p3285
I87
sS'host'
p3286
I87
sS'kristin'
p3287
I87
sS'\xd9\x85\xd9\x88'
p3288
I87
sS'worthy'
p3289
I87
sS'snapped'
p3290
I87
sS'\xd9\x85\xd9\x86'
p3291
I85
sS'beneath'
p3292
I87
sS'are:)'
p3293
I87
sS'about'
p3294
I62
sS'backstrom'
p3295
I87
sS'iced'
p3296
I87
sS'beef'
p3297
I87
sS'kevin'
p3298
I87
sS'getting'
p3299
I73
sS'freedom'
p3300
I87
sS'sinister'
p3301
I87
sS'nightclub'
p3302
I87
sS'angeles'
p3303
I72
sS'swear'
p3304
I87
sS'sweat'
p3305
I86
sS'glasses'
p3306
I87
sS'documentary'
p3307
I86
sS'tgif'
p3308
I87
sS'peak'
p3309
I87
sS'gorgeous\xe2\x80\x9d'
p3310
I86
sS'own'
p3311
I85
sS'final'
p3312
I87
sS'pussy'
p3313
I83
sS'breasts\xe2\x80\x9d'
p3314
I86
sS"aubrey's"
p3315
I87
sS'guard'
p3316
I87
sS'weather'
p3317
I86
sS'promise'
p3318
I86
sS'tiny'
p3319
I86
sS'scanner'
p3320
I87
sS'great!\xe2\x80\x9d'
p3321
I87
sS'\xd9\x88\xd8\xac\xd9\x88\xd8\xaf'
p3322
I87
sS'pierced\xe2\x80\x9d'
p3323
I87
sS'knuckles'
p3324
I87
sS'brownies'
p3325
I87
sS'writer/creator'
p3326
I87
sS'omgomg'
p3327
I87
sS'spots'
p3328
I87
sS"'kitchen"
p3329
I87
sS'biggest'
p3330
I87
sS'extravagant'
p3331
I87
sS'yrs'
p3332
I87
sS'globe'
p3333
I87
sS'buy'
p3334
I72
sS'north'
p3335
I87
sS"i've"
p3336
I80
sS'shane'
p3337
I87
sS'bitches'
p3338
I87
sS'booked'
p3339
I87
sS'but'
p3340
I48
sS'\xd8\xb6\xd8\xa7\xd9\x8a\xd8\xb9'
p3341
I87
sS'delivery'
p3342
I87
sS'reminds'
p3343
I86
sS'hi'
p3344
I81
sS'ha'
p3345
I85
sS'hg'
p3346
I87
sS'he'
p3347
I71
sS'made'
p3348
I79
sS'wise'
p3349
I87
sS'wish'
p3350
I83
sS'official'
p3351
I86
sS'signed'
p3352
I87
sS'stories'
p3353
I87
sS'empty'
p3354
I87
sS'cello'
p3355
I87
sS'bride"'
p3356
I87
sS'minutes'
p3357
I87
sS'pic'
p3358
I76
sS'turnip\xe2\x80\x9d'
p3359
I87
sS'goodness'
p3360
I87
sS'ink'
p3361
I87
sS'shooting'
p3362
I83
sS'eric'
p3363
I86
sS'diego'
p3364
I86
sS'functions'
p3365
I87
sS'incredible'
p3366
I86
sS'deadly'
p3367
I87
sS'silenced'
p3368
I87
sS'"temporary"'
p3369
I87
sS'barth'
p3370
I87
sS'lately'
p3371
I87
sS"blood's"
p3372
I87
sS'other'
p3373
I84
sS'details'
p3374
I86
sS'sick'
p3375
I86
sS'finch'
p3376
I87
sS'incredibly'
p3377
I86
sS'concerning'
p3378
I87
sS'boof'
p3379
I87
sS'motivator'
p3380
I87
sS'stat'
p3381
I87
sS'1956.good'
p3382
I87
sS'monday'
p3383
I87
sS'excite'
p3384
I87
sS'jung'
p3385
I87
sS'stay'
p3386
I86
sS'\xd8\xaf\xd9\x88\xd9\x86\xd9\x83'
p3387
I87
sS'kinda'
p3388
I84
sS'\xe2\x80\xa6'
p3389
I87
sS'leggings'
p3390
I87
sS'priced'
p3391
I87
sS'friends'
p3392
I84
sS'yell'
p3393
I87
sS'inspiration'
p3394
I87
sS'7/2/2014'
p3395
I87
sS'\xe2\x80\x94'
p3396
I85
sS'gelato'
p3397
I87
sS'oral'
p3398
I87
sS'martin'
p3399
I87
sS'fest'
p3400
I87
sS'portion'
p3401
I87
sS'bridge'
p3402
I87
sS'awake'
p3403
I87
sS'la\xe2\x80\xa6'
p3404
I87
sS'"the'
p3405
I87
sS'gardens'
p3406
I87
s.