(dp0
S''
p1
I1
sS'raining'
p2
I63
sS'helllllannnnkkk'
p3
I63
sS'todays'
p4
I61
sS'\xec\x95\x84\xe3\x85\x8f\xe3\x85\x8f\xe3\x85\x8f\xe3\x85\x8f\xe3\x85\x8f\xe3\x85\x8f'
p5
I63
sS'\xec\x9c\xa0\xec\xa7\x84'
p6
I63
sS'sleep'
p7
I59
sS'asian'
p8
I62
sS'hanging'
p9
I63
sS'hijos'
p10
I62
sS'hate'
p11
I45
sS'chili'
p12
I61
sS'gas.today'
p13
I63
sS'whose'
p14
I63
sS'buddy'
p15
I63
sS'tweet'
p16
I61
sS'inteligente'
p17
I63
sS'sweetest'
p18
I63
sS'seriously'
p19
I60
sS'under'
p20
I63
sS'lord'
p21
I63
sS'sorry'
p22
I60
sS'pride'
p23
I62
sS'worth'
p24
I61
sS'\xd8\xb7\xd8\xa7\xd9\x84\xd8\xa8'
p25
I63
sS'melike'
p26
I63
sS'side-by-side'
p27
I63
sS'goshhhhhh'
p28
I63
sS'burbank\xe2\x80\xa6'
p29
I63
sS'risa'
p30
I63
sS'every'
p31
I51
sS'jack'
p32
I63
sS'tank'
p33
I63
sS'screaming'
p34
I63
sS'trailer'
p35
I63
sS'$4k'
p36
I63
sS'school'
p37
I22
sS'baking'
p38
I63
sS'snef'
p39
I63
sS'"twisted"'
p40
I63
sS'ups'
p41
I63
sS'upp'
p42
I63
sS'enjoy'
p43
I59
sS'tired'
p44
I60
sS'bienvenida'
p45
I63
sS'dyinggg'
p46
I63
sS'hating'
p47
I63
sS'feathers'
p48
I63
sS'nail'
p49
I63
sS'second'
p50
I59
sS'street'
p51
I63
sS'$500'
p52
I63
sS'4x4'
p53
I63
sS'\xd8\xb9\xd8\xa7\xd8\xaf\xd9\x8a'
p54
I63
sS'others)'
p55
I63
sS'lucious'
p56
I61
sS'even'
p57
I46
sS'hide'
p58
I63
sS'tipo'
p59
I63
sS"tonight's"
p60
I63
sS'+'
p61
I59
sS'fingers'
p62
I63
sS'wouldnt'
p63
I63
sS'saludos'
p64
I63
sS'(burbank'
p65
I34
sS'new'
p66
I36
sS'ever'
p67
I55
sS'told'
p68
I59
sS'kicked'
p69
I63
sS'(aka'
p70
I63
sS"carl's"
p71
I59
sS'preparan'
p72
I63
sS'never'
p73
I47
sS'here'
p74
I49
sS'\xe2\x9d\xa4\xef\xb8\x8f'
p75
I55
sS'pratt'
p76
I63
sS'109'
p77
I63
sS'smokin'
p78
I62
sS'dorm'
p79
I63
sS'burbank)'
p80
I38
sS"aren't"
p81
I62
sS'dork'
p82
I63
sS'celebration'
p83
I62
sS'kids'
p84
I61
sS'items'
p85
I63
sS'study'
p86
I63
sS'changed'
p87
I63
sS'ignoring'
p88
I63
sS'walkin'
p89
I63
sS'credit'
p90
I63
sS"i'd"
p91
I63
sS'stressed'
p92
I63
sS'mime'
p93
I63
sS"i'm"
p94
I8
sS'tu'
p95
I63
sS'graders'
p96
I63
sS'brought'
p97
I63
sS'amherst'
p98
I61
sS'unit'
p99
I63
sS'would'
p100
I57
sS"dawgain't"
p101
I63
sS'marine'
p102
I63
sS'hospital'
p103
I62
sS'mexico'
p104
I63
sS'm\xc3\xa9xico'
p105
I63
sS'\xd9\x8a\xd8\xa7\xd9\x84\xd8\xba\xd8\xa7\xd9\x84\xd9\x8a'
p106
I63
sS'cali'
p107
I63
sS'call'
p108
I58
sS'card'
p109
I63
sS'recommend'
p110
I63
sS'strike'
p111
I63
sS'survive'
p112
I62
sS'\xeb\xa1\x9c\xeb\xa7\xa8\xec\x8a\xa4\xea\xb0\x80'
p113
I63
sS'type'
p114
I63
sS'until'
p115
I63
sS'nayum'
p116
I63
sS'breathe'
p117
I62
sS'holy'
p118
I63
sS'haha'
p119
I58
sS'training'
p120
I63
sS'hurt'
p121
I62
sS'phone'
p122
I59
sS'warm'
p123
I63
sS'excellent'
p124
I63
sS'90'
p125
I63
sS'hole'
p126
I63
sS'hold'
p127
I61
sS'immature'
p128
I63
sS'tampa'
p129
I63
sS'me'
p130
I15
sS'retouch'
p131
I63
sS'ma'
p132
I62
sS'wore'
p133
I63
sS'mc'
p134
I63
sS'homepage'
p135
I63
sS'work'
p136
I34
sS'supply)'
p137
I63
sS'movies'
p138
I63
sS'ms'
p139
I63
sS'henry'
p140
I62
sS'im'
p141
I44
sS'my'
p142
I6
sS'example'
p143
I63
sS'\xd8\xa8\xd8\xa7\xd8\xb3\xd9\x85\xd9\x87'
p144
I63
sS'joking.i'
p145
I63
sS'give'
p146
I59
sS'\xe2\x98\x94\xef\xb8\x8f\xe2\x98\x94\xef\xb8\x8f'
p147
I63
sS"final....it's"
p148
I63
sS'laughs'
p149
I62
sS'homie'
p150
I61
sS'want'
p151
I51
sS'conditioner'
p152
I63
sS'keep'
p153
I60
sS'hamburgers)'
p154
I60
sS'hoe'
p155
I62
sS'end'
p156
I61
sS'recovery'
p157
I63
sS'turn'
p158
I62
sS'sitting'
p159
I63
sS'how'
p160
I48
sS'hot'
p161
I63
sS'aching'
p162
I63
sS'win"'
p163
I63
sS'place'
p164
I60
sS'pizza'
p165
I55
sS'badly'
p166
I62
sS'beauty'
p167
I61
sS'after'
p168
I58
sS'loyalty'
p169
I63
sS'lab'
p170
I63
sS'wrong'
p171
I62
sS'jumping'
p172
I62
sS'salsa'
p173
I62
sS'lav'
p174
I63
sS'law'
p175
I63
sS'las'
p176
I60
sS'capped/uncapped'
p177
I63
sS'attempt'
p178
I63
sS'third'
p179
I63
sS'wins'
p180
I63
sS'\xe2\x9c\x96\xef\xb8\x8f\xe2\x9e\x95\xe2\x9e\x97\xe2\x9e\x97'
p181
I63
sS'green'
p182
I58
sS"jr's"
p183
I63
sS'goodbye'
p184
I61
sS'enter'
p185
I63
sS'audreysinger_'
p186
I63
sS'first'
p187
I57
sS'wing'
p188
I62
sS'overhauls'
p189
I63
sS'salon'
p190
I61
sS'office'
p191
I62
sS'wut'
p192
I63
sS'consent'
p193
I63
sS'over'
p194
I52
sS'satisfied'
p195
I63
sS'awful'
p196
I63
sS'clave'
p197
I63
sS'ma\xc3\xb1ana'
p198
I63
sS'mayor'
p199
I62
sS'before'
p200
I55
sS'8-yr-old'
p201
I63
sS'fit'
p202
I59
sS'personal'
p203
I63
sS'highlights'
p204
I60
sS'fix'
p205
I61
sS'avocado'
p206
I63
sS'crew'
p207
I61
sS'better'
p208
I59
sS'shmookkkeyyy'
p209
I63
sS'creo'
p210
I63
sS'weeks'
p211
I60
sS'fil'
p212
I63
sS'then'
p213
I55
sS'them'
p214
I58
sS'out\xe2\x9c\x8c\xef\xb8\x8f\xe2\x9c\x8c\xef\xb8\x8f\xe2\x9c\x8c\xef\xb8\x8f\xe2\x9c\x8c\xef\xb8\x8f\xe2\x9c\x8c\xef\xb8\x8f'
p215
I63
sS'thai)'
p216
I63
sS'workout'
p217
I52
sS'safe'
p218
I63
sS'break'
p219
I58
sS'warmups'
p220
I63
sS'ond'
p221
I63
sS'they'
p222
I49
sS'one'
p223
I29
sS'tomorrowww'
p224
I63
sS'sleepless'
p225
I62
sS'chuck'
p226
I54
sS'choir'
p227
I63
sS'mefuuuhkk'
p228
I63
sS'difrintlol'
p229
I63
sS'40s'
p230
I63
sS'fitness'
p231
I61
sS'went'
p232
I61
sS'tomorrow"&'
p233
I63
sS'side'
p234
I61
sS'mean'
p235
I59
sS'signing'
p236
I63
sS'gunna'
p237
I63
sS'series'
p238
I63
sS'putaaaaa'
p239
I63
sS'adobo'
p240
I63
sS'celebrating'
p241
I63
sS'mcdonagh'
p242
I63
sS'(su'
p243
I63
sS'2day'
p244
I63
sS'saturday'
p245
I62
sS'rt'
p246
I61
sS'gon'
p247
I60
sS'won'
p248
I63
sS'driving'
p249
I63
sS'god'
p250
I61
sS'nunca'
p251
I63
sS'hooked'
p252
I63
sS'tomorrow'
p253
I58
sS'rd'
p254
I61
sS're'
p255
I63
sS'smh'
p256
I59
sS'got'
p257
I37
sS'rn'
p258
I61
sS'gor'
p259
I63
sS'grease'
p260
I63
sS'turning'
p261
I63
sS'cutest'
p262
I62
sS"you're"
p263
I54
sS'little'
p264
I56
sS'free'
p265
I62
sS'appointments'
p266
I61
sS'struggle'
p267
I63
sS"people's"
p268
I63
sS'wanted'
p269
I62
sS'ate'
p270
I63
sS'bates'
p271
I63
sS'iss'
p272
I63
sS'starts'
p273
I63
sS'818-848-2324'
p274
I63
sS'anxela'
p275
I63
sS'days'
p276
I57
sS"longgrippin'"
p277
I63
sS'fridays'
p278
I63
sS'speedy'
p279
I63
sS"today's"
p280
I51
sS'yelak'
p281
I63
sS'(at'
p282
I59
sS'intentarlo'
p283
I63
sS'angelou'
p284
I62
sS'already'
p285
I62
sS'lifeee'
p286
I63
sS'grade'
p287
I63
sS'supper'
p288
I63
sS'loll'
p289
I63
sS'hook'
p290
I63
sS'philosophical'
p291
I63
sS'another'
p292
I51
sS'millers'
p293
I63
sS'tuna'
p294
I63
sS'mcniff'
p295
I63
sS'service'
p296
I63
sS'sarcasm'
p297
I63
sS'top'
p298
I62
sS'girls'
p299
I58
sS'koed'
p300
I63
sS'tot'
p301
I63
sS'needed'
p302
I62
sS'legz'
p303
I63
sS'too'
p304
I46
sS'hollywood'
p305
I62
sS'legs'
p306
I63
sS'40th'
p307
I62
sS'dogs'
p308
I63
sS'listen'
p309
I62
sS'bacon'
p310
I63
sS'gym'
p311
I60
sS'took'
p312
I62
sS'tee'
p313
I63
sS'tokens'
p314
I63
sS'somone'
p315
I63
sS'prego'
p316
I63
sS'target'
p317
I63
sS'(\xe2\x8c\x92-\xe2\x8c\x92'
p318
I63
sS'exorcist'
p319
I63
sS'(920'
p320
I63
sS'\xed\x95\xb4\xec\xa3\xbc\xec\x84\xb8\xec\x9a\x94'
p321
I63
sS'final'
p322
I63
sS'project'
p323
I54
sS'classes'
p324
I63
sS'think\xe2\x80\xa6'
p325
I63
sS'friend'
p326
I59
sS'spoiled'
p327
I63
sS'aiight'
p328
I63
sS'feeling'
p329
I62
sS'este'
p330
I63
sS'esta'
p331
I63
sS'fcking'
p332
I63
sS'miles...if'
p333
I63
sS'"hold'
p334
I63
sS'elegibles'
p335
I63
sS'mind'
p336
I61
sS'talking'
p337
I62
sS'seen'
p338
I61
sS'seem'
p339
I63
sS'mins'
p340
I62
sS'seminar'
p341
I63
sS'"sliders"'
p342
I63
sS'it\xe2\x80\xa6'
p343
I63
sS'timberlake'
p344
I63
sS'-'
p345
I48
sS'snow'
p346
I63
sS'\xd8\xa7\xd9\x84\xd9\x88\xd8\xb6\xd8\xb9'
p347
I63
sS'casual'
p348
I63
sS'niece'
p349
I63
sS'academy'
p350
I63
sS'bitchhhhh'
p351
I63
sS'rides'
p352
I63
sS'biiiiiiiii'
p353
I63
sS'exactly'
p354
I63
sS'though'
p355
I63
sS'viscosity'
p356
I63
sS'llamar'
p357
I63
sS'wells'
p358
I61
sS'anatomy'
p359
I63
sS'theatres'
p360
I63
sS'singer'
p361
I63
sS'episode'
p362
I61
sS'ayspes'
p363
I63
sS'dom'
p364
I61
sS'grove'
p365
I63
sS'doc'
p366
I63
sS'professor'
p367
I63
sS'flop'
p368
I62
sS'm'
p369
I63
sS'yours'
p370
I63
sS'cambio'
p371
I63
sS'pineapple'
p372
I63
sS'\xd9\x88\xd9\x87\xd9\x8a'
p373
I63
sS'voting'
p374
I63
sS'mating'
p375
I63
sS'came'
p376
I60
sS'saying'
p377
I60
sS'recomiendan'
p378
I63
sS'labels'
p379
I63
sS'ending'
p380
I62
sS'colors'
p381
I62
sS'radio'
p382
I63
sS'nephew'
p383
I63
sS'salon2324'
p384
I32
sS'busy'
p385
I61
sS'peasants'
p386
I63
sS'menu'
p387
I62
sS'hrs'
p388
I63
sS'caf\xc3\xa9s'
p389
I63
sS'rich'
p390
I62
sS'rice'
p391
I63
sS'goalie'
p392
I63
sS'wearing'
p393
I61
sS'do'
p394
I34
sS'air'
p395
I63
sS'de'
p396
I56
sS'watch'
p397
I56
sS'dc'
p398
I63
sS'da'
p399
I59
sS'watson'
p400
I63
sS'watermelon'
p401
I63
sS'dr'
p402
I61
sS'323-423-8916'
p403
I63
sS'bar'
p404
I63
sS'officially'
p405
I62
sS'ahhhhhhh'
p406
I63
sS'(look'
p407
I63
sS'pretzel'
p408
I63
sS'bay'
p409
I63
sS'twice'
p410
I63
sS'bad'
p411
I57
sS'bae'
p412
I61
sS'boring'
p413
I63
sS'release'
p414
I63
sS'yasss'
p415
I63
sS'playstation'
p416
I63
sS'fair'
p417
I63
sS'cerca'
p418
I63
sS'w/'
p419
I54
sS'testing'
p420
I63
sS'tprtal'
p421
I63
sS'for\xe2\x80\xa6'
p422
I63
sS'fail'
p423
I62
sS'noodles'
p424
I63
sS'jerseys'
p425
I63
sS'best'
p426
I48
sS'90mph'
p427
I63
sS'said'
p428
I57
sS'lots'
p429
I63
sS'away'
p430
I58
sS'muy'
p431
I63
sS'!!!\xe2\x80\xa6'
p432
I63
sS'farms\xe2\x80\xa6'
p433
I63
sS'r'
p434
I63
sS'c\xc3\xb3mo'
p435
I63
sS'hopefully'
p436
I62
sS'warrior'
p437
I62
sS'we'
p438
I35
sS'tommys'
p439
I63
sS'omg'
p440
I55
sS'ignorance'
p441
I63
sS'nightmares'
p442
I63
sS'wv'
p443
I63
sS'wear'
p444
I61
sS'wtf'
p445
I60
sS'wth'
p446
I62
sS'cousin'
p447
I61
sS'picking'
p448
I61
sS'roller'
p449
I63
sS'kitchen'
p450
I62
sS'reacciones'
p451
I63
sS'cop'
p452
I63
sS'\xd9\x8a\xd9\x82\xd8\xaf\xd8\xb1'
p453
I63
sS'fault'
p454
I63
sS'adventures'
p455
I63
sS'una'
p456
I63
sS'layered'
p457
I63
sS'games'
p458
I63
sS'lookin'
p459
I60
sS'logic'
p460
I63
sS'argue'
p461
I63
sS'asked'
p462
I63
sS'coo'
p463
I63
sS'con'
p464
I62
sS'pre'
p465
I62
sS'sighhh'
p466
I63
sS'tough'
p467
I62
sS'josh'
p468
I63
sS'2nd'
p469
I62
sS'entered\xe2\x80\xa6'
p470
I63
sS'blending'
p471
I63
sS'tony'
p472
I63
sS'loaded'
p473
I63
sS'blonde'
p474
I60
sS'trust'
p475
I61
sS'100'
p476
I62
sS'june"lol'
p477
I63
sS'complicated.-confucius'
p478
I63
sS'beef'
p479
I63
sS'"you'
p480
I63
sS'chrome'
p481
I63
sS'buffets'
p482
I63
sS'been'
p483
I52
sS'beer'
p484
I62
sS'much'
p485
I41
sS'chink'
p486
I63
sS'doood'
p487
I63
sS'cesare'
p488
I63
sS'entered'
p489
I63
sS'lovely'
p490
I60
sS'life'
p491
I47
sS'-coming'
p492
I63
sS'yessssss'
p493
I63
sS'crying'
p494
I63
sS'bridge)\xe2\x80\x9d'
p495
I63
sS'lift'
p496
I63
sS'catch'
p497
I62
sS'fwh'
p498
I63
sS'worked'
p499
I63
sS'tripppppppiiinn'
p500
I63
sS'applied'
p501
I63
sS"*c'mon"
p502
I63
sS'gracias'
p503
I61
sS'|\xe2\x80\xa6'
p504
I62
sS'textos'
p505
I62
sS'n'
p506
I34
sS'ugly'
p507
I61
sS'near'
p508
I63
sS'gna'
p509
I63
sS'suppose'
p510
I63
sS'teachers'
p511
I62
sS'buffet)'
p512
I60
sS'noww'
p513
I63
sS'aia'
p514
I63
sS'mistake'
p515
I63
sS'<<keep'
p516
I63
sS'played'
p517
I62
sS'is'
p518
I11
sS'sushi'
p519
I55
sS'askren'
p520
I63
sS'it'
p521
I18
sS'cant'
p522
I62
sS'excelente'
p523
I62
sS'in'
p524
I12
sS'amour'
p525
I63
sS'id'
p526
I63
sS'if'
p527
I36
sS'grown'
p528
I63
sS'hong'
p529
I63
sS'fotos'
p530
I63
sS"mariam's"
p531
I63
sS'things'
p532
I62
sS'make'
p533
I50
sS'niko'
p534
I58
sS'hahah'
p535
I63
sS'haircolor'
p536
I63
sS'photobombed'
p537
I63
sS'bunny'
p538
I63
sS'jahel'
p539
I62
sS'hang'
p540
I63
sS'evil'
p541
I63
sS'hand'
p542
I61
sS'haattteee'
p543
I63
sS'323.864.4425'
p544
I61
sS'cravingsssss'
p545
I63
sS'kim'
p546
I59
sS'nice\xe2\x98\xba\xef\xb8\x8f'
p547
I63
sS'...still'
p548
I63
sS'fridayy'
p549
I63
sS'truth.-peter'
p550
I63
sS'aka'
p551
I61
sS'cycle'
p552
I63
sS'hacer'
p553
I63
sS'haces'
p554
I63
sS'lmao-.-'
p555
I63
sS"mother's"
p556
I59
sS'kyla'
p557
I63
sS'youre'
p558
I63
sS'lol\xe2\x80\xa6'
p559
I63
sS'80%'
p560
I61
sS'(928'
p561
I52
sS'tho'
p562
I50
sS'greatest'
p563
I63
sS'hearts'
p564
I62
sS'the'
p565
I3
sS'musical'
p566
I63
sS'tha'
p567
I63
sS'left'
p568
I62
sS'l8r'
p569
I63
sS'just'
p570
I24
sS'yea'
p571
I61
sS'photo'
p572
I61
sS'bleachers'
p573
I63
sS'fighters'
p574
I63
sS'completed'
p575
I63
sS'thanks'
p576
I58
sS'human'
p577
I63
sS'yes'
p578
I55
sS'repost'
p579
I63
sS'bagel'
p580
I63
sS'eli'
p581
I63
sS'hills'
p582
I63
sS'had'
p583
I45
sS'shout'
p584
I61
sS'spread'
p585
I63
sS'rumor'
p586
I63
sS'hiciste'
p587
I63
sS'shiii'
p588
I63
sS'has'
p589
I56
sS'gave'
p590
I63
sS'maya'
p591
I62
sS'deux'
p592
I63
sS'ops'
p593
I63
sS'breaks'
p594
I63
sS'texto'
p595
I63
sS'background'
p596
I63
sS'judge'
p597
I63
sS'shakeys'
p598
I63
sS'mis'
p599
I63
sS'dreams'
p600
I60
sS'apart'
p601
I63
sS'bro'
p602
I63
sS'daaaaaank'
p603
I63
sS'nevermind'
p604
I63
sS'-_-'
p605
I63
sS'lily'
p606
I63
sS'50'
p607
I62
sS'remind'
p608
I63
sS'reserve\xe2\x80\xa6'
p609
I63
sS'night'
p610
I51
sS'security'
p611
I63
sS'right'
p612
I44
sS'old'
p613
I60
sS'lyoll'
p614
I63
sS'deal'
p615
I63
sS'people'
p616
I47
sS'unirme'
p617
I63
sS'\xe2\x80\x9dover'
p618
I63
sS'dead'
p619
I59
sS'zoom'
p620
I63
sS'dear'
p621
I63
sS'sandlot"'
p622
I63
sS'for'
p623
I14
sS'phoneeee'
p624
I63
sS'lezvit'
p625
I63
sS'a\xe2\x80\xa6'
p626
I63
sS'ice'
p627
I60
sS'everything'
p628
I57
sS'asking'
p629
I62
sS'syphilis'
p630
I63
sS'umm'
p631
I63
sS'j*e*t*s'
p632
I63
sS'beating'
p633
I62
sS'christmas'
p634
I62
sS'(1200'
p635
I63
sS'donna'
p636
I63
sS'buildin'
p637
I63
sS'stalking'
p638
I63
sS'resembled'
p639
I63
sS"ol'"
p640
I63
sS'spider-man'
p641
I63
sS'burn'
p642
I61
sS"id'd"
p643
I63
sS'ple'
p644
I63
sS'paid'
p645
I63
sS'menopause'
p646
I63
sS'losing'
p647
I63
sS'memorable'
p648
I63
sS'post'
p649
I63
sS'super'
p650
I56
sS'thx'
p651
I63
sS'puking'
p652
I63
sS'diner'
p653
I63
sS"dj's"
p654
I63
sS'months'
p655
I63
sS'v'
p656
I63
sS'burbank'
p657
I23
sS'shitty-'
p658
I63
sS'dinner'
p659
I56
sS'plus'
p660
I62
sS'afternoon'
p661
I61
sS'curry'
p662
I63
sS'thermostat'
p663
I63
sS'twitcon'
p664
I63
sS'marshall'
p665
I63
sS'soo'
p666
I63
sS'ppl'
p667
I62
sS'down'
p668
I53
sS'thankful'
p669
I63
sS'sos'
p670
I63
sS'subb'
p671
I63
sS'dayyy'
p672
I63
sS'mangos'
p673
I63
sS'dankkk'
p674
I63
sS'on...be'
p675
I63
sS'\xd9\x8a\xd9\x88\xd9\x85'
p676
I63
sS'support'
p677
I63
sS'constantly'
p678
I63
sS'partty'
p679
I63
sS'fight'
p680
I60
sS'absolutely'
p681
I63
sS'accordingly'
p682
I63
sS'way'
p683
I60
sS'music'
p684
I61
sS'was'
p685
I29
sS'encanta'
p686
I62
sS'starve'
p687
I63
sS'head'
p688
I61
sS'northridge'
p689
I63
sS'esposo'
p690
I63
sS'funnnnn'
p691
I63
sS'fireworks'
p692
I62
sS'bery'
p693
I63
sS'sickest'
p694
I63
sS'26th'
p695
I63
sS'31st'
p696
I62
sS'heat'
p697
I62
sS'hear'
p698
I62
sS'?\xe2\x80\x9d'
p699
I62
sS'um.....ok'
p700
I63
sS'true'
p701
I58
sS'absent'
p702
I63
sS'congratulations'
p703
I62
sS'happen'
p704
I60
sS'whyy'
p705
I63
sS'inside'
p706
I61
sS'tell'
p707
I56
sS'nicest'
p708
I63
sS'daddy'
p709
I62
sS'ughhhhhh'
p710
I62
sS'pizza)'
p711
I63
sS'proud'
p712
I60
sS'classic'
p713
I63
sS'peruvian'
p714
I63
sS'stronger'
p715
I63
sS'drive'
p716
I60
sS'floating'
p717
I63
sS'annoying'
p718
I60
sS'check'
p719
I63
sS'shit'
p720
I52
sS'holla'
p721
I61
sS'slideshare'
p722
I63
sS'kuniiiin'
p723
I63
sS'dying'
p724
I63
sS'no'
p725
I27
sS'commercials'
p726
I63
sS'when'
p727
I34
sS'reality'
p728
I63
sS'til'
p729
I63
sS'interested'
p730
I63
sS'holding'
p731
I63
sS'test'
p732
I61
sS'depot'
p733
I62
sS'smell'
p734
I63
sS'roll'
p735
I60
sS'realize'
p736
I61
sS'unbalanced'
p737
I63
sS'picture'
p738
I59
sS'babyyy\xe2\x9d\xa4\xef\xb8\x8f'
p739
I63
sS'bandaids'
p740
I63
sS'why'
p741
I41
sS'felt'
p742
I63
sS'diet'
p743
I62
sS"let's"
p744
I57
sS'hahahahahaa'
p745
I63
sS'going...1:22'
p746
I63
sS'weekend'
p747
I58
sS'babysitting'
p748
I63
sS'jones'
p749
I63
sS'hiii'
p750
I63
sS'longer'
p751
I63
sS'glass'
p752
I62
sS'thatonetwin'
p753
I63
sS'together'
p754
I59
sS'teeth'
p755
I62
sS'push'
p756
I63
sS'serious'
p757
I63
sS'paige'
p758
I63
sS':/'
p759
I62
sS':('
p760
I58
sS':)'
p761
I59
sS'snif'
p762
I63
sS'whoever'
p763
I62
sS'dance'
p764
I63
sS'ouch'
p765
I63
sS'/'
p766
I59
sS'skin'
p767
I63
sS'arman'
p768
I62
sS'bhsss'
p769
I63
sS'row'
p770
I63
sS'layers'
p771
I63
sS'filming'
p772
I63
sS'fancier'
p773
I63
sS'father'
p774
I63
sS'quienes'
p775
I63
sS'whattttt'
p776
I63
sS'818'
p777
I63
sS'finally'
p778
I53
sS'hola'
p779
I63
sS'text'
p780
I63
sS"fuhhhkin'"
p781
I63
sS'brown'
p782
I61
sS'protective'
p783
I63
sS'\xe2\x9a\xbe\xef\xb8\x8f'
p784
I63
sS'alyss_bee'
p785
I63
sS'none'
p786
I63
sS'mums'
p787
I63
sS'choice'
p788
I62
sS'stays'
p789
I63
sS'join'
p790
I59
sS'\xe2\x9c\x8bstop'
p791
I63
sS'minute'
p792
I62
sS'cool'
p793
I59
sS'foo'
p794
I63
sS'did'
p795
I54
sS'die'
p796
I61
sS'peeps'
p797
I63
sS'brother'
p798
I61
sS'leave'
p799
I59
sS'p'
p800
I61
sS'soooo'
p801
I62
sS'settle'
p802
I63
sS'subway'
p803
I52
sS'team'
p804
I61
sS'quick'
p805
I46
sS'guy'
p806
I57
sS'dip'
p807
I63
sS'dis'
p808
I63
sS'redzone'
p809
I63
sS'drinko'
p810
I63
sS'regret'
p811
I63
sS'tel\xc3\xa9fono'
p812
I63
sS'favorite....many'
p813
I63
sS'columbus'
p814
I63
sS'kimkardashian'
p815
I63
sS'sign'
p816
I63
sS'run'
p817
I56
sS'chicken'
p818
I63
sS'drinks'
p819
I63
sS'rapist'
p820
I63
sS'current'
p821
I63
sS"carter's"
p822
I63
sS'goes'
p823
I61
sS'lmaoooo'
p824
I62
sS'(2)'
p825
I63
sS'boost'
p826
I63
sS'filled'
p827
I62
sS'ridic'
p828
I63
sS'boylston'
p829
I59
sS'graceland'
p830
I63
sS'makeup'
p831
I62
sS'hall'
p832
I63
sS'snack'
p833
I63
sS'cuts)'
p834
I61
sS'\xeb\x82\x98\xeb\x8f\x84'
p835
I63
sS'alone'
p836
I60
sS'teacher'
p837
I61
sS'change'
p838
I60
sS'wait'
p839
I55
sS'box'
p840
I63
sS'boy'
p841
I60
sS'yessss'
p842
I63
sS"shakey's"
p843
I56
sS'healthy'
p844
I62
sS'root'
p845
I62
sS'boletos'
p846
I63
sS'drama....football'
p847
I63
sS'boo'
p848
I62
sS'usually'
p849
I63
sS'ughhhhhhh'
p850
I63
sS'weird'
p851
I62
sS'massage'
p852
I63
sS'czz'
p853
I63
sS'love'
p854
I33
sS'hiking'
p855
I63
sS'graduated'
p856
I63
sS'1st'
p857
I60
sS'crime'
p858
I63
sS'everybody'
p859
I63
sS'\xeb\x84\x88\xeb\xac\xb4'
p860
I63
sS'sako'
p861
I63
sS'working'
p862
I60
sS'prove'
p863
I62
sS'lockers'
p864
I63
sS'angry'
p865
I63
sS'visit'
p866
I62
sS'only'
p867
I45
sS'intense'
p868
I63
sS'ca)'
p869
I34
sS'olympian'
p870
I62
sS'todas'
p871
I63
sS'ahhh'
p872
I63
sS'thru'
p873
I61
sS'checkout'
p874
I62
sS'today'
p875
I30
sS'loving'
p876
I63
sS'introducing'
p877
I63
sS'sessions'
p878
I63
sS'club'
p879
I62
sS'chocolate'
p880
I62
sS'downtown'
p881
I61
sS'teaser'
p882
I63
sS'kynzi'
p883
I63
sS'\xe2\x9d\xa4\xef\xb8\x8f\xe2\x9d\xa4\xef\xb8\x8f'
p884
I57
sS'darrelle'
p885
I63
sS'yelling'
p886
I63
sS'fly'
p887
I63
sS'8pm'
p888
I63
sS'decked'
p889
I63
sS'niggas'
p890
I63
sS'whaaaat'
p891
I63
sS'car'
p892
I57
sS'recuerden'
p893
I63
sS'cat'
p894
I63
sS'soup'
p895
I62
sS'hardest'
p896
I63
sS'\xe2\x98\x95\xef\xb8\x8f'
p897
I63
sS'can'
p898
I39
sS'cal'
p899
I63
sS'following'
p900
I61
sS'making'
p901
I60
sS'arrive'
p902
I63
sS'laughter'
p903
I63
sS'heart'
p904
I57
sS'classrooms'
p905
I63
sS'valentines'
p906
I63
sS'figure'
p907
I63
sS'awesome'
p908
I60
sS"didn't"
p909
I55
sS'fuck'
p910
I45
sS'agent'
p911
I63
sS'heard'
p912
I63
sS'papito'
p913
I63
sS'gabby'
p914
I63
sS'o'
p915
I63
sS'council'
p916
I63
sS'kream'
p917
I63
sS'kys'
p918
I63
sS'"ahh'
p919
I63
sS'clothing'
p920
I62
sS'\xd8\xb7\xd9\x8a\xd8\xa8\xd9\x87'
p921
I63
sS'pink'
p922
I62
sS'winter'
p923
I63
sS'(1000'
p924
I62
sS'dress'
p925
I63
sS'galisess'
p926
I63
sS'grosses'
p927
I63
sS'1'
p928
I57
sS'till'
p929
I62
sS'sunday'
p930
I51
sS'ughhhh'
p931
I63
sS'nyc'
p932
I63
sS'speaks'
p933
I63
sS'98.7&kroq'
p934
I63
sS'snaps'
p935
I63
sS'informa'
p936
I63
sS'irrational'
p937
I63
sS'140'
p938
I63
sS'may'
p939
I59
sS'spot'
p940
I62
sS'4th'
p941
I62
sS'mad'
p942
I63
sS'date'
p943
I62
sS'such'
p944
I60
sS'guys'
p945
I58
sS'man'
p946
I56
sS'kuro'
p947
I63
sS'stress'
p948
I62
sS'remember'
p949
I62
sS'6th'
p950
I61
sS'su'
p951
I62
sS'st'
p952
I62
sS'q'
p953
I63
sS'switch'
p954
I63
sS'mango'
p955
I63
sS'so'
p956
I16
sS'"daddy'
p957
I63
sS'pulled'
p958
I61
sS'talk'
p959
I57
sS'cute'
p960
I60
sS'serving'
p961
I63
sS'bitchhhcheck\xe2\x9c\x94\xef\xb8\x8f'
p962
I63
sS'w-out'
p963
I63
sS'indeed'
p964
I63
sS'haircut'
p965
I62
sS'midnight'
p966
I63
sS'lsk'
p967
I63
sS'kong'
p968
I63
sS'djvar'
p969
I63
sS'brain'
p970
I62
sS'cuts'
p971
I50
sS'frozenphotog'
p972
I62
sS'cold'
p973
I60
sS'still'
p974
I52
sS'birds'
p975
I63
sS'police'
p976
I63
sS'thank'
p977
I45
sS'curly'
p978
I63
sS'the\xe2\x80\xa6'
p979
I60
sS'amazing'
p980
I59
sS'window'
p981
I63
sS'thanx'
p982
I61
sS'tweets'
p983
I61
sS'main'
p984
I63
sS'into'
p985
I57
sS'texas'
p986
I63
sS'happened'
p987
I60
sS'nom'
p988
I61
sS'noo'
p989
I63
sS'conversations'
p990
I63
sS'hrach'
p991
I63
sS'sarcastic'
p992
I63
sS'lunch'
p993
I57
sS'\xd8\xb3\xd8\xa8\xd8\xad\xd8\xa7\xd9\x86'
p994
I63
sS'not'
p995
I33
sS'now'
p996
I35
sS'bullshit'
p997
I62
sS'nor'
p998
I63
sS'nos'
p999
I63
sS'cuzo'
p1000
I63
sS'name'
p1001
I61
sS'sophomore'
p1002
I63
sS'rock'
p1003
I62
sS'hoy'
p1004
I63
sS'already\xe2\x98\x95\xef\xb8\x8f'
p1005
I63
sS'ridicccccculous'
p1006
I63
sS'em'
p1007
I57
sS'el'
p1008
I57
sS'menagerie'
p1009
I63
sS'en'
p1010
I59
sS'yeah'
p1011
I59
sS'\xd8\xad\xd8\xaa\xd9\x89'
p1012
I63
sS'ex'
p1013
I63
sS'year'
p1014
I56
sS'up\xe2\x80\xa6'
p1015
I63
sS'girl'
p1016
I53
sS'morning'
p1017
I57
sS'es'
p1018
I59
sS'520\xe2\x80\xa6'
p1019
I63
sS'and\xe2\x80\xa6'
p1020
I63
sS'opened'
p1021
I63
sS'3rd'
p1022
I61
sS'factory'
p1023
I63
sS'looking'
p1024
I57
sS'blo'
p1025
I63
sS'internet'
p1026
I63
sS'fargo'
p1027
I61
sS'correct'
p1028
I63
sS'predicted'
p1029
I63
sS'tyson'
p1030
I63
sS'dodgers'
p1031
I63
sS'hairdresser'
p1032
I63
sS'cars'
p1033
I63
sS'rocksugar'
p1034
I63
sS'quite'
p1035
I63
sS'california'
p1036
I61
sS'intensely'
p1037
I63
sS'grandma'
p1038
I63
sS'cough'
p1039
I63
sS'bytc'
p1040
I63
sS'e3'
p1041
I63
sS'care'
p1042
I63
sS'partner'
p1043
I63
sS'underwear'
p1044
I63
sS'yup'
p1045
I63
sS'headphones'
p1046
I63
sS'punk'
p1047
I63
sS'british'
p1048
I63
sS'xmas'
p1049
I63
sS'motion'
p1050
I63
sS'thing'
p1051
I56
sS'yum'
p1052
I61
sS'think'
p1053
I53
sS'teammates'
p1054
I63
sS'1000'
p1055
I63
sS'exotic'
p1056
I62
sS'cheese'
p1057
I61
sS'motel'
p1058
I63
sS'xoxo'
p1059
I63
sS'rachel'
p1060
I63
sS'flipping'
p1061
I63
sS'crib'
p1062
I63
sS'yourself'
p1063
I61
sS'your\xe2\x80\xa6'
p1064
I61
sS'long'
p1065
I58
sS'gasp'
p1066
I63
sS'vote'
p1067
I62
sS'impossible'
p1068
I63
sS'ring'
p1069
I61
sS'open'
p1070
I61
sS'george'
p1071
I62
sS'beyazin'
p1072
I63
sS'waterpark'
p1073
I63
sS'city'
p1074
I61
sS'given'
p1075
I63
sS'ian'
p1076
I63
sS'checked'
p1077
I63
sS"valentine's"
p1078
I63
sS'fobs'
p1079
I63
sS'caught'
p1080
I62
sS'anyone'
p1081
I62
sS'cooling'
p1082
I63
sS'2'
p1083
I47
sS'typing'
p1084
I63
sS'speaking'
p1085
I63
sS'gives'
p1086
I63
sS'eyes'
p1087
I62
sS'mostly'
p1088
I63
sS'that'
p1089
I19
sS'on"'
p1090
I63
sS'season'
p1091
I59
sS'huh'
p1092
I63
sS'boba'
p1093
I63
sS'massages'
p1094
I63
sS'face('
p1095
I63
sS'butt'
p1096
I63
sS'thai'
p1097
I63
sS'flowers'
p1098
I63
sS'photographic'
p1099
I63
sS'than'
p1100
I61
sS"here's"
p1101
I60
sS'boyfriend'
p1102
I63
sS'11'
p1103
I63
sS'12'
p1104
I63
sS'lmao'
p1105
I57
sS'depressed'
p1106
I63
sS'18'
p1107
I63
sS'gotta'
p1108
I50
sS'serg'
p1109
I63
sS'future'
p1110
I63
sS'were'
p1111
I60
sS'happy'
p1112
I34
sS'russia'
p1113
I62
sS'99.9%'
p1114
I63
sS'and'
p1115
I10
sS'san'
p1116
I38
sS'sam'
p1117
I63
sS'appreciate'
p1118
I63
sS'hoes'
p1119
I63
sS'turned'
p1120
I63
sS'\xd9\x83\xd9\x85'
p1121
I63
sS'slap'
p1122
I63
sS'sad'
p1123
I62
sS'woah'
p1124
I63
sS'say'
p1125
I59
sS'replanet'
p1126
I63
sS'breakfast'
p1127
I57
sS'dragon'
p1128
I63
sS'saw'
p1129
I57
sS'any'
p1130
I60
sS'kevin'
p1131
I63
sS'estamos'
p1132
I62
sS'zoo'
p1133
I63
sS'note'
p1134
I63
sS'omfg'
p1135
I62
sS'ideal'
p1136
I63
sS'noo\xe2\x9c\x8b\xe2\x9c\x8b'
p1137
I63
sS'hookah'
p1138
I63
sS'take'
p1139
I53
sS'"yeah'
p1140
I63
sS'batman'
p1141
I63
sS'wanting'
p1142
I63
sS'100000%'
p1143
I63
sS'blunt'
p1144
I63
sS'there:('
p1145
I63
sS'200'
p1146
I63
sS'begin'
p1147
I63
sS'sure'
p1148
I58
sS'multiple'
p1149
I63
sS'lollll'
p1150
I63
sS'normal'
p1151
I63
sS'track'
p1152
I51
sS'cheesecake'
p1153
I63
sS'price'
p1154
I62
sS'knew'
p1155
I62
sS'buffet'
p1156
I54
sS'beta'
p1157
I63
sS'superhero'
p1158
I63
sS'forever'
p1159
I62
sS'chickkkkkkk'
p1160
I63
sS'later'
p1161
I62
sS'hungry'
p1162
I58
sS'order'
p1163
I63
sS'sunset'
p1164
I63
sS'senior'
p1165
I61
sS'damnn'
p1166
I62
sS'applicator'
p1167
I63
sS'it.-charles'
p1168
I63
sS'shot'
p1169
I61
sS'\xe2\x9c\xa8'
p1170
I63
sS'show'
p1171
I56
sS'cheap'
p1172
I63
sS'\xd9\x85\xd8\xa7\xd8\xac\xd8\xb3\xd8\xaa\xd9\x8a\xd8\xb1'
p1173
I63
sS'\xd8\xa7\xd9\x84\xd8\xb3\xd8\xa7\xd9\x84\xd9\x81\xd8\xa9.\xd9\x85\xd8\xaf\xd8\xa7\xd9\x85\xd9\x87'
p1174
I63
sS'paperweights'
p1175
I63
sS'corner'
p1176
I52
sS'\xe2\x99\xa5\xe2\x80\xa6'
p1177
I63
sS'ground'
p1178
I63
sS'aint'
p1179
I63
sS'slow'
p1180
I63
sS'ratio'
p1181
I63
sS'\xe2\x9c\x8b'
p1182
I63
sS'knicks'
p1183
I63
sS'dick'
p1184
I63
sS'realmente'
p1185
I63
sS'enough'
p1186
I63
sS'\xe2\x98\x95\xef\xb8\x8f\xe2\x98\x95\xef\xb8\x8f\xe2\x98\x95\xef\xb8\x8f'
p1187
I63
sS'to\xe2\x80\xa6'
p1188
I62
sS'\xd9\x86\xd9\x86\xd8\xa7\xd8\xaf\xd9\x8a\xd9\x87'
p1189
I63
sS'tears'
p1190
I62
sS'going'
p1191
I51
sS'black'
p1192
I61
sS'daaa'
p1193
I63
sS'awareness'
p1194
I63
sS'wooh'
p1195
I63
sS'get'
p1196
I26
sS'holidayssalon\xe2\x80\xa6'
p1197
I63
sS'cannot'
p1198
I61
sS'lighter'
p1199
I63
sS'dye'
p1200
I63
sS'trade'
p1201
I63
sS'stroll'
p1202
I63
sS'freaking'
p1203
I63
sS'\xec\x9a\xb0\xeb\xa6\xac'
p1204
I63
sS'vitochanwong'
p1205
I63
sS'artist'
p1206
I62
sS'colossus'
p1207
I63
sS'borrow'
p1208
I63
sS'worried'
p1209
I62
sS'yayyyy'
p1210
I63
sS":')"
p1211
I63
sS'stupid'
p1212
I60
sS'roger'
p1213
I63
sS"could've"
p1214
I63
sS'scott'
p1215
I62
sS'where'
p1216
I56
sS'16th'
p1217
I62
sS"y'all"
p1218
I62
sS'ignored'
p1219
I63
sS'menak'
p1220
I63
sS'ayoooo'
p1221
I62
sS'keyboard'
p1222
I62
sS"cheese's)"
p1223
I63
sS'asleep'
p1224
I60
sS'broadway'
p1225
I62
sS'ur'
p1226
I61
sS'wonder'
p1227
I63
sS'crawfish'
p1228
I63
sS'opening'
p1229
I63
sS'ignorant'
p1230
I63
sS'cafe)'
p1231
I62
sS'3'
p1232
I54
sS'melissax221'
p1233
I63
sS'estas'
p1234
I63
sS'between'
p1235
I63
sS"tuesday's"
p1236
I63
sS'reading'
p1237
I63
sS'seancole'
p1238
I63
sS'ima'
p1239
I63
sS'messed'
p1240
I63
sS'screen'
p1241
I63
sS'dome'
p1242
I63
sS'jr'
p1243
I59
sS'killing'
p1244
I63
sS'awards'
p1245
I62
sS'como'
p1246
I62
sS'jk'
p1247
I61
sS'jets'
p1248
I51
sS'article'
p1249
I63
sS'come'
p1250
I44
sS'panels'
p1251
I63
sS'(800'
p1252
I62
sS'successes'
p1253
I63
sS'adultos'
p1254
I63
sS'mashinka83'
p1255
I63
sS'championship\xe2\x80\xa6'
p1256
I61
sS'cld'
p1257
I63
sS's'
p1258
I59
sS'phone...oh'
p1259
I63
sS'fined'
p1260
I63
sS'*can'
p1261
I63
sS'abelard'
p1262
I63
sS"can't"
p1263
I39
sS'"edge'
p1264
I63
sS'cancer'
p1265
I63
sS'color'
p1266
I58
sS'hurts'
p1267
I63
sS'\xd8\xae\xd9\x84\xd9\x88'
p1268
I63
sS'period'
p1269
I59
sS'insist'
p1270
I62
sS'shorter:)'
p1271
I63
sS'updo'
p1272
I63
sS'coma'
p1273
I63
sS"couldn't"
p1274
I62
sS'comeback'
p1275
I63
sS'consider'
p1276
I63
sS'forecasted'
p1277
I63
sS'caring'
p1278
I63
sS'now\xe2\x80\x9d'
p1279
I63
sS'arts'
p1280
I63
sS'\xec\x84\x9c\xec\x9d\xb8\xec\x98\x81'
p1281
I63
sS'informed'
p1282
I63
sS'vacation'
p1283
I63
sS'mark'
p1284
I63
sS'mart'
p1285
I63
sS'exhaustion'
p1286
I63
sS'marisa'
p1287
I63
sS'wants'
p1288
I63
sS'i\xe2\x80\xa6'
p1289
I63
sS'shopping'
p1290
I63
sS'photog'
p1291
I63
sS'vomits'
p1292
I63
sS'robbed'
p1293
I62
sS'blessing'
p1294
I63
sS'andrew'
p1295
I63
sS'conozco'
p1296
I63
sS'wake'
p1297
I62
sS'name...happy'
p1298
I63
sS'rugby'
p1299
I63
sS'careful'
p1300
I63
sS'baab'
p1301
I63
sS'those'
p1302
I61
sS'pilot'
p1303
I63
sS'sound'
p1304
I62
sS'myself'
p1305
I58
sS'these'
p1306
I52
sS'might'
p1307
I63
sS'redcup'
p1308
I63
sS'goodmorning'
p1309
I63
sS'hmmmm'
p1310
I63
sS'invited'
p1311
I63
sS'subbbbbbb'
p1312
I63
sS'paxel'
p1313
I63
sS'\xd9\x83\xd9\x84\xd8\xa8'
p1314
I63
sS'coffee'
p1315
I61
sS'middle'
p1316
I63
sS'someone'
p1317
I55
sS"(i'm"
p1318
I63
sS'famo'
p1319
I63
sS'everyday'
p1320
I61
sS'evento'
p1321
I63
sS'par'
p1322
I63
sS'disrespectful'
p1323
I63
sS'doctor'
p1324
I63
sS'pay'
p1325
I62
sS'thinkin'
p1326
I63
sS'$25'
p1327
I58
sS'same'
p1328
I53
sS'food'
p1329
I56
sS'heartbreak'
p1330
I63
sS'followers'
p1331
I62
sS'"i'
p1332
I63
sS'cheri'
p1333
I63
sS'week'
p1334
I52
sS'dooooo'
p1335
I63
sS'sksi'
p1336
I63
sS'finish'
p1337
I61
sS'closest'
p1338
I63
sS'buccaneers'
p1339
I63
sS'driver'
p1340
I63
sS'hours...120'
p1341
I63
sS'running'
p1342
I61
sS'tweet....lol'
p1343
I63
sS'advertisement'
p1344
I63
sS'changing'
p1345
I63
sS'\xe2\x9c\x8c\xef\xb8\x8f'
p1346
I62
sS'burrito'
p1347
I58
sS'tesssss'
p1348
I63
sS'nothin'
p1349
I63
sS'without'
p1350
I59
sS'veal'
p1351
I63
sS'comes'
p1352
I60
sS'bottle'
p1353
I63
sS'trains'
p1354
I63
sS'model'
p1355
I62
sS'bodies'
p1356
I63
sS'summer'
p1357
I62
sS'\xe2\x98\xba\xef\xb8\x8f'
p1358
I61
sS'ya'
p1359
I59
sS'money'
p1360
I62
sS'guided'
p1361
I63
sS'sights'
p1362
I63
sS'rest'
p1363
I59
sS'(i'
p1364
I63
sS'kill'
p1365
I62
sS'mashinka77'
p1366
I63
sS'flavor'
p1367
I63
sS'\xd8\xa7\xd9\x84\xd9\x84\xd9\x87'
p1368
I62
sS'speed'
p1369
I62
sS'dariel'
p1370
I63
sS'blot'
p1371
I63
sS'\xe3\x85\xa0\xe3\x85\xa0\xe3\x85\xa0'
p1372
I63
sS'thinking'
p1373
I62
sS"everyone's"
p1374
I63
sS'seems'
p1375
I63
sS'nap'
p1376
I63
sS'lets'
p1377
I61
sS'(80%)'
p1378
I62
sS'4'
p1379
I56
sS'tuesday'
p1380
I61
sS'skies'
p1381
I63
sS'real'
p1382
I56
sS"standain't"
p1383
I63
sS'unchurched'
p1384
I63
sS'around'
p1385
I60
sS'kills'
p1386
I63
sS'read'
p1387
I61
sS'jeans'
p1388
I63
sS'amc'
p1389
I63
sS'gonna'
p1390
I54
sS'early'
p1391
I60
sS'pop'
p1392
I61
sS'listening'
p1393
I62
sS'tanto'
p1394
I63
sS'\xe2\x9d\x84\xef\xb8\x8f\xe2\x9d\x84\xef\xb8\x8f'
p1395
I63
sS'world'
p1396
I57
sS'nooooo'
p1397
I63
sS'lady'
p1398
I63
sS'luckyyy'
p1399
I63
sS'atch'
p1400
I62
sS'sccs'
p1401
I63
sS'christina'
p1402
I63
sS'hangin'
p1403
I63
sS'everytime'
p1404
I63
sS'bracelet'
p1405
I63
sS'gimme'
p1406
I63
sS't'
p1407
I61
sS'omgg'
p1408
I63
sS'ideas...huzzah!\xe2\x80\xa6'
p1409
I63
sS'beverly'
p1410
I63
sS'upside'
p1411
I63
sS'6-10pm'
p1412
I63
sS'couldyour'
p1413
I63
sS'debut'
p1414
I63
sS'learning'
p1415
I63
sS'fives'
p1416
I63
sS'doll'
p1417
I63
sS';-(((((('
p1418
I63
sS'diving'
p1419
I63
sS'thinks'
p1420
I63
sS'yesss'
p1421
I63
sS'bless'
p1422
I63
sS'ahhhhhhhhhh'
p1423
I63
sS'pilates'
p1424
I63
sS'outt'
p1425
I63
sS'fooo\xe2\x98\xba\xef\xb8\x8f'
p1426
I63
sS'memories'
p1427
I61
sS'axpernyak'
p1428
I63
sS'nooo'
p1429
I63
sS'dudley'
p1430
I63
sS'kms'
p1431
I63
sS'ik'
p1432
I63
sS'impounded'
p1433
I63
sS'welcome'
p1434
I59
sS'pravana'
p1435
I63
sS'power'
p1436
I63
sS'asap'
p1437
I63
sS'lmfao'
p1438
I62
sS'can...not...sleep'
p1439
I63
sS'nails'
p1440
I61
sS'each'
p1441
I63
sS'iconic'
p1442
I63
sS'broken'
p1443
I62
sS'leadership'
p1444
I63
sS'hitup'
p1445
I63
sS'throw'
p1446
I63
sS'love_lillyxoxo'
p1447
I63
sS'acc'
p1448
I63
sS'on'
p1449
I18
sS'jeez'
p1450
I63
sS'preschool'
p1451
I63
sS'ok'
p1452
I58
sS'ace'
p1453
I63
sS'oh'
p1454
I50
sS'island'
p1455
I61
sS'fuckedjust'
p1456
I63
sS'favorite'
p1457
I60
sS'mixes'
p1458
I63
sS'pistachio'
p1459
I63
sS'stop)'
p1460
I62
sS'\xd9\x84\xd8\xa3\xd8\xae\xd8\xaa\xd9\x87'
p1461
I63
sS'soundin'
p1462
I63
sS'or'
p1463
I43
sS'9ers'
p1464
I63
sS'ladies'
p1465
I59
sS'cambridge'
p1466
I63
sS'mis89__'
p1467
I63
sS'shaw'
p1468
I59
sS'ucla'
p1469
I63
sS'shock'
p1470
I63
sS'youu'
p1471
I63
sS'nex\xe2\x80\xa6'
p1472
I63
sS'your'
p1473
I28
sS'technically'
p1474
I63
sS'ididnt'
p1475
I63
sS"how's"
p1476
I63
sS'her'
p1477
I42
sS'whales'
p1478
I63
sS'there'
p1479
I47
sS'hey'
p1480
I62
sS'lol'
p1481
I39
sS'start'
p1482
I60
sS'mondays'
p1483
I63
sS'abs*\xe2\x80\x9d'
p1484
I63
sS'valencia'
p1485
I63
sS'valley'
p1486
I63
sS'bubble'
p1487
I63
sS'tiffany'
p1488
I63
sS'yah'
p1489
I63
sS'smashes'
p1490
I63
sS'kittens'
p1491
I63
sS'co-worker'
p1492
I63
sS'lmaooo'
p1493
I61
sS'strikes'
p1494
I63
sS'chkam'
p1495
I63
sS'bobby_shmurda'
p1496
I63
sS'survived'
p1497
I62
sS'trying'
p1498
I59
sS'with'
p1499
I17
sS'buying'
p1500
I62
sS'happening'
p1501
I63
sS'football'
p1502
I47
sS"they're"
p1503
I61
sS'rush'
p1504
I63
sS'waste'
p1505
I63
sS"wasn't"
p1506
I62
sS'anyway'
p1507
I63
sS'jelousy'
p1508
I63
sS'dirty'
p1509
I63
sS'tones'
p1510
I63
sS'in&out'
p1511
I63
sS'agree'
p1512
I63
sS'yesssssssssss'
p1513
I63
sS'weft'
p1514
I63
sS'af'
p1515
I62
sS'exhausted'
p1516
I63
sS'ah'
p1517
I63
sS'forgot'
p1518
I59
sS'am'
p1519
I50
sS'al'
p1520
I62
sS'an'
p1521
I49
sS'maxed'
p1522
I63
sS'as'
p1523
I46
sS'at'
p1524
I7
sS'\xec\x9e\x83\xea\xb8\xb0\xec\x8b\xab\xec\x96\xb4\xec\x9a\x94'
p1525
I63
sS'ax'
p1526
I63
sS'moves'
p1527
I63
sS'cream'
p1528
I61
sS'again'
p1529
I50
sS'offside'
p1530
I63
sS'xelatsi'
p1531
I63
sS'env\xc3\xadas'
p1532
I63
sS'pweaasseee'
p1533
I63
sS'field'
p1534
I47
sS'cleanup'
p1535
I62
sS'5'
p1536
I59
sS'\xd8\xa8\xd8\xaa\xd8\xae\xd9\x84\xd8\xb5\xd9\x8a\xd9\x86'
p1537
I63
sS'sick*'
p1538
I63
sS'you'
p1539
I9
sS'trash'
p1540
I61
sS'polar'
p1541
I63
sS'sit-ups'
p1542
I63
sS'championship'
p1543
I61
sS'obsessed'
p1544
I62
sS'students'
p1545
I63
sS'time'
p1546
I31
sS'flower'
p1547
I63
sS'terry'
p1548
I63
sS'chris'
p1549
I62
sS'llamadas'
p1550
I63
sS'grupo'
p1551
I63
sS'finals'
p1552
I60
sS'omgggggg'
p1553
I62
sS'juniors'
p1554
I63
sS's/o'
p1555
I60
sS'session\xe2\x80\xa6'
p1556
I63
sS'\xec\x9d\xb4\xec\xa0\x9c'
p1557
I62
sS't-t'
p1558
I63
sS'wife'
p1559
I63
sS'mask'
p1560
I63
sS'3-2'
p1561
I63
sS'vines'
p1562
I62
sS'hello'
p1563
I61
sS'u'
p1564
I49
sS'sickk'
p1565
I63
sS'starting'
p1566
I63
sS'original'
p1567
I54
sS'all'
p1568
I31
sS'since'
p1569
I63
sS'forget'
p1570
I63
sS'pointing'
p1571
I63
sS'ali'
p1572
I63
sS'marlon'
p1573
I63
sS'everyonee'
p1574
I63
sS'winnings'
p1575
I63
sS'parmesan'
p1576
I63
sS'talks'
p1577
I63
sS'follow'
p1578
I62
sS'research'
p1579
I63
sS'mommies'
p1580
I63
sS'suspension.me'
p1581
I63
sS'imani'
p1582
I63
sS'ty'
p1583
I62
sS'tv'
p1584
I63
sS'tecnolog\xc3\xada'
p1585
I63
sS'wassup'
p1586
I63
sS'thursday'
p1587
I63
sS'to'
p1588
I4
sS'feburany:)'
p1589
I63
sS'ti'
p1590
I63
sS'tf'
p1591
I62
sS'smile'
p1592
I58
sS'enjoying'
p1593
I61
sS'presentation'
p1594
I63
sS'ta'
p1595
I63
sS'paying'
p1596
I63
sS'yr'
p1597
I63
sS'woman'
p1598
I63
sS'appointment'
p1599
I62
sS'wayyyyy'
p1600
I63
sS'song'
p1601
I61
sS'very'
p1602
I55
sS'fav'
p1603
I62
sS'detention'
p1604
I61
sS'fat'
p1605
I60
sS'ures'
p1606
I62
sS'rn\xe2\x80\x9d'
p1607
I63
sS'worst'
p1608
I63
sS'decide'
p1609
I63
sS'fall'
p1610
I58
sS'fab'
p1611
I63
sS'sony'
p1612
I63
sS'ticket'
p1613
I63
sS'newly'
p1614
I63
sS'heaven'
p1615
I61
sS'--'
p1616
I63
sS'list'
p1617
I62
sS'yummers'
p1618
I63
sS'\xeb\xb0\x95\xec\x84\x9c\xec\xa4\x80'
p1619
I63
sS'liars'
p1620
I63
sS'tights'
p1621
I63
sS'small'
p1622
I63
sS'smith'
p1623
I63
sS"i'll"
p1624
I51
sS'cookies'
p1625
I63
sS'\xd9\x88\xd9\x85\xd8\xa7\xd9\x84\xd9\x83\xd9\x85'
p1626
I63
sS'tel'
p1627
I63
sS'pasa'
p1628
I63
sS'ten'
p1629
I63
sS'tea'
p1630
I63
sS'ted'
p1631
I63
sS'sync'
p1632
I63
sS'hastat'
p1633
I63
sS'burger'
p1634
I63
sS'\xeb\xb0\x95\xec\x88\x98\xec\xa7\x84'
p1635
I63
sS'design'
p1636
I62
sS'lawyer'
p1637
I63
sS'pass'
p1638
I62
sS'tes'
p1639
I63
sS'chair'
p1640
I62
sS'really\xe2\x80\xa6'
p1641
I63
sS'what'
p1642
I34
sS'sub'
p1643
I61
sS'dankk'
p1644
I63
sS'skywalker'
p1645
I63
sS'fucks'
p1646
I63
sS'emotions'
p1647
I63
sS'sus'
p1648
I63
sS'learned'
p1649
I63
sS'racing'
p1650
I63
sS'full'
p1651
I59
sS'hours'
p1652
I61
sS'smartest'
p1653
I63
sS'jonas'
p1654
I63
sS'strong'
p1655
I61
sS'shows'
p1656
I63
sS'in\xe2\x80\x9d'
p1657
I63
sS'creeps'
p1658
I63
sS'colored'
p1659
I63
sS'ahead'
p1660
I63
sS'lavishhh'
p1661
I62
sS'blondish'
p1662
I63
sS'inspired'
p1663
I62
sS'jackie'
p1664
I63
sS'test/quiz'
p1665
I63
sS'doryyyyyyy'
p1666
I63
sS'pick'
p1667
I63
sS'action'
p1668
I62
sS'\xd9\x85\xd8\xb9\xd9\x8a'
p1669
I63
sS'minimizes\xe2\x80\xa6'
p1670
I63
sS'b-day'
p1671
I63
sS'family'
p1672
I51
sS'izzymarie08'
p1673
I63
sS'.\xe2\x80\xa6'
p1674
I63
sS'imagine'
p1675
I63
sS'grubbing'
p1676
I63
sS'munchkin'
p1677
I63
sS'texts'
p1678
I61
sS'semester'
p1679
I63
sS'by\xe2\x80\xa6'
p1680
I63
sS'trained'
p1681
I63
sS'trainee'
p1682
I63
sS'actress'
p1683
I63
sS'gosh'
p1684
I63
sS'emoji'
p1685
I63
sS'eye'
p1686
I63
sS'conocer'
p1687
I63
sS'two'
p1688
I58
sS'nothingg'
p1689
I63
sS'pitching'
p1690
I63
sS'gorgeous'
p1691
I63
sS'shits'
p1692
I63
sS'homework'
p1693
I63
sS'more'
p1694
I50
sS'tryna'
p1695
I62
sS'diamond'
p1696
I62
sS'knows'
p1697
I61
sS'cheapshotting'
p1698
I63
sS"grubbin'"
p1699
I63
sS"ain't"
p1700
I62
sS'basically'
p1701
I63
sS'broke'
p1702
I62
sS'known'
p1703
I63
sS'dayz'
p1704
I63
sS'hurry'
p1705
I61
sS'glad'
p1706
I62
sS'town'
p1707
I51
sS'keeping'
p1708
I63
sS'hour'
p1709
I62
sS'sucks'
p1710
I60
sS'imma'
p1711
I63
sS'del'
p1712
I63
sS'learn'
p1713
I62
sS'babeee\xe2\x9d\xa4\xef\xb8\x8f\xe2\x9d\xa4\xef\xb8\x8f'
p1714
I63
sS'def'
p1715
I63
sS'beautiful'
p1716
I56
sS'hamburger'
p1717
I63
sS"scott's"
p1718
I63
sS'share'
p1719
I61
sS'eazy'
p1720
I63
sS'minimum'
p1721
I63
sS'sense'
p1722
I63
sS'bffl'
p1723
I63
sS'\xe2\x9c\x8f\xef\xb8\x8f\xe2\x9c\x8f\xef\xb8\x8f'
p1724
I63
sS'hamburgers'
p1725
I55
sS'needs'
p1726
I60
sS'answer'
p1727
I63
sS'goal'
p1728
I61
sS'awkward'
p1729
I63
sS'lejos'
p1730
I63
sS'breaking'
p1731
I63
sS'ledger'
p1732
I63
sS'dismissed'
p1733
I63
sS'heck'
p1734
I63
sS't.a'
p1735
I63
sS'mrs_starry'
p1736
I63
sS'speeding'
p1737
I63
sS'sandwich'
p1738
I63
sS'okay'
p1739
I61
sS'plans'
p1740
I63
sS'fw'
p1741
I62
sS'questioning'
p1742
I63
sS'aprendemos'
p1743
I63
sS'fb'
p1744
I63
sS'floor'
p1745
I63
sS'coming'
p1746
I59
sS'backyard'
p1747
I63
sS'tacos'
p1748
I63
sS'levantarme'
p1749
I63
sS'a'
p1750
I5
sS'short'
p1751
I62
sS'tweeting'
p1752
I61
sS'-mar'
p1753
I63
sS'eats'
p1754
I62
sS'volleyball'
p1755
I62
sS'deuces'
p1756
I63
sS'mktg'
p1757
I63
sS'fuckin'
p1758
I63
sS'hates'
p1759
I63
sS'egg'
p1760
I63
sS'playing'
p1761
I61
sS"that's"
p1762
I52
sS'chicks'
p1763
I63
sS'home...)'
p1764
I57
sS'mexican'
p1765
I63
sS'help'
p1766
I62
sS"don't"
p1767
I40
sS'bowl'
p1768
I63
sS'brotha'
p1769
I62
sS'kitten'
p1770
I63
sS'sooo'
p1771
I59
sS'soon'
p1772
I60
sS'probzz'
p1773
I63
sS'held'
p1774
I63
sS'through'
p1775
I62
sS'celular'
p1776
I63
sS'hell'
p1777
I59
sS'smiling'
p1778
I63
sS'its'
p1779
I47
sS'roots'
p1780
I63
sS'25'
p1781
I63
sS'style'
p1782
I63
sS'20'
p1783
I62
sS'21'
p1784
I63
sS'"accidentally"'
p1785
I62
sS'thnx'
p1786
I63
sS'actually'
p1787
I55
sS'late'
p1788
I59
sS'dammn'
p1789
I63
sS'boneless'
p1790
I63
sS'stephen'
p1791
I63
sS"haven's"
p1792
I63
sS'bout'
p1793
I62
sS'cutie'
p1794
I63
sS'at\xe2\x80\xa6'
p1795
I59
sS"haven't"
p1796
I62
sS'good'
p1797
I30
sS'somebody'
p1798
I61
sS'generously'
p1799
I63
sS'yo'
p1800
I61
sS'ceo'
p1801
I62
sS'knocking'
p1802
I63
sS'cel'
p1803
I63
sS'ralphs'
p1804
I62
sS'hahahahahaha'
p1805
I63
sS'starbucks'
p1806
I63
sS'foot'
p1807
I60
sS'somewhere'
p1808
I63
sS'orrr'
p1809
I63
sS"sis's"
p1810
I63
sS'complain'
p1811
I62
sS'\xc3\xa1rea)'
p1812
I63
sS'pregnant'
p1813
I63
sS'always'
p1814
I44
sS'drake'
p1815
I63
sS'm\xc3\xa1s'
p1816
I62
sS'tear'
p1817
I63
sS'stopped'
p1818
I63
sS'sandra\xe2\x80\xa6'
p1819
I60
sS'found'
p1820
I63
sS'biscuits'
p1821
I63
sS'alreadyy'
p1822
I63
sS"isn't"
p1823
I59
sS'\xd9\x82\xd8\xaf\xd9\x85\xd9\x88'
p1824
I63
sS'everyone'
p1825
I55
sS'delicious'
p1826
I63
sS'weight'
p1827
I63
sS'favorited'
p1828
I63
sS'generation'
p1829
I63
sS'house'
p1830
I59
sS'energy'
p1831
I63
sS'hard'
p1832
I60
sS'idea'
p1833
I61
sS'hawaii'
p1834
I63
sS'expect'
p1835
I63
sS'balance'
p1836
I63
sS'braided'
p1837
I63
sS'really'
p1838
I53
sS'deals'
p1839
I63
sS'(burbank)'
p1840
I60
sS'missed'
p1841
I62
sS"nigga's"
p1842
I63
sS'\xe2\x98\x81\xef\xb8\x8f'
p1843
I63
sS'wwiii'
p1844
I63
sS'bubl\xc3\xa9'
p1845
I63
sS'health'
p1846
I62
sS'7'
p1847
I60
sS'doo'
p1848
I63
sS'ass'
p1849
I55
sS'dirt'
p1850
I63
sS'twitterversary'
p1851
I63
sS'friday'
p1852
I57
sS'guess'
p1853
I63
sS'close-up'
p1854
I63
sS'reason'
p1855
I60
sS'cookie'
p1856
I63
sS'disneyland'
p1857
I61
sS'\xd9\x82\xd8\xaf\xd8\xb1\xd9\x83'
p1858
I63
sS'put'
p1859
I58
sS'teach'
p1860
I63
sS'beginning'
p1861
I63
sS'definition'
p1862
I63
sS'launch'
p1863
I63
sS'terrible'
p1864
I63
sS'money:('
p1865
I63
sS'w'
p1866
I62
sS'bumper'
p1867
I63
sS"it'll"
p1868
I63
sS'copper'
p1869
I62
sS'major'
p1870
I63
sS'mr'
p1871
I62
sS'webers'
p1872
I63
sS'dont'
p1873
I55
sS'feel'
p1874
I49
sS'booost'
p1875
I63
sS'number'
p1876
I61
sS'feet'
p1877
I63
sS'done'
p1878
I57
sS'miss'
p1879
I55
sS'gooo'
p1880
I63
sS"you'd"
p1881
I63
sS'story'
p1882
I62
sS'killin'
p1883
I63
sS'(1212'
p1884
I63
sS"cheese's"
p1885
I57
sS'least'
p1886
I62
sS'wonderful'
p1887
I63
sS'passed'
p1888
I63
sS'zahrmar'
p1889
I63
sS'tatt'
p1890
I63
sS'store'
p1891
I62
sS'kov'
p1892
I63
sS'5inches'
p1893
I63
sS'muscles'
p1894
I63
sS'para'
p1895
I54
sS'jamie'
p1896
I62
sS'park'
p1897
I62
sS'retard'
p1898
I63
sS'immediate'
p1899
I62
sS'est\xc3\xa1'
p1900
I63
sS'yammmmmeeee'
p1901
I63
sS'part'
p1902
I63
sS'consult'
p1903
I63
sS'rain'
p1904
I61
sS'believe'
p1905
I62
sS'ste'
p1906
I54
sS'kind'
p1907
I61
sS'grew'
p1908
I63
sS'double'
p1909
I62
sS'vocal'
p1910
I63
sS'bride'
p1911
I63
sS'determined'
p1912
I63
sS'dank'
p1913
I63
sS'supposed'
p1914
I63
sS'leibecerra'
p1915
I62
sS'skippy'
p1916
I62
sS'ousted'
p1917
I62
sS'motivation'
p1918
I63
sS'\xd9\x8a\xd8\xa7\xd8\xa8\xd9\x88\xd9\x85\xd8\xad\xd9\x85\xd8\xaf'
p1919
I63
sS'picked'
p1920
I63
sS'wasnt'
p1921
I63
sS'yeee'
p1922
I63
sS'lmaooooo'
p1923
I63
sS'juice'
p1924
I56
sS'room'
p1925
I63
sS'88%'
p1926
I63
sS'cleaned'
p1927
I63
sS'angel_akopyan'
p1928
I63
sS'bhs'
p1929
I61
sS'sell'
p1930
I63
sS'mountain'
p1931
I63
sS'nights'
p1932
I63
sS'relationship'
p1933
I62
sS'zero'
p1934
I63
sS'lil'
p1935
I61
sS'nighty'
p1936
I63
sS'\xd9\x81\xd9\x8a'
p1937
I63
sS'also'
p1938
I63
sS'f\xc3\xadsicamente'
p1939
I63
sS'useless'
p1940
I63
sS'nightl'
p1941
I63
sS'liz'
p1942
I63
sS"dodgin'"
p1943
I63
sS'hotel'
p1944
I63
sS'quote'
p1945
I59
sS'most'
p1946
I63
sS'plan'
p1947
I61
sS'interrupting'
p1948
I63
sS'sandra'
p1949
I28
sS'nothing'
p1950
I61
sS'\xec\x82\xac\xeb\x9e\x91\xec\x8a\xa4\xeb\x9f\xac\xec\x9b\x8c'
p1951
I63
sS'cancer\xe2\x80\xa6'
p1952
I63
sS'yardhouse'
p1953
I63
sS'bug'
p1954
I63
sS'kk'
p1955
I63
sS'clear'
p1956
I63
sS'sometimes'
p1957
I61
sS'\xe2\x98\x80\xef\xb8\x8f'
p1958
I63
sS'hookahh'
p1959
I63
sS'hips'
p1960
I63
sS'filmed'
p1961
I63
sS'ugh'
p1962
I63
sS"attacksain't"
p1963
I63
sS'dzez'
p1964
I63
sS'stfu'
p1965
I61
sS'hyped'
p1966
I63
sS'liiiiiifttt'
p1967
I63
sS'excessive'
p1968
I63
sS'fine'
p1969
I61
sS'find'
p1970
I62
sS'impact'
p1971
I63
sS'restaurant)'
p1972
I61
sS'nervous'
p1973
I63
sS'jugar'
p1974
I62
sS'being'
p1975
I54
sS'idiots'
p1976
I63
sS'poodles'
p1977
I63
sS'pretty'
p1978
I55
sS'8'
p1979
I59
sS'circle'
p1980
I63
sS'discuss'
p1981
I63
sS'remebr'
p1982
I63
sS'porque'
p1983
I62
sS'begins'
p1984
I63
sS'his'
p1985
I56
sS'hit'
p1986
I55
sS'darnos'
p1987
I63
sS'sapin'
p1988
I62
sS'silly"'
p1989
I63
sS'sunny'
p1990
I63
sS'famous'
p1991
I62
sS'feels'
p1992
I63
sS'breast'
p1993
I62
sS'during'
p1994
I63
sS'him'
p1995
I60
sS"harry's"
p1996
I56
sS'againn\xe2\x9d\xa4\xef\xb8\x8f'
p1997
I63
sS'cry'
p1998
I63
sS'garcia'
p1999
I28
sS'hike'
p2000
I63
sS'hype'
p2001
I63
sS'x'
p2002
I62
sS'wrote'
p2003
I63
sS'insane'
p2004
I63
sS'set'
p2005
I61
sS'art'
p2006
I63
sS'ser'
p2007
I62
sS'adopt'
p2008
I63
sS'sex'
p2009
I63
sS'ara'
p2010
I62
sS'see'
p2011
I45
sS'individual'
p2012
I63
sS'dumb'
p2013
I62
sS'are'
p2014
I29
sS'arm'
p2015
I63
sS'bernard'
p2016
I63
sS'havakvar'
p2017
I63
sS'movie'
p2018
I58
sS'wow'
p2019
I57
sS'juego'
p2020
I61
sS'please'
p2021
I59
sS'thongs'
p2022
I63
sS'\xd9\x88\xd8\xb3\xd9\x85\xd8\xb9\xd9\x86\xd8\xa7'
p2023
I63
sS'conditions'
p2024
I63
sS'risks'
p2025
I63
sS'ikr'
p2026
I63
sS'\xd8\xa7\xd9\x84\xd8\xb1\xd8\xb2'
p2027
I63
sS'missing'
p2028
I63
sS'attention'
p2029
I63
sS"berry's"
p2030
I63
sS'<-'
p2031
I63
sS'both'
p2032
I61
sS'c'
p2033
I55
sS'last'
p2034
I41
sS'restaurant'
p2035
I59
sS"wouldn't"
p2036
I61
sS'barely'
p2037
I62
sS'sensitive'
p2038
I63
sS'thoo'
p2039
I63
sS'tightens'
p2040
I63
sS'8am'
p2041
I63
sS'alot'
p2042
I63
sS'retarded'
p2043
I61
sS'exper*'
p2044
I63
sS't"rusted'
p2045
I63
sS'whole'
p2046
I61
sS'\xd9\x85\xd8\xb1\xd8\xa7\xd9\x81\xd9\x82'
p2047
I63
sS'guyssssss'
p2048
I63
sS'(top'
p2049
I63
sS'cierto'
p2050
I63
sS'liked'
p2051
I62
sS'point'
p2052
I62
sS'simple'
p2053
I63
sS'\xd9\x8a\xd8\xaf\xd8\xb1\xd8\xb3'
p2054
I63
sS'recycling'
p2055
I63
sS'whatever'
p2056
I63
sS'except'
p2057
I63
sS'header'
p2058
I63
sS'premios'
p2059
I63
sS'likes'
p2060
I63
sS'church'
p2061
I62
sS'mylyn'
p2062
I63
sS":'))))"
p2063
I63
sS'patiently'
p2064
I63
sS'platinum'
p2065
I63
sS'devil'
p2066
I63
sS'pt'
p2067
I63
sS'aunque'
p2068
I63
sS'hitting'
p2069
I63
sS'damn'
p2070
I58
sS'make-up'
p2071
I61
sS'collected'
p2072
I63
sS'loveeee'
p2073
I63
sS'important'
p2074
I63
sS'pm'
p2075
I63
sS'\xd9\x88\xd8\xa3\xd9\x85\xd9\x88\xd8\xb1\xd9\x87'
p2076
I63
sS'siting'
p2077
I63
sS'31st|'
p2078
I63
sS'contenta'
p2079
I63
sS"what's"
p2080
I61
sS'gas'
p2081
I63
sS'shabbat'
p2082
I63
sS'else'
p2083
I63
sS'cinco'
p2084
I63
sS'awake'
p2085
I63
sS'itachi'
p2086
I63
sS'surveys'
p2087
I63
sS"what'd"
p2088
I63
sS'moneyclique'
p2089
I63
sS'honest'
p2090
I63
sS'fuu'
p2091
I63
sS'look'
p2092
I51
sS'frozen'
p2093
I62
sS'straight'
p2094
I62
sS'\xd8\xa8\xd8\xa7\xd9\x84\xd8\xac\xd8\xa7\xd9\x85\xd8\xb9\xd8\xa9'
p2095
I63
sS'made\xe2\x80\xa6'
p2096
I63
sS'admire'
p2097
I63
sS'medically'
p2098
I63
sS'while'
p2099
I59
sS'kick'
p2100
I62
sS'shift'
p2101
I61
sS'fun'
p2102
I53
sS'graffiti'
p2103
I63
sS'2k'
p2104
I63
sS'robin'
p2105
I63
sS'overlooked'
p2106
I63
sS'stations'
p2107
I63
sS'outs)'
p2108
I63
sS'ready'
p2109
I57
sS'remember\xe2\x80\x9d'
p2110
I63
sS'voy'
p2111
I62
sS'monroe'
p2112
I63
sS'funny'
p2113
I61
sS'shirt'
p2114
I62
sS'anymore'
p2115
I60
sS'uzum'
p2116
I63
sS'airbags'
p2117
I63
sS'broadway\xe2\x80\xa6'
p2118
I63
sS'mamuka'
p2119
I63
sS'widely'
p2120
I63
sS'estes'
p2121
I63
sS'used'
p2122
I61
sS'dime'
p2123
I63
sS'yesterday'
p2124
I63
sS'holidays'
p2125
I63
sS'moment'
p2126
I62
sS'u.s'
p2127
I63
sS'its\xe2\x80\xa6'
p2128
I63
sS'(930'
p2129
I63
sS'sandals'
p2130
I63
sS'bob'
p2131
I62
sS'wheres'
p2132
I63
sS'kno'
p2133
I62
sS"basically...i'm"
p2134
I63
sS'conversaciones'
p2135
I63
sS'day\xe2\x98\xba\xef\xb8\x8f'
p2136
I63
sS'awwwwwwwwwwwwww'
p2137
I63
sS'popeyes'
p2138
I61
sS'goall\xe2\x9a\xbd\xef\xb8\x8f\xe2\x9a\xbd\xef\xb8\x8f'
p2139
I63
sS'bounces'
p2140
I63
sS'spent'
p2141
I60
sS'obviously'
p2142
I63
sS'person'
p2143
I62
sS'cheer'
p2144
I63
sS'y'
p2145
I63
sS'dark'
p2146
I63
sS'spend'
p2147
I63
sS'mom'
p2148
I54
sS'shape'
p2149
I63
sS'inlets'
p2150
I63
sS'questions'
p2151
I62
sS'roasted'
p2152
I63
sS'praying'
p2153
I63
sS'nuestro'
p2154
I63
sS'wage'
p2155
I63
sS'mandat'
p2156
I63
sS'cut'
p2157
I60
sS'cus'
p2158
I62
sS'errand'
p2159
I63
sS'cup'
p2160
I59
sS'cuz'
p2161
I59
sS'coedoutlier'
p2162
I63
sS'rangers'
p2163
I62
sS'parents'
p2164
I62
sS'soooooo'
p2165
I62
sS'sooooon'
p2166
I63
sS'lundvquist'
p2167
I63
sS'excited'
p2168
I63
sS'surprised'
p2169
I62
sS'formas'
p2170
I63
sS'bio'
p2171
I62
sS'plaaayyyaaaa'
p2172
I63
sS'k-mart'
p2173
I62
sS'big'
p2174
I57
sS'sittin'
p2175
I63
sS'tiring'
p2176
I63
sS'shitty'
p2177
I63
sS'game'
p2178
I52
sS'quest'
p2179
I63
sS"bed.......let's"
p2180
I63
sS'hooters'
p2181
I63
sS'necessary'
p2182
I63
sS'bit'
p2183
I62
sS'wings'
p2184
I62
sS'success'
p2185
I63
sS'_foxygladys'
p2186
I63
sS'wingstop'
p2187
I63
sS'arthur'
p2188
I63
sS'?\xe2\x80\x9dyeahtoday'
p2189
I63
sS'backbonenothing'
p2190
I63
sS'unff'
p2191
I63
sS'partying'
p2192
I63
sS'saturdays'
p2193
I63
sS'brakes'
p2194
I63
sS'fucking'
p2195
I58
sS'spring'
p2196
I63
sS'fake'
p2197
I63
sS'some'
p2198
I45
sS'back'
p2199
I44
sS'streaming'
p2200
I63
sS'litter'
p2201
I63
sS'snakeee'
p2202
I63
sS'numbnut'
p2203
I63
sS'medj'
p2204
I63
sS'tools'
p2205
I63
sS'decision'
p2206
I63
sS'per'
p2207
I63
sS'prom'
p2208
I62
sS'twitter\xe2\x9c\x8b'
p2209
I63
sS'contacto'
p2210
I63
sS'nose'
p2211
I63
sS'be'
p2212
I20
sS'goooooo'
p2213
I63
sS'\xd9\x8a\xd8\xb1\xd9\x81\xd8\xb9'
p2214
I63
sS'eating'
p2215
I62
sS'ba'
p2216
I63
sS'bc'
p2217
I63
sS'house\xe2\x9d\x84\xef\xb8\x8f'
p2218
I63
sS'word'
p2219
I63
sS'ufc'
p2220
I63
sS'bh'
p2221
I63
sS'smiths'
p2222
I63
sS'withdrawals'
p2223
I63
sS'step'
p2224
I63
sS'bp'
p2225
I63
sS'bs'
p2226
I62
sS'refuses'
p2227
I63
sS'raspberry'
p2228
I62
sS'chola'
p2229
I63
sS'by'
p2230
I44
sS'300m'
p2231
I63
sS'only\xe2\x80\xa6'
p2232
I63
sS'\xec\x97\xb0\xec\x98\x88\xec\x9d\xb8'
p2233
I63
sS'handbags'
p2234
I63
sS'anything'
p2235
I60
sS'tongue"'
p2236
I63
sS'walaa'
p2237
I63
sS'oatmeal'
p2238
I63
sS'awwww'
p2239
I63
sS'extensions'
p2240
I61
sS'idk'
p2241
I63
sS'nuys'
p2242
I63
sS'wanna'
p2243
I54
sS'block'
p2244
I63
sS'seeing'
p2245
I63
sS'dude'
p2246
I63
sS'mommy'
p2247
I62
sS'70'
p2248
I63
sS'nonsense'
p2249
I63
sS'lucilyn'
p2250
I63
sS'boy2'
p2251
I63
sS'momma'
p2252
I62
sS'because'
p2253
I56
sS'rolls'
p2254
I63
sS'interesante'
p2255
I63
sS'hellhole'
p2256
I63
sS'computer'
p2257
I63
sS'*calls'
p2258
I63
sS'\xd8\xa7\xd9\x86\xd9\x8a'
p2259
I63
sS'question'
p2260
I62
sS'live'
p2261
I60
sS'specifically'
p2262
I62
sS'bar\xef\xbc\x81to'
p2263
I63
sS"we're"
p2264
I62
sS'homemade'
p2265
I62
sS'bruh'
p2266
I62
sS'forward'
p2267
I63
sS'ayy'
p2268
I63
sS'lexi'
p2269
I63
sS'invite'
p2270
I63
sS'inches'
p2271
I63
sS'poster'
p2272
I63
sS'janitors'
p2273
I63
sS'link'
p2274
I63
sS'familia'
p2275
I63
sS'line'
p2276
I63
sS'\xe2\x99\xa5'
p2277
I54
sS'junior'
p2278
I63
sS'\xe2\x99\xa1'
p2279
I60
sS'lifeguard'
p2280
I63
sS'\xed\x95\xb4\xec\x96\xb4\xec\xa7\x80\xec\x9e\x90'
p2281
I63
sS'spa)'
p2282
I61
sS'\xea\xb7\xb8\xeb\xa7\x8c'
p2283
I63
sS'angels'
p2284
I63
sS'sounds'
p2285
I63
sS'fries'
p2286
I63
sS'up'
p2287
I29
sS'us'
p2288
I54
sS'high\xe2\x80\xa6'
p2289
I61
sS'clips'
p2290
I63
sS'windows'
p2291
I63
sS'un'
p2292
I62
sS'uh'
p2293
I63
sS'highlight'
p2294
I63
sS'\xe2\x9c\xa8win'
p2295
I62
sS'fried'
p2296
I63
sS'called'
p2297
I63
sS'camp'
p2298
I58
sS'constant'
p2299
I63
sS'\xe2\x98\x95\xef\xb8\x8f\xe2\x9c\x8f\xef\xb8\x8f'
p2300
I63
sS'mothafuckin'
p2301
I63
sS'single'
p2302
I62
sS'chat'
p2303
I63
sS'rally'
p2304
I63
sS'cafe'
p2305
I57
sS'lemon'
p2306
I63
sS'8-530pm'
p2307
I63
sS'nah'
p2308
I62
sS'*eats'
p2309
I63
sS'200m'
p2310
I61
sS'nick'
p2311
I63
sS'parlor'
p2312
I60
sS'definitely'
p2313
I63
sS'coded'
p2314
I63
sS'tits'
p2315
I63
sS'trait'
p2316
I63
sS'kam\xe2\x9d\xa4\xef\xb8\x8f'
p2317
I63
sS'eeeeekkkk'
p2318
I63
sS'nice'
p2319
I56
sS'zyzz'
p2320
I63
sS'users'
p2321
I63
sS'\xe2\x98\xba\xef\xb8\x8f\xe2\x98\xba\xef\xb8\x8f'
p2322
I63
sS'lens'
p2323
I63
sS'slideshows"'
p2324
I63
sS'posters'
p2325
I63
sS'before)'
p2326
I63
sS'ago'
p2327
I63
sS'jejeje'
p2328
I63
sS'e'
p2329
I48
sS'muchos'
p2330
I63
sS'walked'
p2331
I63
sS'weights'
p2332
I63
sS'far'
p2333
I62
sS"she's"
p2334
I58
sS'nash'
p2335
I63
sS'svu'
p2336
I62
sS'aperik'
p2337
I63
sS'having'
p2338
I62
sS'essay'
p2339
I62
sS'glenoaks'
p2340
I63
sS'code'
p2341
I61
sS'partial'
p2342
I63
sS'stoner'
p2343
I63
sS'\xd9\x82\xd8\xa7\xd9\x84\xd9\x88'
p2344
I63
sS'eds'
p2345
I63
sS'washh'
p2346
I63
sS'food\xe2\x80\xa6'
p2347
I63
sS'go'
p2348
I33
sS'tweeted'
p2349
I63
sS'bcus'
p2350
I63
sS'\xd8\xb4\xd8\xba\xd9\x84'
p2351
I63
sS'hoooboy'
p2352
I63
sS'young'
p2353
I63
sS'niggaaaaa'
p2354
I63
sS'bruhh'
p2355
I63
sS'friendly'
p2356
I63
sS'\xd8\xac\xd8\xa7\xd9\x84\xd8\xb3'
p2357
I63
sS'random'
p2358
I63
sS'center)'
p2359
I62
sS'dessert'
p2360
I62
sS'continues'
p2361
I63
sS'kitty'
p2362
I63
sS'pussys'
p2363
I63
sS'llame'
p2364
I63
sS'nieto'
p2365
I62
sS'korea'
p2366
I63
sS'recreation'
p2367
I62
sS'magic'
p2368
I63
sS'marry'
p2369
I63
sS'gettin'
p2370
I63
sS'michael'
p2371
I61
sS'ryan'
p2372
I63
sS'try'
p2373
I62
sS'through.\xe2\x80\xa6'
p2374
I63
sS'race'
p2375
I63
sS'havent'
p2376
I62
sS'peace\xe2\x9c\x8c\xef\xb8\x8f'
p2377
I63
sS'athlete'
p2378
I63
sS'feedback.\xe2\x80\xa6'
p2379
I63
sS'carter'
p2380
I63
sS'ripped'
p2381
I62
sS'chomp'
p2382
I61
sS'waking'
p2383
I63
sS'jump'
p2384
I62
sS'video'
p2385
I61
sS'traveling'
p2386
I63
sS'insertion'
p2387
I63
sS'yayyy'
p2388
I63
sS'spaghetti'
p2389
I63
sS'tmorrow'
p2390
I63
sS'usan'
p2391
I63
sS'graduating'
p2392
I62
sS'sausage'
p2393
I63
sS'business'
p2394
I63
sS'lolll'
p2395
I62
sS'tuesdays'
p2396
I63
sS'reaching'
p2397
I62
sS'"o"wesome'
p2398
I63
sS'sweaty'
p2399
I63
sS'seconds'
p2400
I63
sS'waiting'
p2401
I56
sS'firms'
p2402
I63
sS'3d'
p2403
I63
sS'body'
p2404
I58
sS'led'
p2405
I63
sS'twitter*'
p2406
I63
sS'leg'
p2407
I63
sS'seagull!!\xe2\x80\xa6'
p2408
I63
sS'eminem'
p2409
I63
sS'yeaaaaa'
p2410
I63
sS'les'
p2411
I63
sS'let'
p2412
I58
sS'\xeb\x90\xa0\xea\xba\xbc\xec\x96\x8c\xe2\x9d\xa4\xef\xb8\x8f'
p2413
I63
sS'others'
p2414
I62
sS'great'
p2415
I55
sS'involved'
p2416
I63
sS'30'
p2417
I63
sS'titanic'
p2418
I62
sS'releasetoday'
p2419
I63
sS'leaving'
p2420
I63
sS'eatin'
p2421
I63
sS"weren't"
p2422
I63
sS'cousins'
p2423
I63
sS'thatt'
p2424
I63
sS'clima'
p2425
I63
sS'makes'
p2426
I59
sS'thats'
p2427
I62
sS'named'
p2428
I63
sS'shake'
p2429
I63
sS'win'
p2430
I63
sS'app'
p2431
I63
sS'mar\xc3\xadachi'
p2432
I63
sS'333'
p2433
I57
sS'manny'
p2434
I63
sS'wit'
p2435
I62
sS'names'
p2436
I63
sS'p\xc3\xa1ve'
p2437
I63
sS'singing'
p2438
I62
sS'wiz'
p2439
I63
sS'ape'
p2440
I63
sS'use'
p2441
I63
sS'furthest'
p2442
I63
sS'from'
p2443
I43
sS'usa'
p2444
I63
sS'&'
p2445
I49
sS'snacks'
p2446
I63
sS'cray'
p2447
I62
sS'next'
p2448
I58
sS'few'
p2449
I63
sS'camera'
p2450
I62
sS'lab:('
p2451
I63
sS'sort'
p2452
I63
sS'popped'
p2453
I63
sS'babe'
p2454
I63
sS'started'
p2455
I60
sS'yummmyyyyyy'
p2456
I63
sS'econ'
p2457
I62
sS'testified'
p2458
I63
sS'about'
p2459
I43
sS'sore'
p2460
I61
sS'train'
p2461
I60
sS'baby'
p2462
I54
sS'aprust'
p2463
I63
sS'customer'
p2464
I63
sS'account'
p2465
I63
sS'salad'
p2466
I62
sS'f'
p2467
I63
sS'this'
p2468
I14
sS'ride'
p2469
I62
sS'clients'
p2470
I62
sS'18+'
p2471
I63
sS'\xe2\x9d\x84\xef\xb8\x8f\xe2\x9d\x84\xef\xb8\x8f\xe2\x9d\x84\xef\xb8\x8f\xe2\x9b\x84\xef\xb8\x8f'
p2472
I63
sS'donut'
p2473
I63
sS'anywhere'
p2474
I63
sS'of'
p2475
I13
sS'meet'
p2476
I62
sS'didnt'
p2477
I59
sS'tonighttt'
p2478
I63
sS'geez'
p2479
I63
sS'process'
p2480
I63
sS'halloween'
p2481
I59
sS'high'
p2482
I37
sS'something'
p2483
I61
sS'blvd'
p2484
I40
sS'voice'
p2485
I63
sS'lamb'
p2486
I63
sS'sir'
p2487
I62
sS':30'
p2488
I63
sS'sit'
p2489
I60
sS'230'
p2490
I63
sS'girllll\xe2\x98\xba\xef\xb8\x8f'
p2491
I63
sS'yayyyyy'
p2492
I63
sS'dwg'
p2493
I62
sS'why?guy'
p2494
I63
sS'gurl'
p2495
I63
sS'luster'
p2496
I63
sS'profile'
p2497
I63
sS'awesomest'
p2498
I63
sS'cejudo'
p2499
I62
sS'outlast'
p2500
I63
sS'monica'
p2501
I63
sS'barney\xe2\x80\x9d'
p2502
I63
sS'stop'
p2503
I53
sS'highs'
p2504
I63
sS'philosophy'
p2505
I63
sS'tied'
p2506
I63
sS'men'
p2507
I63
sS'taco'
p2508
I63
sS'hahahaha'
p2509
I63
sS"do'nt"
p2510
I63
sS'26'
p2511
I63
sS'ittt'
p2512
I63
sS'light'
p2513
I62
sS'noises'
p2514
I63
sS'died????yes'
p2515
I63
sS'eyy'
p2516
I63
sS'bakery'
p2517
I52
sS'honestly'
p2518
I63
sS'classy'
p2519
I63
sS'letss'
p2520
I63
sS'elegible'
p2521
I63
sS'color\xe2\x80\xa6'
p2522
I63
sS'beauties'
p2523
I63
sS'producer'
p2524
I63
sS'tropics'
p2525
I63
sS'move'
p2526
I63
sS'uzumem'
p2527
I63
sS'celebrations'
p2528
I63
sS"won't"
p2529
I62
sS'looks'
p2530
I61
sS'shreds'
p2531
I63
sS'bunch'
p2532
I63
sS'perfect'
p2533
I61
sS'write'
p2534
I62
sS'le'
p2535
I63
sS'la'
p2536
I54
sS'lo'
p2537
I62
sS'(1310'
p2538
I61
sS'[pic]'
p2539
I61
sS'willing'
p2540
I63
sS'yesterdays'
p2541
I63
sS'orange'
p2542
I63
sS'2014'
p2543
I63
sS'<'
p2544
I63
sS'rsvp'
p2545
I59
sS'dad'
p2546
I62
sS'cuss'
p2547
I63
sS'ruined'
p2548
I63
sS'crash'
p2549
I63
sS'camus'
p2550
I63
sS'auto'
p2551
I62
sS'dan'
p2552
I63
sS'dat'
p2553
I63
sS'sweets'
p2554
I63
sS'happy\xe2\x80\xa6'
p2555
I63
sS'\xe2\x9d\xa4\xef\xb8\x8f\xe2\x9d\xa4\xef\xb8\x8f\xe2\x9d\xa4\xef\xb8\x8f'
p2556
I63
sS'front'
p2557
I62
sS'day'
p2558
I21
sS'presidential'
p2559
I63
sS'masters'
p2560
I63
sS'damian'
p2561
I63
sS'tish'
p2562
I63
sS'rft'
p2563
I63
sS'\xd9\x82\xd8\xa8\xd9\x84'
p2564
I63
sS'guard'
p2565
I63
sS'fag'
p2566
I63
sS'tuen'
p2567
I63
sS'partyyyyyyy'
p2568
I63
sS'beautiful...they'
p2569
I63
sS"ya'll"
p2570
I62
sS'|'
p2571
I54
sS"tommy's"
p2572
I52
sS'seniors'
p2573
I63
sS'oui'
p2574
I58
sS'bueno'
p2575
I63
sS'doing'
p2576
I56
sS'wood'
p2577
I63
sS'adventure'
p2578
I63
sS'our'
p2579
I58
sS'chatlaxner'
p2580
I63
sS'special'
p2581
I62
sS'out'
p2582
I25
sS'attend'
p2583
I63
sS'entertainment'
p2584
I63
sS'over\xe2\x80\xa6'
p2585
I63
sS'req'
p2586
I63
sS'aka\xe2\x80\xa6'
p2587
I63
sS'stud'
p2588
I62
sS'cause'
p2589
I61
sS'cece_007'
p2590
I63
sS'red'
p2591
I61
sS'jessica'
p2592
I63
sS'bww'
p2593
I62
sS'r\xc3\xa1pido'
p2594
I63
sS'molly'
p2595
I63
sS'que'
p2596
I56
sS'york'
p2597
I62
sS'ridge'
p2598
I63
sS'craving'
p2599
I60
sS'lettuce*'
p2600
I63
sS'"youtube'
p2601
I63
sS'g'
p2602
I63
sS'it:('
p2603
I63
sS'could'
p2604
I56
sS'ask'
p2605
I61
sS'times'
p2606
I61
sS'\xed\x94\xbc\xeb\xb6\x80\xeb\xaf\xb8\xec\x9d\xb8'
p2607
I63
sS'cath'
p2608
I63
sS'birthday'
p2609
I49
sS'8-9'
p2610
I59
sS'south'
p2611
I63
sS'kendall'
p2612
I63
sS'finest'
p2613
I63
sS'undie'
p2614
I63
sS'ta"'
p2615
I63
sS'ham'
p2616
I63
sS'blown'
p2617
I63
sS'wayyy'
p2618
I63
sS'whooo'
p2619
I63
sS'uchiha'
p2620
I63
sS'bae\xe2\x9d\xa4\xef\xb8\x8f'
p2621
I63
sS'bitch'
p2622
I58
sS'mah'
p2623
I63
sS'lilypad'
p2624
I63
sS'kidding'
p2625
I63
sS'is\xe2\x80\xa6'
p2626
I63
sS'sockets'
p2627
I63
sS'braces'
p2628
I63
sS'cramping'
p2629
I63
sS"doesn't"
p2630
I62
sS'sadly'
p2631
I63
sS'los'
p2632
I58
sS'festival'
p2633
I61
sS'weekend\xe2\x80\x9d'
p2634
I63
sS'chihuahuas'
p2635
I63
sS'seat'
p2636
I63
sS'cuzzz'
p2637
I63
sS'their'
p2638
I59
sS'nastiest'
p2639
I63
sS'2-0'
p2640
I60
sS'2-1'
p2641
I63
sS'stomach'
p2642
I63
sS'shorts'
p2643
I61
sS'getcha'
p2644
I63
sS'*had'
p2645
I63
sS'gotcha'
p2646
I62
sS'nobody'
p2647
I61
sS'megan'
p2648
I63
sS'\xd9\x84\xd9\x88'
p2649
I63
sS'hahahaaha'
p2650
I63
sS'grandpa'
p2651
I63
sS'adore\xe2\x80\xa6'
p2652
I63
sS'debemos'
p2653
I63
sS'steel'
p2654
I63
sS'ben'
p2655
I63
sS'liiiiifffttt'
p2656
I63
sS'obsessive.\xe2\x80\x9d'
p2657
I63
sS'bother'
p2658
I62
sS'bed'
p2659
I61
sS'loves'
p2660
I62
sS'maybe'
p2661
I63
sS'bare'
p2662
I63
sS'123mi'
p2663
I63
sS'\\m/'
p2664
I63
sS'lines'
p2665
I63
sS'comfortable'
p2666
I62
sS'tonight'
p2667
I54
sS'dormir'
p2668
I63
sS'rollin'
p2669
I63
sS'have'
p2670
I26
sS'need'
p2671
I41
sS'2hrs'
p2672
I63
sS'\xd8\xa8\xd9\x86\xd9\x81\xd8\xb3'
p2673
I63
sS'ehhhh'
p2674
I63
sS'afraid'
p2675
I63
sS'sprinkles'
p2676
I62
sS'mil'
p2677
I63
sS'studying'
p2678
I62
sS'si'
p2679
I63
sS'battles'
p2680
I63
sS'makeover'
p2681
I61
sS'concerns'
p2682
I63
sS'babes'
p2683
I63
sS'biology'
p2684
I63
sS'truck'
p2685
I61
sS'korean'
p2686
I63
sS'='
p2687
I63
sS'qezim'
p2688
I63
sS'manor'
p2689
I62
sS'fuuuuuuuuuuuuuuuuuuuuuuucckkkkkkkk'
p2690
I63
sS'\xec\xb2\x98\xeb\x9f\xbc'
p2691
I63
sS'who'
p2692
I50
sS'delayed'
p2693
I63
sS'explicar'
p2694
I63
sS'forreal'
p2695
I63
sS'awe'
p2696
I63
sS'sally'
p2697
I63
sS'class'
p2698
I55
sS'hypocrite'
p2699
I63
sS'gesh'
p2700
I63
sS'upset'
p2701
I62
sS'thanksgiving'
p2702
I62
sS'face'
p2703
I57
sS'oooooooooooo'
p2704
I63
sS"you'll"
p2705
I63
sS'se'
p2706
I62
sS'aqu\xc3\xad'
p2707
I63
sS"rigo's"
p2708
I63
sS'painting'
p2709
I63
sS'fact'
p2710
I61
sS'son'
p2711
I61
sS'b-c'
p2712
I63
sS'nikkigee_mua'
p2713
I63
sS'lmaoo'
p2714
I56
sS'agreed'
p2715
I62
sS'scotty'
p2716
I63
sS'heeeeey'
p2717
I63
sS'bring'
p2718
I62
sS'a/c'
p2719
I63
sS'fear'
p2720
I62
sS'debate'
p2721
I63
sS'staff'
p2722
I63
sS'ayee'
p2723
I63
sS'seeee'
p2724
I63
sS'5pm'
p2725
I62
sS'winner'
p2726
I62
sS'should'
p2727
I56
sS'jan'
p2728
I61
sS'brighter'
p2729
I63
sS'parlor)'
p2730
I61
sS'jam'
p2731
I62
sS'love/hate'
p2732
I63
sS'subway)'
p2733
I63
sS'olympics'
p2734
I63
sS'studded'
p2735
I63
sS'handsome'
p2736
I63
sS'hope'
p2737
I56
sS'doubting'
p2738
I63
sS'favorites.\xe2\x80\x9d'
p2739
I63
sS'watching'
p2740
I57
sS'beat'
p2741
I63
sS'dope'
p2742
I61
sS'lucky'
p2743
I62
sS'bear'
p2744
I63
sS'likely'
p2745
I63
sS'tbh'
p2746
I61
sS'awww'
p2747
I62
sS'words'
p2748
I62
sS'vatek'
p2749
I63
sS'\xed\x9e\x98\xeb\x82\xb4\xec\x84\xb8\xec\x9a\xa9'
p2750
I63
sS'chips'
p2751
I62
sS'vaten'
p2752
I63
sS'qt'
p2753
I63
sS'lmaao'
p2754
I63
sS'(1320'
p2755
I61
sS'\xd8\xa7\xd9\x84\xd9\x85\xd9\x81\xd8\xb1\xd9\x88\xd8\xb6'
p2756
I63
sS'calling'
p2757
I63
sS"somebody's"
p2758
I63
sS'ganar'
p2759
I62
sS'stuff'
p2760
I60
sS'she'
p2761
I56
sS'contain'
p2762
I63
sS'costume'
p2763
I63
sS'spotted'
p2764
I62
sS'official'
p2765
I56
sS'snitched'
p2766
I63
sS'acquired'
p2767
I63
sS'pitch'
p2768
I63
sS'edition'
p2769
I63
sS'legacy'
p2770
I63
sS'closer'
p2771
I63
sS'excitement'
p2772
I63
sS'up......oui'
p2773
I63
sS'stats'
p2774
I61
sS'record'
p2775
I63
sS"takin'"
p2776
I63
sS'tend'
p2777
I63
sS'\xe3\x82\xb5\xe3\x83\xa9\xe3\x83\x80\xe3\x81\xa8\xe3\x80\x81\xe3\x82\xb5\xe3\x83\xab\xe3\x82\xb5\xe3\x80\x82\xe6\x8c\x81\xe3\x81\xa1\xe5\xb8\xb0\xe3\x82\x8a\xe3\x80\x82'
p2778
I63
sS'genius'
p2779
I63
sS'krispy'
p2780
I63
sS'phased'
p2781
I63
sS'progress'
p2782
I63
sS'email'
p2783
I61
sS'bought'
p2784
I60
sS'industries'
p2785
I63
sS'a.g'
p2786
I63
sS'weighing'
p2787
I63
sS'janet'
p2788
I63
sS'lg'
p2789
I63
sS'scarjo'
p2790
I62
sS'luysn'
p2791
I63
sS'job'
p2792
I63
sS'merry'
p2793
I63
sS'\xec\x9e\x90\xeb\xa7\xa4\xeb\x8b\x98'
p2794
I63
sS'kesnesmtutyan'
p2795
I63
sS'legit'
p2796
I63
sS'hammy'
p2797
I63
sS'joke'
p2798
I63
sS'taking'
p2799
I60
sS"he's"
p2800
I62
sS'utilizan'
p2801
I62
sS'minds'
p2802
I63
sS'kosher'
p2803
I63
sS'april'
p2804
I62
sS'v\xc3\xaddeos'
p2805
I63
sS'grain'
p2806
I63
sS'atleast'
p2807
I62
sS'puff'
p2808
I63
sS'passing'
p2809
I63
sS"teacher's"
p2810
I63
sS'gooood'
p2811
I59
sS'ca'
p2812
I55
sS'speaker'
p2813
I63
sS'ac'
p2814
I63
sS'walk'
p2815
I62
sS'laugh'
p2816
I63
sS'kings'
p2817
I59
sS'winning'
p2818
I63
sS'yay'
p2819
I63
sS"it's"
p2820
I28
sS'gazan'
p2821
I63
sS'yas'
p2822
I63
sS'drank'
p2823
I63
sS'yerkrord'
p2824
I63
sS'aplicaciones'
p2825
I62
sS'richards'
p2826
I63
sS'copied'
p2827
I63
sS'improve'
p2828
I61
sS'louisiana'
p2829
I62
sS'equipo'
p2830
I63
sS'>'
p2831
I61
sS'daughter\xe2\x80\x9d'
p2832
I63
sS'crappp'
p2833
I63
sS'aloalii'
p2834
I63
sS'moved'
p2835
I63
sS'cypress'
p2836
I63
sS'mccambridge'
p2837
I61
sS'pie'
p2838
I63
sS'donee'
p2839
I63
sS'finished'
p2840
I62
sS'-.-'
p2841
I63
sS'mangoj81'
p2842
I62
sS'brunch'
p2843
I62
sS'sxreen'
p2844
I63
sS'homes'
p2845
I63
sS'multi'
p2846
I63
sS'butifel'
p2847
I63
sS'means'
p2848
I63
sS'nd'
p2849
I56
sS'scalpplease'
p2850
I63
sS'pretentious'
p2851
I63
sS'will'
p2852
I46
sS'lemonade'
p2853
I63
sS'koberache'
p2854
I63
sS'hahaha'
p2855
I60
sS'wild'
p2856
I63
sS'before.........soulessss'
p2857
I63
sS'ombre'
p2858
I57
sS'julesnatethegreat'
p2859
I62
sS'ripe'
p2860
I63
sS'salma'
p2861
I62
sS'almost'
p2862
I59
sS'thus'
p2863
I63
sS'jelly'
p2864
I63
sS'helped'
p2865
I63
sS'vs'
p2866
I63
sS'optimistic'
p2867
I63
sS'bucks'
p2868
I63
sS'revis'
p2869
I63
sS'sits'
p2870
I62
sS'</3'
p2871
I63
sS'az'
p2872
I63
sS'players'
p2873
I63
sS')'
p2874
I63
sS'funniest'
p2875
I63
sS'dakotas'
p2876
I63
sS'member'
p2877
I63
sS'neeeed'
p2878
I63
sS'party'
p2879
I59
sS'gets'
p2880
I62
sS'tiempo'
p2881
I62
sS'lzem'
p2882
I63
sS'above)'
p2883
I63
sS'*checks'
p2884
I63
sS'24thh'
p2885
I63
sS'fucker'
p2886
I63
sS'beast'
p2887
I63
sS'ion'
p2888
I63
sS'fucken'
p2889
I63
sS'ikea'
p2890
I62
sS'chakerian'
p2891
I63
sS'pull'
p2892
I63
sS'tenam'
p2893
I63
sS'off'
p2894
I51
sS'center'
p2895
I63
sS'i'
p2896
I2
sS'shotgun'
p2897
I63
sS'well'
p2898
I51
sS'thought'
p2899
I62
sS'oops'
p2900
I61
sS'english'
p2901
I63
sS'reseda'
p2902
I63
sS'ily'
p2903
I63
sS'usual'
p2904
I63
sS'coaster'
p2905
I63
sS'less'
p2906
I63
sS'gr8'
p2907
I63
sS'333\xe2\x80\xa6'
p2908
I63
sS'years'
p2909
I63
sS'asleep:('
p2910
I63
sS'paul'
p2911
I63
sS'griffith'
p2912
I63
sS'happiness'
p2913
I63
sS'taken'
p2914
I63
sS'2324'
p2915
I62
sS'podcast'
p2916
I63
sS'guts'
p2917
I63
sS'sky'
p2918
I63
sS'killed'
p2919
I62
sS'add'
p2920
I63
sS'other'
p2921
I60
sS'halo'
p2922
I63
sS'crack'
p2923
I63
sS'twerk'
p2924
I63
sS'\xd8\xb7\xd8\xa7\xd9\x84\xd8\xa8\xd8\xa9'
p2925
I63
sS'smart'
p2926
I62
sS'tests'
p2927
I63
sS'ahemm'
p2928
I63
sS'pero'
p2929
I63
sS'lava'
p2930
I63
sS'checking'
p2931
I63
sS"who's"
p2932
I63
sS'homeboysss'
p2933
I63
sS'\xd9\x88\xd9\x85\xd9\x86'
p2934
I63
sS'five'
p2935
I63
sS'know'
p2936
I34
sS'facial'
p2937
I63
sS'nvm'
p2938
I63
sS'puppy'
p2939
I63
sS'emma'
p2940
I63
sS'like'
p2941
I28
sS'lost'
p2942
I62
sS'fernando'
p2943
I38
sS'candy'
p2944
I63
sS'talkin'
p2945
I63
sS'vortex'
p2946
I63
sS'chick'
p2947
I62
sS'works'
p2948
I62
sS'soft'
p2949
I63
sS'prefieren'
p2950
I63
sS'shed'
p2951
I63
sS'nigga'
p2952
I61
sS'otras'
p2953
I63
sS'twitter'
p2954
I61
sS'forgiven'
p2955
I63
sS'hair'
p2956
I44
sS'motiva'
p2957
I63
sS'shes'
p2958
I63
sS'pounding'
p2959
I63
sS'home'
p2960
I31
sS'pollard'
p2961
I63
sS'\xd8\xa3\xd9\x81\xd9\x83\xd8\xb1'
p2962
I63
sS'barely\xe2\x80\xa6'
p2963
I63
sS'deaaadd'
p2964
I63
sS'\xd8\xb9\xd9\x86\xd9\x83\xd9\x85'
p2965
I63
sS'vocabulary'
p2966
I63
sS'\xed\x95\x84\xec\x9a\x94\xed\x95\xb4'
p2967
I63
sS'kogi'
p2968
I63
sS'deee'
p2969
I63
sS'fuarrrkkk'
p2970
I63
sS'ese'
p2971
I63
sS'does'
p2972
I59
sS'passion'
p2973
I63
sS'esa'
p2974
I63
sS'screwed'
p2975
I63
sS'buldogi'
p2976
I63
sS'speak'
p2977
I63
sS'leader'
p2978
I63
sS'duh'
p2979
I63
sS'pepper'
p2980
I62
sS'90017'
p2981
I59
sS'fan\xc3\xa1ticos'
p2982
I63
sS'jussst'
p2983
I63
sS'schedule'
p2984
I62
sS'princesses'
p2985
I63
sS'\xd8\xa3\xd8\xad\xd8\xaf'
p2986
I63
sS'pasta'
p2987
I63
sS'usar'
p2988
I63
sS'wutup'
p2989
I63
sS'sister'
p2990
I62
sS':-)'
p2991
I62
sS'justin'
p2992
I62
sS'extension'
p2993
I63
sS'getting'
p2994
I53
sS'soon"'
p2995
I63
sS'flake'
p2996
I63
sS'angeles'
p2997
I59
sS'swear'
p2998
I62
sS'(alt'
p2999
I63
sS'warner'
p3000
I63
sS'equally'
p3001
I63
sS'own'
p3002
I63
sS'pussy'
p3003
I62
sS'nerves'
p3004
I63
sS'loner'
p3005
I63
sS'of\xe2\x80\xa6'
p3006
I63
sS'damnnn'
p3007
I62
sS'weather'
p3008
I60
sS'lune'
p3009
I63
sS'\xd9\x85\xd8\xa7\xd9\x82\xd8\xaa\xd9\x84'
p3010
I63
sS'notifications'
p3011
I63
sS'paulina'
p3012
I63
sS'"ignorance"'
p3013
I63
sS'wack'
p3014
I62
sS'van'
p3015
I63
sS'brownies'
p3016
I63
sS'nommy'
p3017
I63
sS'cleanse'
p3018
I63
sS'*'
p3019
I63
sS'noticed'
p3020
I63
sS'overtime'
p3021
I61
sS'pool'
p3022
I63
sS'biggest'
p3023
I62
sS'clikfit'
p3024
I60
sS'building'
p3025
I62
sS'\xec\x9a\x94\xec\xa6\x98'
p3026
I63
sS'north'
p3027
I62
sS"i've"
p3028
I55
sS'fasho'
p3029
I63
sS'hs'
p3030
I58
sS'bitches'
p3031
I62
sS'grudge'
p3032
I63
sS'but'
p3033
I29
sS'reminds'
p3034
I63
sS'hi'
p3035
I60
sS'gain'
p3036
I63
sS'bum'
p3037
I63
sS'highest'
p3038
I63
sS'eat'
p3039
I57
sS'bud'
p3040
I63
sS'he'
p3041
I52
sS'made'
p3042
I56
sS'places'
p3043
I63
sS'this)'
p3044
I63
sS'wish'
p3045
I61
sS'j'
p3046
I60
sS'smooth'
p3047
I63
sS'shamelessuk'
p3048
I62
sS'te'
p3049
I62
sS'legend"'
p3050
I63
sS'eyes"'
p3051
I63
sS'subbbbbbbb'
p3052
I63
sS'cacoon'
p3053
I63
sS'cake'
p3054
I63
sS'\xd9\x82\xd8\xa8\xd9\x84\xd9\x87'
p3055
I63
sS'piece'
p3056
I62
sS'minutes'
p3057
I62
sS'instead'
p3058
I63
sS'cmon'
p3059
I63
sS'friendly\xe2\x80\xa6'
p3060
I63
sS'fuuuu'
p3061
I63
sS'pic'
p3062
I59
sS'kisses'
p3063
I63
sS'ayooooo'
p3064
I63
sS'romance'
p3065
I63
sS'goodness'
p3066
I63
sS'shooting'
p3067
I62
sS'karinas'
p3068
I63
sS'ew'
p3069
I63
sS'loud'
p3070
I62
sS'contest'
p3071
I63
sS'wowwwwww'
p3072
I63
sS'44'
p3073
I63
sS'40'
p3074
I62
sS'"explosion"'
p3075
I63
sS'book'
p3076
I62
sS'baaaaaad'
p3077
I63
sS'sick'
p3078
I59
sS'booo'
p3079
I63
sS'martial'
p3080
I63
sS'holla\xe2\x99\xa5'
p3081
I63
sS'kuya'
p3082
I63
sS'reckless'
p3083
I62
sS'junk'
p3084
I63
sS'star'
p3085
I63
sS'monday'
p3086
I61
sS'gay'
p3087
I63
sS'stay'
p3088
I62
sS'chance'
p3089
I61
sS'them.-albert'
p3090
I63
sS'kinda'
p3091
I63
sS'enviarme'
p3092
I63
sS'friends'
p3093
I56
sS'family\xe2\x80\xa6'
p3094
I63
sS'goin'
p3095
I63
sS'kevins'
p3096
I63
sS'using'
p3097
I63
sS'jawbone'
p3098
I63
sS"it's\xe2\x80\xa6"
p3099
I63
sS'tvir'
p3100
I63
sS'announces'
p3101
I63
sS'understand'
p3102
I62
sS'"the'
p3103
I62
sS'8th'
p3104
I63
s.