(dp0
S''
p1
I2
sS'todays'
p2
I70
sS'glamis'
p3
I71
sS'cussed'
p4
I71
sS'sleep'
p5
I56
sS'hanging'
p6
I71
sS'nega'
p7
I71
sS'hate'
p8
I49
sS'worked'
p9
I70
sS'baya'
p10
I71
sS'moneyy'
p11
I71
sS'me..rooting'
p12
I71
sS'marcos'
p13
I71
sS"yous'ah"
p14
I71
sS'up"'
p15
I71
sS'seriously'
p16
I69
sS'otra'
p17
I71
sS'bike'
p18
I70
sS'swap'
p19
I67
sS'iitt'
p20
I71
sS'under'
p21
I71
sS'regal'
p22
I71
sS'sorry'
p23
I69
sS'pride'
p24
I71
sS'worth'
p25
I70
sS'bodyshop'
p26
I71
sS'vase'
p27
I71
sS'smack'
p28
I71
sS'every'
p29
I69
sS'bringing'
p30
I70
sS'school'
p31
I63
sS'baking'
p32
I71
sS'wednesday'
p33
I71
sS'oooh'
p34
I70
sS'glued'
p35
I71
sS'heading'
p36
I71
sS'clothes'
p37
I71
sS'babygirl'
p38
I67
sS'tired'
p39
I65
sS'nigg'
p40
I71
sS'magready'
p41
I71
sS'nail'
p42
I71
sS'second'
p43
I70
sS'fabulous'
p44
I71
sS'panda'
p45
I71
sS'machines'
p46
I71
sS'jessica'
p47
I71
sS'even'
p48
I55
sS'captain'
p49
I71
sS'hide'
p50
I71
sS'+'
p51
I71
sS'cooking'
p52
I69
sS'poison'
p53
I71
sS'lights'
p54
I70
sS'$5.95'
p55
I71
sS'&nd'
p56
I70
sS'above'
p57
I71
sS'new'
p58
I50
sS'tips'
p59
I71
sS'ever'
p60
I62
sS'told'
p61
I68
sS'mamas'
p62
I70
sS'kicked'
p63
I70
sS'join'
p64
I71
sS'never'
p65
I65
sS'jasmine'
p66
I71
sS"jessie's"
p67
I71
sS'here'
p68
I51
sS'\xe2\x9d\xa4\xef\xb8\x8f'
p69
I68
sS'protection'
p70
I71
sS'dora'
p71
I71
sS'&&'
p72
I70
sS"&'"
p73
I71
sS'pati'
p74
I71
sS'chino'
p75
I71
sS'celebration'
p76
I71
sS'kids'
p77
I62
sS'daughter'
p78
I68
sS'hunting'
p79
I71
sS'k'
p80
I70
sS'august\xe2\x80\xa6'
p81
I71
sS'tv'
p82
I71
sS"i'd"
p83
I71
sS'ako'
p84
I69
sS'smoke'
p85
I70
sS'stressed'
p86
I71
sS'negros'
p87
I71
sS"i'm"
p88
I11
sS'joshua'
p89
I71
sS"g's"
p90
I71
sS'lonnggg'
p91
I71
sS'godmother'
p92
I71
sS'feelings'
p93
I70
sS'bro'
p94
I68
sS'home.had'
p95
I71
sS'<3'
p96
I69
sS"hubby's"
p97
I71
sS'would'
p98
I69
sS'hospital'
p99
I71
sS'motivate'
p100
I71
sS'negative'
p101
I71
sS'princess'
p102
I71
sS'dnt'
p103
I71
sS'aplicar'
p104
I71
sS'call'
p105
I68
sS'chinchilla'
p106
I71
sS'sarap'
p107
I71
sS'nate'
p108
I71
sS'type'
p109
I71
sS'until'
p110
I70
sS'posting'
p111
I71
sS'holy'
p112
I71
sS'relax'
p113
I71
sS'holt'
p114
I67
sS'haha'
p115
I65
sS'phony'
p116
I71
sS'hurt'
p117
I70
sS'99'
p118
I71
sS'phone'
p119
I69
sS'warm'
p120
I71
sS'prescription'
p121
I71
sS'90'
p122
I71
sS'hole'
p123
I71
sS'hold'
p124
I70
sS"5'4"
p125
I71
sS'shoot'
p126
I70
sS'ma'
p127
I68
sS'room'
p128
I71
sS'mc'
p129
I71
sS'1999'
p130
I71
sS'work'
p131
I38
sS'mi'
p132
I69
sS'worn'
p133
I71
sS'movies'
p134
I69
sS'mw'
p135
I71
sS'era'
p136
I71
sS'shool'
p137
I71
sS'it\xc2\xb0'
p138
I71
sS'my'
p139
I3
sS'beerpong'
p140
I69
sS'give'
p141
I63
sS'stressing'
p142
I71
sS'homie'
p143
I67
sS'want'
p144
I40
sS'peoples'
p145
I71
sS'keep'
p146
I69
sS'hoe'
p147
I69
sS'end'
p148
I63
sS'thing'
p149
I64
sS'puerco'
p150
I71
sS'travel'
p151
I70
sS'sitting'
p152
I70
sS'how'
p153
I40
sS'hot'
p154
I62
sS'hop'
p155
I71
sS'interview'
p156
I70
sS'gate'
p157
I71
sS'beach'
p158
I68
sS'pizza'
p159
I66
sS'untill'
p160
I71
sS'beauty'
p161
I71
sS'bday'
p162
I68
sS'after'
p163
I64
sS'memorial'
p164
I71
sS'demanding'
p165
I71
sS'wrong'
p166
I67
sS'induce'
p167
I71
sS'dumbo'
p168
I71
sS'law'
p169
I70
sS'ready\xe2\x98\xba'
p170
I71
sS'*austin'
p171
I71
sS'appreciate'
p172
I71
sS'lololol'
p173
I71
sS'cigarettes'
p174
I71
sS'chilles'
p175
I71
sS'keeps'
p176
I69
sS'leggings'
p177
I71
sS'order'
p178
I71
sS'wine'
p179
I71
sS'fifa'
p180
I70
sS'salon'
p181
I71
sS'sanchez'
p182
I71
sS'over'
p183
I60
sS'neta'
p184
I71
sS'fonzy'
p185
I71
sS'foreal'
p186
I71
sS'mayor'
p187
I71
sS'before'
p188
I69
sS'heheheh'
p189
I71
sS'chihuahua'
p190
I70
sS'pomona)'
p191
I67
sS'puig'
p192
I71
sS'better'
p193
I62
sS'gisselle'
p194
I71
sS'400'
p195
I71
sS'weeks'
p196
I70
sS'then'
p197
I61
sS'them'
p198
I53
sS'thrones'
p199
I71
sS'workout'
p200
I63
sS'safe'
p201
I70
sS'cuties'
p202
I71
sS'break'
p203
I69
sS'\xe2\x98\xba\xef\xb8\x8f'
p204
I70
sS'aracely'
p205
I71
sS'glazed'
p206
I71
sS'one'
p207
I39
sS'silver'
p208
I71
sS'bank'
p209
I71
sS'hahaa'
p210
I67
sS'l'
p211
I71
sS'rocks'
p212
I71
sS"do.:'("
p213
I71
sS'addicted'
p214
I71
sS'went'
p215
I69
sS'bong'
p216
I71
sS'side'
p217
I70
sS'mean'
p218
I67
sS'mdm'
p219
I71
sS'forgot'
p220
I70
sS'parating'
p221
I71
sS'saturday'
p222
I71
sS'fatty'
p223
I71
sS'rt'
p224
I69
sS'driving'
p225
I69
sS'god'
p226
I67
sS'tales'
p227
I71
sS'crucial'
p228
I71
sS'forty'
p229
I71
sS'at('
p230
I71
sS'tomorrow'
p231
I65
sS'smh'
p232
I67
sS'medicine'
p233
I71
sS'got'
p234
I30
sS'rn'
p235
I69
sS'u.s'
p236
I71
sS'independence'
p237
I71
sS'mcdees'
p238
I71
sS'cutest'
p239
I71
sS"doesn't"
p240
I69
sS'pansita'
p241
I71
sS'tias'
p242
I71
sS'free'
p243
I67
sS'returning'
p244
I71
sS'wanted'
p245
I67
sS'dayy'
p246
I68
sS'starts'
p247
I71
sS'ritual'
p248
I71
sS'days'
p249
I70
sS'heck'
p250
I71
sS'"no'
p251
I71
sS'soda'
p252
I71
sS'feds'
p253
I71
sS'isa'
p254
I71
sS'(at'
p255
I71
sS'fuckin'
p256
I71
sS'cleaning'
p257
I71
sS'already'
p258
I55
sS'hearing'
p259
I71
sS'hook'
p260
I71
sS'another'
p261
I69
sS'bluntt'
p262
I71
sS'ditch'
p263
I71
sS'hood'
p264
I68
sS'toy'
p265
I71
sS'service'
p266
I71
sS'paepalan'
p267
I71
sS'dogg'
p268
I71
sS'top'
p269
I69
sS'girls'
p270
I59
sS'vagina'
p271
I71
sS'today.woop'
p272
I71
sS'too'
p273
I58
sS'tom'
p274
I69
sS'hollywood'
p275
I70
sS'dogs'
p276
I71
sS'listen'
p277
I70
sS'xd,91767\n486607233208156160,bdprhino11,2014-07-08'
p278
I71
sS'tooo'
p279
I71
sS'gym'
p280
I65
sS'took'
p281
I69
sS'movement....very'
p282
I71
sS'wisdom'
p283
I70
sS'hahahahahaahaha'
p284
I71
sS'theft\xc2\xa0auto'
p285
I71
sS'cereal'
p286
I71
sS'stocking'
p287
I71
sS'target'
p288
I70
sS'tree'
p289
I71
sS'shower'
p290
I69
sS'matter'
p291
I70
sS'idle'
p292
I71
sS'classes'
p293
I71
sS'"happy"'
p294
I71
sS's.relationship'
p295
I71
sS'knights'
p296
I71
sS'feeling'
p297
I57
sS'mind'
p298
I67
sS'mine'
p299
I70
sS'talking'
p300
I68
sS'x)'
p301
I71
sS'rap'
p302
I71
sS'seen'
p303
I68
sS'seem'
p304
I70
sS'mins'
p305
I71
sS'seek'
p306
I71
sS'tells'
p307
I71
sS'blastoise'
p308
I71
sS'genuine'
p309
I71
sS'20:07:10.0,34.0616977,-117.7342186,4027.02,sat'
p310
I71
sS'doughty'
p311
I70
sS'-'
p312
I58
sS'kaya'
p313
I71
sS'niece'
p314
I71
sS'soup"'
p315
I71
sS'reals'
p316
I70
sS'rides'
p317
I71
sS'blue'
p318
I71
sS'nobody'
p319
I69
sS',91767\n499819162701545472,bdprhino11,2014-08-14'
p320
I71
sS'though'
p321
I69
sS'bsu'
p322
I71
sS'doin'
p323
I69
sS'sue'
p324
I70
sS'y'
p325
I62
sS'plenty'
p326
I70
sS'marie'
p327
I71
sS'the'
p328
I5
sS'attitude'
p329
I71
sS'xpress)'
p330
I71
sS'smoked'
p331
I71
sS'episode'
p332
I70
sS'nagising'
p333
I71
sS'alarm'
p334
I71
sS'm'
p335
I65
sS'dog'
p336
I69
sS'yours'
p337
I70
sS'karina'
p338
I71
sS'yes!,91767\n501281536621039616,bdprhino11,2014-08-18'
p339
I71
sS'left'
p340
I68
sS'enchiladas'
p341
I71
sS'came'
p342
I68
sS'saying'
p343
I71
sS'bomb'
p344
I68
sS'lyrics'
p345
I71
sS'yeh'
p346
I71
sS"d'"
p347
I71
sS'random'
p348
I70
sS'yes!,91767\n486603847561793537,bdprhino11,2014-07-08'
p349
I71
sS'spot!everyone'
p350
I71
sS'pops'
p351
I71
sS'nephew'
p352
I70
sS'tempted'
p353
I71
sS'busy'
p354
I69
sS'ment'
p355
I71
sS'menu'
p356
I71
sS'explain'
p357
I71
sS"baby's"
p358
I70
sS'sugar'
p359
I70
sS'rihanna'
p360
I70
sS'theme'
p361
I71
sS'about'
p362
I39
sS'rich'
p363
I71
sS'gangsta'
p364
I71
sS'wearing'
p365
I70
sS'do'
p366
I32
sS'niggus'
p367
I69
sS'dj'
p368
I69
sS'sleepy'
p369
I69
sS'honda'
p370
I71
sS'stop'
p371
I66
sS'machos'
p372
I71
sS'feel.sick'
p373
I71
sS'nasty'
p374
I71
sS'lmao'
p375
I65
sS'earn'
p376
I71
sS'groupie'
p377
I71
sS'pretzel'
p378
I71
sS'patch'
p379
I71
sS'bad'
p380
I58
sS'bae'
p381
I69
sS'shots'
p382
I67
sS'w/c'
p383
I71
sS'alsina'
p384
I71
sS'marami'
p385
I71
sS'fair'
p386
I70
sS'crafts'
p387
I71
sS'w/'
p388
I71
sS'lemonade'
p389
I71
sS'pushed'
p390
I71
sS'9-3pm'
p391
I71
sS'goodnight'
p392
I67
sS'decided'
p393
I71
sS'radius'
p394
I71
sS'warnings!,91767\n329628240127852546,christsanctify1,2013-05-01'
p395
I71
sS'best'
p396
I68
sS'brazil'
p397
I69
sS'said'
p398
I65
sS'lots'
p399
I71
sS'sombrero'
p400
I71
sS'away'
p401
I68
sS'x),91767\n486205955822993408,gladiator_123,2014-07-07'
p402
I71
sS"there's"
p403
I64
sS'finger'
p404
I70
sS'hopefully'
p405
I63
sS'hospital..fuck'
p406
I71
sS'accord'
p407
I71
sS'men'
p408
I71
sS'omg'
p409
I56
sS'tables'
p410
I71
sS'lupe'
p411
I71
sS'weak'
p412
I71
sS'boss'
p413
I70
sS'toothbrush'
p414
I71
sS'rivers'
p415
I71
sS'wear'
p416
I69
sS'wtf'
p417
I65
sS'cousin'
p418
I67
sS'picking'
p419
I70
sS'tfti'
p420
I71
sS'met'
p421
I71
sS'fault'
p422
I70
sS'ill'
p423
I63
sS'una'
p424
I71
sS'bet'
p425
I71
sS'tomarrow'
p426
I71
sS'studio'
p427
I71
sS'argue'
p428
I71
sS'for.."'
p429
I71
sS'uno'
p430
I70
sS'"please'
p431
I71
sS',91767\n508864398358614016,bdprhino11,2014-09-08'
p432
I71
sS'waaay'
p433
I71
sS'hubbys'
p434
I71
sS'whaqt'
p435
I71
sS'pregnancy'
p436
I71
sS'trust'
p437
I65
sS'100'
p438
I71
sS'now('
p439
I71
sS'khaled'
p440
I71
sS'three'
p441
I71
sS'been'
p442
I45
sS'beer'
p443
I69
sS'much'
p444
I48
sS'nakain'
p445
I71
sS'kktm'
p446
I71
sS'expected'
p447
I71
sS'threw'
p448
I68
sS'website'
p449
I71
sS'life'
p450
I53
sS'spit'
p451
I71
sS'drugs'
p452
I71
sS'cosmetology'
p453
I71
sS'catch'
p454
I71
sS'chili'
p455
I71
sS'haters'
p456
I71
sS'church)'
p457
I69
sS'chill'
p458
I69
sS'newest'
p459
I71
sS'n'
p460
I44
sS'ugly'
p461
I71
sS'manee'
p462
I70
sS'aid'
p463
I71
sS'voice'
p464
I71
sS'leaves'
p465
I71
sS'chilling'
p466
I70
sS'stretching'
p467
I71
sS'existence'
p468
I71
sS'mexico'
p469
I67
sS'is'
p470
I9
sS'sushi'
p471
I71
sS'it'
p472
I13
sS'player'
p473
I71
sS'im'
p474
I52
sS'in'
p475
I15
sS'squats'
p476
I71
sS'craycray'
p477
I71
sS'id'
p478
I71
sS'if'
p479
I45
sS'confirmed'
p480
I71
sS'10:02:18.0,34.0616671,-117.7341878,4027.02,why'
p481
I71
sS'bottles'
p482
I71
sS'perform'
p483
I71
sS'things'
p484
I67
sS'make'
p485
I63
sS"b's"
p486
I71
sS'mabait'
p487
I71
sS'grows'
p488
I71
sS'20:12:52.0,34.0616869,-117.7341971,4027.02,gol'
p489
I71
sS'yung'
p490
I71
sS'independent'
p491
I71
sS'pick'
p492
I70
sS'bfrank'
p493
I71
sS'evil'
p494
I71
sS'hand'
p495
I71
sS'fridays'
p496
I71
sS'lol\xe2\x80\x9d'
p497
I71
sS'jealous'
p498
I71
sS'overr'
p499
I71
sS'charlie'
p500
I71
sS'tht'
p501
I69
sS'dada'
p502
I70
sS'huddling'
p503
I71
sS'tho'
p504
I55
sS'savings'
p505
I71
sS'passedd'
p506
I71
sS'greatest'
p507
I71
sS'mother'
p508
I67
sS'nachos'
p509
I71
sS'800'
p510
I71
sS'musical'
p511
I71
sS'tha'
p512
I65
sS'outlets)'
p513
I71
sS'wahh'
p514
I69
sS'eyebrows'
p515
I67
sS'bugger'
p516
I71
sS'just'
p517
I9
sS'\xe2\x9d\xa4\xef\xb8\x8f\xe2\x9d\xa4\xef\xb8\x8f\xe2\x9d\xa4\xef\xb8\x8f\xe2\x9d\xa4\xef\xb8\x8f\xe2\x9d\xa4\xef\xb8\x8f'
p518
I71
sS'yea'
p519
I64
sS'gods'
p520
I71
sS'yee'
p521
I71
sS'hahahha'
p522
I71
sS'thanks'
p523
I62
sS'human'
p524
I71
sS'yes'
p525
I62
sS'yet'
p526
I71
sS'hah'
p527
I66
sS'jose'
p528
I71
sS'b.o.b'
p529
I71
sS'had'
p530
I57
sS'has'
p531
I57
sS'bawmb'
p532
I70
sS'ops'
p533
I71
sS'breaks'
p534
I71
sS'tmrw'
p535
I70
sS'bastards'
p536
I71
sS'banda'
p537
I71
sS'brought'
p538
I71
sS'gift'
p539
I71
sS'-_-'
p540
I71
sS'cooler'
p541
I71
sS'50'
p542
I71
sS'channel'
p543
I70
sS'night'
p544
I51
sS'amor'
p545
I71
sS'www'
p546
I71
sS'right'
p547
I45
sS'old'
p548
I67
sS'fuuuuuck'
p549
I71
sS'deal'
p550
I70
sS'people'
p551
I60
sS'understand'
p552
I70
sS'idgaf'
p553
I71
sS'bangko'
p554
I71
sS'trippen'
p555
I71
sS'escape'
p556
I71
sS'finna'
p557
I68
sS'fingerprinting'
p558
I71
sS'for'
p559
I10
sS'(explicit)'
p560
I71
sS'/'
p561
I69
sS'everything'
p562
I70
sS'ucsb'
p563
I71
sS'\xe2\x8c\x9awork'
p564
I71
sS'foo'
p565
I71
sS'20:57:19.0,34.0617081,-117.7342306,4027.02,theres'
p566
I71
sS'sewing'
p567
I71
sS'dental'
p568
I71
sS'plz'
p569
I68
sS'cort'
p570
I71
sS'kaung'
p571
I71
sS'haterss'
p572
I71
sS'buffet'
p573
I71
sS'graduated'
p574
I71
sS'post'
p575
I67
sS'super'
p576
I67
sS'diner'
p577
I71
sS'filipino'
p578
I71
sS'months'
p579
I68
sS'anima'
p580
I71
sS'dinner'
p581
I68
sS'plus'
p582
I71
sS'stoked'
p583
I71
sS'sept'
p584
I71
sS'aha'
p585
I71
sS'froze'
p586
I71
sS'whatz'
p587
I71
sS'soo'
p588
I70
sS'bath'
p589
I70
sS'down'
p590
I63
sS'lies'
p591
I71
sS'magazines'
p592
I71
sS'chrissys'
p593
I71
sS'abel'
p594
I71
sS"gett'n"
p595
I71
sS'tgif-'
p596
I71
sS'fck'
p597
I71
sS'fabric'
p598
I71
sS'waits'
p599
I71
sS'support'
p600
I71
sS'flying'
p601
I71
sS'>>>>'
p602
I71
sS'fight'
p603
I70
sS'ganja'
p604
I71
sS'absolutely'
p605
I70
sS'lagi'
p606
I71
sS'way'
p607
I56
sS'music'
p608
I71
sS'wat'
p609
I66
sS'was'
p610
I23
sS'war'
p611
I71
sS'happy'
p612
I46
sS'head'
p613
I69
sS'batman'
p614
I71
sS'fireworks'
p615
I71
sS'kimber'
p616
I71
sS'happpppy'
p617
I71
sS'heat'
p618
I71
sS'inma'
p619
I71
sS'hear'
p620
I71
sS'selfand'
p621
I71
sS'true'
p622
I69
sS'reset'
p623
I71
sS'whyy'
p624
I71
sS'supp'
p625
I71
sS'inside'
p626
I71
sS'raspado'
p627
I67
sS'siikkk'
p628
I71
sS'isang'
p629
I71
sS'tell'
p630
I67
sS'r.i.p'
p631
I71
sS'lays'
p632
I71
sS'(cont)'
p633
I71
sS'mtb'
p634
I71
sS'daddy'
p635
I70
sS'penal'
p636
I71
sS'trim'
p637
I71
sS'later'
p638
I69
sS'shin'
p639
I71
sS'llevo'
p640
I70
sS'hungry'
p641
I67
sS'sometime'
p642
I71
sS'prayer'
p643
I71
sS'annoying'
p644
I71
sS'check'
p645
I68
sS'shit'
p646
I56
sS'derecho'
p647
I71
sS'22:10:58.0,34.06466975,-117.71911179,4027.02,when'
p648
I71
sS'dying'
p649
I71
sS'no'
p650
I31
sS'na'
p651
I62
sS'nd'
p652
I69
sS'ne'
p653
I70
sS'ng'
p654
I68
sS'test'
p655
I70
sS'smell'
p656
I69
sS'meeeee'
p657
I71
sS'picture'
p658
I69
sS'turnup'
p659
I68
sS'dies'
p660
I71
sS'welcome'
p661
I70
sS'update'
p662
I71
sS"let's"
p663
I62
sS'fell'
p664
I69
sS'rolling'
p665
I71
sS'aguado'
p666
I71
sS'weekend'
p667
I63
sS'younger'
p668
I70
sS'longer'
p669
I71
sS'lazaro'
p670
I71
sS'together'
p671
I66
sS'loyal'
p672
I71
sS'wubsy'
p673
I71
sS'time'
p674
I39
sS'calibre'
p675
I71
sS'songs'
p676
I70
sS':/'
p677
I60
sS':('
p678
I67
sS':)'
p679
I53
sS'ron'
p680
I70
sS'dance'
p681
I70
sS'roc'
p682
I71
sS'rod'
p683
I71
sS'focus'
p684
I71
sS'laura'
p685
I71
sS'cougars'
p686
I71
sS'mile'
p687
I71
sS'ice'
p688
I68
sS'battle'
p689
I71
sS'mill'
p690
I71
sS'milk'
p691
I71
sS'^.<'
p692
I71
sS'yummy'
p693
I68
sS"when's"
p694
I71
sS'father'
p695
I71
sS'nigia'
p696
I71
sS'0'
p697
I71
sS'finally'
p698
I62
sS'cuzing'
p699
I71
sS'text'
p700
I68
sS'shmoney'
p701
I70
sS'bestt'
p702
I71
sS'me'
p703
I9
sS'(official'
p704
I71
sS':i'
p705
I71
sS'3am'
p706
I70
sS':d'
p707
I69
sS'yahhhh'
p708
I71
sS'keeping'
p709
I71
sS'tacos'
p710
I67
sS'vegas'
p711
I69
sS'mylee'
p712
I71
sS'word'
p713
I71
sS'blast'
p714
I71
sS'stayy'
p715
I71
sS'minute'
p716
I71
sS'cool'
p717
I69
sS'gatta'
p718
I71
sS'level'
p719
I71
sS'did'
p720
I66
sS'die'
p721
I70
sS'philippines'
p722
I71
sS'posts'
p723
I71
sS'brother'
p724
I68
sS'turnt'
p725
I69
sS'leave'
p726
I68
sS'p'
p727
I70
sS'subway'
p728
I71
sS'gut'
p729
I71
sS'quick'
p730
I70
sS'mybe'
p731
I71
sS'guy'
p732
I69
sS"son's"
p733
I71
sS'dip'
p734
I71
sS'dis'
p735
I67
sS'pmu'
p736
I71
sS'olympic'
p737
I71
sS'says'
p738
I70
sS'sayy'
p739
I70
sS'cagar'
p740
I71
sS'pienso'
p741
I71
sS'mk'
p742
I71
sS'eating'
p743
I68
sS'pedo'
p744
I71
sS'bake'
p745
I71
sS'fear'
p746
I71
sS'drinks'
p747
I71
sS'lmbo'
p748
I71
sS"carter's"
p749
I71
sS'goes'
p750
I66
sS'falling'
p751
I71
sS'watches'
p752
I71
sS'jury'
p753
I71
sS'kami'
p754
I71
sS"antony's"
p755
I71
sS'hunmam'
p756
I71
sS'french'
p757
I71
sS'water'
p758
I69
sS'downloaded'
p759
I71
sS'slow'
p760
I71
sS'witch'
p761
I71
sS'alone'
p762
I69
sS'earthquake'
p763
I71
sS'change'
p764
I68
sS'wait'
p765
I62
sS'boy'
p766
I65
sS'rnhell'
p767
I71
sS'/:,91767\n487002384640376832,bdprhino11,2014-07-09'
p768
I71
sS'brilliant'
p769
I70
sS'shift'
p770
I69
sS'sasabihin'
p771
I71
sS'touring'
p772
I71
sS'lakers'
p773
I69
sS'boi'
p774
I71
sS'boo'
p775
I67
sS'bruised'
p776
I71
sS'massage'
p777
I70
sS'treasure'
p778
I71
sS'love'
p779
I24
sS'morals'
p780
I71
sS'extra'
p781
I70
sS'20:04:36.0,34.0616958,-117.7341734,4027.02,happy'
p782
I71
sS'fake'
p783
I66
sS'theeeeeee'
p784
I71
sS'market'
p785
I71
sS'sky'
p786
I71
sS'everybody'
p787
I68
sS'working'
p788
I67
sS'positive'
p789
I70
sS'>:)'
p790
I71
sS"it'll"
p791
I71
sS'visit'
p792
I71
sS'live'
p793
I65
sS'babe\xe2\x98\x80\xef\xb8\x8f'
p794
I71
sS'iphone'
p795
I71
sS'msg'
p796
I70
sS'thru'
p797
I70
sS'today'
p798
I48
sS'loving'
p799
I66
sS'tmrrw'
p800
I71
sS"me:'(my"
p801
I71
sS'club'
p802
I65
sS'ooh'
p803
I71
sS'chocolate'
p804
I71
sS'lamon'
p805
I71
sS'everywhere'
p806
I71
sS'far'
p807
I71
sS'\xe2\x9d\xa4\xef\xb8\x8f\xe2\x9d\xa4\xef\xb8\x8f'
p808
I70
sS'fly'
p809
I70
sS'niggas'
p810
I65
sS'car'
p811
I63
sS'pretend'
p812
I71
sS'valla'
p813
I71
sS'cat'
p814
I70
sS'flannels'
p815
I71
sS'can'
p816
I40
sS'growing'
p817
I70
sS'making'
p818
I68
sS'daming'
p819
I70
sS'heart'
p820
I66
sS'crazy'
p821
I67
sS'hears'
p822
I70
sS'awesome'
p823
I69
sS"didn't"
p824
I69
sS'fuck'
p825
I47
sS'7pm'
p826
I71
sS'fanning'
p827
I71
sS'dropped'
p828
I71
sS'muay'
p829
I70
sS'counting'
p830
I71
sS'winter'
p831
I69
sS'bawmb('
p832
I71
sS'16:07:51.0,34.06376077,-117.71863214,4027.02,the'
p833
I71
sS'means'
p834
I71
sS'payasa'
p835
I71
sS'1'
p836
I71
sS'till'
p837
I70
sS'sunday'
p838
I69
sS'llega'
p839
I71
sS'elephant'
p840
I71
sS'speaks'
p841
I71
sS'$100'
p842
I71
sS'staying'
p843
I68
sS'143'
p844
I69
sS'magdisneyland'
p845
I71
sS'may'
p846
I66
sS'cuhz'
p847
I71
sS'spot'
p848
I71
sS'bawm'
p849
I71
sS"goain't"
p850
I71
sS'birthday'
p851
I65
sS'mad'
p852
I64
sS'mag'
p853
I69
sS'(nsfw)'
p854
I71
sS'such'
p855
I71
sS'guys'
p856
I63
sS'man'
p857
I54
sS'vomited'
p858
I71
sS'stress'
p859
I71
sS'surfing'
p860
I71
sS'mayo'
p861
I71
sS'remember'
p862
I68
sS'maybe'
p863
I65
sS'hoa'
p864
I71
sS'su'
p865
I69
sS'st'
p866
I69
sS'si'
p867
I70
sS'so'
p868
I13
sS'deposit'
p869
I71
sS'intersession'
p870
I71
sS'sa'
p871
I66
sS'talk'
p872
I66
sS'drunken'
p873
I71
sS'cute'
p874
I58
sS'acts'
p875
I71
sS'haircut'
p876
I70
sS'years'
p877
I67
sS'course'
p878
I71
sS'episodes'
p879
I71
sS'shake'
p880
I71
sS'cold'
p881
I70
sS'still'
p882
I49
sS'kanya'
p883
I71
sS'sunday,91767\n373952886256181248,newwavedoll,2013-08-31'
p884
I71
sS'cola'
p885
I71
sS'group'
p886
I71
sS'thank'
p887
I57
sS"he's"
p888
I63
sS'thang'
p889
I71
sS'amazing'
p890
I70
sS'birthdayyyy'
p891
I71
sS'hometown'
p892
I71
sS'tweets'
p893
I71
sS'germany!,91767\n486331602167795712,bdprhino11,2014-07-08'
p894
I71
sS'main'
p895
I71
sS'happened'
p896
I71
sS'momz'
p897
I70
sS'noh'
p898
I71
sS'3'
p899
I68
sS'moms'
p900
I70
sS'nation'
p901
I70
sS'lunch'
p902
I71
sS'kanina'
p903
I71
sS'try'
p904
I71
sS'half'
p905
I70
sS'not'
p906
I49
sS'trobellino'
p907
I71
sS'now'
p908
I29
sS'bullshit'
p909
I71
sS'wont'
p910
I71
sS'creaam('
p911
I71
sS'name'
p912
I70
sS'thankful'
p913
I71
sS'locked'
p914
I71
sS'bowling'
p915
I71
sS'em'
p916
I69
sS'el'
p917
I68
sS'en'
p918
I69
sS'eh'
p919
I70
sS'yeah'
p920
I69
sS'replay'
p921
I71
sS'yeap'
p922
I71
sS'year'
p923
I67
sS'okay'
p924
I71
sS'girl'
p925
I58
sS'\xee\x84\x86'
p926
I71
sS'es'
p927
I70
sS":'("
p928
I71
sS'neveen'
p929
I71
sS'3rd'
p930
I68
sS'space'
p931
I71
sS'profit'
p932
I71
sS'looking'
p933
I71
sS'bragg'
p934
I71
sS'miles'
p935
I71
sS'fuuhh'
p936
I71
sS'badgirls'
p937
I71
sS'shows'
p938
I71
sS'jacking'
p939
I71
sS'prostitutes'
p940
I71
sS'million'
p941
I70
sS'sabado'
p942
I71
sS'hirap'
p943
I71
sS'grandma'
p944
I71
sS'cough'
p945
I71
sS'clown'
p946
I71
sS'care'
p947
I67
sS'training'
p948
I70
sS'yup'
p949
I70
sS'100%'
p950
I71
sS'headphones'
p951
I71
sS'punk'
p952
I71
sS'british'
p953
I71
sS'yuh'
p954
I65
sS'place'
p955
I68
sS'qui\xc3\xa9n'
p956
I71
sS'yun'
p957
I71
sS'think'
p958
I48
sS'waited'
p959
I71
sS'first'
p960
I60
sS'cheese'
p961
I71
sS'tennis'
p962
I71
sS'oohh'
p963
I71
sS'fg'
p964
I71
sS'nilang'
p965
I71
sS'xd'
p966
I67
sS'mucho'
p967
I71
sS'fast'
p968
I69
sS'day\xe2\x80\xa6'
p969
I71
sS'sounds'
p970
I69
sS'george'
p971
I71
sS',91767\n493726135880908800,bdprhino11,2014-07-28'
p972
I71
sS'city'
p973
I70
sS'little'
p974
I68
sS'checked'
p975
I71
sS'caught'
p976
I69
sS'07:44:53.0,34.0616966,-117.7341534,4027.02,saaack!,91767\n492938524530704386,bdprhino11,2014-07-26'
p977
I71
sS'plastic'
p978
I71
sS'anyone'
p979
I67
sS'fml'
p980
I71
sS'2'
p981
I63
sS'white'
p982
I69
sS'brees'
p983
I71
sS'friend'
p984
I65
sS'hug'
p985
I69
sS'pomp'
p986
I71
sS'that'
p987
I17
sS'season'
p988
I71
sS'waistline'
p989
I71
sS'huh'
p990
I70
sS'baby<3'
p991
I71
sS'quan'
p992
I71
sS'butt'
p993
I71
sS'x2'
p994
I71
sS'thai'
p995
I71
sS'than'
p996
I62
sS'boyfriend'
p997
I69
sS'widd'
p998
I68
sS'10'
p999
I69
sS'theenn'
p1000
I71
sS'14'
p1001
I70
sS'16'
p1002
I70
sS'gotta'
p1003
I67
sS'r'
p1004
I64
sS'apples'
p1005
I71
sS'were'
p1006
I62
sS'cards'
p1007
I71
sS'and'
p1008
I8
sS'gathering'
p1009
I71
sS'ang'
p1010
I68
sS'san'
p1011
I69
sS'angel'
p1012
I70
sS'ano'
p1013
I71
sS'argument'
p1014
I71
sS'sad'
p1015
I63
sS'ant'
p1016
I70
sS'say'
p1017
I60
sS'rained'
p1018
I71
sS'breakfast'
p1019
I71
sS'geezus'
p1020
I71
sS'saw'
p1021
I70
sS'any'
p1022
I67
sS'jacks'
p1023
I71
sS'kush'
p1024
I70
sS'inked'
p1025
I71
sS'daaam!,91767\n486612674734600192,bdprhino11,2014-07-08'
p1026
I71
sS'somethings'
p1027
I70
sS'omfg'
p1028
I71
sS',91767\n510468011883368448,bdprhino11,2014-09-12'
p1029
I71
sS'take'
p1030
I57
sS'torbellino'
p1031
I70
sS'performance'
p1032
I70
sS'blunt'
p1033
I67
sS'spongbob'
p1034
I71
sS'bitching'
p1035
I71
sS'pain'
p1036
I69
sS'track'
p1037
I70
sS'knew'
p1038
I68
sS'paid'
p1039
I71
sS'sheets'
p1040
I71
sS'pair'
p1041
I71
sS'america'
p1042
I70
sS'faja'
p1043
I71
sS"malibu's"
p1044
I71
sS'forever'
p1045
I71
sS'especially'
p1046
I71
sS'fills'
p1047
I71
sS'egg'
p1048
I71
sS'proud'
p1049
I70
sS'drive'
p1050
I70
sS'crooked'
p1051
I71
sS'dawgg'
p1052
I71
sS'voodoo'
p1053
I71
sS'uncle'
p1054
I71
sS'alone*'
p1055
I71
sS'shop'
p1056
I69
sS'slutttennnn'
p1057
I71
sS'walking'
p1058
I71
sS'shot'
p1059
I71
sS'\xe2\x9c\xa8'
p1060
I70
sS'show'
p1061
I63
sS'"50'
p1062
I71
sS'cheap'
p1063
I71
sS'estoy'
p1064
I71
sS'purses'
p1065
I71
sS'corner'
p1066
I71
sS'upgrade'
p1067
I71
sS'woop'
p1068
I71
sS'daily'
p1069
I71
sS'zombie'
p1070
I71
sS'dick'
p1071
I71
sS'enough'
p1072
I69
sS'only'
p1073
I56
sS'going'
p1074
I49
sS'black'
p1075
I66
sS'hockey'
p1076
I71
sS'\xe2\x99\xa1'
p1077
I71
sS'20:47:57.0,34.0617165,-117.7342315,4027.02,dam'
p1078
I71
sS'beatles'
p1079
I71
sS'chantal'
p1080
I71
sS'get'
p1081
I25
sS'weed('
p1082
I71
sS'muna'
p1083
I70
sS'whaaat'
p1084
I71
sS'celebrate'
p1085
I71
sS'prima'
p1086
I71
sS'pimp'
p1087
I71
sS'wowowooowowowowoeoowoeoeoeoieoeorrifhbcndjajjsiddjhdhdhfbfbbfbxxnhsjhsbsbxbxbdfuckyoubabsbshdjjdhfh'
p1088
I71
sS'borrow'
p1089
I70
sS'morning'
p1090
I59
sS'naked'
p1091
I71
sS":')"
p1092
I71
sS'alicia'
p1093
I71
sS'stupid'
p1094
I68
sS'worries'
p1095
I71
sS'pants'
p1096
I71
sS'where'
p1097
I65
sS"everything's"
p1098
I71
sS'vision'
p1099
I71
sS"y'all"
p1100
I70
sS'medicated'
p1101
I71
sS'fe'
p1102
I71
sS'cologne'
p1103
I71
sS'gangster'
p1104
I71
sS'asleep'
p1105
I70
sS'complicadopensarte'
p1106
I71
sS'hoes'
p1107
I65
sS'surgery'
p1108
I71
sS'sport'
p1109
I71
sS'dinner..sooo'
p1110
I71
sS'wonder'
p1111
I71
sS'fails'
p1112
I71
sS'served'
p1113
I71
sS'ways'
p1114
I69
sS'opening'
p1115
I71
sS'destinys'
p1116
I71
sS'teeny'
p1117
I71
sS'outside'
p1118
I70
sS'llorar'
p1119
I71
sS'checks'
p1120
I71
sS'roeme'
p1121
I71
sS'ima'
p1122
I69
sS'infairness'
p1123
I71
sS'august'
p1124
I71
sS'parent'
p1125
I71
sS'kool'
p1126
I71
sS'dinero'
p1127
I71
sS'flow'
p1128
I71
sS'dome'
p1129
I71
sS'como'
p1130
I70
sS'hurts'
p1131
I68
sS'chachi'
p1132
I71
sS'come'
p1133
I48
sS'):,91767\n491673614853226496,bdprhino11,2014-07-22'
p1134
I71
sS'mans'
p1135
I69
sS'flipping'
p1136
I71
sS'many'
p1137
I66
sS'stupidest'
p1138
I71
sS'aff!!!home'
p1139
I71
sS'flipped'
p1140
I71
sS's'
p1141
I71
sS'workplace'
p1142
I71
sS'yeeea'
p1143
I71
sS"can't"
p1144
I44
sS'duty'
p1145
I71
sS'afterwards'
p1146
I71
sS'jk'
p1147
I71
sS'cuando'
p1148
I71
sS'pop'
p1149
I71
sS"couldn't"
p1150
I71
sS'cancel'
p1151
I71
sS'madrids'
p1152
I71
sS'now\xe2\x80\x9d'
p1153
I71
sS'mensa'
p1154
I71
sS'capable'
p1155
I71
sS'17:51:47.0,34.0633398,-117.7230379,4027.02,idk'
p1156
I71
sS'vacation'
p1157
I71
sS'mark'
p1158
I71
sS"m'fukka"
p1159
I71
sS'ratchett'
p1160
I71
sS'sked'
p1161
I71
sS'featuring'
p1162
I71
sS'wants'
p1163
I66
sS'direction'
p1164
I67
sS'educated'
p1165
I71
sS'shopping'
p1166
I71
sS'bernardino'
p1167
I71
sS'blessing'
p1168
I71
sS'wake'
p1169
I70
sS'hatin'
p1170
I71
sS'bionico'
p1171
I70
sS"d'or"
p1172
I71
sS'those'
p1173
I70
sS'myself'
p1174
I68
sS'miata'
p1175
I71
sS'casa'
p1176
I71
sS'these'
p1177
I63
sS'cash'
p1178
I70
sS'bby-doll'
p1179
I71
sS'proves'
p1180
I71
sS'goodmorning'
p1181
I67
sS'invited'
p1182
I71
sS'hattin'
p1183
I71
sS'orientation'
p1184
I71
sS'purse'
p1185
I71
sS'gym....oh'
p1186
I71
sS'sleeping'
p1187
I70
sS'someone'
p1188
I63
sS'3fg'
p1189
I71
sS'loosing'
p1190
I71
sS'istorbo'
p1191
I71
sS'everyday'
p1192
I71
sS'worry'
p1193
I69
sS'pay'
p1194
I70
sS'bowl'
p1195
I70
sS'bleezy'
p1196
I71
sS'same'
p1197
I65
sS'trip'
p1198
I71
sS'ya'
p1199
I70
sS'poetic'
p1200
I71
sS'buys'
p1201
I71
sS"12's"
p1202
I71
sS'events'
p1203
I71
sS'dated'
p1204
I71
sS'week'
p1205
I64
sS'finish'
p1206
I66
sS'barefoot'
p1207
I71
sS'sickness'
p1208
I71
sS'munch'
p1209
I71
sS'weed'
p1210
I68
sS'running'
p1211
I70
sS'fruit'
p1212
I71
sS'barber'
p1213
I68
sS'deff'
p1214
I71
sS'validate'
p1215
I71
sS'totally'
p1216
I70
sS'passing'
p1217
I71
sS'mentally'
p1218
I71
sS'\xe2\x9c\x8c\xef\xb8\x8f'
p1219
I69
sS'threaded'
p1220
I71
sS'trapp'
p1221
I70
sS'charger'
p1222
I71
sS'veas'
p1223
I71
sS'nothin'
p1224
I71
sS'murked'
p1225
I71
sS'without'
p1226
I69
sS'comes'
p1227
I69
sS'bottle'
p1228
I70
sS'hubby'
p1229
I63
sS'nah'
p1230
I71
sS'summer'
p1231
I71
sS'00:41:45.0,34.0632994,-117.72766911,4027.02,first'
p1232
I71
sS'they'
p1233
I41
sS'being'
p1234
I67
sS'tip'
p1235
I69
sS'amp,91767\n481223150990921730,monstaa_69,2014-06-23'
p1236
I71
sS'rest'
p1237
I69
sS'237yds'
p1238
I71
sS'kill'
p1239
I70
sS'touch'
p1240
I71
sS'blow'
p1241
I71
sS'sheldon'
p1242
I71
sS'thinking'
p1243
I65
sS'rose'
p1244
I71
sS'except'
p1245
I71
sS'mann'
p1246
I71
sS'lets'
p1247
I70
sS"22:36:31.0,34.0617108,-117.7341792,4027.02,i'm"
p1248
I71
sS'4'
p1249
I70
sS'hotdogs'
p1250
I71
sS'nga'
p1251
I71
sS'00:41:08.0,34.061695,-117.7341127,4027.02,indoor'
p1252
I71
sS'real'
p1253
I62
sS'around'
p1254
I64
sS'spectacular'
p1255
I71
sS'read'
p1256
I70
sS'gonna'
p1257
I43
sS'early'
p1258
I64
sS'\xe2\x9d\xa4'
p1259
I68
sS'tanto'
p1260
I71
sS'world'
p1261
I68
sS'dito'
p1262
I71
sS'lady'
p1263
I71
sS'lol,91767\n480164460896583681,backdoorsluts9_,2014-06-21'
p1264
I71
sS'pregnant'
p1265
I71
sS'bracelet'
p1266
I71
sS'either'
p1267
I70
sS'bearly'
p1268
I71
sS'shiiet'
p1269
I70
sS'freestyles'
p1270
I71
sS',91767\n415241190653440000,rawger23,2013-12-23'
p1271
I71
sS';p'
p1272
I71
sS'01:45:03.0,34.0609277,-117.7317844,4027.02,downtown'
p1273
I71
sS'madrid'
p1274
I71
sS'calling'
p1275
I71
sS';d'
p1276
I71
sS'dala'
p1277
I71
sS'joan'
p1278
I71
sS'thinks'
p1279
I71
sS'mustard'
p1280
I71
sS'error.,91767\n329469946620936192,christsanctify1,2013-05-01'
p1281
I71
sS'in\xe2\x80\xa6'
p1282
I71
sS'tube'
p1283
I71
sS'slick'
p1284
I71
sS'picks'
p1285
I71
sS'googles'
p1286
I71
sS'18:42:37.0,34.06588408,-117.71990012,4027.02,today'
p1287
I71
sS'hustle'
p1288
I70
sS'felt'
p1289
I71
sS'business'
p1290
I69
sS'asap'
p1291
I69
sS'lmfao'
p1292
I70
sS'nails'
p1293
I69
sS'broken'
p1294
I68
sS';)'
p1295
I63
sS';('
p1296
I71
sS'throw'
p1297
I70
sS'on'
p1298
I17
sS'ok'
p1299
I64
sS'winco'
p1300
I71
sS'oh'
p1301
I63
sS'og'
p1302
I71
sS'of'
p1303
I14
sS'practical'
p1304
I71
sS'wolf'
p1305
I71
sS'stand'
p1306
I71
sS'act'
p1307
I70
sS'luck'
p1308
I71
sS'or'
p1309
I58
sS'ladies'
p1310
I71
sS'sunod"'
p1311
I71
sS'blessed'
p1312
I71
sS'snapchat'
p1313
I71
sS'woooohooo'
p1314
I71
sS'mas'
p1315
I71
sS'dreaming'
p1316
I71
sS'happening'
p1317
I71
sS'shrinking'
p1318
I71
sS'your'
p1319
I31
sS'trabajas'
p1320
I71
sS'trabajar'
p1321
I71
sS'het'
p1322
I71
sS'fill'
p1323
I70
sS'her'
p1324
I53
sS'area'
p1325
I70
sS'ortiz'
p1326
I70
sS'there'
p1327
I43
sS'hey'
p1328
I68
sS'lol'
p1329
I12
sS'sides'
p1330
I71
sS'lmfaooo'
p1331
I71
sS'start'
p1332
I70
sS'yan'
p1333
I71
sS'dohhhh'
p1334
I71
sS'lot'
p1335
I68
sS'grnder'
p1336
I71
sS'valley'
p1337
I71
sS'knowledge'
p1338
I71
sS'lang'
p1339
I70
sS'aloneonly'
p1340
I71
sS'lmaooo'
p1341
I70
sS'jus'
p1342
I70
sS'sesh'
p1343
I71
sS'e'
p1344
I68
sS'trying'
p1345
I62
sS'with'
p1346
I16
sS'handsome'
p1347
I70
sS"they're"
p1348
I70
sS'rush'
p1349
I71
sS'romantic'
p1350
I71
sS'ronaldo'
p1351
I71
sS'bucket'
p1352
I71
sS'skyfox'
p1353
I71
sS'in&out'
p1354
I71
sS'connect'
p1355
I71
sS'gone'
p1356
I71
sS'ohh'
p1357
I70
sS'af'
p1358
I67
sS'taste'
p1359
I70
sS'ah'
p1360
I71
sS'am'
p1361
I69
sS'sales'
p1362
I71
sS'deep'
p1363
I71
sS'an'
p1364
I60
sS'as'
p1365
I64
sS'enable'
p1366
I71
sS'at'
p1367
I18
sS'23:59:24.0,34.0626908,-117.7284377,4027.02,fuck'
p1368
I71
sS'walks'
p1369
I71
sS'girlfriend'
p1370
I71
sS'watched'
p1371
I70
sS'moves'
p1372
I71
sS'cream'
p1373
I70
sS'again'
p1374
I61
sS'beyond'
p1375
I71
sS'yoga'
p1376
I70
sS'vickie'
p1377
I71
sS'21:20:10.0,34.0617179,-117.7341689,4027.02,i'
p1378
I71
sS'mmalapit'
p1379
I71
sS"jordan's"
p1380
I71
sS'cheater'
p1381
I71
sS'5'
p1382
I66
sS'playing\xee\x90\x8d'
p1383
I71
sS'you'
p1384
I7
sS'trash'
p1385
I71
sS'homeys'
p1386
I71
sS'poor'
p1387
I69
sS'pounce'
p1388
I71
sS'poop'
p1389
I71
sS"gon'"
p1390
I71
sS'life.hahaha'
p1391
I71
sS'teeth'
p1392
I71
sS'camarone'
p1393
I71
sS'important'
p1394
I71
sS"she's"
p1395
I60
sS'chris'
p1396
I71
sS'ezoo'
p1397
I71
sS'video)'
p1398
I71
sS'ft.\xe2\x80\x9d'
p1399
I71
sS'pool'
p1400
I71
sS'lipstick'
p1401
I71
sS'calls'
p1402
I70
sS'pasta\xe2\x9d\xa4'
p1403
I71
sS'mimiz'
p1404
I71
sS'05:38:51.0,34.06565204,-117.71904859,4027.02,thank'
p1405
I71
sS"colombianathat's"
p1406
I71
sS'corey'
p1407
I71
sS'u'
p1408
I34
sS'alright'
p1409
I67
sS'starting'
p1410
I71
sS'represent'
p1411
I71
sS'all'
p1412
I37
sS'forget'
p1413
I71
sS'chinese'
p1414
I71
sS'sweaaarrrr'
p1415
I71
sS'month'
p1416
I71
sS'follow'
p1417
I68
sS'day1'
p1418
I71
sS'hmmm'
p1419
I71
sS'asada'
p1420
I71
sS'vikings'
p1421
I71
sS'imma'
p1422
I71
sS'tu'
p1423
I66
sS'misses'
p1424
I71
sS'thursday'
p1425
I71
sS'to'
p1426
I4
sS'aaron'
p1427
I71
sS'program'
p1428
I71
sS'tf'
p1429
I69
sS'smile'
p1430
I70
sS'te'
p1431
I70
sS'homepage'
p1432
I71
sS'woman'
p1433
I67
sS'amarte'
p1434
I71
sS"they'll"
p1435
I71
sS'16:31:35.0,34.06570484,-117.7199537,4027.02,read'
p1436
I71
sS'song'
p1437
I68
sS'very'
p1438
I69
sS'horror'
p1439
I71
sS'fav'
p1440
I71
sS'fat'
p1441
I67
sS'15'
p1442
I71
sS'tatted'
p1443
I69
sS'fab'
p1444
I71
sS'ticket'
p1445
I69
sS'gf'
p1446
I71
sS'--'
p1447
I71
sS'laying'
p1448
I71
sS'19:58:19.0,34.061665,-117.7341775,4027.02,:d'
p1449
I71
sS'tbt'
p1450
I71
sS'small'
p1451
I71
sS'study'
p1452
I71
sS"i'll"
p1453
I61
sS'cookies'
p1454
I69
sS'rats'
p1455
I71
sS'instagram'
p1456
I71
sS'tea'
p1457
I67
sS'penalties'
p1458
I71
sS'streets'
p1459
I70
sS'turrnnuup'
p1460
I71
sS'past'
p1461
I71
sS'orgasm'
p1462
I71
sS'pregnant!me'
p1463
I71
sS'yassssssss'
p1464
I71
sS'pass'
p1465
I71
sS'01:49:28.0,34.0615371,-117.7320483,4027.02,we'
p1466
I71
sS'pasalubong'
p1467
I71
sS'chanpurado'
p1468
I71
sS'what'
p1469
I28
sS'walang'
p1470
I71
sS'clock'
p1471
I71
sS'nana'
p1472
I65
sS'sun'
p1473
I71
sS'whiff'
p1474
I71
sS'fucks'
p1475
I71
sS'emotions'
p1476
I71
sS'fuckn'
p1477
I70
sS'fuckk'
p1478
I71
sS'pecado'
p1479
I71
sS'dias'
p1480
I71
sS'funyions'
p1481
I71
sS'tattoos'
p1482
I71
sS'full'
p1483
I70
sS'christian'
p1484
I71
sS'mula'
p1485
I71
sS'motherfucker'
p1486
I71
sS'hours'
p1487
I69
sS'trust.everybody'
p1488
I71
sS'natutulog'
p1489
I71
sS'iraq'
p1490
I71
sS'omgsh'
p1491
I71
sS'search'
p1492
I71
sS'bible'
p1493
I70
sS'vegetarian'
p1494
I71
sS'909'
p1495
I71
sS'jackie'
p1496
I71
sS'soldier'
p1497
I71
sS'social'
p1498
I71
sS'pice'
p1499
I71
sS'point'
p1500
I71
sS"day's"
p1501
I71
sS'family'
p1502
I65
sS'......goodmorning'
p1503
I71
sS'ask'
p1504
I65
sS'eye'
p1505
I71
sS'takes'
p1506
I71
sS'faint'
p1507
I71
sS'two'
p1508
I66
sS'18:27:29.0,34.0633398,-117.7230379,4027.02,never'
p1509
I71
sS'clara'
p1510
I71
sS'6'
p1511
I71
sS'homework'
p1512
I71
sS'more'
p1513
I52
sS'teen'
p1514
I69
sS'tryna'
p1515
I70
sS'door'
p1516
I71
sS'knows'
p1517
I69
sS'company'
p1518
I71
sS'chucks'
p1519
I71
sS'excuse'
p1520
I69
sS"ain't"
p1521
I54
sS'stick'
p1522
I70
sS'broke'
p1523
I70
sS'known'
p1524
I71
sS'hurry'
p1525
I71
sS'glad'
p1526
I70
sS'town'
p1527
I71
sS'none'
p1528
I71
sS'hour'
p1529
I71
sS'der'
p1530
I70
sS'fersure'
p1531
I71
sS'sucks'
p1532
I68
sS'dew'
p1533
I71
sS'nina'
p1534
I71
sS'mall'
p1535
I71
sS'del'
p1536
I71
sS'dem'
p1537
I71
sS'pero'
p1538
I70
sS'knocked'
p1539
I71
sS'male'
p1540
I70
sS'malaking'
p1541
I71
sS'beautiful'
p1542
I71
sS'embarrassing'
p1543
I71
sS'brown'
p1544
I70
sS'share'
p1545
I71
sS'heels'
p1546
I71
sS'kanyang'
p1547
I71
sS'\xe2\x98\x95\xef\xb8\x8f'
p1548
I71
sS'bucks'
p1549
I71
sS'pong'
p1550
I71
sS'dress'
p1551
I71
sS'sikk'
p1552
I71
sS'needs'
p1553
I70
sS'\xe2\x98\xba\xef\xb8\x8f,91767\n459093921826500608,callmedadddy_,2014-04-23'
p1554
I71
sS'goal'
p1555
I70
sS'chubsy'
p1556
I71
sS'rather'
p1557
I70
sS'breaking'
p1558
I71
sS'buenos'
p1559
I71
sS'hugs'
p1560
I71
sS'credible'
p1561
I71
sS'fr'
p1562
I71
sS'sandwich'
p1563
I71
sS'ft'
p1564
I69
sS'"place'
p1565
I71
sS'rude'
p1566
I70
sS'advice'
p1567
I71
sS'6666-'
p1568
I71
sS'fb'
p1569
I71
sS'blood'
p1570
I70
sS'numb'
p1571
I71
sS'coming'
p1572
I68
sS'yaaahh'
p1573
I71
sS'surprsa'
p1574
I71
sS'a'
p1575
I6
sS'funday'
p1576
I71
sS'shady'
p1577
I71
sS'volleyball'
p1578
I71
sS'thankful!,91767\n302125709407707136,christsanctify1,2013-02-14'
p1579
I71
sS'media'
p1580
I71
sS'yaaaassss'
p1581
I71
sS'beachhhhhhh'
p1582
I71
sS'dream'
p1583
I70
sS'playing'
p1584
I63
sS'davey'
p1585
I71
sS"that's"
p1586
I60
sS'ito'
p1587
I70
sS'mexican'
p1588
I68
sS'help'
p1589
I68
sS"don't"
p1590
I21
sS'september'
p1591
I71
sS'do,91767\n480165573712543744,backdoorsluts9_,2014-06-21'
p1592
I71
sS'sooo'
p1593
I69
sS'soon'
p1594
I71
sS'trade'
p1595
I71
sS'arcade,91767\n501529259622428673,bdprhino11,2014-08-19'
p1596
I71
sS'paper'
p1597
I71
sS'through'
p1598
I69
sS'signs'
p1599
I71
sS'hell'
p1600
I69
sS'itt'
p1601
I71
sS'its'
p1602
I57
sS'bummed'
p1603
I71
sS'25'
p1604
I71
sS'style'
p1605
I70
sS'20'
p1606
I71
sS'21'
p1607
I70
sS'balon'
p1608
I71
sS'pray'
p1609
I70
sS'sale'
p1610
I71
sS'29'
p1611
I71
sS'late'
p1612
I68
sS'>>>'
p1613
I70
sS'bout'
p1614
I64
sS'cutie'
p1615
I68
sS'might'
p1616
I65
sS"haven't"
p1617
I66
sS'justice'
p1618
I71
sS'good'
p1619
I20
sS'somebody'
p1620
I71
sS'yo'
p1621
I68
sS'food'
p1622
I68
sS'goon'
p1623
I71
sS'junjun"'
p1624
I71
sS'f***r'
p1625
I71
sS'hahahahahaha'
p1626
I71
sS"you've"
p1627
I71
sS'icymi'
p1628
I71
sS'thobawmmb'
p1629
I71
sS'bigger'
p1630
I71
sS'sucked'
p1631
I71
sS'wash'
p1632
I70
sS'always'
p1633
I60
sS'sucksss'
p1634
I71
sS'drake'
p1635
I69
sS'payed'
p1636
I71
sS'tear'
p1637
I70
sS'found'
p1638
I70
sS'biscuits'
p1639
I69
sS"isn't"
p1640
I71
sS'2k'
p1641
I71
sS'everyone'
p1642
I67
sS'weeknd'
p1643
I71
sS'proctologist'
p1644
I71
sS'weight'
p1645
I70
sS'house'
p1646
I65
sS'fish'
p1647
I71
sS'hard'
p1648
I68
sS'dia'
p1649
I71
sS'gum'
p1650
I71
sS'mailagay'
p1651
I71
sS'todo'
p1652
I70
sS'event'
p1653
I71
sS'really'
p1654
I44
sS'anxious'
p1655
I71
sS'perry'
p1656
I71
sS'missed'
p1657
I70
sS'buong'
p1658
I71
sS'buhatan'
p1659
I71
sS'robert'
p1660
I71
sS'since'
p1661
I66
sS'yopyop'
p1662
I71
sS'trusts'
p1663
I71
sS'acting'
p1664
I71
sS'babydaddy'
p1665
I71
sS'blunts'
p1666
I71
sS'7'
p1667
I70
sS'clubmasters'
p1668
I71
sS'ass'
p1669
I59
sS'dip.it'
p1670
I71
sS'reporting'
p1671
I71
sS'bass'
p1672
I71
sS'friday'
p1673
I68
sS'guess'
p1674
I67
sS'mmm'
p1675
I70
sS'fehn'
p1676
I71
sS'reason'
p1677
I70
sS'basketball'
p1678
I70
sS'cookie'
p1679
I70
sS'disneyland'
p1680
I68
sS'*luis'
p1681
I71
sS'put'
p1682
I69
sS'rises'
p1683
I70
sS'aso'
p1684
I71
sS'success'
p1685
I71
sS'audacity'
p1686
I71
sS'w'
p1687
I71
sS'bbygirl'
p1688
I71
sS'castle'
p1689
I71
sS'blush'
p1690
I71
sS'momaa'
p1691
I71
sS'dont'
p1692
I70
sS'\xe2\x9d\x84\xe2\x9b\x84'
p1693
I71
sS'feel'
p1694
I49
sS'number'
p1695
I71
sS'valentine'
p1696
I71
sS'\xe2\x9d\x93\xe2\x9d\x93\xe2\x9d\x93\xe2\x9d\x93'
p1697
I71
sS'fucked'
p1698
I70
sS'done'
p1699
I67
sS'guap'
p1700
I70
sS'htc'
p1701
I71
sS'cups'
p1702
I71
sS'miss'
p1703
I61
sS'"turn'
p1704
I71
sS'story'
p1705
I69
sS'"'
p1706
I68
sS'koo'
p1707
I71
sS'least'
p1708
I70
sS'wonderful'
p1709
I71
sS'passed'
p1710
I71
sS'cutin'
p1711
I71
sS'mama'
p1712
I70
sS'store'
p1713
I70
sS'headache'
p1714
I71
sS'storm'
p1715
I71
sS'para'
p1716
I68
sS'behind'
p1717
I70
sS'park'
p1718
I69
sS'mmmm'
p1719
I71
sS'part'
p1720
I70
sS'1911'
p1721
I71
sS'ashley'
p1722
I71
sS'believe'
p1723
I69
sS'king'
p1724
I71
sS'kind'
p1725
I70
sS'kine'
p1726
I71
sS'23:38:10.0,34.06218281,-117.71882994,4027.02,shopping'
p1727
I71
sS'tummy'
p1728
I71
sS'marriage'
p1729
I71
sS'head"'
p1730
I71
sS'nailed'
p1731
I71
sS'ousted'
p1732
I71
sS'"anjunabear"'
p1733
I71
sS'mickey'
p1734
I71
sS'motivation'
p1735
I71
sS'outta'
p1736
I71
sS'emperors'
p1737
I71
sS'juice'
p1738
I71
sS'lie'
p1739
I67
sS'nights'
p1740
I70
sS'chill,91767\n508860901844197376,bdprhino11,2014-09-08'
p1741
I71
sS'relationship'
p1742
I69
sS'lil'
p1743
I58
sS'self'
p1744
I68
sS'asshoe'
p1745
I71
sS'flaming'
p1746
I71
sS'dapat'
p1747
I71
sS'also'
p1748
I71
sS'lazy'
p1749
I71
sS',91767\n479386489873117184,_jaewolff,2014-06-18'
p1750
I71
sS'play'
p1751
I69
sS'quote'
p1752
I71
sS'approves'
p1753
I71
sS'react'
p1754
I71
sS'most'
p1755
I66
sS'kau'
p1756
I70
sS'nothing'
p1757
I68
sS'garrix'
p1758
I71
sS'wats'
p1759
I70
sS'cuuuuute'
p1760
I71
sS'ke'
p1761
I71
sS'p-town'
p1762
I70
sS'sometimes'
p1763
I67
sS'cover'
p1764
I69
sS'something...might'
p1765
I71
sS'gabi'
p1766
I71
sS'nagagawa'
p1767
I71
sS'shoutout'
p1768
I71
sS'lying'
p1769
I71
sS'belle'
p1770
I71
sS'ugh'
p1771
I59
sS'vinyls'
p1772
I71
sS'grandmas'
p1773
I71
sS'ciroc'
p1774
I70
sS'hugging'
p1775
I71
sS'carne'
p1776
I71
sS'uniform\xe2\x9d\xa4'
p1777
I71
sS'se'
p1778
I69
sS'fine'
p1779
I69
sS'find'
p1780
I69
sS'blender'
p1781
I71
sS'restaurant)'
p1782
I71
sS'paranoid'
p1783
I71
sS'smh,91767\n486613020043255808,bdprhino11,2014-07-08'
p1784
I71
sS'payday'
p1785
I71
sS'failed'
p1786
I71
sS'idiots'
p1787
I71
sS'iem'
p1788
I71
sS'trippi'
p1789
I71
sS'pretty'
p1790
I65
sS'money'
p1791
I63
sS'california)'
p1792
I71
sS'8'
p1793
I70
sS'circle'
p1794
I71
sS"mom's"
p1795
I71
sS'hip'
p1796
I71
sS'his'
p1797
I60
sS'hit'
p1798
I66
sS'express'
p1799
I71
sS'grocery'
p1800
I70
sS'sila'
p1801
I71
sS'feels'
p1802
I69
sS'batter'
p1803
I71
sS'actress'
p1804
I71
sS'during'
p1805
I71
sS'him'
p1806
I55
sS'distraction'
p1807
I71
sS'sleeve'
p1808
I71
sS'cry'
p1809
I65
sS'bird'
p1810
I71
sS'naughty'
p1811
I71
sS'verdad'
p1812
I71
sS'river'
p1813
I71
sS'wrote'
p1814
I70
sS'set'
p1815
I70
sS'vine'
p1816
I71
sS'kilos'
p1817
I71
sS'see'
p1818
I54
sS'dumb'
p1819
I67
sS'are'
p1820
I50
sS'close'
p1821
I70
sS'binagalan'
p1822
I71
sS'retweet'
p1823
I71
sS'movie'
p1824
I66
sS'wow'
p1825
I68
sS'currently'
p1826
I71
sS'please'
p1827
I69
sS'slapped'
p1828
I71
sS'won'
p1829
I71
sS'tho('
p1830
I71
sS'probably'
p1831
I70
sS'knowing'
p1832
I71
sS'solo'
p1833
I70
sS'spoiled'
p1834
I71
sS'uup'
p1835
I70
sS'succeed'
p1836
I71
sS'both'
p1837
I69
sS'last'
p1838
I53
sS'16:30:38.0,34.06571141,-117.71992796,4027.02,the'
p1839
I71
sS'restaurant'
p1840
I67
sS'jocelyn'
p1841
I71
sS"wouldn't"
p1842
I70
sS'thos'
p1843
I70
sS'thoo'
p1844
I71
sS'alot'
p1845
I71
sS'whole'
p1846
I70
sS'dm'
p1847
I71
sS'\xe2\x98\xba'
p1848
I69
sS'jeff'
p1849
I71
sS'sweet'
p1850
I69
sS'smashing'
p1851
I71
sS'community'
p1852
I67
sS'20:49:19.0,34.0616797,-117.7341873,4027.02,brazil'
p1853
I71
sS'agents'
p1854
I71
sS'likes'
p1855
I71
sS'sexy'
p1856
I71
sS'duh'
p1857
I71
sS'daquan'
p1858
I71
sS'dum'
p1859
I70
sS'due'
p1860
I71
sS'goal-oriented'
p1861
I71
sS'hitting'
p1862
I69
sS'enpalagosa'
p1863
I71
sS'pa'
p1864
I67
sS'damn'
p1865
I64
sS'man.u'
p1866
I71
sS'woke'
p1867
I68
sS'pm'
p1868
I70
sS'kathy'
p1869
I70
sS')x'
p1870
I71
sS'along.,91767\n335794807207251968,christsanctify1,2013-05-18'
p1871
I71
sS'gay'
p1872
I70
sS'sending'
p1873
I71
sS'fire'
p1874
I70
sS'guapp'
p1875
I71
sS"what's"
p1876
I68
sS'gas'
p1877
I70
sS'else'
p1878
I69
sS'lives'
p1879
I69
sS'bitchh'
p1880
I71
sS'dicks'
p1881
I71
sS'look'
p1882
I60
sS'outtt'
p1883
I71
sS'straight'
p1884
I68
sS'colegio'
p1885
I71
sS'receive'
p1886
I71
sS'while'
p1887
I68
sS'kick'
p1888
I69
sS'32'
p1889
I71
sS'fun'
p1890
I60
sS'kissing'
p1891
I70
sS'robin'
p1892
I71
sS'2night'
p1893
I71
sS'pack'
p1894
I71
sS'-thank'
p1895
I71
sS'cents'
p1896
I71
sS'rip'
p1897
I68
sS'rin'
p1898
I71
sS'ready'
p1899
I51
sS'duhh'
p1900
I71
sS"germany's"
p1901
I71
sS'funny'
p1902
I66
sS'raiders'
p1903
I71
sS'amo'
p1904
I71
sS'anymore'
p1905
I70
sS'mint'
p1906
I71
sS'some1'
p1907
I71
sS'away"'
p1908
I71
sS'ama'
p1909
I71
sS'nauna'
p1910
I71
sS'grand'
p1911
I70
sS'shah'
p1912
I71
sS'minit'
p1913
I70
sS'maide'
p1914
I71
sS'sya'
p1915
I71
sS'used'
p1916
I71
sS'shots!nigga'
p1917
I71
sS'mountain'
p1918
I71
sS'thai-red'
p1919
I71
sS'yesterday'
p1920
I71
sS'holidays'
p1921
I71
sS'levels'
p1922
I71
sS'moving'
p1923
I68
sS'89%'
p1924
I71
sS'apenas'
p1925
I71
sS'plugs'
p1926
I71
sS'stack'
p1927
I71
sS'sweating'
p1928
I71
sS'hows'
p1929
I71
sS'beanie'
p1930
I71
sS'popeyes'
p1931
I69
sS'u7h7hhhd&d'
p1932
I71
sS'spent'
p1933
I71
sS'grind'
p1934
I68
sS'person'
p1935
I67
sS'awayy'
p1936
I71
sS'aorita'
p1937
I71
sS'knw'
p1938
I71
sS'aways'
p1939
I71
sS'morning.whoo'
p1940
I71
sS'know'
p1941
I37
sS'responsible'
p1942
I71
sS'mom'
p1943
I62
sS'sunod'
p1944
I71
sS'to.see'
p1945
I71
sS'amp'
p1946
I71
sS'bouta'
p1947
I71
sS'prince'
p1948
I71
sS'fuckend'
p1949
I70
sS'(;,91767\n486615034152251392,bdprhino11,2014-07-08'
p1950
I71
sS'cus'
p1951
I71
sS'$'
p1952
I70
sS'cup'
p1953
I71
sS'surprises'
p1954
I71
sS'cuz'
p1955
I71
sS'parents'
p1956
I71
sS'snap'
p1957
I71
sS'excited'
p1958
I66
sS'hater'
p1959
I71
sS'indonesian'
p1960
I71
sS'junjun'
p1961
I71
sS'big'
p1962
I65
sS'couple'
p1963
I70
sS'tiring'
p1964
I71
sS'duurrrr'
p1965
I71
sS'game'
p1966
I64
sS'workk'
p1967
I71
sS'laggin'
p1968
I71
sS'bit'
p1969
I71
sS'd'
p1970
I59
sS'loooool'
p1971
I71
sS'champi\xc3\xb1a'
p1972
I71
sS'glove'
p1973
I71
sS'collect'
p1974
I71
sS'roscoes'
p1975
I71
sS"repp'n"
p1976
I71
sS'shieet'
p1977
I71
sS'often'
p1978
I71
sS'fucking'
p1979
I66
sS'fathers'
p1980
I71
sS'1st'
p1981
I71
sS'some'
p1982
I33
sS'back'
p1983
I52
sS'nigga!!!!tone'
p1984
I71
sS'b4'
p1985
I70
sS'07:44:37.0,34.0616985,-117.7341571,4027.02,lucy'
p1986
I71
sS'loser'
p1987
I71
sS'pala'
p1988
I69
sS'pale'
p1989
I71
sS'ourselves'
p1990
I71
sS'detoxtea'
p1991
I71
sS'prom'
p1992
I71
sS'dating'
p1993
I71
sS't'
p1994
I70
sS'be'
p1995
I22
sS'bf'
p1996
I71
sS'run'
p1997
I69
sS'bc'
p1998
I71
sS'lose'
p1999
I69
sS'bt'
p2000
I69
sS'step'
p2001
I70
sS'santa'
p2002
I71
sS'bs'
p2003
I69
sS'by'
p2004
I56
sS'anything'
p2005
I71
sS'awwww'
p2006
I70
sS'beans'
p2007
I71
sS'idk'
p2008
I60
sS'wanna'
p2009
I64
sS'misplaced'
p2010
I71
sS'ppl'
p2011
I67
sS'seeing'
p2012
I70
sS'every1'
p2013
I71
sS'letter'
p2014
I71
sS'dude'
p2015
I66
sS'into'
p2016
I68
sS'within'
p2017
I70
sS'damnnnnn'
p2018
I71
sS'momma'
p2019
I71
sS'nigga'
p2020
I54
sS'rolls'
p2021
I71
sS'smells'
p2022
I71
sS'(705'
p2023
I71
sS'spending'
p2024
I71
sS'question'
p2025
I71
sS'ca)'
p2026
I60
sS'long'
p2027
I68
sS'custom'
p2028
I71
sS'doubt'
p2029
I71
sS"we're"
p2030
I71
sS'bruh'
p2031
I69
sS'still.in'
p2032
I71
sS'bored'
p2033
I67
sS'lexi'
p2034
I71
sS'himself'
p2035
I71
sS'invite'
p2036
I68
sS'raisins'
p2037
I71
sS'20:26:19.0,34.0616893,-117.7341962,4027.02,4'
p2038
I71
sS'boys'
p2039
I71
sS'(cuz'
p2040
I71
sS'russian'
p2041
I71
sS'line'
p2042
I71
sS'active'
p2043
I71
sS'posted'
p2044
I71
sS'cramping'
p2045
I69
sS'geting'
p2046
I68
sS'bwisit'
p2047
I71
sS'ut'
p2048
I71
sS'fries'
p2049
I71
sS'up'
p2050
I18
sS'us'
p2051
I68
sS'ur'
p2052
I66
sS'um'
p2053
I70
sS'maturity'
p2054
I71
sS'nastyyyyyy'
p2055
I71
sS'un'
p2056
I71
sS'faded'
p2057
I70
sS'raspados'
p2058
I70
sS'similar'
p2059
I71
sS'called'
p2060
I71
sS'bell'
p2061
I69
sS'freak'
p2062
I70
sS'ko'
p2063
I69
sS'single'
p2064
I71
sS'*josh'
p2065
I71
sS'chat'
p2066
I71
sS'montclair'
p2067
I70
sS'rainy'
p2068
I71
sS'grr'
p2069
I71
sS';o'
p2070
I71
sS'tito'
p2071
I69
sS'tits'
p2072
I71
sS'pedicures'
p2073
I71
sS'hustling'
p2074
I71
sS'nice'
p2075
I66
sS'noche'
p2076
I71
sS'clean'
p2077
I71
sS'gross'
p2078
I71
sS'problems'
p2079
I70
sS'drag'
p2080
I71
sS'paisas'
p2081
I71
sS'desert'
p2082
I71
sS'ago'
p2083
I70
sS'texted'
p2084
I70
sS'fifa!,91767\n493183837011050496,bdprhino11,2014-07-26'
p2085
I71
sS'walked'
p2086
I71
sS'annoyed'
p2087
I71
sS'hella'
p2088
I71
sS'walker'
p2089
I71
sS'fresh'
p2090
I69
sS'having'
p2091
I65
sS'once'
p2092
I68
sS'edc'
p2093
I70
sS'jason'
p2094
I71
sS'stff'
p2095
I71
sS'tweeter'
p2096
I71
sS'stopp'
p2097
I71
sS'steve'
p2098
I71
sS'iim'
p2099
I71
sS'1+1'
p2100
I71
sS'go'
p2101
I23
sS'bait'
p2102
I71
sS'psycho'
p2103
I71
sS'sweetie...can'
p2104
I71
sS'vietnamese'
p2105
I67
sS'chapo'
p2106
I71
sS'bithday'
p2107
I71
sS'young'
p2108
I71
sS'*special*'
p2109
I71
sS'nose'
p2110
I71
sS'blaze'
p2111
I71
sS'striping'
p2112
I71
sS'"fuck"'
p2113
I71
sS'confirmation'
p2114
I70
sS'street'
p2115
I71
sS'23rd'
p2116
I71
sS'85%'
p2117
I71
sS'agua'
p2118
I71
sS'matitigok'
p2119
I71
sS'wash)'
p2120
I71
sS'putting'
p2121
I70
sS'eksena'
p2122
I71
sS'maad'
p2123
I71
sS'drinking'
p2124
I69
sS'pussyy'
p2125
I71
sS'luisbaby'
p2126
I71
sS'ganas'
p2127
I71
sS'magic'
p2128
I70
sS'mokito'
p2129
I70
sS'trappin'
p2130
I71
sS'gettin'
p2131
I70
sS'queen'
p2132
I70
sS'kit'
p2133
I71
sS'challenge'
p2134
I70
sS'someday'
p2135
I71
sS'kinabukasan)'
p2136
I71
sS'booty'
p2137
I71
sS'thoo('
p2138
I71
sS'stoned'
p2139
I71
sS'waking'
p2140
I70
sS'jump'
p2141
I70
sS'stared'
p2142
I71
sS'video'
p2143
I71
sS'picked'
p2144
I70
sS'yayyy'
p2145
I71
sS'minute,91767\n492938590725234688,bdprhino11,2014-07-26'
p2146
I71
sS'spaghetti'
p2147
I71
sS'plays'
p2148
I71
sS'power'
p2149
I71
sS'donut'
p2150
I71
sS'giving'
p2151
I69
sS"man's"
p2152
I71
sS'cell'
p2153
I71
sS'seconds'
p2154
I71
sS'waiting'
p2155
I68
sS'twins'
p2156
I70
sS'equivalent'
p2157
I71
sS'exercise'
p2158
I71
sS'body'
p2159
I69
sS'commercial'
p2160
I71
sS'let'
p2161
I60
sS'sink'
p2162
I71
sS'others'
p2163
I71
sS'sing'
p2164
I69
sS'great'
p2165
I67
sS'pescadito'
p2166
I71
sS'yoooooooo'
p2167
I71
sS'involved'
p2168
I71
sS'shades'
p2169
I71
sS'leaving'
p2170
I71
sS'ayyyy'
p2171
I71
sS"waitin'"
p2172
I71
sS'03:20:46.0,34.0659608,-117.7196106,4027.02,pho'
p2173
I71
sS'opinion'
p2174
I71
sS'makes'
p2175
I69
sS'thats'
p2176
I71
sS'composed'
p2177
I71
sS'henney'
p2178
I71
sS'named'
p2179
I71
sS'apple'
p2180
I71
sS'danger'
p2181
I71
sS'win'
p2182
I70
sS'confession'
p2183
I71
sS'hardd'
p2184
I71
sS'chances'
p2185
I71
sS'expect'
p2186
I71
sS'wit'
p2187
I70
sS'names'
p2188
I71
sS'fringe?,91767\n488776093860507648,bdprhino11,2014-07-14'
p2189
I71
sS'dosent'
p2190
I71
sS'hussle'
p2191
I71
sS'cha'
p2192
I71
sS'use'
p2193
I71
sS'hahahahaha'
p2194
I71
sS'from'
p2195
I49
sS'&'
p2196
I48
sS'cray'
p2197
I70
sS'next'
p2198
I59
sS'few'
p2199
I69
sS'eds'
p2200
I71
sS'quesadillas'
p2201
I71
sS'jhetro'
p2202
I71
sS'cheeks'
p2203
I71
sS'iit'
p2204
I70
sS'babe'
p2205
I68
sS'started'
p2206
I71
sS'aguardando'
p2207
I71
sS':-('
p2208
I71
sS'confused'
p2209
I71
sS'baby'
p2210
I46
sS'account'
p2211
I71
sS'animals'
p2212
I71
sS'meek'
p2213
I71
sS'heard'
p2214
I71
sS'this'
p2215
I19
sS'ride'
p2216
I68
sS'when'
p2217
I35
sS'pour'
p2218
I71
sS'jeep'
p2219
I70
sS'praise'
p2220
I71
sS'out-there'
p2221
I71
sS'meet'
p2222
I61
sS'simbang'
p2223
I71
sS'aliw'
p2224
I71
sS'control'
p2225
I69
sS'thirsty'
p2226
I70
sS'process'
p2227
I71
sS'lock'
p2228
I71
sS'high'
p2229
I65
sS'effectively'
p2230
I71
sS'tag'
p2231
I71
sS'something'
p2232
I59
sS'sunglasses'
p2233
I71
sS'bahahahaha'
p2234
I71
sS'sis'
p2235
I70
sS'aff'
p2236
I71
sS'holds'
p2237
I71
sS'pomona'
p2238
I57
sS'stock'
p2239
I71
sS'meeeeeee'
p2240
I71
sS'de'
p2241
I70
sS'shiiit'
p2242
I71
sS'watch'
p2243
I63
sS'roam'
p2244
I71
sS'lmfaoo'
p2245
I70
sS'novelas'
p2246
I71
sS':://'
p2247
I71
sS'pattner'
p2248
I71
sS"somethin'"
p2249
I71
sS'taco'
p2250
I68
sS'hahahaha'
p2251
I71
sS'da'
p2252
I70
sS'cuddling'
p2253
I71
sS'realized'
p2254
I71
sS'binh'
p2255
I71
sS'light'
p2256
I71
sS'meany'
p2257
I71
sS'honestly'
p2258
I71
sS'martini'
p2259
I71
sS'longest'
p2260
I71
sS'move'
p2261
I69
sS'own'
p2262
I63
sS"won't"
p2263
I70
sS'looks'
p2264
I68
sS'bunch'
p2265
I71
sS'perfect'
p2266
I68
sS'le'
p2267
I71
sS'la'
p2268
I67
sS'labor'
p2269
I69
sS'know...how'
p2270
I71
sS'choose'
p2271
I70
sS'orange'
p2272
I70
sS'2014'
p2273
I69
sS'mang-o-rita'
p2274
I71
sS'dad'
p2275
I68
sS'cuss'
p2276
I71
sS'dam'
p2277
I65
sS'practice'
p2278
I71
sS'dat'
p2279
I69
sS'daw'
p2280
I71
sS'dammm'
p2281
I71
sS'kiss'
p2282
I71
sS'hands'
p2283
I70
sS'divas\xe2\x80\x9d'
p2284
I71
sS'day'
p2285
I26
sS'preschool'
p2286
I69
sS"magazine's"
p2287
I71
sS'20:53:15.0,34.06292467,-117.7338581,4027.02,forgive'
p2288
I71
sS'thrill'
p2289
I71
sS'toes'
p2290
I71
sS"night's"
p2291
I71
sS'belligerency..,91767\n496455985842884608,saminderella,2014-08-05'
p2292
I71
sS'donde'
p2293
I71
sS'trap'
p2294
I69
sS'champ'
p2295
I71
sS'glasses'
p2296
I71
sS'doing'
p2297
I61
sS'adventure'
p2298
I71
sS'snaps'
p2299
I71
sS'tranna'
p2300
I70
sS'143:/'
p2301
I71
sS'our'
p2302
I67
sS'out'
p2303
I35
sS'havasu'
p2304
I71
sS'groove'
p2305
I71
sS'love!,91767\n486214936670908416,gladiator_123,2014-07-07'
p2306
I71
sS'aga'
p2307
I71
sS'hilarious'
p2308
I71
sS'disapointed'
p2309
I71
sS'cause'
p2310
I53
sS'red'
p2311
I68
sS'shut'
p2312
I71
sS'umbrella'
p2313
I71
sS'baptism,91767\n479386039505522688,_jaewolff,2014-06-18'
p2314
I71
sS'23:59:13.0,34.0626908,-117.7284377,4027.02,gol'
p2315
I71
sS'que'
p2316
I70
sS'itong'
p2317
I71
sS'disgusted'
p2318
I71
sS'craving'
p2319
I71
sS'daaaats'
p2320
I71
sS'scary'
p2321
I71
sS'g'
p2322
I69
sS':(\xe2\x80\x9d'
p2323
I71
sS'could'
p2324
I60
sS'hes'
p2325
I71
sS'times'
p2326
I69
sS'4th'
p2327
I71
sS'timei'
p2328
I71
sS'timee'
p2329
I71
sS'south'
p2330
I71
sS'niqqas'
p2331
I71
sS"selfies''"
p2332
I71
sS'farr'
p2333
I71
sS'scene'
p2334
I71
sS'jesus'
p2335
I70
sS'workking'
p2336
I71
sS'bitch'
p2337
I64
sS'lagging'
p2338
I71
sS'yine'
p2339
I71
sS'fukked'
p2340
I71
sS"you're"
p2341
I70
sS'los'
p2342
I71
sS'festival'
p2343
I71
sS'store?\xe2\x80\x9d'
p2344
I71
sS'tostada'
p2345
I71
sS'establishments'
p2346
I71
sS'their'
p2347
I66
sS'attack'
p2348
I71
sS'noooooo'
p2349
I71
sS'boii'
p2350
I70
sS'low'
p2351
I71
sS'stomach'
p2352
I69
sS'shiny'
p2353
I71
sS'exactly'
p2354
I69
sS'bieber'
p2355
I71
sS'july'
p2356
I71
sS'sex'
p2357
I71
sS'waist'
p2358
I71
sS'daily,91767\n335794566626156544,christsanctify1,2013-05-18'
p2359
I71
sS'boring'
p2360
I71
sS'babyz'
p2361
I71
sS'depends'
p2362
I71
sS'bed'
p2363
I68
sS'humped'
p2364
I71
sS'kage'
p2365
I70
sS'loves'
p2366
I70
sS'lover'
p2367
I71
sS'spurs'
p2368
I70
sS'inlove'
p2369
I71
sS'paano'
p2370
I71
sS'sexy_'
p2371
I71
sS'tonight'
p2372
I58
sS'fukk'
p2373
I69
sS'have'
p2374
I39
sS'need'
p2375
I27
sS'turn'
p2376
I69
sS'clearly'
p2377
I71
sS'catholic'
p2378
I70
sS'afraid'
p2379
I68
sS'congrats'
p2380
I71
sS'dughh'
p2381
I71
sS'able'
p2382
I71
sS'hangover'
p2383
I71
sS'waffles'
p2384
I71
sS'which'
p2385
I70
sS'asshole'
p2386
I71
sS'='
p2387
I71
sS'analise'
p2388
I71
sS'aww'
p2389
I71
sS'who'
p2390
I65
sS'jorge'
p2391
I71
sS'thts'
p2392
I69
sS"where's"
p2393
I71
sS'duele'
p2394
I71
sS'awk'
p2395
I71
sS'coka'
p2396
I71
sS'cracking'
p2397
I70
sS'why'
p2398
I63
sS'ure'
p2399
I68
sS'deny'
p2400
I71
sS'selvin'
p2401
I71
sS'spensa'
p2402
I71
sS'stronger'
p2403
I71
sS'face'
p2404
I69
sS'looked'
p2405
I70
sS"you'll"
p2406
I71
sS'mhmwill'
p2407
I71
sS'yum'
p2408
I71
sS'tripin,91767\n492056599700054016,bdprhino11,2014-07-23'
p2409
I71
sS'pictures'
p2410
I71
sS'wakke'
p2411
I71
sS'fact'
p2412
I70
sS'latinos'
p2413
I71
sS'=p'
p2414
I71
sS'dba'
p2415
I71
sS'lmaoo'
p2416
I69
sS'stove'
p2417
I71
sS'indoor'
p2418
I68
sS'anyway'
p2419
I70
sS'bring'
p2420
I68
sS'yupyop'
p2421
I71
sS'chicken'
p2422
I67
sS'mufuckas'
p2423
I71
sS'taps'
p2424
I71
sS'ear'
p2425
I71
sS'maging'
p2426
I70
sS'('
p2427
I59
sS'dragonite'
p2428
I71
sS'should'
p2429
I64
sS'paisa'
p2430
I71
sS'lemme'
p2431
I71
sS'hope'
p2432
I66
sS'mga'
p2433
I71
sS'watching'
p2434
I48
sS'beat'
p2435
I69
sS'dope'
p2436
I68
sS'lucky'
p2437
I70
sS'120'
p2438
I71
sS'tbh'
p2439
I70
sS'awww'
p2440
I71
sS'ones'
p2441
I71
sS'words'
p2442
I71
sS'ghetto'
p2443
I69
sS'gawwd'
p2444
I71
sS'arcanine'
p2445
I71
sS'ughh'
p2446
I70
sS'tattoos....thinking'
p2447
I71
sS'eyebrow'
p2448
I71
sS'beleives'
p2449
I71
sS'stuff'
p2450
I69
sS'she'
p2451
I53
sS'mercedes'
p2452
I71
sS'follow:)'
p2453
I71
sS'kingley'
p2454
I71
sS'gerardo'
p2455
I70
sS"laura's"
p2456
I71
sS'guessing'
p2457
I71
sS'j'
p2458
I71
sS'yes!,91767\n493183791595151362,bdprhino11,2014-07-26'
p2459
I71
sS'we'
p2460
I36
sS'freeze'
p2461
I71
sS'computer'
p2462
I71
sS'packed'
p2463
I70
sS'destiny'
p2464
I70
sS'thong'
p2465
I71
sS'mom&'
p2466
I71
sS'barbershop'
p2467
I71
sS'frustrated'
p2468
I71
sS'bought'
p2469
I68
sS'gradnight'
p2470
I71
sS'trynna'
p2471
I71
sS'munching'
p2472
I71
sS'court'
p2473
I71
sS'job'
p2474
I63
sS'joe'
p2475
I70
sS'spoil'
p2476
I71
sS'do?i'
p2477
I71
sS'2pm'
p2478
I71
sS'legit'
p2479
I70
sS'staring'
p2480
I71
sS'hits'
p2481
I71
sS'career'
p2482
I71
sS'taking'
p2483
I70
sS'etc'
p2484
I70
sS'feeeeel'
p2485
I71
sS'\xc2\xbb'
p2486
I71
sS'jersey'
p2487
I71
sS'comment'
p2488
I70
sS'hehehe'
p2489
I71
sS'walk'
p2490
I67
sS'laugh'
p2491
I69
sS'table'
p2492
I71
sS'[pic]'
p2493
I69
sS'quit'
p2494
I71
sS'yay'
p2495
I70
sS"it's"
p2496
I42
sS'yas'
p2497
I71
sS'exhausted'
p2498
I71
sS"stunnin'"
p2499
I70
sS'poured'
p2500
I71
sS'yah'
p2501
I64
sS'bby'
p2502
I69
sS"lady's"
p2503
I71
sS'hottest'
p2504
I71
sS'waste'
p2505
I70
sS'quik'
p2506
I71
sS'hmu'
p2507
I70
sS'al'
p2508
I71
sS'2015'
p2509
I71
sS'-.-'
p2510
I71
sS'hobby'
p2511
I70
sS'smoking'
p2512
I71
sS'fellow'
p2513
I71
sS'tengo'
p2514
I71
sS'will'
p2515
I54
sS'gucci'
p2516
I71
sS'hahaha'
p2517
I68
sS'madeleine'
p2518
I70
sS'eyeliner'
p2519
I71
sS'xpress'
p2520
I68
sS'almost'
p2521
I66
sS'got\xe2\x80\xa6'
p2522
I71
sS'ay'
p2523
I71
sS'vs'
p2524
I71
sS'optimistic'
p2525
I71
sS'traphouse'
p2526
I71
sS'thug'
p2527
I71
sS'ave'
p2528
I69
sS'whore'
p2529
I71
sS'tattoo'
p2530
I71
sS')'
p2531
I71
sS'member'
p2532
I71
sS'inch'
p2533
I71
sS'party'
p2534
I69
sS'strawberries'
p2535
I71
sS'gets'
p2536
I67
sS'gett'
p2537
I71
sS'injured'
p2538
I71
sS'ball'
p2539
I71
sS'pho'
p2540
I66
sS'phn'
p2541
I71
sS'emotionally'
p2542
I71
sS'drink'
p2543
I66
sS'beast'
p2544
I71
sS'fucken'
p2545
I67
sS'"neighbors"'
p2546
I71
sS'sisters'
p2547
I70
sS'tuuurrnuuupp'
p2548
I71
sS'noc'
p2549
I71
sS'off'
p2550
I56
sS'i'
p2551
I1
sS'well'
p2552
I60
sS'antonio'
p2553
I71
sS'thought'
p2554
I69
sS'wyd'
p2555
I71
sS'wya'
p2556
I71
sS'con'
p2557
I70
sS'stores'
p2558
I70
sS'dar'
p2559
I71
sS'cried'
p2560
I71
sS'(pomona'
p2561
I61
sS'muchhh'
p2562
I71
sS'sister-in-law'
p2563
I71
sS'ambition'
p2564
I71
sS'jeje'
p2565
I70
sS'front'
p2566
I71
sS'dakota'
p2567
I71
sS'skill'
p2568
I71
sS'happiness'
p2569
I71
sS'quiero'
p2570
I71
sS's*^t'
p2571
I71
sS'effin'
p2572
I71
sS'drunk'
p2573
I66
sS'ganna'
p2574
I71
sS'wen'
p2575
I68
sS'realize'
p2576
I71
sS':/\xe2\x80\x9d'
p2577
I71
sS'book'
p2578
I71
sS'attractive'
p2579
I71
sS'smart'
p2580
I70
sS'knob'
p2581
I71
sS'branch'
p2582
I71
sS'(401'
p2583
I70
sS"who's"
p2584
I71
sS"butterfly's"
p2585
I71
sS'whatever'
p2586
I69
sS"boyfriend's"
p2587
I71
sS'hehehehe'
p2588
I71
sS'2nd'
p2589
I71
sS'tl'
p2590
I71
sS'like'
p2591
I26
sS'lost'
p2592
I69
sS'safest'
p2593
I71
sS'vibrant'
p2594
I71
sS'ring'
p2595
I71
sS'bonethugs'
p2596
I71
sS'candy'
p2597
I71
sS'heed'
p2598
I71
sS'martin'
p2599
I70
sS'become'
p2600
I71
sS'works'
p2601
I71
sS'wonders'
p2602
I71
sS'shed'
p2603
I71
sS'because'
p2604
I67
sS'twitter'
p2605
I68
sS'church'
p2606
I67
sS'hair'
p2607
I64
sS'yaaa'
p2608
I71
sS'nutso'
p2609
I71
sS'shes'
p2610
I69
sS'niggu'
p2611
I69
sS'home'
p2612
I50
sS'peter'
p2613
I71
sS'happens'
p2614
I71
sS'doee'
p2615
I70
sS'lead'
p2616
I71
sS'esp'
p2617
I71
sS'literally'
p2618
I70
sS'\xe2\x98\xba\xef\xb8\x8f\xe2\x9d\xa4\xef\xb8\x8f'
p2619
I71
sS'grinding'
p2620
I71
sS'constantly'
p2621
I71
sS'does'
p2622
I71
sS'earrings'
p2623
I71
sS'mode'
p2624
I70
sS'ngayon'
p2625
I71
sS'blowing'
p2626
I71
sS'rock'
p2627
I71
sS'puede'
p2628
I71
sS'happing'
p2629
I71
sS'pressure'
p2630
I71
sS'pasta'
p2631
I71
sS'stage'
p2632
I71
sS'throne'
p2633
I71
sS'sister'
p2634
I67
sS':-)'
p2635
I71
sS'justin'
p2636
I70
sS'getting'
p2637
I47
sS'fast/die'
p2638
I71
sS'swear'
p2639
I70
sS'shoppin'
p2640
I71
sS'contractions'
p2641
I70
sS'letters'
p2642
I71
sS'me..when'
p2643
I71
sS'pussy'
p2644
I70
sS'snitch'
p2645
I71
sS'ernestos'
p2646
I71
sS'luna'
p2647
I71
sS'weather'
p2648
I70
sS'promise'
p2649
I70
sS'tiny'
p2650
I71
sS'female'
p2651
I71
sS'whos'
p2652
I71
sS'eyess'
p2653
I71
sS'transfer'
p2654
I71
sS'cinderella'
p2655
I71
sS'overtime'
p2656
I71
sS'trapthem'
p2657
I71
sS'biggest'
p2658
I71
sS'goin'
p2659
I71
sS'*where'
p2660
I71
sS'function'
p2661
I70
sS'buy'
p2662
I68
sS'dreeeeeeeeeeeeeeeewwww'
p2663
I71
sS"i've"
p2664
I70
sS'proving'
p2665
I71
sS'bus'
p2666
I70
sS'bitches'
p2667
I64
sS'hw'
p2668
I71
sS'but'
p2669
I30
sS'hi'
p2670
I70
sS'touchin'
p2671
I71
sS'ha'
p2672
I65
sS"''i"
p2673
I71
sS'eat'
p2674
I69
sS'he'
p2675
I51
sS'outchea'
p2676
I71
sS'madd'
p2677
I71
sS'made'
p2678
I62
sS'wise'
p2679
I71
sS'mixtapes'
p2680
I71
sS'wish'
p2681
I66
sS'official'
p2682
I70
sS'record'
p2683
I71
sS'\xc2\xb0'
p2684
I71
sS'problem'
p2685
I68
sS'piece'
p2686
I71
sS'niggaaa'
p2687
I71
sS'wifi'
p2688
I71
sS'pic'
p2689
I71
sS'kisses'
p2690
I70
sS'shooting'
p2691
I71
sS'happen'
p2692
I70
sS'diego'
p2693
I71
sS'lately'
p2694
I71
sS'other'
p2695
I69
sS'sick'
p2696
I65
sS'-dad'
p2697
I71
sS'mass'
p2698
I71
sS'kuya'
p2699
I71
sS'motivator'
p2700
I71
sS'star'
p2701
I71
sS'monday'
p2702
I68
sS'evonne'
p2703
I71
sS'worker'
p2704
I71
sS'class'
p2705
I69
sS'jung'
p2706
I71
sS'stay'
p2707
I63
sS'kinda'
p2708
I70
sS'friends'
p2709
I69
sS'inspiration'
p2710
I71
sS'\xe2\x80\x93'
p2711
I71
sS'yeaaa'
p2712
I71
sS'\xe2\x80\x94'
p2713
I71
sS'entertainment'
p2714
I71
sS'lazy....but'
p2715
I71
sS'awake'
p2716
I69
s.