(dp0
S''
p1
I1
sS'raining'
p2
I36
sS'all'
p3
I24
sS':/'
p4
I36
sS':)'
p5
I35
sS'paul'
p6
I36
sS'dance'
p7
I35
sS'ouch'
p8
I36
sS'month'
p9
I36
sS'osi'
p10
I36
sS'roy'
p11
I33
sS'gana'
p12
I36
sS'sleep'
p13
I30
sS'legal'
p14
I36
sS'hating'
p15
I36
sS'go'
p16
I17
sS'strep'
p17
I36
sS'hate'
p18
I34
sS'milk'
p19
I36
sS'asada'
p20
I36
sS'imma'
p21
I35
sS'we$tside'
p22
I36
sS'tu'
p23
I36
sS'acting'
p24
I36
sS'send'
p25
I36
sS'nose'
p26
I36
sS'to'
p27
I3
sS'finally'
p28
I34
sS'1930s'
p29
I36
sS'bruhh'
p30
I36
sS'blaze'
p31
I34
sS'videos'
p32
I36
sS'ti'
p33
I36
sS'tf'
p34
I36
sS'lord'
p35
I36
sS'sorry'
p36
I36
sS'te'
p37
I36
sS'348'
p38
I36
sS'sent'
p39
I36
sS'browns'
p40
I36
sS'queen'
p41
I36
sS'worse'
p42
I36
sS'boof'
p43
I36
sS'very'
p44
I36
sS'nigga???\xe2\x80\x9d'
p45
I36
sS'dj'
p46
I35
sS'connects'
p47
I36
sS'fat'
p48
I36
sS'souls'
p49
I36
sS'selfies'
p50
I36
sS'combos'
p51
I36
sS'facebook'
p52
I36
sS'bestie'
p53
I36
sS"mcdonald's"
p54
I36
sS'cook'
p55
I36
sS'word'
p56
I36
sS'blast'
p57
I36
sS':p'
p58
I36
sS'fan'
p59
I36
sS'minute'
p60
I36
sS'cool'
p61
I36
sS'carne'
p62
I36
sS'school'
p63
I26
sS'did'
p64
I34
sS'wednesday'
p65
I36
sS'minnie'
p66
I36
sS'leader'
p67
I36
sS'leave'
p68
I36
sS'bypassed'
p69
I36
sS'team'
p70
I34
sS'small'
p71
I36
sS'guy'
p72
I36
sS'round'
p73
I35
sS'upp'
p74
I36
sS"i'll"
p75
I36
sS'dwindled'
p76
I36
sS'talked'
p77
I36
sS'ten'
p78
I36
sS'tired'
p79
I36
sS'awake'
p80
I34
sS'sucks'
p81
I33
sS'tires'
p82
I35
sS'second'
p83
I35
sS'street'
p84
I36
sS'timejonatan'
p85
I36
sS'reunion'
p86
I36
sS'assss'
p87
I36
sS'arms'
p88
I36
sS'choices'
p89
I36
sS"thing's"
p90
I36
sS'even'
p91
I30
sS'what'
p92
I20
sS'kris'
p93
I36
sS"tonight's"
p94
I36
sS'sum'
p95
I36
sS'bww'
p96
I36
sS'find'
p97
I36
sS'waiting'
p98
I36
sS'version'
p99
I36
sS'en'
p100
I34
sS'goes'
p101
I36
sS'new'
p102
I31
sS'taetiseo'
p103
I36
sS',91744\n501889656099573761,biglipluda,2014-08-20'
p104
I36
sS'damnn'
p105
I36
sS'era'
p106
I36
sS'body'
p107
I36
sS'10+'
p108
I36
sS'condensed'
p109
I36
sS'full'
p110
I34
sS'partners'
p111
I36
sS'etc...lebron'
p112
I36
sS'never'
p113
I29
sS'meh'
p114
I36
sS'here'
p115
I33
sS'hours'
p116
I32
sS'naww'
p117
I35
sS'minhyuk'
p118
I36
sS'upgrade'
p119
I36
sS'let'
p120
I36
sS'smokin'
p121
I36
sS'hers'
p122
I36
sS'based'
p123
I36
sS'change'
p124
I36
sS'wait'
p125
I31
sS'boy'
p126
I36
sS'great'
p127
I36
sS'-jim'
p128
I36
sS'colored'
p129
I36
sS'7eleven'
p130
I36
sS'5:00'
p131
I35
sS'30'
p132
I35
sS'jackie'
p133
I36
sS'fuk'
p134
I36
sS'credit'
p135
I36
sS"i'd"
p136
I36
sS'omar'
p137
I36
sS'smoke'
p138
I35
sS'sjm'
p139
I35
sS"i'm"
p140
I12
sS'deserves'
p141
I36
sS'makes'
p142
I36
sS'asf'
p143
I36
sS'eyebrows'
p144
I35
sS'live'
p145
I36
sS'love'
p146
I31
sS'jazmine'
p147
I36
sS'family'
p148
I32
sS'win'
p149
I35
sS'bro'
p150
I34
sS'till'
p151
I36
sS'kno'
p152
I36
sS'names'
p153
I36
sS'1st'
p154
I36
sS'post'
p155
I36
sS'everybody'
p156
I35
sS'use'
p157
I36
sS'be\xe2\x80\x9d'
p158
I36
sS'crap'
p159
I34
sS'takes'
p160
I36
sS'working'
p161
I33
sS'&'
p162
I29
sS'sake'
p163
I36
sS'hospital'
p164
I36
sS'hungry'
p165
I36
sS'dude'
p166
I35
sS'two'
p167
I33
sS'france'
p168
I36
sS'okaaaay'
p169
I36
sS'chargers'
p170
I35
sS'ca)'
p171
I31
sS'music'
p172
I33
sS'soooon'
p173
I36
sS'fixed'
p174
I36
sS'taken'
p175
I36
sS'survive'
p176
I36
sS'wat?\xe2\x80\x9d'
p177
I36
sS'thru'
p178
I35
sS'tell'
p179
I36
sS'today'
p180
I27
sS'more'
p181
I34
sS'breathe'
p182
I36
sS'tryna'
p183
I36
sS'maywheather'
p184
I36
sS'clever'
p185
I36
sS'females'
p186
I36
sS'comparison'
p187
I36
sS'started'
p188
I36
sS'(rowland'
p189
I31
sS'haha'
p190
I31
sS'wars'
p191
I36
sS'chocolate'
p192
I36
sS'phone'
p193
I32
sS'train'
p194
I36
sS"ain't"
p195
I29
sS'short'
p196
I36
sS'broke'
p197
I36
sS'schleepy'
p198
I36
sS'baby'
p199
I33
sS'blocking'
p200
I36
sS'must'
p201
I34
sS'me'
p202
I18
sS'grill'
p203
I36
sS'mmmmmhmmmmm'
p204
I36
sS'join'
p205
I36
sS'edible'
p206
I36
sS'niggas'
p207
I33
sS'this'
p208
I9
sS'car'
p209
I36
sS'ride'
p210
I36
sS'work'
p211
I30
sS'mi'
p212
I35
sS'soul'
p213
I36
sS'niggaz'
p214
I36
sS'vs'
p215
I36
sS'can'
p216
I26
sS'rooney'
p217
I35
sS'mr'
p218
I36
sS'making'
p219
I36
sS'my'
p220
I6
sS'dollars'
p221
I36
sS'complain'
p222
I36
sS'beautiful'
p223
I35
sS',91744\n497048791313158146,biglipluda,2014-08-06'
p224
I36
sS'loca'
p225
I36
sS'hamburger'
p226
I36
sS'fucc'
p227
I36
sS'give'
p228
I33
sS'eyes)'
p229
I36
sS"donghae's"
p230
I36
sS'\xe2\x9a\xbd'
p231
I24
sS'in'
p232
I7
sS"didn't"
p233
I36
sS'fuck'
p234
I19
sS'accept'
p235
I36
sS'days'
p236
I35
sS'high'
p237
I33
sS'heard'
p238
I36
sS'homie'
p239
I32
sS'pulling'
p240
I36
sS'something'
p241
I36
sS'want'
p242
I31
sS'sense'
p243
I36
sS'11:00'
p244
I35
sS'keep'
p245
I33
sS'attract'
p246
I36
sS'chores'
p247
I36
sS'sir'
p248
I36
sS'end'
p249
I36
sS'goal'
p250
I31
sS'eng'
p251
I36
sS'watching'
p252
I34
sS'american'
p253
I36
sS'tooo'
p254
I36
sS'hahaaha'
p255
I36
sS'1'
p256
I33
sS'how'
p257
I31
sS'sunday'
p258
I36
sS'instead'
p259
I34
sS'pirlo'
p260
I36
sS'beach'
p261
I36
sS"ochoa's"
p262
I36
sS'idk'
p263
I36
sS'model:\xe2\x80\xa6'
p264
I36
sS'uhhh'
p265
I36
sS'okay'
p266
I36
sS'tried'
p267
I36
sS'rude'
p268
I36
sS'$13500'
p269
I36
sS'may'
p270
I35
sS'stop'
p271
I34
sS'after'
p272
I31
sS'spot'
p273
I36
sS'dats'
p274
I36
sS'3rd'
p275
I36
sS'lotta'
p276
I36
sS'birthday'
p277
I29
sS'mad'
p278
I33
sS'water'
p279
I36
sS'date'
p280
I36
sS'suck'
p281
I36
sS'guys'
p282
I34
sS'flexible'
p283
I36
sS'man'
p284
I35
sS'a'
p285
I5
sS'thought'
p286
I36
sS'realized'
p287
I36
sS'surfing'
p288
I36
sS'remember'
p289
I35
sS'coat'
p290
I36
sS'lines'
p291
I36
sS'lost'
p292
I36
sS'rollin'
p293
I35
sS'st'
p294
I36
sS'sj'
p295
I34
sS'bruh'
p296
I36
sS'honestly'
p297
I34
sS'things'
p298
I36
sS'every'
p299
I36
sS'swimming'
p300
I36
sS'playing'
p301
I35
sS'talk'
p302
I34
sS"that's"
p303
I29
sS'fifa'
p304
I36
sS'cute'
p305
I35
sS'played'
p306
I36
sS'help'
p307
I36
sS"don't"
p308
I23
sS'over'
p309
I33
sS'haircut'
p310
I34
sS'wishing'
p311
I35
sS'\xe6\x85\x88\xe6\xbf\x9f'
p312
I31
sS'telling'
p313
I36
sS'majorly'
p314
I36
sS'fuccin'
p315
I36
sS'shake'
p316
I36
sS'hell'
p317
I36
sS'still'
p318
I30
sS'grandslam'
p319
I36
sS'its'
p320
I33
sS'before'
p321
I35
sS'perfect'
p322
I36
sS'jib'
p323
I36
sS'thank'
p324
I35
sS'22'
p325
I36
sS'la'
p326
I32
sS'personal'
p327
I36
sS'lo'
p328
I35
sS'torn'
p329
I35
sS'hot'
p330
I36
sS'imo'
p331
I36
sS'[pic]'
p332
I31
sS'better'
p333
I32
sS'prac'
p334
I35
sS'lp'
p335
I36
sS'mail'
p336
I36
sS'bout'
p337
I35
sS'soccer'
p338
I22
sS'2011'
p339
I33
sS"haven't"
p340
I36
sS'2012'
p341
I36
sS'fool'
p342
I36
sS'then'
p343
I34
sS'them'
p344
I33
sS'good'
p345
I26
sS'yo'
p346
I35
sS'views'
p347
I36
sS'moms'
p348
I36
sS"jack's"
p349
I36
sS'workout'
p350
I36
sS'practice'
p351
I35
sS"we'll"
p352
I36
sS'uhh'
p353
I36
sS'puente'
p354
I35
sS'break'
p355
I36
sS'srsly'
p356
I36
sS'starbucks'
p357
I34
sS'they'
p358
I26
sS'ambition'
p359
I36
sS'not'
p360
I22
sS'now'
p361
I26
sS'day'
p362
I26
sS'nor'
p363
I35
sS'jump'
p364
I36
sS'slumpboyz'
p365
I36
sS'toes'
p366
I36
sS'always'
p367
I33
sS'debating'
p368
I35
sS'm\xc3\xa1s'
p369
I35
sS'trimmed'
p370
I36
sS'weather'
p371
I35
sS'trap'
p372
I36
sS'shirt'
p373
I36
sS'*our'
p374
I36
sS'|'
p375
I36
sS'el'
p376
I35
sS'everyone'
p377
I34
sS'england'
p378
I36
sS'bud'
p379
I36
sS'doing'
p380
I32
sS'fish'
p381
I36
sS'hard'
p382
I36
sS'yess'
p383
I36
sS'idea'
p384
I36
sS'brother'
p385
I36
sS'bradley'
p386
I36
sS'society'
p387
I36
sS'dawg'
p388
I36
sS'do.\xe2\x80\x9d'
p389
I36
sS'acavo'
p390
I36
sS'forgot'
p391
I36
sS'our'
p392
I35
sS'girl'
p393
I36
sS'teams'
p394
I36
sS'saturday'
p395
I35
sS'out'
p396
I24
sS'rt'
p397
I34
sS'mickey'
p398
I36
sS'missed'
p399
I36
sS'driving'
p400
I34
sS'god'
p401
I36
sS'fu'
p402
I36
sS'since'
p403
I32
sS'looking'
p404
I35
sS'attracted'
p405
I36
sS'seriously'
p406
I35
sS'mate'
p407
I36
sS'barley'
p408
I36
sS'7'
p409
I36
sS'smh'
p410
I36
sS'...wish'
p411
I36
sS'got'
p412
I24
sS'rn'
p413
I35
sS'contigo'
p414
I36
sS'red'
p415
I36
sS'shows'
p416
I36
sS'ass'
p417
I30
sS'fun'
p418
I36
sS'shut'
p419
I33
sS'arizona'
p420
I36
sS'igntales'
p421
I36
sS'pathetic'
p422
I36
sS"you're"
p423
I35
sS'hang'
p424
I36
sS'friday'
p425
I36
sS'allmy'
p426
I36
sS'free'
p427
I36
sS'houses'
p428
I36
sS'reason'
p429
I36
sS'que'
p430
I33
sS'disneyland'
p431
I36
sS'put'
p432
I36
sS'weed'
p433
I36
sS'beginning'
p434
I36
sS'havent'
p435
I36
sS'thinks'
p436
I36
sS'ate'
p437
I36
sS'graduated'
p438
I36
sS'geometry'
p439
I36
sS'starts'
p440
I36
sS'could'
p441
I33
sS'waits'
p442
I36
sS'kiss'
p443
I36
sS'success'
p444
I35
sS'heading'
p445
I34
sS'thing'
p446
I36
sS'deje'
p447
I36
sS'walmart'
p448
I36
sS'w'
p449
I36
sS'moving'
p450
I34
sS'promotion'
p451
I36
sS'\xe2\x9d\xa4\xe2\x9d\xa4'
p452
I36
sS'think'
p453
I33
sS'first'
p454
I35
sS'blind'
p455
I36
sS'major'
p456
I36
sS'already'
p457
I33
sS'superbowl'
p458
I36
sS'step'
p459
I36
sS'feel'
p460
I31
sS'coming'
p461
I36
sS'dabbing'
p462
I36
sS'scene'
p463
I35
sS'rank'
p464
I36
sS'one'
p465
I32
sS'feet'
p466
I36
sS'done'
p467
I33
sS'bitch'
p468
I32
sS'another'
p469
I35
sS'spanish'
p470
I36
sS'chile'
p471
I36
sS'kobe'
p472
I36
sS'family('
p473
I36
sS'miss'
p474
I35
sS'tomorrow'
p475
I26
sS'ripping'
p476
I36
sS'prank'
p477
I36
sS'iam'
p478
I36
sS"doesn't"
p479
I35
sS'little'
p480
I35
sS'long'
p481
I33
sS"there's"
p482
I36
sS'needed'
p483
I36
sS'together'
p484
I36
sS'top'
p485
I35
sS'myspace'
p486
I36
sS'girls'
p487
I36
sS'least'
p488
I35
sS'heights'
p489
I31
sS'anyone'
p490
I33
sS'their'
p491
I35
sS'fml'
p492
I35
sS'2'
p493
I30
sS'draft'
p494
I36
sS'too'
p495
I29
sS'legally'
p496
I36
sS'white'
p497
I36
sS'dogs'
p498
I35
sS'friend'
p499
I35
sS'listen'
p500
I35
sS'hacer'
p501
I36
sS'eyes'
p502
I35
sS'stomach'
p503
I35
sS'way'
p504
I36
sS'para'
p505
I34
sS'that'
p506
I11
sS'starving'
p507
I36
sS'season'
p508
I35
sS'exactly'
p509
I36
sS'park'
p510
I36
sS'took'
p511
I36
sS'fashoo'
p512
I36
sS'luckily'
p513
I36
sS'part'
p514
I35
sS'because'
p515
I35
sS'boredom'
p516
I36
sS"knott's"
p517
I36
sS'than'
p518
I32
sS'gotchu'
p519
I36
sS'boyfriend'
p520
I36
sS'wide'
p521
I36
sS'b'
p522
I36
sS'15'
p523
I36
sS'lmao'
p524
I33
sS'mlrt'
p525
I36
sS'gotta'
p526
I35
sS'classes'
p527
I36
sS'bed'
p528
I36
sS'shower'
p529
I36
sS'tummy'
p530
I36
sS'bisbing'
p531
I36
sS'cost'
p532
I36
sS'vocals'
p533
I36
sS'nervous'
p534
I36
sS'steez'
p535
I36
sS'were'
p536
I31
sS'sister'
p537
I36
sS'and'
p538
I7
sS'este'
p539
I36
sS'gathering'
p540
I36
sS'lick'
p541
I36
sS'outta'
p542
I36
sS'vocal'
p543
I36
sS'julian'
p544
I36
sS'mind'
p545
I36
sS'2-0'
p546
I36
sS'sad'
p547
I36
sS'tonight'
p548
I33
sS'raw'
p549
I36
sS'say'
p550
I33
sS'breakfaas\xe2\x9c\x8c\xef\xb8\x8f\xe2\x9c\x8c\xef\xb8\x8f'
p551
I36
sS'su'
p552
I36
sS'have'
p553
I26
sS'need'
p554
I27
sS'seen'
p555
I35
sS'breakfast'
p556
I36
sS"g'wax"
p557
I36
sS'saw'
p558
I35
sS'cheerios'
p559
I36
sS'noche'
p560
I36
sS'giano'
p561
I36
sS'lie'
p562
I36
sS'sleeeeep'
p563
I36
sS'nights'
p564
I36
sS'burnin'
p565
I36
sS'quesillo'
p566
I36
sS'climate'
p567
I36
sS'neck'
p568
I36
sS'shorts'
p569
I36
sS'-'
p570
I36
sS'conforming'
p571
I36
sS'wat'
p572
I36
sS'squad'
p573
I36
sS'take'
p574
I35
sS'forces'
p575
I36
sS'blunt$'
p576
I36
sS'so'
p577
I21
sS'korean'
p578
I36
sS'blunt'
p579
I32
sS'fella'
p580
I36
sS"vilena's"
p581
I36
sS'bitching'
p582
I36
sS'closer'
p583
I35
sS'play'
p584
I27
sS'added'
p585
I36
sS'painfully'
p586
I36
sS'though'
p587
I36
sS'track'
p588
I36
sS'doin'
p589
I36
sS'who'
p590
I32
sS'paid'
p591
I36
sS'netflix'
p592
I35
sS'most'
p593
I36
sS'regular'
p594
I36
sS'germany'
p595
I35
sS'lamez'
p596
I36
sS'drogba'
p597
I36
sS'nothing'
p598
I35
sS'achilles'
p599
I36
sS'awe'
p600
I36
sS'future'
p601
I36
sS'why'
p602
I34
sS'promotions'
p603
I36
sS'episode'
p604
I36
sS'boys'
p605
I36
sS'mobile'
p606
I36
sS'weakness'
p607
I36
sS'cover'
p608
I36
sS'drive'
p609
I35
sS'east'
p610
I36
sS'face'
p611
I31
sS'grandpa'
p612
I36
sS'side...\xe2\x80\x9d'
p613
I36
sS'stresssin'
p614
I36
sS'wow'
p615
I36
sS'came'
p616
I34
sS'6jib'
p617
I36
sS'walking'
p618
I36
sS'ugh'
p619
I36
sS'link'
p620
I36
sS'show'
p621
I36
sS'past'
p622
I36
sS'tener'
p623
I36
sS'indoor'
p624
I36
sS'pops'
p625
I35
sS'life\xe2\x80\xa6'
p626
I36
sS'bakin'
p627
I36
sS'>.<'
p628
I36
sS'king'
p629
I36
sS'faith'
p630
I36
sS'200'
p631
I36
sS'bananas'
p632
I36
sS'aint'
p633
I36
sS'\xe2\x9c\x8c'
p634
I36
sS'uprising'
p635
I36
sS'cabin'
p636
I36
sS'farting'
p637
I36
sS'noah'
p638
I36
sS'ayyyy'
p639
I36
sS'('
p640
I34
sS'rollie'
p641
I36
sS'saints'
p642
I36
sS'woo'
p643
I36
sS'hrs'
p644
I35
sS'should'
p645
I25
sS'to\xe2\x80\xa6'
p646
I36
sS'yea'
p647
I36
sS'only'
p648
I32
sS'going'
p649
I26
sS'actin'
p650
I36
sS'hockey'
p651
I36
sS'pretty'
p652
I35
sS'sd'
p653
I36
sS'plug$'
p654
I36
sS'sooooooo'
p655
I36
sS'attic'
p656
I36
sS'partially'
p657
I36
sS'valga'
p658
I36
sS'hope'
p659
I36
sS'pumpkin'
p660
I36
sS'meant'
p661
I36
sS'do'
p662
I25
sS'his'
p663
I35
sS'hit'
p664
I33
sS'get'
p665
I21
sS'fellow'
p666
I36
sS'dope'
p667
I36
sS'de'
p668
I34
sS'watch'
p669
I32
sS'lucky'
p670
I36
sS'soon'
p671
I35
sS'geek'
p672
I35
sS'tbh'
p673
I35
sS'love\xe2\x9d\xa4'
p674
I36
sS'longest'
p675
I36
sS'shyyt'
p676
I36
sS'him'
p677
I36
sS'target'
p678
I36
sS'adlib'
p679
I36
sS'runs'
p680
I36
sS'haga'
p681
I36
sS'smoking'
p682
I36
sS'ended'
p683
I36
sS'linebacker'
p684
I36
sS'interestrate'
p685
I36
sS'morning'
p686
I33
sS'bad'
p687
I31
sS'stupid'
p688
I34
sS'she'
p689
I32
sS'shots'
p690
I36
sS'employee'
p691
I36
sS'release'
p692
I36
sS'fugazy'
p693
I36
sS'finishing'
p694
I36
sS'told'
p695
I36
sS'where'
p696
I33
sS'woke'
p697
I36
sS'looks'
p698
I36
sS'miles'
p699
I36
sS'habit'
p700
I36
sS'w/'
p701
I35
sS'liquor'
p702
I36
sS'lazy'
p703
I36
sS'around'
p704
I36
sS'sex'
p705
I36
sS'see'
p706
I28
sS'defense'
p707
I36
sS'college'
p708
I36
sS'are'
p709
I28
sS'oiaue'
p710
I36
sS'parking'
p711
I36
sS'omg'
p712
I36
sS'surgery'
p713
I36
sS'taiwan'
p714
I36
sS'best'
p715
I33
sS'brazil'
p716
I32
sS'project'
p717
I36
sS'pictures'
p718
I36
sS'away'
p719
I35
sS'please'
p720
I36
sS'continually'
p721
I36
sS'3'
p722
I34
sS'score'
p723
I35
sS'finger'
p724
I36
sS'props'
p725
I36
sS'probably'
p726
I36
sS'bunch'
p727
I36
sS'1d'
p728
I36
sS'watchin'
p729
I36
sS'ima'
p730
I36
sS'we'
p731
I28
sS'pushing'
p732
I36
sS'wc'
p733
I36
sS'trynna'
p734
I36
sS'lettig'
p735
I36
sS'am'
p736
I36
sS'job'
p737
I35
sS'wtf'
p738
I36
sS'hurts'
p739
I35
sS'picking'
p740
I36
sS'killing'
p741
I36
sS'pissed'
p742
I36
sS'hills'
p743
I36
sS'immature'
p744
I36
sS'tires)'
p745
I36
sS'terror'
p746
I36
sS'store'
p747
I36
sS'last'
p748
I34
sS'rowland'
p749
I36
sS'ill'
p750
I35
sS"he's"
p751
I35
sS'superflys'
p752
I36
sS'restroom'
p753
I35
sS'una'
p754
I33
sS'folder'
p755
I36
sS'games'
p756
I36
sS'here!!!\xe2\x98\x94\xef\xb8\x8f'
p757
I36
sS'in2013'
p758
I36
sS'know\xe2\x80\xa6'
p759
I36
sS'ski'
p760
I36
sS'safely'
p761
I36
sS'asked'
p762
I36
sS"can't"
p763
I26
sS'mano'
p764
I36
sS'hehe'
p765
I36
sS'reacting'
p766
I36
sS'tone'
p767
I36
sS'fight'
p768
I36
sS'point'
p769
I36
sS'color'
p770
I36
sS'sweet'
p771
I36
sS'period'
p772
I36
sS'dudes'
p773
I36
sS'walk'
p774
I35
sS'likes'
p775
I36
sS'laugh'
p776
I36
sS'gave'
p777
I36
sS'trust'
p778
I35
sS'bongs'
p779
I36
sS'shop)'
p780
I34
sS'light'
p781
I36
sS'yay'
p782
I36
sS'caballo'
p783
I35
sS"it's"
p784
I27
sS'bbb'
p785
I36
sS'been'
p786
I25
sS'pc'
p787
I35
sS'lmbutto'
p788
I36
sS'much'
p789
I31
sS'damn'
p790
I35
sS'treat'
p791
I36
sS'9:30'
p792
I36
sS'brick'
p793
I36
sS'waste'
p794
I35
sS'\xe2\x99\xa5\xe2\x99\xa1\xe2\x99\xa5'
p795
I36
sS'chela'
p796
I36
sS'attractive'
p797
I36
sS'wants'
p798
I36
sS'life'
p799
I31
sS'lived'
p800
I36
sS'fade'
p801
I36
sS'gay'
p802
I36
sS'fire'
p803
I36
sS'hmu'
p804
I36
sS"what's"
p805
I36
sS'sunshine'
p806
I36
sS'blank'
p807
I36
sS'figured'
p808
I36
sS'wake'
p809
I34
sS'-.-'
p810
I35
sS'ooh'
p811
I36
sS'cambe'
p812
I36
sS'day/night'
p813
I36
sS'careful'
p814
I36
sS'spain'
p815
I36
sS'chill'
p816
I36
sS'homes'
p817
I36
sS'save'
p818
I36
sS'fur'
p819
I36
sS'look'
p820
I34
sS'talking'
p821
I36
sS'these'
p822
I31
sS'might'
p823
I34
sS'7jib'
p824
I35
sS'tip'
p825
I36
sS'ahah'
p826
I35
sS'cvs'
p827
I36
sS'n'
p828
I35
sS'will'
p829
I31
sS'kcon'
p830
I36
sS'while'
p831
I35
sS"96'"
p832
I36
sS'kick'
p833
I36
sS'bitch\xe2\x80\x9d'
p834
I36
sS'promoted'
p835
I36
sS'city'
p836
I36
sS'cracked'
p837
I36
sS'happened'
p838
I36
sS'taking'
p839
I35
sS'mistake'
p840
I36
sS'understand'
p841
I35
sS'owed'
p842
I36
sS'usar'
p843
I36
sS'trades'
p844
I36
sS'4reaal'
p845
I36
sS'portugal'
p846
I36
sS'mexico'
p847
I34
sS'determination'
p848
I36
sS'is'
p849
I10
sS'\xe8\xae\x80\xe6\x9b\xb8\xe6\x9c\x83'
p850
I31
sS'it'
p851
I13
sS'diiiccckkk'
p852
I36
sS'shame'
p853
I36
sS'cant'
p854
I36
sS'someone'
p855
I34
sS'\xe7\xbe\x85\xe8\x98\xad'
p856
I31
sS'ready'
p857
I35
sS'bucks'
p858
I36
sS'mouse'
p859
I36
sS'everyday'
p860
I35
sS'ig'
p861
I36
sS'if'
p862
I28
sS'funny'
p863
I36
sS'different'
p864
I36
sS"sihae's"
p865
I36
sS'italy'
p866
I36
sS'realllly'
p867
I36
sS'fkn'
p868
I36
sS'players'
p869
I35
sS'gradnite'
p870
I36
sS'winter'
p871
I36
sS'make'
p872
I34
sS'bowl'
p873
I36
sS'expect'
p874
I36
sS'same'
p875
I35
sS'chuy'
p876
I36
sS'fuuckk'
p877
I36
sS'perff'
p878
I36
sS'hahah'
p879
I36
sS'dam'
p880
I36
sS'party'
p881
I32
sS'10:00-2:00'
p882
I36
sS'week'
p883
I32
sS'tiempo'
p884
I35
sS'used'
p885
I36
sS'sings'
p886
I36
sS'finshed'
p887
I36
sS'pick'
p888
I32
sS'driver'
p889
I36
sS'yesterday'
p890
I36
sS'fucker'
p891
I36
sS'90\xc2\xb0'
p892
I36
sS'beast'
p893
I32
sS'hypocrites'
p894
I36
sS'fucken'
p895
I36
sS'strength'
p896
I36
sS'barber'
p897
I34
sS'diserves'
p898
I36
sS'iwannakillmyself'
p899
I36
sS'fucked'
p900
I36
sS'niggah'
p901
I36
sS'fuxking'
p902
I36
sS'opportunity'
p903
I36
sS'everywhere'
p904
I35
sS'fuuuuuuck'
p905
I36
sS'\xe2\x9c\x8c\xef\xb8\x8f'
p906
I36
sS'mohawk'
p907
I35
sS'posted'
p908
I36
sS'off'
p909
I32
sS'dying'
p910
I36
sS'kicked'
p911
I36
sS'1978'
p912
I36
sS'i'
p913
I2
sS'now-jessa'
p914
I36
sS'variety'
p915
I36
sS'well'
p916
I34
sS'anybody'
p917
I35
sS'tho'
p918
I33
sS'._'
p919
I36
sS'wakingupwithjen'
p920
I36
sS'goals'
p921
I36
sS'y'
p922
I35
sS'hearts'
p923
I35
sS'the'
p924
I4
sS'con'
p925
I36
sS'dark'
p926
I36
sS'yours'
p927
I36
sS'summer'
p928
I36
sS'backstroke'
p929
I36
sS'\xe2\x9d\xa4'
p930
I35
sS'just'
p931
I17
sS'less'
p932
I36
sS'being'
p933
I31
sS'photo'
p934
I36
sS'laptop'
p935
I36
sS'vid'
p936
I36
sS'boutta'
p937
I35
sS'schools'
p938
I36
sS'(i'
p939
I36
sS'thanks'
p940
I34
sS'behind'
p941
I36
sS'^_^'
p942
I36
sS'12:00'
p943
I36
sS'yes'
p944
I34
sS'yet'
p945
I35
sS'schleep'
p946
I35
sS'hah'
p947
I35
sS'death'
p948
I36
sS'$'
p949
I35
sS'cup'
p950
I36
sS'vida'
p951
I36
sS'bruder'
p952
I36
sS'had'
p953
I33
sS'occupants'
p954
I36
sS'bullshit'
p955
I35
sS'lets'
p956
I35
sS'boon'
p957
I36
sS'parents'
p958
I35
sS'4'
p959
I35
sS'ooooo'
p960
I36
sS'courtney'
p961
I36
sS'desk'
p962
I36
sS'has'
p963
I29
sS'hat'
p964
I36
sS'humanity'
p965
I36
sS'match'
p966
I35
sS'niece'
p967
I36
sS'real'
p968
I33
sS'bio'
p969
I36
sS'tests'
p970
I36
sS"juggin'"
p971
I36
sS'sick'
p972
I36
sS'decided'
p973
I36
sS'yeahhh'
p974
I36
sS'big'
p975
I36
sS"who's"
p976
I36
sS'mins'
p977
I36
sS'pants'
p978
I36
sS'gonna'
p979
I35
sS'early'
p980
I34
sS'shitty'
p981
I36
sS'game'
p982
I28
sS'five'
p983
I36
sS'know'
p984
I28
sS'mom'
p985
I33
sS'wanting'
p986
I36
sS'belgium'
p987
I34
sS'world'
p988
I36
sS'2nd'
p989
I35
sS'disappointed'
p990
I36
sS'dreams'
p991
I35
sS'like'
p992
I21
sS'-_-'
p993
I35
sS'self-confidence'
p994
I36
sS'rides'
p995
I36
sS'--'
p996
I36
sS'chica'
p997
I35
sS'laughing'
p998
I36
sS'messi'
p999
I35
sS'night'
p1000
I29
sS"finness'n"
p1001
I36
sS'become'
p1002
I36
sS'sidewalk'
p1003
I36
sS'page'
p1004
I35
sS'awesome'
p1005
I36
sS'tastes'
p1006
I36
sS'slept'
p1007
I36
sS'ola'
p1008
I36
sS'intensions'
p1009
I36
sS'right'
p1010
I31
sS'old'
p1011
I35
sS'crowd'
p1012
I36
sS'people'
p1013
I34
sS'fucking'
p1014
I34
sS'twitter'
p1015
I35
sS'some'
p1016
I35
sS'back'
p1017
I31
sS'dead'
p1018
I36
sS'manziel'
p1019
I34
sS'swear...this'
p1020
I36
sS'scrimmage'
p1021
I36
sS'mirror'
p1022
I36
sS'images'
p1023
I36
sS'home'
p1024
I29
sS'roses'
p1025
I36
sS'peter'
p1026
I36
sS'vato'
p1027
I36
sS'118'
p1028
I36
sS'rohn'
p1029
I36
sS'mood'
p1030
I35
sS'for'
p1031
I13
sS'literally'
p1032
I36
sS'price'
p1033
I36
sS'/'
p1034
I36
sS'cast'
p1035
I36
sS'pounding'
p1036
I36
sS'continue'
p1037
I36
sS'sophomores'
p1038
I36
sS'shooterz'
p1039
I36
sS'luvvv'
p1040
I36
sS'boo'
p1041
I36
sS'pee'
p1042
I35
sS'dat'
p1043
I36
sS'montar'
p1044
I35
sS'drink'
p1045
I36
sS'tht'
p1046
I36
sS'be'
p1047
I16
sS'5jib'
p1048
I36
sS'zombies'
p1049
I36
sS'business'
p1050
I36
sS'schedule'
p1051
I36
sS'costumes'
p1052
I36
sS'bt'
p1053
I36
sS'broken'
p1054
I35
sS'promos'
p1055
I36
sS'fooliez'
p1056
I36
sS'defensive'
p1057
I36
sS'throwback'
p1058
I36
sS'from'
p1059
I34
sS'choked'
p1060
I36
sS'r'
p1061
I36
sS'by'
p1062
I36
sS'on'
p1063
I12
sS'about'
p1064
I26
sS'inspiring'
p1065
I36
sS'ok'
p1066
I34
sS'would'
p1067
I36
sS'anything'
p1068
I36
sS'oh'
p1069
I32
sS'of'
p1070
I14
sS'industry'
p1071
I36
sS'valentines'
p1072
I36
sS'favorite'
p1073
I36
sS'pieology'
p1074
I36
sS'acl'
p1075
I36
sS'aye'
p1076
I36
sS'swear'
p1077
I35
sS'stand'
p1078
I36
sS'connected'
p1079
I36
sS'bumpin'
p1080
I36
sS'wanna'
p1081
I33
sS'or'
p1082
I32
sS'*king'
p1083
I36
sS'own'
p1084
I35
sS'sheets'
p1085
I36
sS'owe'
p1086
I36
sS'pero'
p1087
I36
sS'sergio'
p1088
I36
sS'tag'
p1089
I36
sS'farted'
p1090
I36
sS'usa'
p1091
I36
sS'getting'
p1092
I33
sS'down'
p1093
I33
sS'rice'
p1094
I36
sS'throat'
p1095
I36
sS'nigga'
p1096
I35
sS'next'
p1097
I36
sS'clowney'
p1098
I35
sS'your'
p1099
I24
sS'stare'
p1100
I36
sS'impressed'
p1101
I36
sS'neymar'
p1102
I36
sS'computer'
p1103
I36
sS'her'
p1104
I31
sS'anymore'
p1105
I36
sS'spending'
p1106
I36
sS'weekend'
p1107
I35
sS'strictly'
p1108
I36
sS'there'
p1109
I34
sS'question'
p1110
I36
sS'madden'
p1111
I36
sS'lol'
p1112
I18
sS'class'
p1113
I32
sS'start'
p1114
I36
sS'development'
p1115
I36
sS"we're"
p1116
I35
sS'lot'
p1117
I35
sS'4:30'
p1118
I36
sS'forward'
p1119
I35
sS'call'
p1120
I36
sS'bored'
p1121
I35
sS'was'
p1122
I18
sS'misss'
p1123
I36
sS'happy'
p1124
I26
sS'head'
p1125
I36
sS'buy'
p1126
I36
sS'complete'
p1127
I36
sS'kush'
p1128
I36
sS"i've"
p1129
I34
sS'bus'
p1130
I36
sS'bitches'
p1131
I35
sS'pastor'
p1132
I36
sS'but'
p1133
I21
sS'shits'
p1134
I36
sS'heat'
p1135
I36
sS'hi'
p1136
I36
sS'uncle'
p1137
I36
sS'sucka'
p1138
I36
sS'straight'
p1139
I35
sS'didnt'
p1140
I36
sS'line'
p1141
I36
sS'promote'
p1142
I36
sS'with'
p1143
I12
sS'eat'
p1144
I33
sS'belated'
p1145
I36
sS'he'
p1146
I28
sS"they're"
p1147
I35
sS'throw'
p1148
I36
sS'made'
p1149
I35
sS'middle'
p1150
I36
sS'chiill'
p1151
I36
sS'rafa'
p1152
I36
sS'wish'
p1153
I35
sS'up'
p1154
I14
sS'us'
p1155
I34
sS'ur'
p1156
I35
sS'lemme'
p1157
I36
sS'cruel'
p1158
I36
sS'agara'
p1159
I36
sS'those'
p1160
I36
sS'dirty'
p1161
I34
sS'faded'
p1162
I36
sS'site'
p1163
I36
sS'3-1'
p1164
I36
sS'problem'
p1165
I36
sS'minutes'
p1166
I35
sS'longstay'
p1167
I36
sS'asss'
p1168
I36
sS'penal'
p1169
I36
sS'gone'
p1170
I34
sS'$13100'
p1171
I36
sS'hard\xe2\x80\xa6'
p1172
I36
sS'johnny'
p1173
I36
sS'fans'
p1174
I36
sS'thotful'
p1175
I36
sS'year'
p1176
I36
sS'listening'
p1177
I36
sS'robben'
p1178
I36
sS'watches'
p1179
I36
sS'an'
p1180
I33
sS'twist'
p1181
I36
sS'as'
p1182
I33
sS'sometime'
p1183
I36
sS'mostly'
p1184
I36
sS'at'
p1185
I15
sS'playin'
p1186
I36
sS'babe'
p1187
I36
sS'ramirez'
p1188
I36
sS'tenga'
p1189
I36
sS'happen'
p1190
I36
sS'shit'
p1191
I31
sS'$6.00'
p1192
I36
sS'again'
p1193
I33
sS'compared'
p1194
I36
sS'2012/2013/2014'
p1195
I36
sS'no.20'
p1196
I36
sS'no'
p1197
I25
sS'nah'
p1198
I34
sS'peace'
p1199
I36
sS'when'
p1200
I28
sS'lately'
p1201
I36
sS'til'
p1202
I35
sS'club'
p1203
I36
sS'nap'
p1204
I35
sS'other'
p1205
I33
sS'5'
p1206
I36
sS'holding'
p1207
I35
sS'test'
p1208
I36
sS'hype'
p1209
I36
sS'you'
p1210
I8
sS'really'
p1211
I33
sS'roll'
p1212
I34
sS'realize'
p1213
I35
sS'nice'
p1214
I35
sS'scored'
p1215
I36
sS'picture'
p1216
I36
sS'star'
p1217
I36
sS'hey'
p1218
I36
sS'cristiano'
p1219
I36
sS'wing'
p1220
I36
sS'football'
p1221
I36
sS'stay'
p1222
I35
sS"let's"
p1223
I32
sS'alright'
p1224
I36
sS'chance'
p1225
I36
sS'vocally'
p1226
I36
sS'rolling'
p1227
I36
sS'hair'
p1228
I36
sS'fagget'
p1229
I36
sS'friends'
p1230
I32
sS'earphones'
p1231
I35
sS'nikes'
p1232
I36
sS'tweeting'
p1233
I36
sS'wondered'
p1234
I36
sS'spend'
p1235
I36
sS'wifi'
p1236
I36
sS'youtube'
p1237
I36
sS'freaking'
p1238
I36
sS'having'
p1239
I36
sS'extras'
p1240
I36
sS'u'
p1241
I24
sS'time'
p1242
I33
sS'far'
p1243
I36
sS'serious'
p1244
I34
sS'2008'
p1245
I36
sS'surprised'
p1246
I36
sS'original'
p1247
I36
sS'restored'
p1248
I36
sS'once'
p1249
I36
s.