(dp0
S''
p1
I1
sS'limited'
p2
I89
sS'raining'
p3
I89
sS'haaaayyy,91016\n233445917401944064,desidayy,2012-08-09'
p4
I89
sS'saver'
p5
I89
sS'*blood'
p6
I89
sS'morning.\xe2\x80\xa6'
p7
I89
sS'"seahawks'
p8
I89
sS'instead\xe2\x80\x9d'
p9
I89
sS'dominator'
p10
I89
sS'woods'
p11
I89
sS'sleep'
p12
I74
sS'hanging'
p13
I88
sS'hate'
p14
I62
sS'drinkin'
p15
I89
sS'up/'
p16
I89
sS'swag'
p17
I89
sS'allll'
p18
I89
sS'buddy'
p19
I89
sS'tweet'
p20
I86
sS'sweetest'
p21
I88
sS'mmmmmmm'
p22
I89
sS'monroviaaaaaa'
p23
I89
sS'how\xe2\x80\xa6'
p24
I89
sS'sorry'
p25
I85
sS'restock'
p26
I89
sS'worth'
p27
I87
sS'tobis'
p28
I83
sS'gonns'
p29
I89
sS'digit'
p30
I89
sS'hours\xe2\x99\xa1'
p31
I89
sS'lolz,91016\n483672927397638144,muybu3no,2014-06-30'
p32
I89
sS'*blushing*'
p33
I89
sS'smack'
p34
I89
sS'(\xef\xbf\xa3\xe2\x96\xbd\xef\xbf\xa3)'
p35
I89
sS'every'
p36
I81
sS'updates'
p37
I89
sS'jacob'
p38
I89
sS'bronkiferess'
p39
I89
sS'screaming'
p40
I88
sS'9-5-14'
p41
I89
sS'chapel'
p42
I89
sS'tickets'
p43
I86
sS'school'
p44
I68
sS'broiler'
p45
I87
sS'margarita'
p46
I89
sS'...and'
p47
I89
sS'venue'
p48
I89
sS'wednesday'
p49
I86
sS'oooo'
p50
I89
sS'10:04:56.0,34.137526,-118.0106202,4309.01,wide'
p51
I89
sS'heading'
p52
I89
sS'clothes'
p53
I87
sS'(6%)'
p54
I89
sS'creepin'
p55
I89
sS'charter'
p56
I89
sS'force'
p57
I88
sS'zinc'
p58
I89
sS'hell!"'
p59
I89
sS'tired'
p60
I83
sS'awake'
p61
I89
sS'nigg'
p62
I89
sS'do???,91016\n236008820348948480,desidayy,2012-08-16'
p63
I89
sS'bacon'
p64
I89
sS'sammie'
p65
I89
sS'nail'
p66
I89
sS'second'
p67
I88
sS'street'
p68
I87
sS'huffing'
p69
I89
sS'flor\xc3\xa9'
p70
I89
sS'others)'
p71
I83
sS'21:08:12.0,34.13985768,-118.01087962,4309.01,it'
p72
I89
sS'even'
p73
I63
sS'eucharistic'
p74
I89
sS':this'
p75
I89
sS"tonight's"
p76
I88
sS'clocked'
p77
I89
sS'22:20:56.0,34.13819238,-118.01283027,4309.01,lmao'
p78
I89
sS'monroviaaa'
p79
I89
sS'ney'
p80
I89
sS'07:57:42.0,34.13974654,-118.01055797,4309.01,being'
p81
I89
sS'new'
p82
I72
sS'tips'
p83
I89
sS'antoinette'
p84
I89
sS'ever'
p85
I71
sS'croutons'
p86
I89
sS'disney'
p87
I89
sS'told'
p88
I79
sS'roys'
p89
I89
sS'feehily'
p90
I89
sS'apart."'
p91
I89
sS'avery'
p92
I89
sS'never'
p93
I67
sS'loling'
p94
I89
sS'here'
p95
I69
sS'meli_217'
p96
I89
sS'\xe2\x9d\xa4\xef\xb8\x8f'
p97
I84
sS'smokin'
p98
I89
sS'aftermath'
p99
I89
sS'100'
p100
I88
sS'lissandra'
p101
I89
sS'dork'
p102
I88
sS'kids'
p103
I87
sS"shakey's("
p104
I89
sS'items'
p105
I89
sS'study'
p106
I88
sS'changed'
p107
I88
sS'reports'
p108
I89
sS'rankers'
p109
I89
sS'friend.,91016\n400743547298529280,frickensiddoh,2013-11-13'
p110
I89
sS'tv'
p111
I88
sS"i'd"
p112
I88
sS'ako'
p113
I89
sS'smoke'
p114
I88
sS'lonesome'
p115
I88
sS'military'
p116
I87
sS"i'm"
p117
I11
sS"someone's"
p118
I89
sS'settled'
p119
I89
sS'eyebrows'
p120
I86
sS'golden'
p121
I89
sS'fantastic'
p122
I89
sS'tu'
p123
I89
sS'straw'
p124
I89
sS'feelings'
p125
I88
sS'bro'
p126
I87
sS'patience'
p127
I89
sS'bri'
p128
I88
sS'landscape'
p129
I89
sS'hoping'
p130
I89
sS'"she\'s'
p131
I89
sS'presents'
p132
I89
sS'cheating'
p133
I89
sS'would'
p134
I73
sS':),91016\n241060621397917696,desidayy,2012-08-30'
p135
I89
sS'nine'
p136
I89
sS'watering'
p137
I89
sS'arms'
p138
I89
sS'to,91016\n454476713875886081,frickensiddoh,2014-04-11'
p139
I89
sS'princess'
p140
I89
sS'chargers'
p141
I88
sS'call'
p142
I79
sS'calm'
p143
I89
sS'lori'
p144
I89
sS'c-zaaaarr'
p145
I89
sS'type'
p146
I88
sS'until'
p147
I83
sS'06:01:35.0,34.1372788,-118.00678967,4309.01,first'
p148
I89
sS'19:49:38.0,34.14536724,-118.01618212,4309.01,i'
p149
I89
sS'holy'
p150
I85
sS'successful'
p151
I88
sS'wiggins3'
p152
I89
sS'haha'
p153
I52
sS'homily'
p154
I89
sS'hurt'
p155
I85
sS'mathew'
p156
I86
sS'15:28:06.0,34.1371607,-118.0067467,4309.01,when'
p157
I89
sS'warm'
p158
I89
sS'robin'
p159
I89
sS'yard'
p160
I89
sS'hold'
p161
I89
sS'immature'
p162
I89
sS'must'
p163
I86
sS'me'
p164
I10
sS'md'
p165
I89
sS'dimas'
p166
I89
sS'ma'
p167
I87
sS'room'
p168
I85
sS'presentation'
p169
I89
sS'setup'
p170
I89
sS'work'
p171
I37
sS'entertained'
p172
I89
sS'cuddly'
p173
I89
sS'movies'
p174
I88
sS'locker'
p175
I89
sS'mr'
p176
I89
sS'my'
p177
I5
sS'estate'
p178
I89
sS'give'
p179
I80
sS'too.\xe2\x80\x9d'
p180
I89
sS'stressing'
p181
I89
sS'involve'
p182
I89
sS'gohan'
p183
I89
sS'homie'
p184
I85
sS'tomorrow.,91016\n248960821965762560,desidayy,2012-09-21'
p185
I89
sS'want'
p186
I47
sS'keep'
p187
I79
sS'8year'
p188
I89
sS'worse'
p189
I88
sS'hoe'
p190
I89
sS'end'
p191
I83
sS'recovery'
p192
I89
sS'turn'
p193
I88
sS'supermarket)'
p194
I89
sS'sitting'
p195
I88
sS"mimi's"
p196
I48
sS'machine'
p197
I88
sS'how'
p198
I47
sS'amazing'
p199
I79
sS'writers'
p200
I89
sS'interview'
p201
I87
sS'chumelo'
p202
I89
sS'beach'
p203
I84
sS'pizza'
p204
I78
sS'fever'
p205
I88
sS'beauty'
p206
I87
sS'bday'
p207
I89
sS'"he'
p208
I89
sS'after'
p209
I66
sS"stressin'"
p210
I89
sS'lac'
p211
I88
sS'wrong'
p212
I78
sS'hahahahha'
p213
I89
sS'president'
p214
I89
sS'lap'
p215
I89
sS'shirt'
p216
I89
sS'whale'
p217
I89
sS'purchase'
p218
I89
sS'superbad'
p219
I89
sS'attempt'
p220
I89
sS'doozy'
p221
I89
sS'appreciate'
p222
I89
sS'green'
p223
I86
sS'goodbye'
p224
I89
sS'keeps'
p225
I84
sS'worst'
p226
I87
sS"chipotle's"
p227
I89
sS'tooooo'
p228
I89
sS'naman'
p229
I89
sS'the*'
p230
I89
sS'office'
p231
I85
sS'muffin'
p232
I89
sS'over'
p233
I75
sS'fall'
p234
I89
sS'foreal'
p235
I89
sS'okay\xe2\x98\xba\xef\xb8\x8f'
p236
I89
sS'owens'
p237
I89
sS'hook'
p238
I89
sS'mayor'
p239
I80
sS'before'
p240
I80
sS'ima'
p241
I89
sS'californians'
p242
I89
sS'somewhere'
p243
I87
sS'highlights'
p244
I89
sS'avocado'
p245
I89
sS'denver'
p246
I88
sS'crew'
p247
I89
sS'better'
p248
I69
sS'msela'
p249
I89
sS'weeks'
p250
I87
sS'gents'
p251
I89
sS'lookong'
p252
I89
sS'then'
p253
I70
sS'them'
p254
I58
sS'flirtin'
p255
I89
sS'maker'
p256
I89
sS'awake.,91016\n239556237384093696,desidayy,2012-08-26'
p257
I89
sS"we'll"
p258
I85
sS'cuties'
p259
I89
sS'break'
p260
I86
sS'band'
p261
I88
sS'bang'
p262
I88
sS'wednesdays'
p263
I88
sS'they'
p264
I49
sS'washing'
p265
I89
sS'one'
p266
I46
sS'silver'
p267
I89
sS'group'
p268
I89
sS'bread'
p269
I85
sS'leaner'
p270
I89
sS'chuck'
p271
I79
sS'alexis'
p272
I89
sS'good'
p273
I38
sS'panini'
p274
I89
sS'petco)'
p275
I89
sS'conflict'
p276
I89
sS'each'
p277
I86
sS'addicted'
p278
I88
sS'went'
p279
I85
sS'briana'
p280
I89
sS'side'
p281
I88
sS'carlos'
p282
I89
sS'mean'
p283
I83
sS'drained...effects'
p284
I89
sS'series'
p285
I89
sS'innocent'
p286
I89
sS'spider'
p287
I89
sS'bowls'
p288
I89
sS'joined'
p289
I89
sS'taught'
p290
I89
sS'depot)'
p291
I89
sS'forgot'
p292
I87
sS'aids'
p293
I89
sS'broiler)'
p294
I89
sS'saturday'
p295
I84
sS'*rubs'
p296
I89
sS'rt'
p297
I81
sS'gon'
p298
I88
sS'driving'
p299
I88
sS'sang'
p300
I89
sS'god'
p301
I75
sS'bat'
p302
I89
sS'hooked'
p303
I89
sS'cheesy'
p304
I89
sS'strangers'
p305
I89
sS'sparkle'
p306
I89
sS'daniel'
p307
I88
sS'smh'
p308
I84
sS'medicine'
p309
I89
sS'got'
p310
I46
sS'rn'
p311
I82
sS"joe's)"
p312
I86
sS'day"'
p313
I89
sS'sliding'
p314
I89
sS'gos'
p315
I89
sS'up,91016\n488728819805982720,laurui11,2014-07-14'
p316
I89
sS'foundation'
p317
I89
sS'hope*'
p318
I89
sS'arizona'
p319
I89
sS'cutest'
p320
I87
sS"you're"
p321
I64
sS"20's"
p322
I89
sS'35-3'
p323
I89
sS'given'
p324
I89
sS'free'
p325
I86
sS'fred'
p326
I89
sS'"hey'
p327
I89
sS'smacking'
p328
I89
sS'struggle'
p329
I88
sS'lovelylala09'
p330
I89
sS'favs'
p331
I89
sS'wanted'
p332
I83
sS'00:13:02.0,34.14008376,-118.01096071,4309.01,and'
p333
I89
sS'favv'
p334
I89
sS'dammit'
p335
I89
sS'ate'
p336
I89
sS'graduated'
p337
I89
sS'starts'
p338
I88
sS'messages'
p339
I89
sS'days'
p340
I80
sS"han's"
p341
I89
sS'tolerant'
p342
I89
sS'00:47:00.0,34.14037205,-118.01021419,4309.01,tbh'
p343
I89
sS'04:31:07.0,34.13966294,-118.01366685,4309.01,i'
p344
I89
sS'heck'
p345
I87
sS'"no'
p346
I89
sS'competed'
p347
I89
sS'cucumber'
p348
I89
sS'(at'
p349
I67
sS'21:54:41.0,34.14567038,-118.01663192,4309.01,i'
p350
I89
sS'fuckin'
p351
I88
sS'enjoy'
p352
I89
sS'rang'
p353
I89
sS'already'
p354
I81
sS'discounts'
p355
I89
sS'champs'
p356
I89
sS'shumurda'
p357
I89
sS'grade'
p358
I88
sS'housemates.\xe2\x80\x9d'
p359
I89
sS'hoop'
p360
I89
sS'veggie'
p361
I89
sS'hearing'
p362
I89
sS'whoooooo'
p363
I89
sS'wash'
p364
I88
sS'floors'
p365
I89
sS'delicious'
p366
I88
sS'comin'
p367
I89
sS'scissors'
p368
I88
sS'olds'
p369
I89
sS'basketball'
p370
I89
sS'lecturing'
p371
I89
sS'service'
p372
I87
sS'tor'
p373
I88
sS'top'
p374
I87
sS'geo-tag'
p375
I89
sS'girls'
p376
I79
sS'heights'
p377
I89
sS'needed'
p378
I87
sS'jamba'
p379
I89
sS'california'
p380
I86
sS'too'
p381
I54
sS'hollywood'
p382
I88
sS'legs'
p383
I87
sS'listen'
p384
I89
sS'curtains'
p385
I89
sS'ceiling'
p386
I89
sS'hangout'
p387
I86
sS'table\xe2\x80\xa6'
p388
I89
sS'gym'
p389
I82
sS'albert'
p390
I89
sS'took'
p391
I83
sS'hips'
p392
I89
sS'01:55:45.0,34.1454457,-118.00996249,4309.01,neeeed'
p393
I89
sS'distance'
p394
I89
sS'"society"'
p395
I89
sS'asaph'
p396
I89
sS'target'
p397
I89
sS'showed'
p398
I89
sS'fufu'
p399
I89
sS'tree'
p400
I89
sS'shower'
p401
I89
sS'matter'
p402
I85
sS'classes'
p403
I88
sS'flame'
p404
I86
sS'williams'
p405
I86
sS'feeling'
p406
I85
sS'minus'
p407
I89
sS'rag'
p408
I88
sS'lbs'
p409
I89
sS'tht'
p410
I88
sS'sees'
p411
I89
sS'bare'
p412
I89
sS'portraits'
p413
I89
sS'mind'
p414
I83
sS'mine'
p415
I85
sS'spent'
p416
I89
sS'talking'
p417
I83
sS'heheh'
p418
I89
sS'rap'
p419
I89
sS'seen'
p420
I83
sS'mins'
p421
I89
sS'tells'
p422
I88
sS'hub'
p423
I89
sS'tiredddd'
p424
I89
sS'-'
p425
I71
sS'balling'
p426
I89
sS'panda'
p427
I89
sS'okie'
p428
I89
sS'chess'
p429
I88
sS'doors'
p430
I89
sS'sleeper'
p431
I89
sS'panties'
p432
I89
sS'ypn'
p433
I89
sS'nobody'
p434
I86
sS'shall'
p435
I88
sS'dnt'
p436
I89
sS'y'
p437
I85
sS'mouth'
p438
I89
sS'reverence'
p439
I89
sS'drought'
p440
I89
sS'18:06:44.0,34.1405675,-118.0106786,4309.01,this'
p441
I89
sS'parting'
p442
I89
sS'game,91016\n395044134571896832,daddyden_hooper,2013-10-29'
p443
I89
sS'7am'
p444
I89
sS'episode'
p445
I88
sS'treats'
p446
I89
sS'mw3'
p447
I89
sS'alarm'
p448
I89
sS'camp'
p449
I87
sS'm'
p450
I89
sS'dog'
p451
I84
sS'doe'
p452
I89
sS'freeway'
p453
I88
sS'judgmental'
p454
I89
sS'definitely'
p455
I88
sS'*queue'
p456
I89
sS',91016\n467065469770289152,frickensiddoh,2014-05-15'
p457
I89
sS'tuff'
p458
I89
sS'annoyed'
p459
I88
sS'came'
p460
I82
sS'kristen'
p461
I89
sS'saying'
p462
I85
sS'bomb'
p463
I87
sS'inspire'
p464
I89
sS'lyrics'
p465
I88
sS'hunger'
p466
I89
sS'queen'
p467
I89
sS'mmmmmm,91016\n492108532007702528,desidayy,2014-07-24'
p468
I89
sS'nominated'
p469
I89
sS'ending'
p470
I89
sS'radio'
p471
I89
sS'sinnin'
p472
I89
sS"chili's"
p473
I78
sS'enjoyed'
p474
I89
sS'lessons'
p475
I89
sS'sunsets'
p476
I89
sS'busy'
p477
I89
sS'chamomile'
p478
I89
sS'sleeps'
p479
I89
sS'menu'
p480
I89
sS'weekends'
p481
I88
sS'hrs'
p482
I89
sS'appreciated'
p483
I89
sS'unleashed'
p484
I88
sS'touched'
p485
I89
sS'rich'
p486
I88
sS'folks'
p487
I89
sS'chipotle'
p488
I82
sS'rice'
p489
I89
sS'personality'
p490
I86
sS'wearing'
p491
I86
sS'do'
p492
I35
sS'dm'
p493
I88
sS'10'
p494
I87
sS',91016\n433781508357107712,frickensiddoh,2014-02-13'
p495
I89
sS'watch'
p496
I80
sS'$16'
p497
I89
sS'7-11'
p498
I89
sS'haunted'
p499
I89
sS'janzy'
p500
I89
sS'fetish'
p501
I89
sS'report'
p502
I86
sS'$10'
p503
I89
sS'nasty'
p504
I88
sS'dr'
p505
I81
sS'net'
p506
I89
sS'\xe4\xbb\x8a\xe3\x81\x8b\xe3\x82\x89\xe3\x83\x97\xe3\x83\xbc\xe3\x83\xab\xe3\x83\x90\xe3\x83\xbc\xe3\x83\x99\xe3\x82\xad\xe3\x83\xa5\xe3\x83\xbc\xe3\x83\x91\xe3\x83\xbc\xe3\x83\x86\xe3\x82\xa3\xe3\x81\xa0\xe3\x81\x9c\xe3\x83\xbc\xe3\x81\x84\xe2\x9d\xa4\xef\xb8\x8f\xe2\x9d\xa4\xef\xb8\x8f'
p507
I89
sS'runs'
p508
I89
sS'you."welcome'
p509
I89
sS'bar'
p510
I73
sS'countries'
p511
I89
sS'cher_bear_88'
p512
I89
sS'officially'
p513
I87
sS'slutting'
p514
I89
sS'bay'
p515
I89
sS'bag'
p516
I87
sS'bad'
p517
I73
sS'bae'
p518
I86
sS'gears'
p519
I89
sS'shots'
p520
I88
sS'bam'
p521
I89
sS'bah'
p522
I87
sS'emz'
p523
I89
sS'headed'
p524
I88
sS'unworthy'
p525
I89
sS'w/'
p526
I76
sS'lemonade'
p527
I89
sS'resist'
p528
I89
sS'goodnight'
p529
I84
sS'toes'
p530
I89
sS'"for"'
p531
I89
sS'best'
p532
I74
sS'02'
p533
I89
sS'eres'
p534
I89
sS'18:12:31.0,34.1384157,-118.0134218,4309.01,pooping,91016\n490992266031296513,muybu3no,2014-07-20'
p535
I89
sS'said'
p536
I82
sS'draws'
p537
I89
sS"meyou're"
p538
I89
sS'pedicure'
p539
I89
sS'lots'
p540
I87
sS'away'
p541
I80
sS'shaved'
p542
I89
sS'rushing'
p543
I89
sS'future'
p544
I87
sS'numan'
p545
I89
sS'hopefully'
p546
I88
sS"watchin'"
p547
I89
sS'18:54:06.0,34.13968411,-118.01037166,4309.01,happy'
p548
I89
sS'pfft'
p549
I89
sS'lazy'
p550
I87
sS'men'
p551
I86
sS'omg'
p552
I75
sS"paula's"
p553
I89
sS'nature'
p554
I88
sS'weak'
p555
I89
sS'boss'
p556
I89
sS'wear'
p557
I86
sS'wtf'
p558
I85
sS'heads'
p559
I89
sS'news'
p560
I88
sS'picking'
p561
I84
sS'17:41:18.0,34.14005849,-118.00740446,4309.01,it'
p562
I89
sS'wy'
p563
I89
sS'kitchen'
p564
I85
sS'received'
p565
I89
sS'met'
p566
I89
sS'country'
p567
I88
sS'ill'
p568
I87
sS'"factor"'
p569
I89
sS'&dallas'
p570
I89
sS'adventures'
p571
I89
sS'against'
p572
I87
sS'games'
p573
I84
sS'planned'
p574
I88
sS"bella's"
p575
I89
sS'asked'
p576
I87
sS'coo'
p577
I89
sS'ily'
p578
I87
sS'suggest'
p579
I89
sS'-__-'
p580
I89
sS'hairstyle'
p581
I89
sS'2nd'
p582
I86
sS'karen'
p583
I89
sS'145000'
p584
I89
sS'*19'
p585
I89
sS'tony'
p586
I89
sS'diff'
p587
I89
sS'blonde'
p588
I89
sS'trust'
p589
I87
sS"levi's"
p590
I89
sS'priscilla'
p591
I89
sS'speak'
p592
I89
sS'bandwang'
p593
I89
sS'chiplote'
p594
I89
sS'puts'
p595
I89
sS'wtf.morgan'
p596
I89
sS'shout'
p597
I89
sS'been'
p598
I64
sS'quickly'
p599
I89
sS'\xe2\x9d\x84\xef\xb8\x8f'
p600
I89
sS'beer'
p601
I89
sS'much'
p602
I60
sS'myyy'
p603
I89
sS"01:24:38.0,34.14023752,-118.00956946,4309.01,there's"
p604
I89
sS'life'
p605
I61
sS'families'
p606
I89
sS'deeper'
p607
I89
sS'caf\xc3\xa9'
p608
I89
sS'sunshine'
p609
I89
sS'sooooo'
p610
I89
sS'child'
p611
I88
sS'catch'
p612
I88
sS'worked'
p613
I88
sS'haters'
p614
I89
sS'palladium'
p615
I89
sS'jeselnik'
p616
I89
sS'wildcat'
p617
I87
sS'me....boy'
p618
I89
sS'has'
p619
I64
sS'itsjessicalynn78'
p620
I89
sS'okay...in'
p621
I89
sS'n'
p622
I84
sS'ugly'
p623
I86
sS'near'
p624
I88
sS'suppose'
p625
I89
sS'teachers'
p626
I88
sS'visit'
p627
I89
sS'stopping'
p628
I89
sS'aid'
p629
I89
sS'voice'
p630
I87
sS'leaves'
p631
I89
sS'mistake'
p632
I87
sS'"a'
p633
I89
sS'is'
p634
I9
sS'sushi'
p635
I87
sS'it'
p636
I15
sS'player'
p637
I88
sS'cant'
p638
I87
sS'im'
p639
I77
sS'experience'
p640
I89
sS'in'
p641
I12
sS'ight'
p642
I89
sS'seattle'
p643
I88
sS'id'
p644
I87
sS'if'
p645
I39
sS'memorial'
p646
I89
sS'srynotsry'
p647
I89
sS'maki'
p648
I89
sS'nike'
p649
I88
sS'chilis'
p650
I89
sS'things'
p651
I79
sS'make'
p652
I71
sS'bella'
p653
I88
sS'practice1'
p654
I89
sS'hahah'
p655
I87
sS'babies'
p656
I89
sS'lasagna'
p657
I89
sS'superman'
p658
I89
sS'hahaa'
p659
I89
sS'bunny'
p660
I89
sS'doorbell'
p661
I89
sS'flipflops'
p662
I89
sS'hang'
p663
I87
sS'rain'
p664
I85
sS'hand'
p665
I88
sS'\xe2\x9c\x94\xef\xb8\x8f'
p666
I89
sS'kim'
p667
I89
sS'jealous'
p668
I89
sS'opportunity'
p669
I88
sS'aka'
p670
I89
sS'tune'
p671
I88
sS'kid'
p672
I80
sS'bidness'
p673
I89
sS'kept'
p674
I89
sS"mother's"
p675
I88
sS'youre'
p676
I88
sS'tho'
p677
I86
sS'materials'
p678
I89
sS'greatest'
p679
I89
sS'mother'
p680
I86
sS'the'
p681
I3
sS'"tits"'
p682
I89
sS'yours'
p683
I87
sS'yerzelf'
p684
I89
sS'left'
p685
I82
sS'opinions'
p686
I89
sS'2pt'
p687
I89
sS'givers'
p688
I88
sS'just'
p689
I22
sS'yea'
p690
I83
sS'photo'
p691
I80
sS'laptop'
p692
I89
sS'sleepy'
p693
I87
sS'thanks'
p694
I78
sS'human'
p695
I89
sS'kroq'
p696
I89
sS'arcadia)'
p697
I88
sS'yep'
p698
I88
sS'yes'
p699
I75
sS'\xee\x90\x84'
p700
I89
sS'yet'
p701
I85
sS"ha...i'm"
p702
I89
sS'broncos'
p703
I88
sS'27th'
p704
I89
sS'had'
p705
I67
sS'weiss'
p706
I89
sS'wings'
p707
I89
sS'basement'
p708
I89
sS'bni'
p709
I65
sS'teenager'
p710
I89
sS'easy'
p711
I86
sS'starbucks)'
p712
I89
sS'save'
p713
I87
sS'hav'
p714
I89
sS'gave'
p715
I85
sS'which'
p716
I89
sS'sailors'
p717
I89
sS'bands'
p718
I89
sS'breaks'
p719
I89
sS'credit'
p720
I89
sS'possible'
p721
I89
sS'tmrw'
p722
I88
sS'possibly'
p723
I89
sS'whichever'
p724
I89
sS'performance'
p725
I89
sS'judge'
p726
I88
sS'serina'
p727
I89
sS'dreams'
p728
I89
sS'apart'
p729
I89
sS'desire'
p730
I89
sS'brought'
p731
I89
sS'-_-'
p732
I87
sS'gift'
p733
I88
sS'texts'
p734
I87
sS'mixon'
p735
I89
sS'lily'
p736
I89
sS'bobby'
p737
I89
sS'gangplank'
p738
I89
sS'xbox'
p739
I89
sS'remind'
p740
I89
sS'"substance"'
p741
I89
sS'night'
p742
I61
sS'(even'
p743
I89
sS'blades'
p744
I89
sS'2mph'
p745
I89
sS'maximize'
p746
I89
sS'right'
p747
I65
sS'old'
p748
I80
sS'fuuuuuck'
p749
I89
sS'deal'
p750
I85
sS'people'
p751
I58
sS'nahrep'
p752
I89
sS'dead'
p753
I85
sS"applebee's"
p754
I89
sS'dear'
p755
I87
sS'multiple'
p756
I89
sS'theyre'
p757
I89
sS'confusing'
p758
I89
sS'heat.,91016\n493524549971877890,carrollyolinda,2014-07-27'
p759
I89
sS'womens'
p760
I89
sS'cooper'
p761
I88
sS'for'
p762
I14
sS'bottom'
p763
I89
sS'purple'
p764
I89
sS'notification'
p765
I89
sS'ear'
p766
I89
sS'fox'
p767
I89
sS'ice'
p768
I81
sS'everything'
p769
I86
sS'asking'
p770
I85
sS'\xee\x81\x9a'
p771
I89
sS'"look"'
p772
I89
sS'3:30'
p773
I89
sS'foo'
p774
I86
sS'adorable'
p775
I89
sS'christmas'
p776
I85
sS'core'
p777
I88
sS'sherman'
p778
I89
sS'pls'
p779
I86
sS'terio'
p780
I89
sS'mescan'
p781
I89
sS'shogun'
p782
I89
sS'peed'
p783
I89
sS'bubs'
p784
I89
sS'buffet'
p785
I89
sS'iler'
p786
I89
sS'losing'
p787
I85
sS'tetris'
p788
I89
sS'post'
p789
I89
sS'super'
p790
I84
sS'alien'
p791
I89
sS'chapter'
p792
I88
sS'cowboy'
p793
I89
sS'*in'
p794
I89
sS'valentines'
p795
I89
sS'dinner'
p796
I78
sS'plus'
p797
I89
sS'anime'
p798
I88
sS'snapchat.,91016\n468134367861039104,frickensiddoh,2014-05-18'
p799
I89
sS'connected'
p800
I89
sS'sept'
p801
I89
sS'automatically'
p802
I89
sS'facetime'
p803
I89
sS':hit'
p804
I89
sS'aha'
p805
I85
sS'managers'
p806
I89
sS'subs'
p807
I86
sS'wasting'
p808
I89
sS'pays'
p809
I89
sS'selfie'
p810
I88
sS':),91016\n233441536497553408,desidayy,2012-08-09'
p811
I89
sS'bound'
p812
I88
sS'soo'
p813
I89
sS'bath'
p814
I86
sS'down'
p815
I69
sS'"how\'s'
p816
I89
sS'03:07:28.0,34.14539927,-118.01619237,4309.01,love'
p817
I89
sS'errr'
p818
I89
sS'lashes'
p819
I89
sS'cali'
p820
I86
sS'support'
p821
I89
sS'good,91016\n488860497005912064,meechellezmind,2014-07-15'
p822
I89
sS'fight'
p823
I86
sS'stuck'
p824
I88
sS'way'
p825
I69
sS'goddamn'
p826
I89
sS'music'
p827
I83
sS'wat'
p828
I85
sS'was'
p829
I30
sS'happy'
p830
I61
sS'head'
p831
I85
sS'02:03:50.0,34.14117304,-118.01538859,4309.01,i'
p832
I89
sS'crown'
p833
I89
sS'gorgeous'
p834
I89
sS',91016\n449640539005014016,laurui11,2014-03-28'
p835
I89
sS'waddupp'
p836
I89
sS'shits'
p837
I89
sS'heat'
p838
I89
sS'uncle'
p839
I88
sS'shisha'
p840
I89
sS'19:39:19.0,34.14075356,-118.00522956,4309.01,first'
p841
I89
sS'true'
p842
I78
sS'tryin'
p843
I89
sS'happen'
p844
I89
sS'inside'
p845
I88
sS'morning'
p846
I73
sS'attached'
p847
I89
sS'prowl'
p848
I89
sS'happyness'
p849
I89
sS'tell'
p850
I75
sS'whiskey'
p851
I89
sS'r.i.p'
p852
I89
sS'scream'
p853
I89
sS'emotional'
p854
I89
sS'daddy'
p855
I88
sS'trim'
p856
I89
sS'promises'
p857
I89
sS'later'
p858
I86
sS'w/o'
p859
I89
sS"roy's"
p860
I82
sS'ladybug'
p861
I89
sS'tournament'
p862
I88
sS'covers'
p863
I89
sS'drive'
p864
I83
sS'guessed'
p865
I89
sS'promised'
p866
I89
sS'muffins'
p867
I88
sS'download'
p868
I89
sS'annoying'
p869
I88
sS'21:01:45.0,34.14000593,-118.00528745,4309.01,every'
p870
I89
sS'trip'
p871
I85
sS'shit'
p872
I66
sS'flap'
p873
I89
sS'marinated'
p874
I89
sS'faithful'
p875
I89
sS'dying'
p876
I89
sS'floor'
p877
I88
sS'na'
p878
I89
sS'\xe2\x9a\x93\xef\xb8\x8f'
p879
I89
sS'nd'
p880
I82
sS'handed'
p881
I88
sS'reality'
p882
I87
sS'til'
p883
I89
sS'flood'
p884
I89
sS'interested'
p885
I88
sS'republic'
p886
I89
sS'holding'
p887
I88
sS'digital'
p888
I89
sS'test'
p889
I87
sS'depot'
p890
I87
sS',91016\n502967790920142848,frickensiddoh,2014-08-22'
p891
I89
sS'roll'
p892
I89
sS'realize'
p893
I86
sS'coffee,91016\n493170107737047041,frickensiddoh,2014-07-26'
p894
I89
sS'scored'
p895
I89
sS'picture'
p896
I81
sS'jeremey'
p897
I88
sS'express)'
p898
I89
sS'\xe2\x96\xb2'
p899
I89
sS'surprise'
p900
I89
sS'felt'
p901
I87
sS'stealing'
p902
I89
sS'update'
p903
I89
sS'diet'
p904
I89
sS"let's"
p905
I79
sS'fell'
p906
I89
sS'meeeep'
p907
I89
sS'humor'
p908
I89
sS"'croft'"
p909
I89
sS'weekend'
p910
I86
sS"80's"
p911
I89
sS'bring\xe2\x80\xa6'
p912
I89
sS'younger'
p913
I89
sS'apologizing'
p914
I89
sS'longer'
p915
I88
sS'glass'
p916
I89
sS"mike's"
p917
I83
sS'quandary'
p918
I89
sS'together'
p919
I79
sS'rough'
p920
I89
sS'vietnam'
p921
I89
sS'reception'
p922
I89
sS'time'
p923
I45
sS'push'
p924
I88
sS'serious'
p925
I87
sS'songs'
p926
I88
sS'bfast'
p927
I89
sS':/'
p928
I87
sS':('
p929
I86
sS':)'
p930
I73
sS'cuteeeeee'
p931
I89
sS'dance'
p932
I83
sS'glide'
p933
I89
sS'acrylics'
p934
I89
sS'focus'
p935
I89
sS'leads'
p936
I89
sS'manager'
p937
I87
sS'natives'
p938
I89
sS'marion'
p939
I89
sS'skin'
p940
I89
sS'story\xe2\x80\x9d'
p941
I89
sS'milk'
p942
I89
sS':3'
p943
I88
sS'ayyyyyyyy'
p944
I89
sS'21st'
p945
I88
sS'yummy'
p946
I88
sS'"mommmm'
p947
I89
sS"when's"
p948
I89
sS'flash'
p949
I88
sS'good"'
p950
I89
sS'0'
p951
I89
sS'finally'
p952
I76
sS'2pac'
p953
I89
sS'lmaoo'
p954
I89
sS'co-presidents'
p955
I89
sS'shoot'
p956
I89
sS':o'
p957
I88
sS':i'
p958
I89
sS'advantage'
p959
I89
sS':d'
p960
I87
sS'that\xe2\x80\xa6'
p961
I89
sS'grinds'
p962
I89
sS'vegas'
p963
I88
sS'chapters'
p964
I89
sS'420'
p965
I89
sS'cook'
p966
I87
sS'join'
p967
I89
sS'blast'
p968
I88
sS'exact'
p969
I89
sS'boyfriend>>>>>>'
p970
I89
sS'minute'
p971
I89
sS'cool'
p972
I79
sS'cooks'
p973
I89
sS'eden'
p974
I89
sS'level'
p975
I87
sS'did'
p976
I68
sS'die'
p977
I83
sS'brother'
p978
I87
sS'temple'
p979
I89
sS'leave'
p980
I86
sS':]'
p981
I89
sS'planning'
p982
I89
sS'subway'
p983
I89
sS'team'
p984
I83
sS'quick'
p985
I87
sS'guy'
p986
I80
sS'round'
p987
I85
sS'yall'
p988
I89
sS'dis'
p989
I89
sS'...because'
p990
I89
sS'says'
p991
I83
sS'regret'
p992
I87
sS'dealing'
p993
I89
sS'monrovia)'
p994
I79
sS'sign'
p995
I87
sS'\xee\x90\x9d'
p996
I88
sS'chopping'
p997
I89
sS'worn'
p998
I89
sS'anaconda'
p999
I89
sS'run'
p1000
I80
sS'\xee\x90\x96'
p1001
I88
sS'fear'
p1002
I88
sS'swishers'
p1003
I89
sS'drinks'
p1004
I88
sS'7/12!,91016\n501099789157953536,desidayy,2014-08-17'
p1005
I89
sS'maaaaan'
p1006
I89
sS'mels'
p1007
I89
sS'\xee\x90\xa1'
p1008
I89
sS'\xe2\x98\xba\xef\xb8\x8f'
p1009
I73
sS"paddy's"
p1010
I89
sS'bass'
p1011
I89
sS'melo'
p1012
I89
sS'goes'
p1013
I86
sS'goooood'
p1014
I89
sS'reply'
p1015
I87
sS'falling'
p1016
I88
sS'smhshut'
p1017
I89
sS'filled'
p1018
I89
sS'azusa'
p1019
I89
sS'\xe2\xac\x87\xef\xb8\x8f13.86'
p1020
I89
sS'alkaline'
p1021
I89
sS'makeup'
p1022
I89
sS'french'
p1023
I88
sS'water'
p1024
I87
sS'witch'
p1025
I89
sS'alone'
p1026
I84
sS'suckers'
p1027
I89
sS'radioshack)'
p1028
I89
sS'earthquake'
p1029
I89
sS'change'
p1030
I85
sS'wait'
p1031
I77
sS'box'
p1032
I89
sS'boy'
p1033
I85
sS'arcadia'
p1034
I85
sS"shakey's"
p1035
I89
sS'healthy'
p1036
I89
sS'shift'
p1037
I88
sS'candyv_'
p1038
I89
sS'5ever'
p1039
I89
sS'herewhen'
p1040
I89
sS"'hood"
p1041
I89
sS'boo'
p1042
I87
sS'hbu'
p1043
I89
sS'weird'
p1044
I87
sS'nylon'
p1045
I89
sS'homecoming'
p1046
I88
sS'lowers'
p1047
I89
sS'shoeing'
p1048
I89
sS'love'
p1049
I37
sS'extra'
p1050
I88
sS'rubios'
p1051
I89
sS'bloody'
p1052
I89
sS'snaps'
p1053
I89
sS'keeper'
p1054
I89
sS'1st'
p1055
I86
sS'touchdown'
p1056
I89
sS'embarrassing'
p1057
I88
sS'employer'
p1058
I89
sS'stingy'
p1059
I89
sS'everybody'
p1060
I87
sS'meshe'
p1061
I89
sS'working'
p1062
I82
sS'prove'
p1063
I88
sS'sake'
p1064
I89
sS'pig-shaped'
p1065
I89
sS'dude'
p1066
I86
sS'tears'
p1067
I89
sS'by'
p1068
I64
sS'nigga$'
p1069
I89
sS'live'
p1070
I76
sS'jam'
p1071
I89
sS'ayy'
p1072
I89
sS'iphone'
p1073
I89
sS'wondering'
p1074
I89
sS'films'
p1075
I89
sS'truuuu'
p1076
I89
sS'thru'
p1077
I89
sS'today'
p1078
I53
sS'loving'
p1079
I87
sS'introducing'
p1080
I89
sS'sharing'
p1081
I88
sS'colourist'
p1082
I89
sS'club'
p1083
I88
sS'ooo'
p1084
I88
sS'\xee\x90\x9f\xee\x90\x9f'
p1085
I89
sS'ooh'
p1086
I86
sS'chocolate'
p1087
I88
sS'grade\xe2\x80\x9d'
p1088
I89
sS'thru-'
p1089
I89
sS'realty'
p1090
I87
sS'luvs'
p1091
I89
sS'effort'
p1092
I88
sS'amelie'
p1093
I89
sS'fly'
p1094
I88
sS'graphic'
p1095
I89
sS'now\xe2\x9d\xa4\xef\xb8\x8f'
p1096
I89
sS'niggas'
p1097
I86
sS'car'
p1098
I78
sS'cap'
p1099
I89
sS'that.,91016\n491056839761481728,carrollyolinda,2014-07-21'
p1100
I89
sS'jude'
p1101
I89
sS'believes'
p1102
I89
sS'purge'
p1103
I89
sS'dyin'
p1104
I89
sS'labeled'
p1105
I89
sS'bake'
p1106
I89
sS'can'
p1107
I47
sS'cal'
p1108
I89
sS'following'
p1109
I88
sS'making'
p1110
I81
sS'sleeep'
p1111
I89
sS"begins...who's"
p1112
I89
sS'heart'
p1113
I84
sS'crazy'
p1114
I83
sS'stream'
p1115
I89
sS'happy,91016\n502609257209266176,cheypieeee,2014-08-22'
p1116
I89
sS'awesome'
p1117
I84
sS'sense'
p1118
I89
sS"didn't"
p1119
I77
sS'fuck'
p1120
I49
sS'heard'
p1121
I88
sS'chin'
p1122
I89
sS'dropped'
p1123
I89
sS'allowed'
p1124
I89
sS'clothing'
p1125
I89
sS"05:08:05.0,34.13725987,-118.00981662,4309.01,i've"
p1126
I89
sS'cardio'
p1127
I89
sS'drama'
p1128
I89
sS'farting?me'
p1129
I89
sS'winter'
p1130
I89
sS'watching'
p1131
I84
sS'1'
p1132
I85
sS'sunday'
p1133
I86
sS'elephant'
p1134
I88
sS"brown's"
p1135
I89
sS'night\xe2\x80\x9d'
p1136
I89
sS'unbelievable'
p1137
I88
sS'cocktail'
p1138
I89
sS'information'
p1139
I89
sS'may'
p1140
I89
sS'begging'
p1141
I89
sS'blasting'
p1142
I89
sS'spot'
p1143
I86
sS'alyse'
p1144
I84
sS'dats'
p1145
I89
sS'(344'
p1146
I88
sS'applications'
p1147
I89
sS'birthday'
p1148
I64
sS'tipped'
p1149
I89
sS'mad'
p1150
I83
sS'date'
p1151
I82
sS'such'
p1152
I84
sS'suck'
p1153
I88
sS'guys'
p1154
I83
sS'grow'
p1155
I88
sS':positive'
p1156
I88
sS'man'
p1157
I73
sS'muggy'
p1158
I89
sS'stress'
p1159
I84
sS'no'
p1160
I42
sS'natural'
p1161
I89
sS'remember'
p1162
I83
sS'joint'
p1163
I89
sS'whenever'
p1164
I87
sS'maybe'
p1165
I79
sS'corona'
p1166
I89
sS'st'
p1167
I88
sS'needy'
p1168
I89
sS'mango'
p1169
I89
sS'so'
p1170
I17
sS'sc'
p1171
I88
sS'tall'
p1172
I89
sS'fireball'
p1173
I89
sS'pulled'
p1174
I87
sS'sf'
p1175
I89
sS'talk'
p1176
I81
sS'sd'
p1177
I89
sS'cute'
p1178
I75
sS'whaaaaaat,91016\n398991088171499520,frickensiddoh,2013-11-09'
p1179
I89
sS'shoes'
p1180
I86
sS'for*'
p1181
I89
sS'organic'
p1182
I89
sS'nuts'
p1183
I88
sS'years'
p1184
I83
sS'course'
p1185
I83
sS'today\xe2\x9d\xa4\xef\xb8\x8f'
p1186
I89
sS'tablets'
p1187
I89
sS'shake'
p1188
I88
sS'kanye'
p1189
I89
sS'cold'
p1190
I81
sS'still'
p1191
I66
sS'15:30:49.0,34.14263277,-118.00705299,4309.01,the'
p1192
I89
sS'hov'
p1193
I89
sS'months"'
p1194
I89
sS'apes'
p1195
I88
sS'police'
p1196
I88
sS'thank'
p1197
I71
sS"he's"
p1198
I76
sS'interesting'
p1199
I89
sS'bagels'
p1200
I89
sS'hot'
p1201
I71
sS'hummidity'
p1202
I89
sS'00:05:52.0,34.14535745,-118.01617809,4309.01,positive'
p1203
I89
sS'6200'
p1204
I89
sS'tweets'
p1205
I89
sS'showered'
p1206
I89
sS'main'
p1207
I89
sS'happened'
p1208
I89
sS'nom'
p1209
I87
sS'non'
p1210
I87
sS'lonely'
p1211
I88
sS'4years'
p1212
I89
sS'3'
p1213
I83
sS'moms'
p1214
I86
sS'hugs'
p1215
I89
sS'sarcastic'
p1216
I89
sS'underneath'
p1217
I89
sS'lunch'
p1218
I75
sS'half'
p1219
I86
sS'not'
p1220
I27
sS'now'
p1221
I41
sS'ahaha'
p1222
I89
sS'bullshit'
p1223
I88
sS'josh'
p1224
I89
sS'cop'
p1225
I89
sS'name'
p1226
I85
sS'sophomore'
p1227
I88
sS'squadddd\xe2\x9c\x8a\xe2\x9c\x8a'
p1228
I89
sS'clutch'
p1229
I89
sS'drop'
p1230
I89
sS'loo-"'
p1231
I89
sS'rock'
p1232
I89
sS'vines'
p1233
I89
sS'\xe2\xac\x86\xef\xb8\x8f4.32'
p1234
I89
sS'em'
p1235
I86
sS'bicycle'
p1236
I89
sS'eh'
p1237
I89
sS'kimmy'
p1238
I89
sS'yeah'
p1239
I72
sS'borrow'
p1240
I89
sS'goose'
p1241
I89
sS'richly'
p1242
I89
sS'catching'
p1243
I89
sS'ex'
p1244
I88
sS'entering'
p1245
I89
sS'year'
p1246
I77
sS'king.,91016\n493192774993190913,carrollyolinda,2014-07-27'
p1247
I89
sS'ft'
p1248
I89
sS'girl'
p1249
I65
sS'worried'
p1250
I88
sS'obsession'
p1251
I89
sS'scared'
p1252
I89
sS'tried'
p1253
I88
sS'troll'
p1254
I89
sS'living'
p1255
I86
sS'jackson'
p1256
I89
sS'3rd'
p1257
I86
sS'oklahoma'
p1258
I89
sS'thirst'
p1259
I89
sS'looking'
p1260
I79
sS'replacing'
p1261
I89
sS'seriously'
p1262
I86
sS'miles'
p1263
I89
sS"shouldn't"
p1264
I89
sS'internet'
p1265
I89
sS'shows'
p1266
I89
sS'earlier'
p1267
I87
sS'1130'
p1268
I89
sS'boobs'
p1269
I89
sS'rly'
p1270
I87
sS'vinyl'
p1271
I89
sS'grandma'
p1272
I88
sS'brooke'
p1273
I89
sS'card'
p1274
I88
sS'care'
p1275
I79
sS'training'
p1276
I88
sS'language'
p1277
I89
sS'yup'
p1278
I89
sS'tbt'
p1279
I89
sS'honest'
p1280
I89
sS'thing'
p1281
I80
sS'butterflies'
p1282
I89
sS'place'
p1283
I85
sS'husband'
p1284
I89
sS'swing'
p1285
I89
sS':-p'
p1286
I89
sS'passion.,91016\n439178700882337792,carrollyolinda,2014-02-27'
p1287
I89
sS'think'
p1288
I59
sS'first'
p1289
I70
sS'cheese'
p1290
I85
sS'64-yard'
p1291
I89
sS'rachel'
p1292
I89
sS'safety'
p1293
I89
sS'flipping'
p1294
I89
sS'xd'
p1295
I86
sS'yourself'
p1296
I86
sS'mignon'
p1297
I89
sS'long'
p1298
I80
sS'salsa'
p1299
I89
sS'sounds'
p1300
I85
sS'drove'
p1301
I89
sS'open'
p1302
I85
sS'tomorrow'
p1303
I70
sS"'em"
p1304
I89
sS'03:07:52.0,34.14539927,-118.01619237,4309.01,sometimes'
p1305
I89
sS'city'
p1306
I79
sS'little'
p1307
I70
sS'07:25:52.0,34.1397167,-118.0103936,4309.01,chilling'
p1308
I89
sS'quality'
p1309
I89
sS'virgin'
p1310
I89
sS'bite'
p1311
I88
sS'prayers'
p1312
I89
sS'havasu'
p1313
I89
sS'anyone'
p1314
I86
sS'dillon'
p1315
I89
sS'2'
p1316
I68
sS'1d'
p1317
I89
sS'fiery'
p1318
I89
sS'swoosh'
p1319
I89
sS'white'
p1320
I82
sS'friend'
p1321
I84
sS'gives'
p1322
I88
sS'"wice"'
p1323
I89
sS'thaw'
p1324
I89
sS'mostly'
p1325
I89
sS'that'
p1326
I19
sS'shawn'
p1327
I89
sS'season'
p1328
I88
sS'hun'
p1329
I88
sS'suit'
p1330
I89
sS'huh'
p1331
I87
sS'boba'
p1332
I89
sS'cops'
p1333
I89
sS'ridiculous'
p1334
I88
sS'butt'
p1335
I89
sS'baja'
p1336
I88
sS'calves'
p1337
I89
sS'than'
p1338
I79
sS"here's"
p1339
I87
sS'boyfriend'
p1340
I87
sS'11'
p1341
I87
sS'$15'
p1342
I88
sS'13'
p1343
I89
sS'12'
p1344
I88
sS'15'
p1345
I87
sS'lmao'
p1346
I69
sS'17'
p1347
I89
sS'16'
p1348
I88
sS'19'
p1349
I89
sS'18'
p1350
I89
sS'gotta'
p1351
I86
sS'r'
p1352
I84
sS'were'
p1353
I67
sS'cards'
p1354
I89
sS'poisoning'
p1355
I89
sS'publizity'
p1356
I89
sS'sean'
p1357
I89
sS'and'
p1358
I8
sS'san'
p1359
I85
sS'angel'
p1360
I88
sS'mountains'
p1361
I89
sS"dad's"
p1362
I89
sS'pro'
p1363
I89
sS'hoes'
p1364
I85
sS'turned'
p1365
I89
sS'slap'
p1366
I89
sS'sad'
p1367
I83
sS'woah'
p1368
I87
sS'say'
p1369
I79
sS'werked'
p1370
I89
sS'grosss'
p1371
I89
sS'breakfast'
p1372
I74
sS'saw'
p1373
I77
sS'any'
p1374
I85
sS'marathon'
p1375
I89
sS'jacks'
p1376
I89
sS'conversion'
p1377
I89
sS'bailed'
p1378
I89
sS'wcw'
p1379
I87
sS'there\xe2\x80\x99s'
p1380
I89
sS'omfg'
p1381
I88
sS'hookah'
p1382
I88
sS'take'
p1383
I69
sS'kid!lineman'
p1384
I89
sS'destroy'
p1385
I89
sS'shenanigans...venice'
p1386
I89
sS'blunt'
p1387
I87
sS'gueros)'
p1388
I87
sS'flattered'
p1389
I89
sS'urge'
p1390
I89
sS'sure'
p1391
I86
sS'pain'
p1392
I82
sS'normal'
p1393
I89
sS'tornado'
p1394
I89
sS'knew'
p1395
I85
sS'paid'
p1396
I87
sS'falls'
p1397
I88
sS'rehearsal'
p1398
I89
sS'sheets'
p1399
I89
sS'freshman'
p1400
I88
sS'knee'
p1401
I88
sS'20+'
p1402
I89
sS'forever'
p1403
I87
sS'proud'
p1404
I88
sS'hungry'
p1405
I84
sS'mrs'
p1406
I88
sS'24/7'
p1407
I89
sS'sunset'
p1408
I89
sS'darkness.,91016\n496470677848088576,carrollyolinda,2014-08-05'
p1409
I89
sS'me!,91016\n437390843897323520,carrollyolinda,2014-02-23'
p1410
I89
sS'hear'
p1411
I83
sS'senior'
p1412
I86
sS'laws'
p1413
I89
sS'shop'
p1414
I89
sS'walking'
p1415
I83
sS'*cough*'
p1416
I88
sS'show'
p1417
I83
sS'grill)'
p1418
I89
sS'convos'
p1419
I89
sS'fifty'
p1420
I89
sS'discovered'
p1421
I89
sS'massage'
p1422
I89
sS'spaces'
p1423
I89
sS'hack'
p1424
I89
sS'00:12:39.0,34.13607503,-118.00831947,4309.01,i'
p1425
I89
sS'motivate'
p1426
I89
sS'01:39:59.0,34.13968044,-118.01438813,4309.01,so'
p1427
I89
sS'realizing'
p1428
I89
sS'elipses'
p1429
I89
sS'slow'
p1430
I89
sS'sunday,91016\n322888887250866177,ariel_beca,2013-04-13'
p1431
I89
sS'\xe2\x9c\x8b'
p1432
I87
sS'bomb"'
p1433
I89
sS'mccalls'
p1434
I89
sS'probate'
p1435
I89
sS'dick'
p1436
I89
sS'cheeseburger'
p1437
I89
sS'enough'
p1438
I85
sS'texture'
p1439
I88
sS'only'
p1440
I74
sS'going'
p1441
I45
sS'black'
p1442
I80
sS'thompson'
p1443
I89
sS"chuckecheese's"
p1444
I89
sS'pumpkin'
p1445
I88
sS'tayo'
p1446
I89
sS'narrows'
p1447
I89
sS'get'
p1448
I33
sS'kiku'
p1449
I88
sS'fox-tv'
p1450
I89
sS'routine'
p1451
I89
sS'freezing'
p1452
I87
sS'goblue'
p1453
I89
sS'01:50:12.0,34.14269206,-118.0096496,4309.01,olive'
p1454
I89
sS'cannot'
p1455
I88
sS'\xee\x84\xbc'
p1456
I88
sS'lighter'
p1457
I89
sS'alaker24'
p1458
I89
sS'sonday'
p1459
I89
sS'celebrate'
p1460
I88
sS'freaking'
p1461
I89
sS'comeback.andrew'
p1462
I89
sS'artist'
p1463
I86
sS"visitor's"
p1464
I89
sS'logan'
p1465
I89
sS'\xee\x84\x86'
p1466
I87
sS'naked'
p1467
I89
sS'stupid'
p1468
I85
sS'\xee\x84\x9d'
p1469
I89
sS"could've"
p1470
I88
sS'scott'
p1471
I89
sS'bought'
p1472
I89
sS'where'
p1473
I77
sS'layin'
p1474
I89
sS'vision'
p1475
I88
sS"y'all"
p1476
I88
sS'instagram/'
p1477
I89
sS'mess'
p1478
I89
sS'concert'
p1479
I84
sS'else.,91016\n393495982475718656,frickensiddoh,2013-10-24'
p1480
I89
sS'seat'
p1481
I87
sS'college'
p1482
I88
sS'anyways'
p1483
I88
sS'parking'
p1484
I88
sS'ur'
p1485
I80
sS"15:44:50.0,34.14257373,-118.00807516,4309.01,i'm"
p1486
I89
sS'wonder'
p1487
I87
sS'clips'
p1488
I89
sS'israeli'
p1489
I89
sS'arboretum'
p1490
I89
sS'friendship.\xe2\x80\x9d'
p1491
I89
sS'mortgage'
p1492
I89
sS'ways'
p1493
I89
sS'opening'
p1494
I89
sS'commitments'
p1495
I89
sS'label'
p1496
I89
sS'cafe)'
p1497
I66
sS'outside'
p1498
I87
sS'between'
p1499
I88
sS'cub_nation'
p1500
I89
sS'reading'
p1501
I89
sS'across'
p1502
I89
sS'smoothy'
p1503
I89
sS'what\xe2\x80\x99s'
p1504
I89
sS'notice'
p1505
I88
sS'checkered'
p1506
I89
sS'parent'
p1507
I89
sS'shit.\xe2\x80\x9d'
p1508
I89
sS'please.awww'
p1509
I89
sS'supermarket'
p1510
I89
sS'killing'
p1511
I89
sS'yump'
p1512
I89
sS'jk'
p1513
I88
sS'singers'
p1514
I89
sS'article'
p1515
I89
sS'come'
p1516
I61
sS'thanksgiving'
p1517
I89
sS'hogging'
p1518
I89
sS'8-bit'
p1519
I89
sS'talented'
p1520
I89
sS'mob'
p1521
I89
sS'many'
p1522
I83
sS'trader'
p1523
I68
sS'23'
p1524
I89
sS'quiet'
p1525
I88
sS'trailers'
p1526
I89
sS'tour'
p1527
I87
sS'buddie'
p1528
I89
sS'hhaha'
p1529
I89
sS'chorizo'
p1530
I89
sS'(630'
p1531
I89
sS'comes'
p1532
I84
sS'zodiacs'
p1533
I89
sS'merry'
p1534
I89
sS'-_-come'
p1535
I89
sS'color'
p1536
I89
sS'hurts'
p1537
I89
sS'period'
p1538
I87
sS'football'
p1539
I81
sS'protects'
p1540
I89
sS'poo'
p1541
I89
sS'twin'
p1542
I87
sS'cray'
p1543
I89
sS"couldn't"
p1544
I86
sS'boat'
p1545
I87
sS'sticks'
p1546
I89
sS'cramps'
p1547
I89
sS'awsome'
p1548
I89
sS'teddy'
p1549
I89
sS'stretch'
p1550
I89
sS'mark'
p1551
I89
sS'breath'
p1552
I89
sS'workshop'
p1553
I89
sS'parenting'
p1554
I89
sS'22:47:59.0,34.13980783,-118.01017991,4309.01,puppy'
p1555
I89
sS'sesh'
p1556
I88
sS'hardly'
p1557
I89
sS'mary'
p1558
I89
sS'wants'
p1559
I83
sS'11:28:53.0,34.13722081,-118.00652827,4309.01,idk'
p1560
I89
sS'direction'
p1561
I89
sS'educated'
p1562
I88
sS'shopping'
p1563
I79
sS'blessing'
p1564
I89
sS'andrew'
p1565
I89
sS'smh.,91016\n235981006300131329,desidayy,2012-08-16'
p1566
I89
sS'4tds'
p1567
I89
sS'wake'
p1568
I88
sS'laying'
p1569
I89
sS'ruby'
p1570
I89
sS'those'
p1571
I84
sS'predicament'
p1572
I89
sS'myself'
p1573
I82
sS'cutie'
p1574
I89
sS'casa'
p1575
I85
sS'turtles'
p1576
I89
sS'these'
p1577
I67
sS'at\xe2\x80\xa6'
p1578
I89
sS'trick'
p1579
I89
sS'cure'
p1580
I89
sS'ratchet'
p1581
I89
sS"haven't"
p1582
I79
sS'promising'
p1583
I89
sS'situation'
p1584
I89
sS'\xe2\x98\xba\xef\xb8\x8f,91016\n460550958393470977,ashleylorrraine,2014-04-27'
p1585
I89
sS'loser,91016\n502911804230885376,muybu3no,2014-08-22'
p1586
I89
sS'ive'
p1587
I87
sS'following.,91016\n437355116945883136,carrollyolinda,2014-02-22'
p1588
I89
sS'eventually'
p1589
I89
sS'"based'
p1590
I89
sS'coffee'
p1591
I88
sS'bros'
p1592
I89
sS'according'
p1593
I89
sS'middle'
p1594
I84
sS'someone'
p1595
I57
sS'aaaand'
p1596
I89
sS'22:09:25.0,34.14572696,-118.01459298,4309.01,i'
p1597
I89
sS'sprouts'
p1598
I84
sS'heels'
p1599
I89
sS'somebody'
p1600
I89
sS'whattttta'
p1601
I89
sS'macadamia'
p1602
I89
sS'awhile'
p1603
I89
sS'worry'
p1604
I86
sS'different'
p1605
I87
sS'pat'
p1606
I88
sS'lumch'
p1607
I89
sS'pay'
p1608
I86
sS'bowl'
p1609
I85
sS's'
p1610
I89
sS'same'
p1611
I74
sS'check'
p1612
I81
sS'?,91016\n437821248244961280,frickensiddoh,2014-02-24'
p1613
I89
sS'ya'
p1614
I80
sS'bows'
p1615
I89
sS'arguments'
p1616
I89
sS'"i'
p1617
I89
sS'stepped'
p1618
I89
sS'emojis'
p1619
I89
sS'lita'
p1620
I85
sS'420.you'
p1621
I89
sS'hermit'
p1622
I89
sS'week'
p1623
I74
sS'finish'
p1624
I88
sS'lmao.,91016\n444709755206909954,frickensiddoh,2014-03-15'
p1625
I89
sS'closest'
p1626
I89
sS'driver'
p1627
I89
sS'drives'
p1628
I88
sS'\xe2\x99\x90'
p1629
I89
sS'running'
p1630
I88
sS'fruit'
p1631
I88
sS'ralphs'
p1632
I89
sS'guardians'
p1633
I89
sS'05:28:14.0,34.1381563,-118.00968915,4309.01,,91016\n434468257643245568,frickensiddoh,2014-02-14'
p1634
I89
sS'changing'
p1635
I89
sS'\xc2\xa1buenos'
p1636
I89
sS'totally'
p1637
I88
sS'\xe2\x9c\x8c\xef\xb8\x8f'
p1638
I87
sS'omg!!,91016\n498985473763975168,desidayy,2014-08-12'
p1639
I89
sS'burrito'
p1640
I87
sS'yearssophomore'
p1641
I89
sS'educating'
p1642
I89
sS'ranch'
p1643
I87
sS'roommate'
p1644
I89
sS'nothin'
p1645
I89
sS'eto'
p1646
I89
sS'without'
p1647
I86
sS"can't"
p1648
I56
sS'bottle'
p1649
I89
sS'"friends"'
p1650
I89
sS'model'
p1651
I89
sS'blackangus'
p1652
I89
sS'summer'
p1653
I86
sS'marriot'
p1654
I88
sS'being'
p1655
I75
sS'money'
p1656
I85
sS'rest'
p1657
I86
sS'23:42:38.0,34.1454765,-118.00975964,4309.01,atmosphere'
p1658
I89
sS'kill'
p1659
I83
sS'wifey'
p1660
I89
sS'harrison'
p1661
I89
sS'touch'
p1662
I88
sS'ps3'
p1663
I89
sS'ng'
p1664
I89
sS'tobi'
p1665
I86
sS'weekly'
p1666
I76
sS'tonys'
p1667
I89
sS'death'
p1668
I88
sS'cuh'
p1669
I89
sS'cancer'
p1670
I89
sS'application'
p1671
I89
sS'thinking'
p1672
I82
sS'rose'
p1673
I88
sS'lolllll'
p1674
I89
sS"everyone's"
p1675
I88
sS'iphones'
p1676
I89
sS'blog'
p1677
I89
sS'lets'
p1678
I89
sS'4'
p1679
I80
sS'boujie'
p1680
I89
sS'ca'
p1681
I78
sS'ross'
p1682
I89
sS'real'
p1683
I79
sS'starving'
p1684
I89
sS'around'
p1685
I77
sS'm.f.that'
p1686
I89
sS'read'
p1687
I89
sS'<<<<<'
p1688
I89
sS'fridge'
p1689
I89
sS'gonna'
p1690
I70
sS'early'
p1691
I77
sS'traffic'
p1692
I86
sS'poly'
p1693
I89
sS'mom'
p1694
I67
sS'styled'
p1695
I89
sS'using'
p1696
I87
sS'22:36:00.0,34.14535048,-118.01616823,4309.01,coffee'
p1697
I89
sS'disappointed'
p1698
I88
sS'whittier'
p1699
I89
sS'christina'
p1700
I89
sS'in-n-out'
p1701
I89
sS'patrick'
p1702
I89
sS',91016\n438895428872859648,laurui11,2014-02-27'
p1703
I89
sS'everytime'
p1704
I89
sS'\xe2\x9d\xa4\xef\xb8\x8f\xe2\x9d\xa4\xef\xb8\x8f\xe2\x9d\xa4\xef\xb8\x8f\xe2\x9d\xa4\xef\xb8\x8f'
p1705
I89
sS'tia'
p1706
I89
sS'sanity'
p1707
I89
sS'footballs'
p1708
I89
sS'either'
p1709
I88
sS'served'
p1710
I89
sS'accidentally'
p1711
I89
sS'bed.\xe2\x80\x9d'
p1712
I89
sS';p'
p1713
I89
sS'-my'
p1714
I89
sS're6'
p1715
I89
sS'grub'
p1716
I89
sS',91016\n459816473868115968,frickensiddoh,2014-04-25'
p1717
I89
sS'gifts)'
p1718
I88
sS'depressed'
p1719
I89
sS'eddie'
p1720
I89
sS'yessy'
p1721
I89
sS'bisnizz"'
p1722
I89
sS';d'
p1723
I89
sS'playin'
p1724
I89
sS'thinks'
p1725
I87
sS'users'
p1726
I89
sS'gross'
p1727
I89
sS'mood'
p1728
I84
sS'unlocked'
p1729
I89
sS'memories'
p1730
I89
sS'nooo'
p1731
I89
sS'filling'
p1732
I89
sS'yaki'
p1733
I89
sS'exit'
p1734
I89
sS',91016\n438400413012725760,carrollyolinda,2014-02-25'
p1735
I89
sS'dies'
p1736
I89
sS'victory'
p1737
I89
sS'considering'
p1738
I89
sS'biased'
p1739
I89
sS'welcome'
p1740
I82
sS'chibiusa'
p1741
I89
sS'business'
p1742
I81
sS'pouring'
p1743
I89
sS'lmfao'
p1744
I84
sS'sixth'
p1745
I89
sS'weirdest'
p1746
I89
sS'broken'
p1747
I89
sS'despicable'
p1748
I89
sS'symp'
p1749
I89
sS'georgia'
p1750
I89
sS'chow'
p1751
I89
sS':)))'
p1752
I89
sS';)'
p1753
I81
sS'refers'
p1754
I89
sS'throw'
p1755
I86
sS'"oh....."'
p1756
I89
sS'shmoke'
p1757
I89
sS'on'
p1758
I20
sS'ok'
p1759
I86
sS'crabtree'
p1760
I89
sS'package'
p1761
I88
sS'vera'
p1762
I89
sS'of'
p1763
I16
sS'violence'
p1764
I89
sS'favorite'
p1765
I81
sS'brittany'
p1766
I88
sS'meal'
p1767
I89
sS'o.o'
p1768
I89
sS'trailer'
p1769
I89
sS'pockets'
p1770
I89
sS'act'
p1771
I86
sS'marriott'
p1772
I89
sS'luck'
p1773
I85
sS'or'
p1774
I64
sS'road'
p1775
I88
sS'ladies'
p1776
I84
sS'referenced'
p1777
I89
sS'curling'
p1778
I89
sS'"harder"'
p1779
I89
sS'accent'
p1780
I89
sS'blessed'
p1781
I89
sS'snapchat'
p1782
I88
sS'cursed'
p1783
I89
sS'llcoolj'
p1784
I89
sS'homeless'
p1785
I89
sS'parties'
p1786
I88
sS'elementary'
p1787
I88
sS'your'
p1788
I31
sS'bubbly'
p1789
I89
sS'her'
p1790
I53
sS'hes'
p1791
I89
sS'there'
p1792
I64
sS'hey'
p1793
I89
sS'lol'
p1794
I23
sS'start'
p1795
I81
sS'cats'
p1796
I89
sS'racist'
p1797
I89
sS'lot'
p1798
I87
sS'jaws'
p1799
I89
sS'valley'
p1800
I88
sS'fish'
p1801
I89
sS'assumes'
p1802
I89
sS'overpaid'
p1803
I89
sS'01:51:02.0,34.14069847,-118.00971407,4309.01,got'
p1804
I89
sS'>>>>>'
p1805
I88
sS'yoou'
p1806
I89
sS'complete'
p1807
I88
sS'\xe2\x9d\xa4\xe2\x9d\xa4\xe2\x9d\xa4'
p1808
I89
sS'hahahahahahahahahahahahahahhahahahahahahahahahahahahahah'
p1809
I89
sS'you"'
p1810
I88
sS'jus'
p1811
I89
sS'mick'
p1812
I89
sS'texted'
p1813
I89
sS'trying'
p1814
I76
sS'with'
p1815
I18
sS'happening'
p1816
I89
sS"they're"
p1817
I84
sS'maaan'
p1818
I89
sS'improved'
p1819
I89
sS'rage'
p1820
I88
sS"wasn't"
p1821
I86
sS'bbs'
p1822
I89
sS'spamming'
p1823
I89
sS'flirt'
p1824
I89
sS'sadness'
p1825
I89
sS'dirty'
p1826
I88
sS'tysen'
p1827
I89
sS'tad'
p1828
I89
sS'grass'
p1829
I89
sS'builders'
p1830
I86
sS'creeping'
p1831
I88
sS'\xee\x90\xa0,91016\n412881910096871424,daddyden_hooper,2013-12-17'
p1832
I89
sS'stock'
p1833
I89
sS'gone'
p1834
I83
sS'ohh'
p1835
I89
sS',91016\n395067870926753792,daddyden_hooper,2013-10-29'
p1836
I89
sS'videos'
p1837
I87
sS'af'
p1838
I85
sS'exhausted'
p1839
I88
sS'ah'
p1840
I83
sS'describe'
p1841
I88
sS'am'
p1842
I55
sS'sales'
p1843
I88
sS'an'
p1844
I69
sS',91016\n494336034298011648,frickensiddoh,2014-07-30'
p1845
I89
sS'ap'
p1846
I89
sS'as'
p1847
I58
sS'gr8'
p1848
I88
sS'goodnite'
p1849
I89
sS'1\xe2\x83\xa35\xe2\x83\xa3'
p1850
I89
sS'watched'
p1851
I88
sS'horse'
p1852
I89
sS'gueros'
p1853
I88
sS'film'
p1854
I87
sS'cream'
p1855
I88
sS'again'
p1856
I78
sS'lightin'
p1857
I89
sS',91016\n455210795492581376,frickensiddoh,2014-04-13'
p1858
I89
sS'payday'
p1859
I89
sS'deserve'
p1860
I85
sS'drivers'
p1861
I88
sS'ga\xe2\x80\xa6'
p1862
I89
sS'event'
p1863
I89
sS'roses'
p1864
I89
sS'5'
p1865
I81
sS'it*'
p1866
I89
sS'you'
p1867
I7
sS'puppy'
p1868
I89
sS'poor'
p1869
I87
sS'requested'
p1870
I89
sS'shaun'
p1871
I89
sS'obsessed'
p1872
I88
sS'students'
p1873
I89
sS'a+'
p1874
I89
sS"miley's"
p1875
I89
sS'sayyin'
p1876
I89
sS'06:45:02.0,34.137529,-118.0107876,4309.01,i'
p1877
I89
sS'important'
p1878
I89
sS'accounts'
p1879
I89
sS'fresh'
p1880
I89
sS'stocks'
p1881
I89
sS'pool'
p1882
I89
sS'480'
p1883
I89
sS'building'
p1884
I87
sS'natalie'
p1885
I87
sS'calls'
p1886
I86
sS'wife'
p1887
I89
sS'invest'
p1888
I89
sS'odds'
p1889
I88
sS'wifi'
p1890
I89
sS'wett'
p1891
I89
sS'dyed'
p1892
I89
sS'sounded'
p1893
I89
sS'dramatic'
p1894
I89
sS'u'
p1895
I44
sS'alright'
p1896
I88
sS'overdue'
p1897
I89
sS'starting'
p1898
I84
sS'original'
p1899
I89
sS'04:27:15.0,34.1372788,-118.00678967,4309.01,just'
p1900
I89
sS'all'
p1901
I32
sS'forget'
p1902
I84
sS'gown'
p1903
I89
sS'washed'
p1904
I89
sS'02:53:52.0,34.13970454,-118.01057322,4309.01,i'
p1905
I89
sS'bull'
p1906
I89
sS'dollar'
p1907
I89
sS'worms'
p1908
I89
sS'month'
p1909
I88
sS'disc'
p1910
I89
sS'upkeep'
p1911
I89
sS'rieder'
p1912
I89
sS'19:03:14.0,34.13977501,-118.01271921,4309.01,hopefully'
p1913
I89
sS'follow'
p1914
I89
sS'faster'
p1915
I89
sS'hmmm'
p1916
I89
sS'00:34:55.0,34.14537895,-118.01620934,4309.01,it'
p1917
I89
sS'asada'
p1918
I88
sS'hunting'
p1919
I89
sS'imma'
p1920
I86
sS'lining'
p1921
I89
sS'wassup'
p1922
I87
sS'acting'
p1923
I87
sS'thursday'
p1924
I89
sS'laughing'
p1925
I89
sS'to'
p1926
I4
sS'tail'
p1927
I89
sS'tm'
p1928
I89
sS'flick'
p1929
I89
sS'spain'
p1930
I88
sS'tf'
p1931
I88
sS'smile'
p1932
I84
sS'tb'
p1933
I89
sS'deja'
p1934
I89
sS'!,91016\n502931962001362944,muybu3no,2014-08-22'
p1935
I89
sS'woman'
p1936
I86
sS'appointment'
p1937
I88
sS'7'
p1938
I86
sS'song'
p1939
I86
sS'very'
p1940
I82
sS'reader'
p1941
I89
sS'fav'
p1942
I88
sS'fat'
p1943
I87
sS'selfies'
p1944
I88
sS'fiends'
p1945
I89
sS'fan'
p1946
I86
sS'fam'
p1947
I87
sS'awful'
p1948
I89
sS'ticket'
p1949
I89
sS'difference'
p1950
I89
sS'rebounds'
p1951
I89
sS'fag'
p1952
I89
sS'montana*'
p1953
I89
sS'"good'
p1954
I89
sS'gov'
p1955
I89
sS'hooking'
p1956
I89
sS'gf'
p1957
I89
sS'--'
p1958
I89
sS'angus'
p1959
I88
sS'list'
p1960
I88
sS'worded'
p1961
I89
sS'yugioh'
p1962
I89
sS'vibes'
p1963
I89
sS'steakhouse'
p1964
I88
sS'wassss'
p1965
I89
sS'small'
p1966
I89
sS'lisa'
p1967
I89
sS"i'll"
p1968
I73
sS'cookies'
p1969
I89
sS'ten'
p1970
I88
sS'tea'
p1971
I86
sS'doubt'
p1972
I89
sS'past'
p1973
I86
sS'burger'
p1974
I89
sS'design'
p1975
I88
sS'"romantic"'
p1976
I89
sS'pass'
p1977
I88
sS'najib'
p1978
I88
sS'inviting'
p1979
I89
sS'what'
p1980
I33
sS'\xe2\x99\xbb\xef\xb8\x8f'
p1981
I89
sS'sub'
p1982
I89
sS'richard'
p1983
I89
sS'clock'
p1984
I88
sS'sun'
p1985
I87
sS'youuu'
p1986
I89
sS'nuzzles'
p1987
I89
sS'crush'
p1988
I89
sS'barbecue'
p1989
I89
sS'pic*'
p1990
I89
sS'sup'
p1991
I88
sS'row'
p1992
I88
sS'dias'
p1993
I89
sS'condensed'
p1994
I89
sS'full'
p1995
I83
sS'relationships'
p1996
I89
sS'hungover'
p1997
I89
sS'mula'
p1998
I89
sS'(who)'
p1999
I89
sS'venice'
p2000
I88
sS'forgive'
p2001
I89
sS'hours'
p2002
I82
sS'tracks'
p2003
I89
sS'jonas'
p2004
I89
sS'berkeley'
p2005
I89
sS'epitome'
p2006
I89
sS'strong'
p2007
I89
sS'legend'
p2008
I89
sS'colored'
p2009
I89
sS'ahead'
p2010
I86
sS'yelling/nagging'
p2011
I89
sS'creepy'
p2012
I87
sS'pics'
p2013
I87
sS',91016\n448844530666590208,gabbypreston,2014-03-26'
p2014
I89
sS'pick'
p2015
I83
sS'(monrovia'
p2016
I39
sS"would've"
p2017
I88
sS'~'
p2018
I88
sS'options'
p2019
I89
sS'spoil'
p2020
I89
sS'via'
p2021
I87
sS'followed'
p2022
I89
sS'family'
p2023
I84
sS'toys"r"us)'
p2024
I89
sS'put'
p2025
I74
sS'joes***'
p2026
I89
sS'toys'
p2027
I87
sS'whoever'
p2028
I89
sS"sister's"
p2029
I89
sS'gosh'
p2030
I88
sS'23:04:51.0,34.1397217,-118.00674752,4309.01,you'
p2031
I89
sS'hommie'
p2032
I89
sS'eye'
p2033
I88
sS'takes'
p2034
I87
sS'pervert"'
p2035
I89
sS'kaitlyn'
p2036
I87
sS'pup'
p2037
I89
sS'texting'
p2038
I85
sS'two'
p2039
I76
sS'(monrovia)'
p2040
I86
sS'morn'
p2041
I88
sS'6'
p2042
I83
sS'eyy'
p2043
I89
sS'pasadena/monrovia'
p2044
I87
sS'injury'
p2045
I89
sS'*hint'
p2046
I89
sS'fuhhhhh'
p2047
I89
sS'more'
p2048
I72
sS'tryna'
p2049
I88
sS'door'
p2050
I88
sS'knows'
p2051
I84
sS'pads'
p2052
I89
sS'tylar'
p2053
I89
sS'flag'
p2054
I89
sS"ain't"
p2055
I80
sS'stick'
p2056
I89
sS'broke'
p2057
I85
sS'known'
p2058
I89
sS'hurry'
p2059
I89
sS'glad'
p2060
I88
sS'don\xe2\x80\x99t'
p2061
I89
sS'town'
p2062
I87
sS'grill'
p2063
I66
sS'keeping'
p2064
I89
sS'hour'
p2065
I83
sS'science'
p2066
I89
sS'sucks'
p2067
I85
sS'mall'
p2068
I87
sS'bron'
p2069
I89
sS'del'
p2070
I85
sS'wrestler'
p2071
I89
sS'learn'
p2072
I85
sS'knocked'
p2073
I89
sS'clutter'
p2074
I89
sS'male'
p2075
I89
sS'manipedi'
p2076
I89
sS'def'
p2077
I89
sS'history'
p2078
I89
sS'beautiful'
p2079
I84
sS"mi'chael"
p2080
I89
sS'hamburger'
p2081
I88
sS'brown'
p2082
I89
sS'snuck'
p2083
I89
sS'share'
p2084
I85
sS'accept'
p2085
I89
sS'sike'
p2086
I89
sS'altercation"'
p2087
I89
sS'numbers'
p2088
I89
sS'partner'
p2089
I89
sS'pong'
p2090
I89
sS'dress'
p2091
I86
sS'ughhhh'
p2092
I89
sS'bogo'
p2093
I89
sS'huge'
p2094
I89
sS'needs'
p2095
I82
sS'answer'
p2096
I89
sS'court'
p2097
I88
sS'goal'
p2098
I87
sS'awkward'
p2099
I88
sS'rather'
p2100
I87
sS'comfort'
p2101
I89
sS't.y'
p2102
I89
sS'unlucky'
p2103
I89
sS"kohl's)"
p2104
I89
sS'ish'
p2105
I89
sS'earnings'
p2106
I89
sS'speeding'
p2107
I89
sS'browns'
p2108
I89
sS'explains'
p2109
I89
sS'plant'
p2110
I89
sS'sandwich'
p2111
I88
sS'okay'
p2112
I70
sS'w'
p2113
I75
sS'rude'
p2114
I88
sS'dinosaur'
p2115
I89
sS'advice'
p2116
I89
sS'lmaaoo'
p2117
I89
sS'numb'
p2118
I89
sS'coming'
p2119
I76
sS'"j1"'
p2120
I88
sS'a'
p2121
I6
sS'short'
p2122
I86
sS'funday'
p2123
I89
sS'resemble'
p2124
I89
sS'bugs'
p2125
I89
sS'volleyball'
p2126
I89
sS'hilton'
p2127
I89
sS'media'
p2128
I89
sS'facebook'
p2129
I89
sS'class<<<<<<'
p2130
I89
sS'dream'
p2131
I84
sS'playing'
p2132
I76
sS"that's"
p2133
I73
sS'chicks'
p2134
I89
sS'mexican'
p2135
I84
sS'help'
p2136
I85
sS"don't"
p2137
I36
sS'john'
p2138
I89
sS'sooo'
p2139
I88
sS'soon'
p2140
I84
sS'sangwich'
p2141
I89
sS'held'
p2142
I89
sS'attitude'
p2143
I86
sS'paper'
p2144
I89
sS'through'
p2145
I83
sS'filters'
p2146
I89
sS'hell'
p2147
I82
sS'mcdonalds'
p2148
I87
sS'cruiseee'
p2149
I89
sS'leibowitz'
p2150
I89
sS'its'
p2151
I75
sS'24'
p2152
I89
sS'25'
p2153
I88
sS'20'
p2154
I89
sS'21'
p2155
I89
sS'22'
p2156
I89
sS'shifts'
p2157
I89
sS'pray'
p2158
I89
sS'gerald'
p2159
I89
sS'sale'
p2160
I89
sS'28'
p2161
I89
sS'actually'
p2162
I79
sS'late'
p2163
I85
sS'>>>'
p2164
I89
sS'bout'
p2165
I86
sS'soccer'
p2166
I86
sS'sauce'
p2167
I89
sS'goodmorning'
p2168
I88
sS'fool'
p2169
I86
sS'hurting'
p2170
I89
sS'evening'
p2171
I88
sS'return'
p2172
I89
sS'yo'
p2173
I87
sS'food'
p2174
I78
sS'sucker'
p2175
I89
sS'hunter'
p2176
I89
sS'clippers'
p2177
I89
sS'okc'
p2178
I89
sS'kunka'
p2179
I89
sS'starbucks'
p2180
I73
sS'foot'
p2181
I87
sS'yr'
p2182
I87
sS'easily'
p2183
I89
sS'ighht'
p2184
I89
sS'pregnant'
p2185
I88
sS'always'
p2186
I68
sS'nauseous'
p2187
I89
sS'drake'
p2188
I89
sS'jaime'
p2189
I89
sS'bless'
p2190
I89
sS'messed'
p2191
I89
sS'james4'
p2192
I89
sS'turns'
p2193
I89
sS'found'
p2194
I84
sS'fairy'
p2195
I88
sS'difficult'
p2196
I89
sS'lol,91016\n503425242392301569,frickensiddoh,2014-08-24'
p2197
I89
sS'marry'
p2198
I89
sS"isn't"
p2199
I87
sS'2k'
p2200
I89
sS'allies'
p2201
I89
sS'everyone'
p2202
I76
sS'another'
p2203
I84
sS'generation'
p2204
I89
sS'house'
p2205
I78
sS'tiffany'
p2206
I89
sS'hard'
p2207
I76
sS'haley'
p2208
I89
sS'dymond'
p2209
I89
sS"uni's"
p2210
I89
sS'shopping...fun'
p2211
I89
sS'connect'
p2212
I89
sS'measurement'
p2213
I89
sS'you..,91016\n449777029160792065,frickensiddoh,2014-03-29'
p2214
I89
sS'beyond'
p2215
I87
sS'anarchy'
p2216
I89
sS'really'
p2217
I59
sS'anxious'
p2218
I89
sS'lovers'
p2219
I89
sS'prolly'
p2220
I89
sS'missed'
p2221
I85
sS'ftw'
p2222
I89
sS'item'
p2223
I89
sS'4pm'
p2224
I87
sS'since'
p2225
I83
sS'induces'
p2226
I89
sS'trusts'
p2227
I89
sS'pb&j'
p2228
I89
sS'misses'
p2229
I87
sS'health'
p2230
I88
sS"they'll"
p2231
I88
sS'lolz'
p2232
I88
sS'bubba'
p2233
I89
sS'bullshat'
p2234
I89
sS'ass'
p2235
I70
sS'reck'
p2236
I89
sS'd.rose'
p2237
I89
sS'senioritis'
p2238
I89
sS'serpent'
p2239
I89
sS'dirt'
p2240
I89
sS'about.,91016\n236009257751941120,desidayy,2012-08-16'
p2241
I89
sS'friday'
p2242
I73
sS'hosted'
p2243
I89
sS'guess'
p2244
I81
sS'extraordinary'
p2245
I89
sS'reason'
p2246
I87
sS'disneyland'
p2247
I87
sS'members'
p2248
I88
sS'imagine'
p2249
I88
sS'ask'
p2250
I86
sS'approach'
p2251
I89
sS'teach'
p2252
I89
sS'ash'
p2253
I89
sS'chantry'
p2254
I89
sS'lag'
p2255
I89
sS"julian's"
p2256
I89
sS'thrown'
p2257
I89
sS'five:1'
p2258
I89
sS'junior&'
p2259
I89
sS'smashburger'
p2260
I89
sS'e.t'
p2261
I89
sS'5sos'
p2262
I88
sS'daisy'
p2263
I88
sS'scheduled'
p2264
I89
sS'heartbeat'
p2265
I89
sS'throws'
p2266
I89
sS'\xee\x90\x92'
p2267
I89
sS'"send'
p2268
I89
sS'dont'
p2269
I84
sS'feel'
p2270
I76
sS'"serious'
p2271
I89
sS'number'
p2272
I84
sS'happier'
p2273
I89
sS'feet'
p2274
I88
sS'dust'
p2275
I89
sS'done'
p2276
I78
sS'eisenmann'
p2277
I89
sS'kobe'
p2278
I89
sS'miss'
p2279
I69
sS'grocery'
p2280
I89
sS"you'd"
p2281
I89
sS'min'
p2282
I89
sS'story'
p2283
I88
sS'"'
p2284
I86
sS'hangy'
p2285
I89
sS'hashtag-letmefuckingscansomething'
p2286
I89
sS"cheese's"
p2287
I84
sS'least'
p2288
I88
sS'obligatory'
p2289
I89
sS'station'
p2290
I89
sS'statement'
p2291
I89
sS'arguing'
p2292
I89
sS'mama'
p2293
I89
sS'northbound'
p2294
I89
sS'nigeria'
p2295
I89
sS'southern'
p2296
I89
sS'store'
p2297
I81
sS'headache'
p2298
I88
sS'mini'
p2299
I89
sS'relationship'
p2300
I88
sS'behind'
p2301
I88
sS'ocho-ocho'
p2302
I89
sS'185'
p2303
I89
sS'park'
p2304
I85
sS'mmmm'
p2305
I89
sS'luckily'
p2306
I89
sS'part'
p2307
I84
sS'jordan'
p2308
I86
sS'boredom'
p2309
I88
sS'believe'
p2310
I85
sS'stairs'
p2311
I89
sS'\xe2\xad\x90\xef\xb8\x8fheadlines\xe2\xad\x90\xef\xb8\x8f'
p2312
I89
sS'king'
p2313
I88
sS'kind'
p2314
I83
sS'b'
p2315
I88
sS'5-star'
p2316
I89
sS'gotten'
p2317
I88
sS'grey'
p2318
I89
sS'youth'
p2319
I89
sS'codessss.,91016\n239664717604466689,desidayy,2012-08-26'
p2320
I89
sS'architect'
p2321
I89
sS'supposed'
p2322
I87
sS'insulted'
p2323
I89
sS'dang'
p2324
I89
sS'irving2'
p2325
I89
sS'toe'
p2326
I89
sS'ousted'
p2327
I81
sS'head*'
p2328
I88
sS'mickey'
p2329
I89
sS'outta'
p2330
I89
sS'picked'
p2331
I89
sS'ages'
p2332
I89
sS'randomly'
p2333
I87
sS'juice'
p2334
I86
sS'showers'
p2335
I89
sS'sell'
p2336
I88
sS'lie'
p2337
I88
sS'nights'
p2338
I84
sS'vision)'
p2339
I89
sS'dancing'
p2340
I89
sS'lil'
p2341
I88
sS'dooogggg'
p2342
I89
sS'self'
p2343
I87
sS'drapes'
p2344
I89
sS'couch'
p2345
I86
sS'also'
p2346
I86
sS'ashlen'
p2347
I89
sS'build'
p2348
I89
sS'finding'
p2349
I88
sS'\xe2\xac\x86\xef\xb8\x8f2.16'
p2350
I89
sS'tool'
p2351
I89
sS'eff'
p2352
I89
sS'"molecule"'
p2353
I89
sS'play'
p2354
I82
sS'electric'
p2355
I89
sS'mentality'
p2356
I89
sS'had."'
p2357
I89
sS'5mins'
p2358
I89
sS'most'
p2359
I83
sS'plah'
p2360
I89
sS'plan'
p2361
I89
sS'71'
p2362
I89
sS'nothing'
p2363
I78
sS'stressful'
p2364
I89
sS'xlviii'
p2365
I89
sS'approved'
p2366
I89
sS'achievement'
p2367
I89
sS'wats'
p2368
I89
sS'understands'
p2369
I89
sS'gaby'
p2370
I89
sS'windows'
p2371
I89
sS'clear'
p2372
I89
sS'sometimes'
p2373
I80
sS'5-9'
p2374
I89
sS'gabs'
p2375
I89
sS'flowers.,91016\n434194217510780928,frickensiddoh,2014-02-14'
p2376
I89
sS'attacking'
p2377
I89
sS'lying'
p2378
I89
sS'thomas'
p2379
I88
sS'ugh'
p2380
I85
sS'cruiser'
p2381
I89
sS'pre-screening'
p2382
I89
sS'chanel'
p2383
I89
sS'carne'
p2384
I88
sS'school\xe2\x80\xa6'
p2385
I89
sS'stfu'
p2386
I88
sS'gain"'
p2387
I89
sS"it'd"
p2388
I89
sS'fine'
p2389
I89
sS'find'
p2390
I79
sS'weber'
p2391
I89
sS'giant'
p2392
I88
sS'restaurant)'
p2393
I87
sS'covina)'
p2394
I89
sS'ruin'
p2395
I89
sS"amy's"
p2396
I89
sS'bestfriends'
p2397
I89
sS'sucio'
p2398
I89
sS'idiots'
p2399
I89
sS'1:30pm'
p2400
I89
sS'pretty'
p2401
I82
sS'05:16:14.0,34.13977462,-118.00910133,4309.01,my'
p2402
I89
sS'california)'
p2403
I87
sS'8'
p2404
I89
sS'05:40:42.0,34.13836998,-118.01078277,4309.01,i'
p2405
I89
sS"mom's"
p2406
I88
sS'begins'
p2407
I89
sS'his'
p2408
I76
sS'hit'
p2409
I81
sS'beyonc\xc3\xa9'
p2410
I89
sS'secular'
p2411
I89
sS'punters'
p2412
I88
sS"people...she's"
p2413
I89
sS'feels'
p2414
I86
sS'longest'
p2415
I89
sS'international'
p2416
I88
sS'during'
p2417
I87
sS'lmaoooo,91016\n236000812021727232,desidayy,2012-08-16'
p2418
I89
sS'him'
p2419
I77
sS'fluff'
p2420
I84
sS'spandex'
p2421
I89
sS'cry'
p2422
I88
sS'(via'
p2423
I88
sS'old...but'
p2424
I89
sS'(simpy)'
p2425
I89
sS'"cheers'
p2426
I89
sS'double'
p2427
I89
sS'x'
p2428
I89
sS'pasadena/monrovia)'
p2429
I89
sS'bars'
p2430
I89
sS'set'
p2431
I88
sS'art'
p2432
I88
sS'appalachian'
p2433
I89
sS'carpool'
p2434
I89
sS'sex'
p2435
I88
sS'chance.,91016\n399259929984245760,frickensiddoh,2013-11-09'
p2436
I89
sS'see'
p2437
I51
sS'arc'
p2438
I88
sS'dumb'
p2439
I86
sS'are'
p2440
I31
sS'polish'
p2441
I89
sS'close'
p2442
I80
sS'greece'
p2443
I89
sS'retweet'
p2444
I89
sS'locals'
p2445
I89
sS'6:10'
p2446
I89
sS"dm's"
p2447
I89
sS'visiting'
p2448
I88
sS'movie'
p2449
I86
sS'wow'
p2450
I87
sS'currently'
p2451
I87
sS'please'
p2452
I74
sS'rejecting'
p2453
I89
sS'yoda'
p2454
I89
sS'fans'
p2455
I88
sS'guardian'
p2456
I89
sS'probably'
p2457
I78
sS'rite'
p2458
I89
sS'nope'
p2459
I89
sS'piss'
p2460
I89
sS'knowing'
p2461
I87
sS'solo'
p2462
I89
sS'genes'
p2463
I89
sS'columbia'
p2464
I89
sS'dani'
p2465
I89
sS'"organism"'
p2466
I89
sS'missing'
p2467
I87
sS'sold'
p2468
I89
sS'attention'
p2469
I86
sS'05:56:14.0,34.14006264,-118.01056824,4309.01,truck'
p2470
I89
sS'yaaas'
p2471
I89
sS'2moro'
p2472
I89
sS'foothill'
p2473
I84
sS'bar)'
p2474
I82
sS'hecky'
p2475
I89
sS'floats'
p2476
I89
sS'both'
p2477
I85
sS'c'
p2478
I86
sS'last'
p2479
I77
sS'restaurant'
p2480
I85
sS'cashing'
p2481
I89
sS'thot'
p2482
I89
sS"wouldn't"
p2483
I85
sS'barely'
p2484
I88
sS'not.,91016\n491054339373289473,carrollyolinda,2014-07-21'
p2485
I89
sS'everyday\xe2\x9d\xa4\xef\xb8\x8f'
p2486
I89
sS'became'
p2487
I88
sS'8am'
p2488
I89
sS'naw'
p2489
I89
sS'22:33:16.0,34.14538641,-118.01616719,4309.01,every'
p2490
I89
sS'whole'
p2491
I87
sS'blaze'
p2492
I89
sS'deadman'
p2493
I89
sS'liked'
p2494
I89
sS'\xe2\x98\xba'
p2495
I89
sS'danced'
p2496
I89
sS'fasttrack'
p2497
I89
sS'point'
p2498
I85
sS'reasons'
p2499
I89
sS'sweet'
p2500
I88
sS'sweep'
p2501
I89
sS'community'
p2502
I88
sS'likes'
p2503
I89
sS'church'
p2504
I88
sS'expensive'
p2505
I89
sS'tatagal'
p2506
I89
sS'n****'
p2507
I89
sS'pt'
p2508
I88
sS'agree'
p2509
I89
sS'monthly'
p2510
I89
sS'karla'
p2511
I89
sS'whow'
p2512
I88
sS'due'
p2513
I88
sS'mikey'
p2514
I89
sS'teacher'
p2515
I89
sS'hitting'
p2516
I88
sS'secret'
p2517
I89
sS'dropping'
p2518
I88
sS'damn'
p2519
I74
sS'meeting'
p2520
I67
sS'whoa'
p2521
I88
sS'empty'
p2522
I88
sS'(444'
p2523
I88
sS'bandwagn'
p2524
I89
sS'dorchester'
p2525
I89
sS'gay'
p2526
I88
sS'fire'
p2527
I89
sS"what's"
p2528
I83
sS'gas'
p2529
I89
sS'else'
p2530
I85
sS'anthony'
p2531
I89
sS'lives'
p2532
I88
sS'referrals'
p2533
I84
sS'look'
p2534
I69
sS"d1's"
p2535
I89
sS'frozen'
p2536
I89
sS'straight'
p2537
I85
sS'tip'
p2538
I89
sS'\xe2\xad\x90\xef\xb8\x8f'
p2539
I89
sS'wyatt'
p2540
I89
sS'mls'
p2541
I89
sS'while'
p2542
I78
sS'match'
p2543
I87
sS'"with"'
p2544
I89
sS'leaning'
p2545
I89
sS'fun'
p2546
I82
sS"pasadena's"
p2547
I89
sS'pancham'
p2548
I89
sS'loop'
p2549
I89
sS'theres'
p2550
I88
sS"star's"
p2551
I89
sS'nigeria:/'
p2552
I89
sS'<3'
p2553
I86
sS'varej\xc3\xa3o'
p2554
I89
sS'florida'
p2555
I89
sS'rip'
p2556
I88
sS'cec'
p2557
I89
sS'triple'
p2558
I89
sS'ready'
p2559
I80
sS'leaving'
p2560
I89
sS'kings'
p2561
I89
sS"kohl's"
p2562
I87
sS'funny'
p2563
I80
sS'raiders'
p2564
I89
sS'because'
p2565
I78
sS'shaw'
p2566
I89
sS'anymore'
p2567
I86
sS'noooo'
p2568
I89
sS'bangerz'
p2569
I89
sS'belong'
p2570
I89
sS'puig'
p2571
I88
sS"gotwe're"
p2572
I89
sS'yeasayer'
p2573
I89
sS'9'
p2574
I88
sS'aldean'
p2575
I89
sS'composition'
p2576
I89
sS'daughters'
p2577
I88
sS'used'
p2578
I81
sS'temporary'
p2579
I89
sS'backyard'
p2580
I89
sS'restraint'
p2581
I89
sS'yesterday'
p2582
I87
sS'holidays'
p2583
I88
sS'moment'
p2584
I84
sS'moving'
p2585
I89
sS'cleaning'
p2586
I89
sS'amys'
p2587
I89
sS'notecard'
p2588
I89
sS'built'
p2589
I89
sS'dark'
p2590
I89
sS'beanie'
p2591
I89
sS':today'
p2592
I89
sS'older'
p2593
I85
sS'popeyes'
p2594
I87
sS'anybody'
p2595
I89
sS'obviously'
p2596
I89
sS'person'
p2597
I80
sS'cheer'
p2598
I84
sS'flags'
p2599
I89
sS'stubbed'
p2600
I89
sS'yobo...an'
p2601
I89
sS'kelly'
p2602
I87
sS'killa'
p2603
I89
sS'yet"'
p2604
I89
sS'spend'
p2605
I89
sS'i\xe2\x80\x99m'
p2606
I89
sS'04:17:49.0,34.1405399,-118.00960818,4309.01,took'
p2607
I89
sS'out,91016\n412918425179009024,daddyden_hooper,2013-12-17'
p2608
I89
sS'listening'
p2609
I89
sS'~~^^'
p2610
I89
sS"boyfriend's"
p2611
I89
sS'sassley'
p2612
I89
sS'murder-suicide'
p2613
I89
sS'questions'
p2614
I88
sS'world'
p2615
I85
sS'regardless'
p2616
I88
sS'brandon'
p2617
I89
sS'letting'
p2618
I89
sS',91016\n413692220303482880,daddyden_hooper,2013-12-19'
p2619
I89
sS'cut'
p2620
I88
sS'cus'
p2621
I89
sS'cup'
p2622
I89
sS'lady'
p2623
I86
sS'workers'
p2624
I89
sS'cuz'
p2625
I84
sS'aloha'
p2626
I89
sS'pies'
p2627
I89
sS'parents'
p2628
I84
sS'location'
p2629
I89
sS'crying'
p2630
I88
sS'alyssa'
p2631
I89
sS'snap'
p2632
I88
sS'vanessa'
p2633
I89
sS'excited'
p2634
I81
sS'surprised'
p2635
I88
sS'hater'
p2636
I89
sS'bin'
p2637
I89
sS'mujer'
p2638
I89
sS'big'
p2639
I80
sS'laughed'
p2640
I89
sS':-(,91016\n496740035568218112,meechellezmind,2014-08-05'
p2641
I89
sS'matters'
p2642
I89
sS'game'
p2643
I67
sS'laggin'
p2644
I89
sS'wiser'
p2645
I89
sS'bit'
p2646
I89
sS'girl\xe2\x80\xa2'
p2647
I89
sS'projects'
p2648
I89
sS'dequan.mom'
p2649
I89
sS'd'
p2650
I88
sS'loose\xe2\x80\xa6'
p2651
I89
sS'"ms'
p2652
I89
sS'message'
p2653
I88
sS'cavs'
p2654
I89
sS'ignore'
p2655
I89
sS'wildcats'
p2656
I86
sS'hahahahahahahahahhahahahahah'
p2657
I89
sS'ptsa'
p2658
I88
sS'fault'
p2659
I89
sS'me\xe2\x80\x9d'
p2660
I89
sS'nicksaywat1990'
p2661
I89
sS'google'
p2662
I89
sS'often'
p2663
I88
sS'fucking'
p2664
I72
sS'spring'
p2665
I89
sS'yolo'
p2666
I89
sS'some'
p2667
I57
sS'back'
p2668
I52
sS'phone'
p2669
I89
sS'yolk'
p2670
I89
sS'*fake'
p2671
I89
sS'lips'
p2672
I89
sS'pack'
p2673
I89
sS'pricing'
p2674
I89
sS'wonderland'
p2675
I89
sS'taping'
p2676
I89
sS'"l"'
p2677
I89
sS'weirdo'
p2678
I89
sS'pet'
p2679
I89
sS'absolutely'
p2680
I89
sS'though'
p2681
I82
sS'pep'
p2682
I89
sS'per'
p2683
I89
sS'prom'
p2684
I87
sS'19:20:13.0,34.14539456,-118.01617367,4309.01,my'
p2685
I89
sS'quote'
p2686
I89
sS'yoooo'
p2687
I89
sS'pee'
p2688
I89
sS'hungry!lol'
p2689
I89
sS'prob'
p2690
I88
sS'nose'
p2691
I89
sS'be'
p2692
I26
sS'eating'
p2693
I84
sS'zzz'
p2694
I88
sS'bb'
p2695
I87
sS'bc'
p2696
I80
sS'word'
p2697
I89
sS'fed'
p2698
I89
sS'cheered'
p2699
I89
sS'santa'
p2700
I88
sS'from'
p2701
I59
sS'raspberry'
p2702
I89
sS'smothered'
p2703
I89
sS'tripping'
p2704
I88
sS'faith'
p2705
I89
sS'anything'
p2706
I83
sS'mom&i'
p2707
I89
sS'goddddd!!!,91016\n501431537230184448,muybu3no,2014-08-18'
p2708
I89
sS'iced'
p2709
I88
sS"mcdonald's"
p2710
I88
sS'graduation'
p2711
I89
sS'page'
p2712
I89
sS'18:12:49.0,34.1384157,-118.0134218,4309.01,at'
p2713
I89
sS'happytattoo'
p2714
I89
sS'idk'
p2715
I79
sS'bish'
p2716
I89
sS'classics'
p2717
I89
sS'hahahah'
p2718
I85
sS'block'
p2719
I87
sS'ppl'
p2720
I89
sS'seeing'
p2721
I87
sS'idgi'
p2722
I89
sS'prideful'
p2723
I89
sS'pero'
p2724
I88
sS'into'
p2725
I81
sS'within'
p2726
I89
sS'servers'
p2727
I89
sS'momma'
p2728
I89
sS'(317'
p2729
I88
sS'house.we'
p2730
I89
sS'sports'
p2731
I88
sS'sprawled'
p2732
I89
sS'bradoaks'
p2733
I89
sS'katie'
p2734
I89
sS't\xc3\xba'
p2735
I89
sS'spending'
p2736
I89
sS'on.,91016\n437318822647713792,carrollyolinda,2014-02-22'
p2737
I89
sS'...i'
p2738
I89
sS'question'
p2739
I89
sS'ca)'
p2740
I39
sS'fast'
p2741
I87
sS'tylarsimpson'
p2742
I89
sS"we're"
p2743
I84
sS'bruh'
p2744
I82
sS'forward'
p2745
I86
sS'niblet'
p2746
I89
sS'bored'
p2747
I86
sS'lexi'
p2748
I89
sS'damncavs'
p2749
I89
sS'liked\xe2\x80\xa6'
p2750
I89
sS'college.\xe2\x80\x9d'
p2751
I89
sS'himself'
p2752
I89
sS'invite'
p2753
I88
sS'filet'
p2754
I89
sS"jv's"
p2755
I89
sS'singer'
p2756
I89
sS'boys'
p2757
I84
sS'larry'
p2758
I88
sS'19:45:56.0,34.14537551,-118.01615951,4309.01,i'
p2759
I89
sS'hopes'
p2760
I89
sS'line'
p2761
I88
sS'\xe2\x99\xa5'
p2762
I88
sS'moment.,91016\n437063581683568640,carrollyolinda,2014-02-22'
p2763
I89
sS'junior'
p2764
I89
sS'posted'
p2765
I80
sS'cike'
p2766
I89
sS'perrita'
p2767
I89
sS'thankyouuu'
p2768
I89
sS'yasiel'
p2769
I89
sS'fries'
p2770
I88
sS'up'
p2771
I29
sS'us'
p2772
I73
sS'subs)'
p2773
I86
sS'um'
p2774
I89
sS"tomorrow's"
p2775
I89
sS'un'
p2776
I89
sS'ahha'
p2777
I89
sS'faded'
p2778
I89
sS'highlight'
p2779
I89
sS'fried'
p2780
I89
sS'called'
p2781
I87
sS'yelled'
p2782
I88
sS'bell'
p2783
I89
sS'caught'
p2784
I89
sS'flop'
p2785
I89
sS'supervisor'
p2786
I89
sS'fans"'
p2787
I89
sS'armstrong'
p2788
I88
sS'flow'
p2789
I89
sS'janzen'
p2790
I89
sS'single'
p2791
I86
sS'warning'
p2792
I88
sS'ingredients'
p2793
I89
sS'chat'
p2794
I89
sS'12:13:18.0,34.1372251,-118.0066823,4309.01,good'
p2795
I89
sS'rally'
p2796
I89
sS'cafe'
p2797
I73
sS'poooo'
p2798
I89
sS'off.,91016\n491056940307329025,carrollyolinda,2014-07-21'
p2799
I89
sS'peach'
p2800
I89
sS'-remember'
p2801
I89
sS'nah'
p2802
I87
sS'nick'
p2803
I86
sS'nap'
p2804
I83
sS'points'
p2805
I89
sS'ellen'
p2806
I88
sS'tits'
p2807
I89
sS'grind'
p2808
I89
sS'department'
p2809
I89
sS'\xe2\x80\xa2meets'
p2810
I89
sS'nice'
p2811
I79
sS'ex.\xe2\x80\x9d'
p2812
I89
sS'clean'
p2813
I89
sS'awhhhh'
p2814
I89
sS':,91016\n474631797288890368,carrollyolinda,2014-06-05'
p2815
I89
sS'problems'
p2816
I88
sS'lucia'
p2817
I89
sS"guy's"
p2818
I88
sS'lent'
p2819
I89
sS'pope'
p2820
I89
sS'clue'
p2821
I89
sS'meals'
p2822
I89
sS'tummy'
p2823
I89
sS'ago'
p2824
I88
sS'lane'
p2825
I89
sS'pwease'
p2826
I89
sS'e'
p2827
I78
sS'koge'
p2828
I89
sS'pedestrians'
p2829
I89
sS'age'
p2830
I89
sS'vehicles'
p2831
I89
sS'walked'
p2832
I88
sS'purged'
p2833
I89
sS'happened?,91016\n229651027215917056,desidayy,2012-07-29'
p2834
I89
sS'hella'
p2835
I87
sS'karma'
p2836
I89
sS'gubbins'
p2837
I89
sS'far'
p2838
I86
sS"she's"
p2839
I80
sS"jaime's"
p2840
I88
sS'buffalo'
p2841
I89
sS'having'
p2842
I83
sS'once'
p2843
I88
sS'monterey'
p2844
I87
sS'code'
p2845
I89
sS'jason'
p2846
I89
sS'07:59:26.0,34.13971536,-118.01050591,4309.01,lesbihonest...whatchu'
p2847
I89
sS'smashburger)'
p2848
I87
sS'gg'
p2849
I89
sS'olive'
p2850
I89
sS'amazing\xe2\x9d\xa4\xef\xb8\x8f'
p2851
I89
sS'it!\xe2\x80\xa6'
p2852
I89
sS'go'
p2853
I35
sS'gossip'
p2854
I88
sS'flashback'
p2855
I89
sS'chillin'
p2856
I89
sS'issues'
p2857
I88
sS'penis'
p2858
I89
sS'10:07:31.0,34.13728842,-118.01133217,4309.01,*lose,91016\n322889254281826305,ariel_beca,2013-04-13'
p2859
I89
sS'gold'
p2860
I89
sS"04:41:39.0,34.13903303,-118.01147226,4309.01,i'm"
p2861
I89
sS'young'
p2862
I85
sS'send'
p2863
I89
sS'helps'
p2864
I89
sS'atlas'
p2865
I89
sS'include'
p2866
I89
sS'sent'
p2867
I86
sS'customer'
p2868
I89
sS'random'
p2869
I89
sS'garden'
p2870
I86
sS'center)'
p2871
I89
sS'18:06:26.0,34.1403385,-118.010646,4309.01,why'
p2872
I89
sS'continues'
p2873
I89
sS'octo'
p2874
I89
sS'wishes'
p2875
I89
sS'putting'
p2876
I89
sS'parentals'
p2877
I89
sS'telling'
p2878
I87
sS'animals'
p2879
I89
sS'drinking'
p2880
I87
sS'isaiah'
p2881
I89
sS'wipe'
p2882
I89
sS'timely'
p2883
I89
sS'entire'
p2884
I89
sS'olaf'
p2885
I89
sS'greasy'
p2886
I89
sS'knight'
p2887
I89
sS'joel'
p2888
I89
sS'gettin'
p2889
I89
sS'ryan'
p2890
I88
sS'try'
p2891
I85
sS'assignments'
p2892
I89
sS'race'
p2893
I89
sS'joes'
p2894
I89
sS'havent'
p2895
I89
sS'tru'
p2896
I89
sS'challenge'
p2897
I89
sS'joey'
p2898
I89
sS'"giver\'s'
p2899
I89
sS'booty'
p2900
I87
sS'carter'
p2901
I88
sS'wrestling'
p2902
I88
sS'silly'
p2903
I89
sS'waking'
p2904
I89
sS'jump'
p2905
I87
sS'video'
p2906
I86
sS'yours.sincerelyniggas'
p2907
I89
sS'ummm'
p2908
I87
sS'dynamics'
p2909
I89
sS'poke'
p2910
I89
sS'plays'
p2911
I89
sS'sweats'
p2912
I89
sS'giving'
p2913
I88
sS'asap'
p2914
I89
sS'hardest'
p2915
I89
sS'valet'
p2916
I89
sS'seconds'
p2917
I89
sS'waiting'
p2918
I78
sS'gn'
p2919
I89
sS':(,91016\n399012894357991424,frickensiddoh,2013-11-09'
p2920
I89
sS'tournaments'
p2921
I89
sS'body'
p2922
I89
sS'toast'
p2923
I89
sS'lee'
p2924
I89
sS'exchange'
p2925
I89
sS'shayans'
p2926
I89
sS'punch'
p2927
I89
sS'leo'
p2928
I88
sS'growing'
p2929
I89
sS'let'
p2930
I72
sS'others'
p2931
I87
sS'sexy'
p2932
I85
sS';d,91016\n231552862851833856,desidayy,2012-08-04'
p2933
I89
sS'lollollol'
p2934
I89
sS'testicles'
p2935
I89
sS'hudl'
p2936
I89
sS'great'
p2937
I75
sS'involved'
p2938
I89
sS'30'
p2939
I89
sS'shades'
p2940
I89
sS'34'
p2941
I89
sS"weren't"
p2942
I89
sS'cousins'
p2943
I89
sS"fuc's"
p2944
I89
sS'makes'
p2945
I84
sS'explain'
p2946
I89
sS'2chainz'
p2947
I89
sS'fake'
p2948
I89
sS'yeeeees'
p2949
I89
sS'moniaga'
p2950
I89
sS'apple'
p2951
I89
sS'hint*'
p2952
I89
sS'danger'
p2953
I89
sS'win'
p2954
I84
sS'app'
p2955
I89
sS'wii'
p2956
I89
sS'wit'
p2957
I87
sS'names'
p2958
I86
sS'wheres'
p2959
I89
sS'apply'
p2960
I89
sS'cloud'
p2961
I89
sS'lime'
p2962
I89
sS'cha'
p2963
I89
sS'use'
p2964
I85
sS'hahahahaha'
p2965
I87
sS'crap'
p2966
I88
sS'hippie'
p2967
I89
sS'&'
p2968
I48
sS'remains'
p2969
I89
sS'theme'
p2970
I89
sS'next'
p2971
I77
sS'few'
p2972
I88
sS'camera'
p2973
I88
sS'radsick'
p2974
I89
sS'themselves'
p2975
I89
sS'rick'
p2976
I89
sS'popped'
p2977
I89
sS'tiiiimee'
p2978
I89
sS'babe'
p2979
I88
sS'1/2'
p2980
I89
sS'econ'
p2981
I89
sS'about'
p2982
I50
sS'!\xe2\x80\x9d'
p2983
I89
sS'train'
p2984
I89
sS'baby'
p2985
I78
sS"6'2"
p2986
I89
sS'women'
p2987
I88
sS'meal.,91016\n439100008827060224,frickensiddoh,2014-02-27'
p2988
I89
sS'dapper'
p2989
I89
sS'account'
p2990
I89
sS'balls'
p2991
I88
sS'practicing'
p2992
I89
sS'salad'
p2993
I88
sS'f'
p2994
I87
sS'this'
p2995
I21
sS'gabriel'
p2996
I88
sS'ride'
p2997
I87
sS'oh'
p2998
I63
sS'villain'
p2999
I89
sS'pour'
p3000
I89
sS'mommas'
p3001
I89
sS'donut'
p3002
I89
sS'anywhere'
p3003
I89
sS'paints'
p3004
I89
sS'aight'
p3005
I89
sS'meet'
p3006
I84
sS'closing'
p3007
I88
sS'didnt'
p3008
I87
sS'rehabilitation'
p3009
I89
sS'day.,91016\n438399481885630464,carrollyolinda,2014-02-25'
p3010
I89
sS'control'
p3011
I88
sS'slid'
p3012
I89
sS'snacks'
p3013
I88
sS'oc'
p3014
I89
sS'high'
p3015
I85
sS'echols'
p3016
I89
sS'kristens'
p3017
I89
sS'pulling'
p3018
I89
sS'something'
p3019
I71
sS'blvd'
p3020
I88
sS'rods'
p3021
I89
sS'trumpet'
p3022
I89
sS'tan'
p3023
I89
sS'sis'
p3024
I86
sS'sit'
p3025
I89
sS'vibe'
p3026
I88
sS'stole'
p3027
I89
sS'di'
p3028
I89
sS'brian'
p3029
I89
sS'blessings'
p3030
I89
sS'pair'
p3031
I89
sS'forest'
p3032
I89
sS'frontiers'
p3033
I89
sS'instead'
p3034
I85
sS'comedy'
p3035
I88
sS'"emochis"'
p3036
I89
sS'(604'
p3037
I89
sS'stand'
p3038
I89
sS'about\xe2\x98\xba\xef\xb8\x8f'
p3039
I89
sS'swore'
p3040
I89
sS'stop'
p3041
I70
sS'wallpaper'
p3042
I88
sS'polly'
p3043
I89
sS'dominos'
p3044
I89
sS'city,91016\n501431502149021696,muybu3no,2014-08-18'
p3045
I89
sS'taco'
p3046
I83
sS'hahahaha'
p3047
I80
sS'goal...ugh'
p3048
I89
sS'autograph'
p3049
I89
sS'cuddling'
p3050
I89
sS'realized'
p3051
I89
sS'twins'
p3052
I89
sS'clarkson'
p3053
I87
sS'22nd'
p3054
I89
sS'light'
p3055
I88
sS'sowyy'
p3056
I89
sS'honestly'
p3057
I86
sS'classy'
p3058
I89
sS'marshalls'
p3059
I87
sS'shush'
p3060
I89
sS'pastor'
p3061
I89
sS'fresno'
p3062
I88
sS'ever-changing'
p3063
I89
sS'move'
p3064
I85
sS'45-44.\xe2\x80\x9d'
p3065
I89
sS'rebellious'
p3066
I89
sS'usc'
p3067
I89
sS'own'
p3068
I83
sS"won't"
p3069
I81
sS'looks'
p3070
I83
sS'flattering'
p3071
I89
sS'asb'
p3072
I89
sS'galaxy'
p3073
I89
sS'perfect'
p3074
I83
sS'lounge'
p3075
I89
sS'le'
p3076
I81
sS"lezbo's"
p3077
I89
sS'la'
p3078
I88
sS'tree.it'
p3079
I89
sS'[pic]'
p3080
I77
sS'stuff"'
p3081
I89
sS'slid&'
p3082
I89
sS'tyler'
p3083
I89
sS'choose'
p3084
I89
sS'deondre'
p3085
I89
sS'orange'
p3086
I89
sS'2014'
p3087
I86
sS'bye'
p3088
I85
sS'2011'
p3089
I89
sS'<'
p3090
I89
sS'2013'
p3091
I89
sS'2012'
p3092
I88
sS'dad'
p3093
I76
sS'ruined'
p3094
I89
sS'crash'
p3095
I89
sS'22:50:53.0,34.1384775,-118.0135865,4309.01,disco'
p3096
I89
sS'dam'
p3097
I87
sS'practice'
p3098
I86
sS'catches'
p3099
I89
sS'dat'
p3100
I89
sS'\xe2\x98\xba\xe2\x9d\xa4'
p3101
I89
sS'snake'
p3102
I89
sS'kiss'
p3103
I87
sS'hands'
p3104
I89
sS'front'
p3105
I87
sS'rotation'
p3106
I89
sS'day'
p3107
I45
sS'burritos'
p3108
I89
sS'smoothly'
p3109
I89
sS'slide'
p3110
I88
sS'doesnt'
p3111
I89
sS'mode'
p3112
I89
sS'truth'
p3113
I86
sS'rising'
p3114
I89
sS'bills'
p3115
I89
sS'|'
p3116
I89
sS'glasses'
p3117
I89
sS"haley's"
p3118
I89
sS'spata!"'
p3119
I89
sS'ankles'
p3120
I89
sS"01:49:31.0,34.13996452,-118.00676161,4309.01,let's"
p3121
I89
sS'doing'
p3122
I84
sS'globe'
p3123
I89
sS'gary'
p3124
I89
sS'staying'
p3125
I89
sS'tobygames'
p3126
I89
sS'books'
p3127
I89
sS'irritation'
p3128
I89
sS'our'
p3129
I78
sS'huntington'
p3130
I78
sS'special'
p3131
I88
sS'out'
p3132
I34
sS'edson'
p3133
I89
sS'chuckecheese'
p3134
I89
sS'converted'
p3135
I89
sS'twice'
p3136
I89
sS'coma'
p3137
I89
sS'bombay'
p3138
I89
sS'closer'
p3139
I89
sS'chaos'
p3140
I89
sS'ricky'
p3141
I89
sS'hilarious'
p3142
I87
sS'60s'
p3143
I89
sS'09:39:49.0,34.137238,-118.0067374,4309.01,real'
p3144
I89
sS'cause'
p3145
I77
sS'red'
p3146
I88
sS'afford'
p3147
I89
sS'shut'
p3148
I84
sS'umbrella'
p3149
I89
sS'trashy'
p3150
I89
sS'frank'
p3151
I88
sS'70s'
p3152
I89
sS'attending'
p3153
I88
sS'thrust'
p3154
I89
sS'disgusted'
p3155
I89
sS'craving'
p3156
I87
sS'time~'
p3157
I89
sS'cured'
p3158
I89
sS'g'
p3159
I86
sS'whos'
p3160
I89
sS'snapchats'
p3161
I89
sS'could'
p3162
I77
sS'area'
p3163
I89
sS'doshas'
p3164
I89
sS'times'
p3165
I88
sS'conversation'
p3166
I87
sS'length'
p3167
I89
sS'4th'
p3168
I87
sS'them)'
p3169
I89
sS'stacy'
p3170
I89
sS'adrian'
p3171
I89
sS'ears'
p3172
I89
sS'anita'
p3173
I89
sS'kendall'
p3174
I89
sS'finest'
p3175
I89
sS'city)'
p3176
I89
sS'crazies'
p3177
I89
sS'chrb'
p3178
I89
sS'confuse'
p3179
I89
sS'realtors'
p3180
I89
sS'jesus'
p3181
I89
sS'embarrassed'
p3182
I89
sS'"no"'
p3183
I89
sS'bitch'
p3184
I80
sS'reached'
p3185
I89
sS'noticed'
p3186
I89
sS'hehe'
p3187
I88
sS'braces'
p3188
I89
sS"doesn't"
p3189
I82
sS"arcadia's"
p3190
I89
sS'06:15:05.0,34.13804641,-118.00970944,4309.01,i'
p3191
I89
sS'los'
p3192
I80
sS'festival'
p3193
I89
sS'grip'
p3194
I89
sS'priority'
p3195
I89
sS'their'
p3196
I75
sS'characters\xe2\x80\x9d'
p3197
I89
sS'ankle'
p3198
I89
sS"emmet's"
p3199
I89
sS'bosco'
p3200
I88
sS'final'
p3201
I89
sS'soothing'
p3202
I89
sS'gummy'
p3203
I89
sS'shell'
p3204
I89
sS'stomach'
p3205
I89
sS'gear'
p3206
I89
sS'shorts'
p3207
I88
sS'exactly'
p3208
I87
sS'ogs'
p3209
I89
sS"22:14:20.0,34.14475955,-118.01428484,4309.01,it's"
p3210
I89
sS'grandpa'
p3211
I89
sS'bieber'
p3212
I89
sS'mad.,91016\n393496051794997248,frickensiddoh,2013-10-24'
p3213
I89
sS'july'
p3214
I86
sS'herself'
p3215
I88
sS'loved'
p3216
I88
sS'lamborghini'
p3217
I89
sS'traderjoes'
p3218
I89
sS'boring'
p3219
I89
sS'bother'
p3220
I89
sS'peeps>>>>,91016\n235990532436942848,desidayy,2012-08-16'
p3221
I89
sS'lion'
p3222
I88
sS'bed'
p3223
I73
sS'bee'
p3224
I89
sS'cucumbers'
p3225
I89
sS'info'
p3226
I89
sS'snapchat/facebook/twitter/'
p3227
I89
sS'loves'
p3228
I86
sS'6th'
p3229
I88
sS'bes'
p3230
I89
sS'referral'
p3231
I89
sS'bet'
p3232
I86
sS'swayze'
p3233
I89
sS'are\xe2\x80\xa6'
p3234
I89
sS"pro's"
p3235
I89
sS'\xee\x90\x92\xee\x90\x92\xee\x90\x92'
p3236
I89
sS'tabs'
p3237
I89
sS'julian'
p3238
I89
sS'tonight'
p3239
I68
sS'have'
p3240
I25
sS'keller'
p3241
I87
sS'need'
p3242
I48
sS'apparently'
p3243
I89
sS'clearly'
p3244
I89
sS'persistency'
p3245
I89
sS'afraid'
p3246
I89
sS'congrats'
p3247
I88
sS'mic'
p3248
I89
sS'*exceptfornathan*'
p3249
I89
sS'able'
p3250
I87
sS'\xe2\x9c\x8c\xef\xb8\x8f,91016\n504811563459411968,frickensiddoh,2014-08-28'
p3251
I89
sS'going?"'
p3252
I89
sS'babes'
p3253
I89
sS'hs'
p3254
I89
sS'truck'
p3255
I87
sS'asshole'
p3256
I88
sS'='
p3257
I85
sS'accuracy'
p3258
I89
sS'\xe2\x9a\xa1\xe2\x9a\xa1'
p3259
I89
sS'2016'
p3260
I89
sS'56'
p3261
I89
sS'unless'
p3262
I87
sS'^^'
p3263
I88
sS'finsh'
p3264
I89
sS'aww'
p3265
I88
sS'who'
p3266
I58
sS'camper'
p3267
I89
sS'sweeeeeep'
p3268
I89
sS'lmaooo'
p3269
I88
sS"where's"
p3270
I89
sS'useful'
p3271
I89
sS'01'
p3272
I89
sS'awk'
p3273
I87
sS'awh'
p3274
I89
sS"joe's"
p3275
I74
sS'awe'
p3276
I89
sS'why'
p3277
I51
sS'retro.,91016\n468935807475400704,carrollyolinda,2014-05-21'
p3278
I89
sS':(((((\xe2\x80\x9d'
p3279
I89
sS'octavio'
p3280
I89
sS'salty'
p3281
I89
sS'temptation'
p3282
I89
sS'request'
p3283
I89
sS'stucc'
p3284
I89
sS'face'
p3285
I84
sS'looked'
p3286
I89
sS'sorta'
p3287
I89
sS"you'll"
p3288
I85
sS'a-gon'
p3289
I89
sS'hush!lol'
p3290
I89
sS'suuuuusshiiii'
p3291
I89
sS'brew'
p3292
I89
sS'alcaseltzer'
p3293
I89
sS'fact'
p3294
I87
sS'sells'
p3295
I89
sS'softball'
p3296
I89
sS'jtlbacm'
p3297
I89
sS'18:12:40.0,34.1384157,-118.0134218,4309.01,in'
p3298
I89
sS'text'
p3299
I77
sS'agreed'
p3300
I88
sS'supported'
p3301
I89
sS'assholes'
p3302
I89
sS'anyway'
p3303
I88
sS'06:31:45.0,34.13983839,-118.01061353,4309.01,i'
p3304
I89
sS'hamlet'
p3305
I89
sS'bring'
p3306
I85
sS'lmao\xe2\x80\x9d'
p3307
I89
sS'paiinn'
p3308
I89
sS'chicken'
p3309
I87
sS'eyes'
p3310
I89
sS'(504'
p3311
I89
sS'ayee'
p3312
I89
sS'squeeze'
p3313
I89
sS'based'
p3314
I88
sS'lik'
p3315
I89
sS'jay'
p3316
I89
sS'('
p3317
I78
sS'winner'
p3318
I89
sS'should'
p3319
I71
sS"there's"
p3320
I84
sS'lemme'
p3321
I89
sS',91016\n494952691705982977,frickensiddoh,2014-07-31'
p3322
I89
sS'hope'
p3323
I81
sS'meant'
p3324
I88
sS'celly'
p3325
I89
sS'workin'
p3326
I89
sS'means'
p3327
I86
sS'beat'
p3328
I87
sS'dope'
p3329
I88
sS'coworker'
p3330
I89
sS'lucky'
p3331
I85
sS'bear'
p3332
I89
sS'ops2'
p3333
I89
sS'tbh'
p3334
I88
sS'ones'
p3335
I88
sS'words'
p3336
I87
sS'chips'
p3337
I89
sS'nearly'
p3338
I89
sS'ghetto'
p3339
I89
sS'gottah'
p3340
I89
sS',91016\n451180226551095296,meechellezmind,2014-04-02'
p3341
I89
sS'shy'
p3342
I88
sS'fooling'
p3343
I89
sS'"plah'
p3344
I89
sS'panther'
p3345
I89
sS'calling'
p3346
I86
sS'stuff'
p3347
I87
sS'she'
p3348
I54
sS'wish'
p3349
I80
sS'including'
p3350
I89
sS'view'
p3351
I89
sS'available'
p3352
I89
sS'btw'
p3353
I87
sS'qts'
p3354
I89
sS"shaunie's"
p3355
I89
sS'02:12:03.0,34.13986822,-118.01265098,4309.01,,91016\n485001955035471872,pancheio,2014-07-04'
p3356
I89
sS'hardwood'
p3357
I89
sS'frame'
p3358
I89
sS'we'
p3359
I33
sS'timeeee'
p3360
I89
sS'oomf'
p3361
I89
sS'buzzed'
p3362
I89
sS',91016\n398990878246592513,frickensiddoh,2013-11-09'
p3363
I89
sS'sleeping'
p3364
I89
sS'recently'
p3365
I89
sS'madi'
p3366
I89
sS'peterson'
p3367
I89
sS'hardship'
p3368
I89
sS'dlc'
p3369
I89
sS'closes'
p3370
I89
sS'braid'
p3371
I89
sS'computer'
p3372
I89
sS'cupcakes'
p3373
I89
sS'genius'
p3374
I89
sS'mayflower'
p3375
I87
sS'ralph'
p3376
I89
sS'yass'
p3377
I89
sS'favor'
p3378
I89
sS'state'
p3379
I86
sS'krispy'
p3380
I89
sS'viper'
p3381
I89
sS'closed'
p3382
I89
sS'horrible'
p3383
I89
sS'neither'
p3384
I89
sS'hippies'
p3385
I89
sS'pants'
p3386
I88
sS'shiite'
p3387
I89
sS'saddle'
p3388
I89
sS'cristiano'
p3389
I89
sS'janet'
p3390
I89
sS'amen'
p3391
I88
sS'moshpit'
p3392
I89
sS'courtyard'
p3393
I84
sS'job'
p3394
I75
sS'joe'
p3395
I88
sS'key'
p3396
I89
sS'kev'
p3397
I88
sS',91016\n488906212377784320,desidayy,2014-07-15'
p3398
I89
sS'hits'
p3399
I89
sS'instant'
p3400
I89
sS'joke'
p3401
I89
sS'taking'
p3402
I77
sS'powerless'
p3403
I89
sS'busted'
p3404
I89
sS'highland'
p3405
I83
sS'invites'
p3406
I89
sS'jersey'
p3407
I82
sS'otherwise'
p3408
I89
sS'teryn*'
p3409
I89
sS'lang'
p3410
I89
sS'cc'
p3411
I89
sS'tuesday'
p3412
I86
sS'makin'
p3413
I89
sS'walk'
p3414
I84
sS'betrayed'
p3415
I89
sS'laugh'
p3416
I87
sS'cousin'
p3417
I84
sS'table'
p3418
I84
sS'x_x'
p3419
I89
sS'quit'
p3420
I86
sS'nupid'
p3421
I89
sS'1422'
p3422
I89
sS'yay'
p3423
I82
sS'johnny'
p3424
I89
sS"it's"
p3425
I43
sS'*shakes'
p3426
I89
sS'apologize'
p3427
I89
sS'permanent'
p3428
I89
sS'bby'
p3429
I87
sS'kahlil'
p3430
I89
sS'copied'
p3431
I89
sS'louisiana'
p3432
I87
sS'bbq'
p3433
I86
sS'>'
p3434
I87
sS'hernandez'
p3435
I88
sS'w/my'
p3436
I89
sS'wanna'
p3437
I67
sS'league'
p3438
I89
sS'hmu'
p3439
I89
sS'kickers'
p3440
I88
sS'tje'
p3441
I89
sS'hmm'
p3442
I89
sS'finished'
p3443
I88
sS'-.-'
p3444
I89
sS'covered'
p3445
I89
sS'smoking'
p3446
I88
sS'brunch'
p3447
I89
sS'teryns'
p3448
I88
sS'present'
p3449
I88
sS'"that'
p3450
I89
sS'wood'
p3451
I89
sS'holiday'
p3452
I89
sS'coals'
p3453
I89
sS'aloe'
p3454
I89
sS'duhhh'
p3455
I89
sS'will'
p3456
I64
sS'monrovia'
p3457
I55
sS'bounds'
p3458
I89
sS'hahaha'
p3459
I79
sS'at'
p3460
I13
sS'uggh'
p3461
I89
sS'stuffing'
p3462
I89
sS'almost'
p3463
I85
sS'vape'
p3464
I88
sS'vs'
p3465
I87
sS'vu'
p3466
I89
sS'bleacher'
p3467
I89
sS'danggg'
p3468
I89
sS'ave'
p3469
I83
sS'uggs'
p3470
I88
sS'whore'
p3471
I89
sS'tattoo'
p3472
I87
sS'typed'
p3473
I89
sS'-___-'
p3474
I89
sS')'
p3475
I88
sS'these*'
p3476
I89
sS'cross'
p3477
I89
sS'eric'
p3478
I89
sS'when'
p3479
I40
sS'barela'
p3480
I89
sS'confusedsmh'
p3481
I89
sS'chirashi'
p3482
I89
sS'digging'
p3483
I89
sS'party'
p3484
I77
sS'gets'
p3485
I87
sS'paula'
p3486
I89
sS'killed'
p3487
I89
sS'ball'
p3488
I88
sS'pho'
p3489
I87
sS'slightly'
p3490
I89
sS'drink'
p3491
I87
sS'woodhead'
p3492
I89
sS'fucker'
p3493
I88
sS'beast'
p3494
I88
sS'coaches'
p3495
I89
sS'fucken'
p3496
I88
sS'fucked'
p3497
I87
sS'03:17:41.0,34.13966941,-118.01499732,4309.01,omg'
p3498
I89
sS'colts'
p3499
I88
sS'awwww'
p3500
I89
sS'pull'
p3501
I89
sS'//'
p3502
I89
sS'off'
p3503
I55
sS'center'
p3504
I88
sS'records'
p3505
I89
sS'i'
p3506
I2
sS'weapon'
p3507
I89
sS'phat'
p3508
I89
sS'well'
p3509
I76
sS'banging'
p3510
I89
sS'fighting'
p3511
I89
sS'6pm-9pm'
p3512
I89
sS'thought'
p3513
I81
sS'vet'
p3514
I89
sS'knotts'
p3515
I89
sS'oops'
p3516
I89
sS'english'
p3517
I89
sS'outgrow'
p3518
I89
sS'd:<'
p3519
I88
sS'latest'
p3520
I89
sS'taller'
p3521
I89
sS'stores'
p3522
I88
sS'less'
p3523
I87
sS'kevon'
p3524
I88
sS'offensive'
p3525
I89
sS"should've"
p3526
I89
sS'gun'
p3527
I89
sS'mistakes'
p3528
I88
sS'fishing'
p3529
I89
sS'lauren'
p3530
I87
sS'expensive...,91016\n459428504963010560,muybu3no,2014-04-24'
p3531
I89
sS'happiness'
p3532
I89
sS'taken'
p3533
I89
sS'(660'
p3534
I88
sS'nicky'
p3535
I89
sS'lemon'
p3536
I89
sS'field'
p3537
I89
sS'drunk'
p3538
I86
sS'wen'
p3539
I88
sS'capabilities'
p3540
I89
sS'bench'
p3541
I87
sS'wes'
p3542
I89
sS'add'
p3543
I89
sS'other'
p3544
I83
sS'attractive'
p3545
I88
sS'"balance'
p3546
I89
sS'wet'
p3547
I89
sS'chumis'
p3548
I83
sS'riverside'
p3549
I89
sS'teriyaki'
p3550
I88
sS'earthquakes'
p3551
I89
sS'homework'
p3552
I88
sS'raven'
p3553
I89
sS'bank'
p3554
I89
sS'pootch'
p3555
I89
sS'(global'
p3556
I89
sS'depends'
p3557
I85
sS'checking'
p3558
I89
sS'jltb'
p3559
I89
sS"who's"
p3560
I88
sS'whispers'
p3561
I89
sS'five'
p3562
I88
sS'know'
p3563
I43
sS'bartender'
p3564
I89
sS'sephora'
p3565
I89
sS'nvm'
p3566
I88
sS'pier'
p3567
I89
sS'7people'
p3568
I89
sS'trash'
p3569
I89
sS'necessary'
p3570
I88
sS'like'
p3571
I24
sS'lost'
p3572
I89
sS'4my'
p3573
I89
sS'heey'
p3574
I88
sS'sprinkling'
p3575
I89
sS'bonding'
p3576
I89
sS'garage'
p3577
I88
sS'payments'
p3578
I89
sS'lose'
p3579
I88
sS'become'
p3580
I87
sS'works'
p3581
I87
sS'soft'
p3582
I89
sS'mhs'
p3583
I88
sS'wonders'
p3584
I89
sS'nigga'
p3585
I82
sS'ballon'
p3586
I89
sS'sequence'
p3587
I89
sS'twitter'
p3588
I86
sS'23:24:39.0,34.14035596,-118.01224242,4309.01,aww'
p3589
I89
sS'alive'
p3590
I89
sS'haim'
p3591
I89
sS'hair'
p3592
I75
sS'homo'
p3593
I89
sS'shes'
p3594
I89
sS"why'd"
p3595
I89
sS'proper'
p3596
I89
sS'home'
p3597
I61
sS'peter'
p3598
I89
sS'march'
p3599
I89
sS'happens'
p3600
I88
sS'monday'
p3601
I89
sS'lead'
p3602
I88
sS'literally'
p3603
I83
sS'shoegaze'
p3604
I89
sS'\xee\x90\x82\xee\x84\xa3\xee\x84\x86'
p3605
I89
sS'grinding'
p3606
I89
sS"rubio's"
p3607
I87
sS'does'
p3608
I81
sS'happend'
p3609
I89
sS'suspense'
p3610
I89
sS'patiently'
p3611
I89
sS'stormtropper'
p3612
I89
sS'moonwalk\xe2\x80\x9d'
p3613
I89
sS'noise'
p3614
I88
sS'applebe'
p3615
I89
sS"amittai's"
p3616
I89
sS'\xee\x90\x96you'
p3617
I89
sS'desserts'
p3618
I89
sS'23:57:20.0,34.13958256,-118.00991203,4309.01,spirit'
p3619
I89
sS'...,91016\n388989645448413184,daddyden_hooper,2013-10-12'
p3620
I89
sS'amy'
p3621
I89
sS'haha.,91016\n459115157541490689,frickensiddoh,2014-04-23'
p3622
I89
sS'hiding'
p3623
I86
sS'lifeee'
p3624
I89
sS'sister'
p3625
I84
sS'sprouts)'
p3626
I89
sS'justin'
p3627
I88
sS'getting'
p3628
I68
sS'universe'
p3629
I88
sS'spilled'
p3630
I89
sS'angeles'
p3631
I85
sS'carries'
p3632
I89
sS'swear'
p3633
I80
sS'rule'
p3634
I89
sS'more."'
p3635
I89
sS'h8'
p3636
I89
sS'panera'
p3637
I81
sS'errands'
p3638
I89
sS'socks'
p3639
I87
sS'grill\xe2\x80\xa6'
p3640
I89
sS'fundraiser'
p3641
I89
sS'weather'
p3642
I87
sS'female'
p3643
I89
sS'additions'
p3644
I89
sS'ha,91016\n233442421038542849,desidayy,2012-08-09'
p3645
I89
sS'pointless'
p3646
I89
sS'(the'
p3647
I89
sS'wack'
p3648
I89
sS'nuke'
p3649
I89
sS'networking'
p3650
I87
sS'prospects'
p3651
I89
sS'*'
p3652
I87
sS'sleepover'
p3653
I89
sS'1988'
p3654
I89
sS'kidding'
p3655
I88
sS'meeep'
p3656
I89
sS'burning'
p3657
I89
sS'bees'
p3658
I89
sS'inner'
p3659
I89
sS'cutie!"'
p3660
I89
sS'biggest'
p3661
I89
sS'daniela'
p3662
I88
sS'shredder'
p3663
I89
sS'besch'
p3664
I89
sS'going?!,91016\n457691276373008385,frickensiddoh,2014-04-20'
p3665
I89
sS'buy'
p3666
I86
sS"i've"
p3667
I75
sS'bus'
p3668
I85
sS'bitches'
p3669
I87
sS'but'
p3670
I28
sS'hated'
p3671
I89
sS'hi'
p3672
I86
sS'gain'
p3673
I88
sS'might'
p3674
I89
sS'kathia'
p3675
I86
sS'hc'
p3676
I88
sS'ha'
p3677
I80
sS'eat'
p3678
I76
sS'bud'
p3679
I89
sS'he'
p3680
I55
sS'count'
p3681
I86
sS'plah"'
p3682
I89
sS'made'
p3683
I72
sS'places'
p3684
I86
sS'campus'
p3685
I89
sS'marshalls)'
p3686
I88
sS'hosting'
p3687
I89
sS'06:07:10.0,34.137529,-118.0107876,4309.01,jello'
p3688
I89
sS'(621'
p3689
I89
sS'\xe2\x9c\xa8'
p3690
I89
sS'record'
p3691
I89
sS'work.,91016\n433727447985446913,frickensiddoh,2014-02-12'
p3692
I89
sS'dms'
p3693
I88
sS'woke'
p3694
I88
sS'pumped'
p3695
I89
sS'cake'
p3696
I88
sS'problem'
p3697
I89
sS'\xc2\xbf'
p3698
I89
sS'minutes'
p3699
I83
sS'3-5'
p3700
I89
sS'me\xe2\x9c\x8b'
p3701
I89
sS'skating'
p3702
I89
sS'ifhy'
p3703
I89
sS'replying'
p3704
I89
sS'friend*'
p3705
I89
sS'pic'
p3706
I82
sS'kisses'
p3707
I89
sS'semi-'
p3708
I89
sS'shoooo'
p3709
I89
sS'nsync'
p3710
I89
sS'goodness'
p3711
I88
sS'helllooooo'
p3712
I89
sS"fuck'n"
p3713
I89
sS'education'
p3714
I88
sS'ew'
p3715
I88
sS'diego'
p3716
I88
sS'spell'
p3717
I89
sS'300th'
p3718
I89
sS'incredible'
p3719
I88
sS'46'
p3720
I89
sS'eastern'
p3721
I89
sS'oak'
p3722
I88
sS'40'
p3723
I88
sS'lately'
p3724
I88
sS'\xe2\x9b\x85\xef\xb8\x8f'
p3725
I89
sS'book'
p3726
I85
sS'bool'
p3727
I89
sS'sick'
p3728
I88
sS'62.13'
p3729
I89
sS'7/11'
p3730
I89
sS'mass'
p3731
I89
sS'incredibly'
p3732
I88
sS'teryn'
p3733
I88
sS'hahhaa'
p3734
I89
sS'francisco'
p3735
I89
sS'star'
p3736
I89
sS'toys"r"us'
p3737
I85
sS'restroom,91016\n501431462500241408,muybu3no,2014-08-18'
p3738
I89
sS'worker'
p3739
I89
sS'class'
p3740
I84
sS'june'
p3741
I88
sS'stay'
p3742
I82
sS'dex'
p3743
I89
sS'chance'
p3744
I88
sS'kinda'
p3745
I87
sS'badass'
p3746
I89
sS'm.c'
p3747
I89
sS'friends'
p3748
I68
sS'yell'
p3749
I87
sS'goin'
p3750
I88
sS'\xe2\x80\x94'
p3751
I88
sS',91016\n398612581977321473,frickensiddoh,2013-11-08'
p3752
I89
sS'5143'
p3753
I89
sS'portion'
p3754
I89
sS'situations'
p3755
I89
sS'huh\xef\xbc\x9f'
p3756
I89
sS'understand'
p3757
I87
sS'petsmart'
p3758
I87
sS'tairen'
p3759
I89
s.