(dp0
S''
p1
I2
sS'raining'
p2
I46
sS'monte'
p3
I37
sS'sleep'
p4
I39
sS'asian'
p5
I46
sS'hate'
p6
I35
sS'feeding'
p7
I46
sS'allll'
p8
I46
sS'tweet'
p9
I45
sS'igual'
p10
I46
sS'tickle'
p11
I46
sS'sorry'
p12
I45
sS'sizeee'
p13
I46
sS'callin'
p14
I46
sS'rise'
p15
I45
sS'every'
p16
I42
sS'stabbed'
p17
I46
sS'school'
p18
I43
sS'bestfriend'
p19
I46
sS'daydream'
p20
I46
sS'lunch/early'
p21
I46
sS'clothes'
p22
I45
sS'tired'
p23
I35
sS'phones'
p24
I45
sS'second'
p25
I45
sS'others)'
p26
I46
sS'shining'
p27
I46
sS'even'
p28
I36
sS'christ'
p29
I46
sS'+'
p30
I46
sS'fingers'
p31
I45
sS'new'
p32
I43
sS'ever'
p33
I44
sS'told'
p34
I43
sS'kicked'
p35
I46
sS'never'
p36
I38
sS'here'
p37
I42
sS'10%'
p38
I46
sS'met'
p39
I45
sS'kids'
p40
I46
sS'daughter'
p41
I46
sS'hideously'
p42
I46
sS'itunes'
p43
I46
sS"i'd"
p44
I46
sS"i'm"
p45
I12
sS'eyebrows'
p46
I45
sS'hours.\xe2\x80\x9d'
p47
I46
sS'feelings'
p48
I46
sS'bro'
p49
I44
sS'hahahahah'
p50
I46
sS'total'
p51
I45
sS'would'
p52
I43
sS'sweater'
p53
I46
sS'armo'
p54
I46
sS'music'
p55
I45
sS'calm'
p56
I46
sS'type'
p57
I46
sS'tell'
p58
I44
sS'abusing'
p59
I46
sS'holy'
p60
I46
sS'baddies'
p61
I46
sS'haha'
p62
I35
sS'wars'
p63
I46
sS'hurt'
p64
I41
sS'phone'
p65
I46
sS'hold'
p66
I46
sS'must'
p67
I44
sS'me'
p68
I7
sS'locked'
p69
I46
sS'room'
p70
I44
sS'work'
p71
I43
sS'mi'
p72
I41
sS'mj'
p73
I46
sS'movies'
p74
I46
sS'my'
p75
I3
sS'shook'
p76
I46
sS'vodka'
p77
I46
sS'wana'
p78
I45
sS'give'
p79
I40
sS'laughs'
p80
I46
sS'homie'
p81
I44
sS'want'
p82
I29
sS'keep'
p83
I41
sS'end'
p84
I45
sS'recovery'
p85
I46
sS'how'
p86
I36
sS'hot'
p87
I42
sS'hop'
p88
I46
sS'answer'
p89
I46
sS'yum'
p90
I45
sS'beach'
p91
I46
sS'horror'
p92
I46
sS'mess'
p93
I45
sS'after'
p94
I42
sS'wrong'
p95
I45
sS'jumping'
p96
I46
sS'arco'
p97
I42
sS'types'
p98
I46
sS'las'
p99
I46
sS'horchata'
p100
I45
sS'anymore'
p101
I42
sS'wins'
p102
I46
sS'green'
p103
I46
sS'suerte'
p104
I46
sS'keeps'
p105
I46
sS'over'
p106
I38
sS'fam'
p107
I46
sS'migos'
p108
I46
sS'banged'
p109
I46
sS'mayor'
p110
I41
sS'before'
p111
I43
sS'ima'
p112
I46
sS'fit'
p113
I45
sS'personal'
p114
I46
sS'fix'
p115
I45
sS'denver'
p116
I46
sS'writing'
p117
I46
sS'better'
p118
I42
sS'then'
p119
I42
sS'them'
p120
I42
sS'break'
p121
I46
sS'they'
p122
I30
sS'pjs'
p123
I46
sS'netherlands'
p124
I46
sS'victory'
p125
I46
sS'went'
p126
I45
sS'bong'
p127
I46
sS'mean'
p128
I43
sS'interruption'
p129
I46
sS'forgot'
p130
I45
sS'saturday'
p131
I46
sS'rt'
p132
I42
sS'gon'
p133
I46
sS'driving'
p134
I45
sS'sluts'
p135
I46
sS'god'
p136
I40
sS'washed'
p137
I46
sS'laid'
p138
I46
sS'remorse'
p139
I46
sS'ihop'
p140
I46
sS'got'
p141
I34
sS'rn'
p142
I38
sS"you're"
p143
I39
sS'free'
p144
I45
sS'appointments'
p145
I46
sS'rain'
p146
I46
sS'wanted'
p147
I46
sS'ate'
p148
I46
sS'days'
p149
I43
sS'shittin'
p150
I46
sS'already'
p151
I40
sS'hateeee'
p152
I46
sS'>>'
p153
I46
sS'hearing'
p154
I46
sS'bonita'
p155
I45
sS'lego'
p156
I46
sS'girls'
p157
I45
sS'approximately'
p158
I46
sS'1%%%'
p159
I46
sS'too'
p160
I40
sS'legs'
p161
I46
sS'listen'
p162
I44
sS'gym'
p163
I45
sS'took'
p164
I45
sS'*thinks'
p165
I46
sS'likely'
p166
I46
sS'project'
p167
I46
sS'matter'
p168
I46
sS'classes'
p169
I46
sS'feeling'
p170
I43
sS'esta'
p171
I46
sS'ran'
p172
I46
sS'mind'
p173
I46
sS'talking'
p174
I45
sS'seen'
p175
I44
sS"berlyn's"
p176
I46
sS'-'
p177
I45
sS'fashooo'
p178
I46
sS'defiantly'
p179
I46
sS'shall'
p180
I44
sS'tostilocos'
p181
I46
sS'germany'
p182
I46
sS'flow'
p183
I46
sS'freeway'
p184
I46
sS'doy'
p185
I43
sS'aunt'
p186
I46
sS'pointy'
p187
I46
sS'came'
p188
I45
sS'eyed'
p189
I46
sS'saying'
p190
I45
sS'bomb'
p191
I46
sS'queen'
p192
I45
sS'colors'
p193
I46
sS'enjoyed'
p194
I46
sS'touches'
p195
I46
sS'busy'
p196
I46
sS'explain'
p197
I46
sS'disgust'
p198
I46
sS'adequate'
p199
I46
sS'do'
p200
I28
sS'dm'
p201
I46
sS'mulan'
p202
I46
sS'de'
p203
I46
sS'watch'
p204
I45
sS'da'
p205
I46
sS'pocket'
p206
I46
sS'wedding'
p207
I46
sS'peyton'
p208
I45
sS'twice'
p209
I46
sS'bad'
p210
I42
sS'bae'
p211
I43
sS'ears'
p212
I46
sS'w/'
p213
I44
sS'goodnight'
p214
I46
sS'cabron'
p215
I46
sS'best'
p216
I43
sS'k.o'
p217
I46
sS'said'
p218
I43
sS'away'
p219
I44
sS'bien'
p220
I46
sS'score'
p221
I46
sS'finger'
p222
I46
sS'hopefully'
p223
I42
sS'we'
p224
I34
sS'omg'
p225
I45
sS'volar'
p226
I46
sS'nayeli'
p227
I46
sS'wtf'
p228
I42
sS'cousin'
p229
I46
sS'\xe2\x9d\xa4\xef\xb8\x8f'
p230
I46
sS'adventures'
p231
I46
sS'against'
p232
I46
sS'una'
p233
I45
sS'asked'
p234
I46
sS'con'
p235
I46
sS'had'
p236
I39
sS'tons'
p237
I45
sS'loaded'
p238
I46
sS'*14'
p239
I46
sS'bitch!i'
p240
I46
sS'headlights'
p241
I46
sS'bathroom'
p242
I46
sS'asks'
p243
I46
sS'ooooh'
p244
I46
sS'been'
p245
I36
sS'beer'
p246
I46
sS'much'
p247
I37
sS'puta'
p248
I46
sS'expected'
p249
I46
sS'lovely'
p250
I45
sS'questioned'
p251
I46
sS'life'
p252
I37
sS'pista'
p253
I46
sS'catch'
p254
I46
sS'haters'
p255
I46
sS'chill'
p256
I46
sS'exception'
p257
I46
sS'has'
p258
I45
sS'tank'
p259
I46
sS'n'
p260
I45
sS'ugly'
p261
I46
sS'near'
p262
I46
sS'suppose'
p263
I44
sS'mexico'
p264
I46
sS'is'
p265
I10
sS'sushi'
p266
I46
sS'it'
p267
I11
sS'cant'
p268
I45
sS'im'
p269
I41
sS'in'
p270
I12
sS'if'
p271
I37
sS'yassssss'
p272
I46
sS'things'
p273
I43
sS'make'
p274
I43
sS'boomboom'
p275
I46
sS'hahah'
p276
I45
sS'ella'
p277
I46
sS'hang'
p278
I46
sS'")'
p279
I46
sS'evil'
p280
I46
sS'hand'
p281
I46
sS'thoughts'
p282
I46
sS'kid'
p283
I46
sS'charlie'
p284
I46
sS'youre'
p285
I46
sS'tho'
p286
I45
sS'mother'
p287
I46
sS'the'
p288
I4
sS'left'
p289
I44
sS'just'
p290
I18
sS'toque'
p291
I46
sS'yea'
p292
I46
sS'sleepy'
p293
I39
sS'farther'
p294
I46
sS'yes'
p295
I43
sS'rushing'
p296
I46
sS'josh'
p297
I42
sS'entera'
p298
I46
sS'shout'
p299
I45
sS'save'
p300
I46
sS'possible'
p301
I45
sS'dissin'
p302
I46
sS'dreams'
p303
I45
sS'brought'
p304
I46
sS'-_-'
p305
I45
sS'unnecessary'
p306
I46
sS'night'
p307
I42
sS'5%'
p308
I46
sS'amor'
p309
I45
sS'right'
p310
I39
sS'old'
p311
I42
sS'deal'
p312
I46
sS'people'
p313
I36
sS'50'
p314
I46
sS"nothing's"
p315
I46
sS'perfected'
p316
I46
sS'for'
p317
I17
sS'/'
p318
I45
sS'everything'
p319
I43
sS'trunks'
p320
I46
sS'beating'
p321
I46
sS'taggers'
p322
I46
sS'who'
p323
I40
sS'deleted'
p324
I46
sS'fak:('
p325
I46
sS'predicting'
p326
I46
sS'hsm'
p327
I46
sS'super'
p328
I43
sS"something's"
p329
I46
sS'o'
p330
I46
sS'dinner'
p331
I46
sS'afternoon'
p332
I46
sS'automatically'
p333
I46
sS'float'
p334
I46
sS'soo'
p335
I43
sS'"you\'re"'
p336
I46
sS'down'
p337
I39
sS'soy'
p338
I45
sS'>>>>'
p339
I46
sS'class'
p340
I45
sS'way'
p341
I41
sS'jane'
p342
I46
sS'was'
p343
I27
sS'war'
p344
I46
sS'happy'
p345
I43
sS'fork'
p346
I46
sS'head'
p347
I46
sS'form'
p348
I46
sS'funnnnn'
p349
I46
sS'sickest'
p350
I46
sS'berf'
p351
I46
sS'hear'
p352
I44
sS'true'
p353
I46
sS'layin'
p354
I46
sS'until'
p355
I45
sS'proud'
p356
I46
sS'drive'
p357
I46
sS'15%'
p358
I45
sS'annoying'
p359
I45
sS'shit'
p360
I30
sS'dying'
p361
I46
sS'no'
p362
I29
sS'glacier'
p363
I46
sS'when'
p364
I20
sS'whem'
p365
I46
sS'role'
p366
I45
sS'test'
p367
I46
sS'holly'
p368
I46
sS'tia'
p369
I45
sS'picture'
p370
I46
sS'brothers'
p371
I46
sS'phoenix'
p372
I46
sS'update'
p373
I46
sS'fell'
p374
I46
sS'weekend'
p375
I46
sS'jones'
p376
I46
sS'longer'
p377
I46
sS'glass'
p378
I46
sS'together'
p379
I43
sS'time'
p380
I34
sS'serious'
p381
I46
sS'managed'
p382
I46
sS':)'
p383
I46
sS'hangovers'
p384
I46
sS'milf'
p385
I46
sS'ice'
p386
I46
sS'milk'
p387
I46
sS'demer'
p388
I46
sS'off*'
p389
I46
sS'finally'
p390
I43
sS'brown'
p391
I46
sS':d'
p392
I46
sS'brownie'
p393
I46
sS'choice'
p394
I46
sS'vegas'
p395
I46
sS'cook'
p396
I46
sS'gnarly'
p397
I46
sS'did'
p398
I43
sS'die'
p399
I43
sS'brother'
p400
I41
sS'leave'
p401
I45
sS'team'
p402
I45
sS'quick'
p403
I45
sS'guy'
p404
I45
sS'yall'
p405
I46
sS'dis'
p406
I46
sS'shave'
p407
I45
sS'says'
p408
I43
sS'regret'
p409
I46
sS'"these'
p410
I46
sS'irritated'
p411
I46
sS'peele'
p412
I46
sS'goes'
p413
I44
sS'reply'
p414
I46
sS'freaky'
p415
I46
sS'burn'
p416
I46
sS'funeral'
p417
I46
sS'makeup'
p418
I46
sS'bitches"'
p419
I46
sS'understanding'
p420
I46
sS'water'
p421
I46
sS'downloaded'
p422
I46
sS'snack'
p423
I46
sS'witch'
p424
I46
sS'alone'
p425
I44
sS'along'
p426
I46
sS'change'
p427
I46
sS'wait'
p428
I44
sS'boy'
p429
I46
sS'yessss'
p430
I46
sS'boi'
p431
I45
sS'usually'
p432
I46
sS'weird'
p433
I42
sS'bruised'
p434
I46
sS'love'
p435
I31
sS'fake'
p436
I45
sS'crime'
p437
I46
sS'everybody'
p438
I46
sS'aye'
p439
I46
sS'>:('
p440
I46
sS'pero'
p441
I46
sS'live'
p442
I42
sS'memory'
p443
I46
sS'today'
p444
I30
sS'ooh'
p445
I46
sS'9099690434'
p446
I46
sS'virtud'
p447
I46
sS'effort'
p448
I45
sS'fly'
p449
I45
sS'niggas'
p450
I45
sS'car'
p451
I45
sS'soul'
p452
I46
sS'hardest'
p453
I46
sS'can'
p454
I31
sS'believed'
p455
I46
sS'yoshinoya'
p456
I46
sS'heart'
p457
I44
sS'crazy'
p458
I42
sS'figure'
p459
I46
sS'uruguay'
p460
I46
sS'december'
p461
I46
sS'awesome'
p462
I46
sS"didn't"
p463
I46
sS'fuck'
p464
I29
sS'heard'
p465
I46
sS'finna'
p466
I45
sS'watching'
p467
I46
sS'sudden'
p468
I46
sS'1'
p469
I46
sS'till'
p470
I46
sS'sunday'
p471
I46
sS'fourth'
p472
I46
sS'dope'
p473
I41
sS'spot'
p474
I46
sS'birthday'
p475
I46
sS'mad'
p476
I43
sS'date'
p477
I45
sS'such'
p478
I41
sS'suck'
p479
I45
sS'guys'
p480
I46
sS'mal'
p481
I46
sS'man'
p482
I43
sS'remember'
p483
I44
sS'maybe'
p484
I44
sS'rollin'
p485
I46
sS'so'
p486
I6
sS'meerkat'
p487
I44
sS'sm'
p488
I46
sS'african'
p489
I46
sS'dilema'
p490
I46
sS'se'
p491
I44
sS'cute'
p492
I43
sS'sweatin'
p493
I46
sS'satanist'
p494
I45
sS'shoes'
p495
I44
sS'meerkatjosh'
p496
I46
sS'"pulls'
p497
I46
sS'course'
p498
I46
sS'cold'
p499
I44
sS'still'
p500
I40
sS'worship'
p501
I46
sS'berlynnie'
p502
I46
sS'group'
p503
I46
sS'thank'
p504
I45
sS'acknowledge'
p505
I46
sS'reacting'
p506
I46
sS'whole'
p507
I46
sS'happened'
p508
I46
sS'boomin'
p509
I46
sS'moms'
p510
I46
sS'lunch'
p511
I46
sS'conquer'
p512
I46
sS'not'
p513
I24
sS'now'
p514
I27
sS'bullshit'
p515
I45
sS'nor'
p516
I46
sS'name'
p517
I45
sS'fuckk!!o_o'
p518
I46
sS'el'
p519
I40
sS'en'
p520
I46
sS'fling?&'
p521
I46
sS'year'
p522
I45
sS'ft'
p523
I46
sS'girl'
p524
I44
sS'worried'
p525
I46
sS'mothafuckerrr'
p526
I46
sS'jackson'
p527
I44
sS'thirst'
p528
I46
sS'looking'
p529
I46
sS'seriously'
p530
I45
sS'evriteim'
p531
I46
sS'internet'
p532
I46
sS'correct'
p533
I46
sS'smfh'
p534
I46
sS'lag'
p535
I46
sS'complicated'
p536
I45
sS'care'
p537
I46
sS'underwear'
p538
I46
sS'gusta'
p539
I46
sS'language'
p540
I45
sS'yup'
p541
I46
sS'100%'
p542
I46
sS'thing'
p543
I45
sS'place'
p544
I45
sS'footwear'
p545
I46
sS'think'
p546
I37
sS'first'
p547
I45
sS'softball'
p548
I46
sS'xd'
p549
I46
sS'one'
p550
I36
sS'fast'
p551
I45
sS'spanish'
p552
I46
sS'sounds'
p553
I46
sS'open'
p554
I46
sS'tomorrow'
p555
I33
sS'little'
p556
I40
sS'quality'
p557
I46
sS'caught'
p558
I46
sS'slept'
p559
I46
sS'2'
p560
I40
sS'white'
p561
I46
sS'thas'
p562
I46
sS'eyes'
p563
I40
sS'hug'
p564
I45
sS'that'
p565
I16
sS'lengthier'
p566
I46
sS'flowers'
p567
I45
sS'than'
p568
I44
sS"here's"
p569
I46
sS'10'
p570
I46
sS'12'
p571
I46
sS'lmao'
p572
I42
sS'i\xe2\x80\x99ll'
p573
I46
sS'gotta'
p574
I46
sS'r'
p575
I44
sS'were'
p576
I44
sS'and'
p577
I9
sS'san'
p578
I46
sS'yaaaaaasss'
p579
I46
sS'sad'
p580
I44
sS'say'
p581
I42
sS'geekin'
p582
I46
sS'breakfast'
p583
I45
sS'saw'
p584
I45
sS'any'
p585
I45
sS'sat'
p586
I46
sS'mocha*'
p587
I46
sS'squad'
p588
I46
sS'take'
p589
I44
sS'objective'
p590
I46
sS'destroy'
p591
I46
sS'blunt'
p592
I46
sS'pimple'
p593
I46
sS'channel'
p594
I46
sS'begin'
p595
I46
sS'pain'
p596
I44
sS'normal'
p597
I45
sS'price'
p598
I46
sS'knew'
p599
I46
sS'20%'
p600
I46
sS'america'
p601
I46
sS'michelle'
p602
I45
sS'forever'
p603
I41
sS'especially'
p604
I46
sS'later'
p605
I46
sS'hungry'
p606
I44
sS'mrs'
p607
I46
sS"alejandro's"
p608
I46
sS'(el'
p609
I39
sS'shot'
p610
I46
sS'show'
p611
I46
sS'lotus'
p612
I46
sS'estoy'
p613
I46
sS'shoe'
p614
I45
sS'corner'
p615
I46
sS'aint'
p616
I44
sS'slow'
p617
I45
sS'title'
p618
I46
sS'3'
p619
I42
sS'either'
p620
I45
sS'only'
p621
I42
sS'going'
p622
I34
sS'get'
p623
I20
sS'diamonds'
p624
I46
sS'mission'
p625
I46
sS'cannot'
p626
I46
sS'dehydrating'
p627
I46
sS'andale'
p628
I46
sS'pimp'
p629
I46
sS'morning'
p630
I44
sS'stupid'
p631
I45
sS'worries'
p632
I46
sS'where'
p633
I45
sS'inside'
p634
I43
sS"y'all"
p635
I46
sS'violated'
p636
I46
sS'asleep'
p637
I44
sS'anyways'
p638
I46
sS'hoes'
p639
I45
sS'surgery'
p640
I45
sS'wonder'
p641
I46
sS'nnoooooooooo'
p642
I46
sS'teeno'
p643
I46
sS'outside'
p644
I45
sS'between'
p645
I46
sS'teens'
p646
I46
sS'bummed'
p647
I46
sS'notice'
p648
I46
sS'screen'
p649
I46
sS'killing'
p650
I45
sS'hurts'
p651
I43
sS'come'
p652
I43
sS'concentrated'
p653
I46
sS'many'
p654
I44
sS'quien'
p655
I46
sS'backpack'
p656
I46
sS'comes'
p657
I46
sS'jk'
p658
I45
sS'por'
p659
I45
sS'period'
p660
I46
sS'pop'
p661
I44
sS"couldn't"
p662
I46
sS'comprehend'
p663
I46
sS'cramps'
p664
I43
sS'oliver'
p665
I46
sS'jerks'
p666
I46
sS'mars'
p667
I46
sS'sesh'
p668
I46
sS'hardly'
p669
I46
sS'mary'
p670
I46
sS'wants'
p671
I42
sS'shopping'
p672
I45
sS'offered'
p673
I46
sS'rubi'
p674
I45
sS'wake'
p675
I43
sS'irrelevant'
p676
I46
sS'those'
p677
I46
sS'case'
p678
I46
sS'myself'
p679
I45
sS'these'
p680
I40
sS'worshiping'
p681
I46
sS'nothingness'
p682
I46
sS'once\xe2\x80\x9d'
p683
I46
sS'vest'
p684
I46
sS"reply's"
p685
I46
sS'sleeping'
p686
I45
sS'pinky'
p687
I45
sS'someone'
p688
I46
sS'everyday'
p689
I44
sS'worry'
p690
I45
sS'different'
p691
I43
sS'doctor'
p692
I46
sS'same'
p693
I44
sS'food'
p694
I44
sS'pad'
p695
I46
sS'reminder'
p696
I46
sS'week'
p697
I45
sS'finish'
p698
I46
sS'barefoot'
p699
I46
sS'weed'
p700
I46
sS'running'
p701
I44
sS'fruit'
p702
I46
sS'totally'
p703
I39
sS'mentally'
p704
I46
sS'down.\xe2\x80\x9d'
p705
I46
sS'burrito'
p706
I46
sS'traps'
p707
I46
sS'without'
p708
I46
sS"can't"
p709
I35
sS'bottle'
p710
I46
sS'very'
p711
I46
sS'model'
p712
I45
sS'summer'
p713
I45
sS'(x'
p714
I46
sS'\xe2\x98\xba\xef\xb8\x8f'
p715
I42
sS'being'
p716
I43
sS"dm'd"
p717
I46
sS'actions'
p718
I46
sS'kill'
p719
I46
sS'touch'
p720
I46
sS'"hi"'
p721
I46
sS'speed'
p722
I46
sS'death'
p723
I46
sS'clueless'
p724
I46
sS'rose'
p725
I46
sS'seems'
p726
I46
sS'except'
p727
I46
sS'it\xe2\x80\x99s'
p728
I46
sS'swim'
p729
I46
sS'starving'
p730
I45
sS'around'
p731
I45
sS'jeans'
p732
I44
sS'dealing'
p733
I46
sS'gonna'
p734
I39
sS'dark'
p735
I46
sS'seahawks'
p736
I46
sS'listening'
p737
I46
sS'world'
p738
I42
sS'lady'
p739
I44
sS'moe'
p740
I46
sS'christina'
p741
I46
sS'whatchu'
p742
I46
sS'adams'
p743
I46
sS'nissan'
p744
I46
sS'laughing'
p745
I46
sS'grub'
p746
I46
sS'doll'
p747
I46
sS'erase'
p748
I46
sS'gross'
p749
I46
sS'mood'
p750
I46
sS'enamorada'
p751
I46
sS'power'
p752
I45
sS'lmfao'
p753
I46
sS'nails'
p754
I43
sS'resurrection'
p755
I46
sS';)'
p756
I45
sS'exciting'
p757
I46
sS'throw'
p758
I45
sS'on'
p759
I14
sS'ok'
p760
I44
sS'oh'
p761
I45
sS'of'
p762
I15
sS'favorite'
p763
I46
sS'tumor'
p764
I46
sS'neighbor'
p765
I46
sS'act'
p766
I46
sS'luck'
p767
I46
sS'or'
p768
I36
sS'burning'
p769
I46
sS'snapchat'
p770
I46
sS'dreaming'
p771
I46
sS'your'
p772
I34
sS'her'
p773
I39
sS'area'
p774
I46
sS'there'
p775
I45
sS'lol'
p776
I28
sS'start'
p777
I46
sS'lot'
p778
I45
sS'dislocated'
p779
I46
sS'complete'
p780
I46
sS'enough'
p781
I43
sS'burrr'
p782
I45
sS'jut'
p783
I46
sS'multitasking'
p784
I46
sS'trying'
p785
I45
sS'with'
p786
I19
sS'yayo'
p787
I46
sS"they're"
p788
I46
sS"wasn't"
p789
I45
sS'dirty'
p790
I45
sS'gone'
p791
I44
sS'videos'
p792
I46
sS'af'
p793
I44
sS'exhausted'
p794
I45
sS'ah'
p795
I45
sS'gonn'
p796
I46
sS'am'
p797
I42
sS'al'
p798
I46
sS'deep'
p799
I46
sS'an'
p800
I43
sS'as'
p801
I32
sS'at'
p802
I25
sS'aw'
p803
I41
sS'ay'
p804
I46
sS'again'
p805
I43
sS'hasnt'
p806
I46
sS'deserve'
p807
I46
sS'okay\xe2\x9d\xa4\xef\xb8\x8f'
p808
I46
sS'tight'
p809
I46
sS'5'
p810
I46
sS'besos'
p811
I46
sS'"goodbye'
p812
I46
sS'you'
p813
I8
sS'poop'
p814
I46
sS'a+'
p815
I46
sS'diablo'
p816
I46
sS'chris'
p817
I46
sS'pool'
p818
I46
sS'building'
p819
I46
sS'waived'
p820
I46
sS"life's"
p821
I46
sS'smooch'
p822
I46
sS'u'
p823
I35
sS'smirk'
p824
I46
sS'alright'
p825
I46
sS'starting'
p826
I46
sS'all'
p827
I30
sS'~.~'
p828
I46
sS'everyones'
p829
I46
sS'hmmm'
p830
I45
sS'asada'
p831
I46
sS'griffin'
p832
I46
sS'tu'
p833
I45
sS'thursday'
p834
I46
sS'to'
p835
I3
sS'ti'
p836
I45
sS'smile'
p837
I46
sS'te'
p838
I42
sS'tb'
p839
I46
sS'paying'
p840
I46
sS'song'
p841
I46
sS'far'
p842
I46
sS'fap'
p843
I46
sS'puffy'
p844
I45
sS'fav'
p845
I46
sS'fat'
p846
I45
sS'simpsons'
p847
I45
sS'worst'
p848
I46
sS'fall'
p849
I45
sS'difference'
p850
I45
sS'fuckkkk'
p851
I46
sS'hoes"'
p852
I46
sS'trippin'
p853
I46
sS'sentimental'
p854
I46
sS'hooking'
p855
I46
sS'-meerkat'
p856
I46
sS"i'll"
p857
I45
sS'ten'
p858
I46
sS'past'
p859
I46
sS'pass'
p860
I46
sS'what'
p861
I32
sS'richard'
p862
I46
sS'fucks'
p863
I46
sS'fuckn'
p864
I45
sS'full'
p865
I45
sS'hahaha'
p866
I46
sS'hours'
p867
I44
sS"boi's"
p868
I46
sS'amount'
p869
I46
sS'followed'
p870
I46
sS'family'
p871
I46
sS'put'
p872
I44
sS'dangg'
p873
I46
sS'toys'
p874
I46
sS'emoji'
p875
I45
sS'takes'
p876
I46
sS'donuts'
p877
I46
sS'destination'
p878
I46
sS'two'
p879
I43
sS'thasss'
p880
I46
sS'6'
p881
I46
sS'shits'
p882
I46
sS'more'
p883
I39
sS'tryna'
p884
I45
sS'door'
p885
I46
sS'mira'
p886
I46
sS'motorsports'
p887
I46
sS"ain't"
p888
I46
sS'broke'
p889
I46
sS'glad'
p890
I46
sS'none'
p891
I45
sS'sucks'
p892
I45
sS'malo'
p893
I46
sS'mall'
p894
I46
sS'sentra'
p895
I46
sS'dem'
p896
I46
sS'v'
p897
I46
sS'def'
p898
I46
sS'pony'
p899
I46
sS'bucks'
p900
I46
sS'dress'
p901
I46
sS'needs'
p902
I46
sS'rather'
p903
I45
sS'it.\xe2\x80\x9dmarry'
p904
I46
sS'breaking'
p905
I46
sS'needa'
p906
I46
sS'feetsies'
p907
I46
sS'okay'
p908
I45
sS'tried'
p909
I45
sS'coming'
p910
I44
sS'capitalize'
p911
I46
sS'a'
p912
I5
sS'short'
p913
I46
sS'loud'
p914
I46
sS'shady'
p915
I46
sS'eats'
p916
I46
sS'anytime'
p917
I46
sS'pleasure'
p918
I46
sS'dream'
p919
I44
sS'playing'
p920
I46
sS"that's"
p921
I42
sS'replied'
p922
I46
sS"don't"
p923
I20
sS'(10610'
p924
I46
sS'sooo'
p925
I45
sS'soon'
p926
I43
sS'disabled'
p927
I46
sS'isnt'
p928
I46
sS'through'
p929
I46
sS'hell'
p930
I45
sS'clarinet'
p931
I46
sS'its'
p932
I42
sS'24'
p933
I46
sS'pray'
p934
I46
sS'actually'
p935
I46
sS'late'
p936
I42
sS'>>>'
p937
I46
sS'bout'
p938
I44
sS'soccer'
p939
I45
sS'might'
p940
I45
sS'hurting'
p941
I45
sS'good'
p942
I36
sS'somebody'
p943
I46
sS'yo'
p944
I40
sS'ya'
p945
I44
sS'bruuuhh'
p946
I46
sS'hahahahahaha'
p947
I46
sS'foot'
p948
I44
sS'desperately'
p949
I46
sS'everytime'
p950
I44
sS'always'
p951
I42
sS'suprise'
p952
I46
sS'drake'
p953
I46
sS'tear'
p954
I46
sS'turns'
p955
I46
sS'1am'
p956
I46
sS"isn't"
p957
I44
sS'heavy'
p958
I45
sS'everyone'
p959
I45
sS'england'
p960
I45
sS'house'
p961
I40
sS'hard'
p962
I46
sS'expect'
p963
I45
sS'beyond'
p964
I44
sS'really'
p965
I41
sS'gus'
p966
I46
sS'flower'
p967
I46
sS'miss'
p968
I44
sS'since'
p969
I46
sS'garvey'
p970
I44
sS'7'
p971
I46
sS'ass'
p972
I46
sS'jeannefosheezy'
p973
I46
sS'friday'
p974
I45
sS'adivina'
p975
I46
sS'reason'
p976
I46
sS'disneyland'
p977
I46
sS'ask'
p978
I43
sS'cheering'
p979
I46
sS'w'
p980
I46
sS'dejo'
p981
I46
sS'dont'
p982
I44
sS'feel'
p983
I37
sS'feet'
p984
I45
sS'fucked'
p985
I42
sS'done'
p986
I40
sS'loooooove'
p987
I46
sS'guuuuud'
p988
I46
sS'guess'
p989
I44
sS'least'
p990
I45
sS'paint'
p991
I46
sS'station'
p992
I44
sS'storm'
p993
I46
sS'sigh'
p994
I46
sS'mama'
p995
I46
sS'store'
p996
I45
sS'headache'
p997
I46
sS'relationship'
p998
I46
sS'park'
p999
I46
sS'dentist'
p1000
I44
sS'waking'
p1001
I46
sS'king'
p1002
I22
sS'skippa'
p1003
I46
sS'b'
p1004
I45
sS'gotten'
p1005
I45
sS'ousted'
p1006
I41
sS'outta'
p1007
I44
sS'gadets'
p1008
I46
sS'cleaned'
p1009
I46
sS'ditched'
p1010
I46
sS'sell'
p1011
I46
sS'thought'
p1012
I46
sS'nights'
p1013
I46
sS'lil'
p1014
I46
sS'self'
p1015
I44
sS'parece'
p1016
I46
sS'square'
p1017
I46
sS'finding'
p1018
I46
sS'sneakin'
p1019
I46
sS'ouchhhh'
p1020
I46
sS'play'
p1021
I44
sS'most'
p1022
I45
sS'experiences'
p1023
I46
sS'nothing'
p1024
I43
sS'grams'
p1025
I46
sS'sometimes'
p1026
I43
sS'kt'
p1027
I46
sS'ugh'
p1028
I43
sS'carne'
p1029
I46
sS'stfu'
p1030
I46
sS'find'
p1031
I44
sS'believe'
p1032
I45
sS'restaurant)'
p1033
I45
sS'idiots'
p1034
I46
sS'8'
p1035
I46
sS'hip'
p1036
I46
sS'his'
p1037
I44
sS'hit'
p1038
I45
sS'novelas'
p1039
I46
sS'remedy'
p1040
I46
sS'rest'
p1041
I45
sS'workouts'
p1042
I46
sS'him'
p1043
I43
sS'catches'
p1044
I46
sS'cry'
p1045
I45
sS'caramel'
p1046
I46
sS'double'
p1047
I46
sS'up\xe2\x80\x9dtold'
p1048
I46
sS'art'
p1049
I46
sS'amaaaazing'
p1050
I46
sS'kylie'
p1051
I46
sS'manning'
p1052
I45
sS'see'
p1053
I40
sS'are'
p1054
I32
sS'close'
p1055
I45
sS'acts'
p1056
I46
sS'spirits'
p1057
I46
sS'movie'
p1058
I46
sS'wow'
p1059
I46
sS'currently'
p1060
I44
sS'please'
p1061
I46
sS'probably'
p1062
I45
sS'burned'
p1063
I45
sS'knowing'
p1064
I46
sS'attention'
p1065
I46
sS'dickk'
p1066
I46
sS'both'
p1067
I46
sS'c'
p1068
I45
sS'restaurant'
p1069
I31
sS'boxers'
p1070
I46
sS'approve'
p1071
I46
sS'majesty'
p1072
I46
sS'drunk'
p1073
I46
sS'reasons'
p1074
I45
sS'sweet'
p1075
I45
sS'whatever'
p1076
I46
sS'likes'
p1077
I46
sS'throughout'
p1078
I46
sS'headaches'
p1079
I46
sS'duh'
p1080
I45
sS'due'
p1081
I46
sS'whom'
p1082
I46
sS'buisness'
p1083
I46
sS'damn'
p1084
I42
sS'brick'
p1085
I46
sS'whoa'
p1086
I46
sS'woke'
p1087
I44
sS'vans'
p1088
I46
sS'gay'
p1089
I46
sS'diablita'
p1090
I46
sS"what's"
p1091
I44
sS'gas'
p1092
I43
sS'nimodo'
p1093
I46
sS'else'
p1094
I46
sS'understand'
p1095
I46
sS'look'
p1096
I44
sS'straight'
p1097
I46
sS'missingguess'
p1098
I46
sS'while'
p1099
I45
sS'kick'
p1100
I46
sS'fun'
p1101
I45
sS'pack'
p1102
I46
sS'real'
p1103
I43
sS'rip'
p1104
I46
sS'ready'
p1105
I43
sS'funny'
p1106
I43
sS'qas'
p1107
I46
sS'used'
p1108
I44
sS'fatty'
p1109
I46
sS'yesterday'
p1110
I46
sS'moment'
p1111
I45
sS'arrived'
p1112
I46
sS'cleaning'
p1113
I46
sS'kno'
p1114
I46
sS'doreen'
p1115
I46
sS'grind'
p1116
I46
sS'person'
p1117
I44
sS'cheer'
p1118
I46
sS'y'
p1119
I42
sS'spend'
p1120
I46
sS'i\xe2\x80\x99m'
p1121
I46
sS'simp'
p1122
I46
sS'mom'
p1123
I33
sS'procrastinating'
p1124
I46
sS'cup'
p1125
I46
sS'parents'
p1126
I45
sS'dare'
p1127
I46
sS'crying'
p1128
I45
sS'hates'
p1129
I46
sS'big'
p1130
I46
sS'couple'
p1131
I45
sS'aggravating'
p1132
I46
sS'game'
p1133
I44
sS'feelingseverything'
p1134
I46
sS'angelita'
p1135
I46
sS'bit'
p1136
I45
sS'ivan'
p1137
I44
sS'often'
p1138
I46
sS'flippa'
p1139
I46
sS'fucking'
p1140
I45
sS'some'
p1141
I40
sS'back'
p1142
I39
sS'sight'
p1143
I46
sS'cleaners'
p1144
I46
sS'cocacola'
p1145
I46
sS't'
p1146
I45
sS'be'
p1147
I22
sS'bf'
p1148
I45
sS'bc'
p1149
I44
sS'remembered'
p1150
I46
sS'use'
p1151
I46
sS'negatives'
p1152
I46
sS'santa'
p1153
I46
sS'bs'
p1154
I46
sS'at&t'
p1155
I46
sS'raider'
p1156
I46
sS'by'
p1157
I43
sS'faith'
p1158
I46
sS'anything'
p1159
I42
sS'19-14'
p1160
I46
sS'disculparse'
p1161
I46
sS'idk'
p1162
I45
sS'wanna'
p1163
I42
sS'irenes'
p1164
I46
sS'seeing'
p1165
I46
sS'saka'
p1166
I46
sS'into'
p1167
I43
sS'recreate'
p1168
I46
sS'momma'
p1169
I45
sS'because'
p1170
I41
sS't\xc3\xba'
p1171
I46
sS'spending'
p1172
I46
sS'question'
p1173
I46
sS'ca)'
p1174
I39
sS'long'
p1175
I46
sS"we're"
p1176
I46
sS'boys'
p1177
I46
sS'fishy'
p1178
I44
sS'ceremonies'
p1179
I46
sS'patriot'
p1180
I46
sS'up'
p1181
I23
sS'us'
p1182
I45
sS'ur'
p1183
I45
sS"tomorrow's"
p1184
I46
sS'uh'
p1185
I46
sS'dile'
p1186
I46
sS'grr'
p1187
I46
sS'nah'
p1188
I46
sS'peace'
p1189
I45
sS'nap'
p1190
I46
sS'one:d'
p1191
I46
sS'nice'
p1192
I44
sS'papi'
p1193
I46
sS'prepared'
p1194
I46
sS'land'
p1195
I46
sS'e'
p1196
I46
sS'2005'
p1197
I46
sS"she's"
p1198
I44
sS'having'
p1199
I42
sS'once'
p1200
I45
sS'aguilera'
p1201
I46
sS'edc'
p1202
I45
sS'jason'
p1203
I45
sS'go'
p1204
I26
sS'young'
p1205
I46
sS'pongo'
p1206
I46
sS'does'
p1207
I44
sS'sent'
p1208
I46
sS'...have'
p1209
I46
sS'telling'
p1210
I45
sS'maad'
p1211
I46
sS'drinking'
p1212
I46
sS'buahaha'
p1213
I46
sS'michael'
p1214
I46
sS'try'
p1215
I45
sS'ride'
p1216
I45
sS'booty'
p1217
I45
sS'valla'
p1218
I45
sS'video'
p1219
I45
sS'giving'
p1220
I45
sS'expressed'
p1221
I46
sS'waiting'
p1222
I45
sS'dissapoint'
p1223
I46
sS'body'
p1224
I46
sS'ahahahahhahaa'
p1225
I46
sS'punch'
p1226
I46
sS'following'
p1227
I46
sS'let'
p1228
I41
sS'cuando'
p1229
I45
sS'bakersfield'
p1230
I46
sS'great'
p1231
I41
sS'metro'
p1232
I46
sS'leaving'
p1233
I46
sS'opinion'
p1234
I46
sS'makes'
p1235
I45
sS'thats'
p1236
I43
sS'named'
p1237
I46
sS'win'
p1238
I46
sS'standing'
p1239
I46
sS'confidence'
p1240
I45
sS'from'
p1241
I36
sS'usa'
p1242
I46
sS'&'
p1243
I30
sS'frog'
p1244
I46
sS'next'
p1245
I44
sS'stage'
p1246
I46
sS'babe'
p1247
I46
sS'thottiiiiesssss'
p1248
I46
sS'about'
p1249
I37
sS'baby'
p1250
I43
sS'women'
p1251
I46
sS'balls'
p1252
I45
sS'f'
p1253
I46
sS'this'
p1254
I13
sS'challenge'
p1255
I46
sS'something'
p1256
I37
sS'wonderful'
p1257
I46
sS'lame'
p1258
I46
sS'instead'
p1259
I46
sS'bandana'
p1260
I46
sS'intelligent'
p1261
I46
sS'sin'
p1262
I46
sS'stop'
p1263
I43
sS'await'
p1264
I46
sS'dominos'
p1265
I46
sS'taco'
p1266
I24
sS'cuddling'
p1267
I46
sS'gogo'
p1268
I46
sS'sexxx'
p1269
I46
sS'feels'
p1270
I43
sS'danny&chris'
p1271
I46
sS'honestly'
p1272
I45
sS'rmft'
p1273
I46
sS'*takes'
p1274
I46
sS'actaully'
p1275
I46
sS"won't"
p1276
I46
sS'looks'
p1277
I43
sS'blake'
p1278
I46
sS'le'
p1279
I44
sS'la'
p1280
I44
sS'lo'
p1281
I46
sS'winning'
p1282
I46
sS'world"'
p1283
I46
sS'choose'
p1284
I46
sS'puerta'
p1285
I46
sS'dad'
p1286
I40
sS'dab'
p1287
I46
sS'dam'
p1288
I46
sS'day'
p1289
I39
sS'damian'
p1290
I45
sS'doesnt'
p1291
I45
sS'rockets'
p1292
I46
sS'trap'
p1293
I46
sS'truth'
p1294
I46
sS'todavia'
p1295
I46
sS'beneath'
p1296
I45
sS'|'
p1297
I46
sS'glasses'
p1298
I46
sS'doing'
p1299
I45
sS'buena'
p1300
I46
sS'witness'
p1301
I46
sS'out'
p1302
I36
sS'hilarious'
p1303
I46
sS'muerre'
p1304
I46
sS'cause'
p1305
I45
sS'red'
p1306
I46
sS'jessica'
p1307
I46
sS'que'
p1308
I40
sS'weridest'
p1309
I46
sS'early'
p1310
I43
sS'craving'
p1311
I46
sS'could'
p1312
I40
sS'times'
p1313
I45
sS'anita'
p1314
I46
sS'bitch'
p1315
I41
sS'hehe'
p1316
I40
sS'braces'
p1317
I46
sS"doesn't"
p1318
I44
sS'14*'
p1319
I46
sS'their'
p1320
I46
sS'beard'
p1321
I46
sS'stomach'
p1322
I46
sS'shorts'
p1323
I46
sS'negro'
p1324
I46
sS'pidas'
p1325
I46
sS'grandpa'
p1326
I46
sS'herself'
p1327
I46
sS'closet'
p1328
I46
sS'whhhhhhat'
p1329
I46
sS'bother'
p1330
I46
sS'lovei'
p1331
I46
sS'bee'
p1332
I46
sS'arco)'
p1333
I46
sS'loves'
p1334
I46
sS'bet'
p1335
I46
sS'wakes'
p1336
I46
sS'comfortable'
p1337
I46
sS'tonight'
p1338
I45
sS'have'
p1339
I24
sS'need'
p1340
I34
sS'afraid'
p1341
I46
sS'min'
p1342
I45
sS"taco's"
p1343
I46
sS'which'
p1344
I46
sS'souled'
p1345
I46
sS'='
p1346
I46
sS';-)'
p1347
I46
sS'^^'
p1348
I46
sS'aww'
p1349
I46
sS'swollen'
p1350
I45
sS'hahaaaaa'
p1351
I46
sS'why'
p1352
I39
sS'saddest'
p1353
I46
sS'pulled'
p1354
I46
sS'face'
p1355
I42
sS"you'll"
p1356
I46
sS'skinny'
p1357
I46
sS'fact'
p1358
I44
sS'parker'
p1359
I45
sS'text'
p1360
I46
sS'fear'
p1361
I46
sS'seeee'
p1362
I46
sS'ha'
p1363
I44
sS'('
p1364
I46
sS'should'
p1365
I36
sS"there's"
p1366
I43
sS'satan'
p1367
I46
sS'combo'
p1368
I46
sS'hope'
p1369
I39
sS'means'
p1370
I45
sS'beat'
p1371
I46
sS'wooooow'
p1372
I46
sS'tbh'
p1373
I45
sS'bean'
p1374
I46
sS'ones'
p1375
I44
sS'routine'
p1376
I46
sS'stuff'
p1377
I45
sS'she'
p1378
I30
sS'grab'
p1379
I46
sS'motorcycle'
p1380
I46
sS'btw'
p1381
I46
sS'lazy'
p1382
I46
sS'luv'
p1383
I46
sS'mom&'
p1384
I46
sS'favor'
p1385
I46
sS'written'
p1386
I46
sS'bruno'
p1387
I46
sS'closed'
p1388
I46
sS'horrible'
p1389
I46
sS'kicking'
p1390
I46
sS'key'
p1391
I46
sS'ronda'
p1392
I46
sS'aqui'
p1393
I46
sS"he's"
p1394
I45
sS'\xe2\x9c\xa8the'
p1395
I46
sS'drug'
p1396
I46
sS'time\xe2\x80\xa6'
p1397
I46
sS'walk'
p1398
I43
sS'quit'
p1399
I46
sS"it's"
p1400
I32
sS'drank'
p1401
I46
sS'yaa'
p1402
I46
sS"it'd"
p1403
I46
sS'>'
p1404
I46
sS'mike'
p1405
I46
sS'togethers'
p1406
I46
sS'yocha'
p1407
I46
sS'hmm'
p1408
I45
sS'present'
p1409
I46
sS'tacooooo'
p1410
I46
sS'berlyn'
p1411
I45
sS'vanilla'
p1412
I46
sS'choices'
p1413
I46
sS'will'
p1414
I42
sS'(10420'
p1415
I46
sS'dude'
p1416
I46
sS'almost'
p1417
I45
sS'-____-'
p1418
I46
sS'tmrow'
p1419
I44
sS'ave'
p1420
I43
sS'strange'
p1421
I46
sS'party'
p1422
I44
sS'gets'
p1423
I44
sS'drink'
p1424
I46
sS'fucken'
p1425
I39
sS"goodmoanin'"
p1426
I46
sS'sisters'
p1427
I46
sS'off'
p1428
I46
sS'i'
p1429
I1
sS'peewee'
p1430
I46
sS'well'
p1431
I43
sS'welp'
p1432
I46
sS'fat"'
p1433
I46
sS'taller'
p1434
I46
sS'bananas'
p1435
I46
sS'"whoo'
p1436
I46
sS'clocks'
p1437
I46
sS'rooms'
p1438
I45
sS'skill'
p1439
I46
sS'\xee\x84\x86\xee\x84\x86\xee\x84\x86'
p1440
I46
sS'field'
p1441
I46
sS'vida'
p1442
I46
sS'guts'
p1443
I46
sS'homework'
p1444
I46
sS'know'
p1445
I33
sS'like'
p1446
I21
sS'lost'
p1447
I46
sS'become'
p1448
I46
sS'works'
p1449
I45
sS'wonders'
p1450
I46
sS'shed'
p1451
I46
sS'nigga'
p1452
I41
sS'scared'
p1453
I46
sS'alive'
p1454
I46
sS'hair'
p1455
I44
sS'shes'
p1456
I45
sS'home'
p1457
I33
sS'peter'
p1458
I45
sS'carlsbad'
p1459
I46
sS'happens'
p1460
I46
sS'literally'
p1461
I45
sS'deaky'
p1462
I46
sS'innnnn'
p1463
I46
sS'longway'
p1464
I46
sS'offset'
p1465
I46
sS'olds*'
p1466
I46
sS'hiding'
p1467
I46
sS'sister'
p1468
I44
sS'getting'
p1469
I42
sS'freedom'
p1470
I46
sS'twitchin'
p1471
I46
sS'h8'
p1472
I45
sS'own'
p1473
I42
sS'haha\xe2\x80\x9d'
p1474
I46
sS'weather'
p1475
I45
sS'mothefucker'
p1476
I46
sS'brownies'
p1477
I46
sS'kidding'
p1478
I46
sS'joaquin'
p1479
I46
sS'frustration'
p1480
I46
sS'gut'
p1481
I46
sS'jinx'
p1482
I46
sS'buy'
p1483
I43
sS'north'
p1484
I46
sS"i've"
p1485
I39
sS'coke'
p1486
I46
sS'bitches'
p1487
I45
sS'hw'
p1488
I36
sS'but'
p1489
I32
sS'reminds'
p1490
I46
sS'goals'
p1491
I45
sS'callingg'
p1492
I46
sS'ear'
p1493
I45
sS'eat'
p1494
I42
sS'he'
p1495
I33
sS'made'
p1496
I46
sS'wish'
p1497
I45
sS'cruel'
p1498
I45
sS'empty'
p1499
I46
sS'piece'
p1500
I44
sS'minutes'
p1501
I46
sS'jenny'
p1502
I46
sS'lenguaaaaaaa'
p1503
I46
sS'beats'
p1504
I46
sS'"so'
p1505
I46
sS'kissed'
p1506
I46
sS'ew'
p1507
I46
sS'jesse'
p1508
I46
sS'diego'
p1509
I46
sS'mall:('
p1510
I46
sS'40'
p1511
I46
sS'other'
p1512
I46
sS'sick'
p1513
I46
sS'l0ve'
p1514
I45
sS'talkin'
p1515
I45
sS'album'
p1516
I46
sS'star'
p1517
I46
sS'stay'
p1518
I46
sS'sedddddz'
p1519
I46
sS'sleeoy'
p1520
I46
sS'kinda'
p1521
I44
sS'friends'
p1522
I45
sS'christians'
p1523
I46
sS'monte)'
p1524
I45
s.