(dp0
S''
p1
I1
sS'raining'
p2
I55
sS'casta\xc3\xb1eda'
p3
I56
sS'd\xc3\xada'
p4
I56
sS'limited'
p5
I56
sS'monte'
p6
I30
sS"shit's"
p7
I56
sS'four'
p8
I56
sS'diamondbacks'
p9
I56
sS'sleep'
p10
I54
sS'asian'
p11
I56
sS"friend's"
p12
I56
sS'hanging'
p13
I56
sS'oldest'
p14
I56
sS'hate'
p15
I46
sS'pedro'
p16
I56
sS'buddy'
p17
I56
sS'otra'
p18
I56
sS'elite'
p19
I56
sS'8hr'
p20
I56
sS'bike'
p21
I56
sS'340'
p22
I56
sS'swap'
p23
I56
sS'under'
p24
I54
sS'sorry'
p25
I54
sS'worth'
p26
I53
sS'risk'
p27
I56
sS'cavaliers'
p28
I56
sS'regional'
p29
I49
sS'do?me'
p30
I56
sS'every'
p31
I51
sS'jack'
p32
I51
sS'confetti'
p33
I56
sS'bringing'
p34
I56
sS'party"'
p35
I56
sS'school'
p36
I47
sS'cumplea\xc3\xb1os'
p37
I56
sS'wednesday'
p38
I56
sS'*aunt'
p39
I56
sS"yesterday's"
p40
I56
sS'clothes'
p41
I56
sS'enjoy'
p42
I55
sS'tired'
p43
I53
sS'nail'
p44
I56
sS'second'
p45
I56
sS'street'
p46
I56
sS'chauuuuuuuuuu'
p47
I56
sS'7th'
p48
I56
sS'n'
p49
I55
sS'siblingshe'
p50
I56
sS'even'
p51
I47
sS'14:56:58.0,34.0383264,-118.0705237,4338.02,happy'
p52
I56
sS'christ'
p53
I56
sS'wreck'
p54
I56
sS'saved'
p55
I55
sS'+'
p56
I56
sS'saludos'
p57
I47
sS'new'
p58
I46
sS'emily'
p59
I56
sS'ever'
p60
I53
sS'told'
p61
I51
sS'mamas'
p62
I56
sS'kicked'
p63
I56
sS'reporter'
p64
I56
sS'never'
p65
I42
sS'here'
p66
I37
sS'\xe2\x9d\xa4\xef\xb8\x8f'
p67
I53
sS'feeding'
p68
I56
sS'studio'
p69
I56
sS'smokin'
p70
I56
sS'18:02:04.0,34.0404769,-118.0576091,4338.02,apparently'
p71
I56
sS'arroyo'
p72
I56
sS'kids'
p73
I56
sS'daughter'
p74
I55
sS'jams'
p75
I56
sS'k'
p76
I55
sS"i'd"
p77
I56
sS'smoke'
p78
I54
sS'que'
p79
I43
sS"i'm"
p80
I12
sS"someone's"
p81
I55
sS'changes'
p82
I56
sS'21:11:10.0,34.02845692,-118.06852718,4338.02,one'
p83
I56
sS'feelings'
p84
I56
sS'bro'
p85
I46
sS"niece's"
p86
I56
sS'bra'
p87
I56
sS'today,91733\n475780353378889729,_bootymonstaa_,2014-06-08'
p88
I56
sS'would'
p89
I47
sS'mexico'
p90
I56
sS'cali'
p91
I56
sS'asses'
p92
I56
sS'call'
p93
I54
sS'whittier'
p94
I46
sS'asistio'
p95
I56
sS'tell'
p96
I48
sS'holy'
p97
I56
sS'oscar'
p98
I56
sS'haha'
p99
I48
sS'underwear'
p100
I56
sS'hurt'
p101
I54
sS'phone'
p102
I52
sS'warm'
p103
I56
sS'destructo'
p104
I56
sS'excellent'
p105
I56
sS'hold'
p106
I54
sS'shoot'
p107
I56
sS'te'
p108
I56
sS'ma'
p109
I56
sS'room'
p110
I54
sS'work'
p111
I50
sS'mi'
p112
I51
sS'movies'
p113
I55
sS'era'
p114
I56
sS'mr'
p115
I56
sS'my'
p116
I5
sS'route'
p117
I56
sS'wana'
p118
I56
sS'give'
p119
I56
sS'goooo'
p120
I56
sS'honey'
p121
I56
sS'homie'
p122
I55
sS'want'
p123
I40
sS':-)'
p124
I56
sS'309'
p125
I56
sS'keep'
p126
I52
sS'montebello'
p127
I56
sS'cielo'
p128
I56
sS'end'
p129
I55
sS'thing'
p130
I53
sS'traen'
p131
I56
sS'how'
p132
I41
sS'amazing'
p133
I52
sS'rookie'
p134
I56
sS'answer'
p135
I56
sS'nombre'
p136
I56
sS'beach'
p137
I55
sS'lmao,91733\n496129996742615041,omgpigscanfly,2014-08-04'
p138
I56
sS'pizza'
p139
I55
sS'gaming'
p140
I56
sS'scion'
p141
I56
sS'beauty'
p142
I55
sS'ourspanish'
p143
I56
sS'after'
p144
I50
sS'krumping'
p145
I56
sS'wrong'
p146
I55
sS'lay'
p147
I56
sS'curiosity'
p148
I56
sS'salsa'
p149
I56
sS'las'
p150
I54
sS'selfies'
p151
I56
sS'horchata'
p152
I56
sS'danny'
p153
I56
sS'brother\xe2\x9d\xa4\xef\xb8\x8f'
p154
I56
sS'wins'
p155
I56
sS'appreciate'
p156
I56
sS'"'
p157
I56
sS'hasta'
p158
I56
sS'wink'
p159
I54
sS'funniest'
p160
I55
sS'south'
p161
I33
sS'tatted'
p162
I56
sS'make'
p163
I51
sS'operations'
p164
I56
sS'school)'
p165
I52
sS'infested'
p166
I56
sS'office'
p167
I56
sS'over'
p168
I42
sS'todaaaay'
p169
I56
sS'mayor'
p170
I52
sS'before'
p171
I51
sS'ima'
p172
I55
sS'barber?,91733\n503216729166999552,_funky_monkey,2014-08-23'
p173
I56
sS'rescheduled'
p174
I56
sS'somewhere'
p175
I56
sS'gente'
p176
I55
sS'recreational'
p177
I56
sS'baila'
p178
I56
sS'better'
p179
I47
sS'405'
p180
I56
sS'fig'
p181
I56
sS'imy'
p182
I56
sS'hidden'
p183
I56
sS'then'
p184
I45
sS'them'
p185
I46
sS'chupitos'
p186
I56
sS'weakness'
p187
I55
sS'workout'
p188
I55
sS'29th/cum'
p189
I56
sS"we'll"
p190
I56
sS'break'
p191
I56
sS'amonos'
p192
I56
sS'they'
p193
I38
sS'17:57:38.0,34.0404769,-118.0576091,4338.02,we'
p194
I56
sS'blink'
p195
I56
sS'alex'
p196
I56
sS'arrested'
p197
I56
sS'l'
p198
I56
sS'each'
p199
I55
sS'went'
p200
I51
sS'side'
p201
I54
sS'mean'
p202
I55
sS'17:17:41.0,34.0404121,-118.07035,4338.02,so'
p203
I56
sS"hasn't"
p204
I56
sS'celebrating'
p205
I56
sS'dawg'
p206
I56
sS"we'd"
p207
I56
sS'forgot'
p208
I52
sS'rt'
p209
I56
sS'driving'
p210
I52
sS'god'
p211
I53
sS'rd'
p212
I56
sS'ripping'
p213
I56
sS'smh'
p214
I55
sS'medicine'
p215
I56
sS'got'
p216
I39
sS'rn'
p217
I49
sS'foto'
p218
I56
sS'arizona'
p219
I56
sS'cutest'
p220
I56
sS"you're"
p221
I40
sS'free'
p222
I55
sS'ramos'
p223
I56
sS'favs'
p224
I56
sS'wanted'
p225
I55
sS'soundcloud'
p226
I56
sS'atf'
p227
I56
sS'dammit'
p228
I56
sS'ate'
p229
I56
sS'lakkkeee'
p230
I56
sS'sigan'
p231
I56
sS',91733\n431897950533324802,mendezzoso,2014-02-07'
p232
I56
sS'days'
p233
I52
sS'heck'
p234
I56
sS"today's"
p235
I56
sS'(at'
p236
I56
sS'already'
p237
I50
sS'>>'
p238
I54
sS'elmo'
p239
I56
sS'hoop'
p240
I56
sS'ily'
p241
I56
sS'her\xe2\x80\xa6'
p242
I56
sS'another'
p243
I56
sS'kino.,91733\n234059602503802880,ldmonteclaro,2012-08-10'
p244
I56
sS'hood'
p245
I56
sS'basketball'
p246
I54
sS'service'
p247
I53
sS'girls'
p248
I50
sS'tango'
p249
I56
sS'legg'
p250
I44
sS'needed'
p251
I56
sS'master'
p252
I56
sS'too'
p253
I41
sS'lol,91733\n503655624492998656,_funky_monkey,2014-08-24'
p254
I56
sS'legs'
p255
I55
sS'listen'
p256
I54
sS'murder'
p257
I56
sS'luncheon'
p258
I56
sS'2am'
p259
I56
sS'albert'
p260
I56
sS'took'
p261
I56
sS'brushed'
p262
I56
sS'past'
p263
I56
sS'target'
p264
I56
sS'fufu'
p265
I56
sS'hike'
p266
I56
sS'tree'
p267
I56
sS'trey'
p268
I56
sS'matter'
p269
I56
sS'minutes,91733\n467774120726650881,_funky_monkey,2014-05-17'
p270
I56
sS'classes'
p271
I56
sS'iron'
p272
I56
sS'feeling'
p273
I49
sS'este'
p274
I56
sS'rad'
p275
I55
sS'youre'
p276
I56
sS'pesado'
p277
I55
sS'mind'
p278
I56
sS'rav'
p279
I56
sS'talking'
p280
I56
sS'well*'
p281
I56
sS'seen'
p282
I54
sS'seek'
p283
I56
sS'tells'
p284
I56
sS'18:46:34.0,34.0404709,-118.057583,4338.02,remember'
p285
I56
sS'strength'
p286
I55
sS'shitlist'
p287
I56
sS'tiredddd'
p288
I56
sS'-'
p289
I47
sS'mcallen'
p290
I56
sS'niece'
p291
I56
sS'here,91733\n465505852330221568,_funky_monkey,2014-05-11'
p292
I56
sS'mom,91733\n465536059166965760,_funky_monkey,2014-05-11'
p293
I56
sS'loneliest'
p294
I56
sS'shiiiet'
p295
I56
sS'blue'
p296
I56
sS'nobody'
p297
I55
sS'though'
p298
I54
sS'nuevos'
p299
I55
sS'beretta'
p300
I56
sS'mouth'
p301
I55
sS'the'
p302
I3
sS'don'
p303
I56
sS'professor'
p304
I56
sS'camp'
p305
I54
sS'metal'
p306
I56
sS'dog'
p307
I54
sS'freeway'
p308
I55
sS'cambio'
p309
I56
sS'scorching'
p310
I56
sS'dos'
p311
I56
sS'lpe'
p312
I56
sS'ghettobabe,91733\n511338447403900928,loopslovee,2014-09-15'
p313
I56
sS'annoyed'
p314
I55
sS'came'
p315
I50
sS'saying'
p316
I56
sS'thanggg'
p317
I56
sS'tequila'
p318
I56
sS'piss'
p319
I56
sS'sweating'
p320
I56
sS'forsure'
p321
I56
sS'wetttttttttttttttt'
p322
I56
sS'radio'
p323
I55
sS'stepping'
p324
I56
sS'earth'
p325
I56
sS'busy'
p326
I56
sS'crossfit'
p327
I56
sS'understand\xe2\x80\x9d'
p328
I56
sS'cousins'
p329
I56
sS'life\xe2\x80\x9d'
p330
I56
sS'w.e'
p331
I56
sS'06:50:46.0,34.0385735,-118.0433693,4338.02,is'
p332
I56
sS'rich'
p333
I53
sS'announce'
p334
I56
sS'||'
p335
I55
sS'wearing'
p336
I55
sS'do'
p337
I32
sS'dj'
p338
I55
sS'hondo'
p339
I55
sS'loved'
p340
I56
sS'dg'
p341
I56
sS'de'
p342
I47
sS'watch'
p343
I55
sS'report'
p344
I56
sS'happiest'
p345
I56
sS'14'
p346
I54
sS'bar'
p347
I55
sS'greens'
p348
I56
sS'compulsive'
p349
I56
sS'officially'
p350
I56
sS'hello'
p351
I56
sS'bad'
p352
I52
sS'bae'
p353
I54
sS'fomie'
p354
I56
sS'shots'
p355
I56
sS'grilled'
p356
I56
sS'steak'
p357
I56
sS'waitingggggg'
p358
I56
sS'w/'
p359
I53
sS'lemonade'
p360
I56
sS'parol'
p361
I56
sS'bullshit'
p362
I56
sS'goodnight'
p363
I56
sS'fail'
p364
I56
sS'disturbing'
p365
I56
sS'activities'
p366
I56
sS'best'
p367
I47
sS'lancaster'
p368
I56
sS'said'
p369
I47
sS'temptation'
p370
I56
sS'away'
p371
I54
sS'muy'
p372
I55
sS'shaved'
p373
I56
sS'grandmother'
p374
I56
sS"there's"
p375
I52
sS'hopefully'
p376
I56
sS'pirate'
p377
I56
sS'360'
p378
I56
sS'indecisive'
p379
I56
sS'lazy'
p380
I56
sS'oomf'
p381
I54
sS'omg'
p382
I55
sS'loves'
p383
I56
sS'debe'
p384
I56
sS'fruits'
p385
I55
sS'se\xc3\xb1oron'
p386
I56
sS'nightmares'
p387
I56
sS'omw'
p388
I55
sS'wear'
p389
I56
sS'wtf'
p390
I51
sS'cousin'
p391
I52
sS'picking'
p392
I56
sS'tfti'
p393
I56
sS"you...you're"
p394
I56
sS'met'
p395
I56
sS'country'
p396
I55
sS'space'
p397
I56
sS'against'
p398
I56
sS'players'
p399
I56
sS'games'
p400
I55
sS'hypocrites'
p401
I56
sS'coo'
p402
I56
sS'preparar'
p403
I56
sS'pre'
p404
I56
sS'had'
p405
I52
sS"dancers'"
p406
I56
sS'2nd'
p407
I54
sS'tony'
p408
I56
sS'ana'
p409
I56
sS'bathroom'
p410
I56
sS'seein'
p411
I56
sS'puts'
p412
I56
sS'union'
p413
I55
sS'apreciamos'
p414
I56
sS'been'
p415
I38
sS'beer'
p416
I55
sS'much'
p417
I46
sS'hahahaah'
p418
I56
sS'basic'
p419
I56
sS'life'
p420
I36
sS'ano'
p421
I56
sS'easy'
p422
I55
sS'drugs'
p423
I56
sS'milfs'
p424
I56
sS'homies'
p425
I55
sS'chris-"where\'s'
p426
I56
sS'catch'
p427
I56
sS'worked'
p428
I56
sS"katie's"
p429
I56
sS'chill'
p430
I53
sS'gracias'
p431
I48
sS'air'
p432
I56
sS'ugly'
p433
I54
sS'near'
p434
I56
sS'monse'
p435
I56
sS'suppose'
p436
I56
sS'voice'
p437
I56
sS'leaves'
p438
I56
sS'chilling'
p439
I55
sS'have'
p440
I27
sS'amigosigualmente'
p441
I56
sS'is'
p442
I8
sS'sushi'
p443
I54
sS'it'
p444
I16
sS'iv'
p445
I56
sS'breastmilk'
p446
I56
sS'cant'
p447
I53
sS'im'
p448
I47
sS'in'
p449
I14
sS'id'
p450
I56
sS'if'
p451
I40
sS'memorial'
p452
I56
sS'bottles'
p453
I56
sS'nike'
p454
I56
sS'things'
p455
I52
sS'omarion'
p456
I56
sS'airport'
p457
I56
sS'hahah'
p458
I54
sS'fwy'
p459
I56
sS'social'
p460
I56
sS'hang'
p461
I54
sS'hand'
p462
I55
sS'aparecer'
p463
I56
sS'jealous'
p464
I54
sS'thoughts'
p465
I56
sS'kid'
p466
I51
sS'stupendous'
p467
I56
sS"mother's"
p468
I56
sS'03:22:15.0,34.0303813,-118.058305,4338.02,i'
p469
I56
sS'humble'
p470
I56
sS'festejamo'
p471
I56
sS'tho'
p472
I53
sS'burgers'
p473
I56
sS'tombstone'
p474
I56
sS'pandora'
p475
I56
sS'mother'
p476
I56
sS'nachos'
p477
I56
sS'dads'
p478
I56
sS'left'
p479
I53
sS'just'
p480
I20
sS'sentence'
p481
I56
sS'yea'
p482
I53
sS'photo'
p483
I56
sS'sporting'
p484
I56
sS'birmingham'
p485
I56
sS'thanks'
p486
I44
sS'yep'
p487
I56
sS'yes'
p488
I50
sS'yet'
p489
I56
sS'falten'
p490
I56
sS'hills'
p491
I55
sS'cherry'
p492
I56
sS'18:19:41.0,34.0364857,-118.04458478,4338.02,with'
p493
I56
sS'josh'
p494
I55
sS'shout'
p495
I53
sS'5k'
p496
I56
sS'has'
p497
I47
sS'hat'
p498
I55
sS'humanity'
p499
I56
sS'gave'
p500
I56
sS'felicitaciones'
p501
I56
sS'perfect<3'
p502
I56
sS'bands'
p503
I56
sS'boxes'
p504
I56
sS'sleep"'
p505
I56
sS'shakeys'
p506
I56
sS'gustan'
p507
I56
sS'banda'
p508
I54
sS'04:45:23.0,34.04114414,-118.04868946,4338.02,oh'
p509
I56
sS'dreams'
p510
I56
sS'dignity'
p511
I56
sS'gift'
p512
I55
sS'specific'
p513
I56
sS'ditty'
p514
I56
sS'now!!,91733\n473722794941759488,kevinw0lff_,2014-06-03'
p515
I56
sS'night'
p516
I48
sS'artrave'
p517
I56
sS'right'
p518
I43
sS'old'
p519
I53
sS'people'
p520
I46
sS'ustedes'
p521
I55
sS'"that\'s'
p522
I56
sS'septiembre'
p523
I56
sS'dead'
p524
I54
sS'born'
p525
I56
sS'donald'
p526
I56
sS'cleaaan'
p527
I56
sS'ever,91733\n502520431438733313,priscillaaramos,2014-08-21'
p528
I56
sS'montabello'
p529
I56
sS'for'
p530
I15
sS'ice'
p531
I53
sS'creative'
p532
I56
sS'16:57:00.0,34.0310534,-118.0675971,4338.02,bored'
p533
I56
sS'\xee\x81\x98'
p534
I56
sS'christmas'
p535
I51
sS"ol'"
p536
I56
sS'burn'
p537
I56
sS'plz'
p538
I56
sS'fuckiin'
p539
I56
sS'graduated'
p540
I56
sS'post'
p541
I56
sS'super'
p542
I52
sS'herpes'
p543
I56
sS'commin'
p544
I56
sS'cowboy'
p545
I56
sS'dyin'
p546
I56
sS'sepa'
p547
I56
sS'ribs'
p548
I56
sS'u__u'
p549
I56
sS'o'
p550
I51
sS'dinner'
p551
I56
sS'horizon'
p552
I56
sS'automatically'
p553
I56
sS'animo'
p554
I55
sS'gwadddd'
p555
I56
sS'raised'
p556
I56
sS'aha'
p557
I53
sS'twitcon'
p558
I56
sS'wasting'
p559
I56
sS'selfie'
p560
I55
sS'ahi'
p561
I56
sS'baterista'
p562
I56
sS'bound'
p563
I53
sS'soo'
p564
I55
sS'son'
p565
I55
sS'down'
p566
I42
sS'20:34:53.0,34.0390062,-118.0705498,4338.02,he'
p567
I56
sS'guardelos'
p568
I56
sS'birdies'
p569
I56
sS'beth'
p570
I56
sS'10-15$'
p571
I56
sS'heheh'
p572
I56
sS'wah'
p573
I55
sS'abrazo'
p574
I56
sS'why'
p575
I41
sS'stuck'
p576
I55
sS'way'
p577
I46
sS'goddamn'
p578
I56
sS'music'
p579
I56
sS'was'
p580
I26
sS'halls'
p581
I56
sS'happy'
p582
I48
sS'head'
p583
I54
sS'friend\xe2\x9d\xa4\xef\xb8\x8f'
p584
I56
sS'proudly'
p585
I56
sS'22%'
p586
I56
sS'fireworks'
p587
I56
sS'heat'
p588
I56
sS'hear'
p589
I56
sS'true'
p590
I56
sS'congratulations'
p591
I56
sS"else's"
p592
I56
sS'noz'
p593
I56
sS'until'
p594
I56
sS'whiskey'
p595
I56
sS'mmmmm'
p596
I56
sS'stages'
p597
I56
sS'proud'
p598
I53
sS'hotter'
p599
I56
sS'classic'
p600
I56
sS'tesla'
p601
I56
sS'sale'
p602
I55
sS'15"'
p603
I56
sS'juntos'
p604
I56
sS'annoying'
p605
I54
sS'trip'
p606
I54
sS'shit'
p607
I41
sS'dying'
p608
I55
sS'no'
p609
I28
sS'nb'
p610
I56
sS'when'
p611
I40
sS'reality'
p612
I55
sS'til'
p613
I56
sS'grabbing'
p614
I56
sS'pasadena'
p615
I54
sS'test'
p616
I56
sS'tie'
p617
I55
sS'smell'
p618
I56
sS'surprise'
p619
I56
sS'football'
p620
I55
sS'update'
p621
I54
sS"let's"
p622
I50
sS'10:03:35.0,34.03869701,-118.06352505,4338.02,josh'
p623
I56
sS"'murica"
p624
I56
sS'funerals'
p625
I56
sS'happening'
p626
I55
sS'potato'
p627
I56
sS'together'
p628
I55
sS"n'"
p629
I56
sS'loyal'
p630
I56
sS'yayayay'
p631
I56
sS'songz'
p632
I56
sS'time'
p633
I40
sS'garza'
p634
I56
sS'teamtenacity'
p635
I55
sS':/'
p636
I53
sS':('
p637
I55
sS':)'
p638
I45
sS'dance'
p639
I53
sS'story\xe2\x80\x9d'
p640
I56
sS'show'
p641
I54
sS'disgusting'
p642
I56
sS'finally'
p643
I52
sS'gigi'
p644
I56
sS'simmer'
p645
I56
sS'me'
p646
I10
sS':d'
p647
I54
sS'choice'
p648
I56
sS'vegas'
p649
I55
sS'word'
p650
I54
sS'minute'
p651
I56
sS'cool'
p652
I52
sS'clouds'
p653
I56
sS'=d'
p654
I56
sS'did'
p655
I48
sS'die'
p656
I54
sS'brother'
p657
I53
sS'turnt'
p658
I56
sS'ewomen'
p659
I56
sS'somos'
p660
I56
sS'damien'
p661
I56
sS'soooo'
p662
I56
sS'settle'
p663
I56
sS'team'
p664
I54
sS'quick'
p665
I56
sS'guy'
p666
I51
sS'"lose\xe2\x80\xa6'
p667
I56
sS'yall'
p668
I55
sS'"i\'ll'
p669
I56
sS'siga'
p670
I55
sS'says'
p671
I55
sS'regret'
p672
I56
sS'tougher'
p673
I56
sS'shirts'
p674
I56
sS'run'
p675
I54
sS'chicken'
p676
I53
sS'coahuila'
p677
I56
sS'dncn'
p678
I56
sS'19:59:32.0,34.0238703,-118.07080404,4338.02,happy'
p679
I56
sS'uniform'
p680
I56
sS'grandote'
p681
I56
sS'reunite'
p682
I56
sS'goes'
p683
I56
sS'reply'
p684
I56
sS'badge'
p685
I56
sS'satisfy'
p686
I55
sS'supporting'
p687
I56
sS'makeup'
p688
I56
sS'french'
p689
I56
sS'water'
p690
I56
sS'alone'
p691
I55
sS'along'
p692
I56
sS'teacher'
p693
I54
sS'hereeee'
p694
I56
sS'wait'
p695
I49
sS'boy'
p696
I51
sS'\xe2\x8c\x9b'
p697
I56
sS'shift'
p698
I56
sS'bruises'
p699
I56
sS'lakers'
p700
I56
sS'boo'
p701
I54
sS'hbu'
p702
I56
sS'weird'
p703
I56
sS'pillow'
p704
I56
sS'dick'
p705
I54
sS'love'
p706
I35
sS'hiking'
p707
I56
sS'what,91733\n467802435499483137,_funky_monkey,2014-05-17'
p708
I56
sS'elixir'
p709
I56
sS'losing'
p710
I56
sS'(peck'
p711
I55
sS'04:31:30.0,34.0389239,-118.0705965,4338.02,its'
p712
I56
sS'fake'
p713
I55
sS'ridaz'
p714
I56
sS'"my'
p715
I56
sS'mobil'
p716
I55
sS'monterrey'
p717
I56
sS'ayo'
p718
I56
sS'franco'
p719
I56
sS'working'
p720
I55
sS'lose'
p721
I56
sS'aye'
p722
I56
sS'positive'
p723
I56
sS'visit'
p724
I55
sS'tears'
p725
I56
sS'sports'
p726
I45
sS'live'
p727
I51
sS'wood'
p728
I56
sS'andy'
p729
I56
sS'ahhh'
p730
I56
sS'black'
p731
I55
sS'thru'
p732
I56
sS'rosemead'
p733
I54
sS'today'
p734
I29
sS'loving'
p735
I56
sS'sharing'
p736
I56
sS'club'
p737
I56
sS'ooo'
p738
I56
sS'oregon'
p739
I56
sS'sovine'
p740
I56
sS'cuanta'
p741
I56
sS'$71'
p742
I56
sS'everywhere'
p743
I55
sS'luvs'
p744
I56
sS'niggas'
p745
I56
sS'car'
p746
I51
sS'soup'
p747
I56
sS'hardest'
p748
I56
sS'can'
p749
I37
sS'cam'
p750
I56
sS'cal'
p751
I56
sS'making'
p752
I53
sS'trans'
p753
I56
sS'niggah'
p754
I56
sS"lovin'"
p755
I56
sS'heart'
p756
I52
sS'crazy'
p757
I56
sS'groupme'
p758
I56
sS'awesome'
p759
I56
sS'44-0'
p760
I55
sS"didn't"
p761
I54
sS'fuck'
p762
I40
sS'agent'
p763
I56
sS'dropped'
p764
I56
sS'chic'
p765
I56
sS'skated'
p766
I56
sS'productive'
p767
I56
sS'inheritance'
p768
I56
sS'freezer'
p769
I56
sS'viendo'
p770
I56
sS'1'
p771
I53
sS'till'
p772
I54
sS'sunday'
p773
I52
sS'fourth'
p774
I56
sS'swore'
p775
I56
sS'$100'
p776
I56
sS'staying'
p777
I56
sS'may'
p778
I53
sS"22:50:48.0,34.0386467,-118.070481,4338.02,i'm"
p779
I56
sS'blasting'
p780
I55
sS'birthday'
p781
I48
sS'mad'
p782
I54
sS'date'
p783
I55
sS'such'
p784
I54
sS'suck'
p785
I55
sS'guys'
p786
I54
sS'man'
p787
I44
sS'prob'
p788
I56
sS'natural'
p789
I55
sS'remember'
p790
I54
sS'whenever'
p791
I55
sS'maybe'
p792
I51
sS'hafffffffta'
p793
I56
sS'su'
p794
I53
sS'aburro'
p795
I56
sS'happened,91733\n467912968362278912,angel_h97,2014-05-18'
p796
I56
sS'si'
p797
I53
sS'so'
p798
I19
sS'sm'
p799
I56
sS'af!!,91733\n483017592676691968,_funky_monkey,2014-06-28'
p800
I56
sS'fireball'
p801
I56
sS'pulled'
p802
I56
sS'talk'
p803
I50
sS'typical'
p804
I56
sS'cute'
p805
I54
sS'a400'
p806
I56
sS'shoes'
p807
I54
sS'disclosure'
p808
I56
sS'haircut'
p809
I56
sS'years'
p810
I54
sS'ended'
p811
I56
sS'shake'
p812
I56
sS'cold'
p813
I52
sS'still'
p814
I45
sS'jock'
p815
I56
sS'apes'
p816
I56
sS'group'
p817
I56
sS'thank'
p818
I52
sS"he's"
p819
I54
sS'thang'
p820
I56
sS'tori'
p821
I56
sS'hot'
p822
I51
sS'coaching'
p823
I56
sS'hometown'
p824
I56
sS'happened'
p825
I56
sS'moms'
p826
I55
sS'lunch'
p827
I55
sS'safari'
p828
I54
sS'half'
p829
I56
sS'not'
p830
I31
sS'ferg-uson,91733\n473710454141747200,kevinw0lff_,2014-06-03'
p831
I56
sS'now'
p832
I40
sS'ahaha'
p833
I55
sS'hall'
p834
I56
sS'nor'
p835
I56
sS'alot?"'
p836
I56
sS'wont'
p837
I56
sS'name'
p838
I54
sS'commercialized'
p839
I56
sS'desde'
p840
I56
sS'hoy'
p841
I56
sS'concerts'
p842
I56
sS'em'
p843
I56
sS'el'
p844
I25
sS'busty'
p845
I56
sS'en'
p846
I49
sS'yeaa'
p847
I56
sS'lowkey'
p848
I56
sS'18:33:03.0,34.02909714,-118.06870576,4338.02,just'
p849
I56
sS'challenged'
p850
I56
sS'directing'
p851
I56
sS'yeah'
p852
I43
sS'goose'
p853
I56
sS'ex'
p854
I55
sS'year'
p855
I54
sS'ft'
p856
I56
sS'girl'
p857
I45
sS'es'
p858
I54
sS'tried'
p859
I56
sS'gonzalez'
p860
I56
sS'living'
p861
I56
sS'katia'
p862
I56
sS'"never'
p863
I56
sS'3rd'
p864
I56
sS'jokes'
p865
I56
sS'fu'
p866
I56
sS'avisar\xc3\xa9'
p867
I56
sS'looking'
p868
I53
sS'bday'
p869
I56
sS'seriously'
p870
I55
sS'miles'
p871
I56
sS'wrong,91733\n476390510852993025,_bootymonstaa_,2014-06-10'
p872
I56
sS'internet'
p873
I56
sS'shows'
p874
I56
sS'tiesto'
p875
I56
sS'dodgers'
p876
I53
sS'vosales'
p877
I56
sS"17:17:24.0,34.0404121,-118.07035,4338.02,i'm"
p878
I56
sS'california'
p879
I56
sS'marino'
p880
I56
sS'colinas'
p881
I56
sS'chavo'
p882
I56
sS'wi-fi'
p883
I56
sS'marine'
p884
I56
sS'card'
p885
I56
sS'care'
p886
I53
sS'training'
p887
I53
sS'trueee'
p888
I56
sS'100%'
p889
I55
sS'headphones'
p890
I56
sS'gusto'
p891
I56
sS'turn'
p892
I55
sS'massive'
p893
I56
sS'swing'
p894
I56
sS'routes'
p895
I56
sS'horas'
p896
I56
sS'think'
p897
I50
sS'first'
p898
I47
sS'cheese'
p899
I55
sS'hecharon'
p900
I56
sS'xd'
p901
I55
sS'one'
p902
I33
sS'ballmer'
p903
I56
sS'fast'
p904
I55
sS'conociendome'
p905
I56
sS'day\xe2\x80\xa6'
p906
I56
sS'open'
p907
I55
sS'tomorrow'
p908
I52
sS"'em"
p909
I53
sS'city'
p910
I53
sS'little'
p911
I46
sS'you,91733\n429899001131831296,kevinfmartinez,2014-02-02'
p912
I56
sS'18:03:50.0,34.03848,-118.0705292,4338.02,one'
p913
I56
sS'slept'
p914
I56
sS'anyone'
p915
I54
sS'fml'
p916
I56
sS'2'
p917
I47
sS'white'
p918
I56
sS'friend'
p919
I50
sS'eyes'
p920
I55
sS'hug'
p921
I56
sS'american"'
p922
I56
sS'that'
p923
I16
sS'pittsburgh'
p924
I56
sS'season'
p925
I54
sS'hun'
p926
I56
sS'suit'
p927
I56
sS'temprano'
p928
I56
sS'alas'
p929
I56
sS'://\xe2\x80\x9dsame'
p930
I56
sS'than'
p931
I50
sS"here's"
p932
I56
sS'boyfriend'
p933
I54
sS'15'
p934
I56
sS'lmao'
p935
I51
sS'gotta'
p936
I54
sS'approve'
p937
I56
sS'were'
p938
I49
sS'cards'
p939
I56
sS'counselor'
p940
I56
sS'sophia'
p941
I55
sS'and'
p942
I7
sS'san'
p943
I50
sS'premier'
p944
I56
sS'turned'
p945
I56
sS'argument'
p946
I56
sS'sad'
p947
I53
sS'say'
p948
I47
sS'anger'
p949
I56
sS'breakfast'
p950
I56
sS'saw'
p951
I50
sS'any'
p952
I54
sS'kevin'
p953
I56
sS'sat'
p954
I56
sS'estamos'
p955
I56
sS'answering'
p956
I56
sS'aside'
p957
I56
sS'note'
p958
I56
sS'omfg'
p959
I55
sS'take'
p960
I49
sS'wanting'
p961
I56
sS'23:24:10.0,34.0383665,-118.0418355,4338.02,gosh'
p962
I56
sS'tigers'
p963
I56
sS'begin'
p964
I56
sS'sure'
p965
I55
sS'pain'
p966
I56
sS'encargo'
p967
I56
sS'theatre'
p968
I56
sS'track'
p969
I55
sS'knew'
p970
I56
sS'paid'
p971
I55
sS'noirchattt'
p972
I56
sS'america'
p973
I56
sS'michelle'
p974
I56
sS'forever'
p975
I55
sS'especially'
p976
I56
sS'surprising'
p977
I56
sS'later'
p978
I55
sS'hungry'
p979
I55
sS'llevarle'
p980
I56
sS'careless'
p981
I56
sS'dammmn'
p982
I56
sS'(el'
p983
I56
sS'uncle'
p984
I56
sS'senior'
p985
I56
sS'abraham'
p986
I56
sS'laws'
p987
I56
sS'forever,91733\n476402514040868865,_bootymonstaa_,2014-06-10'
p988
I56
sS'walking'
p989
I55
sS'shot'
p990
I56
sS'foreals'
p991
I56
sS'morrissey'
p992
I56
sS'laurita'
p993
I56
sS'shoe'
p994
I56
sS'fifth'
p995
I56
sS'aint'
p996
I55
sS'\xe2\x9c\x8c'
p997
I56
sS'slow'
p998
I56
sS'titles\xc2\xa0-via'
p999
I56
sS'\xe2\x9c\x8b'
p1000
I56
sS'daily'
p1001
I56
sS'moments\xe2\x80\xa6'
p1002
I56
sS'saints'
p1003
I56
sS'only'
p1004
I49
sS'going'
p1005
I44
sS'lorenzo'
p1006
I56
sS":'d"
p1007
I56
sS'narrows'
p1008
I47
sS'toco'
p1009
I56
sS'get'
p1010
I31
sS'goodluck'
p1011
I55
sS"'tis"
p1012
I56
sS'mind"'
p1013
I56
sS'frontin'
p1014
I56
sS'lionhearted'
p1015
I56
sS'clans'
p1016
I56
sS'2mi'
p1017
I56
sS'freaking'
p1018
I56
sS"tita's"
p1019
I56
sS'artist'
p1020
I55
sS'caca'
p1021
I56
sS'wiener'
p1022
I56
sS'morning'
p1023
I49
sS'naked'
p1024
I55
sS":')"
p1025
I56
sS'stupid'
p1026
I54
sS'pants'
p1027
I55
sS'where'
p1028
I51
sS'husband'
p1029
I55
sS"y'all"
p1030
I55
sS'concert'
p1031
I56
sS'staff\xe2\x80\xa6'
p1032
I56
sS'all!!gun'
p1033
I56
sS'gangster'
p1034
I55
sS'lyfe'
p1035
I56
sS'asleep'
p1036
I55
sS'but...18'
p1037
I56
sS'parking'
p1038
I56
sS'norte\xc3\xb1oetc'
p1039
I56
sS'sport'
p1040
I54
sS'a$vp'
p1041
I56
sS'wonder'
p1042
I55
sS'magana,91733\n469126024605995008,jassyjaay,2014-05-21'
p1043
I56
sS'atenciones'
p1044
I56
sS'3'
p1045
I56
sS'estar'
p1046
I56
sS'between'
p1047
I56
sS'reading'
p1048
I55
sS'notice'
p1049
I56
sS'screen'
p1050
I56
sS'gay\xe2\x80\x9d'
p1051
I55
sS'killing'
p1052
I55
sS'blame'
p1053
I56
sS'thanksgivingso'
p1054
I56
sS'awards'
p1055
I56
sS'simpre'
p1056
I56
sS'hurts'
p1057
I55
sS'bandaconjuntogrupo'
p1058
I56
sS'come'
p1059
I43
sS'jc'
p1060
I56
sS'daddy'
p1061
I56
sS'elementary\xe2\x80\x9d'
p1062
I56
sS'summa'
p1063
I56
sS'jmskies'
p1064
I56
sS'many'
p1065
I53
sS'hermanas'
p1066
I56
sS'provecho'
p1067
I56
sS'restroom'
p1068
I54
sS's'
p1069
I56
sS'belia'
p1070
I56
sS"can't"
p1071
I50
sS'flirtationship'
p1072
I56
sS'cancer'
p1073
I56
sS'officer."daysi'
p1074
I56
sS'jk'
p1075
I56
sS'por'
p1076
I53
sS'spank'
p1077
I56
sS'nooooo'
p1078
I56
sS'60'
p1079
I54
sS'pole'
p1080
I56
sS"couldn't"
p1081
I56
sS'pongan'
p1082
I56
sS'boat'
p1083
I56
sS'"christmas"'
p1084
I56
sS'save'
p1085
I56
sS'doms'
p1086
I56
sS'cares'
p1087
I56
sS'ucla'
p1088
I56
sS'.,91733\n496089342075355136,purrkittykat_,2014-08-04'
p1089
I56
sS'showin'
p1090
I56
sS"clark's"
p1091
I56
sS'schoolboy'
p1092
I56
sS'wants'
p1093
I55
sS'cantada'
p1094
I56
sS'robben'
p1095
I56
sS"jordan's"
p1096
I56
sS'wake'
p1097
I50
sS'foggy'
p1098
I56
sS'evidence'
p1099
I56
sS'weeks'
p1100
I56
sS'those'
p1101
I49
sS'sound'
p1102
I56
sS'myself'
p1103
I51
sS'isabella'
p1104
I56
sS'these'
p1105
I49
sS'slumber'
p1106
I56
sS'cast'
p1107
I55
sS'ratchet'
p1108
I56
sS'2\xe2\x83\xa3'
p1109
I56
sS'invited'
p1110
I55
sS'coolest'
p1111
I56
sS'ive'
p1112
I54
sS'vest'
p1113
I56
sS'orientation'
p1114
I56
sS'coffee'
p1115
I56
sS'bros'
p1116
I55
sS'sleeping'
p1117
I56
sS'couples'
p1118
I56
sS'middle'
p1119
I54
sS'someone'
p1120
I54
sS'everyday'
p1121
I56
sS'different'
p1122
I56
sS'pat'
p1123
I56
sS'"guys'
p1124
I56
sS'thinkin'
p1125
I56
sS'reminded'
p1126
I56
sS'same'
p1127
I47
sS'food'
p1128
I56
sS'followers'
p1129
I55
sS'underestimate'
p1130
I56
sS'buys'
p1131
I56
sS'day..\xe2\x80\xa6'
p1132
I56
sS'week'
p1133
I54
sS'extended'
p1134
I56
sS'nest'
p1135
I56
sS'cheers'
p1136
I56
sS'clippers'
p1137
I56
sS'favorites'
p1138
I56
sS'totally'
p1139
I56
sS'weave'
p1140
I56
sS'\xe2\x9c\x8c\xef\xb8\x8f'
p1141
I56
sS'igualmente'
p1142
I55
sS'breezy'
p1143
I56
sS'without'
p1144
I56
sS'pupusas'
p1145
I56
sS'comes'
p1146
I56
sS'21'
p1147
I56
sS'model'
p1148
I56
sS'bumping'
p1149
I55
sS'commercials'
p1150
I56
sS'bodies'
p1151
I56
sS'summer'
p1152
I47
sS'\xe2\x98\xba\xef\xb8\x8f'
p1153
I54
sS'210'
p1154
I56
sS'being'
p1155
I45
sS'money'
p1156
I54
sS'armour'
p1157
I56
sS'rest'
p1158
I55
sS'tobe'
p1159
I56
sS'kill'
p1160
I52
sS'wifey'
p1161
I56
sS'simplemente'
p1162
I56
sS',91733\n481902500404932611,_bootymonstaa_,2014-06-25'
p1163
I56
sS'can\xe2\x80\xa6'
p1164
I56
sS'announcement'
p1165
I56
sS'dipped'
p1166
I56
sS'thinking'
p1167
I53
sS"we've"
p1168
I56
sS'15:01:15.0,34.0383264,-118.0705237,4338.02,basically'
p1169
I56
sS'canciones'
p1170
I56
sS'me,91733\n465193857483673600,_funky_monkey,2014-05-10'
p1171
I56
sS'blog'
p1172
I56
sS'kimberly'
p1173
I56
sS'9:30'
p1174
I56
sS'4'
p1175
I53
sS"schoolboy's"
p1176
I56
sS'halftime'
p1177
I56
sS'real'
p1178
I51
sS'around'
p1179
I52
sS'amo'
p1180
I55
sS'hve'
p1181
I56
sS'gonna'
p1182
I48
sS'dark'
p1183
I56
sS'14:21:12.0,34.0386796,-118.0513841,4338.02,ayyyy,91733\n476402567157514240,_bootymonstaa_,2014-06-10'
p1184
I56
sS'traffic'
p1185
I52
sS'pop'
p1186
I56
sS'\xe2\x9d\xa4'
p1187
I55
sS'gnna'
p1188
I56
sS'world'
p1189
I55
sS'rebecca'
p1190
I55
sS'adams'
p1191
I56
sS'stranger'
p1192
I56
sS'clays'
p1193
I45
sS'audience'
p1194
I56
sS'mode"'
p1195
I56
sS'either'
p1196
I56
sS'clay'
p1197
I55
sS'beverly'
p1198
I56
sS'morena'
p1199
I56
sS'02:33:58.0,34.03875886,-118.06132874,4338.02,my'
p1200
I56
sS'presentaci\xc3\xb3n'
p1201
I56
sS'competition'
p1202
I56
sS'chuck'
p1203
I56
sS'playin'
p1204
I56
sS'thinks'
p1205
I55
sS'mood'
p1206
I56
sS'recorded'
p1207
I56
sS'dies'
p1208
I56
sS'06:28:47.0,34.0385735,-118.0433693,4338.02,my'
p1209
I56
sS'nuggets'
p1210
I56
sS'welcome'
p1211
I54
sS'saludo'
p1212
I56
sS'skeet'
p1213
I54
sS'asap'
p1214
I55
sS'cab"'
p1215
I56
sS'papa'
p1216
I56
sS'fitness'
p1217
I56
sS'sprung'
p1218
I56
sS'throwback'
p1219
I55
sS'down,91733\n473712702506815489,kevinw0lff_,2014-06-03'
p1220
I56
sS';)'
p1221
I55
sS';('
p1222
I55
sS'af,91733\n465506932154187776,_funky_monkey,2014-05-11'
p1223
I56
sS'oo'
p1224
I56
sS'on'
p1225
I16
sS'sra'
p1226
I56
sS'ok'
p1227
I53
sS'package'
p1228
I55
sS'of'
p1229
I9
sS'drunk&blacked'
p1230
I56
sS'favorite'
p1231
I55
sS'meal'
p1232
I55
sS'fell'
p1233
I55
sS"06:21:59.0,34.04106835,-118.04852231,4338.02,everyone's"
p1234
I56
sS'luck'
p1235
I56
sS'titos'
p1236
I56
sS'or'
p1237
I38
sS'road'
p1238
I56
sS'undervalue'
p1239
I56
sS'snapchat'
p1240
I56
sS'mas'
p1241
I56
sS'strip'
p1242
I56
sS'your'
p1243
I34
sS'trabajar'
p1244
I56
sS'*breaking'
p1245
I56
sS"how's"
p1246
I56
sS'her'
p1247
I49
sS'area'
p1248
I54
sS'weekend'
p1249
I50
sS'there'
p1250
I37
sS'vh1'
p1251
I56
sS'hey'
p1252
I54
sS'lol'
p1253
I17
sS'start'
p1254
I53
sS'low'
p1255
I56
sS'lot'
p1256
I55
sS'working?,91733\n473718414939152384,kevinw0lff_,2014-06-03'
p1257
I56
sS'todav\xc3\xada'
p1258
I56
sS'slopes'
p1259
I56
sS'yah'
p1260
I56
sS'dormir'
p1261
I56
sS'complete'
p1262
I56
sS'\xc3\xa1ngeles'
p1263
I56
sS'remix'
p1264
I56
sS'burrr'
p1265
I56
sS'jus'
p1266
I55
sS'texted'
p1267
I56
sS'with'
p1268
I17
sS'buying'
p1269
I56
sS'cheated'
p1270
I56
sS'pull'
p1271
I55
sS'sears'
p1272
I56
sS"wasn't"
p1273
I56
sS'dennys!!,91733\n235267094848090112,ldmonteclaro,2012-08-14'
p1274
I56
sS'freddy'
p1275
I56
sS'preside'
p1276
I56
sS'"it\'s'
p1277
I56
sS'dirty'
p1278
I56
sS'swaggy'
p1279
I56
sS'toilet'
p1280
I56
sS'ohh'
p1281
I56
sS'af'
p1282
I53
sS'moved'
p1283
I56
sS'al'
p1284
I54
sS'deep'
p1285
I56
sS'an'
p1286
I45
sS'60%'
p1287
I55
sS'as'
p1288
I44
sS'ojala'
p1289
I56
sS'at'
p1290
I13
sS'aw'
p1291
I56
sS'walks'
p1292
I56
sS'watched'
p1293
I56
sS'hospitals'
p1294
I56
sS'film'
p1295
I56
sS'cream'
p1296
I55
sS'el\xe2\x80\xa6'
p1297
I56
sS'again'
p1298
I52
sS'deserve'
p1299
I56
sS'night,91733\n495604929512607744,_funky_monkey,2014-08-02'
p1300
I56
sS'23:02:46.0,34.0384899,-118.0705451,4338.02,57'
p1301
I56
sS'5'
p1302
I53
sS'gracias.,91733\n234500260767084544,ldmonteclaro,2012-08-12'
p1303
I56
sS'someones'
p1304
I56
sS'you'
p1305
I11
sS'poor'
p1306
I54
sS'requested'
p1307
I56
sS'fry*'
p1308
I56
sS'important'
p1309
I54
sS'serious'
p1310
I56
sS'decorated'
p1311
I56
sS'alcohol'
p1312
I56
sS'wifi'
p1313
I56
sS'mireya'
p1314
I56
sS'u'
p1315
I30
sS'alright'
p1316
I56
sS'deluxe'
p1317
I56
sS'starting'
p1318
I56
sS'all'
p1319
I21
sS'diss'
p1320
I56
sS'forget'
p1321
I53
sS'..what'
p1322
I56
sS'dollar'
p1323
I56
sS'month'
p1324
I56
sS'coach'
p1325
I55
sS'rosales'
p1326
I56
sS'talks'
p1327
I56
sS'follow'
p1328
I55
sS'hoooooooooooomeee,91733\n488098280488714240,_funky_monkey,2014-07-12'
p1329
I56
sS'hmmm'
p1330
I55
sS'reciban'
p1331
I56
sS'tx'
p1332
I56
sS'niner'
p1333
I56
sS'tv'
p1334
I55
sS'bosque'
p1335
I55
sS'thursday'
p1336
I56
sS'spirit'
p1337
I56
sS'to'
p1338
I4
sS'tf'
p1339
I56
sS'td'
p1340
I56
sS'enjoying'
p1341
I55
sS'presentation'
p1342
I56
sS'paying'
p1343
I55
sS'woman'
p1344
I56
sS'worse'
p1345
I55
sS'song'
p1346
I55
sS'very'
p1347
I54
sS'horror'
p1348
I56
sS'puffy'
p1349
I56
sS'tent'
p1350
I56
sS'fat'
p1351
I56
sS'simpsons'
p1352
I56
sS'20:42:08.0,34.0387574,-118.0704476,4338.02,my'
p1353
I56
sS'fan'
p1354
I55
sS'fam'
p1355
I54
sS'traes'
p1356
I56
sS'difference'
p1357
I56
sS'ramen'
p1358
I56
sS'pt2'
p1359
I56
sS'trippin'
p1360
I56
sS'heaven'
p1361
I56
sS'mothers'
p1362
I55
sS'laying'
p1363
I56
sS'large'
p1364
I56
sS'whooosh'
p1365
I56
sS'order\xe2\x98\xba\xef\xb8\x8f'
p1366
I56
sS'liars'
p1367
I56
sS'dodger'
p1368
I54
sS"i'll"
p1369
I50
sS'plllleeeeasssse'
p1370
I56
sS'tea'
p1371
I56
sS'knitted'
p1372
I56
sS'burger'
p1373
I53
sS'pass'
p1374
I56
sS'rato'
p1375
I55
sS'nbd'
p1376
I55
sS'jesus'
p1377
I56
sS'what'
p1378
I33
sS'richard'
p1379
I56
sS'sun'
p1380
I55
sS'sum'
p1381
I56
sS'version'
p1382
I55
sS'sus'
p1383
I55
sS'public'
p1384
I56
sS'full'
p1385
I56
sS'versi\xc3\xb3n'
p1386
I56
sS'owns'
p1387
I56
sS'hours'
p1388
I53
sS'eastbound'
p1389
I56
sS'strong'
p1390
I56
sS'arena'
p1391
I56
sS'"what!?"'
p1392
I56
sS'sportscenter'
p1393
I56
sS'khriz'
p1394
I56
sS'cucumbers'
p1395
I56
sS'pics'
p1396
I55
sS'amount'
p1397
I56
sS'pico'
p1398
I49
sS'buen'
p1399
I56
sS'pick'
p1400
I53
sS"would've"
p1401
I56
sS'narrow'
p1402
I56
sS'\xe2\x9d\xa4\xef\xb8\x8f\xe2\x9d\xa4\xef\xb8\x8f\xe2\x9d\xa4\xef\xb8\x8f\xe2\x9d\xa4\xef\xb8\x8f\xe2\x9d\xa4\xef\xb8\x8f'
p1403
I56
sS'family'
p1404
I52
sS'africa'
p1405
I56
sS'ask'
p1406
I55
sS'vip'
p1407
I56
sS'you\xe2\x80\x99re'
p1408
I56
sS'toys'
p1409
I56
sS'buenas'
p1410
I56
sS'up,91733\n457971852321628160,69maryriley,2014-04-20'
p1411
I56
sS'gosh'
p1412
I56
sS'7-eleven)'
p1413
I56
sS'munchies'
p1414
I56
sS'eye'
p1415
I55
sS'takes'
p1416
I56
sS'texting'
p1417
I55
sS'two'
p1418
I51
sS'6'
p1419
I56
sS'taken'
p1420
I56
sS'assessor'
p1421
I56
sS'trabajo'
p1422
I56
sS'more'
p1423
I47
sS'horses'
p1424
I56
sS'tryna'
p1425
I56
sS'&amp'
p1426
I56
sS'company'
p1427
I56
sS'02:19:20.0,34.0377647,-118.0395632,4338.02,glendale'
p1428
I56
sS'flag'
p1429
I56
sS"ain't"
p1430
I52
sS'broke'
p1431
I56
sS'dios'
p1432
I56
sS'known'
p1433
I56
sS'hurry'
p1434
I56
sS'glad'
p1435
I52
sS'(823'
p1436
I56
sS'hour'
p1437
I54
sS'quick\xe2\x80\x9d'
p1438
I56
sS'sucks'
p1439
I56
sS'16:55:38.0,34.040365,-118.0381321,4338.02,turn'
p1440
I56
sS'mall'
p1441
I55
sS'del'
p1442
I51
sS'v'
p1443
I56
sS'knocked'
p1444
I56
sS'beautiful'
p1445
I53
sS'shark'
p1446
I56
sS'brown'
p1447
I56
sS'socal'
p1448
I55
sS'sike'
p1449
I56
sS'station'
p1450
I55
sS'dress'
p1451
I55
sS'huge'
p1452
I56
sS'needs'
p1453
I55
sS'5.5'
p1454
I56
sS'awkward'
p1455
I54
sS'rather'
p1456
I55
sS'comfort'
p1457
I56
sS'fame'
p1458
I56
sS'needa'
p1459
I56
sS'prefer\xe2\x80\x9d'
p1460
I56
sS'reyes'
p1461
I56
sS'ryu'
p1462
I56
sS'sandwich'
p1463
I56
sS'okay'
p1464
I53
sS'plans'
p1465
I55
sS'viene'
p1466
I56
sS's\xc3\xa1bado'
p1467
I56
sS'onnnnnnnnn'
p1468
I56
sS'advice'
p1469
I56
sS'adventure'
p1470
I55
sS'coming'
p1471
I54
sS'tacos'
p1472
I56
sS'fo'
p1473
I56
sS'a'
p1474
I6
sS'funday'
p1475
I56
sS'susan'
p1476
I55
sS'18:42:00.0,34.0403604,-118.0712679,4338.02,surprisingly'
p1477
I56
sS'tweeting'
p1478
I55
sS'bugs'
p1479
I56
sS'dragon'
p1480
I55
sS'helllloo'
p1481
I56
sS'responsibility'
p1482
I56
sS'grande'
p1483
I56
sS'pay'
p1484
I56
sS'putting'
p1485
I56
sS'dream'
p1486
I56
sS'playing'
p1487
I50
sS"that's"
p1488
I50
sS'photoshop'
p1489
I56
sS'picoriverasportsarena'
p1490
I56
sS'help'
p1491
I54
sS"don't"
p1492
I37
sS'bowl'
p1493
I56
sS'brotha'
p1494
I56
sS'today..,91733\n495842865235259392,purrkittykat_,2014-08-03'
p1495
I56
sS'sooo'
p1496
I56
sS'soon'
p1497
I55
sS'trade'
p1498
I56
sS'isnt'
p1499
I56
sS'through'
p1500
I54
sS'recuerdos'
p1501
I56
sS'favorites,91733\n489947296428093440,michelleeeyan,2014-07-18'
p1502
I56
sS'hell'
p1503
I54
sS'mcdonalds'
p1504
I54
sS'its'
p1505
I49
sS'bummed'
p1506
I56
sS'certain\xe2\x80\xa6'
p1507
I56
sS'champs'
p1508
I56
sS'wishful'
p1509
I56
sS'actually'
p1510
I55
sS'late'
p1511
I55
sS'heros'
p1512
I56
sS'pad'
p1513
I56
sS'bout'
p1514
I56
sS'might'
p1515
I55
sS"haven't"
p1516
I52
sS'fool'
p1517
I56
sS'good'
p1518
I34
sS'yo'
p1519
I54
sS'ya'
p1520
I49
sS'botnek'
p1521
I56
sS'sappers'
p1522
I56
sS'woulda'
p1523
I55
sS'imperio'
p1524
I56
sS'starbucks'
p1525
I56
sS'beerso'
p1526
I56
sS'adventurous'
p1527
I56
sS'easily'
p1528
I56
sS'faire'
p1529
I56
sS'everytime'
p1530
I55
sS'always'
p1531
I45
sS'g.y.l'
p1532
I56
sS'pidiendo'
p1533
I56
sS'found'
p1534
I56
sS'friendship'
p1535
I56
sS"isn't"
p1536
I53
sS'heavy'
p1537
I55
sS'sterling'
p1538
I56
sS'everyone'
p1539
I53
sS'upstairs'
p1540
I56
sS'p'
p1541
I56
sS'house'
p1542
I48
sS'energy'
p1543
I56
sS'hard'
p1544
I36
sS'toda'
p1545
I56
sS'-_-\xe2\x80\x9d'
p1546
I56
sS'insurance'
p1547
I56
sS'really'
p1548
I43
sS'wahhhhh'
p1549
I56
sS'missed'
p1550
I54
sS'beibsta'
p1551
I56
sS'since'
p1552
I53
sS'glendora'
p1553
I56
sS'acting'
p1554
I56
sS'hill'
p1555
I56
sS'7'
p1556
I56
sS'paradise'
p1557
I56
sS'03:02:05.0,34.0404709,-118.057583,4338.02,hard'
p1558
I56
sS'ass'
p1559
I48
sS'story'
p1560
I55
sS'ask\xe2\x80\x9d'
p1561
I56
sS'base'
p1562
I55
sS'disneyland'
p1563
I56
sS'fatass'
p1564
I56
sS'imagine'
p1565
I56
sS'put'
p1566
I55
sS'k&k'
p1567
I56
sS'them,91733\n467766631654244354,_funky_monkey,2014-05-17'
p1568
I56
sS'haaha'
p1569
I56
sS'dijiste'
p1570
I56
sS'you?,91733\n473718576042373120,kevinw0lff_,2014-06-03'
p1571
I56
sS'w'
p1572
I55
sS'daisy'
p1573
I56
sS'chofer'
p1574
I56
sS'dont'
p1575
I52
sS'feel'
p1576
I45
sS'knocking'
p1577
I56
sS'number'
p1578
I56
sS'feet'
p1579
I56
sS'done'
p1580
I54
sS',91733\n491410796581109761,its_kenna_,2014-07-22'
p1581
I56
sS'kobe'
p1582
I56
sS'mist'
p1583
I56
sS'miss'
p1584
I47
sS"16:36:37.0,34.0367966,-118.0435446,4338.02,there's"
p1585
I56
sS'visors'
p1586
I56
sS'drinking?jason'
p1587
I56
sS'guess'
p1588
I52
sS'hott'
p1589
I55
sS'heads'
p1590
I56
sS'guest'
p1591
I56
sS'boating'
p1592
I56
sS'twenty'
p1593
I56
sS'swipe'
p1594
I56
sS'least'
p1595
I56
sS'182'
p1596
I56
sS'teamsters'
p1597
I56
sS'passed'
p1598
I56
sS'mama'
p1599
I56
sS'jarvis'
p1600
I56
sS'store'
p1601
I54
sS'headache'
p1602
I56
sS'likedis'
p1603
I56
sS'saltillo'
p1604
I56
sS'para'
p1605
I54
sS'park'
p1606
I32
sS'part'
p1607
I56
sS'doctors'
p1608
I56
sS'believe'
p1609
I55
sS'king'
p1610
I52
sS'kind'
p1611
I56
sS'b'
p1612
I42
sS'fcked'
p1613
I56
sS'condolences'
p1614
I55
sS'supposed'
p1615
I56
sS'ousted'
p1616
I52
sS'bomb,91733\n495838451984375808,purrkittykat_,2014-08-03'
p1617
I56
sS'outta'
p1618
I56
sS'ahahah'
p1619
I56
sS'backseat'
p1620
I56
sS'lie'
p1621
I55
sS'nights'
p1622
I56
sS'relationship'
p1623
I56
sS'"aww"-ing*'
p1624
I56
sS'dancing'
p1625
I56
sS'lil'
p1626
I54
sS'dime,91733\n490604613611970560,_funky_monkey,2014-07-19'
p1627
I56
sS'also'
p1628
I55
sS'itsame'
p1629
I56
sS'finding'
p1630
I56
sS"*who's"
p1631
I56
sS'too,91733\n465541193221566465,_funky_monkey,2014-05-11'
p1632
I56
sS'play'
p1633
I47
sS'towards'
p1634
I56
sS'awww\xe2\x99\xa1'
p1635
I56
sS'reunited'
p1636
I56
sS'promenade'
p1637
I56
sS'most'
p1638
I53
sS'nothing'
p1639
I54
sS'boycotting'
p1640
I56
sS'11:11'
p1641
I56
sS'garrix'
p1642
I54
sS'tomarelvoladorpara'
p1643
I56
sS'kd'
p1644
I56
sS'sometimes'
p1645
I54
sS'becoming'
p1646
I56
sS'10am'
p1647
I56
sS'acciddental'
p1648
I56
sS'shitfuck.,91733\n496129685562998784,omgpigscanfly,2014-08-04'
p1649
I56
sS'\xe2\x98\x80\xef\xb8\x8f'
p1650
I56
sS'shoutout'
p1651
I54
sS'lying'
p1652
I56
sS"they're"
p1653
I54
sS'wow,91733\n495832610845638656,purrkittykat_,2014-08-03'
p1654
I56
sS'ugh'
p1655
I55
sS'bury'
p1656
I56
sS'x100'
p1657
I56
sS'money,91733\n513063702812045313,lilmagladis,2014-09-19'
p1658
I56
sS'16:36:25.0,34.0367966,-118.0435446,4338.02,follow'
p1659
I56
sS'hugging'
p1660
I56
sS'stfu'
p1661
I56
sS'session'
p1662
I56
sS'fine'
p1663
I55
sS'networks'
p1664
I56
sS'pinche'
p1665
I56
sS'directita'
p1666
I56
sS'bestfriends'
p1667
I56
sS'facilmente'
p1668
I56
sS'cough)'
p1669
I56
sS'pretty'
p1670
I43
sS'california)'
p1671
I55
sS'?,91733\n503656453224538112,_funky_monkey,2014-08-24'
p1672
I56
sS'porque'
p1673
I56
sS'his'
p1674
I50
sS'hit'
p1675
I53
sS'therefore'
p1676
I56
sS'beams'
p1677
I56
sS'banned'
p1678
I56
sS'trees'
p1679
I56
sS'famous'
p1680
I55
sS'ferret'
p1681
I56
sS'during'
p1682
I54
sS'him'
p1683
I51
sS'5:25'
p1684
I56
sS'3g'
p1685
I56
sS'cry'
p1686
I56
sS'remove'
p1687
I56
sS'nickelodeon'
p1688
I56
sS'03:06:23.0,34.0404709,-118.057583,4338.02,havnt'
p1689
I56
sS'x'
p1690
I56
sS'river'
p1691
I54
sS'insane'
p1692
I56
sS'corrido'
p1693
I56
sS'set'
p1694
I52
sS'trvpstore?,91733\n473712884468293632,kevinw0lff_,2014-06-03'
p1695
I56
sS'throwing'
p1696
I56
sS'espys'
p1697
I56
sS'vine'
p1698
I56
sS'see'
p1699
I41
sS'are'
p1700
I27
sS'angie'
p1701
I56
sS'week...but'
p1702
I56
sS'it...\xe2\x80\xa6'
p1703
I56
sS'!!\xe2\x80\xa6'
p1704
I56
sS'movie'
p1705
I56
sS'wow'
p1706
I50
sS'currently'
p1707
I55
sS'please'
p1708
I50
sS'lilahunn'
p1709
I56
sS'fans'
p1710
I56
sS'won'
p1711
I55
sS'probably'
p1712
I56
sS'rite'
p1713
I56
sS'prepped'
p1714
I56
sS'missing'
p1715
I55
sS'coulda'
p1716
I56
sS'sold'
p1717
I56
sS'attention'
p1718
I56
sS'worst'
p1719
I56
sS'both'
p1720
I56
sS'c'
p1721
I56
sS'asuza'
p1722
I56
sS'last'
p1723
I43
sS'brother...for'
p1724
I56
sS'barely'
p1725
I56
sS'me\xe2\x98\xba\xef\xb8\x8f\xe2\x98\xba\xef\xb8\x8f'
p1726
I56
sS'1.62'
p1727
I56
sS'whole'
p1728
I55
sS'liked'
p1729
I56
sS"07:47:53.0,34.03869701,-118.06352505,4338.02,..let's"
p1730
I56
sS'childhood\xe2\x80\xa6'
p1731
I56
sS'bridge'
p1732
I56
sS'reasons'
p1733
I56
sS'community'
p1734
I55
sS'lexington-gallatin'
p1735
I56
sS"hadn't"
p1736
I56
sS'dancer'
p1737
I56
sS'simply'
p1738
I54
sS'likes'
p1739
I55
sS'village'
p1740
I56
sS'rave'
p1741
I56
sS'studies.""that\'s'
p1742
I56
sS'patiently'
p1743
I56
sS'duh'
p1744
I54
sS'consuming'
p1745
I56
sS'furguson'
p1746
I56
sS'create'
p1747
I56
sS'\xc3\xa9xito'
p1748
I55
sS'whos'
p1749
I55
sS'gissell'
p1750
I56
sS'dropping'
p1751
I55
sS'donde'
p1752
I56
sS'meeting'
p1753
I55
sS'whoa'
p1754
I55
sS'pm'
p1755
I56
sS'gay'
p1756
I53
sS'fire'
p1757
I55
sS"what's"
p1758
I55
sS'transferring'
p1759
I56
sS'remark'
p1760
I56
sS'else'
p1761
I56
sS'races'
p1762
I56
sS'awake'
p1763
I56
sS'ayeeeee'
p1764
I56
sS'look'
p1765
I51
sS'hostess'
p1766
I55
sS'bill'
p1767
I56
sS'while'
p1768
I51
sS"s'bored"
p1769
I56
sS'fun'
p1770
I53
sS'<3'
p1771
I54
sS'<<'
p1772
I56
sS'glinda_22'
p1773
I56
sS'rip'
p1774
I56
sS'stations'
p1775
I56
sS'rio'
p1776
I55
sS'triple'
p1777
I44
sS'ready'
p1778
I54
sS'raiders'
p1779
I56
sS'shirt'
p1780
I56
sS'anymore'
p1781
I55
sS'noooo'
p1782
I56
sS'delicious'
p1783
I56
sS'grand'
p1784
I56
sS'eww'
p1785
I56
sS'mountain'
p1786
I56
sS'yesterday'
p1787
I52
sS'holidays'
p1788
I56
sS'moment'
p1789
I53
sS'moving'
p1790
I56
sS'<<<<<<'
p1791
I56
sS'built'
p1792
I56
sS'noll'
p1793
I55
sS'entre'
p1794
I56
sS'lic'
p1795
I56
sS'spent'
p1796
I54
sS'county'
p1797
I53
sS'obviously'
p1798
I56
sS'person'
p1799
I55
sS'cheer'
p1800
I53
sS'y'
p1801
I44
sS'loveeee'
p1802
I56
sS'tonight.,91733\n474353612903047168,jassyjaay,2014-06-05'
p1803
I56
sS'then,91733\n465194967166877697,_funky_monkey,2014-05-10'
p1804
I56
sS'11:23'
p1805
I56
sS'mom'
p1806
I48
sS'lottery'
p1807
I56
sS'hermosillo'
p1808
I55
sS'mob'
p1809
I56
sS'spinners'
p1810
I56
sS'gems'
p1811
I56
sS'cup'
p1812
I56
sS'cemetery'
p1813
I55
sS'cuz'
p1814
I55
sS'parents'
p1815
I55
sS'location'
p1816
I56
sS'crying'
p1817
I56
sS'cool,91733\n467773821664391168,_funky_monkey,2014-05-17'
p1818
I56
sS'snap'
p1819
I56
sS'easter'
p1820
I55
sS'excited'
p1821
I53
sS"morethat's"
p1822
I56
sS'australia'
p1823
I56
sS'march'
p1824
I56
sS'me\xe2\x80\xa6'
p1825
I55
sS'big'
p1826
I55
sS'couple'
p1827
I55
sS'tiring'
p1828
I56
sS'shitty'
p1829
I56
sS'game'
p1830
I46
sS'volver'
p1831
I56
sS'bit'
p1832
I56
sS'cel'
p1833
I56
sS'compadre'
p1834
I56
sS'inviting'
p1835
I56
sS'wingstop'
p1836
I56
sS'toyota'
p1837
I56
sS'vinieron'
p1838
I56
sS'often'
p1839
I56
sS'fucking'
p1840
I52
sS'tambi\xc3\xa9n'
p1841
I55
sS'ser\xc3\xa1'
p1842
I56
sS'some'
p1843
I42
sS'back'
p1844
I42
sS'ever,91733\n495640677997613056,_funky_monkey,2014-08-02'
p1845
I56
sS'palm'
p1846
I56
sS'candy'
p1847
I56
sS'mirror'
p1848
I56
sS'boogers'
p1849
I56
sS'savage'
p1850
I56
sS'23:24:11.0,34.0383665,-118.0418355,4338.02,hit'
p1851
I56
sS'pet'
p1852
I56
sS'absolutely'
p1853
I56
sS"21:56:04.0,34.0303627,-118.0679448,4338.02,it's"
p1854
I56
sS'14:42:14.0,34.03488999,-118.05456921,4338.02,i'
p1855
I56
sS'pee'
p1856
I56
sS'montar'
p1857
I56
sS'anna'
p1858
I53
sS'everybody'
p1859
I56
sS'queremos'
p1860
I56
sS'patient'
p1861
I56
sS'ba'
p1862
I56
sS'bb'
p1863
I55
sS'bc'
p1864
I53
sS'remembered'
p1865
I56
sS'$84'
p1866
I56
sS's/o'
p1867
I56
sS'nuevo'
p1868
I56
sS'bp'
p1869
I55
sS'nowhere'
p1870
I56
sS'santa'
p1871
I56
sS'chick'
p1872
I55
sS'from'
p1873
I46
sS'by'
p1874
I46
sS'snapchatt'
p1875
I56
sS'anything'
p1876
I56
sS'am'
p1877
I48
sS"mcdonald's"
p1878
I54
sS'graduation'
p1879
I56
sS'idk'
p1880
I53
sS'wanna'
p1881
I50
sS'ppl'
p1882
I56
sS'seeing'
p1883
I54
sS'x268428'
p1884
I56
sS'reciproco'
p1885
I56
sS'dude'
p1886
I55
sS'into'
p1887
I53
sS'martinez'
p1888
I56
sS'because'
p1889
I50
sS'smelly'
p1890
I56
sS'roxys'
p1891
I56
sS'okay\xe2\x99\xa1'
p1892
I56
sS'spending'
p1893
I56
sS'question'
p1894
I56
sS'ca)'
p1895
I50
sS'long'
p1896
I52
sS'21:10:29.0,34.0334037,-118.0573738,4338.02,i'
p1897
I56
sS'awks'
p1898
I55
sS'mccartney'
p1899
I56
sS"we're"
p1900
I56
sS'bruh'
p1901
I53
sS'forward'
p1902
I55
sS'bored'
p1903
I54
sS'twitter'
p1904
I56
sS'invite'
p1905
I54
sS'downstairs'
p1906
I56
sS'boys'
p1907
I56
sS'yesssss'
p1908
I56
sS'\xe2\x99\xab'
p1909
I56
sS'hopes'
p1910
I56
sS'line'
p1911
I53
sS'posted'
p1912
I56
sS'fries'
p1913
I56
sS'up'
p1914
I22
sS'us'
p1915
I51
sS'ur'
p1916
I52
sS'um'
p1917
I56
sS'un'
p1918
I52
sS'uh'
p1919
I56
sS'faded'
p1920
I55
sS'highlight'
p1921
I56
sS'16:26:24.0,34.0404258,-118.0711409,4338.02,ahahahahaha'
p1922
I56
sS'ua'
p1923
I56
sS'called'
p1924
I54
sS'bell'
p1925
I56
sS'curr'
p1926
I56
sS'listening'
p1927
I56
sS'ocaci\xc3\xb3n'
p1928
I56
sS'single'
p1929
I56
sS'cotton'
p1930
I56
sS'phantom'
p1931
I56
sS'subeleeee'
p1932
I56
sS'nah'
p1933
I55
sS'excuses'
p1934
I56
sS'definitely'
p1935
I54
sS'nico'
p1936
I56
sS'nice'
p1937
I52
sS'noche'
p1938
I56
sS'ngyari'
p1939
I56
sS'2plates'
p1940
I56
sS'problems'
p1941
I56
sS'helping'
p1942
I56
sS'bonding'
p1943
I56
sS'posters'
p1944
I56
sS'ago'
p1945
I56
sS'lane'
p1946
I55
sS'land'
p1947
I56
sS'e'
p1948
I55
sS'age'
p1949
I55
sS'youtube'
p1950
I56
sS'walked'
p1951
I55
sS'admiring'
p1952
I56
sS'realistic"'
p1953
I56
sS'03:05:09.0,34.0404709,-118.057583,4338.02,i'
p1954
I56
sS'far'
p1955
I55
sS"she's"
p1956
I53
sS'having'
p1957
I51
sS'once'
p1958
I56
sS'cheetos'
p1959
I56
sS'edc'
p1960
I56
sS'\xe2\x98\xba\xef\xb8\x8f\xe2\x98\xba\xef\xb8\x8f\xe2\x98\xba\xef\xb8\x8f'
p1961
I56
sS'girls/guys'
p1962
I56
sS'steve'
p1963
I56
sS'gf'
p1964
I56
sS'freakin'
p1965
I56
sS'go'
p1966
I28
sS'seguirme'
p1967
I55
sS'chillin'
p1968
I56
sS'send'
p1969
I56
sS'bruhh'
p1970
I56
sS'geeoooh'
p1971
I54
sS'forget-me-nots'
p1972
I56
sS'use.in'
p1973
I56
sS'breathing'
p1974
I56
sS'gino'
p1975
I56
sS'visitarlos'
p1976
I56
sS'711'
p1977
I56
sS'non-american'
p1978
I56
sS'invasi\xc3\xb3n'
p1979
I56
sS'spoon'
p1980
I56
sS'"are'
p1981
I56
sS'"classic'
p1982
I56
sS'drinking'
p1983
I55
sS'wipe'
p1984
I56
sS"nite'"
p1985
I56
sS'recreation'
p1986
I56
sS'gender'
p1987
I56
sS'marry'
p1988
I55
sS'shiit'
p1989
I56
sS'try'
p1990
I54
sS'married'
p1991
I56
sS'verdict'
p1992
I56
sS"pastor's"
p1993
I56
sS'tru'
p1994
I56
sS'challenge'
p1995
I56
sS'clients'
p1996
I56
sS'booty'
p1997
I54
sS'caballo'
p1998
I56
sS'everythings'
p1999
I56
sS'yourself'
p2000
I56
sS'boots'
p2001
I56
sS"you'r"
p2002
I54
sS'video'
p2003
I56
sS'reunion'
p2004
I56
sS'rivera'
p2005
I48
sS'sweats'
p2006
I56
sS'giving'
p2007
I56
sS'60fwy'
p2008
I56
sS'intimate'
p2009
I56
sS'find'
p2010
I56
sS'lmfao'
p2011
I56
sS'waiting'
p2012
I52
sS'eating'
p2013
I56
sS'homeee'
p2014
I56
sS'rd)'
p2015
I55
sS'bird'
p2016
I56
sS'body'
p2017
I55
sS'lee'
p2018
I55
sS'pushing'
p2019
I56
sS'les'
p2020
I55
sS'let'
p2021
I50
sS'sink'
p2022
I56
sS'others'
p2023
I55
sS'everything"'
p2024
I56
sS'invented'
p2025
I56
sS'wannnnna'
p2026
I56
sS'great'
p2027
I49
sS'\xe2\x9a\xbd\xef\xb8\x8f'
p2028
I56
sS'beddddddddd'
p2029
I56
sS'didnt'
p2030
I56
sS'cleopatra'
p2031
I56
sS'grandes'
p2032
I54
sS'(cough'
p2033
I56
sS'sweaters'
p2034
I56
sS"weren't"
p2035
I56
sS'opinion'
p2036
I56
sS'climb'
p2037
I56
sS'makes'
p2038
I54
sS'thats'
p2039
I56
sS'claro'
p2040
I56
sS'wid'
p2041
I56
sS'win'
p2042
I51
sS'$90'
p2043
I56
sS'clay-shooting'
p2044
I55
sS'wit'
p2045
I56
sS'dumbest'
p2046
I56
sS'singing'
p2047
I55
sS'use'
p2048
I54
sS'crap'
p2049
I56
sS'patron'
p2050
I56
sS'certificate'
p2051
I56
sS'&'
p2052
I41
sS'next'
p2053
I54
sS'few'
p2054
I56
sS'fer'
p2055
I56
sS'23:11:13.0,34.0399784,-118.0625377,4338.02,hungry,91733\n488093653911339008,_funky_monkey,2014-07-12'
p2056
I56
sS'serafinback'
p2057
I56
sS'babe'
p2058
I55
sS'1/2'
p2059
I56
sS'started'
p2060
I56
sS'about'
p2061
I36
sS'trail'
p2062
I55
sS'ol'
p2063
I56
sS'ashamed'
p2064
I56
sS'baby'
p2065
I54
sS'shit!!!,91733\n496128377087340545,omgpigscanfly,2014-08-04'
p2066
I56
sS'women'
p2067
I56
sS'account'
p2068
I56
sS'animals'
p2069
I56
sS'this'
p2070
I18
sS'gabriel'
p2071
I54
sS'ride'
p2072
I55
sS'oh'
p2073
I53
sS'to,91733\n503656071245090817,_funky_monkey,2014-08-24'
p2074
I56
sS'aha,91733\n474944407037571072,_bootymonstaa_,2014-06-06'
p2075
I56
sS'mommas'
p2076
I55
sS'anywhere'
p2077
I55
sS'crossed'
p2078
I56
sS'island'
p2079
I56
sS'meet'
p2080
I54
sS'closing'
p2081
I56
sS"damien's"
p2082
I56
sS'milhouse'
p2083
I56
sS'sabe'
p2084
I55
sS'waaaay'
p2085
I56
sS'monica'
p2086
I56
sS'halloween'
p2087
I56
sS'high'
p2088
I48
sS'lorenzo!"'
p2089
I56
sS'something'
p2090
I48
sS'tab'
p2091
I56
sS'blvd'
p2092
I56
sS'shrimp'
p2093
I56
sS'whereyo'
p2094
I56
sS'bootcamp'
p2095
I56
sS'revo'
p2096
I56
sS'sit'
p2097
I55
sS'bad,91733\n469521980140445696,_funky_monkey,2014-05-22'
p2098
I56
sS'boxing'
p2099
I56
sS'responsibilities'
p2100
I56
sS'surely'
p2101
I56
sS'cual'
p2102
I56
sS'sis'
p2103
I56
sS'puppets'
p2104
I56
sS'greaaaaaaat'
p2105
I56
sS'*cue'
p2106
I56
sS'stop'
p2107
I50
sS'collection'
p2108
I56
sS'sal\xc3\xbademe'
p2109
I56
sS'men'
p2110
I56
sS'taco'
p2111
I56
sS'hahahaha'
p2112
I56
sS'fuhh'
p2113
I56
sS'descansen'
p2114
I56
sS'autograph'
p2115
I56
sS'realized'
p2116
I55
sS"they'd"
p2117
I56
sS'frankies'
p2118
I56
sS'9am'
p2119
I56
sS'friendzoned'
p2120
I56
sS'honestly'
p2121
I55
sS'realizes'
p2122
I56
sS'noches'
p2123
I56
sS'*takes'
p2124
I56
sS'move'
p2125
I55
sS'there,91733\n465204947387420673,_funky_monkey,2014-05-10'
p2126
I56
sS'grampa'
p2127
I56
sS"won't"
p2128
I56
sS'looks'
p2129
I54
sS'cruise'
p2130
I56
sS'bunch'
p2131
I56
sS'perfect'
p2132
I54
sS'underwater'
p2133
I56
sS'le'
p2134
I53
sS'outer'
p2135
I56
sS'la'
p2136
I44
sS'lo'
p2137
I55
sS'[pic]'
p2138
I55
sS'madre'
p2139
I56
sS'2014'
p2140
I56
sS'bye'
p2141
I53
sS'dad'
p2142
I52
sS'flex'
p2143
I56
sS'prenup'
p2144
I56
sS'niga"'
p2145
I56
sS'dam'
p2146
I53
sS'practice'
p2147
I55
sS'cutting'
p2148
I55
sS'ferguson'
p2149
I56
sS'hands'
p2150
I56
sS'front'
p2151
I56
sS'waterboy'
p2152
I56
sS'snoops'
p2153
I56
sS'day'
p2154
I24
sS'preschool'
p2155
I56
sS'sinners'
p2156
I56
sS'trae'
p2157
I56
sS'01:27:48.0,34.03953617,-118.05002036,4338.02,making'
p2158
I56
sS'clays\xe2\x80\xa6'
p2159
I56
sS'-\xe2\x80\xa6'
p2160
I56
sS'magnitude'
p2161
I56
sS'trap'
p2162
I55
sS'ponemos'
p2163
I56
sS'ankles'
p2164
I56
sS'covina'
p2165
I56
sS'doing'
p2166
I52
sS'gary'
p2167
I56
sS'snaps'
p2168
I56
sS'books'
p2169
I56
sS'82'
p2170
I56
sS'our'
p2171
I48
sS'80'
p2172
I55
sS'special'
p2173
I55
sS'out'
p2174
I25
sS'rey'
p2175
I56
sS'last.\xe2\x80\x9d'
p2176
I56
sS'ren'
p2177
I56
sS'hilarious'
p2178
I56
sS'waay'
p2179
I56
sS'cause'
p2180
I51
sS'red'
p2181
I56
sS'"watermelonnnn!"'
p2182
I56
sS'debris'
p2183
I56
sS'stare'
p2184
I56
sS'shut'
p2185
I55
sS'8o'
p2186
I56
sS'undo'
p2187
I56
sS'release'
p2188
I56
sS'hairrrrr'
p2189
I56
sS'early'
p2190
I56
sS'sitting'
p2191
I56
sS'princess'
p2192
I54
sS'\xe2\x98\x80\xef\xb8\x8f\xe2\x9a\xa1\xef\xb8\x8f\xe2\x98\x81\xef\xb8\x8f'
p2193
I56
sS'bam'
p2194
I56
sS'g'
p2195
I55
sS'it:)'
p2196
I56
sS'could'
p2197
I53
sS'hes'
p2198
I56
sS'times'
p2199
I55
sS'4th'
p2200
I56
sS'fernie'
p2201
I56
sS'shucks'
p2202
I56
sS'waitress'
p2203
I56
sS'scene'
p2204
I56
sS'owned'
p2205
I56
sS'madden'
p2206
I56
sS'bitch'
p2207
I50
sS'rings,91733\n498670706197282816,silenteyes_,2014-08-11'
p2208
I56
sS'probation'
p2209
I56
sS'hoes'
p2210
I56
sS'heroes'
p2211
I56
sS'prank'
p2212
I56
sS"doesn't"
p2213
I54
sS'los'
p2214
I50
sS'their'
p2215
I53
sS'attack'
p2216
I56
sS'650'
p2217
I56
sS'doesnt'
p2218
I55
sS'perfectly'
p2219
I56
sS'final'
p2220
I55
sS'radio:"'
p2221
I56
sS'malibu'
p2222
I56
sS'stars'
p2223
I56
sS'2-4'
p2224
I56
sS'exactly'
p2225
I55
sS'listo'
p2226
I55
sS'45m'
p2227
I56
sS'greattttttt'
p2228
I56
sS',91733\n468251044066365440,angel_h97,2014-05-19'
p2229
I56
sS'ben'
p2230
I56
sS'boring'
p2231
I55
sS'deedontluvum'
p2232
I56
sS'bed'
p2233
I56
sS'cravings'
p2234
I55
sS'rollercoaster'
p2235
I56
sS'sr'
p2236
I56
sS'maleta'
p2237
I56
sS'bet'
p2238
I56
sS'drunk'
p2239
I56
sS'piratas'
p2240
I56
sS'tonight'
p2241
I49
sS'p.o'
p2242
I56
sS'need'
p2243
I39
sS'exhibit'
p2244
I56
sS'screw'
p2245
I56
sS'congrats'
p2246
I55
sS'studying'
p2247
I56
sS'mix'
p2248
I55
sS'which'
p2249
I55
sS'jail'
p2250
I56
sS'mis'
p2251
I54
sS'08:48:03.0,34.03137919,-118.06629307,4338.02,didnt'
p2252
I56
sS';-)'
p2253
I55
sS'trieng'
p2254
I56
sS'drunkies'
p2255
I56
sS'unless'
p2256
I56
sS'clash'
p2257
I56
sS'aww'
p2258
I56
sS'who'
p2259
I51
sS'camper'
p2260
I56
sS'hiphop'
p2261
I56
sS'class'
p2262
I53
sS'00:24:50.0,34.0400818,-118.0545001,4338.02,dancing'
p2263
I56
sS'stereo'
p2264
I56
sS'desesperanza'
p2265
I56
sS'brought'
p2266
I55
sS'face'
p2267
I54
sS'looked'
p2268
I56
sS"you'll"
p2269
I56
sS'park)'
p2270
I49
sS'se'
p2271
I55
sS'pictures'
p2272
I56
sS'skinny'
p2273
I56
sS'goals'
p2274
I56
sS'kiddin'
p2275
I56
sS'metamorphism'
p2276
I56
sS'text'
p2277
I55
sS'bring'
p2278
I54
sS'whoooooops'
p2279
I56
sS'feat'
p2280
I56
sS'envy'
p2281
I56
sS'ear'
p2282
I56
sS'('
p2283
I47
sS'wittier'
p2284
I56
sS'roommates'
p2285
I56
sS'should'
p2286
I51
sS'buttons'
p2287
I56
sS'score'
p2288
I56
sS'tape'
p2289
I56
sS'"african'
p2290
I56
sS'geese'
p2291
I56
sS'12-5am'
p2292
I56
sS'local'
p2293
I55
sS'hope'
p2294
I53
sS'watching'
p2295
I54
sS'beat'
p2296
I55
sS'dope'
p2297
I54
sS'flirting'
p2298
I56
sS'lucky'
p2299
I56
sS'bby'
p2300
I56
sS'tbh'
p2301
I56
sS'awww'
p2302
I56
sS'ones'
p2303
I56
sS'bayrou'
p2304
I56
sS'words'
p2305
I56
sS'spur'
p2306
I56
sS'ghetto'
p2307
I56
sS'gray'
p2308
I56
sS'trucks'
p2309
I56
sS'course'
p2310
I56
sS'shy'
p2311
I56
sS'rage'
p2312
I56
sS"somebody's"
p2313
I56
sS'stuff'
p2314
I53
sS'she'
p2315
I50
sS'grab'
p2316
I56
sS'steelers'
p2317
I56
sS'posablie'
p2318
I56
sS'likea'
p2319
I56
sS'national'
p2320
I55
sS'thing?"oh'
p2321
I56
sS'we'
p2322
I36
sS'freeze'
p2323
I56
sS'throooaat'
p2324
I56
sS'compartir'
p2325
I56
sS'daughter,91733\n465190490824916992,_funky_monkey,2014-05-10'
p2326
I56
sS'packed'
p2327
I55
sS'closer'
p2328
I56
sS'interview'
p2329
I56
sS'stats'
p2330
I56
sS'horribly'
p2331
I56
sS'21:10:15.0,34.0384921,-118.0705133,4338.02,pretty'
p2332
I56
sS'quickest'
p2333
I56
sS'panty'
p2334
I56
sS'closed'
p2335
I56
sS'pisses'
p2336
I56
sS'is,91733\n499987078621724673,davidvivas18,2014-08-14'
p2337
I56
sS'bought'
p2338
I55
sS'sighhhh'
p2339
I56
sS'ends'
p2340
I56
sS'rn,91733\n496004215333224448,omgpigscanfly,2014-08-03'
p2341
I56
sS'trynna'
p2342
I56
sS'amen'
p2343
I56
sS'job'
p2344
I54
sS'faggot'
p2345
I56
sS'legit'
p2346
I55
sS'thumb'
p2347
I56
sS'titties'
p2348
I56
sS'aqui'
p2349
I56
sS'taking'
p2350
I54
sS'conmigo'
p2351
I56
sS'april'
p2352
I56
sS'despu\xc3\xa9s'
p2353
I56
sS'passing'
p2354
I56
sS'fineeeeeeee'
p2355
I56
sS'jersey'
p2356
I56
sS'comment'
p2357
I56
sS'605'
p2358
I56
sS'hehehe'
p2359
I56
sS'gone'
p2360
I52
sS'wall'
p2361
I56
sS'ca'
p2362
I47
sS'02:31:18.0,34.036202,-118.0440572,4338.02,when'
p2363
I56
sS'theese'
p2364
I56
sS'walk'
p2365
I52
sS'laugh'
p2366
I56
sS'labor'
p2367
I56
sS'isthey'
p2368
I56
sS'quit'
p2369
I56
sS'faltan'
p2370
I56
sS"it's"
p2371
I37
sS'hoe'
p2372
I56
sS'rhode'
p2373
I56
sS'drank'
p2374
I56
sS'treat'
p2375
I56
sS'dumb?,91733\n473713703632658432,kevinw0lff_,2014-06-03'
p2376
I56
sS'freak'
p2377
I56
sS'bbq'
p2378
I56
sS'>'
p2379
I56
sS'mike'
p2380
I55
sS'puberty'
p2381
I56
sS'hmu'
p2382
I54
sS'finished'
p2383
I56
sS'-.-'
p2384
I55
sS'work,91733\n486992205047816193,_funky_monkey,2014-07-09'
p2385
I56
sS'*preschool'
p2386
I56
sS'sleepy\xef\x98\x8c'
p2387
I56
sS'harder'
p2388
I56
sS'la.feria'
p2389
I56
sS'will'
p2390
I48
sS'hahaha'
p2391
I51
sS'wild'
p2392
I56
sS'va'
p2393
I56
sS'salgo'
p2394
I56
sS'nero'
p2395
I56
sS'vs'
p2396
I55
sS'imy,91733\n475780356457500672,_bootymonstaa_,2014-06-08'
p2397
I56
sS'16:26:32.0,34.0404258,-118.0711409,4338.02,hahahahahahahah,91733\n503216695579009026,_funky_monkey,2014-08-23'
p2398
I56
sS'una'
p2399
I56
sS'af,91733\n465541266298925057,_funky_monkey,2014-05-11'
p2400
I56
sS'member'
p2401
I56
sS'underground'
p2402
I56
sS'party'
p2403
I53
sS'gets'
p2404
I56
sS'tomatoes'
p2405
I56
sS'difficult'
p2406
I56
sS'ball'
p2407
I56
sS'coached'
p2408
I56
sS'drink'
p2409
I53
sS'fucker'
p2410
I56
sS'coaches'
p2411
I56
sS'fucken'
p2412
I52
sS'student'
p2413
I56
sS'fucked'
p2414
I53
sS'21:09:04.0,34.0384742,-118.0705241,4338.02,holly'
p2415
I56
sS'off'
p2416
I41
sS'fully'
p2417
I56
sS'i'
p2418
I2
sS'shotgun'
p2419
I46
sS'well'
p2420
I45
sS'fighting'
p2421
I56
sS'thought'
p2422
I54
sS'phan'
p2423
I56
sS'con'
p2424
I55
sS'only"'
p2425
I56
sS'less'
p2426
I55
sS'moments'
p2427
I54
sS'fishing'
p2428
I56
sS'paul'
p2429
I56
sS'rambles'
p2430
I56
sS'raves'
p2431
I56
sS'drive'
p2432
I54
sS'lake'
p2433
I40
sS'killed'
p2434
I56
sS'other'
p2435
I52
sS'runners'
p2436
I56
sS'gmr'
p2437
I56
sS'balloons'
p2438
I55
sS'smart'
p2439
I56
sS'raven'
p2440
I56
sS'livin'
p2441
I56
sS"who's"
p2442
I56
sS'whispers'
p2443
I56
sS'five'
p2444
I56
sS'know'
p2445
I39
sS'"buy'
p2446
I56
sS'check-out'
p2447
I56
sS'like'
p2448
I23
sS'lost'
p2449
I55
sS'header'
p2450
I56
sS'admitted'
p2451
I56
sS'cantando'
p2452
I56
sS'martin'
p2453
I54
sS'become'
p2454
I55
sS'nigga'
p2455
I55
sS'scared'
p2456
I54
sS'986'
p2457
I56
sS'megaludis,91733\n470303757100519424,_funky_monkey,2014-05-24'
p2458
I56
sS'hair'
p2459
I56
sS'112'
p2460
I56
sS'home'
p2461
I40
sS'"it'
p2462
I56
sS'nuevamente'
p2463
I56
sS'literally'
p2464
I55
sS'avoid'
p2465
I56
sS'does'
p2466
I52
sS'chainz'
p2467
I56
sS'shiiiii'
p2468
I56
sS'waaah'
p2469
I56
sS'shopper'
p2470
I56
sS'arena\xe2\x80\xa6'
p2471
I56
sS'stage'
p2472
I55
sS'jam'
p2473
I56
sS'sister'
p2474
I55
sS'quarter'
p2475
I56
sS'actual'
p2476
I55
sS'getting'
p2477
I49
sS'recognized'
p2478
I56
sS'angeles'
p2479
I55
sS'fear'
p2480
I56
sS'swear'
p2481
I55
sS'tongue'
p2482
I56
sS'own'
p2483
I52
sS'kinda'
p2484
I56
sS'haaaaay'
p2485
I56
sS'luna'
p2486
I56
sS'weather'
p2487
I55
sS'promise'
p2488
I56
sS'\xe2\x99\xa1\xe2\x99\xa5\xe2\x99\xa1\xe2\x99\xa5\xe2\x99\xa1\xe2\x99\xa1\xe2\x99\xa1'
p2489
I56
sS'grupo'
p2490
I56
sS'hitting'
p2491
I56
sS'van'
p2492
I56
sS'legends'
p2493
I55
sS'at&t'
p2494
I56
sS'*'
p2495
I56
sS'kidding'
p2496
I56
sS'kuwtk'
p2497
I56
sS'pa'
p2498
I56
sS'ju-no'
p2499
I56
sS"17:24:52.0,34.0366687,-118.0692489,4338.02,it's"
p2500
I56
sS'22:52:50.0,34.0399784,-118.0625377,4338.02,bored'
p2501
I56
sS'buy'
p2502
I54
sS'familybut'
p2503
I56
sS'chatting'
p2504
I56
sS"i've"
p2505
I52
sS'bus'
p2506
I56
sS'coke'
p2507
I54
sS'but'
p2508
I28
sS'reminds'
p2509
I56
sS'hi'
p2510
I55
sS'(south'
p2511
I49
sS'q-dance'
p2512
I56
sS'be'
p2513
I28
sS'ha'
p2514
I55
sS'eat'
p2515
I52
sS'bud'
p2516
I55
sS'he'
p2517
I37
sS'made'
p2518
I49
sS'joshhhh'
p2519
I56
sS'wish'
p2520
I46
sS'official'
p2521
I56
sS'po'
p2522
I56
sS'limit'
p2523
I56
sS'tema'
p2524
I56
sS'cake'
p2525
I56
sS'problem'
p2526
I56
sS'minutes'
p2527
I55
sS'layte'
p2528
I56
sS'jenny'
p2529
I55
sS'pic'
p2530
I56
sS'4s'
p2531
I56
sS'inn'
p2532
I56
sS'jenni'
p2533
I56
sS'relates'
p2534
I56
sS'shooting'
p2535
I54
sS'happen'
p2536
I54
sS'diego'
p2537
I56
sS'loud'
p2538
I56
sS'pase'
p2539
I56
sS'latch'
p2540
I56
sS"fori'm"
p2541
I56
sS'40'
p2542
I56
sS'lately'
p2543
I56
sS'book'
p2544
I55
sS'sunrise'
p2545
I54
sS'sick'
p2546
I55
sS'talkin'
p2547
I56
sS'erica'
p2548
I56
sS'monday'
p2549
I54
sS'shouldve'
p2550
I56
sS'june'
p2551
I56
sS'stay'
p2552
I56
sS'chance'
p2553
I56
sS'in*'
p2554
I56
sS'compadrito'
p2555
I56
sS"little's"
p2556
I56
sS"shootin'"
p2557
I55
sS'friends'
p2558
I49
sS'monte)'
p2559
I56
sS'nikes'
p2560
I56
sS'yes('
p2561
I56
sS'earthquake'
p2562
I56
sS'news*'
p2563
I56
sS'lives'
p2564
I56
sS'petsmart'
p2565
I56
s.