(dp0
S''
p1
I3
sS'pide'
p2
I45
sS'ucrania'
p3
I45
sS"shit's"
p4
I45
sS'four'
p5
I45
sS'protest'
p6
I45
sS'sleep'
p7
I39
sS'hanging'
p8
I45
sS'mansion'
p9
I45
sS'colegas'
p10
I45
sS'oldest'
p11
I45
sS"tonight's"
p12
I41
sS'movies.,91104\n495434605948698624,dsvm419,2014-08-02'
p13
I45
sS"'leak'"
p14
I45
sS'wohooo'
p15
I45
sS'exploding'
p16
I45
sS'$13.3m'
p17
I45
sS'19:11:38.0,34.16993299,-118.13744558,4615.01,never'
p18
I45
sS'under'
p19
I44
sS'hand...aaaaaahhhh'
p20
I45
sS'*then'
p21
I45
sS'rise'
p22
I45
sS'costume'
p23
I45
sS'at.,91104\n496326669381017600,dsvm419,2014-08-04'
p24
I45
sS'lololol'
p25
I45
sS'every'
p26
I43
sS'jack'
p27
I45
sS'stabbed'
p28
I45
sS'fireplace'
p29
I45
sS'cnet'
p30
I45
sS'school'
p31
I43
sS'basics'
p32
I45
sS'internally'
p33
I45
sS'17:20:17.0,34.1789704,-118.1415197,4615.01,snakes'
p34
I45
sS'wednesday'
p35
I45
sS'1day'
p36
I45
sS'flashy'
p37
I45
sS'298'
p38
I45
sS'dookie'
p39
I45
sS'meeetuo'
p40
I45
sS'me-'
p41
I45
sS'weddings'
p42
I45
sS'second'
p43
I44
sS'others)'
p44
I45
sS'even'
p45
I44
sS'06:55:51.0,34.1789383,-118.1415028,4615.01,i'
p46
I45
sS'hate'
p47
I42
sS'+'
p48
I44
sS'cooking'
p49
I45
sS'fingers'
p50
I45
sS'game.,91104\n496551310137630721,dsvm419,2014-08-05'
p51
I45
sS"jam'"
p52
I45
sS'above'
p53
I44
sS'new'
p54
I27
sS'tips'
p55
I45
sS'carpet'
p56
I45
sS'ever'
p57
I38
sS'never'
p58
I43
sS'griffin'
p59
I45
sS'here'
p60
I41
sS'hundreds'
p61
I45
sS'\xe2\x9d\xa4\xef\xb8\x8f'
p62
I44
sS'protection'
p63
I45
sS'china'
p64
I45
sS'100'
p65
I44
sS'dry'
p66
I45
sS'kids'
p67
I39
sS'"why'
p68
I45
sS'jail'
p69
I45
sS'imma'
p70
I45
sS"i'd"
p71
I45
sS'smoke'
p72
I43
sS"i'm"
p73
I24
sS'changes'
p74
I45
sS'eyebrows'
p75
I45
sS'stray'
p76
I45
sS'junglemodernceramics'
p77
I45
sS'feelings'
p78
I45
sS'pyramid'
p79
I45
sS'jackets'
p80
I45
sS'txt'
p81
I45
sS'instagram'
p82
I45
sS'would'
p83
I43
sS'watering'
p84
I45
sS'm\xc3\xa9xico'
p85
I45
sS'dnt'
p86
I42
sS'asses'
p87
I45
sS'noting'
p88
I45
sS'call'
p89
I45
sS'17:43:54.0,34.1766022,-118.1383963,4615.01,venezuela'
p90
I45
sS'loooooong'
p91
I45
sS'dorne."'
p92
I45
sS'robertson'
p93
I45
sS'bundled'
p94
I45
sS'tell'
p95
I43
sS'females'
p96
I41
sS'holy'
p97
I45
sS'relax'
p98
I45
sS'successful'
p99
I45
sS'starburst'
p100
I45
sS'haha'
p101
I44
sS'hurt'
p102
I44
sS'phone'
p103
I41
sS'warm'
p104
I45
sS'set-top'
p105
I45
sS'prescription'
p106
I45
sS'organic'
p107
I45
sS'hole'
p108
I45
sS'hold'
p109
I45
sS'shoot'
p110
I44
sS'join'
p111
I45
sS'room'
p112
I42
sS'yakks'
p113
I45
sS'work'
p114
I41
sS'eclipse'
p115
I45
sS'mj'
p116
I45
sS'movies'
p117
I45
sS'bungalow'
p118
I23
sS"'hacking'"
p119
I45
sS'mr'
p120
I45
sS'intomobilereport'
p121
I45
sS'my'
p122
I8
sS'could'
p123
I44
sS'give'
p124
I41
sS'unjust'
p125
I45
sS'laughs'
p126
I45
sS'!"lol'
p127
I45
sS'gadgets'
p128
I45
sS'homie'
p129
I44
sS'want'
p130
I41
sS'keep'
p131
I42
sS'ceremony'
p132
I44
sS'hoe'
p133
I41
sS'end'
p134
I44
sS'turn'
p135
I45
sS'travel'
p136
I44
sS'20:18:05.0,34.1789864,-118.1416111,4615.01,phone'
p137
I45
sS'damage'
p138
I45
sS'faults'
p139
I45
sS'amazing'
p140
I38
sS'cordellia'
p141
I45
sS'gawkersnake'
p142
I45
sS'rookie'
p143
I45
sS'interview'
p144
I45
sS'beach'
p145
I45
sS'cornrows'
p146
I45
sS'pizza'
p147
I42
sS'bday'
p148
I45
sS'after'
p149
I44
sS'wrong'
p150
I44
sS'\xe2\x80\x98best'
p151
I45
sS'itself.,91104\n496552596874604544,dsvm419,2014-08-05'
p152
I45
sS'headlinesinfamous'
p153
I45
sS'reamed'
p154
I45
sS'las'
p155
I44
sS'padre'
p156
I44
sS'third'
p157
I44
sS'chillen'
p158
I45
sS'wins'
p159
I45
sS'harley'
p160
I45
sS'e-commerce'
p161
I45
sS'funniest'
p162
I45
sS'south'
p163
I45
sS'(presidente'
p164
I45
sS'keeps'
p165
I45
sS'plumbing'
p166
I45
sS'fan'
p167
I45
sS'first'
p168
I40
sS'order'
p169
I45
sS'wine'
p170
I44
sS'wut'
p171
I45
sS'muffin'
p172
I45
sS'over'
p173
I43
sS'diddy'
p174
I45
sS'nsfw'
p175
I45
sS'virgen'
p176
I45
sS'keyboard'
p177
I45
sS'mayor'
p178
I44
sS'before'
p179
I41
sS"'sharknado"
p180
I45
sS'fit'
p181
I45
sS'started.lol'
p182
I45
sS'gente'
p183
I44
sS'recreational'
p184
I45
sS'better'
p185
I43
sS'production'
p186
I45
sS'holograms'
p187
I45
sS'20:15:19.0,34.1789864,-118.1416111,4615.01,that'
p188
I45
sS'personas'
p189
I44
sS'weeks'
p190
I45
sS'schmidt'
p191
I45
sS"'duck"
p192
I45
sS'then'
p193
I37
sS'them'
p194
I41
sS'bindge'
p195
I45
sS'"new'
p196
I45
sS"70'z"
p197
I45
sS'thrones'
p198
I42
sS'safe'
p199
I45
sS'whhhhhaaaaaaat'
p200
I45
sS'bang'
p201
I45
sS'actor.,91104\n491634089766576128,dsvm419,2014-07-22'
p202
I45
sS'they'
p203
I25
sS'bestfriend'
p204
I45
sS'one'
p205
I29
sS'bread'
p206
I43
sS'slashgearhtc'
p207
I45
sS'grammar'
p208
I45
sS'rocky'
p209
I45
sS'potatoes'
p210
I44
sS'xx'
p211
I45
sS'balart'
p212
I45
sS'fitness'
p213
I45
sS'went'
p214
I43
sS'mean'
p215
I44
sS'series'
p216
I44
sS'allan'
p217
I45
sS'bowls'
p218
I45
sS'skins'
p219
I45
sS'trading'
p220
I45
sS'crimen'
p221
I45
sS'forgot'
p222
I43
sS'lazada'
p223
I45
sS'rt'
p224
I40
sS'reminding'
p225
I45
sS'gon'
p226
I43
sS'god'
p227
I44
sS'cameras'
p228
I45
sS'lurks'
p229
I45
sS'george'
p230
I45
sS'fasho,91104\n496489748567834624,dsvm419,2014-08-05'
p231
I45
sS'laid'
p232
I45
sS'smh'
p233
I45
sS'got'
p234
I28
sS'rn'
p235
I45
sS'venezuela'
p236
I45
sS'34-years-olds'
p237
I45
sS"you're"
p238
I40
sS'tops'
p239
I45
sS'propone'
p240
I44
sS'v\xc3\xada'
p241
I45
sS'admits'
p242
I45
sS'disputes'
p243
I45
sS'rain'
p244
I44
sS'wennquentin'
p245
I45
sS'messages'
p246
I44
sS'days'
p247
I42
sS'silicon'
p248
I45
sS'flawless'
p249
I45
sS'd&i'
p250
I45
sS'soda'
p251
I45
sS'podemos'
p252
I45
sS'(at'
p253
I33
sS'already'
p254
I45
sS'characters'
p255
I45
sS'researcher'
p256
I45
sS'accent'
p257
I45
sS'veggie'
p258
I45
sS'another'
p259
I42
sS'sober'
p260
I45
sS'thick'
p261
I45
sS'crime-fighting'
p262
I45
sS"cordelia's"
p263
I45
sS'service'
p264
I45
sS'top'
p265
I43
sS'crunches'
p266
I45
sS'girls'
p267
I41
sS'needed'
p268
I45
sS'too'
p269
I42
sS'tom'
p270
I43
sS'legs'
p271
I44
sS'bitter'
p272
I45
sS'dogs'
p273
I44
sS'listen'
p274
I45
sS'urban'
p275
I45
sS'hangout'
p276
I45
sS'fuckery\xee\x90\x96\xee\x90\x96'
p277
I45
sS'centered'
p278
I45
sS'tool'
p279
I45
sS'western'
p280
I45
sS'wardrobe'
p281
I45
sS'dollhouse\xe2\x80\xa6'
p282
I45
sS'begins'
p283
I45
sS'anxiety'
p284
I45
sS'frankly'
p285
I45
sS'tree'
p286
I45
sS'shower'
p287
I45
sS'don\xe2\x80\x99t'
p288
I45
sS'16:07:53.0,34.1789326,-118.1414954,4615.01,freeday..,91104\n496042887910416384,dsvm419,2014-08-03'
p289
I45
sS'classes'
p290
I45
sS'williams'
p291
I45
sS'(usa)top'
p292
I45
sS'hacking'
p293
I45
sS'feeling'
p294
I43
sS'unstopable.,91104\n499077770593333248,dsvm419,2014-08-12'
p295
I45
sS'mini'
p296
I45
sS'fashion'
p297
I45
sS'mind'
p298
I44
sS'mine'
p299
I44
sS'talking'
p300
I44
sS'seen'
p301
I43
sS'person'
p302
I43
sS'-'
p303
I34
sS'causing'
p304
I45
sS'hatch'
p305
I45
sS'panties'
p306
I45
sS'greatest'
p307
I43
sS'gravy'
p308
I45
sS'bruce'
p309
I45
sS'mang\xe2\x80\x9d'
p310
I45
sS'doin'
p311
I44
sS'ebook'
p312
I45
sS'mashed'
p313
I44
sS'regular'
p314
I45
sS'letter'
p315
I45
sS'bradford'
p316
I45
sS'episode'
p317
I42
sS'doo'
p318
I45
sS'footage'
p319
I45
sS'medical'
p320
I45
sS'partition'
p321
I45
sS'm'
p322
I45
sS'dog'
p323
I45
sS'doe'
p324
I45
sS'tech'
p325
I44
sS'days..,91104\n496805223541653505,dsvm419,2014-08-05'
p326
I45
sS'consumer'
p327
I45
sS'simp.,91104\n499048548097204224,dsvm419,2014-08-12'
p328
I45
sS'came'
p329
I44
sS'saying'
p330
I45
sS'overpriced'
p331
I45
sS'05:38:09.0,34.1698701,-118.1372944,4615.01,live'
p332
I45
sS'ending'
p333
I45
sS'tempted'
p334
I45
sS'[beeeeeeeeeeeeep!!!!!]'
p335
I45
sS'explain'
p336
I45
sS'rihanna'
p337
I45
sS'rick'
p338
I45
sS'ritenow,91104\n495100581946474496,dsvm419,2014-08-01'
p339
I45
sS'boyfriend'
p340
I45
sS'baaaaack'
p341
I45
sS'do'
p342
I29
sS'decriminalizing'
p343
I45
sS'dm'
p344
I45
sS'de'
p345
I43
sS'stop'
p346
I43
sS'altadena...the'
p347
I45
sS'da'
p348
I45
sS'amazon'
p349
I45
sS'watermelon'
p350
I45
sS'tammy'
p351
I45
sS'report'
p352
I45
sS'nasty'
p353
I45
sS'disses'
p354
I45
sS'bar'
p355
I45
sS'bad'
p356
I42
sS'bae'
p357
I45
sS'scrumptious'
p358
I45
sS'release'
p359
I45
sS'bam'
p360
I45
sS'ruins'
p361
I45
sS'effing'
p362
I45
sS'blew'
p363
I45
sS'disaster'
p364
I45
sS'pihop'
p365
I41
sS'w/'
p366
I44
sS'testing'
p367
I45
sS'bosh..,91104\n498342490894655491,dsvm419,2014-08-10'
p368
I45
sS'24kt'
p369
I45
sS'best'
p370
I34
sS'said'
p371
I41
sS'lots'
p372
I45
sS'away'
p373
I43
sS'rings'
p374
I45
sS'prince'
p375
I45
sS'score'
p376
I45
sS'olympics'
p377
I44
sS'finger'
p378
I45
sS'prada'
p379
I45
sS'lamar'
p380
I45
sS'men'
p381
I45
sS'omg'
p382
I42
sS'wears'
p383
I45
sS'weak'
p384
I45
sS'southeast'
p385
I45
sS'devout'
p386
I45
sS'nosie'
p387
I45
sS'news'
p388
I44
sS'cop'
p389
I45
sS'fantasyland'
p390
I45
sS'veep'
p391
I45
sS'met'
p392
I45
sS'country'
p393
I45
sS'ill'
p394
I44
sS'against'
p395
I42
sS'damned'
p396
I45
sS'players'
p397
I45
sS'rellie'
p398
I45
sS'games'
p399
I45
sS'con'
p400
I44
sS'location-sensing'
p401
I45
sS"\xe2\x80\x98cousin'"
p402
I45
sS'written'
p403
I45
sS'loaded'
p404
I45
sS'trust'
p405
I45
sS'speak'
p406
I45
sS'bathroom'
p407
I45
sS'petty'
p408
I45
sS'angel'
p409
I45
sS'"you'
p410
I45
sS'binge'
p411
I45
sS'been'
p412
I40
sS'quickly'
p413
I45
sS'commission'
p414
I45
sS'beer'
p415
I45
sS'much'
p416
I42
sS'oooooh'
p417
I45
sS'06:52:50.0,34.1791214,-118.1416437,4615.01,its'
p418
I45
sS'life'
p419
I43
sS"'framily"
p420
I45
sS'families'
p421
I45
sS'mushroom'
p422
I45
sS'chile'
p423
I45
sS'catch'
p424
I45
sS"capone's"
p425
I45
sS'save'
p426
I45
sS'"und'
p427
I45
sS'16:33:03.0,34.1789848,-118.1416106,4615.01,loaded'
p428
I45
sS'n'
p429
I45
sS'ugly'
p430
I45
sS'near'
p431
I45
sS'anchor'
p432
I45
sS'skirts'
p433
I45
sS'cab'
p434
I45
sS'seven'
p435
I45
sS'wayyyyyyyy'
p436
I45
sS'olympic'
p437
I45
sS'is'
p438
I9
sS'bobblehead'
p439
I45
sS'it'
p440
I21
sS'throat'
p441
I45
sS'im'
p442
I44
sS'pressinvasive'
p443
I45
sS'in'
p444
I7
sS'ig'
p445
I44
sS'if'
p446
I33
sS'morning.,91104\n491574426215796736,dsvm419,2014-07-22'
p447
I45
sS'things'
p448
I39
sS'make'
p449
I42
sS'meetup'
p450
I44
sS'\xee\x90\xa3\xee\x90\x91\xee\x90\x92\xee\x90\x92'
p451
I45
sS'babies'
p452
I45
sS'plates'
p453
I44
sS'toasted'
p454
I45
sS'combatir'
p455
I45
sS'inadvertently'
p456
I45
sS'hang'
p457
I45
sS'evil'
p458
I45
sS'323.864.4425'
p459
I45
sS"nbc's"
p460
I45
sS'kim'
p461
I45
sS'supper'
p462
I45
sS'jealous'
p463
I44
sS'kid'
p464
I45
sS'risks..smh'
p465
I45
sS'thw'
p466
I45
sS'min'
p467
I44
sS'tho'
p468
I43
sS'<3333'
p469
I45
sS'the'
p470
I1
sS'yours'
p471
I45
sS'left'
p472
I41
sS'just'
p473
I22
sS'unemployment'
p474
I45
sS'photo'
p475
I45
sS'thanks'
p476
I40
sS'yep'
p477
I45
sS'yes'
p478
I43
sS'yet'
p479
I44
sS"bad'"
p480
I45
sS'cherry'
p481
I45
sS'ease'
p482
I45
sS'had'
p483
I41
sS'sochi'
p484
I41
sS'dreams'
p485
I45
sS'easy'
p486
I45
sS'has'
p487
I41
sS'\xe2\x80\x9990s'
p488
I45
sS'trimming'
p489
I45
sS'possible'
p490
I45
sS'boxes'
p491
I45
sS'birth'
p492
I45
sS'judge'
p493
I44
sS'rumor'
p494
I45
sS'nevermind'
p495
I45
sS'gift'
p496
I45
sS'04:37:54.0,34.1767558,-118.1396785,4615.01,let'
p497
I45
sS'55'
p498
I45
sS'20:12:24.0,34.1789864,-118.1416111,4615.01,s/o'
p499
I45
sS'semester'
p500
I45
sS'52'
p501
I45
sS'earth-like'
p502
I45
sS'officer'
p503
I45
sS'night'
p504
I37
sS'security'
p505
I45
sS'honrada'
p506
I45
sS'right'
p507
I40
sS'old'
p508
I43
sS'ole'
p509
I45
sS'deal'
p510
I44
sS'people'
p511
I41
sS'3..."'
p512
I45
sS'dead'
p513
I44
sS'sure'
p514
I45
sS'creep'
p515
I45
sS'cnt'
p516
I45
sS'for'
p517
I10
sS'05:42:24.0,34.16995272,-118.13735975,4615.01,newlywed'
p518
I45
sS'fox'
p519
I45
sS'ice'
p520
I44
sS'everything'
p521
I45
sS'christmas'
p522
I43
sS'shaker'
p523
I45
sS'familiares'
p524
I45
sS'ww3'
p525
I45
sS"ol'"
p526
I45
sS'deleted'
p527
I45
sS'marketing'
p528
I45
sS'corn'
p529
I45
sS'\xee\x8c\x92\xee\x8c\x92\xee\x8c\x90'
p530
I45
sS'burner'
p531
I45
sS'phew'
p532
I45
sS'post'
p533
I44
sS'garnished'
p534
I44
sS'vergenew'
p535
I45
sS'yelling'
p536
I45
sS'parenting'
p537
I45
sS'theirs'
p538
I45
sS'tuned'
p539
I45
sS'burbank'
p540
I45
sS'cliche'
p541
I45
sS'afternoon'
p542
I45
sS'stoked'
p543
I45
sS'investiguen,91104\n494980524151029760,sanlofe,2014-07-31'
p544
I45
sS'\xe2\x80\x98walking'
p545
I45
sS'donates'
p546
I45
sS'toothpicks'
p547
I45
sS'sof'
p548
I45
sS'me.,91104\n491148393423462400,dsvm419,2014-07-21'
p549
I45
sS'ppl'
p550
I41
sS'down'
p551
I41
sS'raises'
p552
I44
sS'1990s'
p553
I45
sS'abortado\xe2\x80\x9d'
p554
I45
sS'git'
p555
I45
sS'cali'
p556
I45
sS'time.,91104\n491143355699445760,dsvm419,2014-07-21'
p557
I45
sS'legislation'
p558
I45
sS'ibeacon'
p559
I45
sS'fight'
p560
I45
sS'stuck'
p561
I45
sS'way'
p562
I44
sS'resulted'
p563
I45
sS'avocados'
p564
I45
sS"nicki's"
p565
I45
sS'was'
p566
I23
sS'war'
p567
I45
sS'launching'
p568
I45
sS'happy'
p569
I35
sS'head'
p570
I42
sS'form'
p571
I45
sS'some'
p572
I35
sS'becoming'
p573
I45
sS'fireworks'
p574
I44
sS'artichoke'
p575
I45
sS'failure'
p576
I45
sS'true'
p577
I44
sS'portions'
p578
I45
sS'urgent'
p579
I45
sS'inside'
p580
I44
sS'mtv'
p581
I45
sS'm8'
p582
I44
sS'delete'
p583
I45
sS'pizza)'
p584
I45
sS'later'
p585
I44
sS'hotter'
p586
I45
sS'trey'
p587
I45
sS'texts'
p588
I45
sS'decorations....fml'
p589
I45
sS'prayer'
p590
I45
sS'18:47:20.0,34.1699499,-118.1372734,4615.01,happy'
p591
I45
sS'check'
p592
I42
sS'shit'
p593
I30
sS'ni'
p594
I45
sS'no'
p595
I23
sS'commercials'
p596
I45
sS'nd'
p597
I39
sS'actor'
p598
I45
sS'reality'
p599
I45
sS'pasadena'
p600
I35
sS'test'
p601
I43
sS'roll'
p602
I44
sS'eternity'
p603
I45
sS'picture'
p604
I44
sS"'s"
p605
I44
sS'>>>christopher'
p606
I45
sS'models'
p607
I45
sS'welcome'
p608
I45
sS'update'
p609
I44
sS"let's"
p610
I45
sS'fell'
p611
I45
sS'washington\xe2\x80\xa6'
p612
I45
sS'weekend'
p613
I44
sS'skinny'
p614
I45
sS"'i"
p615
I45
sS'billion'
p616
I45
sS'longer'
p617
I45
sS'glass'
p618
I45
sS"workers'"
p619
I45
sS'\xee\x90\x8e\xee\x90\x96\xee\x90\x88'
p620
I45
sS'together'
p621
I45
sS"wintour's"
p622
I45
sS':)"'
p623
I45
sS'songz'
p624
I45
sS'time'
p625
I37
sS'serious'
p626
I45
sS'songs'
p627
I45
sS':)'
p628
I37
sS'13:12:36.0,34.176616,-118.1383494,4615.01,militant'
p629
I45
sS'focus'
p630
I45
sS'manager'
p631
I45
sS'they\xe2\x80\xa6'
p632
I45
sS'disgusting'
p633
I44
sS'veg'
p634
I45
sS'finally'
p635
I43
sS'glad'
p636
I45
sS'text'
p637
I45
sS'me'
p638
I16
sS':d'
p639
I45
sS'pro-amazon'
p640
I45
sS'vegas'
p641
I43
sS'word'
p642
I43
sS'cool'
p643
I44
sS'dio'
p644
I45
sS'did'
p645
I43
sS'die'
p646
I44
sS'dig'
p647
I45
sS'leave'
p648
I45
sS'team'
p649
I43
sS'quick'
p650
I42
sS'sidewalk'
p651
I45
sS'cox'
p652
I45
sS'round'
p653
I45
sS"'jihad"
p654
I44
sS'pork'
p655
I44
sS'\xee\x90\x8e'
p656
I42
sS'says'
p657
I44
sS'04:55:54.0,34.1789319,-118.1414923,4615.01,doin'
p658
I45
sS'\xee\x90\x8a'
p659
I45
sS'17:52:12.0,34.1789863,-118.141611,4615.01,what'
p660
I45
sS'discover'
p661
I45
sS'sign'
p662
I43
sS'riese'
p663
I45
sS'shirts'
p664
I45
sS'\xee\x90\x96'
p665
I45
sS'irritated'
p666
I45
sS'adds'
p667
I45
sS'13:24:10.0,34.1791622,-118.1416674,4615.01,hate'
p668
I45
sS'celebrated'
p669
I45
sS'\xee\x90\xa3'
p670
I45
sS'extraterrestrial'
p671
I45
sS'suspect'
p672
I44
sS'goes'
p673
I44
sS'international'
p674
I43
sS'blunted'
p675
I45
sS'me.,91104\n495432622344904705,dsvm419,2014-08-02'
p676
I45
sS'water'
p677
I45
sS'woot'
p678
I45
sS'baseball'
p679
I45
sS'alone'
p680
I44
sS'based'
p681
I45
sS'along'
p682
I44
sS'fansidedmiramax'
p683
I45
sS'earthquake'
p684
I45
sS'change'
p685
I45
sS'wait'
p686
I44
sS'boy'
p687
I45
sS'shove'
p688
I45
sS'17:18:39.0,34.1789704,-118.1415197,4615.01,samuel'
p689
I45
sS'overflowing'
p690
I45
sS'renzi'
p691
I45
sS'kepler-186f'
p692
I45
sS'boo'
p693
I45
sS"d'angelo"
p694
I45
sS'weird'
p695
I44
sS'teenage'
p696
I45
sS'love'
p697
I11
sS'dashiki'
p698
I45
sS"'flappy"
p699
I45
sS'fake'
p700
I40
sS'funday...hit'
p701
I45
sS'market'
p702
I45
sS'hotels'
p703
I45
sS'everybody'
p704
I44
sS'oohhhh'
p705
I45
sS'wealth'
p706
I45
sS'working'
p707
I44
sS'prove'
p708
I45
sS'you."'
p709
I45
sS'angry'
p710
I45
sS'visit'
p711
I45
sS'distancing'
p712
I45
sS'symbolizes'
p713
I45
sS'live'
p714
I44
sS'iphone'
p715
I45
sS'angels'
p716
I45
sS'today'
p717
I37
sS'loving'
p718
I43
sS'sharing'
p719
I45
sS'pottedstore'
p720
I45
sS'ooh'
p721
I45
sS'chocolate'
p722
I45
sS'ninners'
p723
I45
sS'fly'
p724
I45
sS'honey'
p725
I45
sS'niggas'
p726
I44
sS'traicionada\xe2\x80\x93oportunidad'
p727
I45
sS'car'
p728
I43
sS'believes'
p729
I45
sS'values'
p730
I45
sS'can'
p731
I34
sS'growing'
p732
I45
sS'making'
p733
I44
sS'streak'
p734
I45
sS'heart'
p735
I45
sS"'downton"
p736
I45
sS'hermanos'
p737
I45
sS'noch'
p738
I45
sS'awesome'
p739
I41
sS"didn't"
p740
I41
sS'fuck'
p741
I37
sS'sample'
p742
I45
sS'heard'
p743
I45
sS'cube'
p744
I45
sS'purity'
p745
I45
sS'allowed'
p746
I45
sS'chic'
p747
I45
sS'clothing'
p748
I45
sS'stold'
p749
I45
sS'systems...excite'
p750
I45
sS'pink'
p751
I45
sS'dior'
p752
I45
sS'winter'
p753
I44
sS'dinner'
p754
I37
sS's5'
p755
I45
sS'write'
p756
I45
sS'till'
p757
I43
sS'sunday'
p758
I41
sS'rubin'
p759
I45
sS'nyc'
p760
I44
sS'snaps'
p761
I45
sS'designer'
p762
I45
sS'140'
p763
I45
sS'may'
p764
I45
sS'clone'
p765
I45
sS'spot'
p766
I45
sS'lucky'
p767
I43
sS'islamic'
p768
I44
sS'4th'
p769
I44
sS'ask..lol'
p770
I45
sS'mad'
p771
I41
sS'vases'
p772
I45
sS'such'
p773
I42
sS'guys'
p774
I43
sS'eighth'
p775
I45
sS'man'
p776
I41
sS'remember'
p777
I44
sS'johnson'
p778
I45
sS'maybe'
p779
I45
sS'jewelry/accessories'
p780
I45
sS'nosey'
p781
I45
sS'q'
p782
I43
sS'switch'
p783
I45
sS'so'
p784
I15
sS'pulled'
p785
I45
sS'talk'
p786
I43
sS'exclusive'
p787
I45
sS'sckrammmm'
p788
I45
sS'food'
p789
I45
sS'indeed'
p790
I45
sS'desenmascarar'
p791
I45
sS'star-studded'
p792
I45
sS'years'
p793
I44
sS'course'
p794
I45
sS'razors'
p795
I45
sS'still'
p796
I42
sS'worship'
p797
I45
sS'police'
p798
I43
sS'thank'
p799
I44
sS'how'
p800
I30
sS'presence'
p801
I44
sS'hot'
p802
I44
sS'offers'
p803
I45
sS'tweets'
p804
I44
sS'ours'
p805
I45
sS"dead'"
p806
I45
sS'nol'
p807
I45
sS'tucked'
p808
I45
sS'matches'
p809
I45
sS'lunch'
p810
I45
sS'fuerte'
p811
I45
sS'half'
p812
I45
sS'not'
p813
I30
sS'now'
p814
I32
sS'killed'
p815
I44
sS'name'
p816
I43
sS'carlton'
p817
I45
sS'05:25:36.0,34.1766112,-118.1383203,4615.01,fiscal'
p818
I45
sS'rock'
p819
I45
sS"pinocchio's"
p820
I44
sS'em'
p821
I44
sS'el'
p822
I44
sS'en'
p823
I44
sS'fired'
p824
I44
sS'bursting'
p825
I45
sS'ee'
p826
I45
sS'receipt'
p827
I45
sS'yeah'
p828
I41
sS"dragonfly'"
p829
I45
sS'year'
p830
I43
sS'girl'
p831
I42
sS'myrtle'
p832
I45
sS'pills'
p833
I45
sS'es'
p834
I42
sS'living'
p835
I44
sS"america's"
p836
I45
sS"pounding...that's"
p837
I45
sS'3rd'
p838
I45
sS'wennnashville'
p839
I45
sS'swordsman'
p840
I44
sS'looking'
p841
I41
sS'seriously'
p842
I44
sS'investigation'
p843
I45
sS'internet'
p844
I43
sS'shows'
p845
I44
sS'earlier'
p846
I45
sS'theory'
p847
I45
sS'million'
p848
I43
sS'stebie'
p849
I45
sS'quite'
p850
I45
sS'besides'
p851
I45
sS'remainder'
p852
I45
sS'care'
p853
I44
sS'language'
p854
I44
sS'a&e'
p855
I45
sS'it.,91104\n495100512036216833,dsvm419,2014-08-01'
p856
I45
sS'wah'
p857
I45
sS'aweeee'
p858
I45
sS'honest'
p859
I45
sS'chevy'
p860
I45
sS'thing'
p861
I44
sS'think'
p862
I40
sS'oj...then'
p863
I45
sS'mucha'
p864
I44
sS'flying'
p865
I45
sS"rubik's"
p866
I45
sS'yourself'
p867
I45
sS'ballmer'
p868
I45
sS'fast'
p869
I44
sS'message'
p870
I44
sS'tomorrow'
p871
I43
sS'city'
p872
I45
sS'little'
p873
I42
sS'coooool'
p874
I45
sS'bite'
p875
I44
sS't'
p876
I45
sS'anyone'
p877
I44
sS'10lbs'
p878
I45
sS'2'
p879
I42
sS'terrifying'
p880
I45
sS'shoppers'
p881
I45
sS'tho...,91104\n494339041777569792,dsvm419,2014-07-30'
p882
I45
sS'white'
p883
I44
sS'national'
p884
I45
sS'friend'
p885
I42
sS'gives'
p886
I45
sS'that'
p887
I13
sS'season'
p888
I42
sS'huh'
p889
I45
sS'viewing'
p890
I45
sS'kimmy\xee\x90\x92'
p891
I45
sS"'breaking"
p892
I45
sS'than'
p893
I42
sS'winslet'
p894
I45
sS'11'
p895
I45
sS'10'
p896
I42
sS'lmao'
p897
I39
sS'18'
p898
I45
sS'gotta'
p899
I44
sS'sloppies'
p900
I45
sS'were'
p901
I43
sS'fly..,91104\n497113614214385665,dsvm419,2014-08-06'
p902
I45
sS'russia'
p903
I45
sS'and'
p904
I8
sS'sam'
p905
I44
sS'sonntagabend'
p906
I45
sS'alley'
p907
I45
sS'sad'
p908
I44
sS'13th'
p909
I45
sS'say'
p910
I39
sS"bet'"
p911
I45
sS'breakfast'
p912
I42
sS'saw'
p913
I41
sS'any'
p914
I42
sS'prosperity'
p915
I45
sS'gpops'
p916
I45
sS'foreigner'
p917
I45
sS'ideas'
p918
I45
sS'zoo'
p919
I45
sS'note'
p920
I45
sS'equipment'
p921
I45
sS'take'
p922
I41
sS'online'
p923
I45
sS'interior'
p924
I45
sS'channel'
p925
I45
sS'acuerdo'
p926
I44
sS'"fashion'
p927
I45
sS'skinned'
p928
I45
sS'206'
p929
I45
sS'knew'
p930
I45
sS'chekin'
p931
I45
sS'insanity'
p932
I45
sS'pair'
p933
I45
sS'forever'
p934
I45
sS'adopt'
p935
I45
sS'blanchett'
p936
I45
sS"80'z"
p937
I45
sS'(father'
p938
I45
sS'show'
p939
I40
sS'german'
p940
I40
sS"mama's"
p941
I43
sS'dubrow'
p942
I45
sS'peaches'
p943
I45
sS'hace'
p944
I45
sS'aint'
p945
I45
sS'slow'
p946
I45
sS'dick'
p947
I45
sS'3'
p948
I41
sS'only'
p949
I38
sS'going'
p950
I36
sS'black'
p951
I44
sS'here...lol'
p952
I45
sS'ranking'
p953
I45
sS'presbyterian'
p954
I45
sS'get'
p955
I35
sS'assistant'
p956
I44
sS'cannot'
p957
I45
sS"hanks'"
p958
I45
sS'buuuut'
p959
I45
sS'held'
p960
I45
sS'frustrated'
p961
I45
sS'attitude'
p962
I45
sS'morning'
p963
I42
sS'stupid'
p964
I45
sS'bombs'
p965
I45
sS'quickie'
p966
I45
sS'hotness'
p967
I45
sS'where'
p968
I40
sS'xmas'
p969
I45
sS'husband'
p970
I45
sS"y'all"
p971
I41
sS'picnic'
p972
I45
sS'espn'
p973
I45
sS'saut\xc3\xa9ed'
p974
I45
sS'gangster'
p975
I45
sS'17:15:37.0,34.1789704,-118.1415197,4615.01,just'
p976
I45
sS'honesto'
p977
I45
sS'hoes'
p978
I43
sS'wonder'
p979
I44
sS'camping'
p980
I45
sS'ways'
p981
I44
sS'amen'
p982
I45
sS'glaze'
p983
I44
sS'sites'
p984
I45
sS"father's"
p985
I45
sS'outside'
p986
I45
sS"'devil"
p987
I45
sS'between'
p988
I45
sS'teens'
p989
I45
sS'reading'
p990
I45
sS'across'
p991
I45
sS'whipped'
p992
I45
sS'jobs'
p993
I45
sS'mexicans'
p994
I45
sS'prettiest'
p995
I45
sS'style'
p996
I43
sS'killing'
p997
I45
sS'awards'
p998
I43
sS'jk'
p999
I45
sS'come'
p1000
I40
sS'fried'
p1001
I45
sS'many'
p1002
I41
sS'trades'
p1003
I45
sS'quiet'
p1004
I45
sS'prompted'
p1005
I45
sS'4:20'
p1006
I45
sS'yeeee'
p1007
I45
sS'backpack'
p1008
I44
sS"can't"
p1009
I33
sS'yearly'
p1010
I45
sS'color'
p1011
I45
sS'effective'
p1012
I45
sS'50-50'
p1013
I45
sS"07:05:39.0,34.1791214,-118.1416437,4615.01,ain't"
p1014
I45
sS'60'
p1015
I45
sS'pole'
p1016
I45
sS'65'
p1017
I45
sS"couldn't"
p1018
I45
sS'cancel'
p1019
I45
sS'ordered'
p1020
I45
sS'posthow'
p1021
I45
sS'consider'
p1022
I45
sS'custody'
p1023
I45
sS'selena'
p1024
I45
sS'vacation'
p1025
I43
sS'tropical'
p1026
I45
sS'staring'
p1027
I45
sS'mary'
p1028
I45
sS'wants'
p1029
I45
sS'son,91104\n494979887820599296,sanlofe,2014-07-31'
p1030
I45
sS'direction'
p1031
I45
sS'wake'
p1032
I45
sS'spirit'
p1033
I45
sS'those'
p1034
I43
sS'sound'
p1035
I44
sS'myself'
p1036
I45
sS'stacked'
p1037
I45
sS'these'
p1038
I30
sS'sophs'
p1039
I45
sS'cash'
p1040
I45
sS'cast'
p1041
I44
sS'coco'
p1042
I45
sS'heat..,91104\n495432041693859840,dsvm419,2014-08-02'
p1043
I45
sS'01:03:15.0,34.1791109,-118.14164,4615.01,females'
p1044
I45
sS'ein'
p1045
I45
sS'one-armed'
p1046
I44
sS'bros'
p1047
I45
sS'couples'
p1048
I45
sS'muri\xc3\xb3'
p1049
I45
sS'someone'
p1050
I39
sS'punched'
p1051
I45
sS'drug'
p1052
I45
sS'everyday'
p1053
I45
sS'annoying'
p1054
I45
sS'\xee\x90\x83\xee\x90\x81'
p1055
I45
sS'rooting'
p1056
I44
sS'pay'
p1057
I43
sS'$22'
p1058
I45
sS'bowl'
p1059
I38
sS'same'
p1060
I40
sS'surveillance'
p1061
I45
sS'ya'
p1062
I45
sS'followers'
p1063
I45
sS'yeahhh'
p1064
I45
sS"brother's"
p1065
I45
sS'week'
p1066
I41
sS'applaud'
p1067
I45
sS'nest'
p1068
I45
sS'driver'
p1069
I45
sS'weed'
p1070
I45
sS'favorites'
p1071
I45
sS'04:37:09.0,34.1767558,-118.1396785,4615.01,apple'
p1072
I45
sS'\xe2\x9c\x8c\xef\xb8\x8f'
p1073
I45
sS'burrito'
p1074
I45
sS'23:49:30.0,34.1791224,-118.1416439,4615.01,txt'
p1075
I45
sS'charger'
p1076
I45
sS"usa's"
p1077
I45
sS'without'
p1078
I45
sS'"friends"'
p1079
I45
sS'model'
p1080
I45
sS'summer'
p1081
I44
sS'being'
p1082
I41
sS'money'
p1083
I44
sS'actress'
p1084
I45
sS'"buddy"'
p1085
I45
sS'kill'
p1086
I44
sS'topped'
p1087
I45
sS'kiln'
p1088
I45
sS'heartbrooken'
p1089
I45
sS'death'
p1090
I44
sS'rose'
p1091
I38
sS'seems'
p1092
I45
sS'lets'
p1093
I43
sS'setting'
p1094
I45
sS'4'
p1095
I43
sS'tuesday'
p1096
I45
sS'real'
p1097
I40
sS'around'
p1098
I44
sS'kills'
p1099
I45
sS'read'
p1100
I45
sS'sandman'
p1101
I45
sS'gonna'
p1102
I40
sS'early'
p1103
I42
sS'postwhat'
p1104
I45
sS'good.,91104\n496848436151336961,dsvm419,2014-08-06'
p1105
I45
sS'mom'
p1106
I45
sS'world'
p1107
I41
sS'lady'
p1108
I45
sS'say.,91104\n491588645682311169,dsvm419,2014-07-22'
p1109
I45
sS'aaaaahhhhh'
p1110
I45
sS'caprese'
p1111
I45
sS'thighs'
p1112
I45
sS'retailers'
p1113
I45
sS'clay'
p1114
I19
sS'beverly'
p1115
I45
sS'doll'
p1116
I45
sS'perseguidos'
p1117
I45
sS'competition'
p1118
I44
sS'l'
p1119
I45
sS'lobster'
p1120
I45
sS'whybitches'
p1121
I45
sS'thinks'
p1122
I45
sS'09:11:16.0,34.1789717,-118.1415196,4615.01,everybody'
p1123
I45
sS'moon'
p1124
I45
sS'ok...the'
p1125
I45
sS'cersei'
p1126
I44
sS'football'
p1127
I45
sS'problems'
p1128
I45
sS'pastors'
p1129
I45
sS'noww.,91104\n501393346342821888,sanlofe,2014-08-18'
p1130
I45
sS'throwback'
p1131
I45
sS';)'
p1132
I45
sS"'the"
p1133
I45
sS'on'
p1134
I12
sS'oh'
p1135
I38
sS'of'
p1136
I6
sS'favorite'
p1137
I42
sS'fudgie'
p1138
I45
sS'mixed'
p1139
I45
sS'or'
p1140
I37
sS'road'
p1141
I45
sS'weighs'
p1142
I45
sS'whites'
p1143
I45
sS'blessed'
p1144
I45
sS'angelo'
p1145
I45
sS'clams'
p1146
I45
sS'elementary'
p1147
I45
sS'gomez'
p1148
I45
sS'your'
p1149
I26
sS'number!,91104\n411370497046114306,nicoleltate,2013-12-13'
p1150
I45
sS'her'
p1151
I38
sS'area'
p1152
I45
sS'kicked...hell'
p1153
I45
sS'there'
p1154
I40
sS'hey'
p1155
I42
sS'lol'
p1156
I27
sS'start'
p1157
I44
sS'self-navigating'
p1158
I45
sS'lot'
p1159
I43
sS'yah'
p1160
I45
sS'jones'
p1161
I45
sS'enough'
p1162
I45
sS'awwwwww'
p1163
I45
sS'strikes'
p1164
I45
sS'spider'
p1165
I44
sS'muy'
p1166
I45
sS'ended'
p1167
I45
sS'lampoons'
p1168
I45
sS'trying'
p1169
I44
sS'with'
p1170
I14
sS'buying'
p1171
I45
sS'handsome'
p1172
I45
sS"they're"
p1173
I44
sS'rush'
p1174
I45
sS'october'
p1175
I45
sS'unveils'
p1176
I45
sS'assume'
p1177
I45
sS'grass'
p1178
I44
sS'affection'
p1179
I45
sS'gone'
p1180
I45
sS'leaked'
p1181
I45
sS'videos'
p1182
I45
sS'af'
p1183
I45
sS'taste'
p1184
I45
sS'ah'
p1185
I45
sS'doug'
p1186
I45
sS'am'
p1187
I38
sS'al'
p1188
I43
sS'an'
p1189
I35
sS'\xee\x90\x83\xee\x81\x98'
p1190
I44
sS'cbs'
p1191
I45
sS'as'
p1192
I39
sS'at'
p1193
I17
sS'girlfriend'
p1194
I45
sS'watched'
p1195
I45
sS'moves'
p1196
I45
sS'film'
p1197
I45
sS'cream'
p1198
I44
sS'again'
p1199
I44
sS'heather'
p1200
I45
sS'deserve'
p1201
I45
sS'w/20'
p1202
I45
sS'field'
p1203
I45
sS'5'
p1204
I42
sS'friggin'
p1205
I45
sS'you'
p1206
I7
sS'poor'
p1207
I45
sS'brandi'
p1208
I45
sS'hights'
p1209
I45
sS'to\xc3\xb1o'
p1210
I43
sS'of\xe2\x80\xa6'
p1211
I45
sS'projectmplus'
p1212
I45
sS'wife'
p1213
I45
sS'casts'
p1214
I45
sS'websites'
p1215
I44
sS'having'
p1216
I45
sS'u'
p1217
I42
sS'starting'
p1218
I45
sS'all'
p1219
I23
sS'9/10'
p1220
I45
sS'forget'
p1221
I44
sS'fuego'
p1222
I45
sS'ready\xe2\x80\x9dsoml,91104\n485180944010051584,iamrayce,2014-07-04'
p1223
I45
sS'follow'
p1224
I44
sS'revealed'
p1225
I45
sS'children'
p1226
I45
sS'hmmm'
p1227
I45
sS'glimpse'
p1228
I44
sS'apartment'
p1229
I45
sS'tv'
p1230
I40
sS'yonc\xc3\x89'
p1231
I45
sS'thursday'
p1232
I44
sS'former'
p1233
I45
sS'to'
p1234
I4
sS'program'
p1235
I45
sS'tf'
p1236
I45
sS'enjoying'
p1237
I45
sS'case'
p1238
I45
sS'woman'
p1239
I45
sS'fast..lmao,91104\n491635388687986688,dsvm419,2014-07-22'
p1240
I45
sS'hillarious'
p1241
I45
sS'song'
p1242
I45
sS'far'
p1243
I45
sS'fav'
p1244
I45
sS'fat'
p1245
I42
sS'hahahahahahaha'
p1246
I44
sS'ican'
p1247
I45
sS'worst'
p1248
I45
sS'fam'
p1249
I45
sS'sony'
p1250
I45
sS'difference'
p1251
I45
sS'steve'
p1252
I44
sS'heaven'
p1253
I45
sS'cable'
p1254
I45
sS'--'
p1255
I45
sS'celebrity'
p1256
I45
sS'list'
p1257
I45
sS'large'
p1258
I45
sS'sand'
p1259
I45
sS'undone'
p1260
I45
sS'small'
p1261
I43
sS"i'll"
p1262
I45
sS'pasa'
p1263
I45
sS'hahahahahahah'
p1264
I45
sS'05:38:03.0,34.1773405,-118.1399712,4615.01,dippin'
p1265
I45
sS'invention'
p1266
I45
sS'design'
p1267
I45
sS'nbc'
p1268
I45
sS'harden'
p1269
I45
sS'what'
p1270
I23
sS'11:43:52.0,34.17776934,-118.13384844,4615.01,here'
p1271
I45
sS'sun'
p1272
I44
sS'ayudar'
p1273
I45
sS'scientists'
p1274
I45
sS"cnetgoogle's"
p1275
I45
sS'\xee\x90\x8e\xee\x80\x91'
p1276
I45
sS'hours'
p1277
I44
sS'operating'
p1278
I45
sS'free'
p1279
I44
sS'epitome'
p1280
I45
sS'iraq'
p1281
I45
sS'search'
p1282
I45
sS'inspired'
p1283
I43
sS'cordelia'
p1284
I44
sS'brutal'
p1285
I45
sS'pics'
p1286
I45
sS'via'
p1287
I34
sS'jazmine'
p1288
I45
sS'family'
p1289
I40
sS'06:48:43.0,34.1791214,-118.1416437,4615.01,i'
p1290
I45
sS'put'
p1291
I43
sS'vip'
p1292
I45
sS'pulls'
p1293
I45
sS'05:38:27.0,34.1698701,-118.1372944,4615.01,arizona'
p1294
I45
sS'05:41:03.0,34.16995272,-118.13735975,4615.01,twitter'
p1295
I45
sS'two'
p1296
I44
sS"d'jango"
p1297
I44
sS'12:50:46.0,34.1766085,-118.1381046,4615.01,jewsnews'
p1298
I45
sS'pitching'
p1299
I45
sS'\xc2\xbb\xc2\xbb\xc2\xbb'
p1300
I45
sS'mysterious'
p1301
I45
sS'versailles'
p1302
I45
sS'more'
p1303
I34
sS'teen'
p1304
I45
sS'tryna'
p1305
I45
sS'knows'
p1306
I43
sS'light-years'
p1307
I45
sS'tested'
p1308
I45
sS"ain't"
p1309
I41
sS'basically'
p1310
I45
sS'broke'
p1311
I44
sS'06:55:35.0,34.1789383,-118.1415028,4615.01,i'
p1312
I45
sS'negativity'
p1313
I45
sS'grill'
p1314
I45
sS'none'
p1315
I45
sS'hour'
p1316
I45
sS'sucks'
p1317
I44
sS'remain'
p1318
I45
sS'del'
p1319
I45
sS'learn'
p1320
I45
sS'strategies'
p1321
I45
sS'dec'
p1322
I45
sS'sucka'
p1323
I45
sS'history'
p1324
I45
sS'beautiful'
p1325
I44
sS'division'
p1326
I45
sS'share'
p1327
I44
sS'lmfaoodamn'
p1328
I45
sS'you......kinda...somewhat....yeah'
p1329
I45
sS'pong'
p1330
I45
sS'needs'
p1331
I44
sS'awkward'
p1332
I44
sS'chops'
p1333
I44
sS'ejecucion'
p1334
I45
sS'cling'
p1335
I45
sS'prodigal'
p1336
I45
sS'okay'
p1337
I44
sS'advice'
p1338
I44
sS'fb'
p1339
I45
sS'21:24:37.0,34.1791285,-118.1416541,4615.01,i'
p1340
I45
sS'blood'
p1341
I44
sS'coming'
p1342
I42
sS'authentic'
p1343
I45
sS'plank'
p1344
I45
sS'a'
p1345
I5
sS'funday'
p1346
I45
sS'this...but'
p1347
I45
sS'putting'
p1348
I45
sS'dream'
p1349
I44
sS"that's"
p1350
I39
sS'help'
p1351
I45
sS"don't"
p1352
I27
sS'developed'
p1353
I45
sS'sooo'
p1354
I45
sS'soon'
p1355
I42
sS'radar'
p1356
I45
sS'lunch...i'
p1357
I45
sS'hell'
p1358
I44
sS'490'
p1359
I45
sS'its'
p1360
I36
sS'24'
p1361
I45
sS'25'
p1362
I44
sS'26'
p1363
I40
sS'20'
p1364
I44
sS'21'
p1365
I45
sS'beyonce'
p1366
I43
sS'29'
p1367
I45
sS'actually'
p1368
I44
sS'late'
p1369
I44
sS'>>>'
p1370
I45
sS"dynasty'"
p1371
I45
sS'bout'
p1372
I42
sS'might'
p1373
I45
sS"haven't"
p1374
I44
sS'avi.,91104\n491635098496684032,dsvm419,2014-07-22'
p1375
I45
sS'good'
p1376
I32
sS'return'
p1377
I45
sS'yo'
p1378
I37
sS'ceo'
p1379
I44
sS'clippers'
p1380
I45
sS'very'
p1381
I45
sS'walls'
p1382
I45
sS'foot'
p1383
I45
sS'yu'
p1384
I33
sS'viewers'
p1385
I45
sS'$250m'
p1386
I45
sS'boo,91104\n491633846106869760,dsvm419,2014-07-22'
p1387
I45
sS'always'
p1388
I42
sS'm\xc3\xa1s'
p1389
I45
sS'messed'
p1390
I45
sS'found'
p1391
I42
sS'trailer'
p1392
I45
sS'hongry'
p1393
I45
sS'status'
p1394
I45
sS'everyone'
p1395
I43
sS'weight'
p1396
I45
sS'house'
p1397
I43
sS'hard'
p1398
I45
sS'idea'
p1399
I45
sS'homegirls'
p1400
I45
sS'chrissy'
p1401
I45
sS'expect'
p1402
I45
sS'beyond'
p1403
I45
sS'really'
p1404
I30
sS'plushinko'
p1405
I45
sS'flower'
p1406
I45
sS'funding'
p1407
I45
sS'since'
p1408
I45
sS'health'
p1409
I45
sS'7'
p1410
I44
sS"america'"
p1411
I44
sS'ass'
p1412
I32
sS'fiber'
p1413
I45
sS'bass'
p1414
I45
sS'razor'
p1415
I45
sS'friday'
p1416
I40
sS'guess'
p1417
I45
sS'cockroach'
p1418
I45
sS'cookie'
p1419
I45
sS'members'
p1420
I45
sS'ask'
p1421
I43
sS'power...of'
p1422
I45
sS'cheering'
p1423
I45
sS'leading'
p1424
I45
sS'feed'
p1425
I45
sS'major'
p1426
I44
sS'hubiera'
p1427
I45
sS'simply'
p1428
I45
sS'feel'
p1429
I43
sS'shit.,91104\n499076789155536896,dsvm419,2014-08-12'
p1430
I45
sS'number'
p1431
I45
sS'well-known'
p1432
I45
sS'sisters'
p1433
I45
sS'done'
p1434
I39
sS'htc'
p1435
I44
sS'wages'
p1436
I45
sS'miss'
p1437
I42
sS'moan'
p1438
I45
sS'story'
p1439
I44
sS'"'
p1440
I45
sS'script'
p1441
I45
sS'mercilessly'
p1442
I45
sS'18-'
p1443
I45
sS'storm'
p1444
I45
sS'scheme'
p1445
I45
sS'selling'
p1446
I45
sS'para'
p1447
I42
sS'behind'
p1448
I45
sS'passersby'
p1449
I45
sS'rifle'
p1450
I45
sS'14:20:41.0,34.1791622,-118.1416674,4615.01,cherish'
p1451
I45
sS'ashley'
p1452
I45
sS'believe'
p1453
I42
sS'$2'
p1454
I45
sS'\xee\x90\x92\xee\x90\x92\xee\x80\x91'
p1455
I45
sS'reflection'
p1456
I45
sS'king'
p1457
I45
sS'kind'
p1458
I45
sS'ones.,91104\n496333001869889536,dsvm419,2014-08-04'
p1459
I45
sS'13:00:57.0,34.1766324,-118.1384259,4615.01,summer'
p1460
I45
sS'happymadisonh'
p1461
I45
sS'dang'
p1462
I45
sS'tech-media'
p1463
I45
sS'ousted'
p1464
I44
sS'declare'
p1465
I44
sS'interactive'
p1466
I45
sS'banded'
p1467
I45
sS'dry.,91104\n496552733768290305,dsvm419,2014-08-05'
p1468
I45
sS'randomly'
p1469
I45
sS'juice'
p1470
I45
sS'prizeezy'
p1471
I45
sS'21:58:45.0,34.1743802,-118.13215672,4615.01,,91104\n481887119086862336,iamrayce,2014-06-25'
p1472
I45
sS'philly'
p1473
I45
sS'lie'
p1474
I44
sS'nights'
p1475
I44
sS'relationship'
p1476
I45
sS'trip'
p1477
I45
sS'self'
p1478
I44
sS'cropped'
p1479
I45
sS'lit'
p1480
I45
sS'square'
p1481
I45
sS'liq'
p1482
I45
sS'hand-thrown'
p1483
I45
sS'gym'
p1484
I45
sS'youre'
p1485
I45
sS'pandilleros'
p1486
I43
sS'eggs'
p1487
I44
sS'most'
p1488
I45
sS'apoyan'
p1489
I43
sS'hands-on'
p1490
I45
sS'gem\xc3\xbctlicher'
p1491
I45
sS'mobile'
p1492
I45
sS'microsoft'
p1493
I45
sS'ugh'
p1494
I45
sS'golf'
p1495
I45
sS'gold'
p1496
I44
sS'dicaprio'
p1497
I45
sS'wasted'
p1498
I45
sS'fine'
p1499
I42
sS'find'
p1500
I42
sS'2git'
p1501
I45
sS'impact'
p1502
I45
sS'pretty'
p1503
I44
sS'8'
p1504
I44
sS',91104\n499722885980635137,dsvm419,2014-08-14'
p1505
I45
sS'his'
p1506
I42
sS'hit'
p1507
I44
sS'beyonc\xc3\xa9'
p1508
I44
sS'express'
p1509
I45
sS'estrella'
p1510
I45
sS'famous'
p1511
I44
sS'feels'
p1512
I45
sS'reply'
p1513
I45
sS'siria\xe2\x80\xa6'
p1514
I45
sS'during'
p1515
I44
sS'04:52:58.0,34.1789319,-118.1414923,4615.01,jamie'
p1516
I45
sS'him'
p1517
I42
sS'cry'
p1518
I44
sS'pinocchios'
p1519
I44
sS'verdad'
p1520
I45
sS'cheese'
p1521
I45
sS'insane'
p1522
I45
sS'set'
p1523
I44
sS'art'
p1524
I45
sS'dump'
p1525
I45
sS'throwing'
p1526
I45
sS'see'
p1527
I35
sS'barb'
p1528
I45
sS'dumb'
p1529
I45
sS'are'
p1530
I24
sS'sea'
p1531
I45
sS'close'
p1532
I45
sS'project'
p1533
I45
sS'movie'
p1534
I42
sS'wow'
p1535
I44
sS'exchange'
p1536
I45
sS'please'
p1537
I42
sS'smallest'
p1538
I45
sS'rite'
p1539
I44
sS'champagne'
p1540
I45
sS'beasts'
p1541
I45
sS'rita'
p1542
I45
sS'available'
p1543
I45
sS'korea'
p1544
I45
sS'creating'
p1545
I45
sS'attention'
p1546
I43
sS'sharpies'
p1547
I45
sS'outfit'
p1548
I45
sS'lmfaooooooooooo'
p1549
I45
sS'succeed'
p1550
I45
sS'solucionar'
p1551
I44
sS'ahow'
p1552
I45
sS'marilyn'
p1553
I45
sS'both'
p1554
I45
sS'last'
p1555
I41
sS'improves'
p1556
I45
sS'show!,91104\n411347507487064064,nicoleltate,2013-12-13'
p1557
I45
sS'weirdo'
p1558
I45
sS'whole'
p1559
I44
sS'finds'
p1560
I45
sS'liked'
p1561
I44
sS'likee'
p1562
I45
sS'drunk'
p1563
I45
sS'reasons'
p1564
I45
sS'whatever'
p1565
I45
sS'today.,91104\n497114407650856960,dsvm419,2014-08-06'
p1566
I45
sS'ravi'
p1567
I44
sS'volunteered'
p1568
I45
sS'belt'
p1569
I45
sS'instagwam'
p1570
I45
sS'valley...amongst'
p1571
I45
sS'damn'
p1572
I40
sS'woke'
p1573
I44
sS'kathy'
p1574
I45
sS'gay'
p1575
I44
sS'fire'
p1576
I40
sS'else'
p1577
I44
sS'understand'
p1578
I40
sS'bidding'
p1579
I45
sS'rocking'
p1580
I45
sS'"everywhere'
p1581
I45
sS'look'
p1582
I39
sS'all-time'
p1583
I45
sS'solid'
p1584
I45
sS'straight'
p1585
I44
sS'begin.,91104\n498327166547795969,dsvm419,2014-08-10'
p1586
I45
sS'fue'
p1587
I45
sS'tweaking'
p1588
I45
sS'kick'
p1589
I44
sS'cognac,91104\n497440083146842113,dsvm419,2014-08-07'
p1590
I45
sS'15:41:03.0,34.1766128,-118.1383952,4615.01,matteo'
p1591
I45
sS'huffington'
p1592
I44
sS'robin'
p1593
I45
sS'swim'
p1594
I45
sS'pound'
p1595
I45
sS'10000'
p1596
I45
sS'<3'
p1597
I45
sS'01:17:05.0,34.1700302,-118.1374546,4615.01,sheriff'
p1598
I45
sS'rip'
p1599
I45
sS'bummy'
p1600
I45
sS'fiona'
p1601
I45
sS'ready'
p1602
I44
sS'oohkay'
p1603
I45
sS'ahahahabahahaaaaaa'
p1604
I45
sS'rib'
p1605
I43
sS'monroe'
p1606
I45
sS'chase'
p1607
I45
sS'funny'
p1608
I44
sS'shirt'
p1609
I45
sS'anymore'
p1610
I45
sS'belong'
p1611
I45
sS'dying.,91104\n491644872823017472,dsvm419,2014-07-22'
p1612
I45
sS'advise'
p1613
I45
sS'higher'
p1614
I45
sS'used'
p1615
I43
sS'mountain'
p1616
I45
sS'gibresh'
p1617
I45
sS'holidays'
p1618
I45
sS'moment'
p1619
I45
sS'u.s'
p1620
I45
sS'purpose'
p1621
I45
sS'ughhhhhhh'
p1622
I45
sS'17:25:16.0,34.1789704,-118.1415197,4615.01,leonardo'
p1623
I45
sS'dark'
p1624
I45
sS'older'
p1625
I45
sS'salvation'
p1626
I45
sS'limbaugh'
p1627
I45
sS'spent'
p1628
I45
sS'phil'
p1629
I45
sS'flippin'
p1630
I45
sS'cheer'
p1631
I45
sS'y'
p1632
I45
sS'chemistry'
p1633
I45
sS'breathtaking'
p1634
I45
sS'officemates'
p1635
I45
sS'letting'
p1636
I45
sS'fudgepacker'
p1637
I45
sS'parents'
p1638
I45
sS'album/vids'
p1639
I45
sS'homies'
p1640
I45
sS'snap'
p1641
I45
sS'excited'
p1642
I45
sS'hates'
p1643
I45
sS'20:16:07.0,34.1789864,-118.1416111,4615.01,people'
p1644
I45
sS'suffocation'
p1645
I45
sS'victims'
p1646
I45
sS'big'
p1647
I34
sS'faster"'
p1648
I45
sS'game'
p1649
I39
sS'21:20:15.0,34.1773449,-118.1399719,4615.01,put'
p1650
I45
sS'1/2,91104\n493814117744926720,sanlofe,2014-07-28'
p1651
I45
sS"macy's"
p1652
I45
sS'formal'
p1653
I45
sS'17:26:25.0,34.1789704,-118.1415197,4615.01,i'
p1654
I45
sS'17:16:37.0,34.1773442,-118.1399713,4615.01,national'
p1655
I45
sS'wingstop'
p1656
I45
sS'07:06:11.0,34.1791214,-118.1416437,4615.01,yo'
p1657
I45
sS"06:55:14.0,34.1791214,-118.1416437,4615.01,ain't"
p1658
I45
sS'chairs'
p1659
I45
sS'arthur'
p1660
I45
sS'popular'
p1661
I45
sS'awesome\xe2\x80\xa6'
p1662
I45
sS'sketch'
p1663
I45
sS'google'
p1664
I44
sS'gardening'
p1665
I45
sS'fucking'
p1666
I45
sS"'ninjas'"
p1667
I45
sS'magnificent'
p1668
I45
sS'back'
p1669
I34
sS'understood'
p1670
I45
sS'lips'
p1671
I45
sS'"we'
p1672
I45
sS'curious'
p1673
I45
sS'sprint'
p1674
I45
sS'redstone'
p1675
I45
sS'lights)'
p1676
I45
sS"'unjust'"
p1677
I45
sS'jewelry'
p1678
I44
sS'catholic/christian'
p1679
I45
sS'sneakers'
p1680
I45
sS'one....which'
p1681
I45
sS'anna'
p1682
I45
sS'either'
p1683
I44
sS'be'
p1684
I20
sS'sixteen'
p1685
I45
sS"google's"
p1686
I45
sS'rub'
p1687
I45
sS'$80'
p1688
I45
sS'odom'
p1689
I45
sS'santa'
p1690
I45
sS'darkskin'
p1691
I44
sS'bird-inspired'
p1692
I45
sS'carol'
p1693
I45
sS'by'
p1694
I32
sS'shine'
p1695
I45
sS'a\xc3\xb1os'
p1696
I45
sS'\xe2\x80\x9cojal\xc3\xa1'
p1697
I45
sS'anything'
p1698
I44
sS'netflix'
p1699
I45
sS"'smuggle'"
p1700
I45
sS'idk'
p1701
I44
sS'wanna'
p1702
I41
sS'seeing'
p1703
I45
sS'colorado'
p1704
I45
sS'terrorists'
p1705
I45
sS'resigns'
p1706
I45
sS'into'
p1707
I45
sS'nothing'
p1708
I43
sS'momma'
p1709
I45
sS'nigga'
p1710
I41
sS'ayyy'
p1711
I45
sS'ylos'
p1712
I45
sS'lesson'
p1713
I45
sS'dwayne'
p1714
I45
sS'rolls'
p1715
I45
sS'smells'
p1716
I45
sS'xoxo'
p1717
I45
sS'ca)'
p1718
I39
sS'long'
p1719
I45
sS'nothing."'
p1720
I45
sS"we're"
p1721
I45
sS'homemade'
p1722
I44
sS'bruh'
p1723
I45
sS'hdbrows'
p1724
I45
sS'opens'
p1725
I45
sS"'good"
p1726
I45
sS'girlfriends'
p1727
I45
sS'16:20:03.0,34.17686485,-118.13417484,4615.01,dancing'
p1728
I45
sS'don'
p1729
I45
sS'line'
p1730
I44
sS'intestines'
p1731
I45
sS'posted'
p1732
I45
sS"abbey'"
p1733
I45
sS'nieces'
p1734
I45
sS'uu'
p1735
I45
sS'up'
p1736
I26
sS'us'
p1737
I41
sS'stalking'
p1738
I45
sS'planet'
p1739
I45
sS"tomorrow's"
p1740
I45
sS'trendsetter"'
p1741
I45
sS'z'
p1742
I44
sS'called'
p1743
I45
sS'camp'
p1744
I44
sS'associated'
p1745
I44
sS'single'
p1746
I43
sS'warning'
p1747
I45
sS'mindd..hahah,91104\n493507274531291141,dsvm419,2014-07-27'
p1748
I45
sS'stripper'
p1749
I45
sS'lemon'
p1750
I45
sS'peach'
p1751
I45
sS',91104\n411666118403563520,nicoleltate,2013-12-14'
p1752
I45
sS'hovi'
p1753
I45
sS'naw'
p1754
I45
sS'hova'
p1755
I45
sS'nice'
p1756
I42
sS'smiles'
p1757
I45
sS'sippin.,91104\n498327354628792321,dsvm419,2014-08-10'
p1758
I45
sS'luncheon'
p1759
I45
sS'insect'
p1760
I45
sS'ago'
p1761
I45
sS'walcott'
p1762
I45
sS'muthafucking'
p1763
I45
sS'walken'
p1764
I45
sS'do\xee\x90\x82'
p1765
I44
sS'centralevernote'
p1766
I45
sS'hella'
p1767
I45
sS'deadlinetbs'
p1768
I45
sS'walker'
p1769
I45
sS'fresh'
p1770
I44
sS"stuff's"
p1771
I45
sS'hello'
p1772
I44
sS'squats'
p1773
I45
sS'ndtv'
p1774
I45
sS'sus.,91104\n496549370381074434,dsvm419,2014-08-05'
p1775
I45
sS'08:51:15.0,34.1789717,-118.1415196,4615.01,she'
p1776
I45
sS'gg'
p1777
I44
sS'lamps'
p1778
I44
sS'gang'
p1779
I44
sS'go'
p1780
I31
sS'chillin'
p1781
I45
sS'04:23:40.0,34.1791161,-118.1416404,4615.01,if'
p1782
I45
sS'inspire'
p1783
I45
sS'young'
p1784
I43
sS'nose'
p1785
I45
sS'shack'
p1786
I44
sS'nuestros'
p1787
I45
sS"lampoon's"
p1788
I45
sS'lilly'
p1789
I44
sS'dramatically'
p1790
I45
sS'sent'
p1791
I44
sS"show's"
p1792
I45
sS'rag'
p1793
I45
sS'17:52:10.0,34.1789863,-118.141611,4615.01,done'
p1794
I45
sS'mainstream'
p1795
I45
sS'dessert'
p1796
I43
sS'mamalmao'
p1797
I45
sS'facebook'
p1798
I40
sS'drinking'
p1799
I45
sS'ccraaaaaaaaampssss'
p1800
I45
sS'marry'
p1801
I45
sS'gettin'
p1802
I45
sS'eve'
p1803
I45
sS'jaw-dropping'
p1804
I45
sS'ride'
p1805
I45
sS'joey'
p1806
I45
sS'booty'
p1807
I42
sS"you'd"
p1808
I45
sS'16:32:40.0,34.1789848,-118.1416106,4615.01,i'
p1809
I45
sS'bleeding'
p1810
I44
sS'ritenow'
p1811
I44
sS'lightest'
p1812
I45
sS'video'
p1813
I44
sS'download'
p1814
I45
sS'here!"'
p1815
I45
sS'cleomurnane'
p1816
I45
sS'az'
p1817
I45
sS'waiting'
p1818
I43
sS'4real.,91104\n491632669751386112,dsvm419,2014-07-22'
p1819
I45
sS'body'
p1820
I45
sS'alpadre'
p1821
I45
sS'leg'
p1822
I45
sS"asa's"
p1823
I45
sS'punch'
p1824
I45
sS'adrian'
p1825
I45
sS'packing'
p1826
I45
sS'let'
p1827
I42
sS'anti-apple'
p1828
I45
sS'others'
p1829
I42
sS'sing'
p1830
I45
sS'great'
p1831
I37
sS'die?"'
p1832
I45
sS'skool'
p1833
I45
sS'self-winding'
p1834
I45
sS'30'
p1835
I45
sS'shades'
p1836
I45
sS'leaving'
p1837
I45
sS'makes'
p1838
I45
sS'sup'
p1839
I45
sS'claro'
p1840
I45
sS'apple'
p1841
I45
sS'spy'
p1842
I45
sS'win'
p1843
I45
sS'app'
p1844
I44
sS'shoved'
p1845
I45
sS'crazy'
p1846
I45
sS'bungalow)'
p1847
I45
sS'wit'
p1848
I45
sS'names'
p1849
I45
sS'cloud'
p1850
I45
sS'use'
p1851
I41
sS'hahahahaha'
p1852
I45
sS'from'
p1853
I29
sS'usa'
p1854
I44
sS'&'
p1855
I25
sS'doodle'
p1856
I45
sS'next'
p1857
I43
sS'contentment'
p1858
I45
sS'bread..,91104\n496548335600144385,dsvm419,2014-08-05'
p1859
I45
sS'cosmo'
p1860
I45
sS"apple's"
p1861
I45
sS'confused'
p1862
I45
sS'baby'
p1863
I44
sS'pieces'
p1864
I45
sS'women'
p1865
I42
sS'balls'
p1866
I45
sS'animals'
p1867
I45
sS'this'
p1868
I18
sS'challenge'
p1869
I45
sS'when'
p1870
I33
sS'18+'
p1871
I45
sS'meet'
p1872
I45
sS'06:54:09.0,34.1791214,-118.1416437,4615.01,ppl'
p1873
I45
sS'performed'
p1874
I45
sS'control'
p1875
I45
sS'tarantino'
p1876
I45
sS'tap'
p1877
I45
sS'monica'
p1878
I45
sS'facebook.,91104\n499083392873279489,dsvm419,2014-08-12'
p1879
I45
sS"they've"
p1880
I45
sS'high'
p1881
I44
sS'magicians'
p1882
I45
sS'something'
p1883
I40
sS'$25'
p1884
I45
sS'onions'
p1885
I45
sS'sis'
p1886
I45
sS'sit'
p1887
I45
sS'boxing'
p1888
I45
sS'struggles'
p1889
I43
sS'animal'
p1890
I45
sS'comedy'
p1891
I45
sS'sin'
p1892
I45
sS'stock'
p1893
I45
sS'profile'
p1894
I45
sS'misdirected'
p1895
I45
sS'farm'
p1896
I45
sS'watch'
p1897
I43
sS'collection'
p1898
I44
sS'hitched'
p1899
I45
sS'days.,91104\n497113709995511808,dsvm419,2014-08-06'
p1900
I45
sS'pervs'
p1901
I45
sS'"friend"'
p1902
I45
sS'poached'
p1903
I45
sS'joice'
p1904
I45
sS'light'
p1905
I45
sS'jzjzjnajzjjajausgw'
p1906
I45
sS'honestly'
p1907
I45
sS'bill.,91104\n497114175592607745,dsvm419,2014-08-06'
p1908
I45
sS'glavich'
p1909
I45
sS'beauties'
p1910
I45
sS'a/b'
p1911
I45
sS'tho?,91104\n497440072916946944,dsvm419,2014-08-07'
p1912
I45
sS'move'
p1913
I45
sS"won't"
p1914
I44
sS'looks'
p1915
I42
sS'enel'
p1916
I44
sS'galaxy'
p1917
I45
sS'bunch'
p1918
I45
sS'perfect'
p1919
I45
sS'1'
p1920
I45
sS'la'
p1921
I44
sS'lo'
p1922
I44
sS'[pic]'
p1923
I45
sS'2014'
p1924
I44
sS'bye'
p1925
I45
sS'rsvp'
p1926
I45
sS'dad'
p1927
I44
sS"20:14:56.0,34.1789864,-118.1416111,4615.01,men's"
p1928
I45
sS'twerkin'
p1929
I45
sS'makings'
p1930
I45
sS'spell'
p1931
I45
sS'flew'
p1932
I45
sS'dat'
p1933
I45
sS'snake'
p1934
I45
sS'hands'
p1935
I45
sS'front'
p1936
I44
sS'day'
p1937
I37
sS'risotto'
p1938
I45
sS'magnitude'
p1939
I45
sS'betty'
p1940
I45
sS'truth'
p1941
I45
sS'|'
p1942
I45
sS'glasses'
p1943
I45
sS'oui'
p1944
I45
sS'attachments'
p1945
I45
sS'doing'
p1946
I45
sS'adventure'
p1947
I45
sS'bums'
p1948
I45
sS"hunting'"
p1949
I45
sS'related'
p1950
I45
sS'apoye'
p1951
I45
sS'apoya'
p1952
I45
sS'our'
p1953
I40
sS'agriculture'
p1954
I45
sS'wonna'
p1955
I43
sS'out'
p1956
I30
sS'ayuda'
p1957
I45
sS'\xee\x90\x8a\xee\x90\x92\xee\x90\x92'
p1958
I45
sS'whooped'
p1959
I45
sS'stayin'
p1960
I45
sS'ago..lmao,91104\n495099766548619264,dsvm419,2014-08-01'
p1961
I45
sS'mate'
p1962
I45
sS'hilarious'
p1963
I42
sS'red'
p1964
I44
sS'fun'
p1965
I43
sS'conflicto'
p1966
I44
sS'frank'
p1967
I45
sS'ban'
p1968
I45
sS'que'
p1969
I45
sS'craving'
p1970
I45
sS'cate'
p1971
I45
sS'hunny'
p1972
I45
sS'yard'
p1973
I45
sS'g'
p1974
I45
sS'time.,91104\n496547071998967808,dsvm419,2014-08-05'
p1975
I45
sS',91104\n490250372301078528,iamrayce,2014-07-18'
p1976
I45
sS'yarn'
p1977
I45
sS'times'
p1978
I44
sS'conversation'
p1979
I43
sS'49ers'
p1980
I45
sS'birthday'
p1981
I45
sS'8-9'
p1982
I45
sS'removing'
p1983
I45
sS'8-5'
p1984
I45
sS'grieving'
p1985
I45
sS'waitress'
p1986
I45
sS'lovato'
p1987
I45
sS'powerful'
p1988
I45
sS'scene'
p1989
I45
sS'alleged'
p1990
I45
sS'bitch'
p1991
I40
sS'presspope'
p1992
I45
sS'quality'
p1993
I45
sS"doesn't"
p1994
I43
sS'righ'
p1995
I45
sS'los'
p1996
I42
sS'festival'
p1997
I45
sS'data'
p1998
I45
sS'pots'
p1999
I45
sS'their'
p2000
I40
sS'sequins,91104\n411347867366739968,nicoleltate,2013-12-13'
p2001
I45
sS'racist'
p2002
I45
sS'perfectly'
p2003
I45
sS'final'
p2004
I44
sS'stomach'
p2005
I45
sS'stars'
p2006
I45
sS'nobody'
p2007
I43
sS'lil'
p2008
I45
sS'bieber'
p2009
I44
sS'july'
p2010
I43
sS'herself'
p2011
I44
sS'reverses'
p2012
I45
sS'app...is'
p2013
I45
sS'boring'
p2014
I45
sS'18:04:06.0,34.1791622,-118.1416674,4615.01,hahahaha'
p2015
I45
sS'richer'
p2016
I45
sS'bed'
p2017
I44
sS'loves'
p2018
I45
sS'moster'
p2019
I45
sS'sculpture'
p2020
I45
sS'vengeful'
p2021
I45
sS'_______________'
p2022
I45
sS'comfortable'
p2023
I45
sS'tonight'
p2024
I41
sS'have'
p2025
I30
sS'need'
p2026
I38
sS'border'
p2027
I45
sS'cyberattacks'
p2028
I45
sS'congrats'
p2029
I43
sS'waffles'
p2030
I44
sS'shane'
p2031
I45
sS'hs'
p2032
I45
sS'truck'
p2033
I44
sS'europeo'
p2034
I45
sS'='
p2035
I45
sS'unless'
p2036
I45
sS'who'
p2037
I34
sS'furious'
p2038
I45
sS'around.....nooooo'
p2039
I45
sS'cracking'
p2040
I43
sS'evaaaaa'
p2041
I45
sS'why'
p2042
I35
sS'teigan'
p2043
I45
sS'face'
p2044
I44
sS"you'll"
p2045
I45
sS'pictures'
p2046
I44
sS'dena'
p2047
I44
sS'16:30:29.0,34.1766478,-118.1383905,4615.01,video'
p2048
I45
sS'son'
p2049
I43
sS"one'"
p2050
I45
sS'lmaoo'
p2051
I45
sS'agreed'
p2052
I44
sS'crate'
p2053
I45
sS'weather.,91104\n495432783393607680,dsvm419,2014-08-02'
p2054
I45
sS'13:12:36.0,34.1766127,-118.1383513,4615.01,militant'
p2055
I45
sS'planning'
p2056
I45
sS"90's"
p2057
I45
sS'chicken'
p2058
I41
sS"vienna's"
p2059
I45
sS'envy'
p2060
I45
sS'mugs'
p2061
I45
sS'jay'
p2062
I44
sS'should'
p2063
I41
sS"there's"
p2064
I45
sS'fuel'
p2065
I45
sS'local'
p2066
I45
sS'hope'
p2067
I43
sS'slows'
p2068
I45
sS'watching'
p2069
I42
sS"de'jonette"
p2070
I45
sS'bear'
p2071
I45
sS'\xee\x90\x82\xee\x84\x86\xee\x84\x86\xee\x84\x86\xee\x84\x86\xee\x90\x98'
p2072
I45
sS'tbh'
p2073
I45
sS'awww'
p2074
I45
sS'ones'
p2075
I44
sS'sues'
p2076
I44
sS'smash'
p2077
I44
sS'brain'
p2078
I45
sS'married'
p2079
I45
sS'calling'
p2080
I45
sS'westminister'
p2081
I45
sS'dome'
p2082
I45
sS'stuff'
p2083
I44
sS'she'
p2084
I36
sS'like..,91104\n496549704327380993,dsvm419,2014-08-05'
p2085
I45
sS'gerardo'
p2086
I45
sS'view'
p2087
I45
sS'btw'
p2088
I45
sS'official'
p2089
I45
sS'02:55:55.0,34.1789353,-118.1414948,4615.01,the'
p2090
I45
sS'perdida'
p2091
I45
sS'humans'
p2092
I45
sS'we'
p2093
I34
sS'accused'
p2094
I45
sS'computex'
p2095
I45
sS'"lol"'
p2096
I44
sS'apla'
p2097
I45
sS'cristianos'
p2098
I45
sS'genius'
p2099
I45
sS'state'
p2100
I43
sS'song.klingande'
p2101
I45
sS'x4\xe2\x80\x9d'
p2102
I45
sS'ends'
p2103
I45
sS',91104\n384201942060126208,queenressey,2013-09-29'
p2104
I45
sS'opening'
p2105
I45
sS'deliver'
p2106
I45
sS'job'
p2107
I45
sS'merry'
p2108
I43
sS'group'
p2109
I44
sS'unfired'
p2110
I45
sS'legit'
p2111
I44
sS'david'
p2112
I45
sS'instant'
p2113
I45
sS'taking'
p2114
I44
sS"he's"
p2115
I44
sS'r\xc3\xa9gimen'
p2116
I45
sS'rams'
p2117
I45
sS'etc'
p2118
I45
sS'busted'
p2119
I45
sS'hhahaha,91104\n495099480216055809,dsvm419,2014-08-01'
p2120
I45
sS'wear'
p2121
I45
sS'lasalle'
p2122
I45
sS'cc'
p2123
I41
sS'ca'
p2124
I44
sS'walk'
p2125
I44
sS'best..,91104\n496332904935342080,dsvm419,2014-08-04'
p2126
I45
sS'table'
p2127
I45
sS'8.2'
p2128
I45
sS'yay'
p2129
I44
sS"it's"
p2130
I34
sS'treat'
p2131
I45
sS'bby'
p2132
I45
sS'louisiana'
p2133
I45
sS'f**k'
p2134
I44
sS'policy'
p2135
I45
sS'covered'
p2136
I45
sS'exfoliate'
p2137
I45
sS'consiglio'
p2138
I45
sS'brunch'
p2139
I45
sS"mashable's"
p2140
I45
sS'present'
p2141
I45
sS'gawkerwoman'
p2142
I45
sS'wiki'
p2143
I45
sS'leaker'
p2144
I45
sS'will'
p2145
I33
sS'fault'
p2146
I45
sS'wild'
p2147
I44
sS'loves/admires'
p2148
I45
sS'>>>kate'
p2149
I45
sS'almost'
p2150
I45
sS'demo'
p2151
I45
sS'insanely'
p2152
I45
sS'04:41:23.0,34.1788594,-118.1415526,4615.01,the'
p2153
I45
sS'demi'
p2154
I45
sS'vs'
p2155
I44
sS'lroku'
p2156
I45
sS'05:39:56.0,34.16994592,-118.13736076,4615.01,scary>>>>'
p2157
I45
sS'16:54:22.0,34.1789823,-118.1415903,4615.01,follow'
p2158
I45
sS'jenner'
p2159
I45
sS'century'
p2160
I45
sS'began'
p2161
I45
sS'anesthesia'
p2162
I45
sS'moms'
p2163
I45
sS'shack)'
p2164
I45
sS'digging'
p2165
I45
sS'party'
p2166
I45
sS'android'
p2167
I44
sS'gets'
p2168
I44
sS'injured'
p2169
I45
sS'drink'
p2170
I45
sS'fucked'
p2171
I45
sS'sunburn'
p2172
I45
sS'cut.,91104\n491633435505487872,dsvm419,2014-07-22'
p2173
I45
sS'2..,91104\n495431592194490370,dsvm419,2014-08-02'
p2174
I45
sS'off'
p2175
I38
sS'center'
p2176
I20
sS'i'
p2177
I2
sS'colour'
p2178
I45
sS'phat'
p2179
I44
sS'well'
p2180
I44
sS'fighting'
p2181
I44
sS'thought'
p2182
I41
sS'raving'
p2183
I45
sS'latest'
p2184
I45
sS'less'
p2185
I45
sS'accurate'
p2186
I45
sS'paul'
p2187
I45
sS'ads'
p2188
I45
sS'simple'
p2189
I45
sS'add'
p2190
I45
sS'attractive'
p2191
I45
sS'wet'
p2192
I45
sS'usage'
p2193
I45
sS'twerk'
p2194
I45
sS'smart'
p2195
I45
sS'match'
p2196
I45
sS'tests'
p2197
I44
sS'pero'
p2198
I45
sS"who's"
p2199
I43
sS'supremacy."'
p2200
I45
sS'five'
p2201
I44
sS'know'
p2202
I42
sS'press'
p2203
I45
sS'pier'
p2204
I45
sS'dubai'
p2205
I44
sS'glazing'
p2206
I43
sS'like'
p2207
I19
sS'onion'
p2208
I45
sS'miami'
p2209
I45
sS'ring'
p2210
I45
sS'at&t'
p2211
I45
sS'investiguen'
p2212
I45
sS"she's"
p2213
I42
sS'lose'
p2214
I44
sS'chick'
p2215
I45
sS'\xee\x90\x8a\xee\x80\x8e'
p2216
I45
sS'works'
p2217
I45
sS'soft'
p2218
I45
sS'page'
p2219
I45
sS'wonders'
p2220
I45
sS'because'
p2221
I42
sS'twitter'
p2222
I44
sS'sit-ups'
p2223
I45
sS'hail'
p2224
I45
sS'hair'
p2225
I45
sS'home'
p2226
I42
sS'xiem'
p2227
I20
sS'happens'
p2228
I45
sS'lead'
p2229
I45
sS'literally'
p2230
I45
sS'leah'
p2231
I45
sS'hurricane'
p2232
I45
sS'grinding'
p2233
I45
sS'manipulations'
p2234
I45
sS'heart.\xe2\x80\x9d'
p2235
I45
sS'ese'
p2236
I45
sS'does'
p2237
I45
sS'honradas'
p2238
I45
sS"prada'"
p2239
I45
sS'eso'
p2240
I45
sS'leader'
p2241
I43
sS'pasta'
p2242
I45
sS'about'
p2243
I31
sS'justin'
p2244
I44
sS'getting'
p2245
I37
sS'universe'
p2246
I45
sS"independent'robot"
p2247
I45
sS'postgod'
p2248
I45
sS'introduces'
p2249
I45
sS"michelle's"
p2250
I45
sS'angeles'
p2251
I44
sS'swear'
p2252
I44
sS'warner'
p2253
I45
sS'hyundaiusa'
p2254
I45
sS'motherland'
p2255
I45
sS'faithfulness'
p2256
I45
sS'pussy'
p2257
I44
sS'washington'
p2258
I45
sS'socks'
p2259
I45
sS'washingtom'
p2260
I45
sS'chris'
p2261
I45
sS'weather'
p2262
I44
sS'female'
p2263
I44
sS'samsung'
p2264
I45
sS'eh'
p2265
I45
sS'follows'
p2266
I45
sS'museum'
p2267
I45
sS'20:17:10.0,34.1789864,-118.1416111,4615.01,mid'
p2268
I45
sS'imperial'
p2269
I45
sS'morning...lmao'
p2270
I45
sS'inspiration'
p2271
I45
sS'north'
p2272
I45
sS'bobble'
p2273
I45
sS"i've"
p2274
I43
sS'fasho'
p2275
I45
sS'bus'
p2276
I44
sS'coke'
p2277
I45
sS'bitches'
p2278
I41
sS'hw'
p2279
I45
sS'but'
p2280
I30
sS'mugshot'
p2281
I45
sS'bum'
p2282
I45
sS'good-bye'
p2283
I45
sS'editing'
p2284
I45
sS'eat'
p2285
I42
sS'bud'
p2286
I45
sS'he'
p2287
I35
sS'misty'
p2288
I45
sS'made'
p2289
I42
sS'youtube\xe3\x81\xab\xe8\xbc\x89\xe3\x81\x9b\xe3\x81\x9f\xe6\xad\x8c1111\xe5\x9b\x9e\xe5\x86\x8d\xe7\x94\x9f\xe3\x81\x95\xe3\x82\x8c\xe3\x81\xa6\xe3\x81\x9f\xe3\x83\xbc\xe2\x98\x86'
p2290
I45
sS'wish'
p2291
I43
sS'j'
p2292
I45
sS'levis'
p2293
I45
sS'empty'
p2294
I45
sS'dmv'
p2295
I45
sS'cake'
p2296
I44
sS'demonstrate'
p2297
I45
sS'(pasadena'
p2298
I39
sS'minutes'
p2299
I45
sS'\xc2\xbb'
p2300
I45
sS'replying'
p2301
I45
sS'pic'
p2302
I45
sS'se\xc3\xb1or'
p2303
I45
sS'ordering'
p2304
I45
sS'shooting'
p2305
I43
sS'eric'
p2306
I45
sS'conspired'
p2307
I45
sS'lunges'
p2308
I45
sS'incredible'
p2309
I45
sS'percent'
p2310
I45
sS'lately'
p2311
I45
sS'other'
p2312
I43
sS'special'
p2313
I45
sS'sick'
p2314
I45
sS'dlos'
p2315
I45
sS'dresses'
p2316
I45
sS'lance'
p2317
I45
sS'repeat'
p2318
I45
sS'star'
p2319
I45
sS'monday'
p2320
I43
sS'become'
p2321
I45
sS'bundle'
p2322
I45
sS'stay'
p2323
I45
sS'stab'
p2324
I45
sS'jackson'
p2325
I45
sS'girls."'
p2326
I45
sS'friends'
p2327
I44
sS'oberyn'
p2328
I45
sS'cliff'
p2329
I45
sS'brags'
p2330
I45
sS'hiked'
p2331
I45
sS'nephews'
p2332
I45
sS'kardashian'
p2333
I45
sS"adam's"
p2334
I45
sS'preggo'
p2335
I45
sS"news'"
p2336
I45
sS'af.,91104\n496846827010793473,dsvm419,2014-08-06'
p2337
I45
s.