(dp0
S''
p1
I3
sS'raining'
p2
I86
sS'msgs'
p3
I88
sS'inning'
p4
I88
sS'hats'
p5
I87
sS'lesbian'
p6
I88
sS'monte'
p7
I88
sS'foul'
p8
I88
sS'parks'
p9
I88
sS'four'
p10
I87
sS'diss'
p11
I88
sS'sleep'
p12
I73
sS'asian'
p13
I87
sS'hanging'
p14
I88
sS'tfios'
p15
I88
sS'appetite'
p16
I88
sS'captain'
p17
I87
sS'hate'
p18
I72
sS'deport'
p19
I88
sS'*issh'
p20
I88
sS'consider'
p21
I87
sS'trolley'
p22
I88
sS'splashh'
p23
I88
sS'"at'
p24
I88
sS'haters'
p25
I88
sS'buddy'
p26
I88
sS'eligible'
p27
I88
sS'tweet'
p28
I80
sS'cosart'
p29
I88
sS'bike'
p30
I85
sS'swap'
p31
I88
sS'convo>>'
p32
I88
sS'under'
p33
I88
sS'lord'
p34
I87
sS'sorry'
p35
I84
sS'worth'
p36
I82
sS'shaving'
p37
I88
sS'ale'
p38
I88
sS'risk'
p39
I88
sS'battles'
p40
I88
sS'rise'
p41
I88
sS'penny'
p42
I88
sS'every'
p43
I78
sS'jack'
p44
I88
sS'confederate'
p45
I87
sS'jacob'
p46
I88
sS'bringing'
p47
I87
sS'trailer'
p48
I88
sS'special'
p49
I88
sS'mothra'
p50
I88
sS'tickets'
p51
I79
sS'school'
p52
I71
sS'baking'
p53
I88
sS'contigo'
p54
I88
sS'wednesday'
p55
I87
sS'van'
p56
I88
sS"games.don't"
p57
I88
sS'announced'
p58
I88
sS'299'
p59
I88
sS'reframe'
p60
I88
sS'$$$'
p61
I88
sS'heading'
p62
I88
sS'domenicos'
p63
I88
sS'clothes'
p64
I87
sS'enjoy'
p65
I87
sS'bill'
p66
I88
sS'force'
p67
I88
sS'nigh'
p68
I88
sS'tired'
p69
I80
sS'ahah'
p70
I88
sS'bacon'
p71
I87
sS'japanese'
p72
I88
sS'mansion'
p73
I88
sS'second'
p74
I84
sS'street'
p75
I88
sS"porto's"
p76
I88
sS'olividar'
p77
I88
sS'lacy'
p78
I88
sS'&i'
p79
I88
sS'n'
p80
I83
sS'panda'
p81
I88
sS'shining'
p82
I88
sS'even'
p83
I63
sS'christ'
p84
I87
sS'ruben'
p85
I88
sS'ruthless'
p86
I88
sS'saved'
p87
I87
sS'+'
p88
I88
sS'cooking'
p89
I87
sS'orchestra'
p90
I88
sS'bluh'
p91
I88
sS'lights'
p92
I88
sS'tape"'
p93
I88
sS'new'
p94
I59
sS'net'
p95
I88
sS'ever'
p96
I71
sS'disney'
p97
I88
sS'told'
p98
I85
sS'mamas'
p99
I88
sS'gota'
p100
I87
sS'never'
p101
I77
sS'titanfall'
p102
I75
sS'meh'
p103
I88
sS'here'
p104
I58
sS'met'
p105
I82
sS'studio'
p106
I88
sS'smokin'
p107
I87
sS'19:42:58.0,34.1470973,-118.0893858,4629,messi'
p108
I88
sS'immm'
p109
I88
sS'100'
p110
I85
sS"aren't"
p111
I85
sS'kids'
p112
I87
sS"ramon's"
p113
I88
sS'study'
p114
I88
sS'changed'
p115
I88
sS'anchor'
p116
I88
sS'itunes'
p117
I88
sS'imma'
p118
I87
sS'allready'
p119
I87
sS'stressed'
p120
I88
sS'\xe2\x9c\x94\xef\xb8\x8f'
p121
I88
sS'military'
p122
I88
sS"i'm"
p123
I17
sS"someone's"
p124
I87
sS'changes'
p125
I87
sS'grandkids'
p126
I88
sS'offs'
p127
I88
sS'wassup'
p128
I88
sS'secure'
p129
I88
sS'company)'
p130
I88
sS'graders'
p131
I88
sS'feelings'
p132
I87
sS'bro'
p133
I68
sS'pound'
p134
I88
sS'insta'
p135
I87
sS'eliah'
p136
I88
sS'counts'
p137
I87
sS'total'
p138
I87
sS'fabbbbb'
p139
I88
sS'zoning'
p140
I88
sS'<3'
p141
I88
sS'rancho'
p142
I88
sS'would'
p143
I67
sS'browse'
p144
I88
sS'hospital'
p145
I88
sS'indians'
p146
I87
sS'arms'
p147
I87
sS'insult'
p148
I87
sS'...morning'
p149
I88
sS'noting'
p150
I88
sS'music'
p151
I81
sS'e3'
p152
I88
sS'spike'
p153
I87
sS'strike'
p154
I88
sS'survive'
p155
I88
sS'preview'
p156
I88
sS'until'
p157
I86
sS'separated'
p158
I88
sS'attractive'
p159
I88
sS'posting'
p160
I88
sS'holy'
p161
I87
sS'relax'
p162
I88
sS'hurr'
p163
I88
sS'haha'
p164
I61
sS'hurt'
p165
I83
sS'99'
p166
I88
sS'phone'
p167
I77
sS'berlin'
p168
I88
sS'championships'
p169
I88
sS'\xec\x99\x94\xeb\x8b\xa4'
p170
I88
sS'excellent'
p171
I88
sS'hole'
p172
I88
sS'appalled'
p173
I88
sS"must've"
p174
I88
sS'must'
p175
I83
sS'me'
p176
I16
sS'enjoying'
p177
I88
sS'bartender'
p178
I88
sS'room'
p179
I75
sS'cheapest'
p180
I88
sS'\xe2\x80\x9djust'
p181
I88
sS'work'
p182
I48
sS'gasoline'
p183
I88
sS'righty'
p184
I88
sS'unfortunately'
p185
I88
sS'incubator'
p186
I88
sS'movies'
p187
I87
sS'locker'
p188
I88
sS'cuddle'
p189
I84
sS'ms'
p190
I88
sS'henry'
p191
I88
sS'jayde'
p192
I88
sS':-('
p193
I88
sS'sizzler'
p194
I88
sS'my'
p195
I6
sS'could'
p196
I83
sS'grimes'
p197
I88
sS'foodie'
p198
I88
sS'squirting'
p199
I88
sS'fresher'
p200
I88
sS'give'
p201
I76
sS'laughs'
p202
I88
sS'bothe'
p203
I88
sS'foods'
p204
I87
sS'homie'
p205
I86
sS'want'
p206
I49
sS'scheduling'
p207
I88
sS'brest'
p208
I88
sS'keep'
p209
I80
sS'str8'
p210
I88
sS'end'
p211
I82
sS'recovery'
p212
I88
sS'changes*\xe2\x80\xa6'
p213
I88
sS'thing'
p214
I79
sS'complaining'
p215
I87
sS'sitting'
p216
I83
sS'damage'
p217
I88
sS'how'
p218
I44
sS'amazing'
p219
I79
sS'ig'
p220
I88
sS'interview'
p221
I88
sS'disappoint'
p222
I88
sS'beach'
p223
I87
sS'pizza'
p224
I84
sS'both*'
p225
I88
sS'badly'
p226
I88
sS'shelly'
p227
I88
sS'bday'
p228
I84
sS'after'
p229
I67
sS"omnicom's"
p230
I88
sS'scottsdale'
p231
I78
sS'(wish'
p232
I88
sS'wrong'
p233
I81
sS'vegans'
p234
I88
sS'lay'
p235
I86
sS'misfit'
p236
I88
sS'arco'
p237
I87
sS'promotion'
p238
I88
sS'horchata'
p239
I88
sS'margaritas'
p240
I88
sS'175k'
p241
I88
sS'third'
p242
I88
sS'wins'
p243
I86
sS'appreciate'
p244
I88
sS'harley'
p245
I87
sS'hasta'
p246
I88
sS'cigarettes'
p247
I87
sS'nikta'
p248
I88
sS'scout'
p249
I88
sS'green'
p250
I88
sS'jungle'
p251
I88
sS'goodbye'
p252
I88
sS'keeps'
p253
I85
sS'worst'
p254
I86
sS'1000'
p255
I88
sS'athletes'
p256
I87
sS'order'
p257
I85
sS'wine'
p258
I88
sS'riri'
p259
I88
sS'school*'
p260
I87
sS'naman'
p261
I88
sS'decide'
p262
I88
sS'office'
p263
I86
sS'deck'
p264
I88
sS'over'
p265
I69
sS'fam'
p266
I87
sS'androids'
p267
I88
sS'expects'
p268
I88
sS'japan'
p269
I87
sS'mayor'
p270
I85
sS'before'
p271
I74
sS'ima'
p272
I85
sS'"pc'
p273
I88
sS'venti'
p274
I88
sS'nuts..clean'
p275
I88
sS'(more'
p276
I88
sS'personal'
p277
I87
sS'screaming'
p278
I88
sS'fix'
p279
I88
sS'22.50'
p280
I88
sS'chattone)'
p281
I88
sS'crew'
p282
I85
sS'better'
p283
I71
sS'edits'
p284
I88
sS'blueberry'
p285
I88
sS'400'
p286
I88
sS'weeks'
p287
I85
sS'ropa'
p288
I88
sS'easier'
p289
I88
sS'hahah'
p290
I86
sS'then'
p291
I64
sS'them'
p292
I76
sS'justine'
p293
I88
sS'thrones'
p294
I82
sS'"thank'
p295
I88
sS'weakness'
p296
I88
sS'workout'
p297
I88
sS'safe'
p298
I88
sS"we'll"
p299
I84
sS'break'
p300
I81
sS'band'
p301
I87
sS'bang'
p302
I83
sS'example'
p303
I88
sS'shameful'
p304
I88
sS'they'
p305
I43
sS'raymon'
p306
I88
sS'one'
p307
I38
sS'heyyyy'
p308
I88
sS'ruth'
p309
I88
sS'alex'
p310
I87
sS'meat'
p311
I88
sS'married'
p312
I88
sS'(2525'
p313
I88
sS'l'
p314
I86
sS'alexis'
p315
I87
sS'grows'
p316
I88
sS'fitness'
p317
I77
sS'addicted'
p318
I88
sS'went'
p319
I77
sS'bong'
p320
I88
sS'side'
p321
I84
sS'mean'
p322
I77
sS'hanger'
p323
I88
sS'diana'
p324
I88
sS'series'
p325
I88
sS'upload'
p326
I88
sS'celebrating'
p327
I88
sS'stealing'
p328
I87
sS'suavecitooo'
p329
I88
sS'poncho'
p330
I88
sS'saturday'
p331
I86
sS'rt'
p332
I87
sS'jay-z'
p333
I88
sS'islanders'
p334
I88
sS'network'
p335
I88
sS'driving'
p336
I82
sS'snackies'
p337
I88
sS'god'
p338
I77
sS'cameras'
p339
I88
sS'hooked'
p340
I86
sS'annnnnnnnd'
p341
I88
sS'george'
p342
I88
sS'strangers'
p343
I88
sS'patricks'
p344
I88
sS'laid'
p345
I88
sS'daniel'
p346
I86
sS'onceh'
p347
I88
sS'app.its'
p348
I88
sS'smh'
p349
I84
sS'got'
p350
I49
sS'rn'
p351
I82
sS'day"'
p352
I88
sS'birthday!!!:)'
p353
I88
sS'dennys'
p354
I87
sS"doesn't"
p355
I78
sS'amorrrrrr'
p356
I88
sS'throwbacks'
p357
I88
sS'fave'
p358
I87
sS'revenge'
p359
I88
sS'free'
p360
I84
sS"loren's"
p361
I88
sS'maybe\xe2\x80\xa6'
p362
I88
sS'ian'
p363
I88
sS'struggle'
p364
I85
sS'fits'
p365
I88
sS'wanted'
p366
I78
sS'gameplay'
p367
I88
sS'ate'
p368
I87
sS'*has'
p369
I88
sS'dayum'
p370
I88
sS'starts'
p371
I84
sS'workday'
p372
I88
sS'inexpensive'
p373
I88
sS'days'
p374
I74
sS'silicon'
p375
I88
sS'att'
p376
I88
sS'heck'
p377
I88
sS"today's"
p378
I82
sS'02:36:56.0,34.1471094,-118.0894231,4629,some'
p379
I88
sS'messaged'
p380
I88
sS'(at'
p381
I87
sS'fuckin'
p382
I87
sS'already'
p383
I74
sS'ownership'
p384
I88
sS'grade'
p385
I86
sS'wasp'
p386
I88
sS'*titenfall'
p387
I88
sS'dictionary'
p388
I88
sS'fantasy'
p389
I86
sS'thsnds'
p390
I88
sS'kfc'
p391
I86
sS'another'
p392
I74
sS'comin'
p393
I88
sS'sober'
p394
I87
sS'comic'
p395
I86
sS'blunts'
p396
I88
sS'roni'
p397
I86
sS'toy'
p398
I87
sS'service'
p399
I88
sS'spinach'
p400
I88
sS'top'
p401
I82
sS'me"'
p402
I87
sS'girls'
p403
I74
sS'tow'
p404
I88
sS'fuhhh'
p405
I88
sS'needed'
p406
I87
sS'jamba'
p407
I86
sS'master'
p408
I86
sS'too'
p409
I59
sS'hollywood'
p410
I86
sS'legs'
p411
I87
sS'dogs'
p412
I85
sS'toe'
p413
I88
sS'knskwksjwjdkwoak'
p414
I88
sS'urban'
p415
I88
sS'hangout'
p416
I88
sS'penis.\xe2\x80\x9d'
p417
I88
sS'bound"'
p418
I88
sS'gym'
p419
I84
sS'took'
p420
I85
sS'direct'
p421
I88
sS'trickeeeyyyy'
p422
I88
sS'nahh'
p423
I88
sS'wasted'
p424
I88
sS'primavera'
p425
I88
sS'begins'
p426
I87
sS'distance'
p427
I87
sS'anxiety'
p428
I88
sS'target'
p429
I87
sS'hike'
p430
I88
sS'tree'
p431
I86
sS'likely'
p432
I88
sS'ebay'
p433
I88
sS'shower'
p434
I82
sS'don\xe2\x80\x99t'
p435
I88
sS'williams'
p436
I87
sS'dihhh'
p437
I87
sS'feeling'
p438
I82
sS'powers'
p439
I88
sS'rad'
p440
I88
sS'sees'
p441
I88
sS'esta'
p442
I88
sS'willingness'
p443
I88
sS'stomping'
p444
I88
sS'mind'
p445
I88
sS'mine'
p446
I85
sS'spent'
p447
I88
sS'talking'
p448
I80
sS'shell'
p449
I88
sS'leafs'
p450
I88
sS'10s'
p451
I88
sS'seen'
p452
I83
sS'seem'
p453
I85
sS'mins'
p454
I86
sS'dozen'
p455
I87
sS'uninstall'
p456
I88
sS'ypu'
p457
I88
sS'harper'
p458
I88
sS'<<too'
p459
I88
sS'-'
p460
I68
sS'others)'
p461
I88
sS'rome'
p462
I88
sS'tomorrow....but'
p463
I88
sS'hatch'
p464
I87
sS'rides'
p465
I87
sS'blue'
p466
I85
sS'nobody'
p467
I86
sS'though'
p468
I80
sS'lexie'
p469
I88
sS'screwing'
p470
I88
sS'mashed'
p471
I88
sS'mario'
p472
I88
sS'creates\xe2\x80\xa6'
p473
I88
sS'germany'
p474
I88
sS'butttt'
p475
I88
sS'blowing'
p476
I88
sS'*actually'
p477
I88
sS'"out'
p478
I88
sS'laughing'
p479
I88
sS'episode'
p480
I87
sS'grove'
p481
I87
sS'doc'
p482
I88
sS'medical'
p483
I85
sS'camp'
p484
I87
sS'dog'
p485
I52
sS'yours'
p486
I88
sS'freeway'
p487
I84
sS'definitely'
p488
I82
sS'tech'
p489
I87
sS'thunder'
p490
I88
sS'entertaining'
p491
I88
sS'voting'
p492
I88
sS'\xe2\x9d\xa4\xe2\x9d\xa4\xe2\x9d\xa4bambam'
p493
I88
sS'responded'
p494
I88
sS'came'
p495
I79
sS'marvel'
p496
I87
sS'freak'
p497
I88
sS'saying'
p498
I87
sS'signatures'
p499
I88
sS'bomb'
p500
I87
sS'subtly'
p501
I88
sS'lyrics'
p502
I86
sS'hunger'
p503
I88
sS'tequila'
p504
I87
sS'random'
p505
I87
sS'future,91107\n504123077643350016,_guzmanny,2014-08-26'
p506
I88
sS'06:29:44.0,34.1471094,-118.0894231,4629,bitch'
p507
I88
sS'ending'
p508
I88
sS'forsure'
p509
I88
sS'chandelier'
p510
I88
sS'probz'
p511
I88
sS'earth'
p512
I88
sS'tempted'
p513
I88
sS'bogaard'
p514
I88
sS'd3'
p515
I88
sS'sharks'
p516
I85
sS'busy'
p517
I87
sS'sleeps'
p518
I88
sS'bellybuttons.\xe2\x80\x9d'
p519
I88
sS'fuhhhh'
p520
I88
sS'ment'
p521
I88
sS'weekends'
p522
I87
sS'rihanna'
p523
I87
sS'sleater-kinney'
p524
I88
sS'touched'
p525
I88
sS'that...what'
p526
I88
sS'titans'
p527
I88
sS'job.\xe2\x80\xa6'
p528
I88
sS'personality'
p529
I88
sS'wearing'
p530
I87
sS'do'
p531
I31
sS'~8000'
p532
I88
sS'dj'
p533
I88
sS'godzilla'
p534
I86
sS'professionals'
p535
I88
sS'de'
p536
I87
sS'stop'
p537
I80
sS'faggot'
p538
I88
sS'da'
p539
I87
sS'pocket'
p540
I88
sS'dx'
p541
I88
sS'report'
p542
I87
sS'nasty'
p543
I88
sS'stog'
p544
I88
sS'lmao'
p545
I63
sS'bar'
p546
I83
sS'blast'
p547
I88
sS'officially'
p548
I86
sS'emo'
p549
I88
sS'patch'
p550
I87
sS'19'
p551
I88
sS'bad'
p552
I64
sS'bae'
p553
I87
sS'mints'
p554
I88
sS'shots'
p555
I88
sS'goldenstate'
p556
I88
sS'progress"'
p557
I88
sS'bam'
p558
I88
sS'steal'
p559
I88
sS'yasss'
p560
I88
sS'skechers'
p561
I88
sS'blew'
p562
I88
sS'fair'
p563
I87
sS'habit'
p564
I88
sS'w/'
p565
I79
sS'lemonade'
p566
I88
sS'maddalice'
p567
I88
sS'analytics'
p568
I88
sS'goodnight'
p569
I86
sS'decided'
p570
I86
sS'fail'
p571
I88
sS'miserable'
p572
I88
sS'o_o'
p573
I87
sS'noodles'
p574
I88
sS'best'
p575
I63
sS'bois'
p576
I88
sS'fridays'
p577
I88
sS'said'
p578
I77
sS'because"'
p579
I88
sS'lots'
p580
I86
sS'away'
p581
I81
sS'"sex'
p582
I88
sS'4hr'
p583
I88
sS'mud'
p584
I88
sS'mug'
p585
I88
sS'score'
p586
I84
sS'olympics'
p587
I87
sS'teaching'
p588
I88
sS'hopefully'
p589
I86
sS'yogurt'
p590
I88
sS'drawn'
p591
I88
sS'approach'
p592
I88
sS'360'
p593
I88
sS'heisman'
p594
I88
sS'we'
p595
I31
sS'men'
p596
I88
sS'omg'
p597
I79
sS'schwarzkopf'
p598
I88
sS'nature'
p599
I88
sS'more,91107\n503609091973840897,_guzmanny,2014-08-24'
p600
I88
sS'vitamin'
p601
I88
sS'boss'
p602
I88
sS'nightmares'
p603
I88
sS'sickkkk'
p604
I88
sS'loading'
p605
I88
sS'nahhh'
p606
I88
sS'wear'
p607
I87
sS'wtf'
p608
I77
sS'werk'
p609
I86
sS'wth'
p610
I88
sS'news'
p611
I84
sS'picking'
p612
I86
sS'quamain'
p613
I88
sS'nahhhh'
p614
I88
sS'child...yes'
p615
I88
sS'kitchen'
p616
I86
sS'faced'
p617
I88
sS'goddess'
p618
I87
sS'tfti'
p619
I88
sS'soaking'
p620
I88
sS'mandas'
p621
I88
sS'\xe2\x9d\xa4\xef\xb8\x8f'
p622
I84
sS'fault'
p623
I86
sS'ill'
p624
I83
sS'2!\xe2\x80\x9d'
p625
I88
sS'fags'
p626
I88
sS'against'
p627
I87
sS'cuddles'
p628
I88
sS'players'
p629
I88
sS'lot)'
p630
I88
sS'games'
p631
I80
sS'cod'
p632
I88
sS'lookin'
p633
I88
sS'dopest'
p634
I88
sS'argue'
p635
I88
sS'asked'
p636
I87
sS'coo'
p637
I88
sS'con'
p638
I86
sS'pre'
p639
I88
sS'skill'
p640
I88
sS'tough'
p641
I88
sS'character'
p642
I87
sS'06:25:48.0,34.1471094,-118.0894231,4629,as'
p643
I88
sS'gathering'
p644
I88
sS'2nd'
p645
I86
sS'"vacation."'
p646
I88
sS'canyon'
p647
I87
sS'springs'
p648
I88
sS'trust'
p649
I83
sS'conference'
p650
I88
sS'bathroom'
p651
I86
sS'targeting'
p652
I88
sS'beef'
p653
I88
sS'three'
p654
I84
sS'been'
p655
I68
sS'ahhhhhhhh'
p656
I88
sS'beer'
p657
I87
sS'much'
p658
I64
sS'stadium'
p659
I87
sS'basic'
p660
I88
sS'deep"'
p661
I88
sS'lovely'
p662
I86
sS'scarecrow'
p663
I88
sS'riley'
p664
I87
sS'threw'
p665
I88
sS'website'
p666
I88
sS'life'
p667
I69
sS'deeper'
p668
I87
sS'relaxing'
p669
I87
sS'ikr'
p670
I88
sS'playing/dedicating'
p671
I88
sS'sooooo'
p672
I86
sS'ayiiiii'
p673
I88
sS'briefs'
p674
I88
sS'dave'
p675
I88
sS'chile'
p676
I88
sS'child'
p677
I87
sS'catch'
p678
I88
sS'worked'
p679
I85
sS'167'
p680
I88
sS'church)'
p681
I84
sS'chill'
p682
I85
sS'13th'
p683
I88
sS'east'
p684
I87
sS'tank'
p685
I88
sS'emails'
p686
I88
sS'air'
p687
I87
sS'johnmatthew'
p688
I88
sS'ugly'
p689
I87
sS'near'
p690
I83
sS'muggin'
p691
I88
sS'cracked'
p692
I87
sS'voice'
p693
I87
sS'k'
p694
I88
sS'chilling'
p695
I88
sS'and......my'
p696
I88
sS'played'
p697
I79
sS'dumplings'
p698
I88
sS'is'
p699
I8
sS'sushi'
p700
I83
sS'it'
p701
I11
sS'player'
p702
I86
sS'im'
p703
I74
sS'experience'
p704
I88
sS'in'
p705
I10
sS'throwing'
p706
I88
sS'ring'
p707
I88
sS'disappear'
p708
I88
sS'if'
p709
I42
sS'grown'
p710
I88
sS'emotion-'
p711
I88
sS'confirmed'
p712
I88
sS'nike'
p713
I88
sS'perform'
p714
I88
sS'things'
p715
I79
sS'make'
p716
I68
sS"everybody's"
p717
I88
sS'latinas'
p718
I88
sS'was...i'
p719
I88
sS'forehead'
p720
I88
sS'shooting'
p721
I88
sS'marathon'
p722
I87
sS'babies'
p723
I86
sS'vegetable'
p724
I88
sS':(('
p725
I88
sS'superman'
p726
I88
sS'bid'
p727
I86
sS'yung'
p728
I88
sS'evolve'
p729
I88
sS'smoke'
p730
I88
sS'pick'
p731
I87
sS'hang'
p732
I86
sS'coachella'
p733
I88
sS'rain'
p734
I85
sS'hand'
p735
I87
sS'up,91107\n503369905417121792,_guzmanny,2014-08-24'
p736
I88
sS'waterfall'
p737
I87
sS'kim'
p738
I87
sS'unicorn'
p739
I88
sS'jealous'
p740
I87
sS'kia'
p741
I88
sS'anaheim'
p742
I88
sS'opportunity'
p743
I88
sS'aka'
p744
I88
sS'tune'
p745
I88
sS'kid'
p746
I83
sS'hacer'
p747
I88
sS'otters'
p748
I88
sS'kept'
p749
I88
sS'aladdin'
p750
I88
sS'kicked'
p751
I88
sS"mother's"
p752
I88
sS'los'
p753
I88
sS'charlie'
p754
I85
sS'youre'
p755
I88
sS'smokes'
p756
I88
sS'monkeys'
p757
I88
sS'ocean'
p758
I88
sS'tho'
p759
I76
sS'client'
p760
I86
sS'greatest'
p761
I88
sS'mother'
p762
I88
sS'the'
p763
I1
sS'uncontrollably'
p764
I88
sS'cure'
p765
I88
sS'24/8'
p766
I88
sS'dads'
p767
I86
sS'left'
p768
I78
sS'lacounty_kmg365'
p769
I88
sS'impression'
p770
I88
sS'kale'
p771
I88
sS'just'
p772
I23
sS'yea'
p773
I84
sS'photo'
p774
I83
sS'unfollow'
p775
I87
sS'sleepy'
p776
I86
sS'dream"'
p777
I88
sS'band*'
p778
I88
sS'pizookie'
p779
I88
sS'psych'
p780
I88
sS'thanks'
p781
I72
sS'salvage'
p782
I88
sS'kehinde'
p783
I88
sS'yep'
p784
I88
sS'yes'
p785
I77
sS'life\xe2\x9d\xa4\xef\xb8\x8f'
p786
I88
sS'yet'
p787
I83
sS'jose'
p788
I87
sS'ham'
p789
I87
sS'dusss'
p790
I88
sS'27th'
p791
I88
sS'had'
p792
I58
sS'5s'
p793
I88
sS'shout'
p794
I88
sS'spread'
p795
I88
sS'board'
p796
I87
sS'easy'
p797
I87
sS'basketball'
p798
I88
sS'has'
p799
I55
sS'hat'
p800
I86
sS'gave'
p801
I87
sS'killiiiiin'
p802
I88
sS'which'
p803
I87
sS'preseason'
p804
I88
sS'l88'
p805
I88
sS'bailey'
p806
I88
sS'tarzan'
p807
I88
sS'background'
p808
I87
sS'judge'
p809
I87
sS'unique'
p810
I88
sS'dissin'
p811
I88
sS'asshole'
p812
I86
sS'dreams'
p813
I83
sS'd'
p814
I88
sS'brought'
p815
I88
sS'latino'
p816
I88
sS'never\xe2\x80\xa6'
p817
I88
sS'gift'
p818
I88
sS'virginian'
p819
I88
sS'machinima'
p820
I88
sS'nude'
p821
I88
sS'alice'
p822
I70
sS'xbox'
p823
I87
sS'offices'
p824
I86
sS'overrated'
p825
I86
sS'night'
p826
I52
sS'starvation'
p827
I88
sS'expo)'
p828
I88
sS'towards'
p829
I88
sS'battlefield'
p830
I88
sS'right'
p831
I48
sS'old'
p832
I75
sS'donals'
p833
I88
sS'crowd'
p834
I88
sS'people'
p835
I53
sS'pop/check\xe2\x80\xa6'
p836
I88
sS'somehow'
p837
I88
sS'dead'
p838
I81
sS'50'
p839
I88
sS'wwe'
p840
I87
sS'born'
p841
I87
sS'escape'
p842
I88
sS'theyre'
p843
I88
sS'craiglist'
p844
I88
sS'mazel'
p845
I88
sS'ick'
p846
I88
sS'txt'
p847
I88
sS'humor'
p848
I88
sS'clash'
p849
I88
sS'for'
p850
I14
sS'grading'
p851
I88
sS'awake\xee\x81\x96'
p852
I88
sS'myung'
p853
I88
sS'/'
p854
I87
sS'creative'
p855
I87
sS'everything'
p856
I80
sS'asking'
p857
I87
sS'cnn'
p858
I87
sS'frieri'
p859
I88
sS'foo'
p860
I88
sS'adorable'
p861
I88
sS'christmas'
p862
I82
sS'core'
p863
I88
sS'pls'
p864
I87
sS'payment'
p865
I88
sS'burn'
p866
I88
sS'empty'
p867
I88
sS'decisions'
p868
I88
sS'unorganized'
p869
I88
sS'swings'
p870
I88
sS'bolt'
p871
I88
sS'losing'
p872
I86
sS'taker'
p873
I88
sS'post'
p874
I79
sS'super'
p875
I80
sS'cory'
p876
I88
sS'chapter'
p877
I88
sS"where's"
p878
I88
sS'yelling'
p879
I87
sS'mariokart'
p880
I88
sS'dollars'
p881
I88
sS'months'
p882
I86
sS'o'
p883
I85
sS'catchy'
p884
I88
sS'dinner'
p885
I87
sS'regretting'
p886
I88
sS'plus'
p887
I85
sS'afternoon'
p888
I88
sS'(glendora)'
p889
I88
sS'twitch'
p890
I88
sS'drunks'
p891
I88
sS'aha'
p892
I86
sS'whats'
p893
I87
sS'presence'
p894
I87
sS'wasting'
p895
I88
sS'selfie'
p896
I88
sS'float'
p897
I87
sS'carrot'
p898
I87
sS'bound'
p899
I85
sS'soo'
p900
I88
sS'two'
p901
I78
sS'down'
p902
I56
sS'pair'
p903
I88
sS'juicing'
p904
I87
sS'.500'
p905
I88
sS'magazines'
p906
I88
sS'evaaaaa'
p907
I88
sS'abel'
p908
I88
sS'this..cops'
p909
I88
sS'often'
p910
I87
sS'proceeeedddd'
p911
I88
sS'fck'
p912
I88
sS'deal'
p913
I88
sS'support'
p914
I87
sS'constantly'
p915
I88
sS'fight'
p916
I86
sS'stuck'
p917
I86
sS'victorious'
p918
I88
sS'niggazzz'
p919
I88
sS'voice"'
p920
I88
sS'way'
p921
I65
sS'call'
p922
I83
sS"nicki's"
p923
I88
sS'was'
p924
I24
sS'metabolism'
p925
I88
sS'happy'
p926
I61
sS'head'
p927
I84
sS'medium'
p928
I88
sS'northridge'
p929
I88
sS'form'
p930
I87
sS'offer'
p931
I88
sS'becoming'
p932
I88
sS'recommend'
p933
I88
sS'explain....\xe2\x80\x9d'
p934
I88
sS'shits'
p935
I87
sS'needles'
p936
I88
sS'hear'
p937
I88
sS'idgaf'
p938
I88
sS'sanwich'
p939
I88
sS'true'
p940
I81
sS'viva'
p941
I84
sS'branded'
p942
I88
sS'pavilion'
p943
I88
sS'full'
p944
I85
sS"else's"
p945
I88
sS'inside'
p946
I86
sS'fakest'
p947
I88
sS'tell'
p948
I80
sS'7:10'
p949
I88
sS'crystal'
p950
I88
sS'mejust'
p951
I88
sS'grooming)'
p952
I88
sS'mmmmm'
p953
I88
sS'panels'
p954
I88
sS'eachother'
p955
I88
sS'trim'
p956
I87
sS'passenger'
p957
I88
sS'proud'
p958
I86
sS'*toot'
p959
I88
sS'tryna'
p960
I87
sS'toss'
p961
I88
sS'tournament'
p962
I87
sS'drive'
p963
I83
sS'shiz'
p964
I88
sS'sometime'
p965
I88
sS'bourdain'
p966
I88
sS'fashioned'
p967
I88
sS'oooof'
p968
I88
sS'ash\xe2\x80\xa6'
p969
I88
sS'annoying'
p970
I78
sS'check'
p971
I83
sS'shit'
p972
I55
sS'3.5+'
p973
I88
sS'nl'
p974
I87
sS'dying'
p975
I87
sS'no'
p976
I29
sS'na'
p977
I85
sS'commercials'
p978
I87
sS'sabes'
p979
I88
sS'when'
p980
I36
sS'finna'
p981
I88
sS'til'
p982
I87
sS'tooooo'
p983
I88
sS'pasadena'
p984
I61
sS'holding'
p985
I88
sS'papers'
p986
I88
sS'tie'
p987
I87
sS'depot'
p988
I85
sS'smell'
p989
I88
sS'roll'
p990
I88
sS"kim's"
p991
I88
sS'scored'
p992
I88
sS'picture'
p993
I85
sS'choosing'
p994
I88
sS"'s"
p995
I87
sS'brothers'
p996
I87
sS"o'clock"
p997
I87
sS'juicer'
p998
I87
sS'dies'
p999
I88
sS'today?lets'
p1000
I88
sS'welcome'
p1001
I87
sS'update'
p1002
I87
sS'rodan'
p1003
I88
sS"let's"
p1004
I70
sS'fell'
p1005
I87
sS'diem'
p1006
I88
sS"'o"
p1007
I88
sS'detox'
p1008
I88
sS'weekend'
p1009
I83
sS'died'
p1010
I87
sS'jones'
p1011
I88
sS'dulce'
p1012
I88
sS'tweeting'
p1013
I88
sS'faster'
p1014
I88
sS'glass'
p1015
I88
sS'australians'
p1016
I88
sS'together'
p1017
I83
sS'thannnk'
p1018
I88
sS'ahahahahah'
p1019
I88
sS'loyal'
p1020
I88
sS'->'
p1021
I88
sS'time'
p1022
I39
sS'push'
p1023
I87
sS'serious'
p1024
I86
sS'lineup'
p1025
I87
sS'5:14'
p1026
I88
sS'songs'
p1027
I84
sS'kersahw'
p1028
I88
sS':/'
p1029
I85
sS':('
p1030
I85
sS':)'
p1031
I75
sS'............flowers'
p1032
I88
sS'dance'
p1033
I85
sS'skip'
p1034
I88
sS'roc'
p1035
I88
sS'acrylics'
p1036
I88
sS'focus'
p1037
I88
sS'rox'
p1038
I88
sS'skate'
p1039
I86
sS'weathaa'
p1040
I88
sS'ice'
p1041
I83
sS'trappy'
p1042
I88
sS'skin'
p1043
I88
sS'battle'
p1044
I88
sS'shot'
p1045
I85
sS'primes'
p1046
I88
sS'ward'
p1047
I88
sS'vet'
p1048
I88
sS'yummy'
p1049
I87
sS'happpy'
p1050
I88
sS'flash'
p1051
I88
sS'gigs'
p1052
I88
sS'click'
p1053
I88
sS'cheat'
p1054
I88
sS'finally'
p1055
I80
sS'negativity'
p1056
I88
sS'birffffdayy'
p1057
I88
sS'melon'
p1058
I88
sS'sing'
p1059
I87
sS':(((('
p1060
I88
sS'shoot'
p1061
I88
sS'rx'
p1062
I88
sS':d'
p1063
I83
sS"mama's"
p1064
I88
sS'construction'
p1065
I88
sS'burrito*'
p1066
I88
sS'distant'
p1067
I88
sS'tacos'
p1068
I80
sS'one!!!!!thank'
p1069
I88
sS'vegas'
p1070
I84
sS'stays'
p1071
I86
sS'cook'
p1072
I88
sS'ma'
p1073
I88
sS'trouble'
p1074
I87
sS'procrastinated-'
p1075
I88
sS':p'
p1076
I86
sS'minute'
p1077
I86
sS'cool'
p1078
I70
sS'1700'
p1079
I88
sS'mahh'
p1080
I88
sS'epic'
p1081
I88
sS'staples'
p1082
I87
sS'level'
p1083
I88
sS'did'
p1084
I65
sS'die'
p1085
I85
sS'hansumlife'
p1086
I88
sS'peeps'
p1087
I88
sS'brother'
p1088
I78
sS'turnt'
p1089
I87
sS'standards'
p1090
I87
sS'leave'
p1091
I82
sS':]'
p1092
I88
sS'soooo'
p1093
I87
sS'team'
p1094
I81
sS'quick'
p1095
I81
sS'guy'
p1096
I83
sS'dip'
p1097
I88
sS'round'
p1098
I88
sS'yall'
p1099
I87
sS'dis'
p1100
I88
sS'application'
p1101
I88
sS'05:59:45.0,34.1471462,-118.0898164,4629,debating'
p1102
I88
sS'talked'
p1103
I87
sS'says'
p1104
I85
sS'porn'
p1105
I88
sS'dealing'
p1106
I88
sS'cyber'
p1107
I88
sS'sign'
p1108
I88
sS'cost'
p1109
I88
sS'seihera'
p1110
I88
sS'shirts'
p1111
I87
sS'eating'
p1112
I84
sS'stole'
p1113
I88
sS'\xee\x90\x96'
p1114
I88
sS'rough'
p1115
I87
sS'irritated'
p1116
I87
sS'pedicurist'
p1117
I88
sS'stands'
p1118
I87
sS'jodeci'
p1119
I88
sS'fuuuuuuuck'
p1120
I88
sS'realizing'
p1121
I88
sS'np-hands'
p1122
I88
sS'current'
p1123
I88
sS'300'
p1124
I88
sS'ride.well'
p1125
I88
sS'goes'
p1126
I84
sS'fuckinnn'
p1127
I88
sS'falling'
p1128
I87
sS'ground'
p1129
I88
sS'forever-'
p1130
I88
sS'filled'
p1131
I87
sS'hairy'
p1132
I88
sS'notifications.\xe2\x80\x9d'
p1133
I88
sS'predicting'
p1134
I88
sS'dwarf'
p1135
I88
sS'shirt*'
p1136
I88
sS'french'
p1137
I88
sS'effing'
p1138
I88
sS'water'
p1139
I86
sS'downloaded'
p1140
I88
sS'ronsef'
p1141
I88
sS'baseball'
p1142
I84
sS'address'
p1143
I87
sS'alone'
p1144
I87
sS'along'
p1145
I87
sS'earthquake'
p1146
I87
sS'change'
p1147
I85
sS'wait'
p1148
I79
sS'box'
p1149
I88
sS'boy'
p1150
I72
sS'lunettes'
p1151
I88
sS'mimosa'
p1152
I88
sS'flames'
p1153
I88
sS'brilliant'
p1154
I88
sS'shift'
p1155
I88
sS'wherever'
p1156
I88
sS'bow'
p1157
I87
sS'women'
p1158
I88
sS'ughhh'
p1159
I88
sS'kemp'
p1160
I87
sS'usually'
p1161
I87
sS'hospitality'
p1162
I88
sS'weird'
p1163
I83
sS'massage'
p1164
I88
sS'love'
p1165
I43
sS'santa'
p1166
I88
sS'hiking'
p1167
I88
sS'extra'
p1168
I84
sS'lauber'
p1169
I88
sS'prefer'
p1170
I88
sS'fake'
p1171
I87
sS'eattttt'
p1172
I88
sS'roadtrip'
p1173
I88
sS'peep'
p1174
I88
sS'market'
p1175
I86
sS'red'
p1176
I88
sS'everybody'
p1177
I87
sS'to\xe2\x80\xa6'
p1178
I88
sS'voices'
p1179
I88
sS'working'
p1180
I78
sS'lose'
p1181
I87
sS'positive'
p1182
I88
sS'angry'
p1183
I88
sS'dude'
p1184
I64
sS'only'
p1185
I67
sS'by'
p1186
I62
sS'live'
p1187
I84
sS'jam'
p1188
I87
sS'andy'
p1189
I88
sS'iphone'
p1190
I86
sS'gamestop'
p1191
I88
sS'ahhh'
p1192
I87
sS'cuter'
p1193
I88
sS'thru'
p1194
I87
sS'angels'
p1195
I85
sS'prep'
p1196
I88
sS'today'
p1197
I51
sS'loving'
p1198
I85
sS'scratched'
p1199
I88
sS'introducing'
p1200
I88
sS'sharing'
p1201
I88
sS'sessions'
p1202
I88
sS'afford'
p1203
I87
sS'ooo'
p1204
I88
sS'oregon'
p1205
I88
sS'clue'
p1206
I88
sS'downtown'
p1207
I88
sS'wooo'
p1208
I88
sS'ballet'
p1209
I88
sS'vmas'
p1210
I88
sS'beers'
p1211
I88
sS'riding'
p1212
I87
sS'brother...the'
p1213
I88
sS'given'
p1214
I88
sS'easiest'
p1215
I88
sS'play,91107\n497226862045982720,declans_daddy,2014-08-07'
p1216
I88
sS"me...i'm"
p1217
I88
sS'fly'
p1218
I88
sS'wouldnt'
p1219
I88
sS'niggas'
p1220
I86
sS'julius'
p1221
I88
sS'car'
p1222
I81
sS'originally'
p1223
I88
sS'pretend'
p1224
I87
sS'flu'
p1225
I88
sS'cat'
p1226
I86
sS'hardest'
p1227
I88
sS'can'
p1228
I40
sS'9th'
p1229
I86
sS'cal'
p1230
I88
sS'following'
p1231
I88
sS'making'
p1232
I82
sS'stimulating'
p1233
I88
sS"denny's"
p1234
I86
sS'\xe3\x85\x8b\xe3\x85\x8b'
p1235
I88
sS'heart'
p1236
I85
sS'crazy'
p1237
I83
sS'raspberries...thanks'
p1238
I88
sS'corrupted'
p1239
I88
sS'figure'
p1240
I87
sS'expanding'
p1241
I88
sS'awesome'
p1242
I86
sS'winston'
p1243
I88
sS"didn't"
p1244
I67
sS'fuck'
p1245
I41
sS'topic'
p1246
I88
sS'heard'
p1247
I87
sS'stroke'
p1248
I88
sS'\xe2\x98\x81'
p1249
I88
sS'dropped'
p1250
I85
sS'11:00'
p1251
I88
sS'barbershop'
p1252
I88
sS'confuses'
p1253
I88
sS'counting'
p1254
I88
sS'cardio'
p1255
I87
sS'at\xe2\x80\xa6'
p1256
I88
sS'productive'
p1257
I87
sS'winter'
p1258
I86
sS'shleep'
p1259
I88
sS'kenia'
p1260
I88
sS'watching'
p1261
I74
sS'aleready'
p1262
I88
sS'1'
p1263
I74
sS'till'
p1264
I84
sS'sunday'
p1265
I81
sS'lechita'
p1266
I88
sS'fourth'
p1267
I88
sS'vidcon'
p1268
I88
sS'gaping'
p1269
I88
sS'puro'
p1270
I88
sS'sureeee'
p1271
I88
sS"brown's"
p1272
I88
sS'toenail'
p1273
I88
sS'snaps'
p1274
I88
sS'dialog'
p1275
I88
sS'140'
p1276
I88
sS'huge'
p1277
I88
sS'strokes'
p1278
I88
sS'coworker'
p1279
I88
sS'misrepresented'
p1280
I88
sS'hocky'
p1281
I88
sS'spot'
p1282
I75
sS'latte'
p1283
I88
sS'mac'
p1284
I86
sS'birthday'
p1285
I71
sS'mad'
p1286
I86
sS'date'
p1287
I86
sS'such'
p1288
I83
sS'suck'
p1289
I84
sS'guys'
p1290
I76
sS'man'
p1291
I73
sS'stress'
p1292
I88
sS'album\xee\x84\x9d\xee\x84\x9d'
p1293
I88
sS'remember'
p1294
I81
sS'liquid'
p1295
I88
sS'oculus'
p1296
I85
sS'whenever'
p1297
I88
sS'maybe'
p1298
I76
sS'payphone'
p1299
I88
sS'sleazee,91107\n503434295696834561,_guzmanny,2014-08-24'
p1300
I88
sS'st'
p1301
I87
sS'q'
p1302
I88
sS'so'
p1303
I20
sS'silence'
p1304
I87
sS'igoracolor10'
p1305
I88
sS'tall'
p1306
I87
sS'sg'
p1307
I88
sS'sf'
p1308
I87
sS'talk'
p1309
I84
sS'typical'
p1310
I88
sS'cute'
p1311
I84
sS'tagged'
p1312
I88
sS'acts'
p1313
I88
sS'shoes'
p1314
I86
sS'clubhouse'
p1315
I88
sS'food'
p1316
I81
sS'indeed'
p1317
I88
sS'midnight'
p1318
I87
sS'years'
p1319
I86
sS'decently'
p1320
I88
sS'course'
p1321
I87
sS'episodes'
p1322
I87
sS'pitch'
p1323
I85
sS'managers'
p1324
I88
sS'cold'
p1325
I86
sS'still'
p1326
I63
sS'03:37:43.0,34.1482082,-118.0902603,4629,just'
p1327
I88
sS'police'
p1328
I88
sS'thank'
p1329
I69
sS"he's"
p1330
I82
sS'interesting'
p1331
I86
sS'toro'
p1332
I84
sS'birthdays'
p1333
I86
sS'hot'
p1334
I82
sS'platform'
p1335
I88
sS'window'
p1336
I88
sS'yitches'
p1337
I88
sS'bestfriends,91107\n503428926975131649,_guzmanny,2014-08-24'
p1338
I88
sS'tweets'
p1339
I84
sS'secondary'
p1340
I88
sS'amaaaaazing'
p1341
I88
sS'petition'
p1342
I87
sS'happened'
p1343
I85
sS'non'
p1344
I88
sS'finance'
p1345
I88
sS'moms'
p1346
I85
sS"denny's)"
p1347
I87
sS'nog'
p1348
I88
sS"tonight's"
p1349
I88
sS'nation'
p1350
I87
sS'lunch'
p1351
I80
sS'disney\xee\x90\xa7\xee\x90\xa7'
p1352
I88
sS'half'
p1353
I82
sS'not'
p1354
I35
sS'escaping'
p1355
I88
sS'now'
p1356
I40
sS'killed'
p1357
I87
sS'josh'
p1358
I88
sS'wont'
p1359
I87
sS'argentina'
p1360
I88
sS'name'
p1361
I81
sS'sophomore'
p1362
I88
sS'james'
p1363
I85
sS"vamp'd"
p1364
I88
sS'appropriate'
p1365
I88
sS'debating'
p1366
I88
sS'lpve,91107\n497232622880571392,declans_daddy,2014-08-07'
p1367
I88
sS'fabian'
p1368
I88
sS'testing'
p1369
I88
sS'rock'
p1370
I87
sS'quarter'
p1371
I88
sS'em'
p1372
I86
sS'el'
p1373
I87
sS'stalling'
p1374
I88
sS'en'
p1375
I87
sS'yeaa'
p1376
I88
sS'eh'
p1377
I88
sS'or4'
p1378
I88
sS'ft'
p1379
I88
sS'yeah'
p1380
I78
sS'ordain'
p1381
I88
sS'bradley'
p1382
I88
sS'gaps'
p1383
I88
sS'giordan'
p1384
I88
sS'ex'
p1385
I88
sS'year'
p1386
I71
sS'assumption'
p1387
I81
sS'girl'
p1388
I78
sS'teams'
p1389
I87
sS'frijoles'
p1390
I88
sS'es'
p1391
I87
sS'plans'
p1392
I88
sS'album'
p1393
I84
sS'living'
p1394
I88
sS'inflammation'
p1395
I88
sS'and\xe2\x80\xa6'
p1396
I88
sS'jackson'
p1397
I88
sS'stitch'
p1398
I86
sS'3rd'
p1399
I88
sS'irony'
p1400
I88
sS'screamed'
p1401
I88
sS'semi'
p1402
I88
sS'sebscription'
p1403
I88
sS'looking'
p1404
I78
sS'explain'
p1405
I88
sS'seriously'
p1406
I83
sS'miles'
p1407
I88
sS'kent'
p1408
I88
sS'internet'
p1409
I88
sS'dominate'
p1410
I88
sS'nudes'
p1411
I88
sS'shows'
p1412
I87
sS'mcgriddle'
p1413
I88
sS'nfl2014'
p1414
I88
sS'dodgers'
p1415
I79
sS'monster'
p1416
I87
sS'crawling'
p1417
I88
sS'cars'
p1418
I88
sS'million'
p1419
I87
sS'quite'
p1420
I88
sS'oasis'
p1421
I60
sS'rows'
p1422
I88
sS'california'
p1423
I88
sS'lab'
p1424
I87
sS'8th'
p1425
I88
sS'grandma'
p1426
I86
sS'headband'
p1427
I88
sS'earning'
p1428
I88
sS'explorers'
p1429
I88
sS'card'
p1430
I87
sS'care'
p1431
I81
sS'hotness'
p1432
I88
sS'dunno'
p1433
I88
sS'discontinues'
p1434
I88
sS'punk'
p1435
I88
sS'ganahl'
p1436
I87
sS'399.99'
p1437
I88
sS'motion'
p1438
I88
sS'turn'
p1439
I87
sS'place'
p1440
I82
sS'swing'
p1441
I88
sS'horas'
p1442
I88
sS'view'
p1443
I87
sS'think'
p1444
I60
sS'first'
p1445
I65
sS'emotion'
p1446
I88
sS'cheese'
p1447
I85
sS'intuition'
p1448
I88
sS'saving'
p1449
I88
sS'stevens'
p1450
I88
sS'budweiser'
p1451
I88
sS'potter'
p1452
I88
sS'flipping'
p1453
I88
sS'xd'
p1454
I85
sS'yourself'
p1455
I86
sS'long'
p1456
I80
sS'lita'
p1457
I88
sS'spanish'
p1458
I85
sS'sounds'
p1459
I80
sS'drove'
p1460
I87
sS'open'
p1461
I84
sS'tomorrow'
p1462
I66
sS'size'
p1463
I85
sS'tingling'
p1464
I87
sS'city'
p1465
I88
sS'little'
p1466
I57
sS'law'
p1467
I86
sS'limited'
p1468
I88
sS'quality'
p1469
I88
sS'virgin'
p1470
I81
sS'caught'
p1471
I85
sS'breed'
p1472
I88
sS'job?"me-'
p1473
I88
sS'plastic'
p1474
I88
sS'anyone'
p1475
I86
sS'fml'
p1476
I88
sS'2'
p1477
I61
sS'terrifying'
p1478
I88
sS'alfred'
p1479
I88
sS'like...wow'
p1480
I88
sS'white'
p1481
I83
sS'fo'
p1482
I88
sS'participated'
p1483
I88
sS'reaaaally'
p1484
I88
sS'friend'
p1485
I82
sS'gives'
p1486
I88
sS'nutrition'
p1487
I88
sS'eyes'
p1488
I87
sS'copa'
p1489
I88
sS'that'
p1490
I19
sS'season'
p1491
I75
sS"men's"
p1492
I88
sS'huh'
p1493
I86
sS'boba'
p1494
I88
sS'hut'
p1495
I88
sS'dudes'
p1496
I87
sS'ridiculous'
p1497
I87
sS'hard.\xe2\x80\x9d'
p1498
I88
sS'butt'
p1499
I87
sS'attempt'
p1500
I88
sS'lazy'
p1501
I88
sS'copy'
p1502
I87
sS'than'
p1503
I75
sS"here's"
p1504
I85
sS'boyfriend'
p1505
I87
sS'11'
p1506
I88
sS'10'
p1507
I83
sS'ratchets'
p1508
I88
sS'12'
p1509
I85
sS'15'
p1510
I87
sS'14'
p1511
I87
sS'17'
p1512
I86
sS'depressed'
p1513
I87
sS'favors'
p1514
I88
sS'gotta'
p1515
I86
sS'lmaf'
p1516
I88
sS'halls'
p1517
I88
sS'future'
p1518
I86
sS'were'
p1519
I74
sS'panelfoilweava'
p1520
I88
sS'asleep'
p1521
I86
sS'damned'
p1522
I87
sS'replaced...\xe2\x80\x9dduh'
p1523
I88
sS'and'
p1524
I9
sS'alot'
p1525
I88
sS'20s'
p1526
I88
sS'san'
p1527
I84
sS'angel'
p1528
I86
sS'haren'
p1529
I88
sS'sac'
p1530
I87
sS'parking'
p1531
I88
sS'turned'
p1532
I88
sS'argument'
p1533
I88
sS'lewis...\xe2\x80\x9d'
p1534
I88
sS'sad'
p1535
I86
sS'ant'
p1536
I88
sS'say'
p1537
I72
sS'spectacle'
p1538
I88
sS'hershel'
p1539
I88
sS'breakfast'
p1540
I85
sS'\xd1\x81\xd0\xbd\xd0\xb8\xd0\xbc\xd0\xb0\xd1\x82\xd1\x8c'
p1541
I88
sS'saw'
p1542
I78
sS'any'
p1543
I73
sS'kevin'
p1544
I87
sS'sat'
p1545
I86
sS'appstore'
p1546
I88
sS'policy'
p1547
I88
sS'fabby'
p1548
I88
sS'wcw'
p1549
I88
sS'greek'
p1550
I88
sS'sending'
p1551
I88
sS'toot*'
p1552
I88
sS'zoo'
p1553
I87
sS'note'
p1554
I88
sS'ideal'
p1555
I88
sS'take'
p1556
I69
sS'online'
p1557
I87
sS'interior'
p1558
I88
sS'performance'
p1559
I87
sS'concern'
p1560
I88
sS'blunt'
p1561
I84
sS'channel'
p1562
I87
sS'lolita3372'
p1563
I88
sS'sure'
p1564
I80
sS'pain'
p1565
I84
sS'ahhahahahaha'
p1566
I88
sS'normal'
p1567
I88
sS'track'
p1568
I88
sS'price'
p1569
I86
sS'knew'
p1570
I87
sS'paid'
p1571
I86
sS'netflix'
p1572
I88
sS'jajajaja'
p1573
I88
sS'freshman'
p1574
I88
sS'knee'
p1575
I88
sS'america'
p1576
I86
sS'pages'
p1577
I87
sS'woooo'
p1578
I85
sS'sushiya'
p1579
I87
sS'one\xee\x90\x92,91107\n503072615385161729,_guzmanny,2014-08-23'
p1580
I88
sS'forever'
p1581
I85
sS'altadena'
p1582
I87
sS'especially'
p1583
I86
sS'surprising'
p1584
I88
sS'egg'
p1585
I88
sS'later'
p1586
I86
sS'hungry'
p1587
I81
sS'mrs'
p1588
I88
sS'slaves'
p1589
I88
sS'jittery'
p1590
I88
sS'link'
p1591
I86
sS'senior'
p1592
I85
sS'damnn'
p1593
I88
sS'merakun'
p1594
I88
sS'zoom'
p1595
I88
sS'shop'
p1596
I88
sS'fifa'
p1597
I88
sS'walking'
p1598
I83
sS'playoffs'
p1599
I87
sS'\xe2\x9c\xa8'
p1600
I88
sS'show'
p1601
I75
sS'morrissey'
p1602
I87
sS'able'
p1603
I88
sS'cheap'
p1604
I88
sS'bright'
p1605
I88
sS'welp'
p1606
I88
sS'corner'
p1607
I87
sS'woooooooooooooooooooo'
p1608
I88
sS'crashing'
p1609
I87
sS'aint'
p1610
I86
sS'\xe2\x9c\x8c'
p1611
I88
sS'pictionary'
p1612
I88
sS'slow'
p1613
I87
sS'flash\xe2\x80\xa6'
p1614
I88
sS'daily'
p1615
I88
sS'dick'
p1616
I87
sS'mitzi'
p1617
I88
sS'3'
p1618
I69
sS'filipinos'
p1619
I88
sS'tears'
p1620
I87
sS'going'
p1621
I37
sS'black'
p1622
I86
sS'hockey'
p1623
I85
sS'sierra'
p1624
I87
sS'wheel='
p1625
I88
sS'...soda'
p1626
I88
sS'brotha'
p1627
I88
sS'awareness'
p1628
I86
sS'pumpkin'
p1629
I87
sS'spirit'
p1630
I88
sS'fades'
p1631
I88
sS'tuckered'
p1632
I88
sS'get'
p1633
I33
sS"scottie's"
p1634
I87
sS'assistant'
p1635
I88
sS'mormon'
p1636
I88
sS'freezing'
p1637
I88
sS'clang'
p1638
I86
sS'mission'
p1639
I88
sS'cannot'
p1640
I88
sS'negative'
p1641
I86
sS'invited'
p1642
I88
sS'candles'
p1643
I87
sS'gen'
p1644
I88
sS'celebrate'
p1645
I88
sS'freaking'
p1646
I88
sS'business."'
p1647
I88
sS'aluminum'
p1648
I88
sS'artist'
p1649
I88
sS'i-15'
p1650
I88
sS'busiest'
p1651
I88
sS'amargos'
p1652
I88
sS'attitude'
p1653
I88
sS'morning'
p1654
I65
sS'naked'
p1655
I86
sS":')"
p1656
I88
sS'tosh.0'
p1657
I88
sS'stupid'
p1658
I82
sS'worries'
p1659
I88
sS'dough'
p1660
I88
sS'finishing'
p1661
I88
sS'pants'
p1662
I86
sS'where'
p1663
I66
sS'worrying'
p1664
I88
sS"y'all"
p1665
I86
sS'dempsey'
p1666
I88
sS'lyft'
p1667
I88
sS'concert'
p1668
I87
sS'burst'
p1669
I88
sS'artworks'
p1670
I88
sS'eehh'
p1671
I88
sS"hasn't"
p1672
I88
sS'\xd1\x81\xd0\xbc\xd0\xbe\xd1\x82\xd1\x80\xd0\xb5\xd1\x82\xd1\x8c'
p1673
I88
sS'college'
p1674
I86
sS'anyways'
p1675
I87
sS'staining'
p1676
I88
sS'surgery'
p1677
I87
sS'sport'
p1678
I87
sS'smiling'
p1679
I87
sS'scarlett'
p1680
I88
sS'wonder'
p1681
I86
sS'dexter'
p1682
I86
sS'cauliflower'
p1683
I88
sS'farmers'
p1684
I87
sS'jumped'
p1685
I88
sS'definite'
p1686
I88
sS'sites'
p1687
I88
sS'enough'
p1688
I84
sS'sighting'
p1689
I88
sS'gaga'
p1690
I88
sS'skyscraper'
p1691
I88
sS'between'
p1692
I87
sS'enjoys'
p1693
I88
sS'reading'
p1694
I84
sS'hahahahahahahahahaha'
p1695
I88
sS'across'
p1696
I87
sS'kukla'
p1697
I85
sS'cruch'
p1698
I88
sS'24'
p1699
I88
sS'august'
p1700
I87
sS'messed'
p1701
I88
sS'jt'
p1702
I88
sS'screen'
p1703
I86
sS'neyo'
p1704
I88
sS'shooooot'
p1705
I88
sS'inseparable'
p1706
I88
sS'killing'
p1707
I84
sS'blame'
p1708
I86
sS'concentrate'
p1709
I88
sS'hurts'
p1710
I86
sS'thrilling'
p1711
I88
sS'tortas'
p1712
I87
sS'come'
p1713
I63
sS'instagrams'
p1714
I88
sS'tug'
p1715
I88
sS'reaction'
p1716
I87
sS'daddy'
p1717
I88
sS'kicking'
p1718
I88
sS'many'
p1719
I78
sS'manz'
p1720
I88
sS'yucky'
p1721
I88
sS'restroom'
p1722
I88
sS'tour'
p1723
I87
sS'christmases'
p1724
I88
sS'disappointment'
p1725
I88
sS'kaepernick'
p1726
I88
sS'yeeee'
p1727
I88
sS'wheels'
p1728
I88
sS'busting'
p1729
I88
sS"can't"
p1730
I61
sS'yearly'
p1731
I88
sS'"get'
p1732
I88
sS'6:30'
p1733
I88
sS'color'
p1734
I84
sS"02:11:13.0,34.1473309,-118.0902574,4629,i'm"
p1735
I88
sS'jk'
p1736
I86
sS'period'
p1737
I87
sS'pop'
p1738
I87
sS'nooooo'
p1739
I88
sS'royal'
p1740
I88
sS'denver'
p1741
I88
sS'learning'
p1742
I84
sS'constant'
p1743
I88
sS'arba-esrem'
p1744
I88
sS'caring'
p1745
I88
sS'save'
p1746
I88
sS'soccer....i'
p1747
I88
sS'west'
p1748
I86
sS'rebuild'
p1749
I88
sS'classic'
p1750
I88
sS'coppin'
p1751
I88
sS'vacation'
p1752
I87
sS'camelback'
p1753
I88
sS'almighty'
p1754
I88
sS'workshop'
p1755
I88
sS'peaceful'
p1756
I88
sS'2010'
p1757
I88
sS'sesh'
p1758
I88
sS'mary'
p1759
I81
sS'exhaustion'
p1760
I88
sS'systems'
p1761
I88
sS'wants'
p1762
I82
sS'\xe3\x85\x8b^^'
p1763
I88
sS'shopping'
p1764
I87
sS'great\xe2\x80\xa6'
p1765
I87
sS'bernardino'
p1766
I88
sS'blessing'
p1767
I88
sS'andrew'
p1768
I87
sS'nikon'
p1769
I88
sS'mans'
p1770
I88
sS'wake'
p1771
I87
sS'huntington'
p1772
I88
sS'pcc'
p1773
I88
sS'careful'
p1774
I88
sS'odyssey'
p1775
I88
sS'those'
p1776
I71
sS'pilot'
p1777
I88
sS'sound'
p1778
I83
sS'4-1'
p1779
I88
sS'myself'
p1780
I84
sS'casa'
p1781
I85
sS'washington'
p1782
I88
sS'spiderman'
p1783
I87
sS'4-9'
p1784
I88
sS'chinatown'
p1785
I88
sS'staplers'
p1786
I88
sS'arnold'
p1787
I88
sS'costco'
p1788
I88
sS'cast'
p1789
I88
sS'blinkers'
p1790
I88
sS'electrocuted'
p1791
I88
sS"shawn's"
p1792
I88
sS'pollo'
p1793
I87
sS'cancelled'
p1794
I87
sS'o\xe2\x80\x99'
p1795
I88
sS'etx'
p1796
I88
sS'hanleys'
p1797
I88
sS"drake's"
p1798
I88
sS'1:30'
p1799
I88
sS'coffee'
p1800
I85
sS'bros'
p1801
I85
sS'sleeping'
p1802
I85
sS'romanova'
p1803
I88
sS'finnaly'
p1804
I88
sS'someone'
p1805
I80
sS'embrace'
p1806
I88
sS'mediocre'
p1807
I88
sS'worry'
p1808
I86
sS'handover'
p1809
I88
sS'different'
p1810
I87
sS'errtime'
p1811
I88
sS'il'
p1812
I88
sS'pay'
p1813
I82
sS'granted'
p1814
I88
sS'joey'
p1815
I88
sS'bowl'
p1816
I86
sS'sketchy'
p1817
I88
sS'same'
p1818
I78
sS'trip'
p1819
I83
sS'wooooooooooooooo'
p1820
I87
sS'loudly'
p1821
I88
sS'followers'
p1822
I87
sS'urself'
p1823
I88
sS'coworkers'
p1824
I88
sS'reminder'
p1825
I87
sS'physical'
p1826
I88
sS'(again)'
p1827
I88
sS'isle'
p1828
I88
sS'pan'
p1829
I88
sS'week'
p1830
I70
sS'finish'
p1831
I86
sS'sang'
p1832
I88
sS'driver'
p1833
I87
sS'someon'
p1834
I88
sS'bumpin'
p1835
I86
sS'driven'
p1836
I88
sS'running'
p1837
I86
sS'fruit'
p1838
I87
sS'redbox'
p1839
I88
sS'lemon'
p1840
I87
sS'1pm'
p1841
I88
sS'totally'
p1842
I87
sS'thrown'
p1843
I88
sS'weave'
p1844
I86
sS'\xe2\x9c\x8c\xef\xb8\x8f'
p1845
I88
sS'03:14:30.0,34.1501328,-118.0901524,4629,patiently'
p1846
I88
sS'flaked'
p1847
I88
sS'burrito'
p1848
I87
sS'aiiiiiii'
p1849
I88
sS'floor'
p1850
I88
sS'm.i.a'
p1851
I88
sS'magical'
p1852
I88
sS'm.i.c'
p1853
I88
sS'"how'
p1854
I88
sS'without'
p1855
I87
sS'comes'
p1856
I82
sS'bottle'
p1857
I87
sS'bumping'
p1858
I88
sS'bodies'
p1859
I87
sS'summer'
p1860
I73
sS'(~'
p1861
I88
sS'\xe2\x98\xba\xef\xb8\x8f'
p1862
I85
sS'210'
p1863
I84
sS'being'
p1864
I69
sS'money'
p1865
I86
sS'rest'
p1866
I85
sS'civic'
p1867
I88
sS'kill'
p1868
I83
sS'fuuck'
p1869
I88
sS'touch'
p1870
I88
sS'speed'
p1871
I88
sS'ps4'
p1872
I88
sS'blow'
p1873
I88
sS'announcement'
p1874
I88
sS'rake'
p1875
I88
sS'death'
p1876
I87
sS'dipped'
p1877
I88
sS'here-->'
p1878
I88
sS'athletic'
p1879
I88
sS'excuses'
p1880
I75
sS'thinking'
p1881
I85
sS'rose'
p1882
I85
sS'seems'
p1883
I83
sS'except'
p1884
I87
sS'me"-'
p1885
I88
sS'mann'
p1886
I88
sS'lets'
p1887
I80
sS'tio'
p1888
I88
sS'ahhhh'
p1889
I87
sS'4'
p1890
I73
sS"lana's"
p1891
I88
sS'pow'
p1892
I88
sS'briggs'
p1893
I88
sS'struck'
p1894
I88
sS'foos'
p1895
I88
sS'ca'
p1896
I88
sS'ross'
p1897
I88
sS'real'
p1898
I81
sS'starving'
p1899
I88
sS'hurom?cant'
p1900
I88
sS'around'
p1901
I85
sS'kills'
p1902
I87
sS'blowout'
p1903
I88
sS'read'
p1904
I81
sS'psa'
p1905
I88
sS'unnecessary'
p1906
I88
sS'gonna'
p1907
I70
sS'early'
p1908
I79
sS'psy'
p1909
I88
sS'traffic'
p1910
I70
sS'poly'
p1911
I88
sS'listening'
p1912
I86
sS'vacuum'
p1913
I88
sS'using'
p1914
I87
sS'lady'
p1915
I87
sS'dare'
p1916
I88
sS'clan'
p1917
I88
sS'(tweet'
p1918
I88
sS'dick*'
p1919
I88
sS'wbu'
p1920
I88
sS'adams'
p1921
I87
sS'wiggle'
p1922
I85
sS'kennedy'
p1923
I70
sS'some\xe2\x80\xa6'
p1924
I88
sS'server'
p1925
I88
sS'nugget'
p1926
I88
sS'oblivion'
p1927
I87
sS'kopitar'
p1928
I88
sS'either'
p1929
I84
sS'whatcha'
p1930
I85
sS'tart'
p1931
I88
sS'lovely_yelena'
p1932
I88
sS'-my'
p1933
I86
sS"couldn't"
p1934
I85
sS'grub'
p1935
I88
sS'doll'
p1936
I88
sS'titan'
p1937
I86
sS'slavery'
p1938
I87
sS'+plus'
p1939
I88
sS'hastings'
p1940
I88
sS"meg's"
p1941
I88
sS'cristina'
p1942
I87
sS'yesss'
p1943
I88
sS'studyin'
p1944
I88
sS'ghidora'
p1945
I88
sS'kaiser'
p1946
I85
sS'mood'
p1947
I88
sS'in\xe2\x80\xa6'
p1948
I88
sS'douchebag'
p1949
I88
sS'moon'
p1950
I82
sS'kitty'
p1951
I88
sS'throat'
p1952
I87
sS'babysitter'
p1953
I88
sS'color10'
p1954
I87
sS'juices'
p1955
I88
sS'nuggets'
p1956
I85
sS'hustle'
p1957
I87
sS'struzans'
p1958
I88
sS'turkey'
p1959
I88
sS'felt'
p1960
I84
sS'business'
p1961
I85
sS'asap'
p1962
I87
sS'lmfao'
p1963
I85
sS'chefs'
p1964
I88
sS'each'
p1965
I84
sS'mervin'
p1966
I88
sS'broken'
p1967
I87
sS';*'
p1968
I88
sS';)'
p1969
I87
sS'prepared'
p1970
I88
sS'throw'
p1971
I86
sS'earlier'
p1972
I88
sS'be-attitudes'
p1973
I88
sS'on'
p1974
I13
sS'ok'
p1975
I80
sS'oh'
p1976
I74
sS'of'
p1977
I12
sS'industry'
p1978
I88
sS'it,91107\n503370343973548032,_guzmanny,2014-08-24'
p1979
I88
sS'favorite'
p1980
I78
sS'drag'
p1981
I88
sS'loveeeeee'
p1982
I88
sS'meal'
p1983
I85
sS'dibs'
p1984
I88
sS'pistachio'
p1985
I88
sS'journey'
p1986
I88
sS'wolf'
p1987
I88
sS'stand'
p1988
I85
sS'privilages'
p1989
I88
sS'act'
p1990
I84
sS'mixed'
p1991
I87
sS'luck'
p1992
I86
sS'or'
p1993
I54
sS'road'
p1994
I82
sS'9ers'
p1995
I88
sS'freeing'
p1996
I88
sS'fundraising'
p1997
I88
sS'marshmallow'
p1998
I88
sS'coupon'
p1999
I88
sS'smelling'
p2000
I88
sS'blessed'
p2001
I80
sS'snapchat'
p2002
I85
sS'flavors'
p2003
I88
sS'duarte'
p2004
I88
sS'accounts'
p2005
I87
sS'battery'
p2006
I88
sS'homeless'
p2007
I88
sS'heated'
p2008
I88
sS'gomez'
p2009
I88
sS'your'
p2010
I34
sS'contest'
p2011
I88
sS'neymar'
p2012
I88
sS'ivie'
p2013
I88
sS'her'
p2014
I68
sS'"just'
p2015
I88
sS'removing'
p2016
I88
sS'treys'
p2017
I88
sS'there'
p2018
I46
sS'hey'
p2019
I80
sS'lol'
p2020
I43
sS'start'
p2021
I80
sS'cats'
p2022
I87
sS'tacobell'
p2023
I88
sS'lot'
p2024
I77
sS'4:30'
p2025
I88
sS'swagger'
p2026
I88
sS'valley'
p2027
I88
sS'boo'
p2028
I88
sS'jacked'
p2029
I88
sS'mornings'
p2030
I88
sS'complete'
p2031
I88
sS'\xe2\x9d\xa4\xe2\x9d\xa4\xe2\x9d\xa4'
p2032
I88
sS'drains'
p2033
I88
sS'jun'
p2034
I88
sS'lmaooo'
p2035
I86
sS'toooooo'
p2036
I88
sS'najarian'
p2037
I88
sS'chillage'
p2038
I88
sS'loco'
p2039
I88
sS'trying'
p2040
I79
sS'with'
p2041
I21
sS'hottest'
p2042
I88
sS'buying'
p2043
I87
sS'happening'
p2044
I88
sS'football'
p2045
I88
sS"they're"
p2046
I84
sS'october'
p2047
I84
sS'romantic'
p2048
I88
sS'pharrell'
p2049
I88
sS'sears'
p2050
I88
sS"wasn't"
p2051
I87
sS'pacman'
p2052
I87
sS'potato'
p2053
I88
sS'bucket'
p2054
I87
sS'flirt'
p2055
I88
sS'assume'
p2056
I88
sS'cassidy'
p2057
I88
sS'stressin'
p2058
I88
sS'define'
p2059
I88
sS'agree'
p2060
I86
sS'affection'
p2061
I88
sS'chaplin'
p2062
I87
sS'gone'
p2063
I82
sS'ac'
p2064
I87
sS'taylor'
p2065
I88
sS'leaked'
p2066
I86
sS'ad'
p2067
I87
sS'cinema'
p2068
I87
sS'taste'
p2069
I86
sS'certain'
p2070
I88
sS'carpe'
p2071
I88
sS'forgot'
p2072
I84
sS'am'
p2073
I64
sS'direction'
p2074
I88
sS'deep'
p2075
I87
sS'an'
p2076
I58
sS'alarm'
p2077
I88
sS'as'
p2078
I65
sS'senses'
p2079
I88
sS'at'
p2080
I15
sS'aw'
p2081
I88
sS'ay'
p2082
I88
sS'watched'
p2083
I87
sS'film'
p2084
I88
sS'cream'
p2085
I86
sS'yummmy'
p2086
I88
sS'again'
p2087
I73
sS'tragos'
p2088
I88
sS'hasnt'
p2089
I88
sS'1year'
p2090
I88
sS'idiot'
p2091
I88
sS'deserve'
p2092
I88
sS'drivers'
p2093
I87
sS'luizzzzzz'
p2094
I88
sS'foothills'
p2095
I88
sS'insurance'
p2096
I88
sS'rubber'
p2097
I88
sS'roses'
p2098
I87
sS'valid'
p2099
I87
sS'5'
p2100
I83
sS'milking'
p2101
I88
sS'you'
p2102
I7
sS'puppy'
p2103
I85
sS'07:18:47.0,34.147004,-118.0892601,4629,you'
p2104
I88
sS'poor'
p2105
I88
sS'poop'
p2106
I88
sS"gon'"
p2107
I87
sS'obsessed'
p2108
I87
sS'ru'
p2109
I88
sS'students'
p2110
I87
sS'finale'
p2111
I86
sS'drift'
p2112
I88
sS'"yeah!"'
p2113
I88
sS'gifts'
p2114
I87
sS'walker'
p2115
I88
sS'important'
p2116
I88
sS'bullets'
p2117
I88
sS'gayest'
p2118
I88
sS'fresh'
p2119
I86
sS'brands'
p2120
I86
sS'liqorrrrr'
p2121
I88
sS'finals'
p2122
I88
sS'chuck'
p2123
I88
sS'5:45'
p2124
I88
sS'hmm'
p2125
I88
sS'harper*'
p2126
I88
sS'controller'
p2127
I88
sS'$30'
p2128
I88
sS'hello'
p2129
I87
sS'exhausting'
p2130
I88
sS'lipstick'
p2131
I88
sS"wrongain't"
p2132
I88
sS'u'
p2133
I52
sS'drank'
p2134
I88
sS'doubted'
p2135
I88
sS'alright'
p2136
I85
sS'starting'
p2137
I86
sS'original'
p2138
I87
sS'represent'
p2139
I88
sS'all'
p2140
I30
sS'surrounded'
p2141
I88
sS'forget'
p2142
I85
sS'chinese'
p2143
I88
sS'messi'
p2144
I88
sS'caused'
p2145
I87
sS'omphalophobia'
p2146
I88
sS'lack'
p2147
I87
sS'dollar'
p2148
I88
sS'month'
p2149
I84
sS'coach'
p2150
I88
sS'tours'
p2151
I88
sS'looper'
p2152
I88
sS'follow'
p2153
I88
sS'wash'
p2154
I88
sS'ravens'
p2155
I88
sS'peter'
p2156
I87
sS'-_________-'
p2157
I88
sS'tv'
p2158
I84
sS'dicho'
p2159
I88
sS'weed'
p2160
I88
sS'whoever'
p2161
I88
sS'encourage'
p2162
I88
sS'thursday'
p2163
I82
sS'former'
p2164
I88
sS'to'
p2165
I4
sS'tl'
p2166
I88
sS'program'
p2167
I88
sS'mother"'
p2168
I88
sS'tf'
p2169
I83
sS'smile'
p2170
I88
sS'te'
p2171
I88
sS'tb'
p2172
I88
sS'80.1point'
p2173
I88
sS'betches'
p2174
I88
sS'activities'
p2175
I88
sS'woman'
p2176
I88
sS'appointment'
p2177
I87
sS'worse'
p2178
I87
sS'song'
p2179
I75
sS'very'
p2180
I77
sS'horror'
p2181
I87
sS'fav'
p2182
I88
sS'tent'
p2183
I88
sS'fat'
p2184
I88
sS'fittys'
p2185
I88
sS'selfies'
p2186
I87
sS'sons'
p2187
I87
sS'fan'
p2188
I84
sS'bestie'
p2189
I87
sS'fall'
p2190
I82
sS'winning'
p2191
I88
sS'ticket'
p2192
I88
sS'ramen'
p2193
I88
sS'evah'
p2194
I88
sS'trippin'
p2195
I87
sS'shuuu'
p2196
I86
sS'cable'
p2197
I88
sS'--'
p2198
I88
sS'celebrity'
p2199
I88
sS'list'
p2200
I83
sS'large'
p2201
I86
sS'these'
p2202
I74
sS'vibes'
p2203
I88
sS'harry'
p2204
I86
sS'small'
p2205
I86
sS'dodger'
p2206
I81
sS'1st-'
p2207
I88
sS"i'll"
p2208
I74
sS'cookies'
p2209
I88
sS'neighborhood'
p2210
I88
sS'instagram'
p2211
I82
sS'freakin'
p2212
I88
sS'whens'
p2213
I88
sS'split'
p2214
I88
sS'past'
p2215
I85
sS'burger'
p2216
I86
sS'arizona'
p2217
I88
sS'design'
p2218
I88
sS'pass'
p2219
I87
sS'awhile'
p2220
I88
sS'...lol'
p2221
I88
sS'nba'
p2222
I88
sS'unapreciative'
p2223
I88
sS'ribbon'
p2224
I88
sS'jesus'
p2225
I85
sS'what'
p2226
I34
sS'richard'
p2227
I88
sS'sun'
p2228
I87
sS'section'
p2229
I88
sS'drifting'
p2230
I88
sS'days:)'
p2231
I88
sS'emotions'
p2232
I88
sS'18'
p2233
I88
sS'gn'
p2234
I88
sS'leftovers'
p2235
I88
sS'suvives'
p2236
I88
sS'dominyque'
p2237
I88
sS'learned'
p2238
I88
sS'public'
p2239
I86
sS'memorizing'
p2240
I88
sS'w/alameda'
p2241
I88
sS'tattoos'
p2242
I88
sS'friday'
p2243
I75
sS'hash'
p2244
I88
sS'gif'
p2245
I88
sS'certainly'
p2246
I88
sS'jonah'
p2247
I88
sS'hours'
p2248
I83
sS'frappe'
p2249
I88
sS"06:51:04.0,34.1511594,-118.091238,4629,vma's"
p2250
I88
sS'ramon'
p2251
I87
sS'directions'
p2252
I88
sS'baller'
p2253
I88
sS'november'
p2254
I88
sS'strong'
p2255
I86
sS'popeye'
p2256
I88
sS'thrift'
p2257
I88
sS'labs'
p2258
I88
sS'ahead'
p2259
I87
sS'inspired'
p2260
I88
sS'hair-coloring'
p2261
I88
sS'creepy'
p2262
I87
sS'pics'
p2263
I83
sS'successfully\xe2\x80\xa6'
p2264
I88
sS'amount'
p2265
I88
sS'ohhhhh'
p2266
I88
sS'fwy'
p2267
I88
sS'social'
p2268
I84
sS'action'
p2269
I87
sS'pice'
p2270
I88
sS'ya"'
p2271
I88
sS'eclipse'
p2272
I88
sS'went*'
p2273
I88
sS'sticking'
p2274
I88
sS"'twas"
p2275
I88
sS'via'
p2276
I88
sS'one\xe2\x80\xa6'
p2277
I88
sS'family'
p2278
I79
sS'hp'
p2279
I88
sS'favoriting'
p2280
I88
sS'sherbet'
p2281
I88
sS'escuchar'
p2282
I88
sS'munchkin'
p2283
I88
sS'put'
p2284
I84
sS'semester'
p2285
I88
sS'toys'
p2286
I88
sS'sealed'
p2287
I88
sS'gosh'
p2288
I87
sS'sushiya)'
p2289
I88
sS'dgaf'
p2290
I88
sS'eye'
p2291
I84
sS'0'
p2292
I88
sS'donuts'
p2293
I85
sS'charge'
p2294
I87
sS'magnification'
p2295
I88
sS'splash'
p2296
I88
sS'pitching'
p2297
I88
sS'6'
p2298
I84
sS'taken'
p2299
I87
sS'seanveegee'
p2300
I88
sS'homework'
p2301
I87
sS'autographs'
p2302
I87
sS'more'
p2303
I58
sS'teen'
p2304
I88
sS'permanente'
p2305
I85
sS'door'
p2306
I88
sS'knows'
p2307
I84
sS"'emand"
p2308
I88
sS'company'
p2309
I85
sS'bests'
p2310
I88
sS'flag'
p2311
I88
sS'following\xe2\x80\xa6'
p2312
I88
sS"ain't"
p2313
I74
sS'basically'
p2314
I85
sS'broke'
p2315
I88
sS'known'
p2316
I88
sS'nbc'
p2317
I88
sS'hurry'
p2318
I87
sS'karaoke'
p2319
I87
sS'glad'
p2320
I87
sS'town'
p2321
I86
sS'none'
p2322
I88
sS'hour'
p2323
I79
sS"boss's"
p2324
I88
sS'sucks'
p2325
I82
sS'febrezing'
p2326
I88
sS'nina'
p2327
I87
sS'paragraph'
p2328
I88
sS'del'
p2329
I87
sS'dem'
p2330
I88
sS'evolved'
p2331
I88
sS'learn'
p2332
I84
sS'def'
p2333
I85
sS'avi'
p2334
I88
sS'beautiful'
p2335
I78
sS'(shibori)'
p2336
I88
sS'salted'
p2337
I88
sS'brown'
p2338
I88
sS'share'
p2339
I88
sS'accept'
p2340
I88
sS'states'
p2341
I88
sS'pushed'
p2342
I88
sS'\xe2\x98\x95\xef\xb8\x8f'
p2343
I88
sS'wet'
p2344
I88
sS'sense'
p2345
I86
sS'station'
p2346
I87
sS'dress'
p2347
I86
sS'nightie'
p2348
I88
sS'whoopie'
p2349
I88
sS'creates'
p2350
I88
sS'needs'
p2351
I84
sS'goal'
p2352
I83
sS'awkward'
p2353
I85
sS'desperation'
p2354
I88
sS'breaking'
p2355
I87
sS'felicia\xe2\x9c\xa8\xe2\x9d\xa4\xef\xb8\x8f'
p2356
I88
sS'woooooooooooooo'
p2357
I88
sS'everyday'
p2358
I88
sS'needa'
p2359
I86
sS'hannah'
p2360
I88
sS'musica'
p2361
I88
sS'ucla'
p2362
I88
sS'possibly'
p2363
I88
sS'justin'
p2364
I88
sS'ayyyyy'
p2365
I88
sS'mi'
p2366
I88
sS'beliefs'
p2367
I88
sS'ryu'
p2368
I88
sS'alonecuz'
p2369
I88
sS'sandwich'
p2370
I85
sS'okay'
p2371
I84
sS'tried'
p2372
I86
sS'21:36:04.0,34.151041,-118.0902664,4629,all'
p2373
I88
sS'advice'
p2374
I87
sS'sneak'
p2375
I88
sS'soundtrack'
p2376
I88
sS'fb'
p2377
I87
sS'plane'
p2378
I88
sS'streets'
p2379
I88
sS'blood'
p2380
I85
sS'numb'
p2381
I87
sS'coming'
p2382
I79
sS'backyard'
p2383
I88
sS'choice'
p2384
I88
sS'suckssss'
p2385
I88
sS'absolve'
p2386
I88
sS'a'
p2387
I5
sS'ulta'
p2388
I88
sS'fkn'
p2389
I88
sS'coat'
p2390
I88
sS'volleyball'
p2391
I87
sS'django'
p2392
I87
sS'chopsticks'
p2393
I88
sS'scaring'
p2394
I88
sS'media'
p2395
I87
sS'putting'
p2396
I88
sS'dream'
p2397
I84
sS'playing'
p2398
I80
sS"that's"
p2399
I67
sS'volume'
p2400
I88
sS'"bubbles"'
p2401
I88
sS'mexican'
p2402
I87
sS'help'
p2403
I85
sS'leigh'
p2404
I88
sS"don't"
p2405
I43
sS'september'
p2406
I88
sS'nighter'
p2407
I88
sS'flowers'
p2408
I88
sS'sooo'
p2409
I86
sS'soon'
p2410
I81
sS'trade'
p2411
I86
sS'resorts'
p2412
I88
sS'isnt'
p2413
I88
sS'paper'
p2414
I87
sS'through'
p2415
I81
sS'offdisneyland'
p2416
I88
sS'filters'
p2417
I88
sS'signs'
p2418
I88
sS'hell'
p2419
I85
sS'mcdonalds'
p2420
I86
sS'it."'
p2421
I88
sS'its'
p2422
I79
sS'5:30'
p2423
I88
sS'25'
p2424
I88
sS'27'
p2425
I86
sS'20'
p2426
I83
sS'22'
p2427
I88
sS'chants'
p2428
I88
sS'pray'
p2429
I88
sS'exact'
p2430
I87
sS'sale'
p2431
I88
sS'beyonce'
p2432
I87
sS'wrk'
p2433
I88
sS'actually'
p2434
I82
sS'late'
p2435
I81
sS'>>>'
p2436
I87
sS'pac'
p2437
I88
sS'ruining'
p2438
I88
sS'nhl'
p2439
I88
sS'quitate'
p2440
I88
sS'thnk'
p2441
I88
sS'bout'
p2442
I85
sS'soccer'
p2443
I83
sS'might'
p2444
I84
sS'here\xe2\x80\xa6'
p2445
I88
sS"haven't"
p2446
I82
sS'fool'
p2447
I87
sS'returner'
p2448
I88
sS'good'
p2449
I32
sS'somebody'
p2450
I88
sS'yo'
p2451
I85
sS'seeking'
p2452
I88
sS'ya'
p2453
I57
sS'ye'
p2454
I88
sS'clippers'
p2455
I88
sS'olivia'
p2456
I88
sS'starbucks'
p2457
I87
sS'obliterated'
p2458
I88
sS'damn...i'
p2459
I88
sS'foot'
p2460
I86
sS'mccarron'
p2461
I88
sS'stepped'
p2462
I86
sS'bigger'
p2463
I87
sS'sucked'
p2464
I87
sS'war'
p2465
I88
sS'grubbin'
p2466
I88
sS'hook'
p2467
I88
sS'sundays'
p2468
I87
sS'always'
p2469
I71
sS'outrage'
p2470
I88
sS'dik'
p2471
I88
sS'drake'
p2472
I87
sS'xmas'
p2473
I88
sS'payed'
p2474
I87
sS'token'
p2475
I88
sS'habits'
p2476
I88
sS'goinnggggg'
p2477
I88
sS'=)'
p2478
I88
sS'turns'
p2479
I88
sS'found'
p2480
I86
sS'"sick"'
p2481
I88
sS"isn't"
p2482
I87
sS'heavy'
p2483
I88
sS'everyone'
p2484
I77
sS'weeknd'
p2485
I86
sS'weight'
p2486
I88
sS'house'
p2487
I81
sS'energy'
p2488
I87
sS'hard'
p2489
I76
sS'idea'
p2490
I85
sS'hawaii'
p2491
I88
sS'bickering'
p2492
I88
sS'oil'
p2493
I87
sS'gum'
p2494
I88
sS'birrrthdayyyy'
p2495
I88
sS'hart'
p2496
I88
sS'todo'
p2497
I88
sS'event'
p2498
I87
sS'really'
p2499
I61
sS'lovers'
p2500
I88
sS'missed'
p2501
I82
sS'<<<'
p2502
I87
sS'speedometer'
p2503
I88
sS'since'
p2504
I79
sS'ashley'
p2505
I88
sS'phc'
p2506
I88
sS'acting'
p2507
I88
sS'health'
p2508
I88
sS'hill'
p2509
I88
sS'7'
p2510
I75
sS'lolz'
p2511
I88
sS'tiresome'
p2512
I88
sS'evaluation'
p2513
I88
sS'sharon'
p2514
I88
sS'salute'
p2515
I88
sS'ass'
p2516
I66
sS'pathetic'
p2517
I88
sS'circumstance'
p2518
I88
sS'lol..u'
p2519
I88
sS'pug'
p2520
I84
sS'guess'
p2521
I84
sS'mmm'
p2522
I87
sS'reason'
p2523
I87
sS'base'
p2524
I87
sS'asf'
p2525
I86
sS'"homeward'
p2526
I88
sS'imagine'
p2527
I88
sS'ask'
p2528
I82
sS'topsy'
p2529
I88
sS'teach'
p2530
I86
sS'ash'
p2531
I88
sS'jefas'
p2532
I88
sS'lag'
p2533
I88
sS'blister'
p2534
I88
sS'bullying'
p2535
I88
sS'launch'
p2536
I88
sS'deleting'
p2537
I88
sS'computers'
p2538
I88
sS'terrible'
p2539
I85
sS'noted'
p2540
I88
sS'cheering'
p2541
I88
sS'american'
p2542
I86
sS'w'
p2543
I82
sS'ichiban'
p2544
I88
sS'syria'
p2545
I88
sS"it'll"
p2546
I88
sS'fallen'
p2547
I88
sS'...played'
p2548
I88
sS'feed'
p2549
I87
sS'1s'
p2550
I88
sS'omw'
p2551
I88
sS'dont'
p2552
I76
sS'06:53:52.0,34.1471145,-118.0894468,4629,no'
p2553
I88
sS'feel'
p2554
I67
sS'tov'
p2555
I88
sS'number'
p2556
I83
sS'fancy'
p2557
I87
sS'feet'
p2558
I87
sS'phs'
p2559
I87
sS'\xee\x90\x8e'
p2560
I87
sS'done'
p2561
I82
sS'changing'
p2562
I88
sS'02:17:20.0,34.1500672,-118.0901941,4629,i'
p2563
I88
sS'htc'
p2564
I88
sS'miss'
p2565
I70
sS'maple'
p2566
I88
sS'bell....this'
p2567
I88
sS'hate,91107\n506685798607900673,_guzmanny,2014-09-02'
p2568
I88
sS'story'
p2569
I83
sS'"'
p2570
I88
sS'heads'
p2571
I87
sS'jew'
p2572
I88
sS'..bartender'
p2573
I88
sS'bay'
p2574
I88
sS'shiny'
p2575
I88
sS'comfy'
p2576
I88
sS'least'
p2577
I86
sS'wingman'
p2578
I88
sS'\xec\x98\xa4\xec\x9e\x89'
p2579
I88
sS'wonderful'
p2580
I86
sS'pains'
p2581
I88
sS'vip'
p2582
I88
sS'mama'
p2583
I85
sS'dumbass'
p2584
I88
sS'banana'
p2585
I87
sS'store'
p2586
I86
sS'listed'
p2587
I88
sS"paul's"
p2588
I88
sS'*bro'
p2589
I88
sS'vag'
p2590
I88
sS'relationship'
p2591
I88
sS'behind'
p2592
I88
sS'derailleur'
p2593
I88
sS'park'
p2594
I61
sS'victory..&'
p2595
I88
sS'dentist'
p2596
I88
sS'part'
p2597
I79
sS'"retweet"'
p2598
I88
sS'word'
p2599
I88
sS'"flirt"'
p2600
I88
sS'believe'
p2601
I88
sS'obama'
p2602
I88
sS'king'
p2603
I85
sS'kind'
p2604
I85
sS'b'
p2605
I84
sS'rebound'
p2606
I88
sS'potatoes'
p2607
I88
sS'posada'
p2608
I88
sS'gotten'
p2609
I88
sS'diegos'
p2610
I88
sS"chillin'"
p2611
I88
sS'supposed'
p2612
I88
sS'dang'
p2613
I88
sS'riddance'
p2614
I88
sS'headache'
p2615
I88
sS'charlotte'
p2616
I88
sS'motivation'
p2617
I88
sS'ranch'
p2618
I88
sS'outta'
p2619
I86
sS'76'
p2620
I88
sS'wasnt'
p2621
I88
sS'fights'
p2622
I88
sS'juice'
p2623
I85
sS'murder'
p2624
I88
sS'nothin'
p2625
I88
sS'karl'
p2626
I88
sS'iight'
p2627
I88
sS'lie'
p2628
I86
sS'wilson'
p2629
I87
sS'nights'
p2630
I87
sS'dancing'
p2631
I87
sS'lil'
p2632
I80
sS'pajamas'
p2633
I88
sS'self'
p2634
I88
sS'norml'
p2635
I88
sS'scotland'
p2636
I88
sS'micheladas'
p2637
I88
sS'camouflage'
p2638
I88
sS'couch'
p2639
I87
sS'also'
p2640
I83
sS'craigslist""need'
p2641
I88
sS'finding'
p2642
I88
sS'pouring'
p2643
I88
sS'drinks'
p2644
I88
sS'\xe2\x9d\xa4\xe2\x9d\xa4\xe2\x9d\xa4\xe2\x9d\xa4\xe2\x9d\xa4\xe2\x9d\xa4'
p2645
I88
sS'tool'
p2646
I88
sS'club'
p2647
I88
sS'play'
p2648
I79
sS'goaaalll'
p2649
I88
sS"ariana's"
p2650
I88
sS'singles'
p2651
I88
sS'eggs'
p2652
I88
sS'$250'
p2653
I88
sS'salmon'
p2654
I87
sS'walt'
p2655
I88
sS'feugo'
p2656
I88
sS'most'
p2657
I76
sS'brooklyn'
p2658
I88
sS'plan'
p2659
I87
sS'kat'
p2660
I88
sS'nothing'
p2661
I83
sS'seasons'
p2662
I87
sS'~jay-z'
p2663
I88
sS'\xec\x95\x88\xea\xb3\xbc'
p2664
I88
sS'funnier'
p2665
I88
sS'demand'
p2666
I88
sS'hubby'
p2667
I88
sS'kg'
p2668
I88
sS'mineral'
p2669
I88
sS'5-2'
p2670
I88
sS'windows'
p2671
I88
sS'sometimes'
p2672
I86
sS'cover'
p2673
I87
sS'ni\xc3\xb1a'
p2674
I88
sS'bubby'
p2675
I88
sS'clean'
p2676
I88
sS'fashions'
p2677
I88
sS'latest'
p2678
I88
sS'shoutout'
p2679
I87
sS'lying'
p2680
I88
sS'standoff'
p2681
I88
sS'belle'
p2682
I88
sS'ugh'
p2683
I83
sS'mexico'
p2684
I88
sS'hi5'
p2685
I88
sS'gold'
p2686
I83
sS'ugg'
p2687
I87
sS'stfu'
p2688
I88
sS'session'
p2689
I88
sS'dylanski'
p2690
I88
sS'smfh'
p2691
I88
sS"'af"
p2692
I88
sS'fine'
p2693
I87
sS'find'
p2694
I82
sS'gangs'
p2695
I88
sS'giant'
p2696
I87
sS'(and'
p2697
I88
sS'bff'
p2698
I86
sS'nervous'
p2699
I87
sS'ruin'
p2700
I88
sS'bfs'
p2701
I88
sS'failed'
p2702
I88
sS'wayne'
p2703
I88
sS'pretty'
p2704
I74
sS'factor'
p2705
I88
sS'california)'
p2706
I87
sS'8'
p2707
I86
sS'giants'
p2708
I88
sS'bebe'
p2709
I88
sS'his'
p2710
I66
sS'hit'
p2711
I85
sS'gains'
p2712
I88
sS'roxburry'
p2713
I88
sS'gainz'
p2714
I88
sS'toddlers'
p2715
I88
sS'estrella'
p2716
I83
sS'famous'
p2717
I88
sS'feels'
p2718
I82
sS'longest'
p2719
I88
sS'shared'
p2720
I88
sS'wooooooo'
p2721
I88
sS'during'
p2722
I85
sS'workouts'
p2723
I88
sS'him'
p2724
I71
sS'fitness)'
p2725
I88
sS'freals'
p2726
I88
sS'cry'
p2727
I83
sS'.\xd0\x9b\xd0\xbe\xd0\xb2\xd0\xb8\xd1\x82\xd1\x8c'
p2728
I88
sS'sacrifices'
p2729
I88
sS'spiked'
p2730
I88
sS'common'
p2731
I88
sS'orch'
p2732
I88
sS'49'
p2733
I88
sS'you?\xe2\x80\x9d'
p2734
I88
sS'maneser'
p2735
I88
sS'river'
p2736
I88
sS'rear'
p2737
I88
sS'wrote'
p2738
I88
sS'restaurants'
p2739
I88
sS'characteristics'
p2740
I88
sS'joy'
p2741
I88
sS'set'
p2742
I86
sS'art'
p2743
I85
sS'n.n'
p2744
I88
sS'vina'
p2745
I85
sS":'("
p2746
I88
sS'311'
p2747
I88
sS'vine'
p2748
I86
sS'chandelierrrrrrrrrrrrr'
p2749
I88
sS'sex'
p2750
I87
sS'culture'
p2751
I88
sS'see'
p2752
I53
sS'defense'
p2753
I88
sS'dumb'
p2754
I83
sS'are'
p2755
I25
sS'sea'
p2756
I87
sS'close'
p2757
I87
sS'arm'
p2758
I88
sS'merch'
p2759
I88
sS'"tbts"'
p2760
I88
sS'library'
p2761
I88
sS'matter'
p2762
I88
sS'pictures'
p2763
I83
sS'wow'
p2764
I85
sS'exchange'
p2765
I88
sS'please'
p2766
I83
sS'slapped'
p2767
I88
sS'woo'
p2768
I84
sS'won'
p2769
I85
sS'up.\xe2\x80\x9d'
p2770
I88
sS'probably'
p2771
I81
sS'years"'
p2772
I88
sS'"yeah""that\'s'
p2773
I88
sS'nope'
p2774
I84
sS'endure'
p2775
I88
sS'"that'
p2776
I88
sS'solo'
p2777
I87
sS'rehearsal'
p2778
I88
sS'creating'
p2779
I88
sS'missing'
p2780
I86
sS"bff's"
p2781
I85
sS'attention'
p2782
I88
sS'beastt'
p2783
I88
sS'ranked'
p2784
I88
sS'foothill'
p2785
I84
sS"jacob's"
p2786
I88
sS'06:18:12.0,34.1470973,-118.0893858,4629,this'
p2787
I88
sS'bf/gf'
p2788
I88
sS'pissed'
p2789
I85
sS'floats'
p2790
I88
sS'both'
p2791
I84
sS'21st'
p2792
I88
sS'f'
p2793
I88
sS'last'
p2794
I64
sS'let\xe2\x80\x99s'
p2795
I88
sS'restaurant'
p2796
I84
sS'thot'
p2797
I87
sS'9pm'
p2798
I88
sS'fustrated'
p2799
I88
sS'foreign'
p2800
I87
sS'kev1990'
p2801
I88
sS'became'
p2802
I87
sS'8am'
p2803
I88
sS'tickets,91107\n510303011147493377,_guzmanny,2014-09-12'
p2804
I88
sS"we've"
p2805
I87
sS'foreverrrr'
p2806
I88
sS'whole'
p2807
I82
sS'finds'
p2808
I87
sS'jefa'
p2809
I88
sS'geolocation'
p2810
I88
sS'race"'
p2811
I88
sS'childhood'
p2812
I88
sS'danced'
p2813
I88
sS'drunk'
p2814
I86
sS'reasons'
p2815
I88
sS'sweet'
p2816
I86
sS'smashing'
p2817
I88
sS'sweep'
p2818
I88
sS'community'
p2819
I85
sS'hawaiians'
p2820
I88
sS'church'
p2821
I84
sS'02:35:12.0,34.1471094,-118.0894231,4629,like'
p2822
I88
sS'center)'
p2823
I88
sS'chant'
p2824
I88
sS'frosting'
p2825
I88
sS'expensive'
p2826
I87
sS'blog'
p2827
I88
sS'dum'
p2828
I88
sS'chick'
p2829
I88
sS'dub'
p2830
I88
sS'9:36'
p2831
I88
sS'210e'
p2832
I88
sS'6-3'
p2833
I88
sS'hitting'
p2834
I86
sS'pc'
p2835
I88
sS'secret'
p2836
I88
sS'pa'
p2837
I88
sS'damn'
p2838
I77
sS'pd'
p2839
I88
sS'boston'
p2840
I88
sS'peppers'
p2841
I88
sS'9:30'
p2842
I88
sS'yogurtland'
p2843
I88
sS'meeting'
p2844
I87
sS'whoa'
p2845
I88
sS'woke'
p2846
I87
sS'pm'
p2847
I88
sS'flight'
p2848
I88
sS'champion'
p2849
I88
sS'gay'
p2850
I86
sS'classtraffic'
p2851
I88
sS"what's"
p2852
I81
sS'elevator.\xe2\x80\x9d'
p2853
I88
sS'else'
p2854
I84
sS'anthony'
p2855
I83
sS'whatever'
p2856
I87
sS'gal'
p2857
I88
sS'awake'
p2858
I85
sS'traumatizing'
p2859
I88
sS'summer\xe2\x80\xa6'
p2860
I88
sS'temperament'
p2861
I88
sS'rocking'
p2862
I88
sS'tries'
p2863
I88
sS'mlb'
p2864
I87
sS'dicks'
p2865
I88
sS'fur'
p2866
I85
sS'look'
p2867
I71
sS'raw'
p2868
I87
sS'straight'
p2869
I86
sS'voteing'
p2870
I88
sS'convo'
p2871
I86
sS'healthy'
p2872
I88
sS'while'
p2873
I78
sS'exciting'
p2874
I88
sS'replaced'
p2875
I88
sS'kick'
p2876
I85
sS'behavior'
p2877
I88
sS'formats'
p2878
I88
sS'fun'
p2879
I72
sS'mindin'
p2880
I88
sS'biking'
p2881
I88
sS'robin'
p2882
I88
sS'loop'
p2883
I88
sS'pack'
p2884
I88
sS'swim'
p2885
I87
sS'casino'
p2886
I88
sS'riz'
p2887
I88
sS'hoping'
p2888
I87
sS'century'
p2889
I88
sS'37'
p2890
I88
sS'owen'
p2891
I88
sS'rip'
p2892
I87
sS'buffallo'
p2893
I88
sS'disappointing'
p2894
I88
sS'35'
p2895
I88
sS'triple'
p2896
I88
sS'beautifully'
p2897
I87
sS'ready'
p2898
I78
sS'rid'
p2899
I88
sS'$$$,91107\n503068281175961600,_guzmanny,2014-08-23'
p2900
I88
sS'attach'
p2901
I88
sS'southpark'
p2902
I88
sS'calls*'
p2903
I88
sS'funny'
p2904
I80
sS'shirt'
p2905
I86
sS'anymore'
p2906
I86
sS'noooo'
p2907
I88
sS'alone.oh'
p2908
I88
sS'cesaer'
p2909
I88
sS'puig'
p2910
I82
sS'well.for'
p2911
I88
sS'preceptorship'
p2912
I88
sS'9'
p2913
I87
sS'ray'
p2914
I88
sS'get\xe2\x80\xa6'
p2915
I88
sS'b.o.b'
p2916
I88
sS'used'
p2917
I84
sS'ingot'
p2918
I88
sS'mountain'
p2919
I88
sS'keys'
p2920
I88
sS'sawn'
p2921
I88
sS'yesterday'
p2922
I86
sS'21:09:26.0,34.1470973,-118.0893858,4629,spilt'
p2923
I88
sS'doe\xe2\x80\x9d'
p2924
I88
sS'sys'
p2925
I88
sS'*buys'
p2926
I88
sS'moment'
p2927
I85
sS'flown'
p2928
I88
sS'cucumber'
p2929
I88
sS'bambam'
p2930
I83
sS'haunting'
p2931
I88
sS'dark'
p2932
I88
sS'whores'
p2933
I88
sS'picky'
p2934
I88
sS'day\xe2\x98\xba\xef\xb8\x8f'
p2935
I88
sS'rules'
p2936
I88
sS'stephanie'
p2937
I88
sS'flirts'
p2938
I88
sS'anybody'
p2939
I87
sS'grind'
p2940
I88
sS'person'
p2941
I83
sS'flags'
p2942
I86
sS'kelly'
p2943
I88
sS'ohh'
p2944
I88
sS'bounced'
p2945
I88
sS'spend'
p2946
I88
sS'darn'
p2947
I88
sS'watch!)'
p2948
I88
sS'morals'
p2949
I88
sS'"smell."really'
p2950
I88
sS'mom'
p2951
I71
sS'..i'
p2952
I88
sS'ceo'
p2953
I88
sS'~~^^'
p2954
I88
sS'placed'
p2955
I88
sS'competitive'
p2956
I88
sS'lds'
p2957
I88
sS'world'
p2958
I81
sS'"repost"'
p2959
I88
sS'praying'
p2960
I87
sS'procrastinating'
p2961
I88
sS'letting'
p2962
I87
sS'friendship'
p2963
I88
sS'cut'
p2964
I87
sS'$'
p2965
I87
sS'tablet'
p2966
I88
sS'cup'
p2967
I87
sS'disappointed'
p2968
I88
sS'cuz'
p2969
I82
sS'kinect'
p2970
I87
sS'source'
p2971
I88
sS'maison'
p2972
I88
sS'parents'
p2973
I86
sS'location'
p2974
I87
sS'soooooo'
p2975
I87
sS'homies'
p2976
I88
sS'offices)'
p2977
I87
sS'cum'
p2978
I88
sS'excited'
p2979
I88
sS'hates'
p2980
I88
sS'australia'
p2981
I86
sS'march'
p2982
I88
sS'emergency'
p2983
I88
sS'me\xe2\x80\xa6'
p2984
I88
sS'queso'
p2985
I88
sS'big'
p2986
I72
sS'couple'
p2987
I86
sS'"hairdresser"i'
p2988
I88
sS'iknow'
p2989
I88
sS'lovin'
p2990
I88
sS'non-believer'
p2991
I88
sS'shitty'
p2992
I86
sS'game'
p2993
I42
sS'laggin'
p2994
I88
sS'guide'
p2995
I88
sS'necessary'
p2996
I88
sS'bit'
p2997
I84
sS'tmwr,91107\n503433319741026305,_guzmanny,2014-08-24'
p2998
I88
sS'wings'
p2999
I85
sS'projects'
p3000
I88
sS'terrorize'
p3001
I88
sS'knock'
p3002
I86
sS'whoooop'
p3003
I88
sS'lost'
p3004
I83
sS'flappy'
p3005
I86
sS'signal*'
p3006
I83
sS'signal'
p3007
I86
sS'kickin'
p3008
I88
sS'grounds'
p3009
I88
sS'exausted'
p3010
I88
sS'continue'
p3011
I88
sS'mexi'
p3012
I88
sS'rigoberto'
p3013
I88
sS'whooooo'
p3014
I88
sS'me\xe2\x80\x9d'
p3015
I88
sS'sprinklers'
p3016
I88
sS'parade'
p3017
I85
sS'hahahsh'
p3018
I88
sS'klose'
p3019
I88
sS'fucking'
p3020
I64
sS'spring'
p3021
I85
sS'fathers'
p3022
I88
sS'1st'
p3023
I86
sS'some'
p3024
I42
sS'back'
p3025
I51
sS'streaming'
p3026
I88
sS'added'
p3027
I88
sS'palm'
p3028
I88
sS'sight'
p3029
I88
sS'mirror'
p3030
I88
sS'sheesh'
p3031
I88
sS'sauces'
p3032
I88
sS'delivered'
p3033
I88
sS'swallowed'
p3034
I88
sS'pet'
p3035
I87
sS'tools'
p3036
I88
sS'absolutely'
p3037
I87
sS'shall'
p3038
I87
sS'gimme'
p3039
I88
sS'bruce'
p3040
I88
sS'prom'
p3041
I87
sS'emmys'
p3042
I88
sS'dating'
p3043
I88
sS'\xe2\x9c\x8c\xef\xb8\x8f\xe2\x9d\xa4\xef\xb8\x8f'
p3044
I88
sS't'
p3045
I87
sS'be'
p3046
I28
sS'run'
p3047
I85
sS'bb'
p3048
I85
sS'bc'
p3049
I87
sS'rub'
p3050
I88
sS'lmaoooo'
p3051
I88
sS'bookshelves'
p3052
I88
sS'*titanfall'
p3053
I85
sS'aj'
p3054
I88
sS's/o'
p3055
I88
sS'step'
p3056
I86
sS'joffrey'
p3057
I87
sS'nowhere'
p3058
I88
sS'conjuring'
p3059
I88
sS'bs'
p3060
I87
sS'from'
p3061
I46
sS'intense'
p3062
I87
sS'nueva'
p3063
I88
sS'hippie'
p3064
I88
sS'shine'
p3065
I87
sS'flake'
p3066
I88
sS'consumption'
p3067
I88
sS'anything'
p3068
I84
sS'wore'
p3069
I88
sS'ijustines'
p3070
I88
sS"mcdonald's"
p3071
I87
sS'piled'
p3072
I88
sS'range'
p3073
I88
sS'extensions'
p3074
I87
sS'idk'
p3075
I86
sS'bish'
p3076
I88
sS'chapin'
p3077
I88
sS'moon/friday'
p3078
I88
sS'wanna'
p3079
I73
sS'idc'
p3080
I87
sS'block'
p3081
I86
sS'channeling'
p3082
I88
sS'ppl'
p3083
I86
sS'seeing'
p3084
I87
sS'47-story'
p3085
I88
sS'colorado'
p3086
I87
sS'visit'
p3087
I85
sS'into'
p3088
I76
sS'within'
p3089
I88
sS'midterm'
p3090
I88
sS'momma'
p3091
I86
sS'because'
p3092
I76
sS'sports'
p3093
I88
sS'smells'
p3094
I88
sS'statistics'
p3095
I88
sS'04:28:02.0,34.1470973,-118.0893858,4629,it'
p3096
I88
sS'spending'
p3097
I88
sS'apparently'
p3098
I88
sS'question'
p3099
I86
sS'ca)'
p3100
I53
sS'fast'
p3101
I87
sS'consultation'
p3102
I88
sS"we're"
p3103
I83
sS'bruh'
p3104
I86
sS'forward'
p3105
I83
sS"ex's"
p3106
I88
sS'anally'
p3107
I88
sS'memory'
p3108
I88
sS'mountains'
p3109
I87
sS'himself'
p3110
I88
sS'invite'
p3111
I88
sS'ladididadi...we'
p3112
I88
sS'0-3'
p3113
I88
sS'collapsed'
p3114
I88
sS'frost'
p3115
I70
sS'vlogs'
p3116
I88
sS'scuffle'
p3117
I88
sS'ayyyyyyyeeeeee'
p3118
I88
sS'boys'
p3119
I84
sS'yesssss'
p3120
I88
sS'\xe2\x99\xaa'
p3121
I87
sS'xboxone'
p3122
I88
sS'familia'
p3123
I88
sS'boyz'
p3124
I88
sS'line'
p3125
I86
sS'serio'
p3126
I88
sS'junior'
p3127
I88
sS'posted'
p3128
I85
sS'info'
p3129
I88
sS'hush'
p3130
I88
sS'*but'
p3131
I88
sS'chiropractor'
p3132
I88
sS'cif'
p3133
I88
sS'fries'
p3134
I86
sS'up'
p3135
I37
sS'us'
p3136
I78
sS'ur'
p3137
I77
sS'planet'
p3138
I88
sS'un'
p3139
I88
sS'uh'
p3140
I88
sS'planes'
p3141
I88
sS"kd's"
p3142
I88
sS'called'
p3143
I83
sS'uber'
p3144
I88
sS'ordered'
p3145
I86
sS'butthead'
p3146
I88
sS'panay'
p3147
I88
sS'single'
p3148
I86
sS'oof'
p3149
I88
sS'evening'
p3150
I88
sS'casablancas'
p3151
I88
sS'chat'
p3152
I88
sS'...the'
p3153
I88
sS'vaginally'
p3154
I88
sS'curl'
p3155
I88
sS'breather'
p3156
I88
sS'...grilled'
p3157
I88
sS'rainbow'
p3158
I88
sS'rainy'
p3159
I88
sS'6th'
p3160
I87
sS'tita'
p3161
I87
sS'paisa'
p3162
I88
sS'nah'
p3163
I88
sS'buck'
p3164
I88
sS'thinks'
p3165
I88
sS'nick'
p3166
I87
sS'nap'
p3167
I88
sS'points'
p3168
I87
sS'functionality'
p3169
I88
sS'nat'
p3170
I88
sS'income'
p3171
I88
sS'department'
p3172
I88
sS'aunt'
p3173
I88
sS'nice'
p3174
I74
sS'smiles'
p3175
I88
sS'mustard'
p3176
I88
sS'boarders'
p3177
I88
sS'problems'
p3178
I86
sS'kindergartener'
p3179
I86
sS'meaning'
p3180
I88
sS'slice'
p3181
I88
sS'*driving'
p3182
I88
sS'posters'
p3183
I88
sS'formal'
p3184
I88
sS'15x'
p3185
I88
sS'kershaw*'
p3186
I88
sS'ago'
p3187
I83
sS'land'
p3188
I88
sS'e'
p3189
I84
sS'lead'
p3190
I88
sS'lana'
p3191
I88
sS'200%'
p3192
I88
sS'buurrfday'
p3193
I88
sS'age'
p3194
I88
sS'youtube'
p3195
I88
sS'geeee'
p3196
I88
sS'2002'
p3197
I87
sS'cooked'
p3198
I88
sS'hella'
p3199
I87
sS'pues'
p3200
I88
sS'far'
p3201
I85
sS"she's"
p3202
I87
sS'underrated'
p3203
I88
sS'having'
p3204
I80
sS'once'
p3205
I84
sS'edc'
p3206
I88
sS'code'
p3207
I88
sS'squats'
p3208
I88
sS'lean'
p3209
I88
sS'squaty'
p3210
I88
sS'musiq'
p3211
I88
sS'windy'
p3212
I88
sS'aquatic'
p3213
I88
sS'dainty'
p3214
I87
sS'go'
p3215
I29
sS'golf'
p3216
I88
sS'westwood'
p3217
I88
sS'tweeted'
p3218
I87
sS'chillin'
p3219
I86
sS'kate'
p3220
I88
sS'seemed'
p3221
I88
sS'sharethis'
p3222
I88
sS'concerned'
p3223
I88
sS'avoid'
p3224
I88
sS'young'
p3225
I84
sS'send'
p3226
I87
sS'riders'
p3227
I88
sS'imessege'
p3228
I88
sS'woohoo'
p3229
I88
sS'blaze'
p3230
I88
sS'weather'
p3231
I88
sS'dislike'
p3232
I88
sS'include'
p3233
I88
sS'sent'
p3234
I88
sS'lunar'
p3235
I88
sS'11:30'
p3236
I87
sS'largent'
p3237
I88
sS'confirmation'
p3238
I88
sS'outside'
p3239
I87
sS'rhyme'
p3240
I87
sS'barbara'
p3241
I88
sS'spoon'
p3242
I88
sS'facebook'
p3243
I86
sS'drinking'
p3244
I86
sS'magic'
p3245
I88
sS'trumbo*'
p3246
I88
sS'religions'
p3247
I88
sS'button'
p3248
I87
sS'gettin'
p3249
I87
sS'\xe2\x99\x89\xef\xb8\x8f'
p3250
I88
sS'help)'
p3251
I88
sS'try'
p3252
I80
sS'brutal'
p3253
I88
sS'race'
p3254
I87
sS'congrats'
p3255
I88
sS'youuu'
p3256
I88
sS'hildy'
p3257
I88
sS'havent'
p3258
I88
sS'inspection'
p3259
I88
sS'ride'
p3260
I81
sS'rested'
p3261
I88
sS'8:30am'
p3262
I88
sS'someday'
p3263
I87
sS'cap'
p3264
I88
sS'booty'
p3265
I88
sS'stoned'
p3266
I88
sS'cussing'
p3267
I88
sS'rouuuuunds'
p3268
I88
sS'licensed'
p3269
I87
sS'jump'
p3270
I87
sS'noise'
p3271
I88
sS'video'
p3272
I78
sS'picked'
p3273
I87
sS'download'
p3274
I87
sS'coffin'
p3275
I88
sS'headaaaaaaache'
p3276
I88
sS'odd'
p3277
I87
sS'makers'
p3278
I88
sS'graduating'
p3279
I88
sS'phablet'
p3280
I88
sS'plays'
p3281
I86
sS'power'
p3282
I86
sS'chicago'
p3283
I88
sS'giving'
p3284
I87
sS'tuesdays'
p3285
I88
sS'kingdom'
p3286
I88
sS'cell'
p3287
I88
sS'seconds'
p3288
I87
sS'waiting'
p3289
I80
sS'd-will'
p3290
I88
sS'twins'
p3291
I86
sS'kershaw'
p3292
I85
sS'cleanin'
p3293
I88
sS'bird'
p3294
I86
sS'nazis'
p3295
I88
sS'phoebe'
p3296
I87
sS'body'
p3297
I87
sS'lea'
p3298
I86
sS'cam'
p3299
I88
sS'leg'
p3300
I87
sS'matches'
p3301
I88
sS'sexi'
p3302
I88
sS'pushing'
p3303
I88
sS'sins'
p3304
I87
sS'eminem'
p3305
I88
sS'\xed\x95\xb4\xeb\x82\x98'
p3306
I88
sS'let'
p3307
I77
sS'healing'
p3308
I88
sS"kevin's"
p3309
I88
sS'others'
p3310
I88
sS"god's"
p3311
I88
sS'sexy'
p3312
I86
sS'great'
p3313
I68
sS'talent'
p3314
I88
sS'\xe2\x9a\xbd\xef\xb8\x8f'
p3315
I88
sS'metro'
p3316
I87
sS'skills*'
p3317
I88
sS'fooooood'
p3318
I88
sS'ins1ldy'
p3319
I88
sS'31'
p3320
I88
sS'30'
p3321
I86
sS'shades'
p3322
I88
sS'singin'
p3323
I88
sS"g'morning"
p3324
I88
sS'leaving'
p3325
I85
sS'engine'
p3326
I88
sS'1536'
p3327
I88
sS"weren't"
p3328
I87
sS'popcorn'
p3329
I88
sS'opinion'
p3330
I88
sS'natasha'
p3331
I88
sS'makes'
p3332
I75
sS'honor'
p3333
I88
sS'steamers'
p3334
I88
sS'apple'
p3335
I86
sS'clark'
p3336
I88
sS'claim'
p3337
I88
sS'win'
p3338
I80
sS'app'
p3339
I85
sS'siri'
p3340
I88
sS'ideas'
p3341
I88
sS'dedicated'
p3342
I88
sS'apt'
p3343
I88
sS'pasta'
p3344
I88
sS'wit'
p3345
I88
sS'redo'
p3346
I88
sS'rieno'
p3347
I88
sS'singing'
p3348
I87
sS'cloud'
p3349
I88
sS'standing'
p3350
I87
sS'celery'
p3351
I87
sS'use'
p3352
I83
sS'hahahahaha'
p3353
I87
sS'crap'
p3354
I84
sS'stream'
p3355
I87
sS'usa'
p3356
I87
sS'&'
p3357
I61
sS'illegal'
p3358
I88
sS'flat'
p3359
I88
sS'next'
p3360
I62
sS'few'
p3361
I84
sS'woooooooooooooooooo'
p3362
I88
sS'grass'
p3363
I88
sS'scariest'
p3364
I88
sS'tahoe'
p3365
I87
sS'december'
p3366
I88
sS'\xe2\x9d\xa4\xe2\x9d\xa4\xe2\x9d\xa4\xe2\x9d\xa4'
p3367
I88
sS'themselves'
p3368
I86
sS'panel'
p3369
I88
sS'chip'
p3370
I88
sS'retire'
p3371
I88
sS'charcoal'
p3372
I88
sS'popped'
p3373
I87
sS'babe'
p3374
I88
sS'snickers'
p3375
I88
sS'started'
p3376
I85
sS'becomes'
p3377
I88
sS'bailando'
p3378
I88
sS'about'
p3379
I50
sS'confused'
p3380
I87
sS'ultron'
p3381
I88
sS'train'
p3382
I84
sS'thereeee'
p3383
I88
sS'magic...but'
p3384
I88
sS'baby'
p3385
I68
sS'rare'
p3386
I88
sS'kissfm'
p3387
I88
sS'charity'
p3388
I88
sS'account'
p3389
I88
sS'balls'
p3390
I88
sS'animals'
p3391
I87
sS'7pm'
p3392
I88
sS'this'
p3393
I18
sS'gabriel'
p3394
I86
sS'challenge'
p3395
I82
sS'clients'
p3396
I87
sS'donut'
p3397
I87
sS'lumber'
p3398
I87
sS'universe'
p3399
I88
sS'aight'
p3400
I74
sS'meet'
p3401
I80
sS'closing'
p3402
I88
sS'didnt'
p3403
I86
sS'03:44:56.0,34.1501328,-118.0901524,4629,my'
p3404
I88
sS'proof'
p3405
I88
sS'point'
p3406
I87
sS'06:22:20.0,34.1471094,-118.0894231,4629,the'
p3407
I88
sS'everyday<33'
p3408
I88
sS'bent'
p3409
I87
sS'autographed'
p3410
I88
sS'process'
p3411
I88
sS"put'n"
p3412
I88
sS'lorde'
p3413
I88
sS'halloween'
p3414
I88
sS'tay'
p3415
I88
sS'pieces'
p3416
I87
sS'high'
p3417
I87
sS'tag'
p3418
I86
sS'pulling'
p3419
I88
sS'something'
p3420
I72
sS'waaaah'
p3421
I88
sS'blvd'
p3422
I84
sS'stories'
p3423
I88
sS'sis'
p3424
I88
sS'educational'
p3425
I88
sS'sip'
p3426
I88
sS'colorful'
p3427
I88
sS'sit'
p3428
I88
sS'230'
p3429
I88
sS'six'
p3430
I85
sS'epiphany'
p3431
I88
sS'struggling'
p3432
I88
sS'sia'
p3433
I88
sS'(2835'
p3434
I88
sS'labor'
p3435
I88
sS'guatemalan'
p3436
I87
sS'animal'
p3437
I87
sS'instead'
p3438
I87
sS'pomona'
p3439
I88
sS'sweat'
p3440
I88
sS'profile'
p3441
I87
sS'tamales>>'
p3442
I88
sS'y'
p3443
I88
sS'watch'
p3444
I73
sS'tied'
p3445
I88
sS'-george'
p3446
I88
sS'paintball'
p3447
I88
sS'united'
p3448
I88
sS'taco'
p3449
I82
sS'hahahaha'
p3450
I87
sS'spelling'
p3451
I88
sS'ahahaha'
p3452
I88
sS'daring'
p3453
I88
sS'cuddling'
p3454
I88
sS'lanas'
p3455
I88
sS'realized'
p3456
I87
sS'ot'
p3457
I88
sS'monkeying'
p3458
I88
sS'light'
p3459
I88
sS'lame'
p3460
I88
sS'lines'
p3461
I88
sS'cudi'
p3462
I88
sS'scoop'
p3463
I88
sS'bakery'
p3464
I87
sS'honestly'
p3465
I87
sS'ipopped'
p3466
I88
sS'holidays'
p3467
I88
sS'classy'
p3468
I88
sS'addiction'
p3469
I88
sS'op'
p3470
I88
sS'3/4'
p3471
I88
sS'ummmmm'
p3472
I88
sS'color\xe2\x80\xa6'
p3473
I88
sS'preditor'
p3474
I88
sS'move'
p3475
I86
sS'hand*'
p3476
I88
sS'churros'
p3477
I88
sS'bryce'
p3478
I88
sS'appeasotomy'
p3479
I88
sS"won't"
p3480
I84
sS'looks'
p3481
I79
sS'methods'
p3482
I88
sS'damnit'
p3483
I88
sS'mentioned'
p3484
I88
sS'janbo'
p3485
I88
sS'galaxy'
p3486
I88
sS'bunch'
p3487
I87
sS'perfect'
p3488
I85
sS'lounge'
p3489
I84
sS'brag'
p3490
I88
sS'la'
p3491
I63
sS'glee'
p3492
I88
sS'backers'
p3493
I88
sS'pura'
p3494
I88
sS'[pic]'
p3495
I77
sS'madre'
p3496
I88
sS'heroism'
p3497
I88
sS'blatant'
p3498
I88
sS'choose'
p3499
I88
sS'orange'
p3500
I85
sS'covered'
p3501
I87
sS'bye'
p3502
I87
sS'<'
p3503
I87
sS'souls'
p3504
I88
sS'2012'
p3505
I88
sS'dad'
p3506
I82
sS'flex'
p3507
I88
sS'python'
p3508
I88
sS'auto'
p3509
I86
sS'dan'
p3510
I88
sS'practice'
p3511
I85
sS'bjj'
p3512
I88
sS'dat'
p3513
I87
sS'sweets'
p3514
I88
sS'cutting'
p3515
I87
sS'snake'
p3516
I88
sS'intrepid'
p3517
I88
sS'trill'
p3518
I88
sS'day'
p3519
I45
sS'1:50'
p3520
I88
sS'hye'
p3521
I88
sS'worlds'
p3522
I87
sS'february'
p3523
I88
sS'4:40'
p3524
I88
sS"night's"
p3525
I88
sS'havethe'
p3526
I88
sS'lovers/owners'
p3527
I88
sS'university'
p3528
I88
sS'nfl'
p3529
I88
sS'foiling'
p3530
I88
sS'suits'
p3531
I88
sS'unpredictable'
p3532
I88
sS'lotof'
p3533
I88
sS'trap'
p3534
I88
sS'truth'
p3535
I87
sS'stock'
p3536
I88
sS'letzzzzzs'
p3537
I88
sS'spanglish'
p3538
I88
sS'glasses'
p3539
I87
sS'everrrr'
p3540
I88
sS'studios'
p3541
I88
sS'bueno'
p3542
I87
sS'gungar'
p3543
I88
sS'doing'
p3544
I78
sS'adventure'
p3545
I88
sS'staying'
p3546
I88
sS'(45'
p3547
I88
sS'x20'
p3548
I88
sS'books'
p3549
I86
sS'variety'
p3550
I88
sS'our'
p3551
I70
sS'sweatshirt'
p3552
I88
sS'rumor'
p3553
I88
sS'satisfied'
p3554
I88
sS'sandy'
p3555
I88
sS'out'
p3556
I32
sS'turlock'
p3557
I88
sS'ricks'
p3558
I88
sS'twice'
p3559
I88
sS'announcer'
p3560
I88
sS'chaos'
p3561
I88
sS'signage'
p3562
I88
sS'lincecum'
p3563
I88
sS'stayin'
p3564
I88
sS'may'
p3565
I88
sS'dominion'
p3566
I88
sS'barley'
p3567
I88
sS'rap'
p3568
I88
sS'cause'
p3569
I80
sS'math'
p3570
I88
sS'shut'
p3571
I87
sS'jessica'
p3572
I88
sS'shitssss'
p3573
I88
sS'frank'
p3574
I87
sS'hyundai'
p3575
I88
sS'greedy'
p3576
I88
sS'w/e'
p3577
I88
sS'que'
p3578
I83
sS'vieja'
p3579
I86
sS'x'
p3580
I88
sS'embarrass'
p3581
I88
sS'disgusted'
p3582
I88
sS'brownies'
p3583
I88
sS'scary'
p3584
I88
sS'yard'
p3585
I88
sS'g'
p3586
I88
sS':(\xe2\x80\x9d'
p3587
I88
sS'route'
p3588
I85
sS'hes'
p3589
I88
sS'florida'
p3590
I86
sS'membership'
p3591
I88
sS'times'
p3592
I85
sS'49ers'
p3593
I88
sS'matchmaker'
p3594
I88
sS'californian'
p3595
I88
sS'scare'
p3596
I87
sS'scarf'
p3597
I88
sS'designed'
p3598
I88
sS'bouquet'
p3599
I88
sS'1/3'
p3600
I88
sS'flyers'
p3601
I88
sS'bama'
p3602
I88
sS'bootcamp'
p3603
I86
sS'whoop'
p3604
I88
sS'franks'
p3605
I86
sS'spaghetti'
p3606
I88
sS'bitch'
p3607
I79
sS'i-210'
p3608
I88
sS'mah'
p3609
I88
sS'cousin'
p3610
I88
sS'hehe'
p3611
I86
sS'heroes'
p3612
I87
sS'hiding'
p3613
I88
sS"you're"
p3614
I82
sS'rigo'
p3615
I88
sS'nerves'
p3616
I88
sS'myspace'
p3617
I88
sS'seat'
p3618
I88
sS'retreats'
p3619
I88
sS'their'
p3620
I82
sS'vagina'
p3621
I88
sS'girl.i'
p3622
I88
sS'*everyone'
p3623
I88
sS'chaser'
p3624
I88
sS'boii'
p3625
I88
sS"fury's"
p3626
I88
sS'final'
p3627
I86
sS'painful'
p3628
I88
sS'2-1'
p3629
I88
sS'x-rays'
p3630
I88
sS'stars'
p3631
I87
sS'hysterically...and'
p3632
I88
sS'shelf'
p3633
I88
sS'doomed'
p3634
I88
sS'exactly'
p3635
I87
sS'bieber'
p3636
I88
sS'chasing'
p3637
I88
sS'july'
p3638
I88
sS'kilos'
p3639
I88
sS'blind'
p3640
I88
sS'ipad'
p3641
I88
sS'loved'
p3642
I88
sS'jody'
p3643
I88
sS'boring'
p3644
I87
sS'bother'
p3645
I87
sS'toons'
p3646
I88
sS'bed'
p3647
I78
sS'ave'
p3648
I88
sS'tour\xe2\x80\xa6'
p3649
I88
sS'firework'
p3650
I88
sS'loves'
p3651
I83
sS'lover'
p3652
I87
sS'sec'
p3653
I88
sS'country'
p3654
I87
sS'whyyy'
p3655
I88
sS'lentamente'
p3656
I88
sS'lightly'
p3657
I88
sS'julian'
p3658
I88
sS'50\xc2\xa2'
p3659
I88
sS'tonight'
p3660
I71
sS'have'
p3661
I26
sS'need'
p3662
I47
sS'*says'
p3663
I88
sS'kelley'
p3664
I88
sS'gluten'
p3665
I88
sS'catholic'
p3666
I88
sS'buns'
p3667
I87
sS'how-to'
p3668
I88
sS'min'
p3669
I79
sS'stupid?!"'
p3670
I88
sS'mic'
p3671
I88
sS'message'
p3672
I87
sS'mid'
p3673
I88
sS'homeboy'
p3674
I88
sS'contact'
p3675
I88
sS'mix'
p3676
I87
sS'*true'
p3677
I88
sS'babes'
p3678
I87
sS'hs'
p3679
I88
sS'korean'
p3680
I86
sS'birffdayyy'
p3681
I88
sS'='
p3682
I87
sS';-*'
p3683
I88
sS'realizes'
p3684
I88
sS'firefly'
p3685
I88
sS'unless'
p3686
I87
sS'^^'
p3687
I86
sS'aww'
p3688
I86
sS'who'
p3689
I67
sS'reference*'
p3690
I88
sS'bullpen'
p3691
I87
sS'pasadena)'
p3692
I84
sS'montana'
p3693
I88
sS'cracking'
p3694
I88
sS'nigggaaaaa'
p3695
I88
sS'achilles'
p3696
I88
sS'sally'
p3697
I88
sS'why'
p3698
I51
sS'stubhub'
p3699
I88
sS'pixie'
p3700
I88
sS'refreshing'
p3701
I86
sS'hunnids'
p3702
I88
sS'breh'
p3703
I88
sS'breakaway'
p3704
I88
sS'liked'
p3705
I88
sS'stranded'
p3706
I88
sS'upset'
p3707
I88
sS'thanksgiving'
p3708
I88
sS'face'
p3709
I84
sS'looked'
p3710
I85
sS"you'll"
p3711
I88
sS'a-gon'
p3712
I86
sS'park)'
p3713
I85
sS'se'
p3714
I88
sS'movie'
p3715
I77
sS'wounded'
p3716
I88
sS'honeymoons'
p3717
I88
sS'positivity'
p3718
I88
sS'fact'
p3719
I87
sS'bell'
p3720
I88
sS'son'
p3721
I86
sS'affair'
p3722
I88
sS'currently'
p3723
I88
sS'exclusive'
p3724
I88
sS'text'
p3725
I88
sS'agreed'
p3726
I87
sS'granny'
p3727
I88
sS'assholes'
p3728
I88
sS'anyway'
p3729
I88
sS'retouching'
p3730
I88
sS'bring'
p3731
I87
sS'planning'
p3732
I87
sS'bedroom'
p3733
I88
sS'utter'
p3734
I88
sS'chicken'
p3735
I87
sS'2013'
p3736
I88
sS'(180'
p3737
I88
sS'q1'
p3738
I88
sS'exercise'
p3739
I88
sS'2morrow'
p3740
I88
sS'unfinished'
p3741
I88
sS'tire'
p3742
I88
sS'jay'
p3743
I87
sS'=\\'
p3744
I88
sS'wreal'
p3745
I88
sS'jar'
p3746
I87
sS'fans'
p3747
I85
sS'should'
p3748
I60
sS"there's"
p3749
I80
sS"'ello'"
p3750
I88
sS'fuel'
p3751
I88
sS"dominico's"
p3752
I87
sS'bourbon'
p3753
I88
sS'hope'
p3754
I70
sS'05:44:53.0,34.1471754,-118.0898364,4629,we'
p3755
I88
sS'meant'
p3756
I88
sS'jacqueline'
p3757
I88
sS'cube'
p3758
I88
sS'handle'
p3759
I88
sS'listened'
p3760
I88
sS'means'
p3761
I86
sS'beat'
p3762
I84
sS'photography'
p3763
I88
sS'product'
p3764
I88
sS'lucky'
p3765
I86
sS'bear'
p3766
I88
sS'powder'
p3767
I88
sS'tbh'
p3768
I85
sS'awww'
p3769
I86
sS'ones'
p3770
I83
sS'words'
p3771
I86
sS'timing'
p3772
I88
sS'brib'
p3773
I88
sS'scrolling'
p3774
I88
sS'ghetto'
p3775
I88
sS"mcdonald's)"
p3776
I88
sS'donate'
p3777
I88
sS'hitter'
p3778
I88
sS'trucks'
p3779
I88
sS'ended'
p3780
I88
sS'06:11:22.0,34.1469739,-118.0893891,4629,im'
p3781
I88
sS'stanford'
p3782
I88
sS'lala'
p3783
I88
sS'you?\xe2\x80\x9dhell'
p3784
I88
sS'calling'
p3785
I87
sS'comics'
p3786
I88
sS'hotheaded'
p3787
I88
sS'stuff'
p3788
I87
sS'she'
p3789
I65
sS'me<<'
p3790
I88
sS"lee's"
p3791
I88
sS'including'
p3792
I88
sS'grab'
p3793
I86
sS'grad'
p3794
I88
sS'24hrs'
p3795
I87
sS'preach'
p3796
I86
sS'boootie-camp'
p3797
I88
sS'wow)'
p3798
I88
sS'prayers'
p3799
I88
sS'spamming'
p3800
I88
sS'national'
p3801
I88
sS'shake'
p3802
I88
sS'enywaysssss,91107\n503650312716947456,_guzmanny,2014-08-24'
p3803
I88
sS'employed'
p3804
I88
sS'desperate'
p3805
I88
sS'kanye'
p3806
I88
sS'kaiser\xe2\x80\xa6'
p3807
I88
sS'haiyan'
p3808
I88
sS'packed'
p3809
I87
sS'closer'
p3810
I86
sS'tripping'
p3811
I88
sS'cole'
p3812
I88
sS'nails'
p3813
I88
sS'luv'
p3814
I88
sS'beg'
p3815
I88
sS'pauley"'
p3816
I88
sS'nightmare'
p3817
I88
sS'rims'
p3818
I88
sS'fosho'
p3819
I88
sS'hammock'
p3820
I87
sS'...so'
p3821
I88
sS'progress'
p3822
I87
sS'neither'
p3823
I87
sS'cruda'
p3824
I88
sS'bought'
p3825
I83
sS'ends'
p3826
I88
sS'trynna'
p3827
I88
sS'amen'
p3828
I88
sS'importance'
p3829
I88
sS'gametime'
p3830
I88
sS'deliver'
p3831
I88
sS'agencies'
p3832
I87
sS'06:47:11.0,34.1471094,-118.0894231,4629,girls'
p3833
I88
sS'job'
p3834
I81
sS'joe'
p3835
I87
sS'merry'
p3836
I88
sS'('
p3837
I88
sS'puzzled'
p3838
I88
sS'configuration'
p3839
I88
sS'swift'
p3840
I88
sS'problem'
p3841
I87
sS'succesful'
p3842
I88
sS'david'
p3843
I88
sS'titties'
p3844
I88
sS'commands'
p3845
I88
sS'figured'
p3846
I85
sS'instant'
p3847
I88
sS'limits'
p3848
I88
sS'pepper'
p3849
I88
sS'career'
p3850
I88
sS'joke'
p3851
I87
sS'taking'
p3852
I83
sS'equal'
p3853
I88
sS'trips'
p3854
I88
sS'fulfilled'
p3855
I88
sS'april'
p3856
I88
sS'vanish'
p3857
I88
sS'threeee'
p3858
I88
sS'psj'
p3859
I88
sS'conquered'
p3860
I88
sS'jersey'
p3861
I88
sS'child-leashes..nah'
p3862
I88
sS'adjusted'
p3863
I88
sS'ch'
p3864
I87
sS'co'
p3865
I88
sS'wall'
p3866
I87
sS'tuesday'
p3867
I86
sS'speaker'
p3868
I88
sS'makin'
p3869
I88
sS'walk'
p3870
I84
sS'usally'
p3871
I88
sS'subscribe'
p3872
I88
sS'laugh'
p3873
I85
sS'backdogdoc'
p3874
I88
sS'kings'
p3875
I73
sS'pugs'
p3876
I85
sS'"work'
p3877
I88
sS'convertible'
p3878
I88
sS'butthole'
p3879
I88
sS'quit'
p3880
I88
sS'yay'
p3881
I88
sS"it's"
p3882
I27
sS'af'
p3883
I82
sS'hoe'
p3884
I88
sS'cent'
p3885
I88
sS'neeedd,91107\n503427068428709888,_guzmanny,2014-08-24'
p3886
I88
sS'evaah'
p3887
I88
sS'exhausted'
p3888
I87
sS'gopro'
p3889
I88
sS'permanent'
p3890
I88
sS'bby'
p3891
I87
sS'"i\'m'
p3892
I88
sS'scones'
p3893
I88
sS'proposal'
p3894
I88
sS'waste'
p3895
I88
sS'bbq'
p3896
I88
sS'>'
p3897
I87
sS'describe'
p3898
I86
sS'commutes'
p3899
I88
sS'moved'
p3900
I88
sS'c'
p3901
I88
sS'sales'
p3902
I88
sS'2015'
p3903
I87
sS'finished'
p3904
I85
sS'accident'
p3905
I88
sS'watches'
p3906
I88
sS'gun'
p3907
I88
sS'..watching'
p3908
I88
sS'kicks'
p3909
I88
sS'improved'
p3910
I88
sS'brunch'
p3911
I87
sS'fellow'
p3912
I88
sS'spain'
p3913
I88
sS'holiday'
p3914
I87
sS'harder'
p3915
I86
sS'choices'
p3916
I87
sS'will'
p3917
I51
sS'todayyyyyy,91107\n504150800046624768,_guzmanny,2014-08-26'
p3918
I88
sS'gucci'
p3919
I88
sS'eaton'
p3920
I87
sS'jumanji'
p3921
I88
sS'rbi'
p3922
I86
sS'hahaha'
p3923
I83
sS'wild'
p3924
I86
sS'portraits'
p3925
I88
sS'~'
p3926
I86
sS'snack'
p3927
I88
sS'barely'
p3928
I88
sS'donut<'
p3929
I88
sS'almost'
p3930
I84
sS'madrina'
p3931
I88
sS'avp'
p3932
I88
sS'site'
p3933
I88
sS'chapeau'
p3934
I88
sS'jelly'
p3935
I88
sS'vs'
p3936
I85
sS'"october'
p3937
I88
sS'snuck'
p3938
I88
sS'bucks'
p3939
I85
sS'february-'
p3940
I88
sS'tattoo'
p3941
I88
sS'education'
p3942
I88
sS'productivity'
p3943
I88
sS'-___-'
p3944
I88
sS'una'
p3945
I88
sS'bedimpossible'
p3946
I88
sS'funniest'
p3947
I88
sS'cristobal'
p3948
I88
sS'durr'
p3949
I88
sS'member'
p3950
I88
sS'matthew'
p3951
I88
sS'strange'
p3952
I88
sS'..only'
p3953
I88
sS'fromthe'
p3954
I88
sS'conversations'
p3955
I88
sS'party'
p3956
I85
sS'gets'
p3957
I76
sS'nada'
p3958
I88
sS'difficult'
p3959
I87
sS'04:07:50.0,34.1466714,-118.0888675,4629,atta'
p3960
I88
sS'ball'
p3961
I87
sS'slightly'
p3962
I88
sS'biscuit"'
p3963
I88
sS'1-1'
p3964
I88
sS'absorb'
p3965
I88
sS'bald'
p3966
I88
sS'upon'
p3967
I88
sS'fucker'
p3968
I88
sS'beast'
p3969
I87
sS'coaches'
p3970
I88
sS'creator'
p3971
I88
sS'headthis'
p3972
I88
sS'student'
p3973
I88
sS'discouraged'
p3974
I88
sS'fucked'
p3975
I86
sS'groomed'
p3976
I88
sS'collar'
p3977
I88
sS'sunrise'
p3978
I88
sS'//'
p3979
I88
sS'sauce'
p3980
I88
sS'paycheck'
p3981
I88
sS'off'
p3982
I68
sS'center'
p3983
I80
sS'mention'
p3984
I88
sS'i'
p3985
I2
sS'"life'
p3986
I88
sS'incredible'
p3987
I87
sS'well'
p3988
I72
sS'fighting'
p3989
I88
sS'thought'
p3990
I75
sS'1.29'
p3991
I88
sS'oops'
p3992
I88
sS'drawing'
p3993
I88
sS'usual'
p3994
I88
sS"mimis's"
p3995
I88
sS'saunas'
p3996
I88
sS'most,91107\n503427936666390529,_guzmanny,2014-08-24'
p3997
I88
sS'cried'
p3998
I88
sS'less'
p3999
I87
sS'oak'
p4000
I88
sS'accurate'
p4001
I88
sS'hands'
p4002
I88
sS'flies'
p4003
I88
sS'mistaken'
p4004
I88
sS'dose'
p4005
I86
sS'sloot'
p4006
I88
sS'rachel!,91107\n497858807142567936,declans_daddy,2014-08-08'
p4007
I88
sS"dl'd"
p4008
I88
sS'seats'
p4009
I88
sS'paul'
p4010
I88
sS'lauren'
p4011
I88
sS'griffith'
p4012
I88
sS'happiness'
p4013
I88
sS'rules"'
p4014
I88
sS'liscence*'
p4015
I88
sS'quiero'
p4016
I88
sS'ads'
p4017
I86
sS'listen'
p4018
I88
sS'field'
p4019
I81
sS'nats'
p4020
I88
sS'vida'
p4021
I86
sS'headed'
p4022
I87
sS'sky'
p4023
I87
sS'wen'
p4024
I88
sS'81\xc2\xb0'
p4025
I88
sS'simple'
p4026
I88
sS'other'
p4027
I76
sS'rooossseee'
p4028
I88
sS'crack'
p4029
I86
sS'ohhh'
p4030
I88
sS'ride!!\xe2\x80\xa6'
p4031
I88
sS'smart'
p4032
I86
sS'pero'
p4033
I88
sS'characters'
p4034
I88
sS"who's"
p4035
I87
sS'fuji'
p4036
I88
sS'dryer'
p4037
I88
sS'five'
p4038
I85
sS'know'
p4039
I43
sS'press'
p4040
I87
sS'"your'
p4041
I88
sS'hepners'
p4042
I88
sS'workk'
p4043
I88
sS'showing'
p4044
I86
sS'like'
p4045
I22
sS'success'
p4046
I85
sS'"he\'s'
p4047
I88
sS'install'
p4048
I88
sS'(3035'
p4049
I88
sS'babyyy'
p4050
I88
sS'sissy'
p4051
I88
sS'clutch'
p4052
I87
sS'become'
p4053
I87
sS'works'
p4054
I84
sS'soft'
p4055
I88
sS'party...ahahaha'
p4056
I88
sS'replacement'
p4057
I88
sS'bree\xee\x90\x94\xee\x90\x98\xee\x8c\x92\xee\x8c\x92\xee\x8c\x92\xee\x8c\x92'
p4058
I88
sS'ever!too'
p4059
I88
sS'nigga'
p4060
I83
sS'all-district'
p4061
I88
sS'fuvk'
p4062
I88
sS'twitter'
p4063
I79
sS'flyinnngg'
p4064
I88
sS'alive'
p4065
I88
sS'hair'
p4066
I83
sS'himso'
p4067
I88
sS'retirement"'
p4068
I88
sS'truuuuuu'
p4069
I88
sS'shes'
p4070
I88
sS'flattens'
p4071
I88
sS'cleveland'
p4072
I87
sS'proper'
p4073
I88
sS'home'
p4074
I66
sS'supportive'
p4075
I87
sS'tiaras'
p4076
I88
sS'happens'
p4077
I85
sS'zigzagging'
p4078
I88
sS'18:25:38.0,34.1471094,-118.0894231,4629,she'
p4079
I88
sS"gettin'"
p4080
I88
sS'literally'
p4081
I83
sS'tmz'
p4082
I88
sS',91107\n510669139971559425,_guzmanny,2014-09-13'
p4083
I88
sS'hurricane'
p4084
I88
sS'busters'
p4085
I88
sS'brasa'
p4086
I88
sS'does'
p4087
I81
sS'passion'
p4088
I88
sS'eyewitness'
p4089
I88
sS'happend'
p4090
I87
sS'leader'
p4091
I88
sS'swifts'
p4092
I88
sS'ripped'
p4093
I88
sS',91107\n497949820188114944,declans_daddy,2014-08-09'
p4094
I88
sS"congress'"
p4095
I88
sS'schedule'
p4096
I87
sS'moshing'
p4097
I88
sS"drogo's"
p4098
I88
sS"miley's"
p4099
I88
sS'pressure'
p4100
I88
sS'host'
p4101
I88
sS'worthy'
p4102
I88
sS'homophobe'
p4103
I88
sS'motive'
p4104
I88
sS'r'
p4105
I87
sS'liscence'
p4106
I88
sS'stage'
p4107
I87
sS'sister'
p4108
I85
sS':-)'
p4109
I88
sS'actual'
p4110
I88
sS'carried'
p4111
I88
sS'getting'
p4112
I70
sS'freedom'
p4113
I88
sS'like:"summer'
p4114
I88
sS'pu'
p4115
I88
sS'winner\xe2\x80\x9dim'
p4116
I88
sS'shipping'
p4117
I87
sS'angeles'
p4118
I88
sS'fear'
p4119
I88
sS'swear'
p4120
I83
sS'that\xe2\x80\x99s'
p4121
I88
sS'got*'
p4122
I88
sS'own'
p4123
I86
sS'gatsby'
p4124
I88
sS'wilderness'
p4125
I88
sS'pussy'
p4126
I88
sS'sale)'
p4127
I88
sS'errands'
p4128
I88
sS'socks'
p4129
I87
sS'loner'
p4130
I88
sS'mushrooms'
p4131
I88
sS'chris'
p4132
I84
sS'square'
p4133
I88
sS'promise'
p4134
I87
sS'frm'
p4135
I88
sS'foil'
p4136
I88
sS'shoved'
p4137
I88
sS'asics,91107\n503628553452146688,_guzmanny,2014-08-24'
p4138
I88
sS'knuckles'
p4139
I88
sS'meeee'
p4140
I88
sS'killllin'
p4141
I88
sS'crave'
p4142
I88
sS'confident'
p4143
I88
sS'pooooper'
p4144
I88
sS'daniels'
p4145
I88
sS'apps'
p4146
I88
sS'sleepover'
p4147
I88
sS'spots'
p4148
I88
sS'frustration'
p4149
I88
sS'biggest'
p4150
I86
sS'bros"'
p4151
I88
sS'inspiration'
p4152
I88
sS'uncontrollable'
p4153
I88
sS'function'
p4154
I88
sS'tricky'
p4155
I88
sS'cricket'
p4156
I88
sS'buy'
p4157
I78
sS'north'
p4158
I88
sS'interest'
p4159
I88
sS'ahs'
p4160
I88
sS"i've"
p4161
I81
sS'hr'
p4162
I88
sS'bus'
p4163
I87
sS'brand'
p4164
I88
sS'bitches'
p4165
I84
sS'but'
p4166
I30
sS'delivery'
p4167
I88
sS'reminds'
p4168
I88
sS'hi'
p4169
I88
sS'gain'
p4170
I88
sS'bum'
p4171
I88
sS'editing'
p4172
I88
sS'bitched'
p4173
I88
sS'eat'
p4174
I78
sS'bud'
p4175
I88
sS'he'
p4176
I43
sS'count'
p4177
I87
sS'made'
p4178
I80
sS'whatevz'
p4179
I88
sS'places'
p4180
I88
sS'whether'
p4181
I87
sS'wish'
p4182
I79
sS'j'
p4183
I88
sS'flip'
p4184
I88
sS'signed'
p4185
I88
sS'madi'
p4186
I88
sS'record'
p4187
I87
sS'cruel'
p4188
I88
sS'spot)'
p4189
I79
sS'idol'
p4190
I88
sS'dmv'
p4191
I88
sS'pumped'
p4192
I88
sS'cake'
p4193
I87
sS'ey'
p4194
I88
sS'(pasadena'
p4195
I53
sS'piece'
p4196
I88
sS'squat'
p4197
I88
sS'skating'
p4198
I87
sS'waiting..,91107\n497203275658457088,declans_daddy,2014-08-07'
p4199
I88
sS'enuff...love'
p4200
I88
sS'reservations'
p4201
I88
sS'retina'
p4202
I87
sS'pic'
p4203
I84
sS'gtfo'
p4204
I88
sS'mcm'
p4205
I88
sS'maroon'
p4206
I88
sS'consumed'
p4207
I88
sS'disneyland'
p4208
I88
sS'conan'
p4209
I88
sS'3-1'
p4210
I88
sS'goodness'
p4211
I86
sS'3-0'
p4212
I88
sS'happen'
p4213
I84
sS'inc'
p4214
I88
sS'spit'
p4215
I88
sS'ingredients'
p4216
I87
sS'sexual'
p4217
I88
sS'45'
p4218
I88
sS'offensive'
p4219
I88
sS'treatment'
p4220
I88
sS'40'
p4221
I85
sS'lately'
p4222
I88
sS'members'
p4223
I88
sS'deserved'
p4224
I88
sS'book'
p4225
I85
sS'3300'
p4226
I88
sS'sick'
p4227
I84
sS'dontyou'
p4228
I88
sS'concertnow'
p4229
I88
sS'mass'
p4230
I88
sS'85'
p4231
I88
sS'jamming'
p4232
I87
sS'talkin'
p4233
I88
sS'repeat'
p4234
I88
sS'monday'
p4235
I87
sS'"dont'
p4236
I88
sS'action\xe2\x80\x9d'
p4237
I88
sS'class'
p4238
I83
sS'stay'
p4239
I82
sS'ole'
p4240
I88
sS'chance'
p4241
I87
sS'kinda'
p4242
I83
sS'100k'
p4243
I88
sS'gap'
p4244
I87
sS'friends'
p4245
I79
sS'parker'
p4246
I88
sS'goin'
p4247
I87
sS'ghost'
p4248
I83
sS'\xe2\x80\x93'
p4249
I88
sS'gooooood'
p4250
I88
sS'yeaaa'
p4251
I88
sS'\xe2\x80\x94'
p4252
I86
sS'nephews'
p4253
I87
sS'4u'
p4254
I88
sS'morny'
p4255
I88
sS'portion'
p4256
I88
sS'write'
p4257
I88
sS'this\xe2\x80\xa6'
p4258
I88
sS'dominoes'
p4259
I88
sS'understand'
p4260
I85
sS'"the'
p4261
I87
sS'ohhhh'
p4262
I88
s.