(dp0
S''
p1
I1
sS'raining'
p2
I67
sS'sleep'
p3
I57
sS'asian'
p4
I65
sS'hanging'
p5
I67
sS'sucks."'
p6
I67
sS'captain'
p7
I67
sS'hate'
p8
I60
sS'\xd9\x85\xd8\xa7'
p9
I67
sS'votes'
p10
I66
sS'pedro'
p11
I67
sS'tweet'
p12
I62
sS'up"'
p13
I67
sS'under'
p14
I66
sS'teaching'
p15
I67
sS'sorry'
p16
I65
sS'chuy'
p17
I67
sS'regrets'
p18
I67
sS'cruising'
p19
I67
sS'rise'
p20
I67
sS"women's"
p21
I67
sS'every'
p22
I62
sS'postseason"'
p23
I67
sS'jacob'
p24
I67
sS'chapel'
p25
I67
sS'tickets'
p26
I67
sS'school'
p27
I63
sS'bugging'
p28
I67
sS'wednesday'
p29
I66
sS'oooo'
p30
I67
sS'"friend"'
p31
I67
sS'announced'
p32
I67
sS'repenting'
p33
I67
sS'muscles'
p34
I67
sS'ups'
p35
I67
sS'clothes'
p36
I66
sS'hora'
p37
I67
sS'fuera'
p38
I67
sS'force'
p39
I66
sS'me"'
p40
I67
sS'phones'
p41
I67
sS':<>'
p42
I67
sS'bacon'
p43
I67
sS'likely'
p44
I67
sS'street'
p45
I66
sS'unchained'
p46
I67
sS'(911)'
p47
I67
sS'arms'
p48
I66
sS'n'
p49
I65
sS'others)'
p50
I63
sS'even'
p51
I54
sS'errors'
p52
I67
sS'pace'
p53
I67
sS'+'
p54
I67
sS'asia'
p55
I67
sS'sobre'
p56
I67
sS'new'
p57
I53
sS'ever'
p58
I56
sS'told'
p59
I63
sS'kicked'
p60
I66
sS'pancakes'
p61
I66
sS'never'
p62
I45
sS'equals'
p63
I67
sS'here'
p64
I53
sS'\xe2\x9d\xa4\xef\xb8\x8f'
p65
I66
sS'punch'
p66
I67
sS'guerrero'
p67
I67
sS'hulk'
p68
I67
sS'humility'
p69
I67
sS'(9/30/1975)'
p70
I67
sS'stares'
p71
I67
sS"aren't"
p72
I67
sS'dry'
p73
I67
sS'murders'
p74
I67
sS'items'
p75
I67
sS'k'
p76
I64
sS'icons'
p77
I67
sS'ignoring'
p78
I67
sS'tv'
p79
I67
sS"i'd"
p80
I64
sS'froyo'
p81
I67
sS'stressed'
p82
I66
sS"i'm"
p83
I11
sS'dre'
p84
I67
sS'ojal\xc3\xa1'
p85
I67
sS'"oh"'
p86
I67
sS'golden'
p87
I66
sS'fantastic'
p88
I65
sS'magically'
p89
I67
sS"ta's"
p90
I67
sS'j\xc3\xa4ger'
p91
I67
sS'feelings'
p92
I62
sS'brought'
p93
I66
sS'patience'
p94
I67
sS'pound'
p95
I67
sS'stern'
p96
I67
sS'unit'
p97
I67
sS'<3'
p98
I67
sS'=)\xe2\x80\x9d'
p99
I67
sS'would'
p100
I54
sS'situaci\xc3\xb3n'
p101
I67
sS'negative'
p102
I66
sS'asses'
p103
I67
sS'call'
p104
I64
sS'calm'
p105
I67
sS'tryin'
p106
I67
sS'tell'
p107
I62
sS'exist?"'
p108
I67
sS'females'
p109
I67
sS'holy'
p110
I65
sS'relax'
p111
I66
sS'oscar'
p112
I67
sS'haha'
p113
I60
sS'wars'
p114
I66
sS'award'
p115
I67
sS'hurt'
p116
I66
sS'phone'
p117
I67
sS'adult'
p118
I67
sS'hold'
p119
I64
sS'hola'
p120
I67
sS'must'
p121
I67
sS'me'
p122
I16
sS'directorial'
p123
I67
sS'room'
p124
I65
sS'setup'
p125
I67
sS'work'
p126
I42
sS'mi'
p127
I67
sS'bamba)'
p128
I67
sS'worth'
p129
I67
sS'movies'
p130
I67
sS'locker'
p131
I66
sS'era'
p132
I66
sS'mr'
p133
I64
sS'root'
p134
I66
sS'boyfriend'
p135
I67
sS'casita'
p136
I67
sS'give'
p137
I57
sS'(rings)'
p138
I67
sS'heartless'
p139
I67
sS'honey'
p140
I67
sS'homie'
p141
I67
sS'want'
p142
I50
sS'keep'
p143
I60
sS'hoe'
p144
I67
sS'end'
p145
I57
sS'liam'
p146
I67
sS'titular'
p147
I67
sS'thing'
p148
I61
sS'complaining'
p149
I67
sS'song'
p150
I66
sS'machine'
p151
I67
sS'far'
p152
I66
sS'hot'
p153
I64
sS'rookie'
p154
I66
sS'answer'
p155
I67
sS'yum'
p156
I67
sS'beach'
p157
I66
sS'pizza'
p158
I66
sS'bday'
p159
I65
sS'after'
p160
I61
sS'blanka'
p161
I67
sS'wrong'
p162
I59
sS'lay'
p163
I67
sS'ballfonz'
p164
I67
sS'law'
p165
I66
sS'lap'
p166
I67
sS'types'
p167
I67
sS'las'
p168
I67
sS'"estupid!"'
p169
I67
sS'appreciate'
p170
I66
sS'childhood'
p171
I67
sS'green'
p172
I66
sS'ultimate'
p173
I67
sS'things'
p174
I61
sS'lesani'
p175
I67
sS'worst'
p176
I64
sS"'07"
p177
I67
sS'athletes'
p178
I67
sS'make'
p179
I56
sS'wine'
p180
I66
sS'fifa'
p181
I67
sS'office'
p182
I67
sS'wut'
p183
I67
sS'muffin'
p184
I67
sS'over'
p185
I56
sS'fam'
p186
I67
sS'hibernating'
p187
I67
sS'japan'
p188
I67
sS'panthers'
p189
I67
sS'mayor'
p190
I67
sS'before'
p191
I62
sS'ima'
p192
I66
sS'personal'
p193
I67
sS'expectations'
p194
I67
sS'better'
p195
I55
sS'weeks'
p196
I67
sS'then'
p197
I59
sS'them'
p198
I54
sS'powerful'
p199
I67
sS'thee'
p200
I67
sS"we'll"
p201
I67
sS'break'
p202
I59
sS'band'
p203
I66
sS'giraffe'
p204
I67
sS'they'
p205
I42
sS'schools'
p206
I67
sS'one'
p207
I48
sS'silver'
p208
I67
sS'bank'
p209
I67
sS'retros'
p210
I67
sS'forreals'
p211
I67
sS'netherlands'
p212
I67
sS'tampering'
p213
I67
sS'potatoes'
p214
I67
sS'debut'
p215
I67
sS'lucy'
p216
I67
sS'filling'
p217
I67
sS'each'
p218
I67
sS'went'
p219
I64
sS'side'
p220
I65
sS'luck'
p221
I65
sS'signing'
p222
I67
sS'\xe2\x9d\x84\xef\xb8\x8f\xe2\x9b\x84\xef\xb8\x8f'
p223
I67
sS'bat-toys'
p224
I67
sS'diane'
p225
I67
sS'spider'
p226
I66
sS'forgot'
p227
I67
sS'2day'
p228
I65
sS'saturday'
p229
I66
sS'rt'
p230
I60
sS'driving'
p231
I67
sS'god'
p232
I64
sS'rd'
p233
I66
sS'pacific.\xe2\x80\x9d'
p234
I67
sS'smh'
p235
I62
sS'got'
p236
I46
sS'rn'
p237
I64
sS'hogan'
p238
I67
sS'cigar'
p239
I67
sS'fonfara'
p240
I67
sS"doesn't"
p241
I60
sS'fave'
p242
I67
sS'free'
p243
I66
sS'neverrrr'
p244
I67
sS'rain'
p245
I66
sS'enhance'
p246
I67
sS'crowned'
p247
I67
sS'returning'
p248
I67
sS'wanted'
p249
I64
sS'dammit'
p250
I67
sS'ate'
p251
I66
sS'unexpressed'
p252
I67
sS"valentine's"
p253
I67
sS'days'
p254
I59
sS'att'
p255
I67
sS'ish'
p256
I67
sS'hopeless'
p257
I67
sS"today's"
p258
I65
sS'soda'
p259
I67
sS'(at'
p260
I62
sS'enjoy'
p261
I63
sS'already'
p262
I62
sS'champs'
p263
I67
sS'hearing'
p264
I67
sS'hamstring'
p265
I67
sS'fantasy'
p266
I67
sS'delicious'
p267
I66
sS'$130'
p268
I67
sS'bicycle'
p269
I67
sS'thick'
p270
I67
sS'rated'
p271
I67
sS'service'
p272
I67
sS'relaci\xc3\xb3n.\xe2\x98\x90'
p273
I67
sS'sarcasm'
p274
I67
sS'top'
p275
I65
sS'tired'
p276
I65
sS'girls'
p277
I66
sS"he'll"
p278
I67
sS'needed'
p279
I64
sS'too'
p280
I52
sS'tom'
p281
I67
sS'toc'
p282
I67
sS'hollywood'
p283
I67
sS'troubled'
p284
I67
sS'hangout'
p285
I67
sS'tool'
p286
I67
sS'took'
p287
I66
sS'broooooooo'
p288
I67
sS'wasted'
p289
I67
sS'mercy'
p290
I67
sS'trek'
p291
I67
sS'smokey'
p292
I67
sS'roles'
p293
I67
sS'hike'
p294
I67
sS'alhambra)'
p295
I64
sS'second'
p296
I66
sS"ralph's"
p297
I67
sS'reconstructing'
p298
I67
sS'matter'
p299
I66
sS'fabulous'
p300
I67
sS'cleveland."'
p301
I67
sS'iron'
p302
I67
sS'feeling'
p303
I63
sS'breakroom'
p304
I67
sS'enforcement'
p305
I67
sS"hayward's"
p306
I67
sS'mind'
p307
I65
sS'mine'
p308
I65
sS'talking'
p309
I63
sS'du,91801\n464896593016008704,darthwatts,2014-05-09'
p310
I67
sS'infront'
p311
I67
sS'seen'
p312
I67
sS'ohhhh'
p313
I67
sS'sounding'
p314
I67
sS'tells'
p315
I67
sS"arby's"
p316
I64
sS'dozen'
p317
I67
sS'responsible'
p318
I67
sS'-'
p319
I33
sS'panda'
p320
I66
sS'panties'
p321
I67
sS'blue'
p322
I67
sS'nobody'
p323
I67
sS'though'
p324
I64
sS'jeff'
p325
I67
sS'germany'
p326
I67
sS'phase'
p327
I67
sS'coin'
p328
I67
sS'sub'
p329
I67
sS'stupid'
p330
I67
sS'don'
p331
I65
sS'camp'
p332
I67
sS'metal'
p333
I67
sS'dog'
p334
I66
sS'stating'
p335
I67
sS'definitely'
p336
I65
sS'aunt'
p337
I67
sS'dos'
p338
I67
sS'boyfriends'
p339
I67
sS'came'
p340
I66
sS'saying'
p341
I66
sS'too."'
p342
I67
sS'bomb'
p343
I67
sS'hunger'
p344
I67
sS'random'
p345
I67
sS'sage'
p346
I67
sS'helping'
p347
I67
sS'colors'
p348
I67
sS'probz'
p349
I67
sS'nephew'
p350
I67
sS'(2014))'
p351
I67
sS'enjoyed'
p352
I66
sS'd1'
p353
I67
sS'sharks'
p354
I67
sS'busy'
p355
I66
sS'situations'
p356
I66
sS'"nope"'
p357
I67
sS'ocd'
p358
I67
sS'sugar'
p359
I66
sS'theme'
p360
I66
sS"gtl'ed"
p361
I67
sS'list.\xe2\x80\x9d'
p362
I67
sS'rich'
p363
I67
sS'announce'
p364
I67
sS'edwards\xe2\x80\xa6'
p365
I67
sS'rice'
p366
I67
sS'lessonn'
p367
I67
sS'personality'
p368
I67
sS'wearing'
p369
I66
sS'do'
p370
I42
sS'dm'
p371
I67
sS'asians'
p372
I67
sS'godzilla'
p373
I64
sS'empesar'
p374
I67
sS'de'
p375
I65
sS'watch'
p376
I66
sS'coast'
p377
I67
sS'$10'
p378
I67
sS'happiest'
p379
I67
sS'dr'
p380
I67
sS'14'
p381
I32
sS'runs'
p382
I66
sS'bar'
p383
I61
sS'mofos'
p384
I67
sS'hello'
p385
I67
sS'twice'
p386
I67
sS'bad'
p387
I57
sS'bae'
p388
I66
sS'require'
p389
I67
sS'secretary'
p390
I67
sS'blew'
p391
I67
sS"lol'd"
p392
I67
sS'w/'
p393
I54
sS'goodnight'
p394
I67
sS'cabron'
p395
I67
sS'skulls'
p396
I67
sS'jabari'
p397
I67
sS'best'
p398
I54
sS'brazil'
p399
I66
sS'said'
p400
I60
sS'away'
p401
I67
sS'muy'
p402
I66
sS'spider-tickets'
p403
I67
sS'bien'
p404
I67
sS"there's"
p405
I61
sS'finger'
p406
I67
sS'hopefully'
p407
I66
sS'mum'
p408
I67
sS'approach'
p409
I66
sS'we'
p410
I38
sS'omg'
p411
I65
sS'confusion'
p412
I67
sS'however'
p413
I67
sS'bosh'
p414
I67
sS'wtf'
p415
I67
sS'wth'
p416
I67
sS'cousin'
p417
I66
sS'picking'
p418
I67
sS'tfti'
p419
I67
sS'reported'
p420
I67
sS'country'
p421
I67
sS'ill'
p422
I67
sS'waaaahhhhh'
p423
I67
sS'against'
p424
I66
sS'cuddles'
p425
I67
sS'players'
p426
I64
sS'flores'
p427
I67
sS'games'
p428
I64
sS'spurs'
p429
I67
sS'asked'
p430
I66
sS'ily'
p431
I67
sS'pre'
p432
I66
sS'tough'
p433
I67
sS'2nd'
p434
I64
sS'karen'
p435
I64
sS'towels'
p436
I67
sS'humming'
p437
I67
sS'trust'
p438
I64
sS'100'
p439
I65
sS'speak'
p440
I67
sS'3gmb'
p441
I67
sS'puts'
p442
I66
sS'"you'
p443
I67
sS'bikinis'
p444
I67
sS'rematch?\xe2\x80\x9d'
p445
I67
sS'three'
p446
I67
sS'been'
p447
I58
sS'beer'
p448
I66
sS'much'
p449
I55
sS'stadium'
p450
I32
sS'expected'
p451
I66
sS'puto'
p452
I67
sS'lovely'
p453
I65
sS'life'
p454
I49
sS'yessssss'
p455
I67
sS'5k'
p456
I67
sS'sunshine'
p457
I67
sS'sooooo'
p458
I67
sS'fess'
p459
I67
sS'chill'
p460
I67
sS'has'
p461
I53
sS'unit...i'
p462
I67
sS'air'
p463
I67
sS'near'
p464
I67
sS'melted'
p465
I67
sS'ugliest'
p466
I67
sS'hates'
p467
I67
sS'aid'
p468
I67
sS'balance'
p469
I67
sS'leaves'
p470
I67
sS'*cuts'
p471
I67
sS'played'
p472
I66
sS'is'
p473
I9
sS'"i'
p474
I67
sS'player'
p475
I64
sS'cant'
p476
I64
sS'im'
p477
I61
sS'ramifications'
p478
I67
sS'in'
p479
I12
sS'faked'
p480
I67
sS'ic'
p481
I67
sS'1-year'
p482
I67
sS'id'
p483
I67
sS'ig'
p484
I67
sS'if'
p485
I35
sS'parish'
p486
I67
sS'realizing'
p487
I67
sS'cost.,91801\n464598409262170113,darthwatts,2014-05-09'
p488
I67
sS'jerry'
p489
I67
sS'unfortunate'
p490
I67
sS'hahaa'
p491
I67
sS'downsies'
p492
I67
sS'velasco'
p493
I67
sS'pick'
p494
I66
sS'hang'
p495
I65
sS'evil'
p496
I67
sS'hand'
p497
I67
sS'renaissance'
p498
I31
sS'kim'
p499
I67
sS'mentions'
p500
I67
sS'jealous'
p501
I67
sS'nip'
p502
I67
sS'aka'
p503
I67
sS'thoughts'
p504
I67
sS'kid'
p505
I67
sS'hopping'
p506
I67
sS'dent'
p507
I67
sS'changes'
p508
I65
sS'humble'
p509
I67
sS'game'
p510
I58
sS'80%'
p511
I67
sS'tho'
p512
I61
sS'burgers'
p513
I66
sS'contact'
p514
I67
sS'greatest'
p515
I67
sS'the'
p516
I3
sS'musical'
p517
I67
sS'left'
p518
I63
sS'snowman'
p519
I67
sS'givers'
p520
I67
sS'just'
p521
I24
sS'wasteful'
p522
I67
sS'yea'
p523
I66
sS'gods'
p524
I67
sS'thanks'
p525
I54
sS'human'
p526
I66
sS'yep'
p527
I66
sS'yes'
p528
I56
sS'yet'
p529
I63
sS'previous'
p530
I67
sS'adding'
p531
I67
sS'hills'
p532
I67
sS'phillips'
p533
I67
sS'had'
p534
I54
sS'shout'
p535
I67
sS'board'
p536
I67
sS'innocent'
p537
I67
sS'save'
p538
I66
sS'gave'
p539
I66
sS'babes'
p540
I67
sS'breaks'
p541
I67
sS'puter\xc3\xada'
p542
I67
sS'performance'
p543
I66
sS'judge'
p544
I67
sS'osmar'
p545
I67
sS'dreams'
p546
I67
sS'd'
p547
I67
sS'bro'
p548
I66
sS'-_-'
p549
I67
sS'texts'
p550
I65
sS'orlando'
p551
I67
sS'50'
p552
I67
sS'night'
p553
I56
sS'right'
p554
I47
sS'old'
p555
I64
sS'deal'
p556
I63
sS'people'
p557
I40
sS'\xe2\x8f\xb0'
p558
I66
sS'dead'
p559
I66
sS'manziel'
p560
I66
sS"applebee's"
p561
I59
sS'malaysia'
p562
I67
sS'donald'
p563
I65
sS'vato'
p564
I67
sS'42)'
p565
I67
sS'for'
p566
I7
sS'bottom'
p567
I64
sS'ice'
p568
I67
sS'creative'
p569
I67
sS'everything'
p570
I56
sS'asking'
p571
I65
sS'bra'
p572
I67
sS'foo'
p573
I66
sS'adorable'
p574
I66
sS'christmas'
p575
I67
sS'sherman'
p576
I67
sS'pls'
p577
I67
sS'fish'
p578
I67
sS'spider-man'
p579
I66
sS'pose'
p580
I67
sS'plz'
p581
I67
sS'peed'
p582
I67
sS'starring'
p583
I67
sS'losing'
p584
I67
sS'5:00am'
p585
I67
sS'post'
p586
I67
sS'super'
p587
I61
sS'cowboy'
p588
I66
sS'theirs'
p589
I67
sS'accepts'
p590
I67
sS'dinner'
p591
I64
sS'plus'
p592
I67
sS'afternoon'
p593
I67
sS'wasting'
p594
I66
sS'ahh'
p595
I67
sS'bound'
p596
I67
sS'ppl'
p597
I66
sS'down'
p598
I57
sS'lies'
p599
I67
sS'"chillin"'
p600
I67
sS'vodo'
p601
I67
sS'wah'
p602
I66
sS'constantly'
p603
I67
sS'fight'
p604
I66
sS'4.19'
p605
I67
sS'way'
p606
I53
sS'music'
p607
I66
sS'was'
p608
I24
sS'war'
p609
I67
sS'happy'
p610
I53
sS'freeloaders'
p611
I67
sS'head'
p612
I67
sS'offer'
p613
I66
sS'cuban'
p614
I67
sS'eyy'
p615
I67
sS'understandable'
p616
I67
sS'true'
p617
I61
sS'viva'
p618
I66
sS'congratulations'
p619
I67
sS'crew"'
p620
I67
sS'inside'
p621
I66
sS'lips'
p622
I67
sS'until'
p623
I62
sS'crystal'
p624
I67
sS'daddy'
p625
I67
sS'"la'
p626
I67
sS'\xe2\x9c\x8c\xef\xb8\x8f\xe2\x80\xa6'
p627
I67
sS'$.49'
p628
I67
sS'pizza"'
p629
I67
sS'tournament'
p630
I66
sS'proven'
p631
I67
sS'hungry'
p632
I67
sS'promised'
p633
I67
sS'door'
p634
I67
sS'awhile'
p635
I67
sS'annoying'
p636
I67
sS'trip'
p637
I65
sS'shit'
p638
I59
sS'faithful'
p639
I67
sS'floor'
p640
I67
sS'when'
p641
I44
sS'handed'
p642
I67
sS'til'
p643
I67
sS'ny'
p644
I67
sS'hangryyyy'
p645
I66
sS'interested'
p646
I64
sS'vicodin'
p647
I67
sS'holding'
p648
I66
sS'brings'
p649
I67
sS'smell'
p650
I66
sS'tia'
p651
I67
sS'tic'
p652
I66
sS'express)'
p653
I67
sS'surprise'
p654
I66
sS'felt'
p655
I67
sS'update'
p656
I67
sS'diet'
p657
I67
sS"let's"
p658
I62
sS'fell'
p659
I66
sS'casado(a).\xe2\x98\x91'
p660
I67
sS'weekend'
p661
I62
sS'died'
p662
I66
sS'jones'
p663
I67
sS'happening'
p664
I64
sS'moved'
p665
I67
sS'together'
p666
I64
sS'time'
p667
I33
sS'push'
p668
I67
sS'serious'
p669
I67
sS'jon)'
p670
I67
sS'$$$'
p671
I67
sS':))'
p672
I65
sS'coach'
p673
I64
sS':('
p674
I66
sS':)'
p675
I58
sS'leads'
p676
I67
sS'battle'
p677
I67
sS'penal'
p678
I67
sS'countdown'
p679
I67
sS'finally'
p680
I59
sS'permanently'
p681
I67
sS'shoot'
p682
I67
sS'"haha"'
p683
I67
sS'vegan'
p684
I67
sS'choice'
p685
I63
sS'tanks'
p686
I66
sS'cook'
p687
I67
sS'trouble'
p688
I67
sS'minute'
p689
I64
sS'cool'
p690
I67
sS'mcmuffin'
p691
I67
sS'dating'
p692
I67
sS'mil.u'
p693
I67
sS'staples'
p694
I67
sS'did'
p695
I60
sS'die'
p696
I65
sS'brother'
p697
I67
sS'dude!"'
p698
I67
sS'leave'
p699
I64
sS'p'
p700
I67
sS'team'
p701
I48
sS'quick'
p702
I64
sS'guy'
p703
I63
sS'bitterland'
p704
I67
sS'round'
p705
I66
sS'shave'
p706
I67
sS'upper'
p707
I67
sS'accomplishment'
p708
I67
sS'says'
p709
I67
sS'regret'
p710
I65
sS'trend'
p711
I67
sS'sign'
p712
I65
sS'hair*'
p713
I67
sS'run'
p714
I65
sS'current'
p715
I67
sS'melo'
p716
I66
sS'goes'
p717
I67
sS'reply'
p718
I67
sS'dental'
p719
I63
sS'filled'
p720
I67
sS'explosion'
p721
I67
sS'bandwagon'
p722
I67
sS'westbrook'
p723
I67
sS'french'
p724
I67
sS'baseball'
p725
I67
sS"gloria's"
p726
I67
sS'alone'
p727
I67
sS'along'
p728
I64
sS'earthquake'
p729
I65
sS'change'
p730
I62
sS'wait'
p731
I58
sS'box'
p732
I67
sS'boy'
p733
I67
sS'yessss'
p734
I67
sS'tire'
p735
I67
sS'brilliant'
p736
I67
sS'my'
p737
I10
sS'guilty'
p738
I67
sS'lakers'
p739
I59
sS'proud'
p740
I66
sS'kemp'
p741
I67
sS'usually'
p742
I67
sS'bucs'
p743
I67
sS'weird'
p744
I66
sS'love'
p745
I42
sS'defensive'
p746
I67
sS'extra'
p747
I67
sS'paralyzed'
p748
I67
sS'1st'
p749
I62
sS'fambam'
p750
I67
sS'overthink'
p751
I66
sS'red'
p752
I65
sS'balke'
p753
I67
sS'district"'
p754
I67
sS'perf'
p755
I66
sS'working'
p756
I67
sS'positive'
p757
I66
sS'angry'
p758
I67
sS'dude'
p759
I65
sS'only'
p760
I56
sS'sports'
p761
I65
sS'live'
p762
I62
sS'iphone'
p763
I67
sS'gamestop'
p764
I67
sS'films'
p765
I67
sS'sharpen'
p766
I67
sS'today'
p767
I45
sS'loving'
p768
I67
sS'sharing'
p769
I67
sS'club'
p770
I66
sS'everywhere'
p771
I67
sS'fly'
p772
I66
sS'you.i'
p773
I66
sS'car'
p774
I58
sS'pshhh'
p775
I67
sS'soul'
p776
I66
sS'sour'
p777
I67
sS'drags'
p778
I67
sS'can'
p779
I37
sS'cal'
p780
I67
sS'growing'
p781
I67
sS'making'
p782
I65
sS'streak'
p783
I67
sS'heart'
p784
I63
sS'crazy'
p785
I62
sS'downfall'
p786
I67
sS'justo'
p787
I67
sS'awesome'
p788
I61
sS'lordy'
p789
I65
sS"didn't"
p790
I62
sS'fuck'
p791
I60
sS'agent'
p792
I67
sS'heard'
p793
I67
sS'mmmmmm'
p794
I67
sS'clothing'
p795
I67
sS'robinson'
p796
I67
sS'sudden'
p797
I67
sS'1'
p798
I65
sS'till'
p799
I65
sS'llega'
p800
I67
sS'fourth'
p801
I67
sS'puro'
p802
I67
sS'detoxing'
p803
I67
sS'staying'
p804
I65
sS'information'
p805
I67
sS'may'
p806
I64
sS'max'
p807
I64
sS'spot'
p808
I67
sS'(345'
p809
I67
sS'latte'
p810
I67
sS'mac'
p811
I66
sS'birthday'
p812
I60
sS'mad'
p813
I64
sS'date'
p814
I66
sS'such'
p815
I64
sS'suck'
p816
I65
sS'guys'
p817
I58
sS'grow'
p818
I67
sS'man'
p819
I43
sS'stress'
p820
I67
sS'natural'
p821
I67
sS'noses'
p822
I67
sS'johnson'
p823
I67
sS'mayweather'
p824
I67
sS'whenever'
p825
I66
sS'hahahah'
p826
I67
sS'swangin'
p827
I67
sS'st'
p828
I65
sS'si'
p829
I66
sS'so'
p830
I19
sS'unleash'
p831
I67
sS'sa'
p832
I67
sS'pulled'
p833
I67
sS'talk'
p834
I61
sS'cute'
p835
I63
sS'midnight'
p836
I66
sS'years'
p837
I62
sS"mcdonald's)"
p838
I67
sS'course'
p839
I66
sS'shake'
p840
I67
sS'peterson'
p841
I67
sS'still'
p842
I51
sS'blocked'
p843
I63
sS'tore'
p844
I67
sS'police'
p845
I67
sS'thank'
p846
I61
sS'how'
p847
I48
sS'smoothie'
p848
I67
sS'interesting'
p849
I65
sS'amazing'
p850
I66
sS"he'd"
p851
I67
sS'cheyenne'
p852
I67
sS'tweets'
p853
I64
sS'main'
p854
I62
sS'selfie'
p855
I67
sS'happened'
p856
I65
sS'azules'
p857
I67
sS'non'
p858
I67
sS'(her'
p859
I67
sS'cheddar\xe2\x80\xa6'
p860
I67
sS'lunch'
p861
I58
sS'slacks'
p862
I67
sS'half'
p863
I64
sS'not'
p864
I22
sS'now'
p865
I36
sS'bullshit'
p866
I67
sS'nor'
p867
I67
sS'wagon'
p868
I66
sS'equality'
p869
I67
sS'name'
p870
I62
sS'thankful'
p871
I67
sS'james'
p872
I67
sS'kerr'
p873
I67
sS'soltero(a).\xe2\x98\x90'
p874
I67
sS'rock'
p875
I65
sS'em'
p876
I62
sS'el'
p877
I64
sS'en'
p878
I66
sS'yeaa'
p879
I67
sS'amigo"'
p880
I67
sS'yeah'
p881
I59
sS'ex'
p882
I66
sS'year'
p883
I63
sS'girl'
p884
I61
sS'teams'
p885
I66
sS'pills'
p886
I67
sS'troll'
p887
I67
sS'living'
p888
I64
sS'shown'
p889
I67
sS'and\xe2\x80\xa6'
p890
I67
sS'jackson'
p891
I67
sS'3rd'
p892
I67
sS'ughhhhh'
p893
I67
sS'factory'
p894
I67
sS'looking'
p895
I67
sS'seriously'
p896
I67
sS'ganas'
p897
I67
sS"shouldn't"
p898
I67
sS'entitlements'
p899
I67
sS'"they\'re'
p900
I67
sS'nudes'
p901
I67
sS'million'
p902
I65
sS'cart'
p903
I67
sS'california'
p904
I67
sS'grandma'
p905
I65
sS'headband'
p906
I67
sS'card'
p907
I67
sS'care'
p908
I64
sS'partner'
p909
I67
sS'"april'
p910
I67
sS'watts'
p911
I67
sS'yup'
p912
I66
sS'\xe2\x80\x9ci'
p913
I67
sS'xmas'
p914
I67
sS'turn'
p915
I64
sS'punt'
p916
I67
sS'place'
p917
I63
sS'gordon'
p918
I67
sS'preach'
p919
I67
sS'think'
p920
I58
sS'waited'
p921
I67
sS'first'
p922
I52
sS'ohmygawddd'
p923
I67
sS'sanchez'
p924
I67
sS'wad'
p925
I67
sS'saving'
p926
I66
sS'faculty'
p927
I67
sS'yourself'
p928
I64
sS'fast'
p929
I67
sS'impossible'
p930
I66
sS'sounds'
p931
I65
sS'drove'
p932
I67
sS'febreze'
p933
I67
sS'tomorrow'
p934
I66
sS"'em"
p935
I61
sS'size'
p936
I67
sS'city'
p937
I67
sS'little'
p938
I61
sS'stuck'
p939
I66
sS'caught'
p940
I66
sS'slept'
p941
I65
sS'anyone'
p942
I63
sS'fml'
p943
I67
sS'2'
p944
I47
sS'draft'
p945
I64
sS'royce'
p946
I67
sS'friend'
p947
I63
sS'gives'
p948
I66
sS'mostly'
p949
I67
sS'that'
p950
I14
sS'season'
p951
I58
sS'huh'
p952
I67
sS'massages'
p953
I67
sS'released'
p954
I67
sS'ridiculous'
p955
I67
sS'thai'
p956
I66
sS'flowers'
p957
I67
sS'cleanse'
p958
I67
sS'than'
p959
I59
sS"here's"
p960
I65
sS'titans'
p961
I67
sS'10'
p962
I65
sS'13'
p963
I67
sS'12'
p964
I67
sS'15'
p965
I67
sS'lmao'
p966
I53
sS'16'
p967
I67
sS'18'
p968
I67
sS'gotta'
p969
I62
sS'r'
p970
I60
sS'thisses'
p971
I67
sS'were'
p972
I63
sS'gigantic'
p973
I67
sS'"kikz'
p974
I67
sS'and'
p975
I8
sS'san'
p976
I64
sS'turned'
p977
I66
sS'sad'
p978
I63
sS'episcopal'
p979
I66
sS'say'
p980
I56
sS'himself'
p981
I67
sS'anger'
p982
I67
sS'breakfast'
p983
I64
sS'saw'
p984
I58
sS'any'
p985
I62
sS'kevin'
p986
I67
sS'warriors'
p987
I67
sS'ideas'
p988
I67
sS'omfg'
p989
I67
sS'take'
p990
I52
sS'wanting'
p991
I67
sS'"megadeath"'
p992
I67
sS'blunt'
p993
I67
sS'butterfly'
p994
I67
sS'urge'
p995
I67
sS'begin'
p996
I66
sS'sure'
p997
I62
sS'pain'
p998
I63
sS'buffer'
p999
I67
sS'cheesecake'
p1000
I67
sS'knew'
p1001
I67
sS'paid'
p1002
I67
sS'boiling'
p1003
I67
sS'america'
p1004
I67
sS'"on"'
p1005
I67
sS'...cowboy'
p1006
I67
sS'forever'
p1007
I66
sS'especially'
p1008
I67
sS'surprising'
p1009
I67
sS'boys'
p1010
I67
sS'egg'
p1011
I67
sS'later'
p1012
I66
sS'drive'
p1013
I66
sS'tooth'
p1014
I67
sS'wore'
p1015
I67
sS'professional'
p1016
I66
sS"80's"
p1017
I67
sS'shop'
p1018
I67
sS'walking'
p1019
I67
sS'shot'
p1020
I67
sS'\xe2\x9c\xa8'
p1021
I65
sS'show'
p1022
I66
sS'convos'
p1023
I67
sS'scoop'
p1024
I67
sS'ground'
p1025
I67
sS'aint'
p1026
I67
sS'daily'
p1027
I67
sS'dick'
p1028
I67
sS'outside'
p1029
I67
sS'tears'
p1030
I65
sS'going'
p1031
I49
sS'black'
p1032
I67
sS'hockey'
p1033
I61
sS'dreaded'
p1034
I67
sS'pumpkin'
p1035
I67
sS'weaveeee'
p1036
I67
sS'get'
p1037
I28
sS'contracts'
p1038
I67
sS'mormon'
p1039
I67
sS'diamonds'
p1040
I67
sS'cannot'
p1041
I67
sS'celebrate'
p1042
I67
sS'morning'
p1043
I62
sS":')"
p1044
I67
sS'miles'
p1045
I67
sS'bombs'
p1046
I67
sS'pants'
p1047
I67
sS'where'
p1048
I59
sS'16th'
p1049
I67
sS"y'all"
p1050
I63
sS'ignored'
p1051
I67
sS'violated'
p1052
I67
sS'mom'
p1053
I65
sS"hasn't"
p1054
I67
sS'asleep'
p1055
I67
sS'barring'
p1056
I67
sS'seal'
p1057
I67
sS'stanley'
p1058
I66
sS'sport'
p1059
I67
sS'wonder'
p1060
I66
sS'fails'
p1061
I67
sS'whiskey'
p1062
I67
sS'24/7'
p1063
I67
sS'3'
p1064
I58
sS'between'
p1065
I62
sS'it'
p1066
I17
sS'nintendo64'
p1067
I67
sS'reading'
p1068
I67
sS'across'
p1069
I67
sS'uh'
p1070
I67
sS'yuma'
p1071
I67
sS'bummed'
p1072
I67
sS'campaign'
p1073
I67
sS'jobs'
p1074
I67
sS'...i'
p1075
I67
sS'js'
p1076
I67
sS'como'
p1077
I67
sS'hurts'
p1078
I67
sS'jets'
p1079
I67
sS'lobos'
p1080
I67
sS'come'
p1081
I61
sS'spiderweb'
p1082
I67
sS'concentrated'
p1083
I67
sS'penguins'
p1084
I67
sS'many'
p1085
I59
sS'dds)'
p1086
I67
sS'contract'
p1087
I64
sS'flipped'
p1088
I67
sS'thunderfuck'
p1089
I67
sS's'
p1090
I67
sS'guardians'
p1091
I67
sS'delete'
p1092
I66
sS'traded'
p1093
I67
sS"can't"
p1094
I52
sS'besame'
p1095
I67
sS'football'
p1096
I61
sS'twin'
p1097
I67
sS"couldn't"
p1098
I67
sS'constant'
p1099
I67
sS'boat'
p1100
I67
sS'teammate'
p1101
I67
sS'cares'
p1102
I67
sS'dumping'
p1103
I67
sS'west'
p1104
I66
sS'vacation'
p1105
I65
sS'mark'
p1106
I67
sS'legit'
p1107
I67
sS'judging'
p1108
I67
sS'clock-in'
p1109
I67
sS'wants'
p1110
I64
sS'shopping'
p1111
I65
sS"jordan's"
p1112
I67
sS'andres'
p1113
I67
sS'tiger'
p1114
I67
sS'mocking'
p1115
I67
sS'wake'
p1116
I65
sS'cleats'
p1117
I66
sS'careful'
p1118
I67
sS'spirit'
p1119
I67
sS'those'
p1120
I64
sS'paying'
p1121
I66
sS'myself'
p1122
I59
sS'soccer'
p1123
I64
sS'these'
p1124
I57
sS'cash'
p1125
I66
sS'ratchet'
p1126
I67
sS'care"'
p1127
I67
sS'profanity'
p1128
I67
sS'situation'
p1129
I67
sS'ive'
p1130
I67
sS"*calls/text/kik's/snapchats*"
p1131
I67
sS'soil'
p1132
I67
sS'bros'
p1133
I67
sS'sleeping'
p1134
I67
sS'middle'
p1135
I66
sS'someone'
p1136
I57
sS'motivated'
p1137
I67
sS'everyday'
p1138
I66
sS'different'
p1139
I67
sS'harsh'
p1140
I67
sS'd12'
p1141
I67
sS'pay'
p1142
I65
sS'sproles'
p1143
I67
sS'bowl'
p1144
I62
sS'insidious'
p1145
I67
sS'same'
p1146
I61
sS'check'
p1147
I63
sS'food'
p1148
I61
sS'pad'
p1149
I66
sS'coworkers'
p1150
I65
sS'comedycentral'
p1151
I67
sS'dealt'
p1152
I67
sS'pal'
p1153
I67
sS'workout'
p1154
I67
sS'pan'
p1155
I67
sS'week'
p1156
I65
sS'fyi'
p1157
I67
sS'finish'
p1158
I67
sS'"k"'
p1159
I67
sS'fruit'
p1160
I67
sS'ralphs'
p1161
I67
sS'favorites'
p1162
I67
sS'changing'
p1163
I67
sS'wtff'
p1164
I67
sS'atkins'
p1165
I67
sS'theater'
p1166
I65
sS'no'
p1167
I45
sS'said"you'
p1168
I67
sS'know'
p1169
I41
sS'without'
p1170
I64
sS'bottle'
p1171
I67
sS"blackman's"
p1172
I67
sS'...very'
p1173
I67
sS'bumping'
p1174
I66
sS'summer'
p1175
I63
sS'peace'
p1176
I67
sS'\xe2\x98\xba\xef\xb8\x8f'
p1177
I64
sS'noah'
p1178
I64
sS'being'
p1179
I61
sS'money'
p1180
I63
sS'rest'
p1181
I66
sS'style"'
p1182
I67
sS'(i'
p1183
I67
sS'kill'
p1184
I67
sS'cp'
p1185
I67
sS'halfway'
p1186
I67
sS'email?\xe2\x80\x9d-'
p1187
I67
sS'death'
p1188
I67
sS'youfood'
p1189
I67
sS'tim'
p1190
I67
sS'thinking'
p1191
I62
sS"we've"
p1192
I66
sS"everyone's"
p1193
I66
sS'seems'
p1194
I66
sS'b(ar)ahk'
p1195
I67
sS'it\xe2\x80\x99s'
p1196
I62
sS'lets'
p1197
I66
sS'pasadena'
p1198
I67
sS'4'
p1199
I57
sS'stopwatch'
p1200
I67
sS'malcolm'
p1201
I67
sS'swim'
p1202
I66
sS'starving'
p1203
I67
sS'jake'
p1204
I67
sS'grit'
p1205
I67
sS'around'
p1206
I65
sS'read'
p1207
I65
sS'\xd8\xa3\xd9\x86'
p1208
I67
sS'gonna'
p1209
I54
sS'dark'
p1210
I65
sS'(he'
p1211
I67
sS'using'
p1212
I66
sS'accepted'
p1213
I67
sS'lady'
p1214
I65
sS'fryer'
p1215
I67
sS'dare'
p1216
I67
sS'posehn'
p1217
I67
sS'patrick'
p1218
I67
sS'tsunami'
p1219
I67
sS'either'
p1220
I65
sS'"yup"'
p1221
I67
sS'grub'
p1222
I63
sS'witchcraft'
p1223
I67
sS'kings'
p1224
I66
sS'slice'
p1225
I67
sS'outt'
p1226
I67
sS'mood'
p1227
I67
sS'dds'
p1228
I65
sS'lotto'
p1229
I67
sS'googled'
p1230
I67
sS'drank..ooooowiiiiii'
p1231
I67
sS'legal'
p1232
I67
sS'ddt'
p1233
I67
sS'knife'
p1234
I67
sS'welcome'
p1235
I66
sS'lmfao'
p1236
I67
sS'problems'
p1237
I67
sS'broken'
p1238
I67
sS'broner'
p1239
I67
sS'dices'
p1240
I67
sS'hectic'
p1241
I67
sS'goofs'
p1242
I67
sS';)'
p1243
I67
sS'throw'
p1244
I66
sS'maizena'
p1245
I67
sS'on'
p1246
I23
sS'ol'
p1247
I64
sS'ok'
p1248
I63
sS'oh'
p1249
I62
sS'of'
p1250
I15
sS'favorite'
p1251
I66
sS'acl'
p1252
I67
sS"menchie's"
p1253
I66
sS'journey'
p1254
I67
sS'oz'
p1255
I67
sS'act'
p1256
I67
sS'bond'
p1257
I66
sS'or'
p1258
I51
sS'best/worst'
p1259
I67
sS'shrug"'
p1260
I67
sS'blessed'
p1261
I66
sS'snapchat'
p1262
I67
sS'r\xc5\xaatsu'
p1263
I67
sS'officially'
p1264
I67
sS'apologize'
p1265
I66
sS'banks)'
p1266
I67
sS'youu'
p1267
I67
sS'your'
p1268
I39
sS'legacy'
p1269
I67
sS'her'
p1270
I58
sS'hes'
p1271
I66
sS'there'
p1272
I58
sS'hey'
p1273
I64
sS'lol'
p1274
I20
sS'start'
p1275
I66
sS'cats'
p1276
I67
sS'missy'
p1277
I67
sS'low'
p1278
I67
sS'lot'
p1279
I63
sS'brazilian'
p1280
I67
sS'redbull'
p1281
I67
sS'billion'
p1282
I67
sS'spicy'
p1283
I67
sS'complete'
p1284
I67
sS'enough'
p1285
I67
sS'texted'
p1286
I67
sS'trying'
p1287
I61
sS'with'
p1288
I18
sS'smh"'
p1289
I67
sS'buying'
p1290
I66
sS'pr\xc3\xa9stamo'
p1291
I67
sS"they're"
p1292
I64
sS'hire'
p1293
I67
sS'october'
p1294
I67
sS'romantic'
p1295
I67
sS"wasn't"
p1296
I62
sS'strawberry'
p1297
I67
sS'"it\'s'
p1298
I67
sS'bbq'
p1299
I67
sS'russ'
p1300
I67
sS'outing'
p1301
I67
sS'castles'
p1302
I67
sS'gone'
p1303
I66
sS'ad'
p1304
I67
sS'johnny'
p1305
I65
sS'final)'
p1306
I67
sS'certain'
p1307
I67
sS'ignorant'
p1308
I67
sS'am'
p1309
I61
sS'al'
p1310
I67
sS'deep'
p1311
I67
sS'an'
p1312
I50
sS'as'
p1313
I51
sS'at'
p1314
I13
sS'aces'
p1315
I67
sS'watched'
p1316
I67
sS'horse'
p1317
I67
sS'bishop'
p1318
I67
sS'film'
p1319
I66
sS'fill'
p1320
I67
sS'4.5'
p1321
I67
sS'again'
p1322
I58
sS'infact'
p1323
I67
sS'deserve'
p1324
I67
sS'doner'
p1325
I67
sS'rubber'
p1326
I67
sS'5'
p1327
I61
sS'you'
p1328
I6
sS'cp3'
p1329
I67
sS'championship'
p1330
I67
sS'drive-thru'
p1331
I67
sS'students'
p1332
I65
sS'symbol'
p1333
I67
sS'torched'
p1334
I67
sS'midget'
p1335
I67
sS'chris'
p1336
I67
sS'finals'
p1337
I65
sS'pool'
p1338
I66
sS'building'
p1339
I67
sS'rr'
p1340
I67
sS'masa'
p1341
I67
sS"ko'd"
p1342
I67
sS'parsons'
p1343
I67
sS"ramiro's"
p1344
I67
sS'u'
p1345
I39
sS'boone'
p1346
I66
sS'alright'
p1347
I66
sS'songs'
p1348
I67
sS'starting'
p1349
I65
sS'all'
p1350
I21
sS'forget'
p1351
I64
sS'messi'
p1352
I67
sS'caused'
p1353
I67
sS'lack'
p1354
I66
sS'dollar'
p1355
I67
sS'month'
p1356
I66
sS'bravest'
p1357
I67
sS'tectonics'
p1358
I67
sS'follow'
p1359
I66
sS'meditation'
p1360
I67
sS'thoughhhhh'
p1361
I67
sS'monty'
p1362
I67
sS'hmmm'
p1363
I67
sS'strangers'
p1364
I67
sS'apartment'
p1365
I66
sS'ty'
p1366
I67
sS'imma'
p1367
I65
sS'to'
p1368
I4
sS'aaron'
p1369
I67
sS"it'd"
p1370
I67
sS'\xd9\x8a\xd8\xaa\xd9\x85\xd9\x86\xd9\x89'
p1371
I67
sS'wooooo'
p1372
I67
sS'smile'
p1373
I65
sS'ta'
p1374
I67
sS'case'
p1375
I66
sS'woman'
p1376
I67
sS'worse'
p1377
I66
sS'sitting'
p1378
I66
sS'very'
p1379
I61
sS'fav'
p1380
I67
sS'fat'
p1381
I62
sS'selfies'
p1382
I67
sS'110%'
p1383
I67
sS'fan'
p1384
I60
sS'decide'
p1385
I65
sS'fall'
p1386
I66
sS'awful'
p1387
I67
sS'ticket'
p1388
I66
sS'difference'
p1389
I66
sS'heaven'
p1390
I66
sS'<33'
p1391
I67
sS'(2012)'
p1392
I67
sS'--'
p1393
I67
sS'list'
p1394
I66
sS'large'
p1395
I67
sS'sane'
p1396
I67
sS'small'
p1397
I63
sS'mundial'
p1398
I66
sS'smith'
p1399
I67
sS"i'll"
p1400
I57
sS'open'
p1401
I67
sS'neighborhood'
p1402
I57
sS'ten'
p1403
I67
sS'tea'
p1404
I66
sS'tricolor'
p1405
I67
sS'past'
p1406
I66
sS'burger'
p1407
I62
sS'zero'
p1408
I65
sS'pass'
p1409
I66
sS'nba'
p1410
I66
sS'u\xc3\xb1as'
p1411
I67
sS'harden'
p1412
I67
sS'what'
p1413
I42
sS'darkness'
p1414
I67
sS'deeply'
p1415
I67
sS'crush'
p1416
I65
sS'sup'
p1417
I67
sS'pic"'
p1418
I67
sS'vamos'
p1419
I67
sS'tattoos'
p1420
I66
sS'full'
p1421
I63
sS'christian'
p1422
I67
sS'cass'
p1423
I67
sS'hungover'
p1424
I67
sS'loose'
p1425
I67
sS'answers'
p1426
I67
sS'hours'
p1427
I61
sS'november'
p1428
I67
sS'strong'
p1429
I67
sS'ahead'
p1430
I66
sS'jackie'
p1431
I66
sS'experience'
p1432
I65
sS'social'
p1433
I64
sS"would've"
p1434
I66
sS'fuck"'
p1435
I67
sS'weirder'
p1436
I67
sS'himym'
p1437
I67
sS'feel/interact'
p1438
I67
sS'family'
p1439
I62
sS'blink.\xe2\x9d\xa4\xef\xb8\x8f'
p1440
I67
sS'traumatized'
p1441
I67
sS'ask'
p1442
I65
sS'semester'
p1443
I67
sS'you\xe2\x80\x99re'
p1444
I66
sS'know"'
p1445
I67
sS'emoji'
p1446
I67
sS'game."'
p1447
I67
sS'"bull-sharks"'
p1448
I67
sS'takes'
p1449
I67
sS'intense'
p1450
I67
sS'two'
p1451
I64
sS'6'
p1452
I66
sS'taken'
p1453
I67
sS'..and'
p1454
I67
sS'injury'
p1455
I66
sS'dwade'
p1456
I67
sS'more'
p1457
I52
sS'week!\xe2\x80\xa6'
p1458
I67
sS'"relaxing"'
p1459
I67
sS'knows'
p1460
I67
sS'chucky'
p1461
I67
sS'grabbing'
p1462
I67
sS'"liven"'
p1463
I67
sS'excuse'
p1464
I67
sS'floyd'
p1465
I67
sS'broke'
p1466
I67
sS'youuuuu'
p1467
I67
sS'glad'
p1468
I67
sS'\xd8\xaa\xd9\x83\xd9\x88\xd9\x86'
p1469
I67
sS'grill'
p1470
I46
sS'none'
p1471
I67
sS'hour'
p1472
I66
sS'primate'
p1473
I67
sS'sucks'
p1474
I67
sS'bron'
p1475
I67
sS'learn'
p1476
I65
sS'male'
p1477
I67
sS'history'
p1478
I65
sS'beautiful'
p1479
I65
sS'rodriguez'
p1480
I67
sS'joints'
p1481
I67
sS'share'
p1482
I67
sS'accept'
p1483
I67
sS'azul'
p1484
I67
sS'minimum'
p1485
I67
sS'ave'
p1486
I67
sS'phrase'
p1487
I67
sS'airplane'
p1488
I67
sS'dress'
p1489
I67
sS'borrachas'
p1490
I67
sS'huge'
p1491
I64
sS'needs'
p1492
I64
sS'goal'
p1493
I66
sS'awkward'
p1494
I66
sS'rather'
p1495
I67
sS'comfort'
p1496
I67
sS'needa'
p1497
I67
sS'hardys'
p1498
I67
sS'browns'
p1499
I66
sS'goat'
p1500
I67
sS'okay'
p1501
I67
sS'tried'
p1502
I67
sS'rude'
p1503
I67
sS'reflect'
p1504
I67
sS'adventure'
p1505
I66
sS'coming'
p1506
I62
sS'kracken'
p1507
I67
sS'invasion'
p1508
I67
sS'authentic'
p1509
I66
sS'*pun'
p1510
I67
sS'a'
p1511
I5
sS'short'
p1512
I67
sS'tweeting'
p1513
I67
sS'django'
p1514
I67
sS'ego'
p1515
I67
sS'banks'
p1516
I67
sS'facebook'
p1517
I67
sS'dream'
p1518
I65
sS'playing'
p1519
I66
sS"that's"
p1520
I53
sS'mexican'
p1521
I67
sS"wherrrrrrre's"
p1522
I67
sS"don't"
p1523
I27
sS'(downtown'
p1524
I67
sS'soon'
p1525
I65
sS'brothe'
p1526
I67
sS'trade'
p1527
I67
sS'held'
p1528
I67
sS'through'
p1529
I65
sS'lava'
p1530
I67
sS'hell'
p1531
I64
sS'smiling'
p1532
I66
sS'\xd8\xb5\xd8\xa7\xd8\xad\xd8\xa8'
p1533
I67
sS'its'
p1534
I64
sS'5:30'
p1535
I67
sS'style'
p1536
I67
sS'pens'
p1537
I67
sS'22'
p1538
I66
sS'glazier'
p1539
I67
sS'late'
p1540
I63
sS'followers'
p1541
I67
sS'"'
p1542
I67
sS'cutie'
p1543
I65
sS'might'
p1544
I67
sS'alter'
p1545
I67
sS'fool'
p1546
I66
sS'good'
p1547
I40
sS'return'
p1548
I66
sS'yo'
p1549
I67
sS'seeking'
p1550
I67
sS'ya'
p1551
I63
sS'males'
p1552
I67
sS'clippers'
p1553
I58
sS'muscle='
p1554
I67
sS"you've"
p1555
I67
sS'complain'
p1556
I67
sS'grubbin'
p1557
I67
sS'always'
p1558
I50
sS'drake'
p1559
I66
sS'events'
p1560
I66
sS'tear'
p1561
I67
sS'habits'
p1562
I67
sS'turns'
p1563
I66
sS'found'
p1564
I64
sS'shocking'
p1565
I67
sS'ochoa'
p1566
I67
sS'ports'
p1567
I67
sS"isn't"
p1568
I66
sS'lantern'
p1569
I67
sS'sterling'
p1570
I65
sS'everyone'
p1571
I64
sS'another'
p1572
I63
sS'weight'
p1573
I67
sS'energy'
p1574
I67
sS'hard'
p1575
I62
sS'measurement'
p1576
I67
sS'scratching'
p1577
I67
sS'event'
p1578
I67
sS'really'
p1579
I58
sS'ftp'
p1580
I67
sS'alcohol'
p1581
I67
sS'wondered'
p1582
I67
sS'<<<'
p1583
I67
sS'trooper'
p1584
I67
sS'since'
p1585
I64
sS'meditating'
p1586
I67
sS'trusts'
p1587
I67
sS'misses'
p1588
I66
sS'health'
p1589
I67
sS'7'
p1590
I67
sS'darling'
p1591
I67
sS'issue'
p1592
I66
sS'ass'
p1593
I63
sS'timeline'
p1594
I67
sS'friday'
p1595
I64
sS'forgive'
p1596
I67
sS'mmm'
p1597
I67
sS'reason'
p1598
I66
sS'basketball'
p1599
I65
sS'disneyland'
p1600
I66
sS'fatass'
p1601
I67
sS'put'
p1602
I60
sS'revolutionary'
p1603
I67
sS'owners'
p1604
I67
sS'w'
p1605
I66
sS'leading'
p1606
I67
sS'feed'
p1607
I67
sS'"send'
p1608
I67
sS'major'
p1609
I66
sS'dont'
p1610
I65
sS'feel'
p1611
I56
sS'number'
p1612
I66
sS'feet'
p1613
I67
sS'elder'
p1614
I67
sS'done'
p1615
I64
sS'kobe'
p1616
I67
sS'miss'
p1617
I58
sS'guess'
p1618
I64
sS'killin'
p1619
I67
sS'moles'
p1620
I67
sS'benedict'
p1621
I66
sS'automobile'
p1622
I67
sS'least'
p1623
I67
sS'182'
p1624
I67
sS'warming'
p1625
I67
sS'saint'
p1626
I66
sS'aver'
p1627
I67
sS'southern'
p1628
I67
sS'banana'
p1629
I66
sS'store'
p1630
I64
sS"jgl's"
p1631
I67
sS'selling'
p1632
I67
sS'gushers'
p1633
I67
sS'passed'
p1634
I66
sS'para'
p1635
I66
sS'wrestling'
p1636
I67
sS'you\xe2\x80\x9d'
p1637
I66
sS'jamie'
p1638
I67
sS'am\xc3\xa9rica'
p1639
I67
sS'mmmm'
p1640
I67
sS'luckily'
p1641
I67
sS'part'
p1642
I67
sS'jordan'
p1643
I65
sS'off'
p1644
I55
sS'believe'
p1645
I63
sS'stairs'
p1646
I67
sS'$3'
p1647
I67
sS'$1'
p1648
I67
sS'king'
p1649
I67
sS'kind'
p1650
I66
sS'b'
p1651
I67
sS'aaa'
p1652
I67
sS'double'
p1653
I66
sS'sti'
p1654
I67
sS'supposed'
p1655
I67
sS'insulted'
p1656
I67
sS'dang'
p1657
I67
sS'nailed'
p1658
I67
sS'ousted'
p1659
I67
sS'murder'
p1660
I67
sS'showers'
p1661
I67
sS'cleaned'
p1662
I67
sS'option'
p1663
I67
sS'sell'
p1664
I66
sS'lie'
p1665
I66
sS'relationship'
p1666
I67
sS'dancing'
p1667
I67
sS'pasan'
p1668
I67
sS'self'
p1669
I66
sS'also'
p1670
I65
sS'sandwiches'
p1671
I67
sS'obviously'
p1672
I67
sS'gym'
p1673
I65
sS'eff'
p1674
I67
sS'play'
p1675
I63
sS'added'
p1676
I67
sS'quote'
p1677
I67
sS'pertenece'
p1678
I67
sS'literal'
p1679
I67
sS'react'
p1680
I67
sS'most'
p1681
I64
sS'plan'
p1682
I67
sS'significant'
p1683
I67
sS'nothing'
p1684
I63
sS'11:11'
p1685
I65
sS'mobile'
p1686
I67
sS'sometimes'
p1687
I62
sS'cover'
p1688
I66
sS'3s'
p1689
I67
sS'\xe2\x98\x80\xef\xb8\x8f'
p1690
I66
sS'joining'
p1691
I67
sS'ugh'
p1692
I66
sS'stfu'
p1693
I67
sS'miller'
p1694
I67
sS'se'
p1695
I67
sS'find'
p1696
I63
sS'tree"'
p1697
I67
sS'duncan'
p1698
I67
sS'series'
p1699
I67
sS'$2'
p1700
I67
sS'ruin'
p1701
I67
sS'3d)'
p1702
I67
sS'condom'
p1703
I67
sS'8'
p1704
I66
sS'circle'
p1705
I67
sS'obama'
p1706
I67
sS'his'
p1707
I45
sS'beyonc\xc3\xa9'
p1708
I67
sS'meanwhile'
p1709
I67
sS'express'
p1710
I67
sS'grocery'
p1711
I66
sS'yawn'
p1712
I67
sS'feels'
p1713
I65
sS'sum1'
p1714
I67
sS'basement'
p1715
I67
sS'during'
p1716
I67
sS'him'
p1717
I57
sS'renaissance\xe2\x80\xa6'
p1718
I67
sS'cry'
p1719
I65
sS'diggin'
p1720
I67
sS'combover'
p1721
I67
sS'elysium)'
p1722
I67
sS'courteous'
p1723
I67
sS'bars'
p1724
I67
sS'set'
p1725
I66
sS'jada'
p1726
I67
sS'tooooooooo'
p1727
I67
sS'see'
p1728
I55
sS'are'
p1729
I31
sS'close'
p1730
I62
sS'retweet'
p1731
I67
sS'pokemon'
p1732
I67
sS'don\xe2\x80\x99t'
p1733
I67
sS'pictures'
p1734
I66
sS'wow'
p1735
I65
sS'please'
p1736
I59
sS'fans'
p1737
I59
sS'won'
p1738
I66
sS'probably'
p1739
I65
sS'nope'
p1740
I66
sS'15th'
p1741
I67
sS'piss'
p1742
I67
sS'available'
p1743
I66
sS'makeup'
p1744
I67
sS'attention'
p1745
I65
sS'outfit'
p1746
I67
sS'unstoppable'
p1747
I67
sS'succeed'
p1748
I67
sS'd.i.y'
p1749
I67
sS'bar)'
p1750
I64
sS'pissed'
p1751
I66
sS'both'
p1752
I65
sS'c'
p1753
I67
sS'adelitas'
p1754
I67
sS'last'
p1755
I56
sS'restaurant'
p1756
I67
sS"wouldn't"
p1757
I67
sS'barely'
p1758
I67
sS'thor'
p1759
I65
sS'sensitive'
p1760
I67
sS'annie'
p1761
I67
sS'otas'
p1762
I67
sS'mean'
p1763
I65
sS'whole'
p1764
I63
sS'liked'
p1765
I67
sS'markdown'
p1766
I67
sS'drunk'
p1767
I66
sS'simple'
p1768
I66
sS'sweet'
p1769
I66
sS'acted'
p1770
I67
sS'dudes'
p1771
I66
sS'panicking'
p1772
I67
sS')-'
p1773
I65
sS'church'
p1774
I65
sS'expensive'
p1775
I66
sS'duh'
p1776
I67
sS'fro-yo'
p1777
I67
sS'cream'
p1778
I67
sS'agree'
p1779
I67
sS'create'
p1780
I67
sS'hitting'
p1781
I66
sS'secret'
p1782
I67
sS'dropping'
p1783
I67
sS'damn'
p1784
I64
sS'pi'
p1785
I67
sS'woke'
p1786
I65
sS'flight'
p1787
I65
sS'fire'
p1788
I67
sS"what's"
p1789
I59
sS'gas'
p1790
I67
sS'else'
p1791
I62
sS'7/11/14'
p1792
I67
sS'understand'
p1793
I67
sS'imax'
p1794
I65
sS'prices'
p1795
I67
sS'x-men'
p1796
I67
sS'stolen'
p1797
I67
sS'look'
p1798
I59
sS'solid'
p1799
I66
sS'straight'
p1800
I67
sS'convo'
p1801
I67
sS'trailblazers'
p1802
I67
sS'healthy'
p1803
I67
sS'while'
p1804
I66
sS'replaced'
p1805
I66
sS'match'
p1806
I65
sS'hbd'
p1807
I67
sS'fun'
p1808
I64
sS'..\xd9\x84\xd8\xa7'
p1809
I67
sS'real'
p1810
I65
sS'\xd8\xa7\xd9\x84\xd8\xa3\xd8\xb0\xd9\x89'
p1811
I67
sS'hoping'
p1812
I66
sS'napped'
p1813
I67
sS'calculator'
p1814
I67
sS'rip'
p1815
I67
sS'reads'
p1816
I67
sS'triple'
p1817
I67
sS'skype'
p1818
I67
sS'ready'
p1819
I62
sS'bamba"'
p1820
I67
sS'rid'
p1821
I67
sS'ethnicity'
p1822
I67
sS'funny'
p1823
I67
sS'raiders'
p1824
I67
sS'shirt'
p1825
I67
sS'anymore'
p1826
I63
sS'belong'
p1827
I66
sS'some1'
p1828
I67
sS'with.....well'
p1829
I67
sS'puig'
p1830
I67
sS'terran'
p1831
I67
sS'grand'
p1832
I66
sS'9'
p1833
I66
sS'yogurt'
p1834
I67
sS'reselling'
p1835
I67
sS'higher'
p1836
I67
sS'used'
p1837
I67
sS'boo'
p1838
I67
sS'leopard'
p1839
I67
sS'yesterday'
p1840
I66
sS'moment'
p1841
I67
sS'..\xd9\x8a\xd8\xaa\xd9\x85\xd9\x86\xd9\x89'
p1842
I67
sS'14161'
p1843
I67
sS'80'
p1844
I67
sS'euro'
p1845
I67
sS'early'
p1846
I60
sS'rules'
p1847
I67
sS'spent'
p1848
I66
sS'picks'
p1849
I67
sS'person'
p1850
I62
sS'cheer'
p1851
I67
sS'y'
p1852
I65
sS'bounced'
p1853
I67
sS'"yeah"'
p1854
I67
sS'yankees'
p1855
I67
sS'listening'
p1856
I65
sS"bbq's"
p1857
I67
sS'all\xe2\x80\xa6'
p1858
I67
sS'lazertag'
p1859
I67
sS'competitive'
p1860
I66
sS'inactive'
p1861
I67
sS'world'
p1862
I62
sS'prince'
p1863
I67
sS'cut'
p1864
I66
sS'cus'
p1865
I66
sS'$'
p1866
I67
sS'cup'
p1867
I65
sS'disappointed'
p1868
I67
sS'burrito'
p1869
I67
sS'soooooo'
p1870
I67
sS'snap'
p1871
I67
sS'excited'
p1872
I67
sS'surprised'
p1873
I64
sS'build'
p1874
I67
sS'dirtbag'
p1875
I67
sS'customers'
p1876
I67
sS'emergency'
p1877
I67
sS'big'
p1878
I63
sS'couple'
p1879
I66
sS'discriminatory'
p1880
I67
sS'hardflip'
p1881
I67
sS'bit'
p1882
I67
sS'jacksonville'
p1883
I67
sS'success'
p1884
I67
sS'message'
p1885
I67
sS'kickin'
p1886
I67
sS'donny'
p1887
I67
sS'cavs'
p1888
I66
sS'(323)'
p1889
I67
sS'inspiration'
p1890
I67
sS'bust!"'
p1891
I67
sS'fault'
p1892
I67
sS'fucking'
p1893
I63
sS'fake'
p1894
I64
sS'some'
p1895
I48
sS'back'
p1896
I55
sS'b4'
p1897
I67
sS'strongest'
p1898
I66
sS'palm'
p1899
I63
sS'sprint'
p1900
I67
sS'rarely'
p1901
I67
sS'shall'
p1902
I67
sS'meds'
p1903
I66
sS'pee'
p1904
I67
sS'epic'
p1905
I65
sS'eggs'
p1906
I67
sS't'
p1907
I65
sS'be'
p1908
I21
sS'eating'
p1909
I65
sS'bc'
p1910
I66
sS'300'
p1911
I67
sS'crooks'
p1912
I67
sS'304'
p1913
I67
sS'withdrawals'
p1914
I67
sS'bs'
p1915
I67
sS'by'
p1916
I57
sS'russell'
p1917
I67
sS"j's"
p1918
I67
sS'zip'
p1919
I67
sS'anything'
p1920
I65
sS'netflix'
p1921
I66
sS'completing'
p1922
I67
sS"mcdonald's"
p1923
I66
sS'drama'
p1924
I67
sS'pains'
p1925
I67
sS'idk'
p1926
I66
sS'mouth'
p1927
I67
sS'wanna'
p1928
I63
sS'dwight'
p1929
I67
sS'silence'
p1930
I67
sS'every1'
p1931
I67
sS'eaten'
p1932
I67
sS'into'
p1933
I58
sS'crying'
p1934
I67
sS'cjlopez311'
p1935
I67
sS'lebron'
p1936
I64
sS'smells'
p1937
I67
sS'caressed'
p1938
I67
sS'entitlement'
p1939
I67
sS'spam'
p1940
I67
sS'spending'
p1941
I67
sS'ew'
p1942
I67
sS'pittsburg'
p1943
I67
sS'question'
p1944
I67
sS'ca)'
p1945
I34
sS'long'
p1946
I61
sS'prettier'
p1947
I67
sS'righhhhhhhht'
p1948
I67
sS'bruh'
p1949
I66
sS'forward'
p1950
I65
sS'glow'
p1951
I67
sS'lexi'
p1952
I67
sS'perv'
p1953
I67
sS'plunge'
p1954
I67
sS'invite'
p1955
I67
sS'ways'
p1956
I67
sS'simulator'
p1957
I67
sS'toooo'
p1958
I67
sS'tasting'
p1959
I67
sS'yesssss'
p1960
I67
sS'fishy'
p1961
I66
sS'sick'
p1962
I67
sS'jags'
p1963
I67
sS'line'
p1964
I65
sS'(la'
p1965
I67
sS'posted'
p1966
I67
sS'fades'
p1967
I67
sS'skull'
p1968
I67
sS'it.,91801\n464896098423681024,darthwatts,2014-05-09'
p1969
I67
sS'fries'
p1970
I64
sS'up'
p1971
I29
sS'us'
p1972
I61
sS'ur'
p1973
I48
sS'walk"\xe2\x80\x9d-'
p1974
I67
sS'z'
p1975
I67
sS'strands'
p1976
I67
sS'called'
p1977
I62
sS'bell'
p1978
I65
sS'hangryyyyyyy'
p1979
I67
sS'ordered'
p1980
I66
sS'm'
p1981
I67
sS'flush'
p1982
I67
sS'evetseh2'
p1983
I67
sS'single'
p1984
I67
sS'evening'
p1985
I67
sS'chat'
p1986
I67
sS'obtuse'
p1987
I67
sS'1/2'
p1988
I67
sS'ansel'
p1989
I67
sS'fool"obama/carney'
p1990
I67
sS'nah'
p1991
I66
sS'edwards'
p1992
I30
sS'weight+'
p1993
I67
sS'nick'
p1994
I66
sS'nap'
p1995
I66
sS'points'
p1996
I67
sS'statement'
p1997
I67
sS'naw'
p1998
I67
sS'b/c'
p1999
I67
sS'nice'
p2000
I61
sS'fans...or'
p2001
I67
sS'\xe2\x98\xba\xef\xb8\x8f\xe2\x98\xba\xef\xb8\x8f'
p2002
I67
sS'medina'
p2003
I67
sS"cleveland's"
p2004
I67
sS'replace'
p2005
I67
sS'(goat)'
p2006
I67
sS'ago'
p2007
I66
sS'hells'
p2008
I67
sS'land'
p2009
I67
sS'e'
p2010
I65
sS'vick'
p2011
I67
sS'napping'
p2012
I67
sS"she's"
p2013
I65
sS'having'
p2014
I62
sS'once'
p2015
I64
sS'face..lol"'
p2016
I67
sS'edm'
p2017
I67
sS'steve'
p2018
I66
sS'gf'
p2019
I67
sS'groceries'
p2020
I67
sS'freakin'
p2021
I67
sS'go'
p2022
I50
sS'moon'
p2023
I67
sS'issues'
p2024
I65
sS'skenite'
p2025
I67
sS'harvest'
p2026
I67
sS'young'
p2027
I66
sS'send'
p2028
I67
sS'languages'
p2029
I67
sS'osmond....i'
p2030
I67
sS'(not'
p2031
I67
sS'(333'
p2032
I67
sS'sent'
p2033
I67
sS'customer'
p2034
I67
sS'confirmation'
p2035
I67
sS'teresa'
p2036
I67
sS'continues'
p2037
I67
sS'putting'
p2038
I67
sS'drinking'
p2039
I64
sS'fries...yummy'
p2040
I67
sS'michael'
p2041
I67
sS'eve'
p2042
I67
sS'try'
p2043
I61
sS'assignments'
p2044
I67
sS'race'
p2045
I67
sS'min'
p2046
I66
sS'avoiding'
p2047
I67
sS'joey'
p2048
I67
sS'booty'
p2049
I67
sS"you'd"
p2050
I67
sS'bortles'
p2051
I67
sS'ze'
p2052
I67
sS'\xe2\x9d\xa4'
p2053
I67
sS'whoopth'
p2054
I67
sS'valla'
p2055
I67
sS'jump'
p2056
I66
sS'earth'
p2057
I67
sS'3x'
p2058
I67
sS'plays'
p2059
I65
sS'rate'
p2060
I67
sS'chicago'
p2061
I67
sS'giving'
p2062
I63
sS'firme'
p2063
I67
sS'waiting'
p2064
I62
sS'playa'
p2065
I67
sS'itching'
p2066
I67
sS'3d'
p2067
I64
sS'body'
p2068
I63
sS'chose'
p2069
I67
sS'degree'
p2070
I66
sS'pushing'
p2071
I67
sS'alhambra'
p2072
I61
sS'sins'
p2073
I67
sS'leo'
p2074
I67
sS'embiid'
p2075
I67
sS'les'
p2076
I67
sS'let'
p2077
I52
sS'sink'
p2078
I66
sS'others'
p2079
I63
sS'gmb"'
p2080
I67
sS'great'
p2081
I52
sS'comadre)'
p2082
I67
sS'receive'
p2083
I67
sS'30'
p2084
I63
sS'35'
p2085
I67
sS'leaving'
p2086
I65
sS'warming&equality'
p2087
I67
sS"weren't"
p2088
I67
sS'ralphs)'
p2089
I64
sS'menu'
p2090
I67
sS'opinion'
p2091
I66
sS'residents'
p2092
I67
sS'makes'
p2093
I62
sS'thats'
p2094
I66
sS'bumming'
p2095
I67
sS'apple'
p2096
I67
sS'win'
p2097
I60
sS'app'
p2098
I67
sS'apt'
p2099
I67
sS'names'
p2100
I67
sS'duck'
p2101
I67
sS'singing'
p2102
I67
sS'lime'
p2103
I67
sS'cha'
p2104
I67
sS'use'
p2105
I66
sS'hahahahaha'
p2106
I67
sS'from'
p2107
I48
sS'hippie'
p2108
I67
sS'usa'
p2109
I65
sS'&'
p2110
I44
sS'snacks'
p2111
I67
sS'\xd9\x8a\xd8\xb9\xd8\xa7\xd8\xaa\xd8\xa8..\xd9\x8a\xd8\xb5\xd9\x81\xd8\xad'
p2112
I67
sS'next'
p2113
I56
sS'few'
p2114
I67
sS'doubt'
p2115
I67
sS'crab'
p2116
I67
sS'eagles'
p2117
I67
sS'jonathan'
p2118
I66
sS'etta'
p2119
I67
sS'babe'
p2120
I67
sS'pretty'
p2121
I63
sS'started'
p2122
I67
sS':-('
p2123
I67
sS'nfls'
p2124
I67
sS'sore'
p2125
I67
sS'soooooooo'
p2126
I67
sS'train'
p2127
I67
sS'baby'
p2128
I65
sS'rare'
p2129
I67
sS'rivalry'
p2130
I67
sS'women'
p2131
I67
sS'annoy'
p2132
I67
sS'account'
p2133
I67
sS'balls'
p2134
I67
sS'this'
p2135
I17
sS'challenge'
p2136
I67
sS'tease'
p2137
I67
sS'us*'
p2138
I67
sS'arches'
p2139
I67
sS'didnt'
p2140
I67
sS'proof'
p2141
I67
sS'control'
p2142
I67
sS'slid'
p2143
I66
sS'plate'
p2144
I67
sS'matinee'
p2145
I67
sS"sps's"
p2146
I67
sS'pieces'
p2147
I67
sS'high'
p2148
I63
sS'tag'
p2149
I63
sS'something'
p2150
I61
sS'slip'
p2151
I67
sS'protip'
p2152
I67
sS'sis'
p2153
I67
sS'united'
p2154
I67
sS'sit'
p2155
I66
sS'vibe'
p2156
I67
sS'matinees'
p2157
I67
sS'six'
p2158
I67
sS'brian'
p2159
I67
sS'yayyyyy'
p2160
I67
sS'animal'
p2161
I67
sS'instead'
p2162
I66
sS'intended*\xe2\x80\x9d'
p2163
I67
sS'stand'
p2164
I67
sS'profile'
p2165
I67
sS'mamajamma'
p2166
I67
sS'stop'
p2167
I61
sS'collection'
p2168
I67
sS'taco'
p2169
I66
sS'cuddling'
p2170
I67
sS'light'
p2171
I67
sS'padre'
p2172
I67
sS'lines'
p2173
I67
sS"alzheimer's"
p2174
I67
sS'honestly'
p2175
I66
sS'classy'
p2176
I67
sS'fresno'
p2177
I67
sS'move'
p2178
I64
sS'\xe2\x9a\xa1\xef\xb8\x8f'
p2179
I67
sS"won't"
p2180
I67
sS'looks'
p2181
I61
sS'johanna'
p2182
I67
sS'galaxy'
p2183
I67
sS'looky'
p2184
I67
sS'perfect'
p2185
I65
sS'write'
p2186
I67
sS'monogamy'
p2187
I67
sS'la'
p2188
I51
sS'[pic]'
p2189
I64
sS'age'
p2190
I67
sS'permanent'
p2191
I67
sS'choose'
p2192
I65
sS'lp'
p2193
I67
sS'covered'
p2194
I67
sS'holiday'
p2195
I67
sS'<'
p2196
I65
sS'neison'
p2197
I67
sS'2012'
p2198
I67
sS'dad'
p2199
I63
sS'pure'
p2200
I67
sS'python'
p2201
I67
sS'nada'
p2202
I67
sS'practice'
p2203
I66
sS'front'
p2204
I66
sS'day'
p2205
I45
sS'presidential'
p2206
I67
sS'grammatical'
p2207
I67
sS'nfl'
p2208
I65
sS'cheesecakes'
p2209
I67
sS'mode'
p2210
I67
sS'truth'
p2211
I67
sS'promise'
p2212
I67
sS'shaking'
p2213
I67
sS'glasses'
p2214
I67
sS'sentimental:\xe2\x98\x90'
p2215
I67
sS'doing'
p2216
I64
sS'met'
p2217
I67
sS'dreaming'
p2218
I67
sS'our'
p2219
I55
sS'huntington'
p2220
I67
sS'bishop(2pac)'
p2221
I67
sS'shannon'
p2222
I67
sS'out'
p2223
I42
sS'matt'
p2224
I67
sS'chyna'
p2225
I67
sS'borderline'
p2226
I67
sS'chaos'
p2227
I67
sS'ren'
p2228
I67
sS'hilarious'
p2229
I67
sS'rec'
p2230
I67
sS'cause'
p2231
I65
sS'reg'
p2232
I67
sS'math'
p2233
I66
sS"o'call"
p2234
I67
sS'o.o'
p2235
I67
sS'(347'
p2236
I67
sS'sack.if'
p2237
I67
sS'greedy'
p2238
I67
sS'attending'
p2239
I67
sS'confirmations'
p2240
I67
sS'que'
p2241
I65
sS'york'
p2242
I66
sS'mares'
p2243
I66
sS'anyhow'
p2244
I67
sS'craving'
p2245
I67
sS'scary'
p2246
I66
sS'snapchats'
p2247
I67
sS'could'
p2248
I62
sS'florida'
p2249
I67
sS'jaguars'
p2250
I67
sS'timer'
p2251
I67
sS'times'
p2252
I64
sS'respect"'
p2253
I67
sS'49ers'
p2254
I66
sS'adrian'
p2255
I67
sS'davis'
p2256
I67
sS'retail'
p2257
I67
sS'austin'
p2258
I67
sS'scare'
p2259
I67
sS'frozen'
p2260
I66
sS'4get'
p2261
I67
sS'bootcamp'
p2262
I67
sS'phil'
p2263
I67
sS'bitch'
p2264
I62
sS'sosa'
p2265
I67
sS'twas'
p2266
I67
sS'owner'
p2267
I67
sS'blows'
p2268
I67
sS'kidding'
p2269
I67
sS'quality'
p2270
I67
sS'prank'
p2271
I67
sS"you're"
p2272
I54
sS'65%'
p2273
I67
sS'los'
p2274
I65
sS'festival'
p2275
I67
sS'demonstration'
p2276
I67
sS'their'
p2277
I61
sS'"naw"'
p2278
I67
sS'tasteeyumyum'
p2279
I67
sS'drool'
p2280
I67
sS'14)'
p2281
I66
sS'phone,91801\n464895117409517568,darthwatts,2014-05-09'
p2282
I67
sS'final'
p2283
I67
sS'\xe2\x80\x9di'
p2284
I67
sS'2-0'
p2285
I67
sS'stars'
p2286
I67
sS'bachelors'
p2287
I67
sS'gotcha'
p2288
I67
sS'exactly'
p2289
I66
sS'steel'
p2290
I66
sS'loved'
p2291
I65
sS"lebron's"
p2292
I67
sS'bed'
p2293
I66
sS'bet'
p2294
I67
sS'lolololol'
p2295
I67
sS'24-30'
p2296
I67
sS'false'
p2297
I66
sS'clip'
p2298
I67
sS'tonight'
p2299
I65
sS'>>>>>'
p2300
I67
sS'defending'
p2301
I67
sS'have'
p2302
I24
sS'need'
p2303
I49
sS'apparently'
p2304
I67
sS'nontransparent'
p2305
I67
sS'mil'
p2306
I67
sS'congrats'
p2307
I63
sS'mia'
p2308
I67
sS'gravity'
p2309
I67
sS'bourne'
p2310
I67
sS'which'
p2311
I65
sS'truck'
p2312
I65
sS'asshole'
p2313
I67
sS'='
p2314
I65
sS'coke'
p2315
I67
sS"bachelor's"
p2316
I67
sS'who'
p2317
I44
sS'dubs'
p2318
I67
sS"where's"
p2319
I66
sS'connected'
p2320
I67
sS'awh'
p2321
I66
sS'\xd9\x8a\xd8\xb3\xd8\xa7\xd9\x85\xd8\xad'
p2322
I67
sS'highschool'
p2323
I67
sS'future'
p2324
I67
sS'why'
p2325
I53
sS'alaskan'
p2326
I67
sS'stranded'
p2327
I67
sS'stronger'
p2328
I67
sS'off-season'
p2329
I67
sS'face'
p2330
I66
sS'looked'
p2331
I67
sS"you'll"
p2332
I65
sS'brunette'
p2333
I67
sS'elysium'
p2334
I67
sS'movie'
p2335
I55
sS'fjq'
p2336
I67
sS'positivity'
p2337
I67
sS'fact'
p2338
I66
sS'ho'
p2339
I64
sS'atmosphere'
p2340
I66
sS'parker'
p2341
I67
sS'henry'
p2342
I67
sS'text'
p2343
I63
sS'agreed'
p2344
I67
sS'anyway'
p2345
I67
sS'bring'
p2346
I63
sS'planning'
p2347
I66
sS'democrats'
p2348
I66
sS'm\xc3\xa1quina'
p2349
I67
sS'dbs'
p2350
I67
sS'candidacy'
p2351
I67
sS'jax'
p2352
I67
sS'jay'
p2353
I67
sS"gotta'"
p2354
I67
sS'should'
p2355
I60
sS'brighter'
p2356
I67
sS'lemme'
p2357
I66
sS'love/hate'
p2358
I67
sS'spice'
p2359
I67
sS'hope'
p2360
I63
sS'meant'
p2361
I67
sS'watching'
p2362
I65
sS'beat'
p2363
I65
sS'dope'
p2364
I66
sS'cranky'
p2365
I67
sS'lucky'
p2366
I66
sS'tbh'
p2367
I66
sS'awww'
p2368
I67
sS'ones'
p2369
I67
sS'words'
p2370
I65
sS'jabrone'
p2371
I67
sS'scrolling'
p2372
I67
sS'fran'
p2373
I67
sS'brain'
p2374
I67
sS'h'
p2375
I67
sS'married'
p2376
I66
sS'calling'
p2377
I66
sS'default'
p2378
I67
sS'qb'
p2379
I66
sS'\xd9\x82\xd9\x84\xd8\xa8'
p2380
I67
sS'she'
p2381
I54
sS'view'
p2382
I63
sS'official'
p2383
I67
sS'national'
p2384
I67
sS'intensity'
p2385
I67
sS'latin'
p2386
I67
sS'"lol"'
p2387
I67
sS'cold'
p2388
I67
sS'mexicana'
p2389
I67
sS'interview'
p2390
I67
sS'luv'
p2391
I66
sS'nuclear'
p2392
I67
sS'cruel'
p2393
I67
sS'favor'
p2394
I67
sS'arraigned'
p2395
I67
sS'operative'
p2396
I67
sS'progress'
p2397
I66
sS'dirty'
p2398
I67
sS'ends'
p2399
I67
sS'ability'
p2400
I67
sS'amen'
p2401
I67
sS'a.m'
p2402
I67
sS'kicking'
p2403
I67
sS'job'
p2404
I67
sS'key'
p2405
I67
sS'group'
p2406
I67
sS'precious'
p2407
I67
sS'played:basketball'
p2408
I67
sS'jon'
p2409
I66
sS'david'
p2410
I65
sS'limits'
p2411
I67
sS'joke'
p2412
I64
sS'taking'
p2413
I62
sS"he's"
p2414
I55
sS'"in"'
p2415
I67
sS'admit'
p2416
I66
sS'thang'
p2417
I67
sS'apostrophe'
p2418
I67
sS'passing'
p2419
I67
sS'invites'
p2420
I67
sS'otherwise'
p2421
I67
sS'aa'
p2422
I67
sS'relevant'
p2423
I67
sS'wall'
p2424
I67
sS'tuesday'
p2425
I66
sS'toc\xe2\x8f\xb0\xe2\x8c\x9b\xef\xb8\x8f\xe2\x8c\x9a\xef\xb8\x8f'
p2426
I67
sS'walk'
p2427
I67
sS'franchise'
p2428
I66
sS'laugh'
p2429
I67
sS'respect'
p2430
I66
sS'narrowed'
p2431
I67
sS'oakland'
p2432
I67
sS'blink'
p2433
I67
sS'yay'
p2434
I63
sS"it's"
p2435
I34
sS'darren'
p2436
I67
sS'telemundo'
p2437
I67
sS'seasoned'
p2438
I67
sS'bby'
p2439
I66
sS'"i\'m'
p2440
I67
sS'qualify'
p2441
I67
sS'hottest'
p2442
I67
sS'recurring'
p2443
I67
sS'trinity'
p2444
I66
sS'>'
p2445
I53
sS'hernandez'
p2446
I67
sS'aj'
p2447
I67
sS'verizon'
p2448
I67
sS'league'
p2449
I66
sS'peque\xc3\xb1as'
p2450
I67
sS'friend"'
p2451
I67
sS'hmm'
p2452
I67
sS'finished'
p2453
I67
sS'bull'
p2454
I67
sS'homes'
p2455
I67
sS'bye'
p2456
I67
sS'laser'
p2457
I65
sS'7-2'
p2458
I67
sS'brat'
p2459
I67
sS'tshirt'
p2460
I67
sS'will'
p2461
I37
sS'(alhambra'
p2462
I36
sS'hahaha'
p2463
I62
sS'fielding'
p2464
I67
sS'ya"'
p2465
I67
sS'yyyyyyyyyyyyyyyyyyyyy'
p2466
I67
sS'almost'
p2467
I65
sS'vs'
p2468
I66
sS'snuck'
p2469
I67
sS'bucks'
p2470
I66
sS'whore'
p2471
I67
sS'tattoo'
p2472
I66
sS'una'
p2473
I67
sS')'
p2474
I67
sS'administration'
p2475
I67
sS'unity'
p2476
I67
sS'gets'
p2477
I66
sS'difficult'
p2478
I67
sS'spell'
p2479
I66
sS'moyes'
p2480
I67
sS'pre-season'
p2481
I67
sS'rightfully'
p2482
I67
sS'1-0'
p2483
I67
sS'drink'
p2484
I67
sS'upon'
p2485
I67
sS'effect'
p2486
I67
sS'oblivion)'
p2487
I67
sS'beast'
p2488
I67
sS'fucken'
p2489
I66
sS'sisters'
p2490
I67
sS'veronicapili'
p2491
I67
sS'l.a'
p2492
I67
sS'identity'
p2493
I67
sS'suavemente'
p2494
I67
sS'ashley'
p2495
I66
sS'i'
p2496
I2
sS'approve'
p2497
I67
sS'weapon'
p2498
I67
sS'well'
p2499
I58
sS'fighting'
p2500
I66
sS'antonio'
p2501
I67
sS'thought'
p2502
I64
sS'english'
p2503
I66
sS'position'
p2504
I67
sS'rush'
p2505
I67
sS'newest'
p2506
I67
sS'less'
p2507
I64
sS'seats'
p2508
I67
sS'lauren'
p2509
I67
sS'happiness'
p2510
I64
sS'generous'
p2511
I67
sS'wed'
p2512
I67
sS'gmb'
p2513
I63
sS'lunchear'
p2514
I67
sS'point'
p2515
I64
sS'sky'
p2516
I67
sS'wen'
p2517
I67
sS'capabilities'
p2518
I67
sS'realize'
p2519
I67
sS'reasons'
p2520
I67
sS'add'
p2521
I67
sS'wet'
p2522
I67
sS'misfortunate'
p2523
I67
sS'earthquakes'
p2524
I67
sS'smart'
p2525
I66
sS'resolved'
p2526
I67
sS'nvr'
p2527
I67
sS'fate'
p2528
I67
sS'punctual'
p2529
I67
sS"who's"
p2530
I65
sS'crushed'
p2531
I66
sS'livid'
p2532
I67
sS'whatever'
p2533
I66
sS'facial'
p2534
I67
sS'press'
p2535
I67
sS'racists'
p2536
I67
sS'kaiju'
p2537
I67
sS'necessary'
p2538
I66
sS'like'
p2539
I25
sS'lost'
p2540
I63
sS'11pm'
p2541
I67
sS'candy'
p2542
I66
sS'cosas'
p2543
I67
sS'lose'
p2544
I66
sS'simply'
p2545
I67
sS'works'
p2546
I67
sS'armand'
p2547
I67
sS'because'
p2548
I60
sS'twitter'
p2549
I67
sS'searching'
p2550
I67
sS'alive'
p2551
I67
sS'hair'
p2552
I64
sS'cleveland'
p2553
I65
sS'proper'
p2554
I67
sS'home'
p2555
I58
sS'empire'
p2556
I67
sS'blonde'
p2557
I67
sS'jeremy'
p2558
I67
sS'lead'
p2559
I67
sS'literally'
p2560
I64
sS'\xe2\x98\xba\xef\xb8\x8f\xe2\x9d\xa4\xef\xb8\x8f'
p2561
I67
sS'does'
p2562
I63
sS'cheese'
p2563
I67
sS'world)'
p2564
I67
sS'blowing'
p2565
I66
sS'schedule'
p2566
I66
sS'slut'
p2567
I67
sS'whistling'
p2568
I67
sS'sinosoul'
p2569
I67
sS'naps'
p2570
I67
sS'about'
p2571
I43
sS':-)'
p2572
I67
sS'lifestyle'
p2573
I67
sS'viviana'
p2574
I67
sS'getting'
p2575
I59
sS'"best'
p2576
I67
sS'spilled'
p2577
I67
sS'angeles'
p2578
I66
sS'seeds'
p2579
I67
sS'unlikable'
p2580
I67
sS'\xd8\xa3\xd8\xac\xd9\x85\xd9\x84'
p2581
I67
sS'own'
p2582
I63
sS'ultrazone'
p2583
I65
sS'playoffs"'
p2584
I67
sS'of\xe2\x80\xa6'
p2585
I67
sS'guard'
p2586
I67
sS'weather'
p2587
I65
sS'champ'
p2588
I66
sS'stress/anger'
p2589
I67
sS'\xe2\x80\x9cdrake.\xe2\x80\x9d'
p2590
I67
sS'transfer'
p2591
I67
sS'esperando'
p2592
I67
sS'\xd8\xa7\xd9\x84\xd8\xad\xd8\xa8'
p2593
I67
sS'awkwardly'
p2594
I67
sS'rusher'
p2595
I67
sS'inner'
p2596
I67
sS'biggest'
p2597
I67
sS'yrs'
p2598
I67
sS'function'
p2599
I66
sS'ghost'
p2600
I67
sS'kalamian'
p2601
I67
sS'buy'
p2602
I62
sS"i've"
p2603
I64
sS'bus'
p2604
I67
sS'hp'
p2605
I66
sS'bitches'
p2606
I66
sS'but'
p2607
I26
sS'alway'
p2608
I67
sS'reminds'
p2609
I67
sS'hi'
p2610
I67
sS'goals'
p2611
I67
sS'ha'
p2612
I67
sS'eat'
p2613
I65
sS'bud'
p2614
I66
sS'he'
p2615
I52
sS'made'
p2616
I58
sS'wise'
p2617
I67
sS'wish'
p2618
I62
sS'scroll'
p2619
I67
sS'whatevs'
p2620
I67
sS'signed'
p2621
I67
sS'below'
p2622
I67
sS'empty'
p2623
I67
sS'minutes'
p2624
I67
sS'tastes'
p2625
I67
sS'narnia'
p2626
I67
sS'deaths'
p2627
I67
sS'domino'
p2628
I67
sS'pic'
p2629
I61
sS'pie'
p2630
I67
sS'iverson'
p2631
I67
sS'twist'
p2632
I67
sS'beats'
p2633
I67
sS'"so'
p2634
I67
sS'conan'
p2635
I67
sS'families'
p2636
I67
sS'happen'
p2637
I66
sS'loud'
p2638
I67
sS'42'
p2639
I67
sS'\xd9\x88\xd9\x84\xd8\xa7'
p2640
I67
sS'lately'
p2641
I67
sS'other'
p2642
I61
sS'acab\xc3\xb3'
p2643
I67
sS'chubs'
p2644
I67
sS'mass'
p2645
I67
sS"'14"
p2646
I67
sS"'11"
p2647
I67
sS'"pambaso"'
p2648
I67
sS'francisco'
p2649
I67
sS'star'
p2650
I65
sS'monday'
p2651
I67
sS'\xe2\x9c\xa8\xe2\x98\x80\xef\xb8\x8f'
p2652
I67
sS'all-nba'
p2653
I67
sS'cherrish'
p2654
I67
sS'become'
p2655
I67
sS'rex'
p2656
I67
sS'stay'
p2657
I63
sS'chance'
p2658
I65
sS'accomplish'
p2659
I67
sS'kinda'
p2660
I66
sS'friends'
p2661
I61
sS'goin'
p2662
I67
sS'"small"'
p2663
I67
sS'accidents'
p2664
I67
sS'\xe2\x80\x94'
p2665
I67
sS'rule'
p2666
I67
sS'uhhh'
p2667
I67
sS'status'
p2668
I67
sS"we're"
p2669
I67
sS'duuude'
p2670
I67
sS'awake'
p2671
I67
sS'"the'
p2672
I67
sS'mudial'
p2673
I67
sS'argentinian'
p2674
I67
s.