(dp0
S''
p1
I2
sS'raining'
p2
I72
sS'sleep'
p3
I70
sS'asian'
p4
I72
sS'hanging'
p5
I71
sS'hate'
p6
I55
sS'looking'
p7
I72
sS'boyfriend...he'
p8
I73
sS'speeded'
p9
I73
sS'tweet'
p10
I72
sS'sweetest'
p11
I73
sS'praisejesus'
p12
I73
sS'neighbours'
p13
I73
sS'voted'
p14
I73
sS'under'
p15
I73
sS'lord'
p16
I73
sS'sorry'
p17
I71
sS'worth'
p18
I73
sS'compassion'
p19
I73
sS'every'
p20
I64
sS'jack'
p21
I73
sS'remeber'
p22
I73
sS'bringing'
p23
I72
sS'tickets'
p24
I73
sS'school'
p25
I66
sS'bestfriend'
p26
I71
sS'hours?\xe2\x80\x9d'
p27
I73
sS'okay"'
p28
I73
sS'math'
p29
I69
sS'straight'
p30
I73
sS'spiders'
p31
I73
sS'enjoy'
p32
I72
sS'tired'
p33
I66
sS'naps\xe2\x80\x9d'
p34
I73
sS'feathers'
p35
I73
sS'messy'
p36
I73
sS'second'
p37
I72
sS'street'
p38
I73
sS'n'
p39
I67
sS'even'
p40
I55
sS'christ'
p41
I72
sS'2+2=4'
p42
I73
sS"tonight's"
p43
I72
sS'+'
p44
I68
sS'cooking'
p45
I73
sS'change"'
p46
I73
sS'f*ck'
p47
I73
sS'lights'
p48
I73
sS'above'
p49
I73
sS'new'
p50
I63
sS'ever'
p51
I64
sS'told'
p52
I70
sS'mee'
p53
I73
sS'med'
p54
I73
sS'never'
p55
I61
sS'pouring'
p56
I73
sS'here'
p57
I62
sS'\xe2\x9d\xa4\xef\xb8\x8f\xe2\x9d\xa4\xef\xb8\x8f\xe2\x9d\xa4\xef\xb8\x8f\xe2\x9d\xa4\xef\xb8\x8f'
p58
I73
sS'\xe2\x9d\xa4\xef\xb8\x8f'
p59
I65
sS'soon...i'
p60
I73
sS'aftermath'
p61
I73
sS'100'
p62
I73
sS"aren't"
p63
I71
sS'kids'
p64
I72
sS'jams'
p65
I71
sS'leaves'
p66
I73
sS'changed'
p67
I73
sS'piercing'
p68
I72
sS'robin'
p69
I73
sS"i'd"
p70
I71
sS'cristabell'
p71
I73
sS'california'
p72
I72
sS"i'm"
p73
I15
sS'fantastic'
p74
I73
sS'myanmar'
p75
I66
sS'sake.....real'
p76
I73
sS'bro'
p77
I70
sS'bri'
p78
I73
sS'txt'
p79
I68
sS'<3'
p80
I71
sS'people.magnify'
p81
I73
sS'cheating'
p82
I73
sS'would'
p83
I63
sS'question\xe2\x98\x9d\xef\xb8\x8f'
p84
I73
sS'arms'
p85
I73
sS'cali'
p86
I71
sS'music'
p87
I67
sS'calm'
p88
I72
sS'h'
p89
I73
sS'sexy'
p90
I73
sS'bundled'
p91
I73
sS'type'
p92
I73
sS'tell'
p93
I66
sS'breathe'
p94
I73
sS'relax'
p95
I73
sS'brings'
p96
I72
sS'haha'
p97
I55
sS'reign'
p98
I72
sS'hurt'
p99
I71
sS'warn'
p100
I73
sS'phone'
p101
I71
sS'hole'
p102
I73
sS'hold'
p103
I72
sS'blessingsyour'
p104
I73
sS'me'
p105
I8
sS'change\xe2\x9d\xa4\xef\xb8\x8f'
p106
I73
sS'join'
p107
I73
sS'room'
p108
I65
sS'pursue'
p109
I73
sS'work'
p110
I66
sS'mi'
p111
I71
sS'ilysm'
p112
I73
sS'movies'
p113
I73
sS'my'
p114
I6
sS'replaying'
p115
I73
sS'16gb'
p116
I73
sS'shook'
p117
I73
sS'give'
p118
I65
sS'homie'
p119
I73
sS'want'
p120
I53
sS'keep'
p121
I64
sS'end'
p122
I68
sS'thing'
p123
I67
sS'how'
p124
I52
sS'amazing'
p125
I61
sS'beach'
p126
I70
sS'\xe2\x80\xa2'
p127
I72
sS'pizza'
p128
I73
sS'badly'
p129
I72
sS'bday'
p130
I70
sS'after'
p131
I69
sS'wrong'
p132
I72
sS'lay'
p133
I72
sS'meaningful'
p134
I73
sS'shirt'
p135
I73
sS'estas!?('
p136
I73
sS'appreciate'
p137
I72
sS'ultimate'
p138
I73
sS'keeps'
p139
I73
sS'worst'
p140
I73
sS'make'
p141
I61
sS'turns'
p142
I73
sS'rn\xe2\x80\x9d'
p143
I73
sS'over'
p144
I64
sS'before'
p145
I68
sS'canta'
p146
I71
sS'personal'
p147
I73
sS'writing'
p148
I73
sS'better'
p149
I68
sS'weeks'
p150
I72
sS'overcome'
p151
I72
sS'caption*'
p152
I73
sS'then'
p153
I69
sS'them'
p154
I66
sS'woken'
p155
I73
sS'thrones'
p156
I73
sS'workout'
p157
I71
sS"we'll"
p158
I72
sS'break'
p159
I69
sS'roommate'
p160
I73
sS'they'
p161
I62
sS'ourselves.\xe2\x80\x9d'
p162
I73
sS'one'
p163
I44
sS'silver'
p164
I73
sS'bank'
p165
I73
sS'potatoes'
p166
I73
sS'routines'
p167
I73
sS'l'
p168
I72
sS'alexis'
p169
I73
sS'ablazewrapped'
p170
I73
sS'explode'
p171
I73
sS'filling'
p172
I73
sS'fitness'
p173
I73
sS'went'
p174
I71
sS'matthew\xe2\x98\xba\xef\xb8\x8f'
p175
I73
sS'meal'
p176
I73
sS'mean'
p177
I67
sS'lifted'
p178
I73
sS'refugein'
p179
I73
sS'gunna'
p180
I72
sS'prawn'
p181
I73
sS'forgot'
p182
I71
sS'sounds'
p183
I73
sS'rt'
p184
I72
sS'goo'
p185
I73
sS'god'
p186
I41
sS'hooked'
p187
I73
sS'manda'
p188
I73
sS'good\xe2\x80\x9d'
p189
I73
sS'smh'
p190
I72
sS'got'
p191
I52
sS'rn'
p192
I72
sS'hhahah'
p193
I73
sS'foundation'
p194
I73
sS'turning'
p195
I72
sS'ever\xe2\x9d\xa4\xef\xb8\x8f'
p196
I73
sS"doesn't"
p197
I66
sS'eternal'
p198
I73
sS'free'
p199
I70
sS'you!\xe2\x98\xba\xef\xb8\x8f'
p200
I73
sS'masterpiece'
p201
I73
sS'struggle'
p202
I73
sS'wanted'
p203
I70
sS'dammit'
p204
I73
sS'created'
p205
I73
sS'atm'
p206
I73
sS'days'
p207
I67
sS'creates'
p208
I73
sS'challenges!\xe2\x80\x9d'
p209
I73
sS"today's"
p210
I72
sS'clothes'
p211
I73
sS'loud'
p212
I73
sS'"calum'
p213
I73
sS'cleaning'
p214
I71
sS'already'
p215
I62
sS'encouraging'
p216
I73
sS'hearing'
p217
I73
sS'wash'
p218
I72
sS'another'
p219
I73
sS'service'
p220
I73
sS'top'
p221
I73
sS'girls'
p222
I69
sS'twisted'
p223
I73
sS'needed'
p224
I71
sS'too'
p225
I51
sS'john'
p226
I73
sS'bitter'
p227
I73
sS'dogs'
p228
I73
sS'listen'
p229
I71
sS'what?i'
p230
I73
sS'2am'
p231
I73
sS'serve'
p232
I73
sS'took'
p233
I73
sS'wisdom'
p234
I72
sS'wasted'
p235
I73
sS'crawl'
p236
I73
sS'begins'
p237
I72
sS'distance'
p238
I73
sS'anxiety'
p239
I73
sS'ew'
p240
I73
sS'hike'
p241
I73
sS'crave'
p242
I73
sS'final'
p243
I72
sS'girl/'
p244
I73
sS'matter'
p245
I70
sS'louder'
p246
I73
sS'silly'
p247
I73
sS'williams'
p248
I73
sS'spoiled'
p249
I73
sS'feeling'
p250
I60
sS'bridge'
p251
I73
sS'fashion'
p252
I73
sS'sees'
p253
I73
sS'palace'
p254
I72
sS"michael's"
p255
I73
sS'modern'
p256
I73
sS'mind'
p257
I71
sS'mine'
p258
I73
sS'talking'
p259
I69
sS'infront'
p260
I73
sS'la\xe2\x98\x80\xef\xb8\x8f'
p261
I73
sS'tells'
p262
I73
sS'strength'
p263
I71
sS'person'
p264
I68
sS'-'
p265
I69
sS'balling'
p266
I72
sS'subjects'
p267
I73
sS'reals'
p268
I70
sS'padthai'
p269
I73
sS'though'
p270
I66
sS"myself...that's"
p271
I73
sS'promisemy'
p272
I73
sS'sue'
p273
I73
sS'alone\xe2\x80\x9dstill'
p274
I73
sS'macbook'
p275
I73
sS'grave'
p276
I73
sS'promotions'
p277
I73
sS'7am'
p278
I73
sS'episode'
p279
I72
sS'camp'
p280
I73
sS'm'
p281
I71
sS'dog'
p282
I72
sS'hopein'
p283
I73
sS'definitely'
p284
I73
sS'annoyed'
p285
I72
sS'came'
p286
I69
sS'renting'
p287
I73
sS'saying'
p288
I73
sS'bomb'
p289
I72
sS'\xe1\x83\xa6'
p290
I73
sS'lyrics'
p291
I73
sS'x\xc3\xa0o'
p292
I73
sS'lewis'
p293
I73
sS'queen'
p294
I73
sS'uphe'
p295
I73
sS'fingers'
p296
I73
sS'radio'
p297
I72
sS'king'
p298
I73
sS'busy'
p299
I73
sS'layout'
p300
I73
sS'yee\xe2\x80\xa6'
p301
I73
sS'cousins'
p302
I73
sS'explain'
p303
I73
sS'bust'
p304
I73
sS'rich'
p305
I73
sS'chipotle'
p306
I73
sS'rice'
p307
I73
sS'scripture'
p308
I73
sS'oct'
p309
I73
sS'wearing'
p310
I72
sS'do'
p311
I40
sS'10'
p312
I72
sS'sleepy'
p313
I71
sS'empty<'
p314
I73
sS'watch'
p315
I65
sS'meditate'
p316
I73
sS'haunted'
p317
I73
sS'wedding'
p318
I73
sS'midterms'
p319
I73
sS'unfortunately'
p320
I73
sS'bar'
p321
I73
sS'officially'
p322
I73
sS'grades'
p323
I72
sS'19'
p324
I73
sS'bad'
p325
I62
sS'bae'
p326
I67
sS'ruins'
p327
I73
sS'yasss'
p328
I73
sS'blew'
p329
I73
sS'decides'
p330
I73
sS'cerco'
p331
I73
sS'frijole'
p332
I73
sS'lemonade'
p333
I73
sS'goodnight'
p334
I71
sS'decided'
p335
I72
sS'fail'
p336
I73
sS'vacaciones'
p337
I73
sS'yes'
p338
I66
sS'best'
p339
I60
sS'eres'
p340
I73
sS'said'
p341
I73
sS'away'
p342
I73
sS'rings'
p343
I72
sS'bien'
p344
I72
sS"there's"
p345
I71
sS'hopefully'
p346
I71
sS'caves'
p347
I72
sS'we'
p348
I43
sS'omg'
p349
I56
sS'handful'
p350
I73
sS'weak'
p351
I73
sS'boss'
p352
I73
sS'wtf'
p353
I68
sS'wth'
p354
I73
sS'drowsy'
p355
I73
sS'resistant'
p356
I73
sS'fault'
p357
I73
sS'una'
p358
I73
sS'asked'
p359
I73
sS'con'
p360
I73
sS'tough'
p361
I73
sS'had'
p362
I65
sS'2nd'
p363
I73
sS'bae...i'
p364
I73
sS'diff'
p365
I73
sS'trust'
p366
I70
sS'november'
p367
I73
sS'bathroom'
p368
I73
sS'beef'
p369
I73
sS'rangers'
p370
I73
sS'three'
p371
I70
sS'been'
p372
I57
sS'sleepover'
p373
I72
sS'much'
p374
I53
sS'obedient'
p375
I73
sS'p.s'
p376
I73
sS'threw'
p377
I73
sS'life'
p378
I47
sS'yessssss'
p379
I73
sS'deeper'
p380
I72
sS'drugs'
p381
I73
sS'sunshine'
p382
I73
sS'sooooo'
p383
I73
sS'dave'
p384
I73
sS'lift'
p385
I73
sS'catch'
p386
I71
sS'chili'
p387
I72
sS'haters'
p388
I73
sS'chill'
p389
I73
sS'applied'
p390
I73
sS'has'
p391
I55
sS'alot\xe2\x9d\xa4\xef\xb8\x8f'
p392
I73
sS'air'
p393
I73
sS'aim'
p394
I73
sS'ugly'
p395
I71
sS'suppose'
p396
I71
sS'smog\xe2\x9c\x85'
p397
I73
sS'voice'
p398
I73
sS'thursdays'
p399
I73
sS'is'
p400
I14
sS'it'
p401
I16
sS'defeated'
p402
I73
sS'jess'
p403
I73
sS'cant'
p404
I72
sS'im'
p405
I70
sS'piercings'
p406
I72
sS'in'
p407
I10
sS'traffic-'
p408
I73
sS'if'
p409
I55
sS'damaged'
p410
I73
sS"hoppin'"
p411
I73
sS'things'
p412
I64
sS'realizing'
p413
I73
sS'polaroid'
p414
I73
sS'beside'
p415
I73
sS'belly'
p416
I73
sS'babies'
p417
I73
sS'hahaa'
p418
I73
sS'entitled'
p419
I73
sS'intertwinedhear'
p420
I73
sS'independent'
p421
I73
sS'stressed'
p422
I73
sS'rain'
p423
I71
sS'fridays'
p424
I73
sS'animations'
p425
I73
sS'relationships...especially'
p426
I73
sS"he'll"
p427
I73
sS'kid'
p428
I72
sS"mother's"
p429
I72
sS'unconditionally'
p430
I73
sS'tht'
p431
I73
sS'*mini'
p432
I73
sS'allergies'
p433
I73
sS'hearts'
p434
I72
sS'the'
p435
I5
sS'yours'
p436
I73
sS'tha'
p437
I73
sS'left'
p438
I71
sS'just'
p439
I25
sS'yea'
p440
I71
sS'laptop'
p441
I73
sS'bruise'
p442
I73
sS'holdingwith'
p443
I73
sS'thanks'
p444
I66
sS'human'
p445
I72
sS'mall\xe2\x80\x9d'
p446
I73
sS'yet'
p447
I69
sS'best\xe2\x9d\xa4\xef\xb8\x8f'
p448
I73
sS'tired"'
p449
I73
sS'infinitely'
p450
I73
sS'josh'
p451
I73
sS'transformed'
p452
I73
sS'board'
p453
I72
sS'easy'
p454
I72
sS'save'
p455
I71
sS'amazonian'
p456
I73
sS'possible'
p457
I73
sS'birth'
p458
I72
sS'performance'
p459
I73
sS'shadow'
p460
I73
sS'feelings'
p461
I73
sS'dreams'
p462
I70
sS'brought'
p463
I73
sS'gift'
p464
I73
sS'performing'
p465
I73
sS'vip'
p466
I73
sS'theyre'
p467
I73
sS'peeves'
p468
I72
sS'night'
p469
I61
sS'c.s.+'
p470
I73
sS'right'
p471
I54
sS'old'
p472
I68
sS'deal'
p473
I67
sS'people'
p474
I51
sS'somehow'
p475
I73
sS'for'
p476
I12
sS'memos'
p477
I73
sS'fox'
p478
I73
sS'/'
p479
I70
sS'creative'
p480
I73
sS'attack*'
p481
I73
sS'asking'
p482
I73
sS'remember:\xe2\x80\x9daccurate'
p483
I73
sS'beating'
p484
I73
sS'adorable'
p485
I72
sS'trialyou'
p486
I73
sS'boo\xe2\x9d\xa4\xef\xb8\x8f'
p487
I73
sS'stefan'
p488
I73
sS'plz'
p489
I73
sS'baha'
p490
I68
sS'ahhmazing'
p491
I73
sS'post'
p492
I73
sS'super'
p493
I70
sS'b\xc3\xb2'
p494
I73
sS"something's"
p495
I73
sS'hyna'
p496
I73
sS'sissy/my'
p497
I73
sS'months'
p498
I73
sS'o'
p499
I64
sS'dinner'
p500
I73
sS'ensure'
p501
I73
sS'afternoon'
p502
I73
sS'curry'
p503
I72
sS'twitcon'
p504
I73
sS'ahh'
p505
I73
sS'soo'
p506
I66
sS'ppl'
p507
I72
sS'down'
p508
I64
sS'lies'
p509
I73
sS"society's"
p510
I73
sS"\xe2\x80\x9cit's"
p511
I73
sS'chargers'
p512
I72
sS'abortion\xe2\x80\x9d'
p513
I73
sS'constantly'
p514
I73
sS'fight'
p515
I71
sS'stuck'
p516
I71
sS'way'
p517
I63
sS'tambi\xc3\xa9n'
p518
I73
sS'call'
p519
I71
sS'was'
p520
I29
sS'purposely'
p521
I72
sS'happy'
p522
I30
sS'rside'
p523
I73
sS'only'
p524
I60
sS'offer'
p525
I73
sS'6'
p526
I73
sS'forever'
p527
I69
sS'heat'
p528
I73
sS'hear'
p529
I70
sS'lows'
p530
I73
sS'true'
p531
I70
sS'talentedlove'
p532
I73
sS'justin\xe2\x99\xa1\xe2\x88\x9e'
p533
I73
sS'humbled'
p534
I73
sS'sermons'
p535
I73
sS'attached'
p536
I73
sS'blueberry'
p537
I73
sS'mighty'
p538
I73
sS'cosmos'
p539
I73
sS'daddy'
p540
I73
sS'delete'
p541
I73
sS'promises'
p542
I73
sS'proud'
p543
I72
sS'covers'
p544
I73
sS'sometime'
p545
I73
sS'someone\xe2\x9d\xa4\xef\xb8\x8f'
p546
I73
sS'prayer'
p547
I73
sS'standby*\xe2\x80\x9d'
p548
I73
sS'annoying'
p549
I73
sS'trip'
p550
I73
sS'yee'
p551
I66
sS'faithful'
p552
I73
sS'aunts'
p553
I73
sS'floor'
p554
I73
sS'fosters'
p555
I71
sS'when'
p556
I31
sS'long\xe2\x9d\xa4\xef\xb8\x8f'
p557
I73
sS'<<<<<<<'
p558
I73
sS'holding'
p559
I72
sS'wait\xe2\x80\xbc\xef\xb8\x8f'
p560
I73
sS'test'
p561
I73
sS'tie'
p562
I73
sS'smell'
p563
I73
sS'realize'
p564
I73
sS'meeeee'
p565
I73
sS'picture'
p566
I73
sS"'u"
p567
I73
sS'brothers'
p568
I73
sS'welcome'
p569
I72
sS'mightily'
p570
I73
sS"let's"
p571
I69
sS'rolling'
p572
I73
sS'weekend'
p573
I68
sS'babysitting'
p574
I73
sS'longer'
p575
I73
sS'australians'
p576
I73
sS'together'
p577
I68
sS'longed'
p578
I73
sS'teeth'
p579
I73
sS"armsthere's"
p580
I73
sS':))'
p581
I73
sS'neighbors'
p582
I73
sS':/'
p583
I73
sS':('
p584
I71
sS':)'
p585
I66
sS'chain'
p586
I72
sS'switched'
p587
I73
sS'dance'
p588
I71
sS'skip'
p589
I73
sS'relieve'
p590
I73
sS'focus'
p591
I73
sS'leads'
p592
I73
sS'ice'
p593
I72
sS'grateful'
p594
I73
sS'menow'
p595
I73
sS'chair'
p596
I73
sS'abundant'
p597
I73
sS'row'
p598
I73
sS'meagan'
p599
I73
sS'depend'
p600
I73
sS'zone'
p601
I73
sS'everything'
p602
I68
sS'honoring'
p603
I73
sS'father'
p604
I73
sS'countdown'
p605
I73
sS'finally'
p606
I67
sS':d'
p607
I70
sS':c'
p608
I72
sS'word'
p609
I69
sS'trouble'
p610
I73
sS'you\xe2\x9d\xa4\xef\xb8\x8f'
p611
I72
sS'minute'
p612
I71
sS'cool'
p613
I69
sS'level'
p614
I73
sS'did'
p615
I69
sS'die'
p616
I71
sS'brother'
p617
I73
sS'leave'
p618
I71
sS'p'
p619
I71
sS'soooo'
p620
I70
sS'guy'
p621
I68
sS'round'
p622
I73
sS'yall'
p623
I72
sS'says'
p624
I73
sS'christmassssss'
p625
I73
sS'pms'
p626
I73
sS'sigh'
p627
I73
sS'*wink*wink*'
p628
I73
sS'run'
p629
I70
sS'rough'
p630
I73
sS'stands'
p631
I73
sS'inspiracion'
p632
I73
sS'reunite'
p633
I73
sS'dimsum'
p634
I73
sS'goes'
p635
I71
sS'falling'
p636
I70
sS'satisfy'
p637
I72
sS'honour'
p638
I73
sS'makeup'
p639
I71
sS'santigold'
p640
I73
sS'abandon'
p641
I73
sS'better\xe2\x80\x9d'
p642
I73
sS'alone'
p643
I69
sS'along'
p644
I73
sS'teacher'
p645
I73
sS'change'
p646
I72
sS'wait'
p647
I60
sS'box'
p648
I73
sS'boy'
p649
I71
sS'awe-inspiring'
p650
I73
sS'healthy'
p651
I73
sS'queue'
p652
I73
sS'cinnamon'
p653
I73
sS'suggestion'
p654
I73
sS'boo'
p655
I71
sS'usually'
p656
I73
sS'weird'
p657
I71
sS'genuinely'
p658
I73
sS'waythis'
p659
I73
sS'love'
p660
I18
sS'lasts'
p661
I72
sS'strengthsnot'
p662
I73
sS'already...\xe2\x80\x9d'
p663
I73
sS'sincerely'
p664
I73
sS'fake'
p665
I72
sS'"my'
p666
I73
sS'market'
p667
I73
sS'*dead*'
p668
I73
sS'\xe2\x9c\x9d'
p669
I71
sS'perf'
p670
I73
sS'working'
p671
I71
sS'aye'
p672
I73
sS'positive'
p673
I73
sS'angry'
p674
I73
sS'dude'
p675
I65
sS'\xe2\x9c\x9f'
p676
I71
sS'by'
p677
I62
sS'live'
p678
I71
sS'going'
p679
I56
sS'iphone'
p680
I70
sS'ahhh'
p681
I73
sS'(monterey'
p682
I72
sS'australian'
p683
I73
sS'rosemead'
p684
I73
sS'today'
p685
I50
sS'loving'
p686
I66
sS"hikin'"
p687
I73
sS'pensar'
p688
I73
sS'ooh'
p689
I73
sS'chocolate'
p690
I71
sS'everywhere'
p691
I73
sS'\xe2\x98\x81\xef\xb8\x8ftoday'
p692
I73
sS'wingsi'
p693
I73
sS'car'
p694
I72
sS'flu'
p695
I73
sS'soul'
p696
I71
sS'cat'
p697
I73
sS'flaking'
p698
I73
sS'can'
p699
I35
sS'problemas'
p700
I73
sS'making'
p701
I69
sS'arrive'
p702
I73
sS'heart'
p703
I67
sS'crazy'
p704
I68
sS'figure'
p705
I73
sS'distracted'
p706
I73
sS'awesome'
p707
I73
sS"didn't"
p708
I65
sS'fuck'
p709
I68
sS'surround'
p710
I73
sS'disfrutando'
p711
I73
sS'pink'
p712
I73
sS'happy\xe2\x98\xba\xef\xb8\x8f'
p713
I73
sS'productive'
p714
I70
sS'deserves'
p715
I73
sS'watching'
p716
I66
sS'1'
p717
I73
sS'till'
p718
I72
sS'sunday'
p719
I69
sS'fpr'
p720
I73
sS'promisewhere'
p721
I72
sS'\xe2\x9d\xa4\xef\xb8\x8f\xe2\x9d\xa4\xef\xb8\x8f\xe2\x9d\xa4\xef\xb8\x8f'
p722
I73
sS'celfi\xc3\xa9'
p723
I73
sS'laundry'
p724
I73
sS'may'
p725
I73
sS'sacrifice'
p726
I73
sS'applications'
p727
I73
sS'barking/howling'
p728
I73
sS'birthday'
p729
I42
sS'mad'
p730
I68
sS'such'
p731
I63
sS'suck'
p732
I70
sS'guys'
p733
I48
sS'grow'
p734
I71
sS'man'
p735
I70
sS'stress'
p736
I73
sS'remember'
p737
I71
sS'johnson'
p738
I73
sS'wiggle'
p739
I71
sS'whenever'
p740
I73
sS'maybe'
p741
I69
sS'so'
p742
I17
sS'strengthgod'
p743
I73
sS'pollution'
p744
I73
sS'pulled'
p745
I73
sS'talk'
p746
I62
sS'typical'
p747
I73
sS'blasting'
p748
I73
sS'cute'
p749
I72
sS'tagged'
p750
I73
sS'midnight'
p751
I73
sS'years'
p752
I71
sS'course'
p753
I69
sS'chickpea'
p754
I72
sS'still'
p755
I63
sS'worship'
p756
I70
sS'group'
p757
I73
sS'thank'
p758
I58
sS"he's"
p759
I61
sS'presence'
p760
I72
sS'hot'
p761
I71
sS'endslet'
p762
I72
sS'thanx'
p763
I73
sS'tweets'
p764
I73
sS'main'
p765
I72
sS'non'
p766
I73
sS'lonely'
p767
I73
sS'unplanned'
p768
I73
sS'moms'
p769
I73
sS'sooner'
p770
I73
sS'half'
p771
I72
sS'not'
p772
I35
sS'now'
p773
I36
sS'bullshit'
p774
I73
sS'name'
p775
I71
sS'james'
p776
I73
sS'drop'
p777
I73
sS'rock'
p778
I73
sS'concerts'
p779
I71
sS'em'
p780
I73
sS'el'
p781
I72
sS'yasssssss'
p782
I73
sS'en'
p783
I58
sS'lowkey'
p784
I73
sS'yeah'
p785
I65
sS'curveball'
p786
I73
sS'year'
p787
I68
sS'girl'
p788
I63
sS'obsession'
p789
I73
sS'plans'
p790
I73
sS'album'
p791
I71
sS'living'
p792
I71
sS'funnest'
p793
I73
sS'charms'
p794
I73
sS'cd>>>>>>>>'
p795
I73
sS'valdez'
p796
I73
sS'asdfghjklzxcvbnmqwrttyyuiopp'
p797
I73
sS'seriously'
p798
I57
sS'shows'
p799
I72
sS'lisas'
p800
I73
sS'earlier'
p801
I73
sS'monster'
p802
I73
sS'million'
p803
I73
sS'romans'
p804
I73
sS'complicated'
p805
I73
sS'grandma'
p806
I73
sS'*note'
p807
I73
sS'upon'
p808
I73
sS'"how'
p809
I73
sS'tries'
p810
I73
sS'british'
p811
I73
sS'turn'
p812
I69
sS'place'
p813
I71
sS'think'
p814
I67
sS'first'
p815
I69
sS'cheese'
p816
I72
sS'flying'
p817
I73
sS'grrrrr'
p818
I73
sS'question'
p819
I73
sS'waves'
p820
I73
sS'yourself'
p821
I73
sS'voto'
p822
I59
sS'retainers'
p823
I73
sS'carry'
p824
I73
sS'ring'
p825
I72
sS'open'
p826
I69
sS'tomorrow'
p827
I68
sS'city'
p828
I67
sS'little'
p829
I69
sS'ceviche'
p830
I73
sS'caught'
p831
I73
sS'*shameless'
p832
I73
sS'anyone'
p833
I62
sS'2'
p834
I67
sS'handbook'
p835
I73
sS'white'
p836
I73
sS'friend'
p837
I65
sS'gives'
p838
I71
sS'eyes'
p839
I69
sS'hug'
p840
I71
sS'that'
p841
I19
sS'season'
p842
I70
sS'butt'
p843
I73
sS'than'
p844
I63
sS"here's"
p845
I73
sS'boyfriend'
p846
I71
sS'wide'
p847
I72
sS'13'
p848
I73
sS'lmao'
p849
I70
sS'17'
p850
I73
sS'yayyyy'
p851
I73
sS'18'
p852
I72
sS'gotta'
p853
I67
sS'r'
p854
I69
sS'were'
p855
I69
sS'college'
p856
I69
sS'and'
p857
I9
sS'20s'
p858
I72
sS'sakestop'
p859
I73
sS'head'
p860
I71
sS'sad'
p861
I68
sS'say'
p862
I69
sS'pastry'
p863
I73
sS'anger'
p864
I72
sS'breakfast'
p865
I73
sS'ablein'
p866
I73
sS'saw'
p867
I72
sS'any'
p868
I72
sS'zoe'
p869
I73
sS'dreamingthat'
p870
I73
sS'omfg'
p871
I73
sS'take'
p872
I65
sS'squaa'
p873
I73
sS'online'
p874
I73
sS'wanting'
p875
I72
sS'mayer'
p876
I73
sS'blunt'
p877
I73
sS'urge'
p878
I73
sS'begin'
p879
I73
sS'sure'
p880
I72
sS'pain'
p881
I70
sS'normal'
p882
I72
sS'arguing'
p883
I73
sS'price'
p884
I73
sS'knew'
p885
I73
sS'falls'
p886
I73
sS'u!hope'
p887
I73
sS'lawl'
p888
I73
sS'lawn'
p889
I73
sS'especially'
p890
I73
sS'later'
p891
I73
sS'hungry'
p892
I73
sS'24/7'
p893
I73
sS'\xe2\x9c\x96\xef\xb8\x8f\xe2\x9c\x96\xef\xb8\x8f\xe2\x9c\x96\xef\xb8\x8f'
p894
I73
sS'shop'
p895
I73
sS'shot'
p896
I73
sS'\xe2\x9c\xa8'
p897
I73
sS'show'
p898
I72
sS'to\xe2\x80\x9d'
p899
I73
sS'convos'
p900
I73
sS'bright'
p901
I73
sS'\xe2\x9c\x8b'
p902
I73
sS'daily'
p903
I73
sS'dick'
p904
I70
sS'storms'
p905
I73
sS'3'
p906
I70
sS'considering'
p907
I73
sS'to\xe2\x80\xa6'
p908
I73
sS'tears'
p909
I72
sS'\xe2\x9c\x9e'
p910
I71
sS'>>>>>>>>>'
p911
I73
sS'truly'
p912
I72
sS'dye'
p913
I73
sS'geo'
p914
I73
sS'freaking'
p915
I51
sS'closure'
p916
I73
sS'dummies"'
p917
I73
sS'artist'
p918
I73
sS'borrow'
p919
I73
sS'morning'
p920
I53
sS'stupid'
p921
I69
sS"could've"
p922
I73
sS'worries'
p923
I72
sS'where'
p924
I69
sS'overwhelemed'
p925
I73
sS'husband'
p926
I73
sS'concert'
p927
I72
sS'physically'
p928
I72
sS"hasn't"
p929
I73
sS'cologne'
p930
I72
sS'asleep'
p931
I69
sS'hoes'
p932
I73
sS'ruined'
p933
I73
sS'itt'
p934
I73
sS'wonder'
p935
I71
sS'fails'
p936
I73
sS'today.\xe2\x80\x9d'
p937
I72
sS'ways'
p938
I73
sS'"stuck'
p939
I73
sS'enough'
p940
I71
sS'between'
p941
I73
sS'llorar'
p942
I73
sS'monica-'
p943
I73
sS'janoskians'
p944
I73
sS'notice'
p945
I73
sS'parent'
p946
I73
sS'tus'
p947
I73
sS'killing'
p948
I68
sS'como'
p949
I73
sS'hurts'
p950
I70
sS'~c.s'
p951
I73
sS'spark'
p952
I73
sS'come'
p953
I63
sS'fit'
p954
I73
sS'many'
p955
I67
sS'spokeneverything'
p956
I73
sS'yngkaligirls'
p957
I73
sS'awkward'
p958
I73
sS'happen.\xe2\x80\x9d'
p959
I73
sS"can't"
p960
I46
sS'color'
p961
I73
sS'jk'
p962
I73
sS'por'
p963
I58
sS'answerheld'
p964
I73
sS"couldn't"
p965
I71
sS'great\xe2\x80\x9d'
p966
I73
sS'caring'
p967
I73
sS'm\xc3\xbasica'
p968
I73
sS'cares'
p969
I68
sS'sleep\xe2\x9c\x8c\xef\xb8\x8f'
p970
I73
sS'judging'
p971
I73
sS'sesh'
p972
I72
sS'staring'
p973
I73
sS'wants'
p974
I73
sS'direction'
p975
I73
sS'shopping'
p976
I73
sS'blessing'
p977
I73
sS'spoon?"calum'
p978
I73
sS'wake'
p979
I73
sS'hashtag'
p980
I73
sS'2\xe2\x80\xa254/57(7+5/8)\xc2\xb2\xe2\x80\xa2ab-c\xc2\xb3'
p981
I73
sS'too...and'
p982
I73
sS'irrelevant'
p983
I73
sS'those'
p984
I67
sS'talented'
p985
I73
sS'sound'
p986
I72
sS'myself'
p987
I71
sS'disconnected'
p988
I73
sS'these'
p989
I65
sS'\xe2\x98\x81\xef\xb8\x8f\xe2\x9b\x85\xef\xb8\x8f\xe2\x98\x80\xef\xb8\x8f\xe2\x9d\xa4\xef\xb8\x8f'
p990
I73
sS'love"'
p991
I73
sS'goodmorning'
p992
I73
sS'dorks'
p993
I73
sS'situation'
p994
I72
sS'invited'
p995
I73
sS'you...i'
p996
I73
sS'coffee'
p997
I73
sS'sleeping'
p998
I66
sS'middle'
p999
I73
sS'someone'
p1000
I58
sS'embrace'
p1001
I72
sS'loosing'
p1002
I73
sS'prepare(to)meet'
p1003
I73
sS'everyday'
p1004
I71
sS'worry'
p1005
I72
sS'different'
p1006
I72
sS'pay'
p1007
I73
sS'granted'
p1008
I73
sS'reminded'
p1009
I72
sS"case....you're"
p1010
I73
sS'same'
p1011
I56
sS'cumpleanos'
p1012
I73
sS'speech'
p1013
I72
sS'shit'
p1014
I63
sS'"i'
p1015
I72
sS'retweeting'
p1016
I73
sS'thee'
p1017
I73
sS'week'
p1018
I70
sS'\xe2\x86\x94\xef\xb8\x8f'
p1019
I73
sS'running'
p1020
I73
sS'sky\xe2\x98\x81\xef\xb8\x8f'
p1021
I73
sS'favorites'
p1022
I73
sS'storyhow'
p1023
I73
sS'cheery'
p1024
I73
sS'totally'
p1025
I73
sS'\xe2\x9c\x8c\xef\xb8\x8f'
p1026
I70
sS'asscrack'
p1027
I73
sS'charger'
p1028
I73
sS'no'
p1029
I51
sS'without'
p1030
I67
sS'flakes'
p1031
I73
sS'comes'
p1032
I71
sS'*and'
p1033
I73
sS'reward'
p1034
I72
sS'summer'
p1035
I66
sS'being'
p1036
I62
sS'money'
p1037
I71
sS'neon'
p1038
I73
sS'rest'
p1039
I71
sS'kill'
p1040
I71
sS'braised'
p1041
I73
sS'babe\xe2\x9d\xa4\xef\xb8\x8f'
p1042
I73
sS'blow'
p1043
I73
sS'death'
p1044
I73
sS'thinking'
p1045
I68
sS'seems'
p1046
I73
sS'iphones'
p1047
I73
sS'banh'
p1048
I73
sS'verse'
p1049
I72
sS'4'
p1050
I71
sS'ca'
p1051
I73
sS'skies'
p1052
I73
sS'kingdom'
p1053
I72
sS'around'
p1054
I72
sS'desperately'
p1055
I73
sS'read'
p1056
I73
sS'<<<<<'
p1057
I73
sS'"when'
p1058
I73
sS'gonna'
p1059
I63
sS'early'
p1060
I71
sS'mom'
p1061
I72
sS'\xe2\x9d\xa5'
p1062
I73
sS'world'
p1063
I61
sS'stranger'
p1064
I72
sS'rain\xe2\x98\x94\xef\xb8\x8f'
p1065
I73
sS'everytime'
p1066
I73
sS'lightning'
p1067
I72
sS'\xe2\x9d\x81'
p1068
I73
sS'either'
p1069
I71
sS'clay'
p1070
I73
sS'etc...etc'
p1071
I73
sS'what....nobody'
p1072
I73
sS'joking'
p1073
I73
sS'draw'
p1074
I73
sS'nightthrough'
p1075
I73
sS'rocks'
p1076
I73
sS'yesss'
p1077
I72
sS'gross'
p1078
I73
sS'mood'
p1079
I73
sS'memories'
p1080
I73
sS'god...he'
p1081
I73
sS'hipster'
p1082
I73
sS'23rd'
p1083
I73
sS'aussie'
p1084
I73
sS'cramps'
p1085
I73
sS'felt'
p1086
I71
sS'\xe2\x9c\x88\xef\xb8\x8f'
p1087
I73
sS'business'
p1088
I71
sS'asap'
p1089
I73
sS'seconds'
p1090
I73
sS'each'
p1091
I73
sS'slaughter'
p1092
I73
sS'hectic'
p1093
I73
sS'terrified'
p1094
I73
sS'throwback'
p1095
I70
sS'on'
p1096
I26
sS'ok'
p1097
I70
sS'ushe'
p1098
I73
sS'oh'
p1099
I66
sS'favorita'
p1100
I59
sS'of'
p1101
I11
sS'favorite'
p1102
I67
sS'side'
p1103
I72
sS'wolf'
p1104
I73
sS'neighbor'
p1105
I73
sS'act'
p1106
I73
sS"stop'"
p1107
I73
sS'luck'
p1108
I73
sS'or'
p1109
I63
sS'thereyour'
p1110
I73
sS'now\xe2\x9c\x96\xef\xb8\x8f'
p1111
I73
sS'blessed'
p1112
I71
sS'up\xe2\x98\x81\xef\xb8\x8f'
p1113
I73
sS'fritters'
p1114
I72
sS'gary'
p1115
I70
sS'youu'
p1116
I73
sS'happening'
p1117
I73
sS'your'
p1118
I13
sS'log'
p1119
I73
sS'her'
p1120
I64
sS'tutor'
p1121
I73
sS'happiness.\xe2\x80\x9d'
p1122
I73
sS'hey'
p1123
I69
sS'lol'
p1124
I38
sS'christianity'
p1125
I73
sS'los'
p1126
I72
sS"how'd"
p1127
I73
sS'lot'
p1128
I70
sS'4:30'
p1129
I73
sS'spider'
p1130
I72
sS'asiendonos'
p1131
I73
sS'fighter'
p1132
I73
sS'trying'
p1133
I69
sS'with'
p1134
I22
sS'faster'
p1135
I72
sS"they're"
p1136
I71
sS'rush'
p1137
I73
sS'applying'
p1138
I73
sS"wasn't"
p1139
I71
sS'spamming'
p1140
I73
sS'\xe2\x9c\x96\xef\xb8\x8f\xe2\xad\x95\xef\xb8\x8f\xe2\x9c\x96\xef\xb8\x8f\xe2\xad\x95\xef\xb8\x8f'
p1141
I73
sS'suitcase'
p1142
I73
sS'grass'
p1143
I73
sS'agree'
p1144
I73
sS'litteraly'
p1145
I72
sS'videos'
p1146
I73
sS'af'
p1147
I72
sS'exhausted'
p1148
I71
sS'feliz'
p1149
I73
sS'accents'
p1150
I73
sS'describe'
p1151
I73
sS'am'
p1152
I69
sS'deep'
p1153
I70
sS'an'
p1154
I56
sS'as'
p1155
I60
sS'at'
p1156
I39
sS'lowkey\xe2\x80\x9d'
p1157
I73
sS'watched'
p1158
I71
sS'film'
p1159
I73
sS'cream'
p1160
I72
sS'again'
p1161
I69
sS'takewhile'
p1162
I73
sS'5'
p1163
I66
sS'besos'
p1164
I73
sS'someones'
p1165
I72
sS'you'
p1166
I4
sS'poor'
p1167
I73
sS'obsessed'
p1168
I73
sS'time'
p1169
I46
sS'music\xe2\x9c\x96\xef\xb8\x8f'
p1170
I73
sS'walker'
p1171
I73
sS'important'
p1172
I73
sS"she's"
p1173
I69
sS'finals'
p1174
I73
sS'missed'
p1175
I73
sS'calls'
p1176
I72
sS'wifi'
p1177
I72
sS'vines'
p1178
I72
sS'moonlight'
p1179
I73
sS'u'
p1180
I70
sS'alright'
p1181
I73
sS'songs'
p1182
I71
sS'starting'
p1183
I70
sS'all'
p1184
I34
sS'forget'
p1185
I73
sS'katy'
p1186
I73
sS'suns'
p1187
I72
sS'month'
p1188
I73
sS'loooooooove'
p1189
I73
sS'cameron'
p1190
I72
sS'follow'
p1191
I45
sS'decisions'
p1192
I73
sS'graveraised'
p1193
I73
sS'apartment'
p1194
I72
sS'hunting'
p1195
I73
sS'tv'
p1196
I69
sS'thursday'
p1197
I73
sS'laughing'
p1198
I73
sS'to'
p1199
I3
sS'tail'
p1200
I73
sS'smile'
p1201
I70
sS'te'
p1202
I73
sS'song'
p1203
I67
sS'very'
p1204
I71
sS'fav'
p1205
I72
sS'fat'
p1206
I71
sS'selfies'
p1207
I72
sS'fan'
p1208
I72
sS'big__myk'
p1209
I73
sS'decide'
p1210
I71
sS'fall'
p1211
I69
sS'ticket'
p1212
I73
sS'lastthe'
p1213
I73
sS'heaven'
p1214
I73
sS'mothers'
p1215
I72
sS'reminding'
p1216
I73
sS'vibes'
p1217
I72
sS'small'
p1218
I72
sS"i'll"
p1219
I62
sS'cookies'
p1220
I73
sS'instagram'
p1221
I73
sS'fence'
p1222
I71
sS'tea'
p1223
I70
sS'past'
p1224
I71
sS'burger'
p1225
I73
sS'teas'
p1226
I73
sS'what'
p1227
I41
sS'abc'
p1228
I73
sS'19:1\xe2\x80\x9d'
p1229
I73
sS'deeply'
p1230
I72
sS'time.\xe2\x80\x9d'
p1231
I73
sS'emotions'
p1232
I73
sS'sooooooo'
p1233
I73
sS'well.\xe2\x80\x9d'
p1234
I73
sS'am\xe2\x98\xba\xef\xb8\x8f'
p1235
I73
sS'kyae'
p1236
I73
sS'womb'
p1237
I73
sS'mespend'
p1238
I73
sS'full'
p1239
I73
sS"c'mon"
p1240
I72
sS'ma'
p1241
I73
sS'\xe2\x98\xbc\xe2\x9c\xa8'
p1242
I73
sS'loose'
p1243
I73
sS'yeessss'
p1244
I73
sS'hours'
p1245
I71
sS'jonas'
p1246
I73
sS'berkeley'
p1247
I73
sS'kima'
p1248
I73
sS'strong'
p1249
I68
sS'you...maybe'
p1250
I73
sS'experience'
p1251
I73
sS'pics'
p1252
I73
sS'daysyours'
p1253
I73
sS'social'
p1254
I72
sS'good!\xe2\x80\x9d'
p1255
I73
sS'perk'
p1256
I73
sS'uniquely'
p1257
I72
sS'followed'
p1258
I72
sS'family'
p1259
I68
sS'suddenly'
p1260
I73
sS'put'
p1261
I70
sS'semester'
p1262
I72
sS'wolf!>>>>>>>>'
p1263
I73
sS'eye'
p1264
I73
sS'takes'
p1265
I72
sS'sarcasm*'
p1266
I73
sS'\xe2\x98\x9d\xef\xb8\x8f'
p1267
I73
sS'texting'
p1268
I73
sS'two'
p1269
I73
sS'gorgeous'
p1270
I72
sS'wipes'
p1271
I73
sS'more'
p1272
I61
sS'teen'
p1273
I72
sS'door'
p1274
I72
sS'knows'
p1275
I70
sS'company'
p1276
I72
sS'tested'
p1277
I73
sS"ain't"
p1278
I71
sS'basically'
p1279
I73
sS'broke'
p1280
I73
sS'hurry'
p1281
I73
sS'tees'
p1282
I73
sS'glad'
p1283
I70
sS'keeping'
p1284
I72
sS'bajar'
p1285
I73
sS'hour'
p1286
I72
sS'recall'
p1287
I73
sS'sucks'
p1288
I71
sS'goldenboy'
p1289
I73
sS'mall'
p1290
I72
sS'sudden'
p1291
I73
sS'learn'
p1292
I73
sS'knocked'
p1293
I73
sS'this\xe2\x9d\x97\xef\xb8\x8f'
p1294
I73
sS'platha'
p1295
I73
sS'beautiful'
p1296
I67
sS'unexplainable.\xe2\x9c\xa8'
p1297
I73
sS'lives'
p1298
I73
sS'bby\xe2\x9d\xa4\xef\xb8\x8f'
p1299
I73
sS'joyin'
p1300
I73
sS'sense'
p1301
I73
sS'tiredis'
p1302
I73
sS'unappreciated'
p1303
I72
sS'needs'
p1304
I73
sS'ayyyye'
p1305
I73
sS'goal'
p1306
I73
sS'drained'
p1307
I73
sS'comfort'
p1308
I73
sS'stayed'
p1309
I71
sS'cling'
p1310
I72
sS'okay'
p1311
I70
sS'tried'
p1312
I73
sS'rude'
p1313
I73
sS'weaknesses'
p1314
I73
sS'fb'
p1315
I72
sS'lighting'
p1316
I73
sS'blood'
p1317
I73
sS'coming'
p1318
I67
sS'bahaha'
p1319
I65
sS'a'
p1320
I7
sS"that'd"
p1321
I73
sS'overnight'
p1322
I73
sS'renewing'
p1323
I73
sS'ortho'
p1324
I72
sS'dream'
p1325
I71
sS'playing'
p1326
I71
sS"that's"
p1327
I66
sS'help'
p1328
I72
sS"don't"
p1329
I44
sS'sooo'
p1330
I71
sS'soon'
p1331
I72
sS'distortion'
p1332
I73
sS'isnt'
p1333
I73
sS'paper'
p1334
I73
sS'through'
p1335
I69
sS'hell'
p1336
I69
sS'smiling'
p1337
I73
sS'suffer'
p1338
I73
sS'its'
p1339
I71
sS'style'
p1340
I73
sS'20'
p1341
I71
sS'21'
p1342
I72
sS'22'
p1343
I73
sS'23'
p1344
I73
sS'pray'
p1345
I73
sS'28'
p1346
I73
sS'actually'
p1347
I67
sS'late'
p1348
I68
sS'morning\xe2\x9b\x85\xef\xb8\x8f'
p1349
I73
sS'bout'
p1350
I72
sS'cutie'
p1351
I71
sS'might'
p1352
I70
sS"haven't"
p1353
I72
sS'2+'
p1354
I73
sS'hurting'
p1355
I72
sS'good'
p1356
I45
sS'yo'
p1357
I57
sS'food'
p1358
I73
sS'hahahahahaha'
p1359
I73
sS"you've"
p1360
I72
sS'devotionnow'
p1361
I73
sS'easily'
p1362
I72
sS'gets'
p1363
I73
sS'subir'
p1364
I73
sS'fantasy'
p1365
I73
sS'always'
p1366
I50
sS'tear'
p1367
I73
sS'sis\xe2\x9d\xa4\xef\xb8\x8f'
p1368
I73
sS'found'
p1369
I73
sS'button'
p1370
I73
sS"isn't"
p1371
I68
sS'heavy'
p1372
I73
sS'everyone'
p1373
I65
sS'weight'
p1374
I73
sS'house'
p1375
I66
sS'energy'
p1376
I73
sS'hard'
p1377
I63
sS'idea'
p1378
I72
sS'bickering'
p1379
I73
sS'reallu'
p1380
I73
sS'beyond'
p1381
I73
sS'really'
p1382
I52
sS'back.\xe2\x80\x9d'
p1383
I73
sS'foreverand'
p1384
I73
sS'alcohol'
p1385
I73
sS'since'
p1386
I73
sS'research'
p1387
I73
sS'lols'
p1388
I73
sS'girl\xe2\x9c\xa8'
p1389
I73
sS'7'
p1390
I73
sS'get'
p1391
I28
sS'ass'
p1392
I68
sS'timeline'
p1393
I73
sS'friday'
p1394
I72
sS'reason'
p1395
I72
sS'ask'
p1396
I71
sS'beginning'
p1397
I73
sS'temperature'
p1398
I73
sS'5sos'
p1399
I73
sS'major'
p1400
I72
sS'unhealthy'
p1401
I72
sS'feel'
p1402
I56
sS'obedience'
p1403
I73
sS'feet'
p1404
I73
sS'sisters'
p1405
I73
sS'done'
p1406
I64
sS'miss'
p1407
I67
sS'pugs\xe2\x80\x9d'
p1408
I73
sS'guess'
p1409
I68
sS'"'
p1410
I73
sS'guest'
p1411
I73
sS'gpa'
p1412
I72
sS'least'
p1413
I73
sS'wonderful'
p1414
I73
sS'passed'
p1415
I73
sS'kingdom.\xe2\x80\x9d'
p1416
I73
sS'store'
p1417
I73
sS'headache'
p1418
I73
sS'imperfect'
p1419
I73
sS'option'
p1420
I73
sS'para'
p1421
I59
sS'behind'
p1422
I73
sS'park'
p1423
I69
sS'dentist'
p1424
I73
sS'part'
p1425
I71
sS'boredom'
p1426
I73
sS'believe'
p1427
I70
sS'grace'
p1428
I70
sS'ungrateful'
p1429
I73
sS'kind'
p1430
I73
sS'grew'
p1431
I73
sS'red...i'
p1432
I73
sS'determined'
p1433
I73
sS'tops*'
p1434
I73
sS'video'
p1435
I73
sS'fallyou'
p1436
I73
sS'treated'
p1437
I73
sS'declare'
p1438
I73
sS'outta'
p1439
I72
sS'ejw259'
p1440
I73
sS'randomly'
p1441
I73
sS'showers'
p1442
I73
sS'vulnerable'
p1443
I73
sS'lie'
p1444
I70
sS'nights'
p1445
I67
sS'relationship'
p1446
I71
sS'blanco'
p1447
I73
sS'lil'
p1448
I73
sS'henna'
p1449
I73
sS'also'
p1450
I72
sS'lip'
p1451
I73
sS'finding'
p1452
I73
sS'nighti'
p1453
I73
sS'liz'
p1454
I73
sS'play'
p1455
I71
sS'errands\xe2\x9c\x8c\xef\xb8\x8f'
p1456
I73
sS'most'
p1457
I69
sS'brooklyn'
p1458
I73
sS'plan'
p1459
I73
sS'nothing'
p1460
I71
sS'>>>>>>>>>>>>>'
p1461
I73
sS"brokenit's"
p1462
I73
sS'omaha'
p1463
I69
sS'sometimes'
p1464
I72
sS'clean'
p1465
I72
sS'\xe2\x98\x80\xef\xb8\x8f'
p1466
I72
sS'grandmas'
p1467
I73
sS'wardrobe'
p1468
I73
sS'stfu'
p1469
I73
sS'heavens'
p1470
I73
sS'fine'
p1471
I72
sS'find'
p1472
I65
sS'interviewer'
p1473
I73
sS'bff'
p1474
I71
sS'paranoid'
p1475
I72
sS'ruin'
p1476
I72
sS'19th'
p1477
I69
sS'punkish'
p1478
I73
sS'pretty'
p1479
I70
sS'-vermicelli'
p1480
I73
sS'8'
p1481
I73
sS'his'
p1482
I60
sS'mercy'
p1483
I73
sS'quizzes'
p1484
I73
sS'luke'
p1485
I71
sS'banned'
p1486
I72
sS'outlast'
p1487
I73
sS'sunny'
p1488
I73
sS'trees'
p1489
I70
sS'feels'
p1490
I72
sS'courage'
p1491
I72
sS'workouts'
p1492
I73
sS'him'
p1493
I65
sS'asleep\xe2\x80\x9d'
p1494
I73
sS'noises'
p1495
I73
sS'cry'
p1496
I70
sS'common'
p1497
I73
sS'dizziness'
p1498
I73
sS'relentless'
p1499
I73
sS'life-long'
p1500
I73
sS'serioulsy'
p1501
I73
sS'set'
p1502
I73
sS'vine'
p1503
I73
sS'see'
p1504
I54
sS'dumb'
p1505
I72
sS'are'
p1506
I32
sS'close'
p1507
I71
sS'!!\xe2\x80\x9d'
p1508
I73
sS'retweet'
p1509
I73
sS'lee'
p1510
I73
sS'learnt'
p1511
I73
sS'don\xe2\x80\x99t'
p1512
I71
sS'pictures'
p1513
I72
sS'wow'
p1514
I67
sS'please'
p1515
I49
sS'slapped'
p1516
I73
sS'pennywort'
p1517
I73
sS'probably'
p1518
I73
sS'soulmate'
p1519
I73
sS'donate'
p1520
I73
sS'compliment'
p1521
I73
sS'endure'
p1522
I73
sS'solo'
p1523
I73
sS'creating'
p1524
I73
sS'missing'
p1525
I69
sS's'
p1526
I73
sS'like\xe2\x98\xba\xef\xb8\x8f'
p1527
I73
sS'"not'
p1528
I73
sS'both'
p1529
I70
sS'last'
p1530
I65
sS'restaurant'
p1531
I71
sS"wouldn't"
p1532
I72
sS'barely'
p1533
I73
sS'became'
p1534
I73
sS'canadians'
p1535
I73
sS'pepperdine'
p1536
I73
sS'<<<<'
p1537
I73
sS'whole'
p1538
I69
sS'\xe2\x98\xbc'
p1539
I72
sS'majesty'
p1540
I73
sS'headed'
p1541
I73
sS'simple'
p1542
I73
sS'sweet'
p1543
I71
sS'12:2\xe2\x80\x9d'
p1544
I73
sS'whatever'
p1545
I73
sS'skips'
p1546
I73
sS'simply'
p1547
I72
sS'church'
p1548
I72
sS'it\xe2\x80\x99s'
p1549
I73
sS'headaches'
p1550
I73
sS'naps'
p1551
I73
sS'hillsong'
p1552
I73
sS'create'
p1553
I73
sS'panera'
p1554
I72
sS'lets'
p1555
I73
sS'earthquake'
p1556
I73
sS'faithfully'
p1557
I73
sS'damn'
p1558
I72
sS'power\xe2\x9c\xa8'
p1559
I73
sS'woke'
p1560
I73
sS'pm'
p1561
I73
sS"what's"
p1562
I71
sS'gas'
p1563
I73
sS'else'
p1564
I71
sS'awake'
p1565
I70
sS'vand'
p1566
I73
sS'yessss'
p1567
I73
sS'rocking'
p1568
I73
sS'look'
p1569
I70
sS'frozen'
p1570
I73
sS'goodmorning\xe2\x9b\x85\xef\xb8\x8f'
p1571
I73
sS"mei'm"
p1572
I73
sS'while'
p1573
I70
sS'kick'
p1574
I73
sS'fun'
p1575
I67
sS'>>>>>>>'
p1576
I72
sS'141516'
p1577
I73
sS'pack'
p1578
I72
sS'real'
p1579
I71
sS'hoping'
p1580
I73
sS'rip'
p1581
I72
sS'1000%'
p1582
I73
sS'itself'
p1583
I73
sS'ready'
p1584
I66
sS'funny'
p1585
I68
sS'baseline'
p1586
I73
sS'sportsmanship'
p1587
I73
sS'9'
p1588
I73
sS'itchy'
p1589
I73
sS'higher'
p1590
I73
sS'itch'
p1591
I73
sS'mountain'
p1592
I73
sS'assignment'
p1593
I73
sS"word.it's"
p1594
I73
sS"higheri'll"
p1595
I73
sS'moment'
p1596
I68
sS'moving'
p1597
I73
sS'purpose'
p1598
I72
sS'vargas'
p1599
I73
sS'fermented'
p1600
I73
sS'dark'
p1601
I73
sS'noodle'
p1602
I72
sS'older'
p1603
I72
sS"painyou're"
p1604
I73
sS'regretting'
p1605
I73
sS'y'
p1606
I71
sS'loveeee'
p1607
I73
sS'i\xe2\x80\x99m'
p1608
I72
sS'listening'
p1609
I70
sS'replayfor'
p1610
I73
sS'overflows'
p1611
I73
sS'bad\xe2\x99\x95'
p1612
I73
sS'questions'
p1613
I73
sS'regardless'
p1614
I73
sS'rundown'
p1615
I72
sS'cut'
p1616
I73
sS'swallowing'
p1617
I73
sS'cuz'
p1618
I71
sS'source'
p1619
I72
sS'parents'
p1620
I66
sS'crying'
p1621
I67
sS'homies'
p1622
I73
sS'snap'
p1623
I73
sS'excited'
p1624
I64
sS'surprised'
p1625
I72
sS'bio'
p1626
I73
sS'australia'
p1627
I72
sS'big'
p1628
I64
sS'couple'
p1629
I73
sS'game'
p1630
I73
sS'cuteness'
p1631
I73
sS'bit'
p1632
I71
sS'moody'
p1633
I73
sS'd'
p1634
I70
sS'hahha'
p1635
I73
sS'follows'
p1636
I72
sS'eew'
p1637
I73
sS'bahah'
p1638
I70
sS'lifeour'
p1639
I73
sS'me\xe2\x80\x9d'
p1640
I73
sS'partying'
p1641
I73
sS'coddington'
p1642
I73
sS'fucking'
p1643
I73
sS'spring'
p1644
I72
sS'some'
p1645
I59
sS'back'
p1646
I60
sS'3.6'
p1647
I73
sS'palm'
p1648
I71
sS'loser'
p1649
I73
sS'candle'
p1650
I73
sS'ourselves'
p1651
I73
sS'pet'
p1652
I72
sS'decision'
p1653
I73
sS'pee'
p1654
I73
sS't'
p1655
I73
sS'be'
p1656
I20
sS'eating'
p1657
I72
sS'bc'
p1658
I73
sS'rub'
p1659
I73
sS'reach'
p1660
I73
sS'step'
p1661
I73
sS'nowhere'
p1662
I73
sS'santa'
p1663
I73
sS'bs'
p1664
I73
sS'crap'
p1665
I71
sS'2/3'
p1666
I73
sS'intense'
p1667
I72
sS'franco'
p1668
I73
sS'shine'
p1669
I73
sS'faith'
p1670
I69
sS'wrecking'
p1671
I73
sS'anything'
p1672
I71
sS'graduation'
p1673
I73
sS'sake'
p1674
I73
sS'princess\xe2\x80\x9d'
p1675
I73
sS'idk'
p1676
I70
sS'trata'
p1677
I73
sS'hahahah'
p1678
I73
sS'inspiring\xe2\x80\x9d'
p1679
I73
sS'b\xc3\xban'
p1680
I73
sS'seeing'
p1681
I72
sS'into'
p1682
I69
sS'aguantando'
p1683
I73
sS'nigga'
p1684
I73
sS'loveheld'
p1685
I73
sS'carolines'
p1686
I73
sS'much\xe2\x80\x9d'
p1687
I73
sS'spam'
p1688
I72
sS'ache'
p1689
I73
sS'xoxo'
p1690
I73
sS'ca)'
p1691
I72
sS'long'
p1692
I70
sS'addicting'
p1693
I73
sS"we're"
p1694
I71
sS'waistline'
p1695
I73
sS'forward'
p1696
I73
sS'bored'
p1697
I73
sS'personalidad'
p1698
I59
sS'scared'
p1699
I72
sS'memory'
p1700
I73
sS'\xe2\x9c\x96\xef\xb8\x8f'
p1701
I73
sS'boys'
p1702
I71
sS'hopes'
p1703
I73
sS'\xe2\x99\xa5'
p1704
I73
sS'\xe2\x99\xa1'
p1705
I56
sS'hair'
p1706
I72
sS'originals'
p1707
I73
sS'oscars'
p1708
I73
sS'fries'
p1709
I70
sS'up'
p1710
I43
sS'us'
p1711
I57
sS'ur'
p1712
I73
sS'um'
p1713
I73
sS'uh'
p1714
I73
sS'called'
p1715
I70
sS'constant'
p1716
I73
sS'jorlette'
p1717
I73
sS'fullest'
p1718
I73
sS'single'
p1719
I72
sS'heartbreak'
p1720
I73
sS'chat'
p1721
I73
sS'cafe'
p1722
I65
sS'cotton'
p1723
I73
sS'peace'
p1724
I70
sS'nap'
p1725
I69
sS'one-on-one'
p1726
I73
sS'ellen'
p1727
I73
sS'irreplaceable'
p1728
I73
sS'today\xe2\x80\x9d'
p1729
I73
sS'nice'
p1730
I69
sS'meall'
p1731
I73
sS'understatement'
p1732
I73
sS'problems'
p1733
I73
sS'helping'
p1734
I72
sS'restoration'
p1735
I73
sS'forever\xe2\x80\x9d'
p1736
I73
sS'e'
p1737
I71
sS'age'
p1738
I72
sS'youtube'
p1739
I73
sS'walked'
p1740
I73
sS'impatient'
p1741
I73
sS'astounds'
p1742
I73
sS'far'
p1743
I73
sS'fresh'
p1744
I72
sS'having'
p1745
I65
sS'once'
p1746
I71
sS'essay'
p1747
I72
sS'monterey'
p1748
I71
sS'beach...feels'
p1749
I73
sS'awayyou'
p1750
I73
sS'friendship!\xe2\x9d\xa4\xef\xb8\x8f'
p1751
I73
sS'go'
p1752
I59
sS'issues'
p1753
I73
sS'cody'
p1754
I73
sS'young'
p1755
I69
sS'send'
p1756
I72
sS'include'
p1757
I73
sS'friendly'
p1758
I72
sS'random'
p1759
I70
sS'infinite'
p1760
I73
sS'outside'
p1761
I73
sS'continues'
p1762
I73
sS'spoon'
p1763
I73
sS'telling'
p1764
I73
sS'song\xe2\x80\x9d'
p1765
I73
sS'ending'
p1766
I73
sS'roaches'
p1767
I73
sS'namewe'
p1768
I73
sS'meyou'
p1769
I73
sS'marry'
p1770
I73
sS'try'
p1771
I68
sS'please\xe2\x80\x9d'
p1772
I73
sS':)\xe2\x80\x9d'
p1773
I73
sS'joey'
p1774
I73
sS"you'd"
p1775
I73
sS'khalifa'
p1776
I73
sS'generation."'
p1777
I73
sS'jump'
p1778
I73
sS'muffs'
p1779
I73
sS'traveling'
p1780
I72
sS'reunion'
p1781
I73
sS'depression'
p1782
I73
sS'shower...someone'
p1783
I73
sS'power'
p1784
I71
sS'giving'
p1785
I71
sS'waiting'
p1786
I68
sS'twins'
p1787
I73
sS'flowing'
p1788
I73
sS'body'
p1789
I70
sS'chose'
p1790
I73
sS'mind\xe2\x9d\xa4\xef\xb8\x8f\xe2\x9c\xa8'
p1791
I73
sS'leg'
p1792
I73
sS'me...i'
p1793
I73
sS'punch'
p1794
I71
sS'growing'
p1795
I73
sS'objects'
p1796
I73
sS'let'
p1797
I70
sS'(live)'
p1798
I73
sS'others'
p1799
I72
sS'sing'
p1800
I71
sS'great'
p1801
I71
sS'until'
p1802
I71
sS'30'
p1803
I73
sS'makes'
p1804
I64
sS'honor'
p1805
I72
sS'thats'
p1806
I73
sS'apple'
p1807
I72
sS'spy'
p1808
I73
sS'win'
p1809
I72
sS'charge'
p1810
I73
sS'private'
p1811
I73
sS'wiz'
p1812
I73
sS'standing'
p1813
I72
sS'self-promo*'
p1814
I73
sS'use'
p1815
I72
sS'from'
p1816
I58
sS'che'
p1817
I73
sS'&'
p1818
I29
sS'breakup'
p1819
I73
sS'next'
p1820
I68
sS'weeping'
p1821
I73
sS'babe'
p1822
I68
sS'started'
p1823
I70
sS'heir'
p1824
I73
sS'about'
p1825
I56
sS'32gb'
p1826
I73
sS'baby'
p1827
I69
sS'women'
p1828
I73
sS'annoy'
p1829
I70
sS'account'
p1830
I73
sS'salad'
p1831
I69
sS'midterm'
p1832
I73
sS'this'
p1833
I23
sS'enjoying'
p1834
I73
sS'prompts'
p1835
I73
sS'crossed'
p1836
I72
sS'praise'
p1837
I72
sS'meet'
p1838
I71
sS'control'
p1839
I73
sS'high'
p1840
I72
sS'something'
p1841
I65
sS'documenting'
p1842
I73
sS'shrimp'
p1843
I73
sS'canciones'
p1844
I73
sS'sis'
p1845
I71
sS'kian'
p1846
I72
sS'united'
p1847
I73
sS'lame'
p1848
I72
sS'mein'
p1849
I73
sS'struggles'
p1850
I73
sS'blessings'
p1851
I73
sS'animal'
p1852
I72
sS'it\xe2\x80\x99ll'
p1853
I73
sS'instead'
p1854
I72
sS'pomona'
p1855
I73
sS'de'
p1856
I72
sS'stop'
p1857
I64
sS'highs'
p1858
I73
sS'testimony'
p1859
I73
sS'collection'
p1860
I73
sS'*showered'
p1861
I73
sS'taco'
p1862
I73
sS'sweg"'
p1863
I73
sS'splurging'
p1864
I73
sS'cuddling'
p1865
I73
sS'ot'
p1866
I73
sS'&over'
p1867
I73
sS'22nd'
p1868
I73
sS'light'
p1869
I73
sS'sit'
p1870
I72
sS'reminiscing'
p1871
I73
sS'honestly'
p1872
I73
sS'allow'
p1873
I73
sS'crawling'
p1874
I73
sS'holds'
p1875
I73
sS'move'
p1876
I70
sS"won't"
p1877
I70
sS'gramps'
p1878
I73
sS'perfect'
p1879
I67
sS'spotify'
p1880
I73
sS'le'
p1881
I73
sS'la'
p1882
I66
sS'paths'
p1883
I73
sS'lo'
p1884
I73
sS'blogging'
p1885
I73
sS'resorting'
p1886
I73
sS'2014'
p1887
I73
sS'bye'
p1888
I72
sS'<'
p1889
I67
sS'2012'
p1890
I73
sS'dad'
p1891
I73
sS'crash'
p1892
I73
sS'greater'
p1893
I72
sS'anchored'
p1894
I73
sS'spell'
p1895
I73
sS'daw'
p1896
I65
sS'bothering'
p1897
I73
sS'kiss'
p1898
I71
sS'hands'
p1899
I72
sS'front'
p1900
I71
sS'day'
p1901
I33
sS'worlds'
p1902
I73
sS'university'
p1903
I73
sS'faster\xe2\x9a\xa1\xef\xb8\x8f'
p1904
I73
sS'billy'
p1905
I73
sS'slipping'
p1906
I73
sS'shaking'
p1907
I73
sS'constraints'
p1908
I73
sS'doing'
p1909
I69
sS'do.\xe2\x80\x9d'
p1910
I73
sS'our'
p1911
I59
sS'day\xe2\x9b\x85\xef\xb8\x8f'
p1912
I73
sS'special'
p1913
I73
sS'out'
p1914
I37
sS'entertainment'
p1915
I73
sS'confess'
p1916
I73
sS'eyelids'
p1917
I73
sS'hilarious'
p1918
I73
sS'cause'
p1919
I70
sS'dive'
p1920
I73
sS'red'
p1921
I73
sS'cartoons'
p1922
I73
sS'shut'
p1923
I72
sS'trying\xe2\x80\x9d'
p1924
I73
sS'completely'
p1925
I73
sS'que'
p1926
I73
sS'craving'
p1927
I69
sS'scary'
p1928
I73
sS'g'
p1929
I67
sS':(\xe2\x80\x9d'
p1930
I73
sS'could'
p1931
I57
sS'heartbreaking'
p1932
I73
sS'times'
p1933
I68
sS'chilly'
p1934
I72
sS'4th'
p1935
I73
sS'timei'
p1936
I73
sS'timed'
p1937
I73
sS'there'
p1938
I62
sS'life\xe2\x9c\xa8'
p1939
I73
sS'confuse'
p1940
I73
sS'scene'
p1941
I73
sS'jesus'
p1942
I69
sS'bitch'
p1943
I72
sS'instill'
p1944
I72
sS'prank'
p1945
I73
sS"you're"
p1946
I56
sS'playlist'
p1947
I70
sS'ancient'
p1948
I73
sS'start'
p1949
I67
sS'festival'
p1950
I73
sS'hunt'
p1951
I73
sS'adopted'
p1952
I73
sS"kik?'\xe2\x80\x9d"
p1953
I73
sS'their'
p1954
I68
sS'attack'
p1955
I73
sS'ankle'
p1956
I73
sS'"love"'
p1957
I73
sS"god's"
p1958
I72
sS'painful'
p1959
I73
sS'stomach'
p1960
I73
sS'explanation'
p1961
I73
sS'nobody'
p1962
I65
sS'unending'
p1963
I73
sS'overwhelming'
p1964
I73
sS'neck'
p1965
I72
sS'loved'
p1966
I73
sS'glorygod'
p1967
I73
sS'yawned'
p1968
I73
sS'bed'
p1969
I69
sS'bee'
p1970
I70
sS'patients'
p1971
I73
sS'*shouts'
p1972
I73
sS'psalm'
p1973
I73
sS'loves'
p1974
I71
sS'candles'
p1975
I72
sS'jeans"'
p1976
I73
sS'drunk'
p1977
I73
sS'agaahhahaggddhdhdhhd'
p1978
I73
sS'trusting'
p1979
I70
sS'have'
p1980
I24
sS'need'
p1981
I39
sS'mil'
p1982
I72
sS'soak'
p1983
I73
sS'dallas'
p1984
I73
sS'studying'
p1985
I73
sS'able'
p1986
I72
sS'mid'
p1987
I73
sS'arm'
p1988
I73
sS'mix'
p1989
I73
sS'babes'
p1990
I73
sS'mis'
p1991
I73
sS'='
p1992
I67
sS'louderyour'
p1993
I73
sS'saif'
p1994
I73
sS'aww'
p1995
I72
sS'who'
p1996
I57
sS'no...and'
p1997
I73
sS"where's"
p1998
I73
sS'parenting'
p1999
I73
sS'connected'
p2000
I73
sS'awe'
p2001
I73
sS'future'
p2002
I71
sS'segment'
p2003
I73
sS'why'
p2004
I57
sS'you\xe2\x99\xa1'
p2005
I73
sS'stronger'
p2006
I72
sS'face'
p2007
I72
sS'looked'
p2008
I73
sS'valuing'
p2009
I73
sS"you'll"
p2010
I72
sS'lightyou'
p2011
I73
sS'movie'
p2012
I69
sS'fact'
p2013
I73
sS'nutella'
p2014
I73
sS'burden'
p2015
I73
sS'anyway'
p2016
I73
sS'bring'
p2017
I68
sS'chicken'
p2018
I73
sS'pause'
p2019
I73
sS'knowledge'
p2020
I73
sS'('
p2021
I71
sS'gooogled'
p2022
I73
sS'should'
p2023
I64
sS'*insert'
p2024
I73
sS'won'
p2025
I73
sS'satan'
p2026
I73
sS'notes'
p2027
I73
sS'love/hate'
p2028
I73
sS'jai'
p2029
I70
sS'girlie'
p2030
I73
sS'hope'
p2031
I57
sS'meant'
p2032
I73
sS'handle'
p2033
I72
sS'listened'
p2034
I73
sS'means'
p2035
I72
sS'beat'
p2036
I73
sS'beau'
p2037
I72
sS'photography'
p2038
I73
sS'overall'
p2039
I73
sS'lucky'
p2040
I69
sS'tbh'
p2041
I71
sS'awww'
p2042
I70
sS'ones'
p2043
I73
sS'perfection'
p2044
I72
sS'words'
p2045
I70
sS'chips'
p2046
I72
sS'endless'
p2047
I73
sS'bracelet?\xe2\x80\x9d'
p2048
I73
sS'bestest'
p2049
I73
sS'reir'
p2050
I73
sS'burgundy\xe2\x99\xa1'
p2051
I73
sS"'don't"
p2052
I73
sS'\xe2\x9a\x93\xef\xb8\x8f+'
p2053
I73
sS'episodes'
p2054
I73
sS'stuff'
p2055
I73
sS'she'
p2056
I65
sS'grams'
p2057
I73
sS'view'
p2058
I73
sS'conform'
p2059
I73
sS'btw'
p2060
I73
sS'exists'
p2061
I73
sS'friking'
p2062
I73
sS'intensity'
p2063
I73
sS'desperate'
p2064
I73
sS'gmail'
p2065
I73
sS'closer'
p2066
I73
sS'closes'
p2067
I73
sS'destiny'
p2068
I73
sS'above"!\xe2\x80\x9d\xe2\x9c\xa8'
p2069
I73
sS'favor'
p2070
I73
sS'\xe2\x98\xba\xef\xb8\x8f\xe2\x80\x9d'
p2071
I73
sS'pases'
p2072
I73
sS'frustrated'
p2073
I73
sS'bought'
p2074
I72
sS'ability'
p2075
I71
sS'joy'
p2076
I73
sS'livehillsong'
p2077
I73
sS'loves\xe2\x99\xa1'
p2078
I73
sS'job'
p2079
I71
sS'"casual'
p2080
I73
sS'legit'
p2081
I73
sS'thumb'
p2082
I73
sS'alex\xe2\x99\xa1'
p2083
I73
sS'career'
p2084
I72
sS'joke'
p2085
I73
sS'taking'
p2086
I72
sS'around\xe2\x98\xba\xef\xb8\x8f'
p2087
I73
sS'minds'
p2088
I71
sS'creeping'
p2089
I73
sS'april'
p2090
I73
sS'glorious'
p2091
I73
sS'vent'
p2092
I73
sS"smile.it'd"
p2093
I73
sS'gone'
p2094
I70
sS'wall'
p2095
I73
sS'tuesday'
p2096
I72
sS'walk'
p2097
I71
sS'laugh'
p2098
I72
sS'god\xe2\x80\x99s'
p2099
I72
sS'quit'
p2100
I73
sS'yay'
p2101
I71
sS"it's"
p2102
I34
sS'730'
p2103
I73
sS'"i\'m'
p2104
I73
sS"it'd"
p2105
I72
sS'>'
p2106
I55
sS'controlled'
p2107
I73
sS'wanna'
p2108
I61
sS'wiresjust'
p2109
I73
sS'finished'
p2110
I72
sS'-.-'
p2111
I73
sS'folding'
p2112
I73
sS'motivation\xe2\x80\x9d'
p2113
I73
sS'despite'
p2114
I73
sS'salad...my'
p2115
I73
sS'will'
p2116
I54
sS'country'
p2117
I72
sS'wild'
p2118
I73
sS'midweek'
p2119
I73
sS'almost'
p2120
I72
sS'surface'
p2121
I73
sS'lifetime'
p2122
I73
sS'tattoo'
p2123
I72
sS'much!\xe2\x9d\xa4\xef\xb8\x8f'
p2124
I73
sS'cross'
p2125
I73
sS'romance'
p2126
I72
sS'matthew'
p2127
I73
sS'speaker'
p2128
I73
sS'party'
p2129
I72
sS'fill'
p2130
I73
sS'ball'
p2131
I72
sS'slave'
p2132
I73
sS'emotionally'
p2133
I72
sS'selfish'
p2134
I73
sS'true\xe2\x9c\xa8'
p2135
I73
sS'forgotten'
p2136
I73
sS'ios'
p2137
I73
sS'sigue'
p2138
I73
sS'fucked'
p2139
I73
sS'l.a'
p2140
I73
sS'//'
p2141
I65
sS'frikin'
p2142
I73
sS'off'
p2143
I71
sS'i'
p2144
I1
sS'well'
p2145
I63
sS'fighting'
p2146
I73
sS'thought'
p2147
I63
sS'failures'
p2148
I73
sS'english'
p2149
I73
sS'muscle'
p2150
I73
sS'drawing'
p2151
I73
sS'barking'
p2152
I73
sS'cried'
p2153
I73
sS'less'
p2154
I73
sS'accurate'
p2155
I73
sS'reminder\xe2\x80\x9dsame'
p2156
I73
sS'room...dude'
p2157
I73
sS'paul'
p2158
I73
sS'glue'
p2159
I73
sS'iheart'
p2160
I73
sS'happiness'
p2161
I71
sS'nicks'
p2162
I73
sS'vida'
p2163
I73
sS'bell'
p2164
I73
sS'sky'
p2165
I71
sS'killed'
p2166
I73
sS'reasons'
p2167
I73
sS'adoption'
p2168
I73
sS'smart'
p2169
I73
sS'everyday.\xe2\x80\x9d'
p2170
I73
sS"who's"
p2171
I69
sS'five'
p2172
I73
sS'know'
p2173
I46
sS'dish'
p2174
I73
sS'10/10'
p2175
I73
sS'fools'
p2176
I73
sS'like'
p2177
I21
sS'controlling'
p2178
I73
sS'crawled'
p2179
I73
sS'fernando'
p2180
I73
sS'candy'
p2181
I73
sS'laziest'
p2182
I73
sS'lose'
p2183
I71
sS'works'
p2184
I72
sS'soft'
p2185
I73
sS'because'
p2186
I52
sS'>>>>>>>>>>>>>>>'
p2187
I73
sS'twitter'
p2188
I57
sS'authority'
p2189
I72
sS'tumblr'
p2190
I68
sS'deliverance'
p2191
I73
sS'home'
p2192
I63
sS'liking'
p2193
I73
sS'throughout'
p2194
I73
sS'leaf'
p2195
I72
sS'lead'
p2196
I73
sS'literally'
p2197
I69
sS'mines'
p2198
I73
sS'ese'
p2199
I73
sS'does'
p2200
I69
sS'forgiven'
p2201
I72
sS'selecting'
p2202
I73
sS'hiding'
p2203
I73
sS'sister'
p2204
I72
sS':-)'
p2205
I72
sS'rare'
p2206
I73
sS'getting'
p2207
I66
sS'angeles'
p2208
I73
sS'fear'
p2209
I73
sS'swear'
p2210
I72
sS'own'
p2211
I71
sS'faithfulness'
p2212
I73
sS'booboo'
p2213
I73
sS'errands'
p2214
I71
sS'tea\xe2\x98\x95\xef\xb8\x8f'
p2215
I73
sS'due'
p2216
I73
sS'guard'
p2217
I73
sS'weather'
p2218
I73
sS'promise'
p2219
I73
sS'crisis\xe2\x80\x9d'
p2220
I73
sS'yorkers'
p2221
I73
sS'impatience'
p2222
I73
sS'rushed'
p2223
I73
sS'kidding'
p2224
I73
sS'complimented'
p2225
I73
sS'biggest'
p2226
I73
sS'there\xe2\x80\x9d'
p2227
I73
sS'function'
p2228
I73
sS'buy'
p2229
I71
sS"i've"
p2230
I67
sS'shang'
p2231
I73
sS'"exceeding'
p2232
I73
sS'hw'
p2233
I52
sS'but'
p2234
I27
sS'strawberries'
p2235
I73
sS'bun'
p2236
I73
sS'editing'
p2237
I73
sS'eat'
p2238
I71
sS'he'
p2239
I49
sS'made'
p2240
I65
sS'glory'
p2241
I73
sS'whether'
p2242
I73
sS'wish'
p2243
I64
sS'official'
p2244
I73
sS'signed'
p2245
I73
sS'empty'
p2246
I73
sS'awakewatching'
p2247
I73
sS'cake'
p2248
I72
sS'problem'
p2249
I73
sS'minutes'
p2250
I69
sS'deeperyou'
p2251
I73
sS'universal'
p2252
I72
sS'penny'
p2253
I73
sS'kisses'
p2254
I73
sS'happen'
p2255
I71
sS'incredible'
p2256
I72
sS'myself."'
p2257
I73
sS'\xe2\x9b\x85\xef\xb8\x8f'
p2258
I73
sS'other'
p2259
I70
sS'compares'
p2260
I73
sS'incredibly'
p2261
I72
sS'jamming'
p2262
I73
sS'reckless'
p2263
I73
sS'refugegod'
p2264
I73
sS'star'
p2265
I72
sS'class'
p2266
I71
sS'ultimately'
p2267
I73
sS'stay'
p2268
I70
sS'calum'
p2269
I72
sS'kinda'
p2270
I72
sS'badass'
p2271
I72
sS'friends'
p2272
I69
sS'dickbag'
p2273
I73
sS'j-o-b'
p2274
I73
sS'volumen'
p2275
I73
sS'understand'
p2276
I72
sS'yell'
p2277
I72
s.