(dp0
S''
p1
I2
sS'monte'
p2
I55
sS'yikes'
p3
I55
sS'betch'
p4
I55
sS'sleep'
p5
I39
sS'hate'
p6
I41
sS'swag'
p7
I54
sS'electricity'
p8
I55
sS"psy's"
p9
I55
sS'matlab'
p10
I55
sS'under'
p11
I55
sS'sorry'
p12
I54
sS'zipcar'
p13
I55
sS'worth'
p14
I55
sS'hahahah'
p15
I55
sS'kiana'
p16
I55
sS'smack'
p17
I55
sS'every'
p18
I50
sS'jacob'
p19
I54
sS'screaming'
p20
I55
sS'school'
p21
I42
sS'bestfriend'
p22
I55
sS'ayyyyeeee'
p23
I55
sS'ref'
p24
I53
sS'nigger'
p25
I55
sS"yesterday's"
p26
I55
sS'reliable'
p27
I55
sS'enjoy'
p28
I55
sS'you"me'
p29
I55
sS'tired'
p30
I50
sS'it!,91770\n494624017026801665,vega_mario626,2014-07-30'
p31
I55
sS'chey'
p32
I55
sS'second'
p33
I54
sS'street'
p34
I55
sS"bryan's"
p35
I55
sS'even'
p36
I43
sS'cooking'
p37
I54
sS'fuhhhh'
p38
I55
sS'new'
p39
I44
sS'speed\xe2\x80\xa6'
p40
I55
sS'ever'
p41
I43
sS'disney'
p42
I55
sS'told'
p43
I52
sS'mee'
p44
I54
sS'never'
p45
I39
sS'here'
p46
I51
sS'\xe2\x9d\xa4\xef\xb8\x8f'
p47
I53
sS'smokin'
p48
I53
sS'aftermath'
p49
I55
sS"aren't"
p50
I55
sS'kids'
p51
I54
sS'k'
p52
I53
sS'changed'
p53
I55
sS'piercing'
p54
I54
sS'credit'
p55
I55
sS'crap'
p56
I55
sS"i'd"
p57
I55
sS'smoke'
p58
I55
sS"i'm"
p59
I13
sS"someone's"
p60
I54
sS'hundley'
p61
I55
sS'joshua'
p62
I55
sS'straw'
p63
I55
sS'bro'
p64
I48
sS'hahahahah'
p65
I55
sS'diego\xef\xbc\x81'
p66
I55
sS'punching'
p67
I55
sS'hapiness'
p68
I55
sS'total'
p69
I55
sS'swings'
p70
I55
sS'would'
p71
I43
sS'hospital'
p72
I55
sS'character"'
p73
I55
sS'bike'
p74
I55
sS'call'
p75
I52
sS'calm'
p76
I55
sS'type'
p77
I55
sS'tell'
p78
I47
sS'holy'
p79
I54
sS'haha'
p80
I36
sS'hurt'
p81
I54
sS'phone'
p82
I51
sS'championships'
p83
I55
sS'authentically'
p84
I55
sS'must'
p85
I55
sS'shoot'
p86
I54
sS'join'
p87
I55
sS'wore'
p88
I55
sS'work'
p89
I48
sS'cant'
p90
I54
sS'mj'
p91
I55
sS'movies'
p92
I54
sS'cuddle'
p93
I54
sS'era'
p94
I55
sS'tagalog'
p95
I54
sS'im'
p96
I51
sS'hansen'
p97
I55
sS'root'
p98
I55
sS'saturday'
p99
I55
sS'wana'
p100
I53
sS'give'
p101
I52
sS'tonightttt'
p102
I55
sS'stressing'
p103
I55
sS'veggies'
p104
I55
sS'want'
p105
I25
sS'montebello'
p106
I53
sS'hoe'
p107
I52
sS'end'
p108
I54
sS'sitting'
p109
I53
sS'far'
p110
I53
sS'hot'
p111
I52
sS'hop'
p112
I55
sS'beach'
p113
I55
sS'pizza'
p114
I55
sS'badly'
p115
I55
sS'horoscope'
p116
I55
sS'bday'
p117
I53
sS'insecure'
p118
I55
sS'after'
p119
I48
sS'wrong'
p120
I53
sS'president'
p121
I55
sS'complacent'
p122
I55
sS'wins'
p123
I55
sS'appreciate'
p124
I53
sS'think'
p125
I45
sS'bought...mom'
p126
I55
sS'anita'
p127
I55
sS'keeps'
p128
I55
sS'worst'
p129
I52
sS'order'
p130
I55
sS'feedback'
p131
I55
sS'over'
p132
I46
sS'clapped'
p133
I55
sS'before'
p134
I53
sS'ima'
p135
I53
sS'personal'
p136
I55
sS'better'
p137
I51
sS'imy'
p138
I55
sS'then'
p139
I48
sS'them'
p140
I53
sS'woken'
p141
I55
sS"we'll"
p142
I55
sS'thurrr'
p143
I55
sS'break'
p144
I55
sS'they'
p145
I48
sS'schools'
p146
I55
sS'one'
p147
I26
sS'newport'
p148
I55
sS'each'
p149
I55
sS'went'
p150
I53
sS'mean'
p151
I49
sS'taught'
p152
I54
sS'forgot'
p153
I55
sS'message'
p154
I51
sS'rt'
p155
I54
sS'gon'
p156
I54
sS'driving'
p157
I52
sS'god'
p158
I49
sS'hooked'
p159
I54
sS'content'
p160
I55
sS'representationwhite'
p161
I55
sS'laid'
p162
I55
sS'smh'
p163
I53
sS'surprise'
p164
I54
sS'rn'
p165
I47
sS"doesn't"
p166
I50
sS'little'
p167
I50
sS'carried'
p168
I55
sS'rain'
p169
I55
sS'wanted'
p170
I55
sS'ate'
p171
I52
sS'created'
p172
I55
sS'starts'
p173
I55
sS'days'
p174
I51
sS'flawless'
p175
I55
sS'scheme'
p176
I55
sS'(at'
p177
I55
sS'already'
p178
I51
sS'wass'
p179
I55
sS'wash'
p180
I55
sS'warped'
p181
I55
sS'another'
p182
I53
sS'basketball'
p183
I54
sS'top'
p184
I55
sS'girls'
p185
I54
sS'needed'
p186
I55
sS'master'
p187
I55
sS'too'
p188
I40
sS'hollywood'
p189
I55
sS'555\xe2\x80\xa6'
p190
I55
sS'dogs'
p191
I55
sS'listen'
p192
I55
sS'tooo'
p193
I55
sS'serve'
p194
I55
sS'took'
p195
I54
sS'jennica'
p196
I55
sS'distance'
p197
I55
sS'shoutouts'
p198
I55
sS'bloated'
p199
I55
sS'aztec'
p200
I55
sS'nations'
p201
I55
sS'don\xe2\x80\x99t'
p202
I55
sS'classes'
p203
I55
sS'spoiled'
p204
I55
sS'feeling'
p205
I52
sS'mini'
p206
I55
sS'1974'
p207
I55
sS"michael's"
p208
I55
sS'mind'
p209
I54
sS'mine'
p210
I55
sS'talking'
p211
I53
sS'rap'
p212
I53
sS'seen'
p213
I52
sS'seem'
p214
I55
sS'mins'
p215
I55
sS'ray'
p216
I55
sS'shorts'
p217
I55
sS'-'
p218
I54
sS'snow'
p219
I55
sS'brandon'
p220
I55
sS'edge'
p221
I55
sS'reals'
p222
I55
sS'blue'
p223
I55
sS'nobody'
p224
I55
sS'though'
p225
I52
sS'fasfa'
p226
I55
sS'dmed'
p227
I55
sS'germany'
p228
I54
sS'daywith'
p229
I55
sS'romo'
p230
I52
sS'now??\xe2\x80\x9d'
p231
I55
sS'episode'
p232
I51
sS'alumni'
p233
I55
sS'dog'
p234
I55
sS'crowd'
p235
I55
sS'definitely'
p236
I54
sS'aunt'
p237
I55
sS'entertaining'
p238
I55
sS'came'
p239
I55
sS'saying'
p240
I55
sS'bomb'
p241
I55
sS'lyrics'
p242
I55
sS'llamas'
p243
I55
sS'nominated'
p244
I54
sS'pops'
p245
I55
sS"lin's"
p246
I55
sS'busy'
p247
I54
sS'cousins'
p248
I55
sS'appreciated'
p249
I55
sS'rich'
p250
I55
sS'gods'
p251
I55
sS'lacma'
p252
I55
sS'wearing'
p253
I55
sS'do'
p254
I28
sS'viviendas'
p255
I55
sS'10'
p256
I55
sS'de'
p257
I55
sS'watch'
p258
I52
sS'da'
p259
I55
sS'haunted'
p260
I55
sS'report'
p261
I55
sS'nasty'
p262
I54
sS'dr'
p263
I55
sS'protecter'
p264
I55
sS'bad'
p265
I46
sS'bae'
p266
I50
sS'bah'
p267
I55
sS'reread'
p268
I55
sS'fair'
p269
I53
sS'w/'
p270
I54
sS'best'
p271
I48
sS'brazil'
p272
I54
sS'said'
p273
I45
sS'lots'
p274
I55
sS'away'
p275
I52
sS'touched.,91770\n494717272917696512,vega_mario626,2014-07-31'
p276
I55
sS'bien'
p277
I55
sS'score'
p278
I54
sS'hopefully'
p279
I53
sS'est\xc3\xbapida'
p280
I55
sS'lazy'
p281
I55
sS'oomf'
p282
I54
sS'omg'
p283
I44
sS'zone)'
p284
I55
sS'weak'
p285
I55
sS'boss'
p286
I55
sS'omw'
p287
I55
sS'wtf'
p288
I54
sS'wth'
p289
I55
sS'news'
p290
I55
sS'creds'
p291
I55
sS'kitchen'
p292
I55
sS'goddess'
p293
I55
sS'met'
p294
I54
sS'veey'
p295
I55
sS'against'
p296
I55
sS'asked'
p297
I55
sS'had'
p298
I49
sS'2nd'
p299
I55
sS'tony'
p300
I52
sS'bathroom'
p301
I55
sS'seein'
p302
I55
sS'beef'
p303
I54
sS'"you'
p304
I55
sS'cockroaches'
p305
I55
sS'mizuno'
p306
I55
sS'been'
p307
I50
sS'bothers'
p308
I54
sS'beer'
p309
I55
sS'much'
p310
I44
sS'puta'
p311
I55
sS'gauuuyyss'
p312
I55
sS'life'
p313
I49
sS'easy'
p314
I55
sS'relaxing'
p315
I55
sS'you\xe2\x98\xba\xef\xb8\x8f'
p316
I55
sS'real.\xe2\x80\x9di'
p317
I55
sS'ariana'
p318
I55
sS'catch'
p319
I54
sS'worked'
p320
I55
sS'haters'
p321
I55
sS'chill'
p322
I54
sS'applied'
p323
I55
sS'tank'
p324
I54
sS'19:47:41.0,34.0697161,-118.0967628,4823.03,i'
p325
I55
sS'n'
p326
I54
sS'ugly'
p327
I53
sS'ugliest'
p328
I55
sS',91770\n494719449451073536,vega_mario626,2014-07-31'
p329
I55
sS'cracked'
p330
I55
sS'played'
p331
I55
sS'is'
p332
I7
sS'it'
p333
I11
sS'ik'
p334
I55
sS'theature'
p335
I55
sS'in'
p336
I14
sS'id'
p337
I55
sS'ig'
p338
I55
sS'if'
p339
I32
sS'grown'
p340
I55
sS'memorial'
p341
I55
sS'perform'
p342
I55
sS'things'
p343
I50
sS'make'
p344
I50
sS'your"'
p345
I55
sS'hahah'
p346
I53
sS'wheel'
p347
I55
sS'evil'
p348
I55
sS'hand'
p349
I54
sS'kim'
p350
I54
sS'jealous'
p351
I55
sS'cold\xe2\x9d\x84\xef\xb8\x8f\xe2\x9d\x84\xef\xb8\x8f\xe2\x9d\x84\xef\xb8\x8f\xe2\x9d\x84\xef\xb8\x8f'
p352
I55
sS'opportunity'
p353
I55
sS'kid'
p354
I55
sS'butter'
p355
I55
sS'dylan'
p356
I55
sS'mio'
p357
I55
sS'youre'
p358
I55
sS'80%'
p359
I55
sS'tho'
p360
I54
sS'savings'
p361
I55
sS'hearts'
p362
I55
sS'the'
p363
I5
sS'yours'
p364
I55
sS'tha'
p365
I55
sS'left'
p366
I51
sS'leagues'
p367
I55
sS'just'
p368
I17
sS'yea'
p369
I49
sS'photo'
p370
I55
sS'unfollow'
p371
I55
sS'sleepy'
p372
I54
sS'unfair'
p373
I55
sS'hahahha'
p374
I55
sS'psych'
p375
I55
sS'thanks'
p376
I45
sS'yes'
p377
I52
sS'yet'
p378
I55
sS'hah'
p379
I55
sS',91770\n482973629697630208,joetothehoee,2014-06-28'
p380
I55
sS'josh'
p381
I55
sS'hay'
p382
I55
sS'ooooo'
p383
I55
sS'has'
p384
I45
sS'gave'
p385
I54
sS'breaky'
p386
I55
sS'vanessa'
p387
I55
sS'scantrons'
p388
I55
sS'cultural'
p389
I55
sS'melting'
p390
I55
sS'night'
p391
I49
sS'right'
p392
I36
sS'old'
p393
I51
sS'jackets'
p394
I55
sS'deal'
p395
I54
sS'people'
p396
I43
sS'understand'
p397
I54
sS'somehow'
p398
I55
sS'dead'
p399
I54
sS'\xe0\xb8\xaa\xe0\xb8\xb8\xe0\xb8\x82\xe0\xb8\xaa\xe0\xb8\xb1\xe0\xb8\x99\xe0\xb8\x95\xe0\xb9\x8c\xe0\xb8\xa7\xe0\xb8\xb1\xe0\xb8\x99\xe0\xb9\x80\xe0\xb8\x81\xe0\xb8\xb4\xe0\xb8\x94\xe0\xb8\x99\xe0\xb8\xb0\xe0\xb9\x80\xe0\xb8\xa7\xe0\xb9\x89\xe0\xb8\xa2\xe0\xb9\x84\xe0\xb8\xad\xe0\xb9\x88\xe0\xb8\x9e\xe0\xb8\xa7\xe0\xb8\x81\xe0\xb9\x80\xe0\xb8\x9e\xe0\xb8\xb7\xe0\xb9\x88\xe0\xb8\xad\xe0\xb8\x99\xe0\xb8\xa3\xe0\xb8\xb1\xe0\xb8\x81'
p400
I55
sS'kbbq'
p401
I55
sS'vato'
p402
I55
sS'creep'
p403
I55
sS'confusing'
p404
I55
sS"daddy's"
p405
I55
sS'for'
p406
I16
sS'icc'
p407
I55
sS'ice'
p408
I55
sS'everything'
p409
I49
sS'asking'
p410
I55
sS'foo'
p411
I53
sS'very*'
p412
I55
sS'plz'
p413
I55
sS'baha'
p414
I55
sS'burp'
p415
I55
sS'post'
p416
I55
sS'pll'
p417
I55
sS'super'
p418
I54
sS'yelling'
p419
I53
sS'dollars'
p420
I54
sS'months'
p421
I55
sS'o'
p422
I55
sS'dinner'
p423
I55
sS'plus'
p424
I54
sS'nerve'
p425
I55
sS'aha'
p426
I55
sS'soo'
p427
I54
sS'ppl'
p428
I53
sS'down'
p429
I49
sS'soy'
p430
I55
sS'rely'
p431
I55
sS'trashy*'
p432
I55
sS'heheh'
p433
I55
sS'amazingly'
p434
I55
sS'down..lol'
p435
I55
sS'fight'
p436
I54
sS'silveroak'
p437
I55
sS'way'
p438
I51
sS'music'
p439
I55
sS'was'
p440
I23
sS'happy'
p441
I44
sS'head'
p442
I50
sS'form'
p443
I55
sS'forming'
p444
I55
sS'fireworks'
p445
I55
sS'aspca'
p446
I55
sS'notifications'
p447
I55
sS'heat'
p448
I55
sS'uncle'
p449
I55
sS'idgaf'
p450
I55
sS'true'
p451
I53
sS'ardi\xc3\xb3'
p452
I55
sS'happen'
p453
I54
sS'inside'
p454
I55
sS'until'
p455
I55
sS'crystal'
p456
I54
sS'delete'
p457
I54
sS'passenger'
p458
I55
sS'tesla'
p459
I55
sS'cleats'
p460
I53
sS'drive'
p461
I55
sS'annoying'
p462
I53
sS'trip'
p463
I54
sS'shit'
p464
I42
sS'aunts'
p465
I54
sS'floor'
p466
I55
sS'when'
p467
I33
sS'actor'
p468
I55
sS'til'
p469
I55
sS'tooooo'
p470
I55
sS'role'
p471
I55
sS'tie'
p472
I55
sS'tic'
p473
I55
sS'scored'
p474
I55
sS'picture'
p475
I51
sS'brothers'
p476
I55
sS'felt'
p477
I55
sS"let's"
p478
I54
sS'fell'
p479
I55
sS'07:12:47.0,34.0685282,-118.100342,4823.03,i'
p480
I55
sS'05:41:22.0,34.0685284,-118.1003445,4823.03,technology'
p481
I55
sS'weekend'
p482
I55
sS'fuuuckkk'
p483
I55
sS'together'
p484
I55
sS'time'
p485
I39
sS'paige'
p486
I55
sS'songs'
p487
I55
sS':/'
p488
I52
sS':('
p489
I52
sS':)'
p490
I49
sS'chair'
p491
I55
sS'penal'
p492
I54
sS'ranchito'
p493
I55
sS'finally'
p494
I53
sS'hola'
p495
I55
sS'marks'
p496
I55
sS'me'
p497
I9
sS':d'
p498
I55
sS'dez'
p499
I55
sS'vegas'
p500
I55
sS'ma'
p501
I55
sS'trouble'
p502
I55
sS'blast'
p503
I55
sS':p'
p504
I55
sS'minute'
p505
I55
sS'cool'
p506
I49
sS'dim'
p507
I55
sS'it.\xe2\x80\x9drft'
p508
I55
sS'did'
p509
I45
sS'die'
p510
I54
sS'posts'
p511
I55
sS'brother'
p512
I53
sS'leave'
p513
I50
sS'team'
p514
I53
sS'quick'
p515
I55
sS'loads'
p516
I55
sS'unexpected'
p517
I55
sS'says'
p518
I54
sS'porn'
p519
I55
sS'inconsequential'
p520
I55
sS'shirts'
p521
I55
sS'too,91770\n494381736134840321,vega_mario626,2014-07-30'
p522
I55
sS'patient'
p523
I55
sS'goes'
p524
I54
sS'reply'
p525
I55
sS'badge'
p526
I55
sS'kelsey'
p527
I55
sS'transportation'
p528
I55
sS'water'
p529
I55
sS'2:30'
p530
I55
sS'upgrade'
p531
I55
sS'alone'
p532
I53
sS'along'
p533
I55
sS'appears'
p534
I55
sS'change'
p535
I54
sS'wait'
p536
I50
sS'box'
p537
I55
sS'boy'
p538
I54
sS'shift'
p539
I54
sS'studied'
p540
I55
sS'guilty'
p541
I55
sS'screamin'
p542
I55
sS'government.,91770\n494380066487283712,vega_mario626,2014-07-30'
p543
I55
sS'boo'
p544
I54
sS'weird'
p545
I55
sS'massage'
p546
I55
sS'hooooot'
p547
I55
sS'love'
p548
I35
sS'lasts'
p549
I55
sS'fake'
p550
I54
sS'everybody'
p551
I55
sS'working'
p552
I50
sS'prove'
p553
I55
sS'positive'
p554
I55
sS'angry'
p555
I55
sS'dude'
p556
I47
sS'only'
p557
I40
sS'live'
p558
I55
sS'jam'
p559
I55
sS'ayy'
p560
I54
sS'iphone'
p561
I55
sS'ahhh'
p562
I55
sS'rosemead'
p563
I50
sS'today'
p564
I47
sS'loving'
p565
I55
sS'elysiaadi'
p566
I55
sS'club'
p567
I55
sS'downtown'
p568
I55
sS'everywhere'
p569
I55
sS'\xe2\x9d\xa4\xef\xb8\x8f\xe2\x9d\xa4\xef\xb8\x8f'
p570
I55
sS'afff'
p571
I55
sS'alllllll'
p572
I55
sS'car'
p573
I52
sS'hardest'
p574
I55
sS'can'
p575
I39
sS'growing'
p576
I55
sS'making'
p577
I54
sS'heart'
p578
I54
sS'crazy'
p579
I53
sS'nursing'
p580
I55
sS'december'
p581
I54
sS'awesome'
p582
I55
sS'\xe2\x9a\xa0'
p583
I55
sS"didn't"
p584
I48
sS'fuck'
p585
I43
sS'heard'
p586
I51
sS'offense'
p587
I55
sS'listens'
p588
I55
sS'winter'
p589
I55
sS'watching'
p590
I51
sS'write'
p591
I54
sS'till'
p592
I52
sS'sunday'
p593
I55
sS'skater'
p594
I55
sS'mannnngggg'
p595
I55
sS'cocktail'
p596
I55
sS'cuhz'
p597
I55
sS'spot'
p598
I55
sS'birthday'
p599
I50
sS'mad'
p600
I54
sS'mah'
p601
I55
sS'suck'
p602
I55
sS'zumwalt'
p603
I55
sS'guys'
p604
I47
sS'man'
p605
I54
sS'remember'
p606
I54
sS'candles'
p607
I55
sS'bean'
p608
I55
sS'zoootedd'
p609
I55
sS'so'
p610
I10
sS'sg'
p611
I54
sS'blowup'
p612
I55
sS'talk'
p613
I46
sS'cute'
p614
I51
sS'eastbay'
p615
I55
sS'years'
p616
I52
sS'still'
p617
I50
sS'blocked'
p618
I55
sS'gta'
p619
I54
sS'group'
p620
I55
sS'thank'
p621
I40
sS"he's"
p622
I49
sS'interesting'
p623
I55
sS'amazing'
p624
I54
sS'window'
p625
I55
sS'tweets'
p626
I54
sS'non'
p627
I55
sS'views'
p628
I55
sS'moms'
p629
I54
sS'and...check'
p630
I55
sS'underneath'
p631
I55
sS'lunch'
p632
I54
sS'not'
p633
I28
sS'now'
p634
I33
sS'ketchup'
p635
I55
sS'name'
p636
I54
sS'james'
p637
I55
sS'drop'
p638
I54
sS'el'
p639
I54
sS'en'
p640
I52
sS'lowkey'
p641
I55
sS'ed'
p642
I55
sS'yeah'
p643
I54
sS'catching'
p644
I55
sS'yeap'
p645
I54
sS'year'
p646
I51
sS'girl'
p647
I47
sS'obsession'
p648
I55
sS'meyour'
p649
I55
sS'fu'
p650
I55
sS'exclamation'
p651
I55
sS'living'
p652
I55
sS'opened'
p653
I55
sS'lebron'
p654
I55
sS'thirst'
p655
I55
sS'looking'
p656
I55
sS'mess'
p657
I54
sS'seriously'
p658
I53
sS'friends*'
p659
I55
sS'internet'
p660
I54
sS'shows'
p661
I55
sS'11:54'
p662
I55
sS'california'
p663
I54
sS'remainder'
p664
I55
sS'card'
p665
I55
sS'care'
p666
I52
sS'honest'
p667
I55
sS'thing'
p668
I48
sS'messico\xe2\x80\x9d'
p669
I55
sS'sho'
p670
I55
sS'childhood'
p671
I55
sS'first'
p672
I53
sS'guessing'
p673
I55
sS'xd'
p674
I54
sS'yourself'
p675
I54
sS'your\xe2\x80\xa6'
p676
I55
sS'clumsy'
p677
I55
sS'long'
p678
I51
sS'spanish'
p679
I52
sS'carry'
p680
I55
sS'sounds'
p681
I54
sS'tomorrow'
p682
I48
sS'given'
p683
I55
sS'anyone'
p684
I55
sS'bahahah'
p685
I55
sS'2'
p686
I48
sS'stuffed'
p687
I55
sS'friend'
p688
I54
sS'that'
p689
I12
sS'huh'
p690
I54
sS'ridiculous'
p691
I55
sS'butt'
p692
I54
sS'assssss'
p693
I55
sS'flowers'
p694
I55
sS'than'
p695
I53
sS'boyfriend'
p696
I52
sS'11'
p697
I55
sS'wide'
p698
I55
sS'13'
p699
I55
sS'12'
p700
I54
sS'15'
p701
I54
sS'lmao'
p702
I42
sS'depressed'
p703
I54
sS'were'
p704
I51
sS'asleep'
p705
I55
sS'and'
p706
I6
sS'coconut'
p707
I55
sS'san'
p708
I54
sS'pooopp'
p709
I55
sS'correction'
p710
I55
sS'sad'
p711
I55
sS'woah'
p712
I52
sS'say'
p713
I48
sS'saw'
p714
I53
sS'any'
p715
I53
sS'kush'
p716
I55
sS'coliseum'
p717
I55
sS'omfg'
p718
I55
sS'take'
p719
I51
sS'interior'
p720
I55
sS'performance'
p721
I55
sS'sure'
p722
I55
sS'altered'
p723
I55
sS'freshmen'
p724
I55
sS'knee'
p725
I54
sS'america'
p726
I55
sS'michelle'
p727
I54
sS'forever'
p728
I53
sS'room'
p729
I55
sS'diversity'
p730
I55
sS'later'
p731
I54
sS'hungry'
p732
I52
sS'senior'
p733
I54
sS'walking'
p734
I53
sS'\xe2\x9c\xa8'
p735
I54
sS'show'
p736
I52
sS'mains'
p737
I55
sS'convos'
p738
I55
sS'estoy'
p739
I55
sS'slow'
p740
I55
sS'\xe2\x9c\x8b'
p741
I53
sS'dick'
p742
I55
sS'tears'
p743
I55
sS'going'
p744
I33
sS'black'
p745
I54
sS'get'
p746
I35
sS'truly'
p747
I55
sS'dye'
p748
I55
sS'awaiting'
p749
I55
sS'freaking'
p750
I55
sS'pimp'
p751
I55
sS'artist'
p752
I55
sS'morning'
p753
I53
sS'naked'
p754
I55
sS'stupid'
p755
I50
sS"could've"
p756
I55
sS'worries'
p757
I55
sS'miley'
p758
I55
sS'pants'
p759
I55
sS'where'
p760
I55
sS"y'all"
p761
I54
sS'lyft'
p762
I55
sS'concert'
p763
I54
sS'espn'
p764
I55
sS'cocktails'
p765
I55
sS'college'
p766
I55
sS'anyways'
p767
I54
sS'estamos'
p768
I55
sS'wonder'
p769
I54
sS'"is'
p770
I55
sS'enough'
p771
I55
sS'07:19:25.0,34.0685069,-118.1003366,4823.03,you'
p772
I55
sS'messed'
p773
I54
sS'screen'
p774
I55
sS'js'
p775
I55
sS'como'
p776
I55
sS'jk'
p777
I52
sS'singers'
p778
I55
sS'article'
p779
I55
sS'killing'
p780
I55
sS'come'
p781
I46
sS'reaction'
p782
I55
sS'fastrak'
p783
I55
sS'talented'
p784
I55
sS'many'
p785
I52
sS'tour'
p786
I55
sS'wheels'
p787
I55
sS'burnsssss'
p788
I55
sS"can't"
p789
I34
sS'gangnam'
p790
I55
sS'pot'
p791
I55
sS'hurts'
p792
I55
sS'pop'
p793
I55
sS'3000'
p794
I55
sS'fauria'
p795
I55
sS'west'
p796
I55
sS'cared'
p797
I55
sS'helicopter'
p798
I55
sS'hardly'
p799
I55
sS'500'
p800
I55
sS'schoolboy'
p801
I55
sS'wants'
p802
I54
sS'shopping'
p803
I54
sS'wake'
p804
I53
sS'those'
p805
I51
sS'sound'
p806
I55
sS'myself'
p807
I50
sS'these'
p808
I54
sS'trick'
p809
I55
sS'ratchet'
p810
I55
sS'cock'
p811
I54
sS'rubbing'
p812
I55
sS'coffee'
p813
I53
sS'sleeping'
p814
I53
sS'couples'
p815
I55
sS'sudden'
p816
I55
sS'wisely'
p817
I55
sS'everyday'
p818
I52
sS'worry'
p819
I53
sS'different'
p820
I55
sS'same'
p821
I52
sS'food'
p822
I51
sS"o'brien"
p823
I55
sS'coworkers'
p824
I55
sS'stepped'
p825
I55
sS'emojis'
p826
I55
sS'week'
p827
I47
sS'drives'
p828
I55
sS'weed'
p829
I55
sS'cheers'
p830
I55
sS'running'
p831
I55
sS'totally'
p832
I55
sS'\xe2\x9c\x8c\xef\xb8\x8f'
p833
I54
sS'dying'
p834
I52
sS'no'
p835
I27
sS'without'
p836
I55
sS'comes'
p837
I55
sS'"friends"'
p838
I55
sS'bumping'
p839
I55
sS'bodies'
p840
I55
sS'parody'
p841
I55
sS'taxi'
p842
I55
sS'summer'
p843
I52
sS'\xe2\x98\xba\xef\xb8\x8f'
p844
I54
sS'being'
p845
I44
sS'money'
p846
I55
sS'(i'
p847
I55
sS'kill'
p848
I54
sS'touch'
p849
I54
sS'grounded'
p850
I55
sS'ny'
p851
I55
sS'thinking'
p852
I52
sS'seems'
p853
I55
sS'laboratorio'
p854
I55
sS'it\xe2\x80\x99s'
p855
I55
sS'color'
p856
I55
sS'lets'
p857
I54
sS'ahhhh'
p858
I55
sS'4'
p859
I54
sS'ross'
p860
I55
sS'real'
p861
I51
sS'starving'
p862
I55
sS'around'
p863
I55
sS'kills'
p864
I55
sS'read'
p865
I54
sS'admitting'
p866
I55
sS'traffic'
p867
I54
sS'listening'
p868
I55
sS'(-'
p869
I55
sS'world'
p870
I55
sS'disappointed'
p871
I55
sS'b/c'
p872
I55
sS'bracelet'
p873
I55
sS'audience'
p874
I55
sS'either'
p875
I51
sS'passionate'
p876
I55
sS'laugh'
p877
I54
sS'envidia'
p878
I55
sS'thinks'
p879
I55
sS'gross'
p880
I54
sS'mood'
p881
I54
sS'stops'
p882
I54
sS'hipster'
p883
I55
sS'smush'
p884
I55
sS'abercrombie'
p885
I55
sS'l8z'
p886
I55
sS'football'
p887
I55
sS'asap'
p888
I54
sS'lmfao'
p889
I55
sS'larios'
p890
I55
sS'skrillex'
p891
I55
sS":'-)"
p892
I55
sS'^_^'
p893
I55
sS'culero'
p894
I55
sS'terrified'
p895
I55
sS';)'
p896
I55
sS'throw'
p897
I52
sS'on'
p898
I22
sS'central'
p899
I55
sS'oh'
p900
I46
sS'og'
p901
I54
sS'of'
p902
I16
sS'favorite'
p903
I54
sS'wolf'
p904
I54
sS'neighbor'
p905
I55
sS'chow'
p906
I55
sS'luck'
p907
I55
sS'or'
p908
I39
sS'road'
p909
I55
sS'burning'
p910
I55
sS'blessed'
p911
I55
sS'snapchat'
p912
I52
sS'skunks'
p913
I55
sS'shiet'
p914
I55
sS'your'
p915
I26
sS'her'
p916
I52
sS'distracted'
p917
I55
sS'hey'
p918
I54
sS'lol'
p919
I8
sS'los'
p920
I54
sS'weirdooooooo'
p921
I55
sS'lot'
p922
I52
sS'well\xe2\x98\xba\xef\xb8\x8f\xe2\x98\xba\xef\xb8\x8f'
p923
I55
sS'mornings'
p924
I55
sS'fricken'
p925
I55
sS'trying'
p926
I50
sS'with'
p927
I15
sS'handsome'
p928
I55
sS"they're"
p929
I55
sS'romantic'
p930
I55
sS"wasn't"
p931
I53
sS'images)'
p932
I55
sS'niece\xe2\x9d\xa4\xef\xb8\x8f\xe2\x98\xba\xef\xb8\x8f'
p933
I55
sS'gone'
p934
I52
sS'ac'
p935
I55
sS'taylor'
p936
I55
sS'mind."'
p937
I55
sS'af'
p938
I53
sS'exhausted'
p939
I54
sS'ah'
p940
I55
sS'am'
p941
I43
sS'an'
p942
I49
sS'as'
p943
I41
sS'at'
p944
I20
sS'aw'
p945
I54
sS'tahah'
p946
I55
sS'fill'
p947
I55
sS'again'
p948
I54
sS'deserve'
p949
I53
sS'graduate'
p950
I55
sS'roses'
p951
I55
sS'5'
p952
I55
sS'hmu'
p953
I55
sS'you'
p954
I4
sS'puppy'
p955
I55
sS'poor'
p956
I55
sS'shelter'
p957
I55
sS'spoilers'
p958
I55
sS'carpenter'
p959
I55
sS'important'
p960
I55
sS'terry'
p961
I55
sS'included'
p962
I55
sS'pool'
p963
I55
sS'missed'
p964
I55
sS'calls'
p965
I54
sS"jelly's"
p966
I55
sS'odds'
p967
I55
sS'wifi'
p968
I55
sS'ratted'
p969
I55
sS'u'
p970
I43
sS'adam'
p971
I55
sS'alright'
p972
I48
sS'all'
p973
I38
sS'forget'
p974
I55
sS'chinese'
p975
I55
sS'lack'
p976
I54
sS'dollar'
p977
I55
sS'month'
p978
I52
sS'commute'
p979
I55
sS'talks'
p980
I54
sS'pts'
p981
I54
sS'hmmm'
p982
I55
sS'do\xe2\x98\xba\xef\xb8\x8f'
p983
I55
sS'tu'
p984
I55
sS'thursday'
p985
I55
sS'to'
p986
I3
sS'tf'
p987
I55
sS'smile'
p988
I55
sS'td'
p989
I55
sS'te'
p990
I55
sS'song'
p991
I51
sS'very'
p992
I50
sS'fat'
p993
I54
sS'fan'
p994
I55
sS'fall'
p995
I54
sS'ticket'
p996
I55
sS'fag'
p997
I55
sS'treating'
p998
I55
sS'<33'
p999
I55
sS'--'
p1000
I55
sS'right?me'
p1001
I55
sS"i'll"
p1002
I46
sS'favor\xe2\x80\xa6'
p1003
I55
sS'ten'
p1004
I55
sS'past'
p1005
I54
sS'tonedef-'
p1006
I55
sS'design'
p1007
I55
sS'pass'
p1008
I55
sS'what'
p1009
I34
sS'sun'
p1010
I55
sS'sum'
p1011
I55
sS'fucks'
p1012
I55
sS'run'
p1013
I53
sS'timeline'
p1014
I55
sS'nurse'
p1015
I55
sS'public'
p1016
I55
sS'witchu'
p1017
I55
sS'full'
p1018
I54
sS'varias'
p1019
I55
sS'hours'
p1020
I53
sS'moochie'
p1021
I55
sS'surfed'
p1022
I55
sS'chipped'
p1023
I55
sS'ohhhhh'
p1024
I55
sS'vic'
p1025
I55
sS'family'
p1026
I55
sS'pulls'
p1027
I55
sS'bruins'
p1028
I55
sS'emoji'
p1029
I55
sS'iglesias'
p1030
I55
sS'eye'
p1031
I53
sS'\xe0\xb8\xaa\xe0\xb8\xa3\xe0\xb8\xb8\xe0\xb8\x9b\xe0\xb8\xa7\xe0\xb9\x88\xe0\xb8\xb2\xe0\xb9\x80\xe0\xb8\x84\xe0\xb9\x89\xe0\xb8\xb2\xe0\xb8\x8a\xe0\xb9\x89\xe0\xb8\xb2\xe0\xb8\x81\xe0\xb8\xa7\xe0\xb9\x88\xe0\xb8\xb2\xe0\xb8\xaa\xe0\xb8\xad\xe0\xb8\x87\xe0\xb8\x8a\xe0\xb8\xa1.\xe0\xb9\x83\xe0\xb8\x8a\xe0\xb9\x88\xe0\xb8\xa1\xe0\xb9\x89\xe0\xb8\xb0'
p1032
I55
sS'levine'
p1033
I55
sS'texting'
p1034
I54
sS'two'
p1035
I54
sS'splash'
p1036
I55
sS'6'
p1037
I54
sS'injury'
p1038
I55
sS'*hint'
p1039
I55
sS'more'
p1040
I46
sS'teen'
p1041
I54
sS"ain't"
p1042
I54
sS'stick'
p1043
I55
sS'broke'
p1044
I53
sS'none'
p1045
I55
sS'science'
p1046
I55
sS'sucks'
p1047
I47
sS'thooooo'
p1048
I55
sS'mall'
p1049
I51
sS'learn'
p1050
I54
sS'beautiful'
p1051
I55
sS'embarrassing'
p1052
I55
sS'\xe2\x9a\xbe'
p1053
I55
sS'share'
p1054
I55
sS'veinte'
p1055
I55
sS'accept'
p1056
I55
sS'sike'
p1057
I55
sS'lolol'
p1058
I52
sS'confirmation'
p1059
I55
sS'sense'
p1060
I53
sS'dress'
p1061
I54
sS'needs'
p1062
I51
sS'nba/getty'
p1063
I55
sS'goal'
p1064
I54
sS'rather'
p1065
I55
sS'stayed'
p1066
I55
sS'wtttffff'
p1067
I55
sS'unattended'
p1068
I55
sS'sprinkle'
p1069
I55
sS'okay'
p1070
I40
sS'tried'
p1071
I52
sS'avitia'
p1072
I55
sS'brett'
p1073
I55
sS'questioning'
p1074
I55
sS'fa'
p1075
I55
sS'plane'
p1076
I55
sS'lighting'
p1077
I55
sS'blood'
p1078
I55
sS'coming'
p1079
I55
sS'response'
p1080
I55
sS'fo'
p1081
I55
sS'a'
p1082
I6
sS'loud'
p1083
I55
sS'register'
p1084
I55
sS'backkkkkkk'
p1085
I55
sS'anytime'
p1086
I55
sS'grande'
p1087
I55
sS'pleasure'
p1088
I55
sS'dream'
p1089
I52
sS'playing'
p1090
I52
sS"that's"
p1091
I42
sS'help'
p1092
I53
sS"don't"
p1093
I29
sS'brotha'
p1094
I55
sS'sooo'
p1095
I55
sS'soon'
p1096
I54
sS'trade'
p1097
I55
sS'rounder'
p1098
I55
sS'paper'
p1099
I55
sS'through'
p1100
I50
sS'hell'
p1101
I55
sS'its'
p1102
I52
sS'bummed'
p1103
I55
sS'25'
p1104
I55
sS'style'
p1105
I54
sS'20'
p1106
I54
sS'21'
p1107
I55
sS'actually'
p1108
I52
sS'late'
p1109
I53
sS'blenders'
p1110
I55
sS'argentina'
p1111
I55
sS'might'
p1112
I55
sS"haven't"
p1113
I53
sS'good'
p1114
I34
sS'return'
p1115
I55
sS'sucking'
p1116
I55
sS'yo'
p1117
I53
sS'ya'
p1118
I52
sS'uhm'
p1119
I54
sS'cupcake'
p1120
I55
sS"you've"
p1121
I55
sS'foot'
p1122
I55
sS'meheeco'
p1123
I55
sS'bigger'
p1124
I55
sS'bryan'
p1125
I55
sS'always'
p1126
I50
sS'bless'
p1127
I55
sS'someone'
p1128
I49
sS'stopped'
p1129
I55
sS'dorrado'
p1130
I55
sS'marry'
p1131
I55
sS"isn't"
p1132
I52
sS'2k'
p1133
I55
sS'everyone'
p1134
I51
sS'house'
p1135
I54
sS'energy'
p1136
I55
sS'hard'
p1137
I50
sS'idea'
p1138
I55
sS'accidentally'
p1139
I55
sS'\xe0\xb9\x80\xe0\xb8\x88\xe0\xb8\xad\xe0\xb8\x81\xe0\xb8\xb1\xe0\xb8\x99\xe0\xb8\xab\xe0\xb8\xa7\xe0\xb9\x88\xe0\xb8\xb0\xe0\xb9\x80\xe0\xb8\x9e\xe0\xb8\xb7\xe0\xb9\x88\xe0\xb8\xad\xe0\xb8\x99\xe2\x80\xa6'
p1140
I55
sS'event'
p1141
I55
sS'really'
p1142
I34
sS'express!"'
p1143
I55
sS'alcohol'
p1144
I55
sS'\xe0\xb9\x81\xe0\xb8\x96\xe0\xb8\xa1\xe0\xb9\x84\xe0\xb8\xad\xe0\xb8\x84\xe0\xb8\x99\xe0\xb8\x99\xe0\xb8\xb1\xe0\xb9\x89\xe0\xb8\x99\xe0\xb8\xa1\xe0\xb8\xb1\xe0\xb8\x99\xe0\xb8\x9a\xe0\xb8\xb4\xe0\xb8\x99\xe0\xb8\x95\xe0\xb8\xb2\xe0\xb8\xa1\xe0\xb8\xa1\xe0\xb8\xb2\xe0\xb9\x83\xe0\xb8\xab\xe0\xb9\x89\xe0\xb9\x81\xe0\xb8\xae\xe0\xb8\x9b\xe0\xb8\x96\xe0\xb8\xb6\xe0\xb8\x87la\xe0\xb9\x80\xe0\xb8\xa5\xe0\xb8\xa2'
p1145
I55
sS'childish'
p1146
I55
sS'since'
p1147
I52
sS'hill'
p1148
I55
sS'ass'
p1149
I51
sS'pathetic'
p1150
I55
sS'monotone'
p1151
I55
sS'friday'
p1152
I54
sS'cookie'
p1153
I55
sS'fatass'
p1154
I55
sS'put'
p1155
I55
sS'guy'
p1156
I55
sS'blister'
p1157
I55
sS'oppa'
p1158
I55
sS'w'
p1159
I55
sS'thhhhaaanng'
p1160
I55
sS'dont'
p1161
I54
sS'feel'
p1162
I41
sS'number'
p1163
I55
sS'welcome'
p1164
I54
sS'dust'
p1165
I55
sS'done'
p1166
I50
sS'colombia'
p1167
I55
sS'kobe'
p1168
I55
sS'miss'
p1169
I41
sS'passes'
p1170
I55
sS'guess'
p1171
I51
sS'"'
p1172
I54
sS'introduction'
p1173
I55
sS'5th'
p1174
I55
sS'least'
p1175
I54
sS'mama'
p1176
I55
sS'hundred'
p1177
I55
sS'selling'
p1178
I55
sS'relationship'
p1179
I55
sS'hurrrr'
p1180
I55
sS'park'
p1181
I54
sS'part'
p1182
I55
sS'zeppelin'
p1183
I55
sS'king'
p1184
I55
sS'kind'
p1185
I54
sS'b'
p1186
I54
sS'gotten'
p1187
I55
sS't-_-t'
p1188
I55
sS'youth'
p1189
I55
sS'marriage'
p1190
I55
sS'supposed'
p1191
I55
sS'dang'
p1192
I55
sS'toe'
p1193
I55
sS'basically'
p1194
I55
sS'sentences'
p1195
I55
sS'my'
p1196
I5
sS'lie'
p1197
I55
sS'dancing'
p1198
I55
sS'lil'
p1199
I52
sS'samoan'
p1200
I54
sS'also'
p1201
I55
sS'charro'
p1202
I55
sS'sherry'
p1203
I55
sS'play'
p1204
I53
sS'experienced'
p1205
I55
sS'soul-searching'
p1206
I55
sS'reach'
p1207
I54
sS'most'
p1208
I49
sS'experiences'
p1209
I55
sS'plan'
p1210
I55
sS'nothing'
p1211
I52
sS'sleeping...strange'
p1212
I55
sS'funnier'
p1213
I55
sS'happpppyyy'
p1214
I55
sS'"you\'re'
p1215
I55
sS'sometimes'
p1216
I55
sS'\xe2\x98\x80\xef\xb8\x8f'
p1217
I55
sS'lying'
p1218
I55
sS'stoner'
p1219
I55
sS'hyper'
p1220
I55
sS'mexico'
p1221
I53
sS'weho'
p1222
I55
sS'headlines'
p1223
I55
sS'find'
p1224
I50
sS'poppin'
p1225
I55
sS'pretty'
p1226
I47
sS'8'
p1227
I55
sS'moses'
p1228
I55
sS'hip'
p1229
I54
sS'his'
p1230
I50
sS'hit'
p1231
I55
sS'beyonc\xc3\xa9'
p1232
I55
sS'(courtesy'
p1233
I55
sS'famous'
p1234
I55
sS'feels'
p1235
I53
sS'during'
p1236
I55
sS'him'
p1237
I43
sS'boyfriend?"'
p1238
I55
sS'oxy'
p1239
I55
sS'cry'
p1240
I50
sS'dante'
p1241
I55
sS'maryjane'
p1242
I55
sS'double'
p1243
I55
sS'tourney'
p1244
I55
sS'bars'
p1245
I55
sS'set'
p1246
I54
sS'art'
p1247
I55
sS'maurice'
p1248
I55
sS'sex'
p1249
I54
sS'see'
p1250
I46
sS'dumb'
p1251
I53
sS'are'
p1252
I37
sS'close'
p1253
I55
sS'movie'
p1254
I54
sS'wow'
p1255
I51
sS'please'
p1256
I52
sS'won'
p1257
I54
sS'probably'
p1258
I54
sS'knowing'
p1259
I55
sS'solo'
p1260
I55
sS'korea'
p1261
I55
sS'recently'
p1262
I55
sS'responses'
p1263
I55
sS'chapstick'
p1264
I55
sS'uuu'
p1265
I55
sS'pisses'
p1266
I55
sS'sold'
p1267
I55
sS'attention'
p1268
I55
sS'both'
p1269
I54
sS'c'
p1270
I55
sS'10th'
p1271
I55
sS'last'
p1272
I50
sS'license'
p1273
I55
sS"wouldn't"
p1274
I53
sS'fustrated'
p1275
I55
sS'anos'
p1276
I55
sS'waaaahhh'
p1277
I55
sS'weirdo'
p1278
I55
sS'whole'
p1279
I55
sS'liked'
p1280
I55
sS'point'
p1281
I52
sS'sweet'
p1282
I54
sS'whatever'
p1283
I54
sS')-'
p1284
I55
sS'likes'
p1285
I55
sS'sammy'
p1286
I55
sS'crispy'
p1287
I55
sS'patiently'
p1288
I55
sS'duh'
p1289
I55
sS'ps'
p1290
I55
sS'pt'
p1291
I55
sS'underage'
p1292
I55
sS'political'
p1293
I54
sS'hitting'
p1294
I55
sS'describes'
p1295
I55
sS'damn'
p1296
I51
sS'pg'
p1297
I55
sS'donde'
p1298
I55
sS'woke'
p1299
I53
sS'vans'
p1300
I55
sS'gay'
p1301
I54
sS'fire'
p1302
I55
sS"what's"
p1303
I50
sS'tomorrowworld'
p1304
I55
sS'awake'
p1305
I54
sS"what'd"
p1306
I55
sS'sportcenter'
p1307
I55
sS'look'
p1308
I50
sS'raw'
p1309
I55
sS'frozen'
p1310
I55
sS'straight'
p1311
I55
sS'while'
p1312
I47
sS'lmfaoaoaoaoaooaoaoaoaoaoaoaoaos'
p1313
I55
sS'kick'
p1314
I54
sS'behavior'
p1315
I55
sS'fun'
p1316
I53
sS'pack'
p1317
I55
sS'smacked'
p1318
I55
sS'hoping'
p1319
I54
sS'lakers'
p1320
I55
sS'ready'
p1321
I53
sS'funny'
p1322
I55
sS'anymore'
p1323
I54
sS'trial'
p1324
I55
sS'used'
p1325
I52
sS'assignment'
p1326
I55
sS'yesterday'
p1327
I55
sS'moment'
p1328
I53
sS'purpose'
p1329
I55
sS'bob'
p1330
I55
sS'person'
p1331
I52
sS'$4.00'
p1332
I55
sS'flags'
p1333
I55
sS'inspirational'
p1334
I55
sS'\xe0\xb8\x99\xe0\xb8\xb1\xe0\xb8\x9a\xe0\xb9\x80\xe0\xb8\xa7\xe0\xb8\xa5\xe0\xb8\xb2\xe0\xb8\x9c\xe0\xb8\xb4\xe0\xb8\x94\xe0\xb8\x88\xe0\xb8\xb5\xe0\xb8\x88\xe0\xb8\xb5\xe0\xb8\xa1\xe0\xb8\xb0\xe0\xb8\x81\xe0\xb8\xb5\xe0\xb9\x89'
p1335
I55
sS'spend'
p1336
I55
sS'henna'
p1337
I55
sS'mom'
p1338
I41
sS'i\xe2\x80\x99d'
p1339
I55
sS'regardless'
p1340
I55
sS'prince'
p1341
I55
sS'timber'
p1342
I55
sS'cut'
p1343
I52
sS'nikki'
p1344
I55
sS'cuz'
p1345
I52
sS'parents'
p1346
I55
sS'excited'
p1347
I55
sS'surprised'
p1348
I53
sS'hater'
p1349
I55
sS'big'
p1350
I53
sS'couple'
p1351
I55
sS'shitty'
p1352
I55
sS'game'
p1353
I47
sS'.....fuck'
p1354
I55
sS'knock'
p1355
I55
sS'd'
p1356
I55
sS'loooool'
p1357
I55
sS'wingstop'
p1358
I55
sS'signal'
p1359
I55
sS'\xc2\xa0he'
p1360
I55
sS'individuals'
p1361
I55
sS'eee'
p1362
I55
sS'*talks'
p1363
I55
sS'saturdays'
p1364
I55
sS'fucking'
p1365
I52
sS'some'
p1366
I46
sS'back'
p1367
I39
sS'lips'
p1368
I55
sS'towards'
p1369
I55
sS'mmmmm'
p1370
I55
sS'candy'
p1371
I55
sS'mirror'
p1372
I55
sS'lara'
p1373
I54
sS'anne'
p1374
I55
sS'epic'
p1375
I55
sS'prob'
p1376
I53
sS'be'
p1377
I18
sS'eating'
p1378
I54
sS'achy'
p1379
I55
sS'word'
p1380
I54
sS'\xe2\x9c\x8c\xef\xb8\x8f\xe2\x80\x9dbooooooooooooo'
p1381
I55
sS'confidence'
p1382
I55
sS'santa'
p1383
I55
sS'ache'
p1384
I54
sS'by'
p1385
I51
sS'anything'
p1386
I54
sS'awwww'
p1387
I55
sS'idk'
p1388
I54
sS'wanna'
p1389
I54
sS'grammy'
p1390
I55
sS'into'
p1391
I52
sS'because'
p1392
I48
sS'bitch.,91770\n482318088868622336,joetothehoee,2014-06-27'
p1393
I55
sS'downhill'
p1394
I55
sS'smells'
p1395
I55
sS'spending'
p1396
I55
sS'question'
p1397
I54
sS'fast'
p1398
I55
sS'addicting'
p1399
I55
sS"we're"
p1400
I51
sS'forward'
p1401
I55
sS'bored'
p1402
I54
sS'scared'
p1403
I54
sS'confessing'
p1404
I55
sS'invite'
p1405
I54
sS'okayyyy'
p1406
I55
sS'line'
p1407
I55
sS'angels'
p1408
I55
sS'up'
p1409
I19
sS'us'
p1410
I50
sS'ur'
p1411
I54
sS'um'
p1412
I54
sS"tomorrow's"
p1413
I55
sS'un'
p1414
I55
sS'highlight'
p1415
I55
sS'called'
p1416
I54
sS'freak'
p1417
I55
sS'raging'
p1418
I55
sS'\xe0\xb8\xa1\xe0\xb8\xb5\xe0\xb8\x84\xe0\xb8\x99\xe0\xb9\x80\xe0\xb8\x81\xe0\xb8\xb4\xe0\xb8\x94\xe0\xb8\xa7\xe0\xb8\xb1\xe0\xb8\x99\xe0\xb8\x99\xe0\xb8\xb5\xe0\xb9\x89\xe0\xb8\xab\xe0\xb8\xa7\xe0\xb9\x88\xe0\xb8\xb0'
p1419
I55
sS'single'
p1420
I55
sS'cotton'
p1421
I55
sS'stich'
p1422
I55
sS'nah'
p1423
I54
sS'nap'
p1424
I55
sS'naw'
p1425
I54
sS'kira'
p1426
I55
sS'hustling'
p1427
I55
sS'nice'
p1428
I50
sS'mustard'
p1429
I55
sS'understatement'
p1430
I55
sS'ativan'
p1431
I55
sS'clinny'
p1432
I55
sS'jeremy'
p1433
I55
sS'ago'
p1434
I55
sS'land'
p1435
I55
sS'happier'
p1436
I55
sS'we'
p1437
I35
sS'fresh'
p1438
I55
sS"teen's"
p1439
I55
sS'karma'
p1440
I55
sS"she's"
p1441
I54
sS'having'
p1442
I52
sS'once'
p1443
I54
sS'gf'
p1444
I55
sS'ugh'
p1445
I52
sS'go'
p1446
I32
sS'gn'
p1447
I55
sS'dunk'
p1448
I55
sS'young'
p1449
I53
sS'send'
p1450
I55
sS'11:30'
p1451
I55
sS'breathing'
p1452
I55
sS'center"'
p1453
I55
sS'avalon'
p1454
I55
sS'wishes'
p1455
I53
sS'facebook'
p1456
I55
sS'joel'
p1457
I55
sS'michael'
p1458
I38
sS"they've"
p1459
I55
sS'try'
p1460
I49
sS'gotchuu'
p1461
I55
sS'someday'
p1462
I55
sS'\xe2\x9d\xa4'
p1463
I55
sS'jump'
p1464
I55
sS'odd'
p1465
I55
sS'victor'
p1466
I55
sS'graduating'
p1467
I55
sS'plays'
p1468
I55
sS'men\xe2\x80\xa6'
p1469
I55
sS'think)'
p1470
I55
sS'that"'
p1471
I55
sS'140$'
p1472
I55
sS'waiting'
p1473
I55
sS'stiles'
p1474
I55
sS'body'
p1475
I55
sS'led'
p1476
I55
sS'got'
p1477
I35
sS'commercial'
p1478
I55
sS'believed'
p1479
I55
sS'let'
p1480
I53
sS'sexy'
p1481
I54
sS'great'
p1482
I47
sS'30'
p1483
I55
sS'leaving'
p1484
I54
sS'opinion'
p1485
I54
sS'makes'
p1486
I52
sS'thats'
p1487
I55
sS'hint*'
p1488
I55
sS'duct'
p1489
I55
sS'win'
p1490
I53
sS'wit'
p1491
I55
sS'use'
p1492
I54
sS'from'
p1493
I47
sS'&'
p1494
I54
sS'wtf!!!!!:((('
p1495
I55
sS'next'
p1496
I50
sS'few'
p1497
I55
sS'themselves'
p1498
I55
sS'babe'
p1499
I52
sS'\xe0\xb9\x80\xe0\xb8\xab\xe0\xb9\x89\xe0\xb8\xa2'
p1500
I55
sS'started'
p1501
I54
sS'impress'
p1502
I55
sS'about'
p1503
I26
sS'confused'
p1504
I55
sS'train'
p1505
I55
sS'baby'
p1506
I54
sS'ok'
p1507
I53
sS'women'
p1508
I55
sS'annoy'
p1509
I55
sS'turnttttt'
p1510
I55
sS'crosses'
p1511
I55
sS'f'
p1512
I55
sS'this'
p1513
I24
sS'ride'
p1514
I55
sS'donut'
p1515
I54
sS'emerson'
p1516
I55
sS'crossed'
p1517
I55
sS'closing'
p1518
I55
sS'drops'
p1519
I55
sS'didnt'
p1520
I55
sS'bent'
p1521
I55
sS'thirsty'
p1522
I53
sS'oc'
p1523
I55
sS'halloween'
p1524
I55
sS'high'
p1525
I53
sS'hadiarso'
p1526
I55
sS'something'
p1527
I46
sS'tac'
p1528
I55
sS'enrique'
p1529
I55
sS'united'
p1530
I55
sS'lame'
p1531
I54
sS'six'
p1532
I55
sS'cryor'
p1533
I55
sS'blocks'
p1534
I55
sS'stop'
p1535
I48
sS'waters'
p1536
I55
sS'act'
p1537
I55
sS'tied'
p1538
I55
sS'fart'
p1539
I55
sS'frap'
p1540
I55
sS'hahahaha'
p1541
I55
sS'cuddling'
p1542
I55
sS'light'
p1543
I54
sS'guru'
p1544
I55
sS'honestly'
p1545
I52
sS'move'
p1546
I54
sS"won't"
p1547
I54
sS'looks'
p1548
I53
sS'though\xe2\x9d\x84\xef\xb8\x8f'
p1549
I55
sS'looky'
p1550
I54
sS'perfect'
p1551
I55
sS'1'
p1552
I55
sS'la'
p1553
I51
sS'glee'
p1554
I55
sS'woodson'
p1555
I55
sS'winning'
p1556
I55
sS'2014'
p1557
I55
sS'bye'
p1558
I54
sS'<'
p1559
I55
sS'dad'
p1560
I52
sS'ruined'
p1561
I54
sS'pure'
p1562
I55
sS'practice'
p1563
I52
sS'grossed'
p1564
I55
sS'kiss'
p1565
I54
sS'day'
p1566
I36
sS'warned'
p1567
I55
sS'evacuadas'
p1568
I55
sS'ohhhhhh'
p1569
I55
sS'doesnt'
p1570
I54
sS'transmitted'
p1571
I55
sS'truth'
p1572
I55
sS'this.night'
p1573
I55
sS'seniors'
p1574
I55
sS'mija'
p1575
I55
sS'doing'
p1576
I52
sS'our'
p1577
I51
sS'80'
p1578
I55
sS'diiiisss'
p1579
I55
sS'out'
p1580
I30
sS'pok\xc3\xa8mon'
p1581
I55
sS'"world'
p1582
I55
sS'cause'
p1583
I50
sS'common'
p1584
I55
sS'shut'
p1585
I55
sS'wallpaper'
p1586
I55
sS'que'
p1587
I54
sS'embarrass'
p1588
I55
sS'craving'
p1589
I54
sS'additional'
p1590
I55
sS'scary'
p1591
I52
sS'could'
p1592
I51
sS'keep'
p1593
I49
sS'subtweeting'
p1594
I55
sS'\xe2\x9d\xa4\xe2\x9d\xa4'
p1595
I55
sS'south'
p1596
I55
sS'there'
p1597
I45
sS'taco'
p1598
I55
sS'andrea\xe2\x98\xba\xef\xb8\x8f\xe2\x98\xba\xef\xb8\x8f\xe2\x98\xba\xef\xb8\x8f'
p1599
I55
sS'jesus'
p1600
I54
sS'bitch'
p1601
I42
sS'such'
p1602
I52
sS'evann'
p1603
I54
sS'hehe'
p1604
I55
sS"you're"
p1605
I47
sS'start'
p1606
I52
sS'devils'
p1607
I55
sS'drogas'
p1608
I55
sS'their'
p1609
I53
sS'messing'
p1610
I55
sS'stomach'
p1611
I55
sS'square'
p1612
I55
sS'exactly'
p1613
I54
sS'herself'
p1614
I55
sS'updating'
p1615
I55
sS'loved'
p1616
I55
sS'boring'
p1617
I54
sS'bed'
p1618
I52
sS'patients'
p1619
I55
sS'cravings'
p1620
I55
sS'bet'
p1621
I55
sS'lolololol'
p1622
I55
sS'tonight'
p1623
I51
sS'yellin'
p1624
I55
sS'have'
p1625
I27
sS'need'
p1626
I31
sS'clearly'
p1627
I55
sS'screw'
p1628
I54
sS'sprinkles'
p1629
I55
sS'russians'
p1630
I55
sS'congrats'
p1631
I53
sS'lilo'
p1632
I55
sS'unless'
p1633
I55
sS'aww'
p1634
I55
sS'who'
p1635
I45
sS"where's"
p1636
I55
sS'awh'
p1637
I55
sS'why'
p1638
I48
sS'putas'
p1639
I55
sS'saddest'
p1640
I55
sS'stronger'
p1641
I55
sS'brought'
p1642
I55
sS'face'
p1643
I55
sS'looked'
p1644
I51
sS'babaa'
p1645
I55
sS"you'll"
p1646
I54
sS'pictures'
p1647
I55
sS'fact'
p1648
I54
sS'parker'
p1649
I55
sS'exclusive'
p1650
I55
sS'text'
p1651
I54
sS'assholes'
p1652
I55
sS'bring'
p1653
I53
sS'costco'
p1654
I55
sS'slangs'
p1655
I55
sS'should'
p1656
I48
sS"there's"
p1657
I55
sS'tape'
p1658
I55
sS'hope'
p1659
I52
sS'means'
p1660
I54
sS'beat'
p1661
I54
sS'familiar'
p1662
I55
sS'coworker'
p1663
I55
sS'lucky'
p1664
I54
sS'tbh'
p1665
I49
sS'awww'
p1666
I55
sS'words'
p1667
I54
sS'somethannng'
p1668
I55
sS'ghetto'
p1669
I55
sS"kobe's"
p1670
I55
sS'rapper'
p1671
I55
sS'stuff'
p1672
I54
sS'she'
p1673
I46
sS'hop"'
p1674
I55
sS'appropriationwhite'
p1675
I55
sS'available'
p1676
I55
sS'btw'
p1677
I55
sS'muthafuckn'
p1678
I55
sS'desperate'
p1679
I55
sS'packed'
p1680
I55
sS'closer'
p1681
I54
sS'chingagagagagag'
p1682
I55
sS'tend'
p1683
I55
sS'favor'
p1684
I55
sS'closed'
p1685
I55
sS'horrible'
p1686
I55
sS'pases'
p1687
I55
sS'michelle\xe2\x98\xba\xef\xb8\x8f'
p1688
I55
sS'bought'
p1689
I55
sS'exam'
p1690
I55
sS'deliver'
p1691
I55
sS'the\xe2\x80\xa6'
p1692
I55
sS'joe'
p1693
I55
sS'swift'
p1694
I55
sS'hits'
p1695
I55
sS'figured'
p1696
I55
sS'joke'
p1697
I55
sS'taking'
p1698
I55
sS'equal'
p1699
I55
sS'twitching'
p1700
I55
sS'admit'
p1701
I55
sS'busted'
p1702
I55
sS'figures'
p1703
I55
sS'thang'
p1704
I55
sS'clogged'
p1705
I55
sS'gorgeous'
p1706
I55
sS'toilet'
p1707
I55
sS'ca'
p1708
I51
sS'makin'
p1709
I55
sS'cx'
p1710
I55
sS'maaaann'
p1711
I55
sS'cousin'
p1712
I53
sS'respect'
p1713
I53
sS'pouring'
p1714
I55
sS'yay'
p1715
I54
sS"it's"
p1716
I24
sS'yas'
p1717
I55
sS'them?but'
p1718
I55
sS'drank'
p1719
I55
sS'slowly'
p1720
I54
sS'treat'
p1721
I55
sS'bit'
p1722
I55
sS'\xe2\x80\x9cmy'
p1723
I55
sS'finished'
p1724
I55
sS'hateful'
p1725
I55
sS'smoking'
p1726
I55
sS'ravens'
p1727
I55
sS'harder'
p1728
I55
sS'will'
p1729
I46
sS'hahaha'
p1730
I52
sS'yeap\xc2\xae'
p1731
I55
sS'almost'
p1732
I53
sS'watched'
p1733
I55
sS'thug'
p1734
I55
sS'bucks'
p1735
I55
sS')'
p1736
I55
sS'began'
p1737
I55
sS'strange'
p1738
I55
sS'party'
p1739
I54
sS'gets'
p1740
I54
sS'injured'
p1741
I55
sS'yooo'
p1742
I55
sS'slave'
p1743
I55
sS'samantha'
p1744
I55
sS'supuesto'
p1745
I55
sS'drink'
p1746
I54
sS'effect'
p1747
I55
sS'phd'
p1748
I55
sS'beast'
p1749
I55
sS'fucken'
p1750
I55
sS'welcome\xc2\xae'
p1751
I55
sS'fucked'
p1752
I52
sS'yaaaaaassss'
p1753
I55
sS'pleasantly'
p1754
I55
sS'off'
p1755
I50
sS'center'
p1756
I55
sS'i'
p1757
I1
sS'well'
p1758
I44
sS'thought'
p1759
I53
sS'theses'
p1760
I55
sS'oops'
p1761
I55
sS'wya'
p1762
I55
sS'nicknames'
p1763
I55
sS'moments'
p1764
I55
sS"should've"
p1765
I54
sS'keeping'
p1766
I55
sS'distant'
p1767
I55
sS'rapid'
p1768
I55
sS'field'
p1769
I55
sS'drunk'
p1770
I55
sS'ganna'
p1771
I55
sS'\\'
p1772
I55
sS'nicki'
p1773
I55
sS'attractive'
p1774
I55
sS'goodshit'
p1775
I55
sS'ohhh'
p1776
I54
sS'homework'
p1777
I54
sS'adi'
p1778
I55
sS'fyi'
p1779
I55
sS'monique'
p1780
I55
sS'kkkk'
p1781
I55
sS'cruz'
p1782
I55
sS'know'
p1783
I41
sS'bartender'
p1784
I55
sS'immediately'
p1785
I55
sS'nvm'
p1786
I55
sS'trash'
p1787
I55
sS'like'
p1788
I21
sS'lost'
p1789
I52
sS'loser'
p1790
I55
sS'loses'
p1791
I55
sS'caked'
p1792
I55
sS'nigga'
p1793
I53
sS'twitter'
p1794
I54
sS'hair'
p1795
I47
sS'shes'
p1796
I55
sS'home'
p1797
I47
sS'gonna'
p1798
I51
sS'happens'
p1799
I54
sS'shiiiit'
p1800
I55
sS'esp'
p1801
I55
sS'literally'
p1802
I55
sS'does'
p1803
I52
sS'blowing'
p1804
I55
sS'how'
p1805
I41
sS'murdered'
p1806
I55
sS'choked'
p1807
I55
sS'caballo'
p1808
I55
sS'throne'
p1809
I55
sS'sister'
p1810
I53
sS'puts'
p1811
I55
sS'getting'
p1812
I48
sS'scott'
p1813
I55
sS'angeles'
p1814
I54
sS'perks'
p1815
I55
sS'swear'
p1816
I51
sS'sweat'
p1817
I55
sS'own'
p1818
I53
sS'playoff'
p1819
I55
sS'weather'
p1820
I54
sS'promise'
p1821
I55
sS'meeee'
p1822
I54
sS'brownies'
p1823
I55
sS'bump'
p1824
I55
sS'$300'
p1825
I55
sS'biggest'
p1826
I55
sS'jinx'
p1827
I55
sS'buy'
p1828
I53
sS'north'
p1829
I55
sS"i've"
p1830
I50
sS'bus'
p1831
I55
sS'coke'
p1832
I55
sS'but'
p1833
I31
sS'blaming'
p1834
I55
sS'hi'
p1835
I55
sS'eat'
p1836
I54
sS'he'
p1837
I45
sS'made'
p1838
I51
sS'wise'
p1839
I55
sS'fuuuuuccck'
p1840
I55
sS'whether'
p1841
I55
sS'wish'
p1842
I50
sS'matt.g'
p1843
I55
sS'invest'
p1844
I55
sS'cake'
p1845
I55
sS'problem'
p1846
I51
sS'minutes'
p1847
I55
sS'skating'
p1848
I55
sS'nurses'
p1849
I55
sS'universal'
p1850
I54
sS'ew'
p1851
I54
sS'directors'
p1852
I55
sS'lately'
p1853
I55
sS'other'
p1854
I53
sS'details'
p1855
I55
sS'05:32:43.0,34.0685444,-118.1003182,4823.03,they'
p1856
I55
sS'francisco'
p1857
I54
sS'monday'
p1858
I54
sS'class'
p1859
I54
sS'stay'
p1860
I53
sS'*gasp'
p1861
I55
sS'kinda'
p1862
I53
sS'friends'
p1863
I54
sS'cliff'
p1864
I55
sS'kardashian'
p1865
I54
sS'lasted'
p1866
I54
sS'lives'
p1867
I55
sS'yell'
p1868
I55
s.