(dp0
S''
p1
I1
sS'saves'
p2
I48
sS'sleep'
p3
I41
sS'asian'
p4
I46
sS'captain'
p5
I47
sS'hate'
p6
I41
sS'!!!,91770\n259943626220650496,suhsuhsavie,2012-10-21'
p7
I48
sS'ozzy'
p8
I48
sS'votes'
p9
I48
sS'calculate'
p10
I48
sS'qurl'
p11
I48
sS'tweet'
p12
I48
sS'voted'
p13
I48
sS'sorry'
p14
I47
sS'regrets'
p15
I48
sS'fists'
p16
I48
sS'callin'
p17
I48
sS'void'
p18
I48
sS'every'
p19
I47
sS'stabbed'
p20
I48
sS'screaming'
p21
I48
sS'married'
p22
I48
sS'school'
p23
I39
sS'supports'
p24
I48
sS'mayrita'
p25
I48
sS'wednesday'
p26
I48
sS'math'
p27
I48
sS'"don\'t'
p28
I48
sS'pentagram'
p29
I45
sS'heading'
p30
I48
sS'charter'
p31
I48
sS'bedemon'
p32
I48
sS'me"'
p33
I48
sS'japanese'
p34
I48
sS'sabbath'
p35
I45
sS'"stay"'
p36
I48
sS'chef'
p37
I48
sS'10x'
p38
I47
sS'street'
p39
I48
sS'snuggled'
p40
I48
sS'even'
p41
I44
sS"tonight's"
p42
I48
sS'+'
p43
I47
sS'fingers'
p44
I48
sS'new'
p45
I36
sS'ever'
p46
I42
sS'told'
p47
I47
sS'kicked'
p48
I48
sS'ayyyyyy'
p49
I48
sS'never'
p50
I42
sS'suga'
p51
I48
sS'loling'
p52
I48
sS'here'
p53
I44
sS'10%'
p54
I48
sS'met'
p55
I47
sS"aren't"
p56
I48
sS'celebration'
p57
I48
sS'kids'
p58
I47
sS'k'
p59
I46
sS'changed'
p60
I48
sS"i'd"
p61
I47
sS'stressed'
p62
I48
sS"i'm"
p63
I8
sS'walkie'
p64
I48
sS'taymoo'
p65
I48
sS'julie'
p66
I48
sS'brought'
p67
I48
sS'silfver'
p68
I48
sS'brb'
p69
I48
sS'would'
p70
I44
sS'hospital'
p71
I44
sS'cali'
p72
I45
sS'call'
p73
I45
sS'inglourious'
p74
I48
sS'typo'
p75
I48
sS'until'
p76
I47
sS'sammich'
p77
I48
sS'holy'
p78
I47
sS'brings'
p79
I48
sS'haha'
p80
I29
sS'subtweet'
p81
I48
sS'hurt'
p82
I47
sS'phone'
p83
I46
sS'holm'
p84
I48
sS'warm'
p85
I48
sS'must'
p86
I47
sS'me'
p87
I12
sS'ma'
p88
I48
sS'room'
p89
I44
sS'work'
p90
I48
sS'mi'
p91
I45
sS"katarina's"
p92
I48
sS'locker'
p93
I48
sS'mr'
p94
I48
sS'crackers'
p95
I48
sS'root'
p96
I48
sS'wang'
p97
I48
sS'give'
p98
I45
sS'cantonese...i'
p99
I48
sS'homie'
p100
I45
sS'want'
p101
I36
sS'cantonese'
p102
I48
sS'cute))'
p103
I48
sS'guarantee'
p104
I48
sS'hoe'
p105
I47
sS'end'
p106
I48
sS'travel'
p107
I48
sS'"smelly'
p108
I48
sS'machine'
p109
I48
sS'how'
p110
I31
sS'hot'
p111
I43
sS'drummer'
p112
I48
sS'hop'
p113
I48
sS'answer'
p114
I46
sS'beach'
p115
I46
sS'pizza'
p116
I47
sS'pokes'
p117
I48
sS'typed'
p118
I48
sS'after'
p119
I41
sS'wrong'
p120
I47
sS'attempt'
p121
I48
sS'wins'
p122
I48
sS'upside'
p123
I48
sS'ultimate'
p124
I48
sS'worst'
p125
I48
sS'order'
p126
I47
sS'fifa'
p127
I48
sS'ebayyyyyy'
p128
I48
sS'wut'
p129
I48
sS'polaroid'
p130
I48
sS'over'
p131
I44
sS'keyboard'
p132
I48
sS'before'
p133
I39
sS'fit'
p134
I48
sS'masterchef'
p135
I47
sS'imo'
p136
I48
sS'better'
p137
I39
sS'weeks'
p138
I48
sS'easier'
p139
I48
sS'dreamstreet'
p140
I48
sS'then'
p141
I39
sS'them'
p142
I40
sS'workout'
p143
I48
sS'name!"'
p144
I48
sS'break'
p145
I47
sS'band'
p146
I48
sS'bang'
p147
I47
sS'xd'
p148
I48
sS'they'
p149
I41
sS'one'
p150
I31
sS'banh'
p151
I45
sS"grey's"
p152
I48
sS'l'
p153
I47
sS'roast'
p154
I48
sS'each'
p155
I45
sS'addicted'
p156
I42
sS'went'
p157
I47
sS'$53'
p158
I48
sS'luck'
p159
I44
sS'signing'
p160
I48
sS'09:06:04.0,34.061605,-118.0966474,4825.03,this'
p161
I48
sS'palmieri'
p162
I48
sS'solution'
p163
I48
sS'dawg'
p164
I37
sS'forgot'
p165
I48
sS'dawn'
p166
I46
sS'saturday'
p167
I47
sS'network'
p168
I48
sS'god'
p169
I39
sS'washed'
p170
I48
sS'ra'
p171
I48
sS'got'
p172
I35
sS'rn'
p173
I45
sS'turning'
p174
I48
sS'cutest'
p175
I48
sS"you're"
p176
I33
sS'free'
p177
I44
sS'appointments'
p178
I48
sS'struggle'
p179
I48
sS'favs'
p180
I48
sS'wanted'
p181
I46
sS'lollipop'
p182
I47
sS'atm'
p183
I48
sS'days'
p184
I46
sS'7'
p185
I48
sS'+2'
p186
I48
sS'heck'
p187
I47
sS'onto'
p188
I48
sS'flick'
p189
I48
sS'already'
p190
I42
sS'nhl'
p191
I46
sS'puck'
p192
I48
sS'over!!\xc2\xa1\xc2\xa1'
p193
I48
sS'rant'
p194
I48
sS'another'
p195
I47
sS'comforter'
p196
I48
sS'mojo'
p197
I48
sS'stage/phase'
p198
I48
sS'power-'
p199
I48
sS'aire'
p200
I48
sS'service'
p201
I48
sS'top'
p202
I48
sS'tired'
p203
I44
sS'girls'
p204
I47
sS'needed'
p205
I48
sS'master'
p206
I48
sS'too'
p207
I33
sS'ayeeee'
p208
I48
sS'john'
p209
I48
sS'listen'
p210
I47
sS'took'
p211
I44
sS'cereal'
p212
I48
sS'nahh'
p213
I48
sS'trek'
p214
I48
sS'target'
p215
I48
sS'showed'
p216
I48
sS'lisalla'
p217
I48
sS'project'
p218
I48
sS'classes'
p219
I43
sS'spoiled'
p220
I48
sS'feeling'
p221
I48
sS'bridge'
p222
I48
sS'ran'
p223
I48
sS'mind'
p224
I48
sS'talking'
p225
I46
sS'fasth'
p226
I47
sS'seen'
p227
I47
sS'mint'
p228
I48
sS'lol,91770\n489141270711775232,monicaaalovee,2014-07-15'
p229
I48
sS'-'
p230
I35
sS'snow'
p231
I48
sS'20:16:18.0,34.0614431,-118.0964865,4825.03,watching'
p232
I48
sS'derek'
p233
I48
sS'chess'
p234
I48
sS'lantereeerns'
p235
I48
sS'rides'
p236
I47
sS'08:50:24.0,34.0615296,-118.0971702,4825.03,had'
p237
I48
sS'blue'
p238
I48
sS'exactly'
p239
I48
sS'though'
p240
I45
sS'anatomy'
p241
I48
sS'mouth'
p242
I47
sS'drought'
p243
I48
sS'macbook'
p244
I48
sS'prostitute'
p245
I48
sS'-said'
p246
I48
sS'episode'
p247
I46
sS'emailing'
p248
I48
sS'medical'
p249
I48
sS'metal'
p250
I48
sS'dog'
p251
I43
sS'freeway'
p252
I48
sS'definitely'
p253
I48
sS'annoyed'
p254
I48
sS'came'
p255
I47
sS'saying'
p256
I47
sS'bomb'
p257
I46
sS'd"'
p258
I48
sS'ending'
p259
I48
sS'reschedule'
p260
I48
sS'eliminated'
p261
I48
sS'"exit"'
p262
I48
sS'norcal'
p263
I48
sS'ping?"'
p264
I48
sS'about'
p265
I34
sS'matters'
p266
I48
sS'goalie'
p267
I48
sS'wearing'
p268
I48
sS'do'
p269
I32
sS'dm'
p270
I48
sS'mulan'
p271
I48
sS'wide'
p272
I47
sS'honda'
p273
I48
sS'stop'
p274
I45
sS'da'
p275
I45
sS'amazon'
p276
I48
sS'wedding'
p277
I48
sS'$10'
p278
I48
sS'happiest'
p279
I48
sS'unfortunately'
p280
I48
sS'textbooks'
p281
I48
sS'bad'
p282
I41
sS'bae'
p283
I47
sS'fomie'
p284
I48
sS'viktory'
p285
I48
sS'w/'
p286
I47
sS'pads'
p287
I48
sS'submitted'
p288
I48
sS'"fuck'
p289
I48
sS'best'
p290
I39
sS'pete'
p291
I48
sS'eres'
p292
I48
sS'said'
p293
I40
sS'inappropriate'
p294
I46
sS'away'
p295
I48
sS'feline'
p296
I48
sS'shaved'
p297
I48
sS"there's"
p298
I46
sS'finger'
p299
I48
sS'hopefully'
p300
I47
sS'drawn'
p301
I48
sS'tolerance'
p302
I48
sS'lazy'
p303
I47
sS'omg'
p304
I39
sS'team'
p305
I48
sS'weak'
p306
I48
sS'nightmares'
p307
I48
sS'wtf'
p308
I44
sS'cousin'
p309
I47
sS'29th'
p310
I48
sS'hills'
p311
I48
sS'pity'
p312
I48
sS'........suck'
p313
I48
sS'tfti'
p314
I47
sS'meredith'
p315
I48
sS'fault'
p316
I46
sS'just--'
p317
I48
sS'against'
p318
I47
sS'players'
p319
I48
sS'games'
p320
I48
sS'asked'
p321
I48
sS'winnik'
p322
I47
sS'matty'
p323
I47
sS'height'
p324
I48
sS'tons'
p325
I47
sS'lanterns'
p326
I48
sS'b3$t'
p327
I48
sS'pic!!!!!\xc2\xa1\xc2\xa1\xc2\xa1'
p328
I48
sS'three'
p329
I48
sS'been'
p330
I44
sS'23:54:54.0,34.06245635,-118.0949992,4825.03,came'
p331
I48
sS'much'
p332
I45
sS'basic'
p333
I48
sS'expected'
p334
I48
sS'drugz'
p335
I48
sS'life'
p336
I44
sS'spit'
p337
I48
sS'gloats'
p338
I48
sS'fest'
p339
I48
sS'church"'
p340
I48
sS'chili'
p341
I48
sS'chill'
p342
I48
sS'east'
p343
I44
sS'hat'
p344
I47
sS'n'
p345
I48
sS'ballz,91770\n262286621792141312,suhsuhsavie,2012-10-27'
p346
I48
sS'sucks!!1!!11!1!1'
p347
I48
sS'leaves'
p348
I48
sS'thrash'
p349
I48
sS'voice'
p350
I48
sS'study'
p351
I47
sS'veronica'
p352
I47
sS'mexico'
p353
I48
sS'is'
p354
I10
sS'sushi'
p355
I46
sS'it'
p356
I11
sS'shame'
p357
I48
sS'cant'
p358
I48
sS'im'
p359
I36
sS'cone'
p360
I48
sS'in'
p361
I10
sS'eeeee'
p362
I48
sS'if'
p363
I34
sS'17:40:54.0,34.0552448,-118.09312602,4825.03,officially'
p364
I48
sS'things'
p365
I46
sS'make'
p366
I43
sS'wound'
p367
I48
sS'niedermayer'
p368
I48
sS'meets'
p369
I47
sS'oajsjsiaosoakajxd'
p370
I48
sS'sacramento'
p371
I48
sS'pick'
p372
I48
sS'hand'
p373
I48
sS'kik'
p374
I48
sS'jealous'
p375
I48
sS'kid'
p376
I46
sS'thx'
p377
I48
sS'charlie'
p378
I48
sS'youre'
p379
I48
sS'tho'
p380
I44
sS'burgers'
p381
I48
sS'contact'
p382
I48
sS'greatest'
p383
I48
sS'pandora'
p384
I48
sS'the'
p385
I3
sS'left'
p386
I48
sS'just'
p387
I23
sS'photo'
p388
I47
sS'laptop'
p389
I48
sS'sleepy'
p390
I48
sS'thanks'
p391
I44
sS'facts'
p392
I48
sS'yes'
p393
I42
sS'yer'
p394
I48
sS'yet'
p395
I46
sS'thyroid'
p396
I48
sS'lineman'
p397
I48
sS'photographer'
p398
I48
sS'had'
p399
I39
sS'shout'
p400
I48
sS'squad'
p401
I48
sS'easy'
p402
I48
sS'hap'
p403
I48
sS':),91770\n487324438036094976,orion321,2014-07-10'
p404
I48
sS'save'
p405
I47
sS'plasma'
p406
I48
sS'gave'
p407
I46
sS'ops'
p408
I48
sS'bands'
p409
I48
sS'breaks'
p410
I48
sS'possible'
p411
I47
sS'selanne'
p412
I48
sS'judge'
p413
I48
sS'shakeys'
p414
I48
sS'dreams'
p415
I48
sS'd'
p416
I48
sS'shoulder'
p417
I48
sS'bobby'
p418
I44
sS'5eva'
p419
I48
sS'zombies'
p420
I48
sS'night'
p421
I38
sS'chrimp'
p422
I48
sS'right'
p423
I40
sS'old'
p424
I45
sS'deal'
p425
I47
sS'people'
p426
I36
sS'somehow'
p427
I47
sS'dead'
p428
I47
sS'dear'
p429
I48
sS'for'
p430
I12
sS'/'
p431
I48
sS'everything'
p432
I46
sS'asking'
p433
I48
sS'pls'
p434
I47
sS'corn'
p435
I48
sS'burn'
p436
I48
sS'losing'
p437
I48
sS'oreo'
p438
I47
sS'diner'
p439
I48
sS'months'
p440
I48
sS'o'
p441
I43
sS'ensure'
p442
I48
sS'sweater'
p443
I48
sS'wasting'
p444
I48
sS'selfie'
p445
I48
sS'ppl'
p446
I48
sS'down'
p447
I44
sS'lies'
p448
I48
sS'rounds'
p449
I48
sS'"okay"s'
p450
I48
sS'tami'
p451
I48
sS'shhhh'
p452
I48
sS'malcom'
p453
I48
sS'tame'
p454
I47
sS'way'
p455
I41
sS'benchwarmers'
p456
I48
sS'overhead'
p457
I48
sS'was'
p458
I20
sS'war'
p459
I48
sS'happy'
p460
I42
sS'head'
p461
I47
sS'becoming'
p462
I48
sS'gorgeous'
p463
I48
sS'heat'
p464
I47
sS'hear'
p465
I44
sS'true'
p466
I47
sS'house!!!\xc2\xa1\xc2\xa1\xc2\xa1'
p467
I48
sS'fills'
p468
I48
sS'tell'
p469
I47
sS'atta'
p470
I48
sS'sticks'
p471
I47
sS'fury'
p472
I48
sS'kid..and'
p473
I48
sS'textbook'
p474
I47
sS'drive'
p475
I47
sS'sometime'
p476
I48
sS'darko'
p477
I47
sS'anthrax'
p478
I48
sS'check'
p479
I48
sS'shit'
p480
I30
sS'dying'
p481
I45
sS'no'
p482
I29
sS'when'
p483
I24
sS'actor'
p484
I48
sS'reality'
p485
I48
sS'shrine'
p486
I48
sS'count/limit'
p487
I48
sS'tia'
p488
I48
sS'lol,91770\n285176155760390144,suhsuhsavie,2012-12-30'
p489
I48
sS'scored'
p490
I48
sS'picture'
p491
I48
sS'brothers'
p492
I48
sS'palms'
p493
I48
sS'dies'
p494
I48
sS'felt'
p495
I48
sS"let's"
p496
I46
sS'hieroglyphics'
p497
I48
sS'reflexes'
p498
I48
sS'weekend'
p499
I48
sS'died'
p500
I48
sS'babysitting'
p501
I48
sS'bullet'
p502
I47
sS'moved'
p503
I48
sS'toooo0'
p504
I48
sS'jacket'
p505
I48
sS'teeth'
p506
I48
sS'serious'
p507
I48
sS':/'
p508
I43
sS':('
p509
I43
sS':)'
p510
I46
sS'dance'
p511
I47
sS'manager'
p512
I48
sS'ice'
p513
I46
sS'skin'
p514
I48
sS'row'
p515
I48
sS'chocula'
p516
I48
sS'praises'
p517
I48
sS'finally'
p518
I45
sS':d'
p519
I46
sS'fuuuh'
p520
I48
sS'vegas'
p521
I48
sS'lrt'
p522
I47
sS'stays'
p523
I48
sS'blast'
p524
I48
sS'minute'
p525
I48
sS'cool'
p526
I44
sS'did'
p527
I41
sS'die'
p528
I46
sS'brother'
p529
I46
sS'turnt'
p530
I46
sS'leave'
p531
I48
sS':]'
p532
I44
sS':['
p533
I48
sS'guy'
p534
I45
sS'riverrrrrrrrr'
p535
I48
sS'regret'
p536
I48
sS'attic'
p537
I48
sS'sign'
p538
I48
sS'upped'
p539
I48
sS'eating'
p540
I43
sS'30%'
p541
I48
sS'reunite'
p542
I48
sS'goes'
p543
I46
sS'jury'
p544
I48
sS'funeral'
p545
I48
sS'taaaymoooo'
p546
I48
sS'french'
p547
I47
sS'water'
p548
I47
sS'address'
p549
I48
sS'alone'
p550
I48
sS'tallying'
p551
I48
sS'teacher'
p552
I48
sS'wait'
p553
I46
sS'boy'
p554
I42
sS"00:48:24.0,34.05884917,-118.09107259,4825.03,i'm"
p555
I48
sS'healthy'
p556
I48
sS'my'
p557
I5
sS"19:26:40.0,34.06227905,-118.09488283,4825.03,i'm"
p558
I48
sS'boo'
p559
I47
sS'weird'
p560
I47
sS'studies'
p561
I48
sS'hbp'
p562
I48
sS'homecoming'
p563
I48
sS'teenage'
p564
I48
sS'love'
p565
I29
sS'fake'
p566
I48
sS'everybody'
p567
I48
sS'saltine'
p568
I48
sS'dude'
p569
I47
sS'by'
p570
I45
sS'live'
p571
I46
sS'vivir'
p572
I48
sS'ayy'
p573
I48
sS'memory'
p574
I47
sS'msg'
p575
I48
sS'rosemead'
p576
I42
sS'today'
p577
I39
sS'wicked'
p578
I48
sS'club'
p579
I43
sS'clue'
p580
I48
sS'scratcher'
p581
I48
sS'slurping'
p582
I48
sS'fly'
p583
I47
sS'indescribable'
p584
I48
sS'car'
p585
I45
sS'soul'
p586
I47
sS'cat'
p587
I47
sS'soup'
p588
I47
sS'hardest'
p589
I48
sS'can'
p590
I28
sS'cam'
p591
I42
sS'making'
p592
I44
sS'streak'
p593
I48
sS'heart'
p594
I46
sS'crazy'
p595
I47
sS'stream'
p596
I48
sS'awesome'
p597
I48
sS"didn't"
p598
I41
sS'fuck'
p599
I22
sS'heard'
p600
I48
sS'chin'
p601
I48
sS'dropped'
p602
I48
sS'beverley'
p603
I48
sS'20:24:07.0,34.0554133,-118.0994533,4825.03,stop'
p604
I48
sS'sidney'
p605
I48
sS'swear!"'
p606
I48
sS'pine'
p607
I48
sS'tearin'
p608
I48
sS'write'
p609
I48
sS'till'
p610
I46
sS'pins'
p611
I48
sS'$100'
p612
I48
sS'mar'
p613
I48
sS'obvs'
p614
I48
sS'irl)'
p615
I48
sS'night."'
p616
I48
sS'birthday'
p617
I39
sS'date'
p618
I47
sS'such'
p619
I42
sS'suck'
p620
I46
sS'guys'
p621
I45
sS'grow'
p622
I48
sS'man'
p623
I38
sS'stress'
p624
I47
sS'remember'
p625
I43
sS'ss'
p626
I48
sS'maybe'
p627
I46
sS'stellastarr*'
p628
I48
sS'mango'
p629
I48
sS'so'
p630
I13
sS'offend'
p631
I48
sS'talk'
p632
I47
sS'cute'
p633
I46
sS'shoes'
p634
I48
sS"22:31:56.0,34.062266,-118.095044,4825.03,i'm"
p635
I48
sS'years'
p636
I46
sS'professors'
p637
I48
sS'brain'
p638
I48
sS'episodes'
p639
I48
sS'pitch'
p640
I48
sS'cold'
p641
I47
sS'still'
p642
I37
sS'group'
p643
I46
sS'thank'
p644
I47
sS'thanh'
p645
I48
sS"he's"
p646
I44
sS'ksnsmsksolpallancmcndmdkkwkkdjkdklslalqlnwnsdkfkoskwkansnnxd'
p647
I48
sS'dumbasses,91770\n283494893203099648,suhsuhsavie,2012-12-25'
p648
I48
sS'non'
p649
I48
sS'lonely'
p650
I48
sS'3'
p651
I45
sS'killer'
p652
I48
sS'lunch'
p653
I46
sS'half'
p654
I45
sS'not'
p655
I26
sS'now'
p656
I35
sS'bullshit'
p657
I47
sS'halo'
p658
I48
sS'outside,91770\n283528590669266944,suhsuhsavie,2012-12-25'
p659
I48
sS'kadavar'
p660
I48
sS'name'
p661
I47
sS'slurp'
p662
I48
sS'quarter'
p663
I48
sS'ledo'
p664
I48
sS'el'
p665
I48
sS'square'
p666
I48
sS'kelburn'
p667
I47
sS'gourmet\xe2\x80\xa6'
p668
I48
sS'yeah'
p669
I30
sS'whiplash'
p670
I48
sS'entering'
p671
I48
sS'year'
p672
I47
sS'gtfo'
p673
I48
sS'girl'
p674
I40
sS'worried'
p675
I48
sS'surprise'
p676
I48
sS'living'
p677
I48
sS":')"
p678
I48
sS'factory'
p679
I48
sS'looking'
p680
I48
sS'seriously'
p681
I48
sS'opener'
p682
I48
sS"shouldn't"
p683
I48
sS'qiiirl'
p684
I48
sS'correct'
p685
I48
sS'shows'
p686
I46
sS'goth'
p687
I46
sS'lag'
p688
I48
sS'descendents'
p689
I48
sS'flyer'
p690
I48
sS'breezy,91770\n435134598779904000,whatthebahk,2014-02-16'
p691
I48
sS'care'
p692
I46
sS'gusta'
p693
I47
sS'100%'
p694
I48
sS'calories'
p695
I48
sS'thing'
p696
I41
sS'place'
p697
I45
sS'think'
p698
I41
sS'first'
p699
I44
sS'cheese'
p700
I48
sS'potter'
p701
I47
sS'crib'
p702
I48
sS'yourself'
p703
I48
sS'fast'
p704
I47
sS'message'
p705
I47
sS'drove'
p706
I48
sS'open'
p707
I47
sS'tomorrow'
p708
I36
sS'ios7'
p709
I48
sS'size'
p710
I48
sS'little'
p711
I41
sS'bite'
p712
I48
sS'slept'
p713
I47
sS'suuuushi'
p714
I48
sS'anyone'
p715
I46
sS'2'
p716
I43
sS'white'
p717
I48
sS'friend'
p718
I47
sS'eyes'
p719
I45
sS'that'
p720
I15
sS'on"'
p721
I48
sS'season'
p722
I43
sS'(rosemead'
p723
I47
sS'butt'
p724
I48
sS'thai'
p725
I46
sS'bobs'
p726
I48
sS'than'
p727
I45
sS'boyfriend'
p728
I48
sS'11'
p729
I48
sS'10'
p730
I45
sS'bored'
p731
I48
sS'talkies'
p732
I48
sS'14'
p733
I48
sS'gotta'
p734
I46
sS'r'
p735
I48
sS'apples'
p736
I48
sS'were'
p737
I45
sS'and'
p738
I7
sS'coconut'
p739
I48
sS'angel'
p740
I48
sS'piccolo'
p741
I48
sS'turned'
p742
I48
sS'sad'
p743
I48
sS'ant'
p744
I48
sS'say'
p745
I47
sS'00:11:08.0,34.0615376,-118.0973273,4825.03,holy'
p746
I48
sS'allen'
p747
I48
sS'saw'
p748
I47
sS'any'
p749
I47
sS'marathon'
p750
I48
sS'sat'
p751
I48
sS'latte....no'
p752
I48
sS'omfg'
p753
I43
sS'potential'
p754
I48
sS'take'
p755
I41
sS'"yeah'
p756
I48
sS'online'
p757
I46
sS'green'
p758
I48
sS'sure'
p759
I42
sS'pain'
p760
I48
sS'normal'
p761
I47
sS'track'
p762
I48
sS'knew'
p763
I48
sS'pair'
p764
I48
sS'stats'
p765
I48
sS'pages'
p766
I48
sS'forever'
p767
I48
sS'especially'
p768
I48
sS'100000x'
p769
I48
sS"fowler's"
p770
I47
sS'seafood'
p771
I44
sS'later'
p772
I47
sS'hungry'
p773
I48
sS'tooth'
p774
I48
sS'$0.87'
p775
I48
sS'what--'
p776
I48
sS'voodoo'
p777
I48
sS'7:30'
p778
I48
sS'walking'
p779
I48
sS'lmfao))'
p780
I48
sS'show'
p781
I44
sS'fadeeeeeeeee'
p782
I48
sS'malcolm'
p783
I46
sS'\xe2\x9c\x8c'
p784
I48
sS'dice'
p785
I48
sS'\xe2\x9c\x8b'
p786
I47
sS'enough'
p787
I46
sS'either'
p788
I48
sS'pleaseeeeeeee'
p789
I48
sS'only'
p790
I36
sS'going'
p791
I36
sS'black'
p792
I44
sS'hockey'
p793
I48
sS'germs'
p794
I48
sS'wooo'
p795
I48
sS'09:19:48.0,34.0616854,-118.097672,4825.03,gangster'
p796
I48
sS'get'
p797
I30
sS'stomp'
p798
I48
sS'freezing'
p799
I48
sS'games!!1!1!1!1!1!11111'
p800
I48
sS'freaking'
p801
I48
sS'leather'
p802
I48
sS'morning'
p803
I46
sS":'("
p804
I48
sS'jokes'
p805
I48
sS'stupid'
p806
I46
sS"could've"
p807
I48
sS'finishing'
p808
I48
sS'pants'
p809
I48
sS'where'
p810
I44
sS'xmas'
p811
I48
sS'"salani"'
p812
I48
sS"y'all"
p813
I48
sS'lyfe'
p814
I48
sS'asleep'
p815
I47
sS'ignores'
p816
I48
sS'"damn'
p817
I48
sS'hohohohohoh,91770\n272489902644551681,suhsuhsavie,2012-11-25'
p818
I48
sS'naked3'
p819
I48
sS'00:04:41.0,34.0617916,-118.0989928,4825.03,my'
p820
I48
sS'outside'
p821
I47
sS'"heeeeell'
p822
I48
sS'between'
p823
I48
sS'chews'
p824
I48
sS'reading'
p825
I48
sS'jumper'
p826
I48
sS'notice'
p827
I48
sS'jobs'
p828
I48
sS'comp'
p829
I48
sS'screen'
p830
I48
sS'everywhereeeeee'
p831
I48
sS'bonino'
p832
I44
sS'jr'
p833
I48
sS'killing'
p834
I48
sS'guitar'
p835
I48
sS'supermarket'
p836
I47
sS'jk'
p837
I48
sS'comb'
p838
I48
sS'come'
p839
I41
sS'aye,91770\n290928231991881728,suhsuhsavie,2013-01-14'
p840
I48
sS'berry'
p841
I47
sS'mang'
p842
I48
sS'bunks'
p843
I44
sS"can't"
p844
I41
sS'whaaaaaaa'
p845
I48
sS'hurts'
p846
I46
sS'nooooo'
p847
I48
sS'mris'
p848
I48
sS"couldn't"
p849
I47
sS'considering'
p850
I48
sS'late'
p851
I48
sS'wienerschnitzel'
p852
I48
sS'cares'
p853
I47
sS'lmao'
p854
I44
sS'wants'
p855
I47
sS'shopping'
p856
I48
sS'"gear"'
p857
I48
sS'andrew'
p858
I48
sS'photos'
p859
I48
sS'wake'
p860
I48
sS'andrea'
p861
I47
sS'those'
p862
I48
sS'4-0'
p863
I48
sS'myself'
p864
I48
sS'soccer'
p865
I48
sS'these'
p866
I45
sS'might'
p867
I43
sS'knowwwww'
p868
I48
sS'resturant'
p869
I48
sS'trick'
p870
I48
sS'situation'
p871
I48
sS'eventually'
p872
I48
sS'coffee'
p873
I48
sS'someone'
p874
I40
sS'everyday'
p875
I48
sS'projector'
p876
I48
sS'pay'
p877
I46
sS'locking'
p878
I48
sS'same'
p879
I41
sS'food'
p880
I38
sS'speech'
p881
I48
sS'clammy'
p882
I48
sS'"i'
p883
I48
sS'week'
p884
I47
sS'drives'
p885
I48
sS'mutha'
p886
I48
sS'cymbal'
p887
I48
sS'running'
p888
I48
sS'extender'
p889
I48
sS'favorites'
p890
I48
sS'\xe2\x9c\x8c\xef\xb8\x8f'
p891
I46
sS'perennial'
p892
I47
sS'namelesssss'
p893
I48
sS'without'
p894
I47
sS'model'
p895
I48
sS'summer'
p896
I47
sS'cj'
p897
I48
sS'being'
p898
I46
sS'money'
p899
I47
sS'rest'
p900
I47
sS'kill'
p901
I47
sS"dm's"
p902
I48
sS'hawmie'
p903
I48
sS'blow'
p904
I48
sS'death'
p905
I48
sS'thinking'
p906
I46
sS'daydreaming'
p907
I48
sS'except'
p908
I45
sS'$0.90'
p909
I48
sS'interested'
p910
I48
sS'4'
p911
I48
sS'ca'
p912
I46
sS'real'
p913
I45
sS'around'
p914
I46
sS'read'
p915
I44
sS'thxxxxxxx'
p916
I48
sS'gonna'
p917
I39
sS'early'
p918
I44
sS'traffic'
p919
I48
sS'zaym'
p920
I48
sS'mom'
p921
I43
sS'world'
p922
I43
sS'snare'
p923
I48
sS'roll'
p924
I48
sS'down!!!111'
p925
I48
sS'laughing'
p926
I47
sS'attempting'
p927
I48
sS'clap'
p928
I48
sS'house...now'
p929
I48
sS'doll'
p930
I47
sS'replays'
p931
I48
sS'pacific'
p932
I48
sS'eddie'
p933
I47
sS'table'
p934
I48
sS'snoring'
p935
I48
sS'thinks'
p936
I48
sS'payed'
p937
I48
sS'mood'
p938
I48
sS'gapped'
p939
I48
sS'moon'
p940
I48
sS'hipster'
p941
I46
sS'nuggets'
p942
I48
sS'lmfao'
p943
I45
sS'$50'
p944
I48
sS'drums'
p945
I46
sS';)'
p946
I47
sS'throw'
p947
I47
sS'on'
p948
I16
sS'ok'
p949
I38
sS'oh'
p950
I41
sS'of'
p951
I14
sS'favorite'
p952
I47
sS'srs'
p953
I47
sS'fell'
p954
I48
sS'wolf'
p955
I44
sS'stand'
p956
I47
sS'ot'
p957
I47
sS'or'
p958
I27
sS'road'
p959
I48
sS'checkup'
p960
I48
sS'tribe'
p961
I48
sS'burning'
p962
I48
sS'crossing!!!!!!!\xc2\xa1\xc2\xa1\xc2\xa1\xc2\xa1'
p963
I48
sS'blessed'
p964
I48
sS'snapchat'
p965
I48
sS'cuffin'
p966
I48
sS'yous'
p967
I48
sS'your'
p968
I25
sS'her'
p969
I42
sS'there'
p970
I47
sS'hey'
p971
I47
sS'lol'
p972
I37
sS'start'
p973
I48
sS'pasadena'
p974
I48
sS'downey'
p975
I48
sS'stars'
p976
I47
sS'teeeeeemu'
p977
I48
sS'heh'
p978
I46
sS'allergic'
p979
I48
sS'vicente'
p980
I48
sS'spicy'
p981
I48
sS'awwwwww'
p982
I48
sS'judging'
p983
I48
sS'trying'
p984
I44
sS'with'
p985
I16
sS"they're"
p986
I44
sS'monopoly'
p987
I48
sS'bucket'
p988
I47
sS'"it\'s'
p989
I48
sS'08:30:05.0,34.0614999,-118.0968648,4825.03,yayy'
p990
I48
sS'gone'
p991
I48
sS'ac'
p992
I48
sS'taylor'
p993
I48
sS'af'
p994
I48
sS'taste'
p995
I48
sS'describe'
p996
I48
sS'am'
p997
I42
sS'wartime'
p998
I48
sS'an'
p999
I38
sS'60%'
p1000
I48
sS'as'
p1001
I38
sS'intro'
p1002
I48
sS'tasty'
p1003
I48
sS'at'
p1004
I17
sS'aw'
p1005
I46
sS'watched'
p1006
I48
sS'bishop'
p1007
I48
sS'cream'
p1008
I48
sS'again'
p1009
I46
sS'deserve'
p1010
I48
sS'event'
p1011
I47
sS'valid'
p1012
I48
sS'5'
p1013
I45
sS'you'
p1014
I9
sS'karma'
p1015
I48
sS'poor'
p1016
I48
sS'diaries'
p1017
I48
sS'spoilers'
p1018
I48
sS'time'
p1019
I40
sS'important'
p1020
I48
sS"she's"
p1021
I44
sS'chris'
p1022
I48
sS'ramsay'
p1023
I48
sS'calls'
p1024
I48
sS'wifi'
p1025
I48
sS'mask'
p1026
I48
sS'hello'
p1027
I48
sS'u'
p1028
I42
sS'alright'
p1029
I46
sS'oral'
p1030
I48
sS'strings'
p1031
I48
sS'all'
p1032
I26
sS'forget'
p1033
I48
sS'chinese'
p1034
I48
sS'dollar'
p1035
I48
sS'month'
p1036
I47
sS'tamp!!11'
p1037
I48
sS'referring'
p1038
I48
sS'tv'
p1039
I48
sS'tw'
p1040
I48
sS'tu'
p1041
I48
sS'to'
p1042
I4
sS'chewing'
p1043
I48
sS'tf'
p1044
I48
sS'enjoying'
p1045
I47
sS'worse'
p1046
I47
sS'song'
p1047
I44
sS'very'
p1048
I46
sS'horror'
p1049
I48
sS'imessage'
p1050
I48
sS'hahahahahahaha'
p1051
I48
sS'selfies'
p1052
I48
sS'diary'
p1053
I48
sS'fall'
p1054
I47
sS'ticket'
p1055
I47
sS'fag'
p1056
I48
sS'condition'
p1057
I47
sS'bombbbbbbbbbb'
p1058
I48
sS"plant's"
p1059
I48
sS'heaven'
p1060
I48
sS'19:12:14.0,34.06220644,-118.09169759,4825.03,you'
p1061
I48
sS'list'
p1062
I48
sS'prosciutto'
p1063
I46
sS'-3'
p1064
I48
sS'harry'
p1065
I46
sS'lisa'
p1066
I48
sS"i'll"
p1067
I44
sS'past'
p1068
I45
sS'burger'
p1069
I48
sS'zero'
p1070
I48
sS'pass'
p1071
I48
sS'ratm'
p1072
I48
sS'what'
p1073
I31
sS'abc'
p1074
I48
sS'sub'
p1075
I48
sS'abi'
p1076
I48
sS'(8150'
p1077
I48
sS'crush'
p1078
I48
sS'rosemead)'
p1079
I46
sS'full'
p1080
I46
sS"c'mon"
p1081
I48
sS'tags'
p1082
I48
sS'loose'
p1083
I48
sS'hours'
p1084
I46
sS'hmmmm'
p1085
I48
sS'i.d'
p1086
I48
sS'november'
p1087
I47
sS'arena'
p1088
I48
sS'creepy'
p1089
I48
sS'pics'
p1090
I48
sS'stella'
p1091
I48
sS'social'
p1092
I48
sS'family'
p1093
I46
sS'vie'
p1094
I47
sS'donnie'
p1095
I47
sS'texts'
p1096
I47
sS'semester'
p1097
I47
sS"claro's"
p1098
I48
sS'eye'
p1099
I47
sS'two'
p1100
I45
sS'pears'
p1101
I45
sS'metallica'
p1102
I48
sS'6'
p1103
I48
sS'taken'
p1104
I47
sS'injury'
p1105
I48
sS'more'
p1106
I39
sS'teen'
p1107
I44
sS'tryna'
p1108
I48
sS'door'
p1109
I48
sS"uncle's"
p1110
I48
sS'flag'
p1111
I48
sS"ain't"
p1112
I45
sS'town'
p1113
I48
sS'keeping'
p1114
I48
sS'hour'
p1115
I45
sS'recall'
p1116
I48
sS'sucks'
p1117
I45
sS'del'
p1118
I48
sS'hermione'
p1119
I48
sS'learn'
p1120
I48
sS'history'
p1121
I48
sS'beautiful'
p1122
I48
sS'embarrassing'
p1123
I48
sS'scan'
p1124
I48
sS'domcmallspaksneke'
p1125
I48
sS'sike'
p1126
I48
sS'numbers'
p1127
I48
sS'\xe2\x9a\xa1'
p1128
I48
sS'partner'
p1129
I48
sS'dress'
p1130
I48
sS'needs'
p1131
I48
sS'scratchers'
p1132
I48
sS'goal'
p1133
I46
sS'awkward'
p1134
I46
sS'breaking'
p1135
I47
sS'possibly'
p1136
I48
sS'ensemble'
p1137
I48
sS'sandwich'
p1138
I48
sS'okay'
p1139
I42
sS'rude'
p1140
I48
sS'sneak'
p1141
I48
sS'soundtrack'
p1142
I48
sS'coming'
p1143
I46
sS'a'
p1144
I6
sS'short'
p1145
I48
sS'team!!1!1!11'
p1146
I48
sS"that'd"
p1147
I48
sS'tweeting'
p1148
I48
sS'shady'
p1149
I48
sS'ac/dc,91770\n437087488226889729,thebubbamaster,2014-02-22'
p1150
I48
sS'clams'
p1151
I48
sS'dream'
p1152
I45
sS'playing'
p1153
I34
sS"that's"
p1154
I40
sS'bandwagoners'
p1155
I48
sS'help'
p1156
I48
sS"don't"
p1157
I31
sS'developed'
p1158
I48
sS'itd'
p1159
I48
sS'sooo'
p1160
I48
sS'trade'
p1161
I48
sS'paper'
p1162
I47
sS'through'
p1163
I47
sS'hell'
p1164
I43
sS'its'
p1165
I46
sS'unhealthy'
p1166
I48
sS'messed'
p1167
I48
sS'26'
p1168
I48
sS'hendrix'
p1169
I48
sS'"nice'
p1170
I48
sS'messes'
p1171
I48
sS'pcc'
p1172
I48
sS'margarita'
p1173
I48
sS'sauce'
p1174
I48
sS'fool'
p1175
I48
sS'good'
p1176
I29
sS'yo'
p1177
I46
sS'ya'
p1178
I45
sS'uhm'
p1179
I48
sS'clippers'
p1180
I48
sS'starbucks'
p1181
I48
sS'respiro'
p1182
I48
sS'youuuuuuuuu'
p1183
I48
sS'adventurous'
p1184
I48
sS'easily'
p1185
I48
sS'always'
p1186
I48
sS'bless'
p1187
I44
sS'stopped'
p1188
I48
sS'found'
p1189
I48
sS"isn't"
p1190
I48
sS'reactions'
p1191
I48
sS'everyone'
p1192
I42
sS'21:07:50.0,34.0616422,-118.09767,4825.03,my'
p1193
I48
sS'delicious'
p1194
I48
sS'house'
p1195
I41
sS'vatanen'
p1196
I48
sS'hard'
p1197
I39
sS'idea'
p1198
I47
sS'sober'
p1199
I48
sS'04:52:32.0,34.0623,-118.09885383,4825.03,this'
p1200
I48
sS'saaaaaaaku'
p1201
I48
sS'flavio'
p1202
I48
sS'really'
p1203
I40
sS'lola'
p1204
I48
sS'perry'
p1205
I47
sS'psychology'
p1206
I48
sS'bonham'
p1207
I48
sS'robert'
p1208
I47
sS'since'
p1209
I46
sS'garvey'
p1210
I46
sS'research'
p1211
I48
sS'race'
p1212
I48
sS'krispy'
p1213
I48
sS'hill'
p1214
I48
sS"they'll"
p1215
I46
sS'darling'
p1216
I48
sS'"adopt'
p1217
I48
sS'ass'
p1218
I39
sS'beauchemon'
p1219
I48
sS'bully'
p1220
I48
sS'friday'
p1221
I44
sS'labs'
p1222
I48
sS'houses'
p1223
I48
sS'reason'
p1224
I43
sS'killin'
p1225
I47
sS'fatass'
p1226
I48
sS'hossa'
p1227
I48
sS'ask'
p1228
I47
sS'beginning'
p1229
I47
sS'blister'
p1230
I48
sS'owners'
p1231
I48
sS'terrible'
p1232
I48
sS'clininc'
p1233
I48
sS'american'
p1234
I47
sS'franken'
p1235
I48
sS'knots'
p1236
I48
sS'major'
p1237
I48
sS'dont'
p1238
I48
sS'feel'
p1239
I40
sS'knocking'
p1240
I48
sS'done'
p1241
I45
sS'notify'
p1242
I48
sS'fees'
p1243
I48
sS'miss'
p1244
I46
sS'guess'
p1245
I47
sS'"'
p1246
I47
sS'gourmet'
p1247
I45
sS'together'
p1248
I48
sS'5th'
p1249
I47
sS'$187'
p1250
I48
sS"haidee's"
p1251
I48
sS'passed'
p1252
I47
sS'store'
p1253
I48
sS"paul's"
p1254
I41
sS'para'
p1255
I48
sS'relieved'
p1256
I48
sS'park'
p1257
I48
sS'part'
p1258
I46
sS'zeppelin'
p1259
I47
sS'ashley'
p1260
I48
sS'$5'
p1261
I47
sS'stairs'
p1262
I48
sS'kind'
p1263
I47
sS'b'
p1264
I45
sS'double'
p1265
I48
sS'kreme'
p1266
I48
sS'marriage'
p1267
I48
sS'hot"'
p1268
I48
sS'dang'
p1269
I48
sS'picked'
p1270
I48
sS'canceling'
p1271
I48
sS'yeee'
p1272
I48
sS'cup*'
p1273
I48
sS"18:27:26.0,34.062266,-118.095044,4825.03,i'm"
p1274
I48
sS'skdkwoozsojsq'
p1275
I48
sS'nights'
p1276
I47
sS'built'
p1277
I48
sS'lil'
p1278
I47
sS'also'
p1279
I48
sS'build'
p1280
I48
sS'play'
p1281
I37
sS'experienced'
p1282
I48
sS'\xe2\x9b\xbd'
p1283
I48
sS'mosh'
p1284
I48
sS'most'
p1285
I48
sS'sponsored'
p1286
I48
sS'nothing'
p1287
I48
sS'teemu'
p1288
I47
sS'sometimes'
p1289
I45
sS'cover'
p1290
I48
sS'behavior,91770\n490297938942242816,monicaaalovee,2014-07-19'
p1291
I48
sS'realised'
p1292
I47
sS'attacking'
p1293
I48
sS'fuckkn'
p1294
I48
sS"15:56:40.0,34.06216745,-118.091674,4825.03,i'm"
p1295
I48
sS'shitty'
p1296
I47
sS'hyfr'
p1297
I48
sS'find'
p1298
I48
sS'giant'
p1299
I48
sS'believe'
p1300
I48
sS'restaurant)'
p1301
I47
sS'music'
p1302
I47
sS'idiots'
p1303
I48
sS'pretty'
p1304
I43
sS"mom's"
p1305
I48
sS'his'
p1306
I38
sS'hit'
p1307
I47
sS'quizzes'
p1308
I48
sS'trees'
p1309
I48
sS'feels'
p1310
I48
sS'pretending'
p1311
I48
sS'/him/'
p1312
I48
sS'during'
p1313
I48
sS'him'
p1314
I42
sS'fluff'
p1315
I48
sS'cries'
p1316
I48
sS'cry'
p1317
I43
sS'gotten'
p1318
I48
sS'cri'
p1319
I48
sS'relentless'
p1320
I48
sS'set'
p1321
I47
sS'art'
p1322
I48
sS'bechet'
p1323
I48
sS'see'
p1324
I38
sS'dumb'
p1325
I41
sS'are'
p1326
I23
sS'sea'
p1327
I48
sS'knees'
p1328
I48
sS'visiting'
p1329
I48
sS'fontana'
p1330
I48
sS'movie'
p1331
I44
sS'currently'
p1332
I48
sS'please'
p1333
I48
sS'woo'
p1334
I48
sS'won'
p1335
I46
sS'dank'
p1336
I48
sS'knowing'
p1337
I48
sS'pisses'
p1338
I47
sS'attention'
p1339
I48
sS'procrastinate"'
p1340
I48
sS'pissed'
p1341
I47
sS'both'
p1342
I48
sS'last'
p1343
I40
sS'restaurant'
p1344
I40
sS'house!!!!\xc2\xa1\xc2\xa1'
p1345
I48
sS'*groans*'
p1346
I48
sS'mean'
p1347
I44
sS'whole'
p1348
I46
sS'\xe2\x98\xba'
p1349
I48
sS'naaaah'
p1350
I47
sS'sweet'
p1351
I48
sS'das'
p1352
I48
sS'others'
p1353
I48
sS'likes'
p1354
I48
sS"rockin'"
p1355
I48
sS'duh'
p1356
I48
sS'pp'
p1357
I48
sS'devil'
p1358
I48
sS'dum'
p1359
I48
sS'create'
p1360
I48
sS'due'
p1361
I45
sS'dug'
p1362
I48
sS'secret'
p1363
I48
sS'damn'
p1364
I31
sS'benson'
p1365
I48
sS'meeting'
p1366
I47
sS'whoa'
p1367
I47
sS'woke'
p1368
I46
sS'gay'
p1369
I48
sS'fire'
p1370
I46
sS"what's"
p1371
I47
sS'else'
p1372
I48
sS'awake'
p1373
I45
sS'prices'
p1374
I48
sS'look'
p1375
I45
sS'fuq'
p1376
I48
sS'xtina'
p1377
I47
sS'while'
p1378
I43
sS'kick'
p1379
I48
sS'fun'
p1380
I43
sS'fuk'
p1381
I48
sS'pound'
p1382
I48
sS':\xe2\x80\xa2)'
p1383
I48
sS'rip'
p1384
I48
sS'ducks'
p1385
I36
sS'rim'
p1386
I48
sS'funny'
p1387
I48
sS'shirt'
p1388
I47
sS'anymore'
p1389
I46
sS'noooo'
p1390
I48
sS'madly'
p1391
I48
sS'9'
p1392
I48
sS'qirl'
p1393
I47
sS'heeeart'
p1394
I48
sS'bonus'
p1395
I48
sS'leopard'
p1396
I48
sS'yesterday'
p1397
I44
sS'moment'
p1398
I48
sS'levels'
p1399
I48
sS'hahahahahhahahaa'
p1400
I48
sS'hmmmmmm'
p1401
I48
sS'lower'
p1402
I48
sS'noodle'
p1403
I48
sS'picky'
p1404
I48
sS'older'
p1405
I48
sS'bod'
p1406
I48
sS'spent'
p1407
I48
sS'tacos.,91770\n232195937546670083,wjaing,2012-08-05'
p1408
I48
sS'person'
p1409
I48
sS'joey+rachel'
p1410
I48
sS'y'
p1411
I47
sS'chemistry'
p1412
I48
sS'listening'
p1413
I48
sS'pigeons'
p1414
I48
sS'dippin'
p1415
I48
sS'prefinal'
p1416
I48
sS'shape'
p1417
I48
sS'guys"'
p1418
I48
sS'procrastinating'
p1419
I48
sS'letting'
p1420
I46
sS'cut'
p1421
I46
sS'cup'
p1422
I48
sS'cuz'
p1423
I48
sS'parents'
p1424
I48
sS'location'
p1425
I48
sS'crying'
p1426
I48
sS'homies'
p1427
I48
sS'cum'
p1428
I47
sS'excited'
p1429
I48
sS'hates'
p1430
I48
sS'hater'
p1431
I47
sS'big'
p1432
I41
sS'unlimited'
p1433
I48
sS'soup"'
p1434
I48
sS'game'
p1435
I38
sS'quest'
p1436
I47
sS'wiser'
p1437
I48
sS'bit'
p1438
I48
sS'inviting'
p1439
I48
sS'cogs'
p1440
I48
sS'sprinklers'
p1441
I48
sS'fucking'
p1442
I26
sS'spring'
p1443
I47
sS'some'
p1444
I40
sS'back'
p1445
I40
sS'towards'
p1446
I48
sS'candy'
p1447
I48
sS'pet'
p1448
I48
sS'religion'
p1449
I47
sS'pee'
p1450
I47
sS'thighs'
p1451
I48
sS'be'
p1452
I22
sS'run'
p1453
I45
sS'bb'
p1454
I42
sS'bc'
p1455
I45
sS'300'
p1456
I48
sS'fed'
p1457
I48
sS'$80'
p1458
I48
sS'cochran'
p1459
I47
sS'step'
p1460
I48
sS'santa'
p1461
I48
sS'intense'
p1462
I47
sS'perf'
p1463
I47
sS'anything'
p1464
I48
sS'netflix'
p1465
I47
sS'awwww'
p1466
I48
sS'deserves'
p1467
I48
sS'idk'
p1468
I47
sS'hahahah'
p1469
I48
sS'into'
p1470
I45
sS'returning'
p1471
I48
sS'ayyy'
p1472
I48
sS'sports'
p1473
I48
sS'ontario'
p1474
I46
sS'spending'
p1475
I48
sS'(sized)'
p1476
I48
sS'ca)'
p1477
I47
sS'long'
p1478
I46
sS'spaz'
p1479
I48
sS"we're"
p1480
I45
sS'bruh'
p1481
I46
sS'forward'
p1482
I48
sS'translate'
p1483
I47
sS'scared'
p1484
I47
sS'poster'
p1485
I48
sS'boys'
p1486
I48
sS'polisci'
p1487
I48
sS'line'
p1488
I46
sS':-d,91770\n272490955192545283,suhsuhsavie,2012-11-25'
p1489
I48
sS'tumblr'
p1490
I48
sS'biggie'
p1491
I48
sS'angels'
p1492
I47
sS'fries'
p1493
I48
sS'up'
p1494
I22
sS'us'
p1495
I42
sS"tomorrow's"
p1496
I48
sS'uh'
p1497
I48
sS'planes'
p1498
I48
sS'called'
p1499
I48
sS'ordered'
p1500
I48
sS'adults'
p1501
I48
sS'chai'
p1502
I48
sS'lindholm'
p1503
I48
sS'bebimetas'
p1504
I48
sS'basterds'
p1505
I48
sS'cafe'
p1506
I48
sS'echo'
p1507
I48
sS'nah'
p1508
I39
sS'peace'
p1509
I47
sS'nick'
p1510
I48
sS'nap'
p1511
I44
sS'electrical'
p1512
I48
sS'nice'
p1513
I38
sS'gross'
p1514
I48
sS'problems'
p1515
I48
sS"guy's"
p1516
I48
sS'fishes'
p1517
I48
sS'ago'
p1518
I48
sS'age'
p1519
I48
sS'shoutout'
p1520
I48
sS'hella'
p1521
I46
sS'dot'
p1522
I48
sS'memories'
p1523
I48
sS'far'
p1524
I48
sS'fresh'
p1525
I48
sS'having'
p1526
I44
sS'noooooooo'
p1527
I48
sS'cheetos'
p1528
I48
sS'gf'
p1529
I48
sS'jimi'
p1530
I48
sS'go'
p1531
I31
sS'psycho'
p1532
I48
sS'wizard'
p1533
I47
sS'send'
p1534
I45
sS'dislike'
p1535
I48
sS'20:06:42.0,34.0614999,-118.0968648,4825.03,made'
p1536
I48
sS'garden'
p1537
I48
sS'facebook'
p1538
I47
sS'categories'
p1539
I48
sS'notes'
p1540
I48
sS'ryan'
p1541
I47
sS'assignments'
p1542
I47
sS'\xe2\x9a\xaa-'
p1543
I48
sS'ahahahaha'
p1544
I48
sS'challenge'
p1545
I48
sS'booty'
p1546
I46
sS"you's"
p1547
I48
sS'shittttttttt'
p1548
I48
sS'derpy'
p1549
I48
sS'index'
p1550
I48
sS'plays'
p1551
I47
sS'wore'
p1552
I48
sS'sweaty'
p1553
I48
sS'waiting'
p1554
I48
sS'indian'
p1555
I48
sS't'
p1556
I48
sS'body'
p1557
I47
sS'-paul'
p1558
I47
sS'led'
p1559
I48
sS'cabeza'
p1560
I48
sS'commercial'
p1561
I48
sS'lovejoy'
p1562
I48
sS'peggy'
p1563
I48
sS'let'
p1564
I45
sS'urs'
p1565
I48
sS'great'
p1566
I44
sS'survivor'
p1567
I44
sS'30'
p1568
I46
sS'leaving'
p1569
I48
sS'opinion'
p1570
I47
sS'nameless'
p1571
I48
sS'makes'
p1572
I47
sS'involves'
p1573
I48
sS'thats'
p1574
I48
sS'apple'
p1575
I48
sS'powerball'
p1576
I48
sS'win'
p1577
I46
sS'wii'
p1578
I48
sS'names'
p1579
I48
sS'dumbest'
p1580
I48
sS'singing'
p1581
I48
sS'standing'
p1582
I48
sS'cha'
p1583
I48
sS'use'
p1584
I46
sS'hahahahaha'
p1585
I44
sS'from'
p1586
I40
sS'che'
p1587
I45
sS'&'
p1588
I46
sS'cray'
p1589
I48
sS'next'
p1590
I46
sS'~$~'
p1591
I48
sS'camera'
p1592
I48
sS'((unless'
p1593
I48
sS'econ'
p1594
I48
sS'sister'
p1595
I46
sS'silfer'
p1596
I48
sS'sore'
p1597
I47
sS'rabbit'
p1598
I48
sS'baby'
p1599
I47
sS'fan'
p1600
I48
sS'balls'
p1601
I46
sS'midterm'
p1602
I47
sS'this'
p1603
I19
sS'ride'
p1604
I48
sS'6am'
p1605
I48
sS'anywhere'
p1606
I48
sS'crossed'
p1607
I48
sS'island'
p1608
I48
sS'aight'
p1609
I48
sS'meet'
p1610
I47
sS'thirsty'
p1611
I48
sS'oc'
p1612
I48
sS'halloween'
p1613
I48
sS'yeaaah'
p1614
I48
sS'high'
p1615
I47
sS'tag'
p1616
I48
sS'something'
p1617
I46
sS'boner'
p1618
I48
sS'11:04:18.0,34.0615296,-118.0971702,4825.03,what'
p1619
I48
sS'lamb'
p1620
I48
sS'sit'
p1621
I48
sS'roden'
p1622
I48
sS'animal'
p1623
I47
sS'instead'
p1624
I46
sS'stock'
p1625
I48
sS'watch'
p1626
I42
sS'fart'
p1627
I48
sS'physio'
p1628
I48
sS'seaworld'
p1629
I47
sS'hahahaha'
p1630
I46
sS'autograph'
p1631
I47
sS'honestly'
p1632
I48
sS'crawling'
p1633
I48
sS'daaaaaaaamn'
p1634
I48
sS'getzlaf'
p1635
I48
sS'move'
p1636
I48
sS"18:03:39.0,34.06216745,-118.091674,4825.03,i'm"
p1637
I48
sS"won't"
p1638
I47
sS'looks'
p1639
I45
sS'la'
p1640
I47
sS'broom'
p1641
I47
sS'bye'
p1642
I48
sS'dad'
p1643
I47
sS'crash'
p1644
I47
sS'kiss'
p1645
I47
sS'afu'
p1646
I48
sS'caga'
p1647
I47
sS'day'
p1648
I43
sS'worlds'
p1649
I48
sS'edit'
p1650
I48
sS'nfl'
p1651
I48
sS'merge'
p1652
I48
sS'trap'
p1653
I48
sS'crossing'
p1654
I48
sS'glasses'
p1655
I48
sS'doing'
p1656
I44
sS'our'
p1657
I43
sS'81'
p1658
I48
sS'shannon'
p1659
I48
sS'out'
p1660
I34
sS'category'
p1661
I48
sS'ntario'
p1662
I48
sS'mate'
p1663
I47
sS'hilarious'
p1664
I48
sS'places.but'
p1665
I48
sS'cause'
p1666
I27
sS'red'
p1667
I48
sS'shut'
p1668
I48
sS'frank'
p1669
I47
sS'que'
p1670
I48
sS'sitting'
p1671
I48
sS'mars'
p1672
I47
sS'g'
p1673
I45
sS'could'
p1674
I45
sS'keep'
p1675
I47
sS'biting'
p1676
I48
sS'scare'
p1677
I48
sS'south'
p1678
I48
sS'chromecast'
p1679
I48
sS'scene'
p1680
I47
sS'owned'
p1681
I48
sS'jesus'
p1682
I47
sS'bitch'
p1683
I45
sS'lagging'
p1684
I48
sS'girl,91770\n289449590573379584,andiewheatley,2013-01-10'
p1685
I48
sS'blows'
p1686
I48
sS'hehe'
p1687
I48
sS'him!1!!11'
p1688
I48
sS"doesn't"
p1689
I46
sS'ordering'
p1690
I48
sS'data'
p1691
I48
sS'fuckers'
p1692
I47
sS'their'
p1693
I43
sS'attack'
p1694
I48
sS'final'
p1695
I46
sS'2-0'
p1696
I48
sS'2-1'
p1697
I48
sS'lot'
p1698
I48
sS'shorts'
p1699
I48
sS'gotcha'
p1700
I48
sS'nobody'
p1701
I48
sS'trixbeam'
p1702
I48
sS'biggest'
p1703
I48
sS"that'll"
p1704
I48
sS'updating'
p1705
I48
sS'holland'
p1706
I48
sS'boring'
p1707
I48
sS'photogenic'
p1708
I48
sS'bed'
p1709
I48
sS'claim'
p1710
I48
sS'anaheim'
p1711
I48
sS'loves'
p1712
I47
sS'impala'
p1713
I47
sS'julian'
p1714
I48
sS'eve....,91770\n279678820771037184,suhsuhsavie,2012-12-14'
p1715
I48
sS'tonight'
p1716
I45
sS'duranduran94'
p1717
I48
sS'have'
p1718
I18
sS'need'
p1719
I40
sS'mil'
p1720
I48
sS'studying'
p1721
I48
sS'able'
p1722
I47
sS'ahold'
p1723
I48
sS'etem'
p1724
I47
sS'omffffggggggggggggg'
p1725
I48
sS'bbz'
p1726
I48
sS'asshole'
p1727
I48
sS'='
p1728
I48
sS'unless'
p1729
I48
sS'wha'
p1730
I48
sS'who'
p1731
I37
sS"where's"
p1732
I48
sS'awk'
p1733
I48
sS'achilles'
p1734
I48
sS'why'
p1735
I31
sS'upset'
p1736
I48
sS'disease'
p1737
I48
sS'fafsa'
p1738
I47
sS'face'
p1739
I47
sS'looked'
p1740
I46
sS"you'll"
p1741
I46
sS'dawgs'
p1742
I48
sS'gesture'
p1743
I48
sS'fowler'
p1744
I44
sS'skinny'
p1745
I47
sS'shiitttttt'
p1746
I48
sS'fact'
p1747
I47
sS'text'
p1748
I46
sS'assholes'
p1749
I48
sS'ayooo'
p1750
I48
sS'bring'
p1751
I46
sS'shittttt'
p1752
I47
sS'chicken'
p1753
I48
sS'pleased'
p1754
I48
sS'ngl'
p1755
I48
sS'('
p1756
I48
sS'should'
p1757
I44
sS'score'
p1758
I48
sS'fuel'
p1759
I48
sS'hope'
p1760
I45
sS'meant'
p1761
I48
sS'celly'
p1762
I48
sS'handle'
p1763
I48
sS'watching'
p1764
I44
sS'beat'
p1765
I48
sS'(crying'
p1766
I48
sS'words'
p1767
I48
sS'course'
p1768
I48
sS'rage'
p1769
I48
sS'calling'
p1770
I47
sS'stuff'
p1771
I47
sS'she'
p1772
I36
sS'tunes'
p1773
I48
sS'fixed'
p1774
I48
sS'guessing'
p1775
I48
sS'we'
p1776
I28
sS'freeze'
p1777
I48
sS'interview'
p1778
I48
sS'famuz'
p1779
I48
sS'luv'
p1780
I48
sS'has'
p1781
I42
sS'nightmare'
p1782
I48
sS'closed'
p1783
I48
sS'horrible'
p1784
I48
sS'lengua'
p1785
I48
sS'frustrated'
p1786
I48
sS'email'
p1787
I47
sS'bought'
p1788
I47
sS'legit'
p1789
I48
sS'drum'
p1790
I48
sS'curly'
p1791
I48
sS'career'
p1792
I48
sS'taking'
p1793
I47
sS'gtg'
p1794
I48
sS'presentations'
p1795
I48
sS'd!1!!1!1!1'
p1796
I48
sS'invites'
p1797
I48
sS'jersey'
p1798
I47
sS'comment'
p1799
I48
sS'swaggy'
p1800
I48
sS'hehehe'
p1801
I48
sS'tuesday'
p1802
I47
sS'teasing'
p1803
I48
sS'makin'
p1804
I48
sS'news'
p1805
I48
sS'kings'
p1806
I45
sS'ct'
p1807
I48
sS'yay'
p1808
I48
sS"it's"
p1809
I21
sS'polka'
p1810
I48
sS'responds'
p1811
I48
sS'quiz'
p1812
I48
sS'uhoh'
p1813
I48
sS'yah'
p1814
I48
sS'bbs'
p1815
I45
sS"it'd"
p1816
I48
sS'mike'
p1817
I48
sS'wanna'
p1818
I43
sS'hmu'
p1819
I48
sS'crappy'
p1820
I47
sS'rosiest'
p1821
I48
sS'finished'
p1822
I48
sS'bowls.\xe2\x80\x9d'
p1823
I48
sS'prescription'
p1824
I48
sS'wiki'
p1825
I48
sS'out,91770\n200254368954580995,teambanzai,2012-05-09'
p1826
I48
sS'sleezy'
p1827
I48
sS'will'
p1828
I43
sS'3hunnid'
p1829
I48
sS'hahaha'
p1830
I40
sS'pictures'
p1831
I48
sS'ill'
p1832
I47
sS'~'
p1833
I47
sS'20:15:41.0,34.05460347,-118.09189287,4825.03,who'
p1834
I48
sS'almost'
p1835
I48
sS'avp'
p1836
I47
sS'ave'
p1837
I44
sS'starcraft'
p1838
I48
sS'</3'
p1839
I48
sS'cross'
p1840
I48
sS'eric'
p1841
I48
sS'getz'
p1842
I46
sS'strange'
p1843
I47
sS'party'
p1844
I46
sS'gets'
p1845
I48
sS'injured'
p1846
I48
sS'anka'
p1847
I48
sS'pho'
p1848
I47
sS'1-0'
p1849
I48
sS'drink'
p1850
I48
sS'fucker'
p1851
I47
sS'fucked'
p1852
I47
sS'ikea'
p1853
I48
sS'off'
p1854
I39
sS'center'
p1855
I47
sS'i'
p1856
I2
sS'well'
p1857
I48
sS'thought'
p1858
I46
sS'collin'
p1859
I48
sS'usual'
p1860
I47
sS'carrie'
p1861
I48
sS'cried'
p1862
I48
sS'maggot'
p1863
I48
sS'hands'
p1864
I46
sS'16:15:10.0,34.06215291,-118.09166778,4825.03,i'
p1865
I48
sS'front'
p1866
I48
sS'clinic'
p1867
I48
sS'mistakes'
p1868
I48
sS'seats'
p1869
I48
sS'paul'
p1870
I33
sS'alansito'
p1871
I48
sS'(7968'
p1872
I47
sS'lake'
p1873
I48
sS'realize'
p1874
I46
sS'reasons'
p1875
I48
sS'add'
p1876
I48
sS'other'
p1877
I40
sS'wimpy'
p1878
I47
sS'homework'
p1879
I43
sS"who's"
p1880
I48
sS'know'
p1881
I35
sS'immediately'
p1882
I48
sS'factory)'
p1883
I48
sS'like'
p1884
I16
sS'lost'
p1885
I47
sS'"he\'s'
p1886
I48
sS'pokemons'
p1887
I48
sS'karen'
p1888
I48
sS'clown'
p1889
I48
sS'loses'
p1890
I48
sS'mhz'
p1891
I48
sS'journalist'
p1892
I48
sS'lose'
p1893
I48
sS'what?"'
p1894
I48
sS'become'
p1895
I47
sS'page'
p1896
I48
sS'italian'
p1897
I48
sS'because'
p1898
I42
sS'twitter'
p1899
I47
sS'hair'
p1900
I46
sS'shes'
p1901
I46
sS':-]'
p1902
I48
sS'home'
p1903
I43
sS'"what'
p1904
I48
sS'hipsters'
p1905
I48
sS'leaf'
p1906
I48
sS'obsessed'
p1907
I48
sS'lead'
p1908
I48
sS'literally'
p1909
I47
sS'pangea-'
p1910
I48
sS'does'
p1911
I44
sS'schedule'
p1912
I47
sS'stage'
p1913
I48
sS'jam'
p1914
I48
sS':-('
p1915
I47
sS':-)'
p1916
I48
sS'actual'
p1917
I48
sS'justin'
p1918
I48
sS'getting'
p1919
I44
sS'shipping'
p1920
I48
sS'slayer'
p1921
I45
sS'swear'
p1922
I48
sS'own'
p1923
I47
sS'weather'
p1924
I48
sS'1000000%'
p1925
I48
sS'registration'
p1926
I48
sS'pointless'
p1927
I48
sS'*'
p1928
I46
sS'kidding'
p1929
I48
sS'spread'
p1930
I48
sS'bees'
p1931
I48
sS'19:32:27.0,34.06136247,-118.09072665,4825.03,there'
p1932
I48
sS'maze'
p1933
I48
sS"i've"
p1934
I42
sS'bitches'
p1935
I47
sS'but'
p1936
I22
sS'hi'
p1937
I48
sS'goals'
p1938
I48
sS'ha'
p1939
I47
sS'eat'
p1940
I44
sS'he'
p1941
I35
sS'count'
p1942
I47
sS'made'
p1943
I46
sS'wish'
p1944
I45
sS'flip'
p1945
I48
sS'problem'
p1946
I48
sS'piece'
p1947
I48
sS'minutes'
p1948
I44
sS'skating'
p1949
I48
sS'replying'
p1950
I48
sS'pin'
p1951
I48
sS"((i'm"
p1952
I48
sS'pic'
p1953
I47
sS'education'
p1954
I48
sS'campus'
p1955
I47
sS'beauch'
p1956
I46
sS'compared'
p1957
I48
sS'rumors'
p1958
I48
sS'book'
p1959
I47
sS'sick'
p1960
I41
sS'milkyway'
p1961
I48
sS'star'
p1962
I48
sS'monday'
p1963
I46
sS'shredded'
p1964
I48
sS'class'
p1965
I31
sS'stay'
p1966
I45
sS'chance'
p1967
I48
sS'friends'
p1968
I47
sS'vein'
p1969
I48
sS'ghost'
p1970
I48
sS'\xe2\x80\x9d'
p1971
I48
sS'lasted'
p1972
I48
sS'good.....fuck'
p1973
I48
sS'omfnskksoeoakskmdaknskdkdk'
p1974
I48
sS'understand'
p1975
I46
sS'yell'
p1976
I48
s.