(dp0
S''
p1
I4
sS'roberts'
p2
I87
sS'represent'
p3
I87
sS'sleep!,90604\n485332759917785088,gageluvsgreens,2014-07-05'
p4
I87
sS'desirable'
p5
I87
sS'felt'
p6
I82
sS'dynasty'
p7
I87
sS'four'
p8
I87
sS'sleep'
p9
I61
sS'asian'
p10
I86
sS'hanging'
p11
I87
sS'hate'
p12
I75
sS'relationships'
p13
I87
sS'whose'
p14
I86
sS'feeding'
p15
I85
sS'patches'
p16
I87
sS'electricity'
p17
I87
sS'tweet'
p18
I82
sS'daley'
p19
I85
sS'bike'
p20
I86
sS'ringsi'
p21
I87
sS'hnnnnggg'
p22
I87
sS'teaching'
p23
I87
sS'sorry'
p24
I75
sS'worth'
p25
I87
sS'collaborate'
p26
I87
sS'risk'
p27
I87
sS'hydrated!,90605\n474256576140673024,omjnrg,2014-06-04'
p28
I87
sS'blanket'
p29
I87
sS'oceans'
p30
I87
sS'lololol'
p31
I87
sS'gracias'
p32
I87
sS'every'
p33
I73
sS'jack'
p34
I86
sS'fucked,90604\n498502001961873408,aaron_4_,2014-08-10'
p35
I87
sS'fuego'
p36
I86
sS'bringing'
p37
I87
sS'04:49:50.0,33.944515,-118.032196,5032.02,bite'
p38
I87
sS'tickets'
p39
I83
sS'skillz'
p40
I87
sS'school'
p41
I75
sS',90604\n496739379659165697,goldynchyld_,2014-08-05'
p42
I87
sS'bestfriend'
p43
I87
sS'errands'
p44
I87
sS'damn....that'
p45
I87
sS'fuq'
p46
I87
sS'wednesday'
p47
I85
sS'v.i.p'
p48
I87
sS'humidity'
p49
I87
sS'oooh'
p50
I87
sS'"don\'t'
p51
I87
sS'stating'
p52
I87
sS'spiders'
p53
I86
sS'enjoy'
p54
I83
sS'chew'
p55
I87
sS'tired'
p56
I77
sS'convo'
p57
I87
sS'hating'
p58
I87
sS'bacon'
p59
I87
sS'eeyoheeyoheeyonheeheee'
p60
I87
sS'surrounding'
p61
I86
sS'second'
p62
I84
sS'street'
p63
I84
sS'7th'
p64
I85
sS'panda'
p65
I87
sS'machines'
p66
I87
sS'even'
p67
I59
sS'hide'
p68
I86
sS'01:24:06.0,33.9388577,-118.0303729,5032.02,dom'
p69
I87
sS'saved'
p70
I87
sS'nee'
p71
I87
sS'fingers'
p72
I87
sS'lights'
p73
I86
sS'absolute'
p74
I87
sS'above'
p75
I87
sS'new'
p76
I64
sS'tips'
p77
I87
sS'hmmm'
p78
I87
sS'ever'
p79
I69
sS'disney'
p80
I86
sS'told'
p81
I81
sS'unmotivated'
p82
I87
sS'"tfti"'
p83
I87
sS'hands\xe2\x80\x9d'
p84
I87
sS'pancakes'
p85
I87
sS'herb'
p86
I87
sS'never'
p87
I56
sS'mei'
p88
I87
sS'here'
p89
I70
sS'10%'
p90
I87
sS'met'
p91
I86
sS'kyuubi'
p92
I87
sS'studio'
p93
I87
sS'smokin'
p94
I87
sS'minutes\xe2\x98\x9d\xef\xb8\x8f'
p95
I87
sS'active'
p96
I86
sS"beautyyu'd"
p97
I87
sS'100'
p98
I86
sS"aren't"
p99
I83
sS'better,90605\n473326962115506176,omjnrg,2014-06-02'
p100
I87
sS'kids'
p101
I83
sS'daaaaaaaaaaamn'
p102
I87
sS'jams'
p103
I85
sS'ventures'
p104
I87
sS'items'
p105
I87
sS'k'
p106
I84
sS'changed'
p107
I85
sS'"why'
p108
I87
sS'shaaaaaaaaaaaaaaaa-ehhhhh-tttttt'
p109
I87
sS'robin'
p110
I87
sS'itunes'
p111
I86
sS'imma'
p112
I86
sS"i'd"
p113
I79
sS'smoke'
p114
I85
sS'\xe2\x9c\x94\xef\xb8\x8f'
p115
I87
sS'military'
p116
I87
sS"i'm"
p117
I16
sS'tv.hands'
p118
I87
sS'glittering'
p119
I87
sS'eyebrows'
p120
I87
sS'golden'
p121
I86
sS'fantastic'
p122
I87
sS'widdddit'
p123
I87
sS'slices'
p124
I87
sS'feelings'
p125
I86
sS'bro'
p126
I82
sS'patience'
p127
I87
sS'moral'
p128
I87
sS'bri'
p129
I87
sS'wooooo'
p130
I87
sS'txt'
p131
I87
sS'plow'
p132
I87
sS'cheating'
p133
I87
sS'out...i'
p134
I87
sS'would'
p135
I62
sS'hospital'
p136
I87
sS'played'
p137
I87
sS'negative'
p138
I86
sS'cannibal'
p139
I87
sS'cali'
p140
I87
sS'call'
p141
I79
sS'telegraph'
p142
I86
sS"annoyingyou're"
p143
I87
sS'recommend'
p144
I87
sS'survive'
p145
I87
sS'type'
p146
I82
sS'until'
p147
I75
sS'loveyou'
p148
I87
sS'breathe'
p149
I87
sS'rewww'
p150
I86
sS'holy'
p151
I86
sS'beauty'
p152
I87
sS'brings'
p153
I86
sS'haha'
p154
I47
sS'muse'
p155
I87
sS'hurt'
p156
I83
sS'phone'
p157
I81
sS'tying'
p158
I87
sS'lord'
p159
I87
sS'robbing'
p160
I87
sS'90'
p161
I86
sS'hole'
p162
I86
sS'hold'
p163
I81
sS'hi-key'
p164
I87
sS'"hylas"'
p165
I87
sS'must'
p166
I87
sS'me'
p167
I10
sS'loud-ass'
p168
I87
sS'word'
p169
I83
sS'room'
p170
I84
sS'player'
p171
I87
sS'work'
p172
I51
sS'mi'
p173
I87
sS'movies'
p174
I84
sS'mechanic'
p175
I87
sS'my'
p176
I6
sS'vodka'
p177
I87
sS'give'
p178
I73
sS'muahaha'
p179
I87
sS'goooo'
p180
I87
sS'currency'
p181
I87
sS'foods'
p182
I87
sS'homie'
p183
I85
sS'want'
p184
I41
sS'times'
p185
I79
sS'attract'
p186
I87
sS'mouth*'
p187
I87
sS'end'
p188
I85
sS'trill'
p189
I86
sS'thing'
p190
I82
sS'provide'
p191
I86
sS'rn,90604\n485232618347036672,gageluvsgreens,2014-07-05'
p192
I87
sS'lolhe'
p193
I87
sS'machine'
p194
I87
sS'how'
p195
I58
sS'amazing'
p196
I74
sS'answer'
p197
I86
sS'disappoint'
p198
I86
sS'hi'
p199
I87
sS'beach'
p200
I85
sS'pizza'
p201
I73
sS'15445'
p202
I87
sS'mouths'
p203
I87
sS'feemie'
p204
I87
sS'after'
p205
I77
sS'lab'
p206
I86
sS'whyyyy'
p207
I87
sS'</3'
p208
I87
sS'wrong'
p209
I86
sS'jumping'
p210
I87
sS'pjs'
p211
I87
sS'mesa'
p212
I85
sS'mouthi'
p213
I87
sS'do,90605\n497837752482684928,aaron_4_,2014-08-08'
p214
I87
sS'las'
p215
I87
sS'purchase'
p216
I87
sS'calves'
p217
I87
sS'anymore'
p218
I85
sS'third'
p219
I87
sS'chillen'
p220
I87
sS'shrek'
p221
I87
sS'appreciate'
p222
I85
sS'gone,90604\n498238977011240961,aaron_4_,2014-08-09'
p223
I87
sS'childhood'
p224
I87
sS'namegirl'
p225
I87
sS'funniest'
p226
I86
sS'goodbye'
p227
I87
sS'keeps'
p228
I86
sS'worst'
p229
I82
sS'order'
p230
I87
sS'wind'
p231
I85
sS'naman'
p232
I87
sS'deck'
p233
I87
sS'over'
p234
I69
sS'fam'
p235
I86
sS'jacob'
p236
I87
sS'defqon.1'
p237
I87
sS'heartand'
p238
I87
sS'fellas'
p239
I87
sS'nets'
p240
I87
sS'before'
p241
I77
sS'ima'
p242
I86
sS'whittier)'
p243
I87
sS'fit'
p244
I86
sS'somewhere'
p245
I84
sS'highlights'
p246
I87
sS'avocado'
p247
I86
sS'writing'
p248
I86
sS'better'
p249
I67
sS'goodmorning'
p250
I87
sS'differently'
p251
I87
sS'fade'
p252
I86
sS'carve'
p253
I87
sS'weeks'
p254
I83
sS'easier'
p255
I86
sS'wahhh'
p256
I87
sS'then'
p257
I67
sS'them'
p258
I60
sS'projects!!\xe2\x80\xa6'
p259
I87
sS'weakness'
p260
I87
sS'workout'
p261
I81
sS'safe'
p262
I87
sS'camaron'
p263
I87
sS"we'll"
p264
I85
sS'break'
p265
I87
sS'band'
p266
I85
sS'collabs'
p267
I87
sS'they'
p268
I48
sS'one'
p269
I44
sS'bouta'
p270
I87
sS'bread'
p271
I87
sS'netherlands'
p272
I76
sS'pornhub'
p273
I87
sS'l'
p274
I85
sS'rocks'
p275
I86
sS'"yas"'
p276
I86
sS'each'
p277
I86
sS'acoustic'
p278
I85
sS'went'
p279
I85
sS'briana'
p280
I87
sS'side'
p281
I83
sS'bone'
p282
I86
sS'mean'
p283
I83
sS'snakes'
p284
I87
sS'gunna'
p285
I87
sS'cloths'
p286
I87
sS'train'
p287
I87
sS'spider'
p288
I87
sS'group'
p289
I87
sS'celebrating'
p290
I87
sS'taught'
p291
I87
sS'dubstep'
p292
I87
sS'forgot'
p293
I85
sS'2day'
p294
I87
sS'ello'
p295
I87
sS'saturday'
p296
I87
sS'frozen\xe2\x9b\x84\xef\xb8\x8f\xe2\x9d\x84\xef\xb8\x8f'
p297
I87
sS'rt'
p298
I78
sS'muere'
p299
I87
sS"gma's"
p300
I87
sS'gon'
p301
I87
sS'stunting'
p302
I87
sS'driving'
p303
I86
sS'!,90604\n485326414233616384,gageluvsgreens,2014-07-05'
p304
I87
sS'god'
p305
I81
sS'washed'
p306
I87
sS'sand'
p307
I87
sS'rd'
p308
I87
sS'keys'
p309
I87
sS'encourage'
p310
I87
sS'daniel'
p311
I87
sS'loathe'
p312
I87
sS'ihop'
p313
I85
sS'smh'
p314
I86
sS'got'
p315
I55
sS'rn'
p316
I71
sS"zankou's"
p317
I87
sS'hana'
p318
I87
sS'gate'
p319
I87
sS'arizona'
p320
I87
sS"you're"
p321
I60
sS'icu;)'
p322
I87
sS'now!,90605\n473326214854111232,omjnrg,2014-06-02'
p323
I87
sS'given'
p324
I87
sS'free'
p325
I79
sS'"hey'
p326
I87
sS'pumpkins'
p327
I87
sS'evil'
p328
I84
sS'wanted'
p329
I84
sS'maribel'
p330
I87
sS'dammit'
p331
I85
sS'ate'
p332
I85
sS'birdie'
p333
I87
sS"n'sync"
p334
I87
sS'ritual'
p335
I87
sS'days'
p336
I79
sS'7'
p337
I86
sS'ministries'
p338
I87
sS'"no'
p339
I86
sS"today's"
p340
I86
sS'moving'
p341
I87
sS'clothes'
p342
I87
sS'loud'
p343
I84
sS'caught'
p344
I87
sS'fuckin'
p345
I87
sS'cleaning'
p346
I86
sS'key'
p347
I87
sS'hater'
p348
I87
sS'already'
p349
I76
sS'again,90605\n474268485564891137,omjnrg,2014-06-04'
p350
I87
sS'grade'
p351
I86
sS'hearing'
p352
I87
sS'staying'
p353
I87
sS'wash'
p354
I86
sS'delicious'
p355
I86
sS'comin'
p356
I87
sS'millers'
p357
I87
sS'ballin'
p358
I87
sS'nowand'
p359
I86
sS'hood'
p360
I87
sS'bitten'
p361
I87
sS'hair,90605\n473329905321508864,omjnrg,2014-06-02'
p362
I87
sS'top'
p363
I82
sS'engagement'
p364
I87
sS'girls'
p365
I74
sS'eat??should'
p366
I87
sS'legg'
p367
I87
sS'needed'
p368
I87
sS'too'
p369
I40
sS'brainwash'
p370
I87
sS'eva'
p371
I87
sS'legs'
p372
I86
sS'dogs'
p373
I86
sS'listen'
p374
I74
sS'5-10'
p375
I87
sS'soft,90605\n473327080214511617,omjnrg,2014-06-02'
p376
I87
sS'what?i'
p377
I87
sS'now\xee\x90\x8d\xee\x90\x92'
p378
I87
sS'gym'
p379
I79
sS'2am'
p380
I87
sS'serve'
p381
I87
sS'took'
p382
I83
sS'trippy'
p383
I87
sS'!,90604\n485308622327406592,gageluvsgreens,2014-07-05'
p384
I87
sS'somewhat'
p385
I87
sS'wasted'
p386
I86
sS'192'
p387
I87
sS'white'
p388
I87
sS'rn&ive'
p389
I87
sS'target'
p390
I87
sS'showed'
p391
I87
sS'(whittier'
p392
I79
sS'tree'
p393
I87
sS'packed'
p394
I87
sS'ebay'
p395
I87
sS'shower'
p396
I86
sS'fabulous'
p397
I87
sS'silly'
p398
I87
sS'williams'
p399
I87
sS'finnna'
p400
I87
sS'pinup50'
p401
I87
sS'feeling'
p402
I80
sS'powers'
p403
I87
sS'girl"'
p404
I87
sS'mini'
p405
I86
sS'rad'
p406
I86
sS'vocal'
p407
I87
sS'18:29:25.0,33.94438,-118.0321463,5032.02,i'
p408
I87
sS'ran'
p409
I87
sS'mind'
p410
I85
sS'mine'
p411
I82
sS'anybody'
p412
I87
sS'talking'
p413
I81
sS'seed'
p414
I87
sS'die."little'
p415
I87
sS'rap'
p416
I86
sS'further'
p417
I87
sS'seen'
p418
I78
sS'seem'
p419
I86
sS'mins'
p420
I87
sS'strength'
p421
I87
sS'it\xe2\x80\xa6'
p422
I87
sS'elsye'
p423
I87
sS'hispanic'
p424
I87
sS'-'
p425
I75
sS'eagerly'
p426
I87
sS'brandon'
p427
I87
sS'slowdowntime'
p428
I87
sS'chest'
p429
I86
sS'luxury'
p430
I87
sS'laughed'
p431
I87
sS'grips'
p432
I87
sS'panties'
p433
I87
sS'hook'
p434
I87
sS'blue'
p435
I87
sS"girl's"
p436
I86
sS'nobody'
p437
I87
sS'qualities'
p438
I87
sS'though'
p439
I82
sS'rappers'
p440
I87
sS'tostilocos'
p441
I87
sS'anatomy'
p442
I86
sS'mario'
p443
I84
sS'19:38:27.0,33.9381969,-118.0323989,5032.02,my'
p444
I87
sS'mouth'
p445
I85
sS'plenty'
p446
I86
sS'germans'
p447
I87
sS'doh'
p448
I87
sS'episode'
p449
I87
sS'dom'
p450
I87
sS'doc'
p451
I87
sS'flop'
p452
I87
sS'metal'
p453
I87
sS'dog'
p454
I86
sS'crowd'
p455
I87
sS'doe'
p456
I86
sS'swamp'
p457
I87
sS'up?!:)'
p458
I87
sS'definitely'
p459
I85
sS'aunt'
p460
I87
sS'dos'
p461
I87
sS'entertaining'
p462
I87
sS'duuuuuuuudeee'
p463
I87
sS'came'
p464
I83
sS'saying'
p465
I81
sS'piercing'
p466
I87
sS'lyrics'
p467
I81
sS'hunger'
p468
I87
sS'meetings'
p469
I87
sS'random'
p470
I87
sS'teresa'
p471
I87
sS'carmelita'
p472
I87
sS'radio'
p473
I87
sS'earth'
p474
I87
sS'enjoyed'
p475
I87
sS'lmfaooo'
p476
I87
sS'toast'
p477
I87
sS'touches'
p478
I87
sS'cousins'
p479
I85
sS"loli'm"
p480
I87
sS"upshe's"
p481
I87
sS'athletic'
p482
I87
sS'rick'
p483
I87
sS'disgust'
p484
I87
sS'*sighs*'
p485
I87
sS'folks'
p486
I87
sS"krista's"
p487
I87
sS'chipotle'
p488
I86
sS'population'
p489
I87
sS'musta'
p490
I87
sS'wearing'
p491
I86
sS'do'
p492
I39
sS'dl'
p493
I87
sS'dm'
p494
I85
sS'dj'
p495
I79
sS'saiyan'
p496
I87
sS'godzilla'
p497
I87
sS'wide'
p498
I87
sS'sleepy'
p499
I87
sS'de'
p500
I86
sS'watch'
p501
I78
sS'ratchets'
p502
I87
sS'da'
p503
I87
sS'pocket'
p504
I87
sS'guatemala'
p505
I87
sS'spirit'
p506
I87
sS'nigguh'
p507
I87
sS'$10'
p508
I87
sS'nasty'
p509
I86
sS'14'
p510
I87
sS'runs'
p511
I87
sS'2:18'
p512
I87
sS'bar'
p513
I87
sS'greens'
p514
I87
sS'pressed'
p515
I87
sS'him"'
p516
I87
sS'wi-to'
p517
I87
sS'me,90605\n497708526437822464,aaron_4_,2014-08-08'
p518
I87
sS'me,90604\n497660181946183680,aaron_4_,2014-08-08'
p519
I87
sS'yoing'
p520
I87
sS'gather'
p521
I87
sS'bag'
p522
I86
sS'bad'
p523
I80
sS'bae'
p524
I87
sS'release'
p525
I87
sS'steak'
p526
I86
sS'steal'
p527
I87
sS'>>>>>>'
p528
I87
sS'headed'
p529
I87
sS'buakaw!,90605\n474611462468403200,omjnrg,2014-06-05'
p530
I87
sS'human'
p531
I87
sS'fair'
p532
I86
sS'w/'
p533
I87
sS'liquor'
p534
I87
sS'richer'
p535
I87
sS'checks'
p536
I87
sS'goodnight'
p537
I87
sS'decided'
p538
I87
sS'result'
p539
I87
sS'fail'
p540
I87
sS'disturbing'
p541
I87
sS'hammer'
p542
I87
sS'best'
p543
I69
sS'hahahahahahahaha'
p544
I87
sS'said'
p545
I72
sS'lots'
p546
I86
sS'..:/'
p547
I87
sS'away'
p548
I82
sS'face*'
p549
I86
sS'palmitas'
p550
I87
sS'"oh'
p551
I87
sS'19:37:53.0,33.9388546,-118.0318107,5032.02,tired'
p552
I87
sS"there's"
p553
I81
sS'props'
p554
I86
sS'likedand'
p555
I87
sS'pfft'
p556
I87
sS'whaaa'
p557
I87
sS'lazy'
p558
I80
sS'men'
p559
I85
sS'omg'
p560
I68
sS'yardwork'
p561
I87
sS'boss'
p562
I87
sS'lawlz'
p563
I87
sS'nahhh'
p564
I87
sS'wear'
p565
I82
sS'wtf'
p566
I76
sS'flashes'
p567
I87
sS'wth'
p568
I87
sS'news'
p569
I86
sS'picking'
p570
I87
sS'packages'
p571
I87
sS'kitchen'
p572
I87
sS'bras'
p573
I87
sS'received'
p574
I87
sS'essentially'
p575
I87
sS'tfti'
p576
I85
sS'cow'
p577
I86
sS'\xe2\x9d\xa4\xef\xb8\x8f'
p578
I86
sS'excrement'
p579
I87
sS'fault'
p580
I87
sS'amoxicillin'
p581
I87
sS'players'
p582
I87
sS'protection'
p583
I87
sS'games'
p584
I86
sS'planned'
p585
I86
sS'lookin'
p586
I87
sS'faces'
p587
I87
sS'dopest'
p588
I87
sS'asked'
p589
I86
sS'coo'
p590
I85
sS'ily'
p591
I85
sS'peacefully'
p592
I87
sS'pre'
p593
I87
sS'tough'
p594
I87
sS'*praying'
p595
I87
sS'josh'
p596
I87
sS'ayeee'
p597
I86
sS'2nd'
p598
I87
sS'cult'
p599
I87
sS'pregnancy'
p600
I85
sS'diff'
p601
I87
sS'trust'
p602
I86
sS'stares'
p603
I87
sS'speak'
p604
I85
sS'2200'
p605
I87
sS'bathroom'
p606
I87
sS'nicer'
p607
I87
sS'asks'
p608
I87
sS'"you'
p609
I87
sS'lolwhat'
p610
I87
sS"nico's"
p611
I87
sS'three'
p612
I85
sS'been'
p613
I62
sS'quickly'
p614
I87
sS'**car'
p615
I87
sS'\xe2\x9d\x84\xef\xb8\x8f'
p616
I87
sS'beer'
p617
I83
sS'much'
p618
I59
sS'puta'
p619
I87
sS'basic'
p620
I87
sS'lovely'
p621
I87
sS'riley'
p622
I87
sS'threw'
p623
I84
sS'life'
p624
I68
sS'yessssss'
p625
I87
sS'loft'
p626
I87
sS'spit'
p627
I86
sS'with***'
p628
I87
sS'sooooo'
p629
I87
sS'records'
p630
I87
sS'lift'
p631
I86
sS'forgetif'
p632
I87
sS'catch'
p633
I84
sS'daughter'
p634
I87
sS'worked'
p635
I84
sS'haters'
p636
I87
sS'chill'
p637
I82
sS'has'
p638
I65
sS'sounded'
p639
I87
sS'n'
p640
I80
sS'ugly'
p641
I86
sS'near'
p642
I85
sS'ugliest'
p643
I87
sS'ha,90604\n500107694926086145,aaron_4_,2014-08-15'
p644
I87
sS'voice'
p645
I84
sS'summma'
p646
I87
sS'chilling'
p647
I87
sS'eyessing'
p648
I87
sS'full'
p649
I87
sS'mexico'
p650
I84
sS'is'
p651
I9
sS'sushi'
p652
I87
sS'it'
p653
I11
sS'cops>>>>'
p654
I87
sS'time...u'
p655
I87
sS'shame'
p656
I87
sS'cant'
p657
I82
sS'hahahahahahahahahahahahaha'
p658
I87
sS'im'
p659
I61
sS'cone'
p660
I87
sS'deckers'
p661
I87
sS'in'
p662
I13
sS'madonna'
p663
I87
sS'sever'
p664
I87
sS'if'
p665
I37
sS'grown'
p666
I87
sS'bottles'
p667
I87
sS'23:26:10.0,33.944572,-118.0322497,5032.02,this'
p668
I87
sS'credit'
p669
I87
sS'things'
p670
I80
sS'make'
p671
I54
sS'polaroid'
p672
I85
sS'debuted'
p673
I87
sS'forehead'
p674
I87
sS'hahah'
p675
I82
sS'babies'
p676
I86
sS'plates'
p677
I87
sS'shawty'
p678
I87
sS'several'
p679
I87
sS'toasted'
p680
I87
sS'effortlessly'
p681
I87
sS'alittle'
p682
I87
sS'hang'
p683
I86
sS'rain'
p684
I85
sS'hand'
p685
I85
sS'about,90604\n499386099622739968,aaron_4_,2014-08-13'
p686
I87
sS'k-k-kick'
p687
I87
sS'characters'
p688
I87
sS'jealous'
p689
I86
sS'prettyand'
p690
I87
sS'aka'
p691
I87
sS'thoughts'
p692
I86
sS'kid'
p693
I87
sS'hacer'
p694
I87
sS'thx'
p695
I87
sS'1975'
p696
I84
sS'youre'
p697
I85
sS'80%'
p698
I87
sS'leaved'
p699
I87
sS'tho'
p700
I83
sS'burgers'
p701
I83
sS'greatest'
p702
I86
sS'pandora'
p703
I87
sS'mother'
p704
I85
sS'hearts'
p705
I86
sS'the'
p706
I3
sS'yours'
p707
I87
sS'tha'
p708
I87
sS'left'
p709
I82
sS"weekendain't"
p710
I87
sS"she'll"
p711
I87
sS'l8r'
p712
I87
sS'just'
p713
I23
sS'sentence'
p714
I86
sS'yea'
p715
I76
sS'photo'
p716
I86
sS'laptop'
p717
I84
sS'yee'
p718
I85
sS'greys'
p719
I87
sS'yey'
p720
I87
sS'thanks'
p721
I78
sS'.wish'
p722
I87
sS'swears'
p723
I87
sS'facts'
p724
I86
sS'yes'
p725
I71
sS'waffles'
p726
I87
sS'yet'
p727
I82
sS'glitches'
p728
I87
sS'6mil'
p729
I87
sS'vid'
p730
I87
sS'equipment'
p731
I87
sS'furry'
p732
I87
sS'had'
p733
I70
sS'board'
p734
I87
sS'easy'
p735
I84
sS'save'
p736
I86
sS',90604\n496743214398050304,goldynchyld_,2014-08-05'
p737
I87
sS'luscious'
p738
I87
sS'torrance'
p739
I87
sS'gave'
p740
I85
sS'mountian'
p741
I87
sS'preseason'
p742
I87
sS'mayb'
p743
I87
sS'survival'
p744
I87
sS'tmrw'
p745
I87
sS'possibly'
p746
I87
sS'bastards'
p747
I87
sS'berna'
p748
I85
sS'apart'
p749
I87
sS'unique'
p750
I87
sS'dreams'
p751
I81
sS'd'
p752
I84
sS'shoulder'
p753
I87
sS'brought'
p754
I82
sS'ditto'
p755
I86
sS'-_-'
p756
I76
sS'"schizzophrenic"'
p757
I87
sS'56'
p758
I87
sS'bpm'
p759
I85
sS'50'
p760
I87
sS'steph'
p761
I87
sS'11am'
p762
I87
sS'offices'
p763
I87
sS'zombies'
p764
I87
sS'night'
p765
I64
sS'hung'
p766
I87
sS'security'
p767
I87
sS'woodkid'
p768
I87
sS'right'
p769
I59
sS'old'
p770
I82
sS'fuuuuuck'
p771
I87
sS'deal'
p772
I85
sS'people'
p773
I67
sS'sends'
p774
I87
sS'dead'
p775
I84
sS'born'
p776
I86
sS'16:11:53.0,33.9375376,-118.0379577,5032.02,im'
p777
I87
sS'gifs'
p778
I87
sS'dear'
p779
I86
sS'\xe2\x98\x9d\xef\xb8\x8f'
p780
I87
sS'fuuuuck'
p781
I87
sS'finna'
p782
I85
sS'creep'
p783
I85
sS'total'
p784
I87
sS'for'
p785
I14
sS'ice'
p786
I82
sS'creative'
p787
I86
sS'everything'
p788
I80
sS'asking'
p789
I85
sS'pattern'
p790
I87
sS'la?!,90605\n473221472601645056,omjnrg,2014-06-01'
p791
I87
sS'foo'
p792
I87
sS'adorable'
p793
I87
sS'christmas'
p794
I86
sS'booking'
p795
I87
sS'kimmmmmmmmm'
p796
I87
sS'core'
p797
I86
sS'hazel'
p798
I87
sS'pls'
p799
I87
sS"ol'"
p800
I87
sS'lefty'
p801
I87
sS'bitties,90605\n485230106516799489,gageluvsgreens,2014-07-05'
p802
I87
sS"hubby's"
p803
I87
sS'corp'
p804
I87
sS'post'
p805
I86
sS'super'
p806
I85
sS'shawarma'
p807
I87
sS'chapter'
p808
I87
sS'ribs'
p809
I87
sS'months'
p810
I84
sS'choke'
p811
I87
sS'o'
p812
I81
sS'dinner'
p813
I81
sS'plus'
p814
I87
sS'emilio'
p815
I87
sS'emilie'
p816
I87
sS'05:07:16.0,33.9443759,-118.0321159,5032.02,like'
p817
I87
sS'demise'
p818
I87
sS'nerve'
p819
I86
sS'aha'
p820
I87
sS'whats'
p821
I84
sS'whatr'
p822
I87
sS'wasting'
p823
I87
sS'turfey'
p824
I84
sS'selfie'
p825
I84
sS'bound'
p826
I85
sS'soo'
p827
I85
sS'ppl'
p828
I87
sS'down'
p829
I63
sS'donated'
p830
I87
sS'rant'
p831
I87
sS'<333'
p832
I87
sS'psychos'
p833
I87
sS'say...i'
p834
I87
sS'yawn'
p835
I87
sS'america'
p836
I87
sS'ahahah'
p837
I86
sS'dnt'
p838
I87
sS'teenager"'
p839
I87
sS'support'
p840
I86
sS'flying'
p841
I87
sS'fight'
p842
I86
sS'own,90605\n474607225919393792,omjnrg,2014-06-05'
p843
I87
sS'way'
p844
I68
sS'gio'
p845
I87
sS'music'
p846
I66
sS'wat'
p847
I86
sS'was'
p848
I31
sS'kundallini'
p849
I87
sS'alonemake'
p850
I87
sS'happy'
p851
I74
sS'penis,90604\n499113511541174272,aaron_4_,2014-08-12'
p852
I87
sS'head'
p853
I83
sS'medium'
p854
I87
sS'form'
p855
I87
sS'wiiiiiild'
p856
I87
sS'batman'
p857
I87
sS'fireworks'
p858
I86
sS'cuban'
p859
I87
sS'mhmmm'
p860
I87
sS'wireless'
p861
I87
sS'taken'
p862
I87
sS'heat'
p863
I87
sS'needles'
p864
I87
sS'hear'
p865
I80
sS'snowi'
p866
I87
sS'*.*'
p867
I87
sS'true'
p868
I82
sS'viva'
p869
I87
sS'congratulations'
p870
I86
sS'happen'
p871
I83
sS'ian!,90605\n473221775719792640,omjnrg,2014-06-01'
p872
I87
sS'goobaerto'
p873
I87
sS'raspado'
p874
I87
sS'attached'
p875
I87
sS'mural'
p876
I87
sS'ruined'
p877
I85
sS'crystal'
p878
I87
sS'loololll'
p879
I87
sS'torturing'
p880
I87
sS'nerdy'
p881
I87
sS'emotional'
p882
I87
sS'reminiscing'
p883
I87
sS'"we'
p884
I87
sS'03:58:03.0,33.9432623,-118.0359047,5032.02,need'
p885
I87
sS'150'
p886
I87
sS'later'
p887
I84
sS'hotter'
p888
I87
sS'sticks'
p889
I87
sS'"day'
p890
I87
sS'abstract'
p891
I87
sS'escape'
p892
I87
sS'texts'
p893
I87
sS'ezekiel'
p894
I87
sS'sale'
p895
I85
sS'sometime'
p896
I85
sS'21:15:33.0,33.9443642,-118.0320513,5032.02,these'
p897
I87
sS'annoying'
p898
I83
sS'trip'
p899
I86
sS'shit'
p900
I57
sS'constructed'
p901
I87
sS'waldorf'
p902
I87
sS'dying'
p903
I85
sS'no'
p904
I43
sS'na'
p905
I84
sS'when'
p906
I38
sS'cerritos'
p907
I86
sS'reality'
p908
I87
sS'til'
p909
I86
sS'ny'
p910
I85
sS'youand'
p911
I87
sS'interested'
p912
I86
sS'peppermint'
p913
I87
sS'np'
p914
I87
sS'smell'
p915
I87
sS'picture'
p916
I84
sS"madonna's"
p917
I87
sS'brothers'
p918
I87
sS'wing'
p919
I87
sS'surprise'
p920
I86
sS'welcome'
p921
I86
sS'weirdest'
p922
I84
sS'diet'
p923
I87
sS"let's"
p924
I84
sS'fell'
p925
I87
sS'miranda'
p926
I87
sS'weekend'
p927
I83
sS'died'
p928
I87
sS'babysitting'
p929
I86
sS'younger'
p930
I86
sS'happening'
p931
I86
sS'potato'
p932
I87
sS'assume'
p933
I87
sS'normally'
p934
I87
sS'02:32:20.0,33.9337329,-118.0354808,5032.02,this'
p935
I87
sS'together'
p936
I86
sS'oooohh'
p937
I87
sS'time'
p938
I42
sS'serious'
p939
I83
sS'songs'
p940
I78
sS'neighbors'
p941
I85
sS':/'
p942
I83
sS':('
p943
I79
sS':)'
p944
I64
sS'pilots'
p945
I87
sS'dance'
p946
I85
sS'activated'
p947
I87
sS'focus'
p948
I87
sS'deliveries'
p949
I87
sS'milf'
p950
I87
sS'trespassall'
p951
I87
sS'mild'
p952
I87
sS'skin'
p953
I86
sS':0'
p954
I85
sS'milk'
p955
I87
sS':3'
p956
I82
sS'21st'
p957
I86
sS'zone'
p958
I86
sS'marissa'
p959
I87
sS'father'
p960
I87
sS'disgusting'
p961
I86
sS'blocking'
p962
I87
sS'finally'
p963
I81
sS'glad'
p964
I85
sS'memorynow'
p965
I87
sS'discovering'
p966
I87
sS'rebecca'
p967
I87
sS'^.^'
p968
I83
sS':o'
p969
I87
sS'string'
p970
I87
sS':d'
p971
I81
sS'fangs,90605\n473304948273205248,omjnrg,2014-06-02'
p972
I87
sS'tacos'
p973
I84
sS'ferrrr'
p974
I87
sS'vegas'
p975
I87
sS'pee'
p976
I87
sS'cook'
p977
I86
sS'join'
p978
I87
sS'blast'
p979
I87
sS':p'
p980
I80
sS'thesisi\xe2\x80\x99m'
p981
I87
sS'cool'
p982
I70
sS'21:04:12.0,33.9444555,-118.0321683,5032.02,show'
p983
I87
sS'gnarly'
p984
I87
sS'biceps'
p985
I87
sS'it,90604\n485333849941872641,gageluvsgreens,2014-07-05'
p986
I87
sS'08:29:12.0,33.9343612,-118.0379151,5032.02,use'
p987
I87
sS'19:39:59.0,33.9444166,-118.0320739,5032.02,just'
p988
I87
sS'level'
p989
I86
sS'did'
p990
I73
sS'die'
p991
I82
sS'posts'
p992
I87
sS'brother'
p993
I84
sS'lovenew'
p994
I87
sS'leave'
p995
I84
sS'p'
p996
I87
sS'settle'
p997
I87
sS'team'
p998
I79
sS'quick'
p999
I87
sS'guy'
p1000
I72
sS'shooters'
p1001
I87
sS'round'
p1002
I86
sS'yall'
p1003
I87
sS'home\xef\x92\x96'
p1004
I86
sS'11:00'
p1005
I87
sS'talaga'
p1006
I87
sS'talked'
p1007
I86
sS'says'
p1008
I82
sS'regret'
p1009
I86
sS'porn'
p1010
I87
sS'sign'
p1011
I87
sS'shirts'
p1012
I87
sS'6:17'
p1013
I87
sS'run'
p1014
I80
sS"cp3's"
p1015
I87
sS'rough'
p1016
I87
sS'irritated'
p1017
I87
sS"bolton's"
p1018
I87
sS'yeezus'
p1019
I87
sS'againcause'
p1020
I87
sS'one.but'
p1021
I87
sS'300'
p1022
I87
sS'dreamto'
p1023
I87
sS'goes'
p1024
I85
sS'iveth'
p1025
I87
sS'filled'
p1026
I86
sS'unsure'
p1027
I87
sS'drinkin'
p1028
I87
sS'fuuuuuuccck'
p1029
I87
sS'plz'
p1030
I87
sS'water'
p1031
I78
sS'woot'
p1032
I80
sS'alone'
p1033
I86
sS'teacher'
p1034
I85
sS'change'
p1035
I85
sS'wait'
p1036
I78
sS'box'
p1037
I87
sS'boy'
p1038
I84
sS'stoooooooooppppsss'
p1039
I87
sS'healthy'
p1040
I85
sS'cholo'
p1041
I87
sS'screamin'
p1042
I87
sS'sparks'
p1043
I87
sS'suggestion'
p1044
I87
sS'boo'
p1045
I84
sS'weird'
p1046
I85
sS'430'
p1047
I87
sS'dick'
p1048
I87
sS'love'
p1049
I43
sS'hiking'
p1050
I87
sS'bs'
p1051
I87
sS'prefer'
p1052
I86
sS'\xef\x92\x96godinez'
p1053
I85
sS'19:42:25.0,33.9399783,-118.0301837,5032.02,this'
p1054
I87
sS'fake'
p1055
I86
sS'"my'
p1056
I87
sS'market'
p1057
I87
sS'everybody'
p1058
I87
sS'working'
p1059
I82
sS'baes'
p1060
I87
sS'aye'
p1061
I86
sS'positive'
p1062
I86
sS'angry'
p1063
I87
sS'pints'
p1064
I87
sS'dude'
p1065
I65
sS'tears'
p1066
I87
sS'sweg'
p1067
I87
sS'by'
p1068
I60
sS'scenarios'
p1069
I87
sS'live'
p1070
I80
sS'wood'
p1071
I87
sS'ayy'
p1072
I87
sS'iphone'
p1073
I87
sS'wondering'
p1074
I87
sS'ahhh'
p1075
I86
sS'cowboys.....,90604\n497957465716060160,aaron_4_,2014-08-09'
p1076
I87
sS'thru'
p1077
I84
sS'angels'
p1078
I87
sS'today'
p1079
I57
sS'loving'
p1080
I87
sS'08:06:21.0,33.9355738,-118.0348137,5032.02,i'
p1081
I87
sS'oregon'
p1082
I86
sS'chocolate'
p1083
I85
sS'carissa'
p1084
I87
sS'effort'
p1085
I87
sS'luvv'
p1086
I87
sS'xfactor'
p1087
I87
sS"lucy's"
p1088
I84
sS'volunteering'
p1089
I87
sS'niggas'
p1090
I87
sS'car'
p1091
I74
sS'"lie"'
p1092
I87
sS'soul'
p1093
I87
sS'cat'
p1094
I87
sS'purge'
p1095
I87
sS'hardest'
p1096
I87
sS'fock'
p1097
I87
sS'can'
p1098
I36
sS'9th'
p1099
I87
sS'cal'
p1100
I86
sS'making'
p1101
I78
sS'arrive'
p1102
I87
sS'dollars'
p1103
I87
sS'breeds'
p1104
I87
sS'heart'
p1105
I79
sS'crazy'
p1106
I83
sS'complaining...i'
p1107
I87
sS'stream'
p1108
I87
sS'predict'
p1109
I87
sS'december'
p1110
I87
sS'awesome'
p1111
I84
sS'bust'
p1112
I87
sS"didn't"
p1113
I73
sS'fuck'
p1114
I47
sS'topic'
p1115
I86
sS'heard'
p1116
I84
sS'dropped'
p1117
I87
sS'phrase'
p1118
I87
sS'pink'
p1119
I86
sS'drama'
p1120
I87
sS'productive'
p1121
I86
sS'overreacting'
p1122
I87
sS'necklaces'
p1123
I87
sS'watching'
p1124
I84
sS'1'
p1125
I81
sS'till'
p1126
I82
sS'sunday'
p1127
I82
sS'pure'
p1128
I87
sS'swore'
p1129
I87
sS'accessories'
p1130
I87
sS'extensions'
p1131
I87
sS'speaks'
p1132
I86
sS'wooooow'
p1133
I87
sS'senpai'
p1134
I87
sS'nye'
p1135
I87
sS'community'
p1136
I87
sS'mas'
p1137
I86
sS'may'
p1138
I79
sS'blasting'
p1139
I87
sS'spot'
p1140
I85
sS'mac'
p1141
I87
sS'birthday'
p1142
I77
sS'mad'
p1143
I81
sS'date'
p1144
I85
sS'such'
p1145
I75
sS'suck'
p1146
I84
sS'guys'
p1147
I73
sS'grow'
p1148
I87
sS'repeat'
p1149
I87
sS'dreads'
p1150
I86
sS'stress'
p1151
I86
sS'surfing'
p1152
I87
sS'remember'
p1153
I82
sS'ghetta'
p1154
I86
sS'maybe'
p1155
I83
sS'hehehehehe'
p1156
I87
sS'benny'
p1157
I87
sS'q'
p1158
I87
sS'cannot'
p1159
I87
sS'so'
p1160
I18
sS'deposit'
p1161
I87
sS'offend'
p1162
I87
sS'slacking,90604\n489299520690212865,gageluvsgreens,2014-07-16'
p1163
I87
sS'fireball'
p1164
I87
sS'talk'
p1165
I78
sS'sd'
p1166
I87
sS'cute'
p1167
I82
sS'ones,90605\n474637102831792128,omjnrg,2014-06-05'
p1168
I87
sS'serving'
p1169
I85
sS'shoes'
p1170
I84
sS'4:30ugh'
p1171
I87
sS'haircut'
p1172
I87
sS'wishing'
p1173
I87
sS'years'
p1174
I85
sS'ended'
p1175
I87
sS'pad,90604\n485325695833235456,gageluvsgreens,2014-07-05'
p1176
I87
sS'cold'
p1177
I83
sS'still'
p1178
I65
sS'heartreally'
p1179
I87
sS'schedule,90604\n499588366078595073,aaron_4_,2014-08-13'
p1180
I87
sS'gta'
p1181
I87
sS'djs'
p1182
I87
sS'felicia'
p1183
I87
sS'thank'
p1184
I77
sS"he's"
p1185
I85
sS'interesting'
p1186
I87
sS'birthdays'
p1187
I87
sS'troubles'
p1188
I87
sS'hot'
p1189
I83
sS'sky.please'
p1190
I87
sS"he'd"
p1191
I87
sS'window'
p1192
I87
sS'gem'
p1193
I87
sS'tweets'
p1194
I86
sS'dead"'
p1195
I87
sS'ahh'
p1196
I86
sS'happened'
p1197
I86
sS'nom'
p1198
I84
sS'noo'
p1199
I87
sS'3'
p1200
I76
sS'moms'
p1201
I84
sS'devastated'
p1202
I87
sS'grrrr'
p1203
I87
sS'sarcastic'
p1204
I87
sS'underneath'
p1205
I87
sS'lunch'
p1206
I83
sS'nightand'
p1207
I87
sS'earlier.:('
p1208
I87
sS'half'
p1209
I85
sS'not'
p1210
I31
sS'grows'
p1211
I87
sS'now'
p1212
I45
sS'ahaha'
p1213
I84
sS'bullshit'
p1214
I87
sS'wont'
p1215
I85
sS'lier'
p1216
I87
sS'20:18:46.0,33.9380251,-118.0324764,5032.02,thots'
p1217
I87
sS'name'
p1218
I80
sS'corners'
p1219
I86
sS'hemorrhoid'
p1220
I87
sS'debating'
p1221
I87
sS',90604\n496740780405686272,goldynchyld_,2014-08-05'
p1222
I87
sS'dabs'
p1223
I87
sS'concerts'
p1224
I87
sS'em'
p1225
I87
sS'el'
p1226
I82
sS'married'
p1227
I87
sS'"hardcore"'
p1228
I87
sS'lowkey'
p1229
I87
sS'childish'
p1230
I87
sS"s'cute"
p1231
I87
sS'yeah'
p1232
I74
sS'farewell'
p1233
I87
sS'organic'
p1234
I87
sS'preaching'
p1235
I87
sS'year'
p1236
I80
sS'ft'
p1237
I87
sS'girl'
p1238
I66
sS'worried'
p1239
I87
sS'yeay'
p1240
I87
sS'er'
p1241
I87
sS'album'
p1242
I81
sS'idfwu'
p1243
I87
sS'and\xe2\x80\xa6'
p1244
I87
sS'concur'
p1245
I87
sS'opened'
p1246
I87
sS'3rd'
p1247
I86
sS'space'
p1248
I87
sS'sunburnt'
p1249
I87
sS'looking'
p1250
I80
sS'seriously'
p1251
I71
sS'stitcher'
p1252
I87
sS'internet'
p1253
I85
sS'receiving'
p1254
I87
sS'nudes'
p1255
I87
sS'shows'
p1256
I87
sS'adaro'
p1257
I87
sS'lag'
p1258
I87
sS'monster'
p1259
I87
sS'thanks!,90605\n499460610477006849,aaron_4_,2014-08-13'
p1260
I87
sS'ranger'
p1261
I87
sS'cars'
p1262
I87
sS'boobs'
p1263
I87
sS'rely'
p1264
I87
sS'quite'
p1265
I86
sS'intruding'
p1266
I87
sS'california'
p1267
I85
sS'grandma'
p1268
I85
sS'2014baby'
p1269
I87
sS'muahahahahaha'
p1270
I87
sS'twotook'
p1271
I87
sS'whittier'
p1272
I52
sS'care'
p1273
I76
sS'partner'
p1274
I87
sS'soundtrack'
p1275
I87
sS'underwear'
p1276
I87
sS'yup'
p1277
I85
sS'100%'
p1278
I87
sS'headphones'
p1279
I87
sS'punk'
p1280
I87
sS'it,90604\n485308554857816066,gageluvsgreens,2014-07-05'
p1281
I87
sS'british'
p1282
I87
sS'honest'
p1283
I86
sS'turn'
p1284
I83
sS'ova'
p1285
I87
sS'place'
p1286
I81
sS'husband'
p1287
I87
sS'lipsand'
p1288
I87
sS'horas'
p1289
I87
sS'lmfao\xee\x90\x92'
p1290
I87
sS'think'
p1291
I62
sS'waited'
p1292
I87
sS'first'
p1293
I68
sS'cheese'
p1294
I86
sS'fonna'
p1295
I87
sS'saving'
p1296
I87
sS'now,90604\n497957317720018944,aaron_4_,2014-08-09'
p1297
I87
sS'sheetsas'
p1298
I87
sS'anymore"'
p1299
I87
sS'softball'
p1300
I87
sS'xd'
p1301
I78
sS'yourself'
p1302
I85
sS'usted'
p1303
I87
sS'long'
p1304
I84
sS'spanish'
p1305
I85
sS'sounds'
p1306
I82
sS'open'
p1307
I82
sS'tomorrow'
p1308
I70
sS'ripping'
p1309
I87
sS'tho:)'
p1310
I87
sS'city'
p1311
I85
sS'little'
p1312
I74
sS'checked'
p1313
I87
sS'first...\xe2\x80\x9d'
p1314
I87
sS'speech'
p1315
I87
sS'dressed'
p1316
I87
sS"nate's"
p1317
I87
sS'anyone'
p1318
I78
sS'fml'
p1319
I86
sS'2'
p1320
I77
sS'tell'
p1321
I76
sS'would...man'
p1322
I87
sS'hotlet'
p1323
I87
sS'royce'
p1324
I87
sS'friend'
p1325
I79
sS'thas'
p1326
I87
sS'nutrition'
p1327
I87
sS'eyes'
p1328
I85
sS'x)'
p1329
I87
sS'iscariot'
p1330
I87
sS'on/'
p1331
I87
sS'hub'
p1332
I87
sS'that'
p1333
I15
sS'season'
p1334
I82
sS'brick??)'
p1335
I87
sS'hut'
p1336
I84
sS'cops'
p1337
I87
sS'butt'
p1338
I81
sS'flowers'
p1339
I87
sS'than'
p1340
I61
sS'ceramics'
p1341
I87
sS'11'
p1342
I86
sS'10'
p1343
I84
sS'2min'
p1344
I87
sS'12'
p1345
I87
sS'15'
p1346
I87
sS'lmao'
p1347
I77
sS'17'
p1348
I87
sS'16'
p1349
I86
sS'inhabit'
p1350
I87
sS'18'
p1351
I86
sS'gotta'
p1352
I85
sS'rn,90604\n485370306400251906,gageluvsgreens,2014-07-05'
p1353
I87
sS'r'
p1354
I84
sS'1%'
p1355
I87
sS'venture'
p1356
I87
sS'were'
p1357
I65
sS'college'
p1358
I83
sS'serj'
p1359
I87
sS'2spooky'
p1360
I87
sS'and'
p1361
I8
sS'coconut'
p1362
I85
sS'san'
p1363
I87
sS'sam'
p1364
I86
sS'slay'
p1365
I87
sS'parking'
p1366
I87
sS'turned'
p1367
I84
sS'briefs'
p1368
I86
sS'jewels'
p1369
I87
sS'sad'
p1370
I84
sS'woah'
p1371
I86
sS'say'
p1372
I63
sS'sax'
p1373
I87
sS'buried'
p1374
I87
sS'anger'
p1375
I86
sS'breakfast'
p1376
I79
sS'recover'
p1377
I87
sS'saw'
p1378
I82
sS'any'
p1379
I81
sS'sat'
p1380
I87
sS'aside'
p1381
I87
sS'shocked'
p1382
I87
sS'omfg'
p1383
I84
sS'ideal'
p1384
I87
sS'take'
p1385
I74
sS'home\xef\x92\x96)'
p1386
I87
sS'changethe'
p1387
I87
sS'wanting'
p1388
I85
sS'personalized'
p1389
I87
sS'blunt'
p1390
I86
sS'channel'
p1391
I84
sS'beautifulwhen'
p1392
I87
sS'fyi'
p1393
I87
sS'sure'
p1394
I79
sS'pain'
p1395
I86
sS'normal'
p1396
I87
sS'track'
p1397
I84
sS'knew'
p1398
I84
sS'08:09:13.0,33.9443889,-118.0318884,5032.02,she'
p1399
I87
sS'pastor'
p1400
I86
sS'freshman'
p1401
I87
sS'knee'
p1402
I86
sS'sean-'
p1403
I87
sS'offgo'
p1404
I87
sS'forever'
p1405
I84
sS'synonym'
p1406
I87
sS'especially'
p1407
I86
sS'bangin'
p1408
I87
sS'average'
p1409
I87
sS'proud'
p1410
I86
sS'hungry'
p1411
I84
sS'romper'
p1412
I87
sS'24/7'
p1413
I87
sS'butchered'
p1414
I87
sS'uncle'
p1415
I87
sS'senior'
p1416
I86
sS'skinyou'
p1417
I87
sS'7:30'
p1418
I87
sS'shop'
p1419
I87
sS'walking'
p1420
I87
sS'bitch"&the'
p1421
I87
sS'shot'
p1422
I84
sS'show'
p1423
I75
sS'reblog'
p1424
I87
sS'15:03:00.0,33.9445331,-118.0321986,5032.02,breakfast'
p1425
I87
sS'friction'
p1426
I87
sS'peaches'
p1427
I87
sS'bright'
p1428
I86
sS'shoe'
p1429
I87
sS"dreamyou'll"
p1430
I87
sS'corner'
p1431
I87
sS'aggressive'
p1432
I87
sS'aint'
p1433
I85
sS'slow'
p1434
I81
sS'\xe2\x9c\x8b'
p1435
I87
sS'genius'
p1436
I87
sS'daily'
p1437
I87
sS'treasure'
p1438
I87
sS'nicolette'
p1439
I87
sS'outside'
p1440
I84
sS'to\xe2\x80\xa6'
p1441
I87
sS'only'
p1442
I57
sS'going'
p1443
I49
sS'black'
p1444
I84
sS'01:22:55.0,33.9415092,-118.0315029,5032.02,tig'
p1445
I87
sS'sierra'
p1446
I87
sS'awareness'
p1447
I87
sS'testin'
p1448
I87
sS'fades'
p1449
I87
sS'happppppy'
p1450
I87
sS'get'
p1451
I29
sS'goodluck'
p1452
I87
sS'gey'
p1453
I85
sS'reps'
p1454
I87
sS'truly'
p1455
I86
sS'affecting'
p1456
I87
sS'killers'
p1457
I87
sS'mope'
p1458
I87
sS'dalilah'
p1459
I87
sS'invited'
p1460
I87
sS'candles'
p1461
I87
sS'4hrs'
p1462
I86
sS'celebrate'
p1463
I87
sS'reading'
p1464
I87
sS'artist'
p1465
I85
sS'inly'
p1466
I87
sS'morning'
p1467
I75
sS":'("
p1468
I81
sS":')"
p1469
I84
sS'stupid'
p1470
I84
sS'losers'
p1471
I86
sS'32%'
p1472
I87
sS'prevents'
p1473
I87
sS'spaniard'
p1474
I87
sS'finishing'
p1475
I86
sS'pants'
p1476
I84
sS'where'
p1477
I73
sS'worrying'
p1478
I87
sS"5'11"
p1479
I87
sS"y'all"
p1480
I86
sS'ignored'
p1481
I87
sS'concert'
p1482
I80
sS'"come'
p1483
I87
sS'tirrrrrrred'
p1484
I87
sS'violated'
p1485
I87
sS'foreal'
p1486
I87
sS'u,90604\n485549130861658112,gageluvsgreens,2014-07-05'
p1487
I87
sS'itlast'
p1488
I87
sS"hasn't"
p1489
I87
sS'actively'
p1490
I87
sS'asleep'
p1491
I83
sS'sean'
p1492
I87
sS'ignores'
p1493
I87
sS'hoes'
p1494
I85
sS'magfor'
p1495
I87
sS'rager'
p1496
I87
sS'wonder'
p1497
I86
sS'wayy'
p1498
I87
sS'camping'
p1499
I87
sS'vocoders'
p1500
I87
sS'ways'
p1501
I87
sS'jumped'
p1502
I87
sS'review'
p1503
I87
sS'die,90605\n485309263930068993,gageluvsgreens,2014-07-05'
p1504
I87
sS'label'
p1505
I87
sS'19:41:18.0,33.9444121,-118.0321248,5032.02,i'
p1506
I87
sS'enough'
p1507
I84
sS"nadia's"
p1508
I87
sS'llorar'
p1509
I87
sS'innocentlywell'
p1510
I87
sS'date*'
p1511
I87
sS'across'
p1512
I86
sS'bummed'
p1513
I87
sS'cantaloupe'
p1514
I87
sS'checkered'
p1515
I87
sS"'head"
p1516
I87
sS'jt'
p1517
I87
sS'26'
p1518
I87
sS'jr'
p1519
I87
sS'killing'
p1520
I85
sS'blame'
p1521
I86
sS'therming'
p1522
I87
sS'hendrix'
p1523
I87
sS'jk'
p1524
I86
sS'coma'
p1525
I87
sS'comeback'
p1526
I86
sS'cities'
p1527
I87
sS'come'
p1528
I70
sS'816-881-3662'
p1529
I87
sS'reaction'
p1530
I86
sS'dates'
p1531
I87
sS"bedit's"
p1532
I87
sS'acquiring'
p1533
I87
sS'moon"'
p1534
I87
sS'tuck'
p1535
I87
sS'many'
p1536
I73
sS'trader'
p1537
I87
sS'1:30'
p1538
I87
sS'according'
p1539
I87
sS'conference'
p1540
I87
sS'personal'
p1541
I87
sS's'
p1542
I86
sS'4:20'
p1543
I87
sS'berry'
p1544
I86
sS'wheels'
p1545
I87
sS'lolbut'
p1546
I87
sS"grubbs'"
p1547
I87
sS"can't"
p1548
I70
sS'fuk'
p1549
I87
sS'fuckingwasted'
p1550
I87
sS'interfaith'
p1551
I87
sS'"alone'
p1552
I87
sS'twit'
p1553
I87
sS'pot'
p1554
I87
sS'hurts'
p1555
I87
sS'jeans'
p1556
I85
sS'pop'
p1557
I86
sS'60'
p1558
I87
sS'62'
p1559
I87
sS'"baby'
p1560
I87
sS'64'
p1561
I87
sS"couldn't"
p1562
I85
sS'04:52:18.0,33.9444584,-118.0321805,5032.02,dark'
p1563
I87
sS'polo'
p1564
I87
sS'freak'
p1565
I87
sS'shower??should'
p1566
I87
sS'logic'
p1567
I87
sS'2many'
p1568
I87
sS'howard'
p1569
I87
sS'*mad'
p1570
I87
sS'dis'
p1571
I87
sS'\xe2\x80\xbc\xef\xb8\x8f'
p1572
I87
sS'ucla'
p1573
I86
sS'00:38:47.0,33.9388577,-118.030373,5032.02,fuego'
p1574
I87
sS'cared'
p1575
I87
sS'beathow'
p1576
I87
sS'judging'
p1577
I87
sS'naruto'
p1578
I86
sS'hardly'
p1579
I86
sS'background*'
p1580
I87
sS'wants'
p1581
I81
sS'direction'
p1582
I87
sS'shopping'
p1583
I85
sS'doomass'
p1584
I87
sS'ala'
p1585
I87
sS'offered'
p1586
I87
sS'05:06:19.0,33.9443539,-118.0319074,5032.02,my'
p1587
I87
sS'tiger'
p1588
I87
sS'photos'
p1589
I86
sS'...nice'
p1590
I87
sS'figured'
p1591
I87
sS'wake'
p1592
I85
sS'penn'
p1593
I87
sS'rugby'
p1594
I87
sS'careful'
p1595
I87
sS'bout'
p1596
I85
sS'those'
p1597
I77
sS'^'
p1598
I87
sS'sound'
p1599
I84
sS'myself'
p1600
I80
sS'casa'
p1601
I87
sS'developing'
p1602
I87
sS'these'
p1603
I70
sS'cash'
p1604
I86
sS'trick'
p1605
I87
sS'ratchet'
p1606
I87
sS'life"'
p1607
I85
sS'pollo'
p1608
I87
sS'cancelled'
p1609
I87
sS'hmmmm'
p1610
I87
sS'twinny'
p1611
I87
sS'cock'
p1612
I86
sS'tragedythe'
p1613
I87
sS'ive'
p1614
I85
sS'troy'
p1615
I87
sS'sucks,90604\n485221215435386880,gageluvsgreens,2014-07-05'
p1616
I87
sS'coffee'
p1617
I77
sS'sleeping'
p1618
I81
sS'middle'
p1619
I85
sS'someone'
p1620
I67
sS'ambient'
p1621
I86
sS'return'
p1622
I87
sS'wisely'
p1623
I87
sS'stickers'
p1624
I85
sS'everyday'
p1625
I87
sS'worry'
p1626
I83
sS'different'
p1627
I85
sS'impounded...even'
p1628
I87
sS'paw'
p1629
I87
sS'today....cant'
p1630
I87
sS'pay'
p1631
I83
sS'seeking'
p1632
I87
sS'bowl'
p1633
I87
sS'tour'
p1634
I86
sS'same'
p1635
I74
sS'check'
p1636
I80
sS'food'
p1637
I78
sS'pac'
p1638
I87
sS'pad'
p1639
I85
sS'amazing.if'
p1640
I87
sS'emojis'
p1641
I87
sS'downs'
p1642
I87
sS'mane'
p1643
I85
sS'week'
p1644
I81
sS'twice.....-_-'
p1645
I87
sS'oil'
p1646
I87
sS'....the'
p1647
I87
sS'driver'
p1648
I87
sS'uystn'
p1649
I87
sS'weed'
p1650
I86
sS'running'
p1651
I86
sS'comefor'
p1652
I87
sS'totally'
p1653
I82
sS'swallow'
p1654
I87
sS'\xe2\x9c\x8c\xef\xb8\x8f'
p1655
I86
sS'good:)'
p1656
I87
sS'burrito'
p1657
I83
sS'aunts'
p1658
I87
sS'charges'
p1659
I87
sS'charger'
p1660
I85
sS'ranch'
p1661
I87
sS'without'
p1662
I83
sS'comes'
p1663
I80
sS'very'
p1664
I84
sS'genie'
p1665
I87
sS'grumpy'
p1666
I87
sS'bumping'
p1667
I87
sS'dimension'
p1668
I87
sS'taxi'
p1669
I87
sS'summer'
p1670
I83
sS'morons'
p1671
I87
sS'peace'
p1672
I87
sS'!,90605\n485324972106063875,gageluvsgreens,2014-07-05'
p1673
I87
sS'callsi'
p1674
I87
sS'being'
p1675
I76
sS'money'
p1676
I74
sS'neon'
p1677
I87
sS'rest'
p1678
I85
sS'clot'
p1679
I87
sS'greetings'
p1680
I87
sS'touch'
p1681
I84
sS'madness'
p1682
I87
sS'robins'
p1683
I87
sS'blow'
p1684
I87
sS'tonys'
p1685
I87
sS'death'
p1686
I86
sS'tooooo'
p1687
I87
sS'thinking'
p1688
I85
sS'rose'
p1689
I86
sS'seems'
p1690
I87
sS'improvement'
p1691
I87
sS'blog'
p1692
I83
sS'lets'
p1693
I79
sS'tio'
p1694
I86
sS'ahhhh'
p1695
I87
sS'4'
p1696
I79
sS'halftime'
p1697
I87
sS'poised'
p1698
I87
sS'pill'
p1699
I87
sS'feminism'
p1700
I87
sS'real'
p1701
I78
sS'10$'
p1702
I86
sS'starving'
p1703
I87
sS'sand,90605\n473105774130896896,omjnrg,2014-06-01'
p1704
I87
sS'around'
p1705
I86
sS'kills'
p1706
I86
sS'read'
p1707
I87
sS'gonna'
p1708
I59
sS'dark'
p1709
I86
sS'moi'
p1710
I87
sS'traffic'
p1711
I87
sS'mom'
p1712
I78
sS'fukk'
p1713
I87
sS'using'
p1714
I86
sS'cd'
p1715
I85
sS'disappointed'
p1716
I87
sS'grin'
p1717
I87
sS"himyou're"
p1718
I87
sS'stranger'
p1719
I87
sS'pounds'
p1720
I87
sS'07:41:03.0,33.9355018,-118.0374889,5032.02,so'
p1721
I87
sS'todayworst'
p1722
I87
sS'pregnant'
p1723
I86
sS'twin'
p1724
I87
sS'career"'
p1725
I87
sS'sanity'
p1726
I87
sS'audience'
p1727
I87
sS'donations'
p1728
I87
sS't'
p1729
I86
sS'kannibal'
p1730
I87
sS'bleach'
p1731
I87
sS'tart'
p1732
I87
sS'ammmm'
p1733
I87
sS';p'
p1734
I85
sS'"stack'
p1735
I87
sS'cabo'
p1736
I87
sS'grub'
p1737
I87
sS'07:32:00.0,33.9415092,-118.0315029,5032.02,can'
p1738
I87
sS'hahhaha'
p1739
I87
sS'cancel'
p1740
I87
sS'eddie'
p1741
I86
sS'monopoly'
p1742
I87
sS'michigan'
p1743
I87
sS'drake'
p1744
I87
sS';d'
p1745
I85
sS"needi'm"
p1746
I87
sS'expression'
p1747
I87
sS';o'
p1748
I86
sS'thinks'
p1749
I86
sS'boxers'
p1750
I87
sS'bless'
p1751
I87
sS'outs'
p1752
I87
sS'caribbean'
p1753
I87
sS'mood'
p1754
I85
sS'memories'
p1755
I86
sS'mph'
p1756
I87
sS'stops'
p1757
I86
sS'moon'
p1758
I84
sS'up!,90605\n485325204898324480,gageluvsgreens,2014-07-05'
p1759
I87
sS'atmozfears'
p1760
I87
sS'dies'
p1761
I87
sS'content'
p1762
I87
sS'knife'
p1763
I87
sS'20:56:34.0,33.9404976,-118.0299105,5032.02,gonna'
p1764
I87
sS'football'
p1765
I83
sS'shadow'
p1766
I87
sS'business'
p1767
I82
sS'asap'
p1768
I86
sS'seconds'
p1769
I86
sS'\xe2\x98\xba\xef\xb8\x8f\xe2\x98\xba\xef\xb8\x8f'
p1770
I87
sS'tda'
p1771
I87
sS'ifc'
p1772
I87
sS'update'
p1773
I87
sS'broken'
p1774
I86
sS'^_^'
p1775
I87
sS'yesterday,90604\n497957141768990721,aaron_4_,2014-08-09'
p1776
I87
sS';*'
p1777
I86
sS';)'
p1778
I80
sS'throw'
p1779
I84
sS'earlier'
p1780
I87
sS'on'
p1781
I20
sS'ol'
p1782
I87
sS'ok'
p1783
I78
sS'oh'
p1784
I66
sS'og'
p1785
I87
sS'of'
p1786
I12
sS'cares'
p1787
I87
sS'favorite'
p1788
I82
sS'drag'
p1789
I87
sS'mixer'
p1790
I87
sS'shrimp'
p1791
I86
sS'practical'
p1792
I87
sS'demonic'
p1793
I87
sS'wolf'
p1794
I87
sS'carlos'
p1795
I87
sS'decent'
p1796
I86
sS'mixed'
p1797
I87
sS'backup'
p1798
I87
sS'or'
p1799
I57
sS'road'
p1800
I86
sS'amber'
p1801
I87
sS'ladies'
p1802
I86
sS'cirskeye'
p1803
I87
sS'stops....working..............w..h...y'
p1804
I87
sS'burning'
p1805
I86
sS'image'
p1806
I87
sS'blessed'
p1807
I86
sS'snapchat'
p1808
I83
sS'augustus'
p1809
I87
sS'cursed'
p1810
I87
sS'freaked'
p1811
I87
sS':c'
p1812
I87
sS'homeless'
p1813
I84
sS'heated'
p1814
I87
sS'youu'
p1815
I87
sS'gomez'
p1816
I87
sS'nowadays'
p1817
I87
sS'your'
p1818
I32
sS"niecestradin'"
p1819
I87
sS'stare'
p1820
I86
sS'breath'
p1821
I87
sS'her'
p1822
I75
sS'"high'
p1823
I87
sS'strictly'
p1824
I87
sS'there'
p1825
I67
sS'hey'
p1826
I84
sS'lol'
p1827
I24
sS'strip'
p1828
I87
sS'start'
p1829
I80
sS"how'd"
p1830
I87
sS'cats'
p1831
I87
sS'"shit"'
p1832
I87
sS'*emoji'
p1833
I87
sS'lot'
p1834
I81
sS'series'
p1835
I87
sS'deteriorating'
p1836
I87
sS'cadet'
p1837
I87
sS'19:27:51.0,33.9401764,-118.02974083,5032.02,payin'
p1838
I87
sS'trey'
p1839
I87
sS'>>>>>'
p1840
I86
sS"that...it's"
p1841
I87
sS'yayy'
p1842
I87
sS'uuuuu'
p1843
I87
sS'you"'
p1844
I86
sS'hahahajajajahhahahaha'
p1845
I87
sS'jus'
p1846
I87
sS'land'
p1847
I87
sS'gore'
p1848
I87
sS'sesh'
p1849
I87
sS'follow\xe2\x80\xa6'
p1850
I87
sS'[pic]'
p1851
I87
sS'remix)'
p1852
I87
sS'trying'
p1853
I75
sS'with'
p1854
I26
sS'buying'
p1855
I86
sS'longer'
p1856
I87
sS'card'
p1857
I86
sS"they're"
p1858
I78
sS'rush'
p1859
I87
sS'october'
p1860
I86
sS'rage'
p1861
I87
sS"wasn't"
p1862
I84
sS'pacman'
p1863
I87
sS'flirt'
p1864
I87
sS'dirty'
p1865
I86
sS'stussy>>>>'
p1866
I87
sS'schoolboy'
p1867
I87
sS'trips'
p1868
I87
sS'azier'
p1869
I84
sS'djing'
p1870
I85
sS'gone'
p1871
I83
sS'\xee\x90\x92\xee\x90\x92\xee\x90\x92\xee\x90\x92\xee\x90\x92'
p1872
I87
sS'out!:/'
p1873
I87
sS'af'
p1874
I77
sS'taste'
p1875
I80
sS'ah'
p1876
I87
sS'accents'
p1877
I87
sS'am'
p1878
I67
sS'shoulders'
p1879
I86
sS'deep'
p1880
I82
sS'an'
p1881
I70
sS'misslove'
p1882
I87
sS'imagination'
p1883
I87
sS'as'
p1884
I63
sS'intro'
p1885
I87
sS'tasty'
p1886
I87
sS'at'
p1887
I17
sS'aw'
p1888
I87
sS'girlfriend'
p1889
I86
sS'moves'
p1890
I87
sS'you.\xe2\x80\x9d'
p1891
I87
sS'cream'
p1892
I85
sS'el\xe2\x80\xa6'
p1893
I87
sS'again'
p1894
I75
sS'goddam'
p1895
I87
sS'deserve'
p1896
I87
sS'drivers'
p1897
I87
sS'hybrid'
p1898
I82
sS'green'
p1899
I85
sS'tight'
p1900
I86
sS'todaybetter'
p1901
I87
sS'implied'
p1902
I87
sS'twerk'
p1903
I86
sS'you'
p1904
I5
sS'presenting'
p1905
I87
sS'poor'
p1906
I87
sS'poop'
p1907
I86
sS"gon'"
p1908
I87
sS'baddd'
p1909
I87
sS'gifts'
p1910
I87
sS'loading'
p1911
I87
sS"hana's"
p1912
I87
sS'trending'
p1913
I87
sS"she's"
p1914
I78
sS'wild.\xe2\x80\x9d'
p1915
I87
sS'yack'
p1916
I87
sS',90604\n496742584807866368,goldynchyld_,2014-08-05'
p1917
I87
sS'pool'
p1918
I86
sS'alcohol'
p1919
I87
sS'tricky'
p1920
I87
sS'-mark'
p1921
I87
sS'beast'
p1922
I87
sS'23:28:19.0,33.9445484,-118.0322569,5032.02,coffee'
p1923
I87
sS'calls'
p1924
I85
sS'wifi'
p1925
I87
sS'having'
p1926
I75
sS'passed'
p1927
I87
sS'u'
p1928
I57
sS'alright'
p1929
I83
sS'starting'
p1930
I87
sS'original'
p1931
I86
sS'youburn'
p1932
I87
sS'all'
p1933
I30
sS'consider'
p1934
I86
sS'cough'
p1935
I87
sS'metaphor'
p1936
I87
sS'hooked'
p1937
I87
sS'ale'
p1938
I87
sS'month'
p1939
I86
sS'coach'
p1940
I87
sS'talks'
p1941
I87
sS'follow'
p1942
I87
sS'toes'
p1943
I87
sS'decisions'
p1944
I87
sS'als'
p1945
I87
sS'jerome'
p1946
I87
sS'glue,90605\n473933188645924864,omjnrg,2014-06-03'
p1947
I87
sS'asada'
p1948
I87
sS'apartment'
p1949
I85
sS'hunting'
p1950
I87
sS'tv'
p1951
I86
sS'lining'
p1952
I87
sS'tu'
p1953
I85
sS'thursday'
p1954
I83
sS'champions'
p1955
I87
sS'to'
p1956
I2
sS'aaron'
p1957
I87
sS'present'
p1958
I87
sS'blackbecause'
p1959
I87
sS'tf'
p1960
I86
sS'smile'
p1961
I84
sS'volunteer'
p1962
I87
sS'hill'
p1963
I87
sS'woman'
p1964
I86
sS'worse'
p1965
I85
sS'song'
p1966
I77
sS'far'
p1967
I86
sS'horror'
p1968
I87
sS'never\xe2\x80\xa6'
p1969
I87
sS'fav'
p1970
I87
sS'fat'
p1971
I87
sS'selfies'
p1972
I86
sS'ppls'
p1973
I87
sS'fan'
p1974
I85
sS'decide'
p1975
I87
sS'fall'
p1976
I82
sS'awful'
p1977
I86
sS'winning'
p1978
I87
sS'ticket'
p1979
I84
sS'difference'
p1980
I87
sS'hooker'
p1981
I87
sS'trippin'
p1982
I87
sS'heaven'
p1983
I87
sS'washing'
p1984
I86
sS'twiiter'
p1985
I87
sS'--'
p1986
I87
sS'laying'
p1987
I85
sS'hahhahha'
p1988
I87
sS'large'
p1989
I87
sS'vibes'
p1990
I86
sS'small'
p1991
I84
sS'study'
p1992
I87
sS'smith'
p1993
I87
sS'mine?or'
p1994
I87
sS"i'll"
p1995
I71
sS'cookies'
p1996
I87
sS'instagram'
p1997
I86
sS'hailing'
p1998
I87
sS'slurpees*'
p1999
I87
sS'tea'
p2000
I84
sS'191'
p2001
I87
sS'sync'
p2002
I87
sS'hahahahahahahahahahahahahahahahahahahahahahahahahahahahahahahahahahahahahahaha'
p2003
I87
sS'past'
p2004
I81
sS'burger'
p2005
I87
sS'rate'
p2006
I87
sS'pass'
p2007
I87
sS'...lol'
p2008
I87
sS'jesus'
p2009
I87
sS'what'
p2010
I28
sS'cryin,90604\n498331633955516417,aaron_4_,2014-08-10'
p2011
I87
sS"julia's"
p2012
I87
sS'mine,90605\n473329741924028416,omjnrg,2014-06-02'
p2013
I87
sS'sun'
p2014
I86
sS'sum'
p2015
I86
sS'rocknroots'
p2016
I87
sS'emotions'
p2017
I87
sS'crush'
p2018
I87
sS'florance'
p2019
I87
sS'version'
p2020
I85
sS'sus'
p2021
I86
sS'fuckk'
p2022
I87
sS'sup'
p2023
I87
sS':d,90604\n497660787960197120,aaron_4_,2014-08-08'
p2024
I87
sS'tribute'
p2025
I87
sS'row'
p2026
I86
sS'racing'
p2027
I87
sS'public'
p2028
I87
sS'vamos'
p2029
I87
sS'wachi'
p2030
I82
sS'ma'
p2031
I87
sS'hungover'
p2032
I87
sS'answers'
p2033
I87
sS'motherfucker'
p2034
I87
sS'hours'
p2035
I73
sS'coco'
p2036
I87
sS'tracks'
p2037
I87
sS'coldhearted'
p2038
I87
sS'strong'
p2039
I85
sS'table'
p2040
I87
sS'popeye'
p2041
I87
sS'pea'
p2042
I87
sS'search'
p2043
I84
sS'23:27:39.0,33.9445489,-118.0322581,5032.02,seriously'
p2044
I87
sS'colored'
p2045
I87
sS'ahead'
p2046
I87
sS'apashe'
p2047
I85
sS'likin'
p2048
I87
sS'4real'
p2049
I87
sS'experience'
p2050
I86
sS"gooby's"
p2051
I87
sS'drawers'
p2052
I87
sS'pico'
p2053
I86
sS'pick'
p2054
I82
sS'action'
p2055
I87
sS'struggle'
p2056
I87
sS'sticking'
p2057
I87
sS'family'
p2058
I80
sS'vie'
p2059
I87
sS'wacc'
p2060
I87
sS'ask'
p2061
I84
sS'know"'
p2062
I87
sS'pillows..omg'
p2063
I87
sS'toys'
p2064
I87
sS'story)'
p2065
I87
sS'gosh'
p2066
I87
sS'shaaaaeeht'
p2067
I87
sS'emoji'
p2068
I84
sS'magazine,90605\n474036803398139904,omjnrg,2014-06-04'
p2069
I87
sS'munchies'
p2070
I87
sS'ash'
p2071
I87
sS'eye'
p2072
I83
sS'takes'
p2073
I87
sS'nothings'
p2074
I87
sS'donuts'
p2075
I87
sS'fools,90605\n485225835666759680,gageluvsgreens,2014-07-05'
p2076
I87
sS'texting'
p2077
I86
sS'two'
p2078
I78
sS'm&ms'
p2079
I87
sS'sitter'
p2080
I87
sS'6'
p2081
I82
sS'shits'
p2082
I87
sS'more'
p2083
I55
sS'teen'
p2084
I86
sS'tryna'
p2085
I85
sS'diamond'
p2086
I87
sS'door'
p2087
I87
sS'knows'
p2088
I85
sS'pads'
p2089
I87
sS'speedo'
p2090
I87
sS'pompis'
p2091
I87
sS'site'
p2092
I87
sS'tested'
p2093
I87
sS"ain't"
p2094
I78
sS'stick'
p2095
I87
sS'broke'
p2096
I86
sS'dios'
p2097
I87
sS'hurry'
p2098
I85
sS'producing'
p2099
I87
sS'tees'
p2100
I87
sS'negativity'
p2101
I86
sS'luv'
p2102
I87
sS'town'
p2103
I87
sS'none'
p2104
I87
sS'hour'
p2105
I85
sS'blah'
p2106
I84
sS'georgina'
p2107
I87
sS'sucks'
p2108
I81
sS'guards'
p2109
I87
sS'offended'
p2110
I87
sS'sudden'
p2111
I87
sS'learn'
p2112
I84
sS'layed'
p2113
I87
sS'male'
p2114
I87
sS'def'
p2115
I85
sS'history'
p2116
I87
sS'beautiful'
p2117
I82
sS'embarrassing'
p2118
I86
sS'(with'
p2119
I87
sS'stacking'
p2120
I87
sS'share'
p2121
I86
sS'lineman'
p2122
I87
sS'\xe2\x98\x95\xef\xb8\x8f'
p2123
I87
sS"'92"
p2124
I87
sS'sense'
p2125
I85
sS'gallon'
p2126
I87
sS'dress'
p2127
I85
sS'huge'
p2128
I87
sS'needs'
p2129
I84
sS'goal'
p2130
I86
sS'rather'
p2131
I87
sS'thighslook'
p2132
I87
sS'breaking'
p2133
I86
sS'phelps'
p2134
I87
sS'needa'
p2135
I87
sS"randa's"
p2136
I87
sS"heart's"
p2137
I87
sS'speeding'
p2138
I87
sS'bentleys'
p2139
I86
sS'ugggghhhhh'
p2140
I87
sS'11:38:54.0,33.9406372,-118.0375986,5032.02,wtf'
p2141
I87
sS"we're*"
p2142
I87
sS'sandwich'
p2143
I87
sS'okay'
p2144
I80
sS'plans'
p2145
I86
sS'rude'
p2146
I85
sS'petite'
p2147
I87
sS'advice'
p2148
I86
sS"05:06:58.0,33.9443653,-118.0319621,5032.02,it's"
p2149
I87
sS'lan'
p2150
I87
sS'adventure'
p2151
I82
sS'coming'
p2152
I84
sS'backyard'
p2153
I87
sS'choice'
p2154
I86
sS'nozzed'
p2155
I87
sS'response'
p2156
I87
sS'fo'
p2157
I85
sS'a'
p2158
I7
sS'refuse'
p2159
I87
sS'short'
p2160
I87
sS'bionicos'
p2161
I87
sS"that'd"
p2162
I84
sS'(at'
p2163
I87
sS'doctor'
p2164
I87
sS'bugs'
p2165
I87
sS'volleyball'
p2166
I87
sS"c'est"
p2167
I87
sS'wishes'
p2168
I87
sS'dread'
p2169
I87
sS'shade'
p2170
I87
sS'music"'
p2171
I87
sS'putting'
p2172
I87
sS'dream'
p2173
I81
sS'playing'
p2174
I85
sS"that's"
p2175
I65
sS'mexican'
p2176
I83
sS'help'
p2177
I80
sS"don't"
p2178
I37
sS'sooo'
p2179
I84
sS'soon'
p2180
I81
sS'confidant'
p2181
I87
sS'through'
p2182
I85
sS'\xe2\xad\x90\xef\xb8\x8fliddo'
p2183
I87
sS'hell'
p2184
I80
sS'its'
p2185
I66
sS'unhealthy'
p2186
I87
sS'5:30'
p2187
I86
sS'style'
p2188
I84
sS'licks'
p2189
I87
sS'20'
p2190
I86
sS'21'
p2191
I86
sS'22'
p2192
I87
sS'pray'
p2193
I87
sS'kthnxbye'
p2194
I87
sS'eyesthe'
p2195
I87
sS'actually'
p2196
I75
sS'late'
p2197
I81
sS'>>>'
p2198
I87
sS'mota\xe2\x80\xa6'
p2199
I87
sS'minute'
p2200
I87
sS'followers'
p2201
I85
sS'argentina'
p2202
I86
sS'soccer'
p2203
I86
sS'might'
p2204
I84
sS"haven't"
p2205
I80
sS'finer'
p2206
I87
sS'fool'
p2207
I85
sS'everrrrrrrrrrr'
p2208
I87
sS'good'
p2209
I50
sS'motivated'
p2210
I87
sS'yo'
p2211
I74
sS'fook'
p2212
I86
sS'ya'
p2213
I78
sS'goon'
p2214
I87
sS'it"'
p2215
I86
sS'clippers'
p2216
I87
sS'yf'
p2217
I87
sS'humans'
p2218
I87
sS'hahahahahaha'
p2219
I87
sS'starbucks'
p2220
I87
sS'radio"'
p2221
I87
sS'yr'
p2222
I87
sS'yu'
p2223
I86
sS'bigger'
p2224
I82
sS'easily'
p2225
I87
sS'document'
p2226
I87
sS'everytime'
p2227
I86
sS'always'
p2228
I59
sS'1/12/13'
p2229
I87
sS'cartons...fugly'
p2230
I87
sS'snuggled'
p2231
I87
sS'stopped'
p2232
I87
sS'turns'
p2233
I86
sS'found'
p2234
I84
sS'repeating'
p2235
I87
sS"isn't"
p2236
I82
sS'heavy'
p2237
I87
sS'friend,90605\n474268894178201600,omjnrg,2014-06-04'
p2238
I87
sS'everyone'
p2239
I75
sS'weeknd'
p2240
I81
sS'another'
p2241
I84
sS'weight'
p2242
I87
sS'generation'
p2243
I87
sS'house'
p2244
I75
sS'hard'
p2245
I78
sS'liking?,90605\n473326573928464385,omjnrg,2014-06-02'
p2246
I87
sS'idea'
p2247
I84
sS'hawaii'
p2248
I87
sS'finish'
p2249
I87
sS'connect'
p2250
I86
sS"maddi's"
p2251
I85
sS'ahahha'
p2252
I87
sS'loops'
p2253
I87
sS'really'
p2254
I49
sS'when--nope'
p2255
I87
sS'anxious'
p2256
I86
sS'missed'
p2257
I84
sS'shit!,90605\n473325593052737536,omjnrg,2014-06-02'
p2258
I87
sS'4pm'
p2259
I87
sS'since'
p2260
I81
sS'douglas'
p2261
I79
sS'"go'
p2262
I87
sS'acting'
p2263
I87
sS'yard'
p2264
I87
sS'perro'
p2265
I86
sS"they'll"
p2266
I85
sS'ass'
p2267
I63
sS'slangin'
p2268
I87
sS'bald'
p2269
I87
sS'bass'
p2270
I86
sS'pathetic'
p2271
I87
sS'06:28:28.0,33.9432563,-118.0359915,5032.02,lets'
p2272
I87
sS'disagree'
p2273
I87
sS'greyhound'
p2274
I87
sS'friday'
p2275
I83
sS'story'
p2276
I85
sS'mmm'
p2277
I87
sS'reason'
p2278
I84
sS'base'
p2279
I87
sS'disneyland'
p2280
I87
sS'imagine'
p2281
I87
sS'put'
p2282
I81
sS'bumpin'
p2283
I87
sS'beginning'
p2284
I87
sS'06:25:50.0,33.9395307,-118.0326065,5032.02,dam'
p2285
I87
sS'lol"'
p2286
I87
sS'opps'
p2287
I87
sS'nowwhat'
p2288
I87
sS'lol)'
p2289
I87
sS'shit,90604\n498511383965626368,aaron_4_,2014-08-10'
p2290
I87
sS'rack'
p2291
I87
sS'american'
p2292
I87
sS'w'
p2293
I85
sS'color!should'
p2294
I87
sS'dancerlike'
p2295
I87
sS'major'
p2296
I86
sS'swipe'
p2297
I87
sS'dont'
p2298
I77
sS'feel'
p2299
I63
sS'knocking'
p2300
I87
sS'number'
p2301
I84
sS'feet'
p2302
I86
sS'ocha'
p2303
I87
sS'done'
p2304
I79
sS'colombia'
p2305
I87
sS'slower'
p2306
I87
sS'miss'
p2307
I81
sS'much!,90605\n473936099958472705,omjnrg,2014-06-03'
p2308
I87
sS'sofcore'
p2309
I87
sS'passes'
p2310
I87
sS'guess'
p2311
I75
sS'killin'
p2312
I87
sS'heads'
p2313
I86
sS'script'
p2314
I87
sS'twenty'
p2315
I87
sS"proudit's"
p2316
I87
sS'coasts'
p2317
I87
sS'paini'
p2318
I87
sS'least'
p2319
I85
sS'today!,90605\n473244057787842560,omjnrg,2014-06-01'
p2320
I87
sS'paint'
p2321
I86
sS'180'
p2322
I87
sS'station'
p2323
I87
sS'afterworld'
p2324
I87
sS'great,90604\n485223264675827713,gageluvsgreens,2014-07-05'
p2325
I87
sS'challenge'
p2326
I87
sS'store'
p2327
I86
sS'headache'
p2328
I85
sS'wahhhh'
p2329
I86
sS'saint'
p2330
I87
sS'$$'
p2331
I87
sS'park'
p2332
I79
sS'barbers'
p2333
I87
sS'mmmm'
p2334
I86
sS'pop-tarts'
p2335
I87
sS'part'
p2336
I85
sS'jordan'
p2337
I87
sS'boredom'
p2338
I87
sS'theater'
p2339
I86
sS'albums'
p2340
I87
sS'believe'
p2341
I83
sS'bruhbruh'
p2342
I87
sS'king'
p2343
I86
sS'kind'
p2344
I82
sS'b'
p2345
I84
sS'double'
p2346
I87
sS'marshall'
p2347
I87
sS'19:43:31.0,33.9443529,-118.031912,5032.02,these'
p2348
I87
sS'up,90604\n485327301110796288,gageluvsgreens,2014-07-05'
p2349
I87
sS'recording'
p2350
I86
sS'dank'
p2351
I87
sS'supposed'
p2352
I87
sS'outdoors'
p2353
I87
sS'dang'
p2354
I87
sS'toe'
p2355
I86
sS'sheeran'
p2356
I87
sS'outta'
p2357
I85
sS'experience"'
p2358
I87
sS'suspicious'
p2359
I87
sS'detestation'
p2360
I87
sS'randomly'
p2361
I87
sS'yeez'
p2362
I84
sS'alike'
p2363
I87
sS'..does'
p2364
I87
sS'03:27:47.0,33.9445651,-118.032259,5032.02,idk'
p2365
I87
sS'ooooookay'
p2366
I87
sS'option'
p2367
I87
sS'sell'
p2368
I86
sS'nights'
p2369
I87
sS'(kai'
p2370
I87
sS'crazy..but'
p2371
I87
sS'clutch'
p2372
I87
sS'lil'
p2373
I84
sS'lol,90605\n473217343519080448,omjnrg,2014-06-01'
p2374
I87
sS'couch'
p2375
I86
sS'also'
p2376
I76
sS'breeze'
p2377
I87
sS'grew'
p2378
I87
sS'chairman'
p2379
I87
sS'orton'
p2380
I87
sS'finding'
p2381
I86
sS'tool'
p2382
I87
sS'pringles'
p2383
I87
sS'play'
p2384
I83
sS'(13547'
p2385
I87
sS'kai'
p2386
I82
sS'guitar'
p2387
I87
sS'kam'
p2388
I87
sS'04:02:00.0,33.9378084,-118.0376074,5032.02,still'
p2389
I87
sS'most'
p2390
I84
sS'plan'
p2391
I84
sS'nothing'
p2392
I82
sS'11:11'
p2393
I86
sS'extremely'
p2394
I87
sS'understands'
p2395
I87
sS'5-0'
p2396
I87
sS'bug'
p2397
I87
sS'"you\'re'
p2398
I87
sS'sometimes'
p2399
I83
sS'ko'
p2400
I87
sS'16:49:10.0,33.9355055,-118.0374869,5032.02,im'
p2401
I87
sS'clean'
p2402
I87
sS'gabe'
p2403
I87
sS'blend'
p2404
I87
sS'lying'
p2405
I87
sS'thomas'
p2406
I84
sS'ugh'
p2407
I79
sS'cereal'
p2408
I87
sS'schoolers'
p2409
I87
sS'lay'
p2410
I87
sS'nanas'
p2411
I87
sS'cdj'
p2412
I87
sS'carne'
p2413
I86
sS'stfu'
p2414
I86
sS'hyped'
p2415
I87
sS'howls'
p2416
I87
sS'steamed'
p2417
I87
sS'headlines'
p2418
I87
sS'uniform'
p2419
I87
sS'fine'
p2420
I83
sS'find'
p2421
I80
sS'chamango'
p2422
I87
sS'current'
p2423
I87
sS'noah'
p2424
I87
sS'northern'
p2425
I87
sS'nervous'
p2426
I86
sS'scooter'
p2427
I87
sS'less'
p2428
I85
sS'poppin'
p2429
I85
sS'rotten'
p2430
I87
sS'penalty'
p2431
I87
sS'freedoms'
p2432
I87
sS'breakdancing'
p2433
I87
sS'pretty'
p2434
I75
sS'8'
p2435
I84
sS'19:43:06.0,33.9403086,-118.02970824,5032.02,why'
p2436
I87
sS'17:59:25.0,33.9445736,-118.0322753,5032.02,absorb'
p2437
I87
sS'merch'
p2438
I86
sS'his'
p2439
I73
sS'hit'
p2440
I74
sS'sayums'
p2441
I87
sS'express'
p2442
I86
sS'sunny'
p2443
I87
sS'"dj"'
p2444
I87
sS"appear'cause"
p2445
I87
sS'me...204863'
p2446
I87
sS"they'd"
p2447
I85
sS'feels'
p2448
I85
sS'carded'
p2449
I87
sS'actions'
p2450
I87
sS'pretending'
p2451
I87
sS'during'
p2452
I85
sS'workouts'
p2453
I86
sS'him'
p2454
I80
sS'shoutouts'
p2455
I87
sS'enemy'
p2456
I86
sS'devoured'
p2457
I87
sS'frankly'
p2458
I87
sS'contagious'
p2459
I87
sS'bb<3'
p2460
I87
sS'glaze'
p2461
I87
sS'batteries'
p2462
I87
sS'garcia'
p2463
I87
sS'gloves'
p2464
I87
sS'common'
p2465
I87
sS'watever'
p2466
I87
sS'hype'
p2467
I87
sS'cri'
p2468
I87
sS'cringe'
p2469
I87
sS'agreed(:well'
p2470
I87
sS'insane'
p2471
I87
sS'nacho'
p2472
I87
sS'set'
p2473
I87
sS'art'
p2474
I87
sS'devils'
p2475
I87
sS'throwing'
p2476
I87
sS'vine'
p2477
I87
sS'sex'
p2478
I86
sS'collectively'
p2479
I87
sS'see'
p2480
I56
sS'dumb'
p2481
I85
sS'are'
p2482
I35
sS'year,90604\n499467918707814402,aaron_4_,2014-08-13'
p2483
I87
sS'close'
p2484
I82
sS'retweet'
p2485
I87
sS'project'
p2486
I78
sS'movin'
p2487
I87
sS'cosplay'
p2488
I87
sS'pokemon'
p2489
I87
sS'lol,90605\n485346762878513152,gageluvsgreens,2014-07-05'
p2490
I87
sS'pictures'
p2491
I83
sS'wow'
p2492
I71
sS'currently'
p2493
I86
sS'please'
p2494
I82
sS'vas'
p2495
I87
sS'demons'
p2496
I86
sS'pickup'
p2497
I87
sS'won'
p2498
I85
sS'various'
p2499
I87
sS'foolishly'
p2500
I87
sS'probably'
p2501
I82
sS'burned'
p2502
I87
sS'1d'
p2503
I87
sS"person's"
p2504
I87
sS'knowing'
p2505
I87
sS'solo'
p2506
I87
sS'sold'
p2507
I87
sS'attention'
p2508
I87
sS'outfit'
p2509
I87
sS'5.77'
p2510
I87
sS'easy.if'
p2511
I87
sS'succeed'
p2512
I86
sS',90604\n500108296502521858,aaron_4_,2014-08-15'
p2513
I87
sS'screeches'
p2514
I87
sS'invisible'
p2515
I87
sS'lyrical'
p2516
I87
sS'pissed'
p2517
I85
sS'nervous,90604\n499460359691182080,aaron_4_,2014-08-13'
p2518
I87
sS'both'
p2519
I82
sS'c'
p2520
I85
sS'last'
p2521
I76
sS'12:00'
p2522
I87
sS'restaurant'
p2523
I83
sS'influential'
p2524
I87
sS"wouldn't"
p2525
I84
sS'barely'
p2526
I82
sS'connection'
p2527
I86
sS'smh\xe2\x80\x9d'
p2528
I87
sS"we've"
p2529
I85
sS'duuuuuuuuuuude'
p2530
I87
sS'dabby'
p2531
I87
sS'whole'
p2532
I83
sS'9:00'
p2533
I86
sS'whittier,90604\n499113409279836160,aaron_4_,2014-08-12'
p2534
I87
sS'liked'
p2535
I87
sS'drunk'
p2536
I84
sS'battery'
p2537
I87
sS'sweet'
p2538
I84
sS'acted'
p2539
I87
sS'dudes'
p2540
I87
sS'mood,90604\n485232320375304192,gageluvsgreens,2014-07-05'
p2541
I87
sS'header'
p2542
I87
sS'likes'
p2543
I85
sS'church'
p2544
I86
sS'rave'
p2545
I87
sS'kawaii'
p2546
I87
sS'two\xe2\x9c\x8c\xef\xb8\x8f'
p2547
I87
sS'nana"'
p2548
I87
sS":'((((("
p2549
I87
sS'man,90604\n485326280259141632,gageluvsgreens,2014-07-05'
p2550
I87
sS'monthly'
p2551
I87
sS'create'
p2552
I86
sS'acceptance'
p2553
I87
sS'creativity'
p2554
I86
sS'whos'
p2555
I86
sS'hitting'
p2556
I87
sS'pc'
p2557
I87
sS'dropping'
p2558
I87
sS'damn'
p2559
I68
sS'brick'
p2560
I86
sS'meeting'
p2561
I87
sS'7:30/8'
p2562
I87
sS'woke'
p2563
I85
sS'pm'
p2564
I86
sS'blankets'
p2565
I87
sS'lived'
p2566
I87
sS'preorder'
p2567
I86
sS'fire'
p2568
I85
sS"what's"
p2569
I82
sS'gas'
p2570
I83
sS'else'
p2571
I82
sS'vids'
p2572
I87
sS'won\'t!"'
p2573
I87
sS'awake'
p2574
I84
sS"04:08:06.0,33.9356326,-118.0379337,5032.02,i'll"
p2575
I87
sS'ohhh'
p2576
I87
sS'trojan'
p2577
I87
sS'utmost'
p2578
I87
sS'look'
p2579
I65
sS'raw'
p2580
I87
sS'frozen'
p2581
I87
sS'balloons'
p2582
I87
sS'straight'
p2583
I84
sS'bill'
p2584
I85
sS'ahah'
p2585
I87
sS'admire'
p2586
I86
sS'slurpees'
p2587
I87
sS'while'
p2588
I79
sS'kick'
p2589
I82
sS'fun'
p2590
I80
sS'guide'
p2591
I87
sS'pack'
p2592
I87
sS'styles'
p2593
I87
sS'<3'
p2594
I75
sS'ready'
p2595
I80
sS'34'
p2596
I87
sS'08:02:01.0,33.9355738,-118.0348137,5032.02,plot'
p2597
I87
sS'chase'
p2598
I87
sS'funny'
p2599
I83
sS'shirt'
p2600
I82
sS'8:00'
p2601
I86
sS'imy'
p2602
I87
sS'notch'
p2603
I87
sS'peoples'
p2604
I86
sS'9'
p2605
I86
sS"'his'"
p2606
I87
sS'ruth'
p2607
I87
sS'higher'
p2608
I86
sS'lid'
p2609
I87
sS'used'
p2610
I84
sS'screenshot'
p2611
I87
sS'dime'
p2612
I87
sS'2u"'
p2613
I87
sS'camera'
p2614
I87
sS'blair'
p2615
I87
sS'yummy.,90604\n496739831444406272,goldynchyld_,2014-08-05'
p2616
I87
sS'yesterday'
p2617
I84
sS'holidays'
p2618
I87
sS'muahahahahahaha'
p2619
I87
sS"reese's"
p2620
I87
sS'moment'
p2621
I85
sS'walmart'
p2622
I86
sS'uses'
p2623
I87
sS'purpose'
p2624
I85
sS'necessity'
p2625
I87
sS'recent'
p2626
I86
sS'early'
p2627
I86
sS'older'
p2628
I87
sS'do-'
p2629
I87
sS'kraken'
p2630
I87
sS'spent'
p2631
I86
sS'county'
p2632
I87
sS'person'
p2633
I77
sS'feces'
p2634
I87
sS'y'
p2635
I86
sS'organization'
p2636
I86
sS'duude'
p2637
I87
sS'bounced'
p2638
I87
sS'spend'
p2639
I86
sS'i\xe2\x80\x99m'
p2640
I86
sS'>.<'
p2641
I87
sS'01:14:07.0,33.9415092,-118.0315029,5032.02,three'
p2642
I87
sS'listening'
p2643
I79
sS'saturday,90604\n499767872886173697,aaron_4_,2014-08-14'
p2644
I87
sS'lottery'
p2645
I87
sS'i\xe2\x80\x99d'
p2646
I87
sS'cheddar'
p2647
I87
sS'shape'
p2648
I86
sS'questions'
p2649
I87
sS'world'
p2650
I79
sS'useful'
p2651
I87
sS'praying'
p2652
I86
sS'prince'
p2653
I87
sS'inexhale'
p2654
I87
sS'letting'
p2655
I87
sS'cut'
p2656
I86
sS'cus'
p2657
I87
sS'cup'
p2658
I84
sS'lady'
p2659
I87
sS'nikki'
p2660
I87
sS'thots,90604\n485155739510398976,gageluvsgreens,2014-07-04'
p2661
I87
sS'parents'
p2662
I83
sS'crying'
p2663
I85
sS'homies'
p2664
I87
sS'snap'
p2665
I87
sS'"kill'
p2666
I87
sS'excited'
p2667
I86
sS'hates'
p2668
I86
sS'cuh'
p2669
I87
sS'bio'
p2670
I87
sS'customers'
p2671
I87
sS'australia'
p2672
I86
sS'march'
p2673
I87
sS'attila'
p2674
I87
sS'big'
p2675
I76
sS'couple'
p2676
I85
sS'sittin'
p2677
I87
sS'bloodcurdling'
p2678
I87
sS'shitty'
p2679
I87
sS'game'
p2680
I73
sS'bit'
p2681
I83
sS'wings'
p2682
I85
sS'richie'
p2683
I87
sS'knock'
p2684
I87
sS'mornin'
p2685
I87
sS'(your'
p2686
I87
sS'success'
p2687
I83
sS'hahha'
p2688
I87
sS'message'
p2689
I87
sS'address,90605\n485337471891152896,gageluvsgreens,2014-07-05'
p2690
I87
sS'14:17:51.0,33.9445669,-118.0322502,5032.02,most'
p2691
I87
sS'ignore'
p2692
I86
sS'often'
p2693
I86
sS'brakes'
p2694
I87
sS'tym'
p2695
I87
sS'fucking'
p2696
I51
sS'yolo'
p2697
I84
sS'some'
p2698
I53
sS'back'
p2699
I62
sS'lips'
p2700
I86
sS"guardian's"
p2701
I87
sS'28th'
p2702
I87
sS'curious'
p2703
I86
sS'sprint'
p2704
I87
sS'classes'
p2705
I87
sS'ourselves'
p2706
I87
sS'goooooaaaall'
p2707
I87
sS'delivered'
p2708
I87
sS'scale'
p2709
I87
sS'describing'
p2710
I87
sS'up?:)'
p2711
I87
sS'shall'
p2712
I86
sS'hi-chew'
p2713
I87
sS'fragments'
p2714
I87
sS'eggs'
p2715
I86
sS'either'
p2716
I83
sS'amazin'
p2717
I87
sS'be'
p2718
I21
sS'sixteen'
p2719
I87
sS'eating'
p2720
I82
sS'bb'
p2721
I87
sS'bc'
p2722
I84
sS'rub'
p2723
I86
sS'reach'
p2724
I87
sS'rug'
p2725
I87
sS's/o'
p2726
I87
sS'zombie'
p2727
I86
sS'step'
p2728
I86
sS'but...wait'
p2729
I87
sS'chick'
p2730
I85
sS'usc'
p2731
I86
sS'tripping'
p2732
I86
sS'hounds'
p2733
I87
sS'faith'
p2734
I87
sS'anything'
p2735
I82
sS'netflix'
p2736
I85
sS'pizzamania'
p2737
I67
sS'delish'
p2738
I87
sS"mcdonald's"
p2739
I87
sS'awwww'
p2740
I87
sS'you."'
p2741
I87
sS'range'
p2742
I86
sS'dodger'
p2743
I87
sS'beans'
p2744
I86
sS'idk'
p2745
I78
sS'$150'
p2746
I87
sS'germany'
p2747
I86
sS'hahahah'
p2748
I86
sS'block'
p2749
I86
sS'seeing'
p2750
I83
sS'coconut,90605\n474256627109867521,omjnrg,2014-06-04'
p2751
I87
sS'garbage'
p2752
I87
sS'pero'
p2753
I86
sS'into'
p2754
I76
sS'within'
p2755
I87
sS'momma'
p2756
I87
sS'because'
p2757
I62
sS'fuego,90604\n485155781025619968,gageluvsgreens,2014-07-04'
p2758
I87
sS'lesson'
p2759
I81
sS'.best'
p2760
I87
sS'smells'
p2761
I87
sS'bahahahahahaha'
p2762
I87
sS'canal'
p2763
I87
sS'rhe'
p2764
I87
sS'question'
p2765
I87
sS'ca)'
p2766
I77
sS'fast'
p2767
I82
sS'ust'
p2768
I87
sS'addicting'
p2769
I87
sS"we're"
p2770
I84
sS"i'mma"
p2771
I87
sS'bruh'
p2772
I83
sS'bored'
p2773
I84
sS'scared'
p2774
I86
sS'opens'
p2775
I87
sS'could/would'
p2776
I87
sS'himself'
p2777
I87
sS'invite'
p2778
I87
sS'honestquite'
p2779
I87
sS'noisecontrollers'
p2780
I87
sS'toooo'
p2781
I86
sS'girlfriends'
p2782
I87
sS'boys'
p2783
I87
sS'yesssss'
p2784
I87
sS'heartwell'
p2785
I87
sS'newer'
p2786
I87
sS'._'
p2787
I87
sS'hopes'
p2788
I87
sS'christina!!,90605\n485345464150020096,gageluvsgreens,2014-07-05'
p2789
I87
sS'\xe2\x99\xa5'
p2790
I86
sS'posted'
p2791
I87
sS'info'
p2792
I86
sS'hair'
p2793
I79
sS'114'
p2794
I87
sS'bettterrrrrrrr'
p2795
I87
sS'up'
p2796
I33
sS'us'
p2797
I79
sS'ur'
p2798
I81
sS'want,90604\n498375561610158080,aaron_4_,2014-08-10'
p2799
I87
sS'desire'
p2800
I87
sS'raspados'
p2801
I87
sS'similar'
p2802
I87
sS'called'
p2803
I79
sS'ordered'
p2804
I86
sS'flow'
p2805
I87
sS'04:06:48.0,33.9362088,-118.0373364,5032.02,no'
p2806
I87
sS'influence'
p2807
I87
sS'haunt'
p2808
I87
sS'07:31:04.0,33.9434877,-118.0303993,5032.02,i'
p2809
I87
sS'poisoning'
p2810
I87
sS'single'
p2811
I87
sS'chat'
p2812
I87
sS'froot'
p2813
I87
sS'bicep'
p2814
I85
sS'fussi'
p2815
I87
sS'randy'
p2816
I87
sS'lemon'
p2817
I87
sS'06:26:06.0,33.9395307,-118.0326065,5032.02,some'
p2818
I87
sS'amounts'
p2819
I87
sS'hint'
p2820
I87
sS'nah'
p2821
I83
sS'realest'
p2822
I86
sS'occasional'
p2823
I87
sS'application'
p2824
I87
sS'nap'
p2825
I81
sS'08:26:48.0,33.9343612,-118.0379151,5032.02,just'
p2826
I87
sS'nice'
p2827
I81
sS'jojo'
p2828
I87
sS'daughterflat'
p2829
I87
sS'lucid'
p2830
I87
sS'problems'
p2831
I86
sS'happening,90605\n497662803428126720,aaron_4_,2014-08-08'
p2832
I87
sS'04:55:16.0,33.944498,-118.0321612,5032.02,who'
p2833
I87
sS'meaning'
p2834
I87
sS'evan'
p2835
I86
sS'ryann'
p2836
I87
sS'problemi'
p2837
I87
sS'what?,90604\n497954936605249536,aaron_4_,2014-08-09'
p2838
I87
sS'mames'
p2839
I87
sS'film!,90605\n473244684467195904,omjnrg,2014-06-01'
p2840
I87
sS'ago'
p2841
I86
sS'\xe2\x9c\x82\xef\xb8\x8f'
p2842
I87
sS'annoyed\xe2\x80\x9d'
p2843
I87
sS'e'
p2844
I83
sS'we'
p2845
I51
sS'zags'
p2846
I87
sS'geraldine'
p2847
I87
sS'youtube'
p2848
I86
sS'walked'
p2849
I86
sS'hella'
p2850
I82
sS'dot'
p2851
I85
sS'douchebag'
p2852
I87
sS'reww'
p2853
I86
sS'hello'
p2854
I86
sS'once'
p2855
I86
sS'edc'
p2856
I87
sS'\xe2\x98\xba\xef\xb8\x8f\xe2\x98\xba\xef\xb8\x8f\xe2\x98\xba\xef\xb8\x8f'
p2857
I87
sS'gq'
p2858
I87
sS'dumbledore??!\xc2\xa1'
p2859
I87
sS'scratch'
p2860
I86
sS'despise'
p2861
I87
sS'produce'
p2862
I87
sS'edm'
p2863
I80
sS'enjoyable'
p2864
I87
sS'desserts'
p2865
I87
sS'big,90605\n473933529248563200,omjnrg,2014-06-03'
p2866
I87
sS'softer'
p2867
I87
sS'jimi'
p2868
I87
sS'go'
p2869
I34
sS'gn'
p2870
I86
sS'tweeted'
p2871
I87
sS'chillin'
p2872
I85
sS'issues'
p2873
I87
sS'seemed'
p2874
I87
sS'allgoodnight'
p2875
I87
sS'"wild"'
p2876
I87
sS'mom.has'
p2877
I87
sS'young'
p2878
I81
sS'send'
p2879
I85
sS'sturggle'
p2880
I87
sS'retweets'
p2881
I87
sS'woosie'
p2882
I87
sS'tram'
p2883
I87
sS'tequila'
p2884
I87
sS'sent'
p2885
I87
sS'11:30'
p2886
I87
sS'dreaming'
p2887
I87
sS'mainstream'
p2888
I84
sS"tia's"
p2889
I87
sS'kitty'
p2890
I85
sS"tonight's"
p2891
I87
sS'everything,90605\n497956911195504641,aaron_4_,2014-08-09'
p2892
I87
sS'_natalynicole4'
p2893
I87
sS'manipulated'
p2894
I87
sS'facebook'
p2895
I85
sS'twice'
p2896
I87
sS'drinking'
p2897
I82
sS'continued'
p2898
I87
sS'aplauda'
p2899
I87
sS'entire'
p2900
I87
sS'magic'
p2901
I87
sS'knight'
p2902
I87
sS'gettin'
p2903
I86
sS'michael'
p2904
I86
sS'eve'
p2905
I87
sS'try'
p2906
I82
sS'pout'
p2907
I87
sS'skipped'
p2908
I87
sS'congrats'
p2909
I87
sS'23:26:26.0,33.9445479,-118.0322578,5032.02,who'
p2910
I87
sS'ahahahaha'
p2911
I87
sS'gotchuu'
p2912
I87
sS'snails'
p2913
I87
sS'swoop'
p2914
I87
sS'05:37:19.0,33.935693,-118.0347967,5032.02,that'
p2915
I87
sS'smaller'
p2916
I87
sS'booty'
p2917
I82
sS"you'd"
p2918
I87
sS'02:44:58.0,33.9375314,-118.037955,5032.02,when'
p2919
I87
sS'wrestling'
p2920
I87
sS'unfollow*,90604\n498244256180359169,aaron_4_,2014-08-09'
p2921
I87
sS'jump'
p2922
I86
sS"you's"
p2923
I87
sS'video'
p2924
I84
sS'20:18:36.0,33.9380251,-118.0324764,5032.02,queen'
p2925
I87
sS'thailand!,90605\n474618530394939393,omjnrg,2014-06-05'
p2926
I87
sS'download'
p2927
I86
sS'00:46:55.0,33.9395307,-118.0326065,5032.02,dam'
p2928
I87
sS'*leftovers'
p2929
I87
sS'font'
p2930
I87
sS'plays'
p2931
I85
sS'one,90604\n497660328168009728,aaron_4_,2014-08-08'
p2932
I87
sS'19th'
p2933
I87
sS'giving'
p2934
I86
sS'surree'
p2935
I87
sS'that"'
p2936
I86
sS'probs'
p2937
I87
sS'access'
p2938
I86
sS'lmfao'
p2939
I84
sS'waiting'
p2940
I83
sS'bahahaha'
p2941
I87
sS"03:55:55.0,33.9444283,-118.0320492,5032.02,can't"
p2942
I87
sS'nicholas'
p2943
I87
sS'bird'
p2944
I87
sS'body'
p2945
I85
sS'lessons'
p2946
I87
sS'locked'
p2947
I87
sS'likewhat'
p2948
I87
sS'others\xe2\x80\xa6'
p2949
I87
sS'leg'
p2950
I86
sS'highly'
p2951
I87
sS'up!;)'
p2952
I87
sS'let'
p2953
I70
sS'lev'
p2954
I87
sS'others'
p2955
I85
sS'sexy'
p2956
I85
sS'loser'
p2957
I87
sS'sayin'
p2958
I87
sS'bakersfield'
p2959
I87
sS'great'
p2960
I74
sS'pressure'
p2961
I87
sS'receive'
p2962
I87
sS'32'
p2963
I86
sS'30'
p2964
I87
sS'screech'
p2965
I87
sS'wtfman'
p2966
I87
sS'leaving'
p2967
I85
sS'smarter'
p2968
I87
sS"weren't"
p2969
I84
sS'opinion'
p2970
I87
sS'gooby'
p2971
I87
sS'makes'
p2972
I78
sS'honor'
p2973
I86
sS'"mainstream'
p2974
I87
sS'thats'
p2975
I81
sS'harm'
p2976
I87
sS'fuck,90604\n485552362061185025,gageluvsgreens,2014-07-05'
p2977
I87
sS'spy'
p2978
I87
sS'win'
p2979
I83
sS'331'
p2980
I86
sS'private'
p2981
I87
sS'expect'
p2982
I87
sS'wit'
p2983
I87
sS'names'
p2984
I87
sS'duck'
p2985
I86
sS'kenny'
p2986
I87
sS'festivals'
p2987
I87
sS'singing'
p2988
I87
sS'music\xe2\x80\x9d'
p2989
I87
sS'cha'
p2990
I86
sS'use'
p2991
I81
sS'hahahahaha'
p2992
I81
sS'from'
p2993
I53
sS'footage'
p2994
I87
sS'&'
p2995
I63
sS'uso'
p2996
I87
sS'icei'
p2997
I87
sS'management'
p2998
I87
sS'cray'
p2999
I86
sS'next'
p3000
I76
sS'zig'
p3001
I87
sS'doubt'
p3002
I86
sS'chu'
p3003
I87
sS'21:15:46.0,33.944393,-118.0319586,5032.02,as'
p3004
I87
sS'themselves'
p3005
I87
sS'nuts"'
p3006
I87
sS'chip'
p3007
I86
sS'kaitleen'
p3008
I87
sS'started'
p3009
I84
sS'sister'
p3010
I87
sS'confused'
p3011
I86
sS'sore'
p3012
I86
sS'huehuehue'
p3013
I86
sS'ashamed'
p3014
I86
sS'baby'
p3015
I75
sS'cloudsand'
p3016
I87
sS'podcast'
p3017
I87
sS'women'
p3018
I87
sS'customer'
p3019
I87
sS'chanchito'
p3020
I87
sS'account'
p3021
I85
sS'salad'
p3022
I87
sS'this'
p3023
I19
sS'ride'
p3024
I86
sS'clients'
p3025
I86
sS'performing'
p3026
I87
sS'creepy'
p3027
I87
sS'carrot'
p3028
I87
sS'creep?!alright'
p3029
I87
sS'drill'
p3030
I87
sS'meet'
p3031
I85
sS'closing'
p3032
I87
sS'didnt'
p3033
I87
sS'"cleaning'
p3034
I87
sS'bend'
p3035
I87
sS'point'
p3036
I85
sS'bittersweet'
p3037
I87
sS'tap'
p3038
I87
sS'speciality'
p3039
I87
sS'oc'
p3040
I87
sS'it,90605\n485325539465375744,gageluvsgreens,2014-07-05'
p3041
I87
sS'benz'
p3042
I87
sS'tax'
p3043
I87
sS'pieces'
p3044
I86
sS'high'
p3045
I73
sS'16:49:18.0,33.9355055,-118.0374869,5032.02,holy'
p3046
I87
sS'tag'
p3047
I87
sS'something'
p3048
I79
sS'intuitions'
p3049
I87
sS'sunglasses'
p3050
I87
sS'tan'
p3051
I87
sS'sis'
p3052
I87
sS'sir'
p3053
I87
sS'hypnotize'
p3054
I87
sS'date,90605\n497955679609438208,aaron_4_,2014-08-09'
p3055
I87
sS"loveit's"
p3056
I87
sS'sit'
p3057
I85
sS'vibe'
p3058
I86
sS'six'
p3059
I87
sS'apocalypse'
p3060
I87
sS'cual'
p3061
I87
sS'allstate'
p3062
I87
sS'instead'
p3063
I86
sS'sin'
p3064
I87
sS'gallo'
p3065
I87
sS'that\xe2\x80\x99s'
p3066
I87
sS'profile'
p3067
I87
sS'hawt'
p3068
I87
sS'evri'
p3069
I87
sS'aspiring'
p3070
I87
sS'farm'
p3071
I86
sS'stop'
p3072
I77
sS'waters'
p3073
I87
sS'ox'
p3074
I87
sS'collection'
p3075
I85
sS'(love'
p3076
I87
sS'cu\xc3\xb1ado'
p3077
I87
sS'yeez:)'
p3078
I87
sS'rays'
p3079
I87
sS'fatigue'
p3080
I87
sS'carnifex'
p3081
I87
sS'taco'
p3082
I85
sS'hahahaha'
p3083
I68
sS'!,90604\n485326195211255809,gageluvsgreens,2014-07-05'
p3084
I87
sS'shadddyyyy'
p3085
I87
sS'racks'
p3086
I87
sS'cuddling'
p3087
I87
sS'somethin'
p3088
I87
sS'2123'
p3089
I87
sS'famous'
p3090
I87
sS'light'
p3091
I85
sS'lame'
p3092
I86
sS'lines'
p3093
I87
sS'robot'
p3094
I87
sS":'(,90604\n484420718226980864,gageluvsgreens,2014-07-02"
p3095
I87
sS'over."'
p3096
I87
sS'bakery'
p3097
I87
sS'honestly'
p3098
I82
sS'glue,90605\n473862773323997184,omjnrg,2014-06-03'
p3099
I87
sS'addiction'
p3100
I86
sS"song's"
p3101
I87
sS'longest'
p3102
I87
sS'fegget'
p3103
I87
sS'boxing'
p3104
I87
sS'producer'
p3105
I86
sS'produces'
p3106
I87
sS'23:07:42.0,33.9361885,-118.0372289,5032.02,i'
p3107
I87
sS'togethe\xe2\x80\xa6'
p3108
I87
sS'move'
p3109
I85
sS'h8'
p3110
I87
sS'embers'
p3111
I87
sS'up;)'
p3112
I87
sS'run*i'
p3113
I87
sS'130'
p3114
I87
sS"won't"
p3115
I75
sS'looks'
p3116
I80
sS'cruise'
p3117
I87
sS'mentioned'
p3118
I87
sS'vball'
p3119
I87
sS'denim'
p3120
I87
sS'horny'
p3121
I85
sS'galaxy'
p3122
I87
sS'bunch'
p3123
I87
sS'perfect'
p3124
I77
sS'spotify'
p3125
I86
sS'blake'
p3126
I87
sS'radioactive'
p3127
I87
sS'la'
p3128
I80
sS'broom'
p3129
I87
sS'remembered'
p3130
I87
sS'nostalgic'
p3131
I87
sS'kindergarten'
p3132
I87
sS'willing'
p3133
I87
sS'choose'
p3134
I87
sS'04:06:19.0,33.9400125,-118.0373857,5032.02,i'
p3135
I87
sS'orange'
p3136
I85
sS'2014'
p3137
I87
sS'bye'
p3138
I86
sS'2013'
p3139
I85
sS'dad'
p3140
I78
sS'crash'
p3141
I87
sS'fourth'
p3142
I87
sS'dab'
p3143
I87
sS'macnider'
p3144
I87
sS'surrounds'
p3145
I87
sS'auto'
p3146
I87
sS'practice'
p3147
I86
sS'versace'
p3148
I85
sS'camino'
p3149
I82
sS'dat'
p3150
I87
sS'kiss'
p3151
I84
sS'front'
p3152
I85
sS'*thinks'
p3153
I87
sS'day'
p3154
I47
sS'shiet'
p3155
I87
sS'4:40'
p3156
I86
sS'faaay'
p3157
I87
sS'billy'
p3158
I87
sS'slide'
p3159
I87
sS'doesnt'
p3160
I86
sS'perfectionist'
p3161
I87
sS'trap'
p3162
I85
sS'fields'
p3163
I87
sS'hotline'
p3164
I87
sS'lives'
p3165
I87
sS"ya'll"
p3166
I86
sS'cigar'
p3167
I87
sS'*sigh*'
p3168
I87
sS'tightooh'
p3169
I87
sS'anxiously'
p3170
I87
sS'doing'
p3171
I79
sS'poker'
p3172
I87
sS'*throws'
p3173
I87
sS'parties'
p3174
I87
sS'snaps'
p3175
I87
sS'related'
p3176
I87
sS'asf'
p3177
I87
sS'books'
p3178
I87
sS'b*tch'
p3179
I87
sS'too,90604\n498511417213865985,aaron_4_,2014-08-10'
p3180
I87
sS'our'
p3181
I72
sS'ffffuuuckkk'
p3182
I87
sS'special'
p3183
I87
sS'out'
p3184
I36
sS'nick'
p3185
I87
sS'inspiration'
p3186
I87
sS'thots'
p3187
I87
sS'18:29:13.0,33.9444021,-118.0320384,5032.02,just'
p3188
I87
sS'snapchat*'
p3189
I87
sS'barley'
p3190
I87
sS'performs'
p3191
I87
sS'hilarious'
p3192
I87
sS'memes'
p3193
I87
sS'cause'
p3194
I78
sS'red'
p3195
I86
sS'bubbly'
p3196
I87
sS'shut'
p3197
I85
sS'chrispy'
p3198
I87
sS'o.o'
p3199
I87
sS'originality,90605\n473481770696859648,omjnrg,2014-06-02'
p3200
I87
sS'bww'
p3201
I86
sS'ipod'
p3202
I86
sS'activity'
p3203
I87
sS'tempo'
p3204
I87
sS'completely'
p3205
I86
sS'que'
p3206
I87
sS'york'
p3207
I87
sS'bothered'
p3208
I87
sS'craving'
p3209
I87
sS'scary'
p3210
I86
sS'backwards'
p3211
I87
sS'mainland'
p3212
I87
sS'prepare'
p3213
I87
sS'snapchats'
p3214
I87
sS'17:42:35.0,33.9445604,-118.0322556,5032.02,be'
p3215
I87
sS'could'
p3216
I81
sS'area'
p3217
I87
sS'lololololol'
p3218
I87
sS'keep'
p3219
I84
sS'length'
p3220
I87
sS'4th'
p3221
I87
sS'transfer'
p3222
I87
sS'(only'
p3223
I87
sS'austin'
p3224
I86
sS'vegetables'
p3225
I87
sS'south'
p3226
I83
sS'changesay'
p3227
I87
sS'minding'
p3228
I87
sS'owned'
p3229
I87
sS'philadelphia'
p3230
I87
sS'bitch'
p3231
I85
sS'champ,90605\n473106153107251200,omjnrg,2014-06-01'
p3232
I87
sS'kidding'
p3233
I86
sS'quality'
p3234
I87
sS'run?,90605\n473244142131097600,omjnrg,2014-06-01'
p3235
I87
sS"doesn't"
p3236
I82
sS'playlist'
p3237
I86
sS'detailsgrown'
p3238
I87
sS'obvi'
p3239
I87
sS'their'
p3240
I73
sS'ankle'
p3241
I87
sS'man'
p3242
I72
sS"god's"
p3243
I87
sS'21:04:19.0,33.9444555,-118.0321683,5032.02,shoe'
p3244
I87
sS'burgers)'
p3245
I85
sS'stomach'
p3246
I86
sS'stars'
p3247
I87
sS"someone..anyone..let's"
p3248
I87
sS'shorts'
p3249
I87
sS'exactly'
p3250
I86
sS'shorty'
p3251
I86
sS'depressing'
p3252
I85
sS'grandpa'
p3253
I87
sS'kday'
p3254
I87
sS"that'll"
p3255
I86
sS'july'
p3256
I86
sS'*has'
p3257
I87
sS'neck'
p3258
I86
sS'loved'
p3259
I86
sS'hour,90604\n499120657901174784,aaron_4_,2014-08-12'
p3260
I87
sS'boring'
p3261
I84
sS'bother'
p3262
I87
sS'yawned'
p3263
I87
sS'lion'
p3264
I87
sS'bed'
p3265
I75
sS'wordyprefer'
p3266
I87
sS'anaheim'
p3267
I87
sS'loves'
p3268
I86
sS'"enjoy'
p3269
I87
sS'leslie'
p3270
I86
sS'suge'
p3271
I87
sS'bet'
p3272
I85
sS'senior,90604\n499764775036153856,aaron_4_,2014-08-14'
p3273
I87
sS'kmbrly_t'
p3274
I87
sS'spelled'
p3275
I87
sS'comfortable'
p3276
I87
sS'tonight'
p3277
I74
sS'bed,90604\n484419148873596930,gageluvsgreens,2014-07-02'
p3278
I87
sS'mornings'
p3279
I87
sS'sidewalk'
p3280
I87
sS'have'
p3281
I27
sS'need'
p3282
I41
sS'north'
p3283
I87
sS'ypur'
p3284
I87
sS'clearly'
p3285
I87
sS'complete'
p3286
I87
sS'afraid'
p3287
I87
sS'mio'
p3288
I87
sS'min'
p3289
I85
sS'mia'
p3290
I87
sS'able'
p3291
I83
sS'mid'
p3292
I87
sS'hangover'
p3293
I87
sS'arm'
p3294
I87
sS'mix'
p3295
I80
sS'mango'
p3296
I87
sS'which'
p3297
I80
sS'truck'
p3298
I85
sS'asshole'
p3299
I87
sS'do;)'
p3300
I87
sS'='
p3301
I86
sS';-)'
p3302
I87
sS'unless'
p3303
I85
sS'kelly'
p3304
I87
sS'combat'
p3305
I87
sS'knees'
p3306
I87
sS'who'
p3307
I58
sS'murk'
p3308
I87
sS'lmaooo'
p3309
I87
sS"where's"
p3310
I84
sS'connected'
p3311
I87
sS';p,90605\n473105142720380928,omjnrg,2014-06-01'
p3312
I87
sS"maggie's"
p3313
I87
sS'awe'
p3314
I87
sS'future'
p3315
I87
sS'fones'
p3316
I87
sS'why'
p3317
I70
sS'prove'
p3318
I87
sS'birtbday'
p3319
I87
sS'visiting'
p3320
I87
sS'stronger'
p3321
I87
sS'disease'
p3322
I87
sS'face'
p3323
I81
sS'looked'
p3324
I85
sS"you'll"
p3325
I79
sS'undies'
p3326
I87
sS'park)'
p3327
I86
sS'elysium'
p3328
I87
sS'movie'
p3329
I82
sS'painting'
p3330
I85
sS'fact'
p3331
I84
sS'ughhh'
p3332
I87
sS'son'
p3333
I87
sS'one"'
p3334
I87
sS'rarely'
p3335
I87
sS'text'
p3336
I78
sS'anyway'
p3337
I86
sS'wins'
p3338
I87
sS'bring'
p3339
I82
sS'guey'
p3340
I85
sS'lmao\xe2\x80\x9d'
p3341
I87
sS'because*'
p3342
I87
sS'05:06:48.0,33.9443653,-118.0319621,5032.02,i'
p3343
I87
sS'chicken'
p3344
I82
sS'partners'
p3345
I87
sS'ear'
p3346
I86
sS'knowledge'
p3347
I87
sS'sheriff'
p3348
I87
sS'jay'
p3349
I87
sS'bangin,90604\n484420857645658113,gageluvsgreens,2014-07-02'
p3350
I87
sS'baddie'
p3351
I87
sS'fans'
p3352
I87
sS'should'
p3353
I68
sS'sprouts'
p3354
I87
sS'jam'
p3355
I86
sS'aaron_v4'
p3356
I87
sS'trustwanderlust'
p3357
I87
sS'tune'
p3358
I87
sS'girlie'
p3359
I87
sS'hope'
p3360
I72
sS'meant'
p3361
I86
sS'slows'
p3362
I87
sS'handle'
p3363
I87
sS'means'
p3364
I85
sS'beat'
p3365
I84
sS'mainly'
p3366
I87
sS'dope'
p3367
I83
sS'hopefully'
p3368
I84
sS'ideas.real'
p3369
I87
sS'act'
p3370
I87
sS'120'
p3371
I87
sS'tbh'
p3372
I85
sS'awww'
p3373
I86
sS'ones'
p3374
I87
sS'perfection'
p3375
I86
sS'words'
p3376
I87
sS'128'
p3377
I87
sS'chips'
p3378
I87
sS'littlest'
p3379
I87
sS'dj"'
p3380
I87
sS'course'
p3381
I87
sS'nope'
p3382
I87
sS'stanford'
p3383
I87
sS'calling'
p3384
I86
sS'frown'
p3385
I87
sS'stuff'
p3386
I82
sS'she'
p3387
I64
sS'contain'
p3388
I86
sS'tricks,90604\n497616020689784832,aaron_4_,2014-08-08'
p3389
I87
sS'grab'
p3390
I85
sS'this\xe2\x98\xba\xef\xb8\x8f\xe2\x98\xba\xef\xb8\x8f'
p3391
I87
sS',90604\n483719406971666432,gageluvsgreens,2014-06-30'
p3392
I87
sS'sho'
p3393
I86
sS'pizzamania)'
p3394
I82
sS'official'
p3395
I86
sS'bts'
p3396
I87
sS'prayers'
p3397
I87
sS'\xe2\x98\x95\xef\xb8\x8f\xe2\x98\x95\xef\xb8\x8f\xe2\x98\x95\xef\xb8\x8f\xe2\x98\x95\xef\xb8\x8f\xe2\x98\x95\xef\xb8\x8f\xe2\x98\x95\xef\xb8\x8f\xe2\x98\x95\xef\xb8\x8f\xe2\x98\x95\xef\xb8\x8f\xe2\x98\x95\xef\xb8\x8f\xe2\x98\x95\xef\xb8\x8f\xe2\x98\x95\xef\xb8\x8f\xe2\x98\x95\xef\xb8\x8f\xe2\x98\x95\xef\xb8\x8f\xe2\x98\x95\xef\xb8\x8f\xe2\x98\x95\xef\xb8\x8f\xe2\x98\x95\xef\xb8\x8f\xe2\x98\x95\xef\xb8\x8f\xe2\x98\x95\xef\xb8\x8f\xe2\x98\x95\xef\xb8\x8f\xe2\x98\x95\xef\xb8\x8f\xe2\x98\x95\xef\xb8\x8f\xe2\x98\x95\xef\xb8\x8f\xe2\x98\x95\xef\xb8\x8f\xe2\x98\x95\xef\xb8\x8f\xe2\x98\x95\xef\xb8\x8f\xe2\x98\x95\xef\xb8\x8f\xe2\x98\x95\xef\xb8\x8f\xe2\x98\x95\xef\xb8\x8f\xe2\x98\x95\xef\xb8\x8f\xe2\x98\x95\xef\xb8\x8f\xe2\x98\x95\xef\xb8\x8f\xe2\x98\x95\xef\xb8\x8f\xe2\x98\x95\xef\xb8\x8f\xe2\x98\x95\xef\xb8\x8f\xe2\x98\x95\xef\xb8\x8f\xe2\x98\x95\xef\xb8\x8f\xe2\x98\x95\xef\xb8\x8f\xe2\x98\x95\xef\xb8\x8f\xe2\x98\x95\xef\xb8\x8f\xe2\x98\x95\xef\xb8\x8f\xe2\x98\x95\xef\xb8\x8f\xe2\x98\x95\xef\xb8\x8f\xe2\x98\x95\xef\xb8\x8f\xe2\x98\x95\xef\xb8\x8f\xe2\x98\x95\xef\xb8\x8f\xe2\x98\x95\xef\xb8\x8f\xe2\x98\x95\xef\xb8\x8f\xe2\x98\x95\xef\xb8\x8f\xe2\x98\x95\xef\xb8\x8f\xe2\x98\x95\xef\xb8\x8f\xe2\x98\x95\xef\xb8\x8f\xe2\x98\x95\xef\xb8\x8f\xe2\x98\x95\xef\xb8\x8f\xe2\x98\x95\xef\xb8\x8f\xe2\x98\x95\xef\xb8\x8f\xe2\x98\x95\xef\xb8\x8f\xe2\x98\x95\xef\xb8\x8f\xe2\x98\x95\xef\xb8\x8f\xe2\x98\x95\xef\xb8\x8f\xe2\x98\x95\xef\xb8\x8f\xe2\x98\x95\xef\xb8\x8f\xe2\x98\x95\xef\xb8\x8f\xe2\x98\x95'
p3398
I87
sS'!,90605\n493137824581832706,gageluvsgreens,2014-07-26'
p3399
I87
sS'yost'
p3400
I86
sS'roque'
p3401
I87
sS'accused'
p3402
I87
sS'desperate'
p3403
I87
sS'violet'
p3404
I87
sS'drivin'
p3405
I87
sS'tavia'
p3406
I87
sS'philosophy'
p3407
I87
sS'07:33:57.0,33.9415092,-118.0315029,5032.02,really'
p3408
I87
sS'stats'
p3409
I86
sS'closet'
p3410
I83
sS'yeaaaahhhhhh'
p3411
I87
sS"takin'"
p3412
I87
sS'frustrates'
p3413
I87
sS'cruel'
p3414
I87
sS'clinics'
p3415
I87
sS"starteddon't"
p3416
I87
sS'state'
p3417
I86
sS'bruno'
p3418
I87
sS'correctly'
p3419
I87
sS'horrible'
p3420
I83
sS'itbut'
p3421
I87
sS'bought'
p3422
I85
sS'nombre'
p3423
I87
sS'matered'
p3424
I87
sS'muahahahaha'
p3425
I87
sS'trynna'
p3426
I87
sS'amen'
p3427
I87
sS'gambino'
p3428
I87
sS'joy'
p3429
I87
sS'paqiao'
p3430
I87
sS'shaaaaat'
p3431
I87
sS'butts'
p3432
I84
sS'cake'
p3433
I87
sS'job'
p3434
I85
sS'spoil'
p3435
I87
sS'hardzz'
p3436
I87
sS'useless'
p3437
I87
sS'piccunning'
p3438
I87
sS'library'
p3439
I87
sS'selena'
p3440
I87
sS'faggot'
p3441
I87
sS'legit'
p3442
I86
sS'19:18:10.0,33.9445384,-118.0321916,5032.02,my'
p3443
I87
sS'titties'
p3444
I87
sS'hits'
p3445
I87
sS'it!,90605\n474615607518695426,omjnrg,2014-06-05'
p3446
I87
sS'"daddy"'
p3447
I87
sS"headi'm"
p3448
I87
sS'taking'
p3449
I85
sS'drug'
p3450
I85
sS'agree'
p3451
I87
sS'innocently'
p3452
I87
sS'admit'
p3453
I86
sS'affection'
p3454
I87
sS'dryers'
p3455
I87
sS'shaaaaaaaaaaaaaat'
p3456
I87
sS'omw'
p3457
I87
sS'passing'
p3458
I86
sS'crazy,90605\n473329983985704964,omjnrg,2014-06-02'
p3459
I87
sS'minda'
p3460
I87
sS'now."'
p3461
I87
sS'gorgeous'
p3462
I87
sS'leggo'
p3463
I87
sS'thatso'
p3464
I87
sS'wall'
p3465
I87
sS'curls'
p3466
I87
sS'ca'
p3467
I69
sS'paranormal'
p3468
I87
sS'field-trip'
p3469
I87
sS'walk'
p3470
I83
sS'drink~stereotypical'
p3471
I87
sS'laugh'
p3472
I81
sS'cousin'
p3473
I83
sS'kings'
p3474
I86
sS'worthyyou'
p3475
I87
sS'earning'
p3476
I87
sS'yuppp'
p3477
I87
sS'quit'
p3478
I87
sS'yay'
p3479
I84
sS'muahahaha'
p3480
I86
sS"it's"
p3481
I46
sS'cent'
p3482
I87
sS'quiz'
p3483
I87
sS'apologize'
p3484
I87
sS'exhausted'
p3485
I87
sS'drank'
p3486
I87
sS'treat'
p3487
I87
sS'bby'
p3488
I87
sS'"i\'m'
p3489
I86
sS'waste'
p3490
I87
sS'killed'
p3491
I87
sS'define'
p3492
I84
sS'lane'
p3493
I87
sS'mike'
p3494
I86
sS'wanna'
p3495
I62
sS'league'
p3496
I87
sS'hmu'
p3497
I85
sS'finished'
p3498
I86
sS'accident'
p3499
I87
sS'!,90604\n484421855265034240,gageluvsgreens,2014-07-02'
p3500
I87
sS'-.-'
p3501
I86
sS'keren'
p3502
I86
sS'bull'
p3503
I87
sS'kicks'
p3504
I87
sS'smoking'
p3505
I86
sS'ac/dc'
p3506
I87
sS'spain'
p3507
I87
sS'hahahahahahahahahahahahahahahahahaha'
p3508
I87
sS'darker'
p3509
I87
sS'license'
p3510
I87
sS"nicko's"
p3511
I87
sS'brat'
p3512
I87
sS'tengo'
p3513
I87
sS'maybe,90604\n499089552598786048,aaron_4_,2014-08-12'
p3514
I87
sS'adrenalize'
p3515
I87
sS'will'
p3516
I56
sS'hahaha'
p3517
I54
sS'snapsk'
p3518
I87
sS'adapter'
p3519
I87
sS'gordis'
p3520
I87
sS'neza'
p3521
I87
sS'noticed'
p3522
I87
sS'annual'
p3523
I87
sS'planets'
p3524
I87
sS'almost'
p3525
I81
sS"07:40:03.0,33.9375314,-118.037955,5032.02,hawai'i"
p3526
I87
sS'blood'
p3527
I82
sS'thus'
p3528
I87
sS'surprisingly'
p3529
I87
sS'duhh'
p3530
I87
sS'helped'
p3531
I87
sS'ay'
p3532
I87
sS'vs'
p3533
I85
sS'closets'
p3534
I87
sS'avi'
p3535
I86
sS'swinging'
p3536
I87
sS'thug'
p3537
I87
sS'bad!,90605\n473244210431156224,omjnrg,2014-06-01'
p3538
I87
sS'ylti'
p3539
I87
sS'molestoos'
p3540
I87
sS'tattoo'
p3541
I87
sS'up.if'
p3542
I87
sS'tupac'
p3543
I87
sS'23:25:50.0,33.9445758,-118.0322487,5032.02,happy'
p3544
I87
sS'civilian'
p3545
I87
sS'thoo'
p3546
I87
sS'eric'
p3547
I87
sS'04:05:53.0,33.9400125,-118.0373857,5032.02,does'
p3548
I87
sS'strange'
p3549
I87
sS'makings'
p3550
I87
sS'underground'
p3551
I87
sS'party'
p3552
I81
sS'gets'
p3553
I86
sS'difficult'
p3554
I85
sS'clingy/overprotective'
p3555
I87
sS'yooo'
p3556
I87
sS'ball'
p3557
I82
sS'coached'
p3558
I87
sS'dah'
p3559
I87
sS'drink'
p3560
I83
sS'upon'
p3561
I85
sS'collab'
p3562
I87
sS'down.thumbs'
p3563
I87
sS'nightly'
p3564
I87
sS'ion'
p3565
I87
sS'fucken'
p3566
I86
sS'fucked'
p3567
I86
sS'beach/pool'
p3568
I87
sS'collar'
p3569
I87
sS'//'
p3570
I84
sS'off'
p3571
I74
sS'center'
p3572
I87
sS'fully'
p3573
I87
sS'i'
p3574
I1
sS'9:3000000'
p3575
I87
sS'home?,90604\n497957586759467008,aaron_4_,2014-08-09'
p3576
I87
sS'graceful,90605\n473329865693753344,omjnrg,2014-06-02'
p3577
I87
sS'well'
p3578
I66
sS'banging'
p3579
I87
sS'fighting'
p3580
I87
sS'thought'
p3581
I76
sS'knotts'
p3582
I87
sS'juicy'
p3583
I87
sS'wya'
p3584
I87
sS'sets'
p3585
I86
sS'position'
p3586
I87
sS'sensing'
p3587
I87
sS',90605\n474637661605330945,omjnrg,2014-06-05'
p3588
I87
sS'boos'
p3589
I87
sS'stores'
p3590
I87
sS'loveline'
p3591
I87
sS'cried'
p3592
I87
sS'camel'
p3593
I86
sS'moments'
p3594
I86
sS'storage'
p3595
I87
sS"should've"
p3596
I87
sS'43'
p3597
I87
sS'clinic'
p3598
I85
sS'40'
p3599
I86
sS'xes'
p3600
I87
sS'tone'
p3601
I87
sS'thurrrrrr'
p3602
I87
sS'web'
p3603
I87
sS'cigarette'
p3604
I87
sS'ads'
p3605
I87
sS'bombbbb'
p3606
I87
sS'gma'
p3607
I86
sS'drive'
p3608
I81
sS'sky'
p3609
I86
sS'realize'
p3610
I86
sS'drew'
p3611
I87
sS'simple'
p3612
I87
sS'add'
p3613
I87
sS'wet'
p3614
I87
sS'destroy'
p3615
I87
sS'5'
p3616
I76
sS'loudand'
p3617
I87
sS'homework'
p3618
I85
sS'clipper_ed'
p3619
I87
sS'bank'
p3620
I87
sS'occult'
p3621
I87
sS'06:28:39.0,33.9395307,-118.0326065,5032.02,i'
p3622
I87
sS'checking'
p3623
I87
sS"who's"
p3624
I86
sS'five'
p3625
I86
sS'know'
p3626
I40
sS'belgium'
p3627
I85
sS'loss'
p3628
I86
sS'tl'
p3629
I87
sS'emma'
p3630
I87
sS'like'
p3631
I22
sS'lost'
p3632
I83
sS'sizes'
p3633
I87
sS'worke'
p3634
I87
sS'candy'
p3635
I87
sS'shoesi'
p3636
I87
sS'garage'
p3637
I85
sS'barbecue'
p3638
I87
sS'lose'
p3639
I86
sS'become'
p3640
I86
sS'"her"'
p3641
I87
sS'page'
p3642
I87
sS'lance'
p3643
I87
sS'nigga'
p3644
I77
sS'twitter'
p3645
I79
sS'downwe'
p3646
I87
sS'alive'
p3647
I86
sS'tumblr'
p3648
I84
sS'tony'
p3649
I87
sS'daylight'
p3650
I87
sS'"guat"'
p3651
I87
sS'shes'
p3652
I87
sS'recommendation'
p3653
I87
sS'proper'
p3654
I87
sS'home'
p3655
I69
sS'empire'
p3656
I87
sS'scares'
p3657
I87
sS'happens'
p3658
I86
sS'papacito'
p3659
I87
sS'monday'
p3660
I87
sS'literally'
p3661
I83
sS'avoid'
p3662
I87
sS'00:57:08.0,33.9355738,-118.0348137,5032.02,this'
p3663
I87
sS'cody'
p3664
I87
sS'ese'
p3665
I87
sS'does'
p3666
I82
sS'passion'
p3667
I86
sS'anddddddddd'
p3668
I87
sS'07:36:16.0,33.9395307,-118.0326065,5032.02,hopefully'
p3669
I87
sS'mode'
p3670
I87
sS'pr'
p3671
I87
sS'mania'
p3672
I87
sS'schedule'
p3673
I86
sS'choker'
p3674
I87
sS'slut'
p3675
I86
sS'beamerz'
p3676
I87
sS'host'
p3677
I87
sS'devil'
p3678
I87
sS"west's"
p3679
I87
sS'worthy'
p3680
I87
sS'thingsburns'
p3681
I87
sS'described'
p3682
I87
sS'motive'
p3683
I87
sS'dcr'
p3684
I87
sS'hiding'
p3685
I87
sS'inconsiderate'
p3686
I87
sS'about'
p3687
I51
sS':-)'
p3688
I87
sS'iced'
p3689
I87
sS'justin'
p3690
I87
sS'getting'
p3691
I68
sS'freedom'
p3692
I87
sS'mommy'
p3693
I87
sS'\xc2\xa1\xc2\xa1\xc2\xa1\xc2\xa1what'
p3694
I87
sS'yeas'
p3695
I87
sS'mofo'
p3696
I86
sS'fear'
p3697
I87
sS'swear'
p3698
I85
sS'sweat'
p3699
I86
sS'though,90604\n497957018846494720,aaron_4_,2014-08-09'
p3700
I87
sS'discard'
p3701
I87
sS'tongue'
p3702
I86
sS'22:34:38.0,33.9399891,-118.0306063,5032.02,shawty'
p3703
I87
sS'autocorrect'
p3704
I87
sS'swimming'
p3705
I87
sS'lonelyall'
p3706
I87
sS'individually'
p3707
I87
sS'haha..how'
p3708
I87
sS'own'
p3709
I82
sS'\xe2\x98\x95'
p3710
I87
sS'washington'
p3711
I87
sS',90605\n494368911559643136,gageluvsgreens,2014-07-30'
p3712
I87
sS'(positivity)'
p3713
I87
sS'weather'
p3714
I86
sS'champ'
p3715
I87
sS'yeaa'
p3716
I87
sS'couldnt'
p3717
I87
sS'managing'
p3718
I87
sS'19:16:33.0,33.9445405,-118.0322048,5032.02,99.9%'
p3719
I87
sS'van'
p3720
I87
sS'presale'
p3721
I87
sS'doing.absolutely'
p3722
I87
sS'wondow'
p3723
I87
sS'ooocchhhhaaaa'
p3724
I87
sS'at&t'
p3725
I87
sS'daniels'
p3726
I87
sS'spots'
p3727
I87
sS'peters'
p3728
I86
sS'bump'
p3729
I86
sS'complimented'
p3730
I87
sS'ed'
p3731
I87
sS'biggest'
p3732
I85
sS'06:44:31.0,33.9390353,-118.0317175,5032.02,i'
p3733
I87
sS'gut'
p3734
I86
sS'specimens'
p3735
I87
sS'naturally'
p3736
I86
sS'function'
p3737
I87
sS'yellow'
p3738
I87
sS'buy'
p3739
I82
sS'alexa'
p3740
I87
sS'scared\xe2\x80\xa6'
p3741
I87
sS"i've"
p3742
I72
sS'fasho'
p3743
I87
sS'bus'
p3744
I87
sS'coke'
p3745
I87
sS'bitches'
p3746
I87
sS'hw'
p3747
I85
sS'but'
p3748
I25
sS'volume'
p3749
I87
sS"miguel's"
p3750
I87
sS'goals'
p3751
I86
sS'bum'
p3752
I86
sS'ha'
p3753
I76
sS'memphis'
p3754
I87
sS'eat'
p3755
I81
sS'bud'
p3756
I87
sS'he'
p3757
I55
sS'count'
p3758
I87
sS'lynn'
p3759
I87
sS'made'
p3760
I79
sS'wise'
p3761
I87
sS'wish'
p3762
I78
sS'j'
p3763
I86
sS'22:21:48.0,33.9404803,-118.0301387,5032.02,dam'
p3764
I87
sS'whatevs'
p3765
I87
sS'"vinyl"'
p3766
I87
sS'excitement'
p3767
I86
sS'record'
p3768
I87
sS'welppp'
p3769
I87
sS'empty'
p3770
I87
sS'dmv'
p3771
I87
sS'garbanzo'
p3772
I87
sS'ey'
p3773
I87
sS'problem'
p3774
I83
sS'piece'
p3775
I84
sS'minutes'
p3776
I84
sS'downloading'
p3777
I87
sS'is.\xe2\x98\xba\xef\xb8\x8f'
p3778
I87
sS'againi'
p3779
I87
sS'alfredo'
p3780
I87
sS'buddy!;)'
p3781
I87
sS'universal'
p3782
I87
sS'pic'
p3783
I86
sS'gtfo'
p3784
I87
sS'twist'
p3785
I87
sS'beats'
p3786
I87
sS'hahahaha!,90605\n473104570877362177,omjnrg,2014-06-01'
p3787
I87
sS'pits'
p3788
I87
sS'education'
p3789
I87
sS'ew'
p3790
I86
sS'diego'
p3791
I87
sS'rumors'
p3792
I87
sS'relaxing'
p3793
I87
sS'deezle'
p3794
I87
sS'15:10:25.0,33.94456,-118.032264,5032.02,my'
p3795
I87
sS'47'
p3796
I87
sS'packs'
p3797
I86
sS'detail'
p3798
I87
sS'virtual'
p3799
I85
sS'lately'
p3800
I87
sS'deserved'
p3801
I87
sS'other'
p3802
I79
sS'flys'
p3803
I87
sS'sick'
p3804
I84
sS'seatbelt'
p3805
I87
sS'mass'
p3806
I86
sS'alejandra'
p3807
I87
sS'reckless'
p3808
I87
sS'dresser'
p3809
I87
sS'friendo'
p3810
I87
sS'illegally'
p3811
I87
sS'quartz'
p3812
I87
sS'star'
p3813
I87
sS'waves'
p3814
I87
sS'again"'
p3815
I87
sS'class'
p3816
I83
sS'my2'
p3817
I87
sS'june'
p3818
I86
sS'stay'
p3819
I82
sS'chance'
p3820
I87
sS'kinda'
p3821
I86
sS'badass'
p3822
I87
sS'gap'
p3823
I87
sS'friends'
p3824
I77
sS'cliff'
p3825
I86
sS'ghost'
p3826
I87
sS'accidents'
p3827
I87
sS'\xe2\x80\x94'
p3828
I86
sS'earthquake'
p3829
I87
sS'rule'
p3830
I87
sS'home,90604\n498238228428632064,aaron_4_,2014-08-09'
p3831
I87
sS'fucker'
p3832
I87
sS'write'
p3833
I86
sS'searched'
p3834
I87
sS'understand'
p3835
I85
sS'yell'
p3836
I87
sS'"the'
p3837
I87
sS'15-25'
p3838
I87
sS'unspeakable'
p3839
I87
sS'\xc3\xa2\xc2\x9d\xc2\xa4\xc3\xaf\xc2\xb8\xc2\x8f'
p3840
I87
s.