(dp0
S''
p1
I1
sS'raining'
p2
I72
sS'todays'
p3
I72
sS'yellow'
p4
I72
sS'betch'
p5
I72
sS'sleep'
p6
I58
sS'hanging'
p7
I72
sS'nwo'
p8
I72
sS'hate'
p9
I63
sS'20:26:27.0,33.9124058,-118.0330822,5041.01,what'
p10
I72
sS'whose'
p11
I72
sS'buddy'
p12
I72
sS'say,90638\n450774684045295617,_gerardosanchz,2014-03-31'
p13
I72
sS'tweet'
p14
I67
sS'grace"'
p15
I72
sS'03:06:05.0,33.91666004,-118.02961838,5041.01,spending'
p16
I72
sS'under'
p17
I69
sS'lord'
p18
I72
sS'sorry'
p19
I68
sS'chill'
p20
I70
sS'worth'
p21
I70
sS'nooooooooooooo'
p22
I72
sS'updated'
p23
I72
sS'cruising'
p24
I72
sS'blanket'
p25
I72
sS'oceans'
p26
I72
sS'connects'
p27
I72
sS'every'
p28
I68
sS'jack'
p29
I66
sS'goaaaaaaaaaaaall'
p30
I72
sS'affect'
p31
I72
sS'ala'
p32
I72
sS'screaming'
p33
I72
sS'tickets'
p34
I70
sS'school'
p35
I55
sS'bugging'
p36
I72
sS'wednesday'
p37
I72
sS'cma'
p38
I72
sS'math'
p39
I70
sS'humps'
p40
I72
sS'clothes'
p41
I72
sS'enjoy'
p42
I72
sS'creepin'
p43
I72
sS'tired'
p44
I55
sS'phones'
p45
I71
sS'almond'
p46
I72
sS'frosted'
p47
I72
sS'nail'
p48
I70
sS'talks'
p49
I72
sS'likely'
p50
I72
sS'street'
p51
I72
sS'n'
p52
I69
sS'even'
p53
I53
sS'hide'
p54
I72
sS'fingers'
p55
I72
sS'new'
p56
I63
sS'ever'
p57
I53
sS'guapas'
p58
I72
sS'disney'
p59
I71
sS'told'
p60
I68
sS'kicked'
p61
I72
sS'chingones'
p62
I72
sS'never'
p63
I61
sS'brainwashed'
p64
I72
sS'here'
p65
I63
sS'\xe2\x9d\xa4\xef\xb8\x8f\xe2\x9d\xa4\xef\xb8\x8f\xe2\x9d\xa4\xef\xb8\x8f\xe2\x9d\xa4\xef\xb8\x8f'
p66
I72
sS'\xe2\x9d\xa4\xef\xb8\x8f'
p67
I68
sS'dora'
p68
I72
sS'smokin'
p69
I72
sS'hers'
p70
I72
sS"aren't"
p71
I71
sS'chink'
p72
I72
sS'digits'
p73
I72
sS'kids'
p74
I67
sS'jams'
p75
I72
sS'k'
p76
I66
sS'changed'
p77
I72
sS'limpiar"yea'
p78
I72
sS'ignoring'
p79
I72
sS'itunes'
p80
I72
sS'credit'
p81
I72
sS'aki'
p82
I72
sS"i'd"
p83
I67
sS'smoke'
p84
I71
sS'\xe2\x9c\x94\xef\xb8\x8f'
p85
I67
sS"i'm"
p86
I8
sS"someone's"
p87
I72
sS'eyebrows'
p88
I70
sS'graders'
p89
I72
sS'feelings'
p90
I72
sS'bro'
p91
I68
sS'insta'
p92
I72
sS'drowned'
p93
I72
sS'perhaps'
p94
I72
sS'hoping'
p95
I72
sS'instagram'
p96
I72
sS'cherishing'
p97
I72
sS'rancho'
p98
I72
sS'03:05:34.0,33.9057339,-118.0305332,5041.01,call'
p99
I72
sS'would'
p100
I51
sS'music'
p101
I62
sS'card'
p102
I72
sS'"alright"'
p103
I72
sS'marida'
p104
I72
sS'type'
p105
I72
sS'until'
p106
I70
sS'fractions'
p107
I72
sS'grier'
p108
I72
sS'posting'
p109
I72
sS'holy'
p110
I71
sS'haha'
p111
I62
sS'subtweet'
p112
I71
sS'hurt'
p113
I70
sS'phone'
p114
I68
sS"5'8"
p115
I72
sS'jeffry'
p116
I71
sS'aux'
p117
I72
sS'hold'
p118
I72
sS"5'6"
p119
I72
sS'must'
p120
I67
sS'me'
p121
I10
sS'word'
p122
I71
sS'room'
p123
I63
sS'mc'
p124
I72
sS'18:32:26.0,33.9135615,-118.0362005,5041.01,you'
p125
I72
sS'mo'
p126
I72
sS'work'
p127
I58
sS'mi'
p128
I69
sS'roof'
p129
I72
sS'hizo'
p130
I72
sS'movies'
p131
I69
sS'cuddle'
p132
I72
sS'merida'
p133
I72
sS'mr'
p134
I72
sS'brake'
p135
I72
sS'my'
p136
I5
sS'all!\xe2\x80\x9d'
p137
I72
sS'goood'
p138
I71
sS'give'
p139
I60
sS'you"lady'
p140
I72
sS'dolphin'
p141
I72
sS'birthday,90638\n476136808120471552,_gerardosanchz,2014-06-09'
p142
I72
sS'homie'
p143
I72
sS'want'
p144
I45
sS'keep'
p145
I66
sS'hoe'
p146
I69
sS'end'
p147
I70
sS'trill'
p148
I72
sS'thing'
p149
I67
sS'complaining'
p150
I72
sS'sitting'
p151
I71
sS'"i.t."'
p152
I72
sS'machine'
p153
I58
sS'how'
p154
I35
sS'hot'
p155
I65
sS'03:38:36.0,33.9160734,-118.02925028,5041.01,lol'
p156
I72
sS'interview'
p157
I72
sS'yum'
p158
I65
sS'if'
p159
I32
sS'beach'
p160
I69
sS'charging'
p161
I72
sS'viejon'
p162
I69
sS'elizabeth'
p163
I71
sS'mess'
p164
I71
sS'after'
p165
I67
sS'vicious'
p166
I72
sS'00:29:54.0,33.9144897,-118.02932047,5041.01,forever'
p167
I72
sS'dinosaurs'
p168
I72
sS'wrong'
p169
I71
sS'jumping'
p170
I72
sS'bitch!finna'
p171
I72
sS'lay'
p172
I71
sS'destinee'
p173
I72
sS'cambiado'
p174
I72
sS'lap'
p175
I72
sS'fleek!da'
p176
I72
sS'las'
p177
I71
sS'bucks'
p178
I72
sS'0__0'
p179
I72
sS'anymore'
p180
I68
sS'chillen'
p181
I72
sS'wins'
p182
I72
sS'them,90638\n463447628693254144,_gerardosanchz,2014-05-05'
p183
I72
sS'noooo'
p184
I72
sS'appreciate'
p185
I72
sS'childhood'
p186
I72
sS'hasta'
p187
I72
sS'green'
p188
I70
sS'goodbye'
p189
I72
sS'worst'
p190
I70
sS'nut"'
p191
I72
sS'emotion'
p192
I72
sS'rn\xe2\x80\x9d'
p193
I72
sS'over'
p194
I63
sS'fall'
p195
I72
sS'neta'
p196
I72
sS'jacuzzi'
p197
I72
sS'historyx'
p198
I72
sS'mayor'
p199
I72
sS'before'
p200
I68
sS'ima'
p201
I71
sS'pubes'
p202
I72
sS'fit'
p203
I72
sS'personal'
p204
I72
sS'fix'
p205
I71
sS'better'
p206
I63
sS'weeks'
p207
I68
sS'hahah'
p208
I71
sS'theo'
p209
I72
sS'then'
p210
I54
sS'them'
p211
I59
sS'lambert'
p212
I71
sS'workout'
p213
I72
sS'safe'
p214
I72
sS'pega'
p215
I72
sS'trail'
p216
I72
sS'break'
p217
I71
sS'hiring'
p218
I72
sS'\xe2\x98\xba\xef\xb8\x8f'
p219
I70
sS'yourself'
p220
I72
sS'bank'
p221
I71
sS'bread'
p222
I72
sS'netherlands'
p223
I67
sS'bosnia'
p224
I72
sS'people?me'
p225
I72
sS'crunchy'
p226
I71
sS'time"so'
p227
I72
sS'rocks'
p228
I72
sS'each'
p229
I72
sS'went'
p230
I65
sS'side'
p231
I70
sS'mean'
p232
I64
sS'hombies'
p233
I72
sS'snakes'
p234
I71
sS'gunna'
p235
I72
sS'list'
p236
I71
sS'train'
p237
I72
sS',90638\n482758664583794688,djnoy5,2014-06-28'
p238
I72
sS'bowls'
p239
I72
sS'taught'
p240
I72
sS'forgot'
p241
I68
sS'dawn'
p242
I72
sS'saturday'
p243
I72
sS'whip'
p244
I72
sS'rt'
p245
I68
sS'muere'
p246
I71
sS'goo'
p247
I72
sS'gon'
p248
I71
sS'driving'
p249
I72
sS'god'
p250
I71
sS'jotooo'
p251
I72
sS're'
p252
I72
sS'encourage'
p253
I72
sS'daniel'
p254
I72
sS'smh'
p255
I72
sS'got'
p256
I44
sS'rn'
p257
I44
sS'millions'
p258
I72
sS'smart'
p259
I72
sS'okay:)'
p260
I72
sS'cutest'
p261
I72
sS"doesn't"
p262
I64
sS'herman'
p263
I72
sS'packed...oops'
p264
I72
sS'free'
p265
I69
sS'favs'
p266
I71
sS'wanted'
p267
I69
sS'kik'
p268
I72
sS'ate'
p269
I72
sS'starts'
p270
I69
sS'design?"no'
p271
I72
sS'messages'
p272
I71
sS'days'
p273
I68
sS'ish'
p274
I72
sS"today's"
p275
I71
sS'signature'
p276
I72
sS'(at'
p277
I70
sS',90638\n489768202168061952,yusgoose,2014-07-17'
p278
I72
sS'fuckin'
p279
I66
sS'maggie'
p280
I72
sS'already'
p281
I61
sS'>>'
p282
I66
sS'grade'
p283
I71
sS'hearing'
p284
I72
sS'wash'
p285
I72
sS'kfc'
p286
I71
sS'another'
p287
I68
sS'maidana'
p288
I71
sS'homeschooled'
p289
I72
sS'hood'
p290
I72
sS'portable'
p291
I72
sS'basketball'
p292
I72
sS'top'
p293
I72
sS'girls'
p294
I68
sS'mobbin'
p295
I72
sS'needed'
p296
I70
sS'dumbass'
p297
I72
sS'too'
p298
I46
sS'thatxd'
p299
I72
sS'miller'
p300
I72
sS'rockin'
p301
I72
sS'kewl'
p302
I72
sS'john'
p303
I72
sS'dogs'
p304
I71
sS'listen'
p305
I72
sS'fascinates'
p306
I72
sS'hangout'
p307
I72
sS'gym'
p308
I68
sS'took'
p309
I60
sS'trippy'
p310
I72
sS'posts'
p311
I72
sS'cereal'
p312
I65
sS'wasted'
p313
I71
sS'wod'
p314
I72
sS'1k'
p315
I72
sS'asssss'
p316
I72
sS'anxiety'
p317
I72
sS'showed'
p318
I72
sS'(whittier'
p319
I72
sS'fufu'
p320
I72
sS'nominate'
p321
I71
sS'hyenas'
p322
I72
sS'second'
p323
I72
sS'shower'
p324
I68
sS'classes'
p325
I70
sS'speaking'
p326
I71
sS'feeling'
p327
I67
sS'tired,90638\n480809058467729409,melissa_soltero,2014-06-22'
p328
I72
sS'bofos'
p329
I72
sS'chaka'
p330
I69
sS'esta'
p331
I71
sS'banes'
p332
I72
sS'mind'
p333
I71
sS'mine'
p334
I67
sS"tawny's"
p335
I72
sS'return'
p336
I72
sS'talking'
p337
I66
sS'button."'
p338
I72
sS'seen'
p339
I68
sS'mins'
p340
I72
sS'tells'
p341
I72
sS'ypu'
p342
I72
sS'harper'
p343
I72
sS'16:38:55.0,33.905831,-118.0305408,5041.01,hungover'
p344
I72
sS'-'
p345
I70
sS'snow'
p346
I72
sS'balling'
p347
I72
sS'defiantly'
p348
I72
sS'laughed'
p349
I72
sS'circles'
p350
I72
sS'blue'
p351
I71
sS"girl's"
p352
I72
sS'nobody'
p353
I71
sS'though'
p354
I65
sS'himi'
p355
I72
sS'"like"'
p356
I72
sS'mouth'
p357
I71
sS'lists'
p358
I72
sS'germans'
p359
I72
sS'b&c'
p360
I72
sS'don'
p361
I70
sS'alarm'
p362
I71
sS'witnessed'
p363
I72
sS'm'
p364
I72
sS'dog'
p365
I65
sS'definitely'
p366
I72
sS'dads'
p367
I72
sS'greaser'
p368
I72
sS'01:41:26.0,33.9123782,-118.0331507,5041.01,i'
p369
I72
sS'annoyed'
p370
I72
sS'came'
p371
I69
sS'hoe,90638\n482741963012046848,djnoy5,2014-06-28'
p372
I72
sS'bait'
p373
I72
sS'converse'
p374
I72
sS'queen'
p375
I72
sS'chandelier'
p376
I72
sS'radio'
p377
I71
sS'emotions'
p378
I72
sS'participate'
p379
I72
sS'turnbull'
p380
I72
sS'probs'
p381
I72
sS'you:)'
p382
I72
sS'lessons'
p383
I72
sS'judges'
p384
I72
sS'busy'
p385
I71
sS'just'
p386
I20
sS'hrs'
p387
I69
sS'sugar'
p388
I72
sS'theme'
p389
I72
sS'rick'
p390
I72
sS'rich'
p391
I72
sS"ashley's"
p392
I71
sS'rice'
p393
I71
sS'wearing'
p394
I72
sS'do'
p395
I29
sS'dm'
p396
I70
sS'dj'
p397
I71
sS'pic*'
p398
I72
sS'wide'
p399
I72
sS'sleepy'
p400
I72
sS'de'
p401
I58
sS'watch'
p402
I62
sS'da'
p403
I72
sS'haunted'
p404
I72
sS'6/9'
p405
I72
sS'14'
p406
I71
sS'runs'
p407
I72
sS'bar'
p408
I72
sS'anxiously'
p409
I72
sS'guns'
p410
I72
sS'bad'
p411
I64
sS'bae'
p412
I58
sS"grandma's"
p413
I70
sS'steal'
p414
I72
sS'thumbs'
p415
I72
sS'mandatory'
p416
I72
sS'fair'
p417
I72
sS'w/'
p418
I70
sS'nut'
p419
I72
sS'lemonade'
p420
I72
sS'fail'
p421
I71
sS'nocturnal'
p422
I72
sS'hammer'
p423
I72
sS'best'
p424
I56
sS'brazil'
p425
I70
sS'said'
p426
I66
sS'lots'
p427
I69
sS'away'
p428
I70
sS'"oh'
p429
I72
sS'pintando'
p430
I72
sS"there's"
p431
I66
sS'melissa'
p432
I72
sS'pets'
p433
I72
sS'hopefully'
p434
I72
sS'yogurt'
p435
I72
sS'viernes'
p436
I72
sS'lazy'
p437
I70
sS'filharmonic'
p438
I72
sS'omg'
p439
I62
sS'rolled'
p440
I72
sS'weak'
p441
I71
sS'meh'
p442
I72
sS'wear'
p443
I71
sS'wtf'
p444
I58
sS'cousin'
p445
I72
sS'picking'
p446
I72
sS'kitchen'
p447
I71
sS'tfti'
p448
I72
sS'cow'
p449
I72
sS'met'
p450
I71
sS'fault'
p451
I71
sS'ill'
p452
I72
sS'una'
p453
I68
sS'witnessing'
p454
I72
sS"she's"
p455
I64
sS'games'
p456
I72
sS'logic'
p457
I72
sS'com'
p458
I72
sS'asked'
p459
I72
sS'con'
p460
I69
sS'shtahp'
p461
I72
sS'rednecks'
p462
I72
sS'matty'
p463
I72
sS'happenin'
p464
I72
sS'all...no'
p465
I72
sS'tony'
p466
I72
sS'trust'
p467
I72
sS'speak'
p468
I71
sS'bathroom'
p469
I72
sS'101'
p470
I72
sS"eizember's"
p471
I72
sS'asks'
p472
I70
sS'buffets'
p473
I72
sS'three'
p474
I72
sS'been'
p475
I52
sS'sleepover'
p476
I72
sS'much'
p477
I63
sS'puta'
p478
I72
sS'tina'
p479
I72
sS'expected'
p480
I72
sS'godamm'
p481
I72
sS'okayy'
p482
I72
sS'idol'
p483
I72
sS'life'
p484
I53
sS'yessssss'
p485
I72
sS'eastern'
p486
I72
sS'drugs'
p487
I71
sS'sunshine'
p488
I71
sS'sooooo'
p489
I72
sS'records'
p490
I72
sS'fest'
p491
I72
sS'lift'
p492
I72
sS'child'
p493
I70
sS'catch'
p494
I71
sS'haters'
p495
I72
sS'regalen'
p496
I72
sS'tide'
p497
I72
sS'has'
p498
I50
sS'tank'
p499
I72
sS"devyn's"
p500
I72
sS'air'
p501
I71
sS'ugly'
p502
I72
sS'teachers'
p503
I72
sS'voice'
p504
I69
sS'chispi'
p505
I72
sS"we'll"
p506
I72
sS'iz'
p507
I66
sS'played'
p508
I71
sS'is'
p509
I9
sS'it'
p510
I16
sS'conditioned'
p511
I71
sS'throat'
p512
I71
sS'cant'
p513
I71
sS'im'
p514
I64
sS'il'
p515
I72
sS'in'
p516
I13
sS'ight'
p517
I71
sS'briles,90638\n510980317449289728,ohiget_it,2014-09-14'
p518
I72
sS'fuuuuckkk'
p519
I72
sS'bottles'
p520
I71
sS'nike'
p521
I71
sS'things'
p522
I69
sS'make'
p523
I58
sS'header'
p524
I72
sS'14:12:56.0,33.91683198,-118.03511163,5041.01,these'
p525
I72
sS'forehead'
p526
I72
sS'healthier'
p527
I72
sS'lyke'
p528
I68
sS'bunny'
p529
I72
sS'ily2'
p530
I72
sS'nic'
p531
I72
sS'monniiiiiiiinnnnn'
p532
I72
sS'tops'
p533
I72
sS'hand'
p534
I71
sS'liberties'
p535
I72
sS'raza'
p536
I72
sS'jealous'
p537
I71
sS'selfied'
p538
I72
sS'aka'
p539
I71
sS'tune'
p540
I69
sS'kid'
p541
I70
sS'butter'
p542
I70
sS'wtffffff'
p543
I72
sS'boys,90638\n385819779400880128,jcos53,2013-10-03'
p544
I72
sS"fuck.i'm"
p545
I72
sS'youre'
p546
I71
sS'tho'
p547
I70
sS'burgers'
p548
I72
sS'greatest'
p549
I71
sS'the'
p550
I4
sS'smoked'
p551
I71
sS'yours'
p552
I72
sS'karina'
p553
I70
sS'left'
p554
I68
sS'slutty'
p555
I72
sS"she'll"
p556
I72
sS'sleeps'
p557
I71
sS'yea'
p558
I70
sS'photo'
p559
I72
sS'laptop'
p560
I71
sS'bruise'
p561
I72
sS'thanks'
p562
I63
sS'yes'
p563
I65
sS'october'
p564
I72
sS'11;40'
p565
I72
sS'yet'
p566
I68
sS'girllllll'
p567
I72
sS'jose'
p568
I72
sS'vid'
p569
I72
sS'had'
p570
I58
sS'ooooh'
p571
I72
sS'shout'
p572
I72
sS'easy'
p573
I72
sS'save'
p574
I71
sS'hat'
p575
I72
sS'gave'
p576
I71
sS'manhathan'
p577
I72
sS'knoch'
p578
I72
sS"t'f"
p579
I72
sS'birth'
p580
I72
sS'judge'
p581
I72
sS'burnt'
p582
I72
sS'gifs'
p583
I72
sS'50'
p584
I72
sS'xbox'
p585
I72
sS'remind'
p586
I72
sS'steps'
p587
I72
sS'mizpah/sounds'
p588
I72
sS'5+'
p589
I72
sS'night'
p590
I33
sS'driving!!!\xe2\x9d\xa4'
p591
I72
sS'writetoarnold'
p592
I72
sS'right'
p593
I63
sS'old'
p594
I68
sS'bri'
p595
I72
sS'deal'
p596
I72
sS'people'
p597
I48
sS'post-coachella'
p598
I72
sS'dead'
p599
I70
sS'yaaaayyy'
p600
I72
sS'monniiiiiiinnnnn'
p601
I72
sS'dear'
p602
I71
sS'everyone,90638\n510945109555572736,ohiget_it,2014-09-14'
p603
I72
sS'finna'
p604
I70
sS'for'
p605
I17
sS',90638\n450776092744245248,_gerardosanchz,2014-03-31'
p606
I72
sS'ice'
p607
I71
sS'everything'
p608
I64
sS"elijah's"
p609
I71
sS'officer'
p610
I72
sS'cord'
p611
I72
sS'knew'
p612
I72
sS'deleted'
p613
I72
sS'burn'
p614
I72
sS'substituted'
p615
I72
sS'keeper'
p616
I71
sS'magcon'
p617
I72
sS'post'
p618
I69
sS'super'
p619
I72
sS'fuck,90638\n503579852352417792,gageluvsgreens,2014-08-24'
p620
I72
sS'deletes'
p621
I72
sS'me\xe2\x80\x9d'
p622
I72
sS'$78'
p623
I72
sS'months'
p624
I69
sS'choke'
p625
I72
sS'o'
p626
I68
sS'dinner'
p627
I63
sS'plus'
p628
I72
sS'reynas'
p629
I72
sS'sept'
p630
I72
sS'match'
p631
I72
sS'facetime'
p632
I72
sS'aha'
p633
I72
sS'whats'
p634
I71
sS'twitcon'
p635
I72
sS'wasting'
p636
I71
sS'selfie'
p637
I70
sS'$7000'
p638
I72
sS'soo'
p639
I72
sS'down'
p640
I62
sS'thankful'
p641
I70
sS'accomplishments'
p642
I72
sS'mamba'
p643
I72
sS'guppy'
p644
I72
sS'bae,90638\n477631782141964288,melissa_soltero,2014-06-14'
p645
I72
sS'crunk!eyebrows'
p646
I72
sS'ahahah'
p647
I72
sS'fantasmas?,90638\n500739757169586176,melissa_soltero,2014-08-16'
p648
I72
sS'support'
p649
I72
sS'constantly'
p650
I71
sS'jealousy'
p651
I72
sS'nova'
p652
I71
sS'fight'
p653
I68
sS'stuck'
p654
I69
sS'way'
p655
I64
sS'gio'
p656
I72
sS'call'
p657
I63
sS'lagg'
p658
I72
sS'was'
p659
I24
sS'happy'
p660
I57
sS'head'
p661
I72
sS'fack'
p662
I72
sS'esposa'
p663
I72
sS'becoming'
p664
I72
sS'fireworks'
p665
I72
sS'notifications'
p666
I72
sS'heat'
p667
I72
sS'09:11:27.0,33.9116284,-118.0311265,5041.01,still'
p668
I72
sS'hear'
p669
I69
sS'idgaf'
p670
I71
sS'agamen'
p671
I72
sS'mirada'
p672
I64
sS'stand'
p673
I72
sS'true'
p674
I69
sS'vive'
p675
I71
sS'happen'
p676
I71
sS'rosecrans'
p677
I72
sS'edition"'
p678
I72
sS'inside'
p679
I71
sS'marquadt'
p680
I72
sS'tell'
p681
I67
sS'r.i.p'
p682
I72
sS'0-100'
p683
I72
sS'nicest'
p684
I72
sS'supa'
p685
I72
sS'reminiscing'
p686
I71
sS'adoro'
p687
I72
sS'prayed'
p688
I72
sS'proud'
p689
I71
sS'pimples'
p690
I72
sS'classic'
p691
I72
sS'belasco'
p692
I72
sS'exist'
p693
I72
sS'muffins'
p694
I72
sS'shines'
p695
I72
sS'mrs'
p696
I71
sS'acacia'
p697
I72
sS'trip'
p698
I72
sS'shit'
p699
I47
sS'supporters'
p700
I72
sS'vista'
p701
I72
sS'dying'
p702
I72
sS'floor'
p703
I70
sS'when'
p704
I36
sS'reality'
p705
I71
sS'rola'
p706
I71
sS'borro'
p707
I72
sS'role'
p708
I72
sS'test'
p709
I72
sS'roll'
p710
I72
sS'tamale'
p711
I72
sS'picture'
p712
I69
sS"'s"
p713
I72
sS'brothers'
p714
I71
sS'surprise'
p715
I71
sS'why'
p716
I41
sS'felt'
p717
I70
sS'update'
p718
I69
sS"let's"
p719
I66
sS'fell'
p720
I71
sS'cover)'
p721
I72
sS'miranda'
p722
I69
sS'weekend'
p723
I69
sS'died'
p724
I70
sS'younger'
p725
I71
sS'tweeting'
p726
I72
sS'17:43:52.0,33.9087738,-118.0316729,5041.01,finna'
p727
I72
sS'glass'
p728
I72
sS'love\xe2\x80\x9d'
p729
I72
sS'together'
p730
I67
sS',90638\n475076621179695105,alyssalesso_,2014-06-07'
p731
I72
sS'warm'
p732
I72
sS'songz'
p733
I72
sS'time'
p734
I45
sS'songs'
p735
I71
sS':/'
p736
I71
sS':('
p737
I71
sS':)'
p738
I72
sS'chain'
p739
I72
sS'whoever'
p740
I72
sS'thooo'
p741
I71
sS'rob'
p742
I72
sS'skin'
p743
I72
sS'norwalk'
p744
I72
sS"a'f"
p745
I72
sS'father'
p746
I72
sS'disgusting'
p747
I72
sS'0'
p748
I72
sS'finally'
p749
I62
sS'asking'
p750
I72
sS'marks'
p751
I72
sS'brown'
p752
I71
sS'none'
p753
I72
sS':c'
p754
I72
sS'vegas'
p755
I70
sS'escucha'
p756
I72
sS'cook'
p757
I71
sS'ma'
p758
I71
sS'blast'
p759
I72
sS'minute'
p760
I71
sS'cool'
p761
I71
sS'level'
p762
I71
sS'did'
p763
I58
sS'die'
p764
I71
sS'peeps'
p765
I71
sS'brother'
p766
I71
sS'prob'
p767
I69
sS'leave'
p768
I72
sS'p'
p769
I72
sS'soooo'
p770
I72
sS'team'
p771
I71
sS'quick'
p772
I71
sS'guy'
p773
I66
sS'hollaaaa'
p774
I72
sS'yall'
p775
I72
sS'dis'
p776
I71
sS'shave'
p777
I72
sS'talked'
p778
I70
sS'says'
p779
I68
sS'regret'
p780
I71
sS'chill....cause'
p781
I72
sS'dealing'
p782
I72
sS'sign'
p783
I71
sS'shirts'
p784
I72
sS'jesus.\xe2\x80\x9d'
p785
I72
sS'run'
p786
I65
sS'bake'
p787
I72
sS'fear'
p788
I72
sS'stands'
p789
I72
sS'friends.student'
p790
I72
sS'goes'
p791
I66
sS'reply'
p792
I68
sS'falling'
p793
I71
sS'isnt...\xe2\x80\x9d'
p794
I72
sS'supporting'
p795
I72
sS'westbrook'
p796
I72
sS',90638\n354407403162324992,godinez_wifey,2013-07-09'
p797
I72
sS'water'
p798
I72
sS'baseball'
p799
I70
sS'alone'
p800
I71
sS'based'
p801
I72
sS'teacher'
p802
I72
sS'change'
p803
I68
sS'wait'
p804
I68
sS'boy'
p805
I69
sS'healthy'
p806
I72
sS'teaching'
p807
I72
sS'01:58:08.0,33.90255275,-118.02917208,5041.01,make'
p808
I72
sS'lakers'
p809
I72
sS'5ever'
p810
I72
sS'boi'
p811
I72
sS'usually'
p812
I72
sS'priceless'
p813
I72
sS'homecoming'
p814
I72
sS'love'
p815
I47
sS'hiking'
p816
I71
sS'extra'
p817
I72
sS'motherfuckinn'
p818
I72
sS'tuxedo'
p819
I72
sS'ls'
p820
I72
sS'bloody'
p821
I72
sS'graduated'
p822
I72
sS'fake'
p823
I69
sS'whatevessss'
p824
I72
sS'roadtrip'
p825
I72
sS'everybody'
p826
I71
sS'working'
p827
I67
sS'baes'
p828
I71
sS'sake'
p829
I72
sS'dude'
p830
I70
sS'angela'
p831
I72
sS'sports'
p832
I72
sS"dey're"
p833
I72
sS'creamy'
p834
I72
sS'ca)'
p835
I66
sS'ayy'
p836
I71
sS'iphone'
p837
I71
sS'memory'
p838
I72
sS'cuter'
p839
I72
sS'thru'
p840
I72
sS'angels'
p841
I72
sS'today'
p842
I41
sS'loving'
p843
I72
sS'maywheather'
p844
I71
sS'bennett'
p845
I72
sS'parks'
p846
I72
sS'ooo'
p847
I72
sS'chocolate'
p848
I71
sS'paseselan'
p849
I72
sS'$wank'
p850
I72
sS'sequoia'
p851
I72
sS'fly'
p852
I72
sS'this.,90638\n502143564013658112,djnoy5,2014-08-20'
p853
I72
sS'niggas'
p854
I70
sS'car'
p855
I69
sS'00:59:52.0,33.90480981,-118.03770642,5041.01,happy'
p856
I72
sS'soul'
p857
I72
sS'cat'
p858
I71
sS'purge'
p859
I68
sS'wallet'
p860
I72
sS'hardest'
p861
I72
sS'uli'
p862
I72
sS'can'
p863
I33
sS'cam'
p864
I70
sS'following'
p865
I72
sS'making'
p866
I65
sS'arrive'
p867
I71
sS'niggah'
p868
I72
sS'heart'
p869
I70
sS'crazy'
p870
I72
sS'14:12:39.0,33.91687292,-118.03530173,5041.01,i'
p871
I72
sS'chip'
p872
I72
sS'bust'
p873
I72
sS"didn't"
p874
I59
sS'fuck'
p875
I50
sS'heard'
p876
I71
sS'chin'
p877
I72
sS'dropped'
p878
I72
sS'pong'
p879
I72
sS'listens'
p880
I72
sS'productive'
p881
I72
sS',90638\n476137172987162625,_gerardosanchz,2014-06-09'
p882
I72
sS'watching'
p883
I69
sS'write'
p884
I71
sS'till'
p885
I68
sS'pure'
p886
I72
sS'maestro'
p887
I72
sS'$100'
p888
I72
sS'staying'
p889
I70
sS'miklo'
p890
I72
sS'may'
p891
I72
sS'lyjng'
p892
I72
sS'blasting'
p893
I71
sS'southern'
p894
I72
sS'mac'
p895
I71
sS'birthday'
p896
I64
sS'mad'
p897
I71
sS'date'
p898
I70
sS'such'
p899
I67
sS'suck'
p900
I67
sS'guys'
p901
I59
sS'man'
p902
I65
sS'stress'
p903
I72
sS'natural'
p904
I72
sS'remember'
p905
I70
sS'johnson'
p906
I72
sS'mayweather'
p907
I71
sS'trueeee'
p908
I72
sS'maybe'
p909
I70
sS"bob's"
p910
I72
sS'rollin'
p911
I72
sS'st'
p912
I71
sS'jail'
p913
I71
sS'sc'
p914
I69
sS'tall'
p915
I72
sS'talk'
p916
I63
sS'tierra'
p917
I71
sS'cute'
p918
I67
sS'shoes'
p919
I72
sS'indeed'
p920
I72
sS':)),90638\n475072121014452224,alyssalesso_,2014-06-07'
p921
I72
sS'years'
p922
I67
sS'playful'
p923
I72
sS'brain'
p924
I71
sS'shake'
p925
I71
sS'kanye'
p926
I71
sS'cold'
p927
I70
sS'still'
p928
I52
sS'lovelies'
p929
I64
sS'blocked'
p930
I72
sS'group'
p931
I71
sS'thank'
p932
I66
sS'blastissimo'
p933
I72
sS'amazing'
p934
I70
sS'window'
p935
I71
sS'according'
p936
I72
sS'gatorade'
p937
I72
sS'jasons'
p938
I72
sS'millon'
p939
I65
sS'tweets'
p940
I70
sS'main'
p941
I72
sS'happened'
p942
I71
sS'truest'
p943
I72
sS',90638\n473670549538103296,rickytrevino__,2014-06-03'
p944
I72
sS'3'
p945
I64
sS'moms'
p946
I71
sS'conversations'
p947
I72
sS'tucker'
p948
I72
sS'lunch'
p949
I72
sS'drilling'
p950
I72
sS'kkk'
p951
I72
sS'half'
p952
I68
sS'not'
p953
I30
sS'now'
p954
I42
sS'bullshit'
p955
I68
sS'"bestfriend"'
p956
I72
sS'cleaaaaaaannnnnnn'
p957
I72
sS'name'
p958
I72
sS'james'
p959
I72
sS'drop'
p960
I72
sS'debating'
p961
I71
sS'rock'
p962
I72
sS'pizza'
p963
I69
sS'bb.\xe2\x80\x9d'
p964
I72
sS'el'
p965
I60
sS'\xe2\x80\xa2_\xe2\x80\xa2'
p966
I72
sS'en'
p967
I65
sS"s'cute"
p968
I71
sS'yeah'
p969
I70
sS'squirrels....geez'
p970
I72
sS'catching'
p971
I72
sS'year'
p972
I62
sS'ft'
p973
I72
sS'girl'
p974
I56
sS'morning'
p975
I56
sS'es'
p976
I69
sS'stitch'
p977
I72
sS":')"
p978
I72
sS'blt'
p979
I72
sS'friends?!me'
p980
I72
sS'looking'
p981
I70
sS',90638\n449752459368349696,alyssalesso_,2014-03-29'
p982
I72
sS'seriously'
p983
I61
sS'dumbass"'
p984
I72
sS"shouldn't"
p985
I71
sS'hacked'
p986
I72
sS'forte/fortissimo'
p987
I72
sS'bless'
p988
I72
sS'pizzeria'
p989
I64
sS'ruca'
p990
I71
sS'nudes'
p991
I71
sS'correct'
p992
I72
sS'gram'
p993
I72
sS'earlier'
p994
I72
sS'monster'
p995
I72
sS'cars'
p996
I72
sS'02:36:15.0,33.9115707,-118.0311658,5041.01,i'
p997
I72
sS'million'
p998
I72
sS'quite'
p999
I71
sS'california'
p1000
I71
sS'grandma'
p1001
I71
sS'headband'
p1002
I72
sS'whittier'
p1003
I71
sS'care'
p1004
I71
sS'gusta'
p1005
I72
sS'honest'
p1006
I72
sS'turn'
p1007
I70
sS'place'
p1008
I71
sS'preach'
p1009
I72
sS'weakling'
p1010
I72
sS'think'
p1011
I60
sS'first'
p1012
I61
sS'blind'
p1013
I72
sS'saving'
p1014
I71
sS'xo'
p1015
I72
sS'hungzz'
p1016
I72
sS'bendiciones'
p1017
I72
sS'rachel'
p1018
I72
sS'zac'
p1019
I72
sS'xd'
p1020
I72
sS'one'
p1021
I37
sS'ios8'
p1022
I72
sS'fast'
p1023
I72
sS'spanish'
p1024
I71
sS'sounds'
p1025
I70
sS'open'
p1026
I70
sS'tomorrow'
p1027
I54
sS'concert'
p1028
I71
sS'city'
p1029
I71
sS'little'
p1030
I62
sS'drop*'
p1031
I72
sS'width'
p1032
I72
sS'bite'
p1033
I72
sS'slept'
p1034
I72
sS'plastic'
p1035
I72
sS'anyone'
p1036
I71
sS'fml'
p1037
I71
sS'2'
p1038
I58
sS"minaj's"
p1039
I72
sS'directioner'
p1040
I72
sS'realization'
p1041
I72
sS'white'
p1042
I68
sS'friend'
p1043
I66
sS'bitchhhh'
p1044
I72
sS'eyes'
p1045
I71
sS'hug'
p1046
I69
sS'that'
p1047
I15
sS'shawn'
p1048
I70
sS'huu'
p1049
I72
sS'nazca'
p1050
I72
sS'alas'
p1051
I72
sS'butt'
p1052
I64
sS'its.not'
p1053
I72
sS'copy'
p1054
I72
sS'representing'
p1055
I72
sS'than'
p1056
I66
sS'boyfriend'
p1057
I71
sS'10'
p1058
I68
sS'13'
p1059
I71
sS'12'
p1060
I72
sS'lmao'
p1061
I70
sS'19'
p1062
I71
sS'18'
p1063
I70
sS'gotta'
p1064
I68
sS'optimism'
p1065
I72
sS'r'
p1066
I71
sS'were'
p1067
I65
sS'college'
p1068
I67
sS'and'
p1069
I10
sS'gathering'
p1070
I72
sS'lick'
p1071
I72
sS'san'
p1072
I72
sS'angel'
p1073
I72
sS'sad'
p1074
I68
sS'woah'
p1075
I72
sS'say'
p1076
I67
sS'breakfast'
p1077
I68
sS'saw'
p1078
I65
sS'any'
p1079
I71
sS'sat'
p1080
I71
sS'kush'
p1081
I72
sS'burnin'
p1082
I72
sS'wcw'
p1083
I72
sS'uuuuuu'
p1084
I72
sS'ideas'
p1085
I72
sS'omfg'
p1086
I70
sS'rehearsals'
p1087
I72
sS'squad'
p1088
I72
sS'hookah'
p1089
I71
sS'take'
p1090
I59
sS'online'
p1091
I71
sS'hey:)'
p1092
I72
sS'grammys'
p1093
I72
sS'sure'
p1094
I70
sS'pain'
p1095
I71
sS'normal'
p1096
I72
sS'papersstudent'
p1097
I72
sS'paid'
p1098
I72
sS'donation'
p1099
I72
sS'20%'
p1100
I72
sS'freshman'
p1101
I72
sS'knee'
p1102
I70
sS'icon'
p1103
I72
sS'forever'
p1104
I69
sS'later'
p1105
I67
sS'hungry'
p1106
I65
sS'tooth'
p1107
I70
sS'01:59:30.0,33.9168706,-118.0361401,5041.01,lmfaooooo!,90638\n477630520889585664,melissa_soltero,2014-06-14'
p1108
I72
sS'dammmm'
p1109
I72
sS'senior'
p1110
I70
sS'prenda'
p1111
I72
sS'putaso'
p1112
I72
sS'denise62399'
p1113
I72
sS'show'
p1114
I66
sS'cheat'
p1115
I72
sS'estoy'
p1116
I71
sS'15-20min'
p1117
I72
sS'corner'
p1118
I72
sS'aggressive'
p1119
I72
sS'aint'
p1120
I72
sS'\xe2\x9c\x8c'
p1121
I72
sS'slow'
p1122
I72
sS',90638\n510978413591396355,isaacjgarcia_,2014-09-14'
p1123
I72
sS'zombie'
p1124
I72
sS'dick'
p1125
I71
sS'read\xe2\x80\x9d'
p1126
I72
sS'outside'
p1127
I68
sS'only'
p1128
I61
sS'going'
p1129
I48
sS'black'
p1130
I69
sS'uncles'
p1131
I72
sS'get'
p1132
I34
sS'chikali'
p1133
I72
sS'cannot'
p1134
I72
sS'clans'
p1135
I71
sS'gen'
p1136
I72
sS'reveal'
p1137
I72
sS'90631'
p1138
I72
sS'artist'
p1139
I72
sS'bombo'
p1140
I72
sS'borrow'
p1141
I72
sS'worried'
p1142
I71
sS'13:46:53.0,33.90989432,-118.02930012,5041.01,this'
p1143
I72
sS'stupid'
p1144
I68
sS"could've"
p1145
I72
sS'miley'
p1146
I72
sS'where'
p1147
I63
sS"y'all"
p1148
I70
sS'marlene'
p1149
I71
sS'physically'
p1150
I72
sS'dived'
p1151
I72
sS"hasn't"
p1152
I72
sS'lol,90638\n501807937472327680,melissa_soltero,2014-08-19'
p1153
I72
sS'asleep'
p1154
I69
sS'anyways'
p1155
I72
sS'ignores'
p1156
I72
sS'hoes'
p1157
I71
sS'optometrist'
p1158
I72
sS'surgery'
p1159
I72
sS'ruined'
p1160
I72
sS'poops'
p1161
I72
sS'registering'
p1162
I72
sS'ways'
p1163
I70
sS'opening'
p1164
I72
sS'thurr'
p1165
I72
sS'ignorant'
p1166
I72
sS'spoons'
p1167
I72
sS'enough'
p1168
I70
sS"01:02:21.0,33.90676682,-118.02993312,5041.01,it's"
p1169
I72
sS'between'
p1170
I72
sS'reading'
p1171
I72
sS'across'
p1172
I72
sS'plndr'
p1173
I72
sS'dome'
p1174
I72
sS'muchachas'
p1175
I71
sS'elijah'
p1176
I71
sS'lopes'
p1177
I72
sS'como'
p1178
I71
sS'hurts'
p1179
I71
sS'20:14:06.0,33.91660711,-118.0294164,5041.01,laughing'
p1180
I72
sS'come'
p1181
I61
sS'jc'
p1182
I72
sS'blame'
p1183
I72
sS'daddy'
p1184
I71
sS'many'
p1185
I69
sS'stupidest'
p1186
I72
sS'1:30'
p1187
I72
sS'quiet'
p1188
I72
sS'restroom'
p1189
I72
sS'01:56:04.0,33.9168706,-118.0361401,5041.01,tell'
p1190
I72
sS'tous'
p1191
I72
sS"can't"
p1192
I42
sS'deported'
p1193
I72
sS'duty'
p1194
I72
sS'color'
p1195
I69
sS'damas'
p1196
I70
sS'cuando'
p1197
I71
sS'acaban'
p1198
I72
sS'nooooo'
p1199
I71
sS"couldn't"
p1200
I71
sS'bullied\xe2\x80\x9d'
p1201
I72
sS'nicole'
p1202
I72
sS'caring'
p1203
I71
sS'teddy'
p1204
I72
sS'west'
p1205
I72
sS'helicopter'
p1206
I71
sS'wants'
p1207
I69
sS'direction'
p1208
I71
sS'shopping'
p1209
I70
sS'tonelada'
p1210
I72
sS'offered'
p1211
I72
sS'chillll'
p1212
I72
sS'up,90638\n504443539002892288,melissa_soltero,2014-08-27'
p1213
I72
sS'photos'
p1214
I72
sS'wake'
p1215
I68
sS'hashtag'
p1216
I71
sS'babe*'
p1217
I72
sS'bout'
p1218
I71
sS'those'
p1219
I65
sS'sound'
p1220
I70
sS'myself'
p1221
I67
sS'cutie'
p1222
I72
sS'casa'
p1223
I71
sS'bruuh'
p1224
I72
sS'these'
p1225
I52
sS'cash'
p1226
I71
sS'premature'
p1227
I72
sS'hayes'
p1228
I69
sS"shawn's"
p1229
I72
sS'hmmmm'
p1230
I72
sS'coolest'
p1231
I72
sS'ive'
p1232
I72
sS'punches'
p1233
I72
sS'eventually'
p1234
I72
sS'06:48:10.0,33.9157439,-118.033199,5041.01,cochina'
p1235
I72
sS'coffee'
p1236
I72
sS'lol,90638\n499013314882441216,melissa_soltero,2014-08-12'
p1237
I72
sS'middle'
p1238
I72
sS'someone'
p1239
I60
sS'idolo'
p1240
I72
sS'bored"pues'
p1241
I72
sS'floating'
p1242
I72
sS'different'
p1243
I69
sS'sippin'
p1244
I70
sS'doctor'
p1245
I72
sS'$20'
p1246
I71
sS'granted'
p1247
I72
sS'"america"'
p1248
I72
sS'same'
p1249
I62
sS'tiburon'
p1250
I71
sS'food'
p1251
I66
sS'loudly'
p1252
I72
sS'followers'
p1253
I71
sS'catfish'
p1254
I71
sS'coworkers'
p1255
I72
sS'reminder'
p1256
I72
sS'todos'
p1257
I72
sS'freee'
p1258
I72
sS'week'
p1259
I64
sS'fukn'
p1260
I72
sS'finish'
p1261
I69
sS'tipsy'
p1262
I72
sS'weed'
p1263
I68
sS'cheers'
p1264
I72
sS'running'
p1265
I72
sS'yg'
p1266
I72
sS'favorites'
p1267
I72
sS'changing'
p1268
I72
sS'totally'
p1269
I72
sS'mentally'
p1270
I72
sS'fuuuuuuck'
p1271
I72
sS'\xe2\x9c\x8c\xef\xb8\x8f'
p1272
I70
sS'bryce'
p1273
I72
sS',90638\n453337013660299264,_gerardosanchz,2014-04-08'
p1274
I72
sS'night,90638\n503582233110663168,gageluvsgreens,2014-08-24'
p1275
I72
sS'no'
p1276
I32
sS'without'
p1277
I70
sS'flakes'
p1278
I72
sS'comes'
p1279
I72
sS'very'
p1280
I71
sS"you've"
p1281
I71
sS'summer'
p1282
I63
sS'they'
p1283
I51
sS'being'
p1284
I56
sS'money'
p1285
I65
sS'rest'
p1286
I69
sS'pissing'
p1287
I71
sS'kill'
p1288
I66
sS'touch'
p1289
I71
sS'challenge.\xe2\x80\xa6'
p1290
I72
sS"dm's"
p1291
I72
sS'halfway'
p1292
I72
sS'chokar'
p1293
I72
sS'chasee'
p1294
I72
sS'legitimately'
p1295
I72
sS'thinking'
p1296
I69
sS'(c)'
p1297
I72
sS"everyone's"
p1298
I70
sS'seems'
p1299
I71
sS'lets'
p1300
I72
sS'4'
p1301
I62
sS'soon,90638\n385769440802910208,jcos53,2013-10-03'
p1302
I72
sS'tuesday'
p1303
I72
sS'real'
p1304
I64
sS'around'
p1305
I68
sS'read'
p1306
I68
sS'por'
p1307
I72
sS'viven'
p1308
I71
sS'virginia'
p1309
I72
sS'gonna'
p1310
I53
sS'dark'
p1311
I71
sS'02:27:31.0,33.915888,-118.03029236,5041.01,he'
p1312
I72
sS'mom'
p1313
I63
sS'world'
p1314
I62
sS'digali'
p1315
I71
sS'disappointed'
p1316
I71
sS'homegirl'
p1317
I72
sS'tsunami'
p1318
I72
sS'either'
p1319
I70
sS'itschuboy'
p1320
I70
sS'shhhhh'
p1321
I72
sS'nice'
p1322
I64
sS'meeeee'
p1323
I72
sS'again\xe2\x80\x9d'
p1324
I72
sS'learning'
p1325
I72
sS'grub'
p1326
I72
sS'competition'
p1327
I72
sS'02:34:40.0,33.9116722,-118.0312856,5041.01,today'
p1328
I72
sS'goin'
p1329
I72
sS'thinks'
p1330
I72
sS'yesss'
p1331
I72
sS'gross'
p1332
I72
sS'moooooonnniiiiiiiiiiiiiinn'
p1333
I72
sS'mood'
p1334
I71
sS'memories'
p1335
I72
sS'skin!"'
p1336
I72
sS'moon'
p1337
I70
sS'babysitter'
p1338
I72
sS'macchew'
p1339
I72
sS'dimples'
p1340
I72
sS'lowwwww'
p1341
I72
sS'nuggets'
p1342
I69
sS'cramps'
p1343
I72
sS'football'
p1344
I70
sS'2600'
p1345
I72
sS'business'
p1346
I72
sS'nails'
p1347
I70
sS'skrillex'
p1348
I70
sS'weirdest'
p1349
I72
sS'over,90638\n442755227167363072,alyssalesso_,2014-03-09'
p1350
I72
sS';)'
p1351
I71
sS'tonks'
p1352
I72
sS'throw'
p1353
I69
sS'on'
p1354
I11
sS'ol'
p1355
I72
sS'ok'
p1356
I64
sS'oh'
p1357
I63
sS'of'
p1358
I14
sS'favorite'
p1359
I71
sS'gossssssssssssssh.,90638\n487122001169887232,melissa_soltero,2014-07-10'
p1360
I72
sS'journey'
p1361
I72
sS"pk's"
p1362
I71
sS'neighbor'
p1363
I72
sS'act'
p1364
I72
sS'luck'
p1365
I72
sS'or'
p1366
I38
sS'road'
p1367
I72
sS'honky'
p1368
I72
sS'mood.,90638\n499987994682478592,melissa_soltero,2014-08-14'
p1369
I72
sS'smelling'
p1370
I72
sS'snapchat'
p1371
I65
sS'annotate'
p1372
I72
sS'freaked'
p1373
I72
sS'brunette'
p1374
I72
sS'accounts'
p1375
I72
sS'jasper'
p1376
I72
sS'fuuuuuuuuckkk'
p1377
I72
sS'elementary'
p1378
I71
sS"tryin'"
p1379
I72
sS'your'
p1380
I31
sS'buds'
p1381
I72
sS'stuttered'
p1382
I72
sS'her'
p1383
I60
sS'hes'
p1384
I72
sS'there'
p1385
I58
sS'hey'
p1386
I68
sS'lol'
p1387
I33
sS'los'
p1388
I71
sS'racist'
p1389
I72
sS'low'
p1390
I72
sS'lot'
p1391
I67
sS'aksowx'
p1392
I72
sS'heh'
p1393
I72
sS'allergic'
p1394
I72
sS'6:40'
p1395
I72
sS'mornings'
p1396
I72
sS"burnin'"
p1397
I72
sS"matt's"
p1398
I70
sS'pitches'
p1399
I72
sS'spider'
p1400
I72
sS'jus'
p1401
I72
sS'mich'
p1402
I71
sS'e'
p1403
I72
sS'pitched'
p1404
I72
sS'trying'
p1405
I66
sS'with'
p1406
I21
sS'bunnys'
p1407
I72
sS"they're"
p1408
I68
sS"rt'd"
p1409
I72
sS"wasn't"
p1410
I71
sS'5/9'
p1411
I72
sS'bucket'
p1412
I72
sS'assume'
p1413
I72
sS'dirty'
p1414
I69
sS'cheto'
p1415
I70
sS'grass'
p1416
I72
sS'usted'
p1417
I71
sS'darker'
p1418
I72
sS'gone'
p1419
I71
sS'ac'
p1420
I66
sS'taylor'
p1421
I69
sS'ohh'
p1422
I72
sS'gona'
p1423
I71
sS'videos'
p1424
I72
sS'af'
p1425
I63
sS'certain'
p1426
I69
sS'describe'
p1427
I72
sS'am'
p1428
I57
sS'al'
p1429
I62
sS'deep'
p1430
I72
sS'an'
p1431
I54
sS'kiewt'
p1432
I72
sS'as'
p1433
I60
sS'at'
p1434
I25
sS'aw'
p1435
I70
sS'chicali'
p1436
I72
sS'moves'
p1437
I71
sS'cream'
p1438
I71
sS'again'
p1439
I66
sS'bragging'
p1440
I72
sS'5'
p1441
I65
sS'sevillano'
p1442
I72
sS'orrrrr'
p1443
I72
sS'you'
p1444
I7
sS'poor'
p1445
I72
sS'poop'
p1446
I69
sS'bacardi'
p1447
I72
sS'obsessed'
p1448
I72
sS'separate'
p1449
I72
sS'students'
p1450
I71
sS'nooone'
p1451
I72
sS'supay'
p1452
I72
sS'cuerpo'
p1453
I72
sS'dies'
p1454
I72
sS'peak'
p1455
I72
sS'snitch'
p1456
I71
sS'chris'
p1457
I72
sS'finals'
p1458
I71
sS'pool'
p1459
I71
sS'missed'
p1460
I70
sS'building'
p1461
I72
sS'ho,90638\n482757705119956993,djnoy5,2014-06-28'
p1462
I72
sS'calls'
p1463
I71
sS'voluntario'
p1464
I72
sS"life's"
p1465
I71
sS'wifi'
p1466
I71
sS'mask'
p1467
I72
sS'hello'
p1468
I72
sS'lipstick'
p1469
I71
sS'u'
p1470
I63
sS":'),90638\n475073445944754176,alyssalesso_,2014-06-07"
p1471
I72
sS'starting'
p1472
I69
sS'all'
p1473
I31
sS'liar'
p1474
I72
sS'forget'
p1475
I71
sS'hands'
p1476
I72
sS'month'
p1477
I71
sS'cameron'
p1478
I71
sS'follow'
p1479
I59
sS'alcatraz'
p1480
I72
sS'lol,90638\n501259240896339968,melissa_soltero,2014-08-18'
p1481
I72
sS'ty'
p1482
I72
sS'imma'
p1483
I71
sS'squats'
p1484
I72
sS'acting'
p1485
I72
sS'thursday'
p1486
I71
sS'escupi'
p1487
I72
sS'to'
p1488
I3
sS'tl'
p1489
I70
sS'19:12:18.0,33.9165967,-118.02936847,5041.01,i'
p1490
I72
sS'bromantic'
p1491
I72
sS'smile'
p1492
I71
sS'te'
p1493
I70
sS'slushies'
p1494
I72
sS'gasp&jaws'
p1495
I72
sS'woman'
p1496
I72
sS'estaba'
p1497
I71
sS'worse'
p1498
I72
sS'song'
p1499
I67
sS'far'
p1500
I68
sS'horror'
p1501
I72
sS'puffy'
p1502
I72
sS'fav'
p1503
I70
sS'fat'
p1504
I72
sS'citadel'
p1505
I72
sS'fan'
p1506
I70
sS'fam'
p1507
I71
sS'difference'
p1508
I72
sS'fag'
p1509
I72
sS'trippin'
p1510
I71
sS'02:03:40.0,33.9121803,-118.0331789,5041.01,my'
p1511
I72
sS'freshman...,90638\n482757916491927553,djnoy5,2014-06-28'
p1512
I72
sS'laying'
p1513
I71
sS'adolorido'
p1514
I72
sS'-6'
p1515
I72
sS'-1'
p1516
I69
sS'lesbians'
p1517
I72
sS'-3'
p1518
I70
sS'-2'
p1519
I71
sS'small'
p1520
I72
sS'really?me'
p1521
I72
sS"i'll"
p1522
I53
sS'appleaerobicsworld'
p1523
I72
sS'cookies'
p1524
I72
sS'wallflower'
p1525
I71
sS'pasa'
p1526
I72
sS'mijate'
p1527
I72
sS'tea'
p1528
I72
sS'penalties'
p1529
I72
sS'paso'
p1530
I72
sS'grabs'
p1531
I72
sS'past'
p1532
I70
sS'design'
p1533
I72
sS'pass'
p1534
I72
sS'nba'
p1535
I71
sS'cr\xc3\xaapes'
p1536
I72
sS'larwin/bora'
p1537
I72
sS'what'
p1538
I39
sS'afternoon\xe2\x98\xba\xef\xb8\x8f'
p1539
I72
sS'clock'
p1540
I72
sS'nana'
p1541
I72
sS'fucks'
p1542
I70
sS'94.3'
p1543
I72
sS'riata'
p1544
I72
sS'sur'
p1545
I72
sS'pizzeria)'
p1546
I71
sS'tribute'
p1547
I72
sS'racing'
p1548
I72
sS'dias'
p1549
I64
sS'tattoos'
p1550
I71
sS'full'
p1551
I68
sS"c'mon"
p1552
I72
sS'hahaha'
p1553
I64
sS'hours'
p1554
I67
sS'maui'
p1555
I72
sS'ragtime'
p1556
I72
sS'strong'
p1557
I70
sS'fwm'
p1558
I72
sS'900'
p1559
I71
sS'teeth'
p1560
I72
sS'ahead'
p1561
I72
sS'heifer'
p1562
I72
sS'losses'
p1563
I72
sS'experience'
p1564
I72
sS'pics'
p1565
I72
sS'ohhhhh'
p1566
I72
sS'owljose'
p1567
I72
sS'social'
p1568
I72
sS'cathy'
p1569
I70
sS'murdering'
p1570
I72
sS'yourself"'
p1571
I72
sS'habra'
p1572
I72
sS'followed'
p1573
I70
sS'family'
p1574
I63
sS'palabras'
p1575
I72
sS'caravan'
p1576
I72
sS'escuchar'
p1577
I72
sS'ask'
p1578
I69
sS'camerones'
p1579
I72
sS'gosh'
p1580
I72
sS'13203'
p1581
I72
sS'takes'
p1582
I69
sS'injure'
p1583
I72
sS'donuts'
p1584
I68
sS'texting'
p1585
I70
sS'two'
p1586
I68
sS'.\xe2\x80\x9d'
p1587
I72
sS'6'
p1588
I69
sS'taken'
p1589
I71
sS'more'
p1590
I59
sS'tryna'
p1591
I71
sS'nomas'
p1592
I72
sS'awk\xe2\x80\x9d'
p1593
I72
sS'knows'
p1594
I72
sS'grabbing'
p1595
I72
sS'stutter'
p1596
I72
sS'floyd'
p1597
I72
sS"ain't"
p1598
I69
sS'basically'
p1599
I70
sS'broke'
p1600
I68
sS'fanfiction'
p1601
I71
sS'fanfics'
p1602
I72
sS'glad'
p1603
I70
sS'town'
p1604
I72
sS'keeping'
p1605
I72
sS'hour'
p1606
I67
sS'sucks'
p1607
I68
sS'nina'
p1608
I71
sS'sudden'
p1609
I72
sS'del'
p1610
I71
sS'sent'
p1611
I71
sS'den'
p1612
I72
sS'learn'
p1613
I71
sS'def'
p1614
I72
sS'mala'
p1615
I72
sS'beautiful'
p1616
I70
sS'embarrassing'
p1617
I71
sS'ponte'
p1618
I72
sS'lives'
p1619
I72
sS'autumn'
p1620
I72
sS'lolol'
p1621
I72
sS'salty'
p1622
I72
sS'numbers'
p1623
I72
sS'sense'
p1624
I70
sS'bffl'
p1625
I71
sS'dress'
p1626
I72
sS'hamburgers'
p1627
I71
sS'needs'
p1628
I71
sS'mai'
p1629
I72
sS'goal'
p1630
I66
sS'awkward'
p1631
I72
sS'rather'
p1632
I70
sS'breaking'
p1633
I71
sS'stayed'
p1634
I72
sS'everyday'
p1635
I72
sS'too\xe2\x80\x9dpls'
p1636
I72
sS'buenos'
p1637
I64
sS'hugs'
p1638
I72
sS'hating'
p1639
I72
sS'maddison'
p1640
I72
sS'acknowledging'
p1641
I72
sS',90638\n198877787300442112,laurencrisanti,2012-05-05'
p1642
I72
sS'okay'
p1643
I66
sS'viene'
p1644
I72
sS'jk'
p1645
I72
sS'are.\xe2\x80\x9d'
p1646
I72
sS'sneak'
p1647
I72
sS'cillessen'
p1648
I71
sS'plane'
p1649
I70
sS'lighting'
p1650
I72
sS'blood'
p1651
I72
sS'coming'
p1652
I62
sS'xxyyxx'
p1653
I72
sS'a'
p1654
I6
sS'short'
p1655
I71
sS'loud'
p1656
I71
sS'rooting'
p1657
I72
sS'keif'
p1658
I72
sS'faithful.\xe2\x80\x9d'
p1659
I72
sS'honeyyy'
p1660
I72
sS"bae's"
p1661
I72
sS'pay'
p1662
I72
sS'hates'
p1663
I72
sS'dream'
p1664
I65
sS'playing'
p1665
I64
sS"that's"
p1666
I54
sS'argentineo'
p1667
I72
sS'chicks'
p1668
I71
sS'help'
p1669
I62
sS'adult'
p1670
I71
sS"don't"
p1671
I30
sS'september'
p1672
I72
sS'soon'
p1673
I69
sS'paper'
p1674
I72
sS'through'
p1675
I68
sS'hell'
p1676
I70
sS'smiling'
p1677
I72
sS'its'
p1678
I70
sS'24'
p1679
I72
sS'cualdevi'
p1680
I66
sS'style'
p1681
I72
sS'escucho'
p1682
I72
sS'20'
p1683
I68
sS'cualdevo'
p1684
I72
sS'wat'
p1685
I72
sS'alll'
p1686
I72
sS'28'
p1687
I72
sS'actually'
p1688
I68
sS'late'
p1689
I68
sS'>>>'
p1690
I71
sS'dolly'
p1691
I72
sS'su'
p1692
I72
sS'argentina'
p1693
I67
sS'soccer'
p1694
I72
sS'might'
p1695
I70
sS"haven't"
p1696
I64
sS'urself'
p1697
I72
sS'fool'
p1698
I72
sS'good'
p1699
I27
sS'somebody'
p1700
I69
sS'yo'
p1701
I65
sS'ya'
p1702
I63
sS'it\xe2\x80\x9dsoml'
p1703
I72
sS'hunter'
p1704
I72
sS'uhh'
p1705
I71
sS'brutally'
p1706
I72
sS'olivia'
p1707
I72
sS'starbucks'
p1708
I68
sS'foot'
p1709
I72
sS'unfollowed,90638\n482751603682709505,djnoy5,2014-06-28'
p1710
I72
sS'struggling'
p1711
I72
sS'iced'
p1712
I72
sS'hook'
p1713
I72
sS'always'
p1714
I63
sS'nauseous'
p1715
I72
sS'drake'
p1716
I54
sS'shane'
p1717
I72
sS'turns'
p1718
I72
sS'found'
p1719
I71
sS'visitar'
p1720
I72
sS"isn't"
p1721
I69
sS'00:35:10.0,33.90935336,-118.03230177,5041.01,shout'
p1722
I72
sS'status'
p1723
I72
sS'everyone'
p1724
I60
sS'weeknd'
p1725
I72
sS'mums'
p1726
I72
sS'idek'
p1727
I71
sS'house'
p1728
I59
sS'hard'
p1729
I69
sS'idea'
p1730
I70
sS'relationship\xe2\x80\x9d'
p1731
I72
sS'accidentally'
p1732
I71
sS'00:42:09.0,33.90930498,-118.03215156,5041.01,wow'
p1733
I72
sS'todo'
p1734
I70
sS'really'
p1735
I36
sS'arguments'
p1736
I72
sS'wahhhhh'
p1737
I72
sS'alcohol'
p1738
I72
sS'since'
p1739
I67
sS'\xe2\x98\x81\xef\xb8\x8f'
p1740
I71
sS'lols'
p1741
I72
sS'krispies'
p1742
I72
sS'granola'
p1743
I72
sS'perro'
p1744
I72
sS'7'
p1745
I68
sS'print'
p1746
I72
sS'perra'
p1747
I71
sS'ass'
p1748
I58
sS'bald'
p1749
I72
sS'wattpad'
p1750
I72
sS'bass'
p1751
I72
sS'pathetic'
p1752
I71
sS'friday'
p1753
I64
sS'guess'
p1754
I63
sS'reason'
p1755
I72
sS'put'
p1756
I68
sS'horse'
p1757
I72
sS'beginning'
p1758
I72
sS'vamonos'
p1759
I72
sS'thrown'
p1760
I72
sS'lab,90638\n503587854178856961,gageluvsgreens,2014-08-24'
p1761
I72
sS'lawley'
p1762
I72
sS'terrible'
p1763
I71
sS"louie's"
p1764
I72
sS'introduction'
p1765
I72
sS'american'
p1766
I72
sS'expecting'
p1767
I72
sS'bonfire'
p1768
I72
sS'5sos'
p1769
I72
sS'apocalypse'
p1770
I72
sS'ambrose\xe2\x9d\xa4\xef\xb8\x8f'
p1771
I72
sS'dont'
p1772
I68
sS'feel'
p1773
I62
sS'number'
p1774
I71
sS'welcome'
p1775
I72
sS'feet'
p1776
I72
sS'sisters'
p1777
I72
sS'brave'
p1778
I72
sS'done'
p1779
I53
sS'least'
p1780
I72
sS'kobe'
p1781
I72
sS'miss'
p1782
I51
sS'ikea'
p1783
I72
sS"you'd"
p1784
I72
sS'story'
p1785
I65
sS'"'
p1786
I72
sS'temperature'
p1787
I72
sS'become'
p1788
I72
sS'esas'
p1789
I72
sS'them\xe2\x80\x9d'
p1790
I72
sS'foot?i'
p1791
I72
sS'paint'
p1792
I72
sS'wonderful'
p1793
I72
sS'passed'
p1794
I72
sS'mama'
p1795
I72
sS'tatt'
p1796
I72
sS'headache'
p1797
I71
sS'para'
p1798
I66
sS"i'ma"
p1799
I72
sS'mmmm'
p1800
I72
sS',90638\n428708679244738560,shmemmalee,2014-01-30'
p1801
I72
sS'jordan'
p1802
I71
sS'doctors'
p1803
I72
sS'off'
p1804
I59
sS'believe'
p1805
I68
sS'grace'
p1806
I59
sS'$1'
p1807
I71
sS'kind'
p1808
I67
sS'b'
p1809
I71
sS'gotten'
p1810
I71
sS'dtf'
p1811
I72
sS'866'
p1812
I72
sS'cathy\xe2\x80\x9d'
p1813
I72
sS'dank'
p1814
I72
sS'supposed'
p1815
I70
sS'dang'
p1816
I71
sS'treated'
p1817
I72
sS'hollaaa'
p1818
I72
sS'outta'
p1819
I71
sS'juice'
p1820
I72
sS'alike'
p1821
I72
sS'showers'
p1822
I71
sS'cleaned'
p1823
I72
sS'sell'
p1824
I72
sS'lie'
p1825
I71
sS'relationship'
p1826
I71
sS'dancing'
p1827
I72
sS'lil'
p1828
I68
sS'hair.my'
p1829
I72
sS'also'
p1830
I70
sS'square'
p1831
I72
sS'aggravating'
p1832
I72
sS'pianist'
p1833
I72
sS'tool'
p1834
I72
sS'play'
p1835
I70
sS'compa'
p1836
I71
sS'viciousjose'
p1837
I72
sS'most'
p1838
I66
sS'eaten'
p1839
I71
sS'nothing'
p1840
I66
sS'extremely'
p1841
I72
sS'tomatoe'
p1842
I72
sS'understands'
p1843
I72
sS'mando'
p1844
I72
sS'sometimes'
p1845
I70
sS'wore'
p1846
I72
sS'mrs.i'
p1847
I72
sS'beachin'
p1848
I72
sS'lounge'
p1849
I65
sS'17:29:48.0,33.91611926,-118.03435743,5041.01,id'
p1850
I72
sS'clean'
p1851
I70
sS'\xe2\x98\x80\xef\xb8\x8f'
p1852
I72
sS'tubes'
p1853
I72
sS'microsoft'
p1854
I72
sS'lying'
p1855
I72
sS'ugh'
p1856
I71
sS'*tells'
p1857
I72
sS'gold'
p1858
I72
sS'weapons'
p1859
I72
sS'sleeves'
p1860
I72
sS'stfu'
p1861
I72
sS'relation'
p1862
I72
sS'hyped'
p1863
I71
sS'rts'
p1864
I72
sS'fine'
p1865
I72
sS'find'
p1866
I62
sS'morning\xe2\x98\xba\xef\xb8\x8f'
p1867
I72
sS'hisieron'
p1868
I72
sS'bff'
p1869
I72
sS'blackface'
p1870
I72
sS'paranoid'
p1871
I72
sS'grocers)'
p1872
I72
sS'bestfriends'
p1873
I72
sS'penalty'
p1874
I71
sS'failed'
p1875
I72
sS'wayne'
p1876
I69
sS'pretty'
p1877
I72
sS'8'
p1878
I72
sS"mom's"
p1879
I71
sS'his'
p1880
I62
sS'hit'
p1881
I64
sS'gains'
p1882
I72
sS'beyonc\xc3\xa9'
p1883
I72
sS'grocery'
p1884
I71
sS'famous'
p1885
I72
sS'feels'
p1886
I70
sS'longest'
p1887
I72
sS'workouts'
p1888
I72
sS'him'
p1889
I66
sS'bona'
p1890
I72
sS'rft'
p1891
I70
sS'deezus'
p1892
I72
sS'cry'
p1893
I68
sS'lmao,90638\n459876883186712576,_gerardosanchz,2014-04-26'
p1894
I72
sS'mistakes'
p1895
I72
sS'brush'
p1896
I72
sS'double'
p1897
I72
sS'hype'
p1898
I72
sS'cease'
p1899
I72
sS'bloated'
p1900
I71
sS'definitely\xe2\x98\xba'
p1901
I72
sS'insane'
p1902
I72
sS'cramp'
p1903
I72
sS'set'
p1904
I72
sS'art'
p1905
I72
sS'throwing'
p1906
I72
sS'appalachian'
p1907
I72
sS'vine'
p1908
I71
sS'sex'
p1909
I71
sS'culture'
p1910
I72
sS'see'
p1911
I43
sS'dumb'
p1912
I70
sS'are'
p1913
I30
sS'vendela'
p1914
I72
sS'close'
p1915
I69
sS'11th'
p1916
I72
sS'angie'
p1917
I72
sS'arm'
p1918
I71
sS'barn'
p1919
I72
sS'merch'
p1920
I68
sS'suck\xe2\x80\x9d'
p1921
I72
sS'visiting'
p1922
I72
sS'pictures'
p1923
I69
sS'wow'
p1924
I67
sS'currently'
p1925
I71
sS'nutella'
p1926
I71
sS'probably'
p1927
I68
sS'aaaaaannnd'
p1928
I72
sS'piss'
p1929
I72
sS'knowing'
p1930
I72
sS'laugh'
p1931
I72
sS'makeup'
p1932
I72
sS'underwood'
p1933
I72
sS'attention'
p1934
I72
sS'outfit'
p1935
I72
sS'gay.\xe2\x80\x9d'
p1936
I72
sS'floaty'
p1937
I72
sS'pepsi'
p1938
I72
sS'tragi'
p1939
I72
sS'both'
p1940
I68
sS'c'
p1941
I68
sS'last'
p1942
I57
sS'restaurant'
p1943
I72
sS'thot'
p1944
I72
sS"wouldn't"
p1945
I70
sS'barely'
p1946
I72
sS'foreign'
p1947
I72
sS'alot'
p1948
I72
sS"we've"
p1949
I72
sS'whole'
p1950
I68
sS'finds'
p1951
I72
sS'faggots'
p1952
I72
sS'tirado'
p1953
I72
sS'drunk'
p1954
I70
sS'simple'
p1955
I71
sS'whatever'
p1956
I72
sS'lowder'
p1957
I72
sS'reported'
p1958
I72
sS'simply'
p1959
I71
sS'likes'
p1960
I70
sS'church'
p1961
I71
sS'acabamiento'
p1962
I72
sS'duh'
p1963
I72
sS'devin'
p1964
I72
sS'naps'
p1965
I72
sS'hillsong'
p1966
I72
sS'chick'
p1967
I72
sS'earthquake'
p1968
I72
sS'hitting'
p1969
I70
sS'secret'
p1970
I72
sS'nicki'
p1971
I72
sS'damn'
p1972
I64
sS'viaje'
p1973
I72
sS',90638\n504458418103390209,melissa_soltero,2014-08-27'
p1974
I72
sS'\xe2\x98\x85'
p1975
I71
sS'woke'
p1976
I66
sS'pm'
p1977
I70
sS'vans'
p1978
I71
sS'lived'
p1979
I72
sS'raced'
p1980
I72
sS'vant'
p1981
I72
sS'truth\xe2\x80\x9d'
p1982
I72
sS'sending'
p1983
I72
sS'fire'
p1984
I71
sS',90638\n477847940669509632,_therealspeedy,2014-06-14'
p1985
I72
sS"what's"
p1986
I70
sS'else'
p1987
I71
sS'anthony'
p1988
I72
sS'awake'
p1989
I69
sS'argentinian'
p1990
I72
sS'look'
p1991
I62
sS'fleek'
p1992
I72
sS'fuq'
p1993
I72
sS'straight'
p1994
I70
sS'tolerate'
p1995
I72
sS'pace'
p1996
I72
sS'while'
p1997
I68
sS'kick'
p1998
I71
sS'fun'
p1999
I68
sS'gin'
p2000
I72
sS'00:47:47.0,33.90931048,-118.0321602,5041.01,whachu'
p2001
I72
sS'<3'
p2002
I72
sS'<<'
p2003
I72
sS'demon'
p2004
I72
sS'rip'
p2005
I72
sS'awakening'
p2006
I72
sS'chulas'
p2007
I72
sS'triple'
p2008
I72
sS'ready'
p2009
I66
sS'"look'
p2010
I72
sS'19:08:30.0,33.9135455,-118.0360776,5041.01,my'
p2011
I72
sS"germany's"
p2012
I71
sS'funny'
p2013
I66
sS'shirt'
p2014
I72
sS"angela's"
p2015
I72
sS'seduce'
p2016
I72
sS'how"'
p2017
I72
sS'screenshot'
p2018
I72
sS'fatty'
p2019
I72
sS'assignment'
p2020
I72
sS'yesterday'
p2021
I71
sS'flows'
p2022
I72
sS"02:09:27.0,33.90909832,-118.03606846,5041.01,wasn't"
p2023
I72
sS'moment'
p2024
I72
sS'moving'
p2025
I72
sS'cleaning'
p2026
I72
sS'sizzzurp'
p2027
I72
sS'16:29:27.0,33.9058669,-118.0305733,5041.01,good'
p2028
I72
sS'20:23:56.0,33.9141857,-118.0334971,5041.01,i'
p2029
I72
sS'grind'
p2030
I72
sS'person'
p2031
I72
sS'"express'
p2032
I72
sS'y'
p2033
I67
sS'chemistry'
p2034
I71
sS'spend'
p2035
I71
sS'yankees'
p2036
I72
sS'listening'
p2037
I46
sS'tonight\xe2\x80\x9d'
p2038
I72
sS'1926-may'
p2039
I72
sS'abbreviation'
p2040
I72
sS'shape'
p2041
I72
sS'hercules'
p2042
I72
sS'using'
p2043
I72
sS'praying'
p2044
I72
sS',90638\n504458724560224256,gageluvsgreens,2014-08-27'
p2045
I72
sS'letting'
p2046
I72
sS'hombi'
p2047
I72
sS'cut'
p2048
I71
sS'cup'
p2049
I70
sS'lady'
p2050
I72
sS'cuz'
p2051
I67
sS'amazing,90638\n385769368925110272,jcos53,2013-10-03'
p2052
I72
sS'tues-thursday'
p2053
I72
sS'parents'
p2054
I70
sS'crying'
p2055
I69
sS'homies'
p2056
I71
sS'snap'
p2057
I65
sS'lip'
p2058
I72
sS'excited'
p2059
I68
sS'surprised'
p2060
I72
sS'chikita'
p2061
I71
sS'ervous'
p2062
I72
sS'big'
p2063
I66
sS'couple'
p2064
I72
sS'sittin'
p2065
I72
sS'booootttttyyyyyy'
p2066
I72
sS'game'
p2067
I62
sS'disturb'
p2068
I72
sS'wings'
p2069
I72
sS'projects'
p2070
I72
sS'irritablenot'
p2071
I72
sS'ambrose'
p2072
I54
sS'lost'
p2073
I71
sS'flappy'
p2074
I72
sS'message'
p2075
I72
sS'holes'
p2076
I72
sS'depechevogue'
p2077
I72
sS'nipple'
p2078
I72
sS'02:41:46.0,33.9161454,-118.0295469,5041.01,what'
p2079
I72
sS'screamed'
p2080
I72
sS',90638\n455835216855056384,_gerardosanchz,2014-04-14'
p2081
I72
sS'shieet'
p2082
I72
sS'parada'
p2083
I72
sS'fucking'
p2084
I47
sS'goddamn'
p2085
I72
sS'moraa_karina'
p2086
I72
sS'some'
p2087
I52
sS'back'
p2088
I54
sS'goserias'
p2089
I72
sS'lips'
p2090
I71
sS'grenades'
p2091
I72
sS'shall'
p2092
I72
sS'prom'
p2093
I72
sS'bruhhh'
p2094
I72
sS'laughing'
p2095
I71
sS'be'
p2096
I26
sS'eating'
p2097
I69
sS'bb'
p2098
I72
sS'bc'
p2099
I66
sS'remembered'
p2100
I72
sS'lmaoooo'
p2101
I72
sS'zit'
p2102
I72
sS'rue'
p2103
I72
sS'nuevo'
p2104
I72
sS'step'
p2105
I72
sS'santa'
p2106
I71
sS'bs'
p2107
I72
sS'crap'
p2108
I70
sS'by'
p2109
I58
sS'works'
p2110
I72
sS'sportz'
p2111
I72
sS'anything'
p2112
I68
sS'netflix'
p2113
I72
sS'prove'
p2114
I72
sS'page'
p2115
I72
sS'deserves'
p2116
I72
sS'idk'
p2117
I61
sS'bish'
p2118
I72
sS'germany'
p2119
I70
sS'wanna'
p2120
I64
sS'beanz'
p2121
I72
sS'block'
p2122
I70
sS'seeing'
p2123
I71
sS'into'
p2124
I69
sS'cuchi'
p2125
I72
sS'inti'
p2126
I72
sS'boss*'
p2127
I72
sS'because'
p2128
I54
sS'steven'
p2129
I72
sS'ayyy'
p2130
I70
sS'smells'
p2131
I72
sS'telling.me'
p2132
I72
sS'masterbate'
p2133
I72
sS'mexclas'
p2134
I72
sS'question'
p2135
I72
sS'live'
p2136
I68
sS'long'
p2137
I63
sS"we're"
p2138
I67
sS'bruh'
p2139
I71
sS'bored'
p2140
I67
sS'scared'
p2141
I70
sS'invite'
p2142
I72
sS'legitimate'
p2143
I72
sS'okayyyy'
p2144
I72
sS'poster'
p2145
I71
sS'raisins'
p2146
I72
sS'boys'
p2147
I70
sS'delighting'
p2148
I72
sS'episode'
p2149
I72
sS'line'
p2150
I72
sS'(la'
p2151
I67
sS'posted'
p2152
I70
sS'tumblr'
p2153
I72
sS'awk"'
p2154
I72
sS'*year'
p2155
I72
sS'biggie'
p2156
I72
sS'skull'
p2157
I72
sS'caneron'
p2158
I72
sS'up'
p2159
I28
sS'us'
p2160
I66
sS'ur'
p2161
I66
sS'planet'
p2162
I72
sS'un'
p2163
I72
sS'uh'
p2164
I71
sS'faded'
p2165
I71
sS'gayest'
p2166
I72
sS'fried'
p2167
I71
sS'called'
p2168
I72
sS'bell'
p2169
I72
sS'flow'
p2170
I72
sS'bustin'
p2171
I72
sS'chat'
p2172
I67
sS'105.5'
p2173
I53
sS'granada'
p2174
I72
sS'peach'
p2175
I72
sS'fixing'
p2176
I72
sS'nah'
p2177
I67
sS'peace'
p2178
I70
sS'titi'
p2179
I72
sS'excuses'
p2180
I72
sS'nap'
p2181
I67
sS'actors'
p2182
I72
sS'fuggas,90638\n385768232142897153,jcos53,2013-10-03'
p2183
I72
sS'scurred'
p2184
I71
sS'corazonsito'
p2185
I72
sS'mothafucking'
p2186
I72
sS'this?"me'
p2187
I72
sS'insect'
p2188
I72
sS'guerriero'
p2189
I72
sS',90638\n480403878567899136,djnoy5,2014-06-21'
p2190
I72
sS'ago'
p2191
I70
sS'lane'
p2192
I71
sS'texted'
p2193
I70
sS'yess'
p2194
I72
sS'restroom.<'
p2195
I72
sS'youtube'
p2196
I71
sS'impatient'
p2197
I72
sS'code"'
p2198
I72
sS'hella'
p2199
I72
sS'walker'
p2200
I72
sS'fresh'
p2201
I71
sS'nash'
p2202
I66
sS'having'
p2203
I68
sS'waaaaaaay'
p2204
I72
sS'once'
p2205
I71
sS'essay'
p2206
I71
sS'academy.language'
p2207
I72
sS'code'
p2208
I70
sS'rabbit'
p2209
I72
sS'pissed'
p2210
I72
sS'saying'
p2211
I70
sS'olive'
p2212
I72
sS'go'
p2213
I35
sS'tweeted'
p2214
I71
sS'chillin'
p2215
I69
sS'"teacher'
p2216
I72
sS'tearing'
p2217
I72
sS'peanut'
p2218
I70
sS'yes\xe2\x80\x9d'
p2219
I72
sS'young'
p2220
I71
sS'estodo'
p2221
I72
sS'blaze'
p2222
I72
sS'ponga'
p2223
I71
sS'haha,90638\n477631383725031424,melissa_soltero,2014-06-14'
p2224
I72
sS'wished'
p2225
I72
sS'garden'
p2226
I72
sS'portfolios'
p2227
I72
sS'continues'
p2228
I72
sS'spoon'
p2229
I71
sS'mixing'
p2230
I72
sS'drinking'
p2231
I71
sS'"everyone'
p2232
I72
sS'entire'
p2233
I72
sS'applegeometryspanish'
p2234
I72
sS'chakas'
p2235
I71
sS'experiencing'
p2236
I72
sS'hiva'
p2237
I72
sS'gettin'
p2238
I72
sS'try'
p2239
I69
sS'joes'
p2240
I72
sS'deleting'
p2241
I72
sS'ride'
p2242
I72
sS'joey'
p2243
I71
sS'someday'
p2244
I72
sS'mueren'
p2245
I71
sS'carter'
p2246
I72
sS'bleeding'
p2247
I72
sS'14:08:08.0,33.91661459,-118.03521138,5041.01,drop'
p2248
I72
sS'quakes'
p2249
I72
sS'waking'
p2250
I71
sS'video'
p2251
I70
sS'picked'
p2252
I72
sS'reunion'
p2253
I72
sS'\xe2\x9c\x88\xef\xb8\x8f'
p2254
I72
sS'spaghetti'
p2255
I72
sS'honors'
p2256
I71
sS'depression'
p2257
I72
sS'jaranda21'
p2258
I72
sS'plancheo'
p2259
I72
sS'plays'
p2260
I72
sS'sweats'
p2261
I72
sS'jokes'
p2262
I72
sS'giving'
p2263
I72
sS'anthem'
p2264
I72
sS'networks'
p2265
I72
sS'paying'
p2266
I72
sS'waiting'
p2267
I70
sS'02:40:33.0,33.9121159,-118.0356025,5041.01,going'
p2268
I72
sS'flowing'
p2269
I72
sS'01:11:24.0,33.91549047,-118.03001296,5041.01,trying'
p2270
I72
sS'bird'
p2271
I71
sS'locked'
p2272
I72
sS'praise'
p2273
I72
sS'commercial'
p2274
I72
sS'sexo'
p2275
I72
sS'let'
p2276
I62
sS'sexy'
p2277
I72
sS'invented'
p2278
I72
sS'kidnapped'
p2279
I72
sS'great'
p2280
I60
sS'\xe2\x9a\xbd\xef\xb8\x8f'
p2281
I71
sS'receive'
p2282
I72
sS'30'
p2283
I68
sS'shades'
p2284
I72
sS'host'
p2285
I72
sS'leaving'
p2286
I69
sS'02:28:41.0,33.91584533,-118.03035559,5041.01,1\xe2\x83\xa31\xe2\x83\xa3,90638\n510978117448392705,isaacjgarcia_,2014-09-14'
p2287
I72
sS'products'
p2288
I72
sS"weren't"
p2289
I71
sS'antilike'
p2290
I72
sS'makes'
p2291
I62
sS'honor'
p2292
I72
sS'thats'
p2293
I72
sS'rigged'
p2294
I72
sS'apple'
p2295
I71
sS'win'
p2296
I70
sS'app'
p2297
I72
sS'serna'
p2298
I72
sS'given"'
p2299
I72
sS'wit'
p2300
I71
sS'names'
p2301
I71
sS'singing'
p2302
I72
sS'*argentina\xe2\x80\x9d'
p2303
I72
sS'use'
p2304
I71
sS'from'
p2305
I49
sS'&'
p2306
I43
sS',90638\n442740259961311232,alyssalesso_,2014-03-09'
p2307
I72
sS'kardashas'
p2308
I72
sS'06:42:52.0,33.9116219,-118.0311238,5041.01,how'
p2309
I72
sS'next'
p2310
I62
sS'few'
p2311
I71
sS'you,90638\n453299234377170945,_gerardosanchz,2014-04-07'
p2312
I72
sS'stage'
p2313
I72
sS'sort'
p2314
I72
sS'babe'
p2315
I68
sS'upcoming'
p2316
I72
sS'started'
p2317
I71
sS'about'
p2318
I35
sS'sore'
p2319
I72
sS'goal\xe2\x80\x9d'
p2320
I72
sS'ashamed'
p2321
I72
sS'baby'
p2322
I62
sS'lifestyle'
p2323
I72
sS'mitsubishi'
p2324
I72
sS"marvin's"
p2325
I72
sS'account'
p2326
I71
sS'f'
p2327
I72
sS'this'
p2328
I18
sS'vaudeville'
p2329
I72
sS'ballz'
p2330
I72
sS'crossed'
p2331
I72
sS'shelton'
p2332
I72
sS'beavers'
p2333
I72
sS'aight'
p2334
I72
sS'meet'
p2335
I69
sS'didnt'
p2336
I71
sS'fetch'
p2337
I72
sS'proof'
p2338
I72
sS'kenny'
p2339
I72
sS'thirsty'
p2340
I72
sS'mowing'
p2341
I72
sS'raps'
p2342
I72
sS'halloween'
p2343
I72
sS'high'
p2344
I67
sS'tag'
p2345
I72
sS'something'
p2346
I63
sS'tan'
p2347
I72
sS'freaks'
p2348
I72
sS'sis'
p2349
I72
sS'kian'
p2350
I72
sS'man..god'
p2351
I72
sS'syndrome'
p2352
I72
sS'sit'
p2353
I70
sS'six'
p2354
I71
sS'instead'
p2355
I72
sS'sin'
p2356
I71
sS'oz'
p2357
I72
sS'tension'
p2358
I72
sS'stop'
p2359
I60
sS'philosophy'
p2360
I71
sS'spinnin'
p2361
I72
sS'men'
p2362
I72
sS'taco'
p2363
I70
sS'fuhk'
p2364
I72
sS'tomato'
p2365
I72
sS'realized'
p2366
I69
sS'light'
p2367
I72
sS'lame'
p2368
I71
sS'lines'
p2369
I71
sS'bakery'
p2370
I72
sS'honestly'
p2371
I71
sS'classy'
p2372
I72
sS'ovo'
p2373
I72
sS'software'
p2374
I72
sS'ugly\xe2\x80\x9d'
p2375
I72
sS'soggy'
p2376
I69
sS'move'
p2377
I71
sS'ladies'
p2378
I72
sS"won't"
p2379
I68
sS'looks'
p2380
I67
sS'cruise'
p2381
I72
sS'hoco'
p2382
I72
sS'perfect'
p2383
I66
sS'1'
p2384
I63
sS'blake'
p2385
I72
sS'le'
p2386
I72
sS'la'
p2387
I47
sS'lo'
p2388
I71
sS'me?"'
p2389
I72
sS'[pic]'
p2390
I72
sS'willing'
p2391
I72
sS'choose'
p2392
I71
sS'2014'
p2393
I71
sS'world)'
p2394
I69
sS'dad'
p2395
I68
sS'breezin'
p2396
I72
sS'monniiiiiiiiiinnnnnn'
p2397
I71
sS'auto'
p2398
I72
sS'nada'
p2399
I72
sS'spell'
p2400
I71
sS'lol,90638\n455839190471569408,_gerardosanchz,2014-04-14'
p2401
I72
sS'dat'
p2402
I70
sS'kiss'
p2403
I69
sS'das'
p2404
I70
sS'front'
p2405
I71
sS'1:55'
p2406
I72
sS'day'
p2407
I51
sS'escuela'
p2408
I72
sS'-trey'
p2409
I72
sS'slide'
p2410
I71
sS'doesnt'
p2411
I72
sS"mum's"
p2412
I72
sS'trap'
p2413
I72
sS'truth'
p2414
I72
sS'glasses'
p2415
I71
sS'bueno'
p2416
I72
sS'doing'
p2417
I64
sS'buena'
p2418
I51
sS'mas'
p2419
I71
sS'malefecant'
p2420
I72
sS'books'
p2421
I72
sS'our'
p2422
I68
sS'sexual'
p2423
I72
sS'special'
p2424
I72
sS'out'
p2425
I36
sS'matt'
p2426
I58
sS'flylo'
p2427
I72
sS'females'
p2428
I72
sS'hilarious'
p2429
I72
sS"06:31:50.0,33.9124046,-118.0331325,5041.01,i'm"
p2430
I72
sS'cause'
p2431
I66
sS'red'
p2432
I72
sS'obsess'
p2433
I72
sS'shut'
p2434
I72
sS'uppp'
p2435
I72
sS'jessica'
p2436
I72
sS'unas'
p2437
I72
sS'spot'
p2438
I72
sS'izixusjiwnxhajxncuwijxksixisjd'
p2439
I72
sS'fourteen'
p2440
I72
sS'please'
p2441
I66
sS'que'
p2442
I44
sS'york'
p2443
I72
sS'early'
p2444
I66
sS'"can'
p2445
I72
sS'scary'
p2446
I70
sS'could'
p2447
I63
sS'times'
p2448
I63
sS'window,90638\n510979915895037952,ohiget_it,2014-09-14'
p2449
I72
sS'tonightbut'
p2450
I72
sS'adrian'
p2451
I72
sS'lancer'
p2452
I72
sS'shrek'
p2453
I72
sS'south'
p2454
I72
sS'kendall'
p2455
I72
sS'cinderella'
p2456
I72
sS'unfollowing'
p2457
I70
sS'man,90638\n385818984890630144,jcos53,2013-10-03'
p2458
I72
sS'embarrassed'
p2459
I72
sS'hahahaha'
p2460
I69
sS'bitch'
p2461
I60
sS'h8er'
p2462
I72
sS'noticed'
p2463
I72
sS'quality'
p2464
I72
sS'braces'
p2465
I72
sS'prank'
p2466
I72
sS"you're"
p2467
I45
sS'playlist'
p2468
I71
sS'sadly'
p2469
I72
sS'start'
p2470
I66
sS'festival'
p2471
I72
sS'door'
p2472
I72
sS'their'
p2473
I67
sS'squinty'
p2474
I72
sS'espys'
p2475
I72
sS'ankle'
p2476
I72
sS'werking'
p2477
I72
sS'final'
p2478
I71
sS'craziest'
p2479
I72
sS'shorts'
p2480
I72
sS'exactly'
p2481
I71
sS'megan'
p2482
I72
sS'lmhs'
p2483
I72
sS'july'
p2484
I72
sS'elite'
p2485
I72
sS'noses'
p2486
I72
sS'ipad'
p2487
I71
sS'ben'
p2488
I72
sS'slack'
p2489
I72
sS'collectively'
p2490
I72
sS'boring'
p2491
I71
sS'pointers'
p2492
I72
sS'bed'
p2493
I60
sS'firework'
p2494
I72
sS'jackjack'
p2495
I72
sS'bare'
p2496
I71
sS'a.m'
p2497
I72
sS'bet'
p2498
I71
sS'chats'
p2499
I72
sS'clip'
p2500
I72
sS'comfortable'
p2501
I72
sS'tonight'
p2502
I62
sS'unlikely'
p2503
I72
sS'have'
p2504
I22
sS'need'
p2505
I54
sS'pks\xe2\x80\x9d'
p2506
I72
sS'necessities'
p2507
I72
sS'catholic'
p2508
I72
sS'afraid'
p2509
I71
sS'refuel'
p2510
I72
sS'(niykee'
p2511
I72
sS'min'
p2512
I70
sS'mia'
p2513
I72
sS'lilo'
p2514
I72
sS'saidoeee,90638\n499986922597388288,melissa_soltero,2014-08-14'
p2515
I72
sS'retweet'
p2516
I72
sS'mix'
p2517
I69
sS'which'
p2518
I72
sS'bus'
p2519
I72
sS'so'
p2520
I12
sS'asshole'
p2521
I72
sS'='
p2522
I71
sS'unless'
p2523
I72
sS'clash'
p2524
I71
sS'aww'
p2525
I72
sS'who'
p2526
I58
sS'you"'
p2527
I72
sS'bullpen'
p2528
I72
sS'awk'
p2529
I68
sS'highschool'
p2530
I71
sS'class'
p2531
I64
sS'you\xe2\x99\xa1'
p2532
I72
sS'placement'
p2533
I72
sS'prendio'
p2534
I72
sS'20:52:14.0,33.9111933,-118.02915855,5041.01,channons'
p2535
I72
sS'upset'
p2536
I72
sS'brought'
p2537
I72
sS'face'
p2538
I72
sS'looked'
p2539
I71
sS"you'll"
p2540
I70
sS'se'
p2541
I67
sS'movie'
p2542
I68
sS'champagnepapi'
p2543
I72
sS'fact'
p2544
I72
sS'diji'
p2545
I72
sS'recess'
p2546
I72
sS'text'
p2547
I68
sS'agreed'
p2548
I72
sS'anyway'
p2549
I71
sS'bring'
p2550
I69
sS',90638\n473716428256731136,djnoy5,2014-06-03'
p2551
I72
sS'chicken'
p2552
I68
sS'!,90638\n503377546738548736,gageluvsgreens,2014-08-24'
p2553
I72
sS'congrats'
p2554
I72
sS'biel'
p2555
I72
sS'ha'
p2556
I72
sS'grabbed'
p2557
I72
sS'sweeeeet'
p2558
I72
sS'sirvi'
p2559
I72
sS'rash'
p2560
I72
sS'should'
p2561
I64
sS'score'
p2562
I70
sS'combo'
p2563
I72
sS'riding'
p2564
I72
sS'hope'
p2565
I68
sS'meant'
p2566
I72
sS'handle'
p2567
I72
sS'sweetie'
p2568
I72
sS'means'
p2569
I71
sS'beat'
p2570
I71
sS'dope'
p2571
I72
sS'bear'
p2572
I72
sS'tbh'
p2573
I70
sS'awww'
p2574
I71
sS'ones'
p2575
I69
sS'perfection'
p2576
I71
sS'$160'
p2577
I72
sS'meani'
p2578
I72
sS'ghetto'
p2579
I71
sS'vien'
p2580
I69
sS'course'
p2581
I71
sS'02:01:05.0,33.9168865,-118.0340177,5041.01,just'
p2582
I72
sS'teams'
p2583
I72
sS'ganar'
p2584
I71
sS'stuff'
p2585
I69
sS'she'
p2586
I57
sS'tunes'
p2587
I71
sS'grab'
p2588
I71
sS'17:32:58.0,33.9162237,-118.03426581,5041.01,dont'
p2589
I72
sS'motorcycle'
p2590
I72
sS'btw'
p2591
I71
sS'dillon'
p2592
I70
sS'national'
p2593
I72
sS'we'
p2594
I47
sS'mariguna'
p2595
I72
sS'computer'
p2596
I72
sS'overdrawing'
p2597
I72
sS'desperate'
p2598
I72
sS'violet'
p2599
I72
sS'sleeping'
p2600
I72
sS'justeeeeeeeen'
p2601
I72
sS'destiny'
p2602
I72
sS'closet'
p2603
I72
sS'poussey'
p2604
I72
sS'horrible'
p2605
I72
sS'frustrated'
p2606
I71
sS'bought'
p2607
I67
sS'superior'
p2608
I72
sS'importance'
p2609
I72
sS'time\xe2\x80\x9d'
p2610
I72
sS'embarrassment'
p2611
I72
sS'job'
p2612
I71
sS'key'
p2613
I71
sS'police'
p2614
I72
sS'faggot'
p2615
I72
sS'legit'
p2616
I71
sS'titties'
p2617
I72
sS'plebis'
p2618
I72
sS'instant'
p2619
I72
sS'sniff'
p2620
I72
sS'"senior'
p2621
I72
sS'taking'
p2622
I69
sS"he's"
p2623
I62
sS'\xe2\x98\xba'
p2624
I72
sS'admit'
p2625
I70
sS'figures'
p2626
I72
sS'jersey'
p2627
I72
sS'aye'
p2628
I72
sS'vent'
p2629
I72
sS'gooood'
p2630
I72
sS'"sweet'
p2631
I72
sS'ca'
p2632
I71
sS'paranormal'
p2633
I72
sS'walk'
p2634
I72
sS'brinley'
p2635
I72
sS'news'
p2636
I72
sS'motto'
p2637
I72
sS'ct'
p2638
I72
sS',90638\n498033806000291840,ohiget_it,2014-08-09'
p2639
I72
sS'"tooth'
p2640
I72
sS'swimmer'
p2641
I72
sS"it's"
p2642
I27
sS'cinema'
p2643
I72
sS'gtr'
p2644
I72
sS'yas'
p2645
I71
sS'17:01:15.0,33.9058093,-118.030593,5041.01,some'
p2646
I72
sS'gopro'
p2647
I72
sS'teamwork'
p2648
I72
sS'treat'
p2649
I71
sS'bby'
p2650
I72
sS'ah'
p2651
I72
sS'upbeat'
p2652
I72
sS'hottest'
p2653
I71
sS'waste'
p2654
I72
sS'todabia'
p2655
I72
sS'>'
p2656
I70
sS'3yrs'
p2657
I72
sS'preworkout'
p2658
I72
sS'penny'
p2659
I72
sS'bit'
p2660
I72
sS'hmu'
p2661
I72
sS'cypress'
p2662
I72
sS'molcajete'
p2663
I72
sS'crappy'
p2664
I72
sS'finished'
p2665
I69
sS'-.-'
p2666
I72
sS'covered'
p2667
I72
sS'smoking'
p2668
I72
sS'present'
p2669
I72
sS'bye'
p2670
I72
sS'nd'
p2671
I72
sS'harder'
p2672
I72
sS'heaton'
p2673
I72
sS'will'
p2674
I68
sS'country'
p2675
I63
sS'done\xe2\x80\x9d'
p2676
I72
sS'itfalling'
p2677
I72
sS'yeah!!student'
p2678
I72
sS'file'
p2679
I72
sS'almost'
p2680
I66
sS',90638\n482757452278923264,djnoy5,2014-06-28'
p2681
I72
sS'adorbs'
p2682
I72
sS'vs'
p2683
I69
sS'acer'
p2684
I72
sS'22:43:11.0,33.90705671,-118.02978669,5041.01,your'
p2685
I72
sS'partner'
p2686
I72
sS')'
p2687
I69
sS'views'
p2688
I72
sS'cross'
p2689
I71
sS'matthew'
p2690
I71
sS'speaker'
p2691
I72
sS'helicopters'
p2692
I72
sS'19:14:38.0,33.91632467,-118.02941138,5041.01,honestly'
p2693
I72
sS'party'
p2694
I67
sS'android'
p2695
I72
sS'gets'
p2696
I70
sS'ooooooooo'
p2697
I72
sS'tiempo'
p2698
I72
sS'ball'
p2699
I72
sS'drink'
p2700
I69
sS'fucker'
p2701
I72
sS'budlight'
p2702
I72
sS'student'
p2703
I71
sS'fucked'
p2704
I71
sS'spree'
p2705
I70
sS'ashley'
p2706
I71
sS'center'
p2707
I72
sS'fully'
p2708
I72
sS'i'
p2709
I2
sS'well'
p2710
I66
sS'gazzel'
p2711
I72
sS'thought'
p2712
I70
sS'knotts'
p2713
I72
sS'more,90638\n442739675149504512,alyssalesso_,2014-03-09'
p2714
I72
sS'english'
p2715
I71
sS'position'
p2716
I72
sS'dequan'
p2717
I72
sS'45'
p2718
I72
sS'carrie'
p2719
I72
sS'hombie'
p2720
I71
sS'cried'
p2721
I72
sS'less'
p2722
I72
sS'increasingly'
p2723
I72
sS"should've"
p2724
I72
sS'sofia'
p2725
I71
sS'rachels'
p2726
I71
sS'distant'
p2727
I72
sS'paul'
p2728
I71
sS'happiness'
p2729
I72
sS'quiero'
p2730
I70
sS'point'
p2731
I68
sS'sky'
p2732
I72
sS'wen'
p2733
I72
sS'realize'
p2734
I70
sS'add'
p2735
I68
sS'other'
p2736
I69
sS'attractive'
p2737
I71
sS'dance'
p2738
I72
sS'twerk'
p2739
I72
sS'1:51'
p2740
I72
sS'homework'
p2741
I71
sS'eche'
p2742
I72
sS"who's"
p2743
I71
sS'"drought"'
p2744
I72
sS'mayweather?"well'
p2745
I72
sS'cruz'
p2746
I72
sS'five'
p2747
I72
sS'know'
p2748
I40
sS'nvm'
p2749
I71
sS'have/need'
p2750
I72
sS'zero\xe2\x80\x9d'
p2751
I72
sS'*29'
p2752
I72
sS'freckles'
p2753
I72
sS'like'
p2754
I19
sS'success'
p2755
I71
sS'*super'
p2756
I72
sS'candy'
p2757
I72
sS'lose'
p2758
I72
sS'leaves'
p2759
I72
sS'momma-bird'
p2760
I72
sS'soft'
p2761
I72
sS'fuckkk'
p2762
I72
sS'nigga'
p2763
I62
sS'twitter'
p2764
I69
sS'scottish'
p2765
I72
sS'alive'
p2766
I71
sS'hair'
p2767
I66
sS'homo'
p2768
I72
sS'pounding'
p2769
I72
sS'home'
p2770
I69
sS'liking'
p2771
I72
sS'whiteboards'
p2772
I72
sS'happens'
p2773
I72
sS'251'
p2774
I72
sS'literally'
p2775
I65
sS"sportsman's"
p2776
I65
sS'ese'
p2777
I72
sS'does'
p2778
I65
sS'esa'
p2779
I71
sS'headlights'
p2780
I72
sS'2chemistry'
p2781
I72
sS'noise'
p2782
I72
sS'obey'
p2783
I72
sS'schedule'
p2784
I72
sS'fixed/serviced'
p2785
I72
sS'alumni'
p2786
I72
sS'slut'
p2787
I72
sS'singin'
p2788
I72
sS'immature'
p2789
I71
sS'hiding'
p2790
I72
sS'throne'
p2791
I72
sS'escuchando'
p2792
I72
sS'sister'
p2793
I62
sS'actual'
p2794
I72
sS'justin'
p2795
I64
sS'getting'
p2796
I62
sS'consciousness'
p2797
I72
sS'scott'
p2798
I72
sS'perks'
p2799
I70
sS'swear'
p2800
I66
sS'quilla'
p2801
I72
sS'swimming'
p2802
I71
sS'ginobili'
p2803
I72
sS'h8'
p2804
I72
sS'own'
p2805
I72
sS'pussy'
p2806
I70
sS'socks'
p2807
I71
sS',90638\n498030423742906368,ohiget_it,2014-08-09'
p2808
I72
sS'stared'
p2809
I72
sS'weather'
p2810
I69
sS'promise'
p2811
I72
sS'tiny'
p2812
I72
sS'2k14'
p2813
I72
sS'lol...why'
p2814
I72
sS'vegetables'
p2815
I72
sS'daniels'
p2816
I72
sS'beer'
p2817
I72
sS'god-bro'
p2818
I72
sS'kidding'
p2819
I72
sS'him:-)'
p2820
I72
sS'doooown'
p2821
I72
sS'biggest'
p2822
I71
sS'yrs'
p2823
I72
sS'morrita'
p2824
I72
sS'function'
p2825
I71
sS'buy'
p2826
I68
sS"i've"
p2827
I59
sS'hr'
p2828
I71
sS'hs'
p2829
I72
sS'bitches'
p2830
I70
sS'hw'
p2831
I70
sS'but'
p2832
I23
sS'hi'
p2833
I71
sS'hb'
p2834
I72
sS'ear'
p2835
I72
sS'eat'
p2836
I61
sS'hd'
p2837
I72
sS'he'
p2838
I57
sS'made'
p2839
I67
sS'whether'
p2840
I71
sS'wish'
p2841
I67
sS'annoying'
p2842
I66
sS'whatevs'
p2843
I71
sS'sike'
p2844
I72
sS'dms'
p2845
I72
sS'stories'
p2846
I72
sS'problem'
p2847
I72
sS'piece'
p2848
I72
sS'minutes'
p2849
I69
sS'display'
p2850
I72
sS'irish'
p2851
I72
sS'replying'
p2852
I71
sS"bella's"
p2853
I72
sS'pic'
p2854
I71
sS'kisses'
p2855
I72
sS'mothafuckers'
p2856
I72
sS'beats'
p2857
I72
sS'mejor'
p2858
I71
sS'ink'
p2859
I72
sS'mash'
p2860
I72
sS'ew'
p2861
I71
sS'diego'
p2862
I72
sS'rumors'
p2863
I72
sS'gay'
p2864
I72
sS'dressed'
p2865
I71
sS'cashew'
p2866
I72
sS'treatment'
p2867
I72
sS'40'
p2868
I70
sS'book'
p2869
I70
sS'sick'
p2870
I68
sS'ventilating'
p2871
I72
sS'acrylic'
p2872
I72
sS'conclusion'
p2873
I72
sS'junk'
p2874
I72
sS'monday'
p2875
I69
sS'june'
p2876
I72
sS'outlets'
p2877
I72
sS'stay'
p2878
I69
sS'alright'
p2879
I72
sS'chance'
p2880
I71
sS'tailgate'
p2881
I72
sS'friends'
p2882
I55
sS'cliff'
p2883
I72
sS'pilas'
p2884
I72
sS'space'
p2885
I72
sS'4s'
p2886
I72
sS"dog's"
p2887
I72
sS'understand'
p2888
I70
sS'yell'
p2889
I72
sS'laundromat'
p2890
I72
sS'birthday,90638\n472508549675765760,_gerardosanchz,2014-05-30'
p2891
I72
sS'traumatizing'
p2892
I72
s.