(dp0
S''
p1
I5
sS'all'
p2
I34
sS':/'
p3
I38
sS':('
p4
I35
sS':)'
p5
I35
sS':*'
p6
I39
sS'dance'
p7
I40
sS'(\xe4\xbe\x98\xe5\xaf\x82)'
p8
I40
sS'*16th'
p9
I40
sS'month'
p10
I40
sS'91'
p11
I40
sS'concept'
p12
I40
sS'sleep'
p13
I36
sS'hanging'
p14
I40
sS'go'
p15
I26
sS'follow'
p16
I38
sS'truefact'
p17
I40
sS'hate'
p18
I35
sS'bmx'
p19
I40
sS'trihawk'
p20
I40
sS'looking'
p21
I38
sS'gold'
p22
I40
sS'college'
p23
I40
sS'mafia'
p24
I40
sS'tweet'
p25
I40
sS'tu'
p26
I40
sS'vs'
p27
I40
sS'ueono'
p28
I40
sS'send'
p29
I40
sS'laughing'
p30
I40
sS'to'
p31
I2
sS'finally'
p32
I38
sS'blaze'
p33
I40
sS'reblog'
p34
I40
sS'talent...notmuch'
p35
I40
sS'pay'
p36
I40
sS'sorry'
p37
I39
sS'must'
p38
I39
sS'rob'
p39
I40
sS'me'
p40
I8
sS'force'
p41
I40
sS'jerk'
p42
I40
sS'song'
p43
I38
sS':d'
p44
I40
sS'*sigh'
p45
I40
sS'fav'
p46
I39
sS'*fdb'
p47
I40
sS'documentaries'
p48
I40
sS'tacos'
p49
I40
sS'seconds'
p50
I40
sS'rading'
p51
I40
sS'vegas'
p52
I40
sS'every'
p53
I36
sS'505'
p54
I39
sS'ticket'
p55
I40
sS'screaming'
p56
I40
sS'monkeys'
p57
I40
sS'cool'
p58
I38
sS'school'
p59
I35
sS'magic'
p60
I40
sS'dii'
p61
I39
sS'did'
p62
I34
sS'laying'
p63
I40
sS'gun'
p64
I39
sS'it....barely'
p65
I40
sS'leave'
p66
I37
sS'soooo'
p67
I40
sS'lesbians'
p68
I40
sS'team'
p69
I40
sS'fuuuck'
p70
I40
sS'guy'
p71
I38
sS'pentagram'
p72
I40
sS'bljr'
p73
I40
sS"it'll"
p74
I40
sS"i'll"
p75
I37
sS'blade'
p76
I40
sS'rats'
p77
I40
sS'carter'
p78
I40
sS'cosa'
p79
I40
sS'tired'
p80
I38
sS'tailwhip'
p81
I40
sS'penalties'
p82
I40
sS'oops'
p83
I40
sS'past'
p84
I38
sS'talks'
p85
I40
sS'zero'
p86
I40
sS'roosevelt'
p87
I40
sS'pass'
p88
I39
sS'migraines'
p89
I40
sS'acid'
p90
I40
sS'badfish'
p91
I40
sS'aela'
p92
I40
sS'even'
p93
I32
sS'what'
p94
I34
sS'bb'
p95
I40
sS'clock'
p96
I40
sS'rot'
p97
I40
sS'asap'
p98
I40
sS'fucks'
p99
I40
sS'crush'
p100
I39
sS'nwohmsblar'
p101
I40
sS'waiting'
p102
I39
sS'1408'
p103
I40
sS'new'
p104
I36
sS'ever'
p105
I37
sS'told'
p106
I40
sS'body'
p107
I39
sS'kicked'
p108
I39
sS'never'
p109
I37
sS'suga'
p110
I39
sS'brainwashed'
p111
I40
sS'here'
p112
I39
sS'lakes'
p113
I40
sS'met'
p114
I40
sS'99.9%'
p115
I40
sS'let'
p116
I37
sS'free'
p117
I40
sS'making'
p118
I37
sS'alone'
p119
I39
sS'sing'
p120
I40
sS'b'
p121
I40
sS'teacher'
p122
I39
sS'change'
p123
I39
sS'wait'
p124
I39
sS'boy'
p125
I39
sS'great'
p126
I36
sS'kids'
p127
I39
sS'daughter'
p128
I40
sS"shakey's"
p129
I40
sS'ahead'
p130
I40
sS'thrasher'
p131
I40
sS'didnt'
p132
I40
sS'leaves'
p133
I40
sS'30'
p134
I40
sS'lakers'
p135
I40
sS'leaving'
p136
I38
sS"i'd"
p137
I37
sS'survey'
p138
I40
sS'negara'
p139
I40
sS'smoke'
p140
I40
sS'pick'
p141
I40
sS"would've"
p142
I38
sS"i'm"
p143
I11
sS'makes'
p144
I37
sS'conditioning'
p145
I40
sS'spoil'
p146
I40
sS'breathtaking'
p147
I40
sS'via'
p148
I40
sS'love'
p149
I27
sS'besides'
p150
I40
sS'family'
p151
I40
sS'vie'
p152
I40
sS'win'
p153
I39
sS'important'
p154
I40
sS'pertanian'
p155
I40
sS'highly'
p156
I39
sS'brought'
p157
I40
sS'till'
p158
I40
sS'semester'
p159
I40
sS'gigs'
p160
I40
sS'1st'
p161
I40
sS'cocaine'
p162
I39
sS'singing'
p163
I40
sS'imaginary'
p164
I40
sS'emoji'
p165
I40
sS'standing'
p166
I39
sS'from'
p167
I35
sS'perf'
p168
I39
sS'would'
p169
I31
sS'&'
p170
I39
sS'longer'
p171
I40
sS'scan'
p172
I40
sS'dude'
p173
I34
sS'two'
p174
I39
sS'next'
p175
I37
sS'cents'
p176
I40
sS'ca)'
p177
I40
sS'doubt'
p178
I38
sS'music'
p179
I38
sS'card'
p180
I40
sS'6'
p181
I40
sS'taken'
p182
I40
sS"he's"
p183
I40
sS'type'
p184
I40
sS'tell'
p185
I38
sS'today'
p186
I28
sS'more'
p187
I33
sS'nyquil'
p188
I40
sS'"can'
p189
I40
sS'danced'
p190
I40
sS'holy'
p191
I37
sS'relax'
p192
I40
sS'club'
p193
I39
sS'laughs'
p194
I40
sS'sns'
p195
I40
sS'haha'
p196
I38
sS'about'
p197
I35
sS'loong'
p198
I40
sS'hurt'
p199
I40
sS'warn'
p200
I40
sS'-____-'
p201
I40
sS'warm'
p202
I40
sS'"don\'t'
p203
I40
sS'baby'
p204
I35
sS'6*'
p205
I40
sS'mellow'
p206
I40
sS'doom'
p207
I40
sS'easternav'
p208
I40
sS'glad'
p209
I40
sS'women'
p210
I39
sS'fly'
p211
I39
sS'enjoying'
p212
I40
sS'word'
p213
I40
sS'room'
p214
I39
sS'hour'
p215
I40
sS'niggas'
p216
I40
sS'this'
p217
I21
sS'piercings'
p218
I40
sS'oh'
p219
I39
sS'mi'
p220
I40
sS"manson's"
p221
I40
sS'movies'
p222
I39
sS'cuddle'
p223
I39
sS'incidents'
p224
I40
sS'can'
p225
I37
sS'growing'
p226
I40
sS'meet'
p227
I39
sS'my'
p228
I7
sS'marble'
p229
I39
sS'def'
p230
I40
sS'sabe'
p231
I40
sS'beautiful'
p232
I40
sS'crazy'
p233
I36
sS'wana'
p234
I40
sS'pony'
p235
I40
sS'give'
p236
I38
sS'baeeeeeee'
p237
I40
sS"didn't"
p238
I38
sS'fuck'
p239
I25
sS'high'
p240
I36
sS'lolol'
p241
I40
sS'dm'
p242
I40
sS'something'
p243
I34
sS'want'
p244
I28
sS'honest'
p245
I40
sS'reynolds'
p246
I40
sS'angeles'
p247
I40
sS'obsession'
p248
I40
sS'scar'
p249
I40
sS'thing'
p250
I40
sS'rather'
p251
I39
sS'weed'
p252
I40
sS'means'
p253
I39
sS'nuts'
p254
I40
sS'write'
p255
I39
sS'how'
p256
I27
sS'amazing'
p257
I39
sS'chicks'
p258
I40
sS'"no'
p259
I40
sS'opposite'
p260
I40
sS'instead'
p261
I39
sS'ordinary'
p262
I40
sS'explains'
p263
I40
sS'goat'
p264
I40
sS'*tyler'
p265
I40
sS'hoy'
p266
I40
sS'fare'
p267
I40
sS'tension'
p268
I40
sS'mas'
p269
I40
sS'okay'
p270
I38
sS'plans'
p271
I40
sS'rude'
p272
I40
sS'strokes'
p273
I40
sS'stop'
p274
I39
sS'scare'
p275
I40
sS'after'
p276
I35
sS'spot'
p277
I40
sS'ambs'
p278
I40
sS'collection'
p279
I40
sS'tracking'
p280
I40
sS'bonfires'
p281
I40
sS'mac'
p282
I40
sS'birthday'
p283
I36
sS'mad/sad'
p284
I40
sS'mad'
p285
I34
sS'coming'
p286
I40
sS'such'
p287
I38
sS'suck'
p288
I39
sS'sipping'
p289
I40
sS'guys'
p290
I40
sS'jumping'
p291
I40
sS'a'
p292
I4
sS'refuse'
p293
I40
sS'jefas'
p294
I40
sS'neck'
p295
I40
sS'"what?""yeah""oh""damn"'
p296
I40
sS'6th'
p297
I40
sS'appreciate'
p298
I40
sS'robot'
p299
I40
sS'gaji'
p300
I40
sS'complaining'
p301
I40
sS'si'
p302
I40
sS'so'
p303
I10
sS'keeps'
p304
I39
sS'offend'
p305
I40
sS'tatted'
p306
I40
sS'fingerprinted'
p307
I40
sS'dream'
p308
I40
sS'playing'
p309
I37
sS'talk'
p310
I34
sS"that's"
p311
I37
sS'cute'
p312
I36
sS'breaking'
p313
I40
sS'"hope'
p314
I40
sS"don't"
p315
I19
sS'indeed'
p316
I40
sS'over'
p317
I35
sS'move'
p318
I39
sS'soon'
p319
I38
sS'years'
p320
I40
sS'held'
p321
I40
sS'naughty'
p322
I40
sS"won't"
p323
I39
sS'looks'
p324
I40
sS'committed'
p325
I40
sS'hell'
p326
I40
sS'cold'
p327
I40
sS'still'
p328
I31
sS'movie"'
p329
I40
sS'its'
p330
I32
sS"down'"
p331
I40
sS'perfect'
p332
I39
sS'25'
p333
I40
sS'thank'
p334
I36
sS'la'
p335
I38
sS'interesting'
p336
I40
sS'cres'
p337
I40
sS'hot'
p338
I40
sS'actually'
p339
I39
sS'better'
p340
I36
sS'ahh'
p341
I40
sS'johnny'
p342
I40
sS'orange'
p343
I39
sS'hobby'
p344
I40
sS'might'
p345
I40
sS'easier'
p346
I40
sS"haven't"
p347
I36
sS'happened'
p348
I39
sS'dad'
p349
I38
sS'then'
p350
I34
sS'them'
p351
I33
sS'good'
p352
I25
sS'bans'
p353
I40
sS'obvi'
p354
I40
sS'ya'
p355
I37
sS'sinner'
p356
I40
sS'noticing'
p357
I40
sS'clippers'
p358
I40
sS'blessed'
p359
I40
sS'dat'
p360
I40
sS'girlfriend'
p361
I40
sS'cutting'
p362
I40
sS'try'
p363
I40
sS'socks'
p364
I40
sS'they'
p365
I38
sS'hands'
p366
I39
sS'not'
p367
I33
sS'ninja'
p368
I39
sS'now'
p369
I30
sS'day'
p370
I33
sS'ktown'
p371
I40
sS'<33'
p372
I39
sS'gushing'
p373
I40
sS'bryan'
p374
I40
sS'"trying"'
p375
I40
sS'name'
p376
I40
sS'thankful'
p377
I40
sS'always'
p378
I29
sS'2x'
p379
I40
sS'sneezed'
p380
I40
sS'blazing'
p381
I40
sS'l7'
p382
I40
sS'weather'
p383
I40
sS'stopped'
p384
I40
sS'truth'
p385
I40
sS'rock'
p386
I39
sS'done'
p387
I40
sS'went'
p388
I39
sS'pizza'
p389
I40
sS'gazing'
p390
I40
sS'|'
p391
I39
sS"isn't"
p392
I40
sS'mean'
p393
I39
sS'seniors'
p394
I40
sS'*sigh*'
p395
I40
sS'studios'
p396
I40
sS'everyone'
p397
I40
sS'lowkey'
p398
I40
sS'house'
p399
I34
sS'adventure'
p400
I40
sS'crimes'
p401
I40
sS'700'
p402
I40
sS'yeah'
p403
I34
sS'related'
p404
I40
sS'static'
p405
I40
sS'expect'
p406
I40
sS'year'
p407
I39
sS'today...same'
p408
I40
sS'our'
p409
I39
sS'girl'
p410
I37
sS'sexual'
p411
I40
sS"bby's"
p412
I40
sS'out'
p413
I30
sS'rt'
p414
I40
sS'living'
p415
I40
sS'given'
p416
I40
sS'\xe2\x9b\x85\xef\xb8\x8f'
p417
I40
sS":')"
p418
I40
sS'yous'
p419
I40
sS'dismissal'
p420
I40
sS'since'
p421
I38
sS'content'
p422
I39
sS'seriously'
p423
I39
sS'hill'
p424
I40
sS'7'
p425
I39
sS'smh'
p426
I39
sS'got'
p427
I35
sS'rn'
p428
I33
sS'cause'
p429
I39
sS'ri'
p430
I40
sS'red'
p431
I40
sS'smart'
p432
I40
sS'ass'
p433
I40
sS'suure'
p434
I40
sS'cutest'
p435
I40
sS"you're"
p436
I36
sS'turned'
p437
I40
sS'friday'
p438
I40
sS'mu\xc3\xb1eca'
p439
I39
sS'guess'
p440
I40
sS'anyone'
p441
I40
sS'bulls'
p442
I40
sS'mmm'
p443
I39
sS'reason'
p444
I39
sS'carried'
p445
I40
sS'que'
p446
I39
sS'rebel'
p447
I40
sS'barao'
p448
I40
sS'imagine'
p449
I40
sS'birfday'
p450
I40
sS'favs'
p451
I39
sS'wanted'
p452
I40
sS'sprouse'
p453
I40
sS'bash'
p454
I40
sS'care'
p455
I36
sS'marla'
p456
I40
sS'scary'
p457
I40
sS'dammit'
p458
I40
sS'gusta'
p459
I38
sS"'caress"
p460
I40
sS'mesmerized'
p461
I40
sS'<'
p462
I40
sS'starts'
p463
I40
sS'could'
p464
I33
sS'punk'
p465
I39
sS'days'
p466
I36
sS'times'
p467
I39
sS'motion'
p468
I40
sS'turn'
p469
I39
sS'heck'
p470
I40
sS'place'
p471
I39
sS'w'
p472
I35
sS'pot'
p473
I40
sS"jerky's"
p474
I40
sS'margaritas'
p475
I40
sS'star'
p476
I40
sS'think'
p477
I35
sS'fuckin'
p478
I40
sS'first'
p479
I38
sS'cheese'
p480
I40
sS'major'
p481
I39
sS'already'
p482
I37
sS'superbowl'
p483
I40
sS'feel'
p484
I34
sS'softball'
p485
I40
sS'scene'
p486
I39
sS'one'
p487
I28
sS'mmmmm'
p488
I40
sS'talked'
p489
I40
sS"tumblr's"
p490
I40
sS'bitch'
p491
I38
sS'comin'
p492
I40
sS'neighborhood'
p493
I40
sS'sounds'
p494
I39
sS'*cries*'
p495
I40
sS'miss'
p496
I36
sS'tomorrow'
p497
I32
sS'asain'
p498
I40
sS'idea'
p499
I40
sS"doesn't"
p500
I37
sS'little'
p501
I40
sS'long'
p502
I39
sS'sadly'
p503
I40
sS'fuckery'
p504
I40
sS'los'
p505
I40
sS'spells'
p506
I40
sS'dogg'
p507
I40
sS'caught'
p508
I40
sS'me"'
p509
I40
sS'girls'
p510
I40
sS'intriguing'
p511
I40
sS'up"'
p512
I40
sS'mami'
p513
I38
sS'their'
p514
I35
sS'fml'
p515
I40
sS'2'
p516
I38
sS'too'
p517
I29
sS'*patiently'
p518
I40
sS'man'
p519
I40
sS'bitter'
p520
I40
sS'final'
p521
I39
sS'friend'
p522
I39
sS'listen'
p523
I38
sS'hard'
p524
I40
sS'stars'
p525
I40
sS'relationship'
p526
I40
sS'that'
p527
I12
sS'hanged'
p528
I40
sS'completed'
p529
I40
sS'suit'
p530
I40
sS'albert'
p531
I40
sS'scooby'
p532
I40
sS'mmmm'
p533
I40
sS'cops'
p534
I40
sS'vinyl'
p535
I40
sS'part'
p536
I40
sS'push'
p537
I40
sS'butt'
p538
I40
sS'kept'
p539
I40
sS'sex'
p540
I40
sS'stairs'
p541
I40
sS'than'
p542
I38
sS"here's"
p543
I40
sS'boyfriend'
p544
I40
sS'10'
p545
I39
sS'cracks'
p546
I40
sS'15'
p547
I40
sS'lmao'
p548
I22
sS'jam'
p549
I39
sS'pegs'
p550
I40
sS'double'
p551
I40
sS'gotta'
p552
I39
sS'goodnight'
p553
I40
sS'bed'
p554
I37
sS'tommy'
p555
I40
sS'rehab'
p556
I40
sS'future'
p557
I39
sS'guilt'
p558
I40
sS'were'
p559
I37
sS'asleep'
p560
I40
sS'riddance'
p561
I40
sS'country'
p562
I40
sS'anyways'
p563
I40
sS'and'
p564
I9
sS'normal'
p565
I40
sS'rad'
p566
I40
sS'nooo'
p567
I40
sS'angel'
p568
I40
sS'ran'
p569
I40
sS'pro'
p570
I39
sS'mind'
p571
I39
sS'slap'
p572
I40
sS'comfortable'
p573
I40
sS'tonight'
p574
I34
sS'talking'
p575
I38
sS'say'
p576
I33
sS'caress'
p577
I40
sS'irreversible'
p578
I39
sS'have'
p579
I24
sS'disturbing'
p580
I40
sS'need'
p581
I38
sS'seen'
p582
I38
sS'seem'
p583
I40
sS'invite'
p584
I40
sS'saw'
p585
I39
sS'any'
p586
I39
sS'ray'
p587
I40
sS'tho'
p588
I39
sS'quieter'
p589
I40
sS'nights'
p590
I40
sS'mostly'
p591
I40
sS'lil'
p592
I39
sS'odd'
p593
I40
sS'responsible'
p594
I40
sS'-'
p595
I39
sS'aside'
p596
I40
sS'kaya'
p597
I40
sS'lit'
p598
I40
sS'also'
p599
I38
sS'squad'
p600
I40
sS'hookah'
p601
I40
sS'take'
p602
I38
sS'babes'
p603
I40
sS'bus'
p604
I40
sS'ego'
p605
I40
sS'reals'
p606
I40
sS'glasses'
p607
I40
sS'='
p608
I40
sS'blades'
p609
I40
sS'play'
p610
I36
sS'sure'
p611
I38
sS'fields'
p612
I40
sS'electric'
p613
I39
sS'though'
p614
I37
sS'aww'
p615
I39
sS"amber's"
p616
I40
sS'izaiah'
p617
I40
sS'who'
p618
I35
sS'netflix'
p619
I39
sS'most'
p620
I39
sS'roller'
p621
I40
sS'awk'
p622
I40
sS'forreal'
p623
I40
sS'nothing'
p624
I38
sS'class'
p625
I37
sS'forever'
p626
I39
sS'episode'
p627
I39
sS'later'
p628
I39
sS'upset'
p629
I40
sS'gin'
p630
I40
sS'doe'
p631
I40
sS'lots'
p632
I40
sS"you'll"
p633
I40
sS'definitely'
p634
I40
sS'absurd'
p635
I40
sS'sd'
p636
I40
sS'urself"'
p637
I40
sS'away'
p638
I39
sS'came'
p639
I39
sS'zoom'
p640
I40
sS'belle'
p641
I40
sS'walking'
p642
I39
sS'ugh'
p643
I36
sS'bomb'
p644
I40
sS'n00dz'
p645
I40
sS'brenda'
p646
I39
sS'show'
p647
I39
sS'morrissey'
p648
I40
sS'lmaoo'
p649
I40
sS'anyway'
p650
I40
sS'peaches'
p651
I40
sS'estoy'
p652
I40
sS'booze'
p653
I40
sS'summertime'
p654
I40
sS'radio'
p655
I40
sS"90's"
p656
I40
sS'dopey'
p657
I40
sS'stoned'
p658
I40
sS'king'
p659
I40
sS'aggressive'
p660
I38
sS'cacti'
p661
I40
sS'hornets'
p662
I39
sS'find'
p663
I40
sS'toast'
p664
I40
sS"father's"
p665
I40
sS'slow'
p666
I39
sS'with'
p667
I19
sS'wut'
p668
I40
sS'hrs'
p669
I40
sS'should'
p670
I36
sS'only'
p671
I37
sS'going'
p672
I27
sS'black'
p673
I39
sS'hockey'
p674
I40
sS'pretty'
p675
I35
sS'photo'
p676
I40
sS'watching'
p677
I35
sS'bernstein'
p678
I40
sS'unfollow'
p679
I40
sS'hope'
p680
I38
sS'wearing'
p681
I40
sS'do'
p682
I28
sS"abel's"
p683
I40
sS'his'
p684
I36
sS'hit'
p685
I39
sS"that'd"
p686
I40
sS'listened'
p687
I40
sS'get'
p688
I20
sS'sleepy'
p689
I40
sS'dope'
p690
I40
sS'horrible'
p691
I40
sS'watch'
p692
I38
sS'legs'
p693
I40
sS'toddlers'
p694
I40
sS'ginuwine'
p695
I40
sS'tbh'
p696
I38
sS'feels'
p697
I35
sS'fdb'
p698
I40
sS'percuma'
p699
I40
sS'perfection'
p700
I40
sS'reply'
p701
I40
sS'during'
p702
I40
sS'nasty'
p703
I40
sS'dr'
p704
I40
sS'him'
p705
I36
sS'freaking'
p706
I40
sS'typos'
p707
I40
sS'rlly'
p708
I40
sS'bar'
p709
I39
sS"dillinger's"
p710
I40
sS'backyard'
p711
I40
sS'freaky'
p712
I40
sS'board'
p713
I40
sS'i-10'
p714
I39
sS'morning'
p715
I40
sS'naked'
p716
I40
sS'twice'
p717
I40
sS'bad'
p718
I39
sS'bae'
p719
I38
sS'she'
p720
I32
sS'heels'
p721
I40
sS'waterfalls'
p722
I40
sS'hype'
p723
I40
sS'through'
p724
I37
sS'grab'
p725
I40
sS'bam'
p726
I40
sS'where'
p727
I37
sS'coward'
p728
I40
sS"y'all"
p729
I40
sS'set'
p730
I39
sS'decides'
p731
I40
sS'aspect'
p732
I40
sS'w/'
p733
I40
sS'liquor'
p734
I40
sS'lemonade'
p735
I40
sS'humans'
p736
I40
sS'motivational'
p737
I40
sS'flip'
p738
I40
sS'yoouuu'
p739
I40
sS'see'
p740
I32
sS'toes'
p741
I40
sS'dumb'
p742
I39
sS'are'
p743
I29
sS'buzzed'
p744
I40
sS'violet'
p745
I40
sS'fail'
p746
I40
sS'close'
p747
I40
sS'best'
p748
I39
sS'wonder'
p749
I40
sS'said'
p750
I35
sS'luv'
p751
I38
sS'strawberry'
p752
I40
sS'24/7'
p753
I40
sS'movie'
p754
I36
sS'wow'
p755
I38
sS'missing'
p756
I39
sS'ups'
p757
I40
sS'"oh'
p758
I40
sS'fans'
p759
I40
sS"there's"
p760
I39
sS'happiness'
p761
I40
sS'lose'
p762
I40
sS'hopefully'
p763
I38
sS'call'
p764
I39
sS'probably'
p765
I38
sS'wilds'
p766
I40
sS'mono'
p767
I40
sS'paisa'
p768
I40
sS'jumper'
p769
I40
sS'warrior'
p770
I39
sS'we'
p771
I25
sS'korea'
p772
I40
sS'omg'
p773
I38
sS'nature'
p774
I39
sS'smelled'
p775
I40
sS'timmy'
p776
I40
sS'killing'
p777
I40
sS'str8'
p778
I40
sS'coffee'
p779
I40
sS'(los'
p780
I40
sS'wtf'
p781
I40
sS'hurts'
p782
I40
sS'selene'
p783
I40
sS'cousin'
p784
I40
sS'come'
p785
I38
sS'memento'
p786
I40
sS"c'est"
p787
I40
sS'busting'
p788
I40
sS'hits'
p789
I40
sS'last'
p790
I34
sS'repeating'
p791
I40
sS'brown'
p792
I40
sS'restaurant'
p793
I40
sS'many'
p794
I37
sS'deer'
p795
I40
sS'barely'
p796
I40
sS'against'
p797
I39
sS'caleb'
p798
I40
sS'admit'
p799
I40
sS'planned'
p800
I40
sS'party'
p801
I40
sS'corrupt'
p802
I40
sS'buruhnya'
p803
I40
sS'whole'
p804
I38
sS'asked'
p805
I40
sS"can't"
p806
I36
sS'wear'
p807
I40
sS'shiver'
p808
I40
sS'flies'
p809
I40
sS'very'
p810
I40
sS'headed'
p811
I40
sS'listening'
p812
I40
sS'sweet'
p813
I39
sS'tuesday'
p814
I39
sS'stuck'
p815
I40
sS'period'
p816
I40
sS'ants'
p817
I40
sS'walk'
p818
I37
sS'yelling'
p819
I40
sS'colon'
p820
I40
sS'likes'
p821
I40
sS'laugh'
p822
I39
sS'church'
p823
I39
sS'yaaa'
p824
I40
sS'table'
p825
I40
sS'extinct'
p826
I39
sS'crew'
p827
I40
sS'mission'
p828
I40
sS'duh'
p829
I40
sS'kindergarten'
p830
I40
sS'yay'
p831
I39
sS'irk'
p832
I40
sS'teach'
p833
I40
sS"it's"
p834
I35
sS'reggae'
p835
I40
sS'shout'
p836
I40
sS'been'
p837
I31
sS'whos'
p838
I40
sS'shame'
p839
I40
sS'\xe2\x9d\x84\xef\xb8\x8f'
p840
I40
sS'beer'
p841
I40
sS'much'
p842
I35
sS'damn'
p843
I30
sS'parenting'
p844
I40
sS'bby'
p845
I34
sS'jackass'
p846
I39
sS'hardly'
p847
I40
sS'bullshit'
p848
I40
sS'threw'
p849
I39
sS'wants'
p850
I40
sS'filthy'
p851
I40
sS'life'
p852
I34
sS'dilf'
p853
I40
sS'squirrel'
p854
I40
sS'bernardino'
p855
I39
sS'route'
p856
I40
sS'face'
p857
I40
sS'"wake'
p858
I40
sS'andrew'
p859
I40
sS'otf'
p860
I40
sS'else'
p861
I40
sS'tweets'
p862
I40
sS'finished'
p863
I40
sS'kudos'
p864
I40
sS'understand'
p865
I38
sS'dotd'
p866
I40
sS'rugby'
p867
I40
sS'"disorders"'
p868
I40
sS'sad'
p869
I40
sS'those'
p870
I40
sS'chill'
p871
I36
sS'sound'
p872
I40
sS'myself'
p873
I39
sS'righteous'
p874
I40
sS'look'
p875
I38
sS'juice'
p876
I40
sS'these'
p877
I40
sS'straight'
p878
I39
sS'earthquakes'
p879
I37
sS'will'
p880
I31
sS'h8r'
p881
I40
sS'while'
p882
I37
sS'nate'
p883
I40
sS'hahaha'
p884
I39
sS'fun'
p885
I38
sS'graffiti'
p886
I40
sS'roba'
p887
I40
sS'wake'
p888
I40
sS'vegetarian'
p889
I40
sS'fuh'
p890
I40
sS'necks'
p891
I40
sS"we'll"
p892
I40
sS'pound'
p893
I40
sS'mexico'
p894
I40
sS'almost'
p895
I39
sS'is'
p896
I14
sS'ivo'
p897
I40
sS'demon'
p898
I39
sS'it'
p899
I13
sS'rip'
p900
I40
sS'raise'
p901
I40
sS'lust'
p902
I40
sS'player'
p903
I40
sS'reads'
p904
I40
sS'someone'
p905
I35
sS'avi'
p906
I39
sS'late'
p907
I40
sS'in'
p908
I15
sS'ready'
p909
I39
sS'limit'
p910
I40
sS'if'
p911
I28
sS'funny'
p912
I40
sS'adios'
p913
I40
sS'anymore'
p914
I40
sS'noooo'
p915
I39
sS'things'
p916
I37
sS'make'
p917
I38
sS'same'
p918
I37
sS'animals'
p919
I40
sS'food'
p920
I40
sS'heartbreak'
p921
I40
sS'hahah'
p922
I40
sS'fo'
p923
I40
sS'big'
p924
I40
sS'underground'
p925
I40
sS'bruises'
p926
I40
sS'gets'
p927
I39
sS"70's"
p928
I40
sS'week'
p929
I39
sS'ily2'
p930
I40
sS'ball'
p931
I40
sS'swiss'
p932
I39
sS'holla'
p933
I40
sS'ps3'
p934
I40
sS'arctic'
p935
I40
sS'drink'
p936
I40
sS'hang'
p937
I39
sS'evil'
p938
I40
sS'hand'
p939
I40
sS'fridays'
p940
I40
sS'*rolls'
p941
I40
sS'harm'
p942
I40
sS'opinion'
p943
I40
sS'fucked'
p944
I39
sS'"cus'
p945
I40
sS'totally'
p946
I40
sS'thoughts'
p947
I40
sS'moms'
p948
I40
sS'banda'
p949
I40
sS'dylan'
p950
I40
sS'off'
p951
I38
sS'whispers'
p952
I40
sS'i'
p953
I1
sS"g'z"
p954
I40
sS'weapon'
p955
I40
sS'floor'
p956
I39
sS'well'
p957
I37
sS'fighting'
p958
I40
sS'obviously'
p959
I39
sS'thought'
p960
I37
sS'tit'
p961
I40
sS'aftershock'
p962
I40
sS'without'
p963
I38
sS'comes'
p964
I39
sS'pitbull'
p965
I40
sS'y'
p966
I39
sS'traffic'
p967
I40
sS'the'
p968
I6
sS'spend'
p969
I39
sS'wtfffffffff'
p970
I40
sS'left'
p971
I40
sS'summer'
p972
I39
sS'\xe2\x98\xba\xef\xb8\x8f'
p973
I39
sS'just'
p974
I28
sS'less'
p975
I40
sS'being'
p976
I37
sS'able'
p977
I39
sS"should've"
p978
I40
sS'gr8'
p979
I40
sS'"catcalling"'
p980
I40
sS'named'
p981
I40
sS'shouts'
p982
I40
sS'front'
p983
I39
sS'"feelings"'
p984
I40
sS'thanks'
p985
I40
sS'human'
p986
I40
sS'okay!:)'
p987
I40
sS'useful'
p988
I40
sS'yes'
p989
I39
sS'reality'
p990
I40
sS'steve-o'
p991
I40
sS"could've"
p992
I40
sS'jose'
p993
I40
sS'vcr/wheels'
p994
I40
sS'cut'
p995
I40
sS'cus'
p996
I30
sS'sometimes'
p997
I40
sS'thinking'
p998
I39
sS"we've"
p999
I39
sS'had'
p1000
I37
sS'lake'
p1001
I39
sS'knew'
p1002
I40
sS'killed'
p1003
I39
sS'passive'
p1004
I39
sS'lets'
p1005
I40
sS'luisa'
p1006
I40
sS'parents'
p1007
I34
sS'4'
p1008
I39
sS'slauson'
p1009
I40
sS'confide'
p1010
I40
sS'has'
p1011
I35
sS'hat'
p1012
I40
sS'excited'
p1013
I37
sS'kick'
p1014
I37
sS'real'
p1015
I38
sS'noticeable'
p1016
I40
sS'around'
p1017
I40
sS"'that'"
p1018
I40
sS'puta'
p1019
I40
sS'read'
p1020
I40
sS'mindfuck'
p1021
I40
sS'showing'
p1022
I39
sS'gonna'
p1023
I40
sS'early'
p1024
I38
sS'matters'
p1025
I40
sS'game'
p1026
I37
sS'five'
p1027
I40
sS'know'
p1028
I32
sS'mom'
p1029
I39
sS'much!('
p1030
I40
sS'bit'
p1031
I39
sS'replace'
p1032
I40
sS'lady'
p1033
I40
sS'vanished'
p1034
I40
sS'grin'
p1035
I40
sS'tomrrow'
p1036
I40
sS'fuuuuck'
p1037
I40
sS'like'
p1038
I21
sS'texts'
p1039
I40
sS'wingstop'
p1040
I40
sS'nude'
p1041
I40
sS'faber'
p1042
I40
sS'honestly'
p1043
I40
sS'toyland'
p1044
I40
sS'*be'
p1045
I40
sS'french'
p1046
I40
sS'idk'
p1047
I40
sS'steps'
p1048
I40
sS'thighs'
p1049
I40
sS'night'
p1050
I31
sS'become'
p1051
I40
sS'accuracy'
p1052
I40
sS'alice'
p1053
I40
sS'todays'
p1054
I40
sS'grips'
p1055
I40
sS'nigga'
p1056
I38
sS'old'
p1057
I39
sS'whenever'
p1058
I40
sS'people'
p1059
I27
sS'fucking'
p1060
I17
sS'goddamn'
p1061
I39
sS'scared'
p1062
I39
sS'some'
p1063
I32
sS'back'
p1064
I34
sS'ewww'
p1065
I40
sS'unnecessary'
p1066
I40
sS'tumblr'
p1067
I40
sS'eddie'
p1068
I40
sS'"saturdays"'
p1069
I40
sS'hassle'
p1070
I40
sS'loser'
p1071
I40
sS'respect'
p1072
I40
sS'home'
p1073
I40
sS'empire'
p1074
I40
sS'classes'
p1075
I40
sS'torta'
p1076
I40
sS'recognition'
p1077
I40
sS'happens'
p1078
I40
sS'congratulate'
p1079
I40
sS'total'
p1080
I40
sS'mood'
p1081
I40
sS'for'
p1082
I10
sS'realistic'
p1083
I40
sS'pet'
p1084
I40
sS'memories'
p1085
I39
sS'absolutely'
p1086
I40
sS'pew'
p1087
I38
sS'250rb/jam'
p1088
I40
sS'ice'
p1089
I40
sS'everything'
p1090
I40
sS'pen'
p1091
I40
sS'does'
p1092
I40
sS'mampu'
p1093
I40
sS'rockets'
p1094
I40
sS'three'
p1095
I40
sS'425'
p1096
I40
sS'creep'
p1097
I40
sS'either'
p1098
I40
sS'be'
p1099
I18
sS'welcome'
p1100
I40
sS'stuff"'
p1101
I40
sS'bc'
p1102
I39
sS'remembered'
p1103
I40
sS'june'
p1104
I40
sS'burn'
p1105
I39
sS'bi'
p1106
I40
sS'zombie'
p1107
I40
sS'jazzy'
p1108
I40
sS'step'
p1109
I40
sS'bs'
p1110
I40
sS';*'
p1111
I40
sS'post'
p1112
I37
sS'by'
p1113
I32
sS'dead'
p1114
I40
sS'fomies'
p1115
I40
sS'luis'
p1116
I40
sS'on'
p1117
I22
sS'sister'
p1118
I39
sS':-)'
p1119
I40
sS'ok'
p1120
I40
sS'working'
p1121
I40
sS'world'
p1122
I40
sS'getting'
p1123
I36
sS'idols'
p1124
I40
sS'of'
p1125
I16
sS'dollars'
p1126
I40
sS'toms'
p1127
I40
sS'favorite'
p1128
I38
sS'brittany'
p1129
I40
sS'dibs'
p1130
I40
sS'deserves'
p1131
I40
sS'rodeo'
p1132
I40
sS'swear'
p1133
I40
sS'stand'
p1134
I40
sS'savings'
p1135
I40
sS'mixed'
p1136
I40
sS"tommy's"
p1137
I40
sS'wanna'
p1138
I40
sS'or'
p1139
I31
sS'amber'
p1140
I36
sS'seeing'
p1141
I40
sS'h8'
p1142
I39
sS'letters'
p1143
I40
sS'smiled'
p1144
I40
sS'film'
p1145
I40
sS'el'
p1146
I40
sS'pero'
p1147
I40
sS'into'
p1148
I39
sS'crying'
p1149
I40
sS'sol'
p1150
I40
sS'soo'
p1151
I40
sS'son'
p1152
I38
sS'down'
p1153
I29
sS'ahs'
p1154
I40
sS'because'
p1155
I40
sS'prints'
p1156
I40
sS'annoys'
p1157
I40
sS'happening'
p1158
I40
sS'forget'
p1159
I40
sS'your'
p1160
I30
sS'smells'
p1161
I40
sS'parade'
p1162
I40
sS'east'
p1163
I40
sS'story'
p1164
I40
sS'her'
p1165
I32
sS'hes'
p1166
I40
sS'friends'
p1167
I35
sS'there'
p1168
I38
sS'live'
p1169
I40
sS'lol'
p1170
I29
sS'fight'
p1171
I38
sS'start'
p1172
I39
sS"we're"
p1173
I40
sS'lot'
p1174
I38
sS'bruh'
p1175
I38
sS'ayy'
p1176
I38
sS'was'
p1177
I16
sS'twitter'
p1178
I40
sS'far'
p1179
I40
sS'happy'
p1180
I23
sS"tomorrow's"
p1181
I40
sS'disneyland'
p1182
I40
sS'buy'
p1183
I40
sS'north'
p1184
I40
sS'complete'
p1185
I40
sS"i've"
p1186
I35
sS'constantly'
p1187
I40
sS'tigers'
p1188
I40
sS'murphy'
p1189
I40
sS'slonky'
p1190
I40
sS'hypocrite'
p1191
I39
sS'but'
p1192
I21
sS'searching'
p1193
I40
sS'it?"'
p1194
I40
sS'blood'
p1195
I40
sS'hear'
p1196
I38
sS'goals'
p1197
I39
sS'aggressive"'
p1198
I40
sS'trying'
p1199
I37
sS'true'
p1200
I38
sS'buying'
p1201
I40
sS'he'
p1202
I32
sS'football'
p1203
I40
sS"they're"
p1204
I39
sS'sleeping'
p1205
I40
sS'made'
p1206
I38
sS'middle'
p1207
I40
sS'josh'
p1208
I40
sS'pharrell'
p1209
I40
sS'daylight'
p1210
I40
sS'wish'
p1211
I40
sS'inside'
p1212
I40
sS'up'
p1213
I30
sS'us'
p1214
I35
sS'work'
p1215
I40
sS'te'
p1216
I40
sS'adore'
p1217
I40
sS'cake'
p1218
I40
sS'holler'
p1219
I40
sS'daddy'
p1220
I39
sS'similar'
p1221
I39
sS'eyes*'
p1222
I40
sS'happy/sad'
p1223
I40
sS'ex'
p1224
I40
sS'skating'
p1225
I39
sS'supreme'
p1226
I40
sS'taylor'
p1227
I39
sS'freeway)'
p1228
I39
sS'ad'
p1229
I40
sS'razor'
p1230
I40
sS'af'
p1231
I37
sS'likewise'
p1232
I40
sS'universal'
p1233
I40
sS'tournament'
p1234
I39
sS'am'
p1235
I36
sS'panadero'
p1236
I40
sS'an'
p1237
I38
sS'imagination'
p1238
I40
sS'as'
p1239
I37
sS'right'
p1240
I40
sS'at'
p1241
I27
sS'aw'
p1242
I39
sS'checked'
p1243
I40
sS'ay'
p1244
I40
sS'watched'
p1245
I39
sS'exist'
p1246
I40
sS'annoying'
p1247
I39
sS'check'
p1248
I40
sS'shit'
p1249
I29
sS'sugar'
p1250
I40
sS'4.5'
p1251
I40
sS'again'
p1252
I34
sS'nunchuks'
p1253
I40
sS'tvf'
p1254
I40
sS'panochita'
p1255
I40
sS'dying'
p1256
I40
sS'no'
p1257
I31
sS'idiot'
p1258
I40
sS'na'
p1259
I39
sS'shot'
p1260
I40
sS'when'
p1261
I22
sS'finna'
p1262
I40
sS'til'
p1263
I40
sS'successful'
p1264
I40
sS'book'
p1265
I40
sS'5'
p1266
I39
sS'es'
p1267
I40
sS'sick'
p1268
I39
sS'holly'
p1269
I40
sS'you'
p1270
I3
sS'really'
p1271
I29
sS'ooo'
p1272
I40
sS'realize'
p1273
I39
sS'nice'
p1274
I38
sS'picture'
p1275
I39
sS'chavez'
p1276
I40
sS'papi'
p1277
I39
sS'monday'
p1278
I40
sS'\xe2\x99\xa5\xe2\x99\xa1\xe2\x99\xa5\xe2\x99\xa1\xe2\x99\xa5\xe2\x99\xa1\xe2\x99\xa5\xe2\x99\xa5\xe2\x99\xa5'
p1279
I40
sS'crime'
p1280
I40
sS'why'
p1281
I34
sS'felt'
p1282
I39
sS'forgot'
p1283
I40
sS'chug'
p1284
I40
sS'stay'
p1285
I37
sS"let's"
p1286
I39
sS'duuude'
p1287
I40
sS'fell'
p1288
I40
sS'award'
p1289
I40
sS'kinda'
p1290
I39
sS"she's"
p1291
I40
sS'hair'
p1292
I40
sS'weekend'
p1293
I38
sS'finals'
p1294
I40
sS'ago'
p1295
I39
sS'max'
p1296
I40
sS'anything'
p1297
I40
sS'using'
p1298
I40
sS'dvd'
p1299
I40
sS'(san'
p1300
I39
sS'mask'
p1301
I40
sS'together'
p1302
I39
sS'hello'
p1303
I40
sS'purple'
p1304
I40
sS'hella'
p1305
I37
sS'u'
p1306
I30
sS'fact'
p1307
I40
sS'finishes'
p1308
I40
sS'time'
p1309
I28
sS'alright'
p1310
I39
sS'awake'
p1311
I40
sS'12'
p1312
I40
sS'having'
p1313
I39
sS'songs'
p1314
I40
s.