(dp0
S''
p1
I3
sS'sleep'
p2
I48
sS'party*'
p3
I53
sS'hate'
p4
I48
sS'0_0'
p5
I53
sS'megabus'
p6
I53
sS'tweet'
p7
I52
sS'good!!!!that'
p8
I53
sS'there!i'
p9
I53
sS'tickle'
p10
I53
sS'bike'
p11
I53
sS'lord'
p12
I53
sS'immature'
p13
I53
sS'worth'
p14
I52
sS'every'
p15
I53
sS'screaming'
p16
I53
sS'poppa'
p17
I53
sS'school'
p18
I48
sS'wednesday'
p19
I53
sS'class!!!i'
p20
I53
sS'red'
p21
I53
sS'at?im'
p22
I53
sS'enjoy'
p23
I52
sS'2:00am'
p24
I53
sS"liz's"
p25
I52
sS'tired'
p26
I51
sS'bacon'
p27
I53
sS'tires'
p28
I53
sS'6pm'
p29
I53
sS'likely'
p30
I53
sS'street'
p31
I52
sS'even'
p32
I39
sS'saved'
p33
I53
sS'+'
p34
I53
sS'near'
p35
I53
sS'above'
p36
I53
sS'new'
p37
I49
sS'ever'
p38
I50
sS'told'
p39
I50
sS'shutup'
p40
I53
sS'yeah!gael'
p41
I53
sS'job?i'
p42
I53
sS'temblar'
p43
I53
sS'never'
p44
I42
sS'here'
p45
I50
sS'\xe2\x9d\xa4\xef\xb8\x8f'
p46
I52
sS'dry'
p47
I52
sS'study'
p48
I52
sS"i'd"
p49
I52
sS'smoke'
p50
I53
sS"i'm"
p51
I10
sS"someone's"
p52
I53
sS'dre'
p53
I53
sS'grandma'
p54
I52
sS'tirtouga'
p55
I53
sS'bro'
p56
I53
sS'hahahahah'
p57
I53
sS'would'
p58
I47
sS'hospital'
p59
I53
sS'arms'
p60
I53
sS'call'
p61
I51
sS'calm'
p62
I53
sS'that??go'
p63
I53
sS'survive'
p64
I53
sS'type'
p65
I53
sS'tell'
p66
I50
sS'females'
p67
I53
sS'holy'
p68
I53
sS'brings'
p69
I53
sS'days!this'
p70
I53
sS'haha'
p71
I50
sS'hurt'
p72
I52
sS'phone'
p73
I45
sS'hold'
p74
I52
sS'blocking'
p75
I53
sS'lizluvsdakota'
p76
I53
sS'me'
p77
I9
sS'10pm-2am'
p78
I53
sS'bunnies'
p79
I53
sS'locked'
p80
I53
sS'room'
p81
I52
sS'work'
p82
I34
sS'gasoline'
p83
I53
sS'"thesis'
p84
I53
sS'movies'
p85
I52
sS'crackers'
p86
I53
sS'my'
p87
I4
sS'cussing'
p88
I53
sS'excuses'
p89
I53
sS'estate'
p90
I53
sS'give'
p91
I42
sS'want'
p92
I29
sS'keep'
p93
I51
sS'end'
p94
I51
sS'thing'
p95
I50
sS'nuts'
p96
I53
sS'how'
p97
I42
sS'hot'
p98
I50
sS'interview'
p99
I53
sS'daaamn'
p100
I53
sS'charging'
p101
I53
sS'pizza'
p102
I51
sS'elizabeth'
p103
I53
sS'bday'
p104
I50
sS'earlier'
p105
I52
sS'wrong'
p106
I53
sS'law'
p107
I53
sS'excited'
p108
I53
sS'that?smells'
p109
I53
sS'choking'
p110
I53
sS'appreciate'
p111
I53
sS'tati!have'
p112
I53
sS'enter'
p113
I53
sS'coo.\xe2\x9c\x8a'
p114
I53
sS'over'
p115
I41
sS'fam'
p116
I53
sS'hip-hop'
p117
I53
sS'before'
p118
I50
sS'ima'
p119
I52
sS'question!can'
p120
I53
sS'fit'
p121
I53
sS'backpack'
p122
I53
sS'imm'
p123
I53
sS'better'
p124
I50
sS'conner'
p125
I53
sS'weeks'
p126
I52
sS'prius'
p127
I52
sS'thanks!pray'
p128
I53
sS'then'
p129
I47
sS'them'
p130
I47
sS'workout'
p131
I53
sS"we'll"
p132
I53
sS'break'
p133
I53
sS'band'
p134
I53
sS'\xe2\x98\xba\xef\xb8\x8f'
p135
I48
sS'one'
p136
I43
sS'alex'
p137
I53
sS'meat'
p138
I53
sS':///'
p139
I50
sS'thotsla'
p140
I53
sS'went'
p141
I52
sS'side'
p142
I53
sS'mean'
p143
I52
sS'signing'
p144
I53
sS'fckntrance'
p145
I53
sS'laying'
p146
I52
sS"we'd"
p147
I53
sS'forgot'
p148
I50
sS'saturday'
p149
I50
sS'rt'
p150
I53
sS'driving'
p151
I52
sS'god'
p152
I49
sS'him!my'
p153
I53
sS'hooked'
p154
I53
sS'smh'
p155
I52
sS'mofuckin'
p156
I53
sS'got'
p157
I29
sS'rn'
p158
I53
sS'cutest'
p159
I53
sS"doesn't"
p160
I48
sS'free'
p161
I53
sS'fred'
p162
I53
sS'://:/'
p163
I53
sS'afternoon!i'
p164
I53
sS'dammit'
p165
I52
sS'ate'
p166
I53
sS'starts'
p167
I52
sS'childishly'
p168
I53
sS'ups'
p169
I53
sS'can\xe2\x80\x99t'
p170
I53
sS'sodo'
p171
I53
sS'loud'
p172
I52
sS'industrial'
p173
I53
sS'grade'
p174
I52
sS"mom!i'm"
p175
I53
sS'fantasy'
p176
I53
sS'another'
p177
I53
sS'basketball'
p178
I52
sS'bonita'
p179
I53
sS'top'
p180
I52
sS'girls'
p181
I51
sS'heights'
p182
I53
sS'needed'
p183
I53
sS'jamba'
p184
I53
sS'dumbass'
p185
I52
sS'too'
p186
I47
sS'legs'
p187
I51
sS'listen'
p188
I52
sS'streets'
p189
I53
sS'sick!you'
p190
I53
sS'2am'
p191
I53
sS'took'
p192
I51
sS'somewhat'
p193
I53
sS'shit!my'
p194
I53
sS'target'
p195
I53
sS'rampage'
p196
I53
sS'project'
p197
I52
sS'classes'
p198
I48
sS'williams'
p199
I53
sS'feeling'
p200
I52
sS'esta'
p201
I53
sS'ran'
p202
I53
sS'anybody'
p203
I51
sS'talking'
p204
I52
sS'seen'
p205
I52
sS'seem'
p206
I53
sS'tells'
p207
I53
sS'soaked'
p208
I53
sS'-'
p209
I52
sS'brandon'
p210
I53
sS'tomorrow!well'
p211
I53
sS'though'
p212
I49
sS'victoria'
p213
I53
sS'mario'
p214
I53
sS'goany'
p215
I53
sS'bulldogs'
p216
I53
sS'monday!!oh'
p217
I53
sS'macbook'
p218
I53
sS'professor'
p219
I53
sS'park!he'
p220
I53
sS'musical'
p221
I53
sS'deacon'
p222
I53
sS'definitely'
p223
I53
sS'annoyed'
p224
I53
sS'came'
p225
I52
sS'bomb'
p226
I53
sS'pops'
p227
I53
sS'eyeswith'
p228
I53
sS'sneaking'
p229
I53
sS'after.ha'
p230
I53
sS'busy'
p231
I51
sS'spaghetti/bird'
p232
I53
sS'headline'
p233
I53
sS'cousins'
p234
I53
sS'rich'
p235
I50
sS'wearing'
p236
I52
sS'do'
p237
I28
sS'dm'
p238
I52
sS'fossil'
p239
I53
sS'stop'
p240
I52
sS'da'
p241
I53
sS'need....a...job........:('
p242
I53
sS'dx'
p243
I53
sS'dr'
p244
I53
sS'ds'
p245
I51
sS'd0nt'
p246
I53
sS'lmao'
p247
I48
sS'2:15'
p248
I53
sS'bag'
p249
I53
sS'bad'
p250
I48
sS'bae'
p251
I53
sS'shots'
p252
I53
sS'steal'
p253
I53
sS'gotta'
p254
I53
sS'besa'
p255
I53
sS'depends'
p256
I53
sS'decided'
p257
I53
sS'disturbing'
p258
I53
sS'best'
p259
I49
sS'said'
p260
I52
sS'away'
p261
I53
sS'yeah!avey'
p262
I53
sS'salesian'
p263
I52
sS"there's"
p264
I51
sS'pets'
p265
I53
sS'hopefully'
p266
I53
sS'......w...h..at....are....you'
p267
I53
sS'very!!!jk'
p268
I53
sS'movieeeeeee'
p269
I53
sS'we'
p270
I37
sS'omg'
p271
I52
sS'ityou'
p272
I53
sS'wear'
p273
I53
sS'wtf'
p274
I47
sS'cousin'
p275
I52
sS'<$$$$$'
p276
I53
sS'met'
p277
I53
sS'ill'
p278
I52
sS'compton'
p279
I53
sS'games'
p280
I53
sS'jello'
p281
I53
sS'asked'
p282
I53
sS'ily'
p283
I53
sS'thingy!"'
p284
I53
sS'funny!!!!i'
p285
I53
sS'2nd'
p286
I53
sS'blonde'
p287
I53
sS'trust'
p288
I52
sS'beef'
p289
I53
sS'been'
p290
I44
sS'quickly'
p291
I53
sS'beer'
p292
I53
sS'much'
p293
I39
sS'lovely'
p294
I52
sS'threw'
p295
I53
sS'life'
p296
I50
sS'worker'
p297
I53
sS'catch'
p298
I51
sS'chili'
p299
I53
sS'(and'
p300
I53
sS'applied'
p301
I53
sS'linkin'
p302
I53
sS'n'
p303
I53
sS'pt.2'
p304
I53
sS'ugly'
p305
I51
sS'lizard'
p306
I53
sS'melted'
p307
I53
sS'gave'
p308
I51
sS'k'
p309
I52
sS"ben's"
p310
I53
sS'thursdays'
p311
I53
sS'sticker'
p312
I53
sS'it'
p313
I11
sS'fakes'
p314
I53
sS'graduation5'
p315
I53
sS'im'
p316
I39
sS'in'
p317
I19
sS'ig'
p318
I53
sS'if'
p319
I31
sS'thingy'
p320
I53
sS'perform'
p321
I53
sS'things'
p322
I50
sS'make'
p323
I50
sS'wound'
p324
I53
sS'hahah'
p325
I53
sS'hang'
p326
I50
sS'hand'
p327
I52
sS'kik'
p328
I53
sS'jealous'
p329
I53
sS'aka'
p330
I53
sS'mentioning'
p331
I53
sS'walkie'
p332
I53
sS'1979'
p333
I53
sS'tho'
p334
I52
sS'greatest'
p335
I52
sS'awayclouds'
p336
I53
sS'hearts'
p337
I53
sS'the'
p338
I6
sS'flops'
p339
I53
sS"cool!i'll"
p340
I53
sS'karina'
p341
I50
sS'left'
p342
I52
sS'just'
p343
I30
sS'kinky'
p344
I53
sS'unfollow'
p345
I53
sS'thanks'
p346
I50
sS'yep'
p347
I53
sS'yes'
p348
I53
sS'niggas\xe2\x80\x9d'
p349
I53
sS'ham'
p350
I53
sS'omfg'
p351
I53
sS'wallrus"'
p352
I53
sS'had'
p353
I44
sS'hay'
p354
I53
sS'east'
p355
I51
sS'plasma'
p356
I53
sS'forsure!we'
p357
I53
sS'twinky'
p358
I53
sS'boxed'
p359
I53
sS'possible'
p360
I53
sS'hhahaha'
p361
I53
sS'3pm'
p362
I53
sS'chorro'
p363
I53
sS'pisteo'
p364
I53
sS'apart'
p365
I53
sS'nevermind'
p366
I53
sS'-_-'
p367
I53
sS'54'
p368
I53
sS'follower'
p369
I53
sS'steph'
p370
I53
sS'pescatarian'
p371
I52
sS'steps'
p372
I53
sS'night'
p373
I50
sS'5%'
p374
I53
sS'right'
p375
I45
sS'old'
p376
I51
sS'people'
p377
I46
sS'dead'
p378
I52
sS'finna'
p379
I52
sS'what???how'
p380
I53
sS'for'
p381
I16
sS'/'
p382
I53
sS'everything'
p383
I51
sS'foo'
p384
I51
sS'shakes'
p385
I53
sS'pls'
p386
I53
sS'club)'
p387
I53
sS'keeper'
p388
I53
sS'post'
p389
I53
sS'super'
p390
I48
sS'ight!but'
p391
I53
sS'months'
p392
I52
sS'dinner'
p393
I53
sS'plus'
p394
I53
sS'sweater'
p395
I53
sS'automatically'
p396
I53
sS'managers'
p397
I53
sS'ramblaz'
p398
I53
sS'honeymoon'
p399
I53
sS'bound'
p400
I53
sS'son'
p401
I53
sS'down'
p402
I49
sS'thankful'
p403
I53
sS'why'
p404
I37
sS'way'
p405
I46
sS'uoeno'
p406
I53
sS'was'
p407
I25
sS'happy'
p408
I47
sS'head'
p409
I51
sS'northridge'
p410
I53
sS'hahaha!kick'
p411
I53
sS'heat'
p412
I53
sS'true'
p413
I51
sS'fort'
p414
I53
sS'responding'
p415
I53
sS'rejuvenation'
p416
I53
sS'inside'
p417
I53
sS'attached'
p418
I53
sS"galaxy's"
p419
I53
sS'daddy'
p420
I51
sS'medication'
p421
I53
sS'hotter'
p422
I53
sS'up'
p423
I28
sS'drive'
p424
I52
sS'door'
p425
I53
sS'ship'
p426
I53
sS'annoying'
p427
I52
sS'trip'
p428
I53
sS'shit'
p429
I43
sS'time..pls'
p430
I53
sS'when'
p431
I32
sS'scrambled'
p432
I52
sS"anna's"
p433
I53
sS'pasadena'
p434
I53
sS'holding'
p435
I52
sS'smell'
p436
I52
sS'brothers'
p437
I53
sS'update'
p438
I53
sS'diet'
p439
I53
sS"let's"
p440
I53
sS'fell'
p441
I52
sS'weekend'
p442
I52
sS'died'
p443
I53
sS'younger'
p444
I53
sS'together'
p445
I52
sS'jacket'
p446
I53
sS'class!what'
p447
I53
sS'time'
p448
I41
sS'caca'
p449
I53
sS'neighbors'
p450
I53
sS':/'
p451
I43
sS':('
p452
I32
sS'rob'
p453
I52
sS'manager'
p454
I53
sS'mile'
p455
I53
sS'ice'
p456
I53
sS'skin'
p457
I52
sS':0'
p458
I53
sS'hump'
p459
I53
sS'vez'
p460
I53
sS'charge'
p461
I53
sS'marks'
p462
I52
sS'downloading'
p463
I52
sS'3am'
p464
I53
sS'vegan'
p465
I53
sS'choice'
p466
I53
sS':|'
p467
I53
sS'vegas'
p468
I53
sS'trouble'
p469
I53
sS'minute'
p470
I53
sS'cool'
p471
I51
sS'drive-by'
p472
I53
sS'did'
p473
I42
sS'die'
p474
I52
sS'brother'
p475
I53
sS'leave'
p476
I49
sS'settle'
p477
I53
sS':['
p478
I50
sS'guy'
p479
I48
sS'spent'
p480
I53
sS'revolution'
p481
I53
sS'says'
p482
I53
sS'movie!i'
p483
I53
sS'irritates'
p484
I53
sS'mi'
p485
I53
sS'shirts'
p486
I53
sS'run'
p487
I51
sS'documentary4'
p488
I53
sS'bc'
p489
I48
sS'uniform'
p490
I53
sS'wolff'
p491
I53
sS'makeup'
p492
I52
sS'water'
p493
I53
sS'baseball'
p494
I53
sS'alone'
p495
I52
sS'teaches'
p496
I53
sS'change'
p497
I53
sS'wait'
p498
I52
sS'alto'
p499
I53
sS'passengers'
p500
I53
sS'beanbag'
p501
I53
sS'3:20'
p502
I53
sS'canadian'
p503
I53
sS'shift'
p504
I53
sS'you?xd'
p505
I53
sS'daysmonthsor'
p506
I53
sS'('
p507
I53
sS'bruised'
p508
I53
sS'love'
p509
I45
sS'$iqqqq'
p510
I53
sS'prefer'
p511
I53
sS'regeneration'
p512
I53
sS'1st'
p513
I53
sS'\xe2\x80\x9cand'
p514
I53
sS'franco'
p515
I53
sS'working'
p516
I48
sS'stoops'
p517
I53
sS'>:('
p518
I53
sS'dude'
p519
I50
sS'only'
p520
I39
sS'live'
p521
I53
sS'portlandor'
p522
I53
sS'iphone'
p523
I53
sS'ahhh'
p524
I53
sS'duds'
p525
I53
sS'dalia'
p526
I53
sS'today'
p527
I38
sS'entrance'
p528
I53
sS'club'
p529
I53
sS'me????:/'
p530
I53
sS'everywhere'
p531
I53
sS'olive'
p532
I53
sS'cute*'
p533
I53
sS'sharlyne'
p534
I53
sS'*chicarita'
p535
I53
sS'niggas'
p536
I53
sS'car'
p537
I47
sS'purge'
p538
I52
sS'can'
p539
I33
sS'making'
p540
I51
sS'laughter'
p541
I53
sS'heart'
p542
I53
sS'crazy'
p543
I52
sS'performer'
p544
I53
sS"00's1"
p545
I53
sS'awesome'
p546
I53
sS"didn't"
p547
I45
sS'fuck'
p548
I44
sS'bridesmaid'
p549
I53
sS'heard'
p550
I52
sS'dropped'
p551
I52
sS'finnah'
p552
I52
sS'watching'
p553
I52
sS'1'
p554
I52
sS'till'
p555
I50
sS'sunday'
p556
I52
sS'skates'
p557
I53
sS'strokes'
p558
I52
sS'ok!are'
p559
I53
sS'mac'
p560
I53
sS'birthday'
p561
I52
sS'mad'
p562
I51
sS'such'
p563
I48
sS'suck'
p564
I53
sS'guys'
p565
I43
sS'man'
p566
I53
sS'remember'
p567
I50
sS'ghs'
p568
I53
sS'whenever'
p569
I53
sS'maybe'
p570
I52
sS'so'
p571
I13
sS'sc'
p572
I52
sS'sb'
p573
I53
sS'talk'
p574
I49
sS'sd'
p575
I53
sS'cute'
p576
I50
sS'tagged'
p577
I52
sS'serving'
p578
I53
sS'haircut'
p579
I53
sS'years'
p580
I52
sS'ended'
p581
I53
sS'terrace'
p582
I52
sS'cold'
p583
I52
sS'still'
p584
I51
sS'blocked'
p585
I53
sS'gta'
p586
I53
sS'thank'
p587
I52
sS'curly'
p588
I53
sS"he's"
p589
I50
sS'troubles'
p590
I53
sS'amazing'
p591
I50
sS'window'
p592
I53
sS'jasine'
p593
I52
sS'hometown'
p594
I53
sS'happened'
p595
I51
sS'lunch'
p596
I53
sS'kids&'
p597
I53
sS'half'
p598
I52
sS'not'
p599
I27
sS'now'
p600
I32
sS'term'
p601
I53
sS'name'
p602
I52
sS'january'
p603
I53
sS'drop'
p604
I53
sS'debating'
p605
I53
sS'em'
p606
I53
sS'el'
p607
I53
sS'en'
p608
I53
sS'yeah'
p609
I46
sS'catching'
p610
I53
sS'ex'
p611
I53
sS'year'
p612
I49
sS'botdf'
p613
I52
sS'girl'
p614
I53
sS'ev'
p615
I53
sS'3rd'
p616
I52
sS'fsog'
p617
I52
sS'blt'
p618
I53
sS'factory'
p619
I53
sS'looking'
p620
I53
sS'seriously'
p621
I51
sS"shouldn't"
p622
I53
sS'internet'
p623
I53
sS'smfh'
p624
I53
sS'at?i'
p625
I53
sS'musicsharlyne'
p626
I53
sS'cars'
p627
I53
sS'you.\xe2\x80\x9d'
p628
I53
sS'complicated'
p629
I53
sS'caro'
p630
I53
sS'besides'
p631
I53
sS'thereforei'
p632
I53
sS'care'
p633
I51
sS'training'
p634
I53
sS'standby'
p635
I53
sS'100%'
p636
I53
sS'turn'
p637
I50
sS'place'
p638
I52
sS'punq'
p639
I53
sS'view'
p640
I53
sS'think'
p641
I47
sS'show2'
p642
I53
sS'first'
p643
I47
sS'cheese'
p644
I53
sS'early..so'
p645
I53
sS'xd'
p646
I49
sS'yourself'
p647
I53
sS'long'
p648
I49
sS'impossible'
p649
I53
sS'message'
p650
I52
sS'drove'
p651
I51
sS'pokemon'
p652
I47
sS'tomorrow'
p653
I38
sS'city'
p654
I53
sS'little'
p655
I47
sS'slept'
p656
I52
sS'anyone'
p657
I53
sS'fml'
p658
I53
sS'2'
p659
I51
sS'white'
p660
I53
sS'friend'
p661
I51
sS'eyes'
p662
I53
sS'hug'
p663
I53
sS'yeeeeeaaah'
p664
I53
sS'that'
p665
I21
sS"garza's"
p666
I53
sS'boba'
p667
I53
sS'hut'
p668
I51
sS'eyed'
p669
I53
sS'than'
p670
I49
sS'boyfriend'
p671
I49
sS'10'
p672
I53
sS'14'
p673
I53
sS'19'
p674
I53
sS'yasss'
p675
I53
sS'r'
p676
I53
sS'were'
p677
I49
sS'counselor'
p678
I53
sS'and'
p679
I8
sS'san'
p680
I53
sS'turned'
p681
I53
sS'sad'
p682
I53
sS'say'
p683
I48
sS'prp'
p684
I52
sS'tylenol'
p685
I53
sS'allen'
p686
I51
sS'turner'
p687
I53
sS'saw'
p688
I47
sS'any'
p689
I51
sS'kevin'
p690
I53
sS'so\xc3\xb1ar'
p691
I53
sS'animation'
p692
I53
sS'take'
p693
I45
sS'online'
p694
I52
sS'pimple'
p695
I53
sS'sure'
p696
I49
sS'arguing'
p697
I53
sS'cheesecake'
p698
I52
sS'knew'
p699
I53
sS'paid'
p700
I53
sS'printed'
p701
I53
sS'forever'
p702
I53
sS'jurassic'
p703
I53
sS'average'
p704
I53
sS'later'
p705
I49
sS'hungry'
p706
I53
sS're-apply'
p707
I53
sS'walking'
p708
I52
sS'show'
p709
I52
sS'outside'
p710
I51
sS'nadie'
p711
I53
sS'going'
p712
I18
sS'boyle'
p713
I53
sS'(\xc2\xac\xe2\x80\xbf\xc2\xac)'
p714
I53
sS'beatles'
p715
I53
sS'get'
p716
I22
sS'arrive!!holy'
p717
I53
sS'truly'
p718
I53
sS'cannot'
p719
I53
sS"'til"
p720
I53
sS'is'
p721
I12
sS'artist'
p722
I53
sS'borrow'
p723
I53
sS'morning'
p724
I52
sS'naked'
p725
I53
sS'stupid'
p726
I50
sS'landlord'
p727
I53
sS'where'
p728
I49
sS'xmas'
p729
I53
sS"y'all"
p730
I52
sS"anymore.it's"
p731
I53
sS'seat'
p732
I53
sS'asleep'
p733
I50
sS'hoes'
p734
I53
sS'ojitos'
p735
I53
sS'wonder'
p736
I52
sS'24/7'
p737
I53
sS'ruvalcaba'
p738
I53
sS'3'
p739
I52
sS'8:45'
p740
I52
sS'reading'
p741
I53
sS'notice'
p742
I53
sS'jobs'
p743
I53
sS'killing'
p744
I53
sS"faceq's"
p745
I53
sS'como'
p746
I53
sS'hurts'
p747
I46
sS'come'
p748
I45
sS'many'
p749
I51
sS'quiet'
p750
I52
sS'guardians'
p751
I53
sS"can't"
p752
I37
sS'jk'
p753
I51
sS'jeans'
p754
I53
sS'pos'
p755
I53
sS'possessive'
p756
I53
sS'cramps'
p757
I53
sS'man!especially'
p758
I53
sS'cares'
p759
I53
sS'stretch'
p760
I52
sS'cared'
p761
I53
sS'deposited'
p762
I53
sS'home?can'
p763
I53
sS'wants'
p764
I52
sS'direction'
p765
I53
sS'lanes'
p766
I53
sS'today.............................................................f.....ri....end'
p767
I53
sS'wake'
p768
I53
sS'suspected'
p769
I53
sS'those'
p770
I52
sS'case'
p771
I52
sS'sweetest/nicest'
p772
I53
sS'casa'
p773
I53
sS'spiderman'
p774
I53
sS'sauce'
p775
I53
sS"haven't"
p776
I52
sS'ive'
p777
I53
sS'coffee'
p778
I53
sS'sleeping'
p779
I53
sS'middle'
p780
I53
sS'good'
p781
I45
sS'worry'
p782
I53
sS'different'
p783
I53
sS'pay'
p784
I53
sS'thinkin'
p785
I53
sS'bowl'
p786
I53
sS'same'
p787
I52
sS'check'
p788
I51
sS'shifts'
p789
I53
sS"soon!i'm"
p790
I53
sS'"i'
p791
I53
sS'reminder'
p792
I53
sS'contouring'
p793
I53
sS'downs'
p794
I53
sS'week'
p795
I53
sS'finish'
p796
I53
sS'barefoot'
p797
I53
sS'swiss'
p798
I53
sS'screenshot'
p799
I53
sS'runny'
p800
I53
sS'running'
p801
I51
sS'changing'
p802
I53
sS'totally'
p803
I53
sS'theater'
p804
I53
sS'charger'
p805
I53
sS'bootyful'
p806
I53
sS'no'
p807
I43
sS'without'
p808
I52
sS'\xe2\x9a\xaa\xef\xb8\x8f'
p809
I53
sS'summer'
p810
I52
sS'they'
p811
I43
sS'being'
p812
I46
sS'money'
p813
I53
sS"hiring????i'm"
p814
I53
sS'kill'
p815
I52
sS'touch'
p816
I53
sS'blow'
p817
I53
sS'announcement'
p818
I53
sS'death'
p819
I53
sS'application'
p820
I53
sS'thinking'
p821
I53
sS"we've"
p822
I53
sS"everyone's"
p823
I53
sS'lets'
p824
I50
sS'4'
p825
I52
sS'sucked'
p826
I53
sS'real'
p827
I51
sS'around'
p828
I52
sS'kills'
p829
I53
sS'time!i'
p830
I53
sS'read'
p831
I53
sS'gonna'
p832
I51
sS'period'
p833
I53
sS'early'
p834
I53
sS'()'
p835
I53
sS'mom'
p836
I50
sS'using'
p837
I53
sS'aiming'
p838
I53
sS'2:49am'
p839
I53
sS'\xe2\x9d\x93'
p840
I53
sS'pounds'
p841
I53
sS'piece'
p842
I53
sS'greeting'
p843
I53
sS'laughing'
p844
I51
sS'not?:('
p845
I53
sS'10482x'
p846
I53
sS'joking'
p847
I53
sS'is...why'
p848
I53
sS'thinks'
p849
I53
sS'gross'
p850
I53
sS'wristband'
p851
I53
sS'memories'
p852
I53
sS'moon'
p853
I53
sS'kms'
p854
I53
sS'doggy'
p855
I53
sS'business'
p856
I53
sS'lmfao'
p857
I46
sS'throwback'
p858
I53
sS'throw'
p859
I53
sS'on'
p860
I24
sS'ok'
p861
I51
sS'oh'
p862
I41
sS'of'
p863
I15
sS'favorite'
p864
I53
sS'eminems'
p865
I53
sS'\xcd\xa1\xc2\xba)'
p866
I53
sS"isn't"
p867
I52
sS'neighbor'
p868
I53
sS'luck'
p869
I53
sS'or'
p870
I45
sS'road'
p871
I53
sS'wontons'
p872
I53
sS'fresh&easy'
p873
I53
sS'-city'
p874
I53
sS'tryin3'
p875
I53
sS'rising'
p876
I53
sS'determine'
p877
I52
sS'your'
p878
I38
sS'buds'
p879
I51
sS'her'
p880
I44
sS'ortiz'
p881
I53
sS'27373729292'
p882
I53
sS'there'
p883
I47
sS'hey'
p884
I51
sS'lol'
p885
I38
sS'los'
p886
I52
sS'krystyanna'
p887
I53
sS'cats'
p888
I52
sS'stars'
p889
I53
sS'ever!he'
p890
I53
sS'grunge'
p891
I53
sS'enough'
p892
I53
sS'lmaooo'
p893
I53
sS'trying'
p894
I53
sS'with'
p895
I20
sS'corduroy'
p896
I53
sS'buying'
p897
I51
sS"they're"
p898
I52
sS'rush'
p899
I52
sS'maaan'
p900
I53
sS'strawberry'
p901
I53
sS'tomorrow?you'
p902
I53
sS'romantiq'
p903
I53
sS'>'
p904
I53
sS'today?hang'
p905
I53
sS"okaaaay!i'm"
p906
I53
sS'gone'
p907
I52
sS'eddie!i'
p908
I53
sS'taylor'
p909
I53
sS'videos'
p910
I53
sS'af'
p911
I52
sS'am'
p912
I46
sS'an'
p913
I47
sS'alarm'
p914
I53
sS'as'
p915
I50
sS'at'
p916
I17
sS'aw'
p917
I51
sS'whileit'
p918
I53
sS'girlfriend'
p919
I53
sS'shopping'
p920
I51
sS'cream'
p921
I52
sS'again'
p922
I47
sS'deserve'
p923
I53
sS'uuggghh'
p924
I53
sS'dumb!gael'
p925
I53
sS'5'
p926
I52
sS'you'
p927
I7
sS'puppy'
p928
I53
sS'obsessed'
p929
I53
sS'mirian'
p930
I53
sS'gifts'
p931
I53
sS'lovers'
p932
I53
sS'chris'
p933
I53
sS'missed'
p934
I52
sS'pre-final'
p935
I53
sS'3-4'
p936
I53
sS'vines'
p937
I52
sS'ombr\xc3\xa9'
p938
I53
sS'u'
p939
I50
sS'alright'
p940
I50
sS'essay'
p941
I53
sS'all'
p942
I34
sS'pay?$0'
p943
I53
sS'allergy'
p944
I53
sS'month'
p945
I53
sS'sung'
p946
I53
sS'tv'
p947
I53
sS'tu'
p948
I52
sS'thursday'
p949
I52
sS'stuff?!?!?maybe'
p950
I53
sS'to'
p951
I2
sS'th'
p952
I53
sS'tf'
p953
I53
sS'smile'
p954
I53
sS'song'
p955
I52
sS'very'
p956
I53
sS'horror'
p957
I53
sS"outside!!!they've"
p958
I53
sS'fav'
p959
I53
sS'myself'
p960
I47
sS'hahahahahahaha'
p961
I52
sS'selfies'
p962
I53
sS'worst'
p963
I53
sS'cool!lab'
p964
I53
sS'decide'
p965
I53
sS'fall'
p966
I48
sS'awful'
p967
I53
sS'again...sketch'
p968
I53
sS'list'
p969
I51
sS'these'
p970
I51
sS"i'll"
p971
I44
sS':/:/:/'
p972
I53
sS'past'
p973
I53
sS'pass'
p974
I53
sS'19%'
p975
I53
sS'what'
p976
I42
sS'(_\xcc\x85_\xcc\x85_\xcc\x85_\xcc\x85_\xcc\x85\xd0\xbc\xcc\x85a\xcc\x85\xd1\x8f\xcc\x85i\xcc\x85j\xcc\x85u\xcc\x85a\xcc\x85n\xcc\x85a\xcc\x85_\xcc\x85_\xcc\x85_\xcc\x85'
p977
I53
sS'boooooooooreds'
p978
I53
sS'sup'
p979
I52
sS'full'
p980
I53
sS'eligibility'
p981
I53
sS'hours'
p982
I53
sS'true!i'
p983
I53
sS'\xcd\xa1\xc2\xba'
p984
I53
sS'november'
p985
I53
sS'when???i'
p986
I53
sS'experience'
p987
I53
sS'social'
p988
I53
sS'via'
p989
I53
sS'fagget'
p990
I53
sS'family'
p991
I51
sS'\xc2\xbfhelp'
p992
I53
sS'put'
p993
I53
sS'semester'
p994
I52
sS'\xe2\x88\x9e'
p995
I53
sS'armed'
p996
I53
sS'eye'
p997
I53
sS'takes'
p998
I52
sS'two'
p999
I52
sS'omgggg'
p1000
I53
sS"homework?i'm"
p1001
I53
sS'6'
p1002
I51
sS'taken'
p1003
I53
sS'anorith'
p1004
I53
sS'more'
p1005
I46
sS'teen'
p1006
I53
sS'tryna'
p1007
I53
sS'yuck'
p1008
I53
sS'knows'
p1009
I53
sS'cs01'
p1010
I53
sS'say....yoshinoya'
p1011
I53
sS"ain't"
p1012
I52
sS'broke'
p1013
I53
sS'coyote'
p1014
I53
sS'hurry'
p1015
I51
sS'tees'
p1016
I53
sS'glad'
p1017
I53
sS'hour'
p1018
I53
sS'sucks'
p1019
I52
sS'beautiful'
p1020
I53
sS'stubborn'
p1021
I53
sS'hamburger'
p1022
I53
sS'sharo'
p1023
I53
sS'share'
p1024
I53
sS'days'
p1025
I52
sS'8:45am'
p1026
I53
sS'sense'
p1027
I53
sS'pone'
p1028
I53
sS'station'
p1029
I52
sS'needs'
p1030
I53
sS'rather'
p1031
I53
sS'breaking'
p1032
I53
sS'fr'
p1033
I53
sS'okay'
p1034
I44
sS'tried'
p1035
I53
sS'fb'
p1036
I53
sS'coming'
p1037
I53
sS'rudy'
p1038
I53
sS'a'
p1039
I5
sS'mewhat'
p1040
I53
sS'brown-'
p1041
I53
sS'music>'
p1042
I53
sS'4/4'
p1043
I53
sS'egh'
p1044
I53
sS'dream'
p1045
I50
sS'playing'
p1046
I53
sS"that's"
p1047
I50
sS'replied'
p1048
I53
sS'help'
p1049
I53
sS"don't"
p1050
I31
sS'soon'
p1051
I53
sS'isnt'
p1052
I53
sS'already'
p1053
I48
sS'through'
p1054
I53
sS'hell'
p1055
I53
sS'to-go'
p1056
I53
sS'its'
p1057
I52
sS'bummed'
p1058
I52
sS'messed'
p1059
I53
sS'21'
p1060
I53
sS'caesars'
p1061
I53
sS'beyonce'
p1062
I53
sS'actually'
p1063
I52
sS'boneless'
p1064
I53
sS'team'
p1065
I53
sS'might'
p1066
I48
sS'sleep...too'
p1067
I53
sS'fool'
p1068
I52
sS'someone'
p1069
I41
sS'somebody'
p1070
I53
sS'yo'
p1071
I52
sS'ya'
p1072
I49
sS'cen'
p1073
I53
sS'motivates'
p1074
I53
sS'hahahahahaha'
p1075
I53
sS'foot'
p1076
I52
sS'at?at'
p1077
I53
sS'foos'
p1078
I53
sS'rancour-ibarra)'
p1079
I53
sS'wash'
p1080
I53
sS'always'
p1081
I48
sS'm\xc3\xa1s'
p1082
I53
sS'stopped'
p1083
I53
sS'found'
p1084
I50
sS'trailer'
p1085
I53
sS'everyone'
p1086
I50
sS'house'
p1087
I43
sS'hard'
p1088
I51
sS'expect'
p1089
I53
sS'event'
p1090
I53
sS'really'
p1091
I47
sS'flower'
p1092
I53
sS'alcohol'
p1093
I53
sS'4pm'
p1094
I53
sS'since'
p1095
I47
sS'acting'
p1096
I53
sS'hill'
p1097
I53
sS'7'
p1098
I53
sS'\xc2\xbfam'
p1099
I53
sS'caucasian'
p1100
I53
sS'ass'
p1101
I53
sS'yesit'
p1102
I53
sS'friday'
p1103
I52
sS'reason'
p1104
I53
sS'3hrs'
p1105
I53
sS'ase'
p1106
I53
sS'ask'
p1107
I51
sS'tru'
p1108
I53
sS'lol)'
p1109
I53
sS"actin'"
p1110
I53
sS'w'
p1111
I52
sS'shhh!we'
p1112
I53
sS'-annual'
p1113
I53
sS'dont'
p1114
I52
sS'feel'
p1115
I41
sS'doughnuts'
p1116
I53
sS'number'
p1117
I53
sS':")'
p1118
I52
sS':"('
p1119
I52
sS'fucked'
p1120
I49
sS'done'
p1121
I51
sS'miss'
p1122
I41
sS'guess'
p1123
I53
sS'least'
p1124
I53
sS'avey'
p1125
I51
sS'storm'
p1126
I53
sS'mama'
p1127
I53
sS'store'
p1128
I53
sS'selling'
p1129
I53
sS'passed'
p1130
I53
sS'relationship'
p1131
I52
sS'park'
p1132
I50
sS'mmmm'
p1133
I53
sS'depressingly'
p1134
I53
sS'zeppelin'
p1135
I53
sS'laggers\xe2\x80\x9dsame'
p1136
I53
sS'albums'
p1137
I53
sS'convinced'
p1138
I53
sS'compliments'
p1139
I52
sS'dayjust'
p1140
I53
sS'double'
p1141
I53
sS'supposed'
p1142
I53
sS'essay2'
p1143
I53
sS':((('
p1144
I53
sS'outta'
p1145
I53
sS'kart'
p1146
I53
sS'juice'
p1147
I53
sS'caress'
p1148
I53
sS'kari'
p1149
I53
sS'sell'
p1150
I53
sS'lie'
p1151
I53
sS'nights'
p1152
I53
sS'lil'
p1153
I53
sS'lin'
p1154
I53
sS'also'
p1155
I53
sS'liz'
p1156
I50
sS'play'
p1157
I51
sS'added'
p1158
I53
sS'eggs'
p1159
I52
sS'most'
p1160
I52
sS'hired'
p1161
I52
sS'nothing'
p1162
I49
sS'salary'
p1163
I53
sS'kb'
p1164
I53
sS'sometimes'
p1165
I51
sS'clubbing'
p1166
I53
sS'tongs'
p1167
I53
sS'part'
p1168
I53
sS'clean'
p1169
I53
sS'shoutout'
p1170
I53
sS'lying'
p1171
I53
sS'boredom'
p1172
I53
sS'ugh'
p1173
I48
sS'grandmas'
p1174
I53
sS'carne'
p1175
I53
sS'ootd'
p1176
I53
sS'find'
p1177
I52
sS'giant'
p1178
I53
sS'music'
p1179
I52
sS"siq!!it's"
p1180
I53
sS'pretty'
p1181
I52
sS'8'
p1182
I51
sS"(he's"
p1183
I53
sS'his'
p1184
I46
sS'hit'
p1185
I52
sS'permission'
p1186
I53
sS'3/4'
p1187
I53
sS'do\xe2\x80\x9d'
p1188
I53
sS'him'
p1189
I44
sS'cry'
p1190
I50
sS'out!i'
p1191
I53
sS'artist!that'
p1192
I53
sS'more!and'
p1193
I53
sS'set'
p1194
I52
sS'creator'
p1195
I53
sS'vine'
p1196
I53
sS'sex'
p1197
I53
sS'see'
p1198
I41
sS'dumb'
p1199
I52
sS'are'
p1200
I27
sS'close'
p1201
I53
sS'shower'
p1202
I53
sS'huuuh'
p1203
I53
sS'movie'
p1204
I49
sS'wow'
p1205
I52
sS'currently'
p1206
I52
sS'please'
p1207
I53
sS'fans'
p1208
I53
sS'platelet'
p1209
I53
sS'probably'
p1210
I51
sS'knowing'
p1211
I52
sS'attention'
p1212
I52
sS'outfit'
p1213
I53
sS'"not'
p1214
I53
sS'cool!what'
p1215
I53
sS'both'
p1216
I53
sS'c'
p1217
I52
sS'something?i'
p1218
I53
sS'last'
p1219
I50
sS'restaurant'
p1220
I53
sS'okay!is'
p1221
I53
sS'annual'
p1222
I53
sS'caesarsright?if'
p1223
I53
sS'sweet'
p1224
I53
sS'loveee'
p1225
I53
sS'motivation'
p1226
I53
sS'likes'
p1227
I53
sS'finally'
p1228
I53
sS'pt'
p1229
I53
sS'due'
p1230
I53
sS'doodled'
p1231
I53
sS'secret'
p1232
I53
sS'damn'
p1233
I53
sS'meeting'
p1234
I53
sS'woke'
p1235
I53
sS'gay'
p1236
I53
sS'boy'
p1237
I53
sS"what's"
p1238
I48
sS'gas'
p1239
I53
sS'else'
p1240
I52
sS'dicks'
p1241
I53
sS'look'
p1242
I48
sS'straight'
p1243
I53
sS'convo'
p1244
I53
sS'while'
p1245
I50
sS'replaced'
p1246
I53
sS'homework'
p1247
I51
sS'behavior'
p1248
I53
sS'fun'
p1249
I52
sS'drs'
p1250
I53
sS'robin'
p1251
I53
sS'theres'
p1252
I52
sS'kurtis'
p1253
I53
sS'2:00pm'
p1254
I53
sS'rip'
p1255
I53
sS'<$'
p1256
I52
sS'ready'
p1257
I49
sS'ever!!!!i'
p1258
I53
sS'rid'
p1259
I53
sS'(\xcd\xa1\xc2\xb0'
p1260
I52
sS"dyrdek's"
p1261
I53
sS'funny'
p1262
I50
sS'shirt'
p1263
I52
sS'anymore'
p1264
I47
sS'james'
p1265
I53
sS'composition'
p1266
I53
sS'used'
p1267
I53
sS'yesterday'
p1268
I51
sS'*cries'
p1269
I53
sS'walmart'
p1270
I53
sS'moving'
p1271
I51
sS'yours'
p1272
I53
sS'ulivis'
p1273
I52
sS'elem'
p1274
I53
sS'person'
p1275
I51
sS'y'
p1276
I50
sS'semester!!!\xc2\xbfam'
p1277
I53
sS'spend'
p1278
I53
sS"david's"
p1279
I53
sS'listening'
p1280
I51
sS'bssn'
p1281
I53
sS'cup'
p1282
I53
sS'sixflags'
p1283
I53
sS'parents'
p1284
I53
sS'crying'
p1285
I47
sS'transformation'
p1286
I53
sS'big'
p1287
I49
sS'couple'
p1288
I53
sS'speechand'
p1289
I53
sS'shitty'
p1290
I53
sS'bit'
p1291
I53
sS'hahahaha!!!oh'
p1292
I53
sS'wish!my'
p1293
I53
sS'sprinklers!i'
p1294
I53
sS'fucking'
p1295
I52
sS'spring'
p1296
I53
sS'hard!i'
p1297
I53
sS'some'
p1298
I50
sS'back'
p1299
I38
sS'palo'
p1300
I53
sS'sprint'
p1301
I53
sS'savage'
p1302
I53
sS'closest'
p1303
I53
sS'days!!fridaysaturdayand'
p1304
I53
sS'shall'
p1305
I53
sS'pros'
p1306
I53
sS'prof'
p1307
I53
sS'dating'
p1308
I53
sS'anna'
p1309
I48
sS'nose'
p1310
I53
sS'be'
p1311
I26
sS'bf'
p1312
I49
sS'eating'
p1313
I52
sS'\xe2\x84\xa2'
p1314
I53
sS'booklet'
p1315
I53
sS'stem'
p1316
I53
sS'andreas'
p1317
I53
sS'nowhere'
p1318
I53
sS'crap'
p1319
I53
sS'by'
p1320
I51
sS'\xcd\x9c\xca\x96'
p1321
I51
sS'anything'
p1322
I49
sS'wore'
p1323
I52
sS'deserves'
p1324
I53
sS'idk'
p1325
I49
sS'(theyre'
p1326
I53
sS'wanna'
p1327
I51
sS'seeing'
p1328
I50
sS'visit'
p1329
I52
sS'into'
p1330
I53
sS'city\xe2\x80\xa6'
p1331
I53
sS'computer'
p1332
I53
sS'ache'
p1333
I53
sS'question'
p1334
I53
sS'fast'
p1335
I52
sS"we're"
p1336
I50
sS'forward'
p1337
I51
sS'scariest'
p1338
I53
sS'bored'
p1339
I46
sS'twitter'
p1340
I53
sS'mountains'
p1341
I52
sS'himself'
p1342
I53
sS'invite'
p1343
I53
sS'boys'
p1344
I51
sS'posted'
p1345
I52
sS"hasn't"
p1346
I53
sS'us'
p1347
I49
sS'ur'
p1348
I53
sS'cis'
p1349
I53
sS'similar'
p1350
I53
sS'called'
p1351
I53
sS'fun!p.s:(if'
p1352
I53
sS'ko'
p1353
I53
sS'ac\xe2\x9a\xa1\xef\xb8\x8fdc'
p1354
I53
sS'single'
p1355
I53
sS'freeway'
p1356
I53
sS'nah'
p1357
I52
sS'tare'
p1358
I52
sS'grouped'
p1359
I53
sS'nap'
p1360
I52
sS'nat'
p1361
I53
sS'nice'
p1362
I51
sS"taylor's"
p1363
I53
sS'\xe2\x98\xba\xef\xb8\x8f\xe2\x98\xba\xef\xb8\x8f'
p1364
I53
sS'chocolate'
p1365
I53
sS'ok!thanks'
p1366
I53
sS'ago'
p1367
I53
sS'fighter'
p1368
I53
sS'impatient'
p1369
I53
sS'beverage'
p1370
I53
sS'far'
p1371
I53
sS"she's"
p1372
I52
sS'having'
p1373
I51
sS'cheetos'
p1374
I53
sS'\xe2\x98\xba\xef\xb8\x8f\xe2\x98\xba\xef\xb8\x8f\xe2\x98\xba\xef\xb8\x8f'
p1375
I52
sS'010'
p1376
I53
sS'chowder'
p1377
I53
sS'go'
p1378
I23
sS'meat!i'
p1379
I53
sS'send'
p1380
I52
sS'(not'
p1381
I53
sS'dislike'
p1382
I53
sS'garden'
p1383
I53
sS'wavy'
p1384
I53
sS'facebook'
p1385
I53
sS'drinking'
p1386
I53
sS'entire'
p1387
I53
sS'midterm'
p1388
I53
sS'\xcd\xa1\xc2\xb0)'
p1389
I52
sS'try'
p1390
I50
sS'karinaofwgkta'
p1391
I53
sS'blitz'
p1392
I53
sS'waking'
p1393
I53
sS'video'
p1394
I53
sS'uncomfortable'
p1395
I53
sS'download'
p1396
I52
sS'slight'
p1397
I53
sS'networks'
p1398
I53
sS'cell'
p1399
I53
sS'waiting'
p1400
I51
sS'body'
p1401
I53
sS'led'
p1402
I53
sS'estates'
p1403
I53
sS'eminem'
p1404
I53
sS'let'
p1405
I50
sS'healing'
p1406
I53
sS'luis'
p1407
I53
sS'great'
p1408
I47
sS'metro'
p1409
I53
sS'leaving'
p1410
I52
sS'ayyyy'
p1411
I53
sS'makes'
p1412
I50
sS'1!do'
p1413
I53
sS'apply'
p1414
I52
sS'standing'
p1415
I53
sS'sketchbook'
p1416
I53
sS'use'
p1417
I53
sS'hahahahaha'
p1418
I52
sS'from'
p1419
I33
sS'snoop'
p1420
I53
sS'&'
p1421
I49
sS'chi'
p1422
I53
sS'cray'
p1423
I53
sS'next'
p1424
I47
sS'few'
p1425
I53
sS'doubt'
p1426
I53
sS'coldplay'
p1427
I53
sS'babe'
p1428
I53
sS'top!it'
p1429
I53
sS'started'
p1430
I52
sS'impress'
p1431
I53
sS'sister'
p1432
I53
sS'cranidos'
p1433
I53
sS'baby'
p1434
I53
sS'4am'
p1435
I53
sS'starter'
p1436
I53
sS'home!what'
p1437
I53
sS'this'
p1438
I23
sS'ride'
p1439
I53
sS'6am'
p1440
I53
sS'foggiest'
p1441
I53
sS'good!i'
p1442
I53
sS'(king'
p1443
I53
sS'half)'
p1444
I53
sS'that?ugh'
p1445
I53
sS'meeeeeee'
p1446
I53
sS'high'
p1447
I53
sS'something'
p1448
I52
sS'porn\xe2\x80\x9d'
p1449
I53
sS'sik'
p1450
I53
sS'instead'
p1451
I52
sS'8-page'
p1452
I53
sS'watery'
p1453
I53
sS'watch'
p1454
I51
sS'183000!!!holy'
p1455
I53
sS'taco'
p1456
I53
sS'hahahaha'
p1457
I49
sS'realized'
p1458
I52
sS'chasing'
p1459
I53
sS'allow'
p1460
I53
sS'ramiro'
p1461
I53
sS"won't"
p1462
I52
sS'looks'
p1463
I51
sS'galaxy'
p1464
I53
sS'bunch'
p1465
I53
sS'perfect'
p1466
I52
sS"okay!i'll"
p1467
I53
sS'benjamins'
p1468
I53
sS'la'
p1469
I50
sS'[pic]'
p1470
I53
sS'covered'
p1471
I53
sS'bye'
p1472
I51
sS'dad'
p1473
I51
sS'dan'
p1474
I53
sS'practice'
p1475
I53
sS'dat'
p1476
I48
sS'good!handed'
p1477
I53
sS'front'
p1478
I52
sS'day'
p1479
I39
sS'called/replied'
p1480
I53
sS'://'
p1481
I50
sS'07-09-2014'
p1482
I53
sS'doing'
p1483
I50
sS'our'
p1484
I52
sS'cada'
p1485
I53
sS'out'
p1486
I36
sS"'"
p1487
I53
sS'cause'
p1488
I52
sS'math'
p1489
I52
sS'shut'
p1490
I53
sS'"tfti"'
p1491
I53
sS'que'
p1492
I52
sS'embarrass'
p1493
I53
sS'scary'
p1494
I53
sS'8-)'
p1495
I53
sS'snapchats'
p1496
I52
sS'could'
p1497
I51
sS'david'
p1498
I53
sS'4th'
p1499
I53
sS'pudding'
p1500
I52
sS'retail'
p1501
I53
sS'beans!what'
p1502
I53
sS'unfollowing'
p1503
I53
sS"ma'boi"
p1504
I53
sS'scene'
p1505
I53
sS'echo'
p1506
I53
sS'bitch'
p1507
I52
sS'sharon'
p1508
I53
sS'single\xe2\x9a\xaa\xef\xb8\x8f'
p1509
I53
sS'start'
p1510
I51
sS'their'
p1511
I52
sS'after?we'
p1512
I53
sS'word\xe2\x80\xa6\xe2\x80\x9d'
p1513
I53
sS'final'
p1514
I52
sS'vid'
p1515
I53
sS'stomach'
p1516
I52
sS'nobody'
p1517
I51
sS'grandpa'
p1518
I53
sS'neck'
p1519
I53
sS'loved'
p1520
I53
sS'ben'
p1521
I53
sS'okay..:/'
p1522
I53
sS'bother'
p1523
I53
sS'bed'
p1524
I53
sS'hahahahahahahaha'
p1525
I53
sS'loves'
p1526
I52
sS'hard!but'
p1527
I53
sS'p.s'
p1528
I52
sS'tonight'
p1529
I49
sS'have'
p1530
I14
sS'need'
p1531
I43
sS'screw'
p1532
I53
sS'mermaid'
p1533
I53
sS'makeover'
p1534
I53
sS'which'
p1535
I50
sS'youkarinafor'
p1536
I53
sS'knees'
p1537
I53
sS'who'
p1538
I48
sS'"ya"'
p1539
I53
sS'tall'
p1540
I53
sS'know!i'
p1541
I53
sS'class'
p1542
I44
sS'thanksgiving'
p1543
I52
sS"you'll"
p1544
I52
sS'asada.unfortunatelyi'
p1545
I53
sS'pictures'
p1546
I53
sS'skinny'
p1547
I52
sS'fact'
p1548
I53
sS'whatsup'
p1549
I53
sS'text'
p1550
I48
sS'agreed'
p1551
I53
sS'bring'
p1552
I53
sS'planning'
p1553
I53
sS'silly!he'
p1554
I53
sS'chicken'
p1555
I53
sS'"oh'
p1556
I53
sS'ear'
p1557
I53
sS"everyday!!!he's"
p1558
I53
sS"today?i'm"
p1559
I53
sS'should'
p1560
I49
sS'reminisce'
p1561
I53
sS'riding'
p1562
I53
sS'hope'
p1563
I50
sS'meant'
p1564
I52
sS'means'
p1565
I51
sS'beat'
p1566
I53
sS'onei'
p1567
I53
sS'coworker'
p1568
I53
sS'lucky'
p1569
I51
sS'tbh'
p1570
I51
sS'awww'
p1571
I52
sS'ones'
p1572
I51
sS'tierra'
p1573
I53
sS'chips'
p1574
I53
sS'2:02am'
p1575
I53
sS'married'
p1576
I50
sS'calling'
p1577
I53
sS'whether'
p1578
I53
sS'stuff'
p1579
I50
sS'she'
p1580
I48
sS'gerardo'
p1581
I53
sS'hurtseyes'
p1582
I53
sS"me.it's"
p1583
I53
sS'more?:d'
p1584
I53
sS'desperate'
p1585
I53
sS'luv'
p1586
I53
sS'has'
p1587
I45
sS'friends?i'
p1588
I53
sS'rowan'
p1589
I53
sS'horrible'
p1590
I53
sS'bought'
p1591
I52
sS'check!!!!!!this'
p1592
I53
sS'job'
p1593
I46
sS'carnita'
p1594
I53
sS'feeeeet'
p1595
I53
sS'grass'
p1596
I53
sS'joke'
p1597
I52
sS'taking'
p1598
I46
sS'passing'
p1599
I53
sS'gorgeous'
p1600
I53
sS'walk'
p1601
I52
sS'laugh'
p1602
I53
sS'cs'
p1603
I53
sS'ct'
p1604
I53
sS'quit'
p1605
I53
sS'yay'
p1606
I52
sS"it's"
p1607
I36
sS'dead)'
p1608
I53
sS'man!i'
p1609
I53
sS'hottest'
p1610
I53
sS"it'd"
p1611
I53
sS'citadel'
p1612
I51
sS'ahh!sorry'
p1613
I53
sS'where?destiny'
p1614
I53
sS'2014'
p1615
I53
sS'present'
p1616
I53
sS'balandra'
p1617
I53
sS'harder'
p1618
I53
sS'will'
p1619
I43
sS'hahaha'
p1620
I51
sS"frozen's"
p1621
I53
sS'av'
p1622
I53
sS'vs'
p1623
I53
sS'avi'
p1624
I53
sS'watched'
p1625
I53
sS'ave'
p1626
I53
sS'ulivi'
p1627
I53
sS'cross'
p1628
I53
sS'earlier?i'
p1629
I53
sS'cope'
p1630
I53
sS'party'
p1631
I51
sS'gets'
p1632
I51
sS'kidding!no'
p1633
I53
sS'ios'
p1634
I53
sS'tambien'
p1635
I53
sS'delivered"'
p1636
I53
sS'fucken'
p1637
I53
sS'sisters'
p1638
I52
sS'off'
p1639
I48
sS'i'
p1640
I1
sS'well'
p1641
I49
sS'fighting'
p1642
I53
sS'have.\xe2\x80\x9d'
p1643
I53
sS'thought'
p1644
I53
sS'ibarra'
p1645
I53
sS'deion'
p1646
I53
sS'rocket'
p1647
I53
sS'less'
p1648
I53
sS"should've"
p1649
I53
sS'dakota'
p1650
I51
sS'though.i'
p1651
I53
sS'headed'
p1652
I53
sS'sky'
p1653
I53
sS'realize'
p1654
I53
sS'add'
p1655
I53
sS'other'
p1656
I48
sS'attractive'
p1657
I52
sS'kick'
p1658
I52
sS'fyf'
p1659
I51
sS'talkie'
p1660
I53
sS'checking'
p1661
I53
sS'came"'
p1662
I53
sS'fyi'
p1663
I52
sS'know'
p1664
I41
sS'nvm'
p1665
I53
sS'soundtrack\xe2\x9d\x84\xef\xb8\x8f'
p1666
I53
sS'necessary'
p1667
I53
sS'like'
p1668
I29
sS'://///:///:/'
p1669
I53
sS'gangsters'
p1670
I53
sS'clutch'
p1671
I53
sS'leaves'
p1672
I53
sS'works'
p1673
I53
sS'soft'
p1674
I53
sS'page'
p1675
I51
sS'red/itchy'
p1676
I53
sS'because'
p1677
I35
sS'scared'
p1678
I49
sS'hair'
p1679
I49
sS'home'
p1680
I37
sS'happens'
p1681
I53
sS'laaaane'
p1682
I53
sS'avoid'
p1683
I53
sS'does'
p1684
I52
sS'sauce)'
p1685
I53
sS'okay!which'
p1686
I53
sS'pepper'
p1687
I53
sS'schedule'
p1688
I51
sS'wesley'
p1689
I53
sS'lastnight'
p1690
I53
sS'after'
p1691
I53
sS'about'
p1692
I40
sS':-)'
p1693
I49
sS'carried'
p1694
I53
sS'getting'
p1695
I44
sS'perks'
p1696
I53
sS'karinacoasty'
p1697
I53
sS'keeps'
p1698
I53
sS'tiny'
p1699
I52
sS'gay!\xe2\x80\x9dhow'
p1700
I53
sS'yankee'
p1701
I51
sS'appt'
p1702
I53
sS'apps'
p1703
I53
sS'biggest'
p1704
I53
sS'buy'
p1705
I49
sS'north'
p1706
I52
sS"i've"
p1707
I49
sS'hr'
p1708
I53
sS'but'
p1709
I21
sS'reminds'
p1710
I53
sS'hi'
p1711
I50
sS'goals'
p1712
I53
sS'ha'
p1713
I51
sS'eat'
p1714
I46
sS'bud'
p1715
I53
sS'he'
p1716
I40
sS'made'
p1717
I45
sS'this)'
p1718
I53
sS'wish'
p1719
I52
sS'flip'
p1720
I53
sS'persian'
p1721
I53
sS'levis'
p1722
I53
sS'omfgmf'
p1723
I53
sS'\xc2\xbf'
p1724
I53
sS'minutes'
p1725
I52
sS'\xc2\xbfallen'
p1726
I53
sS"ya!it's"
p1727
I53
sS'mcm'
p1728
I53
sS'functions'
p1729
I53
sS'marley'
p1730
I53
sS'book'
p1731
I52
sS'sick'
p1732
I53
sS"you're"
p1733
I41
sS'monday'
p1734
I51
sS'stay'
p1735
I52
sS'chance'
p1736
I52
sS'booboo'
p1737
I53
sS'friends'
p1738
I45
sS'kardashian'
p1739
I53
sS'space'
p1740
I53
sS'lasted'
p1741
I53
sS'ohhhh'
p1742
I53
s.