(dp0
S''
p1
I1
sS'!!,90280\n506299249517019137,joseesandoval69,2014-09-01'
p2
I58
sS'pida'
p3
I58
sS'sleep'
p4
I40
sS'hating'
p5
I58
sS'caught,90280\n501292938375069696,joseesandoval69,2014-08-18'
p6
I58
sS'captain'
p7
I58
sS'hate'
p8
I48
sS'consider'
p9
I58
sS'chinese'
p10
I58
sS'tweet'
p11
I56
sS'up"'
p12
I58
sS'bike'
p13
I58
sS'sorry'
p14
I57
sS'up2'
p15
I58
sS'worth'
p16
I57
sS'speeder'
p17
I58
sS'16:24:24.0,33.96251134,-118.21343017,5355.02,bout'
p18
I58
sS'09:16:32.0,33.96277537,-118.21358372,5355.02,oh'
p19
I58
sS'stalkers'
p20
I58
sS'every'
p21
I54
sS'jacob'
p22
I58
sS'tank'
p23
I58
sS'you,90280\n497387767173636096,joseesandoval69,2014-08-07'
p24
I58
sS'school'
p25
I51
sS'glued'
p26
I58
sS'clothes'
p27
I57
sS'enjoy'
p28
I58
sS'03:32:20.0,33.96377637,-118.21445322,5355.02,forgot'
p29
I58
sS'08:31:50.0,33.96297054,-118.21350527,5355.02,where'
p30
I58
sS'tired'
p31
I51
sS'conspiracies,90280\n498296957979222016,_ruthy_bear,2014-08-10'
p32
I58
sS'shut'
p33
I56
sS'second'
p34
I58
sS'friendships'
p35
I58
sS'shining'
p36
I58
sS'even'
p37
I46
sS'saved'
p38
I58
sS'eve~'
p39
I58
sS'saludos'
p40
I58
sS'supplies'
p41
I58
sS'ever'
p42
I58
sS'told'
p43
I58
sS'01:49:44.0,33.96279825,-118.21350586,5355.02,and'
p44
I58
sS'kicked'
p45
I58
sS'hero'
p46
I57
sS'screams'
p47
I58
sS'pancakes'
p48
I57
sS'never'
p49
I53
sS'here'
p50
I51
sS'\xe2\x9d\xa4\xef\xb8\x8f'
p51
I57
sS'active'
p52
I58
sS'remebered'
p53
I58
sS'meeee\xe2\x80\x9d'
p54
I58
sS'dry'
p55
I57
sS',90280\n501296170308608001,joseesandoval69,2014-08-18'
p56
I58
sS'daughter'
p57
I58
sS',90280\n496174066223439872,joseesandoval69,2014-08-04'
p58
I58
sS'k'
p59
I53
sS'ignoring'
p60
I58
sS'tv'
p61
I58
sS"i'd"
p62
I58
sS'smoke'
p63
I57
sS"i'm"
p64
I9
sS'stinky'
p65
I58
sS'eyebrows'
p66
I58
sS'not,90280\n497388295324581890,joseesandoval69,2014-08-07'
p67
I58
sS'bro'
p68
I46
sS',90280\n501299049710882816,joseesandoval69,2014-08-18'
p69
I58
sS'bra'
p70
I58
sS'would'
p71
I52
sS'crapload'
p72
I58
sS'degrees~'
p73
I58
sS'armo'
p74
I58
sS'edward'
p75
I58
sS'call'
p76
I57
sS'calm'
p77
I56
sS'everyway'
p78
I58
sS'type'
p79
I57
sS'tell'
p80
I58
sS',90280\n504002816780664832,miggstuhh69_,2014-08-25'
p81
I58
sS',90280\n506337425296068608,joseesandoval69,2014-09-01'
p82
I58
sS'paperwork'
p83
I58
sS'22:00:13.0,33.96297419,-118.21383166,5355.02,watching'
p84
I58
sS'haha'
p85
I57
sS'subtweet'
p86
I57
sS'hurt'
p87
I58
sS'niggas,90280\n496473092898570240,joseesandoval69,2014-08-05'
p88
I58
sS'phone'
p89
I46
sS'warm'
p90
I58
sS'*i***'
p91
I58
sS'hold'
p92
I57
sS'must'
p93
I58
sS'"joseesandoval'
p94
I58
sS'join'
p95
I57
sS'room'
p96
I56
sS'work'
p97
I57
sS'mi'
p98
I53
sS'movies'
p99
I58
sS'era'
p100
I58
sS'booty,90280\n497388906778611714,joseesandoval69,2014-08-07'
p101
I58
sS'my'
p102
I5
sS'want,90280\n497388163547934720,joseesandoval69,2014-08-07'
p103
I58
sS',90280\n494816322639773696,joseesandoval69,2014-07-31'
p104
I58
sS'give'
p105
I54
sS'climax'
p106
I57
sS'please,90280\n507384259242237952,joseesandoval69,2014-09-04'
p107
I58
sS'caps,90280\n496456011540987904,joseesandoval69,2014-08-05'
p108
I58
sS'honey'
p109
I58
sS'homie'
p110
I58
sS',90280\n507040058755395586,joseesandoval69,2014-09-03'
p111
I58
sS'want'
p112
I43
sS',90280\n501299509922516993,joseesandoval69,2014-08-18'
p113
I58
sS'rented,90280\n503583173502976000,joseesandoval69,2014-08-24'
p114
I58
sS'keep'
p115
I55
sS'09:21:05.0,33.96280856,-118.21355464,5355.02,i'
p116
I58
sS'end'
p117
I57
sS'turn'
p118
I56
sS',90280\n498771562640592896,joseesandoval69,2014-08-11'
p119
I58
sS'comedians'
p120
I58
sS'how'
p121
I47
sS'hot'
p122
I54
sS'drummer'
p123
I58
sS'hop'
p124
I58
sS'23:09:22.0,33.96283224,-118.21359538,5355.02,trevor'
p125
I58
sS'09:10:38.0,33.96270596,-118.21340172,5355.02,this'
p126
I58
sS'beach'
p127
I58
sS'gaming'
p128
I57
sS'05:39:05.0,33.96275005,-118.21359906,5355.02,why'
p129
I58
sS'less'
p130
I58
sS'after'
p131
I54
sS'befor'
p132
I58
sS'wrong'
p133
I55
sS'jumping'
p134
I58
sS'lay'
p135
I58
sS'myself,90280\n507384397692014594,joseesandoval69,2014-09-04'
p136
I58
sS'royce'
p137
I58
sS'appreciate'
p138
I58
sS'messages,90280\n497387405104521217,joseesandoval69,2014-08-07'
p139
I58
sS'maintain'
p140
I58
sS'sweater,90280\n497344315056594946,joseesandoval69,2014-08-07'
p141
I58
sS'enter'
p142
I58
sS'wind'
p143
I58
sS'pianos'
p144
I58
sS'over'
p145
I55
sS'fam'
p146
I58
sS'hibernating'
p147
I58
sS',90280\n497586079965671424,joseesandoval69,2014-08-08'
p148
I58
sS'virgen'
p149
I57
sS'strangle'
p150
I58
sS'panthers'
p151
I58
sS'before'
p152
I55
sS'ima'
p153
I40
sS',90280\n501603398857527296,joseesandoval69,2014-08-19'
p154
I58
sS'fit'
p155
I58
sS'somewhere'
p156
I58
sS'gente'
p157
I58
sS'writing'
p158
I58
sS'better'
p159
I58
sS',90280\n501493058374877184,_ruthy_bear,2014-08-18'
p160
I58
sS'then'
p161
I36
sS'them'
p162
I55
sS"just....he's"
p163
I58
sS'workout'
p164
I57
sS'band'
p165
I57
sS'xd'
p166
I55
sS'\xe2\x98\xba\xef\xb8\x8f'
p167
I58
sS'supposed'
p168
I58
sS'one'
p169
I41
sS'vidal'
p170
I58
sS',90280\n501258468951478273,joseesandoval69,2014-08-18'
p171
I58
sS'went'
p172
I53
sS'mean'
p173
I55
sS',90280\n504828185846902784,joseesandoval69,2014-08-28'
p174
I58
sS'knockout'
p175
I58
sS'taught'
p176
I58
sS'forgot'
p177
I56
sS'sounds'
p178
I56
sS'whip'
p179
I57
sS'rt'
p180
I56
sS'gon'
p181
I57
sS'god'
p182
I55
sS'is1'
p183
I58
sS'muero'
p184
I58
sS'hooked'
p185
I58
sS',90280\n504140733377294336,joseesandoval69,2014-08-26'
p186
I58
sS'medicine'
p187
I58
sS'surprise'
p188
I58
sS'rn'
p189
I57
sS',90280\n501270289880080384,joseesandoval69,2014-08-18'
p190
I58
sS'turning'
p191
I58
sS"you're"
p192
I55
sS'hang'
p193
I57
sS'free'
p194
I58
sS'struggle'
p195
I58
sS'skeletal'
p196
I58
sS'entrar'
p197
I58
sS'wanted'
p198
I57
sS'heat'
p199
I57
sS'maribel'
p200
I58
sS'ate'
p201
I58
sS'recovering'
p202
I58
sS'starts'
p203
I58
sS'days'
p204
I58
sS'heck'
p205
I58
sS'uses'
p206
I58
sS'fuckin'
p207
I58
sS'already'
p208
I53
sS'features'
p209
I58
sS'grade'
p210
I57
sS'now,90280\n496490222771654656,joseesandoval69,2014-08-05'
p211
I58
sS'encouraging'
p212
I58
sS'hearing'
p213
I58
sS'hook'
p214
I58
sS'another'
p215
I57
sS'yours,90280\n497387686961758208,joseesandoval69,2014-08-07'
p216
I58
sS'hood'
p217
I58
sS'anyone'
p218
I54
sS',90280\n494791873412612096,joseesandoval69,2014-07-31'
p219
I58
sS'bonito'
p220
I58
sS'girls'
p221
I55
sS'dumbass'
p222
I58
sS'too'
p223
I46
sS'08:17:23.0,33.96282272,-118.21354919,5355.02,nice,90280\n498090339152838658,joseesandoval69,2014-08-09'
p224
I58
sS'dogs'
p225
I57
sS'listen'
p226
I56
sS'now,90280\n494036962446032897,joseesandoval69,2014-07-29'
p227
I58
sS'illiterate'
p228
I58
sS'centered'
p229
I58
sS'gym'
p230
I58
sS'took'
p231
I57
sS"06:48:24.0,33.96281292,-118.21355749,5355.02,i'm"
p232
I58
sS'nahh'
p233
I58
sS'begins'
p234
I58
sS'album,90280\n496474900622614528,joseesandoval69,2014-08-05'
p235
I58
sS'shower'
p236
I54
sS'07:07:04.0,33.96272084,-118.21349521,5355.02,i'
p237
I58
sS'joy'
p238
I58
sS'feeling'
p239
I58
sS'bad,90280\n505225189681266688,joseesandoval69,2014-08-29'
p240
I58
sS'?,90280\n497388972968931328,joseesandoval69,2014-08-07'
p241
I58
sS'ran'
p242
I58
sS'mind'
p243
I57
sS'mine'
p244
I56
sS'talking'
p245
I46
sS'seem'
p246
I58
sS'causing'
p247
I58
sS'boss,90280\n504141410119856128,joseesandoval69,2014-08-26'
p248
I58
sS',90280\n501297270797918208,joseesandoval69,2014-08-18'
p249
I58
sS'menudo'
p250
I58
sS'blue'
p251
I57
sS'nobody'
p252
I58
sS'though'
p253
I58
sS'tired,90280\n500514648160886786,joseesandoval69,2014-08-16'
p254
I58
sS'mouth'
p255
I58
sS'goodnight,90280\n494062320293670913,joseesandoval69,2014-07-29'
p256
I58
sS'hide-and-seek'
p257
I58
sS'devastating'
p258
I58
sS'm'
p259
I58
sS'dog'
p260
I57
sS"ballin'"
p261
I58
sS'yours'
p262
I57
sS'is,90280\n500072413170630656,joseesandoval69,2014-08-15'
p263
I58
sS'aunt'
p264
I58
sS'annoyed'
p265
I58
sS'came'
p266
I57
sS'saying'
p267
I55
sS'fuck,90280\n496476370281578496,joseesandoval69,2014-08-05'
p268
I58
sS'bomb'
p269
I57
sS'queen'
p270
I58
sS',90280\n498032015208239104,joseesandoval69,2014-08-09'
p271
I58
sS'pops'
p272
I58
sS'efff'
p273
I58
sS'hell'
p274
I57
sS'earth'
p275
I58
sS'busy'
p276
I58
sS'ment'
p277
I58
sS'04:49:22.0,33.96313726,-118.21367224,5355.02,my'
p278
I58
sS'team.\xe2\x80\x9d'
p279
I58
sS'w.e'
p280
I58
sS"baby's"
p281
I55
sS'bust'
p282
I58
sS'p.rick'
p283
I58
sS'wearing'
p284
I57
sS'do'
p285
I28
sS'dm'
p286
I55
sS'?,90280\n497388587873087489,joseesandoval69,2014-08-07'
p287
I58
sS'de'
p288
I57
sS'watch'
p289
I55
sS'6/07/13,90280\n502955320335814656,joseesandoval69,2014-08-22'
p290
I58
sS"09:19:17.0,33.96281874,-118.21358322,5355.02,i'll"
p291
I58
sS'shutting'
p292
I58
sS'haunted'
p293
I58
sS'new'
p294
I49
sS'nigguh'
p295
I58
sS',90280\n501580090841378816,joseesandoval69,2014-08-19'
p296
I58
sS'jaguar'
p297
I58
sS'that,90280\n506338140349415425,joseesandoval69,2014-09-01'
p298
I58
sS'bad'
p299
I56
sS'bae'
p300
I46
sS'tbfh'
p301
I58
sS'lleven'
p302
I58
sS'habit'
p303
I58
sS'10:36:55.0,33.9628249,-118.21355321,5355.02,wow'
p304
I58
sS'goodnight'
p305
I53
sS'decided'
p306
I58
sS"11:33:38.0,33.96285554,-118.21364089,5355.02,i'm"
p307
I58
sS'better,90280\n497388787136098304,joseesandoval69,2014-08-07'
p308
I58
sS'best'
p309
I54
sS'said'
p310
I51
sS'sorta'
p311
I58
sS'away'
p312
I58
sS'devision'
p313
I58
sS'r&b'
p314
I58
sS'bien'
p315
I58
sS"there's"
p316
I58
sS'hopefully'
p317
I58
sS'yupp,90280\n497389368705695744,joseesandoval69,2014-08-07'
p318
I58
sS'07:22:01.0,33.96284016,-118.21348088,5355.02,too'
p319
I58
sS'*cough'
p320
I58
sS',90280\n495434448788131841,joseesandoval69,2014-08-02'
p321
I58
sS'lazy'
p322
I57
sS'gtfo,90280\n506332727667204097,joseesandoval69,2014-09-01'
p323
I58
sS'omg'
p324
I53
sS'me,90280\n497177707734519808,_ruthy_bear,2014-08-07'
p325
I58
sS'however'
p326
I58
sS'lol,90280\n509086292655632384,miggstuhh69_,2014-09-08'
p327
I58
sS'wear'
p328
I58
sS'wtf'
p329
I45
sS'wth'
p330
I58
sS'cousin'
p331
I58
sS'04:53:20.0,33.9617989,-118.2171198,5355.02,when'
p332
I58
sS'tfti'
p333
I56
sS'fault'
p334
I58
sS'ill'
p335
I58
sS'mariachi'
p336
I57
sS'01:47:48.0,33.96282712,-118.21343503,5355.02,next,90280\n496472569004818432,joseesandoval69,2014-08-05'
p337
I58
sS'16:42:39.0,33.96276711,-118.2135989,5355.02,who'
p338
I58
sS'faces'
p339
I57
sS'ily'
p340
I58
sS'sleep,90280\n506338110397902848,joseesandoval69,2014-09-01'
p341
I58
sS'had'
p342
I48
sS'height'
p343
I58
sS',90280\n496664262849204224,joseesandoval69,2014-08-05'
p344
I58
sS'trust'
p345
I57
sS'09:16:10.0,33.96263556,-118.21337622,5355.02,never'
p346
I58
sS'been'
p347
I49
sS'sleepover'
p348
I58
sS'much'
p349
I49
sS'basic'
p350
I58
sS'shittest'
p351
I58
sS'threw'
p352
I57
sS'life'
p353
I43
sS',90280\n497393187380396032,joseesandoval69,2014-08-07'
p354
I58
sS'moneys'
p355
I58
sS'lift'
p356
I58
sS'child'
p357
I58
sS'chill'
p358
I40
sS'gracias'
p359
I58
sS'body,90280\n500063171759972352,joseesandoval69,2014-08-14'
p360
I58
sS'mater'
p361
I58
sS'ugly'
p362
I57
sS'chilling'
p363
I58
sS'remembering'
p364
I58
sS'mexico'
p365
I58
sS'03:37:04.0,33.96293228,-118.21343562,5355.02,woke'
p366
I58
sS'is'
p367
I10
sS'it'
p368
I13
sS'im'
p369
I48
sS'piercings'
p370
I58
sS'in'
p371
I20
sS'id'
p372
I57
sS'ig'
p373
I57
sS'if'
p374
I36
sS'compleo'
p375
I58
sS'perform'
p376
I57
sS'things'
p377
I57
sS'make'
p378
I48
sS'any'
p379
I57
sS'topfriends'
p380
I58
sS'07:07:11.0,33.96276108,-118.21349127,5355.02,i'
p381
I58
sS'shawty'
p382
I58
sS'pre-school'
p383
I58
sS"09:15:02.0,33.96278019,-118.21348985,5355.02,it's"
p384
I58
sS'gwuap'
p385
I58
sS'tops'
p386
I58
sS'hand'
p387
I58
sS'jealous'
p388
I58
sS"he'll"
p389
I57
sS'kid'
p390
I58
sS'butter'
p391
I56
sS'06:08:18.0,33.96290659,-118.21354676,5355.02,my'
p392
I58
sS'06:56:21.0,33.96281614,-118.21353519,5355.02,i'
p393
I58
sS'dad~'
p394
I58
sS'greatest'
p395
I58
sS'mother'
p396
I58
sS'nomore'
p397
I58
sS'the'
p398
I7
sS'pooping'
p399
I57
sS'left'
p400
I57
sS'thoe,90280\n496474852182605824,joseesandoval69,2014-08-05'
p401
I58
sS"she'll"
p402
I58
sS'just'
p403
I17
sS'sentence'
p404
I58
sS'sleepy'
p405
I53
sS'02:06:23.0,33.9627905,-118.21355707,5355.02,we'
p406
I58
sS'thanks'
p407
I55
sS'victim'
p408
I58
sS'boyfriend,90280\n512464363429457920,saldanapatrick,2014-09-18'
p409
I58
sS'yes'
p410
I57
sS'ahorrarnos'
p411
I58
sS'yet'
p412
I58
sS'jose'
p413
I55
sS'antes'
p414
I58
sS'paisa,90280\n497387548474220544,joseesandoval69,2014-08-07'
p415
I58
sS"spongebob's"
p416
I58
sS'character'
p417
I58
sS'belongs'
p418
I58
sS'lesbihonest'
p419
I58
sS'easy'
p420
I58
sS'has'
p421
I56
sS',90280\n483071651446128640,_ruthy_bear,2014-06-29'
p422
I58
sS'gave'
p423
I58
sS'possible'
p424
I58
sS'dreamy'
p425
I58
sS'12:56:05.0,33.96261435,-118.21355212,5355.02,as'
p426
I58
sS'linda'
p427
I58
sS'poses'
p428
I58
sS'10:29:10.0,33.96306565,-118.2141265,5355.02,funny'
p429
I58
sS'apart'
p430
I58
sS'04:25:57.0,33.96279263,-118.21356763,5355.02,wtf'
p431
I58
sS'yarin'
p432
I58
sS'remind'
p433
I58
sS'night'
p434
I50
sS'right'
p435
I52
sS'old'
p436
I58
sS'shower,90280\n506338046141145089,joseesandoval69,2014-09-01'
p437
I58
sS'deal'
p438
I58
sS'people'
p439
I44
sS'idgaf'
p440
I54
sS',90280\n503603087387291649,joseesandoval69,2014-08-24'
p441
I58
sS'clubs'
p442
I58
sS'neva'
p443
I58
sS'pee3'
p444
I58
sS'confusing'
p445
I58
sS'life,90280\n514523253109301248,miggstuhh69_,2014-09-23'
p446
I58
sS'for'
p447
I21
sS'02:06:54.0,33.96279716,-118.21355548,5355.02,euro'
p448
I58
sS'slushie'
p449
I58
sS'everything'
p450
I56
sS'friend^.^'
p451
I58
sS'foo'
p452
I57
sS'adorable'
p453
I58
sS'christmas'
p454
I58
sS'at,90280\n496474343635828736,joseesandoval69,2014-08-05'
p455
I58
sS'deleted'
p456
I57
sS'14:28:45.0,33.96285642,-118.21352916,5355.02,my'
p457
I58
sS'burn'
p458
I58
sS'08:42:39.0,33.96276842,-118.21325236,5355.02,tbh'
p459
I58
sS'losing'
p460
I58
sS'06:01:30.0,33.96283496,-118.21347317,5355.02,someone'
p461
I58
sS'oreo'
p462
I58
sS',90280\n496619692237152256,joseesandoval69,2014-08-05'
p463
I58
sS'o'
p464
I58
sS'mismo'
p465
I58
sS'match'
p466
I58
sS'facetime'
p467
I58
sS'raised'
p468
I58
sS'whats'
p469
I58
sS'material'
p470
I58
sS'selfie'
p471
I58
sS'down'
p472
I48
sS'armado'
p473
I58
sS'soy'
p474
I57
sS',90280\n504141019395289088,joseesandoval69,2014-08-26'
p475
I58
sS'america'
p476
I58
sS'\xe2\x9d\xa4\xef\xb8\x8f,90280\n447567830821511168,los_burritos77,2014-03-23'
p477
I58
sS'support'
p478
I58
sS'tennis'
p479
I58
sS'>>>>'
p480
I58
sS'fight'
p481
I58
sS'stuck'
p482
I58
sS'way'
p483
I54
sS'greatness'
p484
I57
sS'tams'
p485
I58
sS'was'
p486
I27
sS'happy'
p487
I56
sS'starve'
p488
I58
sS'offer'
p489
I58
sS"09:04:54.0,33.96274188,-118.2135626,5355.02,it's"
p490
I58
sS'rollercoasters'
p491
I58
sS'rt,90280\n495852698621579264,joseesandoval69,2014-08-03'
p492
I58
sS'uncle'
p493
I58
sS'dead'
p494
I58
sS'bernice'
p495
I58
sS'admiration'
p496
I58
sS'inside'
p497
I58
sS'wtf,90280\n494817098250469376,joseesandoval69,2014-07-31'
p498
I58
sS'kbbq'
p499
I58
sS'daddy'
p500
I58
sS'\xe2\x9c\x8b,90280\n504140423082684417,joseesandoval69,2014-08-26'
p501
I58
sS'proud'
p502
I57
sS'hot,90280\n496440544336166913,joseesandoval69,2014-08-04'
p503
I58
sS'really,90280\n501297724285665281,joseesandoval69,2014-08-18'
p504
I58
sS'covers'
p505
I58
sS'hungry'
p506
I55
sS'02:57:48.0,33.96284833,-118.21354492,5355.02,wtf'
p507
I58
sS'annoying'
p508
I55
sS'trip'
p509
I57
sS'shit'
p510
I35
sS'holla'
p511
I57
sS'no'
p512
I38
sS'\xe2\x9a\x93\xef\xb8\x8f'
p513
I58
sS'when'
p514
I19
sS'cerritos'
p515
I58
sS',90280\n502448139358322688,joseesandoval69,2014-08-21'
p516
I58
sS'alerto'
p517
I58
sS',90280\n495062730030596096,joseesandoval69,2014-08-01'
p518
I58
sS'roll'
p519
I58
sS'picture'
p520
I58
sS'punchbag'
p521
I58
sS'brothers'
p522
I58
sS'welcome'
p523
I58
sS'update'
p524
I58
sS'diet'
p525
I58
sS'\xe2\x9d\xa4\xef\xb8\x8fc5'
p526
I58
sS"let's"
p527
I54
sS'journey'
p528
I58
sS'weekend'
p529
I58
sS',90280\n501297843185803264,joseesandoval69,2014-08-18'
p530
I58
sS'faster'
p531
I58
sS'assume'
p532
I58
sS'moved'
p533
I58
sS'01:56:55.0,33.96277231,-118.21354902,5355.02,il'
p534
I58
sS'time'
p535
I40
sS'serious'
p536
I58
sS'songs'
p537
I58
sS',90280\n497393646677655552,joseesandoval69,2014-08-07'
p538
I58
sS':/'
p539
I58
sS':('
p540
I58
sS':)'
p541
I52
sS'dance'
p542
I58
sS'skip'
p543
I58
sS'while,90280\n496470019698462721,joseesandoval69,2014-08-05'
p544
I58
sS'ice'
p545
I58
sS'battle'
p546
I58
sS'09:46:31.0,33.96279247,-118.21354399,5355.02,fuck,90280\n498767378973343744,joseesandoval69,2014-08-11'
p547
I58
sS'milk'
p548
I58
sS'00:19:29.0,33.96281966,-118.21356939,5355.02,my'
p549
I58
sS'21st'
p550
I58
sS'retarted'
p551
I58
sS'father'
p552
I58
sS'disgusting'
p553
I58
sS'cholos'
p554
I58
sS'finally'
p555
I57
sS'flopping'
p556
I58
sS'text'
p557
I48
sS'naked,90280\n504104145020678144,joseesandoval69,2014-08-26'
p558
I58
sS'me'
p559
I6
sS'09:14:55.0,33.96271117,-118.21347419,5355.02,why'
p560
I58
sS'cook'
p561
I57
sS'minute'
p562
I58
sS'cool'
p563
I54
sS'club,90280\n504103603741544448,joseesandoval69,2014-08-26'
p564
I58
sS'did'
p565
I47
sS'accidentally'
p566
I58
sS'cloudy'
p567
I58
sS'leave'
p568
I57
sS'settle'
p569
I58
sS'team'
p570
I58
sS'quick'
p571
I58
sS'guy'
p572
I56
sS',90280\n501622224990650368,joseesandoval69,2014-08-19'
p573
I58
sS'says'
p574
I57
sS'be'
p575
I24
sS'irritates'
p576
I58
sS',90280\n495879121755308032,joseesandoval69,2014-08-03'
p577
I58
sS'sign'
p578
I58
sS'run'
p579
I55
sS"cp3's"
p580
I58
sS'pedi'
p581
I58
sS'yoda'
p582
I58
sS'everytime'
p583
I58
sS'goes'
p584
I54
sS'reply'
p585
I55
sS'falling'
p586
I57
sS'02:37:07.0,33.96106482,-118.21123418,5355.02,,90280\n498296633629474817,_ruthy_bear,2014-08-10'
p587
I58
sS'coolaid'
p588
I58
sS'frontin,90280\n497388633528090624,joseesandoval69,2014-08-07'
p589
I58
sS'funeral'
p590
I58
sS'makeup'
p591
I57
sS'alone'
p592
I55
sS'15:53:42.0,33.9638739,-118.21579512,5355.02,passing'
p593
I58
sS'earthquake'
p594
I58
sS'change'
p595
I58
sS'wait'
p596
I54
sS'sending'
p597
I58
sS'boo'
p598
I54
sS'weird'
p599
I58
sS'bitch,90280\n496485727115300864,joseesandoval69,2014-08-05'
p600
I58
sS'lol,90280\n510269004418514944,miggstuhh69_,2014-09-12'
p601
I58
sS'package,90280\n501288050937180160,joseesandoval69,2014-08-18'
p602
I58
sS'love'
p603
I39
sS'shhh...,90280\n501034272522653696,jmendoza9511,2014-08-17'
p604
I58
sS'fake'
p605
I57
sS'01:26:01.0,33.96285483,-118.21355011,5355.02,missed'
p606
I58
sS'everybody'
p607
I56
sS'ando'
p608
I58
sS'working'
p609
I54
sS'baes'
p610
I58
sS'alright,90280\n496476332532834305,joseesandoval69,2014-08-05'
p611
I58
sS'dude'
p612
I54
sS'alright,90280\n496476520643166208,joseesandoval69,2014-08-05'
p613
I58
sS'by'
p614
I53
sS'live'
p615
I57
sS'jam'
p616
I58
sS'ayy'
p617
I54
sS'today'
p618
I43
sS'loving'
p619
I57
sS'oot'
p620
I58
sS'you,90280\n497388690729992192,joseesandoval69,2014-08-07'
p621
I58
sS"dad's"
p622
I58
sS'fly'
p623
I58
sS'melona'
p624
I58
sS'douche'
p625
I58
sS'02:35:50.0,33.96061758,-118.21135078,5355.02,damn'
p626
I58
sS'niggas'
p627
I52
sS'rt,90280\n507384455107842048,joseesandoval69,2014-09-04'
p628
I58
sS'soul'
p629
I58
sS'purge'
p630
I58
sS'01:56:43.0,33.96277231,-118.21354902,5355.02,idk'
p631
I58
sS'can'
p632
I46
sS'07:09:32.0,33.96283194,-118.21350812,5355.02,about'
p633
I58
sS'arrive'
p634
I58
sS'niggah'
p635
I58
sS'admired'
p636
I58
sS'crazy'
p637
I55
sS'too,90280\n504104005056724993,joseesandoval69,2014-08-26'
p638
I58
sS'16:55:46.0,33.96274268,-118.21352614,5355.02,goodmorning'
p639
I58
sS'awesome'
p640
I58
sS"didn't"
p641
I52
sS'fuck'
p642
I31
sS'heard'
p643
I58
sS'apologize,90280\n507786388323180544,joseesandoval69,2014-09-05'
p644
I58
sS'handle'
p645
I58
sS'stole'
p646
I58
sS'pink'
p647
I58
sS'winter'
p648
I57
sS'means'
p649
I58
sS'1'
p650
I55
sS'night\xe2\x80\x9d'
p651
I58
sS'staying'
p652
I58
sS'boss,90280\n504141053033582593,joseesandoval69,2014-08-26'
p653
I58
sS'spot'
p654
I56
sS'push-up'
p655
I58
sS'23:11:37.0,33.96286384,-118.21359253,5355.02,my'
p656
I58
sS'birthday'
p657
I53
sS'mad'
p658
I45
sS'date'
p659
I58
sS'such'
p660
I53
sS'suck'
p661
I58
sS'guys'
p662
I52
sS'man'
p663
I48
sS'12:05:11.0,33.96285131,-118.21357937,5355.02,so'
p664
I58
sS'remember'
p665
I56
sS'06:50:41.0,33.96277612,-118.21357769,5355.02,their'
p666
I58
sS'whenever'
p667
I55
sS'09:04:24.0,33.96267939,-118.21333072,5355.02,i'
p668
I58
sS'sj'
p669
I58
sS'switch'
p670
I57
sS'so'
p671
I23
sS'09:04:20.0,33.96275485,-118.21354455,5355.02,lmfao'
p672
I58
sS'challenge'
p673
I58
sS'pulled'
p674
I58
sS'talk'
p675
I50
sS'typical'
p676
I58
sS',90280\n503762659875885056,joseesandoval69,2014-08-25'
p677
I58
sS'09:46:24.0,33.96279247,-118.21354399,5355.02,aghh,90280\n498767315668705280,joseesandoval69,2014-08-11'
p678
I58
sS'pills,90280\n497388099458981888,joseesandoval69,2014-08-07'
p679
I58
sS'indeed'
p680
I58
sS'haircut'
p681
I57
sS'hiring'
p682
I58
sS'cold'
p683
I54
sS'still'
p684
I34
sS'police'
p685
I58
sS'thank'
p686
I55
sS"he's"
p687
I53
sS'interesting'
p688
I58
sS'leggo'
p689
I58
sS'amazing'
p690
I57
sS'tweets'
p691
I57
sS'decades'
p692
I58
sS'happened'
p693
I57
sS',90280\n507728832389189632,joseesandoval69,2014-09-05'
p694
I58
sS'moms'
p695
I57
sS'hilarious'
p696
I58
sS'sarcastic'
p697
I58
sS'05:35:44.0,33.9627765,-118.2135155,5355.02,i'
p698
I58
sS'half'
p699
I58
sS'not'
p700
I38
sS'now'
p701
I39
sS'twilight'
p702
I58
sS'bullshit'
p703
I58
sS'name'
p704
I53
sS'drop'
p705
I58
sS'04:26:04.0,33.96277553,-118.21353628,5355.02,my'
p706
I58
sS'debating'
p707
I58
sS'rock'
p708
I58
sS'01:37:31.0,33.96276032,-118.21352514,5355.02,cause'
p709
I58
sS'el'
p710
I57
sS'en'
p711
I58
sS'lowkey'
p712
I56
sS'anubis'
p713
I58
sS'12:31:35.0,33.96286451,-118.21363259,5355.02,6:03,90280\n494817295852515330,joseesandoval69,2014-07-31'
p714
I58
sS'yeah'
p715
I54
sS'03:10:21.0,33.96280718,-118.21358171,5355.02,idk'
p716
I58
sS'year'
p717
I56
sS'girl'
p718
I40
sS'troll'
p719
I58
sS',90280\n447567607667773441,los_burritos77,2014-03-23'
p720
I58
sS'jackson'
p721
I58
sS'irony'
p722
I58
sS'looking'
p723
I57
sS'seriously'
p724
I57
sS'stuff'
p725
I54
sS"shouldn't"
p726
I58
sS'hacked'
p727
I58
sS'tbh,90280\n506334556257927168,joseesandoval69,2014-09-01'
p728
I58
sS'nudes'
p729
I58
sS'people\xe2\x80\x9d'
p730
I58
sS'dodgers'
p731
I58
sS'follower,90280\n504002925572534272,miggstuhh69_,2014-08-25'
p732
I58
sS'satanic'
p733
I58
sS'disrespect'
p734
I58
sS'grandma'
p735
I58
sS'gots'
p736
I57
sS'cara'
p737
I58
sS'care'
p738
I57
sS'yup'
p739
I58
sS'yus'
p740
I58
sS'thing'
p741
I57
sS'lockscreen'
p742
I58
sS'place'
p743
I57
sS'massive'
p744
I58
sS'think'
p745
I46
sS'first'
p746
I55
sS',90280\n504802047472852992,joseesandoval69,2014-08-28'
p747
I58
sS'pistear'
p748
I58
sS'numb'
p749
I58
sS'carro'
p750
I58
sS'yourself'
p751
I58
sS'long'
p752
I55
sS'message'
p753
I54
sS'open'
p754
I58
sS'tomorrow'
p755
I58
sS'little'
p756
I53
sS',90280\n494881272867471360,joseesandoval69,2014-07-31'
p757
I58
sS'carson'
p758
I58
sS'2'
p759
I58
sS'sweating,90280\n501503624627752960,joseesandoval69,2014-08-18'
p760
I58
sS'white'
p761
I58
sS'friend'
p762
I57
sS'eyes'
p763
I56
sS'apellido'
p764
I56
sS'that'
p765
I14
sS'season'
p766
I58
sS'huh'
p767
I57
sS'snatch'
p768
I58
sS'04:26:48.0,33.96285596,-118.21354081,5355.02,agh'
p769
I58
sS'than'
p770
I52
sS'boyfriend'
p771
I56
sS'11'
p772
I57
sS'10'
p773
I57
sS'cracks'
p774
I58
sS'nathan'
p775
I58
sS'lmao'
p776
I37
sS'16'
p777
I58
sS'18'
p778
I58
sS'gotta'
p779
I52
sS'were'
p780
I48
sS'and'
p781
I11
sS'sam'
p782
I58
sS"07:06:34.0,33.96272084,-118.21349521,5355.02,i'm"
p783
I58
sS'parking'
p784
I58
sS'argument'
p785
I58
sS'voices'
p786
I58
sS'ant'
p787
I58
sS'say'
p788
I52
sS'breakfast'
p789
I58
sS'saw'
p790
I58
sS'mom,90280\n497387797347442688,joseesandoval69,2014-08-07'
p791
I58
sS'fucking'
p792
I41
sS'take'
p793
I50
sS',90280\n494822897647513600,joseesandoval69,2014-07-31'
p794
I58
sS'wanting'
p795
I58
sS"07:39:14.0,33.96280466,-118.21349831,5355.02,i'm"
p796
I58
sS'becoming'
p797
I58
sS'sure'
p798
I57
sS'pain'
p799
I58
sS'goodbye'
p800
I58
sS'track'
p801
I58
sS'fck'
p802
I58
sS'forever'
p803
I58
sS'05:59:58.0,33.96270775,-118.21343558,5355.02,whatever,90280\n501246899634987009,joseesandoval69,2014-08-18'
p804
I58
sS'lawd'
p805
I58
sS'later'
p806
I57
sS'drive'
p807
I58
sS'tooth'
p808
I58
sS'dolor'
p809
I58
sS'hear'
p810
I57
sS'ever\xe2\x80\x9d'
p811
I58
sS'beaner'
p812
I57
sS'walking'
p813
I58
sS'14:28:56.0,33.96285642,-118.21352916,5355.02,i'
p814
I58
sS'show'
p815
I55
sS'estoy'
p816
I58
sS'shoe'
p817
I58
sS'corner'
p818
I58
sS'slow'
p819
I58
sS'\xe2\x9c\x8b'
p820
I47
sS'\xe2\x9c\x8a'
p821
I58
sS'<<<<<<<<'
p822
I58
sS'dick'
p823
I49
sS'3'
p824
I56
sS'either'
p825
I58
sS'03:10:06.0,33.96274905,-118.21364307,5355.02,fell'
p826
I58
sS'only'
p827
I51
sS'going'
p828
I46
sS'black'
p829
I53
sS'get'
p830
I31
sS'samuel'
p831
I58
sS'designated'
p832
I58
sS'truly'
p833
I58
sS'cannot'
p834
I58
sS'borrow'
p835
I58
sS'morning'
p836
I53
sS'stupid'
p837
I54
sS'tenkaichi'
p838
I58
sS'where'
p839
I54
sS'bachata'
p840
I57
sS"y'all"
p841
I56
sS'concert'
p842
I57
sS"hasn't"
p843
I58
sS'gangster'
p844
I58
sS'asleep'
p845
I56
sS'hoes'
p846
I58
sS'ur'
p847
I58
sS',90280\n501298792516186113,joseesandoval69,2014-08-18'
p848
I58
sS'now,90280\n504870732141051905,joseesandoval69,2014-08-28'
p849
I58
sS"father's"
p850
I58
sS'outside'
p851
I57
sS'gaga'
p852
I57
sS'between'
p853
I56
sS'reading'
p854
I58
sS'tux'
p855
I58
sS'notice'
p856
I57
sS'jr'
p857
I58
sS'killing'
p858
I57
sS'guitar'
p859
I55
sS'gay\xe2\x80\x9d'
p860
I58
sS'hurts'
p861
I57
sS'blame'
p862
I58
sS',90280\n495141755134545920,joseesandoval69,2014-08-01'
p863
I58
sS'many'
p864
I57
sS'job'
p865
I58
sS'4:27'
p866
I58
sS'bp\xe2\x80\x9d'
p867
I58
sS'mani'
p868
I58
sS"can't"
p869
I39
sS'color'
p870
I57
sS"23:40:51.0,33.96283194,-118.21361071,5355.02,it's"
p871
I58
sS'jeans'
p872
I58
sS'23:37:00.0,33.96289259,-118.21358515,5355.02,youu'
p873
I58
sS'football'
p874
I54
sS'alcanzar'
p875
I58
sS'nicole'
p876
I48
sS'cares'
p877
I57
sS'tyga'
p878
I58
sS'wants'
p879
I57
sS'offered'
p880
I58
sS'photos'
p881
I58
sS'03:19:37.0,33.9631503,-118.212972,5355.02,currently'
p882
I58
sS'wake'
p883
I50
sS'spirit'
p884
I58
sS'those'
p885
I57
sS'sound'
p886
I58
sS'myself'
p887
I55
sS'winky'
p888
I58
sS'05:45:33.0,33.9630202,-118.21358481,5355.02,well'
p889
I58
sS'these'
p890
I55
sS'cash'
p891
I58
sS'trick'
p892
I58
sS"haven't"
p893
I54
sS'06:41:51.0,33.96278132,-118.21352681,5355.02,i'
p894
I58
sS'coolest'
p895
I58
sS'02:02:45.0,33.9628151,-118.21350695,5355.02,i'
p896
I58
sS'orientation'
p897
I58
sS'hell\xe2\x80\x9d'
p898
I58
sS',90280\n494036885241487360,joseesandoval69,2014-07-29'
p899
I58
sS'bros'
p900
I57
sS'sleeping'
p901
I56
sS'good'
p902
I45
sS'08:25:19.0,33.96282847,-118.21365237,5355.02,quick'
p903
I58
sS'perez'
p904
I58
sS'ironic'
p905
I58
sS'everyday'
p906
I57
sS'worry'
p907
I58
sS'different'
p908
I57
sS'pay'
p909
I58
sS'reminded'
p910
I58
sS'same'
p911
I55
sS'04:30:48.0,33.96282759,-118.21367526,5355.02,aghh'
p912
I58
sS'gentlemen'
p913
I58
sS'food'
p914
I54
sS"07:04:43.0,33.96275416,-118.21353704,5355.02,it's"
p915
I58
sS'jerking'
p916
I58
sS'04:02:57.0,33.96274294,-118.21340637,5355.02,fuck'
p917
I58
sS'plaster'
p918
I58
sS'atleast'
p919
I58
sS'week'
p920
I55
sS'screenshot'
p921
I57
sS'driver'
p922
I58
sS'm&m'
p923
I58
sS'running'
p924
I58
sS'03:16:01.0,33.96285927,-118.2135885,5355.02,mah'
p925
I58
sS'lemon'
p926
I58
sS'totally'
p927
I58
sS'\xe2\x9c\x8c\xef\xb8\x8f'
p928
I58
sS',90280\n508029115543191552,joseesandoval69,2014-09-05'
p929
I58
sS'cheating,90280\n496472791017730048,joseesandoval69,2014-08-05'
p930
I58
sS'without'
p931
I58
sS'comes'
p932
I57
sS'pitbull'
p933
I57
sS'model'
p934
I58
sS'starbucks'
p935
I58
sS'summer'
p936
I56
sS'(x'
p937
I58
sS'they'
p938
I48
sS'being'
p939
I53
sS'money'
p940
I57
sS'posole'
p941
I58
sS'shit,90280\n496440660438708224,joseesandoval69,2014-08-04'
p942
I58
sS',90280\n504002612614537216,miggstuhh69_,2014-08-25'
p943
I58
sS'pissing'
p944
I58
sS'kill'
p945
I58
sS'touch'
p946
I58
sS'ps3'
p947
I58
sS',90280\n507739453193207808,joseesandoval69,2014-09-05'
p948
I58
sS'halfway'
p949
I58
sS'thinking'
p950
I54
sS'except'
p951
I58
sS'kimberly'
p952
I57
sS'4'
p953
I57
sS'real'
p954
I53
sS'02:02:36.0,33.9628151,-118.21350695,5355.02,i'
p955
I58
sS'around'
p956
I52
sS'read'
p957
I57
sS'por'
p958
I55
sS'gonna'
p959
I38
sS'early'
p960
I58
sS'eeeeeee'
p961
I58
sS'ana/garden'
p962
I58
sS'01:47:39.0,33.96280386,-118.21349261,5355.02,why'
p963
I58
sS'listening'
p964
I57
sS'world'
p965
I57
sS'gate)'
p966
I58
sS'lady'
p967
I54
sS"('"
p968
I58
sS'clogging,90280\n477337615687884800,_ruthy_bear,2014-06-13'
p969
I58
sS',90280\n504465853601964033,joseesandoval69,2014-08-27'
p970
I58
sS'pregnant'
p971
I58
sS'cx'
p972
I58
sS'miraculous'
p973
I58
sS'laughing'
p974
I56
sS'focused.,90280\n506334872709771264,joseesandoval69,2014-09-01'
p975
I58
sS'crazy,90280\n501580051679150080,joseesandoval69,2014-08-19'
p976
I58
sS'08:32:38.0,33.96298768,-118.21347803,5355.02,i'
p977
I58
sS'ewww'
p978
I58
sS'cowboys'
p979
I58
sS'thinks'
p980
I58
sS'mood'
p981
I54
sS'willis'
p982
I58
sS'ac3'
p983
I58
sS'h.p'
p984
I58
sS'02:39:56.0,33.96278216,-118.21352363,5355.02,this'
p985
I58
sS'04:35:12.0,33.96285772,-118.21357836,5355.02,first'
p986
I58
sS'11:42:45.0,33.96289343,-118.2136517,5355.02,that'
p987
I58
sS'power'
p988
I58
sS'04:09:18.0,33.96282373,-118.21356093,5355.02,it'
p989
I58
sS'point,90280\n496477518476476416,joseesandoval69,2014-08-05'
p990
I58
sS'sprung'
p991
I58
sS'sorry,90280\n497389548326764546,joseesandoval69,2014-08-07'
p992
I58
sS'throwback'
p993
I58
sS'about\xe2\x80\x9d'
p994
I58
sS'bomb,90280\n497387514064142336,joseesandoval69,2014-08-07'
p995
I58
sS'throw'
p996
I57
sS'on'
p997
I20
sS'pussy\xe2\x80\x9d'
p998
I58
sS'ok'
p999
I58
sS'oh'
p1000
I56
sS'of'
p1001
I20
sS'favorite'
p1002
I58
sS',90280\n496896939129323520,joseesandoval69,2014-08-06'
p1003
I58
sS'fell'
p1004
I57
sS"12:01:50.0,33.96289535,-118.21356847,5355.02,i'm"
p1005
I58
sS'act'
p1006
I55
sS'luck'
p1007
I58
sS'or'
p1008
I46
sS'ladies'
p1009
I58
sS'sara'
p1010
I58
sS'burning'
p1011
I57
sS'snapchat'
p1012
I54
sS'elementary'
p1013
I58
sS'nowadays'
p1014
I58
sS'your'
p1015
I15
sS'unas'
p1016
I58
sS'her'
p1017
I43
sS'there'
p1018
I54
sS'hey'
p1019
I57
sS'lol'
p1020
I45
sS'start'
p1021
I50
sS'lot'
p1022
I56
sS'?,90280\n501247581234556928,joseesandoval69,2014-08-18'
p1023
I58
sS'complete'
p1024
I58
sS'ago,90280\n497388197819592704,joseesandoval69,2014-08-07'
p1025
I58
sS'happier'
p1026
I58
sS'trying'
p1027
I58
sS'with'
p1028
I16
sS'buying'
p1029
I58
sS"they're"
p1030
I57
sS"wasn't"
p1031
I58
sS'bucket'
p1032
I58
sS'churro'
p1033
I58
sS'09:30:19.0,33.96281065,-118.21359085,5355.02,fuck'
p1034
I58
sS'agree'
p1035
I58
sS'gone'
p1036
I58
sS'ohh'
p1037
I55
sS'videos'
p1038
I58
sS'cinema'
p1039
I58
sS'01:40:26.0,33.96278618,-118.21355699,5355.02,gonna'
p1040
I58
sS'stealing'
p1041
I58
sS'am'
p1042
I48
sS'an'
p1043
I53
sS'as'
p1044
I47
sS'at'
p1045
I25
sS'girlfriend'
p1046
I54
sS',90280\n495170484783161344,joseesandoval69,2014-08-01'
p1047
I58
sS'crean'
p1048
I56
sS'again'
p1049
I51
sS'idiot'
p1050
I58
sS'homo)'
p1051
I58
sS'saturday'
p1052
I58
sS'5'
p1053
I56
sS'you'
p1054
I4
sS'04:13:17.0,33.9629065,-118.21354391,5355.02,tbh'
p1055
I58
sS'gaining'
p1056
I58
sS'poop'
p1057
I55
sS'peak'
p1058
I58
sS'fresh'
p1059
I54
sS',90280\n504139830515621888,joseesandoval69,2014-08-26'
p1060
I58
sS'finals'
p1061
I58
sS'pool'
p1062
I58
sS'2009'
p1063
I58
sS'finished'
p1064
I58
sS'websites'
p1065
I58
sS'having'
p1066
I53
sS'u'
p1067
I56
sS'alright'
p1068
I43
sS'starting'
p1069
I56
sS'type,90280\n508029061797400577,joseesandoval69,2014-09-05'
p1070
I58
sS'all'
p1071
I27
sS'surrounded'
p1072
I58
sS'liar'
p1073
I58
sS'forget'
p1074
I57
sS'!!,90280\n502446430821179392,joseesandoval69,2014-08-21'
p1075
I58
sS'05:02:31.0,33.96279544,-118.2135486,5355.02,i'
p1076
I58
sS'dollar'
p1077
I58
sS'remeber'
p1078
I56
sS'follow'
p1079
I51
sS',90280\n500905422665289728,joseesandoval69,2014-08-17'
p1080
I58
sS'imma'
p1081
I58
sS'wassup'
p1082
I58
sS'daniella'
p1083
I58
sS'to'
p1084
I3
sS'tl'
p1085
I58
sS'ti'
p1086
I58
sS'tf'
p1087
I47
sS'smile'
p1088
I58
sS'maynee'
p1089
I58
sS'slushies'
p1090
I58
sS"02:07:19.0,33.96279582,-118.21357886,5355.02,i'm"
p1091
I58
sS'song'
p1092
I53
sS'far'
p1093
I58
sS'fat'
p1094
I57
sS'worst'
p1095
I58
sS'got'
p1096
I36
sS'ticket'
p1097
I58
sS',90280\n447567892301639680,los_burritos77,2014-03-23'
p1098
I58
sS'gf'
p1099
I58
sS'overprotective'
p1100
I58
sS'hgih'
p1101
I58
sS"don't,90280\n501247230292926465,joseesandoval69,2014-08-18"
p1102
I58
sS"i'll"
p1103
I43
sS'past'
p1104
I58
sS'what'
p1105
I33
sS'ticks'
p1106
I57
sS'crush'
p1107
I58
sS'full'
p1108
I58
sS'\xe2\x9c\x8b,90280\n504141276577427456,joseesandoval69,2014-08-26'
p1109
I58
sS'loose'
p1110
I58
sS'06:55:40.0,33.96276799,-118.21353821,5355.02,can'
p1111
I58
sS'hours'
p1112
I57
sS'10:10:11.0,33.96278907,-118.21364852,5355.02,well'
p1113
I58
sS'november'
p1114
I58
sS'14'
p1115
I58
sS'pics'
p1116
I58
sS'buen'
p1117
I57
sS'social'
p1118
I58
sS'yourself"'
p1119
I58
sS'followed'
p1120
I58
sS'family'
p1121
I57
sS"spazz's"
p1122
I58
sS'escuchar'
p1123
I58
sS'texts'
p1124
I58
sS',90280\n496470752745361408,joseesandoval69,2014-08-05'
p1125
I58
sS',90280\n508029148145532928,joseesandoval69,2014-09-05'
p1126
I58
sS'florence'
p1127
I58
sS'eye'
p1128
I57
sS'two'
p1129
I57
sS'yepp,90280\n497389500281016320,joseesandoval69,2014-08-07'
p1130
I58
sS'6'
p1131
I58
sS'shits'
p1132
I58
sS'05:59:08.0,33.96262891,-118.21336748,5355.02,not'
p1133
I58
sS'life\xe2\x9c\x8a,90280\n507386359997161472,joseesandoval69,2014-09-04'
p1134
I58
sS'more'
p1135
I54
sS'tryna'
p1136
I56
sS'door'
p1137
I58
sS'knows'
p1138
I58
sS'(no'
p1139
I58
sS',90280\n497389571328331777,joseesandoval69,2014-08-07'
p1140
I58
sS'excuse'
p1141
I58
sS"ain't"
p1142
I48
sS'stick'
p1143
I58
sS'known'
p1144
I57
sS'15:15:00.0,33.96270575,-118.21359932,5355.02,my'
p1145
I58
sS'that,90280\n497387892251967489,joseesandoval69,2014-08-07'
p1146
I58
sS'09:20:48.0,33.96280856,-118.21355464,5355.02,my'
p1147
I58
sS'hour'
p1148
I56
sS"13:32:26.0,33.96282583,-118.21358448,5355.02,let's"
p1149
I58
sS'malo'
p1150
I56
sS'den'
p1151
I58
sS'learn'
p1152
I58
sS'knocked'
p1153
I58
sS'watcha'
p1154
I58
sS'beautiful'
p1155
I56
sS'stomachache'
p1156
I58
sS"jose's"
p1157
I57
sS'sense'
p1158
I58
sS'huge'
p1159
I58
sS'needs'
p1160
I56
sS'rather'
p1161
I55
sS'breaking'
p1162
I58
sS'stayed'
p1163
I58
sS'fame'
p1164
I58
sS'needa'
p1165
I52
sS'commercial'
p1166
I58
sS'okay'
p1167
I50
sS',90280\n498029507777818624,joseesandoval69,2014-08-09'
p1168
I58
sS'rude'
p1169
I58
sS'sneak'
p1170
I58
sS'adventure'
p1171
I58
sS'09:02:04.0,33.96262745,-118.21340752,5355.02,gotta'
p1172
I58
sS'coming'
p1173
I56
sS"03:12:48.0,33.96279226,-118.2136134,5355.02,i'm"
p1174
I58
sS'a'
p1175
I8
sS'cults'
p1176
I58
sS'short'
p1177
I57
sS'tweeting'
p1178
I56
sS'bugs'
p1179
I58
sS'dream'
p1180
I57
sS'playing'
p1181
I54
sS"that's"
p1182
I51
sS'replied'
p1183
I58
sS"don't"
p1184
I17
sS'heeeey'
p1185
I58
sS'soon'
p1186
I56
sS',90280\n504140967549489152,joseesandoval69,2014-08-26'
p1187
I58
sS'ok"'
p1188
I58
sS'through'
p1189
I54
sS'lildickbigheart'
p1190
I57
sS'its'
p1191
I58
sS'unhealthy'
p1192
I58
sS'bummed'
p1193
I58
sS'style'
p1194
I58
sS'arteries'
p1195
I58
sS'20'
p1196
I58
sS'pray'
p1197
I58
sS'28'
p1198
I58
sS'actually'
p1199
I58
sS'late'
p1200
I55
sS'dammm'
p1201
I58
sS'soccer'
p1202
I58
sS'might'
p1203
I58
sS'hoop'
p1204
I58
sS'goodmorning'
p1205
I57
sS'hurting'
p1206
I56
sS'someone'
p1207
I45
sS'yo'
p1208
I51
sS'ya'
p1209
I55
sS"you've"
p1210
I58
sS'bigger'
p1211
I57
sS'you,90280\n497389399533813760,joseesandoval69,2014-08-07'
p1212
I58
sS'wash'
p1213
I57
sS'always'
p1214
I45
sS"04:35:52.0,33.96271124,-118.21355942,5355.02,nicole's"
p1215
I58
sS'nauseous'
p1216
I58
sS"nicole's"
p1217
I53
sS"6'4"
p1218
I58
sS'friendship'
p1219
I58
sS"isn't"
p1220
I58
sS'mirame'
p1221
I57
sS'watery,90280\n498744978978246656,joseesandoval69,2014-08-11'
p1222
I58
sS'everyone'
p1223
I57
sS'weight'
p1224
I56
sS'house'
p1225
I50
sS'energy'
p1226
I58
sS'hard'
p1227
I58
sS'cereal4'
p1228
I58
sS'expect'
p1229
I57
sS'hanging'
p1230
I58
sS'operation'
p1231
I58
sS'butthurt'
p1232
I58
sS'really'
p1233
I44
sS'\xe2\x9c\x8b,90280\n504141379740508160,joseesandoval69,2014-08-26'
p1234
I58
sS'04:27:21.0,33.96288232,-118.21353,5355.02,can'
p1235
I58
sS'since'
p1236
I55
sS'acting'
p1237
I58
sS'rn\xe2\x80\x9dretweet'
p1238
I58
sS'\xe2\x98\x86\xe2\x99\xa7\xe2\x99\xa2\xe2\x99\xa4'
p1239
I58
sS'ass'
p1240
I41
sS'"you\'red"'
p1241
I58
sS'pathetic'
p1242
I58
sS'friday'
p1243
I58
sS'07:09:54.0,33.96277256,-118.21353125,5355.02,then'
p1244
I58
sS'story'
p1245
I57
sS'mmm'
p1246
I58
sS'reason'
p1247
I58
sS'hott'
p1248
I58
sS'cookie'
p1249
I58
sS'fatass'
p1250
I58
sS'imagine'
p1251
I58
sS'put'
p1252
I51
sS'teach'
p1253
I58
sS'lag'
p1254
I58
sS'07:22:13.0,33.96288601,-118.21345003,5355.02,goodnight'
p1255
I58
sS'23:35:25.0,33.96281081,-118.21389793,5355.02,gary'
p1256
I58
sS'5sos'
p1257
I58
sS'bbygirl'
p1258
I57
sS'drooling'
p1259
I58
sS'dont'
p1260
I58
sS'yepp,90280\n497387834576097280,joseesandoval69,2014-08-07'
p1261
I58
sS'feel'
p1262
I42
sS'number'
p1263
I55
sS',90280\n496148731423502336,joseesandoval69,2014-08-04'
p1264
I58
sS'01:21:31.0,33.96283555,-118.21351633,5355.02,i'
p1265
I58
sS'sisters'
p1266
I58
sS'done'
p1267
I56
sS'blank'
p1268
I58
sS'miss'
p1269
I55
sS'guess'
p1270
I57
sS'"'
p1271
I57
sS',90280\n494091261251301379,joseesandoval69,2014-07-29'
p1272
I58
sS'together'
p1273
I57
sS'passed'
p1274
I58
sS'mama'
p1275
I58
sS'banana'
p1276
I57
sS'store'
p1277
I58
sS'headache'
p1278
I56
sS'04:27:35.0,33.96288538,-118.21353955,5355.02,fine'
p1279
I58
sS'para'
p1280
I57
sS'23:37:19.0,33.96289259,-118.21358515,5355.02,you'
p1281
I58
sS"03:37:21.0,33.96278249,-118.21350309,5355.02,i'm"
p1282
I58
sS'believe'
p1283
I55
sS'grace'
p1284
I58
sS'11:31:39.0,33.96287968,-118.21360652,5355.02,guys'
p1285
I58
sS'gotten'
p1286
I58
sS',90280\n506333302576279552,joseesandoval69,2014-09-01'
p1287
I58
sS'hotttt:('
p1288
I58
sS'tummy'
p1289
I58
sS'dank'
p1290
I58
sS'09:46:09.0,33.962799,-118.21351332,5355.02,why'
p1291
I58
sS'toe'
p1292
I58
sS'risky'
p1293
I58
sS'outta'
p1294
I58
sS'randomly'
p1295
I56
sS'legs,90280\n497388035491647489,joseesandoval69,2014-08-07'
p1296
I58
sS'caress'
p1297
I58
sS'showers'
p1298
I58
sS'bad"'
p1299
I58
sS',90280\n495322771295981568,joseesandoval69,2014-08-01'
p1300
I58
sS'sell'
p1301
I58
sS'lie'
p1302
I58
sS'wilson'
p1303
I58
sS'nights'
p1304
I58
sS'relationship'
p1305
I58
sS'dancing'
p1306
I58
sS'lil'
p1307
I57
sS',90280\n501297653661966337,joseesandoval69,2014-08-18'
p1308
I58
sS'self'
p1309
I58
sS'moist'
p1310
I58
sS'shit,90280\n504002351925952512,miggstuhh69_,2014-08-25'
p1311
I58
sS'yeahh'
p1312
I58
sS'ball,90280\n496440099085627392,joseesandoval69,2014-08-04'
p1313
I58
sS'play'
p1314
I51
sS'reach'
p1315
I58
sS'most'
p1316
I57
sS'70'
p1317
I58
sS'nothing'
p1318
I52
sS'off-.-'
p1319
I58
sS'ke'
p1320
I57
sS'cutayy'
p1321
I58
sS'leader,90280\n504002975178559488,miggstuhh69_,2014-08-25'
p1322
I58
sS'sometimes'
p1323
I52
sS'snapping'
p1324
I58
sS'silent,90280\n501034140519518208,jmendoza9511,2014-08-17'
p1325
I58
sS'lying'
p1326
I58
sS',90280\n501931427974230017,joseesandoval69,2014-08-20'
p1327
I58
sS'ugh'
p1328
I58
sS'chelas'
p1329
I58
sS'gold'
p1330
I58
sS'grandmas'
p1331
I58
sS'stunner'
p1332
I58
sS'yadira'
p1333
I56
sS'stalker'
p1334
I58
sS'mine,90280\n497387456522489856,joseesandoval69,2014-08-07'
p1335
I58
sS'screenshots'
p1336
I58
sS'find'
p1337
I55
sS'music'
p1338
I57
sS'nervous'
p1339
I58
sS'camel'
p1340
I58
sS'bestfriends'
p1341
I58
sS'pretty'
p1342
I57
sS'10:14:35.0,33.96310667,-118.21420947,5355.02,lmao'
p1343
I58
sS'peformance'
p1344
I57
sS'thot,90280\n494889166518231041,joseesandoval69,2014-07-31'
p1345
I58
sS'his'
p1346
I56
sS'hit'
p1347
I53
sS'tommorow'
p1348
I49
sS'one,90280\n501297156091703296,joseesandoval69,2014-08-18'
p1349
I58
sS'remedy'
p1350
I58
sS'during'
p1351
I56
sS'him'
p1352
I51
sS'dustin'
p1353
I57
sS'rft'
p1354
I58
sS',90280\n504127733954142208,joseesandoval69,2014-08-26'
p1355
I58
sS'thots'
p1356
I58
sS'killed.....,90280\n501033929634086912,jmendoza9511,2014-08-17'
p1357
I58
sS'cartoons'
p1358
I58
sS'double'
p1359
I58
sS'k,90280\n497388872188190720,joseesandoval69,2014-08-07'
p1360
I58
sS'weaves'
p1361
I58
sS'wrote'
p1362
I58
sS'*been,90280\n507377290708140032,joseesandoval69,2014-09-04'
p1363
I58
sS'vine'
p1364
I57
sS'sex'
p1365
I55
sS'see'
p1366
I44
sS'dumb'
p1367
I54
sS'are'
p1368
I49
sS'close'
p1369
I56
sS'arm'
p1370
I57
sS'tbh,90280\n501296391071625216,joseesandoval69,2014-08-18'
p1371
I58
sS'pictures'
p1372
I58
sS'wow'
p1373
I53
sS'currently'
p1374
I58
sS'please'
p1375
I55
sS'woo'
p1376
I58
sS'won'
p1377
I58
sS'probably'
p1378
I57
sS'burned'
p1379
I58
sS'nope'
p1380
I56
sS'piss'
p1381
I57
sS'"that'
p1382
I58
sS'06:50:32.0,33.96274963,-118.21351717,5355.02,selfie'
p1383
I58
sS'together,90280\n497387961822879744,joseesandoval69,2014-08-07'
p1384
I58
sS'pisses'
p1385
I58
sS'molly,90280\n496472606858420224,joseesandoval69,2014-08-05'
p1386
I58
sS'pissed'
p1387
I56
sS',90280\n499416604413669376,joseesandoval69,2014-08-13'
p1388
I58
sS'last'
p1389
I58
sS'05:58:57.0,33.96279666,-118.21349739,5355.02,my'
p1390
I58
sS'foreign'
p1391
I58
sS'smh\xe2\x80\x9d'
p1392
I58
sS'oovoo'
p1393
I57
sS'thoe'
p1394
I39
sS'vault'
p1395
I58
sS'whole'
p1396
I56
sS'liked'
p1397
I58
sS'point'
p1398
I56
sS'acted'
p1399
I58
sS'whatever'
p1400
I58
sS'hollow'
p1401
I58
sS'peforming'
p1402
I58
sS'sexy'
p1403
I58
sS'mission'
p1404
I58
sS'devil'
p1405
I58
sS'"d"'
p1406
I58
sS'karla'
p1407
I57
sS'aunque'
p1408
I58
sS'hitting'
p1409
I57
sS'dropping'
p1410
I58
sS'damn'
p1411
I54
sS'balazos'
p1412
I58
sS'woke'
p1413
I56
sS'pm'
p1414
I58
sS'kathy'
p1415
I57
sS'vans'
p1416
I58
sS'like"'
p1417
I58
sS'gay'
p1418
I56
sS'fire'
p1419
I57
sS"what's"
p1420
I54
sS'else'
p1421
I56
sS'awake'
p1422
I58
sS'17:02:37.0,33.96271317,-118.21360292,5355.02,lmao'
p1423
I58
sS'sleep,90280\n496199273474568194,joseesandoval69,2014-08-04'
p1424
I58
sS'aileen'
p1425
I58
sS'01:56:30.0,33.96277231,-118.21354902,5355.02,fuck'
p1426
I58
sS'look'
p1427
I48
sS',90280\n495172779407192067,joseesandoval69,2014-08-01'
p1428
I58
sS'straight'
p1429
I58
sS'23:40:23.0,33.96307122,-118.21412099,5355.02,life'
p1430
I58
sS'forgetting'
p1431
I58
sS'while'
p1432
I54
sS'kick'
p1433
I54
sS'arely'
p1434
I58
sS'leaning'
p1435
I58
sS'fun'
p1436
I55
sS'rt\xe2\x80\x9d'
p1437
I58
sS'theres'
p1438
I58
sS'that,90280\n497389057408630785,joseesandoval69,2014-08-07'
p1439
I58
sS'09:25:29.0,33.96282742,-118.21350728,5355.02,shit'
p1440
I58
sS'ready'
p1441
I54
sS'voy'
p1442
I58
sS'funny'
p1443
I56
sS'shirt'
p1444
I56
sS'anymore'
p1445
I56
sS'wierd'
p1446
I54
sS'corridos'
p1447
I58
sS'used'
p1448
I58
sS'snail'
p1449
I58
sS"08:44:30.0,33.96278878,-118.21354659,5355.02,i'll"
p1450
I58
sS'keys'
p1451
I58
sS'02:03:21.0,33.9628151,-118.21350695,5355.02,and'
p1452
I58
sS'03:12:15.0,33.96268208,-118.21363301,5355.02,like'
p1453
I58
sS'moment'
p1454
I58
sS'moving'
p1455
I58
sS'janice'
p1456
I58
sS',90280\n494890890662408192,joseesandoval69,2014-07-31'
p1457
I58
sS'lower'
p1458
I58
sS'older'
p1459
I58
sS'stephanie'
p1460
I58
sS'person'
p1461
I56
sS'tulane"he'
p1462
I58
sS'y'
p1463
I57
sS'03:10:39.0,33.96280294,-118.21360233,5355.02,like'
p1464
I58
sS'spend'
p1465
I58
sS'hard,90280\n496477283071188993,joseesandoval69,2014-08-05'
p1466
I58
sS'mom'
p1467
I54
sS'haaaaapppy'
p1468
I58
sS'pics,90280\n500166802337325056,joseesandoval69,2014-08-15'
p1469
I58
sS'\xe2\x9c\x8a,90280\n507371813890826240,joseesandoval69,2014-09-04'
p1470
I58
sS'05:54:12.0,33.96299355,-118.21364902,5355.02,my'
p1471
I58
sS'06:01:50.0,33.9626812,-118.21334797,5355.02,no'
p1472
I58
sS'using'
p1473
I58
sS'tftii'
p1474
I58
sS'rides~fun'
p1475
I58
sS'\xe2\x9c\x8b,90280\n501954119897059328,joseesandoval69,2014-08-20'
p1476
I58
sS'hmu,90280\n497332793592909824,joseesandoval69,2014-08-07'
p1477
I58
sS'parents'
p1478
I58
sS'dare'
p1479
I58
sS'homies'
p1480
I57
sS'transformation'
p1481
I58
sS'hates'
p1482
I58
sS'big'
p1483
I57
sS'couple'
p1484
I57
sS'game'
p1485
I55
sS'bit'
p1486
I55
sS'knock'
p1487
I55
sS'lost'
p1488
I58
sS'adorablest'
p1489
I58
sS'recycled'
p1490
I58
sS'me\xe2\x80\x9d'
p1491
I58
sS'fuckinh'
p1492
I53
sS'saturday~'
p1493
I58
sS',90280\n504503928277327873,joseesandoval69,2014-08-27'
p1494
I58
sS'some'
p1495
I47
sS'back'
p1496
I43
sS'lips'
p1497
I58
sS'htiw'
p1498
I58
sS"02:57:40.0,33.96055244,-118.21146612,5355.02,it's"
p1499
I58
sS'boogers'
p1500
I58
sS'af,90280\n504519139973558274,joseesandoval69,2014-08-27'
p1501
I58
sS'plebes'
p1502
I58
sS'nose'
p1503
I57
sS'sarahi'
p1504
I58
sS'sweating'
p1505
I58
sS'eating'
p1506
I57
sS'bc'
p1507
I58
sS'bh'
p1508
I58
sS'feelings'
p1509
I58
sS'nowhere'
p1510
I56
sS'santa'
p1511
I58
sS'crap'
p1512
I56
sS'tripping'
p1513
I57
sS'anything'
p1514
I51
sS'truck'
p1515
I58
sS'idk'
p1516
I51
sS'wanna'
p1517
I36
sS'idc'
p1518
I58
sS'bed,90280\n494015979483959296,joseesandoval69,2014-07-29'
p1519
I58
sS'02:57:55.0,33.96161052,-118.21870733,5355.02,angels'
p1520
I58
sS'into'
p1521
I57
sS'momma'
p1522
I58
sS'nigga'
p1523
I46
sS'steven'
p1524
I58
sS'lesson'
p1525
I57
sS'tired,90280\n494090421794910208,joseesandoval69,2014-07-29'
p1526
I58
sS',90280\n507376574765596672,joseesandoval69,2014-09-04'
p1527
I58
sS',90280\n500905371759034369,joseesandoval69,2014-08-17'
p1528
I58
sS'ache'
p1529
I58
sS"03:12:34.0,33.96268208,-118.21363301,5355.02,i'm"
p1530
I58
sS'fast'
p1531
I56
sS'bored'
p1532
I58
sS'09:16:23.0,33.96277537,-118.21358372,5355.02,it'
p1533
I58
sS'12:10:11.0,33.96282704,-118.21361155,5355.02,my'
p1534
I58
sS'view.....or'
p1535
I58
sS'jacks'
p1536
I58
sS',90280\n495124633692012545,joseesandoval69,2014-08-01'
p1537
I58
sS'toooo'
p1538
I58
sS'girlfriends'
p1539
I58
sS'00:59:48.0,33.95916722,-118.21622111,5355.02,craving'
p1540
I58
sS'pacific'
p1541
I58
sS'line'
p1542
I57
sS'already,90280\n496664108964384768,joseesandoval69,2014-08-05'
p1543
I58
sS'paolo'
p1544
I58
sS'up'
p1545
I19
sS'us'
p1546
I53
sS'stalking'
p1547
I57
sS'un'
p1548
I58
sS'faded'
p1549
I57
sS'retweeting'
p1550
I58
sS'single'
p1551
I58
sS',90280\n505163302188486656,joseesandoval69,2014-08-29'
p1552
I58
sS'home'
p1553
I52
sS'stripper'
p1554
I58
sS'phantom'
p1555
I58
sS'hurts,90280\n504142078129864704,joseesandoval69,2014-08-26'
p1556
I58
sS'afecting'
p1557
I58
sS'fixing'
p1558
I58
sS'nah'
p1559
I55
sS'nap'
p1560
I57
sS'know,90280\n501296484084486147,joseesandoval69,2014-08-18'
p1561
I58
sS'nice'
p1562
I58
sS'smiles'
p1563
I58
sS'draw'
p1564
I58
sS'papi'
p1565
I58
sS'problems'
p1566
I57
sS'gonnfuck'
p1567
I58
sS'04:25:27.0,33.96305155,-118.21375991,5355.02,thank'
p1568
I58
sS'miles'
p1569
I58
sS'fighter'
p1570
I58
sS',90280\n498023838605520897,joseesandoval69,2014-08-09'
p1571
I58
sS"she'd"
p1572
I58
sS'scream'
p1573
I58
sS'hella'
p1574
I56
sS'fitted'
p1575
I58
sS'literally'
p1576
I58
sS"she's"
p1577
I49
sS'agt'
p1578
I58
sS'shirtless'
p1579
I57
sS'once'
p1580
I57
sS'receiver'
p1581
I58
sS'cynthia'
p1582
I57
sS'rt,90280\n495318142638247936,joseesandoval69,2014-08-01'
p1583
I58
sS'go'
p1584
I18
sS'chillin'
p1585
I58
sS'penis'
p1586
I58
sS',90280\n501298830659186689,joseesandoval69,2014-08-18'
p1587
I58
sS'peanut'
p1588
I56
sS'young'
p1589
I58
sS'send'
p1590
I56
sS'bruhh'
p1591
I57
sS'blaze'
p1592
I58
sS'21:20:22.0,33.96281359,-118.21356763,5355.02,this'
p1593
I58
sS'women'
p1594
I58
sS'friendly'
p1595
I58
sS'sent'
p1596
I58
sS'random'
p1597
I57
sS'06:00:27.0,33.9628495,-118.21357626,5355.02,ayy'
p1598
I58
sS'niqqa'
p1599
I58
sS'eeee'
p1600
I58
sS'manipulated'
p1601
I58
sS'putting'
p1602
I58
sS'telling'
p1603
I56
sS'teeth5'
p1604
I58
sS'try'
p1605
I54
sS'race'
p1606
I58
sS'\xe2\x9c\x8b,90280\n501954166130868224,joseesandoval69,2014-08-20'
p1607
I58
sS'car'
p1608
I55
sS'rack'
p1609
I58
sS',90280\n496226618017214464,joseesandoval69,2014-08-04'
p1610
I58
sS'f-type'
p1611
I58
sS'booty'
p1612
I51
sS'bleeding'
p1613
I58
sS'15:54:13.0,33.96397192,-118.21676206,5355.02,it'
p1614
I58
sS'waking'
p1615
I56
sS'usher'
p1616
I58
sS'uncomfortable'
p1617
I57
sS'22:50:35.0,33.96306316,-118.21332129,5355.02,today'
p1618
I58
sS'click'
p1619
I58
sS'victor'
p1620
I57
sS'wide'
p1621
I58
sS'wallet'
p1622
I58
sS'giving'
p1623
I58
sS'fine'
p1624
I58
sS'expressed'
p1625
I58
sS'lmfao'
p1626
I55
sS'waiting'
p1627
I58
sS'04:02:43.0,33.96282729,-118.21355489,5355.02,when'
p1628
I58
sS'body'
p1629
I57
sS'leg'
p1630
I58
sS'pushing'
p1631
I58
sS'annoying,90280\n506332752078053376,joseesandoval69,2014-09-01'
p1632
I58
sS'fuck,90280\n497388949292077057,joseesandoval69,2014-08-07'
p1633
I58
sS'let'
p1634
I43
sS'making'
p1635
I53
sS'sing'
p1636
I57
sS'man,90280\n507384074084679681,joseesandoval69,2014-09-04'
p1637
I58
sS'great'
p1638
I58
sS'care,90280\n497387474654474241,joseesandoval69,2014-08-07'
p1639
I58
sS'37'
p1640
I58
sS'leaving'
p1641
I57
sS'draking'
p1642
I58
sS'09:22:45.0,33.96260769,-118.21330637,5355.02,worse'
p1643
I58
sS'makes'
p1644
I57
sS'life\xe2\x80\x9d'
p1645
I58
sS'out,90280\n496474797446950913,joseesandoval69,2014-08-05'
p1646
I58
sS'shit,90280\n504504010808639488,joseesandoval69,2014-08-27'
p1647
I58
sS'app'
p1648
I58
sS'have,90280\n497389091021783041,joseesandoval69,2014-08-07'
p1649
I58
sS'singing'
p1650
I57
sS'bby,90280\n497388513352888320,joseesandoval69,2014-08-07'
p1651
I58
sS'dejas'
p1652
I58
sS'use'
p1653
I58
sS'from'
p1654
I49
sS'&'
p1655
I55
sS'hurting,90280\n504422917082333185,joseesandoval69,2014-08-27'
p1656
I58
sS'next'
p1657
I56
sS'few'
p1658
I58
sS'doubt'
p1659
I58
sS'babe'
p1660
I57
sS'cough*'
p1661
I58
sS'started'
p1662
I58
sS'impress'
p1663
I58
sS'about'
p1664
I41
sS'confused'
p1665
I58
sS'budokai'
p1666
I58
sS'baby'
p1667
I51
sS'shoelaces'
p1668
I58
sS',90280\n494788204680060928,joseesandoval69,2014-07-31'
p1669
I58
sS'rivalry'
p1670
I58
sS'hints'
p1671
I58
sS'tad'
p1672
I58
sS'account'
p1673
I57
sS'balls'
p1674
I58
sS'this'
p1675
I26
sS'08:31:26.0,33.9628516,-118.21361952,5355.02,funniest'
p1676
I58
sS'ride'
p1677
I58
sS'pho~'
p1678
I58
sS'bathroom,90280\n511353615676489728,saldanapatrick,2014-09-15'
p1679
I58
sS'anywhere'
p1680
I58
sS'hookups'
p1681
I58
sS'praise'
p1682
I58
sS'gabby'
p1683
I58
sS'07:32:24.0,33.96272801,-118.21360166,5355.02,sike'
p1684
I58
sS'04:35:22.0,33.96285772,-118.21357836,5355.02,like'
p1685
I58
sS'kenny'
p1686
I58
sS'thirsty'
p1687
I58
sS'10:45:52.0,33.96281241,-118.21361331,5355.02,tbh'
p1688
I58
sS'07:09:47.0,33.9628472,-118.21352153,5355.02,then'
p1689
I58
sS'high'
p1690
I55
sS'allnighter'
p1691
I57
sS'arley'
p1692
I58
sS'something'
p1693
I52
sS'sip'
p1694
I58
sS'lame'
p1695
I57
sS'six'
p1696
I58
sS'01:48:32.0,33.96278886,-118.21350016,5355.02,and'
p1697
I58
sS'oz'
p1698
I58
sS'falte'
p1699
I58
sS'*dying*'
p1700
I58
sS'stop'
p1701
I50
sS'uhhhhhhh'
p1702
I58
sS'lmfaoo'
p1703
I58
sS'weird....,90280\n477326296616140800,jmendoza9511,2014-06-13'
p1704
I58
sS'taco'
p1705
I58
sS'hahahaha'
p1706
I58
sS'solidarity'
p1707
I58
sS'realized'
p1708
I58
sS'ot'
p1709
I58
sS'later,90280\n501295092175339521,joseesandoval69,2014-08-18'
p1710
I58
sS'feels'
p1711
I58
sS',90280\n496664152350269440,joseesandoval69,2014-08-05'
p1712
I58
sS'-.-t'
p1713
I58
sS'honestly'
p1714
I58
sS'07:32:04.0,33.96266336,-118.21344256,5355.02,my'
p1715
I58
sS'move'
p1716
I57
sS"won't"
p1717
I58
sS'looks'
p1718
I55
sS'cruise'
p1719
I58
sS'horny'
p1720
I57
sS'perfect'
p1721
I53
sS'spotify'
p1722
I58
sS'le'
p1723
I58
sS'\xee\x81\x99\xee\x81\x99'
p1724
I58
sS'lo'
p1725
I58
sS'23:09:01.0,33.96283496,-118.21359647,5355.02,first'
p1726
I58
sS'me?"'
p1727
I58
sS'winning'
p1728
I58
sS'mami,90280\n497387612831633409,joseesandoval69,2014-08-07'
p1729
I58
sS'!,90280\n504768226006298624,joseesandoval69,2014-08-27'
p1730
I58
sS'degrees'
p1731
I58
sS'2014'
p1732
I57
sS'tommorow,90280\n506337299517284352,joseesandoval69,2014-09-01'
p1733
I58
sS'mane,90280\n504103526117556224,joseesandoval69,2014-08-26'
p1734
I58
sS'tss'
p1735
I58
sS'job,90280\n497388825815957505,joseesandoval69,2014-08-07'
p1736
I58
sS'dad'
p1737
I50
sS'dab'
p1738
I58
sS'nada'
p1739
I57
sS'practice'
p1740
I52
sS'happened"'
p1741
I58
sS'cutting'
p1742
I58
sS'08:29:25.0,33.96282935,-118.21366151,5355.02,was'
p1743
I58
sS'kiss'
p1744
I58
sS'ambition'
p1745
I58
sS'front'
p1746
I58
sS'bar'
p1747
I58
sS'day'
p1748
I46
sS'10:58:47.0,33.96283274,-118.21356981,5355.02,my'
p1749
I58
sS'04:49:33.0,33.96281283,-118.21357685,5355.02,stupid'
p1750
I58
sS'textbooks'
p1751
I58
sS',90280\n501298142541672450,joseesandoval69,2014-08-18'
p1752
I58
sS'truth'
p1753
I58
sS'|'
p1754
I55
sS'me,90280\n507378199072743424,joseesandoval69,2014-09-04'
p1755
I58
sS'doing'
p1756
I50
sS',90280\n501247108888813568,joseesandoval69,2014-08-18'
p1757
I58
sS'twitta'
p1758
I57
sS'our'
p1759
I54
sS'06:51:04.0,33.96277612,-118.21357769,5355.02,i'
p1760
I58
sS'special'
p1761
I58
sS'out'
p1762
I34
sS'05:27:26.0,33.96283324,-118.21350778,5355.02,bout'
p1763
I58
sS'swagfag'
p1764
I58
sS"02:06:59.0,33.96270171,-118.21335937,5355.02,i'm"
p1765
I58
sS'autocorrected'
p1766
I58
sS'cause'
p1767
I43
sS'red'
p1768
I57
sS'wuddup'
p1769
I57
sS'book"'
p1770
I58
sS'00:41:51.0,33.96274737,-118.21356839,5355.02,not'
p1771
I58
sS'completely'
p1772
I58
sS'que'
p1773
I58
sS'york'
p1774
I58
sS"12:06:19.0,33.96313374,-118.21426256,5355.02,can't"
p1775
I58
sS'22:17:17.0,33.96124287,-118.2112543,5355.02,nothing'
p1776
I58
sS'thinking,90280\n494063558238281729,joseesandoval69,2014-07-29'
p1777
I58
sS'scary'
p1778
I58
sS'01:54:42.0,33.96280148,-118.21352539,5355.02,i'
p1779
I58
sS'spazz'
p1780
I58
sS'snapchats'
p1781
I58
sS'phrases'
p1782
I58
sS'could'
p1783
I51
sS'times'
p1784
I57
sS'conversation'
p1785
I58
sS',90280\n505125319016058880,joseesandoval69,2014-08-28'
p1786
I58
sS'4th'
p1787
I58
sS'thoe,90280\n501293524537466880,joseesandoval69,2014-08-18'
p1788
I58
sS'south'
p1789
I58
sS'sack'
p1790
I58
sS'soothing'
p1791
I58
sS'bitch'
p1792
I51
sS'lagging'
p1793
I57
sS'mah'
p1794
I58
sS'lately,90280\n503782372349714432,joseesandoval69,2014-08-25'
p1795
I58
sS'noticed'
p1796
I58
sS'03:58:13.0,33.96252271,-118.21300403,5355.02,justin'
p1797
I58
sS"doesn't"
p1798
I57
sS'privacy'
p1799
I58
sS'myspace'
p1800
I58
sS'their'
p1801
I58
sS'messing'
p1802
I58
sS'stomach'
p1803
I54
sS'stars'
p1804
I58
sS'shorts'
p1805
I58
sS'exactly'
p1806
I57
sS'bieber'
p1807
I57
sS'videogames'
p1808
I58
sS'gotchu'
p1809
I57
sS'whyyyyy'
p1810
I58
sS'riches'
p1811
I58
sS'richer'
p1812
I58
sS'11:04:37.0,33.96281426,-118.21353419,5355.02,nothing'
p1813
I58
sS'"got'
p1814
I58
sS'drunk'
p1815
I58
sS'trusting'
p1816
I58
sS'partnership'
p1817
I58
sS'tonight'
p1818
I56
sS'peform'
p1819
I55
sS'have'
p1820
I47
sS'need'
p1821
I48
sS'sings'
p1822
I58
sS'dishes'
p1823
I58
sS'congrats'
p1824
I57
sS'07:41:40.0,33.96282239,-118.21354986,5355.02,why'
p1825
I58
sS'cunado'
p1826
I58
sS'hangover'
p1827
I58
sS'retweet'
p1828
I58
sS'jail'
p1829
I58
sS'big."'
p1830
I58
sS',90280\n507743244747554816,joseesandoval69,2014-09-05'
p1831
I58
sS'brand'
p1832
I58
sS'soar'
p1833
I58
sS"where'd"
p1834
I58
sS'aww'
p1835
I58
sS'who'
p1836
I56
sS'fine,90280\n496477413304320001,joseesandoval69,2014-08-05'
p1837
I58
sS"where's"
p1838
I58
sS'hurrrtt\xe2\x80\x9d'
p1839
I58
sS'but'
p1840
I30
sS'cracking'
p1841
I58
sS'why'
p1842
I40
sS'workout,90280\n506337455620907008,joseesandoval69,2014-09-01'
p1843
I58
sS'hypocrite'
p1844
I58
sS'22:49:16.0,33.96332916,-118.21333948,5355.02,4'
p1845
I58
sS'face'
p1846
I53
sS'looked'
p1847
I57
sS"you'll"
p1848
I57
sS'tf,90280\n497389444027002880,joseesandoval69,2014-08-07'
p1849
I58
sS'se'
p1850
I58
sS'movie'
p1851
I58
sS'fact'
p1852
I58
sS',90280\n497285823637630976,joseesandoval69,2014-08-07'
p1853
I58
sS'hoodies'
p1854
I58
sS'brenda'
p1855
I58
sS'cute'
p1856
I55
sS'lmaoo'
p1857
I57
sS'bring'
p1858
I58
sS'dbz'
p1859
I57
sS'envy'
p1860
I58
sS'('
p1861
I52
sS'should'
p1862
I50
sS'craving'
p1863
I58
sS'arabian'
p1864
I58
sS'tape'
p1865
I58
sS'lemme'
p1866
I58
sS'week!:/'
p1867
I58
sS'hope'
p1868
I58
sS'xdd'
p1869
I57
sS'la600'
p1870
I58
sS'listened'
p1871
I58
sS'watching'
p1872
I58
sS'shit,90280\n495373365201612800,_ruthy_bear,2014-08-02'
p1873
I58
sS'cranky'
p1874
I58
sS'stripes'
p1875
I58
sS'tbh'
p1876
I32
sS'ones'
p1877
I57
sS'words'
p1878
I57
sS'routine'
p1879
I58
sS'qt'
p1880
I58
sS'eyebrow'
p1881
I58
sS'calling'
p1882
I57
sS'jaime'
p1883
I58
sS'she'
p1884
I44
sS'grab'
p1885
I58
sS'guessing'
p1886
I58
sS'national'
p1887
I58
sS'we'
p1888
I38
sS'edition'
p1889
I58
sS'snapchatting'
p1890
I58
sS'me,90280\n497387585564467202,joseesandoval69,2014-08-07'
p1891
I58
sS'joseesandoval69'
p1892
I58
sS'asks'
p1893
I58
sS',90280\n496605764576763904,joseesandoval69,2014-08-05'
p1894
I58
sS'posing'
p1895
I58
sS'frustrates'
p1896
I58
sS'here,90280\n497387929874882560,joseesandoval69,2014-08-07'
p1897
I58
sS'icecream'
p1898
I58
sS'horrible'
p1899
I57
sS'frustrated'
p1900
I58
sS'adriana'
p1901
I58
sS'you,90280\n497387315979776000,joseesandoval69,2014-08-07'
p1902
I58
sS'ends'
p1903
I58
sS'comebacks'
p1904
I58
sS'deliver'
p1905
I57
sS'23:09:14.0,33.96283224,-118.21359538,5355.02,cause'
p1906
I58
sS'05:53:56.0,33.96279536,-118.21359596,5355.02,she'
p1907
I58
sS'kicking'
p1908
I58
sS'funniest/'
p1909
I58
sS'merry'
p1910
I58
sS'group'
p1911
I58
sS'selena'
p1912
I58
sS'joke'
p1913
I58
sS'taking'
p1914
I57
sS'rams'
p1915
I58
sS'n,90280\n504003315319836672,miggstuhh69_,2014-08-25'
p1916
I58
sS',90280\n501296542192390144,joseesandoval69,2014-08-18'
p1917
I58
sS'comment'
p1918
I57
sS'walk'
p1919
I57
sS'ucd'
p1920
I58
sS'respect'
p1921
I58
sS'iget'
p1922
I58
sS"it's"
p1923
I22
sS'af'
p1924
I43
sS'hoe'
p1925
I58
sS'05:29:25.0,33.9625417,-118.21336261,5355.02,i'
p1926
I58
sS'treat'
p1927
I58
sS'bby'
p1928
I52
sS'waste'
p1929
I58
sS'14:29:22.0,33.96285017,-118.21354408,5355.02,hopefully'
p1930
I58
sS'killed'
p1931
I58
sS'hmu'
p1932
I57
sS'vince'
p1933
I57
sS'06:27:12.0,33.96272637,-118.21365598,5355.02,anthony,90280\n500166722263863296,joseesandoval69,2014-08-15'
p1934
I58
sS'controller'
p1935
I58
sS'-.-'
p1936
I57
sS'wood'
p1937
I58
sS'eyelashes'
p1938
I58
sS'qb'
p1939
I58
sS'unlike'
p1940
I58
sS',90280\n495886490354724865,joseesandoval69,2014-08-03'
p1941
I58
sS'value'
p1942
I58
sS'will'
p1943
I54
sS'06:57:46.0,33.96256389,-118.21373292,5355.02,wth,90280\n497600791998263298,joseesandoval69,2014-08-08'
p1944
I58
sS'gucci'
p1945
I57
sS'sith'
p1946
I58
sS'10:15:06.0,33.96290462,-118.21358096,5355.02,ima'
p1947
I58
sS'almost'
p1948
I56
sS'not,90280\n497389027356463105,joseesandoval69,2014-08-07'
p1949
I58
sS'jajaja'
p1950
I58
sS'bullshit,90280\n496313359491289088,joseesandoval69,2014-08-04'
p1951
I58
sS'vs'
p1952
I58
sS'04:10:28.0,33.96312534,-118.21352037,5355.02,how'
p1953
I58
sS'avi'
p1954
I58
sS'arabic'
p1955
I58
sS'=staying'
p1956
I58
sS's2k'
p1957
I58
sS'unity'
p1958
I58
sS'northwest'
p1959
I58
sS'party'
p1960
I57
sS'gets'
p1961
I57
sS'ball'
p1962
I56
sS'tenga'
p1963
I58
sS'drink'
p1964
I53
sS',90280\n502336369469825026,joseesandoval69,2014-08-21'
p1965
I58
sS'tambien'
p1966
I58
sS'beast'
p1967
I58
sS'fucken'
p1968
I50
sS'"fireball"'
p1969
I58
sS'introduce'
p1970
I58
sS'student'
p1971
I58
sS'fucked'
p1972
I57
sS'09:25:20.0,33.96267844,-118.21327489,5355.02,lmaoo'
p1973
I58
sS'off'
p1974
I40
sS'i'
p1975
I2
sS'well'
p1976
I47
sS'asfuck,90280\n496439692431089664,joseesandoval69,2014-08-04'
p1977
I58
sS'thought'
p1978
I54
sS'flexing'
p1979
I58
sS'it,90280\n497388004277641216,joseesandoval69,2014-08-07'
p1980
I58
sS'sets'
p1981
I58
sS'snake'
p1982
I58
sS'15:52:52.0,33.9638739,-118.21579512,5355.02,that'
p1983
I58
sS'cried'
p1984
I58
sS'*bit'
p1985
I58
sS'moments'
p1986
I58
sS"should've"
p1987
I58
sS'happiness'
p1988
I57
sS',90280\n495421052378308608,joseesandoval69,2014-08-02'
p1989
I58
sS'headed'
p1990
I58
sS'lake'
p1991
I58
sS'realize'
p1992
I58
sS'other'
p1993
I56
sS'life,90280\n496439770529030144,joseesandoval69,2014-08-04'
p1994
I58
sS'homework'
p1995
I56
sS',90280\n507371742201790465,joseesandoval69,2014-09-04'
p1996
I58
sS'government'
p1997
I58
sS"who's"
p1998
I56
sS'know'
p1999
I29
sS'intersection'
p2000
I58
sS'mad,90280\n501188477820866560,joseesandoval69,2014-08-18'
p2001
I58
sS'like'
p2002
I12
sS'success'
p2003
I58
sS'problem\xe2\x80\x9d'
p2004
I58
sS'ferny'
p2005
I58
sS'clown'
p2006
I58
sS',90280\n504127486003654656,joseesandoval69,2014-08-26'
p2007
I58
sS'chick'
p2008
I58
sS'because'
p2009
I57
sS'twitter'
p2010
I54
sS'easilyy'
p2011
I58
sS'tumblr'
p2012
I58
sS'thier'
p2013
I51
sS'ilysm2'
p2014
I58
sS'happens'
p2015
I58
sS'lead'
p2016
I58
sS'03:09:53.0,33.96104274,-118.21237248,5355.02,bout'
p2017
I58
sS'then,90280\n497388269030473729,joseesandoval69,2014-08-07'
p2018
I58
sS'does'
p2019
I50
sS'05:01:20.0,33.96277335,-118.21366134,5355.02,fuck'
p2020
I58
sS'forgiven'
p2021
I58
sS'11:32:16.0,33.9628063,-118.21354542,5355.02,my'
p2022
I58
sS'please,90280\n506333400613941248,joseesandoval69,2014-09-01'
p2023
I58
sS',90280\n501296202587992064,joseesandoval69,2014-08-18'
p2024
I58
sS'annabelle'
p2025
I58
sS'sister'
p2026
I56
sS'actual'
p2027
I58
sS'justin'
p2028
I57
sS'getting'
p2029
I54
sS',90280\n504104085746749440,joseesandoval69,2014-08-26'
p2030
I58
sS'swear'
p2031
I51
sS'tongue'
p2032
I58
sS'own'
p2033
I58
sS'color,90280\n497387354072440832,joseesandoval69,2014-08-07'
p2034
I58
sS'12:09:24.0,33.96282704,-118.21361155,5355.02,i'
p2035
I58
sS'pussy'
p2036
I58
sS'18:01:47.0,33.96277088,-118.21348884,5355.02,when'
p2037
I58
sS'weather'
p2038
I57
sS'brush'
p2039
I58
sS'beer'
p2040
I58
sS'kidding'
p2041
I54
sS',90280\n495328169520414720,joseesandoval69,2014-08-01'
p2042
I58
sS'00:12:08.0,33.96266012,-118.21409075,5355.02,so'
p2043
I58
sS'buy'
p2044
I57
sS'hell,90280\n507384042300248065,joseesandoval69,2014-09-04'
p2045
I58
sS"i've"
p2046
I53
sS'hp'
p2047
I56
sS'forreal'
p2048
I55
sS'buh'
p2049
I58
sS'tommrow'
p2050
I57
sS'goals'
p2051
I58
sS'horrible,90280\n506299210270928896,joseesandoval69,2014-09-01'
p2052
I58
sS'eat'
p2053
I53
sS'he'
p2054
I49
sS'made'
p2055
I53
sS'places'
p2056
I58
sS'wish'
p2057
I58
sS'warmth'
p2058
I58
sS'converted'
p2059
I58
sS'minutes'
p2060
I57
sS'slips'
p2061
I58
sS',90280\n503406681577885697,joseesandoval69,2014-08-24'
p2062
I58
sS'06:48:29.0,33.96285252,-118.21352572,5355.02,like'
p2063
I58
sS'mcm'
p2064
I58
sS'02:17:11.0,33.95909516,-118.21616185,5355.02,i'
p2065
I58
sS'boogy'
p2066
I58
sS'05:41:44.0,33.96280378,-118.21361046,5355.02,this'
p2067
I58
sS'ew'
p2068
I58
sS'spell'
p2069
I58
sS'09:21:34.0,33.96280428,-118.21354894,5355.02,lmao'
p2070
I58
sS'virtual'
p2071
I58
sS'lately'
p2072
I54
sS'book'
p2073
I57
sS'sick'
p2074
I51
sS'junk'
p2075
I57
sS'04:03:07.0,33.96266322,-118.2136087,5355.02,that'
p2076
I58
sS'monday'
p2077
I58
sS'class'
p2078
I57
sS'stay'
p2079
I51
sS'chance'
p2080
I58
sS'kinda'
p2081
I56
sS'friends'
p2082
I56
sS'goin'
p2083
I58
sS'\xe2\x80\x9d'
p2084
I58
sS'honeyboba'
p2085
I58
sS'understand'
p2086
I58
sS',90280\n497637777563848704,joseesandoval69,2014-08-08'
p2087
I58
sS'8th'
p2088
I58
s.