(dp0
S''
p1
I3
sS'raining'
p2
I62
sS'four'
p3
I62
sS'woods'
p4
I62
sS'sleep'
p5
I42
sS'hanging'
p6
I61
sS'hate'
p7
I52
sS'up('
p8
I61
sS'tweet'
p9
I58
sS'up"'
p10
I62
sS'lord'
p11
I61
sS'sorry'
p12
I60
sS'pride'
p13
I62
sS'worth'
p14
I62
sS'u\xe2\x80\xa6'
p15
I62
sS'rise'
p16
I61
sS'lololol'
p17
I61
sS'every'
p18
I58
sS'jack'
p19
I61
sS'hibernating'
p20
I62
sS'stabbed'
p21
I62
sS'today('
p22
I62
sS'school'
p23
I62
sS'basics'
p24
I62
sS'bestfriend'
p25
I60
sS'companies'
p26
I62
sS'"don\'t'
p27
I62
sS'clothes'
p28
I62
sS'tired'
p29
I59
sS'me('
p30
I60
sS'nail'
p31
I61
sS'second'
p32
I61
sS'even'
p33
I33
sS'saved'
p34
I62
sS'\xe2\x9c\x96\xef\xb8\x8f\xe2\x9c\x96\xef\xb8\x8f\xe2\x9c\x96\xef\xb8\x8f'
p35
I62
sS'new'
p36
I51
sS'laugh<3'
p37
I62
sS'ever'
p38
I56
sS'told'
p39
I60
sS'piercing!('
p40
I62
sS'mel'
p41
I62
sS'never'
p42
I46
sS'here'
p43
I58
sS'met'
p44
I60
sS'&&'
p45
I62
sS'path'
p46
I62
sS'100'
p47
I62
sS'<---'
p48
I62
sS'dry'
p49
I60
sS'voice'
p50
I62
sS'study'
p51
I59
sS"i'd"
p52
I54
sS"i'm"
p53
I16
sS"someone's"
p54
I59
sS'her!('
p55
I62
sS'sweetest'
p56
I62
sS'feelings'
p57
I60
sS'bro'
p58
I54
sS'patience'
p59
I62
sS'cheats'
p60
I62
sS'glance'
p61
I62
sS'txt'
p62
I62
sS'scarier'
p63
I62
sS'<3'
p64
I49
sS'a-lot-ta'
p65
I62
sS'cheating'
p66
I62
sS'would'
p67
I53
sS'catchy'
p68
I62
sS'perdiste'
p69
I62
sS'coins'
p70
I62
sS'negative'
p71
I62
sS'noting'
p72
I62
sS'call'
p73
I59
sS'until'
p74
I62
sS'preview'
p75
I62
sS'tell'
p76
I61
sS'holy'
p77
I62
sS'haha'
p78
I45
sS'hurt'
p79
I56
sS'99'
p80
I62
sS'phone'
p81
I60
sS'warm'
p82
I61
sS'me(x'
p83
I62
sS'excellent'
p84
I62
sS'hold'
p85
I61
sS'hola'
p86
I58
sS'must'
p87
I61
sS'me'
p88
I8
sS'word'
p89
I60
sS'room'
p90
I62
sS'unicorn'
p91
I61
sS'mm'
p92
I60
sS'work'
p93
I36
sS'mi'
p94
I59
sS'cant'
p95
I61
sS'breakfast'
p96
I61
sS'movies'
p97
I61
sS'cuddle'
p98
I62
sS'ms'
p99
I62
sS'mr'
p100
I62
sS'my'
p101
I7
sS'give'
p102
I56
sS'honey'
p103
I62
sS'jotos'
p104
I62
sS'want'
p105
I32
sS"by's"
p106
I62
sS'times'
p107
I56
sS'hoe'
p108
I62
sS'end'
p109
I57
sS'returning'
p110
I62
sS'voy'
p111
I62
sS'machine'
p112
I62
sS'how'
p113
I40
sS'amazing'
p114
I55
sS'gato'
p115
I62
sS'hop'
p116
I62
sS'answer'
p117
I61
sS'place'
p118
I61
sS'beach'
p119
I47
sS'pizza'
p120
I62
sS'badly'
p121
I62
sS'oceans'
p122
I62
sS'mess'
p123
I62
sS'after'
p124
I59
sS'wrong'
p125
I57
sS'20/20'
p126
I62
sS'law'
p127
I62
sS'las'
p128
I62
sS'wins'
p129
I62
sS'appreciate'
p130
I61
sS'"idk..."then'
p131
I62
sS'funniest'
p132
I62
sS'ultimate'
p133
I61
sS'goodbye'
p134
I60
sS'tatted'
p135
I62
sS'first'
p136
I59
sS'wine'
p137
I61
sS'infested'
p138
I62
sS'office'
p139
I62
sS'lol,90805\n504121758320828416,teeeeevo,2014-08-26'
p140
I62
sS'over'
p141
I51
sS'satisfied'
p142
I62
sS'foreal'
p143
I57
sS'before'
p144
I56
sS'ima'
p145
I48
sS'personal'
p146
I62
sS'soaking'
p147
I62
sS'fix'
p148
I62
sS'welcome!('
p149
I62
sS'better'
p150
I51
sS'ready('
p151
I62
sS'weeks'
p152
I61
sS'easier'
p153
I62
sS'then'
p154
I35
sS'them'
p155
I51
sS'welcome('
p156
I61
sS'workout'
p157
I38
sS"we'll"
p158
I62
sS'break'
p159
I57
sS'they'
p160
I45
sS'way!('
p161
I62
sS'one'
p162
I38
sS'young"'
p163
I62
sS'"sleeping'
p164
I62
sS'untun'
p165
I62
sS'each'
p166
I61
sS'went'
p167
I59
sS'vidas'
p168
I62
sS'mean'
p169
I60
sS'-)'
p170
I62
sS'yummy('
p171
I62
sS'forgot'
p172
I60
sS'aids'
p173
I62
sS'saturday'
p174
I60
sS'rt'
p175
I56
sS'sluts'
p176
I62
sS'god'
p177
I60
sS'washed'
p178
I62
sS'content'
p179
I62
sS'laid'
p180
I62
sS'ra'
p181
I62
sS'smh'
p182
I62
sS'got'
p183
I33
sS'rn'
p184
I61
sS'cutest'
p185
I61
sS"doesn't"
p186
I59
sS'revenge'
p187
I62
sS'free'
p188
I62
sS'cabrillo'
p189
I62
sS'wanted'
p190
I57
sS'loveys'
p191
I62
sS'ate'
p192
I61
sS'eveything'
p193
I62
sS'starts'
p194
I62
sS'messages'
p195
I62
sS'days'
p196
I56
sS'heck'
p197
I62
sS"today's"
p198
I57
sS'(at'
p199
I62
sS'fuckin'
p200
I60
sS'cleaning'
p201
I62
sS'already'
p202
I55
sS'champs'
p203
I62
sS'elmo'
p204
I62
sS'hoop'
p205
I61
sS'supper'
p206
I62
sS'another'
p207
I59
sS'ditch'
p208
I62
sS'nah"'
p209
I62
sS'hood'
p210
I62
sS'basketball'
p211
I60
sS'girly'
p212
I62
sS'top'
p213
I61
sS'girls'
p214
I59
sS'twisted'
p215
I62
sS'needed'
p216
I60
sS'master'
p217
I61
sS'too'
p218
I48
sS'gilbert'
p219
I62
sS'listen'
p220
I59
sS'tooo'
p221
I62
sS'gym'
p222
I61
sS'took'
p223
I62
sS'bebe'
p224
I61
sS'anxiety'
p225
I62
sS'iteration'
p226
I62
sS',90805\n472600553604657153,wuuvjessie,2014-05-31'
p227
I62
sS'shower'
p228
I59
sS'matter'
p229
I59
sS'speaking'
p230
I62
sS'girl('
p231
I62
sS'to"'
p232
I62
sS'feeling'
p233
I51
sS'esta'
p234
I62
sS'that?"'
p235
I62
sS'ty$'
p236
I62
sS'mind'
p237
I61
sS'talking'
p238
I61
sS'seen'
p239
I60
sS'ohhhh'
p240
I62
sS'seek'
p241
I62
sS'-'
p242
I53
sS'maxi'
p243
I62
sS'snob'
p244
I62
sS'tyj'
p245
I62
sS'shall'
p246
I62
sS"u'd"
p247
I62
sS'maria'
p248
I61
sS'dummy'
p249
I62
sS'rogers'
p250
I62
sS'alarm'
p251
I62
sS'm'
p252
I62
sS"ballin'"
p253
I62
sS'investments'
p254
I62
sS'drunks'
p255
I62
sS'on!('
p256
I62
sS'scorching'
p257
I62
sS'sweater'
p258
I62
sS'scream'
p259
I62
sS'came'
p260
I60
sS'saying'
p261
I62
sS'pops'
p262
I62
sS'want;p'
p263
I62
sS'shit,90805\n472588371731038209,wuuvjessie,2014-05-31'
p264
I62
sS'nephew'
p265
I57
sS'enjoyed'
p266
I62
sS'toast'
p267
I62
sS'busy'
p268
I61
sS'shit,90805\n472599879735205888,wuuvjessie,2014-05-31'
p269
I62
sS'excercise'
p270
I62
sS'appreciated'
p271
I62
sS'gangsta'
p272
I62
sS'grammy."'
p273
I62
sS'wearing'
p274
I62
sS'do'
p275
I31
sS'dm'
p276
I60
sS'dj'
p277
I62
sS'"list"'
p278
I62
sS'sleepy'
p279
I60
sS'rigght'
p280
I62
sS'watch'
p281
I61
sS'ahahaha'
p282
I62
sS'watermelon'
p283
I62
sS'wedding'
p284
I60
sS'nasty'
p285
I61
sS'runs'
p286
I62
sS'november!('
p287
I62
sS'nicely'
p288
I62
sS'boggling'
p289
I62
sS'dias'
p290
I58
sS'twice'
p291
I62
sS'w/o'
p292
I60
sS'bae'
p293
I62
sS'w/'
p294
I62
sS'nun'
p295
I62
sS'goodnight'
p296
I44
sS'<$$'
p297
I62
sS'miserable'
p298
I62
sS'best'
p299
I56
sS'said'
p300
I62
sS'away'
p301
I60
sS'rings'
p302
I62
sS'future'
p303
I62
sS'finger'
p304
I60
sS'viernes'
p305
I61
sS'lazy'
p306
I59
sS'men'
p307
I61
sS'omg'
p308
I56
sS'junies'
p309
I62
sS'omw'
p310
I62
sS'wear'
p311
I62
sS'wtf'
p312
I56
sS'ayetaija'
p313
I62
sS'cos'
p314
I62
sS'tfti'
p315
I62
sS'brat'
p316
I62
sS'country'
p317
I62
sS'ahora'
p318
I62
sS'nuts.\xe2\x80\x9d'
p319
I62
sS'lookin'
p320
I62
sS'faces'
p321
I62
sS'argue'
p322
I62
sS'had'
p323
I46
sS'fineeeeeee'
p324
I62
sS'cuz'
p325
I58
sS'tony'
p326
I62
sS'trust'
p327
I62
sS'speak'
p328
I62
sS'beef'
p329
I62
sS'been'
p330
I48
sS'confident'
p331
I62
sS'much'
p332
I42
sS'basic'
p333
I61
sS'warmth'
p334
I62
sS'threw'
p335
I62
sS'website'
p336
I61
sS'life'
p337
I46
sS'yessssss'
p338
I61
sS'soooooo'
p339
I62
sS'whhy'
p340
I59
sS'5d'
p341
I62
sS'catch'
p342
I61
sS'worked'
p343
I61
sS'chill'
p344
I60
sS'cracker'
p345
I62
sS'tosh.o('
p346
I61
sS'n'
p347
I55
sS'stopping'
p348
I62
sS'<-----'
p349
I62
sS'mistake'
p350
I62
sS'is'
p351
I11
sS'it'
p352
I10
sS'player'
p353
I61
sS'ik'
p354
I61
sS'im'
p355
I53
sS'girls('
p356
I62
sS'in'
p357
I13
sS'id'
p358
I62
sS'trusted'
p359
I62
sS'if'
p360
I24
sS'recover'
p361
I62
sS'heart"'
p362
I62
sS'things'
p363
I59
sS'make'
p364
I51
sS'babies'
p365
I61
sS'evolve'
p366
I62
sS'hang'
p367
I62
sS'kik'
p368
I62
sS'kim'
p369
I62
sS'"thingy"'
p370
I62
sS',90805\n504151676995919874,teeeeevo,2014-08-26'
p371
I62
sS"he'll"
p372
I54
sS'kid'
p373
I61
sS'(me)'
p374
I62
sS'ocean'
p375
I62
sS'haha('
p376
I61
sS'mother'
p377
I62
sS'nomore'
p378
I62
sS'hearts'
p379
I62
sS'the'
p380
I5
sS'yours'
p381
I62
sS'left'
p382
I61
sS'just'
p383
I15
sS'w.e'
p384
I62
sS'yea'
p385
I57
sS'photo'
p386
I62
sS'unfollow'
p387
I62
sS'bruise'
p388
I62
sS'disguise'
p389
I62
sS'thanks'
p390
I59
sS'yes'
p391
I61
sS'yet'
p392
I59
sS'girllllll'
p393
I62
sS'character'
p394
I62
sS'-larry'
p395
I62
sS'easy'
p396
I61
sS'agaain'
p397
I62
sS'has'
p398
I57
sS'gave'
p399
I62
sS'breaks'
p400
I62
sS'possible'
p401
I62
sS'boxes'
p402
I62
sS'birth'
p403
I62
sS'\xe2\x80\xa2_____\xe2\x80\xa2'
p404
I62
sS'-_-'
p405
I62
sS'50'
p406
I62
sS'xbox'
p407
I62
sS'remind'
p408
I62
sS'steps'
p409
I62
sS'youuuu'
p410
I62
sS'night'
p411
I53
sS"armando's"
p412
I62
sS'right'
p413
I47
sS'old'
p414
I60
sS'ole'
p415
I62
sS'people'
p416
I55
sS'somehow'
p417
I60
sS'idgaf'
p418
I62
sS'oh'
p419
I52
sS'sponge'
p420
I62
sS'born'
p421
I61
sS'multiple'
p422
I62
sS'fuuuuck'
p423
I62
sS'counts'
p424
I62
sS'for'
p425
I17
sS'bottom'
p426
I62
sS'comments'
p427
I62
sS'everything'
p428
I56
sS'foo'
p429
I62
sS'christmas'
p430
I61
sS'ob1'
p431
I62
sS'peel'
p432
I62
sS'deleted'
p433
I62
sS'spider-man'
p434
I62
sS'peed'
p435
I62
sS'cork'
p436
I62
sS'burp'
p437
I62
sS'super'
p438
I60
sS'oreo'
p439
I62
sS'theirs'
p440
I62
sS'valentines'
p441
I62
sS'o'
p442
I62
sS'richavel'
p443
I62
sS'slightly'
p444
I62
sS'(pvssy)'
p445
I62
sS'ahh'
p446
I62
sS'bound'
p447
I62
sS'soo'
p448
I61
sS'son'
p449
I60
sS'down'
p450
I56
sS'wrap'
p451
I62
sS'support'
p452
I61
sS'constantly'
p453
I62
sS'stuck'
p454
I58
sS'way'
p455
I54
sS'music'
p456
I56
sS'was'
p457
I27
sS'happy'
p458
I42
sS'back!<3'
p459
I62
sS'him<3'
p460
I62
sS'heal'
p461
I61
sS'6'
p462
I62
sS'31st'
p463
I62
sS'hear'
p464
I61
sS'true'
p465
I60
sS'ruined'
p466
I62
sS'delete'
p467
I59
sS'covers'
p468
I61
sS'hungry'
p469
I62
sS'hmmm(x'
p470
I62
sS'universes'
p471
I62
sS'annoying'
p472
I57
sS'trip'
p473
I62
sS'shit'
p474
I47
sS'tarde'
p475
I62
sS'clingy'
p476
I62
sS'no'
p477
I45
sS'na'
p478
I62
sS'when'
p479
I29
sS"pee's"
p480
I61
sS'reality'
p481
I61
sS'tooooo'
p482
I62
sS'picture'
p483
I62
sS"o'clock"
p484
I62
sS'felt'
p485
I62
sS"let's"
p486
I58
sS'weekend'
p487
I62
sS':0\xe2\x80\x9d'
p488
I62
sS'assume'
p489
I62
sS'together'
p490
I62
sS'time'
p491
I40
sS'serious'
p492
I62
sS'decision'
p493
I62
sS':/'
p494
I52
sS':('
p495
I56
sS':)'
p496
I62
sS'switched'
p497
I62
sS'focus'
p498
I60
sS'horseback'
p499
I62
sS'grateful'
p500
I62
sS'row'
p501
I62
sS'yummy'
p502
I62
sS"'bruh'"
p503
I62
sS'disgusting'
p504
I62
sS'diddnt'
p505
I62
sS'finally'
p506
I57
sS'^.^'
p507
I50
sS':o'
p508
I57
sS'advantage'
p509
I62
sS':d'
p510
I57
sS'choice'
p511
I62
sS':|'
p512
I61
sS'ma'
p513
I58
sS':p'
p514
I54
sS'minute'
p515
I62
sS'cool'
p516
I60
sS'did'
p517
I45
sS'die'
p518
I60
sS'dig'
p519
I62
sS'brother'
p520
I62
sS'turnt'
p521
I62
sS'rigggght'
p522
I62
sS'leave'
p523
I60
sS'soooo'
p524
I62
sS'subway'
p525
I62
sS'you\xe2\x80\x99ll'
p526
I62
sS'fuuuck'
p527
I62
sS"it'll"
p528
I62
sS'back?('
p529
I62
sS'says'
p530
I56
sS'irritates'
p531
I62
sS'cyber'
p532
I62
sS'eating'
p533
I62
sS'bake'
p534
I62
sS'drinks'
p535
I62
sS'cassy'
p536
I62
sS'current'
p537
I62
sS'freaks'
p538
I61
sS'reply'
p539
I61
sS'filled'
p540
I62
sS'makeup'
p541
I60
sS'inspiring'
p542
I62
sS'water'
p543
I61
sS'crippled'
p544
I62
sS'alone'
p545
I59
sS'pm('
p546
I62
sS'earthquake'
p547
I62
sS'change'
p548
I62
sS'wait'
p549
I52
sS'box'
p550
I61
sS'boy'
p551
I62
sS'healthy'
p552
I61
sS'butthead!('
p553
I62
sS'boo'
p554
I58
sS'weird'
p555
I62
sS'love'
p556
I24
sS'extra'
p557
I59
sS'myself"'
p558
I62
sS'tosh.o'
p559
I61
sS'sincerely'
p560
I62
sS'1st'
p561
I62
sS'everybody'
p562
I62
sS'working'
p563
I60
sS'aye'
p564
I62
sS'dude'
p565
I58
sS'only'
p566
I56
sS'intense'
p567
I62
sS'live'
p568
I61
sS'goodnight!('
p569
I62
sS'andy'
p570
I62
sS'wondering'
p571
I62
sS'ahhh'
p572
I60
sS'thru'
p573
I62
sS'today'
p574
I42
sS'--->'
p575
I62
sS'suckas'
p576
I62
sS'chocolate'
p577
I62
sS'drown'
p578
I62
sS'ceviche'
p579
I62
sS'pleasant\xe2\x98\xba\xef\xb8\x8f'
p580
I62
sS'riding'
p581
I62
sS'\xe2\x9d\xa4\xef\xb8\x8f\xe2\x9d\xa4\xef\xb8\x8f'
p582
I62
sS'effort'
p583
I62
sS'douche'
p584
I62
sS'niggas'
p585
I60
sS'pretend'
p586
I62
sS'>:o'
p587
I62
sS'hardest'
p588
I60
sS'can'
p589
I32
sS'cam'
p590
I62
sS'following'
p591
I56
sS'making'
p592
I61
sS'laughter'
p593
I62
sS'heart'
p594
I44
sS'months'
p595
I62
sS':d\xe2\x80\x9d'
p596
I62
sS'figure'
p597
I62
sS'honney'
p598
I62
sS'hellrrrrr'
p599
I62
sS'awesome'
p600
I61
sS"didn't"
p601
I54
sS'fuck'
p602
I40
sS'cardio'
p603
I62
sS'pink'
p604
I62
sS'ayyyyeee'
p605
I62
sS'watching'
p606
I54
sS'ping'
p607
I62
sS'till'
p608
I62
sS'sunday'
p609
I62
sS'fourth'
p610
I62
sS'dope'
p611
I59
sS'product'
p612
I62
sS'designer'
p613
I62
sS'miklo'
p614
I62
sS'may'
p615
I62
sS'sno'
p616
I61
sS'birthday'
p617
I61
sS'mad'
p618
I60
sS'date'
p619
I61
sS'such'
p620
I57
sS'suck'
p621
I61
sS'guys'
p622
I61
sS'man'
p623
I58
sS'stress'
p624
I62
sS'remember'
p625
I54
sS'whenever'
p626
I62
sS'maybe'
p627
I55
sS'rather'
p628
I56
sS'so'
p629
I12
sS'talk'
p630
I60
sS'cute'
p631
I55
sS'years'
p632
I59
sS'course'
p633
I61
sS"audrey's"
p634
I62
sS'shake'
p635
I61
sS'kanye'
p636
I62
sS'cold'
p637
I58
sS'still'
p638
I52
sS'thank'
p639
I57
sS'curly'
p640
I62
sS"he's"
p641
I57
sS'selves'
p642
I62
sS'curls'
p643
I62
sS'hot'
p644
I55
sS'tweets'
p645
I62
sS'showered'
p646
I62
sS'selfie'
p647
I60
sS'happened'
p648
I62
sS'non'
p649
I62
sS'noo'
p650
I62
sS'heffas'
p651
I62
sS'lunch'
p652
I62
sS'srsly'
p653
I62
sS'half'
p654
I62
sS'not'
p655
I26
sS'_-)_____\xc2\xa6__o___q(-_'
p656
I62
sS'now'
p657
I36
sS'bullshit'
p658
I61
sS'name'
p659
I58
sS'hancock'
p660
I62
sS'drop'
p661
I62
sS'careless'
p662
I62
sS'boojee'
p663
I62
sS'soon"'
p664
I62
sS'concerts'
p665
I62
sS'em'
p666
I61
sS'\xe2\x80\xa2_\xe2\x80\xa2'
p667
I61
sS'en'
p668
I62
sS'challenged'
p669
I62
sS'yeah'
p670
I62
sS'small"'
p671
I62
sS'ex'
p672
I61
sS'show!('
p673
I62
sS'year'
p674
I58
sS'gtfo'
p675
I61
sS'girl'
p676
I48
sS'morning'
p677
I54
sS'ep'
p678
I62
sS'album'
p679
I61
sS'living'
p680
I61
sS'looking'
p681
I58
sS'it!('
p682
I62
sS'seriously'
p683
I61
sS"shouldn't"
p684
I61
sS'shows'
p685
I62
sS'dodgers'
p686
I62
sS'sideways'
p687
I62
sS'12:18'
p688
I62
sS'november('
p689
I62
sS'ora'
p690
I62
sS'yup'
p691
I60
sS'(prod'
p692
I60
sS'honest'
p693
I61
sS'thing'
p694
I55
sS'butterflies'
p695
I62
sS"planet's"
p696
I62
sS'ture'
p697
I62
sS'think'
p698
I41
sS'1000'
p699
I62
sS'emotion'
p700
I61
sS'cheese'
p701
I62
sS'spoken'
p702
I62
sS'me...what'
p703
I62
sS'xd'
p704
I57
sS'yourself'
p705
I59
sS'fast'
p706
I62
sS'message'
p707
I59
sS'open'
p708
I62
sS'tomorrow'
p709
I45
sS'little'
p710
I55
sS'thanks!<3'
p711
I62
sS'slept'
p712
I61
sS'anyone'
p713
I60
sS'fml'
p714
I61
sS'2'
p715
I58
sS'teammiller('
p716
I62
sS'white'
p717
I61
sS'friend'
p718
I56
sS'gives'
p719
I62
sS'eyes'
p720
I59
sS'mostly'
p721
I62
sS'that'
p722
I14
sS'huh'
p723
I62
sS'boba'
p724
I62
sS'atthe'
p725
I62
sS'butt'
p726
I61
sS'than'
p727
I62
sS'easier('
p728
I62
sS'boyfriend'
p729
I62
sS'11'
p730
I62
sS'10'
p731
I62
sS'lmao'
p732
I60
sS'16'
p733
I62
sS'18'
p734
I62
sS'gotta'
p735
I51
sS'r'
p736
I62
sS'were'
p737
I58
sS'and'
p738
I9
sS'twinkies'
p739
I62
sS'lick'
p740
I62
sS'head'
p741
I60
sS'sad'
p742
I56
sS'say'
p743
I48
sS'birfffdayyy'
p744
I62
sS'muriendo'
p745
I62
sS'saw'
p746
I60
sS'any'
p747
I59
sS'kevin'
p748
I62
sS'sat'
p749
I62
sS'prosperity'
p750
I62
sS'omfg'
p751
I62
sS'lassnight'
p752
I62
sS'potential'
p753
I62
sS'take'
p754
I51
sS'online'
p755
I62
sS'wanting'
p756
I62
sS'butterfly'
p757
I62
sS'sure'
p758
I60
sS'pain'
p759
I54
sS'track'
p760
I62
sS'knew'
p761
I58
sS'almsst'
p762
I62
sS'importantly'
p763
I61
sS'america'
p764
I62
sS'forever'
p765
I61
sS'average'
p766
I62
sS'drive'
p767
I62
sS'mrs'
p768
I62
sS'cortez'
p769
I61
sS'senior'
p770
I62
sS'salt'
p771
I62
sS'shot'
p772
I62
sS'show'
p773
I57
sS'cheat'
p774
I62
sS'estoy'
p775
I62
sS'aint'
p776
I58
sS'slow'
p777
I62
sS'3'
p778
I62
sS"mornin'"
p779
I62
sS'tears'
p780
I58
sS'going'
p781
I47
sS'black'
p782
I61
sS'meaan'
p783
I62
sS'hs87'
p784
I62
sS'posted'
p785
I62
sS'beatles'
p786
I62
sS'get'
p787
I20
sS'truly'
p788
I62
sS'cryin'
p789
I62
sS'dye'
p790
I62
sS'reveal'
p791
I62
sS'artist'
p792
I62
sS'awwwww'
p793
I62
sS'worried'
p794
I62
sS'stupid'
p795
I58
sS'losers'
p796
I62
sS"could've"
p797
I61
sS'pants'
p798
I62
sS'where'
p799
I56
sS'husband'
p800
I62
sS"y'all"
p801
I60
sS'honesty'
p802
I62
sS'lyfe'
p803
I62
sS'asleep'
p804
I61
sS'anyways'
p805
I62
sS'pan(x'
p806
I62
sS'review'
p807
I62
sS'label'
p808
I62
sS'outside'
p809
I61
sS'knowww'
p810
I62
sS'notice'
p811
I62
sS'fattass'
p812
I62
sS'ju'
p813
I62
sS'killing'
p814
I61
sS'jk'
p815
I62
sS'come'
p816
I61
sS'talented'
p817
I62
sS'1:30'
p818
I62
sS'quiet'
p819
I62
sS'way('
p820
I62
sS"can't"
p821
I34
sS'duty'
p822
I62
sS'"get'
p823
I62
sS'cancer'
p824
I62
sS'hurts'
p825
I57
sS'period'
p826
I62
sS'poly'
p827
I61
sS'nooooo'
p828
I62
sS'pole'
p829
I62
sS"couldn't"
p830
I62
sS'cramps'
p831
I62
sS'siete'
p832
I62
sS'lifes'
p833
I62
sS'cares'
p834
I62
sS'west'
p835
I62
sS'breath'
p836
I62
sS'peaceful'
p837
I61
sS'hmmm('
p838
I62
sS'mary'
p839
I62
sS'wants'
p840
I62
sS'seteaga'
p841
I62
sS'direction'
p842
I62
sS'shopping'
p843
I57
sS'beautiful!('
p844
I62
sS'photos'
p845
I61
sS'wake'
p846
I60
sS'those'
p847
I61
sS'sound'
p848
I60
sS'myself'
p849
I55
sS'casa'
p850
I56
sS'these'
p851
I53
sS'3:48'
p852
I62
sS'cash'
p853
I62
sS'ratchet'
p854
I62
sS'goodmorning'
p855
I62
sS'promised'
p856
I62
sS'ive'
p857
I62
sS'purse'
p858
I62
sS'mixtape'
p859
I62
sS'sleeping'
p860
I61
sS'middle'
p861
I62
sS'someone'
p862
I51
sS'embrace'
p863
I62
sS'toothache'
p864
I61
sS'everyday'
p865
I62
sS'backstabbing'
p866
I62
sS'bags'
p867
I62
sS'it('
p868
I62
sS'same'
p869
I60
sS'check'
p870
I60
sS'food'
p871
I60
sS'followers'
p872
I62
sS'"i'
p873
I60
sS'finish'
p874
I62
sS'ni'
p875
I62
sS'downloads'
p876
I62
sS'alrighty'
p877
I62
sS'cheers'
p878
I60
sS'running'
p879
I62
sS'weave'
p880
I62
sS'charger'
p881
I62
sS'without'
p882
I55
sS'comes'
p883
I62
sS'bottle'
p884
I61
sS'pitbull'
p885
I62
sS'genie'
p886
I62
sS'grumpy'
p887
I62
sS'time!('
p888
I62
sS'being'
p889
I58
sS'money'
p890
I59
sS'valuable'
p891
I62
sS'pissing'
p892
I62
sS'sayin?;)'
p893
I62
sS'kill'
p894
I57
sS'touch'
p895
I62
sS"dm's"
p896
I62
sS'park\xe2\x9c\x8c'
p897
I62
sS'blow'
p898
I62
sS'yaaas'
p899
I62
sS'death'
p900
I61
sS'thinking'
p901
I57
sS'except'
p902
I62
sS'lets'
p903
I62
sS'4'
p904
I62
sS'real'
p905
I58
sS'starving'
p906
I61
sS'around'
p907
I58
sS'kills'
p908
I62
sS'read'
p909
I62
sS'psg'
p910
I62
sS'miercoles'
p911
I60
sS'dark'
p912
I61
sS'sumn'
p913
I62
sS'killa'
p914
I62
sS'\xe2\x9d\xa4'
p915
I62
sS'grammar'
p916
I62
sS'clam'
p917
I62
sS'adams'
p918
I62
sS'pounds'
p919
I62
sS'buddies'
p920
I61
sS'laughing'
p921
I61
sS';p'
p922
I57
sS'learning'
p923
I62
sS'ewww'
p924
I61
sS';d'
p925
I61
sS'mood'
p926
I61
sS'recorded'
p927
I62
sS'stopp'
p928
I62
sS'moon'
p929
I61
sS'knife'
p930
I62
sS'welcome'
p931
I62
sS'power'
p932
I61
sS'asap'
p933
I62
sS'seconds'
p934
I62
sS'nails'
p935
I60
sS'broken'
p936
I57
sS';)'
p937
I61
sS'throw'
p938
I61
sS'on'
p939
I27
sS'ol'
p940
I62
sS'ok'
p941
I39
sS'package'
p942
I62
sS'related(x'
p943
I62
sS'of'
p944
I21
sS'favorite'
p945
I60
sS'stand'
p946
I62
sS'chow'
p947
I62
sS'stank'
p948
I62
sS'lasting'
p949
I62
sS'or'
p950
I50
sS'omfgosh'
p951
I62
sS'good!!!!('
p952
I62
sS'october('
p953
I62
sS'blessed'
p954
I61
sS'morning('
p955
I62
sS'clean<3'
p956
I62
sS'your'
p957
I23
sS'stare'
p958
I62
sS'prepare'
p959
I62
sS'things<3'
p960
I62
sS'there'
p961
I49
sS'hey'
p962
I60
sS'lol'
p963
I22
sS'desert'
p964
I62
sS'start'
p965
I61
sS'4:35'
p966
I62
sS'mondays'
p967
I62
sS'lot'
p968
I58
sS'bubble'
p969
I62
sS'ehh'
p970
I61
sS'smells'
p971
I62
sS'dormir'
p972
I62
sS'complete'
p973
I62
sS'enough'
p974
I61
sS'yupp'
p975
I62
sS'e'
p976
I62
sS'trying'
p977
I61
sS'with'
p978
I24
sS'football'
p979
I62
sS'pull'
p980
I62
sS'rush'
p981
I62
sS'boyfriend/girlfriend'
p982
I62
sS'lmaao\xe2\x80\x9d'
p983
I62
sS'shauna'
p984
I62
sS'care'
p985
I58
sS'felis'
p986
I62
sS'gone'
p987
I60
sS'af'
p988
I60
sS'feliz'
p989
I59
sS'am'
p990
I50
sS'al'
p991
I62
sS'entiendo'
p992
I62
sS'an'
p993
I55
sS'as'
p994
I51
sS'at'
p995
I30
sS'aw'
p996
I62
sS'watched'
p997
I61
sS'film'
p998
I62
sS'again'
p999
I55
sS'yoga'
p1000
I62
sS'deserve'
p1001
I59
sS'5'
p1002
I61
sS'yaaayy'
p1003
I62
sS'you'
p1004
I2
sS'puppy'
p1005
I62
sS'morning\xe2\x80\x9d'
p1006
I62
sS'poor'
p1007
I62
sS'poop'
p1008
I62
sS"gon'"
p1009
I62
sS'waving'
p1010
I61
sS'walker'
p1011
I62
sS'haaaa'
p1012
I62
sS'building'
p1013
I62
sS'calls'
p1014
I62
sS'invest'
p1015
I62
sS'having'
p1016
I60
sS'u'
p1017
I53
sS'alright'
p1018
I61
sS'starting'
p1019
I60
sS'lakewood,90805\n498215229155602432,jadesagiao,2014-08-09'
p1020
I62
sS'all'
p1021
I23
sS'forget'
p1022
I58
sS'chinese'
p1023
I62
sS'hooked'
p1024
I62
sS'dollar'
p1025
I62
sS'worms'
p1026
I59
sS'month'
p1027
I60
sS'follow'
p1028
I56
sS'hmmm'
p1029
I61
sS'woooow'
p1030
I62
sS'hermoso'
p1031
I62
sS'tv'
p1032
I62
sS'to'
p1033
I4
sS'foster'
p1034
I62
sS'chewing'
p1035
I62
sS'felling'
p1036
I62
sS'ti'
p1037
I61
sS'tf'
p1038
I62
sS'smile'
p1039
I57
sS'te'
p1040
I62
sS'worse'
p1041
I62
sS'song'
p1042
I61
sS'very'
p1043
I61
sS'there."'
p1044
I62
sS'fat'
p1045
I60
sS'ouch'
p1046
I62
sS'selfies'
p1047
I62
sS'worst'
p1048
I60
sS'fall'
p1049
I55
sS'fan'
p1050
I62
sS'tomorrow('
p1051
I62
sS'heaven'
p1052
I62
sS'washing'
p1053
I62
sS'celebrity'
p1054
I62
sS'laying'
p1055
I60
sS'liars'
p1056
I62
sS"i'll"
p1057
I52
sS'raheem'
p1058
I62
sS'instagram'
p1059
I61
sS'streets'
p1060
I62
sS'past'
p1061
I62
sS'burger'
p1062
I62
sS'bissh'
p1063
I61
sS'pass'
p1064
I62
sS'seshh'
p1065
I62
sS'nbd'
p1066
I62
sS'what'
p1067
I30
sS'anywho'
p1068
I62
sS'clock'
p1069
I62
sS'sun'
p1070
I61
sS'sum'
p1071
I62
sS'emotions'
p1072
I62
sS'jedi'
p1073
I61
sS'learned'
p1074
I60
sS'public'
p1075
I62
sS'fucka'
p1076
I62
sS'toes'
p1077
I62
sS"c'mon"
p1078
I62
sS'hungover'
p1079
I62
sS'answers'
p1080
I62
sS'motherfucker'
p1081
I62
sS'hours'
p1082
I61
sS'november'
p1083
I62
sS'strong'
p1084
I62
sS'shoulda'
p1085
I62
sS'bible'
p1086
I59
sS'tomorrow!!('
p1087
I62
sS'experience'
p1088
I62
sS'ohhhhh'
p1089
I62
sS'fuck('
p1090
I62
sS'point'
p1091
I62
sS'followed'
p1092
I62
sS'family'
p1093
I61
sS'"let\'s'
p1094
I62
sS'put'
p1095
I58
sS'you\xe2\x80\x99re'
p1096
I61
sS'know"'
p1097
I61
sS'emoji'
p1098
I62
sS'munchies'
p1099
I62
sS'eye'
p1100
I60
sS'fucccck'
p1101
I61
sS'nothings'
p1102
I62
sS'texting'
p1103
I62
sS'two'
p1104
I59
sS'gorgeous'
p1105
I62
sS'taken'
p1106
I62
sS'kick'
p1107
I62
sS'trabajo'
p1108
I62
sS'more'
p1109
I38
sS'tryna'
p1110
I61
sS'knows'
p1111
I62
sS'company'
p1112
I62
sS"ain't"
p1113
I54
sS'broke'
p1114
I59
sS'known'
p1115
I62
sS'hurry'
p1116
I62
sS'glad'
p1117
I62
sS'none'
p1118
I62
sS'hour'
p1119
I62
sS'sucks'
p1120
I58
sS'learn'
p1121
I61
sS'me!('
p1122
I62
sS'def'
p1123
I62
sS'history'
p1124
I62
sS'beautiful'
p1125
I56
sS'stubborn'
p1126
I62
sS'stay\xe2\x80\x9d'
p1127
I62
sS'share'
p1128
I62
sS'aldous'
p1129
I62
sS'lolol'
p1130
I61
sS'salty'
p1131
I62
sS'pong'
p1132
I62
sS'dress'
p1133
I58
sS'fuccccck'
p1134
I62
sS'ice!('
p1135
I62
sS'needs'
p1136
I61
sS'goal'
p1137
I62
sS'awkward'
p1138
I60
sS'needy'
p1139
I62
sS'breaking'
p1140
I59
sS'needa'
p1141
I62
sS'buenos'
p1142
I58
sS'eat"'
p1143
I62
sS'waved'
p1144
I62
sS'funny('
p1145
I62
sS'sandwich'
p1146
I62
sS'okay'
p1147
I60
sS'plans'
p1148
I62
sS'</3'
p1149
I62
sS'weaknesses'
p1150
I62
sS'fb'
p1151
I62
sS'coming'
p1152
I61
sS'a'
p1153
I6
sS'ulta'
p1154
I61
sS'short'
p1155
I62
sS'volleyball'
p1156
I62
sS'shade'
p1157
I62
sS'lmfaooooo'
p1158
I61
sS'dream'
p1159
I59
sS'playing'
p1160
I60
sS"that's"
p1161
I49
sS'replied'
p1162
I62
sS'04:46:55.0,33.860676,-118.1905091,5703.03,oh'
p1163
I62
sS'help'
p1164
I61
sS"don't"
p1165
I18
sS'sooo'
p1166
I62
sS'soon'
p1167
I60
sS'held'
p1168
I62
sS'through'
p1169
I57
sS'haha(x'
p1170
I62
sS'hell'
p1171
I61
sS'smiling'
p1172
I62
sS'its'
p1173
I54
sS'roots'
p1174
I62
sS'rooted'
p1175
I62
sS'24'
p1176
I62
sS'messed'
p1177
I62
sS'style'
p1178
I62
sS'20'
p1179
I62
sS'21'
p1180
I62
sS'course('
p1181
I62
sS'actually'
p1182
I62
sS'late'
p1183
I59
sS'>>>'
p1184
I61
sS'money!<$'
p1185
I62
sS'buscar'
p1186
I62
sS'bout'
p1187
I62
sS'cutie'
p1188
I62
sS'might'
p1189
I59
sS'wass'
p1190
I62
sS"haven't"
p1191
I60
sS'fool'
p1192
I61
sS'hurting'
p1193
I62
sS'good'
p1194
I39
sS'return'
p1195
I62
sS'yo'
p1196
I57
sS'ya'
p1197
I60
sS'it"'
p1198
I62
sS'yg'
p1199
I62
sS'walls'
p1200
I61
sS'vomit'
p1201
I61
sS'day;p'
p1202
I62
sS'ninja'
p1203
I62
sS'yr'
p1204
I62
sS'yu'
p1205
I62
sS'bigger'
p1206
I62
sS'easily'
p1207
I62
sS'wal-mart'
p1208
I62
sS'pregnant'
p1209
I61
sS'always'
p1210
I50
sS'kayaking'
p1211
I62
sS'tyj\xe2\x9d\xa4'
p1212
I62
sS'also('
p1213
I62
sS'stopped'
p1214
I61
sS'12th'
p1215
I62
sS'found'
p1216
I60
sS'trailer'
p1217
I62
sS'heavy'
p1218
I62
sS'everyone'
p1219
I58
sS'weight'
p1220
I61
sS'house'
p1221
I56
sS'hard'
p1222
I55
sS'idea'
p1223
I62
sS'expect'
p1224
I61
sS'caffeine\xe2\x80\xa6'
p1225
I62
sS'butthurt'
p1226
I62
sS'really'
p1227
I28
sS'missed'
p1228
I62
sS'awesome!(x'
p1229
I62
sS'childish'
p1230
I62
sS'since'
p1231
I59
sS'"go'
p1232
I62
sS'print'
p1233
I62
sS'beavis'
p1234
I62
sS'ass'
p1235
I54
sS'timeline'
p1236
I62
sS'friday'
p1237
I61
sS'forgive'
p1238
I62
sS'mmm'
p1239
I62
sS'quick'
p1240
I62
sS'reason'
p1241
I54
sS'fatass'
p1242
I62
sS'imagine'
p1243
I61
sS'ask'
p1244
I61
sS'beginning'
p1245
I62
sS'lol('
p1246
I61
sS"actin'"
p1247
I61
sS'w'
p1248
I60
sS'properly"'
p1249
I62
sS'dis'
p1250
I62
sS'feed'
p1251
I62
sS'singleton'
p1252
I62
sS'dont'
p1253
I57
sS'feel'
p1254
I48
sS'done'
p1255
I50
sS'ipad2'
p1256
I62
sS'miss'
p1257
I56
sS'guess'
p1258
I57
sS'"'
p1259
I60
sS'coasts'
p1260
I62
sS'family('
p1261
I62
sS'station'
p1262
I62
sS'statement'
p1263
I62
sS'mama'
p1264
I62
sS'dumbass'
p1265
I62
sS'banana'
p1266
I62
sS'store'
p1267
I62
sS'headache'
p1268
I61
sS'//'
p1269
I62
sS'relationship'
p1270
I60
sS'pump'
p1271
I62
sS'park'
p1272
I62
sS'vision"'
p1273
I62
sS"i'ma"
p1274
I62
sS'mmmm'
p1275
I62
sS'jordan'
p1276
I62
sS'believe'
p1277
I59
sS',90805\n472585946995490816,wuuvjessie,2014-05-31'
p1278
I62
sS'hollywood'
p1279
I62
sS'std'
p1280
I62
sS'king'
p1281
I62
sS'kind'
p1282
I61
sS'b'
p1283
I61
sS'compliments'
p1284
I62
sS'supposed'
p1285
I62
sS"04:28:24.0,33.860676,-118.1905091,5703.03,i'm"
p1286
I62
sS'dang'
p1287
I61
sS'1:00'
p1288
I62
sS"nothin'"
p1289
I61
sS'lie'
p1290
I61
sS'nights'
p1291
I62
sS'samoan'
p1292
I61
sS'also'
p1293
I62
sS'play'
p1294
I61
sS'most'
p1295
I54
sS'up(x'
p1296
I62
sS'plan'
p1297
I60
sS'70'
p1298
I62
sS'nothing'
p1299
I54
sS'fall<3'
p1300
I62
sS'bug'
p1301
I62
sS'sometimes'
p1302
I56
sS'errrrybody'
p1303
I62
sS'blend'
p1304
I62
sS'paul'
p1305
I62
sS'ugh'
p1306
I52
sS'stfu'
p1307
I62
sS'registers'
p1308
I62
sS'stalker'
p1309
I62
sS'fine'
p1310
I62
sS'find'
p1311
I59
sS'writer'
p1312
I62
sS"gonn'"
p1313
I62
sS'pretty'
p1314
I59
sS'8'
p1315
I62
sS'circle'
p1316
I62
sS'medicine"'
p1317
I62
sS'lmfaao'
p1318
I61
sS'his'
p1319
I56
sS'hit'
p1320
I62
sS'goes'
p1321
I62
sS'sunny'
p1322
I61
sS'feels'
p1323
I62
sS'toast,90805\n472599581285285888,wuuvjessie,2014-05-31'
p1324
I62
sS'breast'
p1325
I62
sS'him'
p1326
I43
sS'"forever'
p1327
I62
sS'packs('
p1328
I62
sS'cry'
p1329
I58
sS'lmfaoooooo'
p1330
I62
sS'tree'
p1331
I62
sS'sex'
p1332
I61
sS'culture'
p1333
I60
sS'see'
p1334
I52
sS'dumb'
p1335
I61
sS'are'
p1336
I43
sS'arm'
p1337
I62
sS'don\xe2\x80\x99t'
p1338
I62
sS'movie'
p1339
I60
sS'wow'
p1340
I60
sS'currently'
p1341
I62
sS'please'
p1342
I62
sS'slapped'
p1343
I61
sS'burned'
p1344
I61
sS'nope'
p1345
I61
sS"'so"
p1346
I62
sS'piss'
p1347
I62
sS'knowing'
p1348
I62
sS'solo'
p1349
I62
sS'coffee'
p1350
I62
sS'pissed'
p1351
I62
sS'last'
p1352
I57
sS'mega'
p1353
I62
sS'thou'
p1354
I53
sS"wouldn't"
p1355
I62
sS'ms.lutz'
p1356
I62
sS'whole'
p1357
I60
sS'liked'
p1358
I61
sS'expendable'
p1359
I62
sS'drunk'
p1360
I61
sS'reasons'
p1361
I56
sS'whatever'
p1362
I62
sS'litto'
p1363
I62
sS'newborn'
p1364
I62
sS'likes'
p1365
I62
sS'church'
p1366
I60
sS'dan-g)'
p1367
I62
sS'dun'
p1368
I62
sS'whop'
p1369
I62
sS'due'
p1370
I62
sS'teacher'
p1371
I62
sS'rivals'
p1372
I62
sS'damn'
p1373
I51
sS'woke'
p1374
I61
sS'stoopid'
p1375
I61
sS'gay'
p1376
I60
sS'fire'
p1377
I61
sS"what's"
p1378
I60
sS'done\xe2\x9c\x94\xef\xb8\x8f'
p1379
I62
sS'else'
p1380
I58
sS'awake'
p1381
I62
sS'demand'
p1382
I62
sS'funn'
p1383
I62
sS'look'
p1384
I55
sS'frozen'
p1385
I61
sS'bill'
p1386
I62
sS'budget'
p1387
I62
sS'brilliant'
p1388
I62
sS'while'
p1389
I62
sS'fun(:\xe2\x99\xa5'
p1390
I62
sS'match'
p1391
I62
sS'fun'
p1392
I56
sS'un-perfect'
p1393
I62
sS'hoping'
p1394
I61
sS'vol'
p1395
I62
sS'everywhere'
p1396
I62
sS'rip'
p1397
I62
sS'bummy'
p1398
I62
sS'ready'
p1399
I55
sS'seem'
p1400
I62
sS'funny'
p1401
I58
sS'anymore'
p1402
I58
sS'noooo'
p1403
I62
sS'tqm'
p1404
I62
sS'belong'
p1405
I62
sS'itchy'
p1406
I61
sS'used'
p1407
I60
sS'itch'
p1408
I62
sS'yesterday'
p1409
I59
sS'smile!('
p1410
I62
sS'moment'
p1411
I57
sS'moving'
p1412
I62
sS'gonna'
p1413
I43
sS'early'
p1414
I53
sS'whores'
p1415
I62
sS'howw'
p1416
I62
sS'spent'
p1417
I62
sS'fruitvale'
p1418
I62
sS'person'
p1419
I58
sS'cheer'
p1420
I62
sS'y'
p1421
I62
sS'-will'
p1422
I62
sS'watch!('
p1423
I62
sS'>.<'
p1424
I62
sS'shape'
p1425
I62
sS'meeeeelllll'
p1426
I62
sS'world'
p1427
I56
sS'inference'
p1428
I62
sS'cut'
p1429
I62
sS'hated'
p1430
I62
sS'someone\xe2\x80\x99s'
p1431
I62
sS'follow('
p1432
I62
sS'crying'
p1433
I62
sS'snap'
p1434
I61
sS'biotches'
p1435
I62
sS'easter'
p1436
I61
sS'excited'
p1437
I61
sS'big'
p1438
I61
sS'couple'
p1439
I61
sS'game'
p1440
I58
sS'knock'
p1441
I62
sS'lol\xe2\x98\xba\xef\xb8\x8f\xe2\x98\xba\xef\xb8\x8f'
p1442
I62
sS'egged'
p1443
I62
sS'lost'
p1444
I60
sS'continue'
p1445
I62
sS'foolish'
p1446
I62
sS'comida'
p1447
I62
sS'fucking'
p1448
I61
sS'been...girl'
p1449
I62
sS'some'
p1450
I46
sS'back'
p1451
I43
sS'"cares"'
p1452
I62
sS'alng'
p1453
I62
sS'lard'
p1454
I62
sS'good('
p1455
I62
sS'pee'
p1456
I62
sS'pela'
p1457
I62
sS'be'
p1458
I15
sS'bf'
p1459
I62
sS'run'
p1460
I59
sS"fuckin'"
p1461
I62
sS'laker'
p1462
I62
sS'step'
p1463
I61
sS'bp'
p1464
I62
sS'haply'
p1465
I62
sS'usc'
p1466
I62
sS'by'
p1467
I58
sS'shine'
p1468
I60
sS'anything'
p1469
I59
sS'netflix'
p1470
I58
sS'iced'
p1471
I62
sS"mcdonald's"
p1472
I61
sS'drama'
p1473
I62
sS'idk'
p1474
I57
sS'bish'
p1475
I62
sS'makeup\xe2\x80\x9d'
p1476
I62
sS'wanna'
p1477
I41
sS'ppl'
p1478
I62
sS'>:/'
p1479
I62
sS'into'
p1480
I56
sS'21!('
p1481
I62
sS'services'
p1482
I62
sS'momma'
p1483
I58
sS'because'
p1484
I50
sS'lesson'
p1485
I60
sS'actually!('
p1486
I62
sS'canal'
p1487
I62
sS't\xc3\xba'
p1488
I62
sS'cryyy'
p1489
I62
sS'long'
p1490
I39
sS'addicting'
p1491
I62
sS'bruh'
p1492
I62
sS'forward'
p1493
I62
sS'.2'
p1494
I62
sS'bored'
p1495
I62
sS'scared'
p1496
I62
sS'toooo'
p1497
I62
sS'whaatchhu'
p1498
I62
sS'boys'
p1499
I61
sS'hopes'
p1500
I62
sS'\xe2\x99\xa5'
p1501
I61
sS'-__-'
p1502
I62
sS'hellerrrrr'
p1503
I62
sS'fries'
p1504
I61
sS'up'
p1505
I25
sS'us'
p1506
I59
sS'ur'
p1507
I62
sS'un'
p1508
I62
sS'uh'
p1509
I62
sS'called'
p1510
I61
sS'bell'
p1511
I62
sS'individuality'
p1512
I62
sS'flow'
p1513
I62
sS'teeth<3'
p1514
I62
sS'chat'
p1515
I62
sS'rainbow'
p1516
I62
sS'rains'
p1517
I62
sS'nah'
p1518
I62
sS'realest'
p1519
I62
sS'nick'
p1520
I62
sS'nap'
p1521
I54
sS'actors'
p1522
I62
sS'nice'
p1523
I60
sS'explaining'
p1524
I62
sS'luckkk!('
p1525
I62
sS'smiley'
p1526
I62
sS'problems'
p1527
I60
sS'prepared'
p1528
I62
sS'dudde'
p1529
I62
sS'long\xe2\x80\xa6'
p1530
I61
sS'ago'
p1531
I62
sS'boyfriends'
p1532
I62
sS'fighter'
p1533
I62
sS'lana'
p1534
I62
sS'youtube'
p1535
I62
sS'gr8'
p1536
I62
sS'karma'
p1537
I62
sS'back('
p1538
I61
sS'literally'
p1539
I62
sS'far'
p1540
I61
sS"she's"
p1541
I59
sS'hello'
p1542
I61
sS'once'
p1543
I61
sS'chowder'
p1544
I62
sS'freakin'
p1545
I62
sS'go'
p1546
I27
sS'chillin'
p1547
I62
sS'helloooooo'
p1548
I62
sS'dislike'
p1549
I62
sS'sent'
p1550
I62
sS'kitty'
p1551
I62
sS'facebook'
p1552
I62
sS'telling'
p1553
I62
sS'drinking'
p1554
I62
sS'wipe'
p1555
I62
sS'magic'
p1556
I62
sS'marry'
p1557
I62
sS'shock'
p1558
I62
sS'try'
p1559
I58
sS'booty'
p1560
I62
sS'everythings'
p1561
I62
sS'fold'
p1562
I62
sS'blowing'
p1563
I62
sS'giving'
p1564
I61
sS'lmfao'
p1565
I49
sS'waiting'
p1566
I60
sS'lessons'
p1567
I62
sS'growing'
p1568
I60
sS'packing'
p1569
I62
sS'let'
p1570
I51
sS'others'
p1571
I61
sS'sexy'
p1572
I61
sS'irritating'
p1573
I61
sS'great'
p1574
I59
sS'30'
p1575
I62
sS'shades'
p1576
I62
sS"weren't"
p1577
I62
sS'makes'
p1578
I58
sS'explain'
p1579
I61
sS'thats'
p1580
I61
sS'holmes'
p1581
I62
sS'win'
p1582
I59
sS'private'
p1583
I61
sS'ran'
p1584
I62
sS'names'
p1585
I61
sS'now\xe2\x99\xa5'
p1586
I62
sS'sugar'
p1587
I62
sS'throwdowns'
p1588
I62
sS'use'
p1589
I62
sS'hahahahaha'
p1590
I62
sS'from'
p1591
I49
sS'&'
p1592
I42
sS'next'
p1593
I60
sS'bestes'
p1594
I62
sS'clever'
p1595
I62
sS'babe'
p1596
I61
sS'musician'
p1597
I62
sS'sister'
p1598
I62
sS'confused'
p1599
I62
sS'sore'
p1600
I59
sS'baby'
p1601
I56
sS'huxley'
p1602
I62
sS'women'
p1603
I62
sS'annoy'
p1604
I61
sS'"reverse"'
p1605
I62
sS'this'
p1606
I28
sS'ice('
p1607
I61
sS'meet'
p1608
I62
sS'didnt'
p1609
I62
sS'taa'
p1610
I62
sS'control'
p1611
I61
sS'"starve'
p1612
I62
sS'distractions'
p1613
I62
sS'yeaaaa'
p1614
I62
sS'thirsty'
p1615
I62
sS'halloween'
p1616
I62
sS'high'
p1617
I61
sS'assumptions'
p1618
I62
sS'something'
p1619
I56
sS'tan'
p1620
I62
sS'gains'
p1621
I62
sS'sit'
p1622
I57
sS'*november'
p1623
I62
sS'swear'
p1624
I60
sS'sin'
p1625
I62
sS'singular'
p1626
I62
sS'stop'
p1627
I57
sS'muah('
p1628
I62
sS'act'
p1629
I62
sS'fart'
p1630
I62
sS'taco'
p1631
I62
sS'hahahaha'
p1632
I62
sS'da'
p1633
I62
sS'fun!('
p1634
I62
sS'realized'
p1635
I60
sS'followwww'
p1636
I62
sS'lame'
p1637
I60
sS'preparing'
p1638
I62
sS'move'
p1639
I61
sS'workingout'
p1640
I62
sS"won't"
p1641
I61
sS'costume'
p1642
I62
sS'bunch'
p1643
I62
sS'perfect'
p1644
I61
sS'blake'
p1645
I62
sS'le'
p1646
I62
sS'la'
p1647
I60
sS'lo'
p1648
I62
sS"pj's"
p1649
I62
sS'emails'
p1650
I62
sS'willing'
p1651
I62
sS'jody'
p1652
I61
sS'2014'
p1653
I62
sS'bye'
p1654
I60
sS'2013'
p1655
I62
sS'2012'
p1656
I62
sS'dad'
p1657
I62
sS'beauty!('
p1658
I62
sS'dan'
p1659
I62
sS'camino'
p1660
I62
sS'sweets'
p1661
I62
sS'front'
p1662
I60
sS'day'
p1663
I41
sS'isn\xe2\x80\x99t'
p1664
I62
sS'mode'
p1665
I62
sS'truth'
p1666
I60
sS'hs872014'
p1667
I62
sS'|'
p1668
I61
sS'studios'
p1669
I61
sS'doing'
p1670
I58
sS'globe'
p1671
I62
sS'staying'
p1672
I62
sS'our'
p1673
I57
sS',90805\n472600084560232448,wuuvjessie,2014-05-31'
p1674
I62
sS'special'
p1675
I62
sS'out'
p1676
I37
sS'matt'
p1677
I62
sS"'"
p1678
I62
sS'bad'
p1679
I54
sS'time('
p1680
I62
sS'hilarious'
p1681
I62
sS'lecture'
p1682
I62
sS'thass'
p1683
I59
sS'cause'
p1684
I55
sS'red'
p1685
I62
sS'shut'
p1686
I62
sS'now\xe2\x98\xba\xef\xb8\x8f'
p1687
I62
sS'ect'
p1688
I62
sS'que'
p1689
I60
sS'york'
p1690
I62
sS'stab'
p1691
I62
sS"poppin'"
p1692
I62
sS'scary'
p1693
I62
sS'her'
p1694
I52
sS'g'
p1695
I62
sS'you\xe2\x80\x99ve'
p1696
I62
sS'could'
p1697
I57
sS'keep'
p1698
I57
sS'chilly'
p1699
I62
sS'4th'
p1700
I62
sS'biting'
p1701
I62
sS'south'
p1702
I62
sS'worms<3'
p1703
I62
sS'fits'
p1704
I62
sS'bitch'
p1705
I49
sS'lagging'
p1706
I62
sS'noticed'
p1707
I62
sS'hehe'
p1708
I59
sS"you're"
p1709
I44
sS'bears'
p1710
I62
sS'myspace'
p1711
I62
sS'"boojee"'
p1712
I62
sS'their'
p1713
I59
sS'noooooo'
p1714
I62
sS'2."'
p1715
I62
sS'perfectly'
p1716
I62
sS'nastiest'
p1717
I62
sS'painful'
p1718
I61
sS'gummy'
p1719
I57
sS'stomach'
p1720
I60
sS'academy'
p1721
I62
sS'nobody'
p1722
I62
sS'innovate'
p1723
I62
sS'lastnights'
p1724
I62
sS'completes'
p1725
I62
sS'loved'
p1726
I61
sS'kickback'
p1727
I62
sS'bed'
p1728
I49
sS'tommy'
p1729
I62
sS'hahahahahahahaha'
p1730
I62
sS'forsure!(x'
p1731
I62
sS'loves'
p1732
I62
sS'lover'
p1733
I62
sS'm\xc3\xad'
p1734
I62
sS'bet'
p1735
I61
sS'them,90805\n498215064726302720,jadesagiao,2014-08-09'
p1736
I62
sS'early"'
p1737
I62
sS'lateness'
p1738
I62
sS'tonight'
p1739
I55
sS'have'
p1740
I29
sS'need'
p1741
I44
sS'mia'
p1742
I62
sS'able'
p1743
I62
sS'mix'
p1744
I62
sS'which'
p1745
I62
sS'rena146'
p1746
I62
sS'asshole'
p1747
I61
sS',90805\n472593098124439552,wuuvjessie,2014-05-31'
p1748
I62
sS'underestimating'
p1749
I62
sS'motha'
p1750
I61
sS'lectures'
p1751
I62
sS'drunkies'
p1752
I62
sS'unless'
p1753
I62
sS'aww'
p1754
I62
sS'who'
p1755
I48
sS"where's"
p1756
I62
sS',90805\n472585621693677569,wuuvjessie,2014-05-31'
p1757
I62
sS'highschool'
p1758
I62
sS'why'
p1759
I40
sS'stronger'
p1760
I62
sS'face'
p1761
I59
sS'looked'
p1762
I61
sS"you'll"
p1763
I60
sS'skunk'
p1764
I62
sS'kitty!('
p1765
I62
sS'text'
p1766
I59
sS'heeeeey'
p1767
I62
sS'bring'
p1768
I61
sS'lmao\xe2\x80\x9d'
p1769
I62
sS'seeee'
p1770
I62
sS'('
p1771
I54
sS'should'
p1772
I50
sS"there's"
p1773
I61
sS'q('
p1774
I62
sS'hope'
p1775
I59
sS'meant'
p1776
I61
sS'workaholics'
p1777
I62
sS'listened'
p1778
I61
sS'means'
p1779
I59
sS'beat'
p1780
I59
sS'12*'
p1781
I62
sS'likely'
p1782
I62
sS'ones'
p1783
I62
sS'whass'
p1784
I62
sS'04:19:09.0,33.860676,-118.1905091,5703.03,sooo'
p1785
I62
sS'=/'
p1786
I62
sS'gray'
p1787
I62
sS'lmaao'
p1788
I61
sS'teams'
p1789
I62
sS'stuff'
p1790
I56
sS'she'
p1791
I50
sS'including'
p1792
I60
sS'fixed'
p1793
I62
sS'we'
p1794
I46
sS'expects'
p1795
I62
sS'cole'
p1796
I62
sS'luv'
p1797
I62
sS'sadness'
p1798
I62
sS'tend'
p1799
I62
sS'icecream'
p1800
I62
sS'closed'
p1801
I62
sS'frustrated'
p1802
I62
sS'email'
p1803
I62
sS'bought'
p1804
I61
sS'03:49:27.0,33.860799,-118.1903502,5703.03,56%'
p1805
I62
sS'amen'
p1806
I62
sS'slumped'
p1807
I62
sS'joe'
p1808
I62
sS'legit'
p1809
I62
sS'invited'
p1810
I62
sS'minds'
p1811
I61
sS'taija'
p1812
I62
sS'yaself'
p1813
I62
sS'strongly'
p1814
I62
sS'ca'
p1815
I62
sS'laugh'
p1816
I61
sS'tiene'
p1817
I62
sS'yay'
p1818
I60
sS"it's"
p1819
I37
sS'slowly'
p1820
I62
sS'treat'
p1821
I62
sS'waste'
p1822
I62
sS'>'
p1823
I62
sS'preworkout'
p1824
I62
sS'moved'
p1825
I62
sS'preforming'
p1826
I62
sS'hmm'
p1827
I62
sS'finished'
p1828
I60
sS'angles'
p1829
I62
sS'pix'
p1830
I62
sS'everrrrr'
p1831
I62
sS'value'
p1832
I62
sS'will'
p1833
I49
sS'will('
p1834
I62
sS'hahaha'
p1835
I59
sS'ermoso'
p1836
I62
sS'perd\xc3\xad'
p1837
I62
sS'almost'
p1838
I60
sS'lush'
p1839
I62
sS'helped'
p1840
I62
sS'turns'
p1841
I62
sS'danggg'
p1842
I62
sS'tattoo'
p1843
I60
sS'vintage'
p1844
I62
sS'concealing'
p1845
I62
sS'party'
p1846
I62
sS'gets'
p1847
I61
sS'ball'
p1848
I62
sS'slave'
p1849
I62
sS'toast,90805\n472595427053694976,wuuvjessie,2014-05-31'
p1850
I62
sS'drink'
p1851
I62
sS'fucked'
p1852
I62
sS'energized'
p1853
I62
sS'off'
p1854
I47
sS'i'
p1855
I1
sS'well'
p1856
I55
sS'fighting'
p1857
I62
sS'thought'
p1858
I51
sS'wya'
p1859
I62
sS'latest'
p1860
I62
sS'stores'
p1861
I62
sS'cried'
p1862
I58
sS'less'
p1863
I61
sS'moments'
p1864
I62
sS"should've"
p1865
I62
sS'boundries'
p1866
I62
sS'work('
p1867
I62
sS'guts'
p1868
I62
sS'smith'
p1869
I62
sS'gum'
p1870
I62
sS'realize'
p1871
I55
sS':/\xe2\x80\x9d'
p1872
I62
sS'add'
p1873
I62
sS'cosmetics'
p1874
I62
sS'monae'
p1875
I62
sS'babbyboyy'
p1876
I62
sS'homework'
p1877
I62
sS'know'
p1878
I33
sS'bottoms'
p1879
I62
sS'skinnier'
p1880
I62
sS'like'
p1881
I26
sS'success'
p1882
I61
sS'06:21:41.0,33.8575984,-118.1879043,5703.03,sherlock'
p1883
I62
sS'heey'
p1884
I62
sS'candy'
p1885
I61
sS'chrissogood'
p1886
I62
sS'lose'
p1887
I62
sS'replacement'
p1888
I62
sS'nigga'
p1889
I59
sS'twitter'
p1890
I59
sS'fraans'
p1891
I62
sS'alive'
p1892
I61
sS'hair'
p1893
I57
sS'homo'
p1894
I62
sS'home'
p1895
I50
sS'happens'
p1896
I62
sS'pues'
p1897
I61
sS'fucck'
p1898
I62
sS'does'
p1899
I62
sS'noise'
p1900
I62
sS'pensaba'
p1901
I62
sS'slut'
p1902
I58
sS'pasta'
p1903
I62
sS'about'
p1904
I34
sS'getting'
p1905
I50
sS'blessings'
p1906
I61
sS'puppies'
p1907
I62
sS'documentary'
p1908
I62
sS'turtle'
p1909
I62
sS'own'
p1910
I56
sS'd-pryde'
p1911
I62
sS'socks'
p1912
I62
sS'screamed'
p1913
I62
sS'promise'
p1914
I61
sS'boss!('
p1915
I62
sS'theyd'
p1916
I62
sS'ketchup'
p1917
I62
sS',90805\n472600729245339648,wuuvjessie,2014-05-31'
p1918
I62
sS'behind'
p1919
I62
sS'meeee'
p1920
I62
sS'kidding'
p1921
I61
sS'intention'
p1922
I62
sS'inner'
p1923
I62
sS'biggest'
p1924
I62
sS'buy'
p1925
I59
sS'north'
p1926
I54
sS"i've"
p1927
I53
sS'bitches'
p1928
I62
sS'but'
p1929
I19
sS'hi'
p1930
I62
sS'hm'
p1931
I62
sS'ear'
p1932
I62
sS'eat'
p1933
I56
sS'he'
p1934
I34
sS'count'
p1935
I61
sS'made'
p1936
I50
sS'wise'
p1937
I62
sS'wish'
p1938
I58
sS'j'
p1939
I62
sS'smooth'
p1940
I62
sS'signed'
p1941
I62
sS'gooooooo'
p1942
I62
sS'cruel'
p1943
I60
sS'cake'
p1944
I59
sS'problem'
p1945
I62
sS'minutes'
p1946
I62
sS'universal'
p1947
I60
sS'pic'
p1948
I62
sS'them(x'
p1949
I62
sS'fighter!<3'
p1950
I62
sS'goodness'
p1951
I62
sS'ink'
p1952
I61
sS'beach)'
p1953
I62
sS'kissed'
p1954
I62
sS'happen'
p1955
I62
sS'made...dude'
p1956
I62
sS'dressed'
p1957
I62
sS'other'
p1958
I60
sS'sick'
p1959
I59
sS'incredibly'
p1960
I62
sS'jashell'
p1961
I61
sS'giddy'
p1962
I62
sS'stay'
p1963
I60
sS'chance'
p1964
I61
sS'yeaaaaaaa'
p1965
I62
sS'kinda'
p1966
I62
sS'bitchy'
p1967
I62
sS'friends'
p1968
I58
sS'cliff'
p1969
I62
sS'ghost'
p1970
I62
sS'\xe2\x80\x94'
p1971
I62
sS'using'
p1972
I62
sS'kardashian'
p1973
I62
sS'\xe2\x80\x9d'
p1974
I62
sS'understand'
p1975
I62
sS'yell'
p1976
I61
sS'"the'
p1977
I61
s.