(dp0
S''
p1
I1
sS"'meruca*"
p2
I104
sS'(until'
p3
I104
sS'saver'
p4
I104
sS'child'
p5
I101
sS'zoo\xe2\x80\x9d'
p6
I104
sS'thennnn'
p7
I104
sS'hitch'
p8
I103
sS'four'
p9
I104
sS'woods'
p10
I104
sS'sleep'
p11
I86
sS'asian'
p12
I104
sS'hanging'
p13
I104
sS'tfios'
p14
I103
sS'this.,90713\n441728584797786112,ninaaapadilla,2014-03-07'
p15
I104
sS'hate'
p16
I55
sS'(which'
p17
I104
sS'gabrielle'
p18
I104
sS'sore'
p19
I104
sS'relationships'
p20
I102
sS'cm-'
p21
I103
sS'buddy'
p22
I103
sS'paris'
p23
I104
sS'tweet'
p24
I99
sS'sweetest'
p25
I104
sS'presents'
p26
I104
sS'bike'
p27
I104
sS"courtney's"
p28
I104
sS'yaaaasss'
p29
I104
sS'demoted'
p30
I104
sS'teaching'
p31
I103
sS'sorry'
p32
I88
sS'ilysm'
p33
I102
sS'divergent'
p34
I104
sS'lure'
p35
I104
sS'point'
p36
I103
sS'lakewood)'
p37
I104
sS'rise'
p38
I104
sS'costume'
p39
I104
sS'x-men'
p40
I104
sS'gimmie'
p41
I104
sS'every'
p42
I78
sS'jack'
p43
I103
sS'bringing'
p44
I101
sS'chapel'
p45
I104
sS'tickets'
p46
I102
sS'school'
p47
I54
sS'bestfriend'
p48
I104
sS'prize'
p49
I104
sS'thotty'
p50
I104
sS'wednesday'
p51
I103
sS'honor'
p52
I104
sS'whenever\xe2\x98\xba\xef\xb8\x8f'
p53
I104
sS"yesterday's"
p54
I104
sS'heading'
p55
I104
sS'clothes'
p56
I102
sS'enjoy'
p57
I103
sS'tired'
p58
I94
sS'convo'
p59
I103
sS'hating'
p60
I104
sS'japanese'
p61
I104
sS'nooooot'
p62
I104
sS'second'
p63
I95
sS'street'
p64
I101
sS"(didn't"
p65
I104
sS'believing'
p66
I104
sS'7th'
p67
I104
sS'air'
p68
I104
sS'others)'
p69
I104
sS'even'
p70
I64
sS'hide'
p71
I104
sS'perfection\xe2\x80\x9d'
p72
I104
sS'saved'
p73
I101
sS'+'
p74
I102
sS'decepci\xc3\xb3n'
p75
I104
sS'lights'
p76
I104
sS'bipolar'
p77
I104
sS'woodson\xe2\x80\x9d'
p78
I104
sS'new'
p79
I90
sS'carpet'
p80
I104
sS'ever'
p81
I78
sS'disney'
p82
I104
sS'told'
p83
I97
sS'majids'
p84
I104
sS'shutup'
p85
I99
sS'rn\xe2\x80\x9dthe'
p86
I104
sS'never'
p87
I64
sS'swag'
p88
I104
sS'here'
p89
I67
sS'\xe2\x9d\xa4\xef\xb8\x8f\xe2\x9d\xa4\xef\xb8\x8f\xe2\x9d\xa4\xef\xb8\x8f\xe2\x9d\xa4\xef\xb8\x8f'
p90
I102
sS'\xe2\x9d\xa4\xef\xb8\x8f'
p91
I88
sS'hmu\xe2\x98\xba\xef\xb8\x8f'
p92
I104
sS'compare*'
p93
I104
sS'hmuuuuu'
p94
I104
sS'hers'
p95
I104
sS"aren't"
p96
I98
sS'106'
p97
I104
sS'patches'
p98
I104
sS'dry'
p99
I103
sS'kids'
p100
I99
sS'titanics'
p101
I104
sS'glo'
p102
I103
sS'study'
p103
I103
sS'changed'
p104
I104
sS'itunes'
p105
I103
sS'credit'
p106
I103
sS"i'd"
p107
I99
sS'fuh'
p108
I104
sS'smoke'
p109
I104
sS'neeeext'
p110
I104
sS"i'm"
p111
I15
sS'pack'
p112
I103
sS'changes'
p113
I104
sS'-coach'
p114
I104
sS'eyebrows'
p115
I100
sS"g's"
p116
I103
sS'constipated'
p117
I104
sS'fireworks'
p118
I104
sS'reagan'
p119
I104
sS'julia'
p120
I104
sS'feelings'
p121
I104
sS'bro'
p122
I95
sS'patience'
p123
I104
sS'373848'
p124
I104
sS'actions'
p125
I104
sS'2\xe2\x83\xa31\xe2\x83\xa3'
p126
I104
sS'streets"ahhaa'
p127
I104
sS'bra'
p128
I104
sS'<3'
p129
I104
sS'plot'
p130
I104
sS'charge'
p131
I104
sS'sandwiches"'
p132
I104
sS'would'
p133
I72
sS'catchy'
p134
I103
sS'hospital'
p135
I103
sS'mexico'
p136
I104
sS'aaron'
p137
I104
sS'insult'
p138
I104
sS'dumplings'
p139
I104
sS'asses'
p140
I104
sS'music'
p141
I98
sS'calm'
p142
I104
sS'typo'
p143
I103
sS'::keeps'
p144
I104
sS'typa'
p145
I104
sS'calc'
p146
I103
sS'until'
p147
I96
sS'breathe'
p148
I101
sS'playboy'
p149
I104
sS'females'
p150
I104
sS'holy'
p151
I103
sS'"buisness'
p152
I104
sS'haha'
p153
I79
sS'subtweet'
p154
I102
sS'award'
p155
I104
sS'hurt'
p156
I100
sS'phone'
p157
I95
sS'interaction'
p158
I104
sS'varsity'
p159
I103
sS'ahahhaah'
p160
I104
sS'lord'
p161
I103
sS'90'
p162
I104
sS'hold'
p163
I97
sS'pimpcess'
p164
I104
sS'must'
p165
I100
sS'shoot'
p166
I103
sS'disappointing'
p167
I104
sS'join'
p168
I102
sS'wore'
p169
I101
sS'wowza'
p170
I104
sS'work'
p171
I69
sS'mi'
p172
I103
sS'supply)'
p173
I104
sS'worth'
p174
I102
sS'movies'
p175
I98
sS'mw'
p176
I104
sS'bungalow'
p177
I104
sS'tinder'
p178
I104
sS'era'
p179
I101
sS'ms'
p180
I97
sS'mr'
p181
I97
sS'gossiping'
p182
I104
sS'1800-hotline'
p183
I104
sS'my'
p184
I6
sS'yus'
p185
I104
sS'gloria'
p186
I102
sS'grimes'
p187
I101
sS'goood'
p188
I103
sS'wuuuuuuut'
p189
I103
sS'kevco562'
p190
I104
sS'goooo'
p191
I103
sS'honey'
p192
I104
sS'titanium'
p193
I104
sS'homie'
p194
I102
sS'want'
p195
I60
sS'maleficent'
p196
I104
sS'cruising'
p197
I104
sS'keep'
p198
I95
sS'fan.\xe2\x99\xa5,90713\n452678953803591680,ninaaapadilla,2014-04-06'
p199
I104
sS'hoe'
p200
I102
sS'end'
p201
I101
sS'recovery'
p202
I104
sS'presssssssedddddd'
p203
I104
sS'thing'
p204
I88
sS'complaining'
p205
I104
sS'travel'
p206
I104
sS'song'
p207
I99
sS'fratty'
p208
I104
sS'cuuuuuute'
p209
I104
sS'how'
p210
I47
sS'hot'
p211
I92
sS'logoff'
p212
I104
sS'hop'
p213
I104
sS'interview'
p214
I103
sS'disappoint'
p215
I104
sS'beach'
p216
I93
sS'blanket'
p217
I104
sS'pizza'
p218
I96
sS'cheesin'
p219
I104
sS'madden'
p220
I104
sS'beauty'
p221
I99
sS'mufasa'
p222
I104
sS'mess'
p223
I102
sS'typed'
p224
I104
sS'after'
p225
I90
sS'oyen'
p226
I104
sS'whyyyy'
p227
I103
sS'subtweeting'
p228
I104
sS'wrong'
p229
I95
sS'documentaries'
p230
I104
sS'dumbb'
p231
I104
sS'president'
p232
I104
sS'lap'
p233
I104
sS'lesbian'
p234
I104
sS'\xe2\x99\xa1\xe2\x99\xa1\xe2\x99\xa1'
p235
I104
sS'bucks'
p236
I104
sS'third'
p237
I104
sS'wins'
p238
I101
sS'appreciate'
p239
I104
sS'sorryyyy'
p240
I104
sS'wink'
p241
I103
sS'18th'
p242
I104
sS'funniest'
p243
I102
sS'goodbye'
p244
I104
sS'keeps'
p245
I103
sS'fan'
p246
I104
sS'1000'
p247
I104
sS'athletes'
p248
I104
sS'wing'
p249
I104
sS'wind'
p250
I103
sS'tooooo'
p251
I104
sS'school)'
p252
I103
sS'office'
p253
I103
sS'wut'
p254
I98
sS'over'
p255
I67
sS'fam'
p256
I103
sS'happyhappyhappy'
p257
I104
sS'murray'
p258
I100
sS'bella'
p259
I104
sS'jacuzzi'
p260
I104
sS'london'
p261
I104
sS'ilyyyyyyyy'
p262
I104
sS'japan'
p263
I104
sS'todaaaay'
p264
I104
sS'panthers'
p265
I104
sS'hemp'
p266
I104
sS'before'
p267
I93
sS'ima'
p268
I92
sS'40%'
p269
I104
sS'somewhere'
p270
I101
sS'kaepernick'
p271
I102
sS'backpack'
p272
I101
sS'expectations'
p273
I103
sS'denver'
p274
I104
sS'crew'
p275
I102
sS'better'
p276
I63
sS'tramp'
p277
I104
sS'imy'
p278
I102
sS'weeks'
p279
I101
sS'easier'
p280
I103
sS'ventu'
p281
I104
sS'yaaass'
p282
I104
sS'then'
p283
I78
sS'them'
p284
I65
sS'rachel'
p285
I104
sS'woken'
p286
I104
sS'lastnight/morning'
p287
I104
sS'workout'
p288
I103
sS'safe'
p289
I104
sS"we'll"
p290
I98
sS"db's"
p291
I104
sS'ten\xe2\x80\x9d'
p292
I104
sS'they'
p293
I58
sS'one'
p294
I46
sS'bank'
p295
I103
sS'scholar'
p296
I104
sS'alex'
p297
I101
sS'slavery'
p298
I104
sS'rocks'
p299
I103
sS'explode'
p300
I104
sS'arrest'
p301
I104
sS'newport'
p302
I104
sS'victory'
p303
I104
sS'each'
p304
I101
sS'went'
p305
I95
sS"70's"
p306
I104
sS'alexia'
p307
I104
sS'side'
p308
I102
sS'weekend?\xe2\x80\x9d'
p309
I104
sS'mean'
p310
I90
sS'tatts'
p311
I104
sS'lifted'
p312
I104
sS"hasn't"
p313
I104
sS'gunna'
p314
I103
sS'series'
p315
I104
sS'turnin'
p316
I104
sS'innocent'
p317
I104
sS'allan'
p318
I104
sS'bowls'
p319
I102
sS'aide'
p320
I104
sS'honey\xe2\x80\x9d'
p321
I104
sS'carry'
p322
I104
sS'dawg'
p323
I103
sS'trading'
p324
I103
sS'forgot'
p325
I99
sS'navy'
p326
I104
sS'sharknado'
p327
I104
sS'saturday'
p328
I99
sS'rt'
p329
I84
sS'rv'
p330
I104
sS'gon'
p331
I102
sS'won'
p332
I104
sS'driving'
p333
I99
sS'oprah'
p334
I104
sS'god'
p335
I89
sS'washed'
p336
I103
sS'tomorrow'
p337
I81
sS'strangers'
p338
I104
sS'waaaaay'
p339
I104
sS'smh'
p340
I98
sS'day&'
p341
I104
sS'got'
p342
I40
sS'rn'
p343
I93
sS'turning'
p344
I101
sS'cutest'
p345
I100
sS"you're"
p346
I44
sS'"ain\'t'
p347
I104
sS'fave'
p348
I103
sS'revenge'
p349
I103
sS'free'
p350
I101
sS'tighttttt'
p351
I104
sS'helloo'
p352
I104
sS'kayla'
p353
I99
sS'appointments'
p354
I104
sS'struggle'
p355
I102
sS'hoodie'
p356
I104
sS'wanted'
p357
I101
sS'chlorine'
p358
I104
sS'mvp'
p359
I103
sS'dancin'
p360
I104
sS'yayayayaya'
p361
I104
sS'ate'
p362
I104
sS'hg'
p363
I104
sS'created'
p364
I104
sS'starts'
p365
I104
sS'atm'
p366
I103
sS'messages'
p367
I103
sS'days'
p368
I81
sS'meeeeeeee.\xe2\x99\xa1.\xe2\x99\xa1,90713\n478971752165302272,jaaygee11,2014-06-17'
p369
I104
sS'lying*'
p370
I104
sS'flawless'
p371
I104
sS'heck'
p372
I103
sS'soda'
p373
I104
sS'9pm'
p374
I104
sS'loud'
p375
I102
sS'fuckin'
p376
I97
sS'andie'
p377
I104
sS'flick'
p378
I104
sS'already'
p379
I83
sS'racistbitch'
p380
I104
sS'grade'
p381
I103
sS'?"'
p382
I104
sS'too)'
p383
I104
sS'nosebleeds'
p384
I104
sS'fantasy'
p385
I100
sS'warped'
p386
I101
sS'another'
p387
I97
sS'sober'
p388
I103
sS'grifffffins'
p389
I104
sS'popsicles'
p390
I104
sS'blunts'
p391
I104
sS'matoooooo'
p392
I104
sS'tanga'
p393
I104
sS'carson'
p394
I104
sS'olds'
p395
I104
sS'basketball'
p396
I102
sS'girly'
p397
I104
sS'dogg'
p398
I103
sS'top'
p399
I97
sS'girls'
p400
I88
sS'knooow'
p401
I104
sS'needed'
p402
I104
sS'gut'
p403
I104
sS'girll'
p404
I104
sS'too'
p405
I45
sS'tom'
p406
I103
sS'hollywood'
p407
I104
sS'legs'
p408
I103
sS'dogs'
p409
I104
sS'"rose'
p410
I104
sS'listen'
p411
I103
sS'kiwi'
p412
I104
sS'ceiling'
p413
I104
sS'hangout'
p414
I104
sS'herself'
p415
I104
sS'haga'
p416
I104
sS'gym'
p417
I101
sS'2am'
p418
I104
sS'took'
p419
I99
sS'motivates'
p420
I104
sS'cereal'
p421
I104
sS"knott's"
p422
I104
sS'evil'
p423
I104
sS'brushed'
p424
I104
sS'stocking'
p425
I104
sS'boppidy'
p426
I104
sS'asssss'
p427
I104
sS'anxiety'
p428
I102
sS'target'
p429
I103
sS'ew'
p430
I93
sS'participated'
p431
I104
sS'thx'
p432
I104
sS'likely'
p433
I104
sS'kid\xe2\x80\x9d'
p434
I104
sS'shower'
p435
I102
sS'matter'
p436
I103
sS'fabulous'
p437
I103
sS'silly'
p438
I103
sS'speaking'
p439
I104
sS'hottie'
p440
I104
sS'00:14:36.0,33.838979,-118.1083465,5711.02,what'
p441
I104
sS"company's"
p442
I104
sS'feeling'
p443
I98
sS'treu'
p444
I103
sS'nononononononono'
p445
I104
sS'bridge'
p446
I101
sS'rad'
p447
I103
sS'lulz'
p448
I98
sS'disturb'
p449
I104
sS'7:30am'
p450
I104
sS'ran'
p451
I104
sS'stomping'
p452
I104
sS'modern'
p453
I103
sS'mind'
p454
I103
sS'mine'
p455
I95
sS'spent'
p456
I104
sS'talking'
p457
I93
sS'lbc'
p458
I103
sS'infront'
p459
I104
sS'rap'
p460
I103
sS'seen'
p461
I92
sS'seem'
p462
I104
sS'mins'
p463
I102
sS'tells'
p464
I101
sS'ponder'
p465
I104
sS'sterile'
p466
I104
sS'tools)'
p467
I104
sS'beezy'
p468
I104
sS'unimpressed'
p469
I104
sS'ypu'
p470
I104
sS'do"'
p471
I104
sS'buizness'
p472
I104
sS'-'
p473
I78
sS'snow'
p474
I103
sS'aint'
p475
I104
sS'okie'
p476
I104
sS'shawn'
p477
I104
sS'contact'
p478
I103
sS'doors'
p479
I104
sS'laughed'
p480
I104
sS'panties'
p481
I104
sS'rides'
p482
I104
sS'dragged'
p483
I104
sS'blue'
p484
I104
sS'gravy'
p485
I104
sS'nobody'
p486
I97
sS'shiverin'
p487
I104
sS'(excluding'
p488
I104
sS'though'
p489
I95
sS'screwing'
p490
I104
sS'doin'
p491
I102
sS'tyb'
p492
I104
sS'poker'
p493
I104
sS'y'
p494
I100
sS'regular'
p495
I104
sS'mouth'
p496
I102
sS'letter'
p497
I103
sS'drought'
p498
I104
sS'maria'
p499
I104
sS'dummy'
p500
I104
sS'800'
p501
I103
sS'treats'
p502
I104
sS'released'
p503
I104
sS'accent\xe2\x80\x9d'
p504
I104
sS'doc'
p505
I104
sS'medical'
p506
I103
sS'camp'
p507
I102
sS'alumni'
p508
I104
sS'dog'
p509
I99
sS'doe'
p510
I103
sS'definitely'
p511
I91
sS'tech'
p512
I104
sS'thunder'
p513
I104
sS'grandpa'
p514
I104
sS'entertaining'
p515
I104
sS'aaaye'
p516
I104
sS'annoyed'
p517
I102
sS'came'
p518
I95
sS'saying'
p519
I99
sS'too."'
p520
I104
sS'bomb'
p521
I98
sS'jakeyyy'
p522
I104
sS'random'
p523
I101
sS'nominated'
p524
I104
sS'prescription'
p525
I104
sS'colors'
p526
I104
sS'5000'
p527
I104
sS'radio'
p528
I104
sS'earth'
p529
I100
sS'bail'
p530
I104
sS'clock'
p531
I104
sS'sharks'
p532
I104
sS'fuckn'
p533
I104
sS'busy'
p534
I104
sS'tier'
p535
I104
sS'dtay'
p536
I104
sS'suv'
p537
I104
sS'cousins'
p538
I102
sS'explain'
p539
I103
sS'bellflower'
p540
I104
sS'hrs'
p541
I104
sS'sugar'
p542
I102
sS'i.had'
p543
I104
sS'version'
p544
I104
sS'ayyye'
p545
I103
sS'touched'
p546
I103
sS'rich'
p547
I104
sS'gods'
p548
I104
sS'rice'
p549
I103
sS'layover'
p550
I104
sS'wearing'
p551
I101
sS'do'
p552
I27
sS'dl'
p553
I103
sS'dm'
p554
I104
sS'dj'
p555
I102
sS'thirstyyyyyy'
p556
I104
sS'frostbites'
p557
I104
sS'dd'
p558
I103
sS'uhhh'
p559
I104
sS'watch'
p560
I92
sS'fell"'
p561
I104
sS'da'
p562
I104
sS'pocket'
p563
I104
sS'alcohol'
p564
I104
sS'12'
p565
I104
sS'thyden'
p566
I102
sS'nasty'
p567
I103
sS'fuuuuucccckkkkkkk'
p568
I104
sS'20:37:12.0,33.8392859,-118.1210983,5711.02,why'
p569
I104
sS'lmao'
p570
I73
sS'runs'
p571
I104
sS'bar'
p572
I103
sS'greens'
p573
I104
sS'covering'
p574
I104
sS'textbooks'
p575
I104
sS'officially'
p576
I103
sS'bag'
p577
I103
sS'bad'
p578
I69
sS'bae'
p579
I76
sS'piggy'
p580
I104
sS',90713\n516688161884213248,tayllorbell,2014-09-29'
p581
I104
sS'yasss'
p582
I104
sS'them)'
p583
I104
sS'ears'
p584
I102
sS"bf's"
p585
I104
sS'loser\xe2\x9d\xa4\xef\xb8\x8f'
p586
I104
sS'decides'
p587
I103
sS'fair'
p588
I104
sS'habit'
p589
I104
sS'w/'
p590
I101
sS'tigmf'
p591
I104
sS'testing'
p592
I104
sS'checks'
p593
I104
sS'goodnight'
p594
I104
sS'decided'
p595
I100
sS'go\xe2\x80\x9d'
p596
I104
sS'sorryyyyy'
p597
I104
sS'fail'
p598
I103
sS'christian'
p599
I104
sS'tommy'
p600
I104
sS'best'
p601
I64
sS'lancaster'
p602
I104
sS'said'
p603
I73
sS'away'
p604
I98
sS'bwhahahaha'
p605
I104
sS'rings'
p606
I102
sS'goood('
p607
I104
sS'!1!1'
p608
I104
sS"there's"
p609
I93
sS'olympics'
p610
I104
sS'melissa'
p611
I104
sS'goooodnight'
p612
I104
sS'hopefully'
p613
I103
sS'mum'
p614
I104
sS"body's"
p615
I104
sS"celeste's"
p616
I104
sS'tolerance'
p617
I104
sS'we'
p618
I31
sS'omg'
p619
I53
sS'colon.\xe2\x80\x9d'
p620
I104
sS'dumber'
p621
I104
sS'weak'
p622
I102
sS'ignorance'
p623
I104
sS'boss'
p624
I103
sS',90713\n514910240811130880,tayllorbell,2014-09-24'
p625
I104
sS'rivers'
p626
I104
sS'omw'
p627
I104
sS'wear'
p628
I95
sS'wtf'
p629
I86
sS'poisoning'
p630
I104
sS'news'
p631
I103
sS'picking'
p632
I104
sS'musical'
p633
I104
sS'nahhhh'
p634
I104
sS'creds'
p635
I104
sS'kitchen'
p636
I103
sS'bras'
p637
I104
sS'cop'
p638
I103
sS'tfti'
p639
I103
sS'groeneveld\xe2\x9d\xa4\xef\xb8\x8f\xe2\x9d\xa4\xef\xb8\x8f\xe2\x9d\xa4\xef\xb8\x8f'
p640
I104
sS'met'
p641
I101
sS'country'
p642
I103
sS'compton'
p643
I104
sS'fags'
p644
I104
sS'against'
p645
I102
sS'players'
p646
I101
sS'courtland'
p647
I103
sS'games'
p648
I100
sS'planned'
p649
I103
sS'lookin'
p650
I103
sS'15:46:02.0,33.83809919,-118.12182152,5711.02,9/11'
p651
I104
sS'&loved'
p652
I104
sS'uni'
p653
I104
sS'requests'
p654
I104
sS'asked'
p655
I96
sS'sloot'
p656
I104
sS'ily'
p657
I94
sS'character'
p658
I104
sS'ayeee'
p659
I103
sS'waaay'
p660
I104
sS'2nd'
p661
I99
sS'defiantely'
p662
I104
sS'tons'
p663
I104
sS'irresponsibly'
p664
I104
sS'tony'
p665
I102
sS'250'
p666
I104
sS'trust'
p667
I101
sS'hitler'
p668
I104
sS'speak'
p669
I103
sS'bathroom'
p670
I103
sS'meowing'
p671
I104
sS'puts'
p672
I104
sS'havin'
p673
I103
sS'been'
p674
I74
sS'quickly'
p675
I104
sS'confident'
p676
I103
sS'beer'
p677
I103
sS'much'
p678
I43
sS'basic'
p679
I101
sS'chugged'
p680
I104
sS'fry'
p681
I104
sS'lovely'
p682
I104
sS'okayy'
p683
I104
sS'threw'
p684
I100
sS'life'
p685
I71
sS'deeper'
p686
I104
sS'drugs'
p687
I104
sS'sunshine'
p688
I104
sS'sooooo'
p689
I102
sS'locations'
p690
I104
sS'places'
p691
I104
sS',90713\n427908099857321984,jaaygee11,2014-01-27'
p692
I104
sS'luuuuuv'
p693
I104
sS'chile'
p694
I104
sS'dotd'
p695
I103
sS'catch'
p696
I96
sS'worked'
p697
I103
sS'mccourtey'
p698
I104
sS'chill'
p699
I98
sS'dash'
p700
I104
sS'gracias'
p701
I103
sS'tank'
p702
I104
sS'tastes'
p703
I104
sS'n'
p704
I103
sS'dumbbbbb'
p705
I104
sS'ugly'
p706
I95
sS'near'
p707
I104
sS'melted'
p708
I103
sS'ugliest'
p709
I104
sS'rosemary'
p710
I104
sS'stopping'
p711
I104
sS'aid'
p712
I104
sS'weezer'
p713
I104
sS'voice'
p714
I103
sS'k'
p715
I101
sS'chilling'
p716
I102
sS'nigglet'
p717
I104
sS'remembering'
p718
I104
sS'seven'
p719
I104
sS'iz'
p720
I104
sS'yaaaaay'
p721
I104
sS'played'
p722
I102
sS"california's"
p723
I104
sS'01:18:46.0,33.83518696,-118.11801561,5711.02,what'
p724
I104
sS'sticker'
p725
I102
sS'sushi'
p726
I101
sS'"i'
p727
I102
sS'tease'
p728
I104
sS'player'
p729
I103
sS'cant'
p730
I102
sS'dizzy'
p731
I103
sS'im'
p732
I84
sS"other's"
p733
I104
sS'in'
p734
I12
sS'violin'
p735
I103
sS'painand'
p736
I104
sS'id'
p737
I102
sS'ig'
p738
I104
sS'if'
p739
I47
sS'damaged'
p740
I103
sS'nike'
p741
I103
sS'things'
p742
I95
sS'make'
p743
I72
sS'jerry'
p744
I104
sS'honk'
p745
I104
sS'jolene'
p746
I104
sS'patient'
p747
I103
sS'hahah'
p748
I98
sS'babies'
p749
I103
sS'hahaa'
p750
I104
sS'showing'
p751
I104
sS'doobies'
p752
I104
sS'european'
p753
I104
sS'wheel'
p754
I102
sS'ily2'
p755
I104
sS'off-duty'
p756
I104
sS'cindy'
p757
I104
sS'jkz'
p758
I104
sS'sacramento'
p759
I104
sS'schumacher'
p760
I104
sS'hang'
p761
I95
sS'rain'
p762
I102
sS'hand'
p763
I103
sS'4:30'
p764
I104
sS'fridays'
p765
I103
sS'graduations'
p766
I104
sS'kim'
p767
I101
sS'jealous'
p768
I104
sS"he'll"
p769
I99
sS'kid'
p770
I100
sS'dylan'
p771
I97
sS'kept'
p772
I103
sS'srrrry'
p773
I104
sS"mother's"
p774
I104
sS'rafting'
p775
I104
sS'youre'
p776
I104
sS'thr'
p777
I104
sS'compartments'
p778
I104
sS'tho'
p779
I90
sS'haircuts'
p780
I104
sS'practices'
p781
I103
sS'greatest'
p782
I99
sS'mother'
p783
I104
sS'romo'
p784
I99
sS'the'
p785
I3
sS'smoked'
p786
I103
sS'stroosma'
p787
I104
sS'yours'
p788
I100
sS'goodbyeeeee'
p789
I104
sS'left'
p790
I99
sS'letra'
p791
I104
sS'background'
p792
I104
sS'just'
p793
I21
sS'yea'
p794
I104
sS'photo'
p795
I101
sS'yee'
p796
I104
sS'grades'
p797
I104
sS'financially'
p798
I104
sS'thanks'
p799
I76
sS'human'
p800
I104
sS'yep'
p801
I104
sS'yes'
p802
I62
sS'october'
p803
I104
sS'cute.\xe2\x80\x9d'
p804
I104
sS'yet'
p805
I99
sS'dyliebear'
p806
I104
sS'jose'
p807
I104
sS'alec'
p808
I104
sS'mix'
p809
I104
sS'legion'
p810
I104
sS'photographer'
p811
I104
sS'ease'
p812
I104
sS'boot'
p813
I104
sS'had'
p814
I64
sS'pharmacy'
p815
I104
sS'about'
p816
I52
sS'spread'
p817
I104
sS'rumor'
p818
I104
sS'easy'
p819
I101
sS'save'
p820
I101
sS'hat'
p821
I104
sS'city'
p822
I104
sS'gave'
p823
I102
sS'babe:)'
p824
I104
sS'maya'
p825
I104
sS'casually'
p826
I104
sS'vanessa'
p827
I104
sS'bands'
p828
I104
sS'breaks'
p829
I104
sS'cultural'
p830
I104
sS'birth'
p831
I104
sS'preaaaaaaaaaach'
p832
I104
sS'judge'
p833
I104
sS',90713\n463090814596296704,ninaaapadilla,2014-05-04'
p834
I104
sS'burnt'
p835
I103
sS'dreams'
p836
I103
sS'shoulder'
p837
I104
sS'brought'
p838
I101
sS'shabby.\xe2\x80\xa6'
p839
I104
sS'gift'
p840
I102
sS'texts'
p841
I103
sS'nude'
p842
I104
sS'50'
p843
I103
sS'everything\xe2\x80\x9d'
p844
I104
sS'favoriting'
p845
I102
sS'peeves'
p846
I104
sS':-)))))))))))))'
p847
I104
sS'5)'
p848
I104
sS';-)'
p849
I104
sS'night'
p850
I80
sS'hung'
p851
I104
sS',90713\n507187496271101952,mclummox,2014-09-03'
p852
I104
sS'security'
p853
I104
sS'coco'
p854
I104
sS'right'
p855
I64
sS'old'
p856
I99
sS'ole'
p857
I104
sS'deal'
p858
I102
sS'pacquiao'
p859
I103
sS'understand'
p860
I104
sS'prettyyy'
p861
I104
sS'ash'
p862
I104
sS'crown'
p863
I104
sS'idgaf'
p864
I103
sS'unnecessary'
p865
I104
sS'lurking*'
p866
I104
sS'escape'
p867
I102
sS'theyre'
p868
I103
sS'finna'
p869
I103
sS'creep'
p870
I104
sS'confusing'
p871
I104
sS'simba'
p872
I104
sS'for'
p873
I14
sS'bottom'
p874
I104
sS'mine?\xe2\x80\x9d'
p875
I104
sS'ice'
p876
I100
sS'everything'
p877
I89
sS'fog'
p878
I104
sS'unit'
p879
I104
sS'mr.davenport'
p880
I104
sS'treadmill'
p881
I104
sS'beating'
p882
I103
sS'adorable'
p883
I103
sS'overrated'
p884
I104
sS'stalking'
p885
I104
sS'pls'
p886
I99
sS'deleted'
p887
I104
sS'burn'
p888
I103
sS'plz'
p889
I101
sS'decisions'
p890
I104
sS'saaad'
p891
I104
sS'laughbut'
p892
I104
sS'discount'
p893
I103
sS'sins'
p894
I104
sS'cheating'
p895
I104
sS'defensive'
p896
I103
sS'roscoes'
p897
I104
sS'rent'
p898
I104
sS'flaws'
p899
I104
sS'post'
p900
I103
sS'pll'
p901
I102
sS'super'
p902
I102
sS'herpes'
p903
I104
sS'dyin'
p904
I103
sS'dollars'
p905
I103
sS'months'
p906
I102
sS'ewwwwwwwwwwww'
p907
I104
sS'o'
p908
I93
sS'cart)'
p909
I104
sS'plus'
p910
I103
sS'banker'
p911
I104
sS'commit'
p912
I104
sS'serious!"'
p913
I104
sS"thru's"
p914
I104
sS'facetime'
p915
I104
sS'raised'
p916
I104
sS'aha'
p917
I98
sS'whats'
p918
I102
sS'winnnnnnnner'
p919
I104
sS'presence'
p920
I104
sS'wasting'
p921
I104
sS'interception'
p922
I104
sS'selfie'
p923
I104
sS'sol'
p924
I104
sS'soo'
p925
I103
sS'puke'
p926
I104
sS'down'
p927
I88
sS'pair'
p928
I104
sS"tanner's"
p929
I104
sS'excuse'
p930
I104
sS'wrap'
p931
I104
sS'petting'
p932
I104
sS'highschool'
p933
I104
sS'mvps'
p934
I104
sS'east'
p935
I104
sS"midnight'"
p936
I104
sS'cleared'
p937
I103
sS'spongebob'
p938
I104
sS'support'
p939
I102
sS'people'
p940
I58
sS'fight'
p941
I101
sS'omgee'
p942
I104
sS'stuck'
p943
I101
sS'joseph'
p944
I104
sS'way'
p945
I82
sS'goddamn'
p946
I104
sS'pipe'
p947
I104
sS'call'
p948
I103
sS'wat'
p949
I104
sS'was'
p950
I26
sS'overhand'
p951
I104
sS'happy'
p952
I68
sS'nathaniel'
p953
I104
sS'head'
p954
I98
sS'passport'
p955
I104
sS'"that\'s'
p956
I104
sS'$200'
p957
I104
sS'6'
p958
I102
sS'truu'
p959
I104
sS'singing'
p960
I104
sS'otp\xe2\x80\x9d'
p961
I104
sS'berd'
p962
I103
sS'heat'
p963
I104
sS'uncle'
p964
I103
sS'dead'
p965
I102
sS'solar'
p966
I104
sS'learned'
p967
I104
sS'true'
p968
I93
sS'hbu'
p969
I104
sS'preview'
p970
I104
sS'heartwarming'
p971
I104
sS'inside'
p972
I99
sS'saddest'
p973
I104
sS'tell'
p974
I83
sS'translations'
p975
I104
sS'complications'
p976
I104
sS'atta'
p977
I104
sS'emotional'
p978
I104
sS'daddy'
p979
I104
sS'delete'
p980
I103
sS'tannehill'
p981
I104
sS'phil'
p982
I102
sS'hotter'
p983
I104
sS'pimples'
p984
I104
sS'screaming'
p985
I104
sS'myyyy'
p986
I104
sS"gd's"
p987
I104
sS'textbook'
p988
I104
sS'drive'
p989
I99
sS'sometime'
p990
I99
sS'exist'
p991
I103
sS'sprouts'
p992
I100
sS'mediocre'
p993
I103
sS'hyphy'
p994
I103
sS'behbeh'
p995
I104
sS'trip'
p996
I101
sS'shit'
p997
I67
sS'blatantly'
p998
I104
sS'crutches'
p999
I103
sS'faithful'
p1000
I104
sS'dying'
p1001
I102
sS'floor'
p1002
I103
sS'deeeeeeeeeeeng'
p1003
I104
sS'year\xe2\x9c\x8a'
p1004
I104
sS'nd'
p1005
I102
sS'cerritos'
p1006
I104
sS'til'
p1007
I104
sS'birthdayyyyyy'
p1008
I104
sS'interested'
p1009
I104
sS'stagnant'
p1010
I104
sS'papers'
p1011
I103
sS'test'
p1012
I97
sS'tie'
p1013
I104
sS'hangin'
p1014
I104
sS'smell'
p1015
I102
sS'roll'
p1016
I102
sS'scored'
p1017
I104
sS'picture'
p1018
I95
sS"'s"
p1019
I102
sS'brothers'
p1020
I98
sS'models'
p1021
I104
sS'messing'
p1022
I104
sS'why'
p1023
I48
sS'football'
p1024
I101
sS'update'
p1025
I103
sS"let's"
p1026
I95
sS'oopsies'
p1027
I104
sS'scores'
p1028
I104
sS'rolling'
p1029
I104
sS'pierced'
p1030
I102
sS'weekend'
p1031
I96
sS'juiced'
p1032
I104
sS'loren'
p1033
I104
sS'jones'
p1034
I104
sS'happening'
p1035
I103
sS'whaaattttt'
p1036
I104
sS'pic\xe2\x80\x9d'
p1037
I104
sS'painting'
p1038
I104
sS'dood'
p1039
I104
sS'daily'
p1040
I103
sS'jacket'
p1041
I103
sS'loyal'
p1042
I104
sS'teacher...got'
p1043
I104
sS'fst'
p1044
I104
sS'time'
p1045
I61
sS'push'
p1046
I104
sS'serious'
p1047
I103
sS'stick'
p1048
I103
sS'neighbors'
p1049
I104
sS':/'
p1050
I97
sS':('
p1051
I101
sS':)'
p1052
I99
sS'whoever'
p1053
I103
sS'dance'
p1054
I100
sS'home!\xe2\x80\x9d'
p1055
I104
sS'runthroughssss'
p1056
I104
sS'focus'
p1057
I100
sS'so\xc3\xb1ando'
p1058
I104
sS'weeknd\xe2\x80\x9d'
p1059
I104
sS'knotch'
p1060
I104
sS'manager'
p1061
I101
sS'"chrissy'
p1062
I104
sS'/'
p1063
I104
sS'skin'
p1064
I104
sS'treuuuuuu'
p1065
I104
sS'playoffs'
p1066
I103
sS'mill'
p1067
I104
sS'primer'
p1068
I104
sS'row'
p1069
I104
sS'layers'
p1070
I104
sS'venice'
p1071
I103
sS'hurry'
p1072
I104
sS'william'
p1073
I104
sS'now.\xe2\x80\x9d'
p1074
I104
sS'meds'
p1075
I104
sS'father'
p1076
I104
sS'pen'
p1077
I104
sS'countdown'
p1078
I104
sS'0'
p1079
I103
sS'finally'
p1080
I95
sS'beautycon'
p1081
I104
sS'voice*\xe2\x80\x9d'
p1082
I104
sS'text'
p1083
I90
sS'division'
p1084
I100
sS'protective'
p1085
I104
sS'dyliepoo'
p1086
I104
sS'hannah'
p1087
I104
sS'recipe'
p1088
I104
sS'shit)'
p1089
I104
sS'vegan'
p1090
I104
sS'tacos'
p1091
I104
sS':|'
p1092
I104
sS'vegas'
p1093
I104
sS'kitten'
p1094
I104
sS'word'
p1095
I102
sS'trouble'
p1096
I104
sS'1s'
p1097
I104
sS'exact'
p1098
I104
sS'beiber'
p1099
I104
sS'minute'
p1100
I102
sS'cool'
p1101
I90
sS'info'
p1102
I104
sS'market)'
p1103
I103
sS'did'
p1104
I80
sS'die'
p1105
I101
sS'adthir'
p1106
I104
sS'posts'
p1107
I104
sS'brother'
p1108
I90
sS'turnt'
p1109
I102
sS'standards'
p1110
I103
sS'leave'
p1111
I99
sS'soooo'
p1112
I99
sS'settle'
p1113
I104
sS'subway'
p1114
I104
sS'team'
p1115
I94
sS'quick'
p1116
I103
sS'guy'
p1117
I78
sS'round'
p1118
I103
sS'yall'
p1119
I99
sS'dis'
p1120
I103
sS'talked'
p1121
I104
sS'says'
p1122
I101
sS'occurrence'
p1123
I104
sS'porn'
p1124
I104
sS'trend'
p1125
I104
sS'farted'
p1126
I104
sS'date."'
p1127
I104
sS'sign'
p1128
I104
sS'premieres'
p1129
I104
sS'shirts'
p1130
I103
sS'comforting'
p1131
I104
sS'anaconda'
p1132
I104
sS'mentored'
p1133
I104
sS'run'
p1134
I96
sS'\xe2\x9e\xb0'
p1135
I104
sS'rough'
p1136
I104
sS'swishers'
p1137
I104
sS'irritated'
p1138
I102
sS"emma's"
p1139
I104
sS'curse'
p1140
I103
sS'stressful'
p1141
I104
sS'stands'
p1142
I104
sS'fuuuuuuuck'
p1143
I104
sS'everytime'
p1144
I104
sS'melt'
p1145
I104
sS'uniform'
p1146
I101
sS'current'
p1147
I104
sS'shadowing'
p1148
I104
sS'lennon'
p1149
I104
sS'goes'
p1150
I100
sS'reply'
p1151
I103
sS'falling'
p1152
I104
sS'filled'
p1153
I104
sS'supporting'
p1154
I103
sS'shirt"'
p1155
I104
sS'chapel?"'
p1156
I104
sS'hairs'
p1157
I104
sS'makeup'
p1158
I103
sS'$170'
p1159
I104
sS'french'
p1160
I104
sS'rosas'
p1161
I104
sS'water'
p1162
I101
sS'knocked'
p1163
I102
sS'baseball'
p1164
I96
sS'redskins'
p1165
I104
sS'obsessing'
p1166
I103
sS'alone'
p1167
I100
sS'along'
p1168
I103
sS'teacher'
p1169
I94
sS'change'
p1170
I100
sS'wait'
p1171
I69
sS'handle'
p1172
I104
sS'boy'
p1173
I96
sS'thirty'
p1174
I104
sS'unorganized'
p1175
I104
sS'healthy'
p1176
I104
sS'hbd'
p1177
I100
sS'wherever'
p1178
I104
sS'bow'
p1179
I104
sS'cinnamon'
p1180
I104
sS'bon'
p1181
I103
sS'boo'
p1182
I103
sS'usually'
p1183
I103
sS'priceless'
p1184
I104
sS'weird'
p1185
I89
sS'homecoming'
p1186
I103
sS'dippin'
p1187
I104
sS'love'
p1188
I33
sS'hiking'
p1189
I104
sS'extra'
p1190
I101
sS'philippine'
p1191
I104
sS'shark'
p1192
I104
sS'losing'
p1193
I104
sS'patriots'
p1194
I97
sS'fake'
p1195
I98
sS'(literally)'
p1196
I104
sS'market'
p1197
I103
sS'wang'
p1198
I104
sS'everybody'
p1199
I101
sS'andi'
p1200
I103
sS'projector'
p1201
I104
sS'working'
p1202
I100
sS'perd'
p1203
I104
sS'aye'
p1204
I101
sS'sends'
p1205
I104
sS'give'
p1206
I90
sS'dude'
p1207
I96
sS'me....like'
p1208
I104
sS'sweg'
p1209
I104
sS'sports'
p1210
I101
sS'a\xc3\xa7ai'
p1211
I103
sS'insider'
p1212
I104
sS'live'
p1213
I98
sS'ayy'
p1214
I102
sS'wondering'
p1215
I103
sS'ahhh'
p1216
I103
sS'truuuu'
p1217
I104
sS'thru'
p1218
I102
sS'angels'
p1219
I102
sS'today'
p1220
I49
sS'loving'
p1221
I104
sS"love's"
p1222
I104
sS'retire"'
p1223
I104
sS',90713\n510158559363870720,mclummox,2014-09-11'
p1224
I104
sS'club'
p1225
I104
sS'ooo'
p1226
I104
sS'oregon'
p1227
I103
sS'chocolate'
p1228
I103
sS'beers'
p1229
I103
sS'15:24:56.0,33.83810542,-118.12186668,5711.02,this'
p1230
I104
sS'savior'
p1231
I104
sS'tolerate'
p1232
I104
sS'given'
p1233
I104
sS'easiest'
p1234
I104
sS'fly'
p1235
I102
sS'lifeeee'
p1236
I104
sS'bowler'
p1237
I104
sS'judo'
p1238
I104
sS'wouldnt'
p1239
I104
sS'niggas'
p1240
I95
sS'05:27:27.0,33.8347385,-118.1124763,5711.02,cheating'
p1241
I104
sS'car'
p1242
I99
sS'quoting'
p1243
I104
sS'pretend'
p1244
I104
sS'soul'
p1245
I102
sS'cat'
p1246
I104
sS'decker'
p1247
I103
sS'meow'
p1248
I104
sS'inobody'
p1249
I104
sS'can'
p1250
I36
sS'cam'
p1251
I103
sS'kendrick'
p1252
I99
sS'growing'
p1253
I101
sS'making'
p1254
I93
sS'beleste'
p1255
I104
sS'caf'
p1256
I104
sS'social'
p1257
I104
sS'heart'
p1258
I96
sS'crazy'
p1259
I96
sS'valentines'
p1260
I104
sS'downfall'
p1261
I104
sS'frogs'
p1262
I104
sS'distracted'
p1263
I104
sS'awesome'
p1264
I100
sS"didn't"
p1265
I76
sS'fuck'
p1266
I72
sS'heard'
p1267
I98
sS'tinted'
p1268
I104
sS'performed'
p1269
I103
sS'council'
p1270
I103
sS'offense'
p1271
I101
sS'kells'
p1272
I104
sS':-))))))))))'
p1273
I104
sS'listens'
p1274
I104
sS'awwww'
p1275
I103
sS'sidney'
p1276
I104
sS'deserves'
p1277
I104
sS'tilt'
p1278
I104
sS'means'
p1279
I103
sS'dinner'
p1280
I104
sS'freezer'
p1281
I104
sS'1'
p1282
I98
sS'till'
p1283
I104
sS'sunday'
p1284
I100
sS'sundance'
p1285
I104
sS'familiar'
p1286
I104
sS'photography'
p1287
I103
sS'community'
p1288
I104
sS'map'
p1289
I103
sS'snaps'
p1290
I104
sS'laundry'
p1291
I104
sS'mat'
p1292
I104
sS'faaakkeee'
p1293
I104
sS'may'
p1294
I103
sS'coworker'
p1295
I104
sS'blasting'
p1296
I103
sS'spot'
p1297
I102
sS'louder'
p1298
I104
sS'birthday'
p1299
I79
sS'mad'
p1300
I90
sS'date'
p1301
I100
sS'such'
p1302
I94
sS'suck'
p1303
I97
sS'truly'
p1304
I104
sS'guys'
p1305
I71
sS'grow'
p1306
I103
sS'lids'
p1307
I104
sS'man'
p1308
I83
sS'classroom'
p1309
I104
sS'prob'
p1310
I104
sS'stress'
p1311
I104
sS'natural'
p1312
I104
sS'remember'
p1313
I96
sS'mayweather'
p1314
I103
sS'whenever'
p1315
I103
sS'maybe'
p1316
I101
sS'wheelchair'
p1317
I104
sS'st'
p1318
I104
sS'q'
p1319
I104
sS'switch'
p1320
I104
sS'so'
p1321
I11
sS'deposit'
p1322
I104
sS'sm'
p1323
I104
sS'tall'
p1324
I101
sS'ginzaya'
p1325
I104
sS'pulled'
p1326
I103
sS'yaaaas'
p1327
I104
sS'talk'
p1328
I87
sS'dyi'
p1329
I104
sS'cute'
p1330
I84
sS'shoes'
p1331
I103
sS'haircut'
p1332
I103
sS'midnight'
p1333
I101
sS'years'
p1334
I97
sS'course'
p1335
I104
sS'"curveeeeeed"'
p1336
I104
sS'kanye'
p1337
I96
sS'cold'
p1338
I100
sS'still'
p1339
I77
sS'blooded'
p1340
I104
sS'birds'
p1341
I104
sS'sistine'
p1342
I104
sS'setbacks'
p1343
I104
sS'pup'
p1344
I104
sS'djs'
p1345
I104
sS'tomorrow?\xe2\x80\x9d'
p1346
I104
sS'group'
p1347
I101
sS'thank'
p1348
I89
sS'wallace'
p1349
I104
sS"he's"
p1350
I87
sS'interesting'
p1351
I103
sS'racecar'
p1352
I104
sS'amazing'
p1353
I100
sS'faves'
p1354
I103
sS'lolollll'
p1355
I104
sS'window'
p1356
I103
sS'maia'
p1357
I103
sS'cheyenne'
p1358
I104
sS'tweets'
p1359
I99
sS'daphne'
p1360
I104
sS'tomorow'
p1361
I104
sS'main'
p1362
I102
sS'bmod'
p1363
I104
sS'texas'
p1364
I104
sS'happened'
p1365
I99
sS'non'
p1366
I104
sS'recreate'
p1367
I103
sS'moms'
p1368
I104
sS'bein'
p1369
I102
sS'killer'
p1370
I103
sS'insomnia'
p1371
I104
sS"tonight's"
p1372
I104
sS'feelin'
p1373
I102
sS'tucker'
p1374
I102
sS'lunch'
p1375
I95
sS'srsly'
p1376
I104
sS'espa\xc3\xb1a'
p1377
I104
sS'damnnnn'
p1378
I104
sS'half'
p1379
I102
sS'not'
p1380
I30
sS'alisa'
p1381
I104
sS'now'
p1382
I48
sS'twilight'
p1383
I104
sS'killed'
p1384
I104
sS'josh'
p1385
I104
sS'wont'
p1386
I103
sS'term'
p1387
I104
sS'name'
p1388
I93
sS'sympathy'
p1389
I104
sS'drop'
p1390
I104
sS'debating'
p1391
I103
sS'leather'
p1392
I104
sS'rock'
p1393
I103
sS'veins'
p1394
I104
sS'replying'
p1395
I104
sS'stahp'
p1396
I98
sS'85'
p1397
I104
sS'concerts'
p1398
I104
sS'em'
p1399
I99
sS'el'
p1400
I103
sS'square'
p1401
I104
sS'lowkey'
p1402
I102
sS'ej'
p1403
I104
sS'scheme'
p1404
I104
sS'receipt'
p1405
I104
sS'yeah'
p1406
I78
sS'eb'
p1407
I104
sS'goose'
p1408
I104
sS'fires'
p1409
I104
sS'deing'
p1410
I104
sS'ex'
p1411
I104
sS'year'
p1412
I85
sS'girl'
p1413
I63
sS'worried'
p1414
I104
sS'es'
p1415
I103
sS'tried'
p1416
I104
sS'album'
p1417
I103
sS'living'
p1418
I103
sS'heckkkkkk'
p1419
I104
sS'jackson'
p1420
I103
sS'sex.\xe2\x80\x9d'
p1421
I104
sS'3rd'
p1422
I99
sS'space'
p1423
I104
sS'profit'
p1424
I104
sS'classy'
p1425
I104
sS'looking'
p1426
I96
sS'bday'
p1427
I104
sS'seriously'
p1428
I82
sS'penguins'
p1429
I104
sS'christain'
p1430
I104
sS"shouldn't"
p1431
I102
sS'ymca'
p1432
I104
sS'internet'
p1433
I103
sS'wainwright'
p1434
I100
sS'nudes'
p1435
I99
sS'advice'
p1436
I104
sS'managed'
p1437
I104
sS'shows'
p1438
I104
sS'dodgers'
p1439
I103
sS'monster'
p1440
I104
sS'defenses'
p1441
I104
sS'cars'
p1442
I102
sS'boobs'
p1443
I102
sS'pumping'
p1444
I104
sS'disrespect'
p1445
I103
sS'flyer'
p1446
I104
sS'california'
p1447
I102
sS'besides'
p1448
I104
sS'quarterbacks'
p1449
I104
sS'marina'
p1450
I104
sS't\xc3\xba'
p1451
I104
sS'keith'
p1452
I104
sS'care'
p1453
I101
sS'training'
p1454
I104
sS'carnival'
p1455
I103
sS'hooker'
p1456
I104
sS'thier'
p1457
I104
sS'yup'
p1458
I104
sS'100%'
p1459
I103
sS'tries'
p1460
I104
sS'british'
p1461
I104
sS'honest'
p1462
I102
sS'turn'
p1463
I96
sS'butterflies'
p1464
I104
sS'lindsey'
p1465
I101
sS'place'
p1466
I102
sS'latly'
p1467
I104
sS'promotion'
p1468
I104
sS'think'
p1469
I66
sS'waited'
p1470
I104
sS'first'
p1471
I91
sS'cheese'
p1472
I104
sS'constantly'
p1473
I104
sS'question'
p1474
I104
sS'05:26:02.0,33.8347459,-118.1125227,5711.02,why'
p1475
I104
sS'softball'
p1476
I101
sS'crib'
p1477
I104
sS'yourself'
p1478
I99
sS'networks'
p1479
I104
sS'long'
p1480
I83
sS'spanish'
p1481
I102
sS'vote'
p1482
I104
sS'impossible'
p1483
I104
sS'sounds'
p1484
I98
sS'drove'
p1485
I104
sS'open'
p1486
I98
sS'george'
p1487
I102
sS'received'
p1488
I104
sS'little'
p1489
I76
sS'checked'
p1490
I103
sS'snapchating'
p1491
I104
sS'(:\xe2\x80\x9d'
p1492
I104
sS'caught'
p1493
I104
sS'slept'
p1494
I101
sS'yik'
p1495
I104
sS't'
p1496
I104
sS'anyone'
p1497
I95
sS'afterschool'
p1498
I104
sS'2'
p1499
I84
sS'chem'
p1500
I104
sS'1d'
p1501
I104
sS'white'
p1502
I95
sS'brees'
p1503
I103
sS'friend'
p1504
I93
sS'gives'
p1505
I104
sS'slasher'
p1506
I104
sS'eyes'
p1507
I101
sS'hug'
p1508
I104
sS'newwww'
p1509
I104
sS'that'
p1510
I17
sS'ayeeeeeeee'
p1511
I104
sS'season'
p1512
I98
sS'hun'
p1513
I103
sS'suit'
p1514
I104
sS'huh'
p1515
I103
sS'celest\xc3\xa9'
p1516
I103
sS'ridiculous'
p1517
I104
sS'butt'
p1518
I101
sS'lazy'
p1519
I104
sS'flowers'
p1520
I103
sS'than'
p1521
I80
sS'boyfriend'
p1522
I104
sS'11'
p1523
I103
sS'10'
p1524
I100
sS'parts'
p1525
I104
sS'akajjajajajajajjaja'
p1526
I104
sS'15'
p1527
I103
sS'unfortunately'
p1528
I103
sS'17'
p1529
I104
sS'16'
p1530
I103
sS'mannnn'
p1531
I104
sS'18'
p1532
I104
sS'gotta'
p1533
I91
sS'non-stop'
p1534
I104
sS'war'
p1535
I104
sS'r'
p1536
I100
sS'were'
p1537
I89
sS'asleep'
p1538
I98
sS'fruity'
p1539
I104
sS"whitney's"
p1540
I104
sS'and'
p1541
I8
sS'mountain'
p1542
I104
sS'san'
p1543
I103
sS'sam'
p1544
I104
sS'parking'
p1545
I104
sS'turned'
p1546
I104
sS'argument'
p1547
I103
sS'slap'
p1548
I102
sS'sad'
p1549
I87
sS'ant'
p1550
I104
sS'woah'
p1551
I103
sS'say'
p1552
I84
sS'buried'
p1553
I104
sS'anger'
p1554
I102
sS'breakfast'
p1555
I101
sS'saw'
p1556
I101
sS'any'
p1557
I95
sS'marathon'
p1558
I102
sS'sat'
p1559
I104
sS'slacking'
p1560
I104
sS'conversion'
p1561
I104
sS'sport'
p1562
I104
sS'bailed'
p1563
I103
sS'wcw'
p1564
I104
sS'cigarettes'
p1565
I104
sS'zoo'
p1566
I103
sS'omfg'
p1567
I102
sS'squad'
p1568
I104
sS'take'
p1569
I65
sS'deux'
p1570
I104
sS'online'
p1571
I104
sS'pisses'
p1572
I104
sS'performance'
p1573
I104
sS'late"'
p1574
I104
sS'blunt'
p1575
I99
sS'surf'
p1576
I103
sS'200'
p1577
I103
sS'sure'
p1578
I94
sS'pain'
p1579
I103
sS'lollll'
p1580
I104
sS'opposite'
p1581
I104
sS'tristen'
p1582
I101
sS'doucheee'
p1583
I104
sS'price'
p1584
I102
sS'knew'
p1585
I101
sS'clearer'
p1586
I104
sS'cannn'
p1587
I104
sS'freshmen'
p1588
I103
sS'freshman'
p1589
I101
sS'knee'
p1590
I103
sS'seleste'
p1591
I104
sS'america'
p1592
I103
sS'legacy'
p1593
I104
sS'cc'
p1594
I104
sS'forever'
p1595
I94
sS'especially'
p1596
I104
sS'room'
p1597
I101
sS'lawd'
p1598
I104
sS'average'
p1599
I104
sS'proud'
p1600
I102
sS'hungry'
p1601
I98
sS'mrs'
p1602
I102
sS'anyhony'
p1603
I104
sS'&we'
p1604
I104
sS'hear'
p1605
I102
sS'senior'
p1606
I102
sS'7:30'
p1607
I103
sS'zoom'
p1608
I104
sS'shop'
p1609
I101
sS'walking'
p1610
I99
sS'shot'
p1611
I101
sS'\xe2\x9c\xa8'
p1612
I104
sS'show'
p1613
I100
sS'name/avi'
p1614
I104
sS'to\xe2\x80\x9d'
p1615
I104
sS'cheap'
p1616
I104
sS'merit'
p1617
I104
sS'discovered'
p1618
I104
sS'nate'
p1619
I104
sS'bright'
p1620
I104
sS'inconsistent'
p1621
I104
sS'faster'
p1622
I104
sS'corner'
p1623
I100
sS'takin'
p1624
I103
sS'injection'
p1625
I103
sS'fifth'
p1626
I104
sS'ground'
p1627
I103
sS'woow'
p1628
I104
sS'mowry'
p1629
I104
sS'slow'
p1630
I101
sS'chool'
p1631
I104
sS'\xe2\x9c\x8b'
p1632
I103
sS'\xe2\x9c\x8a'
p1633
I103
sS'dick'
p1634
I104
sS'saints'
p1635
I104
sS'3'
p1636
I86
sS'bro,90713\n511919415969857536,mclummox,2014-09-16'
p1637
I104
sS'only'
p1638
I66
sS'going'
p1639
I58
sS'black'
p1640
I98
sS'celeste_yomama'
p1641
I103
sS'thompson'
p1642
I104
sS'wooh'
p1643
I104
sS'hermanos'
p1644
I104
sS'get'
p1645
I28
sS'urine'
p1646
I104
sS'samuel'
p1647
I104
sS'tricked'
p1648
I104
sS'cannot'
p1649
I104
sS'"put"'
p1650
I104
sS'nearly'
p1651
I103
sS'lighter'
p1652
I104
sS'hippy'
p1653
I104
sS'hey:-)'
p1654
I104
sS'dye'
p1655
I104
sS'is'
p1656
I9
sS'freaking'
p1657
I102
sS"marisonn's"
p1658
I104
sS'happyyy'
p1659
I104
sS'pimp'
p1660
I104
sS'caca'
p1661
I104
sS'saliva'
p1662
I104
sS'liposuction'
p1663
I104
sS'morning'
p1664
I97
sS'naked'
p1665
I104
sS":')"
p1666
I104
sS'stupid'
p1667
I90
sS'clowns'
p1668
I104
sS'nostril'
p1669
I104
sS'undefeated'
p1670
I104
sS'worries'
p1671
I104
sS'"making'
p1672
I104
sS'bought'
p1673
I103
sS'where'
p1674
I90
sS'vision'
p1675
I104
sS'"put'
p1676
I104
sS"y'all"
p1677
I93
sS'crushes'
p1678
I104
sS'concert'
p1679
I101
sS'buuuuut'
p1680
I104
sS'mototsports'
p1681
I104
sS'physically'
p1682
I104
sS'errrrrryday'
p1683
I104
sS'cantaloupe'
p1684
I104
sS'seat'
p1685
I103
sS'tay\xe2\x9d\xa4\xef\xb8\x8f'
p1686
I104
sS'aviiiii\xc2\xbf'
p1687
I104
sS'college'
p1688
I101
sS'anyways'
p1689
I103
sS'kermit'
p1690
I103
sS'hoes'
p1691
I100
sS'ur'
p1692
I94
sS'wonder'
p1693
I103
sS'slow&painful'
p1694
I104
sS'camping'
p1695
I104
sS'farmers'
p1696
I101
sS'24/7'
p1697
I103
sS'jumped'
p1698
I104
sS'orrrr'
p1699
I103
sS'receivers'
p1700
I103
sS'lockwoods'
p1701
I104
sS'rebuilder'
p1702
I104
sS'weapons'
p1703
I103
sS'sir'
p1704
I104
sS'enough'
p1705
I96
sS'from\xe2\x80\xa6'
p1706
I104
sS'morales'
p1707
I104
sS'comebacks'
p1708
I104
sS'it'
p1709
I13
sS'reading'
p1710
I103
sS'across'
p1711
I103
sS'heheheh'
p1712
I104
sS'notice'
p1713
I102
sS'jobs'
p1714
I104
sS'august'
p1715
I103
sS'messed'
p1716
I103
sS'jt'
p1717
I104
sS'screen'
p1718
I103
sS'killing'
p1719
I100
sS'blame'
p1720
I104
sS'galore'
p1721
I104
sS'yamaya'
p1722
I104
sS'jj'
p1723
I103
sS'jk'
p1724
I99
sS'coma'
p1725
I103
sS'whitest'
p1726
I104
sS'tub'
p1727
I104
sS'wienerschnitzel'
p1728
I102
sS'come'
p1729
I80
sS'jb'
p1730
I103
sS'baes'
p1731
I104
sS'talented'
p1732
I102
sS's.o.s'
p1733
I104
sS'many'
p1734
I93
sS'stupidest'
p1735
I104
sS'quiet'
p1736
I104
sS'contract'
p1737
I103
sS'flipped'
p1738
I104
sS'2:00'
p1739
I104
sS'tour'
p1740
I102
sS'cars\xe2\x80\x9d'
p1741
I104
sS'comes'
p1742
I102
sS'capable'
p1743
I104
sS"tomorrow's"
p1744
I104
sS'6:30'
p1745
I104
sS'cancer'
p1746
I104
sS'color'
p1747
I104
sS'pot'
p1748
I104
sS'hurts'
p1749
I100
sS'jeans'
p1750
I102
sS'period'
p1751
I98
sS'pop'
p1752
I102
sS'messin'
p1753
I104
sS'jets'
p1754
I104
sS'yea,90713\n483419338158792704,dubstar82,2014-06-30'
p1755
I104
sS'suger'
p1756
I104
sS"couldn't"
p1757
I103
sS'comeback'
p1758
I104
sS'gooooooodnight'
p1759
I104
sS'guesses'
p1760
I104
sS'writing'
p1761
I104
sS'nicole'
p1762
I101
sS'considering'
p1763
I104
sS'"ur"'
p1764
I104
sS'"no"s'
p1765
I104
sS'<<<<'
p1766
I104
sS'$110'
p1767
I104
sS'cares'
p1768
I103
sS'west'
p1769
I103
sS'informed'
p1770
I104
sS'vacation'
p1771
I104
sS'gronk'
p1772
I103
sS'breath'
p1773
I103
sS'workshop'
p1774
I104
sS'games"'
p1775
I104
sS'"bitch'
p1776
I104
sS'u\xe2\x98\xba\xef\xb8\x8f'
p1777
I104
sS'staring'
p1778
I103
sS'bullshit'
p1779
I104
sS'wants'
p1780
I100
sS'wonderful'
p1781
I104
sS'tournament'
p1782
I104
sS'shopping'
p1783
I101
sS'thousand'
p1784
I104
sS'blessing'
p1785
I104
sS'andrew'
p1786
I102
sS'panic"'
p1787
I104
sS'tiger'
p1788
I104
sS'dramatic'
p1789
I104
sS'wake'
p1790
I99
sS'asks'
p1791
I104
sS'hashtag'
p1792
I104
sS'careful'
p1793
I104
sS'ruby'
p1794
I104
sS'odyssey'
p1795
I104
sS'those'
p1796
I100
sS'case'
p1797
I100
sS'shants'
p1798
I104
sS'myself'
p1799
I96
sS'loooooong'
p1800
I104
sS'isabelle'
p1801
I104
sS'these'
p1802
I80
sS'15:19:32.0,33.83809673,-118.12181339,5711.02,she'
p1803
I104
sS'professional'
p1804
I104
sS'trick'
p1805
I104
sS'love"'
p1806
I103
sS'dayzzz'
p1807
I104
sS'proves'
p1808
I104
sS'ratchet'
p1809
I103
sS'goodmorning'
p1810
I104
sS'maaaalllz'
p1811
I104
sS'newspaper'
p1812
I104
sS'situation'
p1813
I104
sS'mound'
p1814
I104
sS'dolls'
p1815
I104
sS'winnnnnner'
p1816
I104
sS'ive'
p1817
I104
sS'punches'
p1818
I104
sS'orientation'
p1819
I104
sS'heng'
p1820
I104
sS'coffee'
p1821
I100
sS'sleeping'
p1822
I103
sS'couples'
p1823
I103
sS'middle'
p1824
I101
sS'oooooowwwwwoooo'
p1825
I104
sS'someone'
p1826
I72
sS'quince\xc3\xb1eras'
p1827
I104
sS'dafuq'
p1828
I104
sS'donating'
p1829
I104
sS'return'
p1830
I104
sS'protein'
p1831
I104
sS'shutuuuuup'
p1832
I104
sS'technology'
p1833
I104
sS'everyday'
p1834
I104
sS'worry'
p1835
I97
sS'pap'
p1836
I104
sS'different'
p1837
I101
sS'annoying'
p1838
I95
sS'reeser'
p1839
I104
sS'allllll'
p1840
I104
sS'doctor'
p1841
I103
sS'pay'
p1842
I98
sS'granted'
p1843
I104
sS'sproles'
p1844
I104
sS'bowl'
p1845
I100
sS'sketchy'
p1846
I103
sS'same'
p1847
I72
sS'check'
p1848
I103
sS'food'
p1849
I90
sS'pac'
p1850
I103
sS'followers'
p1851
I103
sS'cassie'
p1852
I103
sS'coworkers'
p1853
I103
sS'buys'
p1854
I104
sS'sams'
p1855
I103
sS'struggling'
p1856
I104
sS'retweeting'
p1857
I104
sS'thee'
p1858
I103
sS'kool'
p1859
I104
sS'week'
p1860
I89
sS'dooooo'
p1861
I103
sS'jeffrey'
p1862
I102
sS'finish'
p1863
I98
sS'oceanside'
p1864
I104
sS'singapore'
p1865
I104
sS'ye'
p1866
I104
sS'weed'
p1867
I101
sS'jakeyyyy'
p1868
I104
sS'running'
p1869
I103
sS'favorites'
p1870
I104
sS'changing'
p1871
I103
sS"dj's"
p1872
I104
sS'totally'
p1873
I103
sS'mentally'
p1874
I103
sS'weave'
p1875
I104
sS'\xe2\x9c\x8c\xef\xb8\x8f'
p1876
I104
sS'break'
p1877
I104
sS'aunts'
p1878
I104
sS'no'
p1879
I37
sS'nothin'
p1880
I104
sS'wedge'
p1881
I104
sS'cuddle\xe2\x80\x9d'
p1882
I104
sS'without'
p1883
I94
sS"can't"
p1884
I53
sS'bottle'
p1885
I104
sS'vomit'
p1886
I104
sS'grounds'
p1887
I104
sS'\xe2\x9a\xaa\xef\xb8\x8f'
p1888
I104
sS'bodies'
p1889
I104
sS"you've"
p1890
I104
sS'23:00:28.0,33.8334489,-118.1164022,5711.02,im'
p1891
I104
sS'summer'
p1892
I95
sS'peace'
p1893
I104
sS'\xe2\x98\xba\xef\xb8\x8f'
p1894
I94
sS'being'
p1895
I93
sS'money'
p1896
I100
sS'posole'
p1897
I104
sS'young'
p1898
I104
sS'rest'
p1899
I103
sS'fumble'
p1900
I104
sS'kill'
p1901
I101
sS'touch'
p1902
I102
sS'nily\xe2\x9d\xa4\xef\xb8\x8f\xe2\x80\x9dahahahahahahahahgahahahahahahahahahahagaggaaggab'
p1903
I104
sS'speed'
p1904
I104
sS'babe\xe2\x9d\xa4\xef\xb8\x8f'
p1905
I104
sS'halfway'
p1906
I104
sS'blow'
p1907
I103
sS'yaaas'
p1908
I104
sS'death'
p1909
I103
sS'kirk'
p1910
I104
sS'thinking'
p1911
I103
sS'rose'
p1912
I102
sS'lolllll'
p1913
I104
sS"everyone's"
p1914
I103
sS'seems'
p1915
I104
sS'except'
p1916
I100
sS'wet'
p1917
I104
sS'it\xe2\x80\x99s'
p1918
I104
sS'blog'
p1919
I104
sS'gooooo'
p1920
I104
sS'lets'
p1921
I101
sS'gj-'
p1922
I104
sS'ahhhh'
p1923
I104
sS'4'
p1924
I94
sS'ca'
p1925
I104
sS'kareem'
p1926
I104
sS'real'
p1927
I87
sS'10$'
p1928
I104
sS'starving'
p1929
I103
sS'jake'
p1930
I99
sS'crusty'
p1931
I104
sS'around'
p1932
I94
sS'kills'
p1933
I104
sS'easily'
p1934
I104
sS'read'
p1935
I95
sS'cuando'
p1936
I104
sS'gonna'
p1937
I70
sS'10cents'
p1938
I104
sS'dark'
p1939
I102
sS'np'
p1940
I104
sS'traffic'
p1941
I104
sS'darn'
p1942
I104
sS'mom'
p1943
I78
sS'grammar'
p1944
I102
sS'lady'
p1945
I104
sS'dare'
p1946
I104
sS'in-n-out'
p1947
I103
sS"thinkin'"
p1948
I104
sS'piece'
p1949
I103
sS'twin'
p1950
I104
sS'wby'
p1951
I103
sS'csulb'
p1952
I104
sS'gimme'
p1953
I104
sS'maker'
p1954
I104
sS'laughing'
p1955
I99
sS'hallelujah'
p1956
I104
sS'bong'
p1957
I104
sS'2:40'
p1958
I104
sS'auditorium'
p1959
I104
sS'time?\xe2\x80\x9dgirl'
p1960
I104
sS'cabo'
p1961
I104
sS'pittsburg'
p1962
I104
sS'ewww'
p1963
I104
sS'lobster'
p1964
I104
sS'cowboys'
p1965
I102
sS'playin'
p1966
I104
sS':///'
p1967
I104
sS'bigger'
p1968
I104
sS'thinks'
p1969
I99
sS'ahhhhhh'
p1970
I104
sS'gross'
p1971
I102
sS'pilates'
p1972
I104
sS'thotties'
p1973
I104
sS'mood'
p1974
I104
sS'noob'
p1975
I104
sS'bbys'
p1976
I104
sS'memories'
p1977
I104
sS'nooo'
p1978
I104
sS'kmk'
p1979
I104
sS'legal'
p1980
I104
sS'moon'
p1981
I104
sS'hipster'
p1982
I104
sS'boat'
p1983
I104
sS'kennys'
p1984
I104
sS'23rd'
p1985
I104
sS'welp'
p1986
I104
sS'decent'
p1987
I102
sS'nuggets'
p1988
I104
sS'caring'
p1989
I104
sS'felt'
p1990
I104
sS'assembly'
p1991
I104
sS'pouring'
p1992
I104
sS'lmfao'
p1993
I100
sS'nails'
p1994
I103
sS'flyers'
p1995
I104
sS'floppy'
p1996
I104
sS'tde'
p1997
I104
sS'weirdest'
p1998
I104
sS'broken'
p1999
I104
sS'nma'
p2000
I104
sS'throwback'
p2001
I104
sS';)'
p2002
I104
sS'exciting'
p2003
I104
sS'yaass'
p2004
I104
sS'throw'
p2005
I100
sS'demarco'
p2006
I101
sS'scenario'
p2007
I104
sS'on'
p2008
I19
sS'jeez'
p2009
I104
sS'nooooooooooo'
p2010
I104
sS'ok'
p2011
I92
sS'origins'
p2012
I104
sS'oh'
p2013
I64
sS'of'
p2014
I16
sS'teddy'
p2015
I101
sS'favorite'
p2016
I93
sS'drag'
p2017
I104
sS'chop'
p2018
I104
sS'pooped'
p2019
I104
sS'act'
p2020
I102
sS'ow'
p2021
I102
sS'out)'
p2022
I104
sS'sry'
p2023
I102
sS'deezy'
p2024
I104
sS'or'
p2025
I64
sS'road'
p2026
I104
sS'lightskinned'
p2027
I104
sS'amber'
p2028
I104
sS'outlook'
p2029
I104
sS'vball'
p2030
I104
sS'2nite'
p2031
I104
sS'volcanos'
p2032
I104
sS'whites'
p2033
I103
sS'twister'
p2034
I104
sS'blessed'
p2035
I103
sS'snapchat'
p2036
I96
sS'augustus'
p2037
I102
sS'freaked'
p2038
I104
sS'accounts'
p2039
I104
sS'amiga'
p2040
I104
sS'shock'
p2041
I104
sS'dreaming'
p2042
I102
sS'youu'
p2043
I103
sS'lastly'
p2044
I104
sS'yous'
p2045
I104
sS'your'
p2046
I38
sS'stare'
p2047
I104
sS'cared'
p2048
I104
sS'fill'
p2049
I104
sS'log'
p2050
I104
sS'her'
p2051
I72
sS'hes'
p2052
I103
sS'siento'
p2053
I104
sS'there'
p2054
I81
sS'hey'
p2055
I93
sS'lol'
p2056
I35
sS'los'
p2057
I102
sS'cats'
p2058
I104
sS'racist'
p2059
I103
sS'low'
p2060
I103
sS'lot'
p2061
I99
sS'colder'
p2062
I103
sS'dislocated'
p2063
I104
sS'trashhhhh'
p2064
I104
sS'ehh'
p2065
I102
sS'treat'
p2066
I104
sS'>>>>>'
p2067
I104
sS'complete'
p2068
I104
sS'uhhhhh'
p2069
I104
sS'kennkenn'
p2070
I104
sS'"i\'m'
p2071
I104
sS'pitcher'
p2072
I103
sS'lmaooo'
p2073
I103
sS'burrr'
p2074
I104
sS'sass'
p2075
I104
sS'change\xe2\x98\xba\xef\xb8\x8f'
p2076
I104
sS'gorg'
p2077
I103
sS'texted'
p2078
I104
sS'pitched'
p2079
I104
sS'trying'
p2080
I95
sS'with'
p2081
I22
sS'buying'
p2082
I104
sS'longer'
p2083
I104
sS"they're"
p2084
I100
sS'rush'
p2085
I104
sS'maaan'
p2086
I104
sS'joint'
p2087
I104
sS"wasn't"
p2088
I93
sS'are*'
p2089
I104
sS'zayum'
p2090
I104
sS'dirty'
p2091
I104
sS'stressin'
p2092
I104
sS'grass'
p2093
I104
sS'agree'
p2094
I104
sS'swaggy'
p2095
I103
sS'gone'
p2096
I100
sS'ac'
p2097
I104
sS'leaked'
p2098
I103
sS'ad'
p2099
I104
sS'johnny'
p2100
I103
sS'af'
p2101
I103
sS'exhausted'
p2102
I102
sS'ah'
p2103
I102
sS'ignorant'
p2104
I104
sS'am'
p2105
I70
sS'al'
p2106
I103
sS'an'
p2107
I75
sS'ap'
p2108
I103
sS'as'
p2109
I84
sS'hoodlum'
p2110
I104
sS'at'
p2111
I24
sS'aw'
p2112
I84
sS'senate'
p2113
I104
sS'jahn'
p2114
I104
sS"'go"
p2115
I104
sS'film'
p2116
I103
sS'cream'
p2117
I102
sS'again'
p2118
I90
sS'hasnt'
p2119
I104
sS'yoga'
p2120
I104
sS'wild'
p2121
I104
sS'yayayayayayay'
p2122
I104
sS'idiot'
p2123
I104
sS'deserve'
p2124
I100
sS'green'
p2125
I104
sS'graduate'
p2126
I104
sS'tight'
p2127
I102
sS'5'
p2128
I97
sS'someones'
p2129
I104
sS'you'
p2130
I5
sS'trash'
p2131
I100
sS'offered'
p2132
I104
sS'alseep'
p2133
I104
sS'poop'
p2134
I103
sS'pillows'
p2135
I104
sS'obsessed'
p2136
I100
sS'students'
p2137
I104
sS'shieeeeet'
p2138
I104
sS'goo'
p2139
I104
sS'rascals"'
p2140
I104
sS'gifts'
p2141
I104
sS'important'
p2142
I104
sS'coverage'
p2143
I104
sS'chris'
p2144
I104
sS'awkwardly'
p2145
I104
sS'slang'
p2146
I104
sS'tagliani'
p2147
I104
sS'building'
p2148
I103
sS'boreeddd'
p2149
I104
sS'calls'
p2150
I103
sS'too\xe2\x98\xba\xef\xb8\x8fbut'
p2151
I104
sS'sobbing'
p2152
I104
sS'tanner'
p2153
I102
sS'3-4'
p2154
I104
sS'vines'
p2155
I104
sS'having'
p2156
I94
sS'derrick'
p2157
I104
sS'u'
p2158
I57
sS'alright'
p2159
I99
sS'songs'
p2160
I102
sS'starting'
p2161
I102
sS'photobombs'
p2162
I104
sS'you."'
p2163
I104
sS"graham's"
p2164
I104
sS'growling'
p2165
I103
sS'all'
p2166
I32
sS'forget'
p2167
I97
sS'instincts'
p2168
I104
sS'bull'
p2169
I104
sS'dollar'
p2170
I103
sS'none'
p2171
I104
sS'month'
p2172
I101
sS'300+'
p2173
I104
sS'coach'
p2174
I104
sS'(if'
p2175
I104
sS'talks'
p2176
I104
sS'follow'
p2177
I102
sS'...,90713\n510649878909685761,mclummox,2014-09-13'
p2178
I104
sS'"solo-ano"'
p2179
I104
sS'children'
p2180
I104
sS'...."'
p2181
I104
sS'woooow'
p2182
I104
sS'content'
p2183
I104
sS'vikings'
p2184
I103
sS'imma'
p2185
I100
sS'same...bring'
p2186
I104
sS'mayfair'
p2187
I104
sS'tu'
p2188
I103
sS'trixie'
p2189
I104
sS'thursday'
p2190
I102
sS'gary'
p2191
I104
sS'to'
p2192
I4
sS'tail'
p2193
I104
sS'elias'
p2194
I104
sS'letter\xe2\x80\x9d'
p2195
I104
sS'14'
p2196
I104
sS'tf'
p2197
I98
sS'smile'
p2198
I100
sS'te'
p2199
I104
sS'presentation'
p2200
I104
sS'ta'
p2201
I104
sS'sound'
p2202
I102
sS'woman'
p2203
I102
sS'appointment'
p2204
I104
sS'worse'
p2205
I99
sS'lakewood'
p2206
I62
sS'sitting'
p2207
I95
sS'very'
p2208
I97
sS'fav'
p2209
I100
sS'fat'
p2210
I100
sS'hahahahahahaha'
p2211
I104
sS'selfies'
p2212
I103
sS'me'
p2213
I10
sS'110%'
p2214
I104
sS'worst'
p2215
I101
sS'decide'
p2216
I103
sS'fall'
p2217
I97
sS'awful'
p2218
I103
sS'ticket'
p2219
I103
sS'fag'
p2220
I103
sS'treating'
p2221
I104
sS'kameron'
p2222
I104
sS'heaven'
p2223
I104
sS'going:('
p2224
I104
sS'louis'
p2225
I104
sS'celebrity'
p2226
I104
sS'works'
p2227
I104
sS'laying'
p2228
I100
sS'burritos'
p2229
I104
sS'reminding'
p2230
I104
sS'grad'
p2231
I104
sS'vibes'
p2232
I104
sS'lesbians'
p2233
I104
sS'longer\xe2\x80\x9d'
p2234
I104
sS'small'
p2235
I101
sS'dodger'
p2236
I103
sS'fashion'
p2237
I104
sS'<----'
p2238
I104
sS"i'll"
p2239
I82
sS'dunk'
p2240
I104
sS'cookies'
p2241
I103
sS'charlie'
p2242
I104
sS'instagram'
p2243
I103
sS'cahsee'
p2244
I103
sS'jokin'
p2245
I104
sS'tea'
p2246
I102
sS'streets'
p2247
I104
sS'yasssss'
p2248
I104
sS'past'
p2249
I99
sS'burger'
p2250
I104
sS'partyhouse'
p2251
I103
sS'lawyer'
p2252
I104
sS'pass'
p2253
I100
sS'harder'
p2254
I104
sS'choices'
p2255
I104
sS'investment'
p2256
I104
sS'chalk'
p2257
I104
sS'what'
p2258
I39
sS'sub'
p2259
I103
sS'richard'
p2260
I104
sS'brackets'
p2261
I103
sS'sun'
p2262
I103
sS'woodruff'
p2263
I104
sS'emotions'
p2264
I104
sS'\xc2\xaf\\(\xe3\x83\x84)/\xc2\xaf'
p2265
I99
sS'crush'
p2266
I103
sS'leik'
p2267
I103
sS'bernese'
p2268
I104
sS'sooooooo'
p2269
I103
sS'youssssaaaa'
p2270
I104
sS'public'
p2271
I103
sS'womb'
p2272
I104
sS'recieved'
p2273
I104
sS'tattoos'
p2274
I104
sS'full'
p2275
I103
sS'hash'
p2276
I100
sS'tattsss'
p2277
I104
sS'hungover'
p2278
I104
sS'connects'
p2279
I104
sS'misread'
p2280
I104
sS'answers'
p2281
I104
sS'forgive'
p2282
I104
sS'hours'
p2283
I95
sS'cancelled'
p2284
I104
sS'red'
p2285
I104
sS'threads'
p2286
I104
sS'tfti\xe2\x80\x9d'
p2287
I104
sS'november'
p2288
I104
sS'strong'
p2289
I104
sS'transformation'
p2290
I103
sS'thrift'
p2291
I103
sS'newts'
p2292
I104
sS'zone'
p2293
I104
sS'high-school'
p2294
I104
sS'houses'
p2295
I104
sS'marijuana'
p2296
I104
sS'creepy'
p2297
I103
sS'knapp'
p2298
I104
sS'mommy'
p2299
I104
sS'amount'
p2300
I103
sS'hahahhahahahahahhahahahahahahhahahahahahhahahahhahahahahhahahahahahhahahahahahhahahahahhahahahahhahaha'
p2301
I104
sS'arent'
p2302
I104
sS'pick'
p2303
I101
sS'o-line'
p2304
I103
sS"would've"
p2305
I101
sS'luck'
p2306
I104
sS'weirder'
p2307
I104
sS'disneyland'
p2308
I101
sS'sweeeeeet'
p2309
I104
sS'\xe2\x9d\xa4\xef\xb8\x8f\xe2\x9d\xa4\xef\xb8\x8f\xe2\x9d\xa4\xef\xb8\x8f\xe2\x9d\xa4\xef\xb8\x8f\xe2\x9d\xa4\xef\xb8\x8f'
p2310
I104
sS'followed'
p2311
I103
sS'family'
p2312
I101
sS'clique'
p2313
I104
sS'africa'
p2314
I104
sS'disgusting'
p2315
I104
sS'ask'
p2316
I92
sS'todayyyy'
p2317
I104
sS'kno'
p2318
I104
sS'"i\'ve'
p2319
I104
sS'gosh'
p2320
I101
sS'dien'
p2321
I104
sS'emoji'
p2322
I104
sS'hazel'
p2323
I104
sS'eye'
p2324
I101
sS'takes'
p2325
I102
sS'donuts'
p2326
I103
sS'faint'
p2327
I102
sS'texting'
p2328
I99
sS'two'
p2329
I95
sS'comparing'
p2330
I104
sS'mental\xc2\xbf?\xc2\xbf'
p2331
I104
sS'bash'
p2332
I104
sS'gorgeous'
p2333
I96
sS'taken'
p2334
I100
sS'homework'
p2335
I103
sS'minor'
p2336
I103
sS'more'
p2337
I72
sS'teen'
p2338
I104
sS'tryna'
p2339
I100
sS'israel'
p2340
I104
sS'diamond'
p2341
I104
sS'door'
p2342
I104
sS'knows'
p2343
I101
sS'clipsfanallday32'
p2344
I104
sS'company'
p2345
I102
sS'corrected'
p2346
I104
sS'bartolo'
p2347
I104
sS'motorsports'
p2348
I104
sS'optional'
p2349
I104
sS"ain't"
p2350
I89
sS'basically'
p2351
I100
sS'broke'
p2352
I102
sS'dios'
p2353
I104
sS'known'
p2354
I103
sS'that\xe2\x80\x9d'
p2355
I104
sS'youuuuu'
p2356
I103
sS'dang*'
p2357
I104
sS'glad'
p2358
I92
sS'town'
p2359
I104
sS'grill'
p2360
I102
sS'dez'
p2361
I103
sS'fatal'
p2362
I104
sS'hour'
p2363
I97
sS'nono'
p2364
I104
sS'science'
p2365
I103
sS'sucks'
p2366
I95
sS'coldstones'
p2367
I104
sS'awe'
p2368
I104
sS'offended'
p2369
I104
sS'del'
p2370
I104
sS'dem'
p2371
I104
sS'learn'
p2372
I100
sS'hawley'
p2373
I103
sS'fuckinng'
p2374
I103
sS'history'
p2375
I104
sS'beautiful'
p2376
I99
sS'f1'
p2377
I104
sS'compare'
p2378
I104
sS'40mpg'
p2379
I104
sS'embarrassing'
p2380
I102
sS'brown'
p2381
I103
sS'accept'
p2382
I103
sS'hartline'
p2383
I104
sS'states'
p2384
I104
sS'lolol'
p2385
I104
sS'minimum'
p2386
I104
sS'salty'
p2387
I104
sS'numbers'
p2388
I103
sS'sense'
p2389
I100
sS'gallon'
p2390
I104
sS'pong'
p2391
I104
sS'dress'
p2392
I103
sS'uggs'
p2393
I104
sS'ughhhh'
p2394
I104
sS"'98"
p2395
I104
sS'chores'
p2396
I104
sS'huge'
p2397
I102
sS'needs'
p2398
I98
sS'mai'
p2399
I104
sS'awkward'
p2400
I96
sS'caption'
p2401
I104
sS'rather'
p2402
I104
sS'"sister"'
p2403
I104
sS'stayed'
p2404
I102
sS'needa'
p2405
I104
sS'glowing'
p2406
I104
sS'lozano'
p2407
I104
sS'musica'
p2408
I104
sS'ucla'
p2409
I104
sS'cling'
p2410
I104
sS'dessert'
p2411
I104
sS'ayyyyy'
p2412
I104
sS'cst'
p2413
I104
sS'explains'
p2414
I103
sS'goat'
p2415
I101
sS'04:43:13.0,33.83603451,-118.11379471,5711.02,no'
p2416
I104
sS'fr'
p2417
I104
sS'millikan'
p2418
I94
sS'okay'
p2419
I89
sS'crackalackin'
p2420
I104
sS'rude'
p2421
I101
sS'*town'
p2422
I104
sS'$3.14'
p2423
I104
sS'cancun'
p2424
I104
sS'meruca'
p2425
I104
sS'deciamos'
p2426
I104
sS'fb'
p2427
I103
sS'justin'
p2428
I104
sS'blood'
p2429
I101
sS'coming'
p2430
I89
sS'luvluvluv\xe2\x9d\xa4\xef\xb8\x8f'
p2431
I104
sS'authentic'
p2432
I104
sS'daddy"'
p2433
I104
sS'fo'
p2434
I104
sS'a'
p2435
I7
sS'planet'
p2436
I104
sS'dorms'
p2437
I104
sS'short'
p2438
I102
sS'brady'
p2439
I95
sS'tweeting'
p2440
I102
sS'shady'
p2441
I104
sS'rooting'
p2442
I104
sS'seconds'
p2443
I104
sS'bugs'
p2444
I104
sS'volleyball'
p2445
I104
sS'outside\xe2\x98\xba\xef\xb8\x8f'
p2446
I104
sS'discussing'
p2447
I104
sS"bae's"
p2448
I104
sS'lhs'
p2449
I104
sS'official'
p2450
I104
sS'hobbit'
p2451
I104
sS'"skinny'
p2452
I104
sS'facebook'
p2453
I103
sS'dream'
p2454
I98
sS'playing'
p2455
I98
sS"that's"
p2456
I70
sS'excepted'
p2457
I104
sS'mexican'
p2458
I103
sS'help'
p2459
I99
sS'conversation'
p2460
I104
sS"don't"
p2461
I25
sS'sooo'
p2462
I101
sS'soon'
p2463
I96
sS'trade'
p2464
I104
sS'runner'
p2465
I104
sS'paper'
p2466
I102
sS'through'
p2467
I96
sS'filters'
p2468
I104
sS'replies'
p2469
I104
sS'\xee\x90\x91\xee\x90\x91\xee\x90\x91'
p2470
I104
sS'hell'
p2471
I97
sS'smiling'
p2472
I104
sS'beebs'
p2473
I104
sS'its'
p2474
I91
sS'inquiries'
p2475
I104
sS'15:28:40.0,33.83802818,-118.12175222,5711.02,dumb'
p2476
I104
sS'25'
p2477
I102
sS'style'
p2478
I104
sS'20'
p2479
I103
sS'21'
p2480
I104
sS'finee'
p2481
I104
sS'196'
p2482
I104
sS'28'
p2483
I104
sS'alli'
p2484
I104
sS'actually'
p2485
I89
sS'late'
p2486
I99
sS'emweezy'
p2487
I104
sS'bout'
p2488
I100
sS'soccer'
p2489
I102
sS'might'
p2490
I92
sS"haven't"
p2491
I90
sS'(lakewood'
p2492
I100
sS'sabrina'
p2493
I104
sS'good'
p2494
I51
sS'somebody'
p2495
I101
sS'aerobics'
p2496
I104
sS'yo'
p2497
I96
sS'ya'
p2498
I93
sS':-)\xe2\x80\x9d'
p2499
I104
sS'uhm'
p2500
I102
sS'it"'
p2501
I103
sS'uhh'
p2502
I104
sS'speechless'
p2503
I104
sS'rawest'
p2504
I104
sS'hahahahahaha'
p2505
I102
sS'starbucks'
p2506
I101
sS"k's"
p2507
I104
sS'foot'
p2508
I104
sS'16:06:07.0,33.83943135,-118.12215627,5711.02,taha,90713\n507188435270905856,mclummox,2014-09-03'
p2509
I104
sS'hearing'
p2510
I104
sS'association'
p2511
I104
sS'"back'
p2512
I104
sS'desperately'
p2513
I104
sS'wash'
p2514
I104
sS'sundays'
p2515
I104
sS'always'
p2516
I70
sS'nauseous'
p2517
I104
sS'events'
p2518
I104
sS'spy'
p2519
I104
sS'stopped'
p2520
I103
sS'found'
p2521
I99
sS'biscuits'
p2522
I104
sS"isn't"
p2523
I99
sS'barrels'
p2524
I104
sS'status'
p2525
I104
sS'penske'
p2526
I104
sS'everyone'
p2527
I85
sS'weeknd'
p2528
I104
sS'delicious'
p2529
I104
sS'eclipse'
p2530
I104
sS'generation'
p2531
I104
sS'house'
p2532
I94
sS'energy'
p2533
I104
sS'hard'
p2534
I96
sS'idea'
p2535
I98
sS'hawaii'
p2536
I104
sS'loopy'
p2537
I104
sS'expect'
p2538
I98
sS'loops'
p2539
I104
sS'event'
p2540
I104
sS'really'
p2541
I43
sS'arguments'
p2542
I104
sS'missed'
p2543
I99
sS'blacks'
p2544
I104
sS'glitter'
p2545
I104
sS'childish'
p2546
I103
sS'since'
p2547
I95
sS'loll'
p2548
I104
sS'lols'
p2549
I104
sS'acting'
p2550
I103
sS'safety'
p2551
I103
sS'7'
p2552
I101
sS'shaniah'
p2553
I104
sS'acockia'
p2554
I104
sS'lolz'
p2555
I103
sS'baeee'
p2556
I104
sS'ass'
p2557
I76
sS'drink'
p2558
I104
sS'downs'
p2559
I104
sS'bully'
p2560
I104
sS'dirt'
p2561
I104
sS'friday'
p2562
I98
sS'tgimf'
p2563
I104
sS'story'
p2564
I99
sS'cockroach'
p2565
I104
sS'asb'
p2566
I100
sS'reason'
p2567
I100
sS'toy'
p2568
I103
sS'cookie'
p2569
I103
sS'asf'
p2570
I94
sS'members'
p2571
I103
sS'imagine'
p2572
I103
sS'put'
p2573
I94
sS'teach'
p2574
I104
sS"sleepin'"
p2575
I104
sS'beginning'
p2576
I104
sS'loads'
p2577
I104
sS'lag'
p2578
I104
sS'thrown'
p2579
I104
sS'pairs'
p2580
I103
sS'benefits'
p2581
I104
sS'uhhhhhhhhhh'
p2582
I104
sS"woman's"
p2583
I104
sS'terrible'
p2584
I102
sS'there\xe2\x9c\x8a'
p2585
I104
sS'rack'
p2586
I104
sS'pllllls'
p2587
I104
sS'cheering'
p2588
I102
sS'american'
p2589
I104
sS'tahj'
p2590
I104
sS'hardsummer'
p2591
I104
sS'5sos'
p2592
I104
sS'taha'
p2593
I104
sS'blush'
p2594
I104
sS'throws'
p2595
I103
sS'feed'
p2596
I102
sS'amanda'
p2597
I104
sS'major'
p2598
I104
sS'dont'
p2599
I96
sS'mish'
p2600
I104
sS'feel'
p2601
I72
sS'relate'
p2602
I104
sS'knocking'
p2603
I104
sS'number'
p2604
I101
sS'welcome'
p2605
I104
sS'dylie'
p2606
I104
sS'sisters'
p2607
I103
sS'mejor'
p2608
I104
sS'done'
p2609
I95
sS'hangs'
p2610
I104
sS'flacco'
p2611
I104
sS'climbing'
p2612
I104
sS'kobe'
p2613
I98
sS'donk'
p2614
I104
sS'miss'
p2615
I66
sS'grocery'
p2616
I104
sS'regret'
p2617
I104
sS'downnnn'
p2618
I104
sS'guess'
p2619
I96
sS'"'
p2620
I103
sS'jet'
p2621
I104
sS'paint'
p2622
I104
sS'a$ap'
p2623
I104
sS'together'
p2624
I94
sS'5th'
p2625
I100
sS'coasts'
p2626
I104
sS'least'
p2627
I97
sS'mami'
p2628
I103
sS'belongs'
p2629
I104
sS'97%'
p2630
I104
sS'station'
p2631
I98
sS'passed'
p2632
I101
sS'dalton'
p2633
I104
sS'awaywith'
p2634
I104
sS'store'
p2635
I102
sS'headache'
p2636
I103
sS'selling'
p2637
I103
sS'pains'
p2638
I104
sS'relationship'
p2639
I100
sS'wrong\xe2\x80\x9d'
p2640
I104
sS'park'
p2641
I101
sS'dentist'
p2642
I104
sS'part'
p2643
I97
sS'jordan'
p2644
I100
sS'crop'
p2645
I104
sS'1911'
p2646
I104
sS'trolls'
p2647
I104
sS'believe'
p2648
I96
sS'unrealistic'
p2649
I104
sS'schoo'
p2650
I104
sS'obama'
p2651
I104
sS'king'
p2652
I104
sS'kind'
p2653
I98
sS'john'
p2654
I103
sS'dro'
p2655
I104
sS'gator'
p2656
I104
sS'gotten'
p2657
I102
sS'overcompensating'
p2658
I104
sS'grey'
p2659
I104
sS'estupid'
p2660
I104
sS'spirited'
p2661
I104
sS'tummy'
p2662
I103
sS'stp'
p2663
I104
sS'supposed'
p2664
I98
sS'dang'
p2665
I102
sS'outting'
p2666
I104
sS'treated'
p2667
I102
sS'booth'
p2668
I104
sS'normal'
p2669
I104
sS'5-6am'
p2670
I104
sS'outta'
p2671
I104
sS'gals'
p2672
I104
sS'chipmunk'
p2673
I104
sS'canceling'
p2674
I104
sS'yoself'
p2675
I103
sS'lmaooooo'
p2676
I103
sS'mean?"'
p2677
I104
sS'vanee'
p2678
I104
sS'juice'
p2679
I103
sS'rewards'
p2680
I104
sS'contest'
p2681
I104
sS'antonio'
p2682
I104
sS'orders'
p2683
I104
sS'lw-'
p2684
I104
sS'lie'
p2685
I103
sS'wilson'
p2686
I104
sS'acid'
p2687
I104
sS'built'
p2688
I104
sS'dancing'
p2689
I104
sS'lil'
p2690
I101
sS'self'
p2691
I99
sS'officers'
p2692
I104
sS'makers'
p2693
I104
sS'lit'
p2694
I104
sS'also'
p2695
I101
sS'lifts'
p2696
I104
sS'lip'
p2697
I104
sS'earlier'
p2698
I104
sS'obviously'
p2699
I101
sS'drinks'
p2700
I103
sS'you\xe2\x80\x9d'
p2701
I104
sS'play'
p2702
I85
sS'towards'
p2703
I104
sS'yearbooks'
p2704
I104
sS'hombres'
p2705
I104
sS'11:39*'
p2706
I104
sS'goldman'
p2707
I103
sS'kam'
p2708
I103
sS'most'
p2709
I97
sS'roller'
p2710
I104
sS'72'
p2711
I103
sS'eaten'
p2712
I102
sS'kat'
p2713
I104
sS'nothing'
p2714
I93
sS'alpha'
p2715
I102
sS'information'
p2716
I104
sS'approved'
p2717
I104
sS'gain'
p2718
I104
sS'understands'
p2719
I103
sS'hahahahahahahahahahahahahahahahahahahahaha'
p2720
I104
sS'windows'
p2721
I104
sS'sometimes'
p2722
I98
sS'cover'
p2723
I101
sS"they'll"
p2724
I104
sS'giving'
p2725
I101
sS'clean'
p2726
I104
sS'narrow'
p2727
I104
sS'worker'
p2728
I104
sS'shoutout'
p2729
I104
sS'cheekbones'
p2730
I104
sS'stalked'
p2731
I104
sS'ugh'
p2732
I89
sS'soooooo'
p2733
I104
sS"-can't"
p2734
I104
sS'danza'
p2735
I104
sS'celebrities'
p2736
I103
sS'wasted'
p2737
I104
sS'stfu'
p2738
I104
sS'freight'
p2739
I103
sS'miller'
p2740
I104
sS'naomi'
p2741
I104
sS'"the'
p2742
I104
sS'fine'
p2743
I104
sS'find'
p2744
I98
sS'shits'
p2745
I104
sS'impact'
p2746
I104
sS'$5'
p2747
I103
sS'bff'
p2748
I103
sS'consistently'
p2749
I104
sS'poppin'
p2750
I104
sS'bettaaa'
p2751
I104
sS'owwnnnn'
p2752
I104
sS'grace'
p2753
I104
sS'starters'
p2754
I104
sS'failed'
p2755
I104
sS'flights'
p2756
I104
sS'pretty'
p2757
I74
sS'talley'
p2758
I104
sS'8'
p2759
I102
sS'porefessional'
p2760
I104
sS'*lindsey'
p2761
I104
sS'giants'
p2762
I102
sS'"good'
p2763
I104
sS'his'
p2764
I81
sS'hit'
p2765
I101
sS'therefore'
p2766
I104
sS'hiv'
p2767
I104
sS'bend'
p2768
I104
sS'luke'
p2769
I104
sS'connections'
p2770
I104
sS'pregnant'
p2771
I104
sS'financing'
p2772
I104
sS'famous'
p2773
I103
sS'feels'
p2774
I100
sS'b'
p2775
I103
sS'interviews'
p2776
I104
sS'valuable'
p2777
I104
sS'competing'
p2778
I104
sS'during'
p2779
I101
sS'do\xe2\x80\x9d'
p2780
I104
sS'workouts'
p2781
I103
sS'him'
p2782
I65
sS'distraction'
p2783
I104
sS'belichick'
p2784
I104
sS'showed'
p2785
I104
sS'12:30('
p2786
I104
sS'effer.\xe2\x80\x9d'
p2787
I104
sS'cry'
p2788
I96
sS'promoting.we'
p2789
I104
sS'pmsinggggggggggggg'
p2790
I104
sS'crf'
p2791
I104
sS'common'
p2792
I104
sS'hike'
p2793
I104
sS'x'
p2794
I103
sS'miller\xc2\xbf'
p2795
I104
sS'wheeling'
p2796
I104
sS'wrote'
p2797
I102
sS'set'
p2798
I98
sS'art'
p2799
I104
sS'ser'
p2800
I104
sS'dump'
p2801
I104
sS'creepiest'
p2802
I104
sS'throwing'
p2803
I103
sS'315'
p2804
I104
sS'sex'
p2805
I101
sS'manning'
p2806
I102
sS'see'
p2807
I56
sS'defense'
p2808
I97
sS'dumb'
p2809
I93
sS'are'
p2810
I29
sS'close'
p2811
I101
sS'bark'
p2812
I104
sS'go0oo0d'
p2813
I104
sS'retweet'
p2814
I102
sS'2.5'
p2815
I104
sS'project'
p2816
I102
sS'pokemon'
p2817
I104
sS'pictures'
p2818
I102
sS'wow'
p2819
I92
sS'bridgewater'
p2820
I98
sS'vons'
p2821
I100
sS'fans'
p2822
I103
sS'verbs'
p2823
I103
sS'probably'
p2824
I94
sS'burned'
p2825
I104
sS'rlly'
p2826
I102
sS'nope'
p2827
I102
sS'monsters'
p2828
I104
sS'knowing'
p2829
I103
sS'solo'
p2830
I102
sS'paisley'
p2831
I104
sS'rosie'
p2832
I104
sS'hardship'
p2833
I104
sS'missing'
p2834
I104
sS's'
p2835
I103
sS'sold'
p2836
I102
sS'attention'
p2837
I101
sS'outfit'
p2838
I103
sS'spray'
p2839
I104
sS'pissen'
p2840
I104
sS'infected!"'
p2841
I104
sS'invisible'
p2842
I104
sS'meantime'
p2843
I104
sS'understanding'
p2844
I104
sS'floats'
p2845
I104
sS'both'
p2846
I97
sS'c'
p2847
I101
sS'10th'
p2848
I103
sS'last'
p2849
I83
sS'license'
p2850
I104
sS'restaurant'
p2851
I104
sS'secrets'
p2852
I104
sS'thot'
p2853
I104
sS"wouldn't"
p2854
I99
sS'barely'
p2855
I102
sS'onion'
p2856
I104
sS'cauliflower-crust'
p2857
I104
sS'became'
p2858
I104
sS'smh\xe2\x80\x9d'
p2859
I104
sS"we've"
p2860
I104
sS'weirdo'
p2861
I103
sS'whole'
p2862
I97
sS'rodgers'
p2863
I104
sS'floozy'
p2864
I104
sS'\xe2\x98\xba'
p2865
I104
sS'jeff'
p2866
I102
sS'reasons'
p2867
I102
sS'sweet'
p2868
I104
sS'celeste'
p2869
I103
sS'whatever'
p2870
I102
sS"hadn't"
p2871
I103
sS'dances'
p2872
I104
sS'rae'
p2873
I104
sS'customize'
p2874
I104
sS'bench'
p2875
I104
sS'expensive'
p2876
I103
sS'lbt'
p2877
I104
sS'duh'
p2878
I99
sS'decline'
p2879
I104
sS'devil'
p2880
I104
sS'raise'
p2881
I104
sS'pt'
p2882
I104
sS'chick'
p2883
I104
sS'homies'
p2884
I104
sS'javi'
p2885
I104
sS'stache'
p2886
I104
sS'mikey'
p2887
I104
sS'sometime\xe2\x98\xba\xef\xb8\x8f'
p2888
I104
sS'pb'
p2889
I104
sS'respecting'
p2890
I104
sS'secret'
p2891
I103
sS'nicki'
p2892
I104
sS'damn'
p2893
I88
sS'maintenance'
p2894
I104
sS'pile'
p2895
I104
sS'dylpickle'
p2896
I104
sS'woke'
p2897
I103
sS'firm'
p2898
I103
sS'sanders'
p2899
I104
sS'lived'
p2900
I104
sS'flight'
p2901
I103
sS'champion'
p2902
I104
sS'gay'
p2903
I101
sS'sending'
p2904
I103
sS'fire'
p2905
I104
sS'ages'
p2906
I104
sS"what's"
p2907
I95
sS'transferring'
p2908
I104
sS'gas'
p2909
I98
sS'ones"'
p2910
I104
sS'else'
p2911
I96
sS'races'
p2912
I104
sS'lives'
p2913
I102
sS'liver'
p2914
I104
sS'prototype'
p2915
I104
sS'twerk'
p2916
I104
sS'packers'
p2917
I103
sS'tweaked'
p2918
I104
sS'w/the'
p2919
I104
sS'stolen'
p2920
I104
sS'look'
p2921
I84
sS'raw'
p2922
I103
sS'frozen'
p2923
I102
sS'pickup'
p2924
I104
sS'straight'
p2925
I103
sS'ahah'
p2926
I102
sS'elections'
p2927
I104
sS'peyton"'
p2928
I104
sS'forgetting'
p2929
I103
sS'while'
p2930
I93
sS'accidently'
p2931
I104
sS'kick'
p2932
I100
sS'fun'
p2933
I88
sS'mitchell'
p2934
I103
sS'cages'
p2935
I104
sS'theres'
p2936
I103
sS'swim'
p2937
I103
sS"von's"
p2938
I103
sS'hoping'
p2939
I104
sS'cents'
p2940
I104
sS'guilty'
p2941
I104
sS'rip'
p2942
I103
sS'eve'
p2943
I104
sS'swagg'
p2944
I104
sS'owes'
p2945
I104
sS'ready'
p2946
I97
sS'witnessing'
p2947
I104
sS'leaving'
p2948
I104
sS'kings'
p2949
I104
sS'puedan'
p2950
I104
sS'funny'
p2951
I95
sS'decor'
p2952
I104
sS'raiders'
p2953
I102
sS'italy'
p2954
I104
sS'shirt'
p2955
I102
sS'anymore'
p2956
I98
sS'noooo'
p2957
I101
sS'government'
p2958
I104
sS'some1'
p2959
I103
sS'yaaaaaaaaas'
p2960
I103
sS'boooomb'
p2961
I104
sS'wierd'
p2962
I104
sS'copying'
p2963
I104
sS'9'
p2964
I100
sS'22:01:31.0,33.83248136,-118.11660519,5711.02,past'
p2965
I104
sS'higher'
p2966
I104
sS'used'
p2967
I100
sS'dime'
p2968
I104
sS'keys'
p2969
I104
sS'yesterday'
p2970
I96
sS'zwat'
p2971
I104
sS'patriotic'
p2972
I103
sS'moment'
p2973
I103
sS'walmart'
p2974
I104
sS'moving'
p2975
I104
sS'admitting'
p2976
I104
sS'sandals'
p2977
I104
sS'noticeably'
p2978
I104
sS'wheres'
p2979
I104
sS'early'
p2980
I99
sS"tristen's"
p2981
I104
sS'porque'
p2982
I104
sS'buh-bye'
p2983
I104
sS"dad's"
p2984
I104
sS'chickens'
p2985
I104
sS'anybody'
p2986
I98
sS'county'
p2987
I104
sS'grind'
p2988
I101
sS'person'
p2989
I97
sS'cheer'
p2990
I87
sS'feces'
p2991
I104
sS'kelly'
p2992
I103
sS'tryin'
p2993
I104
sS'initials'
p2994
I103
sS'spend'
p2995
I104
sS'seahawks'
p2996
I104
sS'line...do'
p2997
I104
sS'simp'
p2998
I104
sS'listening'
p2999
I103
sS'beetle'
p3000
I104
sS'db'
p3001
I104
sS'bancroft'
p3002
I103
sS'shape'
p3003
I104
sS'plagued'
p3004
I104
sS'questions'
p3005
I104
sS'using'
p3006
I103
sS'jv'
p3007
I104
sS'stalk'
p3008
I104
sS'praying'
p3009
I104
sS'bouta'
p3010
I104
sS'injuries'
p3011
I104
sS'shaina'
p3012
I103
sS'letting'
p3013
I104
sS'waaaaayy'
p3014
I104
sS'cut'
p3015
I97
sS'ma'
p3016
I104
sS'cup'
p3017
I102
sS'hated'
p3018
I103
sS'spills'
p3019
I104
sS'cuz'
p3020
I103
sS'signals'
p3021
I104
sS'jhana'
p3022
I101
sS'(jk'
p3023
I104
sS'tonight\xe2\x80\xa6'
p3024
I104
sS'parents'
p3025
I102
sS'crying'
p3026
I102
sS'alyssa'
p3027
I104
sS'snap'
p3028
I102
sS'excited'
p3029
I93
sS'hates'
p3030
I103
sS'cuh'
p3031
I104
sS'bin'
p3032
I104
sS'bio'
p3033
I103
sS'700'
p3034
I104
sS'ceasar'
p3035
I104
sS'analogy'
p3036
I104
sS'emergency'
p3037
I104
sS'big'
p3038
I92
sS'couple'
p3039
I99
sS'mcm'
p3040
I104
sS'lovin'
p3041
I104
sS'matters'
p3042
I104
sS'game'
p3043
I79
sS'amari'
p3044
I104
sS'dripping'
p3045
I104
sS'bit'
p3046
I100
sS'wings'
p3047
I104
sS'richie'
p3048
I104
sS'mariah'
p3049
I103
sS'mornin'
p3050
I104
sS'd'
p3051
I101
sS'wingstop'
p3052
I104
sS'message'
p3053
I104
sS'bun'
p3054
I104
sS'continue'
p3055
I104
sS'ummmmmmmm'
p3056
I104
sS'fault'
p3057
I104
sS'me\xe2\x80\x9d'
p3058
I104
sS'bobbleheads'
p3059
I104
sS'ho'
p3060
I104
sS"erica's"
p3061
I104
sS'sketch'
p3062
I104
sS'fucking'
p3063
I86
sS'tambi\xc3\xa9n'
p3064
I103
sS'fathers'
p3065
I104
sS'ayyeee'
p3066
I104
sS'some'
p3067
I85
sS'back'
p3068
I73
sS'28th'
p3069
I104
sS'classes'
p3070
I104
sS'pale'
p3071
I104
sS'ourselves'
p3072
I103
sS'brent'
p3073
I103
sS'sanity'
p3074
I104
sS'sherman'
p3075
I104
sS'movie?\xc2\xbf\xe2\x80\x9d'
p3076
I104
sS'contacts'
p3077
I104
sS'pet'
p3078
I104
sS'thotful'
p3079
I104
sS'absolutely'
p3080
I102
sS'shall'
p3081
I104
sS'pros'
p3082
I104
sS'benefit'
p3083
I104
sS'per'
p3084
I103
sS'religion'
p3085
I104
sS'prom'
p3086
I98
sS'yoooo'
p3087
I104
sS'pee'
p3088
I103
sS'dating'
p3089
I104
sS're-opening'
p3090
I104
sS'rappers'
p3091
I103
sS'either'
p3092
I102
sS'be'
p3093
I23
sS'bf'
p3094
I104
sS'eating'
p3095
I98
sS'bb'
p3096
I103
sS'bc'
p3097
I87
sS"fuckin'"
p3098
I104
sS'goooood'
p3099
I104
sS'foles'
p3100
I101
sS'cutler'
p3101
I104
sS'bh'
p3102
I104
sS'fed'
p3103
I104
sS'smiths'
p3104
I104
sS'zombie'
p3105
I103
sS'step'
p3106
I102
sS'maddy'
p3107
I104
sS'(deep'
p3108
I104
sS'crap'
p3109
I104
sS'raspberry'
p3110
I104
sS'by'
p3111
I83
sS'shine'
p3112
I104
sS'faith'
p3113
I104
sS'goods'
p3114
I104
sS'parales'
p3115
I104
sS'anything'
p3116
I94
sS'netflix'
p3117
I104
sS'iced'
p3118
I102
sS'iiiiit'
p3119
I104
sS'graduation'
p3120
I102
sS'drama'
p3121
I103
sS'hahahahahahahahahahahaha'
p3122
I104
sS'sacramento\xe2\x80\x9d'
p3123
I104
sS'cece'
p3124
I104
sS'idk'
p3125
I92
sS'asiata'
p3126
I103
sS'wanna'
p3127
I66
sS'idc'
p3128
I103
sS'block'
p3129
I101
sS'plan'
p3130
I104
sS'ppl'
p3131
I104
sS'seeing'
p3132
I98
sS'jimmy'
p3133
I103
sS'visit'
p3134
I103
sS'into'
p3135
I91
sS'within'
p3136
I103
sS'usa'
p3137
I104
sS'watt'
p3138
I103
sS'momma'
p3139
I104
sS'nigga'
p3140
I90
sS'frames'
p3141
I104
sS'lesson'
p3142
I104
sS'jack-'
p3143
I104
sS'smells'
p3144
I102
sS'katie'
p3145
I104
sS'sunglasses'
p3146
I104
sS'span'
p3147
I104
sS'.-'
p3148
I104
sS'goin'
p3149
I104
sS'baee'
p3150
I104
sS'spending'
p3151
I104
sS'tigger'
p3152
I104
sS'ca)'
p3153
I99
sS'fast'
p3154
I103
sS"we're"
p3155
I95
sS'homemade'
p3156
I103
sS'bruh'
p3157
I99
sS'forward'
p3158
I103
sS'bored'
p3159
I96
sS'scared'
p3160
I100
sS'himself'
p3161
I104
sS'invite'
p3162
I103
sS'inches'
p3163
I104
sS'15:29:38.0,33.83750254,-118.12304629,5711.02,gay'
p3164
I104
sS'poster'
p3165
I104
sS'slump'
p3166
I104
sS'girlfriends'
p3167
I104
sS'boys'
p3168
I100
sS'you!\xe2\x9d\xa4\xef\xb8\x8f'
p3169
I104
sS'link'
p3170
I102
sS'competition'
p3171
I104
sS'hopes'
p3172
I104
sS'line'
p3173
I99
sS'posted'
p3174
I103
sS'lifeguard'
p3175
I104
sS'tumblr'
p3176
I104
sS'bliss'
p3177
I104
sS'cig'
p3178
I104
sS'nieces'
p3179
I104
sS'mavericks'
p3180
I104
sS'redeemed'
p3181
I104
sS'tantrum'
p3182
I104
sS'up'
p3183
I34
sS'us'
p3184
I91
sS'erica'
p3185
I98
sS'um'
p3186
I100
sS'kk'
p3187
I104
sS'un'
p3188
I103
sS'uh'
p3189
I103
sS'uk'
p3190
I104
sS'faded'
p3191
I104
sS'holler'
p3192
I104
sS'z'
p3193
I102
sS'called'
p3194
I98
sS'bell'
p3195
I102
sS'dill'
p3196
I104
sS'ordered'
p3197
I104
sS'chad'
p3198
I104
sS'ko'
p3199
I104
sS';d'
p3200
I104
sS'influence'
p3201
I104
sS"mendes's"
p3202
I104
sS'fwend'
p3203
I104
sS'single'
p3204
I100
sS'necks'
p3205
I104
sS'chat'
p3206
I103
sS'20:10:53.0,33.83896347,-118.12114533,5711.02,i'
p3207
I104
sS'chaz'
p3208
I104
sS'yearbook'
p3209
I102
sS'shittakie'
p3210
I104
sS'stripper'
p3211
I104
sS'lemon'
p3212
I103
sS'l-'
p3213
I104
sS'10am'
p3214
I104
sS'truuu'
p3215
I104
sS'creeper'
p3216
I104
sS'nah'
p3217
I95
sS'realest'
p3218
I103
sS'fears'
p3219
I104
sS'backs'
p3220
I104
sS'invalid'
p3221
I104
sS'nick'
p3222
I100
sS'nap'
p3223
I100
sS'points'
p3224
I102
sS'statement'
p3225
I104
sS'naw'
p3226
I104
sS'tits'
p3227
I104
sS'recordas'
p3228
I104
sS'assassinate'
p3229
I104
sS'nice'
p3230
I89
sS'fights'
p3231
I104
sS'gf'
p3232
I104
sS'back...softball'
p3233
I104
sS'viral'
p3234
I104
sS'"earl'
p3235
I104
sS'\xe2\x98\xba\xef\xb8\x8f\xe2\x98\xba\xef\xb8\x8f'
p3236
I104
sS'visits'
p3237
I104
sS'prepared'
p3238
I104
sS'helping'
p3239
I104
sS'loooovvveee'
p3240
I104
sS'smiled'
p3241
I104
sS'paisas'
p3242
I104
sS'posters'
p3243
I104
sS'clue'
p3244
I104
sS'earphones'
p3245
I103
sS'wristband'
p3246
I104
sS'ago'
p3247
I101
sS'corey'
p3248
I104
sS'scouting'
p3249
I104
sS'happier'
p3250
I104
sS'vice'
p3251
I104
sS'vick'
p3252
I104
sS'hs.\xe2\x80\xa6'
p3253
I104
sS'youtube'
p3254
I103
sS'supportin'
p3255
I104
sS'walked'
p3256
I104
sS'scream'
p3257
I103
sS'impatient'
p3258
I103
sS'hella'
p3259
I103
sS'aiko'
p3260
I104
sS'guyss'
p3261
I104
sS'far'
p3262
I103
sS"she's"
p3263
I89
sS'underrated'
p3264
I103
sS'hello'
p3265
I101
sS'once'
p3266
I96
sS'essay'
p3267
I103
sS'edc'
p3268
I103
sS'\xe2\x98\xba\xef\xb8\x8f\xe2\x98\xba\xef\xb8\x8f\xe2\x98\xba\xef\xb8\x8f'
p3269
I104
sS'props'
p3270
I104
sS'dogged'
p3271
I104
sS'stilllll'
p3272
I104
sS'recorded'
p3273
I104
sS'bayaaah'
p3274
I104
sS'edm'
p3275
I104
sS'steve'
p3276
I101
sS'penis'
p3277
I103
sS'la!\xe2\x80\x9d'
p3278
I104
sS'stepmom'
p3279
I104
sS'freakin'
p3280
I103
sS'go'
p3281
I33
sS'homework/'
p3282
I104
sS'tweeted'
p3283
I104
sS'chillin'
p3284
I103
sS'issues'
p3285
I104
sS'gold'
p3286
I104
sS"18:45:39.0,33.83937628,-118.12330635,5711.02,can't"
p3287
I104
sS'ego'
p3288
I104
sS'send'
p3289
I99
sS'nose'
p3290
I104
sS'curds'
p3291
I104
sS'angels\xe2\x80\x9d'
p3292
I104
sS'passion'
p3293
I104
sS'maryland'
p3294
I103
sS'women'
p3295
I103
sS'friendly'
p3296
I104
sS'sent'
p3297
I102
sS'garret'
p3298
I104
sS'stocked'
p3299
I104
sS'queen'
p3300
I103
sS'aaagooooone'
p3301
I104
sS'torture'
p3302
I104
sS'outside'
p3303
I102
sS'already\xe2\x80\x9d'
p3304
I104
sS'peyton'
p3305
I100
sS'wave'
p3306
I104
sS'a.brighter'
p3307
I104
sS'ay'
p3308
I104
sS'wavy'
p3309
I104
sS'putting'
p3310
I100
sS'telling'
p3311
I102
sS'bae\xe2\x80\x9d'
p3312
I102
sS'drinking'
p3313
I101
sS'isaiah'
p3314
I103
sS'duffy'
p3315
I104
sS'entire'
p3316
I100
sS'salad'
p3317
I104
sS'exits'
p3318
I104
sS'harbor'
p3319
I103
sS'rose?!oh'
p3320
I104
sS'notes'
p3321
I104
sS'gettin'
p3322
I102
sS'michael'
p3323
I103
sS'!,90713\n510091906949197824,mclummox,2014-09-11'
p3324
I104
sS'ryan'
p3325
I104
sS':(((((('
p3326
I104
sS'try'
p3327
I100
sS'assignments'
p3328
I104
sS'skipped'
p3329
I104
sS'min'
p3330
I104
sS'squarepants'
p3331
I104
sS'haske'
p3332
I103
sS'havent'
p3333
I104
sS'tru'
p3334
I103
sS'challenge'
p3335
I104
sS's/o'
p3336
I104
sS'joey'
p3337
I104
sS'averaged'
p3338
I104
sS'booty'
p3339
I95
sS'rts'
p3340
I104
sS'bortles'
p3341
I103
sS'destroys'
p3342
I104
sS'punishing'
p3343
I104
sS'bestf'
p3344
I104
sS'boots'
p3345
I102
sS'conjunctions'
p3346
I104
sS'jump'
p3347
I103
sS'video'
p3348
I103
sS'champagne'
p3349
I104
sS'picked'
p3350
I104
sS'nephew'
p3351
I103
sS'yayyy'
p3352
I104
sS'heyyyy!(='
p3353
I104
sS'twitters'
p3354
I104
sS'click'
p3355
I104
sS'stds'
p3356
I104
sS'graduating'
p3357
I104
sS'hot\xe2\x80\x9d'
p3358
I104
sS'cupcakes'
p3359
I104
sS'plays'
p3360
I103
sS'weingart'
p3361
I104
sS'lolll'
p3362
I103
sS'falcons'
p3363
I103
sS'wrongggg'
p3364
I104
sS'vampire'
p3365
I104
sS'that"'
p3366
I104
sS'cramps'
p3367
I104
sS'paying'
p3368
I103
sS'waiting'
p3369
I98
sS'twins'
p3370
I103
sS'capital'
p3371
I104
sS'kershaw'
p3372
I104
sS'nicholas'
p3373
I104
sS'body'
p3374
I99
sS'wtfffff'
p3375
I104
sS'led'
p3376
I104
sS'drill'
p3377
I104
sS'degree'
p3378
I103
sS'leg'
p3379
I104
sS'bowe'
p3380
I104
sS'punch'
p3381
I100
sS'desiree'
p3382
I104
sS'fla'
p3383
I104
sS'bachelor'
p3384
I103
sS'\xe2\x9c\x94\xef\xb8\x8fthemed'
p3385
I104
sS'let'
p3386
I89
sS'sink'
p3387
I104
sS'lyrically'
p3388
I103
sS'others'
p3389
I102
sS'sing'
p3390
I104
sS'tuition'
p3391
I104
sS'irritating'
p3392
I103
sS'sayin'
p3393
I103
sS"lory's"
p3394
I104
sS'great'
p3395
I83
sS'\xe2\x9a\xbd\xef\xb8\x8f'
p3396
I104
sS'huntington'
p3397
I104
sS'pressure'
p3398
I104
sS'receive'
p3399
I104
sS'balll'
p3400
I104
sS'30'
p3401
I101
sS'titanic'
p3402
I104
sS'later'
p3403
I99
sS"weren't"
p3404
I104
sS'koing'
p3405
I104
sS'opinion'
p3406
I103
sS'climb'
p3407
I104
sS'makes'
p3408
I85
sS'life\xe2\x80\x9d'
p3409
I103
sS'thats'
p3410
I100
sS'milikan'
p3411
I104
sS'slinging'
p3412
I104
sS'claim'
p3413
I103
sS'win'
p3414
I97
sS'app'
p3415
I103
sS'dwarves'
p3416
I104
sS'baskets'
p3417
I104
sS'manny'
p3418
I103
sS'wit'
p3419
I104
sS'redo'
p3420
I104
sS'cheerleader'
p3421
I104
sS'festivals'
p3422
I104
sS'canada'
p3423
I104
sS'tools'
p3424
I103
sS'wiz'
p3425
I103
sS'gilly'
p3426
I104
sS'use'
p3427
I99
sS'hahahahaha'
p3428
I101
sS'from'
p3429
I65
sS'hippie'
p3430
I104
sS'snoop'
p3431
I103
sS'&'
p3432
I50
sS'illegal'
p3433
I103
sS'whipping'
p3434
I104
sS'mamba'
p3435
I104
sS'ferris'
p3436
I104
sS'next'
p3437
I86
sS'procrastinate'
p3438
I104
sS'few'
p3439
I100
sS'doubt'
p3440
I103
sS'chu'
p3441
I104
sS'aniece'
p3442
I104
sS'eagles'
p3443
I99
sS'chip'
p3444
I103
sS'pencil'
p3445
I104
sS'gooooooood'
p3446
I104
sS'babe'
p3447
I102
sS'1/2'
p3448
I104
sS'started'
p3449
I98
sS'gahhhh'
p3450
I104
sS'econ'
p3451
I103
sS'meet\xe2\x9d\xa4\xef\xb8\x8f'
p3452
I104
sS':-('
p3453
I102
sS'stuffers'
p3454
I104
sS'confused'
p3455
I104
sS'payne'
p3456
I103
sS'basicalllllly'
p3457
I104
sS'soooooooo'
p3458
I104
sS'baby'
p3459
I93
sS'tearing'
p3460
I104
sS'starter'
p3461
I104
sS'stafford'
p3462
I103
sS'annoy'
p3463
I104
sS'tad'
p3464
I104
sS'account'
p3465
I104
sS'balls'
p3466
I103
sS'thwack'
p3467
I104
sS'alin'
p3468
I103
sS'this'
p3469
I18
sS'ride'
p3470
I99
sS'when'
p3471
I30
sS'insists'
p3472
I104
sS'critic'
p3473
I104
sS'savannah'
p3474
I104
sS'mommas'
p3475
I104
sS'phins'
p3476
I103
sS'comeover'
p3477
I104
sS'praise'
p3478
I103
sS'universe'
p3479
I104
sS'aight'
p3480
I103
sS'meet'
p3481
I101
sS'didnt'
p3482
I103
sS'dropped'
p3483
I104
sS'control'
p3484
I103
sS'hip'
p3485
I104
sS'od'
p3486
I104
sS'links'
p3487
I104
sS"birdy's"
p3488
I104
sS'process'
p3489
I103
sS'oc'
p3490
I104
sS'human-to-human'
p3491
I104
sS'slim'
p3492
I104
sS'tay'
p3493
I103
sS'tucked*'
p3494
I104
sS'high'
p3495
I77
sS'pulling'
p3496
I104
sS'something'
p3497
I88
sS'bones'
p3498
I104
sS'publicity'
p3499
I104
sS'tan'
p3500
I100
sS'serial'
p3501
I104
sS'sis'
p3502
I104
sS'summers'
p3503
I104
sS'sip'
p3504
I104
sS'falls'
p3505
I104
sS'sit'
p3506
I103
sS'"that"'
p3507
I104
sS'sierras'
p3508
I104
sS'lolololololololol'
p3509
I104
sS'brian'
p3510
I104
sS'blahh'
p3511
I104
sS'dyliekins'
p3512
I104
sS'instead'
p3513
I94
sS'sii'
p3514
I104
sS'sin'
p3515
I104
sS'gurl'
p3516
I103
sS'stand'
p3517
I104
sS'honda'
p3518
I104
sS'hawt'
p3519
I104
sS"riley's"
p3520
I104
sS'monica'
p3521
I104
sS'timmmmmmeeeee'
p3522
I104
sS'reunited'
p3523
I104
sS'stop'
p3524
I77
sS'waters'
p3525
I102
sS'gardner'
p3526
I104
sS'roccy'
p3527
I104
sS'washeeeed'
p3528
I104
sS'mixed'
p3529
I103
sS'hahahaha'
p3530
I100
sS'spelling'
p3531
I104
sS'shiiii'
p3532
I104
sS'racks'
p3533
I104
sS'cuddling'
p3534
I101
sS'realized'
p3535
I102
sS'bonfire'
p3536
I104
sS'light'
p3537
I103
sS'lame'
p3538
I104
sS'robot'
p3539
I101
sS'8:50'
p3540
I104
sS'honestly'
p3541
I101
sS'hitter'
p3542
I104
sS'nancy'
p3543
I104
sS'heyyy'
p3544
I104
sS'solos'
p3545
I104
sS'yesss'
p3546
I104
sS'marshalls'
p3547
I104
sS'purrrfect'
p3548
I104
sS'ugly\xe2\x80\x9d'
p3549
I104
sS'houston'
p3550
I104
sS'raymond'
p3551
I104
sS'move'
p3552
I102
sS'say\xe2\x80\x9d'
p3553
I104
sS'gurrrlll'
p3554
I104
sS'\xe2\x9a\xa1\xef\xb8\x8f'
p3555
I104
sS"won't"
p3556
I93
sS'looks'
p3557
I93
sS'dw'
p3558
I104
sS'mentioned'
p3559
I104
sS'imitate'
p3560
I104
sS'happiest'
p3561
I104
sS'charlene'
p3562
I104
sS'chemistry'
p3563
I103
sS'perfect'
p3564
I92
sS'write'
p3565
I104
sS'blake'
p3566
I103
sS'le'
p3567
I104
sS'la'
p3568
I101
sS'lo'
p3569
I104
sS'*says'
p3570
I104
sS'wawa'
p3571
I104
sS'winning'
p3572
I103
sS'madre'
p3573
I104
sS'coupon'
p3574
I104
sS'willing'
p3575
I104
sS'lr'
p3576
I104
sS'choose'
p3577
I102
sS'orange'
p3578
I104
sS'2014'
p3579
I102
sS'bye'
p3580
I100
sS'carole'
p3581
I104
sS'sll-'
p3582
I104
sS'dad'
p3583
I87
sS'prosper'
p3584
I103
sS'goooooddd'
p3585
I104
sS'auto'
p3586
I103
sS'practice'
p3587
I99
sS'dat'
p3588
I104
sS'yhea'
p3589
I104
sS'kiss'
p3590
I100
sS'hands'
p3591
I103
sS'front'
p3592
I103
sS'day'
p3593
I45
sS'preschool'
p3594
I104
sS'worlds'
p3595
I102
sS'february'
p3596
I104
sS'urge'
p3597
I104
sS'toes'
p3598
I104
sS'nfl'
p3599
I103
sS'betta'
p3600
I104
sS'woodson'
p3601
I104
sS'mhhhm'
p3602
I104
sS'donde'
p3603
I104
sS'mode'
p3604
I102
sS'truth'
p3605
I99
sS'princesses'
p3606
I104
sS'\xee\x8c\xa9'
p3607
I104
sS'(chem)'
p3608
I104
sS'bills'
p3609
I104
sS'tray'
p3610
I104
sS'warner'
p3611
I102
sS'5am'
p3612
I104
sS'mets'
p3613
I104
sS'mija'
p3614
I104
sS'$100'
p3615
I104
sS'doing'
p3616
I92
sS'strip'
p3617
I104
sS'waking'
p3618
I104
sS'levy'
p3619
I104
sS'pantry'
p3620
I104
sS'society'
p3621
I103
sS'books'
p3622
I104
sS'our'
p3623
I85
sS'meth'
p3624
I104
sS'81'
p3625
I104
sS'special'
p3626
I104
sS'out'
p3627
I41
sS'havasu'
p3628
I103
sS'secretly'
p3629
I103
sS'matt'
p3630
I101
sS'bubonic'
p3631
I104
sS"'"
p3632
I104
sS'twice'
p3633
I103
sS'butt\xe2\x80\x9d'
p3634
I104
sS'bob'
p3635
I104
sS'aspiring'
p3636
I104
sS'douchetastic'
p3637
I104
sS'tommorow'
p3638
I104
sS'hilarious'
p3639
I102
sS'9:00pm'
p3640
I104
sS'autocorrected'
p3641
I104
sS'cause'
p3642
I82
sS'math'
p3643
I99
sS'lasted'
p3644
I104
sS'afford'
p3645
I104
sS'shut'
p3646
I99
sS'quarter'
p3647
I104
sS'outkast'
p3648
I104
sS'reacts'
p3649
I104
sS'molly'
p3650
I103
sS'inhaling'
p3651
I104
sS'completely'
p3652
I104
sS'please'
p3653
I93
sS'que'
p3654
I103
sS'-__-'
p3655
I104
sS'philip'
p3656
I103
sS'klay'
p3657
I104
sS'princess'
p3658
I102
sS'ronald'
p3659
I104
sS'backwards'
p3660
I104
sS'*gag*'
p3661
I104
sS'g'
p3662
I102
sS'snapchats'
p3663
I103
sS'phrases'
p3664
I104
sS'could'
p3665
I86
sS'area'
p3666
I104
sS'skateboard'
p3667
I104
sS'dvd'
p3668
I104
sS'times'
p3669
I96
sS'old-fashioned'
p3670
I104
sS'4th'
p3671
I103
sS'acres'
p3672
I104
sS'slurpee'
p3673
I104
sS'hence'
p3674
I104
sS'biting'
p3675
I104
sS'lancer'
p3676
I104
sS'shrek'
p3677
I103
sS'esperando'
p3678
I104
sS'marcela'
p3679
I104
sS'mankind'
p3680
I104
sS'mo\xe2\x98\xba\xef\xb8\x8f'
p3681
I104
sS'ihy'
p3682
I104
sS'unfollowing'
p3683
I104
sS'blown'
p3684
I104
sS'gisselle'
p3685
I104
sS'blew'
p3686
I104
sS'jesus'
p3687
I103
sS'>.<'
p3688
I104
sS'fits'
p3689
I103
sS'bitch'
p3690
I94
sS'lagging'
p3691
I104
sS'$10'
p3692
I103
sS'blows'
p3693
I104
sS'kidding'
p3694
I102
sS'quality'
p3695
I104
sS'\xe2\x98\x81\xef\xb8\x8f'
p3696
I104
sS'braces'
p3697
I104
sS'prank'
p3698
I103
sS"doesn't"
p3699
I94
sS'monkey'
p3700
I104
sS'10x'
p3701
I104
sS'start'
p3702
I96
sS'ordering'
p3703
I104
sS'obvi'
p3704
I104
sS'laps'
p3705
I104
sS'accent'
p3706
I104
sS'\xe2\x9c\x8a\xe2\x9c\x8a'
p3707
I104
sS'don\'t."'
p3708
I104
sS'their'
p3709
I84
sS'attack'
p3710
I104
sS'12/08/13'
p3711
I104
sS'mondays'
p3712
I104
sS'of??"'
p3713
I104
sS'countries'
p3714
I104
sS'final'
p3715
I102
sS'photoshopped'
p3716
I104
sS'stomach'
p3717
I99
sS'prostitute'
p3718
I104
sS'shorts'
p3719
I104
sS'gotcha'
p3720
I104
sS'exactly'
p3721
I98
sS'megan'
p3722
I98
sS'depressing'
p3723
I104
sS'woo'
p3724
I104
sS'bishhh'
p3725
I104
sS'july'
p3726
I103
sS'elite'
p3727
I104
sS'gotchu'
p3728
I103
sS'loved'
p3729
I102
sS'photograph'
p3730
I104
sS'ben'
p3731
I103
sS'aka'
p3732
I104
sS'beb'
p3733
I104
sS'boring'
p3734
I100
sS'mh'
p3735
I104
sS'popping'
p3736
I104
sS'bed'
p3737
I90
sS'bee'
p3738
I104
sS'anaheim'
p3739
I104
sS"joseph's"
p3740
I104
sS'orchestrated'
p3741
I104
sS'loves'
p3742
I100
sS'6th'
p3743
I102
sS'sharleen'
p3744
I104
sS'anytime'
p3745
I104
sS'gawd'
p3746
I104
sS'bet'
p3747
I101
sS'\xe2\x9c\x8c\xef\xb8\x8f\xe2\x98\xba\xef\xb8\x8f'
p3748
I104
sS'spelled'
p3749
I103
sS'today\xe2\x80\x9domg'
p3750
I104
sS'tonight'
p3751
I81
sS'tons!!\xe2\x9d\xa4\xef\xb8\x8f'
p3752
I104
sS'terrifying'
p3753
I104
sS'have'
p3754
I23
sS'miserable'
p3755
I104
sS'need'
p3756
I62
sS'practicing'
p3757
I104
sS'apparently'
p3758
I104
sS'screw'
p3759
I104
sS'lindz'
p3760
I103
sS'sprinkles'
p3761
I104
sS'2:30pm'
p3762
I104
sS'aladdin'
p3763
I104
sS'congrats'
p3764
I103
sS'hali'
p3765
I104
sS'mic'
p3766
I104
sS'able'
p3767
I102
sS'arm'
p3768
I104
sS'meeting'
p3769
I104
sS"jeff's"
p3770
I104
sS'relatives'
p3771
I104
sS'which'
p3772
I98
sS'hs'
p3773
I103
sS'truck'
p3774
I104
sS'asshole'
p3775
I103
sS'='
p3776
I104
sS'youuuu'
p3777
I104
sS'kissup'
p3778
I104
sS'lugar'
p3779
I104
sS'unless'
p3780
I101
sS'haterade'
p3781
I104
sS'aww'
p3782
I104
sS'motherly'
p3783
I104
sS'who'
p3784
I73
sS"where's"
p3785
I103
sS'oneeee'
p3786
I104
sS'sleeps'
p3787
I104
sS'montana'
p3788
I104
sS'awk'
p3789
I102
sS'forreal'
p3790
I103
sS'cracking'
p3791
I104
sS'hoyer'
p3792
I104
sS'up,90713\n511919602943524864,mclummox,2014-09-16'
p3793
I104
sS'future'
p3794
I103
sS'medal'
p3795
I104
sS'class'
p3796
I76
sS'beyonc\xc3\xa9\xe2\x80\x9d'
p3797
I104
sS'prove'
p3798
I104
sS'deny'
p3799
I103
sS'yessir'
p3800
I104
sS'niggga'
p3801
I104
sS'frostbitessss'
p3802
I104
sS'upset'
p3803
I103
sS'thanksgiving'
p3804
I104
sS'"c"'
p3805
I104
sS'face'
p3806
I88
sS'looked'
p3807
I100
sS"you'll"
p3808
I100
sS'this..retire'
p3809
I104
sS'movie'
p3810
I92
sS'xavier'
p3811
I104
sS'skinny'
p3812
I104
sS'jocelyn'
p3813
I104
sS'deng'
p3814
I102
sS'fact'
p3815
I102
sS'ughhh'
p3816
I104
sS'son'
p3817
I104
sS'meee'
p3818
I104
sS'atmosphere'
p3819
I104
sS'parker'
p3820
I103
sS'hoodies'
p3821
I104
sS'funnnnnn'
p3822
I104
sS'chances'
p3823
I103
sS'rainbows'
p3824
I102
sS'charles'
p3825
I103
sS'anyway'
p3826
I102
sS'unbelievable'
p3827
I104
sS'bring'
p3828
I98
sS'spandex\xe2\x80\x9d'
p3829
I104
sS'chicken'
p3830
I103
sS'celestes'
p3831
I103
sS'supporter'
p3832
I104
sS'nipples'
p3833
I104
sS'seeee'
p3834
I104
sS'jay'
p3835
I93
sS'hops'
p3836
I104
sS'('
p3837
I97
sS'roommates'
p3838
I104
sS'should'
p3839
I69
sS'fag-'
p3840
I104
sS'chiefs'
p3841
I104
sS'irrelevant'
p3842
I104
sS'perdon'
p3843
I104
sS'local'
p3844
I103
sS'hope'
p3845
I95
sS'meant'
p3846
I103
sS'shaky'
p3847
I104
sS'workin'
p3848
I104
sS'listened'
p3849
I104
sS'watching'
p3850
I91
sS'beat'
p3851
I96
sS'wishing'
p3852
I104
sS'dope'
p3853
I102
sS'flirting'
p3854
I102
sS"marshall's"
p3855
I104
sS'lucky'
p3856
I102
sS'bear'
p3857
I104
sS'99%'
p3858
I104
sS'tbh'
p3859
I95
sS'awww'
p3860
I103
sS'ones'
p3861
I103
sS'perfection'
p3862
I104
sS'words'
p3863
I98
sS'sassy'
p3864
I103
sS'spur'
p3865
I104
sS'rite'
p3866
I104
sS'endless'
p3867
I104
sS'yaaaaaaaay'
p3868
I104
sS'smash'
p3869
I104
sS'donate'
p3870
I103
sS'bestest'
p3871
I104
sS'muts'
p3872
I104
sS'jamaal'
p3873
I104
sS'rapper'
p3874
I104
sS'cp3'
p3875
I104
sS'eyebrow'
p3876
I104
sS'calling'
p3877
I99
sS'default'
p3878
I104
sS'stuff'
p3879
I97
sS'she'
p3880
I76
sS'16:08:27.0,33.83924661,-118.12221578,5711.02,hi'
p3881
I104
sS'yassss'
p3882
I104
sS'ohio'
p3883
I104
sS'grab'
p3884
I104
sS'fixed'
p3885
I104
sS'kewlest'
p3886
I104
sS'14:57:49.0,33.83815338,-118.12179253,5711.02,gay'
p3887
I104
sS'superstars'
p3888
I104
sS'joanna'
p3889
I104
sS'btw'
p3890
I102
sS'j'
p3891
I104
sS'tiiime'
p3892
I104
sS'national'
p3893
I104
sS'accord'
p3894
I104
sS'packet'
p3895
I104
sS'bears'
p3896
I104
sS'niners'
p3897
I103
sS'pleeeeeease'
p3898
I104
sS'driveway'
p3899
I104
sS'wassuppp'
p3900
I104
sS'packed'
p3901
I104
sS'closer'
p3902
I104
sS',90713\n514908527412801536,tayllorbell,2014-09-24'
p3903
I104
sS'cole'
p3904
I100
sS'stats'
p3905
I103
sS'luv'
p3906
I98
sS'has'
p3907
I69
sS'posse'
p3908
I104
sS'xray'
p3909
I104
sS'routing'
p3910
I104
sS'correctly'
p3911
I104
sS'horrible'
p3912
I100
sS'ebola'
p3913
I99
sS'limit'
p3914
I104
sS'neither'
p3915
I103
sS"wife's"
p3916
I104
sS'frustrated'
p3917
I104
sS'outsiders'
p3918
I104
sS'pants'
p3919
I102
sS'ends'
p3920
I104
sS'exam'
p3921
I104
sS'trynna'
p3922
I102
sS'opening'
p3923
I104
sS'gambino'
p3924
I104
sS'joy'
p3925
I103
sS'nuevo'
p3926
I104
sS'court'
p3927
I104
sS'kicking'
p3928
I103
sS'job'
p3929
I99
sS'"dad"'
p3930
I104
sS'joe'
p3931
I104
sS'key'
p3932
I103
sS'demonstrate'
p3933
I104
sS'underwear'
p3934
I104
sS'w'
p3935
I104
sS'lotion'
p3936
I104
sS'selena'
p3937
I103
sS'hobo'
p3938
I104
sS'david'
p3939
I100
sS'hits'
p3940
I104
sS'figured'
p3941
I103
sS'career'
p3942
I102
sS'joke'
p3943
I96
sS'taking'
p3944
I98
sS'waisted'
p3945
I104
sS'equal'
p3946
I104
sS'drug'
p3947
I104
sS'tongue'
p3948
I104
sS'lawlz'
p3949
I104
sS'murder'
p3950
I104
sS'aquarium'
p3951
I104
sS'comment'
p3952
I104
sS'vent'
p3953
I104
sS'glee'
p3954
I104
sS'toilet'
p3955
I104
sS'wall'
p3956
I104
sS'cb'
p3957
I104
sS'tuesday'
p3958
I101
sS'mcnamme'
p3959
I104
sS'walk'
p3960
I99
sS'genre'
p3961
I104
sS"neighbor's"
p3962
I104
sS'laugh'
p3963
I100
sS'cousin'
p3964
I101
sS'respect'
p3965
I100
sS'[pic]'
p3966
I104
sS'strikeouts'
p3967
I104
sS'butthole'
p3968
I104
sS'poem'
p3969
I104
sS'packages'
p3970
I104
sS'yay'
p3971
I96
sS'videos'
p3972
I104
sS"it's"
p3973
I41
sS'sara'
p3974
I104
sS'tired...and'
p3975
I104
sS'lottttt'
p3976
I104
sS'yas'
p3977
I99
sS'quiz'
p3978
I103
sS'shame'
p3979
I104
sS'literal'
p3980
I104
sS'monk'
p3981
I104
sS'slowly'
p3982
I104
sS'yah'
p3983
I100
sS'bby'
p3984
I104
sS'tv'
p3985
I103
sS'degrees'
p3986
I104
sS'waste'
p3987
I103
sS'bbq'
p3988
I104
sS'>'
p3989
I103
sS'fitzpatrick'
p3990
I104
sS'lane'
p3991
I104
sS'mike'
p3992
I104
sS'penny'
p3993
I104
sS"iver's"
p3994
I104
sS'league'
p3995
I103
sS'hmu'
p3996
I103
sS'releasing'
p3997
I104
sS'crappy'
p3998
I104
sS'hmm'
p3999
I104
sS'finished'
p4000
I100
sS'hooooome'
p4001
I104
sS'otp'
p4002
I104
sS'smoking'
p4003
I103
sS'bippity'
p4004
I104
sS'volunteer'
p4005
I104
sS'holiday'
p4006
I104
sS'imagination'
p4007
I103
sS'taped'
p4008
I104
sS'millikannnn'
p4009
I104
sS'cvs'
p4010
I104
sS"lean's"
p4011
I104
sS'will'
p4012
I59
sS'summmmaaatime'
p4013
I104
sS'freshie'
p4014
I104
sS'hahaha'
p4015
I90
sS'ayyyeeee'
p4016
I104
sS'gotchuuuuuu'
p4017
I104
sS'frustrating'
p4018
I104
sS'supply'
p4019
I104
sS'mememe'
p4020
I104
sS'vb'
p4021
I104
sS'fumbling'
p4022
I104
sS'almost'
p4023
I102
sS'vape'
p4024
I104
sS'herself.,90713\n452678595240943617,ninaaapadilla,2014-04-06'
p4025
I104
sS'98/100'
p4026
I104
sS'jelly'
p4027
I104
sS'helped'
p4028
I104
sS'girlfriend'
p4029
I104
sS'vs'
p4030
I100
sS'avi'
p4031
I100
sS'thug'
p4032
I104
sS'partner'
p4033
I104
sS'revis'
p4034
I104
sS'pedestal'
p4035
I104
sS'perfectly'
p4036
I104
sS'-___-'
p4037
I103
sS'jakey'
p4038
I104
sS'amo'
p4039
I104
sS'cross'
p4040
I103
sS'niners/eagles'
p4041
I104
sS'eric'
p4042
I104
sS'member'
p4043
I103
sS'strange'
p4044
I103
sS'dam'
p4045
I103
sS'underground'
p4046
I104
sS'party'
p4047
I100
sS'gets'
p4048
I100
sS'difficult'
p4049
I103
sS'injured'
p4050
I104
sS'tighten'
p4051
I104
sS'ball'
p4052
I100
sS'pho'
p4053
I104
sS'brag'
p4054
I104
sS'innings'
p4055
I103
sS'"never'
p4056
I104
sS'premiere'
p4057
I104
sS'wisest'
p4058
I104
sS'presentations'
p4059
I104
sS'student'
p4060
I103
sS'fucked'
p4061
I101
sS'frequently'
p4062
I104
sS'sunburn'
p4063
I103
sS'nation'
p4064
I103
sS'pull'
p4065
I103
sS'conichiwa'
p4066
I104
sS'off'
p4067
I74
sS'valerie'
p4068
I104
sS'2\xe2\x83\xa36\xe2\x83\xa3'
p4069
I104
sS'i'
p4070
I2
sS'eruca'
p4071
I104
sS'well'
p4072
I87
sS'fighting'
p4073
I103
sS'finds'
p4074
I104
sS'thought'
p4075
I88
sS'games\xe2\x98\xba\xef\xb8\x8f'
p4076
I104
sS'vet'
p4077
I104
sS'oops'
p4078
I101
sS'wya'
p4079
I104
sS'con'
p4080
I104
sS'rashad'
p4081
I103
sS'deion'
p4082
I104
sS'taller'
p4083
I104
sS'routinely'
p4084
I104
sS'barking'
p4085
I104
sS'cried'
p4086
I103
sS'less'
p4087
I103
sS'moments'
p4088
I104
sS'claiming'
p4089
I104
sS'accurate'
p4090
I101
sS'das'
p4091
I104
sS'keeping'
p4092
I104
sS'6am'
p4093
I104
sS'neeeeeed'
p4094
I104
sS'mistakes'
p4095
I104
sS'soulja'
p4096
I104
sS'surpass'
p4097
I104
sS'paul'
p4098
I104
sS'happiness'
p4099
I103
sS'overuse'
p4100
I104
sS'titty'
p4101
I104
sS'mijo'
p4102
I104
sS'field'
p4103
I104
sS'nicks'
p4104
I104
sS'drunk'
p4105
I99
sS'smith'
p4106
I101
sS'realize'
p4107
I100
sS'drew'
p4108
I102
sS':/\xe2\x80\x9d'
p4109
I104
sS'add'
p4110
I103
sS'other'
p4111
I95
sS'crack'
p4112
I103
sS'ohhh'
p4113
I104
sS'channing'
p4114
I104
sS'exhaling'
p4115
I104
sS'match'
p4116
I103
sS'details'
p4117
I104
sS'ducked'
p4118
I104
sS'coins'
p4119
I104
sS'stunts'
p4120
I104
sS'checking'
p4121
I103
sS'desean'
p4122
I104
sS"who's"
p4123
I96
sS'finnegan'
p4124
I103
sS'mockingjay'
p4125
I104
sS'touch\xc3\xa9'
p4126
I104
sS'five'
p4127
I104
sS'know'
p4128
I54
sS'facial'
p4129
I104
sS'bottoms'
p4130
I104
sS'belgium'
p4131
I104
sS'immediately'
p4132
I104
sS'nvm'
p4133
I104
sS'wet"'
p4134
I104
sS'probally'
p4135
I104
sS'loss'
p4136
I104
sS'puppy'
p4137
I104
sS'emma'
p4138
I99
sS'like'
p4139
I20
sS'lost'
p4140
I97
sS'chairs'
p4141
I104
sS'ring'
p4142
I103
sS'fernando'
p4143
I103
sS'loser'
p4144
I103
sS'garage'
p4145
I104
sS'sissy'
p4146
I104
sS'dancer'
p4147
I104
sS"you're*****"
p4148
I104
sS'lose'
p4149
I102
sS'fiercest'
p4150
I104
sS'become'
p4151
I102
sS"j's"
p4152
I104
sS'soft'
p4153
I104
sS'sprain'
p4154
I104
sS'replacement'
p4155
I104
sS"why's"
p4156
I104
sS'because'
p4157
I71
sS'player/team'
p4158
I104
sS'tumble'
p4159
I104
sS'twitter'
p4160
I98
sS'clutch'
p4161
I104
sS'library'
p4162
I104
sS'watered'
p4163
I104
sS'hair'
p4164
I90
sS'(or'
p4165
I104
sS'hereee'
p4166
I104
sS'francisco'
p4167
I104
sS'gymnastics'
p4168
I101
sS'shes'
p4169
I103
sS'home'
p4170
I77
sS'liking'
p4171
I104
sS'freshi'
p4172
I104
sS'jasmin'
p4173
I104
sS'happens'
p4174
I102
sS'"what'
p4175
I104
sS'avenue'
p4176
I104
sS'diaries'
p4177
I104
sS'lead'
p4178
I101
sS'wr'
p4179
I104
sS'literally'
p4180
I80
sS'lean'
p4181
I104
sS'mines'
p4182
I104
sS'sucky'
p4183
I104
sS'twerking'
p4184
I104
sS'does'
p4185
I82
sS'tl'
p4186
I104
sS'baeee\xe2\x99\xa1'
p4187
I104
sS'shiiiii'
p4188
I104
sS'tucks'
p4189
I104
sS'vocabulary'
p4190
I104
sS'leader'
p4191
I104
sS'betty'
p4192
I103
sS'poets'
p4193
I104
sS'blowing'
p4194
I104
sS'schedule'
p4195
I102
sS'stuff)'
p4196
I104
sS'slut'
p4197
I103
sS'boys.......because'
p4198
I104
sS'(4121'
p4199
I104
sS'hush'
p4200
I104
sS'hiding'
p4201
I102
sS'retribution'
p4202
I104
sS'keepin'
p4203
I104
sS'sister'
p4204
I98
sS':-)'
p4205
I100
sS'rare'
p4206
I104
sS'dun'
p4207
I104
sS'world'
p4208
I97
sS'getting'
p4209
I76
sS'hookup'
p4210
I104
sS'shaking'
p4211
I104
sS'biscuit'
p4212
I103
sS'"you'
p4213
I104
sS'00:12:37.0,33.838979,-118.1083465,5711.02,baby'
p4214
I104
sS'angeles'
p4215
I104
sS'jhene'
p4216
I104
sS'perks'
p4217
I104
sS'swear'
p4218
I101
sS'sweat'
p4219
I103
sS'gaaaay'
p4220
I104
sS'tomb'
p4221
I104
sS'glasses'
p4222
I103
sS'tome'
p4223
I104
sS'swimming'
p4224
I104
sS'h8'
p4225
I102
sS'own'
p4226
I98
sS'political'
p4227
I104
sS'g8'
p4228
I104
sS'washington'
p4229
I102
sS"baby's"
p4230
I104
sS'mushrooms'
p4231
I104
sS'chronic'
p4232
I104
sS'guard'
p4233
I104
sS'weather'
p4234
I101
sS'promise'
p4235
I104
sS'female'
p4236
I104
sS'girlpren'
p4237
I104
sS'pointless'
p4238
I104
sS'yaaaaaay'
p4239
I104
sS'wack'
p4240
I100
sS'meeee'
p4241
I104
sS'legends'
p4242
I104
sS'hehe'
p4243
I104
sS'transfer'
p4244
I102
sS'at&t'
p4245
I104
sS'cinderella'
p4246
I103
sS'banzai'
p4247
I101
sS'bump'
p4248
I104
sS'describes'
p4249
I104
sS'biggest'
p4250
I99
sS':dd'
p4251
I104
sS'inspiration'
p4252
I103
sS'naturally'
p4253
I104
sS'beard'
p4254
I104
sS'buy'
p4255
I93
sS'alexa'
p4256
I104
sS'kandi'
p4257
I104
sS"i've"
p4258
I71
sS'fasho'
p4259
I104
sS'bus'
p4260
I100
sS'brand'
p4261
I104
sS'bitches'
p4262
I99
sS'but'
p4263
I23
sS'sisters?"'
p4264
I104
sS'reminds'
p4265
I104
sS'hi'
p4266
I99
sS'plague'
p4267
I104
sS'goals'
p4268
I101
sS'bagger'
p4269
I104
sS'graham)'
p4270
I104
sS'ha'
p4271
I102
sS'bitched'
p4272
I104
sS'eat'
p4273
I102
sS'he'
p4274
I42
sS'count'
p4275
I104
sS':-/\xe2\x80\x9d'
p4276
I104
sS'made'
p4277
I88
sS'wise'
p4278
I102
sS'austin'
p4279
I103
sS'glory'
p4280
I101
sS'whether'
p4281
I102
sS'wish'
p4282
I85
sS'finals'
p4283
I104
sS'wife'
p4284
I104
sS'flip'
p4285
I104
sS'excitement'
p4286
I104
sS'tacos)'
p4287
I104
sS'stories'
p4288
I103
sS'katherine'
p4289
I104
sS'rn,90713\n507198444557987840,mclummox,2014-09-03'
p4290
I104
sS'watchingfrozen'
p4291
I104
sS'picks'
p4292
I104
sS'problem'
p4293
I103
sS'\xc2\xbf'
p4294
I95
sS'minutes'
p4295
I99
sS'tricks'
p4296
I104
sS'myy'
p4297
I103
sS'supreme'
p4298
I104
sS'reciprocated'
p4299
I104
sS'rabbits'
p4300
I104
sS'jenny'
p4301
I104
sS'pin'
p4302
I104
sS'nurses'
p4303
I104
sS'universal'
p4304
I104
sS'pic'
p4305
I101
sS'kisser'
p4306
I103
sS"glee's"
p4307
I104
sS'rome'
p4308
I104
sS'twist'
p4309
I104
sS'periods'
p4310
I104
sS'goodness'
p4311
I104
sS'pit'
p4312
I104
sS'happen'
p4313
I101
sS'chromosome'
p4314
I104
sS'yass'
p4315
I104
sS'"are'
p4316
I104
sS'spell'
p4317
I102
sS'improving'
p4318
I104
sS'classssic'
p4319
I104
sS'emoji\xe2\x9a\x93\xef\xb8\x8f'
p4320
I104
sS'45'
p4321
I104
sS'offensive'
p4322
I103
sS'40'
p4323
I102
sS'lately'
p4324
I101
sS'you\xe2\x98\xba\xef\xb8\x8f'
p4325
I104
sS'book'
p4326
I98
sS'witness'
p4327
I104
sS'sick'
p4328
I99
sS'sza'
p4329
I104
sS'pomona'
p4330
I104
sS'incredibly'
p4331
I104
sS',90713\n516686752296075264,tayllorbell,2014-09-29'
p4332
I104
sS'lance'
p4333
I104
sS'hacker'
p4334
I104
sS'repeat'
p4335
I103
sS'star'
p4336
I102
sS'monday'
p4337
I99
sS'semen'
p4338
I104
sS'again"'
p4339
I104
sS'kaepernickkkkkkk'
p4340
I104
sS'bundle'
p4341
I104
sS'stay'
p4342
I95
sS'chance'
p4343
I104
sS'kinda'
p4344
I102
sS'badass'
p4345
I104
sS'friends'
p4346
I87
sS'"s"'
p4347
I104
sS'dolphins'
p4348
I92
sS'focused'
p4349
I104
sS'stunt'
p4350
I104
sS'kardashian'
p4351
I102
sS'eagles/redskins'
p4352
I104
sS'earthquake'
p4353
I104
sS'rule'
p4354
I104
sS"dog's"
p4355
I104
sS'99.9%'
p4356
I104
sS'compete'
p4357
I104
sS'gaddddd'
p4358
I104
sS'into...,90713\n441728086778712064,ninaaapadilla,2014-03-07'
p4359
I104
sS'witnessed'
p4360
I104
sS'awake'
p4361
I103
sS'chance?"-'
p4362
I104
sS'typical'
p4363
I104
sS'work\xe2\x80\x9d'
p4364
I104
sS'untalented'
p4365
I104
sS'8th'
p4366
I103
s.