(dp0
S''
p1
I1
sS'raining'
p2
I72
sS'work,90810\n510879193010171904,dannymota_,2014-09-13'
p3
I72
sS'02:15:41.0,33.8178656,-118.211957,5723.02,some'
p4
I72
sS'foul'
p5
I71
sS'sleep'
p6
I60
sS'asian'
p7
I72
sS'hating'
p8
I70
sS'hate'
p9
I62
sS'tweet'
p10
I71
sS'swat'
p11
I72
sS'daze'
p12
I72
sS'under'
p13
I72
sS'lord'
p14
I71
sS'sorry'
p15
I70
sS'chill'
p16
I69
sS'worth'
p17
I72
sS"01:44:40.0,33.8177339,-118.2119337,5723.02,ain't"
p18
I72
sS'callin'
p19
I72
sS'remy'
p20
I72
sS'dollar'
p21
I72
sS'void'
p22
I72
sS'rise'
p23
I71
sS'lurk'
p24
I72
sS'lol,90810\n505034819042963456,dannymota_,2014-08-28'
p25
I72
sS'now,90810\n514048690852360192,dannymota_,2014-09-22'
p26
I72
sS'every'
p27
I68
sS'yellow'
p28
I72
sS'naw..all'
p29
I72
sS'affect'
p30
I72
sS"isn't"
p31
I72
sS'01:16:05.0,33.8178237,-118.2120235,5723.02,niggas'
p32
I72
sS'school'
p33
I42
sS'bestfriend'
p34
I72
sS'wednesday'
p35
I72
sS'day,90810\n516812542107062272,dannymota_,2014-09-30'
p36
I72
sS'ups'
p37
I71
sS'count,90810\n509181795946868736,dannymota_,2014-09-09'
p38
I72
sS'markos'
p39
I67
sS'tired'
p40
I72
sS'her"'
p41
I72
sS'hanging'
p42
I72
sS'street'
p43
I68
sS',90810\n513526331225538560,dannymota_,2014-09-21'
p44
I72
sS'n'
p45
I70
sS'somoan'
p46
I72
sS'even'
p47
I64
sS'ugly'
p48
I68
sS'drifted'
p49
I72
sS'fingers'
p50
I72
sS'day\xe2\x99\xa1'
p51
I72
sS'new'
p52
I68
sS'ever'
p53
I55
sS'kicked'
p54
I67
sS'tweaker'
p55
I72
sS'nigga,90810\n516341013724405760,dannymota_,2014-09-28'
p56
I72
sS'herb'
p57
I72
sS'never'
p58
I55
sS'here'
p59
I56
sS'met'
p60
I71
sS'&&'
p61
I72
sS'23:46:33.0,33.8178944,-118.2119488,5723.02,she'
p62
I72
sS'wife,90810\n509161343249707008,dannymota_,2014-09-09'
p63
I72
sS'high,90810\n509205795607572480,dannymota_,2014-09-09'
p64
I72
sS'kids'
p65
I72
sS'daughter'
p66
I72
sS'k'
p67
I72
sS'changed'
p68
I71
sS"i'd"
p69
I72
sS'ako'
p70
I72
sS'omar'
p71
I72
sS'smoke'
p72
I36
sS'stressed'
p73
I72
sS'gay,90810\n508349767856820224,dannymota_,2014-09-06'
p74
I72
sS"i'm"
p75
I21
sS'changes'
p76
I72
sS'30min'
p77
I72
sS'19:01:36.0,33.8178784,-118.2119369,5723.02,she'
p78
I72
sS'hw'
p79
I72
sS'14:18:03.0,33.8178242,-118.2120146,5723.02,if'
p80
I72
sS'out,90810\n510860836529655808,dannymota_,2014-09-13'
p81
I72
sS'feelings'
p82
I71
sS'bro'
p83
I48
sS'04:36:25.0,33.8176561,-118.2118525,5723.02,skoop'
p84
I72
sS'lol,90810\n510859005942452225,dannymota_,2014-09-13'
p85
I72
sS'dm,90810\n504909270584786945,dannymota_,2014-08-28'
p86
I72
sS'weeeerk'
p87
I72
sS'would'
p88
I65
sS'?,90810\n510872359369072640,dannymota_,2014-09-13'
p89
I72
sS'motivate'
p90
I72
sS'negative'
p91
I72
sS'cali'
p92
I72
sS'asses'
p93
I72
sS'call'
p94
I61
sS'survive'
p95
I72
sS'type'
p96
I65
sS'tell'
p97
I63
sS'females'
p98
I63
sS'lungs'
p99
I72
sS'brings'
p100
I72
sS'05:55:39.0,33.8174849,-118.2125481,5723.02,goodlooking'
p101
I72
sS'haha'
p102
I54
sS'wars'
p103
I72
sS'it'
p104
I20
sS'phone'
p105
I61
sS"02:05:21.0,33.8176466,-118.2119437,5723.02,let's"
p106
I72
sS'smile'
p107
I71
sS'unpack'
p108
I72
sS'both!\xe2\x80\x9d'
p109
I72
sS'must'
p110
I69
sS'shoot'
p111
I71
sS'pride'
p112
I72
sS'locked'
p113
I72
sS'room'
p114
I70
sS'jess'
p115
I71
sS'work'
p116
I59
sS'mi'
p117
I71
sS'movies'
p118
I72
sS'grimey'
p119
I72
sS'sweeter'
p120
I72
sS'mr'
p121
I72
sS'my'
p122
I5
sS'grimes'
p123
I71
sS'give'
p124
I63
sS'duuh,90810\n513758426854199296,dannymota_,2014-09-21'
p125
I72
sS'stressing'
p126
I72
sS'23:14:37.0,33.8179149,-118.2119792,5723.02,markos'
p127
I72
sS'homie'
p128
I66
sS'want'
p129
I53
sS'keep'
p130
I69
sS'\xe2\x98\xbasmileee\xe2\x98\xba'
p131
I72
sS'hoe'
p132
I55
sS'end'
p133
I71
sS'sense,90810\n503714188879876096,dannymota_,2014-08-25'
p134
I72
sS'turn'
p135
I68
sS'complaining'
p136
I72
sS'travel'
p137
I72
sS'imy,90810\n511415468070952960,dannymota_,2014-09-15'
p138
I72
sS'how'
p139
I45
sS'hot'
p140
I61
sS'hop'
p141
I66
sS'rewind'
p142
I72
sS'answer'
p143
I72
sS'beach'
p144
I60
sS'pizza'
p145
I72
sS'02:43:20.0,33.8178986,-118.2118866,5723.02,this'
p146
I72
sS'beauty'
p147
I72
sS'bday'
p148
I70
sS'after'
p149
I68
sS'k,90810\n513526677599551488,dannymota_,2014-09-21'
p150
I72
sS'wrong'
p151
I68
sS'ova'
p152
I71
sS'lay'
p153
I70
sS'05:36:22.0,33.817786,-118.2119303,5723.02,she'
p154
I72
sS'types'
p155
I72
sS"they're"
p156
I72
sS'danny'
p157
I57
sS'01:37:50.0,33.8184625,-118.2114287,5723.02,\xe2\x98\x81'
p158
I72
sS'duuuuh'
p159
I72
sS'03:55:56.0,33.8180026,-118.2118213,5723.02,if'
p160
I72
sS'funniest'
p161
I72
sS'keeps'
p162
I72
sS'tatted'
p163
I71
sS'naked,90810\n514048497578831873,dannymota_,2014-09-22'
p164
I72
sS'salon'
p165
I72
sS'once,90810\n514047727240368129,dannymota_,2014-09-22'
p166
I72
sS'deck'
p167
I71
sS'dro,90810\n516015267030134784,dannymota_,2014-09-28'
p168
I72
sS'over'
p169
I50
sS'fam'
p170
I72
sS'migos'
p171
I72
sS'foreal'
p172
I69
sS'hoe,90810\n518535043161939968,dannymota_,2014-10-04'
p173
I72
sS'before'
p174
I67
sS'ima'
p175
I57
sS'fasho,90810\n510875004473323520,dannymota_,2014-09-13'
p176
I72
sS'personal'
p177
I71
sS'backpack'
p178
I72
sS'shop,90810\n510873902264754176,dannymota_,2014-09-13'
p179
I72
sS'better'
p180
I67
sS'13:53:07.0,33.8177576,-118.2120158,5723.02,got'
p181
I72
sS'fade'
p182
I72
sS'imy'
p183
I66
sS'happy\xe2\x80\x9d'
p184
I72
sS'02:54:36.0,33.8178011,-118.211924,5723.02,who'
p185
I72
sS'need,90810\n511753739015684096,dannymota_,2014-09-16'
p186
I72
sS'then'
p187
I49
sS'them'
p188
I66
sS'weakness'
p189
I71
sS"we'll"
p190
I70
sS'break'
p191
I71
sS'\xe2\x98\xba\xef\xb8\x8f'
p192
I72
sS'plates'
p193
I72
sS'schools'
p194
I72
sS'one'
p195
I52
sS'shawty'
p196
I70
sS'bank'
p197
I72
sS'shadows'
p198
I72
sS'18:41:29.0,33.8177518,-118.2119294,5723.02,love'
p199
I72
sS'dayummmm'
p200
I72
sS'alex'
p201
I72
sS'04:43:10.0,33.8177261,-118.2118344,5723.02,earlier'
p202
I72
sS'alexis'
p203
I71
sS'entrance"'
p204
I72
sS'went'
p205
I68
sS'side'
p206
I59
sS'mean'
p207
I67
sS"we's"
p208
I71
sS'jaylenoooooooo'
p209
I72
sS'05:41:46.0,33.817786,-118.2119303,5723.02,ready,90810\n511750910775541760,dannymota_,2014-09-16'
p210
I72
sS'turnin'
p211
I71
sS'bowls'
p212
I72
sS'celebrating'
p213
I71
sS'taught'
p214
I72
sS'forgot'
p215
I68
sS'04:06:22.0,33.8178625,-118.2119731,5723.02,im'
p216
I72
sS'saturday'
p217
I71
sS'gon'
p218
I72
sS'driving'
p219
I71
sS'god'
p220
I67
sS'asf,90810\n509223271879831552,dannymota_,2014-09-09'
p221
I72
sS',90810\n513470820937515009,dannymota_,2014-09-20'
p222
I72
sS'smo'
p223
I63
sS'bracking'
p224
I72
sS'laid'
p225
I72
sS'daniel'
p226
I72
sS'smh'
p227
I70
sS'got'
p228
I17
sS'rn'
p229
I59
sS'19:58:35.0,33.817666,-118.2118394,5723.02,roll'
p230
I72
sS'02:49:49.0,33.817867,-118.2118403,5723.02,took'
p231
I72
sS'06:42:06.0,33.8177836,-118.2119926,5723.02,bosted,90810\n518640096610754560,dannymota_,2014-10-05'
p232
I72
sS"doesn't"
p233
I72
sS"20's"
p234
I72
sS'free'
p235
I70
sS'04:05:21.0,33.8178625,-118.2119731,5723.02,nobody'
p236
I72
sS'cabrillo'
p237
I63
sS'smacking'
p238
I72
sS'struggle'
p239
I72
sS'hoodie'
p240
I72
sS"people's"
p241
I72
sS'wanted'
p242
I66
sS'westside'
p243
I71
sS',90810\n516304446683246593,dannymota_,2014-09-28'
p244
I72
sS'ate'
p245
I72
sS'days'
p246
I69
sS'greeeaaat'
p247
I72
sS'one,90810\n517162229473349632,dannymota_,2014-10-01'
p248
I72
sS'loud'
p249
I68
sS'20:00:49.0,33.817666,-118.2118394,5723.02,biiiiitch,90810\n510880312520212480,dannymota_,2014-09-13'
p250
I72
sS'already'
p251
I64
sS'dad,90810\n508982662749376512,dannymota_,2014-09-08'
p252
I72
sS'grade'
p253
I71
sS'hearing'
p254
I72
sS'floors'
p255
I72
sS'crying\xe2\x80\x9d'
p256
I72
sS'sober'
p257
I70
sS'danny_motaaa'
p258
I72
sS'blunts'
p259
I70
sS'02:46:43.0,33.8177961,-118.2119548,5723.02,i'
p260
I72
sS'03:23:48.0,33.8177932,-118.2120213,5723.02,shit'
p261
I72
sS'dogg'
p262
I72
sS'top'
p263
I69
sS'girls'
p264
I71
sS"he'll"
p265
I71
sS'dumbass'
p266
I72
sS'too'
p267
I48
sS'legs'
p268
I72
sS'quinta'
p269
I72
sS'listen'
p270
I72
sS'murder'
p271
I72
sS'tool'
p272
I72
sS'took'
p273
I67
sS'trippy'
p274
I72
sS'08:42:26.0,33.8178537,-118.212,5723.02,omw,90810\n502011297857155072,dannymota_,2014-08-20'
p275
I72
sS'05:55:01.0,33.8182406,-118.2119904,5723.02,g'
p276
I72
sS'verte'
p277
I72
sS'ew'
p278
I72
sS'shower'
p279
I69
sS'slackin'
p280
I72
sS'classes'
p281
I71
sS'friend'
p282
I71
sS'iron'
p283
I72
sS'feeling'
p284
I72
sS'bridge'
p285
I72
sS'ran'
p286
I70
sS'ram'
p287
I72
sS'mind'
p288
I69
sS'mine'
p289
I71
sS'anybody'
p290
I72
sS'talking'
p291
I63
sS'lbc'
p292
I66
sS'rap'
p293
I72
sS'haha,90810\n511370297467863040,dannymota_,2014-09-15'
p294
I72
sS'seen'
p295
I57
sS'seem'
p296
I71
sS'mins'
p297
I72
sS',90810\n516015197891211264,dannymota_,2014-09-28'
p298
I72
sS'tells'
p299
I72
sS'all,90810\n517171471689342976,dannymota_,2014-10-01'
p300
I72
sS'00:13:17.0,33.8163975,-118.2101039,5723.02,i'
p301
I72
sS'-'
p302
I70
sS'n.i.g.g.a'
p303
I72
sS'chest'
p304
I72
sS'forces'
p305
I72
sS'laughed'
p306
I72
sS',90810\n509497286812909568,dannymota_,2014-09-10'
p307
I72
sS'19:35:58.0,33.8179044,-118.2118035,5723.02,oh'
p308
I72
sS'04:41:10.0,33.8176846,-118.2118454,5723.02,,90810\n516083985122721792,dannymota_,2014-09-28'
p309
I72
sS'day,90810\n516812075197140992,dannymota_,2014-09-30'
p310
I72
sS'blue'
p311
I72
sS'16:25:24.0,33.8173362,-118.2118213,5723.02,sheesh'
p312
I72
sS'lowball'
p313
I64
sS'though'
p314
I71
sS'brodie'
p315
I72
sS'doin'
p316
I70
sS'mother'
p317
I71
sS'audition'
p318
I72
sS'regular'
p319
I71
sS'mouth'
p320
I71
sS'phase'
p321
I71
sS'02:07:57.0,33.8178811,-118.211964,5723.02,idk'
p322
I72
sS'wriggs'
p323
I72
sS'don'
p324
I71
sS'drunkk'
p325
I72
sS'dog'
p326
I71
sS'h80d'
p327
I72
sS'tech'
p328
I72
sS'dads'
p329
I72
sS'sun'
p330
I72
sS'lol,90810\n513775554265239552,dannymota_,2014-09-21'
p331
I72
sS'came'
p332
I69
sS'saying'
p333
I72
sS'bomb'
p334
I70
sS'hunger'
p335
I71
sS'random'
p336
I66
sS'popo'
p337
I71
sS'anniversary'
p338
I72
sS'pops'
p339
I69
sS'v.s'
p340
I72
sS'sneaking'
p341
I72
sS'05:53:29.0,33.8178459,-118.211918,5723.02,somebody'
p342
I72
sS'there,90810\n509178035006738432,dannymota_,2014-09-09'
p343
I72
sS'bust'
p344
I72
sS'sugar'
p345
I72
sS'rich'
p346
I71
sS'pursuing'
p347
I72
sS'quieres'
p348
I72
sS'gangsta'
p349
I72
sS'18:34:12.0,33.8177518,-118.2119294,5723.02,ima'
p350
I72
sS'wearing'
p351
I72
sS'do'
p352
I50
sS'dm'
p353
I69
sS'lol,90810\n511750824632913920,dannymota_,2014-09-16'
p354
I72
sS'wide'
p355
I72
sS'uhhh'
p356
I72
sS'stop'
p357
I69
sS'da'
p358
I65
sS'goons'
p359
I72
sS'guatemala'
p360
I72
sS'christopher'
p361
I72
sS'nasty'
p362
I72
sS'bat'
p363
I71
sS'covering'
p364
I72
sS'officially'
p365
I72
sS'vacating'
p366
I72
sS'bad'
p367
I63
sS'bae'
p368
I69
sS'piggy'
p369
I72
sS'yordi'
p370
I72
sS'bam'
p371
I72
sS'flagged'
p372
I72
sS'thanks'
p373
I67
sS'respond'
p374
I71
sS'besties'
p375
I72
sS'fair'
p376
I72
sS'w/'
p377
I68
sS'up,90810\n513758902995808256,dannymota_,2014-09-21'
p378
I72
sS'goodnight'
p379
I66
sS'nug'
p380
I72
sS'yes'
p381
I67
sS'best'
p382
I68
sS'k.o'
p383
I72
sS'said'
p384
I61
sS',90810\n513164079314120705,dannymota_,2014-09-20'
p385
I72
sS'hoe,90810\n502012773325234177,dannymota_,2014-08-20'
p386
I72
sS'quema'
p387
I72
sS'away'
p388
I68
sS'patients'
p389
I72
sS'rushing'
p390
I72
sS"there's"
p391
I72
sS'finger'
p392
I72
sS'hopefully'
p393
I71
sS'off,90810\n518536284478783488,dannymota_,2014-10-04'
p394
I72
sS'pirate'
p395
I72
sS'we'
p396
I29
sS'men'
p397
I72
sS'omg'
p398
I70
sS'rolled'
p399
I70
sS'handful'
p400
I72
sS'weak'
p401
I65
sS'03:18:48.0,33.817786,-118.2120112,5723.02,random'
p402
I72
sS'omw'
p403
I67
sS'10$'
p404
I71
sS'wtf'
p405
I70
sS'cousin'
p406
I69
sS'w|'
p407
I72
sS'girl,90810\n505034663782801409,dannymota_,2014-08-28'
p408
I72
sS'19:13:07.0,33.8181647,-118.2119891,5723.02,shower'
p409
I72
sS'cos'
p410
I72
sS'tfti'
p411
I71
sS'\xe2\x9d\xa4\xef\xb8\x8f'
p412
I72
sS'ill'
p413
I64
sS'(long'
p414
I64
sS'edgar'
p415
I72
sS'games'
p416
I71
sS'lookin'
p417
I71
sS'faces'
p418
I71
sS'03:27:35.0,33.8176479,-118.212275,5723.02,goon'
p419
I72
sS'con'
p420
I72
sS'springk'
p421
I72
sS',90810\n502138617465032706,dannymota_,2014-08-20'
p422
I72
sS'-__-'
p423
I72
sS'hey,90810\n510861359232212992,dannymota_,2014-09-13'
p424
I72
sS'2nd'
p425
I72
sS'drea'
p426
I72
sS'22:01:40.0,33.8148834,-118.2115954,5723.02,nigga'
p427
I72
sS'trust'
p428
I64
sS'speak'
p429
I71
sS'beef'
p430
I71
sS'19:01:02.0,33.8178784,-118.2119369,5723.02,got'
p431
I72
sS'three'
p432
I71
sS'been'
p433
I58
sS'beer'
p434
I71
sS'much'
p435
I67
sS'interest'
p436
I72
sS'basic'
p437
I71
sS'lovely'
p438
I72
sS'idol'
p439
I72
sS'threw'
p440
I72
sS'life'
p441
I41
sS'rn,90810\n516822106235879424,dannymota_,2014-09-30'
p442
I72
sS'innocent'
p443
I71
sS'spit'
p444
I72
sS'drugs'
p445
I71
sS'03:52:44.0,33.8180026,-118.2118213,5723.02,nah'
p446
I72
sS'bible'
p447
I72
sS'tolled'
p448
I72
sS'child'
p449
I71
sS'catch'
p450
I70
sS'19:36:03.0,33.8177026,-118.2122666,5723.02,wow'
p451
I72
sS'19:54:25.0,33.817666,-118.2118394,5723.02,roll'
p452
I72
sS'haha,90810\n513523634535550976,dannymota_,2014-09-21'
p453
I72
sS'east'
p454
I70
sS'04:04:11.0,33.817692,-118.2121143,5723.02,smoking'
p455
I72
sS'air'
p456
I70
sS'aim'
p457
I72
sS'ehhhhh'
p458
I72
sS'near'
p459
I72
sS'droppin'
p460
I72
sS',90810\n511371302326661120,dannymota_,2014-09-15'
p461
I72
sS'chills'
p462
I72
sS'widdit'
p463
I72
sS'chilling'
p464
I69
sS'iz'
p465
I72
sS',90810\n510880802091966464,dannymota_,2014-09-13'
p466
I72
sS'played'
p467
I72
sS'is'
p468
I17
sS'sushi'
p469
I72
sS'"i'
p470
I72
sS'fakes'
p471
I72
sS'fantastics'
p472
I72
sS'cant'
p473
I63
sS'buttering'
p474
I72
sS'im'
p475
I42
sS'in'
p476
I11
sS'id'
p477
I72
sS'ig'
p478
I70
sS'if'
p479
I46
sS'grown'
p480
I70
sS'18:24:20.0,33.817767,-118.2119141,5723.02,sheesh'
p481
I72
sS'lacking'
p482
I70
sS'nike'
p483
I72
sS'things'
p484
I66
sS'make'
p485
I54
sS'mothafuckas'
p486
I71
sS'jerry'
p487
I72
sS'thaanks'
p488
I72
sS'puttin'
p489
I72
sS'grows'
p490
I72
sS'dro'
p491
I63
sS'05:05:30.0,33.8174392,-118.2122139,5723.02,dumb'
p492
I72
sS'social'
p493
I72
sS'hang'
p494
I67
sS'hearted,90810\n505749208624685056,dannymota_,2014-08-30'
p495
I72
sS',90810\n504913227851898880,dannymota_,2014-08-28'
p496
I72
sS',90810\n508811356116488192,dannymota_,2014-09-08'
p497
I72
sS'jealous'
p498
I71
sS'fuxking'
p499
I72
sS"nevaeh's"
p500
I72
sS'kid'
p501
I71
sS'kept'
p502
I72
sS'youre'
p503
I72
sS'smokes'
p504
I72
sS'80$'
p505
I71
sS'tho'
p506
I64
sS'hispanic'
p507
I71
sS'01:35:14.0,33.8178353,-118.2120069,5723.02,these'
p508
I72
sS'reese'
p509
I72
sS'05:54:57.0,33.8177828,-118.2118737,5723.02,ima'
p510
I72
sS'the'
p511
I4
sS'smoked'
p512
I68
sS'yours'
p513
I72
sS'16:09:42.0,33.8179473,-118.2120251,5723.02,bring'
p514
I72
sS'left'
p515
I65
sS"she'll"
p516
I72
sS'departed'
p517
I72
sS'just'
p518
I31
sS'yea'
p519
I64
sS'photo'
p520
I72
sS'sleepy'
p521
I67
sS',90810\n508299009442586624,dannymota_,2014-09-06'
p522
I72
sS'transforms'
p523
I72
sS'there,90810\n511365381840056321,dannymota_,2014-09-15'
p524
I72
sS'yet'
p525
I72
sS'jose'
p526
I72
sS'huckleberry'
p527
I72
sS'bit,90810\n516304886275645440,dannymota_,2014-09-28'
p528
I72
sS'dissin'
p529
I70
sS'ease'
p530
I71
sS'had'
p531
I56
sS'05:32:53.0,33.8177828,-118.2118737,5723.02,ima'
p532
I72
sS'easy'
p533
I71
sS'out,90810\n516289865026002944,dannymota_,2014-09-28'
p534
I72
sS'trini'
p535
I72
sS'save'
p536
I71
sS'gave'
p537
I67
sS'haha,90810\n518240990616756228,dannymota_,2014-10-04'
p538
I72
sS'skoooop,90810\n512109777929781249,dannymota_,2014-09-17'
p539
I72
sS'performance'
p540
I72
sS'cape'
p541
I72
sS'roach'
p542
I72
sS'18:42:41.0,33.8177518,-118.2119294,5723.02,my'
p543
I72
sS'dreams'
p544
I71
sS'apart'
p545
I72
sS'packin'
p546
I72
sS'gift'
p547
I69
sS'hunt'
p548
I72
sS'private'
p549
I72
sS'night'
p550
I51
sS'hung'
p551
I72
sS'5$'
p552
I71
sS'right'
p553
I56
sS'old'
p554
I63
sS'deal'
p555
I63
sS'people'
p556
I57
sS'understand'
p557
I72
sS'dead'
p558
I71
sS'life,90810\n513776875152220160,dannymota_,2014-09-21'
p559
I72
sS'born'
p560
I72
sS'clubs'
p561
I72
sS'sweetheart<3'
p562
I72
sS'trippen'
p563
I72
sS'fuuuuck'
p564
I72
sS'enemies'
p565
I72
sS'for'
p566
I22
sS'bottom'
p567
I71
sS'purple'
p568
I72
sS'daddy'
p569
I72
sS'tweakin'
p570
I72
sS'everything'
p571
I69
sS'asking'
p572
I71
sS'blow,90810\n503717202696994817,dannymota_,2014-08-25'
p573
I72
sS'pls'
p574
I72
sS'days,90810\n509194378133258240,dannymota_,2014-09-09'
p575
I72
sS"ol'"
p576
I72
sS'16:33:01.0,33.8178538,-118.2119416,5723.02,baby'
p577
I72
sS'23:00:58.0,33.8178459,-118.2120106,5723.02,sneak'
p578
I72
sS'burner'
p579
I72
sS'post'
p580
I72
sS'super'
p581
I72
sS'spoke'
p582
I72
sS'plug'
p583
I72
sS'filipino'
p584
I72
sS'theirs'
p585
I72
sS'valentines'
p586
I72
sS'reply,90810\n508347878700351488,dannymota_,2014-09-06'
p587
I72
sS'surround'
p588
I72
sS'afternoon'
p589
I72
sS'tonightt'
p590
I72
sS'octopus'
p591
I72
sS'ems'
p592
I72
sS'automatically'
p593
I72
sS'match'
p594
I64
sS'facetime'
p595
I72
sS'nerve'
p596
I72
sS'raised'
p597
I72
sS'whats'
p598
I67
sS'05:11:02.0,33.8177323,-118.2117851,5723.02,need'
p599
I72
sS'selfie'
p600
I72
sS'rotations'
p601
I72
sS'bound'
p602
I71
sS'ppl'
p603
I72
sS'down'
p604
I61
sS'lies'
p605
I71
sS'05:29:26.0,33.8177542,-118.2119879,5723.02,smoke,90810\n516819153563316224,dannymota_,2014-09-30'
p606
I72
sS'calimquim'
p607
I72
sS'lie,90810\n508809403211194368,dannymota_,2014-09-08'
p608
I72
sS'flying'
p609
I72
sS'fight'
p610
I70
sS'stuck'
p611
I72
sS'way'
p612
I65
sS'jane'
p613
I71
sS'me,90810\n508811873504874496,dannymota_,2014-09-08'
p614
I72
sS'was'
p615
I27
sS'?,90810\n501212995830046721,dannymota_,2014-08-18'
p616
I72
sS'happy'
p617
I64
sS'head'
p618
I63
sS'up,90810\n517153181222981632,dannymota_,2014-10-01'
p619
I72
sS'lawn'
p620
I72
sS'ford'
p621
I72
sS'blunt,90810\n511743119910383616,dannymota_,2014-09-16'
p622
I72
sS'heat'
p623
I72
sS'true'
p624
I72
sS'throw'
p625
I70
sS'someshit'
p626
I72
sS'inside'
p627
I72
sS'until'
p628
I71
sS'smashed'
p629
I72
sS'mmmmm'
p630
I72
sS'ass,90810\n510870538202279936,dannymota_,2014-09-13'
p631
I72
sS'reminiscing'
p632
I72
sS'<thank'
p633
I72
sS'prayed'
p634
I72
sS'trippin,90810\n513364955869872129,dannymota_,2014-09-20'
p635
I72
sS'whileeee'
p636
I72
sS'cleats'
p637
I72
sS'drive'
p638
I72
sS'promised'
p639
I72
sS'17:27:06.0,33.817865,-118.2119429,5723.02,if'
p640
I72
sS'annoying'
p641
I71
sS'check'
p642
I72
sS'shit'
p643
I28
sS'holla'
p644
I71
sS',90810\n517160825258119168,dannymota_,2014-10-01'
p645
I72
sS'killas'
p646
I69
sS'quincea\xc3\xb1era'
p647
I72
sS'no'
p648
I28
sS'when'
p649
I37
sS'interested'
p650
I72
sS'test'
p651
I72
sS'depot'
p652
I72
sS'smell'
p653
I70
sS'roll'
p654
I54
sS'picture'
p655
I70
sS'brothers'
p656
I72
sS'sling'
p657
I72
sS'bandaids'
p658
I72
sS'welcome'
p659
I71
sS'diet'
p660
I71
sS"let's"
p661
I67
sS'fell'
p662
I71
sS'07:25:23.0,33.8177928,-118.212063,5723.02,dam'
p663
I72
sS'weekend'
p664
I71
sS'younger'
p665
I72
sS'happening'
p666
I71
sS'bullet'
p667
I72
sS'16:13:34.0,33.8176967,-118.2119809,5723.02,the'
p668
I72
sS'beamed'
p669
I72
sS'14:18:17.0,33.8178284,-118.2120201,5723.02,you'
p670
I72
sS'loyal'
p671
I69
sS'time'
p672
I49
sS'push'
p673
I72
sS'serious'
p674
I72
sS'beamer'
p675
I72
sS'stick'
p676
I72
sS'neighbors'
p677
I72
sS'coach'
p678
I72
sS':('
p679
I70
sS',90810\n508807769982382080,dannymota_,2014-09-08'
p680
I72
sS'sheeesh'
p681
I71
sS'whoever'
p682
I72
sS'dance'
p683
I70
sS'focus'
p684
I71
sS'manager'
p685
I72
sS'skin'
p686
I72
sS'chair'
p687
I72
sS'row'
p688
I72
sS'go,90810\n512059353457643520,dannymota_,2014-09-17'
p689
I72
sS'zone'
p690
I71
sS'finally'
p691
I70
sS'hungry,90810\n516812866876219392,dannymota_,2014-09-30'
p692
I72
sS'me'
p693
I8
sS'grilling'
p694
I72
sS'krazy'
p695
I71
sS'00:19:30.0,33.8178477,-118.2121498,5723.02,good'
p696
I72
sS'bro,90810\n505067551244554240,dannymota_,2014-08-28'
p697
I72
sS'stays'
p698
I72
sS'cook'
p699
I72
sS'word'
p700
I71
sS'minute'
p701
I72
sS'cool'
p702
I65
sS'clouds'
p703
I72
sS'gud'
p704
I72
sS'did'
p705
I64
sS'die'
p706
I66
sS'danny,90810\n505750180402970624,dannymota_,2014-08-30'
p707
I72
sS'gun'
p708
I70
sS'turnt'
p709
I71
sS'leave'
p710
I67
sS'side,90810\n504912893800767489,dannymota_,2014-08-28'
p711
I72
sS'hittin'
p712
I71
sS'team'
p713
I64
sS'quick'
p714
I62
sS'guy'
p715
I71
sS'dip'
p716
I71
sS'yall'
p717
I67
sS'16:32:16.0,33.8177857,-118.2119257,5723.02,hopefully'
p718
I72
sS'dealing'
p719
I72
sS'sign'
p720
I72
sS'cost'
p721
I72
sS'patient'
p722
I72
sS'bake'
p723
I72
sS'drinks'
p724
I72
sS'remain'
p725
I72
sS'goes'
p726
I69
sS'reply'
p727
I72
sS'02:06:50.0,33.8180172,-118.2118793,5723.02,i'
p728
I72
sS'grandparents'
p729
I71
sS'bottom,90810\n508982725781381120,dannymota_,2014-09-08'
p730
I72
sS'\xe2\x98\x95\xef\xb8\x8f'
p731
I72
sS'18:59:00.0,33.8178566,-118.2119425,5723.02,match,90810\n505064920262512640,dannymota_,2014-08-28'
p732
I72
sS'smurf'
p733
I72
sS'baseball'
p734
I69
sS'alone'
p735
I71
sS'mmmmhmm'
p736
I72
sS'nozzin'
p737
I72
sS'change'
p738
I61
sS'wait'
p739
I70
sS'boy'
p740
I68
sS'yessss'
p741
I72
sS'shift'
p742
I72
sS'2014\xe2\x80\x9d'
p743
I72
sS'culpa'
p744
I72
sS'00:03:04.0,33.8177572,-118.2118422,5723.02,scoop,90810\n515873832075161601,dannymota_,2014-09-27'
p745
I72
sS'jammin'
p746
I72
sS'imy,90810\n508808543852441600,dannymota_,2014-09-08'
p747
I72
sS'cinnamon'
p748
I72
sS'weird'
p749
I71
sS'pillow'
p750
I72
sS'love'
p751
I39
sS'extra'
p752
I72
sS',90810\n513557102447452160,dannymota_,2014-09-21'
p753
I72
sS'randoms'
p754
I72
sS'01:16:58.0,33.8178579,-118.211978,5723.02,riding'
p755
I72
sS'1st'
p756
I71
sS'"my'
p757
I72
sS'skooop'
p758
I72
sS'everybody'
p759
I67
sS'working'
p760
I71
sS'baes'
p761
I72
sS'aye'
p762
I71
sS'positive'
p763
I71
sS',90810\n513567210707496960,dannymota_,2014-09-21'
p764
I72
sS'visit'
p765
I72
sS'04:37:24.0,33.8176723,-118.2119,5723.02,fuuuuck'
p766
I72
sS'by'
p767
I62
sS'"peace'
p768
I72
sS'live'
p769
I65
sS'hoe,90810\n503712606381568000,dannymota_,2014-08-25'
p770
I72
sS'andy'
p771
I72
sS'black'
p772
I69
sS"05:08:25.0,33.8177655,-118.2119623,5723.02,ain't"
p773
I72
sS'thru'
p774
I55
sS'matching*,90810\n505034785589174272,dannymota_,2014-08-28'
p775
I72
sS'today'
p776
I53
sS'loving'
p777
I70
sS"extra'd"
p778
I72
sS'luvn'
p779
I72
sS'club'
p780
I72
sS'ooh'
p781
I72
sS'beers'
p782
I72
sS'cases'
p783
I72
sS'riders'
p784
I72
sS'17:01:13.0,33.817551,-118.2118247,5723.02,no'
p785
I72
sS'another,90810\n516828037753475072,dannymota_,2014-09-30'
p786
I72
sS'niggas'
p787
I18
sS'car'
p788
I68
sS'pretend'
p789
I72
sS'soul'
p790
I68
sS'purge'
p791
I72
sS'fronting'
p792
I72
sS'can'
p793
I43
sS'believed'
p794
I72
sS'making'
p795
I71
sS'whaaaaa'
p796
I72
sS'unconditional'
p797
I72
sS'06:32:30.0,33.8179941,-118.2120312,5723.02,krazy,90810\n517556954181292032,dannymota_,2014-10-02'
p798
I72
sS'streak'
p799
I72
sS'claim'
p800
I70
sS'crazy'
p801
I68
sS'corrupted'
p802
I72
sS'jackpot'
p803
I72
sS"didn't"
p804
I72
sS'fuck'
p805
I30
sS'16:29:49.0,33.8177857,-118.2119257,5723.02,dam'
p806
I72
sS'heard'
p807
I70
sS'gabby'
p808
I71
sS'dropped'
p809
I72
sS'counting'
p810
I72
sS'cardio'
p811
I72
sS'nigga,90810\n510859352916230144,dannymota_,2014-09-13'
p812
I72
sS'fun\xe2\x80\x9d'
p813
I72
sS'winter'
p814
I72
sS'means'
p815
I72
sS'1'
p816
I70
sS'till'
p817
I70
sS'sunday'
p818
I70
sS'babygirl,90810\n518652332163084290,dannymota_,2014-10-05'
p819
I72
sS'swore'
p820
I72
sS'sooooowwoooooop'
p821
I72
sS'01:33:23.0,33.8177339,-118.2119337,5723.02,can'
p822
I72
sS'goosebumps'
p823
I72
sS't.u'
p824
I72
sS'staying'
p825
I72
sS'03:30:01.0,33.8176502,-118.2119444,5723.02,g'
p826
I72
sS'may'
p827
I72
sS'max'
p828
I70
sS'weak,90810\n518533672593416193,dannymota_,2014-10-04'
p829
I72
sS'spot'
p830
I71
sS'22:50:36.0,33.8178494,-118.2120125,5723.02,smoked'
p831
I72
sS'mac'
p832
I72
sS'birthday'
p833
I69
sS'mad'
p834
I70
sS'date'
p835
I70
sS'such'
p836
I68
sS'guys'
p837
I70
sS'grow'
p838
I72
sS'man'
p839
I66
sS'stress'
p840
I70
sS'remember'
p841
I70
sS'mayweather'
p842
I70
sS'whenever'
p843
I71
sS'maybe'
p844
I72
sS'greatest'
p845
I72
sS'rollin'
p846
I72
sS'st'
p847
I72
sS'ehhhh'
p848
I72
sS'macys'
p849
I72
sS'?,90810\n508982201149431808,dannymota_,2014-09-08'
p850
I72
sS'killers'
p851
I72
sS'so'
p852
I31
sS'sa'
p853
I72
sS'talk'
p854
I66
sS'cute'
p855
I70
sS'shoes'
p856
I70
sS'shower,90810\n505036394540974080,dannymota_,2014-08-28'
p857
I72
sS'haircut'
p858
I70
sS'years'
p859
I71
sS'course'
p860
I71
sS'habbit'
p861
I72
sS'that,90810\n508982603894890497,dannymota_,2014-09-08'
p862
I72
sS'latnight'
p863
I72
sS'cold'
p864
I69
sS'still'
p865
I58
sS'blooded'
p866
I72
sS'03:13:45.0,33.8178511,-118.2119194,5723.02,resident'
p867
I72
sS'dreading'
p868
I72
sS'gta'
p869
I71
sS'hey,90810\n512774780097818624,dannymota_,2014-09-19'
p870
I72
sS'group'
p871
I71
sS'03:41:26.0,33.817849,-118.211986,5723.02,text'
p872
I72
sS"he's"
p873
I70
sS'thang'
p874
I72
sS'str8'
p875
I72
sS'window'
p876
I72
sS'blessings,90810\n516744105624236032,dannymota_,2014-09-30'
p877
I72
sS'mail'
p878
I71
sS'main'
p879
I70
sS"03:18:24.0,33.8177839,-118.2120131,5723.02,i'm"
p880
I72
sS'lol,90810\n513451553894576130,dannymota_,2014-09-20'
p881
I72
sS',90810\n505043910767300608,dannymota_,2014-08-28'
p882
I72
sS'non'
p883
I72
sS'usa'
p884
I72
sS'19:09:19.0,33.8181647,-118.2119891,5723.02,rather'
p885
I72
sS'3'
p886
I68
sS'matches'
p887
I71
sS'nigga,90810\n517162579316047872,dannymota_,2014-10-01'
p888
I72
sS'feelin'
p889
I72
sS'lunch'
p890
I71
sS'half'
p891
I71
sS'not'
p892
I52
sS'now'
p893
I50
sS'ahaha'
p894
I71
sS'bullshit'
p895
I71
sS'wont'
p896
I71
sS'name'
p897
I65
sS'fumes'
p898
I72
sS'slumpt'
p899
I72
sS'drop'
p900
I72
sS',90810\n516735814307287040,dannymota_,2014-09-29'
p901
I72
sS'ck"'
p902
I72
sS'rock'
p903
I72
sS'face,90810\n513775596774502400,dannymota_,2014-09-21'
p904
I72
sS'me,90810\n513556907995299840,dannymota_,2014-09-21'
p905
I72
sS'02:48:07.0,33.8179176,-118.2120434,5723.02,you'
p906
I72
sS'em'
p907
I44
sS'ed'
p908
I69
sS'yeah'
p909
I71
sS'shiiiiiiit'
p910
I72
sS'skooped'
p911
I72
sS'catching'
p912
I70
sS'ex'
p913
I70
sS'year'
p914
I69
sS'gtfo'
p915
I72
sS'girl'
p916
I53
sS'worried'
p917
I72
sS'pills'
p918
I72
sS'living'
p919
I68
sS'and\xe2\x80\xa6'
p920
I72
sS'opened'
p921
I72
sS'05:37:59.0,33.817786,-118.2119303,5723.02,,90810\n511750418620112896,dannymota_,2014-09-16'
p922
I72
sS'looking'
p923
I70
sS'01:18:51.0,33.8178068,-118.2119355,5723.02,she'
p924
I72
sS'seriously'
p925
I72
sS'investigation'
p926
I72
sS"shouldn't"
p927
I72
sS'shows'
p928
I72
sS'lag'
p929
I72
sS'monster'
p930
I72
sS'million'
p931
I72
sS'boobs'
p932
I72
sS'you.\xe2\x80\x9d'
p933
I72
sS'disrespect'
p934
I72
sS'california'
p935
I69
sS'besides'
p936
I72
sS'grandma'
p937
I72
sS'amigos'
p938
I72
sS'manikin'
p939
I72
sS'care'
p940
I69
sS'brasil'
p941
I72
sS'drownin'
p942
I72
sS'yup'
p943
I71
sS'coulda'
p944
I72
sS'100$'
p945
I72
sS'goodnightt'
p946
I72
sS'thing'
p947
I63
sS'right,90810\n508810376385794048,dannymota_,2014-09-08'
p948
I72
sS'hooch'
p949
I72
sS'flightt'
p950
I72
sS'yess'
p951
I72
sS'think'
p952
I67
sS'first'
p953
I57
sS'cheese'
p954
I70
sS'it,90810\n503722581006905344,dannymota_,2014-08-25'
p955
I72
sS'me,90810\n512774400290992128,dannymota_,2014-09-19'
p956
I72
sS'saving'
p957
I72
sS'17:03:40.0,33.817551,-118.2118247,5723.02,even'
p958
I72
sS'softball'
p959
I72
sS'crib'
p960
I71
sS'mucho'
p961
I72
sS'fast'
p962
I71
sS'invasion'
p963
I72
sS'carry'
p964
I72
sS'sounds'
p965
I70
sS'open'
p966
I71
sS'tomorrow'
p967
I61
sS"'em"
p968
I72
sS'size'
p969
I72
sS'city'
p970
I70
sS'little'
p971
I70
sS'checked'
p972
I72
sS'woopty'
p973
I72
sS'nozzed'
p974
I72
sS'caught'
p975
I66
sS'slept'
p976
I71
sS'plastic'
p977
I72
sS'anyone'
p978
I72
sS'2'
p979
I62
sS'white'
p980
I68
sS'16:59:39.0,33.8178892,-118.212062,5723.02,,90810\n508660264036622336,dannymota_,2014-09-07'
p981
I72
sS'speaking'
p982
I71
sS'gives'
p983
I71
sS'eyes'
p984
I70
sS'mostly'
p985
I72
sS'that'
p986
I12
sS'huh'
p987
I71
sS'20:23:24.0,33.8178445,-118.2118206,5723.02,but'
p988
I72
sS'snatch'
p989
I71
sS'cops'
p990
I68
sS'than'
p991
I65
sS'boyfriend'
p992
I72
sS'11'
p993
I71
sS'10'
p994
I69
sS'ratchets'
p995
I72
sS'12'
p996
I72
sS'lmao'
p997
I68
sS'17'
p998
I72
sS'16'
p999
I72
sS'19'
p1000
I71
sS'18'
p1001
I72
sS'gotta'
p1002
I55
sS'boxin'
p1003
I72
sS'r'
p1004
I71
sS'were'
p1005
I64
sS'asleep'
p1006
I71
sS'music,90810\n505044713104093185,dannymota_,2014-08-28'
p1007
I72
sS'and'
p1008
I31
sS'lick'
p1009
I72
sS'san'
p1010
I72
sS'angel'
p1011
I70
sS'premiere?\xe2\x80\x9d'
p1012
I72
sS'turned'
p1013
I70
sS'marijuana'
p1014
I71
sS'sad'
p1015
I69
sS'ant'
p1016
I71
sS'say'
p1017
I61
sS'lurking'
p1018
I72
sS'breakfast'
p1019
I71
sS'nigga,90810\n516454559363760128,dannymota_,2014-09-29'
p1020
I72
sS'saw'
p1021
I71
sS'any'
p1022
I70
sS'marathon'
p1023
I72
sS'kush'
p1024
I70
sS'lumpy'
p1025
I72
sS'04:14:56.0,33.817692,-118.2121143,5723.02,yo'
p1026
I72
sS'wcw'
p1027
I72
sS'baaaaccckkk'
p1028
I72
sS'squad'
p1029
I70
sS'take'
p1030
I43
sS'online'
p1031
I72
sS'wanting'
p1032
I72
sS'blunt'
p1033
I56
sS'switching'
p1034
I72
sS'fcp'
p1035
I71
sS'sure'
p1036
I70
sS'pain'
p1037
I71
sS'normal'
p1038
I72
sS"beyonce's"
p1039
I72
sS'05:16:39.0,33.8177234,-118.211902,5723.02,if'
p1040
I72
sS'price'
p1041
I72
sS'knew'
p1042
I70
sS'paid'
p1043
I72
sS'fck'
p1044
I72
sS'forever'
p1045
I71
sS'egg'
p1046
I72
sS'later'
p1047
I69
sS'steady'
p1048
I72
sS'hungry'
p1049
I65
sS'school,90810\n512060359117533184,dannymota_,2014-09-17'
p1050
I72
sS'sunset'
p1051
I72
sS'shop'
p1052
I64
sS'walking'
p1053
I70
sS'shot'
p1054
I69
sS'\xe2\x9c\xa8'
p1055
I71
sS'show'
p1056
I71
sS'chiefer,90810\n513523523403276288,dannymota_,2014-09-21'
p1057
I72
sS'mains'
p1058
I72
sS'cheap'
p1059
I72
sS'contemporary'
p1060
I72
sS'discovered'
p1061
I72
sS'choppaz'
p1062
I72
sS'choppas'
p1063
I71
sS'takin'
p1064
I72
sS'aint'
p1065
I51
sS'"who\'s'
p1066
I72
sS'slow'
p1067
I71
sS'\xe2\x9c\x8b'
p1068
I72
sS'dick'
p1069
I68
sS'shells,90810\n517161093903302656,dannymota_,2014-10-01'
p1070
I72
sS'enough'
p1071
I68
sS'only'
p1072
I54
sS'going'
p1073
I62
sS'actin'
p1074
I70
sS'\xe2\x9c\x94'
p1075
I72
sS'\xe2\x9c\x94pool'
p1076
I72
sS"y'all,90810\n510870956181426176,dannymota_,2014-09-13"
p1077
I72
sS'alone,90810\n513365136845709312,dannymota_,2014-09-20'
p1078
I72
sS'get'
p1079
I20
sS'kiko'
p1080
I72
sS'frontin'
p1081
I72
sS"sho'"
p1082
I72
sS'whaaat'
p1083
I71
sS'stroll'
p1084
I66
sS'swim'
p1085
I72
sS'wierdos'
p1086
I72
sS'celebrate'
p1087
I72
sS'isnt'
p1088
I72
sS'morning'
p1089
I66
sS'naked'
p1090
I72
sS'who,90810\n516303986282868736,dannymota_,2014-09-28'
p1091
I72
sS'03:57:58.0,33.8180026,-118.2118213,5723.02,all'
p1092
I72
sS'stupid'
p1093
I72
sS'bought'
p1094
I72
sS'where'
p1095
I58
sS'worrying'
p1096
I72
sS"y'all"
p1097
I63
sS'week,90810\n508809089384583168,dannymota_,2014-09-08'
p1098
I72
sS'06:04:11.0,33.8177734,-118.2119005,5723.02,young'
p1099
I72
sS'banged'
p1100
I72
sS'mom'
p1101
I67
sS'seat'
p1102
I72
sS'college'
p1103
I70
sS'hoes'
p1104
I65
sS'sport'
p1105
I72
sS'~henry'
p1106
I72
sS'19:58:52.0,33.817666,-118.2118394,5723.02,bored,90810\n510880238935351296,dannymota_,2014-09-13'
p1107
I72
sS'poops'
p1108
I71
sS'fascinated'
p1109
I71
sS'outside'
p1110
I70
sS'nigga,90810\n516304613973049344,dannymota_,2014-09-28'
p1111
I72
sS'same,90810\n512776070332837889,dannymota_,2014-09-19'
p1112
I72
sS'jumper'
p1113
I72
sS'notice'
p1114
I72
sS'tatlo'
p1115
I72
sS'18:50:35.0,33.8178588,-118.2119463,5723.02,all'
p1116
I72
sS',90810\n512392953495433217,dannymota_,2014-09-18'
p1117
I72
sS'04:45:46.0,33.8177116,-118.2119457,5723.02,\xe2\x98\x81,90810\n508838534136856576,dannymota_,2014-09-08'
p1118
I72
sS'hiding,90810\n503712385295593473,dannymota_,2014-08-25'
p1119
I72
sS'\xe2\x9d\xa4\xef\xb8\x8f\xe2\x9d\xa4\xef\xb8\x8f\xe2\x9d\xa4\xef\xb8\x8f\xe2\x9d\xa4\xef\xb8\x8f\xe2\x9d\xa4\xef\xb8\x8f\xe2\x9d\xa4\xef\xb8\x8f\xe2\x9d\xa4\xef\xb8\x8f\xe2\x9d\xa4\xef\xb8\x8f\xe2\x9d\xa4\xef\xb8\x8f\xe2\x9d\xa4\xef\xb8\x8f\xe2\x9d\xa4\xef\xb8\x8f\xe2\x9d\xa4\xef\xb8\x8f\xe2\x9d\xa4\xef\xb8\x8f'
p1120
I72
sS'jk'
p1121
I72
sS'coma'
p1122
I72
sS'come'
p1123
I53
sS'quack'
p1124
I71
sS'hey,90810\n505030299525185536,dannymota_,2014-08-28'
p1125
I72
sS'mans'
p1126
I72
sS'many'
p1127
I67
sS'flipped'
p1128
I69
sS'u,90810\n509171899025215489,dannymota_,2014-09-09'
p1129
I72
sS'it,90810\n518535315103809536,dannymota_,2014-10-04'
p1130
I72
sS'delete'
p1131
I72
sS'uoy'
p1132
I72
sS"can't"
p1133
I59
sS'concert'
p1134
I72
sS'150'
p1135
I72
sS'color'
p1136
I72
sS'continuation'
p1137
I71
sS'jeans'
p1138
I71
sS'pop'
p1139
I69
sS'05:14:42.0,33.8177031,-118.2118508,5723.02,broke'
p1140
I72
sS'school,90810\n509205402123112448,dannymota_,2014-09-09'
p1141
I72
sS'bums'
p1142
I72
sS'west'
p1143
I63
sS'08:47:49.0,33.8178668,-118.2119207,5723.02,fuck'
p1144
I72
sS'breath'
p1145
I72
sS"self's"
p1146
I72
sS'trust.\xe2\x80\x9d'
p1147
I72
sS'mary'
p1148
I71
sS'bro,90810\n501212247796879361,dannymota_,2014-08-18'
p1149
I72
sS'04:06:09.0,33.817692,-118.2121143,5723.02,alot'
p1150
I72
sS'shopping'
p1151
I72
sS"jordan's"
p1152
I72
sS'wish,90810\n505749147165532160,dannymota_,2014-08-30'
p1153
I72
sS'dramatic'
p1154
I72
sS'wake'
p1155
I69
sS'hatin'
p1156
I72
sS'irrelevant'
p1157
I72
sS'those'
p1158
I69
sS'runnin'
p1159
I71
sS'myself'
p1160
I67
sS'cutie'
p1161
I72
sS'04:02:21.0,33.817692,-118.2121143,5723.02,my'
p1162
I72
sS',90810\n510858752459669505,dannymota_,2014-09-13'
p1163
I72
sS'these'
p1164
I57
sS'winks'
p1165
I72
sS'01:31:56.0,33.8177339,-118.2119337,5723.02,my'
p1166
I72
sS'residence'
p1167
I67
sS'shopp'
p1168
I72
sS'18:43:34.0,33.8177518,-118.2119294,5723.02,skoop,90810\n510861137680678912,dannymota_,2014-09-13'
p1169
I72
sS'fatfy'
p1170
I72
sS'ive'
p1171
I69
sS'eventually'
p1172
I72
sS'04:22:27.0,33.817692,-118.2121143,5723.02,free'
p1173
I72
sS'coffee'
p1174
I71
sS'gringo'
p1175
I72
sS'good'
p1176
I52
sS'heels'
p1177
I72
sS'return'
p1178
I72
sS'everyday'
p1179
I71
sS'worry'
p1180
I72
sS'different'
p1181
I72
sS'pay'
p1182
I72
sS'thinkin'
p1183
I72
sS'bowl'
p1184
I72
sS'same'
p1185
I50
sS'trip'
p1186
I69
sS'food'
p1187
I70
sS'pad'
p1188
I71
sS'buys'
p1189
I72
sS"it's"
p1190
I60
sS'week'
p1191
I61
sS'closest'
p1192
I72
sS'are,90810\n511742651616333825,dannymota_,2014-09-16'
p1193
I72
sS"18:35:03.0,33.8177518,-118.2119294,5723.02,i'm"
p1194
I72
sS'outt,90810\n516454425720680448,dannymota_,2014-09-29'
p1195
I72
sS'rainy'
p1196
I72
sS'bumpin'
p1197
I71
sS'running'
p1198
I69
sS"05:35:38.0,33.8178772,-118.2119513,5723.02,ain't"
p1199
I72
sS'deff'
p1200
I72
sS'pookie'
p1201
I72
sS'faithful'
p1202
I72
sS'\xe2\x9c\x8c\xef\xb8\x8f'
p1203
I71
sS'that,90810\n505064576962928640,dannymota_,2014-08-28'
p1204
I72
sS'burrito'
p1205
I72
sS'dying'
p1206
I71
sS'32nd'
p1207
I71
sS'nothin'
p1208
I72
sS'05:38:19.0,33.817786,-118.2119303,5723.02,got'
p1209
I72
sS'murked'
p1210
I72
sS"..you're"
p1211
I72
sS'comes'
p1212
I70
sS'very'
p1213
I72
sS'summer'
p1214
I69
sS'they'
p1215
I30
sS'07:31:04.0,33.8178836,-118.2119443,5723.02,seen'
p1216
I72
sS'being'
p1217
I67
sS'money'
p1218
I60
sS'posole'
p1219
I72
sS'risking'
p1220
I72
sS'violent'
p1221
I72
sS'kill'
p1222
I71
sS',90810\n513526765927419904,dannymota_,2014-09-21'
p1223
I72
sS'touch'
p1224
I72
sS'ps3'
p1225
I72
sS'personals'
p1226
I72
sS"mo'"
p1227
I72
sS'04:03:07.0,33.8178625,-118.2119731,5723.02,bitch'
p1228
I72
sS'death'
p1229
I69
sS'thinking'
p1230
I72
sS'bridgette'
p1231
I72
sS'pups'
p1232
I72
sS"everyone's"
p1233
I72
sS'seems'
p1234
I71
sS'except'
p1235
I72
sS'05:17:21.0,33.8177234,-118.211902,5723.02,yo'
p1236
I72
sS'lets'
p1237
I71
sS'setting'
p1238
I72
sS'4'
p1239
I70
sS'hommeeeee'
p1240
I72
sS'halftime'
p1241
I72
sS'dicks'
p1242
I72
sS'real'
p1243
I42
sS'starving'
p1244
I71
sS'22:57:45.0,33.8178663,-118.2120027,5723.02,giiiirl'
p1245
I72
sS'around'
p1246
I65
sS'read'
p1247
I72
sS'ass,90810\n508981805186166786,dannymota_,2014-09-08'
p1248
I72
sS'gonna'
p1249
I39
sS'dark'
p1250
I71
sS'nando'
p1251
I70
sS'killa'
p1252
I71
sS'\xe2\x9d\xa4'
p1253
I70
sS'world'
p1254
I69
sS'01:25:18.0,33.8175883,-118.2119604,5723.02,guess'
p1255
I72
sS'lady'
p1256
I71
sS'grim'
p1257
I72
sS'furniture'
p1258
I72
sS'19:55:28.0,33.817666,-118.2118394,5723.02,babe'
p1259
I72
sS'whatadick'
p1260
I72
sS'homegirl'
p1261
I72
sS'laughing'
p1262
I72
sS'22:00:45.0,33.8148834,-118.2115954,5723.02,weird'
p1263
I72
sS'03:02:03.0,33.8180172,-118.2118793,5723.02,my'
p1264
I72
sS'$25.00'
p1265
I71
sS'clap'
p1266
I72
sS'britt'
p1267
I71
sS'playin'
p1268
I72
sS'matching'
p1269
I72
sS'gross'
p1270
I72
sS'mood'
p1271
I71
sS'again,90810\n517796352705568768,dannymota_,2014-10-02'
p1272
I72
sS'slick'
p1273
I72
sS'name,90810\n510878523691503616,dannymota_,2014-09-13'
p1274
I72
sS'doggs'
p1275
I71
sS'throat'
p1276
I70
sS'hipster'
p1277
I72
sS'h.w'
p1278
I72
sS'hustle'
p1279
I72
sS'football'
p1280
I71
sS'business'
p1281
I69
sS'asap'
p1282
I72
sS'lmfao'
p1283
I69
sS'lost,90810\n517160156434399232,dannymota_,2014-10-01'
p1284
I72
sS'17:13:10.0,33.8178892,-118.212062,5723.02,grimes,90810\n508660882629345280,dannymota_,2014-09-07'
p1285
I72
sS'credits'
p1286
I72
sS"6'5"
p1287
I72
sS'em,90810\n508686940648910850,dannymota_,2014-09-07'
p1288
I72
sS'shit,90810\n511363963389353984,dannymota_,2014-09-15'
p1289
I72
sS'ducking'
p1290
I71
sS'earlier'
p1291
I69
sS'on'
p1292
I19
sS'ol'
p1293
I63
sS'ok'
p1294
I70
sS'oh'
p1295
I62
sS'og'
p1296
I71
sS'of'
p1297
I25
sS'cabrillok'
p1298
I72
sS'od'
p1299
I72
sS'fightin'
p1300
I72
sS'wolf'
p1301
I72
sS'stand'
p1302
I71
sS'itty'
p1303
I72
sS'act'
p1304
I67
sS'04:25:54.0,33.817833,-118.2120431,5723.02,shower'
p1305
I72
sS'stank'
p1306
I72
sS'or'
p1307
I55
sS'op'
p1308
I72
sS'bitty'
p1309
I72
sS'ladies'
p1310
I72
sS'lands'
p1311
I72
sS'03:31:46.0,33.8178456,-118.2118815,5723.02,3'
p1312
I72
sS'blessed'
p1313
I71
sS'snapchat'
p1314
I71
sS'flavors'
p1315
I72
sS'rolling'
p1316
I71
sS'parties'
p1317
I72
sS'yous'
p1318
I72
sS'your'
p1319
I53
sS'trabajas'
p1320
I72
sS'smoke,90810\n510871110032711681,dannymota_,2014-09-13'
p1321
I72
sS'her'
p1322
I37
sS"03:25:01.0,33.8177961,-118.2119548,5723.02,i'm"
p1323
I72
sS'there'
p1324
I63
sS'hey'
p1325
I52
sS'lol'
p1326
I10
sS'start'
p1327
I66
sS'racist'
p1328
I72
sS'low'
p1329
I70
sS'stars'
p1330
I72
sS'13:50:19.0,33.8177576,-118.2120158,5723.02,she'
p1331
I72
sS'ehh'
p1332
I72
sS'04:50:01.0,33.8177396,-118.2121319,5723.02,not'
p1333
I72
sS'dormir'
p1334
I72
sS'blunt,90810\n508392780284977152,dannymota_,2014-09-06'
p1335
I72
sS'"commitment'
p1336
I72
sS'reaper,90810\n518535972502245376,dannymota_,2014-10-04'
p1337
I72
sS'you"'
p1338
I71
sS'awebo'
p1339
I72
sS'mouth,90810\n516812506640039937,dannymota_,2014-09-30'
p1340
I72
sS'trying'
p1341
I71
sS'with'
p1342
I13
sS'longer'
p1343
I72
sS'abused'
p1344
I72
sS'pull'
p1345
I68
sS'romantic'
p1346
I72
sS'out,90810\n513742296332763136,dannymota_,2014-09-21'
p1347
I72
sS'...,90810\n517168700164562946,dannymota_,2014-10-01'
p1348
I72
sS'jelouse'
p1349
I72
sS',90810\n512775612092538881,dannymota_,2014-09-19'
p1350
I72
sS'miguel'
p1351
I72
sS'chapped'
p1352
I72
sS'02:45:09.0,33.8179021,-118.211848,5723.02,boutta'
p1353
I72
sS'gone'
p1354
I67
sS'messaged'
p1355
I72
sS'felix'
p1356
I72
sS'am'
p1357
I64
sS'an'
p1358
I65
sS'as'
p1359
I61
sS'at'
p1360
I31
sS'aw'
p1361
I72
sS'06:07:54.0,33.8178539,-118.2119649,5723.02,well'
p1362
I72
sS'moves'
p1363
I72
sS'film'
p1364
I72
sS'gram'
p1365
I72
sS'again'
p1366
I67
sS'elotera'
p1367
I72
sS'14:40:06.0,33.8179523,-118.2119569,5723.02,sleeepy,90810\n512133741230030848,dannymota_,2014-09-17'
p1368
I72
sS'02:59:38.0,33.8178625,-118.2118452,5723.02,too'
p1369
I72
sS'graduate'
p1370
I71
sS'field'
p1371
I71
sS'5'
p1372
I71
sS'you'
p1373
I6
sS'"yes'
p1374
I72
sS'out,90810\n518536711718961152,dannymota_,2014-10-04'
p1375
I72
sS'poor'
p1376
I72
sS'obsessed'
p1377
I72
sS',90810\n516831786022604800,dannymota_,2014-09-30'
p1378
I72
sS'19:43:42.0,33.8178818,-118.2118952,5723.02,been'
p1379
I72
sS'a1'
p1380
I72
sS'track'
p1381
I72
sS'scooooop'
p1382
I71
sS'pool'
p1383
I61
sS'missed'
p1384
I72
sS'\xe2\x99\xa1'
p1385
I72
sS'2009'
p1386
I72
sS'srry'
p1387
I71
sS'08:40:12.0,33.8178368,-118.2119631,5723.02,luis,90810\n504909769182695424,dannymota_,2014-08-28'
p1388
I72
sS'calls'
p1389
I71
sS'wife'
p1390
I63
sS'tricks'
p1391
I72
sS'evening/'
p1392
I72
sS'mask'
p1393
I72
sS'cordero'
p1394
I67
sS'u'
p1395
I62
sS'alright'
p1396
I70
sS'baddies'
p1397
I72
sS'wasatching'
p1398
I72
sS'aramco'
p1399
I72
sS'all'
p1400
I26
sS'diss'
p1401
I72
sS'forget'
p1402
I66
sS'04:52:44.0,33.8177244,-118.2120264,5723.02,her'
p1403
I72
sS'beware'
p1404
I72
sS'03:29:13.0,33.817864,-118.2119809,5723.02,hey,90810\n501207512998088704,dannymota_,2014-08-18'
p1405
I72
sS'22:56:02.0,33.8178474,-118.2120133,5723.02,,90810\n518533845058985984,dannymota_,2014-10-04'
p1406
I72
sS'taquitos'
p1407
I72
sS'children'
p1408
I72
sS'emily'
p1409
I71
sS'apartment'
p1410
I72
sS'tv'
p1411
I72
sS'errybody'
p1412
I71
sS'wassup'
p1413
I58
sS'-i'
p1414
I72
sS'days!recovery'
p1415
I72
sS'to'
p1416
I7
sS'wants'
p1417
I72
sS'match,90810\n505032567217598464,dannymota_,2014-08-28'
p1418
I72
sS'tf'
p1419
I63
sS'drowzy'
p1420
I71
sS'td'
p1421
I72
sS'tb'
p1422
I72
sS'sound'
p1423
I72
sS'woman'
p1424
I72
sS'sister'
p1425
I72
sS'lakewood'
p1426
I70
sS'sitting'
p1427
I72
sS'far'
p1428
I72
sS'\xe2\x9c\x94drinks'
p1429
I72
sS'lol,90810\n504915155017150464,dannymota_,2014-08-28'
p1430
I72
sS'fat'
p1431
I65
sS'selfies'
p1432
I72
sS'bibby'
p1433
I72
sS'worst'
p1434
I71
sS'fall'
p1435
I72
sS'ticket'
p1436
I71
sS',90810\n512097968279654401,dannymota_,2014-09-17'
p1437
I72
sS'fag'
p1438
I72
sS'trippin'
p1439
I70
sS'dodged'
p1440
I72
sS'northk'
p1441
I72
sS'21:37:45.0,33.8178769,-118.2119785,5723.02,just'
p1442
I72
sS'01:45:42.0,33.8178196,-118.2120725,5723.02,i'
p1443
I72
sS'hyu'
p1444
I72
sS'00:09:34.0,33.8178817,-118.2119652,5723.02,i'
p1445
I72
sS"i'll"
p1446
I63
sS'bitch,90810\n516339896537972736,dannymota_,2014-09-28'
p1447
I72
sS'cookies'
p1448
I72
sS'quicker'
p1449
I72
sS'streets'
p1450
I71
sS'quick,90810\n509179425221394434,dannymota_,2014-09-09'
p1451
I72
sS'tee'
p1452
I71
sS'cash'
p1453
I72
sS'past'
p1454
I66
sS'zero'
p1455
I72
sS'?,90810\n508392858672316416,dannymota_,2014-09-06'
p1456
I72
sS'pass'
p1457
I70
sS'lol,90810\n505042180587532290,dannymota_,2014-08-28'
p1458
I72
sS'what'
p1459
I42
sS',90810\n509496727254990848,dannymota_,2014-09-10'
p1460
I72
sS'me,90810\n503713081101279232,dannymota_,2014-08-25'
p1461
I72
sS'time.\xe2\x80\x9d'
p1462
I72
sS'fucks'
p1463
I61
sS'burgundy'
p1464
I72
sS'relaax'
p1465
I72
sS'sus'
p1466
I72
sS',90810\n512779962554646528,dannymota_,2014-09-19'
p1467
I72
sS'homeless,90810\n508793817672065024,dannymota_,2014-09-08'
p1468
I72
sS'full'
p1469
I69
sS'smoke,90810\n518535236980703233,dannymota_,2014-10-04'
p1470
I72
sS'hungover'
p1471
I72
sS'vale'
p1472
I72
sS'hours'
p1473
I71
sS'i.d'
p1474
I71
sS'strong'
p1475
I72
sS'shoulda'
p1476
I71
sS'hit,90810\n510879454516617216,dannymota_,2014-09-13'
p1477
I72
sS'colored'
p1478
I72
sS'$lumped'
p1479
I71
sS'04:26:41.0,33.8175976,-118.211838,5723.02,bro'
p1480
I72
sS'19:17:52.0,33.8179639,-118.211839,5723.02,mayweather'
p1481
I72
sS'pics'
p1482
I69
sS'22:59:44.0,33.8178459,-118.2120106,5723.02,fuck'
p1483
I72
sS'pick'
p1484
I72
sS'action'
p1485
I71
sS'family'
p1486
I69
sS'cowardly'
p1487
I72
sS'smoke,90810\n501212414717612032,dannymota_,2014-08-18'
p1488
I72
sS'put'
p1489
I61
sS'22:57:07.0,33.8178467,-118.2120119,5723.02,these'
p1490
I72
sS'worst,90810\n503797623589838848,dannymota_,2014-08-25'
p1491
I72
sS'casket'
p1492
I72
sS'freese'
p1493
I72
sS'two'
p1494
I71
sS'03:56:27.0,33.8180026,-118.2118213,5723.02,taking'
p1495
I72
sS'6'
p1496
I72
sS'03:24:58.0,33.8177932,-118.2120213,5723.02,britt'
p1497
I72
sS'more'
p1498
I64
sS'teen'
p1499
I72
sS'rn,90810\n515872787466960898,dannymota_,2014-09-27'
p1500
I72
sS'door'
p1501
I70
sS'knows'
p1502
I71
sS'gabriela,90810\n513731263341932545,dannymota_,2014-09-21'
p1503
I72
sS'fredo'
p1504
I72
sS'waaahhttt'
p1505
I72
sS'guap'
p1506
I72
sS'flag'
p1507
I71
sS'floyd'
p1508
I72
sS"ain't"
p1509
I41
sS'basically'
p1510
I72
sS'broke'
p1511
I68
sS'dey'
p1512
I72
sS'none'
p1513
I69
sS'evil,90810\n512965472807964672,dannymota_,2014-09-19'
p1514
I72
sS'hour'
p1515
I72
sS'04:59:34.0,33.8177323,-118.2117851,5723.02,you'
p1516
I72
sS'02:55:24.0,33.8177961,-118.2119548,5723.02,that'
p1517
I72
sS'mall'
p1518
I70
sS'sudden'
p1519
I70
sS'nine'
p1520
I72
sS'dem'
p1521
I72
sS'learn'
p1522
I71
sS'knocked'
p1523
I71
sS'lol,90810\n516304280077094912,dannymota_,2014-09-28'
p1524
I72
sS'dee'
p1525
I72
sS'nino'
p1526
I71
sS'history'
p1527
I72
sS'beautiful'
p1528
I69
sS'kasper'
p1529
I72
sS'sike'
p1530
I72
sS'minimum'
p1531
I72
sS'salty'
p1532
I72
sS'numbers'
p1533
I72
sS'sense'
p1534
I71
sS'pong'
p1535
I72
sS'wife,90810\n517145729903493121,dannymota_,2014-10-01'
p1536
I72
sS'needs'
p1537
I72
sS'goal'
p1538
I72
sS'rather'
p1539
I70
sS'08:32:05.0,33.8178729,-118.2119304,5723.02,hey,90810\n504909025922646017,dannymota_,2014-08-28'
p1540
I72
sS'fast,90810\n509180025178816513,dannymota_,2014-09-09'
p1541
I72
sS'stayed'
p1542
I72
sS'needa'
p1543
I68
sS'hot,90810\n511655254559969280,dannymota_,2014-09-15'
p1544
I72
sS't.l'
p1545
I72
sS'plant'
p1546
I72
sS'shouldnt'
p1547
I72
sS'okay'
p1548
I63
sS'tried'
p1549
I68
sS'13:45:03.0,33.8177576,-118.2120158,5723.02,hoe'
p1550
I72
sS'clothes'
p1551
I72
sS',90810\n511751776920293377,dannymota_,2014-09-16'
p1552
I72
sS'sneak'
p1553
I72
sS'whippin'
p1554
I71
sS'exposed,90810\n517163038965637120,dannymota_,2014-10-01'
p1555
I72
sS'plane'
p1556
I72
sS'blood'
p1557
I69
sS'coming'
p1558
I67
sS'backyard'
p1559
I72
sS'capitalize'
p1560
I72
sS'a'
p1561
I3
sS'short'
p1562
I70
sS'tupac'
p1563
I71
sS'selfs'
p1564
I72
sS'strutting'
p1565
I72
sS'04:06:38.0,33.817692,-118.2121143,5723.02,life'
p1566
I72
sS'dream'
p1567
I68
sS'playing'
p1568
I72
sS"that's"
p1569
I46
sS'burnt'
p1570
I72
sS'mexican'
p1571
I72
sS'help'
p1572
I71
sS"don't"
p1573
I38
sS'sooo'
p1574
I72
sS'soon'
p1575
I72
sS'03:20:09.0,33.8177932,-118.2120213,5723.02,see'
p1576
I72
sS'attitude'
p1577
I72
sS'through'
p1578
I72
sS'05:08:56.0,33.8177655,-118.2119623,5723.02,got'
p1579
I72
sS'hell'
p1580
I72
sS'itt'
p1581
I69
sS'siguro'
p1582
I72
sS'its'
p1583
I47
sS'24'
p1584
I72
sS'25'
p1585
I72
sS',90810\n517162463318405120,dannymota_,2014-10-01'
p1586
I72
sS'20'
p1587
I71
sS'xanns'
p1588
I71
sS'pray'
p1589
I72
sS'alll'
p1590
I72
sS'xannz'
p1591
I71
sS'01:48:45.0,33.8177382,-118.2118191,5723.02,good'
p1592
I72
sS'late'
p1593
I72
sS'2%'
p1594
I72
sS'bummer'
p1595
I72
sS'bout'
p1596
I50
sS'soccer'
p1597
I72
sS'might'
p1598
I63
sS"haven't"
p1599
I70
sS'fool'
p1600
I71
sS'homies,90810\n513364417921040384,dannymota_,2014-09-20'
p1601
I72
sS'hurting'
p1602
I72
sS'someone'
p1603
I71
sS'somebody'
p1604
I69
sS'yo'
p1605
I33
sS'ya'
p1606
I51
sS'goon'
p1607
I72
sS'fuccing'
p1608
I72
sS'23:02:40.0,33.8179548,-118.2120309,5723.02,smoking'
p1609
I72
sS'sucked'
p1610
I69
sS'ckrab'
p1611
I72
sS'gets'
p1612
I72
sS'pregnant'
p1613
I72
sS'sundays'
p1614
I72
sS'always'
p1615
I61
sS'bless'
p1616
I72
sS'stopped'
p1617
I69
sS'found'
p1618
I69
sS'pow'
p1619
I72
sS'trailer'
p1620
I71
sS'everyone'
p1621
I70
sS'another'
p1622
I67
sS'weight'
p1623
I70
sS'house'
p1624
I58
sS'hard'
p1625
I67
sS'idea'
p1626
I72
sS'homegirls'
p1627
I71
sS'05:49:33.0,33.8177619,-118.2118704,5723.02,sleepy'
p1628
I72
sS'22:18:36.0,33.8175883,-118.2120715,5723.02,a'
p1629
I72
sS'todo'
p1630
I72
sS'really'
p1631
I52
sS'shop,90810\n509206235208372224,dannymota_,2014-09-09'
p1632
I72
sS'movement,90810\n517161344160632832,dannymota_,2014-10-01'
p1633
I72
sS'lipstick'
p1634
I72
sS'scoops'
p1635
I72
sS'since'
p1636
I69
sS'testify'
p1637
I72
sS'19:26:06.0,33.8179639,-118.211839,5723.02,ima'
p1638
I72
sS'acting'
p1639
I68
sS'uoeno,90810\n516812184383258624,dannymota_,2014-09-30'
p1640
I72
sS'print'
p1641
I72
sS'lolz'
p1642
I72
sS'straight,90810\n504906411793321985,dannymota_,2014-08-28'
p1643
I72
sS'bubba'
p1644
I72
sS'ass'
p1645
I27
sS'bye'
p1646
I72
sS'?,90810\n512392046733041664,dannymota_,2014-09-18'
p1647
I72
sS'dirt'
p1648
I72
sS'friday'
p1649
I69
sS'forgive'
p1650
I72
sS'01:47:53.0,33.8177382,-118.2118191,5723.02,climbing'
p1651
I72
sS'reason'
p1652
I69
sS'asf'
p1653
I63
sS'imagine'
p1654
I72
sS'ask'
p1655
I71
sS'horse'
p1656
I72
sS'teach'
p1657
I72
sS'weed'
p1658
I63
sS'13:41:31.0,33.8177619,-118.2118704,5723.02,i'
p1659
I72
sS'opps'
p1660
I71
sS'american'
p1661
I71
sS'bonfire'
p1662
I72
sS'dont'
p1663
I50
sS'feel'
p1664
I64
sS'sydney'
p1665
I72
sS'feet'
p1666
I72
sS'sisters'
p1667
I72
sS'ily,90810\n511364562281451520,dannymota_,2014-09-15'
p1668
I72
sS'done'
p1669
I61
sS'changing'
p1670
I72
sS'miss'
p1671
I58
sS'congratulations!\xe2\x80\x9d'
p1672
I72
sS'guess'
p1673
I69
sS'"'
p1674
I45
sS'killie'
p1675
I72
sS'bars,90810\n517165744270757888,dannymota_,2014-10-01'
p1676
I72
sS'player'
p1677
I72
sS'02:08:18.0,33.8178507,-118.2119544,5723.02,face'
p1678
I72
sS'saint'
p1679
I72
sS'booster'
p1680
I72
sS'selling'
p1681
I72
sS'passed'
p1682
I72
sS'relationship'
p1683
I72
sS'behind'
p1684
I69
sS'smo,90810\n516085180230926336,dannymota_,2014-09-28'
p1685
I72
sS'park'
p1686
I63
sS'part'
p1687
I71
sS'jordan'
p1688
I72
sS'off'
p1689
I63
sS'believe'
p1690
I69
sS'commercial>>>'
p1691
I72
sS'kind'
p1692
I72
sS'b'
p1693
I72
sS'double'
p1694
I72
sS'supposed'
p1695
I71
sS'snitches'
p1696
I72
sS'you,90810\n517165625668427776,dannymota_,2014-10-01'
p1697
I72
sS'04:19:34.0,33.8175246,-118.2122334,5723.02,,90810\n509182911694659585,dannymota_,2014-09-09'
p1698
I72
sS'04:01:05.0,33.8178338,-118.2118351,5723.02,no'
p1699
I72
sS'randomly'
p1700
I72
sS'gale'
p1701
I72
sS'her,90810\n513759116536205312,dannymota_,2014-09-21'
p1702
I72
sS"nothin'"
p1703
I72
sS',90810\n513754693797822464,dannymota_,2014-09-21'
p1704
I72
sS'03:45:17.0,33.8178295,-118.2120132,5723.02,if'
p1705
I72
sS'bitch,90810\n509210754830962688,dannymota_,2014-09-09'
p1706
I72
sS'08:52:23.0,33.8178731,-118.2119203,5723.02,big'
p1707
I72
sS'sell'
p1708
I72
sS'lie'
p1709
I67
sS'breathing'
p1710
I72
sS'nights'
p1711
I72
sS'dancing'
p1712
I71
sS'lil'
p1713
I57
sS'self'
p1714
I71
sS'samoan'
p1715
I72
sS'thang,90810\n505067037987594240,dannymota_,2014-08-28'
p1716
I72
sS'nakakainlab'
p1717
I72
sS'also'
p1718
I72
sS'drone'
p1719
I72
sS'comment'
p1720
I72
sS'useless'
p1721
I71
sS'finding'
p1722
I72
sS'ass,90810\n508981263554711552,dannymota_,2014-09-08'
p1723
I72
sS'6:10'
p1724
I72
sS'"fish'
p1725
I72
sS'14:04:33.0,33.8178767,-118.2120071,5723.02,schoolk,90810\n512961525179359233,dannymota_,2014-09-19'
p1726
I72
sS'play'
p1727
I69
sS'towards'
p1728
I72
sS'03:29:34.0,33.8176195,-118.211851,5723.02,yea'
p1729
I72
sS'approves'
p1730
I72
sS'08:20:43.0,33.8178361,-118.2119542,5723.02,bout'
p1731
I72
sS'yawp'
p1732
I72
sS'most'
p1733
I70
sS'pranks562'
p1734
I72
sS'plan'
p1735
I71
sS'nothing'
p1736
I58
sS'wats'
p1737
I71
sS'05:15:29.0,33.8177019,-118.2118719,5723.02,she'
p1738
I72
sS'clear'
p1739
I72
sS'sometimes'
p1740
I71
sS'ko'
p1741
I72
sS'ugly,90810\n509169097385328640,dannymota_,2014-09-09'
p1742
I72
sS'clean'
p1743
I72
sS'lying'
p1744
I72
sS'17:07:49.0,33.8177688,-118.2118346,5723.02,yea'
p1745
I72
sS'despise'
p1746
I72
sS'ugh'
p1747
I71
sS'gold'
p1748
I72
sS'bake,90810\n508856010102956032,dannymota_,2014-09-08'
p1749
I72
sS'session'
p1750
I71
sS'stalker'
p1751
I72
sS'fine'
p1752
I72
sS'find'
p1753
I71
sS'frankie'
p1754
I72
sS'flip,90810\n510878377905885184,dannymota_,2014-09-13'
p1755
I72
sS'sayin'
p1756
I72
sS'nervous'
p1757
I72
sS'poppin'
p1758
I72
sS'19th'
p1759
I72
sS"gonn'"
p1760
I59
sS'betray'
p1761
I72
sS'pretty'
p1762
I71
sS'luis'
p1763
I72
sS'hml"'
p1764
I72
sS"mom's"
p1765
I72
sS'his'
p1766
I62
sS'hit'
p1767
I66
sS'sila'
p1768
I72
sS'feels'
p1769
I71
sS'22:51:17.0,33.8178494,-118.2120125,5723.02,my'
p1770
I72
sS',90810\n508299986392473600,dannymota_,2014-09-06'
p1771
I72
sS'13:48:52.0,33.8179671,-118.2120891,5723.02,turned'
p1772
I72
sS'him'
p1773
I65
sS'enemy'
p1774
I72
sS'plss'
p1775
I72
sS'cry'
p1776
I71
sS'hype'
p1777
I72
sS'x'
p1778
I71
sS'ounces'
p1779
I72
sS'vine'
p1780
I72
sS'sex'
p1781
I72
sS'see'
p1782
I50
sS'dumb'
p1783
I35
sS'are'
p1784
I51
sS'21:33:19.0,33.8178769,-118.2119785,5723.02,boutta'
p1785
I72
sS'arm'
p1786
I72
sS'papi'
p1787
I72
sS'pictures'
p1788
I71
sS'wow'
p1789
I56
sS'grindin'
p1790
I72
sS'demons'
p1791
I72
sS'08:15:33.0,33.8178622,-118.21194,5723.02,throat,90810\n504893914843590656,dannymota_,2014-08-28'
p1792
I72
sS'life,90810\n508479668186406912,dannymota_,2014-09-07'
p1793
I72
sS'woe'
p1794
I72
sS'probably'
p1795
I69
sS'nope'
p1796
I70
sS'solo'
p1797
I68
sS'creating'
p1798
I72
sS',90810\n508794036384067584,dannymota_,2014-09-08'
p1799
I72
sS'missing'
p1800
I71
sS'outfit'
p1801
I72
sS'02:53:41.0,33.8178641,-118.2118469,5723.02,bitch'
p1802
I72
sS'pepsi'
p1803
I72
sS'both'
p1804
I72
sS'c'
p1805
I72
sS'last'
p1806
I63
sS'dick,90810\n517163655817748480,dannymota_,2014-10-01'
p1807
I72
sS'barely'
p1808
I72
sS'suede'
p1809
I72
sS'alot'
p1810
I68
sS'kandis'
p1811
I72
sS'load'
p1812
I72
sS'drunk'
p1813
I70
sS'whelp'
p1814
I72
sS'whatever'
p1815
I72
sS'niggas,90810\n509182349695647744,dannymota_,2014-09-09'
p1816
I72
sS'stoped'
p1817
I72
sS'village'
p1818
I72
sS'lol,90810\n513755621858893824,dannymota_,2014-09-21'
p1819
I72
sS'expensive'
p1820
I72
sS'thru,90810\n517167633687265280,dannymota_,2014-10-01'
p1821
I72
sS'devil'
p1822
I72
sS'raise'
p1823
I72
sS'dub'
p1824
I72
sS'19:14:12.0,33.8181647,-118.2119891,5723.02,kold'
p1825
I72
sS'a.m,90810\n508814367958106113,dannymota_,2014-09-08'
p1826
I72
sS'whos'
p1827
I72
sS'hitting'
p1828
I72
sS"05:17:42.0,33.8177542,-118.2119879,5723.02,i'm"
p1829
I72
sS'damn'
p1830
I68
sS'grimey,90810\n509180635831734273,dannymota_,2014-09-09'
p1831
I72
sS'\xe2\x98\x81'
p1832
I65
sS'brick'
p1833
I71
sS'meeting'
p1834
I70
sS'woke'
p1835
I70
sS'19:43:32.0,33.81788,-118.2118334,5723.02,church'
p1836
I72
sS'flight'
p1837
I70
sS'gay'
p1838
I68
sS'sending'
p1839
I72
sS'fire'
p1840
I71
sS"what's"
p1841
I64
sS'else'
p1842
I71
sS'haha,90810\n508808227308306432,dannymota_,2014-09-08'
p1843
I72
sS'lives'
p1844
I72
sS'liver'
p1845
I72
sS'look'
p1846
I65
sS'23:14:18.0,33.8179149,-118.2119792,5723.02,match'
p1847
I72
sS'raw'
p1848
I72
sS'solid'
p1849
I72
sS'straight'
p1850
I68
sS'tip'
p1851
I72
sS'ahah'
p1852
I72
sS'forgetting'
p1853
I72
sS'while'
p1854
I69
sS'pressed'
p1855
I72
sS'sheeeeesh'
p1856
I72
sS'fun'
p1857
I70
sS'mota'
p1858
I70
sS'this""'
p1859
I72
sS'demon'
p1860
I71
sS'rip'
p1861
I72
sS'ducks'
p1862
I72
sS'bullshittin'
p1863
I72
sS'ready'
p1864
I66
sS'chase'
p1865
I72
sS'funny'
p1866
I66
sS'fight,90810\n510869992007802880,dannymota_,2014-09-13'
p1867
I72
sS'wierd'
p1868
I71
sS'peoples'
p1869
I72
sS'9'
p1870
I70
sS'torta'
p1871
I72
sS'nice,90810\n504912061394989056,dannymota_,2014-08-28'
p1872
I72
sS'caer'
p1873
I72
sS'used'
p1874
I69
sS'fatty'
p1875
I72
sS'itch'
p1876
I72
sS'somewhere'
p1877
I72
sS'02:03:58.0,33.8176721,-118.2119589,5723.02,dumb'
p1878
I72
sS'syo'
p1879
I71
sS'yesterday'
p1880
I72
sS'lxa'
p1881
I71
sS'birch'
p1882
I72
sS'18:39:56.0,33.8177518,-118.2119294,5723.02,when'
p1883
I72
sS'ran,90810\n513525673672323072,dannymota_,2014-09-21'
p1884
I72
sS'wheres'
p1885
I72
sS'recent'
p1886
I72
sS'gate"'
p1887
I72
sS'older'
p1888
I70
sS'spent'
p1889
I71
sS'grind'
p1890
I70
sS'person'
p1891
I64
sS'$4.00'
p1892
I71
sS'sxoop'
p1893
I72
sS'spend'
p1894
I71
sS'listening'
p1895
I71
sS'boutta'
p1896
I40
sS'smokimg'
p1897
I72
sS'miramontes'
p1898
I72
sS'regardless'
p1899
I72
sS'04:02:57.0,33.817692,-118.2121143,5723.02,sneak'
p1900
I72
sS'unto'
p1901
I72
sS'wage'
p1902
I72
sS'lol,90810\n513525558311788546,dannymota_,2014-09-21'
p1903
I72
sS'cut'
p1904
I66
sS'yah'
p1905
I72
sS'cup'
p1906
I71
sS'disappointed'
p1907
I72
sS'queen'
p1908
I72
sS'guwop'
p1909
I72
sS'cuz'
p1910
I72
sS'crying'
p1911
I72
sS'homies'
p1912
I69
sS'lurkin'
p1913
I70
sS'easter'
p1914
I72
sS'excited'
p1915
I70
sS'hates'
p1916
I72
sS'build'
p1917
I72
sS'busllshit'
p1918
I72
sS'marco'
p1919
I72
sS'doors'
p1920
I72
sS'emergency'
p1921
I72
sS'big'
p1922
I63
sS'couple'
p1923
I68
sS'game'
p1924
I64
sS'laggin'
p1925
I72
sS'night,90810\n508838580668493825,dannymota_,2014-09-08'
p1926
I72
sS'bit'
p1927
I67
sS'naaasty,90810\n513776145741787136,dannymota_,2014-09-21'
p1928
I72
sS'curfew'
p1929
I72
sS'knock'
p1930
I72
sS'mornin'
p1931
I72
sS"asse's,90810\n514049053655433216,dannymota_,2014-09-22"
p1932
I72
sS'd'
p1933
I72
sS"cerrito's"
p1934
I72
sS'hittas'
p1935
I71
sS'indication'
p1936
I72
sS'hittaz'
p1937
I72
sS'8ths'
p1938
I72
sS'33rd'
p1939
I72
sS'baby\xe2\x80\xa6'
p1940
I72
sS'fucking'
p1941
I60
sS'spring'
p1942
I72
sS'fake'
p1943
I72
sS'some'
p1944
I35
sS'back'
p1945
I47
sS'lips'
p1946
I72
sS'30k'
p1947
I72
sS'keeps,90810\n517163532115132418,dannymota_,2014-10-01'
p1948
I72
sS'"omw"'
p1949
I72
sS'wby'
p1950
I72
sS'sheesh'
p1951
I70
sS'05:24:20.0,33.8178493,-118.2119263,5723.02,my'
p1952
I72
sS"sinnin',90810\n509182187267035137,dannymota_,2014-09-09"
p1953
I72
sS'savage'
p1954
I72
sS'04:46:04.0,33.8177723,-118.2118599,5723.02,gone,90810\n516085684977688576,dannymota_,2014-09-28'
p1955
I72
sS'16:32:41.0,33.8177857,-118.2119257,5723.02,shit'
p1956
I72
sS'nigga,90810\n509178983829602304,dannymota_,2014-09-09'
p1957
I72
sS'bball'
p1958
I72
sS'decision'
p1959
I72
sS"17:05:35.0,33.8178009,-118.2119001,5723.02,don't"
p1960
I72
sS'behave'
p1961
I72
sS',90810\n513773650298695680,dannymota_,2014-09-21'
p1962
I72
sS'quote'
p1963
I72
sS'either'
p1964
I72
sS'be'
p1965
I14
sS'run'
p1966
I65
sS'08:31:07.0,33.8178534,-118.2119657,5723.02,just'
p1967
I72
sS"madonna's"
p1968
I72
sS'smo,90810\n510876037178077185,dannymota_,2014-09-13'
p1969
I72
sS'step'
p1970
I72
sS'crap'
p1971
I72
sS'raspberry'
p1972
I72
sS'30$'
p1973
I72
sS'tripping'
p1974
I71
sS'that,90810\n512775980390162434,dannymota_,2014-09-19'
p1975
I72
sS'me,90810\n501213083985932288,dannymota_,2014-08-18'
p1976
I72
sS'anything'
p1977
I70
sS'graduation'
p1978
I72
sS'19:33:24.0,33.8177026,-118.2122666,5723.02,smoke'
p1979
I72
sS'frightful'
p1980
I72
sS'03:44:45.0,33.817865,-118.2119859,5723.02,where'
p1981
I72
sS'idk'
p1982
I69
sS'messaging'
p1983
I72
sS'wanna'
p1984
I51
sS'block'
p1985
I70
sS'seeing'
p1986
I70
sS'14:20:56.0,33.8178284,-118.2120201,5723.02,whack'
p1987
I72
sS'garbage'
p1988
I72
sS'dude'
p1989
I72
sS'into'
p1990
I67
sS'nonsense'
p1991
I72
sS'22:56:49.0,33.8178467,-118.2120119,5723.02,team'
p1992
I72
sS'momma'
p1993
I59
sS'nigga'
p1994
I9
sS'clack'
p1995
I72
sS'ayyy'
p1996
I72
sS'01:56:36.0,33.8177721,-118.2119518,5723.02,young'
p1997
I72
sS'lesson'
p1998
I72
sS'goes,90810\n516828527958577152,dannymota_,2014-09-30'
p1999
I72
sS'lebron'
p2000
I72
sS'rolls'
p2001
I72
sS'smells'
p2002
I72
sS'04:51:18.0,33.8177396,-118.2121319,5723.02,just'
p2003
I72
sS'bitches\xe2\x80\x9d'
p2004
I72
sS'>waifuu'
p2005
I72
sS'warldow'
p2006
I72
sS'spending'
p2007
I72
sS'17:02:30.0,33.8178382,-118.2119938,5723.02,dont'
p2008
I72
sS'xoxo'
p2009
I72
sS'ca)'
p2010
I64
sS'long'
p2011
I68
sS"we're"
p2012
I72
sS'summertime'
p2013
I72
sS'bruh'
p2014
I70
sS'forward'
p2015
I71
sS'bored'
p2016
I68
sS'scared'
p2017
I70
sS'year,90810\n513757760853254144,dannymota_,2014-09-21'
p2018
I72
sS'lovin..found'
p2019
I72
sS'boys'
p2020
I70
sS'lydia'
p2021
I72
sS'library'
p2022
I72
sS'episode'
p2023
I72
sS'line'
p2024
I72
sS'serio'
p2025
I71
sS'junior'
p2026
I72
sS'posted'
p2027
I71
sS'info'
p2028
I72
sS'tia'
p2029
I72
sS'sleepers'
p2030
I72
sS'up'
p2031
I11
sS'us'
p2032
I66
sS'ur'
p2033
I72
sS'uo'
p2034
I72
sS'faded'
p2035
I70
sS'fried'
p2036
I72
sS'called'
p2037
I72
sS'bell'
p2038
I72
sS'alright,90810\n513758291092967424,dannymota_,2014-09-21'
p2039
I72
sS'flocked'
p2040
I72
sS'chan'
p2041
I71
sS',90810\n510875146530209792,dannymota_,2014-09-13'
p2042
I72
sS"momma's"
p2043
I72
sS'curb'
p2044
I71
sS'beach\xe2\x80\x9d'
p2045
I72
sS"school's"
p2046
I72
sS'thugs'
p2047
I72
sS'sunken'
p2048
I72
sS'truuu'
p2049
I72
sS'nah'
p2050
I66
sS'peace'
p2051
I71
sS'nap'
p2052
I68
sS'backk'
p2053
I72
sS'b/c'
p2054
I72
sS'nice'
p2055
I62
sS',90810\n512773176137236480,dannymota_,2014-09-19'
p2056
I72
sS'scrub'
p2057
I71
sS'nevas'
p2058
I72
sS'lol,90810\n508807969538977792,dannymota_,2014-09-08'
p2059
I72
sS'03:34:00.0,33.8178456,-118.2118815,5723.02,too'
p2060
I72
sS'problems'
p2061
I72
sS'prepared'
p2062
I72
sS'drag'
p2063
I72
sS'paisas'
p2064
I71
sS'nigga,90810\n508809770942230528,dannymota_,2014-09-08'
p2065
I72
sS'ago'
p2066
I71
sS'texted'
p2067
I71
sS'stressin'
p2068
I72
sS'04:51:26.0,33.8177396,-118.2121319,5723.02,never'
p2069
I72
sS'hella'
p2070
I69
sS',90810\n505067695230812160,dannymota_,2014-08-28'
p2071
I72
sS'02:57:35.0,33.8178641,-118.2118469,5723.02,get'
p2072
I72
sS'ignorant'
p2073
I72
sS'quick,90810\n511369908114841600,dannymota_,2014-09-15'
p2074
I72
sS'dodging'
p2075
I72
sS'having'
p2076
I67
sS'once'
p2077
I71
sS'shit,90810\n517796584390553600,dannymota_,2014-10-02'
p2078
I72
sS'lol,90810\n513365033602916352,dannymota_,2014-09-20'
p2079
I72
sS'code'
p2080
I72
sS'01:26:49.0,33.8177339,-118.2119337,5723.02,niggas'
p2081
I72
sS'scooped'
p2082
I72
sS"vma's,90810\n503749930041618432,dannymota_,2014-08-25"
p2083
I72
sS'gf'
p2084
I72
sS'windy'
p2085
I72
sS'gang'
p2086
I72
sS'go'
p2087
I34
sS'chillin'
p2088
I67
sS'cody'
p2089
I72
sS'1st-5t'
p2090
I72
sS'over,90810\n501207347541184513,dannymota_,2014-08-18'
p2091
I72
sS'me,90810\n514050092639080450,dannymota_,2014-09-22'
p2092
I72
sS'playa,90810\n508809190983233536,dannymota_,2014-09-08'
p2093
I72
sS'06:14:23.0,33.8178535,-118.21193,5723.02,goodnight,90810\n509213518424322048,dannymota_,2014-09-09'
p2094
I72
sS'young'
p2095
I54
sS'$00n\xe2\x84\xa2'
p2096
I72
sS'bitch,90810\n508298288039067648,dannymota_,2014-09-06'
p2097
I72
sS'02:39:07.0,33.8177564,-118.2121176,5723.02,lemme'
p2098
I72
sS'tigerheat'
p2099
I72
sS'\xe2\x9d\xa4\xef\xb8\x8f\xe2\x80\x9d'
p2100
I72
sS'putting'
p2101
I72
sS'drinking'
p2102
I72
sS'fuck,90810\n513557396216504320,dannymota_,2014-09-21'
p2103
I72
sS'01:35:32.0,33.8178386,-118.212003,5723.02,goofy'
p2104
I72
sS'trappin'
p2105
I72
sS'gettin'
p2106
I70
sS'miras'
p2107
I70
sS'min,90810\n505032906918465536,dannymota_,2014-08-28'
p2108
I72
sS'try'
p2109
I67
sS'meee'
p2110
I72
sS'congrats'
p2111
I72
sS'nigga,90810\n512773390516506626,dannymota_,2014-09-19'
p2112
I72
sS'deleting'
p2113
I72
sS'challenge'
p2114
I72
sS'booty'
p2115
I66
sS'23:56:43.0,33.8178749,-118.2120637,5723.02,lol,90810\n512389680730341376,dannymota_,2014-09-17'
p2116
I72
sS'?,90810\n517161475136172033,dannymota_,2014-10-01'
p2117
I72
sS'yourself'
p2118
I72
sS'boots'
p2119
I72
sS'waking'
p2120
I72
sS',90810\n509179084111245312,dannymota_,2014-09-09'
p2121
I72
sS'click'
p2122
I72
sS'power'
p2123
I72
sS'chicago'
p2124
I72
sS'giving'
p2125
I72
sS'bdk'
p2126
I71
sS'networks'
p2127
I72
sS'haha,90810\n516304185357127680,dannymota_,2014-09-28'
p2128
I72
sS'waiting'
p2129
I71
sS'ahhhhh'
p2130
I72
sS'omw,90810\n508980855545421824,dannymota_,2014-09-08'
p2131
I72
sS'body'
p2132
I72
sS'xannz,90810\n508800811980185600,dannymota_,2014-09-08'
p2133
I72
sS'chose'
p2134
I72
sS',90810\n505031737768816640,dannymota_,2014-08-28'
p2135
I72
sS'youngest'
p2136
I71
sS'growing'
p2137
I72
sS'deshace'
p2138
I72
sS'gumps'
p2139
I72
sS'let'
p2140
I61
sS'thuggin'
p2141
I72
sS'sexy'
p2142
I70
sS'great'
p2143
I66
sS'lungs,90810\n517162728486494208,dannymota_,2014-10-01'
p2144
I72
sS'receive'
p2145
I72
sS'30'
p2146
I71
sS'gamgsta'
p2147
I72
sS'reality."'
p2148
I72
sS'skoop'
p2149
I68
sS'lol,90810\n511364887650398209,dannymota_,2014-09-15'
p2150
I72
sS'makes'
p2151
I71
sS'thats'
p2152
I67
sS'control'
p2153
I72
sS'heart'
p2154
I66
sS'win'
p2155
I72
sS'felxing'
p2156
I72
sS'treaty,90810\n512776434566197249,dannymota_,2014-09-19'
p2157
I72
sS'clout'
p2158
I72
sS'04:45:34.0,33.8177116,-118.2119457,5723.02,well'
p2159
I72
sS',90810\n503717276856483840,dannymota_,2014-08-25'
p2160
I72
sS'standing'
p2161
I72
sS'use'
p2162
I71
sS'02:52:04.0,33.8178641,-118.2118469,5723.02,get'
p2163
I72
sS'from'
p2164
I53
sS'certificate'
p2165
I69
sS'&'
p2166
I10
sS'16:57:12.0,33.8178892,-118.212062,5723.02,lyellehs,90810\n508482552655388672,dannymota_,2014-09-07'
p2167
I72
sS'next'
p2168
I63
sS'few'
p2169
I71
sS'camera'
p2170
I72
sS'crab'
p2171
I69
sS'cheeks'
p2172
I71
sS'popped'
p2173
I69
sS'babe'
p2174
I63
sS'started'
p2175
I69
sS'occurred'
p2176
I72
sS'sore'
p2177
I72
sS'carrying'
p2178
I72
sS'$10.00'
p2179
I69
sS',90810\n509494785812361216,dannymota_,2014-09-10'
p2180
I72
sS'baby'
p2181
I61
sS',90810\n514229087179517952,dannymota_,2014-09-23'
p2182
I72
sS"6'2"
p2183
I72
sS'women'
p2184
I72
sS'fan'
p2185
I72
sS'balls'
p2186
I71
sS'animals'
p2187
I72
sS'this'
p2188
I25
sS'18:38:13.0,33.817767,-118.2119141,5723.02,why'
p2189
I72
sS'ride'
p2190
I66
sS'mommas'
p2191
I72
sS'donut'
p2192
I72
sS'\xe2\x98\x81\xe2\x98\x81\xe2\x98\x81'
p2193
I71
sS'aight'
p2194
I69
sS'meet'
p2195
I70
sS'didnt'
p2196
I70
sS',90810\n508300548093640704,dannymota_,2014-09-06'
p2197
I72
sS'03:22:37.0,33.8178794,-118.2119823,5723.02,come'
p2198
I72
sS'patron'
p2199
I72
sS'hoe,90810\n510872063930679296,dannymota_,2014-09-13'
p2200
I72
sS'08:55:28.0,33.8178534,-118.211952,5723.02,,90810\n504914380916391937,dannymota_,2014-08-28'
p2201
I72
sS'high'
p2202
I59
sS'crip'
p2203
I72
sS'something'
p2204
I66
sS'blvd'
p2205
I72
sS'water"'
p2206
I72
sS'sis'
p2207
I72
sS'sir'
p2208
I72
sS'lame'
p2209
I67
sS'vibe'
p2210
I72
sS'swisher'
p2211
I69
sS'guatemalan'
p2212
I72
sS'animal'
p2213
I72
sS'comedy'
p2214
I72
sS'de'
p2215
I72
sS'blocks'
p2216
I72
sS'pockets'
p2217
I72
sS'watch'
p2218
I67
sS'nailing'
p2219
I72
sS'piece*'
p2220
I72
sS'taco'
p2221
I71
sS'reggie'
p2222
I72
sS'somethin'
p2223
I72
sS'realized'
p2224
I72
sS'hit,90810\n516812772533755904,dannymota_,2014-09-30'
p2225
I72
sS'light'
p2226
I71
sS'truuust'
p2227
I72
sS'scoop'
p2228
I65
sS'chief'
p2229
I72
sS'honestly'
p2230
I70
sS'nancy'
p2231
I72
sS'over.u'
p2232
I72
sS'baddie'
p2233
I72
sS"wife'd"
p2234
I72
sS'move'
p2235
I71
sS'06:09:28.0,33.8176639,-118.2118711,5723.02,almost'
p2236
I72
sS"won't"
p2237
I72
sS'looks'
p2238
I70
sS'on,90810\n512779274000945152,dannymota_,2014-09-19'
p2239
I72
sS'01:21:47.0,33.817822,-118.2120057,5723.02,bet'
p2240
I72
sS'galaxy'
p2241
I72
sS'contaminated'
p2242
I72
sS'perfect'
p2243
I70
sS'pool)'
p2244
I72
sS'lb'
p2245
I71
sS'la'
p2246
I70
sS'twistin'
p2247
I72
sS'choose'
p2248
I72
sS'-abraham'
p2249
I72
sS'lol,90810\n513525987091296257,dannymota_,2014-09-21'
p2250
I72
sS'criminal'
p2251
I72
sS'<'
p2252
I72
sS'2012'
p2253
I72
sS'dad'
p2254
I72
sS'goooodluck'
p2255
I72
sS'lol,90810\n509180344457637889,dannymota_,2014-09-09'
p2256
I72
sS',90810\n502228019222544384,dannymota_,2014-08-20'
p2257
I72
sS'fluff'
p2258
I72
sS'kroosh'
p2259
I72
sS'kiss'
p2260
I67
sS'nyc'
p2261
I72
sS'front'
p2262
I71
sS"tattoo'd"
p2263
I72
sS'day'
p2264
I50
sS'haha\xe2\x80\x9d'
p2265
I72
sS'lol,90810\n508808975853158401,dannymota_,2014-09-08'
p2266
I72
sS'00:21:00.0,33.8177544,-118.2121709,5723.02,booty'
p2267
I72
sS'slide'
p2268
I65
sS'doesnt'
p2269
I72
sS'trap'
p2270
I72
sS'truth'
p2271
I71
sS"ya'll"
p2272
I72
sS'?,90810\n508355462840856576,dannymota_,2014-09-06'
p2273
I72
sS'doing'
p2274
I67
sS'strip'
p2275
I72
sS'related'
p2276
I72
sS'books'
p2277
I72
sS'separating'
p2278
I72
sS'our'
p2279
I71
sS"tayler's"
p2280
I72
sS'witness'
p2281
I72
sS'out'
p2282
I23
sS'matt'
p2283
I72
sS'it,90810\n514049757338025984,dannymota_,2014-09-22'
p2284
I72
sS'barley'
p2285
I71
sS'hilarious'
p2286
I72
sS'cause'
p2287
I56
sS'red'
p2288
I71
sS'shut'
p2289
I70
sS',90810\n510859218727890944,dannymota_,2014-09-13'
p2290
I72
sS',90810\n518806630524137472,dannymota_,2014-10-05'
p2291
I72
sS'fatfy"'
p2292
I72
sS'baeeee'
p2293
I72
sS'completely'
p2294
I72
sS'riiight'
p2295
I72
sS'early'
p2296
I72
sS'pothead'
p2297
I72
sS'craving'
p2298
I71
sS'ones,90810\n517562750646484992,dannymota_,2014-10-02'
p2299
I72
sS'prepare'
p2300
I72
sS'g'
p2301
I72
sS'could'
p2302
I71
sS'florida'
p2303
I72
sS'times'
p2304
I69
sS'cures'
p2305
I72
sS'felt'
p2306
I69
sS'keef'
p2307
I72
sS'hunna'
p2308
I72
sS'smo"'
p2309
I72
sS'broskie'
p2310
I71
sS'459'
p2311
I72
sS'blown'
p2312
I72
sS'00:03:21.0,33.8177572,-118.2118422,5723.02,got'
p2313
I72
sS'bitch'
p2314
I24
sS'probation'
p2315
I72
sS'sunday-wednesday'
p2316
I72
sS"you're"
p2317
I69
sS'here,90810\n502218165376389120,dannymota_,2014-08-20'
p2318
I72
sS'dissmiss'
p2319
I72
sS'their'
p2320
I72
sS'silverado'
p2321
I63
sS'perfectly'
p2322
I72
sS'final'
p2323
I72
sS'\xe2\x9c\x94fam'
p2324
I72
sS',90810\n516468463460577280,dannymota_,2014-09-29'
p2325
I72
sS'beezy'
p2326
I71
sS'shorts'
p2327
I72
sS'nobody'
p2328
I70
sS'neck'
p2329
I72
sS'imy,90810\n513526112731688960,dannymota_,2014-09-21'
p2330
I72
sS'kickback'
p2331
I72
sS'boring'
p2332
I72
sS'bother'
p2333
I72
sS'06:54:48.0,33.8176542,-118.2120364,5723.02,police'
p2334
I72
sS'bed'
p2335
I70
sS'anaheim'
p2336
I72
sS'gays'
p2337
I72
sS'bet'
p2338
I70
sS'false'
p2339
I72
sS'-___-'
p2340
I72
sS'comfortable'
p2341
I72
sS'tonight'
p2342
I66
sS'have'
p2343
I49
sS'believing'
p2344
I72
sS'need'
p2345
I52
sS"01:21:17.0,33.8179816,-118.2121923,5723.02,gonn'"
p2346
I72
sS'patience.\xe2\x80\x9d'
p2347
I72
sS'min'
p2348
I68
sS'04:37:42.0,33.8175976,-118.211838,5723.02,lowball'
p2349
I72
sS'02:54:32.0,33.8178463,-118.2121459,5723.02,do'
p2350
I72
sS'03:39:24.0,33.8178507,-118.2119899,5723.02,,90810\n501209170989690881,dannymota_,2014-08-18'
p2351
I72
sS',90810\n508298890123046912,dannymota_,2014-09-06'
p2352
I72
sS'lily'
p2353
I71
sS'savages'
p2354
I71
sS'unless'
p2355
I71
sS"04:49:35.0,33.8177396,-118.2121319,5723.02,i'm"
p2356
I72
sS"where'd"
p2357
I72
sS'aww'
p2358
I71
sS'who'
p2359
I54
sS'dubs'
p2360
I72
sS'baaeeee'
p2361
I72
sS"where's"
p2362
I72
sS'cracking'
p2363
I71
sS'highschool'
p2364
I72
sS'future'
p2365
I72
sS'why'
p2366
I58
sS'lames'
p2367
I72
sS'16:31:58.0,33.8177857,-118.2119257,5723.02,30'
p2368
I72
sS'18:35:35.0,33.8177518,-118.2119294,5723.02,the'
p2369
I72
sS'23:32:38.0,33.8178751,-118.2119219,5723.02,boutta'
p2370
I72
sS'face'
p2371
I66
sS'looked'
p2372
I71
sS"you'll"
p2373
I71
sS',90810\n517143543106654208,dannymota_,2014-10-01'
p2374
I72
sS'sometimes,90810\n516303660477730817,dannymota_,2014-09-28'
p2375
I72
sS'movie'
p2376
I72
sS'brew'
p2377
I72
sS'skinny'
p2378
I72
sS'invite,90810\n513725691397804032,dannymota_,2014-09-21'
p2379
I72
sS'fact'
p2380
I71
sS'son'
p2381
I72
sS'strollin'
p2382
I70
sS'text'
p2383
I63
sS'brother'
p2384
I72
sS'weaaaak'
p2385
I72
sS'bring'
p2386
I65
sS'22:16:04.0,33.8174377,-118.2116595,5723.02,home'
p2387
I72
sS'slippin'
p2388
I72
sS'01:46:51.0,33.8177339,-118.2119337,5723.02,got'
p2389
I72
sS'ayee'
p2390
I72
sS'04:01:54.0,33.8178338,-118.2118351,5723.02,&'
p2391
I72
sS'jay'
p2392
I72
sS'sparks'
p2393
I72
sS'('
p2394
I71
sS'02:35:56.0,33.8149911,-118.2099647,5723.02,got'
p2395
I72
sS'smoking\xe2\x80\x9d'
p2396
I72
sS'reminisce'
p2397
I72
sS'satan'
p2398
I72
sS'lemme'
p2399
I70
sS'riding'
p2400
I71
sS'hope'
p2401
I70
sS'02:51:17.0,33.817867,-118.2118403,5723.02,even'
p2402
I72
sS'03:55:23.0,33.8180026,-118.2118213,5723.02,&'
p2403
I72
sS'handle'
p2404
I72
sS'watching'
p2405
I70
sS'beat'
p2406
I72
sS'dope'
p2407
I71
sS'coworker'
p2408
I72
sS'lucky'
p2409
I71
sS'awww'
p2410
I72
sS'ones'
p2411
I72
sS'words'
p2412
I72
sS'tossed'
p2413
I72
sS'04:14:28.0,33.817692,-118.2121143,5723.02,my'
p2414
I72
sS'esley'
p2415
I72
sS'steaks'
p2416
I72
sS'crabs'
p2417
I71
sS'chewbaka'
p2418
I71
sS'gbe'
p2419
I72
sS'ended'
p2420
I72
sS',90810\n505031964051517440,dannymota_,2014-08-28'
p2421
I72
sS'aaaaaaahhhhh'
p2422
I72
sS'reid'
p2423
I72
sS"wasn't"
p2424
I72
sS'stuff'
p2425
I71
sS'she'
p2426
I20
sS'grab'
p2427
I72
sS'sho'
p2428
I72
sS'01:23:15.0,33.8178332,-118.2120192,5723.02,text'
p2429
I72
sS'prayers'
p2430
I72
sS'wierdo'
p2431
I72
sS'08:43:10.0,33.8178691,-118.2119242,5723.02,well,90810\n504911313345056768,dannymota_,2014-08-28'
p2432
I72
sS'puts'
p2433
I72
sS'01:20:26.0,33.8179976,-118.2122269,5723.02,snakes'
p2434
I72
sS'16:09:27.0,33.8179473,-118.2120251,5723.02,do'
p2435
I72
sS'broke\xe2\x80\x9d'
p2436
I72
sS'has'
p2437
I69
sS'closed'
p2438
I72
sS'gaaaaaay'
p2439
I72
sS'pistol'
p2440
I72
sS'email'
p2441
I72
sS'beyonce'
p2442
I72
sS"dro'n"
p2443
I72
sS'trynna'
p2444
I51
sS'a.c'
p2445
I64
sS'joy'
p2446
I72
sS'deliver'
p2447
I70
sS'job'
p2448
I66
sS',90810\n513509627581841408,dannymota_,2014-09-21'
p2449
I72
sS'hits'
p2450
I72
sS'me,90810\n501211733747195904,dannymota_,2014-08-18'
p2451
I72
sS'joke'
p2452
I71
sS'taking'
p2453
I67
sS'equal'
p2454
I72
sS'drug'
p2455
I72
sS'april'
p2456
I71
sS'?,90810\n510874567196164096,dannymota_,2014-09-13'
p2457
I72
sS',90810\n508299506790580224,dannymota_,2014-09-06'
p2458
I72
sS'tlk'
p2459
I71
sS',90810\n508807324258291712,dannymota_,2014-09-08'
p2460
I72
sS'shots'
p2461
I72
sS'wear'
p2462
I72
sS'ck'
p2463
I72
sS'wale'
p2464
I72
sS'ambushed'
p2465
I72
sS'wall'
p2466
I72
sS"13:48:53.0,33.8177576,-118.2120158,5723.02,can't"
p2467
I72
sS'personal,90810\n516086416204247040,dannymota_,2014-09-28'
p2468
I72
sS'walk'
p2469
I70
sS'manos'
p2470
I72
sS'laugh'
p2471
I69
sS'news'
p2472
I72
sS'respect'
p2473
I70
sS'everyone,90810\n508297807820636162,dannymota_,2014-09-06'
p2474
I72
sS'mafia'
p2475
I72
sS'it,90810\n504905110464364544,dannymota_,2014-08-28'
p2476
I72
sS'quit'
p2477
I72
sS'inhale'
p2478
I72
sS'08:34:04.0,33.817859,-118.2119418,5723.02,slide'
p2479
I72
sS'af'
p2480
I71
sS'outlaws'
p2481
I72
sS'drank'
p2482
I72
sS'slowly'
p2483
I72
sS'treat'
p2484
I72
sS'bby'
p2485
I72
sS'waste'
p2486
I71
sS'bbq'
p2487
I69
sS'grimes,90810\n504912496507895808,dannymota_,2014-08-28'
p2488
I72
sS'fall/winter'
p2489
I72
sS'hmu'
p2490
I66
sS'19:27:16.0,33.8179639,-118.211839,5723.02,how'
p2491
I72
sS'hml'
p2492
I72
sS'smoking'
p2493
I67
sS'general'
p2494
I72
sS'sheesh,90810\n511383007135944705,dannymota_,2014-09-15'
p2495
I72
sS"bro's"
p2496
I72
sS'tengo'
p2497
I72
sS'will'
p2498
I66
sS'tt'
p2499
I72
sS'hahaha'
p2500
I66
sS',90810\n510869402661556224,dannymota_,2014-09-13'
p2501
I72
sS'almost'
p2502
I70
sS'vape'
p2503
I72
sS'coating'
p2504
I72
sS'elote?\xe2\x80\x9d'
p2505
I72
sS'thug'
p2506
I72
sS'partner'
p2507
I72
sS'denial'
p2508
I72
sS'though"'
p2509
I72
sS')'
p2510
I72
sS'cross'
p2511
I71
sS'campus'
p2512
I72
sS'moms'
p2513
I71
sS'05:24:39.0,33.8174807,-118.2121245,5723.02,showerr,90810\n509206408554766336,dannymota_,2014-09-09'
p2514
I72
sS'party'
p2515
I71
sS'hesrd'
p2516
I72
sS'!!\xe2\x9c\xa8'
p2517
I72
sS'frivolous'
p2518
I72
sS'ball'
p2519
I72
sS'annie'
p2520
I72
sS'drink'
p2521
I68
sS'upon'
p2522
I72
sS'diploma'
p2523
I70
sS'nigga,90810\n503713816748630016,dannymota_,2014-08-25'
p2524
I72
sS'ion'
p2525
I72
sS'on,90810\n505036871815024641,dannymota_,2014-08-28'
p2526
I72
sS'04:52:21.0,33.8177269,-118.2120349,5723.02,groovy'
p2527
I72
sS'fucked'
p2528
I66
sS'single'
p2529
I72
sS'l.b'
p2530
I71
sS'35$'
p2531
I72
sS'lackin'
p2532
I71
sS'i'
p2533
I2
sS',90810\n511872512225849346,dannymota_,2014-09-16'
p2534
I72
sS'obstacles'
p2535
I72
sS'well'
p2536
I49
sS'fighting'
p2537
I70
sS'ok,90810\n515873324648656897,dannymota_,2014-09-27'
p2538
I72
sS'thought'
p2539
I65
sS'wyd'
p2540
I72
sS'wya'
p2541
I69
sS'44'
p2542
I72
sS'less'
p2543
I72
sS'palm'
p2544
I72
sS'spot,90810\n517162256807641089,dannymota_,2014-10-01'
p2545
I72
sS'quiero'
p2546
I72
sS'raised"'
p2547
I72
sS'point'
p2548
I71
sS'sky'
p2549
I72
sS'killed'
p2550
I69
sS'16:58:50.0,33.8179355,-118.211982,5723.02,this'
p2551
I72
sS'01:46:50.0,33.8177382,-118.2118191,5723.02,bitches'
p2552
I72
sS'crack'
p2553
I72
sS'kick'
p2554
I69
sS'keeeeyysss'
p2555
I72
sS"who's"
p2556
I72
sS'clout,90810\n517160961338142720,dannymota_,2014-10-01'
p2557
I72
sS'day..!\xe2\x9d\xa4\xef\xb8\x8f'
p2558
I72
sS'enter'
p2559
I72
sS'know'
p2560
I32
sS'press'
p2561
I72
sS'height'
p2562
I72
sS'18:49:13.0,33.8178645,-118.2119426,5723.02,been'
p2563
I72
sS'loss'
p2564
I72
sS'lincoln'
p2565
I72
sS'like'
p2566
I15
sS'lost'
p2567
I68
sS'18:20:38.0,33.817767,-118.2119141,5723.02,call'
p2568
I72
sS'lol,90810\n508813971655106561,dannymota_,2014-09-08'
p2569
I72
sS'03:10:08.0,33.8180172,-118.2118793,5723.02,bro'
p2570
I72
sS'martin'
p2571
I72
sS'04:00:58.0,33.8178338,-118.2118351,5723.02,who'
p2572
I72
sS'virginity'
p2573
I72
sS'block"gay'
p2574
I72
sS'because'
p2575
I70
sS'dyingggg'
p2576
I72
sS'twitter'
p2577
I69
sS'church'
p2578
I72
sS'alive'
p2579
I72
sS'me,90810\n517507896876081152,dannymota_,2014-10-02'
p2580
I72
sS'hair'
p2581
I69
sS'home'
p2582
I53
sS'liking'
p2583
I72
sS'03:57:27.0,33.8180026,-118.2118213,5723.02,come'
p2584
I72
sS'naka'
p2585
I72
sS',90810\n503757118369828864,dannymota_,2014-08-25'
p2586
I72
sS'lead'
p2587
I72
sS'literally'
p2588
I72
sS'grinding'
p2589
I72
sS'whole'
p2590
I72
sS'ese'
p2591
I72
sS'does'
p2592
I72
sS'duh'
p2593
I72
sS'errywhere,90810\n512429787730554880,dannymota_,2014-09-18'
p2594
I72
sS'brackin'
p2595
I72
sS'slum'
p2596
I72
sS'lastnight'
p2597
I72
sS'hiding'
p2598
I71
sS'about'
p2599
I60
sS'lifestyle'
p2600
I71
sS'carried'
p2601
I72
sS'getting'
p2602
I60
sS'doooiiinnggg'
p2603
I72
sS'headed'
p2604
I72
sS'04:13:51.0,33.8178101,-118.2120062,5723.02,fuck'
p2605
I72
sS'swear'
p2606
I66
sS'13:54:27.0,33.8179752,-118.2119266,5723.02,my'
p2607
I72
sS'know,90810\n508809970679160832,dannymota_,2014-09-08'
p2608
I72
sS'introduced'
p2609
I72
sS'heard,90810\n510860448841728001,dannymota_,2014-09-13'
p2610
I72
sS'swimming'
p2611
I72
sS'own'
p2612
I70
sS'03:14:38.0,33.8177912,-118.2118729,5723.02,dumb'
p2613
I72
sS'!&'
p2614
I72
sS'pussy'
p2615
I67
sS'commitment'
p2616
I72
sS'delishhhh'
p2617
I72
sS'screamed'
p2618
I72
sS'02:50:15.0,33.8179176,-118.2120434,5723.02,,90810\n509171361856516096,dannymota_,2014-09-09'
p2619
I72
sS'weather'
p2620
I71
sS'promise'
p2621
I70
sS'female'
p2622
I66
sS'val'
p2623
I71
sS'*'
p2624
I72
sS'noticed'
p2625
I72
sS"gal's"
p2626
I72
sS'?,90810\n512776100976422912,dannymota_,2014-09-19'
p2627
I72
sS'\xe2\x9c\x94music'
p2628
I72
sS'16:43:22.0,33.8178428,-118.2119687,5723.02,somebody'
p2629
I72
sS'house,90810\n512779822372618240,dannymota_,2014-09-19'
p2630
I72
sS'buy'
p2631
I70
sS'00:23:13.0,33.8177544,-118.2121709,5723.02,random'
p2632
I72
sS"i've"
p2633
I69
sS'fasho'
p2634
I72
sS'bus'
p2635
I72
sS'14:11:07.0,33.8178649,-118.2118246,5723.02,gotta'
p2636
I72
sS'bitches'
p2637
I50
sS'02:48:34.0,33.817867,-118.2118403,5723.02,i'
p2638
I72
sS'but'
p2639
I16
sS"01:47:24.0,33.8177339,-118.2119337,5723.02,can't"
p2640
I72
sS'19:45:53.0,33.8178853,-118.2119062,5723.02,if'
p2641
I72
sS'bum'
p2642
I71
sS'ha'
p2643
I72
sS'eat'
p2644
I67
sS'he'
p2645
I49
sS'count'
p2646
I72
sS'made'
p2647
I70
sS'wise'
p2648
I72
sS'wish'
p2649
I69
sS'flip'
p2650
I66
sS'wyd,90810\n512774996125437952,dannymota_,2014-09-19'
p2651
I72
sS'cabrillo,90810\n509172994116046849,dannymota_,2014-09-09'
p2652
I72
sS'stories'
p2653
I72
sS'hand'
p2654
I71
sS'problem'
p2655
I72
sS'piece'
p2656
I72
sS'yeap'
p2657
I72
sS'irish'
p2658
I72
sS'durk'
p2659
I72
sS'pic'
p2660
I71
sS',90810\n508793550960881664,dannymota_,2014-09-08'
p2661
I72
sS'19:51:46.0,33.817666,-118.2118394,5723.02,somebody'
p2662
I72
sS'cargos'
p2663
I72
sS'02:44:07.0,33.8179131,-118.2118644,5723.02,we'
p2664
I72
sS'happen'
p2665
I71
sS'diego'
p2666
I72
sS'twacked'
p2667
I69
sS'40'
p2668
I72
sS'other'
p2669
I65
sS'sick'
p2670
I67
sS'riah'
p2671
I72
sS'reckless'
p2672
I72
sS'cheesiest'
p2673
I72
sS'toastk'
p2674
I71
sS'05:53:01.0,33.8177828,-118.2118737,5723.02,fuckk,90810\n516822973391466496,dannymota_,2014-09-30'
p2675
I72
sS'goodlooking'
p2676
I72
sS'monday'
p2677
I71
sS'class'
p2678
I71
sS'stay'
p2679
I59
sS'orah'
p2680
I72
sS'chance'
p2681
I72
sS'friends'
p2682
I70
sS'goin'
p2683
I72
sS'heidy'
p2684
I72
sS'05:07:22.0,33.8174579,-118.2122389,5723.02,grimey'
p2685
I72
sS'extras'
p2686
I69
sS'awake'
p2687
I72
sS'01:31:35.0,33.8177339,-118.2119337,5723.02,seen'
p2688
I72
sS'8th'
p2689
I72
s.