(dp0
S''
p1
I2
sS'raining'
p2
I93
sS'of...punk'
p3
I93
sS'writings'
p4
I93
sS'todays'
p5
I92
sS'hats'
p6
I93
sS'child'
p7
I91
sS'monte'
p8
I93
sS'todayy'
p9
I93
sS'sleek'
p10
I93
sS'four'
p11
I90
sS'hn_johnover'
p12
I93
sS'sleep'
p13
I66
sS'asian'
p14
I93
sS'hanging'
p15
I93
sS'oldest'
p16
I93
sS'hate'
p17
I73
sS'asleep,90304\n499490238264143872,mireya_v,2014-08-13'
p18
I93
sS'dalek'
p19
I93
sS'patches'
p20
I93
sS'everywhere\xe2\x80\x9d'
p21
I93
sS'tweet'
p22
I92
sS'sweetest'
p23
I93
sS'character.,90304\n478283335693639681,markhamade,2014-06-15'
p24
I93
sS'presents'
p25
I92
sS'bike'
p26
I91
sS'under'
p27
I92
sS'lord'
p28
I93
sS'sorry'
p29
I86
sS'xxl'
p30
I93
sS'sleep,90304\n498778207726747649,mireya_v,2014-08-11'
p31
I93
sS'worth'
p32
I93
sS'shaving'
p33
I93
sS'tenants'
p34
I93
sS'every'
p35
I86
sS'kick'
p36
I93
sS'screaming'
p37
I93
sS"isn't"
p38
I87
sS'10:29:26.0,33.93728835,-118.34682103,6017,actually'
p39
I93
sS'tickets'
p40
I90
sS'stop\xe2\x80\x9d'
p41
I93
sS'school'
p42
I84
sS"roger's"
p43
I93
sS'supports'
p44
I93
sS'margarita'
p45
I93
sS'mireya'
p46
I93
sS'companies'
p47
I93
sS'wednesday'
p48
I92
sS'announced'
p49
I93
sS'murders'
p50
I93
sS'for,90304\n386629143204352001,l3hcar,2013-10-05'
p51
I93
sS'clothes'
p52
I93
sS'enjoy'
p53
I93
sS'her*'
p54
I93
sS'dookie'
p55
I93
sS'tired'
p56
I93
sS'phones'
p57
I92
sS'almond'
p58
I93
sS'bacon'
p59
I92
sS'japanese'
p60
I93
sS'23:24:27.0,33.9381227,-118.3454495,6017,esa'
p61
I93
sS'cuentan'
p62
I93
sS'second'
p63
I90
sS'street'
p64
I92
sS'friendships'
p65
I92
sS'n'
p66
I84
sS'hundred"'
p67
I93
sS'even'
p68
I64
sS'errors'
p69
I93
sS'parkland'
p70
I93
sS'+'
p71
I93
sS'cooking'
p72
I92
sS'fingers'
p73
I93
sS'lights'
p74
I92
sS'fossil'
p75
I93
sS'scumbag'
p76
I93
sS'new'
p77
I74
sS'hmmm'
p78
I93
sS'ever'
p79
I78
sS'disney'
p80
I93
sS'told'
p81
I88
sS'hero'
p82
I93
sS'join'
p83
I93
sS'never'
p84
I65
sS'meh'
p85
I92
sS'here'
p86
I61
sS'\xe2\x9d\xa4\xef\xb8\x8f'
p87
I83
sS'(bae)'
p88
I93
sS'&&'
p89
I91
sS'active'
p90
I92
sS'path'
p91
I93
sS'100'
p92
I93
sS"aren't"
p93
I91
sS'105'
p94
I92
sS'feels"'
p95
I93
sS'kids'
p96
I86
sS'daughter'
p97
I92
sS'k'
p98
I88
sS'changed'
p99
I93
sS'jamz'
p100
I93
sS'ignoring'
p101
I93
sS'paris'
p102
I93
sS"i'd"
p103
I90
sS'smoke'
p104
I86
sS'complicated'
p105
I93
sS"i'm"
p106
I16
sS"someone's"
p107
I93
sS'changes'
p108
I93
sS'eyebrows'
p109
I93
sS'magically'
p110
I93
sS'nicki'
p111
I93
sS'07:52:00.0,33.93171819,-118.34398206,6017,d1function'
p112
I93
sS'godmother'
p113
I93
sS'explained'
p114
I93
sS'feelings'
p115
I93
sS'bro'
p116
I83
sS'shit...smh'
p117
I93
sS'busses'
p118
I93
sS'opportunities'
p119
I93
sS'cocaine'
p120
I92
sS'bra'
p121
I91
sS'plot'
p122
I93
sS':**'
p123
I93
sS'would'
p124
I66
sS'runyon'
p125
I93
sS'sweater'
p126
I92
sS'mexico'
p127
I93
sS'arms'
p128
I93
sS'princess'
p129
I93
sS'dnt'
p130
I92
sS'asses'
p131
I93
sS'call'
p132
I82
sS'typo'
p133
I93
sS'recommend'
p134
I93
sS'type'
p135
I91
sS'tell'
p136
I85
sS'separated'
p137
I93
sS'paperwork'
p138
I93
sS'ladiesss'
p139
I93
sS'successful'
p140
I93
sS'oscar'
p141
I91
sS'naive'
p142
I93
sS'haha'
p143
I74
sS'subtweet'
p144
I91
sS'hurt'
p145
I88
sS'99'
p146
I93
sS'phone'
p147
I84
sS'teaching'
p148
I93
sS'hole'
p149
I92
sS'hold'
p150
I91
sS'must'
p151
I91
sS'shoot'
p152
I89
sS'md'
p153
I93
sS'te'
p154
I93
sS'ma'
p155
I90
sS'room'
p156
I92
sS'ojos'
p157
I93
sS'work'
p158
I71
sS'mi'
p159
I92
sS'roof'
p160
I93
sS'movies'
p161
I93
sS'era'
p162
I93
sS'ms'
p163
I93
sS'mr'
p164
I92
sS'exceptions'
p165
I93
sS'unswallow'
p166
I93
sS'my'
p167
I5
sS'bizzy'
p168
I93
sS'"dirty"'
p169
I93
sS'give'
p170
I79
sS'laughs'
p171
I93
sS'heartless'
p172
I93
sS'homie'
p173
I92
sS'want'
p174
I50
sS'gordo'
p175
I93
sS'keep'
p176
I84
sS'mouth*'
p177
I93
sS'hoe'
p178
I93
sS'end'
p179
I89
sS'trill'
p180
I93
sS'thing'
p181
I81
sS'provide'
p182
I93
sS'bunk'
p183
I93
sS'drying'
p184
I93
sS'13:32:37.0,33.93755569,-118.35161633,6017,i'
p185
I93
sS'machine'
p186
I93
sS'how'
p187
I51
sS'hot'
p188
I83
sS'hor'
p189
I93
sS'hop'
p190
I93
sS'un-appreciative'
p191
I93
sS'disappoint'
p192
I93
sS'beach'
p193
I86
sS'pizza'
p194
I89
sS'badly'
p195
I93
sS'"help'
p196
I93
sS'mufasa'
p197
I93
sS'bday'
p198
I93
sS'after'
p199
I79
sS'loyalty'
p200
I93
sS'lab'
p201
I93
sS'supportive)'
p202
I93
sS'wrong'
p203
I88
sS'lax'
p204
I93
sS'lay'
p205
I93
sS'lesbian'
p206
I93
sS'niggaiknow'
p207
I93
sS'danny'
p208
I92
sS'third'
p209
I93
sS'headphones'
p210
I93
sS'chillen'
p211
I93
sS'wooooh'
p212
I93
sS'dealer'
p213
I93
sS'lost'
p214
I88
sS'greet'
p215
I93
sS'greek'
p216
I93
sS'green'
p217
I87
sS'?;/'
p218
I93
sS'goodbye'
p219
I93
sS'keeps'
p220
I91
sS'fan'
p221
I92
sS'order'
p222
I92
sS'wine'
p223
I91
sS'nyc'
p224
I93
sS'welcomed'
p225
I93
sS'peus'
p226
I93
sS'over'
p227
I72
sS'fam'
p228
I93
sS'thousands'
p229
I93
sS'jacuzzi'
p230
I93
sS'ma\xc3\xb1ana'
p231
I93
sS'traes'
p232
I93
sS'favs...lmaooo'
p233
I93
sS'before'
p234
I87
sS'ima'
p235
I71
sS'fit'
p236
I93
sS'rescheduled'
p237
I93
sS'somewhere'
p238
I92
sS'fix'
p239
I92
sS'croc"'
p240
I93
sS'writing'
p241
I91
sS'better'
p242
I72
sS'acuna'
p243
I93
sS'meatwad'
p244
I93
sS'fade'
p245
I92
sS'weeks'
p246
I92
sS'split'
p247
I93
sS'then'
p248
I72
sS'them'
p249
I70
sS'>o<,90304\n466969319235022848,recklessrandom,2014-05-15'
p250
I93
sS'plaster'
p251
I93
sS'2.1'
p252
I93
sS'*puts'
p253
I93
sS'break'
p254
I89
sS'band'
p255
I89
sS'\xe2\x98\xba\xef\xb8\x8f'
p256
I92
sS'spoon,90304\n499754492586233857,mireya_v,2014-08-14'
p257
I93
sS'mucho'
p258
I93
sS'bouta'
p259
I93
sS'bread'
p260
I92
sS'aired'
p261
I93
sS"grey's"
p262
I93
sS'alex'
p263
I92
sS'summer...not'
p264
I93
sS'pornhub'
p265
I93
sS'backgrounds'
p266
I93
sS'l'
p267
I93
sS'grows'
p268
I93
sS'skills'
p269
I93
sS'filling'
p270
I93
sS'40miles'
p271
I93
sS'each'
p272
I91
sS'addicted'
p273
I93
sS'retainers'
p274
I93
sS'went'
p275
I90
sS'briana'
p276
I93
sS'bong'
p277
I93
sS'side'
p278
I91
sS'bone'
p279
I93
sS'mean'
p280
I79
sS'hazell'
p281
I93
sS'snakes'
p282
I93
sS'hallway'
p283
I93
sS'gunna'
p284
I91
sS'series'
p285
I93
sS'addic-'
p286
I93
sS'spider'
p287
I93
sS'sled'
p288
I93
sS'solution'
p289
I93
sS'taught'
p290
I93
sS'forgot'
p291
I90
sS'\xe2\x9a\xa1\xef\xb8\x8f\xe2\x9d\xa4\xef\xb8\x8f'
p292
I93
sS'busta'
p293
I93
sS'ghosts'
p294
I93
sS',90303\n328431297225711616,nurztweets,2013-04-28'
p295
I93
sS'sounds'
p296
I87
sS'rt'
p297
I93
sS'gol'
p298
I93
sS'gon'
p299
I93
sS'pussies'
p300
I93
sS'god'
p301
I78
sS'sand'
p302
I93
sS're'
p303
I93
sS'laid'
p304
I93
sS'remorse'
p305
I93
sS'smh'
p306
I86
sS'heavenly'
p307
I93
sS'got'
p308
I36
sS'rn'
p309
I79
sS'oskar'
p310
I93
sS'turning'
p311
I92
sS"doesn't"
p312
I80
sS'little'
p313
I78
sS'free'
p314
I88
sS'gosh...just'
p315
I93
sS'ian'
p316
I93
sS'struggle'
p317
I93
sS'grapes'
p318
I93
sS"people's"
p319
I93
sS"serj's"
p320
I93
sS'guysssss'
p321
I93
sS'wanted'
p322
I88
sS'whattt'
p323
I93
sS'\xe2\x9a\xab\xef\xb8\x8f\xe2\x9a\xaa\xef\xb8\x8f\xe2\x9a\xab\xef\xb8\x8f\xe2\x9a\xaa\xef\xb8\x8f\xe2\x9a\xab\xef\xb8\x8f'
p324
I93
sS'dayz'
p325
I92
sS'recovering'
p326
I93
sS'created'
p327
I93
sS'starts'
p328
I91
sS'atm'
p329
I93
sS'days'
p330
I83
sS'(11132'
p331
I93
sS'lousy'
p332
I93
sS'tempting'
p333
I93
sS'soda'
p334
I93
sS'loud'
p335
I91
sS'bite'
p336
I92
sS'fuckin'
p337
I93
sS'already'
p338
I85
sS'daunting'
p339
I93
sS'04:28:09.0,33.93370324,-118.35233155,6017,sindy'
p340
I93
sS'grade'
p341
I93
sS'hoop'
p342
I92
sS'poofy'
p343
I93
sS'hearing'
p344
I90
sS'rant'
p345
I93
sS'\xe2\x9c\x8a\xe2\x9c\x8a'
p346
I93
sS'another'
p347
I86
sS'comin'
p348
I93
sS'sober'
p349
I93
sS'comic'
p350
I93
sS'mojo'
p351
I93
sS'hood'
p352
I85
sS'crunkeyebrows'
p353
I93
sS'top'
p354
I88
sS'me"'
p355
I93
sS'girls'
p356
I80
sS'bahahah'
p357
I93
sS'needed'
p358
I93
sS'too'
p359
I74
sS'hahaha,90304\n499772215244509186,mireya_v,2014-08-14'
p360
I93
sS'14:10:14.0,33.93717875,-118.34679712,6017,oh'
p361
I93
sS'legs'
p362
I93
sS'bitter'
p363
I92
sS'dogs'
p364
I91
sS'listen'
p365
I89
sS'ceiling'
p366
I93
sS'hangout'
p367
I92
sS"trey's"
p368
I93
sS'segundo'
p369
I92
sS'happily'
p370
I93
sS'years\xe2\x80\x9d'
p371
I93
sS'gym'
p372
I92
sS'2am'
p373
I93
sS'took'
p374
I87
sS'wisdom'
p375
I93
sS'begins'
p376
I92
sS'plushie'
p377
I93
sS'showed'
p378
I93
sS'fufu'
p379
I93
sS'exorcist'
p380
I93
sS'tree'
p381
I93
sS'likely'
p382
I91
sS'nations'
p383
I93
sS'shower'
p384
I87
sS'matter'
p385
I89
sS'fabulous'
p386
I93
sS'speaking'
p387
I93
sS'tackled'
p388
I93
sS'eeoc'
p389
I93
sS'feeling'
p390
I70
sS'bridge'
p391
I93
sS'sees'
p392
I93
sS'esta'
p393
I93
sS'yas'
p394
I93
sS"mind's"
p395
I93
sS'colors'
p396
I93
sS'mind'
p397
I86
sS'mine'
p398
I91
sS'spent'
p399
I93
sS'talking'
p400
I83
sS'rat'
p401
I93
sS'seen'
p402
I88
sS'seem'
p403
I93
sS'1970'
p404
I93
sS'03:22:01.0,33.93716224,-118.34677192,6017,||'
p405
I93
sS'nipples'
p406
I93
sS'strength'
p407
I93
sS'utilic\xc3\xa9'
p408
I93
sS'flippin'
p409
I92
sS'-'
p410
I82
sS'snow'
p411
I93
sS'chest'
p412
I93
sS'forces'
p413
I90
sS'rides'
p414
I93
sS'circles'
p415
I92
sS'blue'
p416
I92
sS"girl's"
p417
I93
sS'nobody'
p418
I92
sS'though'
p419
I79
sS'mystique'
p420
I93
sS'sue'
p421
I92
sS'shorty'
p422
I93
sS'anatomy'
p423
I92
sS'mario'
p424
I93
sS'mouth'
p425
I91
sS'plenty'
p426
I92
sS'14:20:29.0,33.9353081,-118.3527574,6017,some'
p427
I93
sS'01:31:26.0,33.93373604,-118.34868682,6017,gym'
p428
I93
sS'wowowowowwwwww'
p429
I93
sS'dummy'
p430
I93
sS'episode'
p431
I88
sS'omgg,90304\n499333805019529216,mireya_v,2014-08-12'
p432
I93
sS'grove'
p433
I92
sS'doc'
p434
I93
sS'alarm'
p435
I92
sS'inglewood'
p436
I93
sS'm'
p437
I92
sS'dog'
p438
I87
sS'definitely'
p439
I93
sS'screensaver'
p440
I93
sS'dos'
p441
I93
sS'doesn\xe2\x80\x99t'
p442
I93
sS'annoyed'
p443
I92
sS'came'
p444
I88
sS',90304\n499454719320809472,mireya_v,2014-08-13'
p445
I93
sS'saying'
p446
I93
sS'bomb'
p447
I88
sS'tequila'
p448
I93
sS'random'
p449
I93
sS'locos'
p450
I93
sS'v.v'
p451
I93
sS"crydon't"
p452
I93
sS'radio'
p453
I92
sS'matters'
p454
I93
sS'cuban'
p455
I93
sS'nephew'
p456
I93
sS'06:27:39.0,33.93723316,-118.34411358,6017,i'
p457
I93
sS'enjoyed'
p458
I93
sS'bain'
p459
I93
sS'chamomile'
p460
I93
sS'pinocchio'
p461
I93
sS'weekends'
p462
I93
sS'hrs'
p463
I92
sS'rihanna'
p464
I93
sS'theme'
p465
I93
sS'rick'
p466
I93
sS'stabbing'
p467
I93
sS'*sighs*'
p468
I93
sS'folks'
p469
I93
sS'"sorry'
p470
I93
sS'laptop'
p471
I93
sS'personality'
p472
I93
sS'wearing'
p473
I92
sS'do'
p474
I37
sS'dm'
p475
I93
sS'dj'
p476
I93
sS'godzilla'
p477
I93
sS'wide'
p478
I92
sS'yee'
p479
I93
sS'de'
p480
I91
sS'stop'
p481
I81
sS'/tocayita'
p482
I93
sS'da'
p483
I92
sS'plus-size'
p484
I93
sS'13ish'
p485
I93
sS'despite'
p486
I93
sS'greenline'
p487
I92
sS'you.,90303\n491452265949970433,hxcmoi,2014-07-22'
p488
I93
sS'14'
p489
I92
sS',90304\n499815149935415296,mireya_v,2014-08-14'
p490
I93
sS'earn'
p491
I93
sS'bar'
p492
I92
sS'officially'
p493
I92
sS'bay'
p494
I93
sS'bag'
p495
I91
sS'bad'
p496
I76
sS'bae'
p497
I87
sS'bac'
p498
I93
sS'shots'
p499
I92
sS'favors'
p500
I93
sS'grilled'
p501
I93
sS'bluz'
p502
I93
sS'steal'
p503
I93
sS'apssh'
p504
I92
sS'ears'
p505
I91
sS'headed'
p506
I93
sS'playstation'
p507
I93
sS'blew'
p508
I93
sS'n.n,90303\n491450391595208704,hxcmoi,2014-07-22'
p509
I93
sS'decides'
p510
I93
sS'disaster'
p511
I93
sS'habit'
p512
I93
sS'w/'
p513
I91
sS'liquor'
p514
I93
sS',90304\n499755748260204544,mireya_v,2014-08-14'
p515
I93
sS'opposite'
p516
I93
sS'full'
p517
I92
sS'result'
p518
I93
sS'noodles'
p519
I93
sS'jerseys'
p520
I93
sS'best'
p521
I86
sS'subject'
p522
I93
sS'k.o'
p523
I92
sS'said'
p524
I81
sS'february'
p525
I93
sS'inappropriate'
p526
I93
sS'lots'
p527
I93
sS'away'
p528
I91
sS'anaheim'
p529
I93
sS'for\xe2\x80\x9d'
p530
I93
sS'barn?is'
p531
I93
sS'pressures'
p532
I93
sS'bien'
p533
I92
sS"there's"
p534
I82
sS'ingelwood'
p535
I93
sS'hopefully'
p536
I90
sS'whaaa'
p537
I93
sS'lethargic'
p538
I93
sS'lazy'
p539
I89
sS'oomf'
p540
I93
sS'omg'
p541
I78
sS'wears'
p542
I92
sS'rims'
p543
I93
sS'valerie'
p544
I93
sS'weak'
p545
I91
sS'mayne'
p546
I93
sS'ohmygosh'
p547
I93
sS'sickens'
p548
I93
sS'omw'
p549
I92
sS'wear'
p550
I88
sS'wtf'
p551
I86
sS'dedication'
p552
I93
sS'news'
p553
I92
sS'nahhhh'
p554
I93
sS'roller'
p555
I93
sS'improve'
p556
I93
sS'protect'
p557
I93
sS'tfti'
p558
I92
sS'23:17:10.0,33.93717325,-118.34678888,6017,i'
p559
I93
sS'brown'
p560
I93
sS'met'
p561
I92
sS',90303\n500118972151234563,annafarts,2014-08-15'
p562
I93
sS'fault'
p563
I93
sS'ill'
p564
I91
sS'compton'
p565
I93
sS'jelly'
p566
I93
sS'against'
p567
I92
sS'cuddles'
p568
I93
sS'games'
p569
I92
sS'fggt'
p570
I92
sS'asked'
p571
I93
sS'con'
p572
I93
sS'?no.then'
p573
I93
sS'tone'
p574
I93
sS'?me'
p575
I93
sS'tmnt'
p576
I93
sS'appeared'
p577
I93
sS'josh'
p578
I93
sS'10:27:48.0,33.93715056,-118.34692405,6017,fr'
p579
I93
sS'munches'
p580
I93
sS'2nd'
p581
I93
sS'smithereens'
p582
I93
sS'chewbacca'
p583
I93
sS'loaded'
p584
I93
sS'blonde'
p585
I92
sS'trust'
p586
I90
sS'07:09:52.0,33.93710473,-118.34690976,6017,wild'
p587
I93
sS'speak'
p588
I92
sS'bingo'
p589
I93
sS'bathroom'
p590
I93
sS'tomaaaaaaaaaaaaaaa'
p591
I93
sS'beef'
p592
I93
sS'"you'
p593
I93
sS'grupos'
p594
I93
sS'fagboy'
p595
I93
sS'three'
p596
I92
sS'been'
p597
I76
sS'bass....on'
p598
I93
sS'\xe2\x9d\x84\xef\xb8\x8f'
p599
I92
sS'much'
p600
I72
sS'tina'
p601
I93
sS'upscaling'
p602
I93
sS'expected'
p603
I93
sS'laughs...award'
p604
I93
sS'celebration'
p605
I93
sS'okayy'
p606
I93
sS'threw'
p607
I93
sS'life'
p608
I61
sS'[remember'
p609
I93
sS'families'
p610
I93
sS'innocent'
p611
I93
sS'relaxing'
p612
I93
sS'drugs'
p613
I93
sS'tangible'
p614
I93
sS'sunshine'
p615
I93
sS'hennessy'
p616
I93
sS'fest'
p617
I93
sS'wannnnt'
p618
I93
sS'catch'
p619
I90
sS'aviation'
p620
I92
sS'chili'
p621
I91
sS'(and'
p622
I93
sS'spin'
p623
I93
sS'chill'
p624
I88
sS'has'
p625
I77
sS'tank'
p626
I92
sS'sounded'
p627
I93
sS'reddish'
p628
I93
sS'ok,90304\n495937251281350656,annafarts,2014-08-03'
p629
I93
sS'air'
p630
I90
sS'ugly'
p631
I89
sS'near'
p632
I93
sS'suppose'
p633
I92
sS'your***'
p634
I93
sS'applies'
p635
I93
sS'stopping'
p636
I93
sS'aid'
p637
I93
sS'voice'
p638
I90
sS'leaves'
p639
I93
sS'errthang'
p640
I92
sS'loooove'
p641
I93
sS"we'll"
p642
I93
sS'*the'
p643
I93
sS'project'
p644
I93
sS'played'
p645
I91
sS'gu\xc3\xada'
p646
I93
sS'is'
p647
I10
sS'it'
p648
I13
sS'player'
p649
I93
sS'cant'
p650
I89
sS'mascara'
p651
I93
sS'im'
p652
I79
sS'creepy'
p653
I93
sS'in'
p654
I11
sS'seattle'
p655
I93
sS'id'
p656
I92
sS'disappear'
p657
I91
sS'if'
p658
I34
sS'grown'
p659
I93
sS'nike'
p660
I93
sS'video...like'
p661
I93
sS'things'
p662
I87
sS'make'
p663
I65
sS'not.to.short'
p664
I93
sS'airport'
p665
I93
sS'pico'
p666
I93
sS'patient'
p667
I93
sS'hahah'
p668
I90
sS'---gotta'
p669
I93
sS'mowers\xe2\x80\x9d'
p670
I93
sS'hahaa'
p671
I93
sS'bunny'
p672
I90
sS'wheel'
p673
I93
sS'basketballs'
p674
I93
sS'foshho'
p675
I93
sS'unbearable'
p676
I93
sS'blamer'
p677
I93
sS'hang'
p678
I88
sS'sleeeeep'
p679
I93
sS'evil'
p680
I93
sS'kit'
p681
I92
sS'kik'
p682
I93
sS'lol\xe2\x80\x9d'
p683
I93
sS'mobbing'
p684
I93
sS'overs'
p685
I93
sS"he'll"
p686
I93
sS'thoughts'
p687
I92
sS'kid'
p688
I92
sS'butter'
p689
I93
sS'prescribed'
p690
I93
sS'vermont'
p691
I93
sS'dylan'
p692
I93
sS'kept'
p693
I93
sS'thx'
p694
I93
sS'thw'
p695
I93
sS'vulgar'
p696
I93
sS'youre'
p697
I93
sS'around.is'
p698
I93
sS'ocean'
p699
I93
sS'tho'
p700
I84
sS'burgers'
p701
I92
sS'puurfect'
p702
I93
sS'contact'
p703
I91
sS'greatest'
p704
I93
sS'mother'
p705
I92
sS'the'
p706
I3
sS'yours'
p707
I93
sS'dads'
p708
I93
sS'left'
p709
I83
sS'hyper'
p710
I93
sS'cuhhhhhhhz'
p711
I93
sS'graded'
p712
I93
sS'just'
p713
I19
sS'w.e'
p714
I93
sS'yea'
p715
I87
sS'photo'
p716
I92
sS'||'
p717
I93
sS'sleepy'
p718
I91
sS'thanks'
p719
I89
sS'human'
p720
I93
sS'swears'
p721
I93
sS'yes'
p722
I75
sS'\xd9\x8a\xd8\xa7\xd8\xb1\xd8\xa8'
p723
I93
sS'tattooed'
p724
I93
sS'yet'
p725
I83
sS'previous'
p726
I93
sS'hah'
p727
I92
sS'jose'
p728
I93
sS's\xc3\xa9'
p729
I93
sS'unable'
p730
I93
sS'cherry'
p731
I93
sS'had'
p732
I74
sS'(los'
p733
I92
sS'shout'
p734
I93
sS'..indeed'
p735
I93
sS'unwanted'
p736
I93
sS'board'
p737
I93
sS'easy'
p738
I91
sS'prison'
p739
I93
sS':bbbbbb'
p740
I93
sS'save'
p741
I90
sS'laying'
p742
I93
sS'gave'
p743
I89
sS'smdh'
p744
I92
sS'babes'
p745
I93
sS'bands'
p746
I92
sS'mayo'
p747
I93
sS'credit'
p748
I93
sS'tmrw'
p749
I93
sS'possibly'
p750
I93
sS'cultural'
p751
I93
sS"t'f"
p752
I91
sS'birth'
p753
I93
sS'dad\xe2\x80\x9d'
p754
I93
sS'shadow'
p755
I93
sS'asshole'
p756
I91
sS'dreams'
p757
I91
sS'apart'
p758
I91
sS'nigha'
p759
I90
sS'rewatching'
p760
I93
sS'-_-'
p761
I92
sS'bobby'
p762
I93
sS'gifted'
p763
I93
sS'borred'
p764
I93
sS'50'
p765
I92
sS'steph'
p766
I93
sS'remind'
p767
I91
sS'overrated'
p768
I92
sS'night'
p769
I75
sS'right'
p770
I68
sS'old'
p771
I86
sS'people'
p772
I49
sS'dead'
p773
I89
sS'neve'
p774
I93
sS'born'
p775
I93
sS':),90303\n466991875262394368,recklessrandom,2014-05-15'
p776
I93
sS'skinned'
p777
I93
sS'hassle'
p778
I93
sS'^o^'
p779
I93
sS'finna'
p780
I87
sS'doorstep'
p781
I93
sS'enemies'
p782
I93
sS'toxic'
p783
I93
sS'for'
p784
I17
sS'renamed'
p785
I93
sS'purple'
p786
I93
sS'sister\xe2\x80\x9d'
p787
I93
sS'tio'
p788
I93
sS'/'
p789
I92
sS'everything'
p790
I76
sS'asking'
p791
I88
sS'umm'
p792
I93
sS'foo'
p793
I91
sS'adorable'
p794
I92
sS'christmas'
p795
I90
sS'mescal'
p796
I93
sS'murrrrr'
p797
I93
sS'hazel'
p798
I93
sS'biopic'
p799
I93
sS'peel'
p800
I93
sS'deleted'
p801
I93
sS'prologue'
p802
I93
sS'starlights'
p803
I93
sS'relationship'
p804
I93
sS'bolt'
p805
I93
sS'menopause'
p806
I93
sS'burr'
p807
I92
sS'losing'
p808
I89
sS'post'
p809
I93
sS'dreaming.,90303\n491262950121148416,hxcmoi,2014-07-21'
p810
I93
sS'super'
p811
I91
sS'chapter'
p812
I93
sS"something's"
p813
I93
sS'niners'
p814
I93
sS'yelling'
p815
I93
sS'theirs'
p816
I93
sS'dollars'
p817
I91
sS'months'
p818
I90
sS'accepts'
p819
I93
sS'o'
p820
I84
sS';-)'
p821
I93
sS'dinner'
p822
I92
sS'vengeance'
p823
I93
sS'doeser'
p824
I93
sS'anime'
p825
I91
sS'shit,90304\n512233693478264832,khristhehomie,2014-09-17'
p826
I93
sS'awk'
p827
I93
sS'sunmertime'
p828
I93
sS'sept'
p829
I93
sS'animo'
p830
I93
sS'facetime'
p831
I93
sS'faint'
p832
I93
sS'froze'
p833
I93
sS'lied'
p834
I93
sS'wasting'
p835
I93
sS'selfie'
p836
I91
sS'ppl'
p837
I91
sS'down'
p838
I75
sS'lies'
p839
I93
sS'soy'
p840
I93
sS'mamba'
p841
I93
sS'east'
p842
I93
sS"ole'"
p843
I93
sS'support'
p844
I92
sS'flying'
p845
I92
sS'gift'
p846
I93
sS'fight'
p847
I92
sS'stuck'
p848
I92
sS'accordingly'
p849
I93
sS'way'
p850
I69
sS'greatness'
p851
I93
sS'jane'
p852
I91
sS'music'
p853
I84
sS'was'
p854
I27
sS'war'
p855
I91
sS'happy'
p856
I73
sS'thing.\xe2\x80\x9d'
p857
I93
sS'fridaaaay'
p858
I93
sS'head'
p859
I88
sS'veil'
p860
I93
sS'form'
p861
I93
sS'attempted'
p862
I93
sS'heal'
p863
I93
sS'fireworks'
p864
I92
sS'cooooooookie'
p865
I93
sS'lawn'
p866
I93
sS'b)'
p867
I78
sS'failure'
p868
I93
sS'heat'
p869
I92
sS'hear'
p870
I92
sS'idgaf'
p871
I93
sS'true'
p872
I89
sS'then?no'
p873
I93
sS'mouthed'
p874
I93
sS'kixx'
p875
I92
sS'inside'
p876
I92
sS'trash'
p877
I93
sS'until'
p878
I86
sS'considered'
p879
I93
sS'r.i.p'
p880
I93
sS'adore'
p881
I93
sS'smashed'
p882
I93
sS'emotional'
p883
I93
sS'daddy'
p884
I93
sS'penal'
p885
I93
sS'trim'
p886
I91
sS'breathe'
p887
I93
sS'later'
p888
I90
sS'disgrace'
p889
I93
sS'sticks'
p890
I93
sS'minaj'
p891
I93
sS'stronger'
p892
I93
sS'remain'
p893
I93
sS'drive'
p894
I90
sS'ruin'
p895
I93
sS'exist'
p896
I91
sS'mediocre'
p897
I93
sS'annoying'
p898
I90
sS'check'
p899
I91
sS'shit'
p900
I29
sS'holla'
p901
I93
sS'holy'
p902
I93
sS'no'
p903
I38
sS'na'
p904
I93
sS'when'
p905
I31
sS'reality'
p906
I90
sS'interested'
p907
I92
sS'role'
p908
I93
sS'wowwwwwww'
p909
I93
sS'holding'
p910
I92
sS'test'
p911
I93
sS'hookerassbitch,90304\n493107188668190720,harleykraus,2014-07-26'
p912
I93
sS'smell'
p913
I89
sS'roll'
p914
I93
sS'picture'
p915
I92
sS'brothers'
p916
I90
sS'boku'
p917
I93
sS'why'
p918
I44
sS'welcome'
p919
I92
sS'update'
p920
I92
sS'wars'
p921
I93
sS"let's"
p922
I86
sS'musty'
p923
I93
sS"daddy's"
p924
I93
sS'northgate'
p925
I91
sS'rolling'
p926
I92
sS'o:<'
p927
I93
sS'pierced'
p928
I93
sS'weekend'
p929
I89
sS'died'
p930
I92
sS'fuuuckkk'
p931
I93
sS'younger'
p932
I93
sS'faster'
p933
I93
sS'potato'
p934
I93
sS'bottom'
p935
I93
sS'yacht'
p936
I89
sS'together'
p937
I92
sS"n'"
p938
I92
sS'classmate'
p939
I93
sS'time'
p940
I48
sS'push'
p941
I93
sS'serious'
p942
I91
sS'stacks'
p943
I93
sS'songs'
p944
I92
sS'neighbors'
p945
I90
sS':/'
p946
I89
sS':('
p947
I85
sS':)'
p948
I83
sS'switched'
p949
I93
sS'dance'
p950
I93
sS'skip'
p951
I93
sS'rob'
p952
I93
sS'global'
p953
I93
sS'07:49:38.0,33.93718725,-118.34679988,6017,most'
p954
I93
sS'leads'
p955
I93
sS'roy'
p956
I93
sS'theaters'
p957
I92
sS'mile'
p958
I93
sS'ice'
p959
I92
sS'skin'
p960
I91
sS'fire,90304\n499798543687614465,mireya_v,2014-08-14'
p961
I93
sS'milk'
p962
I91
sS':3'
p963
I89
sS'layers'
p964
I93
sS'venice'
p965
I90
sS'suicide'
p966
I93
sS'depend'
p967
I93
sS'05:09:16.0,33.9364842,-118.344175,6017,and'
p968
I93
sS"a'f"
p969
I93
sS'disgusting'
p970
I93
sS'06:19:35.0,33.93710064,-118.34691705,6017,omfg'
p971
I93
sS'better,90304\n499335069173952512,mireya_v,2014-08-12'
p972
I93
sS'finally'
p973
I89
sS'text'
p974
I84
sS'heart-less'
p975
I93
sS"band's"
p976
I93
sS'fuckkkkkk'
p977
I93
sS'me'
p978
I8
sS':o'
p979
I91
sS':d'
p980
I90
sS'pssssssh'
p981
I93
sS'funnay'
p982
I93
sS'playing*'
p983
I93
sS'choice'
p984
I91
sS'15:30:43.0,33.9348395,-118.3480307,6017,you'
p985
I93
sS'vegas'
p986
I91
sS'tanks'
p987
I93
sS'entries'
p988
I92
sS'cook'
p989
I89
sS'word'
p990
I89
sS'trouble'
p991
I93
sS'exact'
p992
I93
sS'0mi'
p993
I93
sS'minute'
p994
I92
sS'cool'
p995
I82
sS'gatta'
p996
I93
sS'level'
p997
I93
sS'did'
p998
I77
sS'die'
p999
I86
sS'peeps'
p1000
I92
sS'hawaii'
p1001
I92
sS'turnt'
p1002
I90
sS'leave'
p1003
I89
sS'item'
p1004
I93
sS'planning'
p1005
I93
sS'05:19:30.0,33.9364833,-118.3441579,6017,vinyl'
p1006
I93
sS'team'
p1007
I91
sS'quick'
p1008
I93
sS'guy'
p1009
I91
sS'dip'
p1010
I90
sS'round'
p1011
I93
sS'yall'
p1012
I93
sS"it'll"
p1013
I93
sS'says'
p1014
I90
sS'regret'
p1015
I91
sS'porn'
p1016
I93
sS'\xee\x90\x83'
p1017
I93
sS'prairie'
p1018
I91
sS'chopping'
p1019
I93
sS'shirts'
p1020
I93
sS'run'
p1021
I88
sS'rough'
p1022
I93
sS'bruhhhh'
p1023
I93
sS'lennox'
p1024
I87
sS'*keeps'
p1025
I93
sS'\xee\x90\xa0'
p1026
I93
sS'addy'
p1027
I93
sS'uniform'
p1028
I93
sS'64\xc2\xb0'
p1029
I93
sS'goes'
p1030
I92
sS'del'
p1031
I93
sS'falling'
p1032
I93
sS'ground'
p1033
I92
sS'grimey'
p1034
I93
sS'burn'
p1035
I93
sS'peeled'
p1036
I93
sS'french'
p1037
I92
sS'water'
p1038
I91
sS'"giggling"'
p1039
I93
sS'dantoni'
p1040
I93
sS'say"'
p1041
I93
sS'alone'
p1042
I87
sS'suckers'
p1043
I93
sS'along'
p1044
I93
sS'disappeared'
p1045
I93
sS'teacher'
p1046
I92
sS'change'
p1047
I85
sS'wait'
p1048
I81
sS'boy'
p1049
I87
sS'hbo'
p1050
I93
sS'noticeable'
p1051
I93
sS'brilliant'
p1052
I93
sS'lakers'
p1053
I93
sS'boi'
p1054
I92
sS'hby'
p1055
I93
sS'exams'
p1056
I93
sS'boo'
p1057
I92
sS'usually'
p1058
I93
sS'weird'
p1059
I89
sS'5h'
p1060
I93
sS'homecoming'
p1061
I93
sS'genuinely'
p1062
I93
sS'teenage'
p1063
I93
sS'lipstick'
p1064
I93
sS'love'
p1065
I52
sS'extra'
p1066
I93
sS'bs'
p1067
I93
sS'prefer'
p1068
I93
sS'bloody'
p1069
I93
sS'peer'
p1070
I93
sS'baybehhhhhh'
p1071
I93
sS'fake'
p1072
I91
sS'recording'
p1073
I93
sS'stingy'
p1074
I92
sS'everybody'
p1075
I90
sS'perf'
p1076
I93
sS'working'
p1077
I91
sS'baes'
p1078
I92
sS'aye'
p1079
I91
sS'them\xe2\x9d\xa4,90303\n517668476782006272,khristhehomie,2014-10-02'
p1080
I93
sS'angry'
p1081
I93
sS'dude'
p1082
I90
sS'tears'
p1083
I93
sS'by'
p1084
I68
sS'live'
p1085
I82
sS'wood'
p1086
I91
sS'marry'
p1087
I93
sS'truuuu'
p1088
I93
sS'thru'
p1089
I90
sS'prep'
p1090
I93
sS'today'
p1091
I68
sS'loving'
p1092
I91
sS'plug'
p1093
I93
sS'sharing'
p1094
I93
sS"tu's"
p1095
I93
sS'afford'
p1096
I93
sS'romancetization'
p1097
I93
sS'here***'
p1098
I93
sS'casey'
p1099
I93
sS'visual'
p1100
I93
sS'straight.what'
p1101
I93
sS'beers'
p1102
I92
sS"dad's"
p1103
I93
sS'koastguard'
p1104
I93
sS'scratches'
p1105
I93
sS'finn'
p1106
I93
sS'fly'
p1107
I90
sS'douche'
p1108
I90
sS'anything'
p1109
I82
sS'niggas'
p1110
I78
sS'car'
p1111
I85
sS'"kenneth"'
p1112
I93
sS'pretend'
p1113
I93
sS'soul'
p1114
I86
sS'niggaz'
p1115
I92
sS'cat'
p1116
I92
sS'hardest'
p1117
I93
sS'can'
p1118
I47
sS'growing'
p1119
I92
sS'making'
p1120
I86
sS'interstate'
p1121
I93
sS'niggah'
p1122
I91
sS"lovin'"
p1123
I93
sS'heart'
p1124
I87
sS'crazy'
p1125
I87
sS'stream'
p1126
I93
sS'awesome'
p1127
I88
sS"didn't"
p1128
I81
sS'fuck'
p1129
I33
sS'heard'
p1130
I91
sS'stroke'
p1131
I93
sS'gabby'
p1132
I93
sS'dropped'
p1133
I92
sS'?i'
p1134
I93
sS'counting'
p1135
I92
sS'stole'
p1136
I92
sS'pink'
p1137
I93
sS'mole'
p1138
I93
sS'watching'
p1139
I83
sS'20:47:10.0,33.93633333,-118.35183333,6017,jimmmmmayyyy'
p1140
I93
sS'1'
p1141
I93
sS'till'
p1142
I87
sS'sunday'
p1143
I90
sS'vital'
p1144
I93
sS'ph\xc3\xb3'
p1145
I91
sS'plus'
p1146
I93
sS'speaks'
p1147
I93
sS't-shirts'
p1148
I93
sS'etched'
p1149
I93
sS'community'
p1150
I93
sS'map'
p1151
I93
sS'stfu'
p1152
I93
sS'laundry'
p1153
I92
sS'may'
p1154
I91
sS'cuhz'
p1155
I90
sS'spot'
p1156
I92
sS'us\xe2\x80\x9d'
p1157
I93
sS'disgusted'
p1158
I93
sS'mac'
p1159
I91
sS'birthday'
p1160
I85
sS'mad'
p1161
I86
sS'date'
p1162
I89
sS'such'
p1163
I87
sS'suck'
p1164
I90
sS'guys'
p1165
I87
sS'grow'
p1166
I90
sS'man'
p1167
I74
sS'hemlock'
p1168
I92
sS'remember'
p1169
I88
sS'whenever'
p1170
I91
sS'maybe'
p1171
I88
sS'"man"'
p1172
I93
sS'su'
p1173
I93
sS'q'
p1174
I93
sS'123'
p1175
I93
sS'so'
p1176
I21
sS'silence'
p1177
I93
sS'african'
p1178
I93
sS'tall'
p1179
I93
sS'yaaaas'
p1180
I93
sS'talk'
p1181
I79
sS'cute'
p1182
I83
sS'lighter'
p1183
I93
sS'indeed'
p1184
I93
sS'haircut'
p1185
I92
sS'years'
p1186
I85
sS'course'
p1187
I92
sS'episodes'
p1188
I92
sS'fangz'
p1189
I93
sS'magoo'
p1190
I93
sS'still'
p1191
I53
sS'succka'
p1192
I93
sS'cutz'
p1193
I93
sS'blocked'
p1194
I93
sS'tore'
p1195
I93
sS'police'
p1196
I92
sS'thank'
p1197
I77
sS"he's"
p1198
I91
sS'thang'
p1199
I92
sS'bouutta'
p1200
I93
sS'troubles'
p1201
I93
sS'forms'
p1202
I93
sS'macarthur'
p1203
I93
sS'window'
p1204
I93
sS'munchie'
p1205
I93
sS'thanx'
p1206
I93
sS'tweets'
p1207
I93
sS'main'
p1208
I93
sS'puzzle'
p1209
I93
sS'happened'
p1210
I92
sS'tuesday...and'
p1211
I93
sS'lonely'
p1212
I93
sS'hell.you'
p1213
I93
sS'moms'
p1214
I92
sS'killer'
p1215
I93
sS'nation'
p1216
I93
sS'records'
p1217
I91
sS'kids"'
p1218
I93
sS'damnnnn'
p1219
I93
sS'saban'
p1220
I93
sS'not'
p1221
I38
sS'feature'
p1222
I93
sS'now'
p1223
I46
sS'ahaha'
p1224
I93
sS'bullshit'
p1225
I88
sS'nos'
p1226
I93
sS'wont'
p1227
I93
sS'argentina'
p1228
I93
sS'name'
p1229
I85
sS'drop'
p1230
I88
sS'locked'
p1231
I93
sS'agaudsbslkj'
p1232
I93
sS'honked'
p1233
I93
sS'hashbrowns'
p1234
I93
sS'hoy'
p1235
I93
sS'concerts'
p1236
I93
sS'em'
p1237
I89
sS'el'
p1238
I84
sS'en'
p1239
I92
sS'yeaa'
p1240
I93
sS'lowkey'
p1241
I92
sS'simplicity'
p1242
I93
sS'ee'
p1243
I93
sS'13:36:44.0,33.93366293,-118.35199857,6017,i'
p1244
I93
sS'yeah'
p1245
I67
sS'fires'
p1246
I93
sS'catching'
p1247
I93
sS'ey'
p1248
I93
sS'though)'
p1249
I93
sS'begun'
p1250
I93
sS'year'
p1251
I81
sS'girl'
p1252
I81
sS'worried'
p1253
I93
sS'pills'
p1254
I92
sS'es'
p1255
I93
sS'living'
p1256
I93
sS'ultimately'
p1257
I93
sS'space'
p1258
I93
sS'gonzales'
p1259
I91
sS'squared'
p1260
I93
sS'keno'
p1261
I93
sS'tingly'
p1262
I93
sS'looking'
p1263
I82
sS'seriously'
p1264
I87
sS"shouldn't"
p1265
I93
sS'clocked'
p1266
I93
sS'dreds'
p1267
I93
sS'shows'
p1268
I91
sS'smfh'
p1269
I91
sS'earlier'
p1270
I92
sS'wan'
p1271
I93
sS'cars'
p1272
I93
sS'million'
p1273
I93
sS'naaaa'
p1274
I93
sS'disrespect'
p1275
I92
sS'california'
p1276
I90
sS'vinyl'
p1277
I92
sS'grandma'
p1278
I93
sS'gots'
p1279
I93
sS'card'
p1280
I93
sS'care'
p1281
I87
sS'quality,90304\n399639392870203392,hanstrattz,2013-11-10'
p1282
I93
sS'training'
p1283
I93
sS'visit'
p1284
I93
sS'yup'
p1285
I90
sS'waits'
p1286
I93
sS'punk'
p1287
I93
sS'xmas'
p1288
I93
sS'motion'
p1289
I93
sS'turn'
p1290
I91
sS'place'
p1291
I89
sS'think'
p1292
I78
sS'ammo'
p1293
I93
sS'first'
p1294
I81
sS'cheese'
p1295
I92
sS'saving'
p1296
I92
sS'xb'
p1297
I92
sS'toeing'
p1298
I93
sS'waves'
p1299
I93
sS'xd'
p1300
I60
sS'one'
p1301
I45
sS'americans'
p1302
I93
sS'fast'
p1303
I91
sS'spanish'
p1304
I92
sS'carry'
p1305
I93
sS'07:12:48.0,33.93715743,-118.34673025,6017,i'
p1306
I93
sS'message'
p1307
I90
sS'ways'
p1308
I93
sS'open'
p1309
I91
sS'tomorrow'
p1310
I80
sS'occurred'
p1311
I93
sS'city'
p1312
I90
sS'given'
p1313
I91
sS'boulevard'
p1314
I92
sS'convent'
p1315
I93
sS'ceviche'
p1316
I93
sS'caught'
p1317
I90
sS'slept'
p1318
I92
sS'parallel'
p1319
I93
sS'anyone'
p1320
I81
sS'whos'
p1321
I93
sS'fml'
p1322
I91
sS'2'
p1323
I83
sS'yis'
p1324
I92
sS'imma'
p1325
I93
sS'white'
p1326
I85
sS'tfff,90304\n499073495444111360,mireya_v,2014-08-12'
p1327
I93
sS'friend'
p1328
I84
sS'gives'
p1329
I92
sS'meme'
p1330
I93
sS'eyes'
p1331
I89
sS'x)'
p1332
I90
sS"bob's"
p1333
I93
sS'that'
p1334
I12
sS'season'
p1335
I91
sS'memo'
p1336
I91
sS'bruh'
p1337
I91
sS'huh'
p1338
I88
sS'buts'
p1339
I93
sS'cops'
p1340
I92
sS'fgggty'
p1341
I93
sS'dooodoodoo'
p1342
I93
sS'assssss'
p1343
I93
sS'seat'
p1344
I93
sS'than'
p1345
I77
sS'11'
p1346
I92
sS'10'
p1347
I87
sS'13'
p1348
I93
sS'12'
p1349
I91
sS'15'
p1350
I93
sS'lmao'
p1351
I66
sS'17'
p1352
I92
sS'16'
p1353
I92
sS'19'
p1354
I91
sS'18'
p1355
I92
sS'gotta'
p1356
I88
sS'rehab'
p1357
I93
sS'r'
p1358
I93
sS'were'
p1359
I77
sS'cards'
p1360
I93
sS'college'
p1361
I89
sS'sean'
p1362
I93
sS'and'
p1363
I9
sS'eleven"'
p1364
I93
sS'twinkies'
p1365
I93
sS'marijuano'
p1366
I93
sS'ana'
p1367
I93
sS'angel'
p1368
I93
sS'viner'
p1369
I93
sS'correction'
p1370
I93
sS'birria'
p1371
I93
sS'turned'
p1372
I93
sS'vevo'
p1373
I93
sS'slap'
p1374
I93
sS'sad'
p1375
I89
sS'warframe'
p1376
I93
sS'say'
p1377
I75
sS'mates'
p1378
I93
sS'wjat'
p1379
I93
sS'fictional'
p1380
I93
sS'valentino'
p1381
I93
sS'breakfast'
p1382
I90
sS'saw'
p1383
I89
sS'any'
p1384
I85
sS'lmao,90304\n498777797406380032,mireya_v,2014-08-11'
p1385
I93
sS'kush'
p1386
I93
sS'nvrmnd'
p1387
I93
sS'cigarettes'
p1388
I93
sS'advil'
p1389
I93
sS'isolate'
p1390
I93
sS'ideas'
p1391
I93
sS'greenburg'
p1392
I93
sS'canton'
p1393
I93
sS'note'
p1394
I89
sS'omfg'
p1395
I92
sS'squad'
p1396
I92
sS'take'
p1397
I82
sS'online'
p1398
I93
sS'wanting'
p1399
I93
sS'wettest'
p1400
I93
sS'blunt'
p1401
I90
sS'channel'
p1402
I92
sS'flattered'
p1403
I93
sS'200'
p1404
I93
sS'sure'
p1405
I92
sS'pain'
p1406
I88
sS'normal'
p1407
I93
sS'pendejos'
p1408
I93
sS'knew'
p1409
I89
sS'paid'
p1410
I91
sS'falls'
p1411
I92
sS'ragingfggt"'
p1412
I93
sS'asfhdjfldls'
p1413
I93
sS'freshman'
p1414
I93
sS'knee'
p1415
I93
sS'america'
p1416
I93
sS'icon'
p1417
I93
sS'forever'
p1418
I89
sS'especially'
p1419
I91
sS'surprising'
p1420
I93
sS'boys'
p1421
I93
sS'(obviously)'
p1422
I93
sS'proud'
p1423
I91
sS'hungry'
p1424
I87
sS'mrs'
p1425
I92
sS'estan'
p1426
I93
sS'understandable'
p1427
I93
sS'senior'
p1428
I93
sS'music*'
p1429
I93
sS'lows'
p1430
I93
sS'shop'
p1431
I93
sS'walking'
p1432
I89
sS'shot'
p1433
I92
sS'\xe2\x9c\xa8'
p1434
I93
sS'show'
p1435
I85
sS'08:42:03.0,33.9334007,-118.3517622,6017,hoy'
p1436
I93
sS'cheap'
p1437
I93
sS'waka-taka'
p1438
I93
sS'fifty'
p1439
I92
sS'estoy'
p1440
I93
sS'corner'
p1441
I93
sS'aggressive'
p1442
I93
sS'choppas'
p1443
I92
sS'hustler'
p1444
I93
sS'crashing'
p1445
I92
sS'aint'
p1446
I93
sS'slow'
p1447
I92
sS'sativa'
p1448
I93
sS'raggedy'
p1449
I93
sS'daily'
p1450
I93
sS'dick'
p1451
I92
sS'3'
p1452
I84
sS'to\xe2\x80\xa6'
p1453
I93
sS'only'
p1454
I60
sS'going'
p1455
I71
sS'black'
p1456
I90
sS'goina'
p1457
I93
sS'wuz'
p1458
I93
sS'obsess'
p1459
I93
sS'wooh'
p1460
I92
sS'get'
p1461
I34
sS'assistant'
p1462
I93
sS'lighten'
p1463
I93
sS'jazz'
p1464
I93
sS'expectation'
p1465
I93
sS'soon'
p1466
I93
sS'wheelie'
p1467
I93
sS'negative'
p1468
I93
sS'gee'
p1469
I93
sS'dye'
p1470
I92
sS'sense.,90303\n491451274999508993,hxcmoi,2014-07-22'
p1471
I93
sS'7%'
p1472
I93
sS'regarding'
p1473
I93
sS'apsshh'
p1474
I93
sS'prima'
p1475
I93
sS'pimp'
p1476
I93
sS'borrow'
p1477
I93
sS'morning'
p1478
I75
sS":'("
p1479
I90
sS'jokes'
p1480
I93
sS'skyline'
p1481
I93
sS'stupid'
p1482
I88
sS'worries'
p1483
I93
sS'scott'
p1484
I93
sS'bought'
p1485
I93
sS'where'
p1486
I77
sS'lopping'
p1487
I93
sS'husband'
p1488
I93
sS'troquero'
p1489
I93
sS"y'all"
p1490
I85
sS'ignored'
p1491
I93
sS'concert'
p1492
I90
sS'physically'
p1493
I93
sS'yeah.\xe2\x80\x9d'
p1494
I93
sS'08:11:17.0,33.9371003,-118.34691604,6017,ha'
p1495
I93
sS'up'
p1496
I24
sS'asleep'
p1497
I92
sS'anyways'
p1498
I93
sS'parking'
p1499
I93
sS'surgery'
p1500
I93
sS'ruined'
p1501
I93
sS'it\xe2\x9c\x8b'
p1502
I93
sS'wonder'
p1503
I91
sS'haaair'
p1504
I93
sS'azz'
p1505
I93
sS'label'
p1506
I93
sS"father's"
p1507
I93
sS'outside'
p1508
I92
sS'between'
p1509
I93
sS'teens'
p1510
I93
sS'reading'
p1511
I92
sS'across'
p1512
I93
sS'dempsey'
p1513
I93
sS'notice'
p1514
I92
sS'jobs'
p1515
I92
sS'blams'
p1516
I93
sS'messed'
p1517
I93
sS'spring'
p1518
I93
sS"bolt's"
p1519
I93
sS'killing'
p1520
I93
sS'ringwald'
p1521
I93
sS'awards'
p1522
I93
sS'jk'
p1523
I92
sS'come'
p1524
I65
sS'mans'
p1525
I93
sS'mob'
p1526
I93
sS'many'
p1527
I80
sS'voicemail'
p1528
I93
sS'quiet'
p1529
I92
sS'awwh'
p1530
I93
sS'personal'
p1531
I93
sS'tour'
p1532
I93
sS'elijah'
p1533
I93
sS'quien'
p1534
I93
sS'yeeee'
p1535
I93
sS'harbor'
p1536
I93
sS'wheels'
p1537
I93
sS'expression'
p1538
I93
sS"can't"
p1539
I61
sS'mano'
p1540
I92
sS'stretches'
p1541
I93
sS'madness'
p1542
I93
sS'merry'
p1543
I93
sS'color'
p1544
I90
sS'avocado'
p1545
I93
sS'kieffff'
p1546
I93
sS'hurts'
p1547
I92
sS'period'
p1548
I93
sS'pop'
p1549
I93
sS'nooooo'
p1550
I93
sS'stretched'
p1551
I93
sS"couldn't"
p1552
I92
sS'polo'
p1553
I93
sS'freak'
p1554
I93
sS'crew'
p1555
I93
sS'yooooo'
p1556
I93
sS'waassup'
p1557
I93
sS'caring'
p1558
I93
sS'now\xe2\x80\x9d'
p1559
I93
sS'capable'
p1560
I93
sS'jelly?,90303\n491827534065983488,hxcmoi,2014-07-23'
p1561
I93
sS'50%'
p1562
I93
sS'vacation'
p1563
I92
sS'workshop'
p1564
I93
sS'dependable'
p1565
I93
sS'peaceful'
p1566
I93
sS'ranches'
p1567
I93
sS'featuring'
p1568
I93
sS'mesimple'
p1569
I93
sS'mary'
p1570
I90
sS'10:50:24.0,33.93723469,-118.34687544,6017,i'
p1571
I93
sS'wants'
p1572
I89
sS'robben'
p1573
I93
sS'shopping'
p1574
I91
sS"jordan's"
p1575
I93
sS'offered'
p1576
I91
sS'putosss'
p1577
I93
sS'photos'
p1578
I93
sS'screaming.,90303\n491449878975762432,hxcmoi,2014-07-22'
p1579
I93
sS'wake'
p1580
I84
sS'external'
p1581
I92
sS'hardcore'
p1582
I93
sS'hahahahahahahahahahahahahahahahahahahahahahahahahaha'
p1583
I93
sS'spirit'
p1584
I92
sS'those'
p1585
I82
sS'sound'
p1586
I89
sS'myself'
p1587
I83
sS'cutie'
p1588
I93
sS'these'
p1589
I79
sS'"hunnid"'
p1590
I93
sS'knowwwww'
p1591
I93
sS'tumblr*'
p1592
I93
sS'pacers'
p1593
I93
sS'alva'
p1594
I93
sS'goodmorning'
p1595
I93
sS'amstaff'
p1596
I93
sS'scum'
p1597
I93
sS'rhymed'
p1598
I93
sS'almpsted'
p1599
I93
sS'cock'
p1600
I91
sS'invited'
p1601
I92
sS'ive'
p1602
I93
sS'orientation'
p1603
I93
sS'eventually'
p1604
I93
sS'rubbing'
p1605
I93
sS'coffee'
p1606
I90
sS'sleeping'
p1607
I92
sS'couples'
p1608
I93
sS'middle'
p1609
I90
sS'someone'
p1610
I68
sS'clutter'
p1611
I93
sS'minds'
p1612
I93
sS'dangerously'
p1613
I93
sS';-;,90303\n491828032168947712,hxcmoi,2014-07-23'
p1614
I93
sS'loosing'
p1615
I93
sS'beaver'
p1616
I93
sS'property'
p1617
I93
sS'everyday'
p1618
I93
sS'worry'
p1619
I93
sS'hxc'
p1620
I92
sS'bags'
p1621
I93
sS'different'
p1622
I90
sS'samo'
p1623
I93
sS'harsh'
p1624
I92
sS'doctor'
p1625
I92
sS'pay'
p1626
I93
sS'reminded'
p1627
I92
sS'same'
p1628
I79
sS'trip'
p1629
I91
sS'food'
p1630
I85
sS'cumpleanos'
p1631
I93
sS'pad'
p1632
I93
sS"o'brien"
p1633
I93
sS'nah,90304\n499464026468794368,mireya_v,2014-08-13'
p1634
I93
sS'"i'
p1635
I93
sS'emojis'
p1636
I93
sS'week'
p1637
I90
sS'wahhh'
p1638
I93
sS'finish'
p1639
I93
sS'closest'
p1640
I93
sS'joke,90304\n499468216796602368,mireya_v,2014-08-13'
p1641
I93
sS'nest'
p1642
I93
sS'foam'
p1643
I93
sS'mutha'
p1644
I93
sS'weed'
p1645
I85
sS'driven'
p1646
I93
sS'running'
p1647
I91
sS'puke'
p1648
I93
sS'yummies'
p1649
I93
sS'totally'
p1650
I89
sS'\xe2\x9c\x8c\xef\xb8\x8f'
p1651
I91
sS'omelette'
p1652
I93
sS'tracking'
p1653
I86
sS'burrito'
p1654
I93
sS'stiles,90304\n499508260269879298,mireya_v,2014-08-13'
p1655
I93
sS'charger'
p1656
I93
sS'floor'
p1657
I93
sS'sirens'
p1658
I93
sS'"hardcore'
p1659
I93
sS'invites'
p1660
I93
sS'without'
p1661
I92
sS'comes'
p1662
I90
sS'bottle'
p1663
I93
sS'"friends"'
p1664
I93
sS'model'
p1665
I93
sS'bumping'
p1666
I93
sS'sinner'
p1667
I93
sS'taxi'
p1668
I93
sS'summer'
p1669
I86
sS'they'
p1670
I40
sS'being'
p1671
I80
sS'money'
p1672
I91
sS'widit'
p1673
I93
sS'rest'
p1674
I93
sS'tomorrow\xe2\x80\x9d'
p1675
I93
sS'kill'
p1676
I84
sS'cutiee'
p1677
I93
sS'ps3'
p1678
I90
sS'prioritize!\xe2\x98\x9d\xef\xb8\x8f'
p1679
I93
sS'ps4'
p1680
I85
sS'blow'
p1681
I92
sS'death'
p1682
I88
sS'provocatively'
p1683
I93
sS'nick'
p1684
I93
sS'thinking'
p1685
I90
sS'daydreaming'
p1686
I93
sS"everyone's"
p1687
I92
sS'seems'
p1688
I89
sS'except'
p1689
I93
sS'it\xe2\x80\x99s'
p1690
I93
sS'mann'
p1691
I92
sS'lets'
p1692
I92
sS"kingston's"
p1693
I93
sS'ahhhh'
p1694
I92
sS'4'
p1695
I88
sS'foos'
p1696
I92
sS'real'
p1697
I79
sS'starving'
p1698
I88
sS'around'
p1699
I87
sS'kills'
p1700
I92
sS'ama'
p1701
I92
sS'gonna'
p1702
I74
sS'early'
p1703
I91
sS'compassionate'
p1704
I93
sS'traffic'
p1705
I90
sS'mon'
p1706
I93
sS'listening'
p1707
I90
sS'05:27:08.0,33.9364873,-118.3441079,6017,i'
p1708
I93
sS'world'
p1709
I84
sS'cd'
p1710
I93
sS'lady'
p1711
I92
sS'dare'
p1712
I92
sS'action"'
p1713
I93
sS'tatted'
p1714
I93
sS'wbu'
p1715
I93
sS'standstill'
p1716
I93
sS'achieve'
p1717
I93
sS'homeroom'
p1718
I93
sS'patrick'
p1719
I93
sS'pregnant'
p1720
I93
sS'wisdoms'
p1721
I93
sS'sanity'
p1722
I93
sS'nose'
p1723
I92
sS'creeped'
p1724
I93
sS'accidentally'
p1725
I93
sS'05:11:18.0,33.9364932,-118.3441669,6017,come'
p1726
I93
sS';u'
p1727
I91
sS'ingle'
p1728
I93
sS';~'
p1729
I89
sS'sneaked'
p1730
I93
sS'kings'
p1731
I93
sS'niggahs'
p1732
I93
sS';o'
p1733
I91
sS'thinks'
p1734
I92
sS'gross'
p1735
I93
sS'motherfucker'
p1736
I93
sS'mood'
p1737
I91
sS'ftsdefinition'
p1738
I93
sS'memories'
p1739
I92
sS'mook'
p1740
I93
sS'classmates'
p1741
I93
sS'moon'
p1742
I91
sS'n*gga'
p1743
I93
sS'jesusforochoa'
p1744
I93
sS'freee'
p1745
I93
sS'hustle'
p1746
I92
sS'matata'
p1747
I93
sS'felt'
p1748
I90
sS'\xe2\x9c\x88\xef\xb8\x8f'
p1749
I93
sS'power'
p1750
I93
sS'asap'
p1751
I93
sS'lmfao'
p1752
I84
sS'itching'
p1753
I93
sS'equivalent'
p1754
I93
sS'broken'
p1755
I93
sS'throw'
p1756
I91
sS';-'
p1757
I65
sS'be\xe2\x80\xa6'
p1758
I93
sS'on'
p1759
I23
sS'uncrowded'
p1760
I93
sS'ol'
p1761
I93
sS'ok'
p1762
I82
sS'choe'
p1763
I93
sS'oh'
p1764
I75
sS'og'
p1765
I92
sS'of'
p1766
I14
sS'favorite'
p1767
I90
sS'inviting'
p1768
I93
sS'40z'
p1769
I93
sS'chop'
p1770
I93
sS'fell'
p1771
I93
sS'stand'
p1772
I92
sS'neighbor'
p1773
I93
sS'act'
p1774
I88
sS'luck'
p1775
I92
sS'os'
p1776
I93
sS'or'
p1777
I57
sS'road'
p1778
I90
sS'kapt'
p1779
I93
sS'ladies'
p1780
I93
sS'licensed'
p1781
I93
sS'snapchat'
p1782
I93
sS'accounts'
p1783
I93
sS'darren'
p1784
I93
sS'homeless'
p1785
I92
sS'pervent'
p1786
I93
sS'uhhhhhh'
p1787
I93
sS'your'
p1788
I30
sS'stare'
p1789
I93
sS'tax.,90303\n142736442278416384,keenerguy,2011-12-02'
p1790
I93
sS'her'
p1791
I63
sS'immense'
p1792
I93
sS'there'
p1793
I79
sS'(14'
p1794
I93
sS'hey'
p1795
I89
sS'lol'
p1796
I30
sS'lmfaooo'
p1797
I92
sS'los'
p1798
I91
sS'you?,90303\n491452454861426688,hxcmoi,2014-07-22'
p1799
I93
sS'downey'
p1800
I93
sS'low'
p1801
I91
sS'lot'
p1802
I86
sS'you...loleven'
p1803
I93
sS'fish'
p1804
I93
sS'comerciales'
p1805
I93
sS'muhhhfuccas'
p1806
I93
sS'trey'
p1807
I93
sS'mornings'
p1808
I92
sS'complete'
p1809
I91
sS'hxcmoi'
p1810
I93
sS'enough'
p1811
I93
sS'eyeliner'
p1812
I93
sS'jul'
p1813
I93
sS"x'd"
p1814
I92
sS'bowls'
p1815
I93
sS'trying'
p1816
I85
sS'with'
p1817
I20
sS'buying'
p1818
I91
sS'longer'
p1819
I93
sS'football'
p1820
I93
sS"they're"
p1821
I84
sS'woman'
p1822
I93
sS'1026'
p1823
I93
sS'brothaaa'
p1824
I93
sS'rage'
p1825
I93
sS"wasn't"
p1826
I87
sS'yeeeeeeeee'
p1827
I93
sS'jackman'
p1828
I93
sS'flirt'
p1829
I93
sS'sadness'
p1830
I93
sS'dirty'
p1831
I91
sS'hahahahaha,90303\n480511003688325120,smoke_some_pott,2014-06-22'
p1832
I93
sS'"hablame'
p1833
I93
sS'grass'
p1834
I92
sS'djing'
p1835
I93
sS'swaggy'
p1836
I93
sS'gone'
p1837
I88
sS'cba'
p1838
I93
sS'ohh'
p1839
I93
sS'videos'
p1840
I93
sS'af'
p1841
I84
sS'taste'
p1842
I92
sS'ah'
p1843
I91
sS'am'
p1844
I70
sS"murph's"
p1845
I93
sS'deep'
p1846
I91
sS'an'
p1847
I72
sS'as'
p1848
I55
sS'at'
p1849
I34
sS'ay'
p1850
I92
sS'watched'
p1851
I92
sS'az'
p1852
I92
sS'film'
p1853
I93
sS'cream'
p1854
I92
sS'yoo'
p1855
I93
sS'again'
p1856
I80
sS'amendments'
p1857
I93
sS'retiring'
p1858
I93
sS'deserve'
p1859
I91
sS'saturday'
p1860
I92
sS'fooly'
p1861
I93
sS'tight'
p1862
I91
sS'hella'
p1863
I93
sS'5'
p1864
I89
sS'you'
p1865
I7
sS'puppy'
p1866
I93
sS'know,90304\n500094525482622977,mireya_v,2014-08-15'
p1867
I93
sS'narco'
p1868
I93
sS'obsessed'
p1869
I93
sS'students'
p1870
I93
sS'teeth'
p1871
I93
sS'hawthorne'
p1872
I83
sS'track'
p1873
I93
sS'!?yea!okay'
p1874
I93
sS"she's"
p1875
I88
sS'chris'
p1876
I92
sS'finals'
p1877
I93
sS'slang'
p1878
I93
sS'alcohol'
p1879
I92
sS'building'
p1880
I93
sS'booked'
p1881
I93
sS'wife'
p1882
I93
sS'odds'
p1883
I93
sS'3-4'
p1884
I93
sS'dyed'
p1885
I93
sS'having'
p1886
I82
sS'exhausting'
p1887
I93
sS'posts'
p1888
I93
sS'03:13:50.0,33.93720809,-118.34679061,6017,aw'
p1889
I93
sS'u'
p1890
I58
sS'144p'
p1891
I93
sS'alright'
p1892
I92
sS'overseas'
p1893
I93
sS'once'
p1894
I86
sS'starting'
p1895
I89
sS'original'
p1896
I92
sS'all'
p1897
I34
sS'forget'
p1898
I92
sS'suns'
p1899
I93
sS'zanny'
p1900
I93
sS'graphics'
p1901
I93
sS'dollar'
p1902
I93
sS'month'
p1903
I92
sS'awhh'
p1904
I93
sS'talks'
p1905
I92
sS'follow'
p1906
I90
sS'liam'
p1907
I93
sS'wash'
p1908
I93
sS'carpet'
p1909
I93
sS'23:40:55.0,33.9361364,-118.343953,6017,bought'
p1910
I93
sS'everywhere'
p1911
I93
sS'costco'
p1912
I93
sS'wassup'
p1913
I92
sS'thursday'
p1914
I91
sS'laughing'
p1915
I93
sS'to'
p1916
I4
sS'program'
p1917
I93
sS'tj'
p1918
I93
sS'thooo'
p1919
I93
sS'tf'
p1920
I92
sS'smile'
p1921
I93
sS'enjoying'
p1922
I93
sS'1080p'
p1923
I93
sS'ta'
p1924
I93
sS'case'
p1925
I93
sS'mornin'
p1926
I93
sS'worse'
p1927
I91
sS'sitting'
p1928
I92
sS'very'
p1929
I90
sS'horror'
p1930
I93
sS'fav'
p1931
I90
sS'detention'
p1932
I93
sS'fat'
p1933
I93
sS'focus'
p1934
I93
sS'selfies'
p1935
I93
sS'worst'
p1936
I89
sS'fall'
p1937
I92
sS'ticket'
p1938
I92
sS'difference'
p1939
I93
sS'fliiickda'
p1940
I93
sS'capture'
p1941
I93
sS'heaven'
p1942
I93
sS'ranting'
p1943
I93
sS'incorrectly)'
p1944
I93
sS'lisp'
p1945
I93
sS'wilmington'
p1946
I93
sS'celebrity'
p1947
I92
sS'list'
p1948
I93
sS'burritos'
p1949
I93
sS'sang'
p1950
I93
sS'vibes'
p1951
I92
sS'hyu'
p1952
I93
sS'small'
p1953
I89
sS'tear'
p1954
I93
sS'smith'
p1955
I93
sS"i'll"
p1956
I78
sS'dunk'
p1957
I93
sS'streetz'
p1958
I93
sS'wallflower'
p1959
I93
sS'cahsee'
p1960
I93
sS'tea'
p1961
I92
sS'streets'
p1962
I93
sS'tee'
p1963
I93
sS'past'
p1964
I88
sS'elco'
p1965
I90
sS'pass'
p1966
I92
sS'nba'
p1967
I93
sS'balls\xe2\x80\x9d'
p1968
I93
sS'when]'
p1969
I93
sS'90s'
p1970
I93
sS'what'
p1971
I37
sS'\xe2\x99\xbb\xef\xb8\x8f'
p1972
I93
sS'house....okay'
p1973
I93
sS'sun'
p1974
I93
sS'fucks'
p1975
I91
sS'emotions'
p1976
I93
sS'guna'
p1977
I93
sS'crush'
p1978
I93
sS'version'
p1979
I93
sS'sus'
p1980
I89
sS'fuckk'
p1981
I91
sS'sup'
p1982
I92
sS'meds.helps'
p1983
I93
sS'03:08:50.0,33.93710016,-118.34691666,6017,aw'
p1984
I93
sS'guns'
p1985
I93
sS'sux'
p1986
I92
sS'ratchet'
p1987
I93
sS'toes'
p1988
I91
sS'amy'
p1989
I93
sS"mentallythat's"
p1990
I93
sS'hungover'
p1991
I93
sS'gnarliest'
p1992
I93
sS'certainly'
p1993
I93
sS'revenge'
p1994
I93
sS'hours'
p1995
I93
sS'supercalafragilisticexpiala-bullshit'
p1996
I93
sS'november'
p1997
I93
sS'strong'
p1998
I90
sS'legend'
p1999
I93
sS'mr.chow'
p2000
I93
sS'social'
p2001
I93
sS'bizness'
p2002
I93
sS'ahead'
p2003
I93
sS'$/b'
p2004
I93
sS'4real'
p2005
I93
sS'experience'
p2006
I91
sS'whiny'
p2007
I93
sS'amount'
p2008
I93
sS'ohhhhh'
p2009
I93
sS'fwy'
p2010
I93
sS'pick'
p2011
I90
sS'23:22:12.0,33.9371676,-118.3467882,6017,darn'
p2012
I93
sS'helps'
p2013
I93
sS'conditioning'
p2014
I93
sS'became'
p2015
I93
sS'via'
p2016
I93
sS'followed'
p2017
I93
sS'members'
p2018
I92
sS'family'
p2019
I88
sS'barker'
p2020
I93
sS'voice*los'
p2021
I93
sS'ask'
p2022
I88
sS'chunky'
p2023
I93
sS'06:14:28.0,33.93720474,-118.34680192,6017,wait'
p2024
I93
sS'toys'
p2025
I93
sS',90304\n218348598755213312,jeffreynickels,2012-06-28'
p2026
I93
sS'emoji'
p2027
I93
sS'hispanic'
p2028
I93
sS'munchies'
p2029
I93
sS'eye'
p2030
I93
sS'takes'
p2031
I91
sS'for.my'
p2032
I93
sS'attached\xe2\x80\x9d'
p2033
I93
sS'\xe2\x98\x9d\xef\xb8\x8f'
p2034
I93
sS'direction'
p2035
I93
sS'two'
p2036
I87
sS'taked'
p2037
I93
sS'torro'
p2038
I93
sS'replay'
p2039
I93
sS'6'
p2040
I88
sS'shits'
p2041
I93
sS'twy'
p2042
I93
sS'111th'
p2043
I93
sS'minor'
p2044
I93
sS'more'
p2045
I75
sS'tryna'
p2046
I85
sS'diamond'
p2047
I93
sS'door'
p2048
I91
sS'knows'
p2049
I90
sS'relevant'
p2050
I93
sS'marks'
p2051
I93
sS'mira'
p2052
I93
sS'excuse'
p2053
I92
sS"ain't"
p2054
I72
sS'basically'
p2055
I92
sS'broke'
p2056
I93
sS'hundo'
p2057
I93
sS'known'
p2058
I93
sS'karaoke'
p2059
I92
sS'glad'
p2060
I91
sS'14:22:17.0,33.93198202,-118.34663965,6017,tax'
p2061
I93
sS'05:18:45.0,33.9364655,-118.3441511,6017,vinyl'
p2062
I93
sS'hour'
p2063
I93
sS'sucks'
p2064
I87
sS'coalition'
p2065
I93
sS'overpass'
p2066
I93
sS'duh'
p2067
I93
sS'-__-\xe2\x80\x9d'
p2068
I93
sS'offended'
p2069
I92
sS'mall'
p2070
I93
sS'sudden'
p2071
I93
sS'nine'
p2072
I93
sS'\xe2\x9c\x8a\xe2\x9c\x8a\xe2\x9c\x8a'
p2073
I93
sS'learn'
p2074
I90
sS'knocked'
p2075
I92
sS'excursion'
p2076
I93
sS'def'
p2077
I93
sS'history'
p2078
I92
sS'beautiful'
p2079
I88
sS'embarrassing'
p2080
I92
sS'challenging'
p2081
I93
sS'skin."-morgana'
p2082
I93
sS'lives'
p2083
I93
sS'sugga'
p2084
I93
sS'lolol'
p2085
I86
sS'curved'
p2086
I93
sS'sense'
p2087
I91
sS'dress'
p2088
I89
sS'530am'
p2089
I93
sS'mcgangbang'
p2090
I93
sS'needs'
p2091
I89
sS'answer'
p2092
I93
sS'court'
p2093
I92
sS'awkward'
p2094
I88
sS'rather'
p2095
I92
sS'hugh'
p2096
I93
sS'stayed'
p2097
I93
sS'ayyyyy'
p2098
I93
sS'underage'
p2099
I93
sS'rooting'
p2100
I93
sS'blacked'
p2101
I93
sS'sandwich'
p2102
I92
sS'okay'
p2103
I83
sS'plans'
p2104
I93
sS'dinosaur'
p2105
I93
sS'notre'
p2106
I93
sS'cali'
p2107
I93
sS'oops."'
p2108
I93
sS'fucckkk'
p2109
I93
sS'blood'
p2110
I90
sS'numb'
p2111
I91
sS'coming'
p2112
I87
sS'evaluations'
p2113
I93
sS'tacos'
p2114
I93
sS'response'
p2115
I93
sS'pau'
p2116
I92
sS'a'
p2117
I6
sS'refuse'
p2118
I93
sS'short'
p2119
I93
sS'fruitvale'
p2120
I93
sS'read'
p2121
I93
sS'tweeting'
p2122
I92
sS'register'
p2123
I93
sS'seconds'
p2124
I93
sS'django'
p2125
I93
sS'discussing'
p2126
I93
sS'ego'
p2127
I93
sS'shade'
p2128
I93
sS'media'
p2129
I93
sS'facebook'
p2130
I93
sS'dream'
p2131
I91
sS'playing'
p2132
I86
sS'kobeeeeeeee'
p2133
I93
sS"that's"
p2134
I64
sS'replied'
p2135
I92
sS'chicks'
p2136
I92
sS'mexican'
p2137
I92
sS'help'
p2138
I89
sS"don't"
p2139
I25
sS'15:00:36.0,33.9377266,-118.347571,6017,innuendo'
p2140
I93
sS'bowl'
p2141
I93
sS'kitten'
p2142
I93
sS'mission'
p2143
I93
sS'trade'
p2144
I93
sS'03:17:09.0,33.9347115,-118.3440552,6017,i'
p2145
I93
sS'attitude'
p2146
I92
sS'mistake'
p2147
I93
sS'through'
p2148
I85
sS',90304\n499787493449797632,mireya_v,2014-08-14'
p2149
I93
sS'hell'
p2150
I86
sS'bigs'
p2151
I93
sS'its'
p2152
I80
sS'dont'
p2153
I89
sS'25'
p2154
I93
sS'20'
p2155
I91
sS'17)'
p2156
I93
sS'!am'
p2157
I93
sS'brows'
p2158
I93
sS'thnx'
p2159
I93
sS'chalk'
p2160
I93
sS'actually'
p2161
I87
sS'late'
p2162
I87
sS'nice\xe2\x80\x9d'
p2163
I93
sS'golasoooo'
p2164
I93
sS'ruining'
p2165
I93
sS'release'
p2166
I93
sS'bout'
p2167
I91
sS'soccer'
p2168
I90
sS'might'
p2169
I84
sS"haven't"
p2170
I83
sS'fool'
p2171
I90
sS'hurting'
p2172
I93
sS'good'
p2173
I56
sS'somebody'
p2174
I93
sS'yo'
p2175
I79
sS'ya'
p2176
I84
sS'sucker'
p2177
I92
sS'rn-.-'
p2178
I93
sS'\xe2\x98\x94\xef\xb8\x8f'
p2179
I93
sS'detour'
p2180
I93
sS'clippers'
p2181
I93
sS'collin'
p2182
I93
sS'okc'
p2183
I93
sS'starbucks'
p2184
I93
sS'yu'
p2185
I92
sS'bigger'
p2186
I93
sS'sucked'
p2187
I92
sS'everytime'
p2188
I93
sS'sundays'
p2189
I93
sS'always'
p2190
I72
sS'doctoroitnb'
p2191
I93
sS'bless'
p2192
I90
sS'eleanor'
p2193
I93
sS'stopped'
p2194
I92
sS'=)'
p2195
I93
sS'teas'
p2196
I93
sS'found'
p2197
I92
sS'fairy'
p2198
I92
sS'kasem'
p2199
I93
sS'notes'
p2200
I93
sS'trailer'
p2201
I91
sS'(but'
p2202
I93
sS'everyone'
p2203
I87
sS'mental'
p2204
I91
sS'weight'
p2205
I93
sS'skacore'
p2206
I93
sS'generation'
p2207
I93
sS'house'
p2208
I82
sS'energy'
p2209
I93
sS'hard'
p2210
I86
sS'idea'
p2211
I89
sS'brother'
p2212
I87
sS'cloudy'
p2213
I93
sS'kobe'
p2214
I93
sS'scratching'
p2215
I93
sS'beyond'
p2216
I92
sS'really'
p2217
I54
sS'24hours'
p2218
I93
sS'anxious'
p2219
I93
sS'lola'
p2220
I93
sS'missed'
p2221
I92
sS':]'
p2222
I93
sS'unnatural'
p2223
I93
sS'since'
p2224
I87
sS'douglas'
p2225
I93
sS'blunts'
p2226
I93
sS'7'
p2227
I92
sS'flatulence)'
p2228
I93
sS'flyaway'
p2229
I93
sS'san'
p2230
I93
sS'issue'
p2231
I93
sS'highway'
p2232
I93
sS'ass'
p2233
I74
sS'reporting'
p2234
I93
sS'bass'
p2235
I92
sS'risen'
p2236
I93
sS'upon'
p2237
I93
sS'friday'
p2238
I90
sS'story'
p2239
I92
sS'bulls'
p2240
I93
sS'mmm'
p2241
I93
sS'houses'
p2242
I93
sS'reason'
p2243
I87
sS'base'
p2244
I93
sS'asf'
p2245
I92
sS'fatass'
p2246
I92
sS'clique'
p2247
I93
sS'put'
p2248
I82
sS'mothafucka'
p2249
I93
sS'beginning'
p2250
I93
sS'bash'
p2251
I93
sS"impala's"
p2252
I93
sS'peace\xe2\x9c\x8c\xef\xb8\x8f'
p2253
I93
sS'e.e'
p2254
I90
sS"woman's"
p2255
I93
sS'terrible'
p2256
I93
sS'american'
p2257
I93
sS'w'
p2258
I92
sS'july'
p2259
I93
sS'ramyun'
p2260
I93
sS'\xc2\xaf\\_(\xe3\x83\x84)_/\xc2\xaf'
p2261
I93
sS'humboldt'
p2262
I92
sS'feel'
p2263
I50
sS'\xd8\xa2\xd9\x85\xd9\x8a\xd9\x8a\xd9\x8a\xd9\x8a\xd9\x86'
p2264
I93
sS'slippen'
p2265
I93
sS'number'
p2266
I91
sS'feet'
p2267
I91
sS'infinite'
p2268
I93
sS'mmmmm'
p2269
I93
sS'done'
p2270
I79
sS'angeles)'
p2271
I93
sS'miss'
p2272
I82
sS'stage'
p2273
I93
sS'passes'
p2274
I93
sS'guess'
p2275
I88
sS'"'
p2276
I92
sS'guest'
p2277
I92
sS'movieeee'
p2278
I93
sS'cutieee,90304\n499815887893835776,mireya_v,2014-08-14'
p2279
I93
sS'threatening'
p2280
I93
sS'least'
p2281
I92
sS'intense'
p2282
I93
sS'station'
p2283
I80
sS',90303\n491828528954888192,hxcmoi,2014-07-23'
p2284
I93
sS'passed'
p2285
I92
sS'mama'
p2286
I93
sS'kop'
p2287
I92
sS'pigmentation'
p2288
I93
sS'omfggggg'
p2289
I93
sS'store'
p2290
I92
sS'incomplete'
p2291
I93
sS'selling'
p2292
I93
sS'option'
p2293
I93
sS'para'
p2294
I92
sS'behind'
p2295
I92
sS'giselle'
p2296
I93
sS'tff'
p2297
I93
sS'park'
p2298
I92
sS'mmmm'
p2299
I93
sS'sam'
p2300
I93
sS'part'
p2301
I89
sS'boredom'
p2302
I93
sS'tatt'
p2303
I93
sS'rain'
p2304
I93
sS'believe'
p2305
I89
sS'$3'
p2306
I93
sS'band\xe2\x80\x9d'
p2307
I93
sS'kind'
p2308
I92
sS'b'
p2309
I91
sS'compliments'
p2310
I93
sS"morning's"
p2311
I93
sS'grey'
p2312
I93
sS'banana'
p2313
I93
sS'youth'
p2314
I92
sS'fuchi'
p2315
I93
sS'cost'
p2316
I93
sS'supposed'
p2317
I93
sS'travieso'
p2318
I93
sS'dang'
p2319
I93
sS'treated'
p2320
I92
sS'backkk'
p2321
I93
sS'13:50:16.0,33.93402271,-118.35477881,6017,studying'
p2322
I93
sS'brining'
p2323
I93
sS'camping!!!!\xe2\x9b\xba\xef\xb8\x8f'
p2324
I93
sS'outta'
p2325
I93
sS'a.f,90303\n502676394833620992,javifuente17,2014-08-22'
p2326
I93
sS'23:06:21.0,33.9340279,-118.352589,6017,i'
p2327
I93
sS'thee.\xe2\x80\x9d,90304\n468405871475564544,ofepalomino,2014-05-19'
p2328
I93
sS'ages'
p2329
I93
sS'murder'
p2330
I93
sS'graffiti'
p2331
I86
sS"rn...it's"
p2332
I93
sS'fiening'
p2333
I93
sS'xumplas'
p2334
I93
sS'sell'
p2335
I92
sS'lie'
p2336
I90
sS'nights'
p2337
I92
sS'u.u'
p2338
I79
sS'lil'
p2339
I85
sS'self'
p2340
I89
sS'trapped'
p2341
I93
sS'attacando'
p2342
I93
sS'*cult'
p2343
I93
sS'also'
p2344
I91
sS'breeze'
p2345
I93
sS'build'
p2346
I92
sS'ittt,90304\n499072076183908352,mireya_v,2014-08-12'
p2347
I93
sS'finding'
p2348
I92
sS'whore""well'
p2349
I93
sS'you\xe2\x80\x9d'
p2350
I93
sS'play'
p2351
I88
sS'cicis'
p2352
I93
sS'carolina'
p2353
I93
sS'eater'
p2354
I89
sS'steam'
p2355
I93
sS'most'
p2356
I76
sS'lawyers\xe2\x80\x9d'
p2357
I93
sS'kat'
p2358
I92
sS'nothing'
p2359
I83
sS'alpha'
p2360
I93
sS'kay'
p2361
I93
sS'11:11'
p2362
I93
sS'kb'
p2363
I92
sS'grams'
p2364
I93
sS'seize'
p2365
I93
sS'windows'
p2366
I93
sS'clear'
p2367
I93
sS'sometimes'
p2368
I88
sS'night"'
p2369
I93
sS'exs'
p2370
I93
sS'boy\xe2\x80\x9d'
p2371
I93
sS'stoner'
p2372
I93
sS'ugh'
p2373
I90
sS'gold'
p2374
I89
sS'botellas'
p2375
I93
sS'yeee'
p2376
I93
sS'ciroc'
p2377
I93
sS'asleep....my'
p2378
I93
sS'ugy'
p2379
I93
sS'cds'
p2380
I93
sS'naomi'
p2381
I93
sS'heavens'
p2382
I93
sS'find'
p2383
I89
sS'nervous'
p2384
I93
sS'edited'
p2385
I93
sS'19th'
p2386
I93
sS'penalty'
p2387
I93
sS'pretty'
p2388
I84
sS'8'
p2389
I92
sS'circle'
p2390
I90
sS"should've"
p2391
I93
sS"(he's"
p2392
I93
sS'porque'
p2393
I93
sS'his'
p2394
I86
sS'hit'
p2395
I81
sS'beyonc\xc3\xa9'
p2396
I93
sS'tommorow'
p2397
I92
sS'grocery'
p2398
I93
sS'famous'
p2399
I93
sS'feels'
p2400
I90
sS'stg'
p2401
I93
sS'longest'
p2402
I93
sS',90304\n498833773731934210,mireya_v,2014-08-11'
p2403
I93
sS'shared'
p2404
I93
sS'during'
p2405
I93
sS'beards'
p2406
I91
sS'him'
p2407
I72
sS'enemy'
p2408
I92
sS'adulthood'
p2409
I93
sS'cry'
p2410
I88
sS'"lesbian'
p2411
I93
sS'cela'
p2412
I93
sS'06:09:43.0,33.93449814,-118.34399767,6017,,90303\n460274175941160960,jazmineahyee,2014-04-27'
p2413
I93
sS'(i'
p2414
I93
sS'caramel'
p2415
I93
sS'cartoons'
p2416
I92
sS'witches'
p2417
I93
sS'hype'
p2418
I93
sS'x'
p2419
I92
sS'river'
p2420
I93
sS'you,90304\n508487484595261440,rileyfayedraper,2014-09-07'
p2421
I93
sS'bars'
p2422
I93
sS'set'
p2423
I89
sS'art'
p2424
I93
sS'devils'
p2425
I93
sS'barz'
p2426
I93
sS'byron'
p2427
I93
sS'scenes'
p2428
I93
sS'toes..."i'
p2429
I93
sS'see'
p2430
I73
sS'dumb'
p2431
I92
sS'are'
p2432
I39
sS'sea'
p2433
I93
sS'overboard'
p2434
I93
sS'close'
p2435
I87
sS'bark'
p2436
I92
sS'ebay'
p2437
I93
sS'retweet'
p2438
I93
sS'barn'
p2439
I93
sS'fana'
p2440
I91
sS'merch'
p2441
I92
sS'tamales'
p2442
I92
sS'don\xe2\x80\x99t'
p2443
I92
sS'pictures'
p2444
I89
sS'wow'
p2445
I81
sS'currently'
p2446
I93
sS'please'
p2447
I86
sS'slapped'
p2448
I93
sS'klub'
p2449
I88
sS'f21'
p2450
I93
sS'won'
p2451
I93
sS'jesus'
p2452
I93
sS'probably'
p2453
I87
sS'burned'
p2454
I92
sS'champagne'
p2455
I92
sS'compliment'
p2456
I93
sS'piss'
p2457
I92
sS'knowing'
p2458
I92
sS'latin'
p2459
I93
sS'missing'
p2460
I90
sS'sold'
p2461
I91
sS'attention'
p2462
I92
sS'deliberately'
p2463
I93
sS',90304\n499757810725302272,mireya_v,2014-08-14'
p2464
I93
sS'zipper'
p2465
I93
sS'both'
p2466
I93
sS'c'
p2467
I86
sS'everywherecut'
p2468
I93
sS'last'
p2469
I71
sS"wild'n"
p2470
I93
sS'secrets'
p2471
I92
sS'thot'
p2472
I93
sS"wouldn't"
p2473
I86
sS'greatest\xe2\x80\x9d'
p2474
I93
sS'onion'
p2475
I93
sS'minorities'
p2476
I93
sS't^t'
p2477
I93
sS'amoeba'
p2478
I93
sS'sterling'
p2479
I93
sS'headd'
p2480
I93
sS'boxers'
p2481
I93
sS'thoe'
p2482
I92
sS'bond'
p2483
I93
sS'whole'
p2484
I91
sS'finds'
p2485
I93
sS'liked'
p2486
I91
sS'wouldnt'
p2487
I93
sS'consume'
p2488
I93
sS'point'
p2489
I92
sS'simple'
p2490
I88
sS'sweet'
p2491
I90
sS'whatever'
p2492
I91
sS"summer's"
p2493
I93
sS'tardis'
p2494
I93
sS'likes'
p2495
I93
sS'church'
p2496
I91
sS'rave'
p2497
I93
sS'sunrise'
p2498
I93
sS'canc\xc3\xadon'
p2499
I93
sS'patiently'
p2500
I93
sS'kawaii'
p2501
I90
sS'devil'
p2502
I92
sS'feliz'
p2503
I93
sS'imagine'
p2504
I93
sS'earthquake'
p2505
I93
sS'hitting'
p2506
I93
sS'dropping'
p2507
I91
sS'damn'
p2508
I75
sS'pe'
p2509
I91
sS'stogies'
p2510
I93
sS'meeting'
p2511
I93
sS'whoa'
p2512
I93
sS'woke'
p2513
I88
sS'pm'
p2514
I93
sS'affectionate'
p2515
I93
sS'lived'
p2516
I93
sS'flight'
p2517
I91
sS'gay'
p2518
I92
sS'buck'
p2519
I92
sS'fire'
p2520
I89
sS'o-o'
p2521
I93
sS"what's"
p2522
I81
sS'crack'
p2523
I93
sS'else'
p2524
I88
sS'grillz'
p2525
I93
sS'23:09:05.0,33.93188059,-118.3473988,6017,50%'
p2526
I93
sS'awake'
p2527
I91
sS'imax'
p2528
I93
sS'surveys'
p2529
I93
sS'aileen'
p2530
I93
sS'drink\xe2\x80\x9d'
p2531
I93
sS'bitchh'
p2532
I93
sS'like?""i'
p2533
I93
sS'pierce'
p2534
I93
sS'yamadas'
p2535
I93
sS'look'
p2536
I86
sS'frozen'
p2537
I93
sS'mlk'
p2538
I93
sS'straight'
p2539
I88
sS'tip'
p2540
I93
sS'over??no'
p2541
I93
sS'forgetting'
p2542
I93
sS'while'
p2543
I86
sS'replaced'
p2544
I93
sS'nate'
p2545
I93
sS'fun'
p2546
I91
sS'smirking'
p2547
I93
sS'fuk'
p2548
I92
sS'loop'
p2549
I93
sS'pack'
p2550
I91
sS'swim'
p2551
I93
sS'fagz'
p2552
I93
sS'<3'
p2553
I87
sS'cleaned'
p2554
I93
sS'rip'
p2555
I92
sS'eve'
p2556
I92
sS'coolest/funniest'
p2557
I93
sS'reads'
p2558
I92
sS'"yachts"'
p2559
I93
sS'ready'
p2560
I87
sS'rid'
p2561
I93
sS'chase'
p2562
I93
sS'funny'
p2563
I83
sS'spectacular'
p2564
I93
sS'anymore'
p2565
I85
sS'seek'
p2566
I93
sS'6-2pm'
p2567
I93
sS'mos'
p2568
I93
sS'kimono'
p2569
I93
sS'bands/artists'
p2570
I93
sS'corridos'
p2571
I93
sS'9'
p2572
I93
sS'herrr'
p2573
I93
sS'used'
p2574
I90
sS'temporary'
p2575
I93
sS'dime'
p2576
I93
sS'assignment'
p2577
I93
sS'syo'
p2578
I93
sS'yesterday'
p2579
I83
sS'holidays'
p2580
I93
sS'moment'
p2581
I90
sS'purpose'
p2582
I93
sS'nickname'
p2583
I93
sS'infamous'
p2584
I90
sS'plate'
p2585
I93
sS'dark'
p2586
I91
sS'lower'
p2587
I93
sS'...,90304\n344940398810107905,germsucks,2013-06-12'
p2588
I93
sS'older'
p2589
I91
sS'fuxk'
p2590
I93
sS'stephanie'
p2591
I93
sS'anybody'
p2592
I91
sS'phil'
p2593
I93
sS'person'
p2594
I92
sS'flags'
p2595
I93
sS'babysit'
p2596
I93
sS'ratera'
p2597
I93
sS'y'
p2598
I90
sS'spend'
p2599
I91
sS'i\xe2\x80\x99m'
p2600
I90
sS'jeopardize'
p2601
I93
sS'mom'
p2602
I83
sS'tonight\xe2\x80\x9d'
p2603
I93
sS'(-'
p2604
I93
sS'boutta'
p2605
I93
sS'competitive'
p2606
I93
sS'shape'
p2607
I93
sS'moment...would'
p2608
I93
sS'phony'
p2609
I93
sS'had...a'
p2610
I93
sS'05:09:32.0,33.9364763,-118.344125,6017,the'
p2611
I93
sS'taiwan'
p2612
I93
sS'praying'
p2613
I93
sS'crushes'
p2614
I93
sS'letting'
p2615
I91
sS'cut'
p2616
I88
sS'cus'
p2617
I92
sS'$'
p2618
I92
sS'hated'
p2619
I93
sS'cuz'
p2620
I89
sS'parents'
p2621
I88
sS'location'
p2622
I93
sS'crying'
p2623
I89
sS'homies'
p2624
I88
sS'snap'
p2625
I93
sS'49ers'
p2626
I93
sS'easter'
p2627
I92
sS'excited'
p2628
I89
sS'hates'
p2629
I93
sS'cuh'
p2630
I92
sS'formar'
p2631
I93
sS'bills'
p2632
I93
sS'march'
p2633
I93
sS'doors'
p2634
I93
sS'big'
p2635
I86
sS'longer"'
p2636
I93
sS'shitty'
p2637
I91
sS'game'
p2638
I87
sS'damage'
p2639
I93
sS'bit'
p2640
I87
sS'italiano'
p2641
I93
sS'buddy'
p2642
I93
sS'georges'
p2643
I93
sS'knock'
p2644
I93
sS'avalanche'
p2645
I93
sS'd'
p2646
I89
sS'08:35:42.0,33.93717277,-118.34687143,6017,all'
p2647
I93
sS'hahha'
p2648
I92
sS'fries'
p2649
I93
sS'ignore'
p2650
I90
sS'scaredembrace'
p2651
I93
sS'continue'
p2652
I93
sS'donna'
p2653
I93
sS'whooooo'
p2654
I93
sS'me\xe2\x80\x9d'
p2655
I93
sS'actin'
p2656
I93
sS'4:45p'
p2657
I93
sS'partying'
p2658
I93
sS'amaris'
p2659
I93
sS'fucking'
p2660
I58
sS'tambi\xc3\xa9n'
p2661
I93
sS'some'
p2662
I53
sS'back'
p2663
I61
sS'coney'
p2664
I93
sS'understood'
p2665
I93
sS'lips'
p2666
I91
sS'uppercut'
p2667
I93
sS'obnoxious'
p2668
I93
sS'champurrado'
p2669
I93
sS'delivered'
p2670
I92
sS'06:13:38.0,33.9363998,-118.3442907,6017,i'
p2671
I93
sS'contacts'
p2672
I93
sS'decision'
p2673
I93
sS'shall'
p2674
I92
sS'prom'
p2675
I91
sS'market'
p2676
I91
sS'pee'
p2677
I93
sS'epic'
p2678
I93
sS'prob'
p2679
I92
sS'anna'
p2680
I89
sS'either'
p2681
I90
sS'be'
p2682
I22
sS'eating'
p2683
I92
sS'bc'
p2684
I86
sS'remembered'
p2685
I93
sS'martin'
p2686
I93
sS'laker'
p2687
I93
sS's/o'
p2688
I92
sS'nelly'
p2689
I93
sS'rent'
p2690
I93
sS'chick'
p2691
I93
sS'lottery'
p2692
I93
sS'tripping'
p2693
I91
sS'faith'
p2694
I93
sS'sinnas'
p2695
I93
sS'03:35:48.0,33.93795638,-118.34565913,6017,very'
p2696
I93
sS'fosho'
p2697
I90
sS'netflix'
p2698
I88
sS'goody'
p2699
I93
sS'iced'
p2700
I93
sS"mcdonald's"
p2701
I92
sS'bgm'
p2702
I93
sS'graduation'
p2703
I92
sS'awwwh'
p2704
I93
sS'awwww'
p2705
I93
sS'10:15'
p2706
I93
sS'"thots"'
p2707
I93
sS'idk'
p2708
I86
sS'positive'
p2709
I93
sS'wanna'
p2710
I81
sS'block'
p2711
I92
sS'seeing'
p2712
I93
sS'21:36:10.0,33.93324445,-118.35645285,6017,captain'
p2713
I93
sS'hometown'
p2714
I93
sS'into'
p2715
I87
sS'70'
p2716
I93
sS'dame'
p2717
I93
sS'momma'
p2718
I92
sS'nigga'
p2719
I57
sS'smelly'
p2720
I93
sS'seasons'
p2721
I93
sS'ayyy'
p2722
I93
sS'sports'
p2723
I93
sS'smells'
p2724
I93
sS'.)'
p2725
I93
sS'ontario'
p2726
I93
sS'.-'
p2727
I91
sS'question'
p2728
I93
sS'ca)'
p2729
I88
sS'long'
p2730
I89
sS'spaz'
p2731
I93
sS'preordered'
p2732
I93
sS"we're"
p2733
I90
sS'homemade'
p2734
I93
sS'suit'
p2735
I92
sS'forward'
p2736
I91
sS'bored'
p2737
I88
sS'scared'
p2738
I90
sS'himself'
p2739
I92
sS'invite'
p2740
I93
sS'poster'
p2741
I93
sS'stunning'
p2742
I93
sS'girlfriends'
p2743
I93
sS'glamour'
p2744
I93
sS'guacamole'
p2745
I93
sS'._'
p2746
I93
sS'boyz'
p2747
I93
sS'coldest'
p2748
I93
sS'line'
p2749
I89
sS'boyy'
p2750
I93
sS'groovy'
p2751
I93
sS'chiropractor'
p2752
I93
sS'skull'
p2753
I93
sS'uu'
p2754
I92
sS'grinch'
p2755
I93
sS'gaby'
p2756
I93
sS'coming?yea'
p2757
I93
sS"hasn't"
p2758
I91
sS'us'
p2759
I84
sS'ur'
p2760
I78
sS'um'
p2761
I93
sS'un'
p2762
I93
sS'uh'
p2763
I92
sS'faded'
p2764
I92
sS'z'
p2765
I93
sS'called'
p2766
I90
sS'deep-'
p2767
I93
sS'constant'
p2768
I92
sS'stick'
p2769
I93
sS'metal'
p2770
I93
sS';d'
p2771
I93
sS'desear'
p2772
I93
sS'reportando'
p2773
I93
sS'ride"'
p2774
I93
sS'single'
p2775
I90
sS'w/out'
p2776
I93
sS'curb'
p2777
I93
sS'chat'
p2778
I92
sS'thier'
p2779
I93
sS'liking'
p2780
I93
sS'muchisimos'
p2781
I93
sS'twinkie'
p2782
I93
sS'crip'
p2783
I93
sS'hehehe'
p2784
I93
sS'fixing'
p2785
I92
sS'nah'
p2786
I83
sS'fears'
p2787
I93
sS'siete'
p2788
I93
sS'club'
p2789
I93
sS'nap'
p2790
I91
sS'points'
p2791
I93
sS'statement'
p2792
I93
sS'kaman'
p2793
I93
sS'hustling'
p2794
I93
sS'ambitions'
p2795
I93
sS'nice'
p2796
I87
sS'smiles'
p2797
I93
sS'draw'
p2798
I92
sS'elements'
p2799
I93
sS'papi'
p2800
I93
sS'else.\xe2\x80\x9d'
p2801
I93
sS'kansas'
p2802
I93
sS'problems'
p2803
I90
sS'prepared'
p2804
I93
sS'helping'
p2805
I91
sS'chicharo'
p2806
I93
sS'lunch'
p2807
I93
sS'earphones'
p2808
I93
sS'ago'
p2809
I92
sS'downtown'
p2810
I93
sS'cabrona'
p2811
I93
sS'texted'
p2812
I93
sS'lana'
p2813
I93
sS'agh'
p2814
I92
sS'dvd'
p2815
I93
sS'age'
p2816
I91
sS'nun'
p2817
I93
sS'walked'
p2818
I93
sS'seshhh'
p2819
I93
sS'dot'
p2820
I93
sS'\xe2\x9b\x94\xef\xb8\x8f'
p2821
I93
sS'far'
p2822
I92
sS'fresh'
p2823
I91
sS'bare'
p2824
I93
sS'requires'
p2825
I93
sS'hello'
p2826
I91
sS'xbb'
p2827
I92
sS'cheetos'
p2828
I93
sS'edc'
p2829
I93
sS'code'
p2830
I93
sS'truck'
p2831
I93
sS'giggles'
p2832
I93
sS'eyyy'
p2833
I93
sS'resistance'
p2834
I92
sS'alien'
p2835
I93
sS'gf'
p2836
I92
sS'gana'
p2837
I89
sS'red*'
p2838
I93
sS'go'
p2839
I42
sS'tweeted'
p2840
I93
sS'chillin'
p2841
I91
sS'issues'
p2842
I92
sS'didn\xe2\x80\x99t'
p2843
I93
sS'turkish'
p2844
I91
sS'chapo'
p2845
I92
sS'young'
p2846
I89
sS'send'
p2847
I93
sS'suits'
p2848
I93
sS'blaze'
p2849
I92
sS'dislike'
p2850
I91
sS'unfollow'
p2851
I93
sS'sent'
p2852
I92
sS'vapen'
p2853
I93
sS'breathing'
p2854
I93
sS'wave'
p2855
I93
sS'seizer'
p2856
I93
sS'wishes'
p2857
I93
sS'putting'
p2858
I92
sS'bosses'
p2859
I93
sS'telling'
p2860
I91
sS'drinking'
p2861
I92
sS'entire'
p2862
I92
sS'magic'
p2863
I91
sS'"family"'
p2864
I93
sS'joel'
p2865
I92
sS'whooping'
p2866
I93
sS"they've"
p2867
I92
sS'try'
p2868
I86
sS'refer'
p2869
I93
sS'ballz'
p2870
I93
sS'subtweeting'
p2871
I93
sS'slapp'
p2872
I93
sS'booty'
p2873
I93
sS"you'd"
p2874
I92
sS'klub"'
p2875
I93
sS'yourself'
p2876
I93
sS'waking'
p2877
I93
sS'fold'
p2878
I93
sS'video'
p2879
I91
sS'misfits'
p2880
I93
sS'uncomfortable'
p2881
I93
sS'miley'
p2882
I93
sS'pornography'
p2883
I93
sS'acid'
p2884
I92
sS'graduating'
p2885
I92
sS'plays'
p2886
I92
sS'business'
p2887
I93
sS'"grillz"'
p2888
I93
sS'giving'
p2889
I91
sS'paying'
p2890
I93
sS'waiting'
p2891
I92
sS'unreal'
p2892
I93
sS'sooooooooo'
p2893
I93
sS'playa'
p2894
I92
sS't'
p2895
I93
sS'stiles'
p2896
I93
sS'boy,90304\n493604778778185730,jeremyisadude,2014-07-28'
p2897
I93
sS'bird'
p2898
I92
sS'body'
p2899
I91
sS'n.n'
p2900
I90
sS'now,90303\n434958323578724352,noah__jayy,2014-02-16'
p2901
I93
sS'chose'
p2902
I93
sS'desires'
p2903
I93
sS'energizer'
p2904
I93
sS'youngest'
p2905
I93
sS'following'
p2906
I93
sS'let'
p2907
I83
sS'sink'
p2908
I91
sS'others'
p2909
I92
sS'sing'
p2910
I92
sS"lawyergrey's"
p2911
I93
sS'irritating'
p2912
I91
sS'mindset'
p2913
I93
sS'leggings'
p2914
I93
sS'great'
p2915
I69
sS'\xe2\x9a\xbd\xef\xb8\x8f'
p2916
I93
sS'metro'
p2917
I88
sS'receive'
p2918
I93
sS'30'
p2919
I92
sS'shades'
p2920
I92
sS'22:12:54.0,33.93418101,-118.35177442,6017,sing'
p2921
I93
sS'35'
p2922
I93
sS'leaving'
p2923
I93
sS'opinion'
p2924
I92
sS'shaded'
p2925
I93
sS'makes'
p2926
I86
sS'explain'
p2927
I93
sS'tfffffff'
p2928
I93
sS'thats'
p2929
I93
sS'named'
p2930
I92
sS'dodger'
p2931
I93
sS'apple'
p2932
I93
sS'danger'
p2933
I92
sS'egypt'
p2934
I93
sS'win'
p2935
I90
sS'05:14:49.0,33.9364763,-118.3441432,6017,if'
p2936
I93
sS'zips'
p2937
I93
sS'23:38:29.0,33.93401826,-118.3439468,6017,i'
p2938
I93
sS'bust'
p2939
I93
sS'palabra'
p2940
I93
sS'singing'
p2941
I91
sS'cloud'
p2942
I93
sS'standing'
p2943
I93
sS'biscuits'
p2944
I93
sS'use'
p2945
I90
sS'fee'
p2946
I93
sS'from'
p2947
I63
sS'figure'
p2948
I93
sS'&'
p2949
I55
sS'thots'
p2950
I93
sS'chocolates'
p2951
I93
sS'se\xc3\xb1orita'
p2952
I93
sS'frog'
p2953
I93
sS'next'
p2954
I83
sS'face,90304\n494986983459262464,liz_j5860,2014-07-31'
p2955
I93
sS'few'
p2956
I90
sS'themselves'
p2957
I92
sS'consecutive'
p2958
I93
sS'cheeks'
p2959
I93
sS'possession'
p2960
I93
sS'gained'
p2961
I93
sS'babe'
p2962
I92
sS'disgust'
p2963
I93
sS'started'
p2964
I89
sS'rode'
p2965
I93
sS'about'
p2966
I57
sS'kendama'
p2967
I93
sS'sore'
p2968
I91
sS'train'
p2969
I93
sS'whore"aw'
p2970
I93
sS'baby'
p2971
I86
sS'rare'
p2972
I92
sS'iii'
p2973
I93
sS'lightskined'
p2974
I93
sS'balls'
p2975
I93
sS'us"'
p2976
I93
sS'7pm'
p2977
I93
sS'this'
p2978
I18
sS'ride'
p2979
I92
sS'tease'
p2980
I93
sS'rida'
p2981
I93
sS'anywhere'
p2982
I89
sS"mom's"
p2983
I93
sS'meet'
p2984
I90
sS'tampoco'
p2985
I93
sS'proof'
p2986
I93
sS'bittersweet'
p2987
I93
sS'kenny'
p2988
I91
sS'slip'
p2989
I93
sS'thirsty'
p2990
I91
sS'angeleeeeze,90304\n499474361808478208,mireya_v,2014-08-13'
p2991
I93
sS'\xe8\x87\xaa\xe6\x92\xae\xe3\x82\x8a\xe3\x81\xa7\xe6\x9c\x8d\xe3\x81\xaf\xe5\x8e\xb3\xe3\x81\x97\xe3\x81\x84\xe3\x80\x82\xe3\x81\xad\xe3\x81\x9a\xe3\x81\xbf\xe3\x82\x86\xe3\x83\xbc\xe3\x81\xaa\xe3\x80\x82'
p2992
I93
sS'tax'
p2993
I92
sS'pieces'
p2994
I93
sS'high'
p2995
I88
sS'side.sat'
p2996
I93
sS'something'
p2997
I75
sS'*jaws'
p2998
I93
sS'blvd'
p2999
I93
sS'wonderful'
p3000
I93
sS'csun'
p3001
I92
sS'fuckkss'
p3002
I93
sS'rape'
p3003
I91
sS'canciones'
p3004
I93
sS'summers'
p3005
I93
sS'sit'
p3006
I93
sS'cardio'
p3007
I93
sS'six'
p3008
I93
sS'poetry'
p3009
I93
sS'lamp'
p3010
I93
sS'willowbrooke'
p3011
I93
sS'animal'
p3012
I93
sS'sid'
p3013
I93
sS'instead'
p3014
I89
sS'struggled'
p3015
I93
sS'(inglewood'
p3016
I90
sS'sin'
p3017
I93
sS'pomona'
p3018
I93
sS'especial'
p3019
I93
sS'monica'
p3020
I93
sS'sir'
p3021
I93
sS"megan's"
p3022
I92
sS'ox'
p3023
I93
sS'yasss'
p3024
I93
sS'collection'
p3025
I92
sS'novelas'
p3026
I93
sS'discomfort'
p3027
I93
sS'stars'
p3028
I93
sS'men'
p3029
I93
sS'taco'
p3030
I91
sS'hahahaha'
p3031
I90
sS'spelling'
p3032
I93
sS'cuddling'
p3033
I92
sS'realized'
p3034
I92
sS'startwe'
p3035
I93
sS'uaahhh'
p3036
I93
sS'light'
p3037
I91
sS'lame'
p3038
I93
sS'mr.schlener'
p3039
I93
sS'interrupted'
p3040
I93
sS'21:10:07.0,33.93446298,-118.34866813,6017,the'
p3041
I93
sS'honestly'
p3042
I91
sS'nancy'
p3043
I93
sS'transformation'
p3044
I93
sS'bathing'
p3045
I93
sS'baddie'
p3046
I93
sS'avpa'
p3047
I93
sS',90304\n515978227093733377,big_swift,2014-09-27'
p3048
I93
sS'move'
p3049
I93
sS'timeoh'
p3050
I93
sS',90304\n506949311201288192,yung_zlatan,2014-09-02'
p3051
I93
sS'out,90304\n499802495984488448,mireya_v,2014-08-14'
p3052
I93
sS'life.,90303\n491449946541813760,hxcmoi,2014-07-22'
p3053
I93
sS"won't"
p3054
I88
sS'looks'
p3055
I86
sS'mentioned'
p3056
I93
sS'freshmen'
p3057
I93
sS'bunch'
p3058
I92
sS'perfect'
p3059
I90
sS'write'
p3060
I93
sS'le'
p3061
I93
sS'la'
p3062
I77
sS'lo'
p3063
I93
sS'emails'
p3064
I93
sS'trinity'
p3065
I93
sS'choose'
p3066
I93
sS'03:19:11.0,33.93709807,-118.34691978,6017,im'
p3067
I93
sS'bye'
p3068
I92
sS'dad'
p3069
I79
sS'crash'
p3070
I93
sS'dab'
p3071
I93
sS'practice'
p3072
I93
sS'catcher'
p3073
I93
sS'bothering'
p3074
I93
sS'kiss'
p3075
I91
sS'hands'
p3076
I92
sS'front'
p3077
I90
sS'day'
p3078
I69
sS'03:52:04.0,33.9310491,-118.3441299,6017,tpuds'
p3079
I93
sS'personally'
p3080
I93
sS'hollie'
p3081
I93
sS'whisper'
p3082
I93
sS'betta'
p3083
I93
sS'trimmed'
p3084
I91
sS'slipping'
p3085
I93
sS'magnitude'
p3086
I93
sS'gurl'
p3087
I93
sS'truth'
p3088
I93
sS'promise'
p3089
I93
sS'beneath'
p3090
I93
sS'pint'
p3091
I93
sS'youz'
p3092
I93
sS'showering'
p3093
I93
sS'(the'
p3094
I93
sS'$100'
p3095
I93
sS'doing'
p3096
I82
sS'adventure'
p3097
I93
sS'related'
p3098
I91
sS'society'
p3099
I93
sS'junkie'
p3100
I93
sS'books'
p3101
I92
sS'b*tch'
p3102
I92
sS'wattup'
p3103
I93
sS'our'
p3104
I82
sS'meth'
p3105
I93
sS'special'
p3106
I89
sS'out'
p3107
I32
sS'semen'
p3108
I93
sS'matt'
p3109
I93
sS'rey'
p3110
I93
sS'shiiit'
p3111
I93
sS"'"
p3112
I93
sS'twice'
p3113
I93
sS'armor'
p3114
I93
sS'sleep."'
p3115
I93
sS'as\xc3\xad'
p3116
I93
sS'grits'
p3117
I93
sS'fran'
p3118
I93
sS'murph'
p3119
I93
sS'sidechick'
p3120
I93
sS'cause'
p3121
I77
sS'dive'
p3122
I93
sS'red'
p3123
I88
sS'kapooo'
p3124
I93
sS'hut'
p3125
I93
sS'shut'
p3126
I92
sS'o.o'
p3127
I93
sS'frank'
p3128
I92
sS'galaxies'
p3129
I93
sS'greedy'
p3130
I93
sS'tbfh'
p3131
I93
sS'completely'
p3132
I92
sS'que'
p3133
I88
sS'lmfaoo'
p3134
I90
sS'doubles'
p3135
I93
sS'van'
p3136
I93
sS'craving'
p3137
I93
sS'playoffs'
p3138
I93
sS'scary'
p3139
I93
sS'frend'
p3140
I93
sS'3:04'
p3141
I93
sS'watchsuits:i'
p3142
I93
sS'g'
p3143
I93
sS'could'
p3144
I81
sS'heartbreaking'
p3145
I93
sS'times'
p3146
I88
sS'hierba'
p3147
I93
sS'chicken'
p3148
I93
sS'seof'
p3149
I93
sS'keek'
p3150
I93
sS'treeefah'
p3151
I93
sS'brides'
p3152
I93
sS'timed'
p3153
I93
sS'rudolf'
p3154
I93
sS"dvd's"
p3155
I93
sS'south'
p3156
I93
sS'bitchfinna'
p3157
I93
sS'finest'
p3158
I93
sS'hemer'
p3159
I93
sS'blown'
p3160
I93
sS'frap'
p3161
I93
sS'echo'
p3162
I93
sS'twat'
p3163
I93
sS'phoshow'
p3164
I93
sS'24th'
p3165
I93
sS'bitch'
p3166
I73
sS'owner'
p3167
I93
sS'bl\xc3\xbc'
p3168
I93
sS'hoes'
p3169
I93
sS'prank'
p3170
I93
sS"you're"
p3171
I65
sS'sadly'
p3172
I92
sS'start'
p3173
I84
sS'dove'
p3174
I93
sS'myspace'
p3175
I93
sS'system'
p3176
I93
sS'adopted'
p3177
I93
sS'their'
p3178
I84
sS'cats'
p3179
I93
sS'racist'
p3180
I93
sS'u.h'
p3181
I93
sS'final'
p3182
I93
sS'hahahah,90304\n499462768303407105,mireya_v,2014-08-13'
p3183
I93
sS'beard'
p3184
I72
sS'2-0'
p3185
I93
sS'shell'
p3186
I93
sS'ohhhhhhh'
p3187
I93
sS'shorts'
p3188
I92
sS'exactly'
p3189
I89
sS'megan'
p3190
I92
sS'ogs'
p3191
I91
sS'|,90304\n505476738701197312,mvortega99,2014-08-29'
p3192
I93
sS'videogames'
p3193
I93
sS'07:17:39.0,33.93729124,-118.34687225,6017,,90304\n499396355068932096,mireya_v,2014-08-13'
p3194
I93
sS'psssh'
p3195
I92
sS'sex'
p3196
I93
sS'herself'
p3197
I93
sS'neck'
p3198
I89
sS'loved'
p3199
I91
sS'kant'
p3200
I93
sS'isolation'
p3201
I93
sS'bother'
p3202
I90
sS'beg'
p3203
I93
sS'bed'
p3204
I87
sS'screeching'
p3205
I93
sS'claim'
p3206
I92
sS'grubben'
p3207
I93
sS'decided'
p3208
I93
sS"body's"
p3209
I93
sS'loves'
p3210
I92
sS'collins'
p3211
I93
sS'country'
p3212
I93
sS'bet'
p3213
I90
sS'false'
p3214
I93
sS'03:09:03.0,33.93710201,-118.3469139,6017,little'
p3215
I93
sS'trusting'
p3216
I92
sS'hellsing'
p3217
I93
sS'spelled'
p3218
I92
sS'lin'
p3219
I93
sS'tonight'
p3220
I84
sS'waze'
p3221
I93
sS'sucio"'
p3222
I93
sS'have'
p3223
I35
sS'need'
p3224
I43
sS'ubered'
p3225
I93
sS'clearly'
p3226
I92
sS'vamos'
p3227
I93
sS'fuucckkk'
p3228
I93
sS'fluent'
p3229
I93
sS'microphone'
p3230
I93
sS'mermaid'
p3231
I93
sS'dishes'
p3232
I93
sS'congrats'
p3233
I93
sS'17:21:54.0,33.9348246,-118.3480277,6017,watching'
p3234
I93
sS'locochon'
p3235
I93
sS'able'
p3236
I88
sS'mix'
p3237
I93
sS'kidnapped'
p3238
I93
sS'which'
p3239
I93
sS'jail'
p3240
I93
sS'mis'
p3241
I90
sS'martha'
p3242
I93
sS'='
p3243
I93
sS'soap'
p3244
I93
sS'youuuu'
p3245
I93
sS'worldwide'
p3246
I93
sS'patchy'
p3247
I93
sS'fuels'
p3248
I93
sS'molly'
p3249
I93
sS'wha'
p3250
I93
sS'aww'
p3251
I92
sS'who'
p3252
I59
sS'tezzes'
p3253
I93
sS"where's"
p3254
I91
sS'co2'
p3255
I93
sS'eight'
p3256
I93
sS'**'
p3257
I93
sS"friday's"
p3258
I93
sS'awe'
p3259
I87
sS'class'
p3260
I84
sS'*laughs*'
p3261
I93
sS'prove'
p3262
I93
sS'yessir'
p3263
I93
sS'breh'
p3264
I93
sS'visiting'
p3265
I93
sS'upset'
p3266
I92
sS'face'
p3267
I86
sS'pipe'
p3268
I92
sS"you'll"
p3269
I92
sS'se'
p3270
I92
sS'movie'
p3271
I83
sS'skinny'
p3272
I92
sS'bret'
p3273
I93
sS'fact'
p3274
I90
sS'son'
p3275
I89
sS'lmaoo'
p3276
I92
sS'assholes'
p3277
I92
sS'anyway'
p3278
I93
sS'shaved'
p3279
I93
sS'watch'
p3280
I78
sS'bring'
p3281
I92
sS'dbz'
p3282
I93
sS'parked'
p3283
I93
sS'fear'
p3284
I92
sS'mothafuckka'
p3285
I93
sS'yezzzzzz'
p3286
I93
sS'principal'
p3287
I93
sS'ear'
p3288
I90
sS'based'
p3289
I93
sS'jay'
p3290
I93
sS'('
p3291
I88
sS'controls'
p3292
I93
sS'should'
p3293
I69
sS'terminal'
p3294
I93
sS'...and'
p3295
I93
sS'tape'
p3296
I93
sS'tune'
p3297
I93
sS'local'
p3298
I93
sS'hope'
p3299
I86
sS'meant'
p3300
I90
sS'18:54:49.0,33.93273718,-118.34852566,6017,skyla'
p3301
I93
sS'16)'
p3302
I93
sS'means'
p3303
I90
sS'beat'
p3304
I93
sS'5:16am'
p3305
I93
sS'dope'
p3306
I92
sS'00:42:05.0,33.93372616,-118.35595479,6017,|'
p3307
I93
sS'lucky'
p3308
I92
sS'p'
p3309
I93
sS'tbh'
p3310
I93
sS'awww'
p3311
I92
sS'ones'
p3312
I87
sS'perfection'
p3313
I93
sS'words'
p3314
I91
sS'exchanges'
p3315
I93
sS'"nosusprincess"'
p3316
I93
sS'freeway/i-105'
p3317
I93
sS'metes'
p3318
I93
sS'scrolling'
p3319
I93
sS'ghetto'
p3320
I92
sS'gray'
p3321
I93
sS'trucks'
p3322
I93
sS'ended'
p3323
I91
sS'rapper'
p3324
I93
sS'calling'
p3325
I92
sS'stuff'
p3326
I92
sS'she'
p3327
I62
sS'grab'
p3328
I93
sS'grad'
p3329
I92
sS'hahahahahahahahahahahahahahahahahahahahahhahahahahahahahahaha'
p3330
I93
sS'producers/writers/'
p3331
I93
sS'southsiders'
p3332
I93
sS'exists'
p3333
I93
sS"08:42:24.0,33.93723466,-118.34678357,6017,i'm"
p3334
I93
sS'bucket'
p3335
I93
sS'we'
p3336
I50
sS'travis'
p3337
I93
sS'theres'
p3338
I93
sS'snapchatting'
p3339
I93
sS'awaits'
p3340
I93
sS'hilbert'
p3341
I93
sS'interview'
p3342
I93
sS'03:40:39.0,33.937852,-118.344244,6017,heh'
p3343
I93
sS'2jail'
p3344
I93
sS'meatballs'
p3345
I93
sS'tend'
p3346
I93
sS'icecream'
p3347
I93
sS'mexicans'
p3348
I91
sS'mills'
p3349
I93
sS'neither'
p3350
I93
sS"09'"
p3351
I93
sS'playaa'
p3352
I93
sS'"gone"'
p3353
I93
sS'ends'
p3354
I92
sS'dehyfration'
p3355
I93
sS'dmv'
p3356
I93
sS'trynna'
p3357
I93
sS'amen'
p3358
I92
sS'joy'
p3359
I93
sS'muthafuc'
p3360
I93
sS'rugratz'
p3361
I93
sS'job'
p3362
I88
sS'key'
p3363
I90
sS'group'
p3364
I93
sS'2pm'
p3365
I93
sS'screamed'
p3366
I93
sS'restrictions'
p3367
I93
sS'hits'
p3368
I93
sS'baptism'
p3369
I93
sS'aqui'
p3370
I93
sS'taking'
p3371
I92
sS'wtffff'
p3372
I93
sS'begins...,90303\n472885466765983745,recklessrandom,2014-05-31'
p3373
I93
sS'drug'
p3374
I93
sS'display'
p3375
I93
sS'admit'
p3376
I93
sS'thing-you'
p3377
I93
sS'interesting'
p3378
I93
sS'tiffany'
p3379
I93
sS'nahhh'
p3380
I93
sS'passing'
p3381
I93
sS'brrrrrrrr'
p3382
I93
sS'retweets'
p3383
I93
sS'adtr'
p3384
I93
sS'comment'
p3385
I93
sS'mechanics'
p3386
I93
sS'jim'
p3387
I93
sS'co'
p3388
I93
sS'indica'
p3389
I93
sS'toilet'
p3390
I93
sS'makin'
p3391
I93
sS'walk'
p3392
I91
sS'fukin'
p3393
I93
sS'cx'
p3394
I85
sS'laugh'
p3395
I91
sS'cousin'
p3396
I89
sS'respect'
p3397
I91
sS'mafia'
p3398
I93
sS'poem'
p3399
I93
sS'yay'
p3400
I93
sS'airport,90303\n364874240199114753,germsucks,2013-08-06'
p3401
I93
sS"it's"
p3402
I26
sS'yanira'
p3403
I93
sS'amiga'
p3404
I93
sS'nutella'
p3405
I93
sS'reindeer'
p3406
I93
sS'drank'
p3407
I92
sS'treat'
p3408
I93
sS'iike'
p3409
I93
sS'recognize'
p3410
I93
sS'waste'
p3411
I92
sS':),90304\n466963896134168576,recklessrandom,2014-05-15'
p3412
I93
sS'bbq'
p3413
I93
sS'terentino'
p3414
I93
sS'shoulders'
p3415
I91
sS'urnt'
p3416
I93
sS'league'
p3417
I93
sS'hmu'
p3418
I91
sS'pyscho'
p3419
I93
sS'day\xe2\x98\xba\xef\xb8\x8f\xe2\x98\xba\xef\xb8\x8f,90304\n499754547967832065,mireya_v,2014-08-14'
p3420
I93
sS'hmm'
p3421
I93
sS'finished'
p3422
I90
sS'accident'
p3423
I93
sS'-.-'
p3424
I92
sS'angles'
p3425
I93
sS'bull'
p3426
I93
sS'kicks'
p3427
I92
sS'smoking'
p3428
I93
sS'lebanese'
p3429
I93
sS'lol!,90303\n261564036838199296,earthquakesla,2012-10-25'
p3430
I93
sS'unlike'
p3431
I93
sS'washing'
p3432
I93
sS'plain'
p3433
I93
sS'brat'
p3434
I93
sS'value'
p3435
I93
sS'will'
p3436
I73
sS'thou'
p3437
I93
sS'gucci'
p3438
I91
sS'15:52:16.0,33.9348395,-118.3480307,6017,yaaaaaaassssssss'
p3439
I93
sS'hahaha'
p3440
I83
sS'wild'
p3441
I92
sS'mas,90304\n479073873724309505,markhamade,2014-06-18'
p3442
I93
sS'pits'
p3443
I93
sS'layer'
p3444
I93
sS'barely'
p3445
I93
sS'almost'
p3446
I90
sS'20:25:00.0,33.9325,-118.3462,6017,a'
p3447
I93
sS'girlfriend'
p3448
I93
sS'mockingbird'
p3449
I93
sS'avi'
p3450
I93
sS'turns'
p3451
I93
sS'ave'
p3452
I93
sS'lambs'
p3453
I93
sS'lawndale'
p3454
I93
sS'tattoo'
p3455
I93
sS'moves'
p3456
I92
sS'jaws'
p3457
I93
sS'gameshare'
p3458
I93
sS'strange'
p3459
I92
sS'rlly,90304\n492305769941839872,yp_vevo,2014-07-24'
p3460
I93
sS'shuttle'
p3461
I93
sS'party'
p3462
I91
sS'gets'
p3463
I89
sS'gett'
p3464
I93
sS'difficult'
p3465
I93
sS'yessss!!\xc3\xb7'
p3466
I93
sS'selfish'
p3467
I93
sS'lmao,90304\n472885497950642177,recklessrandom,2014-05-31'
p3468
I93
sS'drink'
p3469
I89
sS'ios'
p3470
I93
sS'fucker'
p3471
I93
sS'fucken'
p3472
I91
sS'sopa'
p3473
I93
sS'novela'
p3474
I93
sS'student'
p3475
I88
sS'fucked'
p3476
I83
sS'whale'
p3477
I92
sS'snuggie'
p3478
I93
sS'l.a'
p3479
I92
sS'warming'
p3480
I92
sS'gutter'
p3481
I92
sS'off'
p3482
I70
sS'center'
p3483
I93
sS'ofe'
p3484
I93
sS'i'
p3485
I1
sS'crippin'
p3486
I93
sS'well'
p3487
I80
sS'07:14:40.0,33.93718529,-118.34678961,6017,aww'
p3488
I93
sS'thought'
p3489
I82
sS'"thug"'
p3490
I93
sS'wyd'
p3491
I93
sS'wya'
p3492
I86
sS'english'
p3493
I92
sS'uno'
p3494
I93
sS'usual'
p3495
I92
sS'people,90303\n496431979269992448,annafarts,2014-08-04'
p3496
I93
sS'bananas'
p3497
I93
sS'cried'
p3498
I92
sS'less'
p3499
I93
sS'moments'
p3500
I93
sS'dabby'
p3501
I93
sS'sext\xe2\x80\x9d'
p3502
I93
sS'"ocean\'s'
p3503
I93
sS'seats'
p3504
I93
sS'bishh'
p3505
I93
sS'lately'
p3506
I93
sS'happiness'
p3507
I92
sS'quiero'
p3508
I92
sS'great,90304\n490368847732432896,annafarts,2014-07-19'
p3509
I93
sS'wee'
p3510
I93
sS'gma'
p3511
I93
sS'drunk'
p3512
I88
sS'sky'
p3513
I92
sS'realize'
p3514
I89
sS'reasons'
p3515
I93
sS'add'
p3516
I93
sS'book'
p3517
I93
sS'combine'
p3518
I93
sS'attractive'
p3519
I93
sS"09:38:47.0,33.9371074,-118.34690115,6017,*iggy's"
p3520
I93
sS'like?her'
p3521
I93
sS'ohhh'
p3522
I93
sS'1ish'
p3523
I93
sS'smart'
p3524
I93
sS'details'
p3525
I93
sS'sonic'
p3526
I90
sS'livin'
p3527
I93
sS'pero'
p3528
I93
sS'alone\xe2\x80\x9d'
p3529
I93
sS"who's"
p3530
I91
sS'10pm'
p3531
I93
sS'whispers'
p3532
I93
sS'royalty'
p3533
I93
sS'5am'
p3534
I93
sS'know'
p3535
I41
sS'facial'
p3536
I93
sS'ledge'
p3537
I93
sS'nvm'
p3538
I92
sS'prominent'
p3539
I93
sS'pomenos'
p3540
I93
sS'loss'
p3541
I93
sS'issues-'
p3542
I93
sS'flamingo'
p3543
I93
sS'crisp'
p3544
I93
sS'like'
p3545
I15
sS'success'
p3546
I92
sS'fernando'
p3547
I93
sS'thangs'
p3548
I93
sS'lose'
p3549
I91
sS'become'
p3550
I91
sS'funniest'
p3551
I93
sS"j's"
p3552
I93
sS'fuckkk'
p3553
I91
sS'because'
p3554
I79
sS'dingalang'
p3555
I93
sS'twitter'
p3556
I92
sS'library'
p3557
I93
sS'hair'
p3558
I78
sS'homo'
p3559
I92
sS'holler'
p3560
I93
sS'shes'
p3561
I93
sS'home'
p3562
I73
sS'empire'
p3563
I93
sS';~;,90303\n491454377207398402,hxcmoi,2014-07-22'
p3564
I93
sS'doee'
p3565
I93
sS'billy'
p3566
I93
sS'literally'
p3567
I93
sS'hurricane'
p3568
I93
sS'mines'
p3569
I93
sS'totts'
p3570
I92
sS'alumnos'
p3571
I92
sS'shelter'
p3572
I93
sS'does'
p3573
I82
sS'wendy'
p3574
I92
sS'earrings'
p3575
I93
sS'creep'
p3576
I93
sS'"yacht'
p3577
I93
sS'mkayy\xe2\x9d\xa4\xef\xb8\x8f\xe2\x9c\xa8'
p3578
I93
sS'platinum'
p3579
I93
sS'blowing'
p3580
I93
sS'esno'
p3581
I93
sS'schedule'
p3582
I93
sS'acronym'
p3583
I93
sS'disrespectful'
p3584
I93
sS"maria's"
p3585
I93
sS"cain't"
p3586
I93
sS'using'
p3587
I93
sS'11s'
p3588
I93
sS'sheriffs'
p3589
I93
sS'usar'
p3590
I93
sS'hiding'
p3591
I93
sS'party!,90304\n499733325959811074,sharkbaiitt,2014-08-14'
p3592
I93
sS'jam'
p3593
I93
sS'sister'
p3594
I87
sS':-)'
p3595
I92
sS'actual'
p3596
I92
sS'flys'
p3597
I93
sS'getting'
p3598
I75
sS'hookup'
p3599
I93
sS'spilled'
p3600
I93
sS'shoes'
p3601
I93
sS'whistled'
p3602
I93
sS'hungry\xe2\x80\x9d'
p3603
I93
sS'angeles'
p3604
I92
sS'mofo'
p3605
I93
sS'carries'
p3606
I93
sS'swear'
p3607
I88
sS'cadet'
p3608
I93
sS'own'
p3609
I84
sS'owe'
p3610
I93
sS'pussy'
p3611
I92
sS'haha\xe2\x80\x9d'
p3612
I92
sS'weather'
p3613
I92
sS'champ'
p3614
I93
sS'brush'
p3615
I91
sS'female'
p3616
I92
sS'themed'
p3617
I93
sS'lovely'
p3618
I93
sS'brrrrr'
p3619
I93
sS'managing'
p3620
I93
sS'obvi'
p3621
I93
sS'freakkky'
p3622
I93
sS'okkk'
p3623
I93
sS'woooooow'
p3624
I93
sS',90304\n499816359316836352,mireya_v,2014-08-14'
p3625
I93
sS'apps'
p3626
I93
sS'noticed'
p3627
I91
sS'intention'
p3628
I93
sS'pa'
p3629
I93
sS'*few'
p3630
I93
sS'inner'
p3631
I92
sS'introvert'
p3632
I93
sS'yrs'
p3633
I93
sS'naturally'
p3634
I93
sS'buy'
p3635
I88
sS'frisk'
p3636
I93
sS"i've"
p3637
I76
sS'fasho'
p3638
I91
sS'bus'
p3639
I92
sS'brand'
p3640
I92
sS'bitches'
p3641
I91
sS'brah\xe2\x80\x9dlol'
p3642
I93
sS'mimis'
p3643
I93
sS'but'
p3644
I28
sS'volume'
p3645
I93
sS'hi'
p3646
I90
sS'bun'
p3647
I93
sS'goals'
p3648
I93
sS'alaska'
p3649
I93
sS'ha'
p3650
I90
sS'eat'
p3651
I90
sS'he'
p3652
I66
sS'lynn'
p3653
I93
sS'deeezy'
p3654
I93
sS'made'
p3655
I84
sS'places'
p3656
I93
sS"'bats"
p3657
I93
sS'wish'
p3658
I83
sS'flip'
p3659
I92
sS'madi'
p3660
I93
sS'record'
p3661
I91
sS'cruel'
p3662
I93
sS'mushy'
p3663
I93
sS'limit'
p3664
I93
sS'hand'
p3665
I93
sS'pumped'
p3666
I93
sS'cake'
p3667
I92
sS'mista'
p3668
I93
sS'problem'
p3669
I93
sS'piece'
p3670
I91
sS'minutes'
p3671
I89
sS'tricks'
p3672
I93
sS'acartrave'
p3673
I93
sS'dizzzz'
p3674
I93
sS'replying'
p3675
I93
sS'dro'
p3676
I93
sS'deaths'
p3677
I93
sS'maury'
p3678
I93
sS'pic'
p3679
I93
sS'bashing'
p3680
I93
sS'upsets'
p3681
I93
sS'shalalala,90304\n340667588889698304,germsucks,2013-06-01'
p3682
I93
sS'jenni'
p3683
I93
sS'grilln'
p3684
I93
sS'education'
p3685
I93
sS'subtitles'
p3686
I93
sS'happen'
p3687
I91
sS'mauro'
p3688
I93
sS'macchiato'
p3689
I93
sS'mutual'
p3690
I93
sS'performed'
p3691
I93
sS'rumors'
p3692
I93
sS'40'
p3693
I93
sS'04:19:16.0,33.93710728,-118.3469031,6017,finaly'
p3694
I93
sS'aspirin'
p3695
I93
sS'other'
p3696
I82
sS'guarantee'
p3697
I93
sS'popping'
p3698
I92
sS'sick'
p3699
I92
sS'compete'
p3700
I93
sS'lebrons'
p3701
I93
sS'hhah'
p3702
I93
sS'star'
p3703
I92
sS'looooook'
p3704
I93
sS'monday'
p3705
I93
sS'bracelet/pen'
p3706
I93
sS'june'
p3707
I92
sS'stay'
p3708
I87
sS'toasty'
p3709
I90
sS'nigghtt'
p3710
I93
sS'chance'
p3711
I90
sS'kinda'
p3712
I89
sS'friends'
p3713
I78
sS'goin'
p3714
I91
sS'breaks'
p3715
I93
sS'it<3'
p3716
I93
sS'lasted'
p3717
I93
sS'simping'
p3718
I93
sS'23:41:03.0,33.9361364,-118.343953,6017,and'
p3719
I93
sS"music's"
p3720
I93
sS'cartel'
p3721
I93
sS'understand'
p3722
I90
sS'"the'
p3723
I92
sS'baked'
p3724
I93
sS'boooooored'
p3725
I93
s.