(dp0
S''
p1
I1
sS'child'
p2
I66
sS"k's"
p3
I67
sS'four'
p4
I67
sS'sleep'
p5
I62
sS'spiders'
p6
I67
sS'preface'
p7
I67
sS'hate'
p8
I48
sS'yonder'
p9
I67
sS'skeleton'
p10
I67
sS'whose'
p11
I67
sS'swag'
p12
I67
sS'buddy'
p13
I66
sS'time-'
p14
I67
sS"pamela's"
p15
I67
sS'tweet'
p16
I67
sS'pancetta'
p17
I67
sS'under'
p18
I67
sS'teaching'
p19
I67
sS'sorry'
p20
I62
sS'worth'
p21
I64
sS'viviana'
p22
I67
sS'flour\xc2\xbc'
p23
I67
sS'internet'
p24
I66
sS'06:12:59.0,33.89864555,-118.4037909,6203.01,having'
p25
I67
sS'lololol'
p26
I66
sS'every'
p27
I57
sS'jack'
p28
I66
sS'havent)'
p29
I67
sS'screaming'
p30
I67
sS'special'
p31
I67
sS'tickets'
p32
I66
sS'school'
p33
I45
sS'baking'
p34
I67
sS"on'n'onnnnnn"
p35
I67
sS'wednesday'
p36
I65
sS'heading'
p37
I65
sS'clothes'
p38
I65
sS'enjoy'
p39
I67
sS'tired'
p40
I66
sS'phones'
p41
I67
sS'onehopewine'
p42
I67
sS'hating'
p43
I67
sS'batch'
p44
I67
sS'second'
p45
I57
sS'scratcher.\xe2\x80\x9d'
p46
I67
sS'helluva'
p47
I67
sS'n'
p48
I46
sS'nigr'
p49
I67
sS'even'
p50
I57
sS'hide'
p51
I67
sS'kuz'
p52
I67
sS'someone"out'
p53
I67
sS"tonight's"
p54
I67
sS'while'
p55
I62
sS'\xe2\x9c\x8bplanning'
p56
I67
sS'hull'
p57
I66
sS'new'
p58
I47
sS'ever'
p59
I53
sS'seeks'
p60
I67
sS'dort'
p61
I67
sS'never'
p62
I50
sS'here'
p63
I58
sS'\xe2\x9d\xa4\xef\xb8\x8f'
p64
I66
sS'studio'
p65
I66
sS'dorm'
p66
I67
sS'path'
p67
I67
sS"aren't"
p68
I67
sS'no((to'
p69
I67
sS'kids'
p70
I65
sS'audra'
p71
I67
sS'credentials'
p72
I67
sS'jams'
p73
I66
sS'k'
p74
I66
sS'changed'
p75
I66
sS'itunes'
p76
I66
sS'credit'
p77
I66
sS"i'd"
p78
I65
sS'\xe2\x9c\x94\xef\xb8\x8f'
p79
I67
sS'rly'
p80
I65
sS'aka'
p81
I66
sS'natives'
p82
I67
sS'dre'
p83
I67
sS'prints'
p84
I67
sS'campaign'
p85
I67
sS'feelings'
p86
I66
sS'bro'
p87
I67
sS'cane'
p88
I67
sS"s'true"
p89
I67
sS'counts'
p90
I67
sS'txs'
p91
I67
sS'03:37:21.0,33.898671,-118.40367236,6203.01,my'
p92
I67
sS'would'
p93
I50
sS'music'
p94
I57
sS'typa'
p95
I67
sS'receipts'
p96
I67
sS'type'
p97
I67
sS'until'
p98
I64
sS'holy'
p99
I64
sS'successful'
p100
I67
sS'brings'
p101
I67
sS'haha'
p102
I54
sS'subtweet'
p103
I66
sS'award'
p104
I67
sS'"i'
p105
I66
sS'phone'
p106
I62
sS'warm'
p107
I67
sS'*personal'
p108
I67
sS'varsity'
p109
I67
sS'excellent'
p110
I66
sS'allies'
p111
I67
sS'kennaboo'
p112
I67
sS'immature'
p113
I67
sS'must'
p114
I63
sS'shoot'
p115
I66
sS'ma'
p116
I66
sS'room'
p117
I62
sS'mb'
p118
I65
sS'work'
p119
I54
sS'mi'
p120
I67
sS'ik'
p121
I66
sS'ilysm'
p122
I65
sS'movies'
p123
I67
sS'ms'
p124
I66
sS'guise'
p125
I66
sS'(3633'
p126
I67
sS'my'
p127
I6
sS'could'
p128
I56
sS'wana'
p129
I67
sS'give'
p130
I65
sS'indie'
p131
I66
sS'550'
p132
I67
sS'involve'
p133
I67
sS'homie'
p134
I67
sS'walsh'
p135
I67
sS'want'
p136
I45
sS'blank)'
p137
I67
sS'keep'
p138
I60
sS'unforgettable'
p139
I67
sS'hoe'
p140
I66
sS'end'
p141
I61
sS'thing'
p142
I63
sS'travel'
p143
I65
sS'feature'
p144
I67
sS'how'
p145
I42
sS'amazing'
p146
I63
sS'answer'
p147
I67
sS'hi'
p148
I67
sS'beach'
p149
I42
sS'mess'
p150
I67
sS'feeeeels'
p151
I67
sS'gymratc'
p152
I67
sS'after'
p153
I59
sS'beauts'
p154
I67
sS'wrong'
p155
I63
sS'lax'
p156
I67
sS'lay'
p157
I67
sS'destined'
p158
I67
sS'milesssss'
p159
I67
sS'third'
p160
I66
sS'7/5'
p161
I67
sS'7/4'
p162
I67
sS'appreciate'
p163
I67
sS'think'
p164
I55
sS'cigarettes'
p165
I67
sS'complexity'
p166
I67
sS'funniest'
p167
I67
sS'ultimate'
p168
I67
sS'goodbye'
p169
I67
sS'keeps'
p170
I66
sS'worst'
p171
I66
sS'make'
p172
I50
sS'wind'
p173
I67
sS'wine'
p174
I65
sS'zeb'
p175
I65
sS'office'
p176
I63
sS'wiffle'
p177
I67
sS'muffin'
p178
I67
sS'over'
p179
I58
sS'zen'
p180
I29
sS'jacuzzi'
p181
I67
sS'oven'
p182
I67
sS'mayor'
p183
I66
sS'before'
p184
I64
sS'(manhattan'
p185
I59
sS'somewhere'
p186
I64
sS'backpack'
p187
I67
sS'avocado'
p188
I67
sS'405:-)'
p189
I67
sS'better'
p190
I60
sS'blueberry'
p191
I67
sS'imy'
p192
I67
sS'weeks'
p193
I62
sS'me-he'
p194
I67
sS'hahah'
p195
I66
sS'then'
p196
I60
sS'them'
p197
I65
sS'thrones'
p198
I67
sS'workout'
p199
I67
sS'safe'
p200
I67
sS"we'll"
p201
I65
sS'break'
p202
I66
sS'grantland'
p203
I67
sS'owned'
p204
I67
sS'they'
p205
I50
sS'jetlag'
p206
I67
sS'one'
p207
I43
sS'bread'
p208
I66
sS"grey's"
p209
I67
sS'intro"'
p210
I67
sS'mished'
p211
I67
sS'north'
p212
I67
sS'l'
p213
I62
sS'rocks'
p214
I66
sS'filling'
p215
I67
sS'each'
p216
I64
sS'voti'
p217
I67
sS'went'
p218
I65
sS'side'
p219
I63
sS'luck'
p220
I66
sS'know.....i'
p221
I67
sS'laying'
p222
I67
sS'waffle'
p223
I67
sS'vote'
p224
I66
sS'forgot'
p225
I64
sS'logo'
p226
I67
sS'ghosts'
p227
I67
sS'saturday'
p228
I64
sS'rt'
p229
I67
sS'gon'
p230
I67
sS'driving'
p231
I63
sS'god'
p232
I53
sS'hooked'
p233
I67
sS'vibes'
p234
I67
sS'george'
p235
I67
sS'smo'
p236
I67
sS'daniel'
p237
I67
sS'nite'
p238
I67
sS'got'
p239
I46
sS'rn'
p240
I62
sS'engineer'
p241
I67
sS'lucky1-better'
p242
I67
sS'turning'
p243
I66
sS"you're"
p244
I48
sS'bitch,90266\n454842164883640320,julietteleo,2014-04-12'
p245
I67
sS'leftovers'
p246
I67
sS'lawless'
p247
I67
sS'little'
p248
I60
sS'free'
p249
I63
sS'fred'
p250
I67
sS'grapes'
p251
I67
sS'beanies'
p252
I67
sS'favs'
p253
I67
sS'wanted'
p254
I64
sS'soundcloud'
p255
I66
sS'isz'
p256
I67
sS'ate'
p257
I66
sS"isn't...so"
p258
I67
sS'starts'
p259
I65
sS'messages'
p260
I65
sS'days'
p261
I61
sS'silicon'
p262
I67
sS'ordering'
p263
I67
sS'(as'
p264
I67
sS'loud'
p265
I66
sS'fuckin'
p266
I62
sS'already'
p267
I61
sS'>>'
p268
I65
sS'streetz'
p269
I67
sS'lettuce'
p270
I67
sS'calyssa'
p271
I67
sS'chevron'
p272
I66
sS'hood'
p273
I67
sS'mandingo'
p274
I67
sS'...and'
p275
I67
sS'top'
p276
I65
sS'girls'
p277
I63
sS"he'll"
p278
I67
sS'legz'
p279
I67
sS'ton'
p280
I66
sS'too'
p281
I50
sS'tom'
p282
I66
sS'ordered'
p283
I67
sS"feelin'"
p284
I67
sS'dogs'
p285
I64
sS'toe'
p286
I66
sS'quickies'
p287
I67
sS'gym'
p288
I66
sS'2am'
p289
I67
sS'serve'
p290
I67
sS'took'
p291
I66
sS'love(((:,90266\n446892204498251777,julietteleo,2014-03-21'
p292
I67
sS'weightlifting'
p293
I67
sS'cereal'
p294
I67
sS'wod'
p295
I67
sS"spain's"
p296
I67
sS'"hope'
p297
I67
sS'skuuurttt'
p298
I67
sS'begins'
p299
I67
sS'showed'
p300
I66
sS'<|3'
p301
I67
sS'nominate'
p302
I67
sS'tree'
p303
I66
sS'crave'
p304
I67
sS'beatzzzzz'
p305
I67
sS'shower'
p306
I67
sS'matter'
p307
I67
sS'historical'
p308
I67
sS'spoiled'
p309
I67
sS'feeling'
p310
I61
sS'powers'
p311
I67
sS'hez\xe2\x9d\xa4\xef\xb8\x8f'
p312
I67
sS'failing'
p313
I67
sS'boston'
p314
I67
sS'mind'
p315
I64
sS'mine'
p316
I65
sS'arby'
p317
I67
sS'happy,90266\n449066618199351296,julietteleo,2014-03-27'
p318
I67
sS'talking'
p319
I67
sS'bimmer'
p320
I67
sS'lunchtime'
p321
I67
sS'seen'
p322
I66
sS'seem'
p323
I67
sS'tells'
p324
I67
sS'craziest'
p325
I67
sS'gives'
p326
I67
sS'genuine'
p327
I67
sS'responsible'
p328
I67
sS'-'
p329
I52
sS'fitting'
p330
I67
sS'laughed'
p331
I66
sS'blue'
p332
I67
sS'though'
p333
I67
sS'doin'
p334
I67
sS'mangos.\xe2\x80\xa6'
p335
I67
sS'anatomy'
p336
I67
sS'y'
p337
I61
sS'mouth'
p338
I67
sS'phase'
p339
I67
sS'drought'
p340
I67
sS'7am'
p341
I67
sS'citywalk'
p342
I66
sS'grove'
p343
I67
sS'doc'
p344
I66
sS'consumed'
p345
I67
sS'camp'
p346
I67
sS'm'
p347
I63
sS'dog'
p348
I62
sS'definitely'
p349
I65
sS'sun'
p350
I66
sS'responded'
p351
I67
sS'came'
p352
I67
sS'saying'
p353
I61
sS'bomb'
p354
I67
sS'inspire'
p355
I67
sS'\xe2\x80\xa2\xe2\x80\xa2'
p356
I66
sS'lewis'
p357
I67
sS'tequila'
p358
I66
sS'queen'
p359
I67
sS'anniversary'
p360
I67
sS'rn!!!!1'
p361
I67
sS'earth'
p362
I65
sS'tomorrow.crazy'
p363
I67
sS'nevada'
p364
I67
sS'enjoyed'
p365
I66
sS'thankzgivin'
p366
I67
sS'busy'
p367
I67
sS'crossfit'
p368
I25
sS'ayyyy'
p369
I67
sS'menu'
p370
I67
sS"baby's"
p371
I67
sS'hrs'
p372
I67
sS'appreciated'
p373
I67
sS'theme'
p374
I67
sS'do...judge'
p375
I67
sS'rn"'
p376
I67
sS'folks'
p377
I67
sS'coconut\xe2\x80\xa6'
p378
I67
sS'chipotle'
p379
I65
sS'rica'
p380
I67
sS'wearing'
p381
I66
sS'monica'
p382
I66
sS'10'
p383
I66
sS'exorcist"'
p384
I67
sS'de'
p385
I67
sS'watch'
p386
I62
sS'faggot'
p387
I67
sS'coast'
p388
I67
sS'watermelon'
p389
I66
sS'supplies'
p390
I67
sS'du'
p391
I67
sS'dr'
p392
I66
sS'dq'
p393
I67
sS'earn'
p394
I67
sS'ema'
p395
I67
sS'greens'
p396
I67
sS'covering'
p397
I67
sS'bay'
p398
I67
sS'twice'
p399
I66
sS'bad'
p400
I62
sS'bae'
p401
I62
sS'kauai'
p402
I67
sS'saud'
p403
I67
sS'wannabe'
p404
I67
sS'respond'
p405
I66
sS'blew'
p406
I67
sS'w/'
p407
I61
sS'lemonade'
p408
I67
sS'conntinuum'
p409
I67
sS'facts'
p410
I67
sS'22:56:22.0,33.89863981,-118.40373977,6203.01,fuuckk'
p411
I67
sS'for\xe2\x80\xa6'
p412
I67
sS'gaelen'
p413
I66
sS'yes'
p414
I52
sS'best'
p415
I50
sS'said'
p416
I57
sS'away'
p417
I64
sS'hardest'
p418
I67
sS'future'
p419
I66
sS'(by'
p420
I67
sS'finger'
p421
I67
sS'hopefully'
p422
I67
sS'yogurt'
p423
I67
sS'discovery'
p424
I67
sS'00:55:50.0,33.89863294,-118.40364544,6203.01,no'
p425
I67
sS'we'
p426
I27
sS'men'
p427
I67
sS'omg'
p428
I49
sS'nature'
p429
I67
sS'wo'
p430
I66
sS'vacuuming'
p431
I67
sS'gazzoooo'
p432
I67
sS'wear'
p433
I66
sS'wtf'
p434
I61
sS'visited'
p435
I67
sS'motto'
p436
I67
sS'pity'
p437
I67
sS'goddess'
p438
I67
sS'met'
p439
I67
sS'bachelorette'
p440
I67
sS'country'
p441
I67
sS'jelly'
p442
I67
sS'against'
p443
I67
sS'hahhahahahahah'
p444
I67
sS'hummus'
p445
I65
sS'games'
p446
I64
sS'lookin'
p447
I67
sS'cherry'
p448
I67
sS'argue'
p449
I67
sS'asked'
p450
I65
sS'ily'
p451
I65
sS'\xe2\x99\xa1'
p452
I67
sS'presumably'
p453
I67
sS'gwen'
p454
I67
sS'legs'
p455
I67
sS'quint'
p456
I67
sS'matty'
p457
I67
sS'2nd'
p458
I67
sS'healy'
p459
I67
sS'tony'
p460
I67
sS'springs'
p461
I67
sS'trust'
p462
I66
sS'it,90266\n448997616311754753,julietteleo,2014-03-27'
p463
I67
sS'decision:music'
p464
I67
sS'basis'
p465
I67
sS'bikinis'
p466
I67
sS'three'
p467
I66
sS'been'
p468
I54
sS'hahahhaha'
p469
I67
sS'beer'
p470
I64
sS'much'
p471
I45
sS'expected'
p472
I67
sS'lovely'
p473
I67
sS'pro'
p474
I67
sS'e-vite'
p475
I67
sS'obese'
p476
I66
sS'life'
p477
I39
sS'beach)'
p478
I64
sS'o(+>'
p479
I67
sS'attacked'
p480
I67
sS'mixing=no'
p481
I67
sS'glutenous-grub'
p482
I67
sS'year\xe2\x98\xba\xef\xb8\x8f'
p483
I67
sS'fest'
p484
I67
sS'lift'
p485
I67
sS'personally'
p486
I67
sS'catch'
p487
I67
sS'daughter'
p488
I67
sS'(and'
p489
I67
sS'cunt'
p490
I67
sS'chill'
p491
I67
sS'applied'
p492
I67
sS'save'
p493
I67
sS'raspy'
p494
I67
sS'tastes'
p495
I67
sS'kentucky'
p496
I67
sS'air'
p497
I66
sS'ugly'
p498
I66
sS'taste'
p499
I66
sS'teachers'
p500
I67
sS'voice'
p501
I64
sS'mistake'
p502
I67
sS'remembering'
p503
I67
sS'seven'
p504
I67
sS'iz'
p505
I66
sS'over*'
p506
I67
sS'is'
p507
I8
sS'dumped'
p508
I66
sS'nutter'
p509
I67
sS'it'
p510
I13
sS'throat'
p511
I67
sS'cant'
p512
I66
sS'im'
p513
I56
sS'parkway)'
p514
I67
sS'in'
p515
I12
sS'pics'
p516
I67
sS'id'
p517
I67
sS'if'
p518
I45
sS'03:39:23.0,33.89864871,-118.40360201,6203.01,cannot'
p519
I67
sS'things'
p520
I56
sS'realizing'
p521
I66
sS'airport'
p522
I67
sS'belly'
p523
I67
sS'dvds'
p524
I67
sS'bigbro'
p525
I67
sS'hahaa'
p526
I65
sS'wheel'
p527
I67
sS'hana'
p528
I66
sS'hang'
p529
I67
sS'coachella'
p530
I64
sS'rain'
p531
I65
sS'hand'
p532
I66
sS'garlic'
p533
I67
sS'reruns'
p534
I67
sS'jealous'
p535
I64
sS'tuna'
p536
I67
sS"i'm"
p537
I17
sS'tune'
p538
I67
sS'kid'
p539
I63
sS'butter'
p540
I67
sS'tmrw'
p541
I65
sS'dylan'
p542
I67
sS'kept'
p543
I67
sS'lucas'
p544
I67
sS'thx'
p545
I55
sS'los'
p546
I67
sS'kyla'
p547
I67
sS'youre'
p548
I65
sS'imysm'
p549
I67
sS'ocean'
p550
I67
sS'tho'
p551
I58
sS'burgers'
p552
I67
sS'savings'
p553
I66
sS'tombstone'
p554
I67
sS'greatest'
p555
I66
sS'mother'
p556
I67
sS'anchorman'
p557
I66
sS'the'
p558
I3
sS'camps'
p559
I67
sS'dads'
p560
I67
sS'left'
p561
I65
sS'seasonal'
p562
I67
sS'just'
p563
I15
sS'yea'
p564
I67
sS'photo'
p565
I59
sS'...this'
p566
I67
sS'uuuuup'
p567
I67
sS'thanks'
p568
I49
sS'human'
p569
I66
sS'campbell'
p570
I67
sS'smoothies'
p571
I66
sS'yet'
p572
I63
sS'hills'
p573
I67
sS"they'd"
p574
I67
sS'haa'
p575
I67
sS'character'
p576
I67
sS'05:47:41.0,33.89867067,-118.40367091,6203.01,it'
p577
I67
sS'shout'
p578
I66
sS'steyer'
p579
I67
sS'board'
p580
I67
sS'easy'
p581
I66
sS'kels'
p582
I67
sS'has'
p583
I54
sS'gave'
p584
I67
sS'wht'
p585
I67
sS'05:31:11.0,33.89870988,-118.40379735,6203.01,wow'
p586
I67
sS'casually'
p587
I67
sS'slayer"'
p588
I67
sS'kind...and'
p589
I67
sS'mayo'
p590
I67
sS'hahahahahahhaahahaaaahaah'
p591
I67
sS'arab'
p592
I66
sS'possibly'
p593
I67
sS'judge'
p594
I66
sS'burnt'
p595
I66
sS'dreams'
p596
I65
sS'apart'
p597
I67
sS'brought'
p598
I66
sS'bobby'
p599
I67
sS"ingrid's"
p600
I67
sS'50'
p601
I67
sS'remind'
p602
I66
sS'festivities'
p603
I67
sS'oaxaca'
p604
I67
sS'night'
p605
I56
sS'cheese,90266\n446071797046202368,julietteleo,2014-03-18'
p606
I67
sS'201'
p607
I67
sS'right'
p608
I54
sS'old'
p609
I59
sS'deal'
p610
I66
sS'people'
p611
I44
sS'sends'
p612
I67
sS'topping'
p613
I67
sS'elderly'
p614
I67
sS'printer'
p615
I67
sS"nothing's"
p616
I67
sS'ninjas'
p617
I67
sS'dear'
p618
I66
sS'bora'
p619
I62
sS'tonight-'
p620
I67
sS'mcleod'
p621
I67
sS'tracked'
p622
I67
sS'for'
p623
I14
sS'snapchatted'
p624
I67
sS'ice'
p625
I65
sS'everything'
p626
I56
sS'flopping'
p627
I67
sS'unit'
p628
I67
sS'christmas'
p629
I65
sS'01:57:38.0,33.89866515,-118.4036261,6203.01,so'
p630
I67
sS'homeowron'
p631
I67
sS'meanings'
p632
I67
sS'deleted'
p633
I67
sS'b\xc3\xa6'
p634
I67
sS'trampoline'
p635
I65
sS'plz'
p636
I67
sS'disappeared'
p637
I67
sS'caffeine'
p638
I67
sS',90266\n446839733444825088,julietteleo,2014-03-21'
p639
I67
sS'greenbelt'
p640
I67
sS'graduated'
p641
I67
sS'post'
p642
I63
sS'pll'
p643
I67
sS'endorsing'
p644
I67
sS"something's"
p645
I67
sS'dollars'
p646
I67
sS'valentines'
p647
I66
sS'o'
p648
I58
sS'dinner'
p649
I59
sS'cities)'
p650
I67
sS'afternoon'
p651
I67
sS'stoked'
p652
I65
sS'slightly'
p653
I67
sS'facetime'
p654
I67
sS'whatt'
p655
I67
sS'people."'
p656
I67
sS'lied'
p657
I67
sS'presence'
p658
I67
sS'(serves'
p659
I67
sS'soo'
p660
I67
sS'son'
p661
I66
sS'down'
p662
I56
sS'thankful'
p663
I63
sS'sox'
p664
I67
sS'rounds'
p665
I67
sS'wan'
p666
I67
sS'oc'
p667
I67
sS'06:06:44.0,33.89864731,-118.40377556,6203.01,john'
p668
I67
sS'flying'
p669
I67
sS'jealousy'
p670
I67
sS'nova'
p671
I67
sS'class'
p672
I66
sS'absolutely'
p673
I66
sS'fought'
p674
I67
sS'way'
p675
I53
sS'goddamn'
p676
I67
sS'call'
p677
I62
sS'wat'
p678
I67
sS'was'
p679
I31
sS'happy'
p680
I34
sS'selection'
p681
I67
sS'head'
p682
I64
sS'medium'
p683
I67
sS'northridge'
p684
I67
sS'"homework"'
p685
I67
sS'6'
p686
I65
sS'cuban'
p687
I67
sS'b)'
p688
I67
sS'31st'
p689
I67
sS'heat'
p690
I66
sS'hear'
p691
I63
sS'acai'
p692
I67
sS'true'
p693
I63
sS'happen'
p694
I65
sS'rosecrans'
p695
I67
sS'la'
p696
I67
sS'inside'
p697
I66
sS'whys'
p698
I67
sS'tell'
p699
I61
sS'their\xe2\x80\xa6'
p700
I67
sS'mtn'
p701
I67
sS'totoro'
p702
I67
sS'mmmmm'
p703
I67
sS'delete'
p704
I65
sS'classie'
p705
I67
sS'classic'
p706
I66
sS'drive'
p707
I60
sS'exist'
p708
I66
sS'annoying'
p709
I65
sS'check'
p710
I65
sS'shit'
p711
I48
sS'holla'
p712
I67
sS'vista'
p713
I67
sS'dying'
p714
I67
sS'no'
p715
I41
sS'when'
p716
I34
sS'05:42:23.0,33.89863577,-118.40364533,6203.01,whatever'
p717
I67
sS'til'
p718
I65
sS'ny'
p719
I67
sS'setting'
p720
I67
sS'whew'
p721
I67
sS'holding'
p722
I67
sS'roll'
p723
I66
sS'zen)'
p724
I66
sS'picture'
p725
I63
sS"'s"
p726
I67
sS'felt'
p727
I66
sS'update'
p728
I64
sS"let's"
p729
I60
sS'journey'
p730
I67
sS'hurt'
p731
I67
sS'weekend'
p732
I60
sS'babysitting'
p733
I67
sS'happening'
p734
I65
sS'-shannon'
p735
I67
sS'glass'
p736
I67
sS'moved'
p737
I66
sS'landed'
p738
I67
sS'together'
p739
I63
sS'->'
p740
I67
sS'dead,90266\n455864169166667776,julietteleo,2014-04-15'
p741
I67
sS'time'
p742
I38
sS'push'
p743
I67
sS'serious'
p744
I66
sS'lineup'
p745
I67
sS'songs'
p746
I67
sS'neighbors'
p747
I67
sS':/'
p748
I65
sS':('
p749
I60
sS':)'
p750
I47
sS'whoever'
p751
I67
sS'dance'
p752
I66
sS'pitfire'
p753
I67
sS'focus'
p754
I67
sS'solstice\xe2\x98\x80\xef\xb8\x8fhappy'
p755
I67
sS'adjective'
p756
I67
sS'mile'
p757
I67
sS'weathaa'
p758
I67
sS'/'
p759
I63
sS'mila'
p760
I67
sS'mill'
p761
I67
sS':0'
p762
I67
sS'milk'
p763
I67
sS'row'
p764
I67
sS'05:23:36.0,33.89862842,-118.40364176,6203.01,if'
p765
I67
sS'venice'
p766
I67
sS'yummy'
p767
I67
sS'happpy'
p768
I66
sS'flash'
p769
I67
sS'father'
p770
I67
sS'disgusting'
p771
I66
sS'countdown'
p772
I66
sS'0'
p773
I64
sS'finally'
p774
I65
sS'pls'
p775
I54
sS'feta\xe2\x80\xa6'
p776
I67
sS'veterans'
p777
I67
sS'lake'
p778
I67
sS'me'
p779
I9
sS':o'
p780
I67
sS'advantage'
p781
I67
sS'grilling'
p782
I67
sS'keeping'
p783
I67
sS'tacos'
p784
I67
sS'tanks'
p785
I67
sS'cook'
p786
I65
sS'xxyyxx'
p787
I67
sS'trouble'
p788
I66
sS'blast'
p789
I65
sS'exact'
p790
I66
sS'minute'
p791
I66
sS'cool'
p792
I63
sS'clouds'
p793
I67
sS'banished'
p794
I67
sS'did'
p795
I55
sS'die'
p796
I65
sS'fragile'
p797
I66
sS'peeps'
p798
I67
sS'accidentally'
p799
I66
sS'turnt'
p800
I67
sS'succcch'
p801
I67
sS'leave'
p802
I63
sS'p'
p803
I64
sS"ibb'd"
p804
I67
sS'team'
p805
I64
sS'quick'
p806
I66
sS'guy'
p807
I62
sS'kween'
p808
I67
sS'round'
p809
I67
sS"it'll"
p810
I67
sS',90266\n446490653040443392,julietteleo,2014-03-20'
p811
I67
sS'olympic'
p812
I67
sS'talked'
p813
I67
sS'says'
p814
I66
sS'fearing'
p815
I67
sS'sign'
p816
I67
sS'shirts'
p817
I67
sS'krule'
p818
I67
sS'eating'
p819
I65
sS'port'
p820
I67
sS'drinks'
p821
I67
sS'ahahhahahahahahhaha'
p822
I67
sS'hahahahhahahahha'
p823
I67
sS'melt'
p824
I66
sS'goes'
p825
I64
sS'gawd'
p826
I67
sS'burn'
p827
I67
sS'explosion'
p828
I67
sS'grandparents'
p829
I67
sS'slaying'
p830
I67
sS'french'
p831
I67
sS'lakes'
p832
I66
sS'water'
p833
I67
sS'upgrade'
p834
I67
sS'alone'
p835
I61
sS'laughin'
p836
I67
sS'along'
p837
I67
sS'teacher'
p838
I67
sS'change'
p839
I65
sS'wait'
p840
I55
sS'boy'
p841
I67
sS'flournoy'
p842
I67
sS'incoming'
p843
I67
sS'shove'
p844
I67
sS'healthy'
p845
I66
sS'boi'
p846
I67
sS'hbu'
p847
I67
sS'weird'
p848
I60
sS'pillow'
p849
I67
sS'bearable'
p850
I67
sS'respite'
p851
I67
sS'treasure'
p852
I67
sS'love'
p853
I38
sS'lasts'
p854
I67
sS'extra'
p855
I64
sS'important'
p856
I67
sS'thruu'
p857
I67
sS'1st'
p858
I67
sS'omg,90266\n448665492211789824,julietteleo,2014-03-26'
p859
I67
sS'everybody'
p860
I66
sS'perf'
p861
I67
sS'working'
p862
I66
sS'>:)'
p863
I67
sS'visit'
p864
I65
sS'tears'
p865
I67
sS'france'
p866
I67
sS'ca)'
p867
I60
sS'ahhh'
p868
I67
sS'thru'
p869
I66
sS'checkout'
p870
I67
sS'today'
p871
I46
sS'loving'
p872
I65
sS'trophy'
p873
I67
sS'acceptable'
p874
I67
sS'chocolate'
p875
I65
sS'gwynn'
p876
I67
sS'everywhere'
p877
I65
sS"dad's"
p878
I67
sS'\xe2\x9d\xa4\xef\xb8\x8f\xe2\x9d\xa4\xef\xb8\x8f'
p879
I66
sS'effort'
p880
I67
sS'snapchat\xe2\x9d\xa4\xef\xb8\x8f\xe2\x9d\xa4\xef\xb8\x8f'
p881
I67
sS'pre-'
p882
I67
sS'douche'
p883
I67
sS'edible'
p884
I67
sS'car'
p885
I58
sS'pretend'
p886
I67
sS'flu'
p887
I66
sS'soul'
p888
I67
sS'cat'
p889
I67
sS'soup'
p890
I67
sS'girlswhat'
p891
I67
sS'can'
p892
I43
sS'kendrick'
p893
I67
sS'following'
p894
I67
sS'making'
p895
I66
sS'crazy'
p896
I60
sS'uruguay'
p897
I67
sS'december'
p898
I64
sS'awesome'
p899
I63
sS"didn't"
p900
I55
sS'fuck'
p901
I41
sS'heard'
p902
I66
sS'graduation'
p903
I66
sS'lorde'
p904
I67
sS'niggaa,90266\n446160094879707136,julietteleo,2014-03-19'
p905
I67
sS'clothing'
p906
I67
sS'winter'
p907
I66
sS'savor'
p908
I67
sS'get'
p909
I31
sS'poking'
p910
I67
sS'1'
p911
I64
sS'till'
p912
I66
sS'sunday'
p913
I66
sS'fourth'
p914
I66
sS'tilf'
p915
I67
sS'urth'
p916
I67
sS'$100'
p917
I66
sS'mar'
p918
I67
sS'explores'
p919
I67
sS'crashes'
p920
I67
sS':):('
p921
I67
sS'may'
p922
I63
sS'blasting'
p923
I65
sS'spot'
p924
I66
sS'*tans'
p925
I67
sS'fueled'
p926
I67
sS'mac'
p927
I66
sS'birthday'
p928
I50
sS'mad'
p929
I66
sS'date'
p930
I66
sS'such'
p931
I56
sS'suck'
p932
I65
sS'acceptances'
p933
I67
sS'guys'
p934
I61
sS'grow'
p935
I64
sS'lifting'
p936
I67
sS'man'
p937
I59
sS'surfing'
p938
I67
sS'crepe'
p939
I67
sS'johnson'
p940
I67
sS'whenever'
p941
I67
sS'maybe'
p942
I63
sS'wheelchair'
p943
I67
sS'u,90266\n455596447514128385,julietteleo,2014-04-14'
p944
I67
sS'retweet,90266\n455568120975863808,julietteleo,2014-04-14'
p945
I67
sS'st'
p946
I67
sS'wtfff'
p947
I67
sS'switch'
p948
I67
sS'killers'
p949
I67
sS'so'
p950
I10
sS'sc'
p951
I67
sS'scroll'
p952
I67
sS'yaaaas'
p953
I67
sS'talk'
p954
I60
sS'imagining'
p955
I67
sS'cute'
p956
I64
sS'lsb'
p957
I67
sS'shoes'
p958
I67
sS'disclosure'
p959
I66
sS'indeed'
p960
I67
sS'mainly'
p961
I67
sS'denial'
p962
I67
sS'chervon'
p963
I67
sS'years'
p964
I66
sS'course'
p965
I65
sS'episodes'
p966
I66
sS'sleepppp'
p967
I67
sS'remmeber'
p968
I67
sS'shake'
p969
I66
sS'kanye'
p970
I65
sS'cold'
p971
I65
sS'still'
p972
I61
sS'birds'
p973
I67
sS'birthdayy'
p974
I66
sS'um...yum'
p975
I67
sS'group'
p976
I67
sS'thank'
p977
I52
sS'the\xe2\x80\xa6'
p978
I66
sS'interesting'
p979
I66
sS'hot'
p980
I58
sS'espn3'
p981
I67
sS'window'
p982
I66
sS'while:)'
p983
I67
sS'jip'
p984
I66
sS'listing'
p985
I67
sS'showered'
p986
I67
sS'main'
p987
I64
sS'style'
p988
I67
sS'mommy'
p989
I67
sS'happened'
p990
I64
sS'classrooms?\xc2\xa0professor'
p991
I67
sS'insomnia'
p992
I67
sS'feelin'
p993
I67
sS'1955'
p994
I67
sS'lunch'
p995
I65
sS'srsly'
p996
I67
sS'5.5%'
p997
I67
sS'momm'
p998
I67
sS'half'
p999
I64
sS'not'
p1000
I30
sS'now'
p1001
I48
sS'bullshit'
p1002
I67
sS'name'
p1003
I61
sS'roasty'
p1004
I67
sS'james'
p1005
I67
sS'01:02:04.0,33.89854705,-118.40361913,6203.01,,90266\n447164304198873088,julietteleo,2014-03-22'
p1006
I67
sS'soon-'
p1007
I67
sS'careless'
p1008
I67
sS'rock'
p1009
I65
sS'quarter'
p1010
I67
sS'concerts'
p1011
I67
sS'em'
p1012
I66
sS'fired'
p1013
I67
sS'ed'
p1014
I67
sS'yeah'
p1015
I62
sS'bradley'
p1016
I67
sS'catching'
p1017
I67
sS'year'
p1018
I55
sS'okay'
p1019
I67
sS'ew'
p1020
I66
sS'teams'
p1021
I67
sS'obsession'
p1022
I67
sS'tried'
p1023
I67
sS'canada'
p1024
I66
sS'living'
p1025
I65
sS'container'
p1026
I66
sS'space'
p1027
I67
sS'losttttt'
p1028
I67
sS'sunburnt'
p1029
I66
sS'avignon'
p1030
I67
sS'puttanesca'
p1031
I67
sS'bday'
p1032
I67
sS'seriously'
p1033
I64
sS'gaahhahhah'
p1034
I67
sS'haahaah'
p1035
I67
sS'outplaying'
p1036
I67
sS'cloves'
p1037
I67
sS'bynes'
p1038
I67
sS'lag'
p1039
I66
sS'existed'
p1040
I67
sS'cars'
p1041
I67
sS'million'
p1042
I66
sS'salad"'
p1043
I67
sS'singing/screaming'
p1044
I67
sS'complicated'
p1045
I67
sS'vinyl'
p1046
I67
sS'wiltern/7'
p1047
I67
sS'grandma'
p1048
I67
sS'keith'
p1049
I67
sS'care'
p1050
I67
sS'training'
p1051
I67
sS'amanda'
p1052
I67
sS'100%'
p1053
I67
sS'british'
p1054
I67
sS'"arsenal"'
p1055
I67
sS'turn'
p1056
I66
sS'place'
p1057
I65
sS'massive'
p1058
I67
sS'charleston'
p1059
I67
sS'childhood'
p1060
I67
sS'first'
p1061
I58
sS'cheese'
p1062
I67
sS'streetz\xe2\x80\x9d'
p1063
I67
sS'tennis'
p1064
I67
sS'24'
p1065
I67
sS'faculty'
p1066
I67
sS'zac'
p1067
I67
sS'yourself'
p1068
I66
sS'xx'
p1069
I66
sS'mignon'
p1070
I67
sS'fast'
p1071
I63
sS'bradshaw'
p1072
I67
sS'spanish'
p1073
I66
sS'day\xe2\x80\xa6'
p1074
I67
sS'sounds'
p1075
I63
sS'open'
p1076
I66
sS'tomorrow'
p1077
I54
sS'size'
p1078
I67
sS'given'
p1079
I66
sS'sheet'
p1080
I67
sS'virgin'
p1081
I67
sS'caught'
p1082
I67
sS'anyone'
p1083
I63
sS'578th'
p1084
I67
sS'fml'
p1085
I66
sS'2'
p1086
I45
sS'draft'
p1087
I67
sS'directioner'
p1088
I67
sS'legally'
p1089
I67
sS'white'
p1090
I65
sS'stop))'
p1091
I67
sS'friend'
p1092
I59
sS'rosicky'
p1093
I66
sS'meme'
p1094
I67
sS'anus'
p1095
I66
sS'eyes'
p1096
I66
sS'pomp'
p1097
I67
sS'that'
p1098
I22
sS'on"'
p1099
I67
sS'season'
p1100
I66
sS'same,90266\n446137812379648000,julietteleo,2014-03-19'
p1101
I67
sS'ridiculous'
p1102
I67
sS'butt'
p1103
I67
sS'fooled'
p1104
I67
sS'bobs'
p1105
I67
sS'than'
p1106
I62
sS'-sam'
p1107
I66
sS'boyfriend'
p1108
I67
sS'$15'
p1109
I67
sS'12'
p1110
I66
sS'15'
p1111
I64
sS'unfortunately'
p1112
I67
sS'depressed'
p1113
I67
sS'18'
p1114
I67
sS'gotta'
p1115
I62
sS'r'
p1116
I51
sS'okay...fuck'
p1117
I67
sS'were'
p1118
I56
sS'neigbors'
p1119
I67
sS'damned'
p1120
I67
sS'sophia'
p1121
I67
sS'and'
p1122
I11
sS'prd'
p1123
I67
sS'snapchatting'
p1124
I67
sS'sam'
p1125
I65
sS'ann'
p1126
I67
sS'swabb\xe2\x9d\xa4\xef\xb8\x8f'
p1127
I67
sS'sag'
p1128
I67
sS'craic'
p1129
I67
sS'sad'
p1130
I63
sS'say'
p1131
I57
sS'mates'
p1132
I67
sS'adele'
p1133
I67
sS'volleyball'
p1134
I67
sS'2~**'
p1135
I67
sS'05:27:34.0,33.89865703,-118.40374162,6203.01,here'
p1136
I67
sS'breakfast'
p1137
I66
sS'saw'
p1138
I62
sS'any'
p1139
I66
sS'marathon'
p1140
I67
sS'wcw'
p1141
I67
sS'ideas'
p1142
I67
sS'zoo'
p1143
I67
sS'omfg'
p1144
I65
sS'*coming'
p1145
I67
sS'take'
p1146
I57
sS"day!g'bye"
p1147
I67
sS'online'
p1148
I65
sS'performance'
p1149
I67
sS'mayer'
p1150
I66
sS'\xe2\x88\x86\xe2\x88\x86\xe2\x88\x86'
p1151
I67
sS'channel'
p1152
I66
sS'jungle'
p1153
I67
sS'\xc2\xa1\xc2\xa1'
p1154
I67
sS'begin'
p1155
I67
sS'sure'
p1156
I65
sS'normal'
p1157
I67
sS'price'
p1158
I67
sS'knew'
p1159
I66
sS'paid'
p1160
I66
sS'falls'
p1161
I67
sS'visitors'
p1162
I67
sS'nolan'
p1163
I67
sS'knee'
p1164
I67
sS'america'
p1165
I67
sS'pages'
p1166
I66
sS'forever'
p1167
I61
sS'especially'
p1168
I66
sS'later'
p1169
I67
sS'hungry'
p1170
I66
sS'romper'
p1171
I67
sS'24/7'
p1172
I67
sS'sunset'
p1173
I67
sS'uncle'
p1174
I67
sS'senior'
p1175
I66
sS'$3.67'
p1176
I67
sS'salt'
p1177
I67
sS'(201'
p1178
I67
sS'shop'
p1179
I67
sS'bawling'
p1180
I67
sS'walking'
p1181
I66
sS'shot'
p1182
I66
sS'\xe2\x9c\xa8'
p1183
I66
sS'liking'
p1184
I67
sS'show'
p1185
I66
sS'german'
p1186
I67
sS'recipe'
p1187
I67
sS'"official"'
p1188
I67
sS'hustler'
p1189
I67
sS'ground'
p1190
I67
sS'slot'
p1191
I67
sS'slow'
p1192
I65
sS'genius'
p1193
I67
sS'daily'
p1194
I67
sS'dick'
p1195
I65
sS'enough'
p1196
I64
sS'only'
p1197
I51
sS'going'
p1198
I44
sS'black'
p1199
I64
sS'hockey'
p1200
I67
sS'dreamed'
p1201
I67
sS'wooo'
p1202
I66
sS'robe'
p1203
I67
sS'tearz'
p1204
I67
sS'jole'
p1205
I67
sS'pinkberry'
p1206
I67
sS'pumpkin'
p1207
I67
sS'"latino'
p1208
I67
sS'beatles'
p1209
I67
sS'suitcases'
p1210
I67
sS'ssu'
p1211
I67
sS'gey'
p1212
I67
sS'truly'
p1213
I67
sS'cannot'
p1214
I65
sS'icarly'
p1215
I67
sS'laguna'
p1216
I64
sS'freaking'
p1217
I67
sS'seared'
p1218
I67
sS'morning'
p1219
I65
sS'naked'
p1220
I67
sS":')"
p1221
I66
sS'stupid'
p1222
I65
sS'miley'
p1223
I67
sS'bought'
p1224
I67
sS'where'
p1225
I56
sS"everything's"
p1226
I66
sS"y'all"
p1227
I65
sS'enthralled'
p1228
I67
sS'concert'
p1229
I63
sS'college'
p1230
I58
sS'parking'
p1231
I66
sS'rager'
p1232
I67
sS'wonder'
p1233
I64
sS'planet'
p1234
I67
sS'madison'
p1235
I67
sS'ways'
p1236
I67
sS'review'
p1237
I67
sS'ornament'
p1238
I67
sS'goddd'
p1239
I67
sS'teacup'
p1240
I67
sS'3'
p1241
I65
sS'compelling\xe2\x80\xa6'
p1242
I67
sS'skyscraper'
p1243
I67
sS'joy'
p1244
I67
sS'adore'
p1245
I67
sS'teens'
p1246
I67
sS'reading'
p1247
I67
sS'zebs'
p1248
I67
sS'dempsey'
p1249
I67
sS'kreayshawn'
p1250
I67
sS'notice'
p1251
I67
sS'jt'
p1252
I67
sS'screen'
p1253
I67
sS'points'
p1254
I67
sS'dome'
p1255
I67
sS'killing'
p1256
I66
sS'jk'
p1257
I67
sS'cities'
p1258
I67
sS'come'
p1259
I60
sS'lollapalooza'
p1260
I67
sS"bedit's"
p1261
I67
sS'fit'
p1262
I67
sS'tuck'
p1263
I67
sS'many'
p1264
I61
sS'trader'
p1265
I67
sS'personal'
p1266
I67
sS's'
p1267
I61
sS'disappointment'
p1268
I67
sS'way"'
p1269
I67
sS'ooo'
p1270
I67
sS"can't"
p1271
I40
sS'breakfasts'
p1272
I67
sS'madness'
p1273
I67
sS'color'
p1274
I67
sS'hurts'
p1275
I67
sS'period'
p1276
I67
sS'football'
p1277
I67
sS'nooooo'
p1278
I65
sS'3005'
p1279
I67
sS'64'
p1280
I67
sS"couldn't"
p1281
I67
sS'constant'
p1282
I66
sS'pod'
p1283
I67
sS'consider'
p1284
I67
sS'turkey'
p1285
I66
sS'gr8:-)'
p1286
I67
sS'oliver'
p1287
I67
sS'west'
p1288
I66
sS'50%'
p1289
I67
sS'vacation'
p1290
I66
sS'mark'
p1291
I67
sS'tropical'
p1292
I67
sS'"unsightly"'
p1293
I67
sS'lmao'
p1294
I67
sS'sesh'
p1295
I65
sS'hardly'
p1296
I67
sS'rhubarb\xe2\x80\xa6'
p1297
I67
sS'wants'
p1298
I64
sS'certainly'
p1299
I67
sS'shopping'
p1300
I63
sS'blessing'
p1301
I67
sS'squash'
p1302
I67
sS'laney'
p1303
I67
sS'laptops'
p1304
I66
sS'photos'
p1305
I67
sS'wanta'
p1306
I67
sS'dramatic'
p1307
I67
sS'wake'
p1308
I66
sS'hashtag'
p1309
I67
sS'hq"'
p1310
I67
sS'those'
p1311
I65
sS'countless'
p1312
I67
sS'sound'
p1313
I66
sS'myself'
p1314
I61
sS'developing'
p1315
I67
sS'these'
p1316
I60
sS'sauce'
p1317
I67
sS'!!,90266\n444288612188700672,julietteleo,2014-03-14'
p1318
I67
sS'situation'
p1319
I67
sS'cock'
p1320
I67
sS'invited'
p1321
I67
sS'coolest'
p1322
I67
sS'ive'
p1323
I65
sS'alcoholic'
p1324
I67
sS'coffee'
p1325
I65
sS'middle'
p1326
I66
sS'someone'
p1327
I61
sS'aaaand'
p1328
I67
sS'limping'
p1329
I67
sS'heels'
p1330
I67
sS'everyday'
p1331
I65
sS'different'
p1332
I66
sS'pas'
p1333
I67
sS'media'
p1334
I65
sS'granted'
p1335
I67
sS'01:26:34.0,33.89844413,-118.40372879,6203.01,i'
p1336
I67
sS'reminded'
p1337
I66
sS'sketchy'
p1338
I67
sS'same'
p1339
I58
sS'trip'
p1340
I67
sS'food'
p1341
I66
sS'thaaang'
p1342
I67
sS'sams'
p1343
I67
sS'reminder'
p1344
I66
sS'unemployed'
p1345
I67
sS'pan'
p1346
I67
sS'week'
p1347
I58
sS'extended'
p1348
I67
sS'23:52:58.0,33.89865213,-118.4037961,6203.01,life'
p1349
I67
sS'swiss'
p1350
I67
sS'hw,90266\n451595993243336705,julietteleo,2014-04-03'
p1351
I67
sS'mutha'
p1352
I67
sS'sleepiness'
p1353
I67
sS'advertisement'
p1354
I67
sS'changing'
p1355
I67
sS'totally'
p1356
I67
sS'cartoon'
p1357
I67
sS'costa'
p1358
I66
sS'emoji*'
p1359
I67
sS'burrito'
p1360
I67
sS'ranch'
p1361
I66
sS'lucky'
p1362
I67
sS"06:30:34.0,33.89866022,-118.40378964,6203.01,it's"
p1363
I67
sS'without'
p1364
I64
sS'comes'
p1365
I64
sS'hubby'
p1366
I67
sS'scholarship'
p1367
I66
sS'summer'
p1368
I48
sS'\xe2\x98\xba\xef\xb8\x8f'
p1369
I66
sS'being'
p1370
I61
sS'tip'
p1371
I67
sS'actions'
p1372
I67
sS'violent'
p1373
I66
sS'kill'
p1374
I65
sS'harrison'
p1375
I67
sS'touch'
p1376
I67
sS'flavor'
p1377
I67
sS'speed'
p1378
I67
sS'blow'
p1379
I67
sS'sampled'
p1380
I67
sS'thinking'
p1381
I67
sS'rose'
p1382
I67
sS"everyone's"
p1383
I67
sS'seems'
p1384
I65
sS'except'
p1385
I67
sS'complain'
p1386
I67
sS'beagle'
p1387
I67
sS'lets'
p1388
I66
sS'ahhhh'
p1389
I67
sS'4'
p1390
I65
sS'struck'
p1391
I67
sS'tuesday'
p1392
I67
sS'styles'
p1393
I65
sS'jake'
p1394
I67
sS'around'
p1395
I65
sS'read'
p1396
I66
sS'bites:)'
p1397
I67
sS'gonna'
p1398
I56
sS'early'
p1399
I65
sS'traffic'
p1400
I67
sS'mom'
p1401
I53
sS'world'
p1402
I64
sS'accepted'
p1403
I66
sS'dare'
p1404
I67
sS'\xe2\x9d\x93'
p1405
I67
sS'patrick'
p1406
I67
sS'pregnant'
p1407
I67
sS'leek'
p1408
I67
sS'gimme'
p1409
I67
sS't'
p1410
I59
sS'whatcha'
p1411
I67
sS'beverly'
p1412
I66
sS'colon'
p1413
I67
sS'notie'
p1414
I67
sS'-my'
p1415
I67
sS'chuck'
p1416
I67
sS'britt'
p1417
I67
sS'thinks'
p1418
I67
sS'yesss'
p1419
I67
sS'mood'
p1420
I66
sS'(remix)"'
p1421
I67
sS'memories'
p1422
I66
sS'lotto'
p1423
I67
sS'moon'
p1424
I66
sS'stopl'
p1425
I67
sS'sucha'
p1426
I67
sS'kms'
p1427
I67
sS'tubs'
p1428
I67
sS'change,90266\n448263512557486080,julietteleo,2014-03-25'
p1429
I67
sS'refer'
p1430
I67
sS'joe\xe2\x80\xa6'
p1431
I67
sS'biased'
p1432
I67
sS'welcome'
p1433
I65
sS'skeet'
p1434
I67
sS'power'
p1435
I65
sS'gulen'
p1436
I67
sS'nails'
p1437
I67
sS'fitness'
p1438
I67
sS'03:22:15.0,33.89869148,-118.40381127,6203.01,wish'
p1439
I67
sS'broken'
p1440
I67
sS'waddup'
p1441
I67
sS'hectic'
p1442
I67
sS';)'
p1443
I64
sS'exciting'
p1444
I66
sS'palmdale'
p1445
I67
sS'on'
p1446
I19
sS'ol'
p1447
I66
sS'ok'
p1448
I51
sS'oh'
p1449
I47
sS'of'
p1450
I12
sS'industry'
p1451
I67
sS'favorite'
p1452
I62
sS'oa'
p1453
I67
sS'chop'
p1454
I67
sS'or\xe2\x80\xa6'
p1455
I67
sS'pistanthrophobia'
p1456
I67
sS"(veterans'"
p1457
I67
sS'mixed'
p1458
I66
sS'mean'
p1459
I65
sS'mamie'
p1460
I67
sS'or'
p1461
I48
sS'road'
p1462
I65
sS'heater'
p1463
I67
sS'ladies'
p1464
I67
sS'lands'
p1465
I65
sS'honks'
p1466
I67
sS'mygod'
p1467
I67
sS'gard'
p1468
I67
sS'blessed'
p1469
I66
sS'snapchat'
p1470
I60
sS'accounts'
p1471
I67
sS'jasper'
p1472
I67
sS'dreaming'
p1473
I67
sS'youu'
p1474
I67
sS'think?:)'
p1475
I67
sS'your'
p1476
I34
sS'happen..\xe2\x80\xa6'
p1477
I67
sS"how's"
p1478
I67
sS'her'
p1479
I57
sS'cath'
p1480
I67
sS'there'
p1481
I50
sS'hey'
p1482
I65
sS'lol'
p1483
I48
sS'ass"'
p1484
I67
sS'start'
p1485
I59
sS'mondays'
p1486
I67
sS'lot'
p1487
I63
sS'bdayyyy'
p1488
I67
sS'decisive'
p1489
I67
sS'valley'
p1490
I65
sS'booooooo'
p1491
I67
sS'complete'
p1492
I66
sS'forgotten,90266\n445071953359958016,julietteleo,2014-03-16'
p1493
I67
sS'you&'
p1494
I67
sS'fricken'
p1495
I67
sS'jul'
p1496
I67
sS'idea'
p1497
I67
sS'jus'
p1498
I64
sS'you='
p1499
I67
sS'wild"'
p1500
I67
sS'survived'
p1501
I67
sS'trying'
p1502
I67
sS'with'
p1503
I26
sS"they're"
p1504
I66
sS'october'
p1505
I67
sS'applying'
p1506
I67
sS'naming'
p1507
I67
sS'rage'
p1508
I67
sS"wasn't"
p1509
I65
sS'potato'
p1510
I64
sS'mania,90266\n453781999904243712,julietteleo,2014-04-09'
p1511
I67
sS'strawberry'
p1512
I66
sS'"it\'s'
p1513
I67
sS'500'
p1514
I67
sS'suitcase'
p1515
I67
sS'4-6)1-2'
p1516
I67
sS'affection'
p1517
I67
sS'expect'
p1518
I67
sS'on\xe2\x80\xa6'
p1519
I67
sS'ad'
p1520
I67
sS'videos'
p1521
I67
sS'af'
p1522
I66
sS'exhausted'
p1523
I66
sS'certain'
p1524
I66
sS'stock"'
p1525
I67
sS'efron'
p1526
I67
sS'am'
p1527
I55
sS'!!our'
p1528
I67
sS'an'
p1529
I45
sS'deen'
p1530
I67
sS'as'
p1531
I55
sS'intro'
p1532
I66
sS'at'
p1533
I23
sS'aw'
p1534
I65
sS'walks'
p1535
I67
sS'ay'
p1536
I67
sS'watched'
p1537
I66
sS'outtake'
p1538
I67
sS'moves'
p1539
I67
sS'nerd'
p1540
I67
sS'film'
p1541
I67
sS'cream'
p1542
I65
sS'again'
p1543
I63
sS'aggies'
p1544
I67
sS'beyond'
p1545
I67
sS'storage'
p1546
I67
sS'beverage'
p1547
I67
sS'5'
p1548
I59
sS'lovely,90266\n446890633307754496,julietteleo,2014-03-21'
p1549
I67
sS'you'
p1550
I7
sS'puppy'
p1551
I66
sS'weeee'
p1552
I67
sS'obsessed'
p1553
I66
sS'teeth'
p1554
I67
sS'pear'
p1555
I67
sS'cove'
p1556
I66
sS'keepin'
p1557
I66
sS'wynalda'
p1558
I67
sS'fresh'
p1559
I66
sS'chris'
p1560
I66
sS'finals'
p1561
I66
sS'pool'
p1562
I65
sS'booked'
p1563
I67
sS'cpk'
p1564
I67
sS'donovan'
p1565
I67
sS'06:40:32.0,33.89867493,-118.4037474,6203.01,we'
p1566
I67
sS'apps...because'
p1567
I67
sS'wifi'
p1568
I67
sS'hello'
p1569
I67
sS'u'
p1570
I18
sS'alright'
p1571
I67
sS':))'
p1572
I67
sS'starting'
p1573
I67
sS'original'
p1574
I67
sS'all'
p1575
I36
sS'liar'
p1576
I67
sS'forget'
p1577
I67
sS'month'
p1578
I67
sS'concept'
p1579
I67
sS'follow'
p1580
I62
sS'liam'
p1581
I67
sS'decisions'
p1582
I66
sS'children'
p1583
I67
sS'emily'
p1584
I67
sS'02:44:29.0,33.89861471,-118.40374832,6203.01,the'
p1585
I67
sS'imma'
p1586
I65
sS'errybody'
p1587
I67
sS'z'
p1588
I67
sS'thursday'
p1589
I67
sS'turbines'
p1590
I67
sS'to'
p1591
I4
sS'ball-utiful'
p1592
I67
sS"it'd"
p1593
I67
sS'-casey'
p1594
I67
sS'betchez'
p1595
I67
sS'tf'
p1596
I67
sS'smile'
p1597
I67
sS'overdoing'
p1598
I67
sS'enjoying'
p1599
I67
sS'ghana'
p1600
I67
sS'woman'
p1601
I64
sS'appointment'
p1602
I67
sS'worse'
p1603
I67
sS'song'
p1604
I64
sS'very'
p1605
I63
sS'horror'
p1606
I67
sS'fav'
p1607
I64
sS'fat'
p1608
I67
sS'selfies'
p1609
I65
sS'"cauliflower'
p1610
I67
sS'fan'
p1611
I66
sS'***'
p1612
I67
sS'fall'
p1613
I67
sS'awful'
p1614
I67
sS'ticket'
p1615
I67
sS'difference'
p1616
I67
sS'<33'
p1617
I67
sS'list'
p1618
I67
sS'sand'
p1619
I65
sS'harry'
p1620
I65
sS'small'
p1621
I67
sS'tear'
p1622
I67
sS'00:14:12.0,33.89863365,-118.40377816,6203.01,would'
p1623
I67
sS',90266\n453767055808819200,julietteleo,2014-04-09'
p1624
I67
sS'thaaaaa'
p1625
I67
sS'they\xe2\x80\xa6'
p1626
I67
sS"i'll"
p1627
I64
sS'cookies'
p1628
I67
sS'blurrrrrred'
p1629
I67
sS'instagram'
p1630
I65
sS'ten'
p1631
I67
sS'tea'
p1632
I65
sS'past'
p1633
I63
sS'burger'
p1634
I67
sS'design'
p1635
I67
sS'pass'
p1636
I67
sS"bass's"
p1637
I67
sS'tes'
p1638
I67
sS'what'
p1639
I29
sS'clock'
p1640
I67
sS'deeply'
p1641
I67
sS'section'
p1642
I67
sS'tammy\xe2\x9d\xa4\xef\xb8\x8f'
p1643
I67
sS'now....what'
p1644
I67
sS'paige'
p1645
I67
sS'version'
p1646
I67
sS'sus'
p1647
I67
sS'fuckk'
p1648
I67
sS'learned'
p1649
I67
sS'public'
p1650
I67
sS'bossing'
p1651
I67
sS'full'
p1652
I65
sS'editionbyob'
p1653
I67
sS'fave'
p1654
I66
sS'loose'
p1655
I67
sS'ballet'
p1656
I67
sS'hours'
p1657
I64
sS'fucks'
p1658
I67
sS'oldie'
p1659
I67
sS'babe,90266\n444289143191789568,julietteleo,2014-03-14'
p1660
I67
sS'wowowow'
p1661
I67
sS'strong'
p1662
I67
sS'fatter'
p1663
I67
sS'inspired'
p1664
I66
sS'creepy'
p1665
I67
sS'raushan'
p1666
I67
sS'amount'
p1667
I67
sS'social'
p1668
I66
sS'trainer'
p1669
I67
sS"'twas"
p1670
I67
sS'via'
p1671
I67
sS'followed'
p1672
I67
sS'guacamole'
p1673
I67
sS'family'
p1674
I65
sS'texts'
p1675
I67
sS'follower'
p1676
I66
sS"story'"
p1677
I67
sS'kayluh'
p1678
I67
sS'19:20:50.0,33.89869781,-118.40370901,6203.01,oh'
p1679
I67
sS'"her'
p1680
I67
sS'takes'
p1681
I67
sS'two'
p1682
I62
sS'morn'
p1683
I67
sS'gorgeous'
p1684
I65
sS'taken'
p1685
I67
sS'(and\xe2\x80\xa6'
p1686
I67
sS'hustle'
p1687
I67
sS'more'
p1688
I50
sS'teen'
p1689
I67
sS'tryna'
p1690
I66
sS'knows'
p1691
I67
sS'company'
p1692
I67
sS'laundry'
p1693
I67
sS'excuse'
p1694
I67
sS'flag'
p1695
I67
sS"ain't"
p1696
I67
sS'broke'
p1697
I65
sS'karaoke'
p1698
I67
sS'glad'
p1699
I66
sS'dey'
p1700
I67
sS'none'
p1701
I66
sS'hour'
p1702
I65
sS'chardonnay'
p1703
I67
sS'science'
p1704
I67
sS'sucks'
p1705
I66
sS'best\xe2\x9d\xa4\xef\xb8\x8f\xe2\x9d\xa4\xef\xb8\x8f'
p1706
I67
sS'del'
p1707
I67
sS'v'
p1708
I67
sS"jackman's"
p1709
I67
sS'pleaseee'
p1710
I67
sS'def'
p1711
I67
sS'history'
p1712
I67
sS'beautiful'
p1713
I63
sS'shark'
p1714
I67
sS'break,90266\n451885823902748672,julietteleo,2014-04-04'
p1715
I67
sS'pont'
p1716
I67
sS'share'
p1717
I67
sS'niagara'
p1718
I67
sS'sense'
p1719
I66
sS'station'
p1720
I67
sS'moving\xe2\x80\xa6'
p1721
I67
sS'dress'
p1722
I66
sS'longest'
p1723
I67
sS'huge'
p1724
I65
sS'needs'
p1725
I64
sS'mothafucking'
p1726
I67
sS'goal'
p1727
I66
sS'awkward'
p1728
I65
sS'rather'
p1729
I66
sS'acts'
p1730
I67
sS'hugh'
p1731
I67
sS'retainer'
p1732
I67
sS'needa'
p1733
I66
sS'quesadilla'
p1734
I67
sS'weed'
p1735
I67
sS'goat'
p1736
I67
sS'*dog'
p1737
I67
sS'rug'
p1738
I67
sS'sandwich'
p1739
I65
sS'ft'
p1740
I67
sS'plans'
p1741
I67
sS'rude'
p1742
I64
sS'soundtrack'
p1743
I67
sS'fa'
p1744
I67
sS'plane'
p1745
I66
sS'around.might'
p1746
I67
sS'coming'
p1747
I62
sS'friends\xe2\x80\x9d'
p1748
I67
sS'a'
p1749
I5
sS'doritos'
p1750
I67
sS'tweeting'
p1751
I67
sS'shady'
p1752
I67
sS'eats'
p1753
I66
sS'anytime'
p1754
I66
sS'perhaps'
p1755
I67
sS'facebook'
p1756
I67
sS'~\xe2\x80\xa6'
p1757
I67
sS'egg'
p1758
I67
sS'playing'
p1759
I65
sS"that's"
p1760
I58
sS'is..literally'
p1761
I67
sS'mexican'
p1762
I67
sS'help'
p1763
I61
sS'adult'
p1764
I67
sS"don't"
p1765
I37
sS'john'
p1766
I67
sS'soon'
p1767
I67
sS'shallots\xe2\x80\xa6'
p1768
I67
sS'paper'
p1769
I67
sS'through'
p1770
I64
sS'reconnect'
p1771
I67
sS'signs'
p1772
I67
sS'hell'
p1773
I59
sS'its'
p1774
I60
sS'bummed'
p1775
I67
sS'jacobs'
p1776
I67
sS'20'
p1777
I67
sS'alla'
p1778
I67
sS'vleet'
p1779
I67
sS'thnx'
p1780
I67
sS'01:39:08.0,33.89870356,-118.40362436,6203.01,sometimes'
p1781
I67
sS'actually'
p1782
I58
sS'late'
p1783
I62
sS'>>>'
p1784
I65
sS'bout'
p1785
I67
sS'might'
p1786
I65
sS'3599'
p1787
I67
sS"haven't"
p1788
I66
sS'fool'
p1789
I67
sS'good'
p1790
I37
sS'return'
p1791
I67
sS'sucking'
p1792
I67
sS'yo'
p1793
I66
sS'ya'
p1794
I49
sS'sucker'
p1795
I67
sS'number'
p1796
I67
sS"you've"
p1797
I66
sS'ahahhahahahahhaha'
p1798
I67
sS'yr'
p1799
I66
sS'hahehahah'
p1800
I67
sS'marcus'
p1801
I67
sS'robbie'
p1802
I66
sS'everytime'
p1803
I66
sS'always'
p1804
I44
sS'linalos'
p1805
I67
sS'bless'
p1806
I67
sS'fulla'
p1807
I67
sS'found'
p1808
I67
sS'happy,90266\n455063010063568896,julietteleo,2014-04-12'
p1809
I67
sS"isn't"
p1810
I63
sS'everyone'
p1811
I57
sS'another'
p1812
I64
sS'pork'
p1813
I67
sS'generation'
p1814
I67
sS'house'
p1815
I60
sS'hard'
p1816
I61
sS'toooooo'
p1817
I67
sS'brother'
p1818
I66
sS'minnie'
p1819
I67
sS'ahahha'
p1820
I66
sS'operation'
p1821
I67
sS'perpetually'
p1822
I67
sS'event'
p1823
I66
sS'unrealthanks'
p1824
I67
sS'really'
p1825
I51
sS'gus'
p1826
I67
sS'missed'
p1827
I63
sS'ixtapa'
p1828
I67
sS'childish'
p1829
I67
sS'since'
p1830
I67
sS'temporary'
p1831
I67
sS'research'
p1832
I67
sS'health'
p1833
I66
sS'7'
p1834
I64
sS'appearances'
p1835
I67
sS'ass'
p1836
I61
sS'polling'
p1837
I67
sS'circumstance'
p1838
I67
sS'friday'
p1839
I66
sS'guess'
p1840
I65
sS'dune'
p1841
I67
sS'mmm'
p1842
I67
sS'houses'
p1843
I67
sS'reason'
p1844
I66
sS'disneyland'
p1845
I67
sS'imagine'
p1846
I67
sS'put'
p1847
I55
sS'teach'
p1848
I67
sS'companion'
p1849
I67
sS'sidewalk'
p1850
I66
sS'bushes'
p1851
I67
sS'left,90266\n446497169470533633,julietteleo,2014-03-20'
p1852
I67
sS'olay'
p1853
I67
sS'terrible'
p1854
I65
sS'baaaaaccccckkkkk'
p1855
I67
sS'cheering'
p1856
I67
sS'american'
p1857
I64
sS"00:59:32.0,33.89868576,-118.40365453,6203.01,it's"
p1858
I67
sS'w'
p1859
I57
sS'scheduled'
p1860
I67
sS'assign'
p1861
I67
sS'belmar'
p1862
I67
sS'limestone'
p1863
I67
sS'webers'
p1864
I67
sS'dont'
p1865
I65
sS'cranking'
p1866
I67
sS'far,90266\n444608002734043136,julietteleo,2014-03-14'
p1867
I67
sS'feel'
p1868
I57
sS'05:44:09.0,33.89864555,-118.40378503,6203.01,club'
p1869
I67
sS'arsenal'
p1870
I63
sS'gpa'
p1871
I67
sS'minutes*'
p1872
I67
sS'done'
p1873
I59
sS'mobile'
p1874
I67
sS'idont'
p1875
I67
sS'slower'
p1876
I67
sS'miss'
p1877
I50
sS'regret'
p1878
I67
sS'story'
p1879
I56
sS'killin'
p1880
I67
sS'jet'
p1881
I66
sS'tate'
p1882
I67
sS'kosha'
p1883
I66
sS'least'
p1884
I66
sS'wonderful'
p1885
I67
sS'passed'
p1886
I67
sS'mama'
p1887
I67
sS'banana'
p1888
I67
sS'store'
p1889
I67
sS'headache'
p1890
I67
sS'relationship'
p1891
I67
sS'behind'
p1892
I67
sS'wrong\xe2\x80\x9d'
p1893
I67
sS'hotel'
p1894
I62
sS'park'
p1895
I62
sS'dentist'
p1896
I67
sS'part'
p1897
I66
sS',90266\n452284475934658560,julietteleo,2014-04-05'
p1898
I67
sS'ipads'
p1899
I67
sS'believe'
p1900
I61
sS'$3'
p1901
I67
sS'obama'
p1902
I67
sS'jamba'
p1903
I67
sS'king'
p1904
I66
sS'kind'
p1905
I66
sS'b'
p1906
I57
sS'double'
p1907
I66
sS'kreme'
p1908
I67
sS'tonighttt'
p1909
I67
sS'makeout'
p1910
I67
sS'youth'
p1911
I67
sS'you\xe2\x80\xa6'
p1912
I67
sS'determined'
p1913
I67
sS'dank'
p1914
I66
sS'supposed'
p1915
I66
sS'sister'
p1916
I67
sS'ohmy'
p1917
I67
sS'ousted'
p1918
I66
sS'remembers'
p1919
I67
sS'risky'
p1920
I67
sS'exists?\xe2\x80\x9d'
p1921
I67
sS'motivation'
p1922
I67
sS"thiswho's"
p1923
I67
sS'outta'
p1924
I67
sS'storytelling'
p1925
I67
sS'anachronistic'
p1926
I67
sS'juice'
p1927
I65
sS'egg*'
p1928
I67
sS'blond'
p1929
I67
sS'em:)'
p1930
I67
sS'concentration'
p1931
I67
sS'season1'
p1932
I67
sS'sell'
p1933
I66
sS'audid'
p1934
I67
sS'nights'
p1935
I65
sS'lil'
p1936
I64
sS'trapped'
p1937
I67
sS'couch'
p1938
I67
sS'also'
p1939
I61
sS'becca'
p1940
I67
sS'sandwiches'
p1941
I66
sS'play'
p1942
I63
sS'quote'
p1943
I67
sS'"everybody'
p1944
I67
sS'most'
p1945
I65
sS'75'
p1946
I67
sS'charm'
p1947
I67
sS'plan'
p1948
I66
sS'eaten'
p1949
I67
sS'nothing'
p1950
I61
sS'chard'
p1951
I67
sS'reward'
p1952
I67
sS'organist'
p1953
I67
sS'kk'
p1954
I66
sS'sometimes'
p1955
I63
sS'cover'
p1956
I66
sS'mammoth'
p1957
I66
sS'someones'
p1958
I67
sS'clean'
p1959
I64
sS'kt'
p1960
I67
sS'up,90266\n455839954128498688,julietteleo,2014-04-14'
p1961
I67
sS'shoutout'
p1962
I67
sS'stones'
p1963
I67
sS'belle'
p1964
I66
sS'ugh'
p1965
I61
sS'hefter'
p1966
I66
sS'x100'
p1967
I67
sS'cruises'
p1968
I67
sS'666'
p1969
I67
sS'grandmas'
p1970
I67
sS'wannnaa'
p1971
I67
sS'04:03:15.0,33.89864957,-118.40360446,6203.01,mom'
p1972
I67
sS'stfu'
p1973
I67
sS'stalker'
p1974
I67
sS'miller'
p1975
I67
sS'with\xe2\x80\xa6'
p1976
I67
sS'find'
p1977
I66
sS'**best'
p1978
I67
sS'wraps'
p1979
I67
sS'bff'
p1980
I67
sS'ruin'
p1981
I66
sS'writer'
p1982
I67
sS'grace'
p1983
I67
sS'failed'
p1984
I67
sS'wayne'
p1985
I67
sS'pretty'
p1986
I56
sS'8'
p1987
I67
sS'workmy'
p1988
I67
sS'hip'
p1989
I67
sS'"good'
p1990
I67
sS'his'
p1991
I56
sS'hit'
p1992
I66
sS'aficionado'
p1993
I67
sS'tommorow'
p1994
I67
sS'banned'
p1995
I67
sS'video-ing'
p1996
I67
sS'sunny'
p1997
I67
sS'dry'
p1998
I67
sS'famous'
p1999
I66
sS'feels'
p2000
I66
sS'rest'
p2001
I67
sS'pretending'
p2002
I67
sS'during'
p2003
I67
sS'him'
p2004
I57
sS'*spends'
p2005
I67
sS'cry'
p2006
I67
sS'doubles'
p2007
I67
sS'river'
p2008
I67
sS'mouthwash'
p2009
I67
sS'insane'
p2010
I66
sS'set'
p2011
I64
sS"missin'"
p2012
I67
sS'throwing'
p2013
I67
sS'vine'
p2014
I67
sS'sex'
p2015
I66
sS'see'
p2016
I53
sS'dumb'
p2017
I67
sS'are'
p2018
I36
sS'close'
p2019
I65
sS'retweet'
p2020
I67
sS'gooddd'
p2021
I67
sS'movie'
p2022
I62
sS'wow'
p2023
I60
sS'currently'
p2024
I67
sS'please'
p2025
I57
sS'won'
p2026
I67
sS'probably'
p2027
I66
sS'cutout'
p2028
I67
sS'champagne'
p2029
I67
sS'nope'
p2030
I66
sS'piss'
p2031
I67
sS'knowing'
p2032
I67
sS'solo'
p2033
I67
sS'do'
p2034
I31
sS'missing'
p2035
I67
sS'brewing'
p2036
I67
sS'asarch'
p2037
I67
sS'outfit'
p2038
I67
sS'>>twins'
p2039
I67
sS'tyler'
p2040
I67
sS'truffles....we'
p2041
I67
sS'c'
p2042
I60
sS'10th'
p2043
I67
sS'last'
p2044
I57
sS'license'
p2045
I67
sS'restaurant'
p2046
I67
sS'9pm'
p2047
I67
sS'8am'
p2048
I67
sS'alot'
p2049
I66
sS'buzz'
p2050
I67
sS'focused'
p2051
I67
sS'whole'
p2052
I67
sS'load'
p2053
I67
sS'subpar'
p2054
I67
sS'point'
p2055
I64
sS'sweet'
p2056
I67
sS'wolkenkratzer'
p2057
I67
sS'whatever'
p2058
I66
sS'sarah\xe2\x80\x9d'
p2059
I67
sS'goldfish'
p2060
I67
sS'simply'
p2061
I66
sS'likes'
p2062
I65
sS'church'
p2063
I67
sS"rockin'"
p2064
I67
sS'crispy'
p2065
I66
sS'duh'
p2066
I66
sS'blog'
p2067
I67
sS'devil'
p2068
I67
sS'raise'
p2069
I67
sS"time's"
p2070
I67
sS'due'
p2071
I67
sS'there"'
p2072
I67
sS'strategy'
p2073
I67
sS'describes'
p2074
I67
sS'damn'
p2075
I64
sS'armory'
p2076
I67
sS'\xe2\x98\x80\xef\xb8\x8fsummer'
p2077
I67
sS'yogurtland'
p2078
I67
sS'delights'
p2079
I67
sS'pm'
p2080
I67
sS'sending'
p2081
I67
sS'fire'
p2082
I64
sS"what's"
p2083
I63
sS'citizen'
p2084
I67
sS'gas'
p2085
I67
sS'else'
p2086
I64
sS'maps'
p2087
I67
sS'understand'
p2088
I63
sS'oitnb'
p2089
I67
sS'despite'
p2090
I67
sS'gad'
p2091
I67
sS'bitchh'
p2092
I67
sS'2turnt'
p2093
I67
sS'look'
p2094
I60
sS'ahah'
p2095
I67
sS'elections'
p2096
I67
sS'fux'
p2097
I66
sS'pill'
p2098
I67
sS'bikini'
p2099
I67
sS'match'
p2100
I67
sS'fun'
p2101
I59
sS'real'
p2102
I61
sS',90266\n448329261158367232,julietteleo,2014-03-25'
p2103
I67
sS'you\xe2\x9d\xa4\xef\xb8\x8f\xe2\x9d\xa4\xef\xb8\x8f\xe2\x9d\xa4\xef\xb8\x8f'
p2104
I67
sS':\xe2\x80\xa2)'
p2105
I66
sS'rip'
p2106
I67
sS'birthday<<<<'
p2107
I67
sS'ready'
p2108
I59
sS'chanterelle'
p2109
I67
sS'ric'
p2110
I67
sS'ethnicity'
p2111
I67
sS'yosemite'
p2112
I67
sS'stq'
p2113
I67
sS'funny'
p2114
I62
sS'gimmeee'
p2115
I67
sS'shirt'
p2116
I66
sS'anymore'
p2117
I64
sS'federer-djokovic'
p2118
I67
sS'some1'
p2119
I67
sS'kirby'
p2120
I67
sS'delicious'
p2121
I67
sS'grand'
p2122
I67
sS'9'
p2123
I67
sS'lol,90266\n448994454184026112,julietteleo,2014-03-27'
p2124
I67
sS'higher'
p2125
I67
sS'used'
p2126
I67
sS'flowy'
p2127
I67
sS'keys'
p2128
I67
sS'assignment'
p2129
I67
sS'yesterday'
p2130
I60
sS'moving'
p2131
I67
sS'cleaning'
p2132
I67
sS'(fill'
p2133
I67
sS'bob'
p2134
I67
sS'recent'
p2135
I67
sS'kno'
p2136
I66
sS'beanie'
p2137
I67
sS'older'
p2138
I66
sS'^awk'
p2139
I67
sS'obviously'
p2140
I67
sS'person'
p2141
I66
sS'cheer'
p2142
I67
sS'homecoming'
p2143
I67
sS'kelly'
p2144
I66
sS'bounced'
p2145
I67
sS'dark'
p2146
I65
sS'chore'
p2147
I67
sS'rompu'
p2148
I67
sS'05:43:50.0,33.89865226,-118.4038101,6203.01,i'
p2149
I67
sS'4th'
p2150
I67
sS'mob'
p2151
I67
sS'cut'
p2152
I67
sS'cus'
p2153
I65
sS'cup'
p2154
I62
sS'belamar)'
p2155
I65
sS'cuz'
p2156
I65
sS'overthinking'
p2157
I67
sS'parents'
p2158
I67
sS'homies'
p2159
I67
sS'cum'
p2160
I67
sS'excited'
p2161
I67
sS'surprised'
p2162
I67
sS'build'
p2163
I67
sS'ridiculously'
p2164
I66
sS'australia'
p2165
I67
sS'bii'
p2166
I67
sS'big'
p2167
I61
sS'couple'
p2168
I66
sS'shitty'
p2169
I67
sS'game'
p2170
I59
sS'biz'
p2171
I67
sS'foreigners'
p2172
I67
sS'bit'
p2173
I66
sS'moodz'
p2174
I67
sS',90266\n446167342389526528,julietteleo,2014-03-19'
p2175
I67
sS'mornin'
p2176
I67
sS'vday'
p2177
I67
sS'd'
p2178
I64
sS'flappy'
p2179
I67
sS'da'
p2180
I64
sS'-drunk'
p2181
I67
sS'mt.eden'
p2182
I67
sS'minced'
p2183
I67
sS'me\xe2\x80\x9d'
p2184
I67
sS'google'
p2185
I67
sS'<333'
p2186
I67
sS'fucking'
p2187
I44
sS'dawes'
p2188
I67
sS'fathers'
p2189
I67
sS'duck'
p2190
I67
sS'some'
p2191
I48
sS'back'
p2192
I51
sS'b4'
p2193
I67
sS'palm'
p2194
I66
sS'pricing'
p2195
I67
sS'trendy'
p2196
I67
sS'celebratory'
p2197
I67
sS'battalion'
p2198
I67
sS'scale'
p2199
I67
sS'post-wod'
p2200
I67
sS'pet'
p2201
I67
sS'bean*'
p2202
I67
sS'prom'
p2203
I67
sS'prob'
p2204
I67
sS'either'
p2205
I67
sS'bd'
p2206
I67
sS'be'
p2207
I20
sS'run'
p2208
I65
sS'bb'
p2209
I64
sS'bc'
p2210
I59
sS'remembered'
p2211
I65
sS'word'
p2212
I67
sS'bi'
p2213
I67
sS's/o'
p2214
I66
sS'jazzy'
p2215
I67
sS'nowhere'
p2216
I67
sS'santa'
p2217
I65
sS"itit's"
p2218
I67
sS'by'
p2219
I53
sS'franco'
p2220
I67
sS'faith'
p2221
I67
sS'goods'
p2222
I67
sS'snoop'
p2223
I67
sS'anything'
p2224
I65
sS'netflix'
p2225
I63
sS"mcdonald's"
p2226
I67
sS'sorrows'
p2227
I67
sS'drama'
p2228
I66
sS'ounce'
p2229
I67
sS'idk'
p2230
I63
sS'bish'
p2231
I67
sS'wanna'
p2232
I52
sS'angry'
p2233
I67
sS'channeling'
p2234
I67
sS'ppl'
p2235
I63
sS'seeing'
p2236
I66
sS'every1'
p2237
I67
sS'dude'
p2238
I67
sS'into'
p2239
I59
sS'elasticity'
p2240
I67
sS'3-4'
p2241
I67
sS'sixths'
p2242
I67
sS'nigga'
p2243
I67
sS'ayyy'
p2244
I67
sS'downhill'
p2245
I66
sS'smells'
p2246
I67
sS'madagascar'
p2247
I67
sS'statistics'
p2248
I67
sS'xoxo'
p2249
I66
sS'live'
p2250
I63
sS'long'
p2251
I64
sS'mccartney'
p2252
I67
sS'addicting'
p2253
I67
sS"we're"
p2254
I66
sS'homemade'
p2255
I67
sS'forward'
p2256
I67
sS'beyonces'
p2257
I67
sS'bored'
p2258
I66
sS'scared'
p2259
I64
sS'butters'
p2260
I67
sS'filet'
p2261
I67
sS'pre-party'
p2262
I67
sS'toooo'
p2263
I67
sS'repeatedly'
p2264
I67
sS'branch'
p2265
I67
sS'line'
p2266
I66
sS'posted'
p2267
I59
sS'tumblr'
p2268
I67
sS'patriot'
p2269
I67
sS'uu'
p2270
I66
sS'fries'
p2271
I66
sS'up'
p2272
I37
sS'us'
p2273
I60
sS'ur'
p2274
I38
sS'um'
p2275
I66
sS'paired'
p2276
I66
sS'ahha'
p2277
I67
sS'unexpected'
p2278
I67
sS'ug'
p2279
I66
sS'actually!!!makes'
p2280
I67
sS'similar'
p2281
I67
sS'called'
p2282
I63
sS'sunnies'
p2283
I67
sS'pictured)'
p2284
I66
sS'freak'
p2285
I66
sS'raging'
p2286
I67
sS'starbucks'
p2287
I67
sS'char'
p2288
I67
sS'single'
p2289
I67
sS'chat'
p2290
I65
sS'cafe'
p2291
I66
sS'soon,90266\n446523450203463680,julietteleo,2014-03-20'
p2292
I67
sS'rains'
p2293
I67
sS'nah'
p2294
I66
sS'application'
p2295
I67
sS'bracket'
p2296
I67
sS'coded'
p2297
I67
sS'ferment'
p2298
I67
sS'frozennn,90266\n448991218504970241,julietteleo,2014-03-27'
p2299
I67
sS'manhattan'
p2300
I55
sS'nice'
p2301
I63
sS"taylor's"
p2302
I66
sS'dillz'
p2303
I67
sS'mankind'
p2304
I67
sS'missin'
p2305
I67
sS'prepared'
p2306
I67
sS'helping'
p2307
I67
sS'dunzo'
p2308
I67
sS'.....happy'
p2309
I67
sS'"xo"'
p2310
I67
sS'score'
p2311
I67
sS'meals'
p2312
I67
sS'lotta'
p2313
I67
sS'ago'
p2314
I67
sS'remix'
p2315
I66
sS'land'
p2316
I67
sS'e'
p2317
I56
sS'age'
p2318
I66
sS'humiliated'
p2319
I67
sS'vmar'
p2320
I67
sS'walked'
p2321
I65
sS'hella'
p2322
I67
sS'2006'
p2323
I67
sS'karma'
p2324
I67
sS'bribe'
p2325
I67
sS'uterus'
p2326
I67
sS"she's"
p2327
I66
sS'2009'
p2328
I67
sS'intentional'
p2329
I67
sS'having'
p2330
I65
sS'dvs'
p2331
I67
sS'once'
p2332
I64
sS'rants'
p2333
I67
sS'zoey'
p2334
I67
sS'steve'
p2335
I67
sS'luvs'
p2336
I67
sS':-d'
p2337
I67
sS'izzy'
p2338
I67
sS'go'
p2339
I35
sS'gossip'
p2340
I65
sS'psycho'
p2341
I67
sS'chillin'
p2342
I67
sS'shiraz'
p2343
I67
sS'nyquil\xe2\x80\x9d'
p2344
I67
sS'lyrics'
p2345
I65
sS'vietnamese'
p2346
I67
sS'peanut'
p2347
I67
sS':////'
p2348
I67
sS'young'
p2349
I65
sS'send'
p2350
I65
sS'lower'
p2351
I67
sS'squeezing'
p2352
I67
sS'belamar\xe2\x80\xa6'
p2353
I67
sS'charity'
p2354
I67
sS'friendly'
p2355
I67
sS'sent'
p2356
I65
sS'fly'
p2357
I67
sS'torture'
p2358
I67
sS'outside'
p2359
I64
sS'rhyme'
p2360
I67
sS'alden'
p2361
I65
sS'photoshoot'
p2362
I67
sS'balls'
p2363
I67
sS'putting'
p2364
I67
sS'promise'
p2365
I67
sS'telling'
p2366
I67
sS'drinking'
p2367
I66
sS'ending'
p2368
I67
sS'continued'
p2369
I67
sS'ps-the'
p2370
I67
sS'magic'
p2371
I67
sS'joel'
p2372
I67
sS'gettin'
p2373
I65
sS"they've"
p2374
I67
sS'ryan'
p2375
I67
sS'try'
p2376
I62
sS'trx'
p2377
I67
sS'joes'
p2378
I67
sS'tawain'
p2379
I67
sS'retweeted'
p2380
I67
sS'ahahahaha'
p2381
I67
sS'keena'
p2382
I67
sS'tru'
p2383
I67
sS'someday'
p2384
I66
sS'cinco'
p2385
I67
sS"you'd"
p2386
I66
sS'alden-"miss'
p2387
I67
sS'04:43:17.0,33.89861885,-118.40367511,6203.01,they'
p2388
I67
sS'forev!!!,90266\n444721644909498368,julietteleo,2014-03-15'
p2389
I67
sS'video'
p2390
I66
sS'odd'
p2391
I67
sS'depression'
p2392
I67
sS'chance\xe2\x80\xa6'
p2393
I67
sS'cupcakes'
p2394
I67
sS'developed'
p2395
I67
sS'business'
p2396
I66
sS'chicago'
p2397
I67
sS'wanker'
p2398
I67
sS'overwhelmed'
p2399
I67
sS'waiting'
p2400
I67
sS'poles'
p2401
I67
sS'nite&'
p2402
I67
sS'capital'
p2403
I67
sS'body'
p2404
I67
sS'impact'
p2405
I67
sS'dissection'
p2406
I67
sS'degree'
p2407
I66
sS'scratchers'
p2408
I67
sS'eminem'
p2409
I67
sS'packing'
p2410
I67
sS'let'
p2411
I59
sS'tv'
p2412
I67
sS'sexy'
p2413
I67
sS'stanzi'
p2414
I67
sS'statement*all'
p2415
I67
sS'great'
p2416
I60
sS'30'
p2417
I66
sS'leaving'
p2418
I65
sS"weren't"
p2419
I67
sS'derby'
p2420
I67
sS'makes'
p2421
I64
sS'honor'
p2422
I67
sS'thats'
p2423
I67
sS'hardi'
p2424
I67
sS'named'
p2425
I65
sS'wid'
p2426
I67
sS'(b.l.t'
p2427
I67
sS'wil'
p2428
I67
sS'baskets'
p2429
I67
sS'usas'
p2430
I67
sS'wit'
p2431
I67
sS'bust'
p2432
I67
sS'dumbest'
p2433
I67
sS'singing'
p2434
I67
sS'cloud'
p2435
I67
sS'use'
p2436
I66
sS'from'
p2437
I47
sS'usa'
p2438
I66
sS'&'
p2439
I55
sS'cray'
p2440
I66
sS'next'
p2441
I58
sS'few'
p2442
I64
sS'camera'
p2443
I65
sS'w0ah'
p2444
I67
sS'butler'
p2445
I67
sS'bonds'
p2446
I67
sS'(3000'
p2447
I67
sS'chip'
p2448
I67
sS'sort'
p2449
I67
sS'babe'
p2450
I62
sS'season.jon'
p2451
I67
sS'tomorrow,90266\n451256074926964736,julietteleo,2014-04-02'
p2452
I67
sS'started'
p2453
I67
sS'bungalows'
p2454
I67
sS'about'
p2455
I50
sS'confused'
p2456
I67
sS'payne'
p2457
I67
sS'ashamed'
p2458
I67
sS'baby'
p2459
I64
sS'central'
p2460
I67
sS'come\xe2\x80\xa6'
p2461
I67
sS'&/or'
p2462
I67
sS'had'
p2463
I56
sS'account'
p2464
I67
sS'crosses'
p2465
I67
sS'salad'
p2466
I66
sS'f'
p2467
I64
sS'this'
p2468
I16
sS'ride'
p2469
I65
sS'6am'
p2470
I67
sS'one-'
p2471
I67
sS'meet'
p2472
I66
sS'parkway'
p2473
I67
sS'drops'
p2474
I67
sS'didnt'
p2475
I65
sS'photobomb'
p2476
I67
sS'control'
p2477
I67
sS'snacks'
p2478
I66
sS'00:24:22.0,33.89863568,-118.40364462,6203.01,just'
p2479
I67
sS'coolness'
p2480
I67
sS'high'
p2481
I66
sS'tag'
p2482
I67
sS'something'
p2483
I61
sS'blvd'
p2484
I66
sS'life!!,90266\n449416492862296064,julietteleo,2014-03-28'
p2485
I67
sS'tan'
p2486
I66
sS'bowl'
p2487
I67
sS'onions'
p2488
I67
sS'paleo'
p2489
I67
sS'pray"'
p2490
I67
sS'sit'
p2491
I66
sS'arrangement'
p2492
I67
sS'located'
p2493
I67
sS'cd'
p2494
I67
sS"s'much"
p2495
I67
sS'wolf'
p2496
I67
sS'sweat'
p2497
I67
sS'profile'
p2498
I67
sS'"jus'
p2499
I67
sS'farm'
p2500
I67
sS'stop'
p2501
I53
sS'act'
p2502
I67
sS'lines*\xe2\x80\x9d'
p2503
I67
sS'abuse'
p2504
I67
sS'taco'
p2505
I67
sS'fits'
p2506
I67
sS':o,90266\n453413913762086912,julietteleo,2014-04-08'
p2507
I67
sS'tomato'
p2508
I67
sS'realized'
p2509
I67
sS'sry'
p2510
I64
sS'chasing'
p2511
I67
sS'whistle'
p2512
I67
sS'light'
p2513
I65
sS'rhubarb'
p2514
I67
sS'lines'
p2515
I67
sS'cudi'
p2516
I67
sS'bakery'
p2517
I67
sS'honestly'
p2518
I67
sS'allow'
p2519
I67
sS'crawling'
p2520
I67
sS'bins'
p2521
I67
sS'breast'
p2522
I67
sS'saturated'
p2523
I67
sS'move'
p2524
I67
sS'comeova'
p2525
I67
sS'outage'
p2526
I67
sS'whoooooo'
p2527
I67
sS"won't"
p2528
I62
sS'looks'
p2529
I65
sS'grayson'
p2530
I67
sS'letters'
p2531
I67
sS'butternut'
p2532
I67
sS'perfect'
p2533
I61
sS'street...shits'
p2534
I67
sS'again....i'
p2535
I67
sS'belamar'
p2536
I57
sS'[pic]'
p2537
I63
sS'willing'
p2538
I67
sS'orange'
p2539
I66
sS'2014'
p2540
I65
sS'bye'
p2541
I63
sS'90210'
p2542
I66
sS'dad'
p2543
I62
sS'pecans'
p2544
I67
sS'auto'
p2545
I67
sS'dan'
p2546
I67
sS'practice'
p2547
I67
sS'flew'
p2548
I67
sS'dat'
p2549
I66
sS'kiss'
p2550
I66
sS'hands'
p2551
I67
sS'front'
p2552
I66
sS'day'
p2553
I32
sS'presidential'
p2554
I67
sS'articles'
p2555
I67
sS'risotto'
p2556
I67
sS'university'
p2557
I67
sS'unpredictable'
p2558
I67
sS'slide'
p2559
I67
sS'doesnt'
p2560
I67
sS'truth'
p2561
I67
sS'bjs'
p2562
I67
sS'22:40:56.0,33.89862539,-118.40379082,6203.01,so'
p2563
I67
sS'seniors'
p2564
I67
sS'bueno'
p2565
I67
sS'bentley'
p2566
I63
sS'doing'
p2567
I65
sS'strip'
p2568
I67
sS'waking'
p2569
I67
sS'winkey'
p2570
I67
sS'whet'
p2571
I67
sS'our'
p2572
I54
sS'doins'
p2573
I67
sS'shannon'
p2574
I67
sS'out'
p2575
I33
sS'bag'
p2576
I67
sS'yous'
p2577
I67
sS'desert'
p2578
I67
sS'whooped'
p2579
I67
sS'ricky'
p2580
I67
sS'strokes'
p2581
I66
sS'&\xe2\x80\xa6'
p2582
I67
sS'sisters\xe2\x9d\xa4\xef\xb8\x8f\xe2\x9d\xa4\xef\xb8\x8f\xe2\x9d\xa4\xef\xb8\x8f'
p2583
I67
sS'lecture'
p2584
I67
sS'technically'
p2585
I67
sS'cause'
p2586
I65
sS'red'
p2587
I66
sS'shut'
p2588
I65
sS'jessica'
p2589
I67
sS'dictionary'
p2590
I67
sS'22:48:08.0,33.89867469,-118.40363745,6203.01,i'
p2591
I67
sS'hi:-)'
p2592
I67
sS'york'
p2593
I66
sS'too.\xe2\x80\xa6'
p2594
I67
sS'craving'
p2595
I66
sS'sex....you'
p2596
I67
sS'breadingredients:2'
p2597
I67
sS'drowning'
p2598
I67
sS'backwards'
p2599
I67
sS'organic'
p2600
I67
sS'g'
p2601
I67
sS'snapchats'
p2602
I66
sS'recipes'
p2603
I67
sS'carpools'
p2604
I67
sS'times'
p2605
I64
sS'conversation'
p2606
I66
sS'06:07:55.0,33.89864232,-118.40381747,6203.01,what'
p2607
I67
sS'...buy'
p2608
I67
sS'frens'
p2609
I66
sS'07:13:26.0,33.89868744,-118.40365523,6203.01,you'
p2610
I67
sS'cunts'
p2611
I67
sS'margaritas'
p2612
I66
sS'frenz'
p2613
I66
sS'waitress'
p2614
I67
sS'spilt'
p2615
I67
sS'appt'
p2616
I67
sS'sack'
p2617
I67
sS'jurassic'
p2618
I67
sS'bitch'
p2619
I52
sS'twas'
p2620
I67
sS'"break'
p2621
I67
sS'hehe'
p2622
I67
sS'mak'
p2623
I67
sS'braces'
p2624
I67
sS'prank'
p2625
I67
sS'naaaaaaaaaaaap'
p2626
I67
sS"doesn't"
p2627
I60
sS'asparagus\xe2\x80\xa6'
p2628
I67
sS'privacy'
p2629
I67
sS'festival'
p2630
I67
sS'filthy'
p2631
I67
sS'creator'
p2632
I67
sS'system'
p2633
I66
sS'realistically'
p2634
I67
sS'their'
p2635
I65
sS'attack'
p2636
I66
sS'noooooo'
p2637
I67
sS'which'
p2638
I67
sS'wrapped'
p2639
I67
sS'messing'
p2640
I67
sS'final'
p2641
I65
sS'flume'
p2642
I63
sS'malibu'
p2643
I67
sS'stomach'
p2644
I67
sS'gear'
p2645
I67
sS'shorts'
p2646
I67
sS'megan'
p2647
I66
sS'cya'
p2648
I67
sS'fuzzy'
p2649
I67
sS'july'
p2650
I67
sS'kylie'
p2651
I67
sS'knowles'
p2652
I67
sS'hen'
p2653
I67
sS'gotchu'
p2654
I67
sS'surround'
p2655
I67
sS'ipad'
p2656
I67
sS'loved'
p2657
I65
sS'wine>>>>'
p2658
I67
sS'boring'
p2659
I67
sS'bother'
p2660
I67
sS'goodnight'
p2661
I67
sS'bed'
p2662
I59
sS',90266\n443920201151569920,julietteleo,2014-03-13'
p2663
I67
sS',90266\n446450934970073090,julietteleo,2014-03-20'
p2664
I67
sS'loves'
p2665
I65
sS'leslie'
p2666
I67
sS'spurs'
p2667
I67
sS'are\xe2\x80\xa6'
p2668
I67
sS'woot'
p2669
I67
sS'mbomfg'
p2670
I67
sS'\\m/'
p2671
I67
sS'carrots'
p2672
I67
sS'spelled'
p2673
I67
sS'tonight'
p2674
I57
sS'terrifying'
p2675
I67
sS'have'
p2676
I24
sS'goodie'
p2677
I67
sS'need'
p2678
I47
sS'05:23:20.0,33.89867736,-118.40361046,6203.01,just'
p2679
I67
sS'peers'
p2680
I67
sS'06:27:57.0,33.89859559,-118.40378973,6203.01,be'
p2681
I67
sS'mia'
p2682
I67
sS'studying'
p2683
I66
sS'semester'
p2684
I67
sS'able'
p2685
I65
sS'congratz'
p2686
I67
sS'latina'
p2687
I67
sS'whatseoever'
p2688
I67
sS'truck'
p2689
I66
sS'latino'
p2690
I67
sS'='
p2691
I65
sS'soap'
p2692
I67
sS';-)'
p2693
I67
sS'motha'
p2694
I67
sS'who'
p2695
I51
sS'xcuse'
p2696
I67
sS"where's"
p2697
I67
sS'awk'
p2698
I67
sS'**'
p2699
I67
sS'back,90266\n455569792263393281,julietteleo,2014-04-14'
p2700
I67
sS'highschool'
p2701
I67
sS'why'
p2702
I47
sS'fack'
p2703
I67
sS'stereo'
p2704
I67
sS'eachother'
p2705
I67
sS'myyyy'
p2706
I67
sS'face'
p2707
I61
sS'looked'
p2708
I67
sS"you'll"
p2709
I66
sS'strawberries'
p2710
I67
sS'pictures'
p2711
I67
sS'brew'
p2712
I67
sS'fact'
p2713
I66
sS'(south'
p2714
I67
sS'brekfast'
p2715
I67
sS'oreos'
p2716
I67
sS'brenda'
p2717
I67
sS'text'
p2718
I60
sS'anyway'
p2719
I67
sS'bring'
p2720
I66
sS'fear'
p2721
I67
sS'congrats'
p2722
I67
sS'pause'
p2723
I67
sS'knowledge'
p2724
I67
sS'should'
p2725
I56
sS'*insert'
p2726
I67
sS"there's"
p2727
I63
sS'lemme'
p2728
I67
sS'olympics'
p2729
I67
sS'piano'
p2730
I67
sS'he'
p2731
I57
sS'local'
p2732
I67
sS'hope'
p2733
I63
sS'trips-'
p2734
I67
sS'watching'
p2735
I58
sS'beat'
p2736
I66
sS'dope'
p2737
I67
sS'veggies,90266\n445793613033635840,julietteleo,2014-03-18'
p2738
I67
sS'tbt'
p2739
I67
sS'tbh'
p2740
I66
sS'awww'
p2741
I67
sS'words'
p2742
I65
sS'presley'
p2743
I67
sS'timing'
p2744
I67
sS'kardashians'
p2745
I67
sS'**~teleports'
p2746
I67
sS'structuring'
p2747
I67
sS'h'
p2748
I66
sS'calling'
p2749
I65
sS'...your'
p2750
I67
sS'stuff'
p2751
I66
sS'she'
p2752
I60
sS'knoow'
p2753
I67
sS'sunburn**'
p2754
I67
sS'fixed'
p2755
I66
sS'asian'
p2756
I67
sS'costume'
p2757
I67
sS'btw'
p2758
I67
sS'hollywooddescription'
p2759
I67
sS'exists'
p2760
I67
sS'national'
p2761
I66
sS'pitch'
p2762
I67
sS'packet'
p2763
I67
sS'computer'
p2764
I66
sS'changes'
p2765
I65
sS'desperate'
p2766
I66
sS'interview'
p2767
I67
sS'stats'
p2768
I67
sS'luv'
p2769
I64
sS'!!:-)'
p2770
I67
sS'lovelies'
p2771
I67
sS'icecream'
p2772
I67
sS'state'
p2773
I67
sS'krispy'
p2774
I67
sS'correctly'
p2775
I67
sS'email'
p2776
I67
sS'pants'
p2777
I66
sS'ends'
p2778
I66
sS'cauliflower'
p2779
I67
sS'gambino'
p2780
I67
sS'time\xe2\x80\x9d'
p2781
I67
sS'deliver'
p2782
I67
sS'embarrassment'
p2783
I66
sS'job'
p2784
I67
sS'joe'
p2785
I67
sS'key'
p2786
I67
sS'optional'
p2787
I67
sS"04:47:58.0,33.89864525,-118.40365317,6203.01,didn't"
p2788
I67
sS'david'
p2789
I67
sS'crossfit\xe2\x80\xa6'
p2790
I66
sS'mariposa'
p2791
I67
sS'figured'
p2792
I67
sS'courtneymccullough6'
p2793
I65
sS'joke'
p2794
I66
sS'taking'
p2795
I65
sS"he's"
p2796
I66
sS'stayyyy'
p2797
I67
sS'april'
p2798
I67
sS'"lightskins'
p2799
I67
sS'swim'
p2800
I67
sS'passing'
p2801
I67
sS'shots'
p2802
I67
sS'jersey'
p2803
I66
sS'orthodontist'
p2804
I67
sS'rioooo'
p2805
I67
sS'gone'
p2806
I67
sS'wall'
p2807
I67
sS'ca'
p2808
I65
sS'walk'
p2809
I66
sS'bacon-cheese'
p2810
I67
sS'other...\xe2\x80\x9d'
p2811
I67
sS'u,90266\n452988539513221120,julietteleo,2014-04-07'
p2812
I67
sS'"mama"'
p2813
I67
sS'kings'
p2814
I66
sS'done/'
p2815
I67
sS'oakland'
p2816
I67
sS'quit'
p2817
I67
sS'yay'
p2818
I65
sS'addition'
p2819
I67
sS"it's"
p2820
I28
sS'yaw'
p2821
I67
sS'sara'
p2822
I66
sS'quiz'
p2823
I67
sS'tutor'
p2824
I66
sS'literal'
p2825
I67
sS'offers'
p2826
I67
sS'slowly'
p2827
I67
sS'bby'
p2828
I67
sS'ah'
p2829
I61
sS'poet'
p2830
I67
sS'*urth'
p2831
I67
sS'bbq'
p2832
I67
sS'define'
p2833
I66
sS'username'
p2834
I67
sS'shoulders'
p2835
I67
sS'pic'
p2836
I67
sS'thanx'
p2837
I67
sS'hmu'
p2838
I66
sS'2015'
p2839
I67
sS'finished'
p2840
I66
sS'covered'
p2841
I67
sS'holiday'
p2842
I64
sS'joshhyy'
p2843
I67
sS'means'
p2844
I67
sS'harder'
p2845
I67
sS'will'
p2846
I44
sS'hahaha'
p2847
I63
sS'wild'
p2848
I66
sS'almost'
p2849
I64
sS'insanely'
p2850
I67
sS'site'
p2851
I67
sS'mid-afternoon'
p2852
I67
sS'construction.lovely'
p2853
I67
sS'partner'
p2854
I67
sS'whore'
p2855
I67
sS'jenner'
p2856
I67
sS'capture'
p2857
I67
sS'me.....okay'
p2858
I67
sS'players'
p2859
I67
sS')'
p2860
I65
sS'plane)'
p2861
I67
sS'matthew'
p2862
I67
sS',90266\n455219426778808321,julietteleo,2014-04-13'
p2863
I67
sS'party'
p2864
I64
sS'paula'
p2865
I67
sS'killed'
p2866
I67
sS'ball'
p2867
I67
sS'brag'
p2868
I67
sS'laughingbut'
p2869
I67
sS'*checks'
p2870
I67
sS'ios'
p2871
I67
sS'ahhahaha'
p2872
I67
sS'nightly'
p2873
I67
sS'student'
p2874
I67
sS'fucked'
p2875
I66
sS'pull'
p2876
I67
sS'//'
p2877
I67
sS'off'
p2878
I51
sS'i'
p2879
I2
sS'::inspiration'
p2880
I67
sS'incredible'
p2881
I67
sS'well'
p2882
I56
sS'fighting'
p2883
I67
sS'thought'
p2884
I61
sS"'my"
p2885
I67
sS'command'
p2886
I66
sS'english'
p2887
I67
sS':))))'
p2888
I67
sS'usual'
p2889
I67
sS'carrie'
p2890
I67
sS'cried'
p2891
I67
sS'moments'
p2892
I67
sS'hahahahahahahahha'
p2893
I67
sS'dearest'
p2894
I67
sS'40'
p2895
I67
sS'rocked'
p2896
I67
sS'paul'
p2897
I67
sS'happiness'
p2898
I66
sS'sku'
p2899
I67
sS"alden's"
p2900
I67
sS'listen'
p2901
I67
sS'wed'
p2902
I67
sS'gma'
p2903
I67
sS'wash'
p2904
I67
sS'realize'
p2905
I65
sS'add'
p2906
I67
sS'fiesta\xe2\x80\xa6'
p2907
I67
sS'adoption'
p2908
I67
sS'brutaaall'
p2909
I67
sS'ohhh'
p2910
I67
sS'ski'
p2911
I66
sS'homework'
p2912
I62
sS'boom'
p2913
I67
sS'tests'
p2914
I67
sS'fyf'
p2915
I67
sS'meteor'
p2916
I67
sS'government'
p2917
I67
sS"who's"
p2918
I66
sS'haus'
p2919
I67
sS'know'
p2920
I45
sS'bottoms'
p2921
I67
sS'press'
p2922
I67
sS'10/10'
p2923
I65
sS'fools'
p2924
I67
sS'muscle'
p2925
I67
sS'loss'
p2926
I66
sS'ebeth'
p2927
I67
sS'like'
p2928
I21
sS'lost'
p2929
I66
sS'miami'
p2930
I67
sS'skuttle'
p2931
I67
sS'candy'
p2932
I67
sS'lose'
p2933
I66
sS'chick'
p2934
I67
sS'page'
p2935
I67
sS'shed'
p2936
I67
sS'because'
p2937
I61
sS'charlie'
p2938
I67
sS'twitter'
p2939
I63
sS'hair'
p2940
I66
sS'daylight'
p2941
I67
sS'shes'
p2942
I67
sS'home'
p2943
I54
sS"school's"
p2944
I67
sS'meatloaf'
p2945
I67
sS'1x/month'
p2946
I67
sS'comon'
p2947
I67
sS'happens'
p2948
I67
sS'hipsters'
p2949
I67
sS'est'
p2950
I67
sS'monday'
p2951
I67
sS'lead'
p2952
I67
sS'dunes'
p2953
I66
sS'literally'
p2954
I62
sS'garrett'
p2955
I67
sS'philosopher'
p2956
I67
sS'twerking'
p2957
I66
sS'does'
p2958
I61
sS'truffle'
p2959
I66
sS'monuments'
p2960
I67
sS'stuff"'
p2961
I67
sS'slooow'
p2962
I67
sS'pressure'
p2963
I67
sS'petty'
p2964
I67
sS'pasta'
p2965
I66
sS'skins'
p2966
I67
sS'dum'
p2967
I67
sS'"pretty'
p2968
I67
sS':-('
p2969
I66
sS':-)'
p2970
I51
sS'actual'
p2971
I67
sS':-/'
p2972
I67
sS'getting'
p2973
I61
sS'places'
p2974
I67
sS'cleans'
p2975
I67
sS'angeles'
p2976
I67
sS'mofo'
p2977
I67
sS'swear'
p2978
I66
sS'sighting'
p2979
I67
sS'tomb'
p2980
I67
sS'powerpoint'
p2981
I67
sS'billboards'
p2982
I67
sS'mannathan'
p2983
I67
sS'yayay'
p2984
I67
sS'h8'
p2985
I67
sS'hahahahhahahaha'
p2986
I67
sS'pussy'
p2987
I64
sS'hwrt'
p2988
I67
sS'mushrooms'
p2989
I67
sS'immune'
p2990
I67
sS'weather'
p2991
I65
sS'j-lo'
p2992
I67
sS'today...smh'
p2993
I67
sS'obvi'
p2994
I67
sS'wack'
p2995
I67
sS'van'
p2996
I66
sS'legends'
p2997
I67
sS'away,90266\n446778443657515008,julietteleo,2014-03-20'
p2998
I67
sS'vegetables'
p2999
I67
sS'*'
p3000
I66
sS'spots'
p3001
I67
sS'kidding'
p3002
I66
sS'kuwtk'
p3003
I67
sS'inner'
p3004
I66
sS'biggest'
p3005
I67
sS'pf'
p3006
I67
sS'yrs'
p3007
I67
sS'function'
p3008
I67
sS'bitchez'
p3009
I67
sS'buy'
p3010
I65
sS'shubuya'
p3011
I67
sS'gluten'
p3012
I66
sS"i've"
p3013
I61
sS"stefani's"
p3014
I67
sS'hw'
p3015
I63
sS'but'
p3016
I33
sS'reminds'
p3017
I67
sS'natalie'
p3018
I67
sS'goals'
p3019
I64
sS'ha'
p3020
I60
sS'eat'
p3021
I65
sS'rockmore'
p3022
I67
sS'misty'
p3023
I67
sS'dmb'
p3024
I67
sS'made'
p3025
I61
sS'wise'
p3026
I67
sS'temp'
p3027
I67
sS'\xc2\xa3'
p3028
I67
sS'wish'
p3029
I54
sS'official'
p3030
I67
sS'whatevs'
p3031
I67
sS'hahahaa'
p3032
I67
sS'stories'
p3033
I65
sS'pumped'
p3034
I66
sS'problem'
p3035
I63
sS'piece'
p3036
I66
sS'minutes'
p3037
I65
sS'instead'
p3038
I67
sS'$35'
p3039
I67
sS'universal'
p3040
I66
sS'smartphones'
p3041
I67
sS'gtfo'
p3042
I67
sS'pig'
p3043
I66
sS'stank"'
p3044
I67
sS'shooting'
p3045
I67
sS'girl'
p3046
I52
sS'balcony'
p3047
I67
sS'spell'
p3048
I67
sS'chillen"'
p3049
I67
sS'sepulveda'
p3050
I66
sS'boot'
p3051
I67
sS'tessellate'
p3052
I67
sS'lately'
p3053
I66
sS'jeeps'
p3054
I67
sS'other'
p3055
I66
sS'84'
p3056
I67
sS'sick'
p3057
I64
sS'boob'
p3058
I67
sS'dresses'
p3059
I67
sS'album'
p3060
I66
sS'repeat'
p3061
I66
sS'star'
p3062
I66
sS'stap'
p3063
I66
sS'easybake'
p3064
I67
sS'june'
p3065
I67
sS'stay'
p3066
I63
sS'toasty'
p3067
I67
sS'chance'
p3068
I67
sS'\xe2\x80\xa2'
p3069
I64
sS'kinda'
p3070
I67
sS'estef'
p3071
I67
sS'friends'
p3072
I60
sS'goin'
p3073
I65
sS'ave'
p3074
I67
sS'"ignition'
p3075
I67
sS'fund'
p3076
I67
sS'entertainment'
p3077
I67
sS'lasted'
p3078
I67
sS'write'
p3079
I67
sS'this\xe2\x80\xa6'
p3080
I67
sS'awake'
p3081
I64
sS'fave**'
p3082
I67
sS'"the'
p3083
I66
sS'dillion'
p3084
I67
s.