(dp0
S''
p1
I2
sS'sleep'
p2
I29
sS'asian'
p3
I36
sS'hanging'
p4
I35
sS'hate'
p5
I35
sS'*drake'
p6
I36
sS'swag'
p7
I36
sS'over/under'
p8
I36
sS'buddy'
p9
I36
sS'presents'
p10
I36
sS"sick...i'm"
p11
I36
sS'sorry'
p12
I34
sS'worth'
p13
I36
sS'partyy'
p14
I36
sS'every'
p15
I36
sS'bringing'
p16
I36
sS'neur'
p17
I34
sS'tickets'
p18
I36
sS'school'
p19
I33
sS'zzzzzs'
p20
I36
sS'\xe8\x8d\xb7\xe7\x89\xa9\xe3\x81\x8c\xe9\x87\x8d\xe3\x81\x99\xe3\x81\x8e\xe3\x82\x8b'
p21
I36
sS'heading'
p22
I36
sS'bullshittin,90503\n498229078118252545,rebirth_isaac,2014-08-09'
p23
I36
sS'clothes'
p24
I36
sS'tired'
p25
I35
sS'almond'
p26
I36
sS'japanese'
p27
I36
sS'nair'
p28
I36
sS'second'
p29
I35
sS'street'
p30
I36
sS"porto's"
p31
I36
sS'n'
p32
I32
sS'even'
p33
I35
sS'ugly'
p34
I33
sS"tonight's"
p35
I36
sS'+'
p36
I35
sS'cooking'
p37
I35
sS'new'
p38
I32
sS'ever'
p39
I36
sS'told'
p40
I36
sS'screams'
p41
I36
sS'awesomnesssss'
p42
I36
sS'pancakes'
p43
I36
sS'never'
p44
I32
sS'here'
p45
I35
sS'\xe2\x9d\xa4\xef\xb8\x8f'
p46
I35
sS'aftermath'
p47
I36
sS'100'
p48
I36
sS"aren't"
p49
I36
sS'kids'
p50
I36
sS"i's"
p51
I36
sS'leaves'
p52
I36
sS'changed'
p53
I36
sS'credit'
p54
I36
sS"i'd"
p55
I36
sS"i'm"
p56
I10
sS'hahahahah'
p57
I36
sS'txt'
p58
I35
sS'would'
p59
I33
sS'army'
p60
I36
sS'coins'
p61
I36
sS'chooses'
p62
I36
sS'dnt'
p63
I36
sS'music'
p64
I34
sS'until'
p65
I35
sS'am.\xe2\x80\x9d'
p66
I36
sS'relax'
p67
I36
sS'successful'
p68
I36
sS'haha'
p69
I33
sS'delthorne'
p70
I36
sS'phone'
p71
I36
sS'90'
p72
I36
sS"5'1"
p73
I36
sS'must'
p74
I36
sS'me'
p75
I7
sS'dies!\xe2\x80\x9d'
p76
I36
sS'player'
p77
I36
sS'work'
p78
I20
sS'mi'
p79
I36
sS'\xe9\xab\xaa\xe8\x89\xb2\xe3\x81\xbe\xe3\x81\x9f\xe8\xb5\xa4\xe3\x81\xab\xe6\x9f\x93\xe3\x82\x81\xe3\x81\x9f\xe3\x81\x84\xe3\x82\x93\xe3\x81\xa0\xe3\x81\x91\xe3\x81\xa9\xe3\x81\xad\xe3\x80\x81\xe7\xbe\x8e\xe5\xae\xb9\xe5\xae\xa4\xe8\xa1\x8c\xe3\x81\x8f\xe3\x82\xbf\xe3\x82\xa4\xe3\x83\x9f\xe3\x83\xb3\xe3\x82\xb0\xe3\x81\x8c\xe3\x82\x8f\xe3\x81\x8b\xe3\x82\x89\xe3\x81\xaa\xe3\x81\x84\xe3\x80\x82'
p80
I36
sS'my'
p81
I5
sS'give'
p82
I34
sS'laughs'
p83
I36
sS'want'
p84
I28
sS'times'
p85
I36
sS'end'
p86
I33
sS'how'
p87
I30
sS'amazing'
p88
I31
sS'interview'
p89
I36
sS'beach'
p90
I35
sS'pizza'
p91
I36
sS'manuals'
p92
I36
sS'after'
p93
I35
sS'wrong'
p94
I35
sS'mesa'
p95
I36
sS'royce'
p96
I36
sS"nba's"
p97
I36
sS'green'
p98
I36
sS'keeps'
p99
I36
sS'leggings'
p100
I36
sS'first'
p101
I35
sS'wine'
p102
I36
sS'over'
p103
I33
sS'fam'
p104
I36
sS'vary'
p105
I36
sS'before'
p106
I32
sS'ima'
p107
I36
sS'personal'
p108
I35
sS'writing'
p109
I36
sS'better'
p110
I32
sS'weeks'
p111
I35
sS'then'
p112
I34
sS'*deletes'
p113
I36
sS'woken'
p114
I35
sS'workout'
p115
I35
sS'honda...its'
p116
I36
sS'break'
p117
I36
sS'they'
p118
I31
sS'one'
p119
I22
sS'crunchy'
p120
I36
sS'l'
p121
I35
sS'dustinhahn'
p122
I36
sS'roast'
p123
I36
sS'each'
p124
I36
sS'went'
p125
I32
sS'side'
p126
I36
sS'swagoo'
p127
I36
sS'mean'
p128
I35
sS'interscope'
p129
I36
sS'gunna'
p130
I36
sS'laying'
p131
I36
sS'sears'
p132
I36
sS'dawg'
p133
I36
sS'forgot'
p134
I36
sS'saturday'
p135
I35
sS'rt'
p136
I34
sS'driving'
p137
I36
sS'haired'
p138
I36
sS'strangers'
p139
I36
sS'smh'
p140
I36
sS'got'
p141
I27
sS'rn'
p142
I35
sS'hermosa'
p143
I36
sS'eeeeyyyyyyyyaaaaaaa'
p144
I36
sS'cutest'
p145
I36
sS"you're"
p146
I36
sS'hairiest'
p147
I36
sS'ramos'
p148
I36
sS'mistress'
p149
I36
sS'ate'
p150
I36
sS'starts'
p151
I35
sS'messages'
p152
I36
sS'days'
p153
I34
sS'bears'
p154
I36
sS'1970s'
p155
I36
sS'(at'
p156
I36
sS'caught'
p157
I36
sS'fuckin'
p158
I36
sS'already'
p159
I31
sS'champs'
p160
I36
sS'hook'
p161
I36
sS'another'
p162
I34
sS'basketball'
p163
I36
sS'service'
p164
I36
sS'girls'
p165
I34
sS'needed'
p166
I35
sS'too'
p167
I30
sS'hollywood'
p168
I35
sS'john'
p169
I36
sS'listen'
p170
I36
sS'realization'
p171
I36
sS'took'
p172
I35
sS'wasted'
p173
I36
sS'brushed'
p174
I36
sS'crave'
p175
I36
sS'shower'
p176
I36
sS'silly'
p177
I36
sS'feeling'
p178
I35
sS'minus'
p179
I36
sS'rab'
p180
I36
sS'mine'
p181
I36
sS'anybody'
p182
I36
sS'talking'
p183
I34
sS'seen'
p184
I34
sS'mins'
p185
I36
sS'nipples'
p186
I35
sS'responsible'
p187
I36
sS'snow'
p188
I36
sS'10hr'
p189
I36
sS'doors'
p190
I36
sS'cyber-school'
p191
I36
sS'though'
p192
I35
sS'doin'
p193
I36
sS'boys..when'
p194
I36
sS'germany'
p195
I35
sS'replenisher'
p196
I36
sS'cosworth'
p197
I36
sS'peers'
p198
I36
sS'episode'
p199
I36
sS'dog'
p200
I35
sS'definitely'
p201
I34
sS'aunt'
p202
I36
sS'came'
p203
I35
sS'random'
p204
I36
sS'\xe3\x83\xa4\xe3\x83\x83\xe3\x82\xab\xe3\x82\xb5\xe3\x83\xb3\xe3\x81\xa7\xe3\x81\x99'
p205
I36
sS'weekends'
p206
I35
sS'folded'
p207
I36
sS'hrs'
p208
I36
sS'goalie'
p209
I35
sS'"jessica'
p210
I36
sS'do'
p211
I26
sS'sunglasses'
p212
I36
sS'honda'
p213
I35
sS'watch'
p214
I35
sS'leisure'
p215
I36
sS'coast'
p216
I36
sS'watermelon'
p217
I36
sS'bar'
p218
I35
sS'tights'
p219
I36
sS'pretzel'
p220
I36
sS'licking'
p221
I36
sS'bay'
p222
I34
sS'bag'
p223
I36
sS'bad'
p224
I33
sS'touch...they'
p225
I36
sS'\xe3\x81\xbe\xe3\x81\x9f\xe3\x81\x93\xe3\x81\xae\xe3\x83\x91\xe3\x82\xbf\xe3\x83\xbc\xe3\x83\xb3\xe3\x81\xa0'
p226
I36
sS'fair'
p227
I36
sS'goodnight'
p228
I35
sS'best'
p229
I32
sS'said'
p230
I34
sS'lots'
p231
I36
sS'away'
p232
I36
sS'shaved'
p233
I36
sS"there's"
p234
I34
sS'pets'
p235
I36
sS'\xe7\x84\xbc\xe8\x82\x89\xe3\x81\x9f\xe3\x81\xb9\xe3\x81\xbb\xe3\x81\x97\xe3\x81\x9f\xe3\x81\x84(t'
p236
I36
sS'we'
p237
I28
sS'omg'
p238
I33
sS'\xe6\x88\x90\xe7\x94\xb0\xe3\x81\xa7\xe5\x86\x8d\xe4\xbc\x9a\xe3\x81\x97\xe3\x81\xa6\xe5\x90\x8c\xe3\x81\x98\xe9\xa3\x9b\xe8\xa1\x8c\xe6\xa9\x9f\xe3\x81\xa7\xe3\x82\xa2\xe3\x83\xa1\xe3\x83\xaa\xe3\x82\xab\xe5\xb8\xb0\xe3\x82\x8b'
p239
I36
sS'wear'
p240
I36
sS'wtf'
p241
I35
sS'sancho'
p242
I36
sS'news'
p243
I36
sS'country'
p244
I36
sS'ill'
p245
I36
sS'games'
p246
I36
sS'beeline'
p247
I36
sS'carwash'
p248
I36
sS'asked'
p249
I36
sS'\xe3\x82\xa2\xe3\x83\xac\xe3\x83\xab\xe3\x82\xae\xe3\x83\xbc\xe3\x81\x8b\xe3\x81\xa3\xe3\x81\xa6\xe3\x81\x90\xe3\x82\x89\xe3\x81\x84\xe3\x81\x8f\xe3\x81\x97\xe3\x82\x83\xe3\x81\xbf\xe3\x81\xa8\xe9\xbc\xbb\xe6\xb0\xb4\xe3\x81\xa8\xe3\x81\xbe\xe3\x82\x89\xe3\x82\x93\xe3\x81\xa3\xe3\x81\xa6tae\xe3\x81\xab\xe8\x8b\xb1\xe8\xaa\x9e\xe3\x81\xa7\xe8\xaa\xac\xe6\x98\x8e\xe3\x81\x97\xe3\x81\xa6\xe3\x81\x9f\xe3\x82\x89ah~'
p250
I36
sS'snores'
p251
I36
sS'blonde'
p252
I36
sS'trust'
p253
I36
sS'speak'
p254
I36
sS'outdone'
p255
I36
sS'beef'
p256
I36
sS'been'
p257
I28
sS'much'
p258
I34
sS'duties'
p259
I36
sS'\xe3\x81\x93\xe3\x82\x8c\xe7\xb5\x82\xe3\x82\x8f\xe3\x81\xa3\xe3\x81\x9f\xe3\x82\x89\xe9\xab\xaa\xe6\x9f\x93\xe3\x82\x81\xe3\x82\x88'
p260
I36
sS'life'
p261
I33
sS'\xe3\x81\xa6\xe3\x81\x8b\xe6\xb3\xa2\xe6\x80\x96\xe3\x81\x8f\xe3\x81\xaa\xe3\x81\x84\xe3\x81\xae\xef\xbc\x9f\xe5\xa4\xa7\xe4\xb8\x88\xe5\xa4\xab\xef\xbc\x9f(._.)'
p262
I36
sS'fest'
p263
I36
sS'catch'
p264
I36
sS'worked'
p265
I36
sS'publicly'
p266
I36
sS'neal'
p267
I36
sS'air'
p268
I36
sS'murdery'
p269
I36
sS'teachers'
p270
I36
sS'readyto'
p271
I36
sS'is'
p272
I9
sS'it'
p273
I12
sS'shame'
p274
I36
sS'im'
p275
I33
sS'in'
p276
I13
sS'id'
p277
I36
sS'ig'
p278
I36
sS'if'
p279
I25
sS'things'
p280
I36
sS'make'
p281
I31
sS'hahah'
p282
I36
sS"70's"
p283
I36
sS'kid'
p284
I36
sS'butter'
p285
I35
sS'jeggings'
p286
I36
sS'tho'
p287
I36
sS'contact'
p288
I36
sS'haha)'
p289
I36
sS'mother'
p290
I36
sS'the'
p291
I3
sS'just'
p292
I25
sS'yea'
p293
I36
sS'anti-amazonian'
p294
I36
sS'\xe6\x9a\x87\xe3\x81\x99\xe3\x81\x8e\xe3\x81\xa6'
p295
I36
sS'thanks'
p296
I34
sS'yes'
p297
I36
sS'hah'
p298
I36
sS'cherry'
p299
I36
sS'had'
p300
I34
sS'dr.luke'
p301
I36
sS'shout'
p302
I36
sS'transformed'
p303
I36
sS'easy'
p304
I36
sS'has'
p305
I29
sS'gave'
p306
I36
sS"savannah's"
p307
I36
sS'unique'
p308
I36
sS'korean'
p309
I36
sS'dreams'
p310
I36
sS'-_-'
p311
I36
sS'semester'
p312
I36
sS'festivities'
p313
I36
sS'steps'
p314
I36
sS'night'
p315
I31
sS'right'
p316
I29
sS'old'
p317
I36
sS'deal'
p318
I35
sS'people'
p319
I34
sS'dead'
p320
I35
sS'tooken'
p321
I36
sS'kbbq'
p322
I36
sS'for'
p323
I6
sS'purple'
p324
I36
sS'sextape'
p325
I36
sS'everything'
p326
I36
sS'asking'
p327
I36
sS'adorable'
p328
I36
sS'christmas'
p329
I36
sS'booking'
p330
I36
sS'plz'
p331
I36
sS'post'
p332
I36
sS'months'
p333
I35
sS'dinner'
p334
I34
sS'plus'
p335
I36
sS'murder\xe2\x80\xa6'
p336
I36
sS'raised'
p337
I36
sS'aha'
p338
I36
sS'statements'
p339
I35
sS'ahh'
p340
I35
sS'bound'
p341
I36
sS'bath'
p342
I36
sS'down'
p343
I29
sS'thankful'
p344
I36
sS'dean'
p345
I36
sS'wah'
p346
I34
sS'stuck'
p347
I36
sS'it<33'
p348
I36
sS'call'
p349
I34
sS'was'
p350
I22
sS'happy'
p351
I34
sS'\xe4\xb8\x80\xe3\x83\xb6\xe6\x9c\x88\xe5\xbe\x8c\xe3\x81\x8b\xef\xbd\x9e'
p352
I36
sS'head'
p353
I36
sS'differences'
p354
I36
sS'back'
p355
I31
sS'hear'
p356
I36
sS'true'
p357
I35
sS'tell'
p358
I35
sS'daddy'
p359
I35
sS'hungry'
p360
I35
sS'empate'
p361
I36
sS'father-free'
p362
I36
sS'awhile'
p363
I35
sS'check'
p364
I36
sS'shit'
p365
I33
sS'physical'
p366
I36
sS'holla'
p367
I36
sS'dying'
p368
I35
sS'floor'
p369
I36
sS'when'
p370
I29
sS'\xe3\x81\xaa\xe3\x82\x8b\xe3\x81\xbb\xe3\x81\xa9\xe3\x81\xad\xe3\x80\x82\xe3\x81\xaa\xe3\x82\x93\xe3\x81\xa0\xe3\x81\x8b\xe3\x82\x93\xe3\x81\xa0340\xe5\x88\x86\xe3\x81\x8b\xe3\x81\x8b\xe3\x82\x8b\xe3\x82\x82\xe3\x82\x93\xe3\x81\xad\xe3\x80\x82\xe5\x9d\x8a\xe3\x82\x84\xe3\x81\xa0\xe3\x81\xad\xe3\x80\x82'
p371
I36
sS'holding'
p372
I36
sS'test'
p373
I36
sS'meeeee'
p374
I36
sS"'s"
p375
I36
sS'meghan'
p376
I36
sS'felt'
p377
I36
sS"let's"
p378
I34
sS'fell'
p379
I34
sS'beekeela'
p380
I36
sS'weekend'
p381
I32
sS'died'
p382
I36
sS'\xe3\x81\x8a\xe3\x81\xaf\xe3\x82\x88'
p383
I36
sS'together'
p384
I34
sS'teeth'
p385
I36
sS'serious'
p386
I34
sS':/'
p387
I36
sS':('
p388
I26
sS':)'
p389
I23
sS'dance'
p390
I36
sS'yapping'
p391
I36
sS'burritos'
p392
I36
sS'yummy'
p393
I35
sS'hump'
p394
I35
sS'obamacare'
p395
I36
sS'disgusting'
p396
I36
sS'finally'
p397
I33
sS'\xe5\xa4\xa9\xe6\xb0\x97\xe2\x97\x8e'
p398
I36
sS'daryl'
p399
I36
sS':(((('
p400
I36
sS'iggy'
p401
I36
sS'blast'
p402
I36
sS':p'
p403
I36
sS'<333333'
p404
I36
sS'room'
p405
I35
sS'din'
p406
I35
sS'did'
p407
I34
sS'accidentally'
p408
I36
sS'team'
p409
I34
sS'guy'
p410
I36
sS'round'
p411
I34
sS'unexpected'
p412
I36
sS'says'
p413
I36
sS'tiffany100390'
p414
I36
sS'uniform'
p415
I36
sS'goes'
p416
I35
sS'filled'
p417
I36
sS'\xe7\x8b\xa9\xe9\x87\x8e\xe3\x81\xab\xe4\xbc\xbc\xe3\x81\xa6\xe3\x82\x8b'
p418
I36
sS'alone'
p419
I36
sS'along'
p420
I36
sS'change'
p421
I34
sS'wait'
p422
I36
sS'boy'
p423
I35
sS'thirty'
p424
I36
sS'shift'
p425
I36
sS'boo'
p426
I35
sS'pillow'
p427
I36
sS'massage'
p428
I36
sS'love'
p429
I20
sS'extra'
p430
I36
sS'1st'
p431
I36
sS'cornbeef'
p432
I36
sS'fambam'
p433
I36
sS'gelatinous'
p434
I36
sS'everybody'
p435
I36
sS'working'
p436
I34
sS'dude'
p437
I34
sS'ca)'
p438
I33
sS'wondering'
p439
I36
sS'memory'
p440
I36
sS'msg'
p441
I36
sS'today'
p442
I27
sS'loving'
p443
I36
sS'everywhere'
p444
I35
sS'\xe3\x83\x90\xe3\x82\xb9\xe3\x82\xb1\xe3\x82\x84\xe3\x82\x8a\xe3\x81\x9f\xe3\x81\x84'
p445
I36
sS'\xe3\x81\xa1\xe3\x81\x8c\xe3\x83\xbc\xe3\x81\x86'
p446
I36
sS'graphic'
p447
I36
sS'douche'
p448
I36
sS'car'
p449
I35
sS'flu'
p450
I36
sS'can'
p451
I28
sS'making'
p452
I36
sS'laughter'
p453
I36
sS'streak'
p454
I36
sS'crazy'
p455
I36
sS'stream'
p456
I36
sS'awesome'
p457
I35
sS"didn't"
p458
I35
sS'fuck'
p459
I30
sS'nascar'
p460
I36
sS'stroke'
p461
I36
sS'pink'
p462
I36
sS'winter'
p463
I36
sS'grosses'
p464
I36
sS'write'
p465
I36
sS'sunday'
p466
I36
sS'mas'
p467
I36
sS'145'
p468
I36
sS'may'
p469
I36
sS'spot'
p470
I36
sS'birthday'
p471
I36
sS'mad'
p472
I36
sS'date'
p473
I33
sS'such'
p474
I34
sS'suck'
p475
I33
sS'guys'
p476
I35
sS'avengers'
p477
I36
sS'man'
p478
I34
sS'reralee'
p479
I36
sS'stress'
p480
I36
sS'\xe3\x81\x91\xe3\x81\xa9\xe3\x81\xad\xe3\x80\x81\xe8\x8b\xa5\xe5\xb9\xb2\xe3\x81\x86\xe3\x82\x8b\xe3\x81\x95\xe3\x81\x84\xe3\x80\x82\xe3\x81\xbb\xe3\x82\x89\xe3\x80\x81\xe3\x82\xa2\xe3\x83\x91\xe3\x83\xbc\xe3\x83\x88\xe3\x81\xa0\xe3\x81\x8b\xe3\x82\x89\xe8\xbf\x91\xe6\x89\x80\xe8\xbf\xb7\xe6\x83\x91\xe3\x81\xab\xe3\x81\xaa\xe3\x82\x8a\xe3\x81\x9d\xe3\x81\x86\xe3\x80\x82'
p481
I36
sS'q'
p482
I36
sS'so'
p483
I13
sS'\xe3\x81\x99\xe3\x81\x94\xe3\x81\x8b\xe3\x81\xa3\xe3\x81\x9f\xe3\x83\xbc\xef\xbc\x81\xe3\x81\xa8\xe3\x81\xab\xe3\x81\x8b\xe3\x81\x8f\xe3\x81\x99\xe3\x81\x94\xe3\x81\x8b\xe3\x81\xa3\xe3\x81\x9f\xe3\x83\xbc\xef\xbc\x81\xe7\xb7\x8a\xe5\xbc\xb5\xe3\x81\x97\xe3\x81\x99\xe3\x81\x8e\xe3\x81\xa6\xe5\x96\x89\xe3\x82\xab\xe3\x83\xa9\xe3\x83\x83\xe3\x82\xab\xe3\x83\xa9\xe3\x81\xab\xe3\x81\xaa\xe3\x81\xa3\xe3\x81\x9f\xe3\x81\x97\xe3\x83\xbc\xef\xbc\x81\xe3\x81\xa9\xe3\x83\xbc\xe3\x81\x97\xe3\x82\x88\xe3\x83\xbc'
p484
I36
sS'cute'
p485
I32
sS'\xe3\x81\x86\xe3\x82\x93'
p486
I36
sS'brain'
p487
I36
sS'cold'
p488
I36
sS'still'
p489
I34
sS'gta'
p490
I36
sS'group'
p491
I36
sS'thank'
p492
I34
sS"he's"
p493
I36
sS'hot'
p494
I36
sS'abby'
p495
I36
sS'\xe8\xa1\x8c\xe3\x81\xa3\xe3\x81\x9f\xe3\x81\x93\xe3\x81\xa8\xe3\x82\x82\xe3\x81\xaa\xe3\x81\x84\xe3\x81\xae\xe3\x81\xab'
p496
I36
sS'apron'
p497
I36
sS'222\xe3\x81\xa8\xe3\x81\x84\xe3\x81\x88\xe3\x81\xb0"\xe7\xac\x9b\xe5\x90\xb9\xe3\x81\xae\xe6\x97\xa5"\xe3\x81\xa8\xe3\x81\x84\xe3\x81\x86\xe3\x81\x93\xe3\x81\xa8\xe3\x81\xa7\xe8\xaa\x95\xe3\x83\x97\xe3\x83\xac\xe9\x83\xb5\xe9\x80\x81\xe3\x81\x97\xe3\x81\xa8\xe3\x81\x84\xe3\x81\x9f\xe3\x81\x8b\xe3\x82\x89\xe6\xa5\xbd\xe3\x81\x97\xe3\x81\xbf\xe3\x81\xab\xe3\x81\x97\xe3\x81\xa8\xe3\x81\x84\xe3\x81\xa6\xe3\x81\xad\xe2\x99\xa1\xe3\x81\xa3\xe3\x81\xa6\xe3\x81\xae\xe3\x81\xaf\xe3\x81\xbe\xe3\x81\x82\xe5\x98\x98\xe3\x81\xa0\xe3\x81\x91\xe3\x81\xa9\xe3\x80\x81\xe3\x81\xbe\xe3\x81\x9f\xe6\x88\x90\xe4\xba\xba\xe5\xbc\x8f\xe3\x81\xa7\xe6\x97\xa5\xe6\x9c\xac\xe9\x81\x8a\xe3\x81\xb3\xe8\xa1\x8c\xe3\x81\x8f\xe3\x81\x8b\xe3\x82\x89\xe3\x81\x9d\xe3\x82\x93\xe3\x81\xa8\xe3\x81\x8d\xe3\x81\xaf\xe5\x90\x90\xe8\xa1\x80\xe3\x83\x91\xe3\x83\xbc\xe3\x83\x86\xe3\x82\xa3\xe3\x83\xbc\xe3\x81\x97\xe3\x82\x88\xe3\x81\x86'
p498
I36
sS'introduce'
p499
I36
sS'binks'
p500
I36
sS'lunch'
p501
I34
sS'half'
p502
I36
sS'not'
p503
I28
sS'now'
p504
I32
sS'name'
p505
I34
sS'drop'
p506
I36
sS'intrigued'
p507
I36
sS'rock'
p508
I36
sS'el'
p509
I36
sS'yeah'
p510
I36
sS'catching'
p511
I36
sS'year'
p512
I33
sS'girl'
p513
I30
sS'\xe3\x81\xa9\xe3\x83\xbc\xe3\x81\x9b\xe3\x81\xaa\xe3\x82\x89la\xe6\x9d\xa5\xe3\x81\xaa\xe3\x82\x88'
p514
I36
sS'album'
p515
I36
sS'irony'
p516
I36
sS'rolls'
p517
I36
sS'looking'
p518
I36
sS'seriously'
p519
I33
sS'internet'
p520
I36
sS'smfh'
p521
I36
sS'dodgers'
p522
I36
sS'grandma'
p523
I35
sS'card'
p524
I36
sS'care'
p525
I36
sS'underwear'
p526
I36
sS'transition'
p527
I36
sS'calories'
p528
I36
sS"collector's"
p529
I36
sS'thing'
p530
I35
sS'lindsey'
p531
I36
sS'flametrail'
p532
I36
sS'think'
p533
I36
sS'1000'
p534
I36
sS'cheese'
p535
I36
sS'xo'
p536
I36
sS'question'
p537
I36
sS'flipping'
p538
I36
sS'yourself'
p539
I34
sS'corralates'
p540
I36
sS'impossible'
p541
I35
sS'sounds'
p542
I36
sS'tomorrow'
p543
I31
sS'size'
p544
I36
sS'little'
p545
I35
sS'bite'
p546
I36
sS'slept'
p547
I36
sS'anyone'
p548
I34
sS'fml'
p549
I36
sS'2'
p550
I36
sS'imma'
p551
I36
sS'white'
p552
I36
sS'gives'
p553
I36
sS'brainz'
p554
I36
sS'way'
p555
I32
sS'that'
p556
I16
sS'season'
p557
I34
sS'ridiculous'
p558
I36
sS'mid-70s'
p559
I36
sS'thai'
p560
I35
sS'than'
p561
I31
sS'boyfriend'
p562
I35
sS'11'
p563
I36
sS'10'
p564
I36
sS'13'
p565
I36
sS'lmao'
p566
I34
sS'18'
p567
I36
sS'gotta'
p568
I36
sS'r'
p569
I32
sS"azalea's"
p570
I36
sS'were'
p571
I32
sS'asleep'
p572
I35
sS'and'
p573
I10
sS'\xe4\xbb\x8a\xe3\x81\xae\xe7\xa7\x81'
p574
I36
sS'craig'
p575
I36
sS'sad'
p576
I36
sS'ant'
p577
I36
sS'say'
p578
I33
sS'breakfast'
p579
I34
sS'gunba'
p580
I36
sS'worst'
p581
I36
sS'marathon'
p582
I36
sS'sat'
p583
I36
sS'advil'
p584
I36
sS'fucking'
p585
I33
sS'note'
p586
I36
sS'equipment'
p587
I36
sS'squad'
p588
I36
sS'take'
p589
I32
sS'online'
p590
I36
sS'wanting'
p591
I36
sS'wonder'
p592
I36
sS'200'
p593
I36
sS'sure'
p594
I35
sS'track'
p595
I36
sS'knew'
p596
I36
sS'voice*'
p597
I36
sS'\xe7\xac\x91'
p598
I31
sS'america'
p599
I36
sS'icon'
p600
I36
sS'proud'
p601
I36
sS'sale'
p602
I36
sS'sunset'
p603
I36
sS'7:30'
p604
I36
sS'laws'
p605
I36
sS'shot'
p606
I35
sS'show'
p607
I36
sS'bright'
p608
I35
sS'\xe6\xa5\xbd\xe3\x81\x97\xe3\x81\xbf\xef\xbc\x81\xe4\xbd\x95\xe4\xba\x8b\xe3\x82\x82\xe7\xa9\x8d\xe6\xa5\xb5\xe7\x9a\x84\xe3\x81\xab\xe8\xa1\x8c\xe5\x8b\x95\xe3\x81\x97\xe3\x81\xaa\xe3\x81\x8d\xe3\x82\x83\xe3\x81\xad\xef\xbc\x81'
p609
I36
sS'dick'
p610
I36
sS'3'
p611
I35
sS'only'
p612
I30
sS'going'
p613
I33
sS'black'
p614
I36
sS'slob'
p615
I36
sS'get'
p616
I28
sS'routine'
p617
I36
sS'nearly'
p618
I36
sS'freaking'
p619
I36
sS'morning'
p620
I31
sS'naked'
p621
I36
sS'through'
p622
I35
sS'where'
p623
I36
sS'xmas'
p624
I36
sS'\xe5\xa4\xa7\xe5\xad\xa6\xe3\x81\xae\xe3\x82\xbb\xe3\x83\xa1\xe3\x82\xb9\xe3\x82\xbf\xe3\x83\xbc\xef\xbc\x9f'
p625
I36
sS"y'all"
p626
I33
sS'seat'
p627
I36
sS'college'
p628
I36
sS'anyways'
p629
I36
sS'hoes'
p630
I36
sS'stanley'
p631
I36
sS'ur'
p632
I32
sS'smiling'
p633
I36
sS'hallllaaaa'
p634
I36
sS'\xe5\xae\x89)\xe3\x81\x9d\xe3\x81\x9d\xe3\x81\x9d\xe3\x80\x81\xe3\x81\x9d\xe3\x82\x93\xe3\x81\xaa\xe3\x81\x93\xe3\x81\xa8\xe6\x99\xae\xe9\x80\x9a\xe4\xbb\x96\xe4\xba\xba\xe3\x81\xab\xe5\xaf\xbe\xe3\x81\x97\xe3\x81\xa6\xe8\x81\x9e\xe3\x81\x8d\xe3\x81\xbe\xe3\x81\x9b\xe3\x82\x93\xe3\x82\x88\xe3\x81\xad\xef\xbc\x9f\xe5\xa4\x9c\xe6\xb2\x88\xe6\xb2\x88'
p635
I36
sS'830'
p636
I36
sS"cb's"
p637
I36
sS'label'
p638
I36
sS'outside'
p639
I36
sS'\xe6\x98\x8e\xe6\x97\xa5\xe3\x81\xaftoni&guy\xe8\xa6\x8b\xe5\xad\xa6\xe3\x81\x97\xe3\x81\xa6\xe3\x81\x84\xe3\x82\x8d\xe3\x81\x84\xe3\x82\x8d\xe8\x81\x9e\xe3\x81\x84\xe3\x81\xa6\xe3\x81\x8f\xe3\x82\x8b\xef\xbc\x81\xe6\x9c\xac\xe5\xbd\x93\xe3\x81\xab\xe3\x81\x9d\xe3\x81\x93\xe3\x81\xa7\xe5\xad\xa6\xe3\x81\xb3\xe3\x81\x9f\xe3\x81\x84\xef\xbc\x81\xe6\xa5\xbd\xe3\x81\x97\xe3\x81\xbf\xe3\x81\xa7\xe3\x81\x97\xe3\x82\x83\xe3\x83\xbc\xe3\x81\xaa\xe3\x81\x84\xe3\x81\x91\xe3\x81\xa9\xe7\xb7\x8a\xe5\xbc\xb5\xe3\x81\x99\xe3\x82\x8b(\xc2\xb4\xef\xbd\xa5_\xef\xbd\xa5`)'
p640
I36
sS'reading'
p641
I36
sS'toying'
p642
I36
sS'\xe3\x81\x9d\xe3\x82\x8c\xe8\xa8\x80\xe3\x82\x8f\xe3\x81\xaa\xe3\x81\x84\xe3\x81\xa7\xe3\x80\x82\xe6\xb0\x97\xe3\x81\xab\xe3\x81\x97\xe3\x81\xa6\xe3\x82\x8b\xe3\x82\x93\xe3\x81\xa0\xe3\x81\x8b\xe3\x82\x89\xe3\x80\x82'
p643
I36
sS'jk'
p644
I35
sS'come'
p645
I31
sS'dates'
p646
I36
sS'many'
p647
I35
sS'\xe3\x81\x8a\xe9\x87\x91\xe7\x84\xa1\xe3\x81\x84\xe3\x81\xae\xe3\x81\xab'
p648
I36
sS'restroom'
p649
I36
sS'somewhere'
p650
I36
sS's'
p651
I36
sS'present'
p652
I36
sS"can't"
p653
I28
sS'jeans'
p654
I36
sS'bader'
p655
I36
sS'oliver'
p656
I36
sS'cycling'
p657
I36
sS'cares'
p658
I36
sS'west'
p659
I36
sS'500'
p660
I36
sS'wants'
p661
I36
sS'robben'
p662
I36
sS'shopping'
p663
I35
sS'andrew'
p664
I36
sS'wake'
p665
I36
sS'squirrels'
p666
I36
sS'\xe3\x82\xbb\xe3\x83\xac\xe3\x83\x96\xe6\x9d\xa5\xe3\x81\xa6\xe3\x81\x9f\xe3\x82\x8a\xe3\x81\x97\xe3\x81\xa6\xef\xbc\x81\xe3\x82\xac\xe3\x82\xac\xe3\x82\x82\xe3\x81\x9f\xe3\x81\xbe\xe3\x81\xab\xe6\x9d\xa5\xe3\x82\x8b\xe3\x82\x89\xe3\x81\x97\xe3\x81\x84\xe3\x81\x97'
p667
I36
sS'^'
p668
I35
sS'paying'
p669
I36
sS'shaft'
p670
I36
sS'myself'
p671
I36
sS'cutie'
p672
I36
sS'these'
p673
I33
sS'\xe8\xbb\x8a\xe4\xbf\xae\xe7\x90\x86\xe4\xbb\xa3\xe3\x81\x8b\xe3\x81\x8b\xe3\x82\x8b\xe3\x81\x98\xe3\x82\x83\xe3\x82\x93'
p674
I36
sS'them'
p675
I35
sS'bros'
p676
I36
sS'someone'
p677
I35
sS'doctor'
p678
I36
sS'pay'
p679
I34
sS'same'
p680
I36
sS'ya'
p681
I34
sS'avi....especially'
p682
I36
sS'coworkers'
p683
I34
sS'buys'
p684
I36
sS'week'
p685
I34
sS'oil'
p686
I36
sS'nest'
p687
I36
sS'driver'
p688
I36
sS'changing'
p689
I36
sS'\xe2\x9c\x8c\xef\xb8\x8f'
p690
I36
sS'burrito'
p691
I36
sS'no'
p692
I18
sS'bag"'
p693
I36
sS'without'
p694
I36
sS'model'
p695
I36
sS'summer'
p696
I35
sS'being'
p697
I32
sS'money'
p698
I35
sS'hint'
p699
I36
sS'thinking'
p700
I36
sS"we've"
p701
I36
sS'iphones'
p702
I36
sS'walking-mother'
p703
I36
sS'lets'
p704
I36
sS'yaaaszzz'
p705
I36
sS'real'
p706
I36
sS'starving'
p707
I36
sS'wifeys'
p708
I36
sS'amo'
p709
I34
sS'read'
p710
I36
sS'early'
p711
I29
sS'mom'
p712
I33
sS'world'
p713
I36
sS'walk'
p714
I36
sS'\xe3\x81\x82\xe3\x81\xa810\xe6\x97\xa5\xe5\xad\xa6\xe6\xa0\xa1\xe8\xa1\x8c\xe3\x81\xa3\xe3\x81\x9f\xe3\x82\x89\xe4\xbb\x8a\xe3\x82\xbb\xe3\x83\xa1\xe7\xb5\x82\xe3\x82\x8f\xe3\x82\x8a\xe3\x81\xa0\xe3\x83\xbc'
p715
I36
sS'pounds'
p716
I36
sS'everytime'
p717
I36
sS'csulb'
p718
I36
sS'either'
p719
I36
sS'pacific'
p720
I35
sS'mood'
p721
I36
sS'memories'
p722
I36
sS'noon'
p723
I35
sS'welcome'
p724
I36
sS'asap'
p725
I36
sS'lmfao'
p726
I36
sS'standpoint'
p727
I36
sS':)))'
p728
I36
sS';)'
p729
I35
sS'on'
p730
I14
sS'\xe7\xb5\x90\xe5\xb1\x80\xe3\x82\xb3\xe3\x83\xac'
p731
I36
sS'ok'
p732
I34
sS'oh'
p733
I36
sS'of'
p734
I11
sS'favorite'
p735
I36
sS'or'
p736
I31
sS'2nite'
p737
I36
sS'\xe4\xbb\x8a\xe3\x81\xae\xe7\x9b\xae\xe6\xa8\x99\xe3\x81\xaf\xe8\x8b\xb1\xe8\xaa\x9e\xe3\x80\x81\xe3\x82\xb9\xe3\x83\x9a\xe3\x82\xa4\xe3\x83\xb3\xe8\xaa\x9e\xe3\x80\x81\xe9\x9f\x93\xe5\x9b\xbd\xe8\xaa\x9e\xe3\x81\x8c\xe8\xa9\xb1\xe3\x81\x9b\xe3\x82\x8b\xe3\x82\x88\xe3\x81\x86\xe3\x81\xab\xe3\x81\xaa\xe3\x82\x8b\xe3\x81\x93\xe3\x81\xa8\xef\xbc\x81'
p738
I36
sS'officially'
p739
I36
sS'(torrance'
p740
I33
sS'your'
p741
I28
sS'\xe6\x98\x8e\xe7\xa7\x80\xe3\x81\xa0\xe3\x81\xa3\xe3\x81\x91\xef\xbc\x9f\xe5\xbe\x8c\xe8\x97\xa4twitter\xe3\x82\x84\xe3\x81\xa3\xe3\x81\xa6\xe3\x81\xaa\xe3\x81\x84\xe3\x81\x8b\xe3\x81\xaa\xef\xbc\x9f\xe7\xac\x91'
p742
I36
sS'her'
p743
I35
sS'assumed'
p744
I36
sS'there'
p745
I28
sS'hey'
p746
I33
sS'lol'
p747
I21
sS'start'
p748
I36
sS'complete'
p749
I36
sS'enough'
p750
I34
sS'trying'
p751
I36
sS'with'
p752
I19
sS'\xe3\x81\x82\xe3\x83\xbc\xe3\x81\xad\xe3\x82\x80'
p753
I36
sS'handsome'
p754
I36
sS"wasn't"
p755
I36
sS"brother's"
p756
I36
sS'dirty'
p757
I36
sS'gone'
p758
I36
sS'af'
p759
I36
sS'taste'
p760
I36
sS'am'
p761
I34
sS'fellow'
p762
I36
sS'maxed'
p763
I36
sS'as'
p764
I29
sS'rvp'
p765
I36
sS'at'
p766
I12
sS'aw'
p767
I36
sS'girlfriend'
p768
I35
sS'deed'
p769
I36
sS'again'
p770
I30
sS'yoga'
p771
I36
sS'simon\xe3\x81\xab\xe3\x81\xaa\xe3\x82\x93\xe3\x81\x8b\xe3\x81\x95\xe3\x82\x8c\xe3\x81\x9f\xef\xbc\x9f\xe7\xac\x91'
p772
I36
sS'5'
p773
I36
sS'you'
p774
I8
sS'poor'
p775
I36
sS'championship'
p776
I36
sS'students'
p777
I36
sS'time'
p778
I29
sS'hawthorne'
p779
I36
sS'a5'
p780
I36
sS'wife'
p781
I36
sS'town\xe8\xa1\x8c\xe3\x81\x8b\xe3\x81\xaa\xe3\x81\x84\xe3\x81\xbb\xe3\x81\x86\xe3\x81\x8c\xe3\x81\x84\xe3\x81\x84\xe3\x82\x88\xe3\x80\x9c'
p782
I36
sS'u'
p783
I17
sS'god'
p784
I35
sS'alright'
p785
I36
sS'starting'
p786
I36
sS'all'
p787
I24
sS'forget'
p788
I36
sS'pointing'
p789
I36
sS'month'
p790
I36
sS'talks'
p791
I36
sS'follow'
p792
I35
sS'decisions'
p793
I36
sS'emily'
p794
I36
sS'tv'
p795
I36
sS'halllla'
p796
I36
sS'thursday'
p797
I36
sS'to'
p798
I4
sS'those'
p799
I36
sS'smile'
p800
I36
sS'iuh'
p801
I36
sS'woman'
p802
I35
sS'very'
p803
I36
sS'bombarded'
p804
I36
sS'selfies'
p805
I36
sS'innout'
p806
I36
sS'fan'
p807
I35
sS'fall'
p808
I36
sS'fab'
p809
I36
sS'ticket'
p810
I35
sS"anne's"
p811
I36
sS'mothers'
p812
I36
sS'list'
p813
I36
sS'\xe6\x98\x8e\xe6\x97\xa5\xe3\x81\xae\xe5\xa4\x9c\xe3\x81\xaf\xef\xbc\x9f'
p814
I36
sS't)'
p815
I36
sS'anal'
p816
I36
sS"i'll"
p817
I34
sS'cookies'
p818
I36
sS'instagram'
p819
I36
sS'ten'
p820
I35
sS'past'
p821
I36
sS'orgasm'
p822
I36
sS'turning'
p823
I36
sS'what'
p824
I26
sS'sum'
p825
I36
sS'emotions'
p826
I36
sS'public'
p827
I36
sS'hash'
p828
I36
sS'\xe3\x82\x82\xe3\x81\x86\xe3\x81\xa1\xe3\x82\x87\xe3\x81\x84'
p829
I36
sS'hours'
p830
I34
sS'strong'
p831
I36
sS'ahead'
p832
I36
sS'experience'
p833
I36
sS'airport'
p834
I36
sS'pick'
p835
I36
sS'family'
p836
I35
sS'commandments'
p837
I36
sS'anonymous\xe3\x81\xa3\xe3\x81\xa6\xe3\x82\x86\xe3\x81\x86\xe7\xb5\x84\xe7\xb9\x94\xe3\x81\x82\xe3\x82\x8b\xe3\x81\x98\xe3\x82\x83\xe3\x82\x93\xef\xbc\x9fla'
p838
I36
sS'vip'
p839
I36
sS'takes'
p840
I36
sS'\xe3\x81\xbe\xe3\x81\xa0\xe5\xaf\x9d\xe3\x81\xa6\xe3\x81\xaa\xe3\x81\x84\xe3\x81\xae\xe3\x81\xad'
p841
I36
sS'morp'
p842
I36
sS'texting'
p843
I36
sS'two'
p844
I35
sS'pitching'
p845
I36
sS'6'
p846
I35
sS'shits'
p847
I35
sS'\xe4\xbc\x9a\xe3\x82\x8f\xe3\x81\x9a\xe3\x81\xab\xe3\x82\xa2\xe3\x83\xa1\xe3\x83\xaa\xe3\x82\xab\xe5\xb8\xb0\xe3\x82\x8c\xe3\x81\xaa\xe3\x81\x84\xe3\x83\xbc\xe6\x97\xa5\xe3\x81\xab\xe3\x81\xa1\xe3\x81\xa9\xe3\x81\x86\xe3\x81\x97\xe3\x82\x88\xe3\x83\xbc\xef\xbc\x81'
p848
I36
sS'more'
p849
I32
sS'tryna'
p850
I35
sS'company'
p851
I36
sS'text/'
p852
I36
sS'leonard'
p853
I36
sS"ain't"
p854
I34
sS'basically'
p855
I35
sS'broke'
p856
I36
sS'glad'
p857
I36
sS'town'
p858
I36
sS'del'
p859
I34
sS'learn'
p860
I36
sS'knocked'
p861
I36
sS'beautiful'
p862
I36
sS'shark'
p863
I36
sS'embarrassing'
p864
I36
sS'sense'
p865
I36
sS'robinson'
p866
I35
sS'huge'
p867
I35
sS'needs'
p868
I36
sS'court'
p869
I36
sS'drained'
p870
I36
sS'khakis'
p871
I36
sS'rather'
p872
I35
sS'underwear"'
p873
I36
sS'breaking'
p874
I36
sS'okay'
p875
I36
sS'plans'
p876
I36
sS'reflect'
p877
I36
sS'fb'
p878
I36
sS'iwata'
p879
I36
sS'coming'
p880
I35
sS'ummmmmmm'
p881
I36
sS'a'
p882
I4
sS'shady'
p883
I36
sS'crafts'
p884
I36
sS'dream'
p885
I36
sS'playing'
p886
I36
sS"that's"
p887
I26
sS'\xe3\x81\x84\xe3\x81\xa4\xe3\x81\xae\xe9\x96\x93\xe3\x81\xab\xe3\x83\x8f\xe3\x83\x8a\xe3\x83\x9f\xe3\x82\xba\xe3\x81\xa3\xe3\x81\xa6\xe3\x82\x86\xe3\x81\x86\xe5\x8d\x98\xe8\xaa\x9e\xe8\xa6\x9a\xe3\x81\x88\xe3\x81\xa6\xe3\x81\x9f\xe3\x81\xae\xef\xbc\x9f'
p888
I36
sS"don't"
p889
I24
sS'september'
p890
I36
sS'sooo'
p891
I36
sS'soon'
p892
I36
sS'scott'
p893
I35
sS'signs'
p894
I36
sS'mcdonalds'
p895
I36
sS'its'
p896
I32
sS'24'
p897
I35
sS'20'
p898
I36
sS'actually'
p899
I36
sS'late'
p900
I33
sS'soccer'
p901
I36
sS'might'
p902
I36
sS"haven't"
p903
I34
sS'good'
p904
I24
sS'somebody'
p905
I36
sS'sucking'
p906
I36
sS'yo'
p907
I36
sS'food'
p908
I32
sS'tv\xe5\xb0\x8f\xe5\x83\xa7\xe3\x81\x82\xe3\x81\xa3\xe3\x81\xa6\xe3\x82\x88\xe3\x81\x8b\xe3\x81\xa3\xe3\x81\x9f\xe3\x81\xbb\xe3\x82\x93\xe3\x81\xa8'
p909
I36
sS'yu'
p910
I36
sS'marcus'
p911
I36
sS'\xe9\xa1\x94\xe3\x83\x91\xe3\x82\xb0\xe3\x81\xab\xe4\xbc\xbc\xe3\x81\xa6\xe3\x82\x8b\xe3\x81\xa3\xe3\x81\xa6\xe8\xa8\x80\xe3\x82\x8f\xe3\x82\x8c\xe3\x81\x9f\xe3\x80\x82\xe3\x83\x91\xe3\x82\xb0\xe3\x80\x9c\xe3\x81\xa3\xe3\x81\xa6\xe5\x91\xbc\xe3\x81\xb0\xe3\x82\x8c\xe3\x82\x8b\xe3\x80\x82\xe3\x81\x93\xe3\x82\x8c\xe3\x81\x98\xe3\x82\x83\xe4\xbc\x8a\xe5\x8e\x9f\xe3\x81\xa8\xe5\x90\x8c\xe9\xa1\x9e\xe3\x81\xa0\xe3\x81\xaa\xe3\x80\x82\xe3\x81\x9f\xe3\x81\xbe\xe3\x81\xa3\xe3\x81\x9f\xe3\x82\x82\xe3\x82\x93\xe3\x81\x98\xe3\x82\x83\xe3\x81\xaa\xe3\x81\x84\xe3\x80\x82'
p912
I36
sS'always'
p913
I30
sS'drake'
p914
I36
sS'tear'
p915
I36
sS'athletics'
p916
I36
sS"isn't"
p917
I35
sS'heavy'
p918
I36
sS'\xe6\x81\xa5\xe3\x82\x92\xe3\x81\x8b\xe3\x81\x8b\xe3\x81\x9b\xe3\x81\xa6\xe3\x81\xbf\xe3\x81\x9f\xe3\x81\x8b\xe3\x81\xa3\xe3\x81\x9f(\xef\xbf\xa3\xe3\x83\xbc\xef\xbf\xa3)\xe3\x81\xa3\xe3\x81\x97\xe3\x82\x83\xe3\x83\xbc'
p919
I36
sS'everyone'
p920
I34
sS'house'
p921
I35
sS'energy'
p922
I36
sS'hard'
p923
I33
sS'idea'
p924
I36
sS'brother'
p925
I36
sS'tae\xe3\x81\xab\xe4\xbb\xbb\xe3\x81\x9b\xe3\x81\xa8\xe3\x81\x93'
p926
I36
sS'really'
p927
I33
sS'lovers'
p928
I36
sS'since'
p929
I33
sS'granola'
p930
I36
sS'ass'
p931
I33
sS'nervously'
p932
I36
sS'drink'
p933
I36
sS'casillas'
p934
I35
sS'friday'
p935
I34
sS'motherfucker'
p936
I36
sS'mmm'
p937
I36
sS'houses'
p938
I36
sS'reason'
p939
I36
sS'killin'
p940
I36
sS'put'
p941
I33
sS'caption'
p942
I36
sS'american'
p943
I36
sS'w'
p944
I33
sS'dont'
p945
I36
sS'feel'
p946
I34
sS'number'
p947
I36
sS'feet'
p948
I36
sS'talked'
p949
I36
sS'done'
p950
I33
sS'colombia'
p951
I36
sS'miss'
p952
I35
sS'passes'
p953
I36
sS'guess'
p954
I36
sS'"'
p955
I36
sS'least'
p956
I35
sS'storm'
p957
I36
sS'hundred'
p958
I36
sS'banana'
p959
I35
sS'\xe3\x81\x95\xe3\x81\x82\xe3\x80\x81\xe3\x81\x94\xe4\xb8\x80\xe7\xb7\x92\xe3\x81\xab\xef\xbc\x81\xe2\x80\xa6\xe3\x82\xab\xe3\x83\x84\xe3\x83\xb3\xe3\x80\x82'
p960
I36
sS'behind'
p961
I36
sS"i'ma"
p962
I36
sS'mmmm'
p963
I36
sS'luckily'
p964
I36
sS'part'
p965
I35
sS'believe'
p966
I36
sS'king'
p967
I36
sS'kina'
p968
I36
sS'gotten'
p969
I35
sS'(unless'
p970
I36
sS'youth'
p971
I36
sS'outta'
p972
I35
sS'lmaooooo'
p973
I36
sS'juice'
p974
I36
sS'harriest'
p975
I36
sS'ditched'
p976
I36
sS'thought'
p977
I36
sS'nights'
p978
I35
sS'built'
p979
I36
sS'salttt'
p980
I36
sS'lil'
p981
I35
sS'couch'
p982
I36
sS'also'
p983
I36
sS'play'
p984
I34
sS'eggs'
p985
I36
sS'most'
p986
I33
sS'dope\xe2\x80\x9d'
p987
I36
sS'eaten'
p988
I36
sS'tho...if'
p989
I36
sS'chested'
p990
I36
sS'performances'
p991
I36
sS'sometimes'
p992
I36
sS'clean'
p993
I36
sS'barrel'
p994
I36
sS'defender'
p995
I36
sS'fine'
p996
I35
sS'\xe6\x98\x94\xe3\x83\x9e\xe3\x83\x9e\xe3\x81\x8b\xe3\x82\x89\xe8\xb2\xb0\xe3\x81\xa3\xe3\x81\xa6\xe5\xa4\xa7\xe4\xba\x8b\xe3\x81\xab\xe3\x81\x97\xe3\x81\xa6\xe3\x81\x9f\xe3\x81\xae\xe3\x81\xab\xe4\xba\x8c\xe5\xb9\xb4\xe5\x89\x8d\xe3\x81\xab\xe7\x84\xa1\xe3\x81\x8f\xe3\x81\x97\xe3\x81\xa6\xe3\x81\x99\xe3\x82\x93\xe3\x81\x94\xe3\x81\x84\xe6\x82\xb2\xe3\x81\x97\xe3\x81\x8b\xe3\x81\xa3\xe3\x81\x9f\xe3\x81\xae\xe8\xa6\x9a\xe3\x81\x88\xe3\x81\xa6\xe3\x82\x8b\xe3\x80\x82\xe3\x81\xa7\xe3\x80\x81tae\xe3\x81\x8b\xe3\x82\x89\xe3\x82\x82\xe3\x82\x89\xe3\x81\xa3\xe3\x81\x9f\xe8\xaa\x95\xe3\x83\x97\xe3\x83\xac\xe3\x81\xae\xe3\x83\x8d\xe3\x83\x83\xe3\x82\xaf\xe3\x83\xac\xe3\x82\xb9\xe3\x81\x8c\xe7\x84\xa1\xe3\x81\x8f\xe3\x81\x97\xe3\x81\x9f\xe3\x82\x84\xe3\x81\xa4\xe3\x81\xa8\xe3\x81\x9f\xe3\x81\xbe\xe3\x81\x9f\xe3\x81\xbe\xe5\x90\x8c\xe3\x81\x98\xe3\x82\x84\xe3\x81\xa4\xe3\x81\xa7\xe3\x83\x93\xe3\x83\x83\xe3\x82\xaf\xe3\x83\xaa\xe3\x81\x97\xe3\x81\x9f(\xef\xbc\xb4\xef\xbc\xbf\xef\xbc\xb4)'
p997
I36
sS'wayne'
p998
I36
sS'pretty'
p999
I36
sS'8'
p1000
I36
sS'moses'
p1001
I36
sS'his'
p1002
I31
sS'\xe3\x81\xb2\xe3\x82\x8d\xe3\x81\xa3\xe3\x81\x97\xe3\x83\xbc'
p1003
I36
sS'sunny'
p1004
I36
sS"they'd"
p1005
I36
sS'feels'
p1006
I34
sS'during'
p1007
I32
sS'him'
p1008
I36
sS'\xe5\x87\xba\xe6\x9d\xa5\xe5\xa5\xb3\xe2\x99\xa5\xe2\x99\xa5'
p1009
I36
sS'\xe6\x9a\x87'
p1010
I36
sS'bars'
p1011
I36
sS'vino'
p1012
I36
sS'around'
p1013
I35
sS'scenes'
p1014
I36
sS'see'
p1015
I34
sS'dumb'
p1016
I36
sS'are'
p1017
I31
sS'angie'
p1018
I36
sS'movie'
p1019
I36
sS'wow'
p1020
I34
sS'inshallah'
p1021
I36
sS'please'
p1022
I36
sS'case'
p1023
I36
sS'won'
p1024
I35
sS'\xe3\x81\xa0\xe3\x81\x8b\xe3\x82\x89\xe3\x80\x82\xe6\x98\x8e\xe6\x97\xa511:00\xe3\x81\x8b\xe3\x82\x89\xe3\x82\xb5\xe3\x83\xb3\xe3\x82\xbf\xe3\x83\xa2\xe3\x83\x8b\xe3\x82\xab\xe3\x81\xaetony&guy\xe8\xa1\x8c\xe3\x81\xa3\xe3\x81\xa6\xe3\x81\x8f\xe3\x82\x8b\xe3\x82\x8f\xe3\x80\x82'
p1025
I36
sS'probably'
p1026
I35
sS'burned'
p1027
I36
sS'champagne'
p1028
I36
sS'lamenting'
p1029
I36
sS'knowing'
p1030
I36
sS'coffee'
p1031
I35
sS'league'
p1032
I36
sS'c'
p1033
I36
sS'last'
p1034
I32
sS'sensitive'
p1035
I36
sS'whole'
p1036
I36
sS'drunk'
p1037
I36
sS'simple'
p1038
I36
sS'"hanamizu(\xe3\x83\x8f\xe3\x83\x8a\xe3\x83\x9f\xe3\x82\xba)!!!"right??\xe3\x81\xa8\xe3\x81\x8b\xe8\xa8\x80\xe3\x81\xa3\xe3\x81\xa6\xe3\x81\x8d\xe3\x81\xa6\xe3\x83\x93\xe3\x83\x83\xe3\x82\xaf\xe3\x83\xaa\xe3\x81\x97\xe3\x81\x9f'
p1039
I36
sS'dudes'
p1040
I36
sS'likes'
p1041
I36
sS'sirr?\xe2\x80\x9d'
p1042
I36
sS'\xe5\x8d\x8a\xe8\xa2\x96\xe3\x81\xa7\xe5\xaf\x9d\xe3\x81\xa6\xe3\x82\x8b\xe3\x82\x88'
p1043
I36
sS'decline'
p1044
I36
sS'tgif'
p1045
I36
sS'trilogy'
p1046
I36
sS'\xe3\x81\x8a\xe3\x82\x81\xe3\x81\xa7\xe3\x81\xa8\xe3\x83\xbc\xe3\x81\x86^'
p1047
I36
sS'nicki'
p1048
I36
sS'damn'
p1049
I36
sS'helfrich'
p1050
I36
sS'meeting'
p1051
I36
sS'whoa'
p1052
I36
sS'woke'
p1053
I36
sS"what's"
p1054
I34
sS'gas'
p1055
I36
sS'else'
p1056
I35
sS'awake'
p1057
I36
sS'imax'
p1058
I36
sS'\xe5\x9b\xa3\xe7\xb5\x90\xe5\x8a\x9b'
p1059
I36
sS'look'
p1060
I30
sS'solid'
p1061
I35
sS'bill'
p1062
I36
sS'while'
p1063
I35
sS'fun'
p1064
I35
sS'fuh'
p1065
I36
sS'engineers'
p1066
I36
sS'town\xe3\x81\xab\xe3\x82\x82\xe8\xb2\xbf\xe6\x98\x93\xe3\x82\xbb\xe3\x83\xb3\xe3\x82\xbf\xe3\x83\xbc\xe3\x83\x93\xe3\x83\xab\xe3\x81\x82\xe3\x82\x8b\xe3\x81\x8b\xe3\x82\x89\xe3\x81\x9d\xe3\x81\x93\xe7\x8b\x99\xe3\x82\x8f\xe3\x82\x8c\xe3\x81\xa6\xe3\x82\x8b\xe3\x82\x93\xe3\x81\x98\xe3\x82\x83\xe3\x81\xaa\xe3\x81\x84\xe3\x81\x8b\xe3\x81\xa3\xe3\x81\xa6'
p1067
I36
sS'<<'
p1068
I36
sS'rip'
p1069
I36
sS'ready'
p1070
I33
sS'audi'
p1071
I35
sS'funny'
p1072
I35
sS'anymore'
p1073
I35
sS'rules'
p1074
I36
sS'9'
p1075
I35
sS'\xe3\x82\xaf\xe3\x83\xaa\xe3\x82\xb9\xe3\x83\x9e\xe3\x82\xb9\xe3\x83\x97\xe3\x83\xac\xe3\x82\xbc\xe3\x83\xb3\xe3\x83\x88\xe3\x81\xab\xe8\xba\xab\xe9\x95\xb710cm\xe6\xac\xb2\xe3\x81\x97\xe3\x81\x84\xe3\x81\xaa'
p1076
I36
sS'used'
p1077
I36
sS'bonus'
p1078
I36
sS'yesterday'
p1079
I35
sS'holidays'
p1080
I35
sS'moment'
p1081
I36
sS'wheres'
p1082
I36
sS'noodle'
p1083
I36
sS'spa..thanks'
p1084
I36
sS'spent'
p1085
I36
sS'person'
p1086
I36
sS'owww'
p1087
I36
sS'chemistry'
p1088
I36
sS'hercules'
p1089
I36
sS'murder-suicide'
p1090
I36
sS'praying'
p1091
I36
sS'prince'
p1092
I36
sS'illusions'
p1093
I36
sS'cup'
p1094
I35
sS'cuz'
p1095
I36
sS'snap'
p1096
I36
sS'excited'
p1097
I35
sS'big'
p1098
I34
sS'couple'
p1099
I35
sS'game'
p1100
I33
sS'lost'
p1101
I35
sS'semi'
p1102
I36
sS'hahha'
p1103
I36
sS'signal'
p1104
I36
sS'drippin'
p1105
I36
sS'donno'
p1106
I36
sS'often'
p1107
I36
sS'absolutely'
p1108
I36
sS'some'
p1109
I28
sS'b)'
p1110
I36
sS'streaming'
p1111
I36
sS'mirror'
p1112
I36
sS'accomplishment'
p1113
I36
sS'courtois'
p1114
I36
sS'decision'
p1115
I36
sS'ojos'
p1116
I36
sS'prod'
p1117
I36
sS'laughing'
p1118
I36
sS'be'
p1119
I22
sS'bf'
p1120
I33
sS'run'
p1121
I35
sS'zzz'
p1122
I36
sS'bc'
p1123
I35
sS'\xe3\x81\xaf\xe3\x81\x84'
p1124
I36
sS'by'
p1125
I30
sS'anything'
p1126
I35
sS'netflix'
p1127
I36
sS"mcdonald's"
p1128
I36
sS'awwww'
p1129
I36
sS'regular'
p1130
I36
sS'idk'
p1131
I35
sS'wanna'
p1132
I33
sS"b'day"
p1133
I36
sS'auntie'
p1134
I36
sS'visit'
p1135
I36
sS'into'
p1136
I34
sS'pentagon'
p1137
I36
sS'gramma'
p1138
I36
sS'tasting'
p1139
I36
sS'xoxo'
p1140
I36
sS'long'
p1141
I30
sS'\xe6\x97\xa5\xe4\xb8\xad\xe3\x81\xaf\xe5\x8d\x8a\xe8\xa2\x96\xe3\x81\xa7\xe3\x81\x84\xe3\x81\x84\xe3\x81\xad'
p1142
I36
sS'\xe3\x81\x8a\xe3\x82\x84\xe3\x81\x99\xe3\x81\xbf\xe3\x81\xaa\xe3\x81\x95\xe3\x81\x84'
p1143
I36
sS'forward'
p1144
I36
sS'boys'
p1145
I34
sS'yesssss'
p1146
I36
sS'line'
p1147
I35
sS'posted'
p1148
I36
sS'up'
p1149
I15
sS'\xe3\x82\x84\xe3\x83\xbc\xe3\x81\xa0\xe3\x83\xbc'
p1150
I36
sS'un'
p1151
I36
sS'constant'
p1152
I36
sS'likewise'
p1153
I36
sS'single'
p1154
I35
sS'chat'
p1155
I36
sS'nah'
p1156
I36
sS'nap'
p1157
I36
sS'points'
p1158
I36
sS'assassinate'
p1159
I36
sS'mock'
p1160
I36
sS'nice'
p1161
I35
sS'agh'
p1162
I36
sS'hella'
p1163
I36
sS'far'
p1164
I36
sS"she's"
p1165
I36
sS'(pic)'
p1166
I36
sS'having'
p1167
I36
sS'once'
p1168
I36
sS'squats'
p1169
I36
sS'desserts'
p1170
I36
sS'windy'
p1171
I36
sS'go'
p1172
I29
sS'issues'
p1173
I36
sS'young'
p1174
I35
sS'shack'
p1175
I36
sS'nippon'
p1176
I36
sS'ameen'
p1177
I36
sS'ridiculousness'
p1178
I36
sS'sent'
p1179
I36
sS'nervousness'
p1180
I36
sS'retire'
p1181
I36
sS'wishes'
p1182
I36
sS'putting'
p1183
I36
sS'telling'
p1184
I36
sS'drinking'
p1185
I35
sS'aplauda'
p1186
I36
sS'button'
p1187
I36
sS'try'
p1188
I35
sS'comforts'
p1189
I36
sS'\xe3\x81\xa1\xe3\x81\xaa\xe3\x81\xbf\xe3\x81\xab\xe3\x83\x86\xe3\x83\xad\xe3\x81\xaf9.11\xe3\x81\xa8\xe5\x90\x8c\xe3\x81\x98\xe3\x82\x84\xe3\x82\x8a\xe6\x96\xb9\xe3\x82\x89\xe3\x81\x97\xe3\x81\x84\xe3\x80\x8212\xe6\x9c\x88\xe3\x81\xaf\xe3\x81\x82\xe3\x82\x93\xe3\x81\xbedown'
p1190
I36
sS'smaller'
p1191
I36
sS'goodies'
p1192
I36
sS'dcm'
p1193
I36
sS'cupcakes'
p1194
I36
sS'waiting'
p1195
I36
sS'bird'
p1196
I36
sS'body'
p1197
I36
sS'let'
p1198
I34
sS'great'
p1199
I34
sS'engine'
p1200
I36
sS'1245'
p1201
I36
sS'makes'
p1202
I33
sS'win'
p1203
I36
sS'use'
p1204
I36
sS'from'
p1205
I22
sS'&'
p1206
I26
sS'next'
p1207
I33
sS'chu'
p1208
I36
sS'sister'
p1209
I36
sS'\xe4\xbb\x8a\xe6\x97\xa5ted\xe3\x81\xab\xe3\x82\xb5\xe3\x83\xbc\xe3\x83\x95\xe3\x82\xa3\xe3\x83\xb3\xe8\xaa\x98\xe3\x82\x8f\xe3\x82\x8c\xe3\x81\x9f'
p1210
I36
sS'eagles-'
p1211
I36
sS'baby'
p1212
I31
sS'customer'
p1213
I36
sS'account'
p1214
I36
sS'this'
p1215
I15
sS'pre-order'
p1216
I36
sS'praise'
p1217
I35
sS'aight'
p1218
I36
sS'meet'
p1219
I36
sS'kyle\xe6\x9c\x80\xe8\xbf\x91\xe3\x82\xa4\xe3\x83\x93\xe3\x82\xad\xe3\x81\x8b\xe3\x81\x8f\xe3\x82\x88\xe3\x81\x86\xe3\x81\xab\xe3\x81\xaa\xe3\x81\xa3\xe3\x81\x9f\xe3\x80\x82\xe3\x81\x86\xe3\x82\x8b\xe3\x81\x95\xe3\x81\x84\xe3\x80\x82\xe9\xbc\xbb\xe3\x81\xa4\xe3\x81\xbe\xe3\x82\x93\xe3\x81\xa7\xe3\x82\x84\xe3\x82\x8d\xe3\x83\xbc\xe3\x81\x8b\xe3\x80\x82\xe3\x81\x8a\xe3\x81\x98\xe3\x81\x95\xe3\x82\x93\xe3\x81\xa0\xe3\x81\x8b\xe3\x82\x89\xe4\xbb\x95\xe6\x96\xb9\xe3\x81\xaa\xe3\x81\x84\xe3\x80\x82'
p1220
I36
sS'\xe3\x83\x81\xe3\x83\xa5\xe3\x83\xbc\xe3\x81\x8f\xe3\x82\x89\xe3\x81\x84\xe3\x81\x84\xe3\x81\x84\xe3\x81\x98\xe3\x82\x83\xe3\x82\x93\xe3\x83\x81\xe3\x83\xa5\xe3\x83\xbc\xe3\x81\x8f\xe3\x82\x89\xe3\x81\x84\xef\xbd\x9e\xef\xbc\x81'
p1221
I36
sS'halloween'
p1222
I36
sS'high'
p1223
I36
sS'something'
p1224
I35
sS'sis'
p1225
I36
sS'hucci'
p1226
I36
sS'sit'
p1227
I36
sS'vibe'
p1228
I36
sS'six'
p1229
I36
sS'gurl'
p1230
I36
sS'stop'
p1231
I33
sS'minding'
p1232
I36
sS'hahahaha'
p1233
I36
sS'da'
p1234
I36
sS'22nd'
p1235
I36
sS'\xe3\x81\x82\xe3\x82\x8a\xe3\x81\x8c\xe3\x81\xa8\xe3\x81\x86(^_^)\xe2\x99\xa1\xe3\x81\x86\xe3\x82\x93\xe3\x80\x81\xe3\x81\xbe\xe3\x81\xa013\xe6\x97\xa5\xe3\x81\xa0\xe3\x81\x91\xe3\x81\xa9\xe3\x81\x9d\xe3\x82\x93\xe3\x81\xaa\xe3\x81\xae\xe6\xb0\x97\xe3\x81\xab\xe3\x81\x9b\xe3\x81\x9a\xe3\x81\x82\xe3\x82\x8a\xe3\x81\x8c\xe3\x81\xa8\xe3\x81\x86\xe2\x99\xa1'
p1236
I36
sS'\xe6\x97\xa5\xe6\x9c\xac\xe9\x81\x8a\xe3\x81\xb3\xe8\xa1\x8c\xe3\x81\xa3\xe3\x81\x9f\xe3\x81\xa8\xe3\x81\x8d\xe6\x9d\xb1\xe4\xba\xac\xe3\x81\xab\xe9\x81\x8a\xe3\x81\xb3\xe8\xa1\x8c\xe3\x81\x8d\xe3\x81\x9f\xe3\x81\x84\xe3\x81\xae\xe3\x81\xa7\xe8\xaa\xb0\xe3\x81\x8b\xe6\xb3\x8a\xe3\x82\x81\xe3\x81\xa6\xe4\xb8\x8b\xe3\x81\x95\xe3\x81\x84\xe3\x80\x82\xe3\x81\x8a\xe5\x9c\x9f\xe7\x94\xa3\xe6\x8c\x81\xe3\x81\xa3\xe3\x81\xa6\xe8\xa1\x8c\xe3\x81\x8d\xe3\x81\xbe\xe3\x81\x99\xe3\x80\x82\xe2\x86\x90'
p1237
I36
sS'move'
p1238
I35
sS'vma'
p1239
I36
sS'looks'
p1240
I36
sS'bunch'
p1241
I36
sS'perfect'
p1242
I34
sS'1'
p1243
I35
sS'la'
p1244
I34
sS'winning'
p1245
I36
sS'lv'
p1246
I36
sS'world)'
p1247
I36
sS'2013'
p1248
I36
sS'2012'
p1249
I36
sS'spell'
p1250
I36
sS'camino'
p1251
I36
sS'hands'
p1252
I36
sS'day'
p1253
I20
sS'articles'
p1254
I36
sS'sneezed'
p1255
I36
sS'doing'
p1256
I35
sS'usui~;)))'
p1257
I36
sS'macaroons'
p1258
I35
sS'\xe7\x8a\xac\xe3\x81\xa8\xe3\x81\x8b\xe3\x81\xa8\xe4\xb8\x80\xe7\xb7\x92\xe3\x81\xab\xe6\x95\xa3\xe6\xad\xa9\xe3\x81\x97\xe3\x81\x9f\xe3\x81\x84\xe3\x81\xaa\xe3\x83\x9f\xe3\x83\x8b\xe3\x83\x96\xe3\x82\xbf\xe3\x81\xa8\xe3\x81\x8b\xe8\x80\xb3\xe3\x83\x96\xe3\x83\xab\xe3\x83\xb3\xe3\x83\x96\xe3\x83\xab\xe3\x83\xb3\xe3\x81\x99\xe3\x82\x8b\xe7\xb3\xbb\xe3\x81\xae\xe5\x8b\x95\xe7\x89\xa9\xe3\x81\xa7\xe3\x82\x82\xe3\x81\x84\xe3\x81\x84'
p1259
I36
sS'designer'
p1260
I36
sS'our'
p1261
I33
sS'out'
p1262
I20
sS'secretly'
p1263
I35
sS'snapchat*'
p1264
I36
sS'bae'
p1265
I36
sS'cause'
p1266
I35
sS"blake's"
p1267
I36
sS'que'
p1268
I36
sS'\xe3\x82\xa2\xe3\x83\xa1\xe3\x83\xaa\xe3\x82\xab\xe3\x81\xbb\xe3\x82\x93\xe3\x81\xa3\xe3\x81\xa8tv\xe3\x81\xa4\xe3\x81\xbe\xe3\x82\x93\xe3\x81\xaa\xe3\x81\x84'
p1269
I36
sS'g'
p1270
I36
sS'could'
p1271
I36
sS'keep'
p1272
I36
sS'south'
p1273
I36
sS':((((('
p1274
I36
sS'bitch'
p1275
I34
sS'mah'
p1276
I36
sS"doesn't"
p1277
I35
sS'festival'
p1278
I36
sS'data'
p1279
I36
sS'their'
p1280
I34
sS'noooooo'
p1281
I36
sS'gummy'
p1282
I36
sS'gear'
p1283
I36
sS'nobody'
p1284
I36
sS'\xe3\x81\x84\xe3\x83\xbc\xe3\x81\x8b\xe3\x82\x89\xe5\x8b\x89\xe5\xbc\xb7\xe3\x81\x97\xe3\x82\x8d\xe3\x81\xa3\xe3\x81\xa6'
p1285
I36
sS'grandpa'
p1286
I36
sS'sex'
p1287
I36
sS'boring'
p1288
I36
sS'bother'
p1289
I36
sS'bed'
p1290
I31
sS'\xe3\x81\x8a\xe5\x9c\x9f\xe7\x94\xa3\xe3\x82\xb5\xe3\x83\xbc\xe3\x83\x95\xe9\x96\xa2\xe9\x80\xa3\xe8\xb2\xb7\xe3\x81\xa3\xe3\x81\xa6\xe3\x81\x93\xe3\x81\x86\xe3\x81\xa8\xe6\x80\x9d\xe3\x81\xa3\xe3\x81\x9f\xe3\x81\x91\xe3\x81\xa9\xe3\x82\x84\xe3\x82\x81\xe3\x82\x8b\xe3\x81\xbf\xe3\x81\x9f\xe3\x81\x84\xe3\x81\xa0\xe3\x81\x8b\xe3\x82\x89\xe3\x81\x8a\xe8\x8f\x93\xe5\xad\x90\xe3\x81\xab\xe5\xa4\x89\xe6\x9b\xb4'
p1291
I36
sS'loves'
p1292
I36
sS'bet'
p1293
I36
sS'tonight'
p1294
I31
sS'have'
p1295
I17
sS'need'
p1296
I31
sS'apparently'
p1297
I36
sS'congrats'
p1298
I36
sS'\xe3\x81\x8a\xe3\x82\x84\xe3\x81\x99\xe3\x81\xbf\xe6\xb1\x9f\xe9\xa0\xad'
p1299
I36
sS'asshole'
p1300
I36
sS'='
p1301
I36
sS'onnnnn'
p1302
I36
sS'snubs'
p1303
I36
sS'who'
p1304
I31
sS'why'
p1305
I32
sS'consequences'
p1306
I36
sS'face'
p1307
I36
sS'park)'
p1308
I36
sS'skinny'
p1309
I35
sS'currently'
p1310
I36
sS'exclusive'
p1311
I36
sS'text'
p1312
I34
sS'bring'
p1313
I35
sS'rough'
p1314
I36
sS'grabbed'
p1315
I36
sS'posting'
p1316
I36
sS'jay'
p1317
I36
sS'jar'
p1318
I34
sS'should'
p1319
I35
sS'jam'
p1320
I36
sS'lemme'
p1321
I36
sS'riding'
p1322
I36
sS'hiiiii'
p1323
I36
sS'hope'
p1324
I35
sS'watching'
p1325
I33
sS'beat'
p1326
I36
sS'coworker'
p1327
I35
sS'tbh'
p1328
I36
sS'awww'
p1329
I35
sS'ones'
p1330
I35
sS'chips'
p1331
I36
sS'eewwwwwww'
p1332
I36
sS'smash'
p1333
I35
sS'h'
p1334
I36
sS'ughh'
p1335
I36
sS'she'
p1336
I34
sS'grad'
p1337
I36
sS'madam'
p1338
I36
sS'btw'
p1339
I36
sS'luv'
p1340
I36
sS'state'
p1341
I36
sS'horrible'
p1342
I36
sS'\xe3\x81\x86\xe3\x82\x93\xe3\x80\x81\xe3\x81\x9d\xe3\x82\x8c\xe3\x81\xad\xe3\x80\x82\xe3\x82\x84\xe3\x81\xa0\xe3\x82\x84\xe3\x81\xa0\xe3\x83\xbc\xe3\x80\x82\xe5\x89\x8d\xe3\x81\xab\xe3\x82\xb5\xe3\x83\xb3\xe3\x82\xb0\xe3\x83\xa9\xe3\x82\xb9\xe3\x81\x8c\xe8\x80\xb3\xe3\x81\xab\xe3\x81\x8b\xe3\x81\x8b\xe3\x82\x89\xe3\x81\xaa\xe3\x81\x84\xe3\x81\xae\xe3\x82\x92"\xe3\x81\x93\xe3\x81\x86\xe3\x82\x86\xe3\x81\x86\xe6\x96\xb0\xe3\x81\x97\xe3\x81\x84\xe3\x83\x87\xe3\x82\xb6\xe3\x82\xa4\xe3\x83\xb3\xe3\x81\xaa\xe3\x82\x93\xe3\x81\xa0\xe3\x82\x88"\xe3\x81\xa3\xe3\x81\xa6\xe8\xa8\x80\xe3\x82\x8f\xe3\x82\x8c\xe3\x81\x9f\xe3\x80\x82\xe3\x81\x9d\xe3\x82\x8c\xe3\x82\x92\xe4\xbf\xa1\xe3\x81\x98\xe3\x81\xa6\xe3\x81\x9f\xe7\xa7\x81\xe3\x82\x82\xe3\x83\x90\xe3\x82\xab\xe3\x81\xa0\xe3\x81\xa3\xe3\x81\x9f\xe3\x80\x82'
p1343
I36
sS'job'
p1344
I35
sS'"tiffany"'
p1345
I36
sS'joke'
p1346
I36
sS'evo...for'
p1347
I36
sS'ami'
p1348
I36
sS'minnesotan'
p1349
I36
sS'cf'
p1350
I36
sS'cd'
p1351
I36
sS'laugh'
p1352
I36
sS'cousin'
p1353
I36
sS'table'
p1354
I36
sS'yay'
p1355
I35
sS"it's"
p1356
I21
sS'exhausted'
p1357
I35
sS'kahn'
p1358
I36
sS'mike'
p1359
I36
sS'\xe3\x82\xb8\xe3\x83\xa5\xe3\x83\xaa\xe3\x82\xa2\xe3\x83\xb3\xe3\x81\x8b\xe3\x82\x89\xe3\x81\x8a\xe8\x8f\x93\xe5\xad\x90\xe8\xb2\xb0\xe3\x81\xa3\xe3\x81\x9f\xe3\x81\xae\xe3\x81\xabtae(kyle)\xe3\x81\xab\xe5\x85\xa8\xe9\x83\xa8\xe9\xa3\x9f\xe3\x81\xb9\xe3\x82\x89\xe3\x82\x8c\xe3\x81\x9f\xe3\x80\x82\xe3\x81\x82\xe3\x81\xae\xe6\x86\xa7\xe3\x82\x8c\xe3\x81\xae\xe3\x82\xb8\xe3\x83\xa5\xe3\x83\xaa\xe3\x82\xa2\xe3\x83\xb3\xe3\x81\x8b\xe3\x82\x89\xe8\xb2\xb0\xe3\x81\xa3\xe3\x81\xa6\xe5\xac\x89\xe3\x81\x97\xe3\x81\x8f\xe3\x81\xa6\xe5\xa4\xa7\xe4\xba\x8b\xe3\x81\xab\xe6\x8f\xa1\xe3\x82\x8a\xe3\x81\x97\xe3\x82\x81\xe3\x81\xa6\xe3\x81\x9f\xe3\x81\xae\xe3\x81\xab(\xc2\xb4\xef\xbd\xa5_\xef\xbd\xa5`)\xe2\x80\xa6tae\xe8\xa8\xb1\xe3\x81\x95\xe3\x82\x93\xe3\x80\x82'
p1360
I36
sS'finished'
p1361
I36
sS'-.-'
p1362
I36
sS'bull'
p1363
I36
sS'an'
p1364
I32
sS'a.k.a'
p1365
I36
sS'spain'
p1366
I36
sS'holiday'
p1367
I36
sS'will'
p1368
I30
sS'\xe9\x81\x8b\xe5\x8b\x95\xe3\x81\x97\xe3\x81\x99\xe3\x81\x8e\xe3\x82\x8b\xe3\x81\xa8\xe6\x9c\xac\xe5\xbd\x93\xe3\x81\xab\xe9\xa3\x9f\xe6\xac\xb2\xe5\xa4\xb1\xe3\x81\x9b\xe3\x82\x8b'
p1369
I36
sS'hahaha'
p1370
I36
sS'ultra'
p1371
I36
sS'gr8\xe2\x80\x9d'
p1372
I36
sS'surprisingly'
p1373
I36
sS'vs'
p1374
I35
sS'\xe3\x81\x9d\xe3\x82\x8d\xe3\x81\x9d\xe3\x82\x8dlax\xe5\x90\x91\xe3\x81\x8b\xe3\x81\x86'
p1375
I36
sS'claimed'
p1376
I36
sS'bucks'
p1377
I36
sS'perhaps'
p1378
I36
sS'paula'
p1379
I36
sS'"they'
p1380
I36
sS'practice'
p1381
I35
sS'raymond'
p1382
I36
sS'promo'
p1383
I36
sS'\xe3\x81\xaa\xe3\x81\xab\xe3\x81\x8c\xe3\x81\x84\xe3\x81\x84\xef\xbc\x9f\xe3\x81\xa6\xe3\x81\x8b\xe6\x9d\xb1\xe4\xba\xac\xe8\xa1\x8c\xe3\x81\x91\xe3\x82\x8b\xe3\x81\x8b\xe3\x82\x82\xe3\x81\xbe\xe3\x81\xa0\xe5\xbe\xae\xe5\xa6\x99\xe3\x81\xaa\xe3\x82\x93\xe3\x81\xa0\xe3\x81\x91\xe3\x81\xa9\xe3\x81\xad\xe3\x80\x82\xe3\x81\x86\xe3\x82\x93'
p1384
I36
sS'upon'
p1385
I36
sS'beast'
p1386
I36
sS'student'
p1387
I36
sS'fucked'
p1388
I36
sS'hala'
p1389
I36
sS'bassrush'
p1390
I36
sS'off'
p1391
I32
sS'i'
p1392
I1
sS'well'
p1393
I35
sS'fighting'
p1394
I36
sS'\xe3\x81\x82\xe3\x81\x9f\xe3\x81\x97\xe5\xae\x9b\xe3\x81\xab\xe6\xaf\x8e\xe6\x97\xa5\xe3\x81\xae\xe3\x82\x88\xe3\x81\x86\xe3\x81\xab\xe6\x95\x99\xe4\xbc\x9a\xe3\x81\x8b\xe3\x82\x89\xe5\xa4\x89\xe3\x81\xaacd\xe5\xb1\x8a\xe3\x81\x8f'
p1395
I36
sS'breaker'
p1396
I36
sS'underdog'
p1397
I36
sS'wee'
p1398
I36
sS'drive'
p1399
I36
sS'wen'
p1400
I36
sS'reasons'
p1401
I36
sS'add'
p1402
I34
sS'other'
p1403
I35
sS'wet'
p1404
I36
sS'smart'
p1405
I35
sS"who's"
p1406
I35
sS"d'antoni"
p1407
I36
sS'know'
p1408
I31
sS'"buy'
p1409
I36
sS'nvm'
p1410
I36
sS'\xe3\x83\x9e\xe3\x83\x9e\xe3\x81\xa1\xe3\x82\x83\xe3\x82\x93\xe3\x81\xa8\xe8\xbf\x8e\xe3\x81\x88\xe3\x81\x8f\xe3\x82\x93\xe3\x81\xae\xe3\x81\x8b\xe3\x81\xaa\xef\xbc\x9f'
p1411
I36
sS'bgm\xe3\x81\xafgoodfeelin~'
p1412
I36
sS'like'
p1413
I20
sS'success'
p1414
I36
sS'miami'
p1415
I36
sS'2013-2014'
p1416
I36
sS'ewoks'
p1417
I36
sS'manboobs'
p1418
I36
sS'cleveland'
p1419
I36
sS'home'
p1420
I29
sS'tmw'
p1421
I35
sS'a)'
p1422
I36
sS'breakout'
p1423
I36
sS'passion'
p1424
I36
sS'chainz'
p1425
I36
sS'wendy'
p1426
I36
sS'kiddo'
p1427
I36
sS'finale'
p1428
I36
sS'schedule'
p1429
I36
sS'stage'
p1430
I36
sS'gained'
p1431
I36
sS'about'
p1432
I33
sS'rare'
p1433
I36
sS'justin'
p1434
I36
sS'getting'
p1435
I34
sS'swear'
p1436
I34
sS'swimming'
p1437
I36
sS'own'
p1438
I35
sS'errands'
p1439
I36
sS'weather'
p1440
I36
sS'museum'
p1441
I36
sS'apps'
p1442
I36
sS'kidding'
p1443
I36
sS'overlords'
p1444
I36
sS'ford'
p1445
I36
sS'buy'
p1446
I36
sS'north'
p1447
I36
sS"i've"
p1448
I33
sS'fasho'
p1449
I36
sS'bus'
p1450
I35
sS'but'
p1451
I16
sS'delivery'
p1452
I36
sS'reminds'
p1453
I36
sS'hi'
p1454
I36
sS'ear'
p1455
I36
sS'eat'
p1456
I33
sS'he'
p1457
I29
sS'made'
p1458
I34
sS'wish'
p1459
I34
sS'convince'
p1460
I36
sS'dmv'
p1461
I36
sS'minutes'
p1462
I35
sS'tae\xe6\x97\x85\xe7\xab\x8b\xe3\x81\xa3\xe3\x81\x9f'
p1463
I36
sS'pic'
p1464
I35
sS'inn'
p1465
I36
sS'pit'
p1466
I36
sS'book'
p1467
I36
sS'sick'
p1468
I35
sS'monday'
p1469
I36
sS'nrg'
p1470
I36
sS'stay'
p1471
I34
sS'chance'
p1472
I36
sS'kinda'
p1473
I36
sS'nintendo'
p1474
I36
sS'bitchy'
p1475
I36
sS'friends'
p1476
I31
sS'\xe2\x80\x94'
p1477
I36
sS"we're"
p1478
I35
sS'lives'
p1479
I34
s.