(dp0
S''
p1
I1
sS'colleges'
p2
I49
sS'four'
p3
I49
sS'hanging'
p4
I49
sS'hate'
p5
I40
sS'canes'
p6
I49
sS'buddy'
p7
I49
sS'tweet'
p8
I44
sS'sweetest'
p9
I49
sS'hahhahaha'
p10
I49
sS'under'
p11
I49
sS'loooovee'
p12
I49
sS'sorry'
p13
I44
sS'homie,90274\n471086954281701376,aringpop,2014-05-27'
p14
I49
sS'ilysm'
p15
I48
sS'every'
p16
I46
sS'jack'
p17
I49
sS'month'
p18
I49
sS'fireplace'
p19
I49
sS'tickets'
p20
I49
sS'school'
p21
I42
sS'cause'
p22
I48
sS'wednesday'
p23
I49
sS'frozen'
p24
I49
sS"yesterday's"
p25
I49
sS'you,90274\n491654629030367232,aringpop,2014-07-22'
p26
I49
sS'enjoy'
p27
I49
sS'tired'
p28
I49
sS'phones'
p29
I49
sS'shut'
p30
I49
sS'nail'
p31
I49
sS'second'
p32
I47
sS'fabulous'
p33
I47
sS'others"'
p34
I49
sS'chem'
p35
I49
sS'fattening'
p36
I49
sS'even'
p37
I39
sS"tonight's"
p38
I49
sS'+'
p39
I49
sS'beaten'
p40
I49
sS'fingers'
p41
I49
sS'slo'
p42
I49
sS'new'
p43
I40
sS'ever'
p44
I41
sS'pancakes'
p45
I48
sS'never'
p46
I41
sS'here'
p47
I41
sS'\xe2\x9d\xa4\xef\xb8\x8f'
p48
I43
sS'feeding'
p49
I49
sS'studio'
p50
I49
sS'pursuit'
p51
I49
sS'dorm'
p52
I49
sS'path'
p53
I49
sS'tumblr'
p54
I49
sS',90274\n473922968687755264,aringpop,2014-06-03'
p55
I49
sS'tursdayyyyy'
p56
I49
sS'kids'
p57
I47
sS'study'
p58
I48
sS'credit'
p59
I49
sS'\xe2\x9c\x94\xef\xb8\x8f'
p60
I49
sS"i'm"
p61
I20
sS'pack'
p62
I49
sS'golden'
p63
I49
sS'constipated'
p64
I49
sS'\xe2\x9c\x8c\xef\xb8\x8f,90274\n500882044541349889,aringpop,2014-08-17'
p65
I49
sS'feelings'
p66
I47
sS'bro'
p67
I46
sS'patience'
p68
I49
sS'opportunities'
p69
I49
sS'jackets'
p70
I49
sS'total'
p71
I48
sS'sarah'
p72
I49
sS'cheating'
p73
I49
sS'would'
p74
I41
sS'indians'
p75
I49
sS'cali'
p76
I47
sS'bike'
p77
I49
sS'music'
p78
I47
sS'therefore'
p79
I49
sS'calc'
p80
I48
sS'until'
p81
I48
sS'posting'
p82
I48
sS'holy'
p83
I49
sS'brings'
p84
I48
sS'haha'
p85
I45
sS'award'
p86
I49
sS'hurt'
p87
I49
sS'phone'
p88
I45
sS'adult'
p89
I49
sS'outdated'
p90
I49
sS'must'
p91
I48
sS'me'
p92
I15
sS'md'
p93
I49
sS'locked'
p94
I49
sS'room'
p95
I48
sS'shame'
p96
I49
sS'work'
p97
I45
sS'eclipse'
p98
I49
sS'roof'
p99
I49
sS'worth'
p100
I48
sS'geometry'
p101
I49
sS'cuddle'
p102
I49
sS'tinder'
p103
I49
sS'mr'
p104
I49
sS'my'
p105
I7
sS'sunset,90274\n490697258602479616,megan_barrera,2014-07-20'
p106
I49
sS'give'
p107
I49
sS'homie'
p108
I49
sS'want'
p109
I39
sS'keep'
p110
I47
sS'turn'
p111
I49
sS'sitting'
p112
I49
sS'damage'
p113
I49
sS'how'
p114
I38
sS'hot'
p115
I47
sS'jaqson'
p116
I49
sS'chase'
p117
I49
sS'beach'
p118
I40
sS'bday'
p119
I48
sS'after'
p120
I45
sS'wrong'
p121
I45
sS'salsa'
p122
I49
sS'law'
p123
I49
sS'siberia'
p124
I49
sS'danny'
p125
I49
sS'8:00'
p126
I49
sS'lost'
p127
I49
sS'think'
p128
I45
sS'green'
p129
I49
sS'goodbye'
p130
I49
sS'worst'
p131
I49
sS'thinkingggg'
p132
I49
sS'order'
p133
I49
sS'wind'
p134
I49
sS'wine'
p135
I49
sS'rn\xe2\x80\x9d'
p136
I49
sS'office'
p137
I49
sS'deck'
p138
I49
sS'over'
p139
I36
sS'before'
p140
I48
sS'tweet>>'
p141
I48
sS'fit'
p142
I48
sS'bringing'
p143
I49
sS'better'
p144
I43
sS'weeks'
p145
I49
sS'uoh'
p146
I49
sS'then'
p147
I47
sS'them'
p148
I48
sS'break'
p149
I48
sS'band'
p150
I49
sS'therapy'
p151
I49
sS'\xe2\x98\xba\xef\xb8\x8f'
p152
I48
sS'one'
p153
I27
sS'silver'
p154
I49
sS'readyy'
p155
I49
sS'l'
p156
I48
sS'alexis'
p157
I49
sS'newport'
p158
I49
sS'went'
p159
I49
sS'mean'
p160
I47
sS'snakes'
p161
I49
sS'gunna'
p162
I46
sS'bowls'
p163
I49
sS'taught'
p164
I49
sS'logo'
p165
I48
sS'whit'
p166
I49
sS'saturday'
p167
I47
sS'whip'
p168
I49
sS'goo'
p169
I49
sS'driving'
p170
I49
sS'god'
p171
I42
sS'self"'
p172
I49
sS'content'
p173
I49
sS'is)'
p174
I49
sS'nite'
p175
I49
sS'surprise'
p176
I49
sS'hooker'
p177
I49
sS'hermosa'
p178
I49
sS'arizona'
p179
I49
sS'cutest'
p180
I49
sS'\xe3\x81\xbe\xe3\x81\x98\xe3\x82\x8f\xe3\x81\x8b\xe3\x82\x8b\xef\xbc\x81\xe3\x81\x97\xe3\x81\x8b\xe3\x82\x82\xe6\x96\x87\xe5\x8f\xa5\xe3\x82\x82\xe8\xa8\x80\xe3\x81\x88\xe3\x81\x9a\xe3\x81\xa0\xe3\x82\x88\xe3\x81\xad\xef\xbc\x81\xe4\xbb\x8a\xe3\x83\x99\xe3\x83\x93\xe3\x83\xbc\xe3\x82\xb7\xe3\x83\x83\xe3\x82\xbf\xe3\x83\xbc\xe3\x81\x97\xe3\x81\xa6\xe3\x82\x8b\xe3\x81\x91\xe3\x81\xa9\xe6\xad\xbb\xe3\x81\xab\xe3\x81\x9d\xe3\x81\x86\xe7\xac\x91'
p181
I49
sS'little'
p182
I43
sS'hoodie'
p183
I49
sS"people's"
p184
I49
sS'wanted'
p185
I49
sS'westside'
p186
I49
sS'kik'
p187
I48
sS'starts'
p188
I49
sS'timelapse'
p189
I49
sS'days'
p190
I48
sS'ish'
p191
I49
sS'(at'
p192
I49
sS'fuckin'
p193
I49
sS'was\xe2\x80\xa6'
p194
I48
sS'already'
p195
I46
sS'characters'
p196
I49
sS'grade'
p197
I48
sS'hoot'
p198
I49
sS'another'
p199
I47
sS'top'
p200
I44
sS'girls'
p201
I48
sS'vagina'
p202
I49
sS'tango'
p203
I49
sS'ton'
p204
I49
sS'too'
p205
I41
sS'rockin'
p206
I49
sS'john'
p207
I48
sS'dogs'
p208
I49
sS'listen'
p209
I49
sS'grandchildren'
p210
I49
sS'leaking'
p211
I49
sS'took'
p212
I46
sS'wisdom'
p213
I49
sS'\xe2\x9c\x8c\xef\xb8\x8f\xe2\x9c\x8c\xef\xb8\x8f'
p214
I49
sS'bananas'
p215
I49
sS'target'
p216
I49
sS'hike'
p217
I49
sS'tree'
p218
I46
sS'rolex'
p219
I49
sS'shower'
p220
I48
sS'matter'
p221
I49
sS'classes'
p222
I48
sS'silly'
p223
I49
sS'speaking'
p224
I48
sS'feeling'
p225
I47
sS'jet$et'
p226
I49
sS'fashion'
p227
I48
sS'dormitorios'
p228
I49
sS'nose\xe2\x9b\x84\xef\xb8\x8f\xe2\x98\xba\xef\xb8\x8f\xe2\x98\x95\xef\xb8\x8f'
p229
I49
sS'mind'
p230
I49
sS'mine'
p231
I49
sS"f's"
p232
I49
sS'talking'
p233
I49
sS'rat'
p234
I46
sS'rap'
p235
I49
sS'seen'
p236
I48
sS'beckett'
p237
I49
sS'realm'
p238
I46
sS'\xe3\x81\x9a\xe3\x81\xa3\xe3\x81\xa8\xe4\xb8\x80\xe7\xb7\x92\xe3\x81\xab\xe3\x81\x84\xe3\x82\x8b\xe3\x81\xa8\xe3\x81\x84\xe3\x82\x8b\xe3\x81\xae\xe3\x81\x8c\xe5\xbd\x93\xe3\x81\x9f\xe3\x82\x8a\xe5\x89\x8d\xe3\x81\xa8\xe6\x80\x9d\xe3\x81\x86\xe3\x81\x91\xe3\x81\xa9\xe3\x80\x81\xe3\x81\x9d\xe3\x83\xbc\xe3\x82\x86\xe3\x83\xbc\xe4\xba\xba\xe9\x81\x94\xe3\x81\x8c\xe3\x81\xbf\xe3\x82\x93\xe3\x81\xaa\xe9\x9b\xa2\xe3\x82\x8c\xe3\x81\xa6\xe3\x81\x84\xe3\x81\x8f\xe3\x81\xae\xe3\x81\x8c\xe3\x81\xbe\xe3\x81\x98\xe6\x82\xb2\xe3\x81\x97\xe3\x81\x84\xe6\xb3\xa3\xe3\x85\xa0'
p239
I49
sS'convenient'
p240
I49
sS'cope'
p241
I49
sS'-'
p242
I41
sS'hoodz'
p243
I49
sS'rides'
p244
I49
sS'merryyy'
p245
I49
sS'nobody'
p246
I49
sS'though'
p247
I49
sS'mouth'
p248
I48
sS'letter'
p249
I49
sS'alabama'
p250
I49
sS'consumed'
p251
I49
sS'dog'
p252
I46
sS'definitely'
p253
I48
sS'swigg\xe2\x9c\x8c\xef\xb8\x8f'
p254
I49
sS'consumes'
p255
I49
sS'came'
p256
I48
sS'queen'
p257
I49
sS'ending'
p258
I49
sS'yaaayaa'
p259
I49
sS'nephew'
p260
I49
sS'you:)'
p261
I49
sS'toast'
p262
I49
sS'cousins'
p263
I48
sS'explain'
p264
I49
sS'hrs'
p265
I48
sS'athletic'
p266
I49
sS'folks'
p267
I49
sS'laptop'
p268
I48
sS'bitchy"'
p269
I49
sS'wearing'
p270
I47
sS'do'
p271
I29
sS'dl'
p272
I49
sS'dm'
p273
I49
sS'dj'
p274
I49
sS'de'
p275
I49
sS'watch'
p276
I47
sS'coast'
p277
I49
sS'wedding'
p278
I49
sS'knocks'
p279
I49
sS'bay'
p280
I49
sS'bad'
p281
I47
sS'bae'
p282
I48
sS'shots'
p283
I49
sS'release'
p284
I49
sS'yasss'
p285
I49
sS'adorbss'
p286
I49
sS'goodnight'
p287
I48
sS'decided'
p288
I49
sS'todayyyyyy'
p289
I49
sS'fail'
p290
I48
sS'best'
p291
I38
sS'said'
p292
I48
sS'04'
p293
I49
sS'away'
p294
I47
sS'"oh'
p295
I49
sS'future'
p296
I47
sS'olympics'
p297
I49
sS'pets'
p298
I49
sS'yogurt'
p299
I49
sS'sorts'
p300
I49
sS'approach'
p301
I49
sS'preserve'
p302
I49
sS'we'
p303
I28
sS'omg'
p304
I38
sS'wa'
p305
I49
sS'nature'
p306
I49
sS'confusion'
p307
I49
sS'ros\xc3\xa9'
p308
I49
sS'boss'
p309
I49
sS'wait\xe2\x80\x9d'
p310
I49
sS'harvard'
p311
I48
sS'wtf'
p312
I48
sS'news'
p313
I49
sS'met'
p314
I49
sS'adventures'
p315
I48
sS'estates'
p316
I34
sS'con'
p317
I49
sS'had'
p318
I45
sS'/pole'
p319
I49
sS'coconut'
p320
I49
sS'active'
p321
I49
sS'tons'
p322
I49
sS'yaaa'
p323
I49
sS'blonde'
p324
I49
sS'trust'
p325
I48
sS'gratitude'
p326
I49
sS"aren't"
p327
I49
sS'sam'
p328
I49
sS'\xe2\x9d\xa4\xe2\x98\x80'
p329
I49
sS'sachs'
p330
I45
sS'been'
p331
I41
sS'beer'
p332
I49
sS'much'
p333
I29
sS'lovely'
p334
I49
sS'life'
p335
I32
sS'sooooo'
p336
I48
sS'19:07:07.0,33.78872831,-118.41044846,6703.26,my'
p337
I49
sS'child'
p338
I49
sS'catch'
p339
I49
sS'worked'
p340
I49
sS'haters'
p341
I49
sS'chill'
p342
I49
sS'sabzerous'
p343
I49
sS'lachjaw'
p344
I49
sS'fallon'
p345
I49
sS'n'
p346
I48
sS'near'
p347
I49
sS'gna'
p348
I49
sS'ugliest'
p349
I49
sS'opulence'
p350
I49
sS'k'
p351
I49
sS'mistake'
p352
I49
sS'is'
p353
I11
sS'it'
p354
I13
sS'player'
p355
I49
sS'cant'
p356
I49
sS'im'
p357
I37
sS'in'
p358
I9
sS'id'
p359
I49
sS'if'
p360
I41
sS'nike'
p361
I49
sS'things'
p362
I43
sS'make'
p363
I40
sS'bella'
p364
I49
sS'craigslist'
p365
I49
sS'hahah'
p366
I49
sS'european'
p367
I49
sS'peaks'
p368
I49
sS'hang'
p369
I49
sS'coachella'
p370
I49
sS'evil'
p371
I49
sS'delight'
p372
I49
sS'deere'
p373
I49
sS'verdes\xe2\x80\xa6'
p374
I48
sS'jealous'
p375
I48
sS"he'll"
p376
I49
sS'tune'
p377
I49
sS'05:19:15.0,33.78225587,-118.41621825,6703.26,army'
p378
I49
sS'butter'
p379
I48
sS'13071'
p380
I49
sS'possibly'
p381
I49
sS'failing'
p382
I49
sS'ocean'
p383
I46
sS'tho'
p384
I48
sS'greatest'
p385
I49
sS'mother'
p386
I48
sS'the'
p387
I3
sS'lyssie_poo'
p388
I49
sS'yours'
p389
I48
sS'dads'
p390
I49
sS'just'
p391
I14
sS'yea'
p392
I48
sS'photo'
p393
I41
sS'pose"'
p394
I49
sS'hahahha'
p395
I49
sS'dream"'
p396
I49
sS'thanks'
p397
I34
sS'shuddupp'
p398
I49
sS'yes'
p399
I41
sS'yet'
p400
I48
sS'hills'
p401
I48
sS'josh'
p402
I49
sS'shout'
p403
I49
sS'yoyo'
p404
I49
sS'board'
p405
I48
sS'has'
p406
I37
sS'gave'
p407
I49
sS'hanson.\xe2\x80\x9d'
p408
I49
sS'-madi'
p409
I49
sS'breaks'
p410
I49
sS'8:45pm'
p411
I49
sS',90274\n469595207600992256,aringpop,2014-05-22'
p412
I49
sS'judge'
p413
I49
sS'dreams'
p414
I49
sS'apart'
p415
I49
sS'dignity'
p416
I49
sS'gift'
p417
I49
sS'='
p418
I49
sS'overrated'
p419
I49
sS'night'
p420
I39
sS'right'
p421
I34
sS'honored'
p422
I49
sS'deal'
p423
I49
sS'people'
p424
I31
sS'butterfield'
p425
I49
sS'dead'
p426
I47
sS'riiigghhhttt'
p427
I49
sS'dear'
p428
I49
sS'(palos'
p429
I44
sS'confusing'
p430
I49
sS'for'
p431
I15
sS'wango'
p432
I48
sS'ice'
p433
I49
sS'creative'
p434
I48
sS'everything'
p435
I42
sS'foo'
p436
I49
sS'christmas'
p437
I35
sS'beeeaaaccchhhhhh'
p438
I49
sS'b\xc3\xa6'
p439
I49
sS'burn'
p440
I49
sS'\xe2\x98\x81\xef\xb8\x8f\xe2\x9d\xa4\xef\xb8\x8f'
p441
I49
sS'pees'
p442
I49
sS'post'
p443
I48
sS'pll'
p444
I49
sS'super'
p445
I47
sS'diner'
p446
I49
sS'o'
p447
I45
sS'dinner'
p448
I47
sS'afternoon'
p449
I49
sS'facetime'
p450
I49
sS'whats'
p451
I49
sS'pays'
p452
I49
sS'selfie'
p453
I49
sS'soo'
p454
I49
sS'son'
p455
I48
sS'down'
p456
I45
sS'freshman'
p457
I49
sS'wrap'
p458
I49
sS'dean'
p459
I44
sS'shhhh'
p460
I49
sS'tennis'
p461
I49
sS'jealousy'
p462
I47
sS'fight'
p463
I48
sS'way'
p464
I43
sS'greatness'
p465
I49
sS'call'
p466
I49
sS'was'
p467
I23
sS'happy'
p468
I22
sS'head'
p469
I49
sS'calummmmm'
p470
I49
sS'girls\xe2\x9d\xa4\xef\xb8\x8f'
p471
I49
sS'6'
p472
I49
sS'truu'
p473
I49
sS'failure'
p474
I49
sS'cliffs\xe2\x80\xa6'
p475
I49
sS'understandable'
p476
I49
sS'floatin\xe2\x80\x99'
p477
I49
sS'tell'
p478
I46
sS'adore'
p479
I49
sS'facetimed'
p480
I49
sS'perasso'
p481
I49
sS'later'
p482
I49
sS'sticks'
p483
I48
sS'classic'
p484
I47
sS'showin'
p485
I49
sS'exist'
p486
I49
sS'annoying'
p487
I47
sS'trip'
p488
I48
sS'shit'
p489
I48
sS',90274\n490161775204384768,aringpop,2014-07-18'
p490
I49
sS'holla'
p491
I49
sS'vista'
p492
I49
sS'no'
p493
I26
sS'commercials'
p494
I49
sS'when'
p495
I25
sS'reality'
p496
I49
sS'fxcked'
p497
I49
sS'sandaled'
p498
I49
sS'\xce\x9dew'
p499
I49
sS'whew'
p500
I49
sS'ambitious'
p501
I49
sS'capstone'
p502
I47
sS'test'
p503
I49
sS'holly'
p504
I49
sS'picture'
p505
I49
sS'models'
p506
I49
sS'felt'
p507
I49
sS"let's"
p508
I45
sS'fell'
p509
I49
sS'\xe2\x9d\xa4\xef\xb8\x8f\xe2\x9d\xa4\xef\xb8\x8f,90274\n472206849048322048,aringpop,2014-05-30'
p510
I49
sS'weekend'
p511
I46
sS'died'
p512
I49
sS'babysitting'
p513
I49
sS'younger'
p514
I49
sS'faster'
p515
I49
sS'australians'
p516
I49
sS'yayayay'
p517
I49
sS'time'
p518
I39
sS'serious'
p519
I48
sS'paige'
p520
I49
sS'neighbors'
p521
I49
sS'peacock'
p522
I49
sS':/'
p523
I48
sS':)'
p524
I40
sS'whoever'
p525
I49
sS'....once'
p526
I49
sS'cobra'
p527
I49
sS'theaters'
p528
I49
sS'grateful'
p529
I48
sS'2000-2005'
p530
I49
sS'21st'
p531
I49
sS'zone'
p532
I49
sS'prom'
p533
I48
sS'finally'
p534
I46
sS'hannah'
p535
I48
sS'choice'
p536
I48
sS'flustered^2'
p537
I49
sS'word'
p538
I47
sS'exact'
p539
I49
sS'minute'
p540
I49
sS'cool'
p541
I45
sS'gnarly'
p542
I49
sS"ama's"
p543
I49
sS'knockin'
p544
I49
sS'did'
p545
I37
sS'cloudy'
p546
I49
sS'labels'
p547
I49
sS'team'
p548
I49
sS'guy'
p549
I48
sS'says'
p550
I48
sS'run'
p551
I45
sS',90274\n474433395918110721,aringpop,2014-06-05'
p552
I49
sS'shares'
p553
I49
sS'current'
p554
I49
sS'suspect'
p555
I49
sS'goes'
p556
I49
sS'spirt'
p557
I49
sS'filled'
p558
I48
sS'satisfy'
p559
I49
sS'alina'
p560
I49
sS'grandparents'
p561
I48
sS'makeup'
p562
I49
sS'witch'
p563
I49
sS'goldfish'
p564
I48
sS'teacher'
p565
I49
sS'change'
p566
I49
sS'wait'
p567
I47
sS'box'
p568
I48
sS'boy'
p569
I46
sS'gnar'
p570
I49
sS'maguire'
p571
I49
sS'healthy'
p572
I49
sS'shift'
p573
I49
sS'boi'
p574
I49
sS'jammin'
p575
I49
sS'cinnamon'
p576
I49
sS'('
p577
I49
sS'weird'
p578
I49
sS'studies'
p579
I49
sS'love'
p580
I17
sS'mcguire'
p581
I49
sS'instas'
p582
I49
sS'extra'
p583
I48
sS'snibbit'
p584
I49
sS'mckenna'
p585
I49
sS'quenching'
p586
I49
sS'troops'
p587
I49
sS'...same'
p588
I49
sS'aye'
p589
I48
sS'dude'
p590
I47
sS'only'
p591
I39
sS'france'
p592
I48
sS'ca)'
p593
I45
sS'iphone'
p594
I48
sS'today'
p595
I36
sS'loving'
p596
I48
sS'sharing'
p597
I49
sS'ninny'
p598
I49
sS'chocolate'
p599
I45
sS'ignorant'
p600
I48
sS'riding'
p601
I48
sS'effort'
p602
I48
sS'fly'
p603
I49
sS'pageant'
p604
I49
sS'douche'
p605
I49
sS'tokyo'
p606
I49
sS'eeeeee'
p607
I49
sS'car'
p608
I44
sS'soul'
p609
I48
sS'cat'
p610
I49
sS'decker'
p611
I48
sS'can'
p612
I40
sS'gaaaaayyyy'
p613
I49
sS'kendrick'
p614
I49
sS'following'
p615
I49
sS'making'
p616
I48
sS'heart'
p617
I46
sS'crazy'
p618
I48
sS'muah'
p619
I49
sS'chip'
p620
I47
sS"didn't"
p621
I43
sS'fuck'
p622
I45
sS'skydiving'
p623
I49
sS'dropped'
p624
I49
sS'allowed'
p625
I48
sS'listens'
p626
I49
sS'means'
p627
I49
sS'write'
p628
I49
sS'immune'
p629
I49
sS'sunday'
p630
I49
sS'fourth'
p631
I49
sS'map'
p632
I49
sS'staying'
p633
I49
sS'may'
p634
I49
sS'max'
p635
I49
sS'snl'
p636
I48
sS'spot'
p637
I47
sS'14:57:49.0,33.78216706,-118.4163107,6703.26,now'
p638
I49
sS'accessory'
p639
I49
sS'birthday'
p640
I30
sS'mad'
p641
I49
sS'date'
p642
I48
sS'such'
p643
I44
sS'suck'
p644
I49
sS'guys'
p645
I43
sS'eighth'
p646
I49
sS'man'
p647
I46
sS'surfing'
p648
I49
sS'remember'
p649
I48
sS'frick'
p650
I48
sS'whenever'
p651
I49
sS'maybe'
p652
I49
sS'14:12:34.0,33.78229457,-118.41625901,6703.26,last'
p653
I49
sS'q'
p654
I49
sS'so'
p655
I10
sS'african'
p656
I49
sS'talk'
p657
I43
sS'typical'
p658
I49
sS'cute'
p659
I44
sS'breaking'
p660
I49
sS'shoes'
p661
I49
sS'midnight'
p662
I49
sS'years'
p663
I46
sS'professors'
p664
I49
sS'ended'
p665
I48
sS'cold'
p666
I49
sS'still'
p667
I46
sS'thank'
p668
I26
sS"he's"
p669
I49
sS'thang'
p670
I49
sS'cheerleaders'
p671
I48
sS'amazing'
p672
I37
sS'faves'
p673
I49
sS'same\xe2\x9d\xa4\xef\xb8\x8f'
p674
I49
sS'tweets'
p675
I48
sS'mail'
p676
I49
sS'ahh'
p677
I48
sS'texas'
p678
I49
sS'3'
p679
I44
sS'moms'
p680
I49
sS'feelin'
p681
I49
sS'flint'
p682
I49
sS'wealthy'
p683
I49
sS'not'
p684
I29
sS'now'
p685
I35
sS'shhh'
p686
I49
sS'runners'
p687
I48
sS'pictures\xe2\x80\x9d'
p688
I49
sS'name'
p689
I44
sS'thankful'
p690
I47
sS'january'
p691
I49
sS'drop'
p692
I49
sS'rock'
p693
I48
sS'cliffs'
p694
I33
sS"rt's*"
p695
I49
sS'forward,90274\n496434410120839168,aringpop,2014-08-04'
p696
I49
sS'brews'
p697
I49
sS'en'
p698
I49
sS'eh'
p699
I48
sS'yeah'
p700
I45
sS'ec'
p701
I49
sS'20:19:43.0,33.78872809,-118.41062507,6703.26,good'
p702
I49
sS'fires'
p703
I49
sS'persian'
p704
I49
sS'year'
p705
I44
sS'girl'
p706
I42
sS'teams'
p707
I49
sS'nippin'
p708
I49
sS'living'
p709
I48
sS'shown'
p710
I49
sS'and\xe2\x80\xa6'
p711
I48
sS'23:16:01.0,33.7822764,-118.41618933,6703.26,i'
p712
I49
sS'hajah'
p713
I49
sS'thirst'
p714
I49
sS'looking'
p715
I48
sS'seriously'
p716
I44
sS"shouldn't"
p717
I49
sS'bless'
p718
I49
sS'100s'
p719
I49
sS'7%'
p720
I49
sS'shows'
p721
I48
sS'quite'
p722
I49
sS'mercedes'
p723
I49
sS'california'
p724
I41
sS'rebel'
p725
I49
sS'6:20'
p726
I49
sS'card'
p727
I49
sS'care'
p728
I48
sS'training'
p729
I49
sS'language'
p730
I49
sS'question'
p731
I49
sS'100%'
p732
I48
sS'calories'
p733
I49
sS'love\xe2\x94\x94a'
p734
I49
sS'thing'
p735
I45
sS'someone.\xe2\x80\x9d'
p736
I49
sS'place'
p737
I47
sS'yess'
p738
I48
sS'motherfuckers'
p739
I49
sS'first'
p740
I44
sS'spoken'
p741
I49
sS'sock'
p742
I49
sS'yourself'
p743
I47
sS'"nerdles"'
p744
I49
sS'long'
p745
I44
sS'directly'
p746
I49
sS'sounds'
p747
I49
sS'tomorrow'
p748
I42
sS'city'
p749
I49
sS'sheer'
p750
I49
sS'arco'
p751
I49
sS'sheet'
p752
I49
sS'slept'
p753
I49
sS'anyone'
p754
I49
sS'fml'
p755
I49
sS'2'
p756
I47
sS'escort'
p757
I49
sS'white'
p758
I49
sS'friend'
p759
I46
sS'that'
p760
I15
sS'season'
p761
I48
sS'suit'
p762
I49
sS'thankss'
p763
I49
sS'cops'
p764
I49
sS'dudes'
p765
I49
sS'ridiculous'
p766
I49
sS'slashed'
p767
I49
sS'than'
p768
I44
sS"here's"
p769
I48
sS'boyfriend'
p770
I49
sS'10'
p771
I47
sS'13'
p772
I49
sS'12'
p773
I49
sS'lmao'
p774
I49
sS'gotta'
p775
I49
sS'r'
p776
I47
sS'were'
p777
I47
sS'gawwwgeous'
p778
I49
sS'and'
p779
I12
sS'20s'
p780
I49
sS'san'
p781
I48
sS'nicer'
p782
I49
sS'slay'
p783
I49
sS'19:43:53.0,33.7821887,-118.41633098,6703.26,,90274\n496887271908704256,aringpop,2014-08-06'
p784
I49
sS'sad'
p785
I49
sS'ant'
p786
I49
sS'woah'
p787
I47
sS'say'
p788
I45
sS'conspiracy'
p789
I49
sS'allen'
p790
I49
sS'breakfast'
p791
I48
sS'saw'
p792
I45
sS'any'
p793
I43
sS'sat'
p794
I49
sS'favorite\xe2\x98\xba\xef\xb8\x8f'
p795
I49
sS'endangered'
p796
I49
sS'take'
p797
I47
sS'bitching'
p798
I49
sS'sure'
p799
I49
sS'pain'
p800
I49
sS'world.love'
p801
I49
sS'knew'
p802
I49
sS'voice*'
p803
I49
sS'clich\xc3\xa9'
p804
I49
sS'winters'
p805
I49
sS'michelle'
p806
I49
sS'forever'
p807
I49
sS'average'
p808
I47
sS'proud'
p809
I47
sS'drive'
p810
I46
sS'sunset'
p811
I47
sS'hear'
p812
I48
sS'senior'
p813
I47
sS'estates\xe2\x80\xa6'
p814
I49
sS'shop'
p815
I49
sS'madison'
p816
I49
sS'show'
p817
I46
sS'kidddddddinggggg'
p818
I49
sS"mama's"
p819
I49
sS',90274\n500891223650205697,aringpop,2014-08-17'
p820
I49
sS'trot'
p821
I49
sS'\xe2\x9c\x8b'
p822
I49
sS'true'
p823
I48
sS'enough'
p824
I47
sS'tears'
p825
I48
sS'going'
p826
I38
sS'black'
p827
I45
sS'madeline'
p828
I49
sS'daaa'
p829
I49
sS'blinds'
p830
I49
sS'palos'
p831
I18
sS'info'
p832
I49
sS'get'
p833
I36
sS'sooo'
p834
I48
sS'jazz'
p835
I49
sS'cannot'
p836
I49
sS'davidcsachs'
p837
I49
sS'celebrate'
p838
I49
sS'freaking'
p839
I48
sS'prime'
p840
I48
sS'02:52:07.0,33.78585263,-118.41816654,6703.26,hot'
p841
I49
sS'morning'
p842
I46
sS'naked'
p843
I48
sS'miles'
p844
I49
sS'miley'
p845
I49
sS'finishing'
p846
I49
sS'pants'
p847
I49
sS'where'
p848
I45
sS'vision'
p849
I49
sS"y'all"
p850
I48
sS'signs'
p851
I49
sS'up'
p852
I28
sS'lyfe'
p853
I49
sS'college'
p854
I47
sS'seal'
p855
I49
sS'calendar'
p856
I49
sS'sport'
p857
I49
sS'wonder'
p858
I48
sS'dexter'
p859
I48
sS'(kyle'
p860
I49
sS'review'
p861
I49
sS"claudia's"
p862
I49
sS"father's"
p863
I49
sS'outside'
p864
I48
sS'diamonds'
p865
I49
sS'yepp'
p866
I49
sS'road-trips'
p867
I49
sS'19:02:00.0,33.78872831,-118.41044846,6703.26,huge'
p868
I49
sS'vertical'
p869
I49
sS'smashed'
p870
I49
sS'jk'
p871
I49
sS'come'
p872
I42
sS'many'
p873
I45
sS's'
p874
I49
sS"can't"
p875
I43
sS'6:34'
p876
I49
sS'key'
p877
I49
sS'color'
p878
I48
sS'jeans'
p879
I49
sS'05:15:32.0,33.78227596,-118.41618609,6703.26,i'
p880
I49
sS"couldn't"
p881
I48
sS'nicole'
p882
I48
sS'today\xe2\x80\xa6'
p883
I49
sS'lifes'
p884
I49
sS'ucla'
p885
I49
sS'mark'
p886
I49
sS'workshop'
p887
I48
sS'mary'
p888
I49
sS'strategy:cheetos'
p889
I49
sS'schoolboy'
p890
I49
sS'direction'
p891
I48
sS'shopping'
p892
I48
sS'photos'
p893
I48
sS'wake'
p894
I48
sS'those'
p895
I42
sS'case'
p896
I49
sS'myself'
p897
I48
sS'spiderman'
p898
I47
sS'ratchet'
p899
I49
sS'care"'
p900
I49
sS'situation'
p901
I49
sS'on\xe2\x80\x9d'
p902
I49
sS'expensive,90274\n471008878579433474,aringpop,2014-05-26'
p903
I49
sS'agritopia\xe2\x84\xa2'
p904
I49
sS'coffee'
p905
I49
sS'sleeping'
p906
I49
sS'middle'
p907
I48
sS'evening'
p908
I49
sS'ironic'
p909
I49
sS'everyday'
p910
I47
sS'worry'
p911
I49
sS'helmet'
p912
I49
sS'different'
p913
I47
sS'pay'
p914
I49
sS'bowl'
p915
I49
sS'tour'
p916
I49
sS'same'
p917
I42
sS'check'
p918
I47
sS'food'
p919
I47
sS'bows'
p920
I49
sS'urself'
p921
I49
sS'"i'
p922
I47
sS'retweeting'
p923
I49
sS'narry'
p924
I49
sS'week'
p925
I46
sS'voss'
p926
I49
sS'foak'
p927
I49
sS'running'
p928
I49
sS'favorites'
p929
I49
sS'totally'
p930
I49
sS'\xe2\x9c\x8c\xef\xb8\x8f'
p931
I49
sS'tracking'
p932
I49
sS'seessewee'
p933
I49
sS'shot/edited'
p934
I49
sS'nothin'
p935
I49
sS'without'
p936
I49
sS'19:18:24.0,33.7821785,-118.41624004,6703.26,yes'
p937
I49
sS'consisted'
p938
I49
sS'summer'
p939
I49
sS'they'
p940
I45
sS'ransoms'
p941
I49
sS'being'
p942
I43
sS'"true'
p943
I49
sS'rest'
p944
I49
sS'kill'
p945
I49
sS'prince_albie'
p946
I49
sS'speed'
p947
I49
sS'21+'
p948
I49
sS'can\xe2\x80\xa6'
p949
I49
sS'death'
p950
I49
sS'bridgette'
p951
I49
sS'crocodiles'
p952
I49
sS'lets'
p953
I47
sS'pile'
p954
I49
sS'4'
p955
I46
sS'thoughts'
p956
I49
sS'you\xe2\x9c\x8c\xef\xb8\x8f'
p957
I49
sS"peninsula's"
p958
I49
sS'ca'
p959
I49
sS'styles'
p960
I49
sS'jake'
p961
I49
sS'holding'
p962
I49
sS'barbecuing'
p963
I49
sS'read'
p964
I48
sS'early'
p965
I49
sS'\xe2\x9d\xa4'
p966
I46
sS'tie'
p967
I49
sS'world'
p968
I46
sS'lady'
p969
I49
sS'darf'
p970
I49
sS'towel'
p971
I49
sS'christine'
p972
I49
sS'patrick'
p973
I49
sS'kopitar'
p974
I49
sS'nose'
p975
I48
sS'dayvaycay'
p976
I49
sS'always'
p977
I43
sS'misssssssssssss'
p978
I49
sS'sharp'
p979
I49
sS'hahhaha'
p980
I49
sS'whaaaaat'
p981
I49
sS'rage'
p982
I49
sS'cowboys'
p983
I49
sS'yesss'
p984
I48
sS'alonethanks'
p985
I49
sS'mood'
p986
I49
sS'(may'
p987
I49
sS'memories'
p988
I47
sS'turnup'
p989
I49
sS'panics'
p990
I49
sS'marriage'
p991
I49
sS'power'
p992
I49
sS'seconds'
p993
I49
sS'equivalent'
p994
I49
sS'shayna'
p995
I49
sS'broken'
p996
I49
sS'leftover'
p997
I49
sS';)'
p998
I49
sS'throw'
p999
I49
sS'asai'
p1000
I49
sS'on'
p1001
I19
sS'ok'
p1002
I45
sS'oh'
p1003
I40
sS'of'
p1004
I8
sS'favorite'
p1005
I42
sS'brittany'
p1006
I49
sS'or\xe2\x80\xa6'
p1007
I49
sS'mixed'
p1008
I49
sS'luck'
p1009
I49
sS'or'
p1010
I42
sS'road'
p1011
I49
sS'burning'
p1012
I49
sS'youu'
p1013
I49
sS'your'
p1014
I23
sS'neymar'
p1015
I49
sS"how's"
p1016
I49
sS'her'
p1017
I46
sS'hes'
p1018
I48
sS'whales'
p1019
I49
sS'there'
p1020
I42
sS'hey'
p1021
I45
sS'lol'
p1022
I37
sS'los'
p1023
I48
sS'cats'
p1024
I49
sS'low'
p1025
I49
sS'biebettes'
p1026
I49
sS'pretends'
p1027
I49
sS'>>>>>'
p1028
I49
sS'"i\'m'
p1029
I49
sS'brain'
p1030
I49
sS'trying'
p1031
I48
sS'with'
p1032
I14
sS'happening'
p1033
I49
sS"they're"
p1034
I49
sS'||'
p1035
I45
sS'october'
p1036
I49
sS'stanford'
p1037
I49
sS"wasn't"
p1038
I48
sS'tellin'
p1039
I49
sS'swaggy'
p1040
I49
sS'gone'
p1041
I49
sS'gona'
p1042
I48
sS'videos'
p1043
I49
sS'taste'
p1044
I49
sS'certain'
p1045
I49
sS'am'
p1046
I36
sS'an'
p1047
I37
sS'ap'
p1048
I47
sS'as'
p1049
I40
sS'at'
p1050
I21
sS'aw'
p1051
I48
sS'lifetime'
p1052
I49
sS'az'
p1053
I49
sS'cream'
p1054
I49
sS'again'
p1055
I44
sS'idiot'
p1056
I48
sS'field'
p1057
I49
sS'5'
p1058
I47
sS'you'
p1059
I4
sS'7\xe2\x84\x89'
p1060
I49
sS'meeerrryyy'
p1061
I49
sS'earlyyyyyy'
p1062
I49
sS'poop'
p1063
I49
sS'games'
p1064
I49
sS'obsessed'
p1065
I48
sS'drift'
p1066
I49
sS'cove'
p1067
I27
sS'peak'
p1068
I49
sS'coverage'
p1069
I49
sS'finals'
p1070
I49
sS'pool'
p1071
I48
sS'calls'
p1072
I49
sS'u'
p1073
I33
sS'apparel'
p1074
I49
sS'starting'
p1075
I49
sS'strings'
p1076
I49
sS'cruisin'
p1077
I49
sS'all'
p1078
I30
sS'bull'
p1079
I49
sS'seals'
p1080
I49
sS'shrooms'
p1081
I49
sS'follow'
p1082
I48
sS'decisions'
p1083
I49
sS'imma'
p1084
I48
sS'frkn'
p1085
I49
sS'thursday'
p1086
I49
sS'laughing'
p1087
I48
sS'to'
p1088
I6
sS'solicit'
p1089
I49
sS'enjoying'
p1090
I49
sS'sound'
p1091
I49
sS'02:37:47.0,33.78221199,-118.41622193,6703.26,living'
p1092
I49
sS'r10'
p1093
I48
sS'song'
p1094
I48
sS'far'
p1095
I48
sS'fav'
p1096
I49
sS'fat'
p1097
I48
sS'?,90274\n472363266174627841,aringpop,2014-05-30'
p1098
I49
sS'morning\xe2\x98\x95\xef\xb8\x8f'
p1099
I49
sS'fak'
p1100
I49
sS'fan'
p1101
I48
sS'got'
p1102
I44
sS'ticket'
p1103
I49
sS'rn'
p1104
I48
sS'these'
p1105
I41
sS'harry'
p1106
I49
sS'blackout'
p1107
I49
sS"i'll"
p1108
I48
sS'cookies'
p1109
I49
sS'past'
p1110
I48
sS'zero'
p1111
I49
sS'pass'
p1112
I49
sS'casual'
p1113
I49
sS'nbd'
p1114
I48
sS'what'
p1115
I29
sS'youuu'
p1116
I49
sS'emotions'
p1117
I49
sS'suh'
p1118
I49
sS'learned'
p1119
I49
sS"lol'd"
p1120
I49
sS'full'
p1121
I49
sS'492910'
p1122
I49
sS"annie's"
p1123
I49
sS'hours'
p1124
I47
sS'muchhhhhh'
p1125
I49
sS'surfed'
p1126
I49
sS'strong'
p1127
I49
sS'legend'
p1128
I49
sS'tortoise'
p1129
I49
sS'ahead'
p1130
I49
sS'experience'
p1131
I49
sS'pics'
p1132
I47
sS'amount'
p1133
I49
sS'arent'
p1134
I49
sS'pick'
p1135
I48
sS'real'
p1136
I46
sS'coastline'
p1137
I49
sS"'twas"
p1138
I49
sS'via'
p1139
I49
sS'family'
p1140
I48
sS'ask'
p1141
I46
sS'semester'
p1142
I49
sS'pulls'
p1143
I49
sS"sister's"
p1144
I49
sS'gosh'
p1145
I49
sS'takes'
p1146
I48
sS'two'
p1147
I44
sS'gorgeous'
p1148
I48
sS'taken'
p1149
I49
sS'more'
p1150
I43
sS'\xe2\x86\xa0'
p1151
I49
sS'door'
p1152
I48
sS'knows'
p1153
I48
sS'grabbing'
p1154
I49
sS"ain't"
p1155
I49
sS'stick'
p1156
I49
sS'broke'
p1157
I49
sS'known'
p1158
I48
sS'hurry'
p1159
I49
sS'glad'
p1160
I49
sS'hour'
p1161
I49
sS'chardonnay'
p1162
I49
sS'nine'
p1163
I49
sS'v'
p1164
I49
sS'excursion'
p1165
I49
sS'def'
p1166
I49
sS'history'
p1167
I49
sS'beautiful'
p1168
I44
sS'purchases'
p1169
I49
sS'shark'
p1170
I47
sS'lolol'
p1171
I49
sS',90274\n490275217168936961,aringpop,2014-07-18'
p1172
I49
sS'sense'
p1173
I49
sS'11:00'
p1174
I49
sS'needs'
p1175
I49
sS'awkward'
p1176
I48
sS'acts'
p1177
I49
sS'surpassed'
p1178
I49
sS'estates)'
p1179
I49
sS'okay'
p1180
I47
sS'tried'
p1181
I49
sS'bags'
p1182
I49
sS'sneak'
p1183
I49
sS'coming'
p1184
I45
sS'invasion'
p1185
I49
sS'a'
p1186
I5
sS'criticize'
p1187
I49
sS'tweeting'
p1188
I49
sS'dream'
p1189
I48
sS'playing'
p1190
I48
sS"that's"
p1191
I42
sS'mexican'
p1192
I49
sS"don't"
p1193
I31
sS'closeness'
p1194
I49
sS'soon'
p1195
I46
sS"y'"
p1196
I49
sS'auburn'
p1197
I49
sS'attitude'
p1198
I49
sS'through'
p1199
I47
sS'replies'
p1200
I49
sS'hell'
p1201
I47
sS'its'
p1202
I40
sS'messed'
p1203
I49
sS'nordstrom'
p1204
I49
sS'deeeejjj'
p1205
I49
sS'....fuck'
p1206
I49
sS'actually'
p1207
I47
sS'late'
p1208
I48
sS'ruining'
p1209
I49
sS'gaga"'
p1210
I49
sS'penn'
p1211
I49
sS'soccer'
p1212
I48
sS'might'
p1213
I49
sS"haven't"
p1214
I49
sS'\xe2\x9d\xa4\xef\xb8\x8f,90274\n471521058294861824,aringpop,2014-05-28'
p1215
I49
sS'good'
p1216
I35
sS'return'
p1217
I49
sS'calm'
p1218
I49
sS'yo'
p1219
I48
sS'ya'
p1220
I43
sS'cupcake'
p1221
I49
sS'peeing'
p1222
I49
sS'starbucks'
p1223
I49
sS'foot'
p1224
I49
sS'oko'
p1225
I49
sS'purcy'
p1226
I49
sS'nugget'
p1227
I48
sS'perfect\xe2\x9c\xa8'
p1228
I49
sS'puzzle'
p1229
I49
sS"victoria's"
p1230
I49
sS'payed'
p1231
I49
sS'wisdom\xe2\x80\x99s'
p1232
I49
sS'someone'
p1233
I49
sS'found'
p1234
I46
sS'friendship'
p1235
I49
sS"isn't"
p1236
I48
sS'status'
p1237
I49
sS'everyone'
p1238
I40
sS'needless'
p1239
I49
sS'generation'
p1240
I49
sS'house'
p1241
I44
sS'energy'
p1242
I49
sS'hard'
p1243
I49
sS'idea'
p1244
I48
sS'tonite'
p1245
I49
sS'expect'
p1246
I49
sS'ahahha'
p1247
I49
sS'really'
p1248
I37
sS'visions'
p1249
I49
sS'since'
p1250
I48
sS'douglas'
p1251
I49
sS'"go'
p1252
I49
sS'misses'
p1253
I49
sS'beverages\xe2\x9c\x8c\xef\xb8\x8f\xe2\x98\x95\xef\xb8\x8f'
p1254
I49
sS'hill'
p1255
I49
sS'7'
p1256
I47
sS'paradise'
p1257
I49
sS'ass'
p1258
I48
sS'asu'
p1259
I49
sS'friday'
p1260
I49
sS'reason'
p1261
I48
sS'cookie'
p1262
I49
sS'disneyland'
p1263
I48
sS'put'
p1264
I47
sS'ash'
p1265
I49
sS'owners'
p1266
I49
sS'benefits'
p1267
I49
sS'06:42:19.0,33.78232628,-118.41624708,6703.26,much'
p1268
I49
sS'w'
p1269
I49
sS'daisy'
p1270
I49
sS'dont'
p1271
I45
sS'someday'
p1272
I49
sS'feel'
p1273
I44
sS'number'
p1274
I49
sS'feet'
p1275
I49
sS'fucked'
p1276
I49
sS'done'
p1277
I44
sS'approximately'
p1278
I49
sS'pablo'
p1279
I49
sS'cups'
p1280
I49
sS'miss'
p1281
I40
sS'guess'
p1282
I48
sS'carrell'
p1283
I49
sS'koa'
p1284
I49
sS'leading'
p1285
I49
sS'5th'
p1286
I49
sS'least'
p1287
I49
sS'wonderful'
p1288
I48
sS'storm'
p1289
I48
sS'woohooo'
p1290
I49
sS'kajol'
p1291
I49
sS'filth'
p1292
I49
sS'store'
p1293
I49
sS'selling'
p1294
I49
sS'you\xe2\x80\x9d'
p1295
I48
sS'part'
p1296
I48
sS'believe'
p1297
I46
sS'king'
p1298
I49
sS'kind'
p1299
I48
sS'legs'
p1300
I49
sS'compliments'
p1301
I49
sS'ily2sm,90274\n501733464690163713,aringpop,2014-08-19'
p1302
I49
sS'you\xe2\x80\xa6'
p1303
I49
sS'dank'
p1304
I49
sS'supposed'
p1305
I48
sS'outdoors'
p1306
I49
sS'dang'
p1307
I48
sS'treated'
p1308
I49
sS'gunnysachs'
p1309
I49
sS'paths'
p1310
I49
sS'nights'
p1311
I49
sS'self'
p1312
I49
sS'henna'
p1313
I49
sS'couch'
p1314
I49
sS'also'
p1315
I48
sS'aggro'
p1316
I49
sS'play'
p1317
I48
sS'12mi'
p1318
I49
sS'homie\xc5\x9b'
p1319
I49
sS'reunited'
p1320
I48
sS'most'
p1321
I46
sS'amas'
p1322
I49
sS'seasons'
p1323
I48
sS'achievement'
p1324
I49
sS'funnies'
p1325
I49
sS'preciousness'
p1326
I49
sS'windows'
p1327
I49
sS'doggie'
p1328
I49
sS'sometimes'
p1329
I49
sS'wore'
p1330
I49
sS'chester'
p1331
I47
sS'\xe2\x98\x80\xef\xb8\x8f'
p1332
I49
sS'physics'
p1333
I49
sS'shoutout'
p1334
I49
sS'hips'
p1335
I49
sS'ohmgg'
p1336
I49
sS'literally\xe2\x80\x9d'
p1337
I49
sS'find'
p1338
I49
sS'*juan'
p1339
I49
sS'keychain'
p1340
I49
sS'over,90274\n471007460560748544,aringpop,2014-05-26'
p1341
I49
sS'hope'
p1342
I47
sS'pretty'
p1343
I46
sS'22:01:25.0,33.78221897,-118.41626287,6703.26,congrats'
p1344
I49
sS'frapaccuino'
p1345
I49
sS'boardings'
p1346
I49
sS'his'
p1347
I47
sS'hit'
p1348
I49
sS'ferrel'
p1349
I49
sS'famous'
p1350
I49
sS'feels'
p1351
I48
sS'b'
p1352
I49
sS'procrastination'
p1353
I49
sS'during'
p1354
I47
sS'him'
p1355
I43
sS'elf'
p1356
I49
sS'nibbles'
p1357
I49
sS'cry'
p1358
I48
sS'proclaim'
p1359
I49
sS'common'
p1360
I49
sS'x'
p1361
I49
sS'river'
p1362
I49
sS'insane'
p1363
I49
sS'jade'
p1364
I49
sS'vine'
p1365
I47
sS'sex'
p1366
I49
sS'see'
p1367
I42
sS'are'
p1368
I24
sS'close'
p1369
I49
sS'retweet'
p1370
I48
sS'locals'
p1371
I49
sS'glue'
p1372
I49
sS'pictures'
p1373
I48
sS'wow'
p1374
I45
sS'fans'
p1375
I49
sS'probably'
p1376
I47
sS'nope'
p1377
I49
sS'europe'
p1378
I49
sS'missing'
p1379
I48
sS'attention'
p1380
I49
sS'pv)'
p1381
I49
sS'both'
p1382
I49
sS'c'
p1383
I48
sS'last'
p1384
I41
sS'secrets'
p1385
I49
sS'yearss'
p1386
I49
sS'roman'
p1387
I49
sS'annie'
p1388
I45
sS'whole'
p1389
I49
sS'point'
p1390
I48
sS'simple'
p1391
I49
sS'sweet'
p1392
I49
sS'whatever'
p1393
I48
sS'audios'
p1394
I49
sS'alone'
p1395
I49
sS'bitch"'
p1396
I49
sS'devil'
p1397
I49
sS'pv'
p1398
I33
sS'raise'
p1399
I49
sS'skins)'
p1400
I49
sS'secret'
p1401
I44
sS'damn'
p1402
I48
sS'ahhhh'
p1403
I49
sS'meeting'
p1404
I46
sS'attractive'
p1405
I49
sS'vans'
p1406
I49
sS'flight'
p1407
I48
sS'gay'
p1408
I49
sS'sending'
p1409
I48
sS'fire'
p1410
I49
sS"what's"
p1411
I48
sS'else'
p1412
I49
sS'moment'
p1413
I48
sS'understand'
p1414
I48
sS'gai'
p1415
I49
sS'plants'
p1416
I49
sS'look'
p1417
I45
sS'solid'
p1418
I48
sS'straight'
p1419
I49
sS'months\xe2\x98\x80\xef\xb8\x8f'
p1420
I49
sS'convo'
p1421
I49
sS'dusty'
p1422
I49
sS'while'
p1423
I49
sS'fun'
p1424
I46
sS'theres'
p1425
I49
sS'ohmygod'
p1426
I49
sS'kingdom'
p1427
I49
sS'pound'
p1428
I49
sS'<3'
p1429
I48
sS':\xe2\x80\xa2)'
p1430
I49
sS'ready'
p1431
I48
sS'around'
p1432
I46
sS'funny'
p1433
I47
sS'anymore'
p1434
I46
sS'peoples'
p1435
I49
sS'9'
p1436
I48
sS'used'
p1437
I48
sS'lie'
p1438
I49
sS'yesterday'
p1439
I47
sS'smc)'
p1440
I49
sS'viewing'
p1441
I49
sS'moving'
p1442
I49
sS'keye'
p1443
I49
sS'recent'
p1444
I48
sS'02:10:18.0,33.78872831,-118.41044846,6703.26,great'
p1445
I49
sS'lower'
p1446
I49
sS'salvation'
p1447
I49
sS'spent'
p1448
I49
sS'person'
p1449
I42
sS'cheer'
p1450
I49
sS'flags'
p1451
I49
sS'mom'
p1452
I46
sS'all\xe2\x80\xa6'
p1453
I49
sS'4th'
p1454
I49
sS'1800s'
p1455
I49
sS'discipline'
p1456
I49
sS'cut'
p1457
I49
sS'homies'
p1458
I49
sS'excited'
p1459
I49
sS'surprised'
p1460
I49
sS'ridiculously'
p1461
I49
sS'bio'
p1462
I49
sS'marco'
p1463
I48
sS'sachs\xe2\x80\xa6'
p1464
I49
sS'big'
p1465
I46
sS'game'
p1466
I45
sS'bit'
p1467
I49
sS'knock'
p1468
I49
sS'd'
p1469
I49
sS'semi'
p1470
I49
sS'continue'
p1471
I49
sS'me\xe2\x80\x9d'
p1472
I49
sS'1415'
p1473
I49
sS'tonight,90274\n477101871690444800,aringpop,2014-06-12'
p1474
I49
sS'15:42:58.0,33.78219414,-118.41630064,6703.26,feeling'
p1475
I49
sS'fucking'
p1476
I48
sS'spring'
p1477
I49
sS'some'
p1478
I39
sS'back'
p1479
I42
sS'in.people'
p1480
I49
sS'santa\xe2\x9c\x8c\xef\xb8\x8f'
p1481
I49
sS'palm'
p1482
I49
sS'trendy'
p1483
I48
sS'pet'
p1484
I49
sS'pen'
p1485
I49
sS't'
p1486
I48
sS'be'
p1487
I28
sS'eating'
p1488
I48
sS'bc'
p1489
I48
sS'\xe2\x9d\x85'
p1490
I48
sS's/o'
p1491
I49
sS'withdrawals'
p1492
I49
sS'usd'
p1493
I49
sS'santa'
p1494
I49
sS'usc'
p1495
I48
sS'by'
p1496
I42
sS'anything'
p1497
I49
sS'netflix'
p1498
I47
sS'baes'
p1499
I49
sS'awwww'
p1500
I49
sS'deserves'
p1501
I49
sS'wanna'
p1502
I41
sS'block'
p1503
I49
sS'ppl'
p1504
I49
sS'seeing'
p1505
I48
sS'jimmy'
p1506
I49
sS'grammy'
p1507
I49
sS'into'
p1508
I45
sS'hapy'
p1509
I49
sS'momma'
p1510
I49
sS'lead>>>'
p1511
I49
sS'analla'
p1512
I49
sS'xoxo'
p1513
I49
sS'live'
p1514
I49
sS'fast'
p1515
I49
sS"we're"
p1516
I48
sS'bruh'
p1517
I48
sS'scared'
p1518
I49
sS'tobey'
p1519
I48
sS'poster'
p1520
I48
sS'frost'
p1521
I49
sS'ole\xe2\x80\xa6'
p1522
I49
sS'boys'
p1523
I49
sS'line'
p1524
I49
sS'posted'
p1525
I40
sS'directed'
p1526
I49
sS'*mckeezy'
p1527
I49
sS'rejection'
p1528
I49
sS'consist'
p1529
I49
sS"hasn't"
p1530
I49
sS'us'
p1531
I46
sS'high\xe2\x80\xa6'
p1532
I49
sS'kk'
p1533
I49
sS'uh'
p1534
I49
sS'called'
p1535
I49
sS'aerial'
p1536
I48
sS'\xe5\xad\x90\xe4\xbe\x9b\xe3\x81\xa8\xe3\x81\xad\xe3\x82\x8b\xe3\x81\xa8\xe7\xb5\xb6\xe5\xaf\xbe\xe5\xb8\x83\xe5\x9b\xa3\xe5\x8f\x96\xe3\x82\x89\xe3\x82\x8c\xe3\x82\x8b\xe7\xac\x91'
p1537
I49
sS'listening'
p1538
I49
sS'single'
p1539
I49
sS'curl'
p1540
I48
sS'cafe'
p1541
I49
sS'cotton'
p1542
I49
sS'rainbow'
p1543
I49
sS'peace'
p1544
I49
sS'15:50:48.0,33.78219631,-118.4162869,6703.26,missing'
p1545
I49
sS'nam'
p1546
I48
sS'excuses'
p1547
I49
sS'nap'
p1548
I48
sS'03:18:37.0,33.78541586,-118.41812521,6703.26,whipped'
p1549
I49
sS'manhattan'
p1550
I49
sS'nice'
p1551
I47
sS'gross'
p1552
I49
sS'helping'
p1553
I48
sS'(red'
p1554
I49
sS'dayyyy'
p1555
I49
sS'ago'
p1556
I49
sS'land'
p1557
I49
sS'e'
p1558
I47
sS'fatnessformal'
p1559
I49
sS'holes'
p1560
I49
sS'walked'
p1561
I49
sS'2002'
p1562
I49
sS'2000'
p1563
I49
sS'verdes'
p1564
I16
sS'walker'
p1565
I49
sS"she's"
p1566
I48
sS'having'
p1567
I46
sS'once'
p1568
I49
sS'essay'
p1569
I49
sS'pussy-'
p1570
I49
sS'steve'
p1571
I49
sS'farms'
p1572
I49
sS'ugh'
p1573
I49
sS'go'
p1574
I32
sS'chillin'
p1575
I47
sS'tehe'
p1576
I49
sS'peanut'
p1577
I48
sS'concerned'
p1578
I49
sS'bffls'
p1579
I49
sS'send'
p1580
I49
sS'desayuno'
p1581
I49
sS'woohoo'
p1582
I49
sS'pleasing'
p1583
I49
sS'lunar'
p1584
I49
sS'random'
p1585
I47
sS'wished'
p1586
I49
sS'facebook'
p1587
I48
sS'parentals'
p1588
I49
sS'drinking'
p1589
I48
sS'michael'
p1590
I49
sS'eve'
p1591
I46
sS'try'
p1592
I47
sS'assignments'
p1593
I49
sS'race'
p1594
I49
sS'radio'
p1595
I48
sS'leonardo'
p1596
I49
sS'athlete'
p1597
I49
sS"suzy's"
p1598
I49
sS'claudia'
p1599
I49
sS'\xe3\x81\xbe\xe3\x81\x98\xe5\x8b\x98\xe5\xbc\x81\xe6\xb3\xa3'
p1600
I49
sS'biology'
p1601
I49
sS'waking'
p1602
I48
sS'video'
p1603
I47
sS'acid'
p1604
I49
sS'cupcakes'
p1605
I49
sS'mollie'
p1606
I49
sS'that"'
p1607
I49
sS'cell'
p1608
I49
sS'bird'
p1609
I49
sS'pool/beer'
p1610
I49
sS'shoreline'
p1611
I49
sS'underwood'
p1612
I49
sS'punch'
p1613
I48
sS'packing'
p1614
I49
sS'let'
p1615
I46
sS'licence'
p1616
I49
sS'others'
p1617
I49
sS'irritating'
p1618
I49
sS'great'
p1619
I41
sS'leaving'
p1620
I49
sS"weren't"
p1621
I49
sS'climb'
p1622
I49
sS'makes'
p1623
I44
sS'thats'
p1624
I48
sS'girllll'
p1625
I49
sS'apple'
p1626
I49
sS'win'
p1627
I49
sS'app'
p1628
I49
sS'unoaked\xe2\x80\xa6'
p1629
I49
sS'dedicated'
p1630
I49
sS'names'
p1631
I49
sS'shloads'
p1632
I49
sS'singing'
p1633
I49
sS'use'
p1634
I47
sS'hahahahaha'
p1635
I48
sS'from'
p1636
I36
sS'usa'
p1637
I49
sS'&'
p1638
I42
sS'toffoli'
p1639
I49
sS'next'
p1640
I48
sS'few'
p1641
I46
sS'december'
p1642
I49
sS'awesome'
p1643
I48
sS'clever'
p1644
I49
sS'babe'
p1645
I48
sS'started'
p1646
I48
sS'econ'
p1647
I49
sS'sister'
p1648
I49
sS'confused'
p1649
I47
sS'trail'
p1650
I49
sS'soooooooo'
p1651
I49
sS'baby'
p1652
I47
sS'f'
p1653
I47
sS'this'
p1654
I21
sS'ride'
p1655
I47
sS'muggins'
p1656
I49
sS'unreal'
p1657
I49
sS'wearegta'
p1658
I49
sS'meet'
p1659
I49
sS'didnt'
p1660
I49
sS'distractions'
p1661
I49
sS'process'
p1662
I49
sS'rode'
p1663
I49
sS'high'
p1664
I46
sS'something'
p1665
I48
sS'twitpic'
p1666
I49
sS'sir'
p1667
I49
sS'high"'
p1668
I49
sS'memorize'
p1669
I49
sS'lame'
p1670
I48
sS'holds'
p1671
I49
sS'struggles'
p1672
I49
sS'brian'
p1673
I47
sS'pair'
p1674
I49
sS'sid'
p1675
I49
sS'comedy'
p1676
I49
sS'profile'
p1677
I49
sS'stop'
p1678
I45
sS'bluff'
p1679
I47
sS'hahahaha'
p1680
I48
sS'da'
p1681
I41
sS'cuddling'
p1682
I48
sS'realized'
p1683
I48
sS'sry'
p1684
I49
sS'claire'
p1685
I49
sS'honestly'
p1686
I46
sS'classy'
p1687
I49
sS'addiction'
p1688
I49
sS'breast'
p1689
I49
sS'bathing'
p1690
I49
sS'six'
p1691
I49
sS'13)'
p1692
I49
sS'move'
p1693
I49
sS'filthyyyyyyyyy'
p1694
I49
sS"won't"
p1695
I49
sS'looks'
p1696
I47
sS'damnit'
p1697
I49
sS'bunch'
p1698
I49
sS'perfect'
p1699
I48
sS'la'
p1700
I42
sS'nostalgia'
p1701
I49
sS'[pic]'
p1702
I49
sS'tyler'
p1703
I49
sS'letssss'
p1704
I49
sS'2013'
p1705
I49
sS'dad'
p1706
I46
sS'back!!!\xe2\x98\xba\xef\xb8\x8f'
p1707
I49
sS'ruined'
p1708
I48
sS'crash'
p1709
I49
sS'kid'
p1710
I48
sS'hands'
p1711
I49
sS'dowwwn'
p1712
I49
sS'thanks\xe2\x80\xa6'
p1713
I49
sS'day'
p1714
I31
sS'thanks\xe2\x80\x9d'
p1715
I49
sS'edit'
p1716
I49
sS'university'
p1717
I48
sS'cider'
p1718
I49
sS'slide'
p1719
I49
sS'crossing'
p1720
I49
sS'slacker'
p1721
I49
sS'glasses'
p1722
I49
sS"17:35:06.0,33.78221103,-118.41628983,6703.26,can't"
p1723
I49
sS'anklet'
p1724
I49
sS'doing'
p1725
I46
sS'yesjk'
p1726
I49
sS'junkie'
p1727
I49
sS'lololololol'
p1728
I49
sS'our'
p1729
I41
sS'special'
p1730
I49
sS'out'
p1731
I38
sS'secretly'
p1732
I49
sS'entertainment'
p1733
I49
sS'ref'
p1734
I49
sS'cuhz'
p1735
I49
sS"blake's"
p1736
I49
sS'trashy'
p1737
I49
sS'tempo'
p1738
I49
sS'bleed'
p1739
I49
sS'g'
p1740
I47
sS'booth,90274\n470061783643095040,aringpop,2014-05-24'
p1741
I49
sS'snapchats'
p1742
I49
sS'could'
p1743
I47
sS'itz'
p1744
I49
sS'times'
p1745
I48
sS'shred'
p1746
I49
sS'retail'
p1747
I49
sS'south'
p1748
I48
sS'incarnate'
p1749
I49
sS'cinderella'
p1750
I49
sS'confuse'
p1751
I49
sS'bitch'
p1752
I47
sS'between'
p1753
I49
sS"you're"
p1754
I37
sS'system'
p1755
I49
sS'their'
p1756
I45
sS'attack'
p1757
I49
sS'final'
p1758
I49
sS'malibu'
p1759
I49
sS'exactly'
p1760
I48
sS'bieber'
p1761
I49
sS'loved'
p1762
I49
sS'bed'
p1763
I49
sS'loves'
p1764
I47
sS'drunk'
p1765
I49
sS'tonight'
p1766
I46
sS'have'
p1767
I23
sS'need'
p1768
I45
sS'viewed'
p1769
I49
sS'screw'
p1770
I49
sS'sprinkles'
p1771
I49
sS'congrats'
p1772
I47
sS'studying'
p1773
I48
sS'able'
p1774
I49
sS'arm'
p1775
I49
sS'truck'
p1776
I49
sS'mishizzle'
p1777
I49
sS'youuuu'
p1778
I49
sS'unless'
p1779
I49
sS'aww'
p1780
I46
sS'who'
p1781
I41
sS'moths'
p1782
I49
sS'01'
p1783
I49
sS'eight'
p1784
I49
sS'why'
p1785
I34
sS'upset'
p1786
I49
sS'girl\xe3\x85\xa0'
p1787
I49
sS'face'
p1788
I48
sS'movie'
p1789
I49
sS'fact'
p1790
I49
sS'text'
p1791
I48
sS'indoor'
p1792
I49
sS'bring'
p1793
I49
sS'chip<'
p1794
I49
sS'portfolio'
p1795
I49
sS'chicken'
p1796
I49
sS'ayee'
p1797
I49
sS'6000'
p1798
I49
sS'sleepnew'
p1799
I49
sS'winner'
p1800
I49
sS'should'
p1801
I43
sS'reminisce'
p1802
I49
sS'brookesachs'
p1803
I48
sS'employed'
p1804
I49
sS'communist'
p1805
I49
sS'achieve'
p1806
I49
sS'meant'
p1807
I49
sS'watching'
p1808
I45
sS'dope'
p1809
I48
sS'lucky'
p1810
I48
sS'ones'
p1811
I49
sS'words'
p1812
I48
sS'endless'
p1813
I49
sS'course'
p1814
I48
sS'h'
p1815
I48
sS'married'
p1816
I48
sS'calling'
p1817
I48
sS'stuff'
p1818
I47
sS'she'
p1819
I44
sS'dangerous'
p1820
I49
sS'yassss'
p1821
I49
sS'grad'
p1822
I46
sS'view'
p1823
I43
sS'turkeys'
p1824
I49
sS'acquired'
p1825
I49
sS'lamar'
p1826
I49
sS'goldennn'
p1827
I49
sS'gliders'
p1828
I49
sS'clearing'
p1829
I49
sS'nightmare'
p1830
I49
sS'bestie\xe2\x9d\xa4\xef\xb8\x8f'
p1831
I49
sS'yass'
p1832
I49
sS'favor'
p1833
I49
sS'state'
p1834
I49
sS'horrible'
p1835
I49
sS'neither'
p1836
I49
sS"'telephone'"
p1837
I49
sS'bought'
p1838
I49
sS'edddd'
p1839
I49
sS'time\xe2\x80\x9d'
p1840
I49
sS'job'
p1841
I49
sS'merry'
p1842
I46
sS'jog'
p1843
I49
sS'career'
p1844
I49
sS'invited'
p1845
I49
sS'lulus'
p1846
I48
sS'etc'
p1847
I49
sS'diehard'
p1848
I49
sS'swim'
p1849
I48
sS'vent'
p1850
I49
sS'wall'
p1851
I49
sS'tuesday'
p1852
I49
sS'*creative'
p1853
I49
sS'walk'
p1854
I48
sS'repostapp'
p1855
I49
sS'modeling'
p1856
I49
sS'kings'
p1857
I48
sS'yay'
p1858
I48
sS'tread'
p1859
I49
sS"it's"
p1860
I31
sS'eeess'
p1861
I49
sS'literal'
p1862
I49
sS'treat'
p1863
I49
sS'tv'
p1864
I49
sS'aquamarine'
p1865
I49
sS'>'
p1866
I49
sS'\xe3\x81\xbf\xe3\x82\x93\xe3\x81\xaa\xe3\x81\xab\xe3\x81\x93\xe3\x81\xae\xe9\x9d\x92\xe3\x81\x84\xe3\x83\x81\xe3\x83\xa7\xe3\x82\xb3\xe3\x81\xbe\xe3\x81\x9a\xe3\x81\x9d\xe3\x81\x86\xe3\x81\xa3\xe3\x81\xa6\xe6\x8c\x87\xe6\x91\x98\xe3\x81\x95\xe3\x82\x8c\xe3\x82\x8b\xe3\x81\x91\xe3\x81\xa9\xe6\x99\xae\xe9\x80\x9a\xe3\x81\xae\xe3\x83\x81\xe3\x83\xa7\xe3\x82\xb3\xe3\x81\xa0\xe3\x82\x88\xe3\x82\x93\xe7\xac\x91\xe2\x9d\xa4'
p1867
I49
sS'auburnwhat'
p1868
I49
sS'2014'
p1869
I49
sS'overuse'
p1870
I49
sS'\xe3\x83\x88\xe3\x83\xa9\xe3\x83\x83\xe3\x82\xaf\xe3\x81\xae\xe5\xbe\x8c\xe3\x82\x8d\xe3\x81\xab\xe4\xb9\x97\xe3\x81\xa3\xe3\x81\xa6\xe8\x92\xb8\xe3\x81\x95\xe3\x82\x8c\xe7\x8a\xb6\xe6\x85\x8b\xe7\xac\x91'
p1871
I49
sS'tshirt'
p1872
I49
sS'value'
p1873
I49
sS'will'
p1874
I37
sS'hahaha'
p1875
I46
sS'almost'
p1876
I49
sS'refs'
p1877
I49
sS'vs'
p1878
I49
sS'eve\xe2\x98\xba\xef\xb8\x8f'
p1879
I49
sS'skdm\xc2\xb2'
p1880
I49
sS'whore'
p1881
I49
sS'05:26:35.0,33.78879589,-118.4104121,6703.26,south'
p1882
I49
sS'-___-'
p1883
I49
sS'member'
p1884
I49
sS'parts'
p1885
I49
sS'party'
p1886
I47
sS'gets'
p1887
I48
sS'kidnapping'
p1888
I49
sS'drink'
p1889
I47
sS'effect'
p1890
I49
sS'sauna'
p1891
I49
sS'sisters'
p1892
I48
sS'mom!\xe2\x80\xa6'
p1893
I49
sS'l.a'
p1894
I49
sS'collar'
p1895
I49
sS'off'
p1896
I47
sS'i'
p1897
I2
sS'well'
p1898
I48
sS'thought'
p1899
I45
sS'ily'
p1900
I45
sS'barking'
p1901
I49
sS'less'
p1902
I49
sS'front'
p1903
I49
sS'mistakes'
p1904
I49
sS'protecting'
p1905
I49
sS'paul'
p1906
I49
sS'lauren'
p1907
I48
sS'happiness'
p1908
I49
sS'panther'
p1909
I49
sS'headed'
p1910
I47
sS'killed'
p1911
I49
sS'wer'
p1912
I49
sS'combine'
p1913
I49
sS'maintaining'
p1914
I49
sS'crack'
p1915
I49
sS'twerk'
p1916
I49
sS'kick'
p1917
I48
sS'details'
p1918
I49
sS'tests'
p1919
I49
sS'ustream'
p1920
I49
sS'know'
p1921
I34
sS'fools'
p1922
I49
sS'"your'
p1923
I49
sS'loss'
p1924
I49
sS'like'
p1925
I24
sS'inviting'
p1926
I49
sS'header'
p1927
I49
sS"fav's"
p1928
I49
sS'candy'
p1929
I49
sS'sized'
p1930
I49
sS'moringa'
p1931
I49
sS'dream\xe2\x9c\xa8'
p1932
I49
sS'become'
p1933
I47
sS'page'
p1934
I49
sS'poor'
p1935
I49
sS'because'
p1936
I35
sS'twitter'
p1937
I46
sS'hair'
p1938
I47
sS'home'
p1939
I43
sS'scares'
p1940
I49
sS'literally'
p1941
I47
sS'mines'
p1942
I49
sS'twerking'
p1943
I49
sS'does'
p1944
I46
sS'favorite,90274\n500146921055748097,aringpop,2014-08-15'
p1945
I49
sS'screwed'
p1946
I49
sS'snuggle'
p1947
I49
sS'8=='
p1948
I49
sS'ripped'
p1949
I49
sS'blowing'
p1950
I49
sS'....and'
p1951
I49
sS'wesley'
p1952
I49
sS'thanks\xe2\x98\xba\xef\xb8\x8f'
p1953
I49
sS'naps'
p1954
I48
sS'stage'
p1955
I48
sS'about'
p1956
I31
sS':-)'
p1957
I49
sS'actual'
p1958
I48
sS'justin'
p1959
I48
sS'getting'
p1960
I41
sS'mommy'
p1961
I49
sS'angeles'
p1962
I48
sS'swear'
p1963
I49
sS'swimming'
p1964
I49
sS'own'
p1965
I46
sS'gatsby'
p1966
I49
sS'pussy'
p1967
I49
sS'three'
p1968
I48
sS'weather'
p1969
I48
sS'promise'
p1970
I49
sS'custard'
p1971
I49
sS'macroeconomics'
p1972
I49
sS'uncontrollably'
p1973
I49
sS'cabernet'
p1974
I49
sS'*'
p1975
I47
sS'drankkkk'
p1976
I49
sS'biggest'
p1977
I49
sS'kooks'
p1978
I49
sS'uncontrollable'
p1979
I49
sS'bagged'
p1980
I49
sS'buy'
p1981
I45
sS"i've"
p1982
I48
sS'bitches'
p1983
I49
sS'hw'
p1984
I49
sS'but'
p1985
I35
sS'hi'
p1986
I47
sS'hb'
p1987
I49
sS'ha'
p1988
I49
sS'eat'
p1989
I48
sS'he'
p1990
I43
sS'unfollow'
p1991
I49
sS'made'
p1992
I48
sS'glory'
p1993
I49
sS'wish'
p1994
I48
sS'official'
p1995
I49
sS'madi'
p1996
I48
sS'record'
p1997
I49
sS'dmt'
p1998
I48
sS'mads'
p1999
I49
sS'problem'
p2000
I48
sS'piece'
p2001
I49
sS'minutes'
p2002
I49
sS'mady'
p2003
I48
sS'pic'
p2004
I48
sS'rubble'
p2005
I49
sS'sibling'
p2006
I49
sS'tabletop'
p2007
I49
sS'goodness'
p2008
I49
sS'relates'
p2009
I49
sS'happen'
p2010
I47
sS'pucks'
p2011
I49
sS'oak'
p2012
I49
sS'lately'
p2013
I49
sS'old'
p2014
I46
sS'other'
p2015
I46
sS'hockey'
p2016
I49
sS'sick'
p2017
I48
sS'talkin'
p2018
I49
sS'francisco'
p2019
I47
sS'star'
p2020
I49
sS'monday'
p2021
I49
sS'class'
p2022
I47
sS'stay'
p2023
I47
sS"america's"
p2024
I49
sS'kinda'
p2025
I48
sS'friends'
p2026
I44
sS'cliff'
p2027
I46
sS'anthony'
p2028
I49
sS'pools'
p2029
I49
sS'daaaaaa'
p2030
I49
sS'hikes'
p2031
I49
sS'baked'
p2032
I49
sS'indirectly'
p2033
I49
s.