(dp0
S''
p1
I2
sS'personality.\xe2\x80\x9d'
p2
I47
sS'colleges'
p3
I47
sS'four'
p4
I47
sS'sleep'
p5
I47
sS'asian'
p6
I47
sS'hanging'
p7
I47
sS'hate'
p8
I39
sS'feeding'
p9
I47
sS'electricity'
p10
I47
sS'tweet'
p11
I45
sS'sorry'
p12
I47
sS'waterrrmellonnn'
p13
I47
sS'sinking'
p14
I47
sS'fingers='
p15
I47
sS'every'
p16
I44
sS'screaming'
p17
I47
sS'taxes.so'
p18
I47
sS'school'
p19
I38
sS'oooo'
p20
I47
sS'clothes'
p21
I47
sS'tired'
p22
I45
sS'weddings'
p23
I47
sS'second'
p24
I45
sS'street'
p25
I47
sS'even'
p26
I42
sS'saved'
p27
I46
sS'lights'
p28
I47
sS'fossil'
p29
I47
sS'new'
p30
I33
sS'ever'
p31
I46
sS'told'
p32
I44
sS'med'
p33
I47
sS'shutup'
p34
I47
sS'never'
p35
I42
sS'here'
p36
I46
sS'met'
p37
I46
sS'glowing\xe2\x9c\xa8'
p38
I47
sS'100'
p39
I47
sS"aren't"
p40
I47
sS'kids'
p41
I46
sS'daughter'
p42
I47
sS'leaves'
p43
I47
sS'changed'
p44
I47
sS'controversy'
p45
I47
sS"i'd"
p46
I47
sS"i'm"
p47
I14
sS'golden'
p48
I47
sS'reagan'
p49
I47
sS'feelings'
p50
I47
sS'black\xe2\x81\xb0just'
p51
I47
sS'punching'
p52
I47
sS'bussey'
p53
I47
sS'bra'
p54
I47
sS'spoke'
p55
I47
sS'would'
p56
I41
sS'watering'
p57
I47
sS'princess'
p58
I47
sS'moth'
p59
I47
sS'call'
p60
I39
sS'indiana'
p61
I46
sS'type'
p62
I47
sS'until'
p63
I46
sS'breathe'
p64
I47
sS'lungs'
p65
I47
sS'evening'
p66
I47
sS'haha'
p67
I46
sS'phony'
p68
I47
sS'aware'
p69
I47
sS'99'
p70
I47
sS'phone'
p71
I47
sS'warm'
p72
I47
sS'hold'
p73
I46
sS'must'
p74
I46
sS'me'
p75
I8
sS'funnnn'
p76
I47
sS'word'
p77
I47
sS'wore'
p78
I47
sS'pursue'
p79
I47
sS'work'
p80
I21
sS'somethn'
p81
I47
sS'roof'
p82
I47
sS'transparency'
p83
I47
sS'my'
p84
I6
sS'could'
p85
I46
sS'indio'
p86
I47
sS'give'
p87
I44
sS'in'
p88
I9
sS'homie'
p89
I47
sS'\xe2\x80\x9cwe'
p90
I47
sS'want'
p91
I27
sS'keep'
p92
I43
sS'hoe'
p93
I47
sS'thing'
p94
I44
sS'complaining'
p95
I46
sS'travel'
p96
I47
sS'sitting'
p97
I46
sS'how'
p98
I33
sS'hot'
p99
I44
sS'hop'
p100
I47
sS'beach'
p101
I46
sS'pizza'
p102
I46
sS'badly'
p103
I47
sS"rossdale's"
p104
I47
sS'goober'
p105
I47
sS'horoscope'
p106
I47
sS'mess'
p107
I47
sS'after'
p108
I43
sS"resident's"
p109
I46
sS'wouldn\xe2\x80\x99t'
p110
I47
sS'lesbian'
p111
I47
sS"they're"
p112
I44
sS'"we\'ve'
p113
I47
sS'funniest'
p114
I47
sS'goodbye'
p115
I47
sS'keeps'
p116
I47
sS"'04"
p117
I47
sS"'05"
p118
I47
sS'wine'
p119
I47
sS'executed'
p120
I47
sS'deck'
p121
I46
sS'over'
p122
I43
sS'satisfied'
p123
I46
sS'ma\xc3\xb1ana'
p124
I47
sS'mayor'
p125
I47
sS'before'
p126
I44
sS'heheheh'
p127
I47
sS'writing'
p128
I46
sS'better'
p129
I47
sS'weeks'
p130
I47
sS'hulia'
p131
I47
sS'versus'
p132
I47
sS'then'
p133
I40
sS'them'
p134
I44
sS'weakness'
p135
I47
sS'thee'
p136
I47
sS'safe'
p137
I47
sS'disturb'
p138
I47
sS'break'
p139
I45
sS'they'
p140
I37
sS'one'
p141
I28
sS'bread'
p142
I47
sS'represents'
p143
I47
sS'detroit'
p144
I47
sS'explode'
p145
I47
sS'--'
p146
I47
sS'acoustic'
p147
I47
sS'mean'
p148
I45
sS'adobo'
p149
I47
sS'taught'
p150
I47
sS'forgot'
p151
I47
sS'laboratory'
p152
I47
sS'sounds'
p153
I46
sS'rt'
p154
I47
sS'trending'
p155
I47
sS'raffles'
p156
I47
sS'god'
p157
I45
sS'hooked'
p158
I47
sS'therelol'
p159
I47
sS'got'
p160
I42
sS'rn'
p161
I47
sS'gov'
p162
I47
sS'gop'
p163
I47
sS'arizona'
p164
I47
sS'turning'
p165
I47
sS'cutest'
p166
I46
sS"you're"
p167
I39
sS'free'
p168
I46
sS'kayla'
p169
I47
sS'struggle'
p170
I47
sS'created'
p171
I47
sS'atm'
p172
I47
sS'days'
p173
I40
sS'shush'
p174
I47
sS'ministries'
p175
I47
sS'ish'
p176
I47
sS'canterbury'
p177
I46
sS"today's"
p178
I47
sS'soda'
p179
I47
sS'can\xe2\x80\x99t'
p180
I47
sS'caught'
p181
I47
sS'already'
p182
I44
sS'grade'
p183
I47
sS'man\xe2\x80\x99s'
p184
I47
sS'hoop'
p185
I47
sS'hearing'
p186
I47
sS'another'
p187
I46
sS'romantic\xe2\x80\x9d'
p188
I47
sS'hood'
p189
I47
sS'service'
p190
I47
sS'rejects'
p191
I47
sS'top'
p192
I46
sS'girls'
p193
I43
sS'meester'
p194
I47
sS'too'
p195
I37
sS'percentage'
p196
I47
sS'listen'
p197
I46
sS'urban'
p198
I47
sS'murder'
p199
I47
sS'trippy'
p200
I47
sS'wisdom'
p201
I47
sS'anxiety'
p202
I47
sS'glorified'
p203
I47
sS'fufu'
p204
I47
sS'hike'
p205
I47
sS'anniversaries'
p206
I47
sS'don\xe2\x80\x99t'
p207
I44
sS'persuade'
p208
I47
sS'flame'
p209
I47
sS'speaking'
p210
I47
sS'feeling'
p211
I44
sS'mine'
p212
I45
sS'talking'
p213
I47
sS'seen'
p214
I47
sS'seem'
p215
I47
sS'tells'
p216
I46
sS'stoplights'
p217
I47
sS'convenient'
p218
I47
sS'lattes'
p219
I47
sS'-'
p220
I41
sS'snow'
p221
I47
sS'chest'
p222
I47
sS'doors'
p223
I47
sS'sleeper'
p224
I47
sS'woman\xe2\x80\x99s'
p225
I47
sS'though'
p226
I45
sS'bruce'
p227
I47
sS'triple-overtime'
p228
I47
sS"talkin'"
p229
I47
sS'mouth'
p230
I47
sS'zealand'
p231
I47
sS'singer'
p232
I47
sS'treats'
p233
I47
sS'alarm'
p234
I47
sS'dog'
p235
I47
sS'definitely'
p236
I47
sS'scream'
p237
I47
sS'saying'
p238
I45
sS'random'
p239
I47
sS'radio'
p240
I47
sS'bail'
p241
I47
sS'probs'
p242
I47
sS'orleans'
p243
I47
sS'judger'
p244
I47
sS'layout'
p245
I47
sS'54%'
p246
I47
sS'cousins'
p247
I47
sS'rich'
p248
I46
sS'rice'
p249
I47
sS'wearing'
p250
I47
sS'do'
p251
I29
sS"mani's"
p252
I47
sS'de'
p253
I47
sS'watch'
p254
I46
sS'da'
p255
I47
sS'pocket'
p256
I47
sS'wedding'
p257
I45
sS'yesssssss'
p258
I47
sS'bar'
p259
I44
sS'patch'
p260
I47
sS'bag'
p261
I47
sS'bad'
p262
I44
sS'bashar'
p263
I47
sS'headed'
p264
I47
sS'brothers-'
p265
I47
sS'questions'
p266
I45
sS'result'
p267
I47
sS'noodles'
p268
I47
sS'best'
p269
I41
sS'deebo'
p270
I47
sS'said'
p271
I44
sS'temptation'
p272
I47
sS'away'
p273
I46
sS'(bf'
p274
I47
sS'muy'
p275
I47
sS'overgrown'
p276
I47
sS'sista'
p277
I46
sS'lazy'
p278
I44
sS'omg'
p279
I37
sS'wears'
p280
I46
sS'newb'
p281
I47
sS'weak'
p282
I45
sS'boss'
p283
I47
sS'aaliyah'
p284
I47
sS'wear'
p285
I43
sS'wtf'
p286
I47
sS'gorgggg'
p287
I47
sS'wth'
p288
I46
sS'received'
p289
I47
sS'protect'
p290
I47
sS'\xe2\x9d\xa4\xef\xb8\x8f'
p291
I46
sS'ittttt'
p292
I46
sS'ahora'
p293
I47
sS'flyknits'
p294
I47
sS'lookin'
p295
I47
sS'cartilage'
p296
I47
sS'teigen'
p297
I47
sS'asked'
p298
I44
sS'ily'
p299
I47
sS'tone'
p300
I47
sS'tons'
p301
I47
sS'trust'
p302
I46
sS'speak'
p303
I44
sS'asks'
p304
I45
sS'"you'
p305
I47
sS'been'
p306
I43
sS'much'
p307
I43
sS'respect.\xe2\x80\x9d'
p308
I47
sS'life'
p309
I38
sS'5k'
p310
I47
sS'relaxing'
p311
I47
sS'worker'
p312
I46
sS'chile'
p313
I47
sS'catch'
p314
I46
sS'chill'
p315
I47
sS'linkin'
p316
I47
sS'raspy'
p317
I47
sS'tastes'
p318
I47
sS'n'
p319
I45
sS'ugly'
p320
I46
sS'near'
p321
I47
sS'ugliest'
p322
I47
sS'voice'
p323
I47
sS'mistake'
p324
I47
sS'seven'
p325
I47
sS'played'
p326
I47
sS"california's"
p327
I47
sS'is'
p328
I10
sS'it'
p329
I15
sS'throat'
p330
I47
sS'brake'
p331
I47
sS'hebrew'
p332
I47
sS'ic'
p333
I46
sS'ig'
p334
I47
sS'if'
p335
I37
sS'bottles'
p336
I47
sS'nike'
p337
I47
sS'things'
p338
I41
sS'make'
p339
I35
sS'bella'
p340
I47
sS'hahah'
p341
I47
sS'babies'
p342
I46
sS'evry1'
p343
I47
sS'rain'
p344
I47
sS'hand'
p345
I47
sS'characters'
p346
I47
sS'jealous'
p347
I47
sS'thoughts'
p348
I47
sS'kid'
p349
I46
sS'kept'
p350
I47
sS"mother's"
p351
I47
sS'peacocks'
p352
I47
sS'ocean'
p353
I46
sS'hispanic'
p354
I46
sS"pedro....he's"
p355
I47
sS'greatest'
p356
I46
sS'mother'
p357
I47
sS'the'
p358
I3
sS'tha'
p359
I47
sS'left'
p360
I46
sS'just'
p361
I16
sS'thanks'
p362
I44
sS'yes'
p363
I45
sS'caregiver'
p364
I47
sS'tattooed'
p365
I47
sS'yet'
p366
I46
sS'alum'
p367
I47
sS'handshake'
p368
I47
sS'chillest'
p369
I47
sS'had'
p370
I41
sS'innocent'
p371
I47
sS'has'
p372
I40
sS'possible'
p373
I47
sS'dreams'
p374
I47
sS'apart'
p375
I45
sS'58'
p376
I47
sS'norris\xe2\x80\xa6'
p377
I47
sS'cooler'
p378
I47
sS'remind'
p379
I47
sS'night'
p380
I45
sS'overslept'
p381
I47
sS'right'
p382
I34
sS'old'
p383
I47
sS'deal'
p384
I46
sS'people'
p385
I30
sS'"that\'s'
p386
I47
sS'dead'
p387
I47
sS'kimmys'
p388
I47
sS'kbbq'
p389
I47
sS'election'
p390
I47
sS'harassment'
p391
I47
sS'confusing'
p392
I47
sS'for'
p393
I16
sS'ice'
p394
I46
sS'everything'
p395
I42
sS'asking'
p396
I46
sS'cerro'
p397
I47
sS'beating'
p398
I47
sS'christmas'
p399
I46
sS'peel'
p400
I47
sS'pose'
p401
I47
sS'anythn'
p402
I47
sS'post'
p403
I46
sS'falls'
p404
I46
sS'super'
p405
I47
sS'$70'
p406
I47
sS'rumorsrumorsrumors'
p407
I47
sS'months'
p408
I46
sS'dinner'
p409
I46
sS'stoked'
p410
I47
sS'gingerbread'
p411
I47
sS'nerve'
p412
I47
sS'aha'
p413
I47
sS'dilemma'
p414
I47
sS'kissy'
p415
I47
sS'vuelo'
p416
I47
sS'son'
p417
I47
sS'down'
p418
I40
sS'holiday\xe2\x80\x9d'
p419
I47
sS'right?\xe2\x80\x9d'
p420
I47
sS'insult'
p421
I47
sS'rely'
p422
I47
sS'flying'
p423
I47
sS'fight'
p424
I47
sS'trayvon'
p425
I47
sS'quirky'
p426
I47
sS'was'
p427
I23
sS'halls'
p428
I47
sS'happy'
p429
I40
sS'head'
p430
I46
sS'infomercial'
p431
I47
sS'becoming'
p432
I47
sS'peninsula'
p433
I46
sS'needles'
p434
I47
sS'uncle'
p435
I47
sS'survive'
p436
I47
sS'fwiends'
p437
I47
sS'true'
p438
I47
sS'inside'
p439
I47
sS'tell'
p440
I43
sS'whiskey'
p441
I47
sS'nicest'
p442
I47
sS'tangerines'
p443
I47
sS'neva'
p444
I47
sS'daddy'
p445
I47
sS'liberal'
p446
I47
sS'drive'
p447
I47
sS'ship'
p448
I47
sS'loneliness.\xe2\x80\x9d'
p449
I47
sS'check'
p450
I47
sS'liberalism'
p451
I47
sS'physical'
p452
I47
sS'holy'
p453
I47
sS'dying'
p454
I46
sS'no'
p455
I37
sS'tip'
p456
I46
sS'handed'
p457
I47
sS'reality'
p458
I46
sS'til'
p459
I47
sS'setting'
p460
I47
sS'holding'
p461
I47
sS'smell'
p462
I47
sS'roll'
p463
I47
sS'picture'
p464
I47
sS'nv/reid'
p465
I47
sS'brothers'
p466
I47
sS'football'
p467
I47
sS'yahoo'
p468
I47
sS"let's"
p469
I42
sS'muslims'
p470
I47
sS'rolling'
p471
I47
sS'died'
p472
I47
sS'younger'
p473
I46
sS'time'
p474
I39
sS'serious'
p475
I47
sS'managed'
p476
I47
sS'dance'
p477
I47
sS"see's"
p478
I47
sS'global'
p479
I46
sS'grateful'
p480
I47
sS'skin'
p481
I46
sS'zone'
p482
I47
sS"when's"
p483
I47
sS'vez'
p484
I47
sS'disgusting'
p485
I47
sS'answered'
p486
I47
sS'finally'
p487
I46
sS'marks'
p488
I47
sS'brown'
p489
I46
sS'string'
p490
I47
sS'vegan'
p491
I47
sS'vegas'
p492
I47
sS'you\xe2\x9d\xa4\xef\xb8\x8f'
p493
I47
sS'brows'
p494
I47
sS'cool'
p495
I45
sS'din'
p496
I47
sS'clouds'
p497
I47
sS'did'
p498
I42
sS'peeps'
p499
I47
sS'leave'
p500
I47
sS'team'
p501
I44
sS'you\xe2\x80\x99ll'
p502
I47
sS'guy'
p503
I47
sS'says'
p504
I45
sS'regret'
p505
I47
sS'race-blind'
p506
I47
sS'trend'
p507
I46
sS'dealing'
p508
I47
sS'entertained'
p509
I47
sS'chicken'
p510
I43
sS'rapist'
p511
I47
sS'norris'
p512
I47
sS'assistance'
p513
I47
sS'goes'
p514
I46
sS'staff'
p515
I47
sS'boost'
p516
I47
sS'burn'
p517
I46
sS'water'
p518
I44
sS'purim'
p519
I47
sS'alone'
p520
I45
sS'teacher'
p521
I47
sS'change'
p522
I47
sS'wait'
p523
I47
sS'box'
p524
I47
sS'boy'
p525
I47
sS'pearly'
p526
I47
sS'shift'
p527
I45
sS'trial'
p528
I47
sS'bob'
p529
I47
sS'430'
p530
I47
sS'love'
p531
I36
sS'extra'
p532
I46
sS'bloody'
p533
I47
sS'fake'
p534
I45
sS'"my'
p535
I47
sS'\xe2\x80\x9ctime'
p536
I47
sS'wealth'
p537
I47
sS'working'
p538
I43
sS'prove'
p539
I47
sS'senile'
p540
I47
sS'angry'
p541
I47
sS'dude'
p542
I47
sS'only'
p543
I46
sS'live'
p544
I45
sS'iphone'
p545
I47
sS'thru'
p546
I46
sS'today'
p547
I37
sS'morrison-'
p548
I47
sS'sharing'
p549
I47
sS'sessions'
p550
I47
sS'ooh'
p551
I47
sS'chocolate'
p552
I46
sS'teaser'
p553
I47
sS'is.\xe2\x80\x9d'
p554
I47
sS'fly'
p555
I47
sS'pavilion)'
p556
I47
sS'deserved'
p557
I47
sS'car'
p558
I43
sS'cap'
p559
I47
sS'churches.\xe2\x80\x9d'
p560
I47
sS'can'
p561
I31
sS'9th'
p562
I47
sS'growing'
p563
I47
sS'making'
p564
I47
sS'heart'
p565
I43
sS'crazy'
p566
I44
sS'grouchy'
p567
I47
sS'nursing'
p568
I46
sS'figure'
p569
I47
sS"didn't"
p570
I44
sS'fuck'
p571
I45
sS'heard'
p572
I47
sS'tinted'
p573
I47
sS'cardio'
p574
I47
sS'pink'
p575
I47
sS'winter'
p576
I47
sS'\xe2\x80\x9cshe'
p577
I47
sS'nyt'
p578
I47
sS'write'
p579
I45
sS'sunday'
p580
I47
sS'swore'
p581
I47
sS'pins'
p582
I47
sS'nyc'
p583
I47
sS'neat'
p584
I47
sS'latte'
p585
I47
sS'4th'
p586
I47
sS'mad'
p587
I47
sS'emilia'
p588
I47
sS'such'
p589
I45
sS'suck'
p590
I47
sS'guys'
p591
I46
sS'man'
p592
I45
sS'remember'
p593
I45
sS'oculus'
p594
I47
sS'maybe'
p595
I45
sS'gap'
p596
I45
sS'so'
p597
I19
sS'african'
p598
I47
sS'talk'
p599
I46
sS'cute'
p600
I46
sS'shoes'
p601
I47
sS'haircut'
p602
I47
sS'wishing'
p603
I46
sS'course'
p604
I47
sS'disparities'
p605
I47
sS'cold'
p606
I45
sS'still'
p607
I39
sS'splurge'
p608
I47
sS'group'
p609
I46
sS'thank'
p610
I45
sS'committeeman'
p611
I47
sS'thang'
p612
I47
sS'amazing'
p613
I46
sS'happened'
p614
I46
sS'lonely'
p615
I47
sS'nod'
p616
I47
sS'conversations'
p617
I47
sS'killer'
p618
I47
sS'hahahhahahaha'
p619
I47
sS"obama's"
p620
I47
sS'lunch'
p621
I45
sS'wealthy'
p622
I47
sS'not'
p623
I22
sS'now'
p624
I26
sS'twilight'
p625
I47
sS'above'
p626
I47
sS'name'
p627
I43
sS'el'
p628
I45
sS'fired'
p629
I45
sS'ed'
p630
I47
sS'yeah'
p631
I46
sS'year'
p632
I45
sS'girl'
p633
I36
sS'es'
p634
I46
sS'living'
p635
I45
sS'accomplish'
p636
I47
sS'opened'
p637
I47
sS'looking'
p638
I46
sS'attracted'
p639
I47
sS'seriously'
p640
I45
sS'receiving'
p641
I47
sS'sensor'
p642
I47
sS'monster'
p643
I47
sS'cars'
p644
I47
sS'bumps'
p645
I47
sS'california'
p646
I47
sS'besides'
p647
I47
sS'care'
p648
I45
sS'training'
p649
I47
sS'carnival'
p650
I47
sS'headphones'
p651
I47
sS'tries'
p652
I47
sS'turn'
p653
I46
sS'place'
p654
I47
sS'horas'
p655
I47
sS'think'
p656
I42
sS'first'
p657
I44
sS'cheese'
p658
I47
sS'yourself'
p659
I46
sS'fast'
p660
I44
sS'spanish'
p661
I46
sS'carry'
p662
I47
sS'message'
p663
I47
sS'open'
p664
I47
sS'tomorrow'
p665
I43
sS"'em"
p666
I47
sS'city'
p667
I44
sS'little'
p668
I41
sS'bite'
p669
I47
sS'anyone'
p670
I47
sS'2'
p671
I40
sS'white'
p672
I46
sS'circa'
p673
I47
sS'friend'
p674
I45
sS'gives'
p675
I46
sS'eyes'
p676
I46
sS'way'
p677
I41
sS'that'
p678
I15
sS'season'
p679
I47
sS'accurately'
p680
I47
sS'ridiculous'
p681
I47
sS'eyed'
p682
I47
sS'butt'
p683
I47
sS'than'
p684
I40
sS'population'
p685
I47
sS'10'
p686
I46
sS'12'
p687
I47
sS'lmao'
p688
I47
sS'contender...in'
p689
I47
sS'gotta'
p690
I45
sS'r'
p691
I46
sS'rememba'
p692
I47
sS'were'
p693
I44
sS'college'
p694
I47
sS'and'
p695
I12
sS'san'
p696
I47
sS'angel'
p697
I47
sS'turned'
p698
I46
sS'say'
p699
I41
sS'distorted'
p700
I47
sS'saw'
p701
I47
sS'any'
p702
I44
sS'zof'
p703
I47
sS'babysit'
p704
I47
sS'there\xe2\x80\x99s'
p705
I46
sS'shocked'
p706
I47
sS'take'
p707
I41
sS'online'
p708
I47
sS'sure'
p709
I47
sS'multiple'
p710
I47
sS'paid'
p711
I47
sS'insanity'
p712
I46
sS'aloud'
p713
I47
sS'assault'
p714
I47
sS'pair'
p715
I47
sS'inka'
p716
I47
sS'geeeeet'
p717
I47
sS'forever'
p718
I45
sS'especially'
p719
I47
sS'room'
p720
I47
sS'proud'
p721
I46
sS'hungry'
p722
I44
sS'hear'
p723
I46
sS"'03"
p724
I47
sS'\xe2\x9c\xa8'
p725
I47
sS'show'
p726
I46
sS'loveas'
p727
I47
sS'hack'
p728
I47
sS'takin'
p729
I47
sS'slow'
p730
I47
sS'unkind'
p731
I47
sS'\xe2\x9c\x8b'
p732
I46
sS'title'
p733
I47
sS'3'
p734
I46
sS'tears'
p735
I47
sS'going'
p736
I43
sS'black'
p737
I44
sS'pumpkin'
p738
I47
sS'palos'
p739
I46
sS'get'
p740
I30
sS'assistant'
p741
I47
sS'dyl'
p742
I47
sS'cannot'
p743
I46
sS'gee'
p744
I47
sS'4846386'
p745
I47
sS'dye'
p746
I47
sS'gel'
p747
I47
sS'busiest'
p748
I47
sS'borrow'
p749
I47
sS'morning'
p750
I46
sS'jokes'
p751
I47
sS'\xe6\x98\x8e\xe3\x82\x8b\xe3\x81\x8f\xe3\x81\xaa\xe3\x81\xa3\xe3\x81\xa6\xe3\x81\xbe\xe3\x81\x84\xe3\x82\x8a\xe3\x81\xbe\xe3\x81\x97\xe3\x81\x9f\xe2\x80\xa6\xe7\xac\x91\xe4\xbb\x8a\xe6\x97\xa5\xe3\x81\xaf\xe3\x83\x9e\xe3\x82\xb8\xe3\x81\xa7\xe3\x82\xaa\xe3\x83\xbc\xe3\x83\xab\xe3\x81\xa0\xe2\x9c\xa8\xe2\x9c\xa8\xe3\x81\xaa\xe3\x82\x93\xe3\x81\xa0\xe3\x81\x93\xe3\x81\xae\xe9\x81\x94\xe6\x88\x90\xe6\x84\x9f\xe2\x86\x90'
p752
I47
sS'stupid'
p753
I46
sS'\xe3\x82\x82\xe3\x81\x86\xe6\xad\xa3\xe5\x8d\x88\xe3\x81\xbe\xe3\x82\x8f\xe3\x81\xa3\xe3\x81\x9f\xe3\x81\x91\xe3\x81\xa9\xe4\xbb\x8a\xe3\x81\x8b\xe3\x82\x89\xe5\xaf\x9d\xe3\x82\x88zzz'
p754
I47
sS'worries'
p755
I47
sS'through'
p756
I43
sS'finishing'
p757
I45
sS'where'
p758
I39
sS'husband'
p759
I47
sS"y'all"
p760
I47
sS'espn'
p761
I47
sS'asleep'
p762
I47
sS'us'
p763
I43
sS'hoes'
p764
I47
sS'ur'
p765
I45
sS'wonder'
p766
I47
sS'opening'
p767
I47
sS'tac-ooooooooooosss'
p768
I47
sS'enough'
p769
I46
sS'between'
p770
I46
sS'ima'
p771
I47
sS'notice'
p772
I47
sS'jobs'
p773
I47
sS'jp'
p774
I47
sS'\xe2\x80\x9cairports'
p775
I47
sS'real-life'
p776
I47
sS'jk'
p777
I47
sS'come'
p778
I44
sS'many'
p779
I43
sS'quiet'
p780
I47
sS'loudly'
p781
I47
sS'wheels'
p782
I47
sS'comes'
p783
I46
sS'learning'
p784
I46
sS'pedro'
p785
I47
sS'judging'
p786
I47
sS'hardly'
p787
I46
sS'mary'
p788
I47
sS'wants'
p789
I46
sS'squash'
p790
I47
sS'language'
p791
I47
sS'wake'
p792
I47
sS'hashtag'
p793
I47
sS'those'
p794
I43
sS'case'
p795
I47
sS'myself'
p796
I44
sS'these'
p797
I40
sS'cred'
p798
I47
sS'casi'
p799
I47
sS'trick'
p800
I47
sS'policies'
p801
I47
sS'situation'
p802
I47
sS"person's"
p803
I47
sS'buen'
p804
I47
sS'eventually'
p805
I47
sS'sincere'
p806
I47
sS'engaged'
p807
I47
sS'coffee'
p808
I47
sS'sleeping'
p809
I46
sS'middle'
p810
I46
sS'good'
p811
I40
sS'awhile'
p812
I47
sS'worry'
p813
I47
sS'different'
p814
I45
sS'annoying'
p815
I46
sS'bowl'
p816
I47
sS'same'
p817
I43
sS'mole'
p818
I47
sS'ya'
p819
I46
sS'followers'
p820
I47
sS'shit'
p821
I44
sS'coworkers'
p822
I47
sS'damon'
p823
I47
sS'emojis'
p824
I47
sS'filner'
p825
I46
sS'week'
p826
I44
sS'finish'
p827
I47
sS'running'
p828
I45
sS'fruit'
p829
I47
sS'climbing'
p830
I47
sS'totally'
p831
I47
sS'burrito'
p832
I47
sS'nothin'
p833
I47
sS'without'
p834
I46
sS"can't"
p835
I38
sS'bottle'
p836
I47
sS'reward'
p837
I47
sS'summer'
p838
I47
sS'\xe2\x98\xba\xef\xb8\x8f'
p839
I47
sS'being'
p840
I40
sS'money'
p841
I47
sS'iiiiiii'
p842
I47
sS'gavin'
p843
I47
sS'\xe2\x80\x9clive'
p844
I47
sS'blow'
p845
I47
sS'thinking'
p846
I47
sS"we've"
p847
I47
sS'it\xe2\x80\x99s'
p848
I46
sS'ahhhh'
p849
I47
sS'4'
p850
I42
sS'real'
p851
I47
sS'around'
p852
I45
sS'gonna'
p853
I40
sS'gestures'
p854
I47
sS'\xe2\x80\x98i'
p855
I46
sS'listening'
p856
I47
sS'it.\xe2\x80\x9d'
p857
I46
sS'world'
p858
I45
sS'(rancho'
p859
I47
sS'server'
p860
I47
sS'either'
p861
I46
sS'recalls'
p862
I47
sS'"stack'
p863
I47
sS'clothes---'
p864
I47
sS'draw'
p865
I47
sS'table'
p866
I47
sS'spasm'
p867
I47
sS'shirtless'
p868
I47
sS'moon'
p869
I46
sS'dimples'
p870
I47
sS'business'
p871
I44
sS'broken'
p872
I47
sS'throwback'
p873
I46
sS';)'
p874
I47
sS'exciting'
p875
I47
sS'throw'
p876
I47
sS'on'
p877
I17
sS'ok'
p878
I47
sS'oh'
p879
I44
sS'of'
p880
I11
sS'favorite'
p881
I45
sS'chop'
p882
I47
sS'fell'
p883
I47
sS'decent'
p884
I47
sS'cudi'
p885
I47
sS'road'
p886
I47
sS'ladies'
p887
I47
sS'whites'
p888
I47
sS'densification'
p889
I47
sS'blessed'
p890
I47
sS'snapchat'
p891
I47
sS'earring'
p892
I47
sS'elementary'
p893
I47
sS'nowadays'
p894
I47
sS'your'
p895
I26
sS'ctrl+alt+vodka'
p896
I47
sS"how's"
p897
I47
sS'her'
p898
I42
sS'there'
p899
I44
sS'hey'
p900
I46
sS'lol'
p901
I27
sS'start'
p902
I42
sS'low'
p903
I47
sS'lot'
p904
I47
sS'valley'
p905
I47
sS'tycoon'
p906
I47
sS'mornings'
p907
I47
sS'eyeliner'
p908
I47
sS'"what\'s'
p909
I47
sS'gorg'
p910
I47
sS'trying'
p911
I44
sS'with'
p912
I15
sS'toned'
p913
I47
sS'applying'
p914
I47
sS'default'
p915
I47
sS'suitcase'
p916
I47
sS'girl."'
p917
I47
sS'gone'
p918
I46
sS'af'
p919
I47
sS'exhausted'
p920
I47
sS'am'
p921
I32
sS'al'
p922
I46
sS'deep'
p923
I47
sS'an'
p924
I37
sS'as'
p925
I40
sS'at'
p926
I21
sS'politics'
p927
I47
sS'hospitals'
p928
I47
sS'cream'
p929
I46
sS'again'
p930
I44
sS'saturday'
p931
I47
sS'tight'
p932
I47
sS'kimye'
p933
I47
sS'5'
p934
I44
sS'fools'
p935
I47
sS'trash'
p936
I47
sS'poor'
p937
I45
sS'obsessed'
p938
I44
sS'students'
p939
I47
sS'keepin'
p940
I47
sS'snitch'
p941
I47
sS'lipstick'
p942
I47
sS'driving'
p943
I47
sS'calls'
p944
I46
sS'invest'
p945
I46
sS'wifi'
p946
I47
sS'mask'
p947
I47
sS'u'
p948
I39
sS'starting'
p949
I44
sS'original'
p950
I47
sS'cheetos'
p951
I47
sS'all'
p952
I25
sS'month'
p953
I47
sS'follow'
p954
I46
sS'causes'
p955
I46
sS'thursday'
p956
I47
sS'to'
p957
I4
sS'\xe5\xaf\x9d\xe3\x82\x8c\xe3\x81\xaa\xe3\x81\x84\xe3\x81\xae\xe3\x81\xa7abc'
p958
I47
sS'chewing'
p959
I47
sS'smile'
p960
I47
sS'enjoying'
p961
I46
sS'sound'
p962
I47
sS'woman'
p963
I45
sS'appointment'
p964
I47
sS'song'
p965
I46
sS'very'
p966
I46
sS'fat'
p967
I47
sS'selfies'
p968
I45
sS'candid'
p969
I47
sS'worst'
p970
I46
sS'fam'
p971
I47
sS'ramen'
p972
I47
sS'heaven'
p973
I46
sS'shenanigans'
p974
I47
sS'celebrity'
p975
I47
sS'list'
p976
I47
sS"i'll"
p977
I38
sS'instagram'
p978
I47
sS'195'
p979
I47
sS'tea'
p980
I47
sS'should*'
p981
I47
sS'pass'
p982
I47
sS'further'
p983
I47
sS'appreciating'
p984
I47
sS'what'
p985
I27
sS'apologizes'
p986
I47
sS'witnessed'
p987
I47
sS'crush'
p988
I46
sS'barbecue'
p989
I47
sS'scientists'
p990
I47
sS'racing'
p991
I47
sS'hahaha'
p992
I47
sS"nation's"
p993
I47
sS'hours'
p994
I42
sS'polla'
p995
I47
sS'november'
p996
I47
sS"nobody's"
p997
I47
sS'amount'
p998
I47
sS'slippers'
p999
I47
sS'roomie'
p1000
I47
sS'family'
p1001
I47
sS'ask'
p1002
I43
sS'semester'
p1003
I47
sS'you\xe2\x80\x99re'
p1004
I47
sS'bruhs'
p1005
I47
sS'eye'
p1006
I47
sS'takes'
p1007
I47
sS'almost'
p1008
I46
sS'splash'
p1009
I47
sS'\xe2\x9c\xa8\xe2\x9c\xa8\xe2\x9c\xa8\xe2\x9c\xa8'
p1010
I47
sS'gorgeous'
p1011
I47
sS'taken'
p1012
I47
sS'more'
p1013
I40
sS'tryna'
p1014
I47
sS'door'
p1015
I47
sS'knows'
p1016
I47
sS"ain't"
p1017
I43
sS'known'
p1018
I47
sS'keeping'
p1019
I47
sS'hour'
p1020
I46
sS'cluster'
p1021
I47
sS'sucks'
p1022
I47
sS'del'
p1023
I47
sS'dem'
p1024
I46
sS'yemen'
p1025
I47
sS'beautiful'
p1026
I46
sS'humps"'
p1027
I47
sS'libertarian'
p1028
I47
sS'information'
p1029
I47
sS'awkward'
p1030
I43
sS'rather'
p1031
I47
sS'clarke'
p1032
I47
sS'breaking'
p1033
I47
sS'ridgecrest'
p1034
I45
sS'okay'
p1035
I45
sS'fb'
p1036
I46
sS'plane'
p1037
I47
sS'gardeners'
p1038
I47
sS'a'
p1039
I5
sS'short'
p1040
I47
sS'mitzvah'
p1041
I46
sS'4/4'
p1042
I47
sS'scaring'
p1043
I47
sS'comatose'
p1044
I47
sS'geographic'
p1045
I47
sS'dream'
p1046
I47
sS'playing'
p1047
I46
sS"that's"
p1048
I43
sS"don't"
p1049
I31
sS'september'
p1050
I47
sS'dough'
p1051
I47
sS'hell'
p1052
I47
sS'roots'
p1053
I47
sS'24'
p1054
I46
sS'25'
p1055
I47
sS'27'
p1056
I47
sS'21'
p1057
I47
sS'23'
p1058
I47
sS'actually'
p1059
I46
sS'late'
p1060
I46
sS'2%'
p1061
I47
sS'bout'
p1062
I47
sS'might'
p1063
I46
sS"haven't"
p1064
I47
sS'someone'
p1065
I28
sS'food'
p1066
I45
sS'sucker'
p1067
I47
sS'perceived'
p1068
I47
sS'walls'
p1069
I46
sS'starbucks'
p1070
I45
sS'foot'
p1071
I47
sS'complain'
p1072
I46
sS"bumpin'"
p1073
I47
sS'pregnant'
p1074
I46
sS'always'
p1075
I39
sS'found'
p1076
I47
sS"isn't"
p1077
I45
sS'combo\xe2\x80\x9d'
p1078
I47
sS'everyone'
p1079
I43
sS'house'
p1080
I47
sS'energy'
p1081
I47
sS'hard'
p1082
I43
sS'idea'
p1083
I46
sS'book\xe7\xb5\x82\xe3\x82\x8f\xe3\x82\x89\xe3\x81\x9b\xe3\x81\x9f\xe2\x80\xa6\xe3\x81\x84\xef\xbc\x81\xe7\xb5\x82\xe3\x82\x8f\xe3\x82\x89\xe3\x81\x9b\xe3\x81\x9f\xe3\x81\x84\xe3\x81\xae\xef\xbc\x81\xef\xbc\x81'
p1084
I47
sS'chrissy'
p1085
I47
sS'tonite'
p1086
I47
sS'really'
p1087
I32
sS'payson'
p1088
I47
sS'missed'
p1089
I47
sS'glitter'
p1090
I47
sS'since'
p1091
I44
sS'research'
p1092
I47
sS"they'll"
p1093
I47
sS'occurs'
p1094
I47
sS'ass'
p1095
I46
sS'friday'
p1096
I47
sS'not.\xe2\x80\x9d'
p1097
I47
sS'hott'
p1098
I46
sS'imagine'
p1099
I47
sS'put'
p1100
I46
sS'puhlease'
p1101
I47
sS'kings'
p1102
I47
sS"year's"
p1103
I47
sS'american'
p1104
I46
sS'expecting'
p1105
I47
sS'heartbeat'
p1106
I47
sS'feed'
p1107
I46
sS'major'
p1108
I47
sS'feel'
p1109
I39
sS'relate'
p1110
I47
sS'done'
p1111
I46
sS'changing'
p1112
I47
sS'slower'
p1113
I47
sS'miss'
p1114
I40
sS'story'
p1115
I45
sS'breathless'
p1116
I47
sS'temperature'
p1117
I47
sS'jet'
p1118
I47
sS'leighton'
p1119
I47
sS'paint'
p1120
I47
sS'statement'
p1121
I47
sS'store'
p1122
I46
sS'headache'
p1123
I47
sS'pains'
p1124
I47
sS'relationship'
p1125
I44
sS'behind'
p1126
I47
sS'park'
p1127
I46
sS'part'
p1128
I47
sS'believe'
p1129
I46
sS'stairs'
p1130
I47
sS'obama'
p1131
I45
sS'king'
p1132
I47
sS'kind'
p1133
I46
sS'compliments'
p1134
I47
sS'double'
p1135
I47
sS'i'
p1136
I1
sS'gold.\xe2\x80\x9d'
p1137
I47
sS"birkenstock's"
p1138
I47
sS'soul\xe2\x81\xb0yet'
p1139
I47
sS'antarctica'
p1140
I47
sS'nights'
p1141
I47
sS'lil'
p1142
I46
sS'also'
p1143
I47
sS'lip'
p1144
I46
sS'commentary'
p1145
I47
sS'play'
p1146
I44
sS'serena'
p1147
I47
sS'measures'
p1148
I47
sS'reunited'
p1149
I47
sS'most'
p1150
I45
sS'channeling'
p1151
I47
sS'70'
p1152
I47
sS'nothing'
p1153
I44
sS'extremely'
p1154
I47
sS'kc'
p1155
I47
sS'windows'
p1156
I47
sS'"you\'re'
p1157
I47
sS'sometimes'
p1158
I47
sS'cover'
p1159
I47
sS'brains'
p1160
I47
sS'attacking'
p1161
I47
sS'ugh'
p1162
I44
sS'beard='
p1163
I47
sS'find'
p1164
I44
sS'faces'
p1165
I47
sS'impact'
p1166
I47
sS'music'
p1167
I46
sS'paranoid'
p1168
I47
sS'rebooting'
p1169
I47
sS'pretty'
p1170
I47
sS'8'
p1171
I45
sS'hip'
p1172
I47
sS'hit'
p1173
I46
sS'person\xe2\x80\x99s'
p1174
I47
sS'feels'
p1175
I45
sS'longest'
p1176
I47
sS'during'
p1177
I46
sS'banner'
p1178
I47
sS'him'
p1179
I46
sS'withers-'
p1180
I47
sS'motorcycles'
p1181
I47
sS'cry'
p1182
I47
sS'set'
p1183
I47
sS'possible.-'
p1184
I47
sS'dump'
p1185
I47
sS'throwing'
p1186
I47
sS'see'
p1187
I44
sS'horoscopes'
p1188
I47
sS'are'
p1189
I27
sS'close'
p1190
I47
sS'arm'
p1191
I45
sS'knees'
p1192
I47
sS'pictures'
p1193
I45
sS'wow'
p1194
I44
sS'currently'
p1195
I46
sS'please'
p1196
I41
sS'won'
p1197
I47
sS'probably'
p1198
I47
sS'compliment'
p1199
I46
sS'both'
p1200
I46
sS'f'
p1201
I47
sS'last'
p1202
I44
sS'license'
p1203
I47
sS"wouldn't"
p1204
I47
sS'barely'
p1205
I47
sS'foreign'
p1206
I47
sS"1920'a"
p1207
I47
sS'buzz'
p1208
I47
sS'poverty'
p1209
I47
sS'finds'
p1210
I47
sS'\xe2\x98\xba'
p1211
I47
sS'point'
p1212
I47
sS'sweet'
p1213
I46
sS'community'
p1214
I47
sS'pack"'
p1215
I47
sS'church'
p1216
I47
sS'expensive'
p1217
I47
sS'raise'
p1218
I46
sS'dub'
p1219
I47
sS'panera'
p1220
I47
sS'political'
p1221
I47
sS'earthquake'
p1222
I47
sS'secret'
p1223
I47
sS'describes'
p1224
I47
sS'damn'
p1225
I45
sS'empty'
p1226
I47
sS'gay'
p1227
I46
sS'fire'
p1228
I47
sS'shabbat'
p1229
I47
sS'white-african'
p1230
I47
sS'awake'
p1231
I46
sS'oitnb'
p1232
I47
sS'look'
p1233
I39
sS'frozen'
p1234
I47
sS'caged'
p1235
I47
sS'bill'
p1236
I47
sS'while'
p1237
I43
sS'socialism'
p1238
I47
sS'pressed'
p1239
I47
sS'fun'
p1240
I43
sS'paco'
p1241
I47
sS'voters'
p1242
I47
sS'cents'
p1243
I47
sS'<<'
p1244
I47
sS'rip'
p1245
I47
sS'ready'
p1246
I45
sS'ethnicity'
p1247
I47
sS'funny'
p1248
I47
sS'anymore'
p1249
I45
sS'english/subject'
p1250
I47
sS'9'
p1251
I47
sS'daughters'
p1252
I47
sS'bonus'
p1253
I47
sS'illest'
p1254
I46
sS'blair'
p1255
I47
sS'negotiate'
p1256
I47
sS'moment'
p1257
I45
sS'uses'
p1258
I47
sS'weird'
p1259
I47
sS'early'
p1260
I46
sS'lower'
p1261
I46
sS"dad's"
p1262
I47
sS'nola'
p1263
I47
sS'spent'
p1264
I46
sS'obviously'
p1265
I46
sS'person'
p1266
I45
sS'cheer'
p1267
I47
sS'y'
p1268
I47
sS'2go'
p1269
I47
sS'i\xe2\x80\x99m'
p1270
I46
sS'mom'
p1271
I42
sS'h\xe1\xba\xa1nh'
p1272
I47
sS'libs'
p1273
I47
sS'headlock"'
p1274
I47
sS'using'
p1275
I47
sS'continent'
p1276
I47
sS'cut'
p1277
I47
sS'cup'
p1278
I46
sS'workers'
p1279
I47
sS'cuz'
p1280
I47
sS'crying'
p1281
I47
sS'snap'
p1282
I47
sS'guarantees'
p1283
I47
sS'big'
p1284
I46
sS'couple'
p1285
I45
sS'\xe2\x80\x9cuntil'
p1286
I47
sS'lovin'
p1287
I46
sS'game'
p1288
I47
sS'bit'
p1289
I47
sS'knock'
p1290
I47
sS'ignore'
p1291
I47
sS'popular'
p1292
I47
sS'fucking'
p1293
I44
sS'some'
p1294
I42
sS'back'
p1295
I38
sS'lips'
p1296
I47
sS'mmmmm'
p1297
I47
sS'loser'
p1298
I46
sS'sight'
p1299
I47
sS'trendy'
p1300
I47
sS'scale'
p1301
I47
sS'contacts'
p1302
I47
sS'pen'
p1303
I47
sS'temple'
p1304
I45
sS'laughing'
p1305
I47
sS'crony'
p1306
I47
sS'be'
p1307
I22
sS'bf'
p1308
I47
sS'run'
p1309
I47
sS'bc'
p1310
I47
sS'jumps'
p1311
I47
sS'crap'
p1312
I47
sS'chola'
p1313
I47
sS'by'
p1314
I35
sS'faith'
p1315
I47
sS'graft'
p1316
I47
sS'anything'
p1317
I47
sS'netflix'
p1318
I46
sS'iced'
p1319
I47
sS'boyfriend'
p1320
I45
sS'awwww'
p1321
I47
sS'deserves'
p1322
I47
sS'lordddd'
p1323
I47
sS'idk'
p1324
I46
sS'there?"'
p1325
I47
sS'wanna'
p1326
I47
sS'seeing'
p1327
I47
sS'every1'
p1328
I47
sS'colorado'
p1329
I46
sS'terrorists'
p1330
I47
sS'nsa'
p1331
I47
sS'into'
p1332
I43
sS'because'
p1333
I44
sS'soundwe'
p1334
I47
sS'question'
p1335
I47
sS'ca)'
p1336
I47
sS'long'
p1337
I43
sS'\xe2\x80\x9ca'
p1338
I46
sS"we're"
p1339
I47
sS'forward'
p1340
I46
sS'bored'
p1341
I47
sS'good.\xe2\x80\x9d'
p1342
I47
sS'summerto'
p1343
I47
sS'invite'
p1344
I46
sS'hawaiian'
p1345
I47
sS'vehicle'
p1346
I47
sS'boys'
p1347
I47
sS'boyz'
p1348
I46
sS'week\xe2\x80\x9d."'
p1349
I47
sS'posted'
p1350
I46
sS'up'
p1351
I34
sS'peppermint'
p1352
I47
sS'stalking'
p1353
I47
sS'un'
p1354
I47
sS'pres'
p1355
I47
sS'fried'
p1356
I45
sS'similar'
p1357
I47
sS'bell'
p1358
I47
sS'raging'
p1359
I47
sS'chai'
p1360
I47
sS'chat'
p1361
I47
sS'yearbook'
p1362
I47
sS'stripper'
p1363
I47
sS'plugged'
p1364
I46
sS'income'
p1365
I47
sS'dictator"'
p1366
I47
sS'nice'
p1367
I44
sS'wonderin'
p1368
I47
sS'jojo'
p1369
I47
sS'scapegoat'
p1370
I47
sS'problems'
p1371
I47
sS'bianca'
p1372
I47
sS'clue'
p1373
I47
sS'ago'
p1374
I47
sS'practically'
p1375
I47
sS'rescued'
p1376
I47
sS'annoyed'
p1377
I47
sS'fresh'
p1378
I47
sS'karma'
p1379
I47
sS'verdes'
p1380
I46
sS"she's"
p1381
I42
sS'having'
p1382
I40
sS'once'
p1383
I45
sS'essay'
p1384
I45
sS'nh\xe1\xba\xa5t'
p1385
I47
sS'\xe2\x80\x9cmaking'
p1386
I47
sS'go'
p1387
I37
sS'gossip'
p1388
I46
sS'conservative'
p1389
I47
sS'concerned'
p1390
I47
sS'young'
p1391
I46
sS'send'
p1392
I45
sS'nose'
p1393
I47
sS'blaze'
p1394
I47
sS'dislike'
p1395
I47
sS'breathing'
p1396
I44
sS'outside'
p1397
I47
sS'spoon'
p1398
I47
sS'putting'
p1399
I46
sS'telling'
p1400
I47
sS'assad'
p1401
I47
sS'drinking'
p1402
I47
sS'entire'
p1403
I46
sS'eva'
p1404
I47
sS'marry'
p1405
I47
sS'gettin'
p1406
I47
sS'try'
p1407
I45
sS'whoevers'
p1408
I47
sS'rack'
p1409
I47
sS'someday'
p1410
I47
sS'owwww'
p1411
I47
sS'jump'
p1412
I47
sS'picked'
p1413
I47
sS'grados'
p1414
I47
sS'vigils'
p1415
I47
sS'3x'
p1416
I47
sS'waiting'
p1417
I46
sS'experiment'
p1418
I47
sS'thursdays'
p1419
I47
sS'body'
p1420
I47
sS'tech/maintenance'
p1421
I47
sS'leo'
p1422
I47
sS'let'
p1423
I41
sS'others'
p1424
I47
sS'sexy'
p1425
I47
sS'irritating'
p1426
I47
sS'great'
p1427
I41
sS'cleopatra'
p1428
I46
sS'30'
p1429
I44
sS'residents'
p1430
I45
sS'makes'
p1431
I37
sS'honor'
p1432
I47
sS'thats'
p1433
I47
sS'apple'
p1434
I47
sS'win'
p1435
I45
sS'motor'
p1436
I47
sS'to.\xe2\x80\x9dth\xc3\xadch'
p1437
I47
sS'singing'
p1438
I47
sS'standing'
p1439
I47
sS'use'
p1440
I46
sS'from'
p1441
I35
sS'&'
p1442
I30
sS'next'
p1443
I44
sS'few'
p1444
I47
sS'doubt'
p1445
I47
sS'tahoe'
p1446
I47
sS'save'
p1447
I47
sS'themselves'
p1448
I47
sS'cosmo'
p1449
I47
sS'clever'
p1450
I47
sS'snickers'
p1451
I47
sS'started'
p1452
I45
sS'halloween'
p1453
I47
sS'sister'
p1454
I47
sS'sore'
p1455
I47
sS'ashamed'
p1456
I47
sS'baby'
p1457
I42
sS'harlyne'
p1458
I46
sS'737483'
p1459
I47
sS'women'
p1460
I47
sS'"fresh"'
p1461
I47
sS'this'
p1462
I20
sS'when'
p1463
I13
sS'meet'
p1464
I47
sS'control'
p1465
I47
sS'thirsty'
p1466
I47
sS'rode'
p1467
I46
sS'something'
p1468
I41
sS'hehehheeh'
p1469
I47
sS'tal'
p1470
I47
sS'serial'
p1471
I47
sS'united'
p1472
I47
sS'clothing'
p1473
I47
sS'holds'
p1474
I47
sS'everly'
p1475
I47
sS'instead'
p1476
I45
sS'profile'
p1477
I47
sS'blocks'
p1478
I47
sS'stop'
p1479
I38
sS'abuse'
p1480
I47
sS'taco'
p1481
I47
sS'hahahaha'
p1482
I47
sS'cuddling'
p1483
I47
sS'light'
p1484
I45
sS'or'
p1485
I31
sS'honestly'
p1486
I46
sS'nancy'
p1487
I47
sS'classy'
p1488
I47
sS'move'
p1489
I45
sS'meter'
p1490
I47
sS"won't"
p1491
I47
sS'looks'
p1492
I46
sS'warren'
p1493
I47
sS'perfect'
p1494
I44
sS'1'
p1495
I47
sS'la'
p1496
I47
sS'winning'
p1497
I47
sS"slippin'"
p1498
I47
sS'willing'
p1499
I47
sS'degrees'
p1500
I46
sS'<'
p1501
I46
sS'dad'
p1502
I47
sS'crash'
p1503
I47
sS'greater'
p1504
I47
sS'mention'
p1505
I47
sS'hands'
p1506
I47
sS'kindness'
p1507
I47
sS'day'
p1508
I33
sS'worlds'
p1509
I47
sS'cotton'
p1510
I47
sS'truth'
p1511
I45
sS'cursive'
p1512
I46
sS'bills'
p1513
I47
sS'bueno'
p1514
I47
sS'doing'
p1515
I44
sS'books'
p1516
I47
sS'our'
p1517
I44
sS'huntington'
p1518
I47
sS'sexual'
p1519
I46
sS'special'
p1520
I46
sS'out'
p1521
I24
sS'secretly'
p1522
I47
sS'twice'
p1523
I46
sS'cause'
p1524
I40
sS'red'
p1525
I46
sS'trashy'
p1526
I47
sS'\xe2\x80\x9csometimes'
p1527
I47
sS'completely'
p1528
I46
sS'york'
p1529
I45
sS'craving'
p1530
I46
sS'snapchats'
p1531
I46
sS'route'
p1532
I47
sS'florida'
p1533
I47
sS'times'
p1534
I45
sS'whuuuut'
p1535
I47
sS'conversation'
p1536
I47
sS'birthday'
p1537
I47
sS'shewolf'
p1538
I47
sS'housing'
p1539
I47
sS'bitch'
p1540
I44
sS'mah'
p1541
I47
sS"doesn't"
p1542
I45
sS'-sexual'
p1543
I47
sS'laps'
p1544
I47
sS'their'
p1545
I44
sS'intermediate'
p1546
I45
sS'perfectly'
p1547
I46
sS'99.1'
p1548
I47
sS'shorts'
p1549
I47
sS'exactly'
p1550
I45
sS'july'
p1551
I47
sS'herself'
p1552
I47
sS'neck'
p1553
I47
sS'loved'
p1554
I47
sS'bed'
p1555
I47
sS'humped'
p1556
I47
sS'loves'
p1557
I47
sS'negatively'
p1558
I47
sS'bev'
p1559
I47
sS'bet'
p1560
I47
sS'sis)'
p1561
I47
sS'\xe2\x99\x8d\xef\xb8\x8f'
p1562
I47
sS'comfortable'
p1563
I46
sS'tonight'
p1564
I39
sS'neen'
p1565
I47
sS'have'
p1566
I18
sS'need'
p1567
I41
sS'eyeshadow'
p1568
I47
sS'studying'
p1569
I47
sS'able'
p1570
I45
sS'babes'
p1571
I47
sS'='
p1572
I47
sS'fuels'
p1573
I47
sS'unless'
p1574
I47
sS'who'
p1575
I33
sS'wht'
p1576
I47
sS'logitech'
p1577
I47
sS'future'
p1578
I46
sS'sally'
p1579
I47
sS'why'
p1580
I36
sS'lames'
p1581
I47
sS'face'
p1582
I43
sS'est\xc3\xa1n'
p1583
I47
sS'fact'
p1584
I47
sS'gore'
p1585
I47
sS'mocha'
p1586
I47
sS'oreos'
p1587
I47
sS'chadwick'
p1588
I46
sS'text'
p1589
I47
sS'indoor'
p1590
I47
sS'bring'
p1591
I45
sS"90's"
p1592
I47
sS'bedroom'
p1593
I47
sS'fear'
p1594
I46
sS'debate'
p1595
I47
sS'principal'
p1596
I47
sS'anti-gay'
p1597
I47
sS'based'
p1598
I47
sS'winner'
p1599
I47
sS'should'
p1600
I45
sS'virgo'
p1601
I46
sS"there's"
p1602
I46
sS'riding'
p1603
I47
sS'wowsers'
p1604
I47
sS'hope'
p1605
I47
sS'watching'
p1606
I46
sS'dope'
p1607
I47
sS'lucky'
p1608
I46
sS'awww'
p1609
I47
sS'ones'
p1610
I47
sS'words'
p1611
I46
sS'timing'
p1612
I47
sS'suey'
p1613
I47
sS'areas'
p1614
I47
sS'homosexuals'
p1615
I47
sS'married'
p1616
I47
sS'teams'
p1617
I47
sS'stuff'
p1618
I46
sS'she'
p1619
I41
sS'mercedes'
p1620
I47
sS'view'
p1621
I47
sS'official'
p1622
I47
sS'prayers'
p1623
I47
sS'national'
p1624
I46
sS'we'
p1625
I42
sS'desperate'
p1626
I46
sS'5cent'
p1627
I47
sS'tend'
p1628
I46
sS'state'
p1629
I47
sS'closed'
p1630
I45
sS'ourselves."'
p1631
I47
sS'superior'
p1632
I47
sS'"yellow."'
p1633
I47
sS'time\xe2\x80\x99'
p1634
I47
sS'job'
p1635
I44
sS'nieve'
p1636
I47
sS'taking'
p1637
I47
sS"he's"
p1638
I47
sS'etc'
p1639
I47
sS'jersey'
p1640
I47
sS'co'
p1641
I46
sS'ca'
p1642
I47
sS'makin'
p1643
I47
sS'laugh'
p1644
I47
sS'respect'
p1645
I47
sS'nestl\xc3\xa9'
p1646
I47
sS'yuppp'
p1647
I47
sS'yay'
p1648
I47
sS"it's"
p1649
I24
sS'quotas'
p1650
I47
sS'drank'
p1651
I47
sS'equipo'
p1652
I47
sS'>'
p1653
I46
sS'skinhead'
p1654
I47
sS'painted'
p1655
I47
sS'moved'
p1656
I47
sS'hmm'
p1657
I47
sS'fellow'
p1658
I47
sS'eyelashes'
p1659
I46
sS'54-51'
p1660
I47
sS'appearance'
p1661
I47
sS'will'
p1662
I37
sS'country'
p1663
I47
sS'ultra'
p1664
I47
sS'resident'
p1665
I46
sS'vs'
p1666
I45
sS'dems'
p1667
I47
sS'watched'
p1668
I47
sS'century'
p1669
I47
sS'juan'
p1670
I47
sS'party'
p1671
I47
sS'gets'
p1672
I47
sS'balm'
p1673
I47
sS'bonzai'
p1674
I47
sS'selfish'
p1675
I47
sS'retarded'
p1676
I47
sS'effect'
p1677
I47
sS'sisters'
p1678
I47
sS'overalls'
p1679
I47
sS'warming'
p1680
I46
sS'bianca"'
p1681
I47
sS'off'
p1682
I41
sS'shalom'
p1683
I47
sS'well'
p1684
I42
sS'thought'
p1685
I47
sS'flexing'
p1686
I47
sS'oops'
p1687
I47
sS'english'
p1688
I47
sS'usual'
p1689
I47
sS'routinely'
p1690
I47
sS'cried'
p1691
I47
sS'less'
p1692
I47
sS'half'
p1693
I47
sS'clinic'
p1694
I46
sS'mistakes'
p1695
I47
sS'tough'
p1696
I47
sS'rest'
p1697
I47
sS'republican'
p1698
I47
sS'ads'
p1699
I47
sS'drunk'
p1700
I47
sS'realize'
p1701
I47
sS'narcolepsy'
p1702
I47
sS'book'
p1703
I47
sS'attractive'
p1704
I47
sS'\xe2\x80\x9cit\xe2\x80\x99s'
p1705
I46
sS'nos'
p1706
I47
sS'homework'
p1707
I47
sS'tests'
p1708
I47
sS"who's"
p1709
I47
sS'know'
p1710
I27
sS'press'
p1711
I47
sS'nvm'
p1712
I47
sS'you'
p1713
I7
sS'"your'
p1714
I47
sS'like'
p1715
I14
sS'candy'
p1716
I46
sS'loses'
p1717
I47
sS'sized'
p1718
I47
sS'lose'
p1719
I47
sS'become'
p1720
I47
sS'nigga'
p1721
I46
sS'village'
p1722
I47
sS'hair'
p1723
I44
sS'shes'
p1724
I47
sS'choosing'
p1725
I47
sS'home'
p1726
I43
sS'liking'
p1727
I47
sS'happens'
p1728
I47
sS'congress'
p1729
I47
sS'literally'
p1730
I45
sS'does'
p1731
I44
sS'bosses'
p1732
I47
sS'murdered'
p1733
I47
sS'pasta'
p1734
I47
sS'mite'
p1735
I47
sS'weeeeak'
p1736
I47
sS'about'
p1737
I35
sS'getting'
p1738
I40
sS'freedom'
p1739
I47
sS'perks'
p1740
I47
sS'swear'
p1741
I47
sS'tongue'
p1742
I46
sS'bancs'
p1743
I45
sS'owl'
p1744
I47
sS'own'
p1745
I46
sS'jcrew'
p1746
I47
sS'socks'
p1747
I47
sS'weather'
p1748
I47
sS'promise'
p1749
I46
sS'tiny'
p1750
I47
sS'lowkey'
p1751
I47
sS'van'
p1752
I47
sS'esperando'
p1753
I47
sS'disapproval'
p1754
I47
sS'noticed'
p1755
I47
sS'bump'
p1756
I47
sS'inner'
p1757
I47
sS'biggest'
p1758
I46
sS'buy'
p1759
I46
sS"i've"
p1760
I43
sS'bus'
p1761
I47
sS'bitches'
p1762
I45
sS'but'
p1763
I23
sS'bun'
p1764
I47
sS'hm'
p1765
I46
sS'libertarian/'
p1766
I47
sS'eat'
p1767
I41
sS'he'
p1768
I42
sS'made'
p1769
I41
sS'wish'
p1770
I46
sS'j'
p1771
I46
sS'record'
p1772
I47
sS'pumped'
p1773
I47
sS'cake'
p1774
I47
sS'minutes'
p1775
I47
sS'cmon'
p1776
I47
sS'life\xe2\x98\xba\xef\xb8\x8f'
p1777
I47
sS'pic'
p1778
I45
sS'kisses'
p1779
I47
sS'---'
p1780
I47
sS'education'
p1781
I47
sS'happen'
p1782
I47
sS"-it's"
p1783
I47
sS'other'
p1784
I46
sS'boom'
p1785
I47
sS'sick'
p1786
I45
sS'hmm...('
p1787
I47
sS'ponytail'
p1788
I47
sS'younger!"'
p1789
I47
sS'monday'
p1790
I47
sS'comenzaron'
p1791
I47
sS'sooooo'
p1792
I47
sS'class'
p1793
I47
sS'stay'
p1794
I47
sS'gatsby'
p1795
I47
sS'else'
p1796
I47
sS'friends'
p1797
I45
sS'\xe2\x80\x9d'
p1798
I47
sS'understand'
p1799
I47
sS'traumatizing'
p1800
I47
s.