(dp0
S''
p1
I1
sS'todays'
p2
I60
sS"k's"
p3
I60
sS'elisabeth'
p4
I60
sS'andre'
p5
I60
sS'sleep'
p6
I52
sS'asian'
p7
I60
sS'6-28-14'
p8
I60
sS'hanging'
p9
I60
sS'frostbite'
p10
I60
sS'captain'
p11
I60
sS'hate'
p12
I53
sS'looking'
p13
I58
sS'pedro'
p14
I59
sS'buddy'
p15
I60
sS'tweet'
p16
I58
sS'\xe2\x98\xba\xef\xb8\x8f'
p17
I60
sS'videoes'
p18
I60
sS'under'
p19
I59
sS'$43'
p20
I60
sS'sorry'
p21
I59
sS'worth'
p22
I60
sS'alphagaaaam'
p23
I60
sS'lololol'
p24
I60
sS'every'
p25
I56
sS'bringing'
p26
I60
sS'tickets'
p27
I59
sS'school'
p28
I51
sS'obsessive'
p29
I60
sS'venue'
p30
I59
sS'wednesday'
p31
I59
sS'handout'
p32
I60
sS'boohoo'
p33
I60
sS'red'
p34
I59
sS"yesterday's"
p35
I60
sS'heading'
p36
I60
sS'clothes'
p37
I57
sS'enjoy'
p38
I58
sS'force'
p39
I60
sS'tired'
p40
I58
sS'messy'
p41
I60
sS'likely'
p42
I60
sS'n'
p43
I60
sS'even'
p44
I48
sS'oldest'
p45
I60
sS'drippin'
p46
I60
sS'deadmau5'
p47
I59
sS'hahahahahahahahaha'
p48
I60
sS'lights'
p49
I60
sS'above'
p50
I60
sS'new'
p51
I44
sS'ever'
p52
I49
sS'disney'
p53
I60
sS'told'
p54
I60
sS'pancakes'
p55
I60
sS'never'
p56
I52
sS'jasmine'
p57
I60
sS'here'
p58
I55
sS'\xe2\x9d\xa4\xef\xb8\x8f'
p59
I50
sS'feeding'
p60
I60
sS'active'
p61
I60
sS'103'
p62
I60
sS'100'
p63
I59
sS'70s'
p64
I60
sS'oddparents'
p65
I60
sS'kids'
p66
I59
sS'daughter'
p67
I60
sS'study'
p68
I59
sS'changed'
p69
I60
sS'guide'
p70
I60
sS'credit'
p71
I60
sS"i'm"
p72
I16
sS'eyebrows'
p73
I60
sS'golden'
p74
I60
sS'spooky'
p75
I60
sS'bro'
p76
I60
sS'insta'
p77
I58
sS'opportunities'
p78
I60
sS'drowned'
p79
I60
sS'total'
p80
I58
sS'rancho'
p81
I46
sS'would'
p82
I49
sS'sweater'
p83
I60
sS'cali'
p84
I60
sS'call'
p85
I53
sS'm3'
p86
I60
sS'tryin'
p87
I60
sS'\xe2\x98\xba\xe2\x98\x80'
p88
I60
sS'until'
p89
I59
sS'on!!\xe2\x99\xa1\xe2\x99\xa1'
p90
I60
sS'posting'
p91
I59
sS'holy'
p92
I55
sS'haha'
p93
I39
sS'phone'
p94
I57
sS'berlin'
p95
I60
sS'adult'
p96
I60
sS'potatopia'
p97
I60
sS'piercer'
p98
I60
sS'93'
p99
I60
sS'95'
p100
I60
sS"bo'n"
p101
I60
sS'shoot'
p102
I58
sS'locked'
p103
I60
sS'room'
p104
I57
sS'work'
p105
I55
sS'mu'
p106
I60
sS'movies'
p107
I58
sS'swamis'
p108
I60
sS'mr'
p109
I60
sS'exceptions'
p110
I60
sS'my'
p111
I5
sS'due.\xe3\x83\xbb\xcf\x89\xe3\x83\xbb'
p112
I60
sS'therrrr'
p113
I60
sS'give'
p114
I55
sS'stressing'
p115
I59
sS"rosenfeld's"
p116
I60
sS'want'
p117
I55
sS'scheduling'
p118
I60
sS'david'
p119
I60
sS'farsi'
p120
I60
sS'ceremony'
p121
I60
sS'end'
p122
I59
sS'recovery'
p123
I60
sS'thing'
p124
I51
sS'complaining'
p125
I60
sS'sitting'
p126
I60
sS'machine'
p127
I59
sS'how'
p128
I44
sS'hot'
p129
I56
sS'abbiemaephotography'
p130
I60
sS'interview'
p131
I60
sS'place'
p132
I60
sS'beach'
p133
I52
sS'charging'
p134
I60
sS'pizza'
p135
I60
sS'bday'
p136
I59
sS'after'
p137
I48
sS'memorial'
p138
I60
sS'wrong'
p139
I59
sS'destined'
p140
I60
sS'frenchies'
p141
I60
sS'salsa'
p142
I60
sS'\xe2\x8c\x92.\xe2\x8c\x92'
p143
I57
sS'third'
p144
I60
sS'looove'
p145
I60
sS'greek'
p146
I59
sS'orally'
p147
I60
sS'green'
p148
I60
sS'ultimate'
p149
I60
sS'goodbye'
p150
I60
sS'keeps'
p151
I58
sS'worst'
p152
I59
sS'order'
p153
I60
sS'wind'
p154
I60
sS'over'
p155
I52
sS'expects'
p156
I60
sS'jacuzzi'
p157
I59
sS'japan'
p158
I60
sS'"healthy"'
p159
I60
sS'ticket'
p160
I59
sS'bombing'
p161
I60
sS'fit'
p162
I58
sS'borned'
p163
I60
sS'denver'
p164
I60
sS'writing'
p165
I57
sS'destroyed'
p166
I60
sS'differently'
p167
I60
sS'400'
p168
I60
sS'weeks'
p169
I56
sS'easier'
p170
I60
sS'belly'
p171
I60
sS'theo'
p172
I60
sS'then'
p173
I43
sS'them'
p174
I49
sS'pleaseeeeee'
p175
I60
sS'safe'
p176
I59
sS"we'll"
p177
I60
sS'break'
p178
I54
sS'roommate'
p179
I60
sS'they'
p180
I52
sS'schools'
p181
I59
sS"grey's"
p182
I59
sS'netherlands'
p183
I59
sS'alex'
p184
I60
sS'debut'
p185
I60
sS'chuck'
p186
I59
sS'alexis'
p187
I60
sS'explode'
p188
I60
sS'shenanigans'
p189
I60
sS'good'
p190
I38
sS'bono'
p191
I60
sS'profusely'
p192
I60
sS'each'
p193
I60
sS'went'
p194
I57
sS'side'
p195
I59
sS'ejizzabeth'
p196
I60
sS'luck'
p197
I60
sS'gunna'
p198
I59
sS'series'
p199
I60
sS'spider'
p200
I59
sS'celebrating'
p201
I60
sS'forgot'
p202
I59
sS'saturday'
p203
I57
sS'rt'
p204
I59
sS'greaaaat'
p205
I60
sS'trending'
p206
I60
sS'velvet'
p207
I60
sS'driving'
p208
I60
sS'pussies'
p209
I60
sS'god'
p210
I58
sS'tales'
p211
I60
sS'daniel'
p212
I60
sS'smh'
p213
I60
sS'medicine'
p214
I60
sS'got'
p215
I44
sS'rn'
p216
I59
sS'hermosa'
p217
I60
sS'cutest'
p218
I60
sS'resume'
p219
I59
sS'harry'
p220
I60
sS'free'
p221
I57
sS'"hey'
p222
I60
sS'sunburnt...hurts'
p223
I60
sS'struggle'
p224
I60
sS'favs'
p225
I60
sS'kit'
p226
I60
sS'lesbo'
p227
I60
sS'houze'
p228
I60
sS'delves'
p229
I60
sS'ate'
p230
I59
sS'funs'
p231
I60
sS'recovering'
p232
I60
sS'starts'
p233
I58
sS'days'
p234
I50
sS'"no'
p235
I60
sS'hopeless'
p236
I60
sS'007'
p237
I60
sS'8(bridesmaids)+long'
p238
I60
sS'already'
p239
I48
sS'grade'
p240
I60
sS'misplace'
p241
I60
sS'wash'
p242
I60
sS'warped'
p243
I60
sS'grief-'
p244
I60
sS'another'
p245
I54
sS'sober'
p246
I59
sS'carson'
p247
I60
sS'olds'
p248
I60
sS'basketball'
p249
I60
sS'girly'
p250
I60
sS'merrier'
p251
I60
sS'top'
p252
I59
sS'hooomeeee'
p253
I60
sS'girls'
p254
I56
sS'needed'
p255
I60
sS'master'
p256
I60
sS'too'
p257
I34
sS'tragic'
p258
I60
sS'hollywood'
p259
I60
sS'john'
p260
I60
sS'dogs'
p261
I59
sS'listen'
p262
I60
sS'urban'
p263
I60
sS'hangout'
p264
I60
sS'segundo'
p265
I60
sS'2am'
p266
I60
sS'took'
p267
I60
sS'trippy'
p268
I60
sS'wastes'
p269
I60
sS'cereal'
p270
I59
sS"knott's"
p271
I60
sS'begins'
p272
I59
sS'hike'
p273
I60
sS'thx'
p274
I60
sS'second'
p275
I60
sS'shower'
p276
I59
sS'matter'
p277
I59
sS'speaking'
p278
I60
sS'feeling'
p279
I59
sS'stacey'
p280
I59
sS'rad'
p281
I60
sS'rae'
p282
I60
sS'ran'
p283
I59
sS'mind'
p284
I58
sS'mine'
p285
I59
sS'talking'
p286
I59
sS'homecooked'
p287
I60
sS'infront'
p288
I60
sS'seen'
p289
I56
sS'seem'
p290
I60
sS'quieter'
p291
I60
sS'-'
p292
I58
sS'okie'
p293
I60
sS'cotillion'
p294
I60
sS'realz'
p295
I60
sS'curfew'
p296
I60
sS'blue'
p297
I58
sS'nobody'
p298
I59
sS'though'
p299
I59
sS'yesyesyesyesyesyesyes'
p300
I60
sS'sue'
p301
I60
sS'koki'
p302
I60
sS'victoria'
p303
I60
sS'anatomy'
p304
I59
sS'(pbr)'
p305
I60
sS'regular'
p306
I60
sS'germany'
p307
I58
sS'letter'
p308
I59
sS'7am'
p309
I60
sS'episode'
p310
I60
sS'clock'
p311
I60
sS'm'
p312
I60
sS'dog'
p313
I59
sS'doe'
p314
I60
sS'definitely'
p315
I56
sS'consumer'
p316
I60
sS'sum'
p317
I60
sS'cooking'
p318
I60
sS"d'"
p319
I59
sS'tequila'
p320
I60
sS'random'
p321
I60
sS'ending'
p322
I60
sS'pick'
p323
I60
sS'touches'
p324
I60
sS'cousins'
p325
I60
sS'weekends'
p326
I60
sS"baby's"
p327
I60
sS'mens'
p328
I60
sS'announce'
p329
I60
sS'laptop'
p330
I60
sS'guys>cali'
p331
I60
sS'wearing'
p332
I58
sS'do'
p333
I42
sS'dj'
p334
I57
sS'stop'
p335
I55
sS'ahahaha'
p336
I60
sS'wedding'
p337
I53
sS'orteez'
p338
I60
sS'goodbyes'
p339
I60
sS'officially'
p340
I59
sS'coles'
p341
I60
sS'dipping'
p342
I60
sS'bad'
p343
I54
sS'bae'
p344
I60
sS'respond'
p345
I60
sS'decides'
p346
I60
sS'fair'
p347
I60
sS'pads'
p348
I60
sS'decided'
p349
I58
sS'result'
p350
I60
sS'nocturnal'
p351
I60
sS'best'
p352
I45
sS'mascara'
p353
I60
sS'said'
p354
I59
sS'away'
p355
I59
sS'"oh'
p356
I60
sS'mug'
p357
I60
sS"there's"
p358
I56
sS'finger'
p359
I60
sS'hopefully'
p360
I60
sS'we'
p361
I43
sS'omg'
p362
I48
sS'dance/sing/entertain'
p363
I60
sS'boss'
p364
I60
sS'wear'
p365
I59
sS'wtf'
p366
I57
sS'wth'
p367
I60
sS'cousin'
p368
I60
sS'foes'
p369
I60
sS'accident'
p370
I60
sS'met'
p371
I58
sS'country'
p372
I46
sS'ill'
p373
I57
sS'adventures'
p374
I60
sS'players'
p375
I60
sS'lot)'
p376
I60
sS'games'
p377
I59
sS'spurs'
p378
I60
sS'logic'
p379
I59
sS'asked'
p380
I58
sS'coo'
p381
I60
sS'pre'
p382
I60
sS'unbuttoned'
p383
I60
sS'had'
p384
I50
sS'2nd'
p385
I60
sS'dorm'
p386
I60
sS'aftermath'
p387
I60
sS'springs'
p388
I58
sS'trust'
p389
I60
sS'hitler'
p390
I60
sS'angel'
p391
I60
sS'three'
p392
I58
sS'been'
p393
I51
sS'quickly'
p394
I60
sS'much'
p395
I48
sS'dont'
p396
I60
sS'fecking'
p397
I60
sS'lovely'
p398
I60
sS'threw'
p399
I60
sS'life'
p400
I48
sS'deeper'
p401
I60
sS'relaxing'
p402
I60
sS'drugs'
p403
I60
sS'child'
p404
I59
sS'chill'
p405
I60
sS'13th'
p406
I60
sS'"nofriends"'
p407
I60
sS'publicly'
p408
I60
sS'tastes'
p409
I60
sS'air'
p410
I60
sS'ugly'
p411
I59
sS'near'
p412
I58
sS'vongers'
p413
I60
sS'remembering'
p414
I60
sS'played'
p415
I58
sS'is'
p416
I7
sS'sushi'
p417
I60
sS'it'
p418
I17
sS'shame'
p419
I60
sS'im'
p420
I59
sS'creepy'
p421
I60
sS'in'
p422
I11
sS"girls'"
p423
I60
sS'seattle'
p424
I60
sS'sticked'
p425
I60
sS'id'
p426
I60
sS'if'
p427
I47
sS'grown'
p428
I60
sS'brothaaaa'
p429
I60
sS'bottles'
p430
I60
sS'perform'
p431
I60
sS'things'
p432
I56
sS'make'
p433
I55
sS'craigslist'
p434
I60
sS'hahah'
p435
I60
sS'kritty'
p436
I60
sS'showing'
p437
I59
sS'fairly'
p438
I60
sS'social'
p439
I60
sS'hang'
p440
I59
sS'rain'
p441
I60
sS'hand'
p442
I60
sS'kik'
p443
I59
sS'jealous'
p444
I58
sS'tuna'
p445
I60
sS"mother's"
p446
I60
sS'ocean'
p447
I59
sS'tho'
p448
I59
sS'savings'
p449
I60
sS'contact'
p450
I60
sS'greatest'
p451
I60
sS'recommendations?"'
p452
I60
sS'mother'
p453
I60
sS'hearts'
p454
I60
sS'the'
p455
I4
sS'dads'
p456
I60
sS'left'
p457
I58
sS'just'
p458
I20
sS'photo'
p459
I57
sS'||'
p460
I60
sS'peeve'
p461
I60
sS'grades'
p462
I60
sS'via'
p463
I60
sS'psych'
p464
I60
sS'thanks'
p465
I52
sS'yep'
p466
I60
sS'yes'
p467
I57
sS'yet'
p468
I56
sS'hah'
p469
I60
sS'alum'
p470
I60
sS'hmmnn'
p471
I60
sS'hills'
p472
I59
sS'character'
p473
I60
sS'5s'
p474
I59
sS'"forgot"'
p475
I60
sS'shout'
p476
I60
sS'easy'
p477
I59
sS'5d'
p478
I60
sS'deschanel'
p479
I60
sS'has'
p480
I51
sS'verdes)'
p481
I60
sS'gave'
p482
I60
sS'"lunch"'
p483
I60
sS'casually'
p484
I60
sS'3pm'
p485
I60
sS'background'
p486
I60
sS'sorority'
p487
I59
sS'judge'
p488
I60
sS'poser'
p489
I59
sS'rumor'
p490
I60
sS'd'
p491
I60
sS'brought'
p492
I60
sS'gift'
p493
I60
sS'texts'
p494
I60
sS'cooler'
p495
I60
sS'follower'
p496
I60
sS'remind'
p497
I60
sS'night'
p498
I34
sS'security'
p499
I60
sS'guests'
p500
I60
sS'bets'
p501
I60
sS'right'
p502
I48
sS'old'
p503
I56
sS'deal'
p504
I60
sS'people'
p505
I41
sS'sends'
p506
I60
sS'*tastes'
p507
I60
sS'deaf'
p508
I60
sS'somehow'
p509
I58
sS'dead'
p510
I60
sS'manziel'
p511
I60
sS'wwe'
p512
I60
sS'born'
p513
I59
sS'printer'
p514
I60
sS'dear'
p515
I60
sS'guess'
p516
I55
sS'for'
p517
I10
sS'bottom'
p518
I60
sS'opposite'
p519
I60
sS'comments'
p520
I60
sS'contributing'
p521
I60
sS'everything'
p522
I56
sS'beach/lax'
p523
I60
sS'asking'
p524
I60
sS'umm'
p525
I60
sS'christmas'
p526
I59
sS'core'
p527
I60
sS'pls'
p528
I60
sS'deleted'
p529
I60
sS'burn'
p530
I60
sS'swings'
p531
I60
sS'occurred'
p532
I60
sS'losing'
p533
I60
sS'super'
p534
I58
sS'officiating'
p535
I60
sS'tinaenyin'
p536
I60
sS'yelling'
p537
I60
sS'disorder'
p538
I60
sS'valentines'
p539
I60
sS'o'
p540
I60
sS'dinner'
p541
I59
sS'plur'
p542
I60
sS'dermals'
p543
I59
sS'farrell'
p544
I60
sS'selfie'
p545
I59
sS'sergio'
p546
I60
sS'bound'
p547
I59
sS'soo'
p548
I60
sS'bath'
p549
I60
sS'down'
p550
I52
sS'summer...this'
p551
I60
sS'ccoky'
p552
I60
sS'honored'
p553
I59
sS'particularly'
p554
I60
sS'wak'
p555
I60
sS'amazingly'
p556
I60
sS'constantly'
p557
I60
sS'fight'
p558
I60
sS'stuck'
p559
I60
sS'way'
p560
I42
sS'music'
p561
I53
sS'was'
p562
I28
sS'ferris'
p563
I60
sS'happy'
p564
I45
sS'head'
p565
I55
sS'amateur'
p566
I60
sS'offer'
p567
I59
sS'attempted'
p568
I60
sS'$200'
p569
I60
sS'gorgeous'
p570
I58
sS'peninsula'
p571
I60
sS'heat'
p572
I60
sS'hear'
p573
I60
sS'photobug'
p574
I60
sS'true'
p575
I58
sS'humiliate'
p576
I60
sS'congratulations'
p577
I60
sS'happen'
p578
I59
sS'inside'
p579
I60
sS'fuck<<<<<'
p580
I60
sS'tell'
p581
I59
sS'whiskey'
p582
I60
sS'zodiac'
p583
I60
sS'stages'
p584
I60
sS'promises'
p585
I60
sS'atypical'
p586
I60
sS'moore'
p587
I60
sS'classic'
p588
I59
sS'house..pretty'
p589
I60
sS'drive'
p590
I58
sS'belasco'
p591
I60
sS'diamond'
p592
I60
sS'gatsby...my'
p593
I60
sS'annoying'
p594
I60
sS'check'
p595
I59
sS'shit'
p596
I45
sS'school..for'
p597
I60
sS'no'
p598
I34
sS'90275'
p599
I60
sS'when'
p600
I31
sS'til'
p601
I55
sS'tim'
p602
I60
sS'setting'
p603
I59
sS'test'
p604
I60
sS'roll'
p605
I60
sS'realize'
p606
I58
sS're-watched'
p607
I60
sS'picture'
p608
I59
sS'brothers'
p609
I59
sS'frattin'
p610
I60
sS'surprise'
p611
I60
sS'welcome'
p612
I59
sS'diet'
p613
I60
sS"let's"
p614
I59
sS'fell'
p615
I59
sS'pizzas'
p616
I60
sS'weekend'
p617
I60
sS'died'
p618
I60
sS'faster'
p619
I59
sS'grading'
p620
I60
sS'together'
p621
I57
sS'apush'
p622
I60
sS'teeth'
p623
I60
sS'serious'
p624
I58
sS'songs'
p625
I59
sS'neighbors'
p626
I59
sS'coach'
p627
I60
sS':('
p628
I60
sS':)'
p629
I59
sS'dance'
p630
I60
sS'global'
p631
I60
sS'osu'
p632
I60
sS'focus'
p633
I60
sS'invent'
p634
I60
sS'trojans'
p635
I60
sS'manager'
p636
I60
sS'mile'
p637
I59
sS'\xe2\x98\x94\xe2\x98\x94\xe2\x98\x94\xe2\x98\x94'
p638
I60
sS'biked'
p639
I60
sS'milk'
p640
I60
sS'out!!"'
p641
I60
sS'row'
p642
I58
sS'anticipation'
p643
I60
sS'father'
p644
I59
sS'prom'
p645
I60
sS'countdown'
p646
I60
sS'finally'
p647
I48
sS"a's"
p648
I59
sS'me'
p649
I12
sS'downloading'
p650
I59
sS'string'
p651
I59
sS'3weeks'
p652
I60
sS'vegan'
p653
I59
sS'vegas'
p654
I59
sS'cook'
p655
I60
sS'join'
p656
I59
sS'fullest'
p657
I60
sS'blast'
p658
I60
sS':p'
p659
I59
sS'minute'
p660
I60
sS'cool'
p661
I58
sS'gnarly'
p662
I60
sS'couches'
p663
I60
sS'level'
p664
I60
sS'did'
p665
I52
sS'die'
p666
I56
sS'fragile'
p667
I60
sS'brother'
p668
I57
sS'leave'
p669
I58
sS'team'
p670
I55
sS'quick'
p671
I60
sS'guy'
p672
I53
sS'round'
p673
I59
sS'doggystyle'
p674
I60
sS'ezra'
p675
I60
sS'unexpected'
p676
I60
sS'says'
p677
I58
sS'porn'
p678
I60
sS'why?"'
p679
I60
sS'sign'
p680
I60
sS'colin'
p681
I60
sS'shirts'
p682
I58
sS'celebrated'
p683
I60
sS'realizing'
p684
I60
sS'melt'
p685
I60
sS'club)'
p686
I60
sS'suspect'
p687
I60
sS'goes'
p688
I59
sS'international'
p689
I60
sS'hairs'
p690
I60
sS'makeup'
p691
I58
sS'french'
p692
I60
sS'water'
p693
I60
sS'hall'
p694
I60
sS'baseball'
p695
I60
sS'address'
p696
I60
sS'alone'
p697
I60
sS'along'
p698
I58
sS'earthquake'
p699
I60
sS'change'
p700
I59
sS'wait'
p701
I48
sS'boy'
p702
I58
sS'incoming'
p703
I60
sS'shift'
p704
I57
sS'accomplished'
p705
I60
sS'hbu'
p706
I59
sS'weird'
p707
I58
sS'homecoming'
p708
I60
sS'genuinely'
p709
I59
sS'breathtaking'
p710
I60
sS'love'
p711
I27
sS'hiking'
p712
I58
sS'1st'
p713
I59
sS'employer'
p714
I60
sS'everybody'
p715
I60
sS'gonzo'
p716
I60
sS'sharper'
p717
I60
sS'sake'
p718
I60
sS'angry'
p719
I60
sS'visit'
p720
I58
sS'ca)'
p721
I55
sS'iphone'
p722
I59
sS'memory'
p723
I59
sS'today'
p724
I35
sS'lemme'
p725
I60
sS'riot'
p726
I59
sS'sessions'
p727
I60
sS'club'
p728
I46
sS'neglected'
p729
I60
sS'oregon'
p730
I60
sS'chocolate'
p731
I60
sS'beyond...hopefully'
p732
I60
sS'sequoia'
p733
I60
sS'socal'
p734
I60
sS'fcdolce'
p735
I60
sS'fly'
p736
I59
sS'kasai'
p737
I60
sS'anything'
p738
I56
sS'up...pvp'
p739
I60
sS'car'
p740
I56
sS'cat'
p741
I60
sS'can'
p742
I40
sS'following'
p743
I58
sS'making'
p744
I53
sS'arrive'
p745
I60
sS'trapaholics'
p746
I60
sS'crazy'
p747
I58
sS'months'
p748
I57
sS'awesome'
p749
I59
sS"didn't"
p750
I58
sS'fuck'
p751
I50
sS'heard'
p752
I58
sS'(30019'
p753
I60
sS'offense'
p754
I60
sS'counting'
p755
I60
sS'winter'
p756
I55
sS'watching'
p757
I51
sS'nyu'
p758
I60
sS'1'
p759
I57
sS'sunday'
p760
I59
sS"lauren's"
p761
I60
sS'dope'
p762
I60
sS'nye'
p763
I59
sS'map'
p764
I60
sS'staying'
p765
I59
sS'mar'
p766
I60
sS'140'
p767
I60
sS'may'
p768
I59
sS'zimmerman'
p769
I60
sS'blasting'
p770
I60
sS'southern'
p771
I60
sS'diva'
p772
I60
sS'mac'
p773
I60
sS'4th'
p774
I56
sS'mad'
p775
I59
sS'date'
p776
I60
sS'such'
p777
I49
sS'suck'
p778
I60
sS'guys'
p779
I49
sS'grow'
p780
I60
sS'man'
p781
I56
sS'remember'
p782
I55
sS'whenever'
p783
I59
sS'shiny'
p784
I60
sS'so'
p785
I14
sS'african'
p786
I60
sS'sb'
p787
I59
sS'talk'
p788
I56
sS'typical'
p789
I60
sS'shoes'
p790
I58
sS'usc'
p791
I53
sS'wishing'
p792
I59
sS'years'
p793
I57
sS'course'
p794
I53
sS'shake'
p795
I59
sS'gatsby'
p796
I60
sS'razors'
p797
I60
sS'cold'
p798
I60
sS'still'
p799
I48
sS'earplugs'
p800
I60
sS'djs'
p801
I60
sS'group'
p802
I58
sS'thank'
p803
I53
sS"he's"
p804
I58
sS'interesting'
p805
I59
sS'amazing'
p806
I55
sS'window'
p807
I60
sS'tweets'
p808
I57
sS'ours'
p809
I59
sS'main'
p810
I60
sS'texas'
p811
I60
sS'happened'
p812
I60
sS'nom'
p813
I58
sS'lonely'
p814
I60
sS'moms'
p815
I58
sS'sarcastic'
p816
I60
sS'half'
p817
I53
sS'not'
p818
I36
sS'now'
p819
I30
sS'bullshit'
p820
I59
sS'wont'
p821
I60
sS'name'
p822
I57
sS"hitler's"
p823
I59
sS'rock'
p824
I59
sS'cliffs'
p825
I56
sS'turtle'
p826
I60
sS'el'
p827
I60
sS'lowkey'
p828
I58
sS'childish'
p829
I60
sS'ed'
p830
I60
sS'yeah'
p831
I52
sS'catching'
p832
I60
sS'year'
p833
I45
sS'territory'
p834
I60
sS'girl'
p835
I51
sS'obsession'
p836
I60
sS'disasters'
p837
I60
sS'tried'
p838
I59
sS'"edc'
p839
I60
sS'living'
p840
I59
sS'3rd'
p841
I60
sS":')"
p842
I60
sS'sunburnt'
p843
I58
sS'increase'
p844
I60
sS'seriously'
p845
I49
sS'stupid'
p846
I60
sS"shouldn't"
p847
I59
sS'dutch'
p848
I60
sS'advice'
p849
I60
sS'shows'
p850
I59
sS'hibernate'
p851
I60
sS'cars'
p852
I60
sS'boobs'
p853
I60
sS'california'
p854
I59
sS'grandma'
p855
I60
sS'cough'
p856
I57
sS'question'
p857
I59
sS'yup'
p858
I59
sS'a&f'
p859
I60
sS"everything's"
p860
I60
sS'turn'
p861
I57
sS'"we\'re'
p862
I60
sS'think'
p863
I46
sS'first'
p864
I49
sS'saving'
p865
I59
sS'xc'
p866
I59
sS'softball'
p867
I59
sS'zac'
p868
I60
sS'xd'
p869
I59
sS'one'
p870
I44
sS'long'
p871
I58
sS'impossible'
p872
I60
sS'sounds'
p873
I57
sS'drove'
p874
I60
sS'tomorrow'
p875
I43
sS'size'
p876
I60
sS'city'
p877
I56
sS'little'
p878
I52
sS'hahahahahahahhahahaha'
p879
I60
sS'district'
p880
I60
sS'driven"'
p881
I60
sS'caught'
p882
I60
sS'slept'
p883
I59
sS'yik'
p884
I60
sS'anyone'
p885
I56
sS'fml'
p886
I60
sS'2'
p887
I54
sS'draft'
p888
I60
sS'terrifying'
p889
I60
sS'realization'
p890
I60
sS'white'
p891
I60
sS'friend'
p892
I54
sS'gives'
p893
I60
sS'seduced'
p894
I60
sS'that'
p895
I21
sS'refuse'
p896
I60
sS'cops'
p897
I60
sS'ridiculous'
p898
I60
sS'butt'
p899
I59
sS'representing'
p900
I60
sS'than'
p901
I49
sS'boyfriend'
p902
I59
sS'11'
p903
I59
sS'10'
p904
I60
sS'13'
p905
I60
sS'12'
p906
I60
sS'unfortunately'
p907
I60
sS'19'
p908
I60
sS'recruit'
p909
I60
sS'hiked/climbed/swam'
p910
I60
sS'r'
p911
I59
sS'were'
p912
I52
sS'college'
p913
I55
sS'counselor'
p914
I60
sS'sophia'
p915
I60
sS'and'
p916
I8
sS'rene'
p917
I60
sS'san'
p918
I57
sS'sam'
p919
I60
sS'craig'
p920
I60
sS'turned'
p921
I59
sS'marijuana'
p922
I60
sS'sad'
p923
I58
sS'tuscaloosa'
p924
I59
sS'nicee'
p925
I60
sS'say'
p926
I56
sS'conspiracy'
p927
I60
sS'tanning'
p928
I60
sS'coming"'
p929
I60
sS'yogurtland'
p930
I60
sS'breakfast'
p931
I58
sS'saw'
p932
I60
sS'any'
p933
I57
sS'speakers'
p934
I60
sS'efficient'
p935
I60
sS'answering'
p936
I60
sS'aside'
p937
I60
sS'squad'
p938
I60
sS'take'
p939
I48
sS'epsilon'
p940
I60
sS'performance'
p941
I60
sS'mayer'
p942
I60
sS'channel'
p943
I60
sS'jungle'
p944
I60
sS'flattered'
p945
I60
sS'sure'
p946
I56
sS'normal'
p947
I60
sS'paid'
p948
I59
sS'rehearsal'
p949
I60
sS'sheets'
p950
I60
sS'freshman'
p951
I60
sS'knee'
p952
I60
sS'america'
p953
I59
sS'pages'
p954
I58
sS'forever'
p955
I56
sS'proud'
p956
I58
sS'hungry'
p957
I60
sS'mrs'
p958
I60
sS'sunset'
p959
I59
sS'uncle'
p960
I59
sS'senior'
p961
I60
sS'shot'
p962
I59
sS'\xe2\x9c\xa8'
p963
I60
sS'show'
p964
I56
sS'bright'
p965
I60
sS'headshot'
p966
I60
sS'aggressive'
p967
I60
sS"freakin'"
p968
I60
sS'\xe2\x9c\x8c'
p969
I60
sS'\xe2\x9c\x8b'
p970
I60
sS'title'
p971
I60
sS'dick'
p972
I58
sS'3'
p973
I54
sS'only'
p974
I47
sS'going'
p975
I36
sS'black'
p976
I60
sS'\xe2\x9c\x94'
p977
I60
sS":'c"
p978
I60
sS'carolina'
p979
I60
sS'palos'
p980
I37
sS'uncles'
p981
I60
sS'get'
p982
I33
sS'cannot'
p983
I59
sS'nearly'
p984
I59
sS'prime'
p985
I60
sS'defrosting'
p986
I60
sS'reading'
p987
I59
sS'morning'
p988
I50
sS'naked'
p989
I59
sS'jokes'
p990
I59
sS'miles'
p991
I60
sS'tent'
p992
I60
sS'where'
p993
I58
sS'xmas'
p994
I60
sS'concert'
p995
I59
sS'soon\xe2\x9d\xa4'
p996
I60
sS'lyfe'
p997
I60
sS'asleep'
p998
I57
sS'anyways'
p999
I60
sS'ignores'
p1000
I60
sS'broadway'
p1001
I60
sS'stanley'
p1002
I59
sS'stalking'
p1003
I60
sS'wonder'
p1004
I60
sS'mayor'
p1005
I60
sS"father's"
p1006
I60
sS'enough'
p1007
I57
sS'before'
p1008
I50
sS'screen'
p1009
I60
sS'whipped'
p1010
I60
sS'loofah'
p1011
I60
sS'august'
p1012
I60
sS'persians'
p1013
I60
sS'tur'
p1014
I60
sS'jr'
p1015
I60
sS'killing'
p1016
I60
sS'concentrate'
p1017
I60
sS'jk'
p1018
I60
sS'come'
p1019
I41
sS'reaction'
p1020
I60
sS'talented'
p1021
I60
sS'many'
p1022
I53
sS'tour'
p1023
I60
sS"can't"
p1024
I37
sS'cancer'
p1025
I59
sS'color'
p1026
I60
sS'pabst'
p1027
I60
sS'twin'
p1028
I60
sS"couldn't"
p1029
I57
sS'ordered'
p1030
I60
sS'pod'
p1031
I60
sS'abercrombeezys'
p1032
I60
sS'better'
p1033
I55
sS'howard'
p1034
I60
sS'ucla'
p1035
I58
sS'mark'
p1036
I60
sS'peaceful'
p1037
I59
sS'to!!"'
p1038
I60
sS'wants'
p1039
I58
sS'offered'
p1040
I59
sS'photos'
p1041
I60
sS'wake'
p1042
I57
sS'bmw'
p1043
I60
sS'hashtag'
p1044
I60
sS'foggy'
p1045
I60
sS'champions'
p1046
I60
sS'those'
p1047
I59
sS'hahahahahahha'
p1048
I60
sS'case'
p1049
I58
sS'myself'
p1050
I56
sS'these'
p1051
I53
sS'canon'
p1052
I60
sS'coffee'
p1053
I60
sS'sleeping'
p1054
I60
sS'middle'
p1055
I60
sS'sudden'
p1056
I59
sS'aaaand'
p1057
I59
sS'redying'
p1058
I60
sS'everyday'
p1059
I58
sS'different'
p1060
I60
sS'pay'
p1061
I59
sS'granted'
p1062
I60
sS'$25'
p1063
I60
sS'sketchy'
p1064
I60
sS'same'
p1065
I59
sS'trip'
p1066
I60
sS'ya'
p1067
I53
sS'followers'
p1068
I59
sS'yeahhh'
p1069
I60
sS'stepped'
p1070
I60
sS'emojis'
p1071
I60
sS'salamander'
p1072
I60
sS"avicii's"
p1073
I60
sS'week'
p1074
I44
sS'finish'
p1075
I60
sS'drives'
p1076
I60
sS'running'
p1077
I59
sS'fruit'
p1078
I60
sS'abalone'
p1079
I58
sS'totally'
p1080
I59
sS'dying'
p1081
I60
sS'floor'
p1082
I60
sS'magical'
p1083
I60
sS'revolution"'
p1084
I60
sS'without'
p1085
I57
sS'comes'
p1086
I59
sS'crypt'
p1087
I60
sS'coordinate'
p1088
I60
sS'model'
p1089
I59
sS"you've"
p1090
I59
sS'summer'
p1091
I53
sS'beaut'
p1092
I60
sS'being'
p1093
I42
sS'money'
p1094
I57
sS'risking'
p1095
I60
sS'kill'
p1096
I60
sS'21+'
p1097
I59
sS'death'
p1098
I60
sS'hint'
p1099
I60
sS'thinking'
p1100
I57
sS'blog'
p1101
I58
sS'lets'
p1102
I59
sS'4'
p1103
I56
sS'ca'
p1104
I55
sS'real'
p1105
I58
sS'jake'
p1106
I58
sS'around'
p1107
I58
sS'kills'
p1108
I60
sS'read'
p1109
I59
sS'<<<<<'
p1110
I60
sS'gonna'
p1111
I45
sS'amf'
p1112
I60
sS'early'
p1113
I59
sS'seahawks'
p1114
I60
sS'mom'
p1115
I55
sS'world'
p1116
I58
sS'(rancho'
p1117
I54
sS'cd'
p1118
I60
sS'dare'
p1119
I60
sS'furniture'
p1120
I60
sS'clan'
p1121
I60
sS'stranger'
p1122
I60
sS'pounds'
p1123
I60
sS'anto'
p1124
I60
sS'oddly'
p1125
I60
sS'either'
p1126
I59
sS'"lucy"'
p1127
I60
sS'cabo'
p1128
I60
sS'"omg'
p1129
I59
sS'netherlandssss'
p1130
I60
sS'eddie'
p1131
I60
sS'lobster'
p1132
I60
sS'respect'
p1133
I60
sS'fridayyyy'
p1134
I60
sS'mood'
p1135
I60
sS'dunbar'
p1136
I60
sS'courses'
p1137
I60
sS'memories'
p1138
I59
sS'nazi'
p1139
I60
sS'hours.or'
p1140
I60
sS'abercrombie'
p1141
I59
sS'911'
p1142
I60
sS'felt'
p1143
I60
sS'scientific'
p1144
I60
sS'internship'
p1145
I59
sS'\xe2\x98\xba\xef\xb8\x8f\xe2\x98\xba\xef\xb8\x8f'
p1146
I60
sS'terrified'
p1147
I59
sS'embarassing'
p1148
I60
sS';-'
p1149
I58
sS'on'
p1150
I19
sS'ok'
p1151
I60
sS"senayt's"
p1152
I60
sS'oh'
p1153
I51
sS'of'
p1154
I13
sS'favorite'
p1155
I51
sS'mixes'
p1156
I60
sS'ohop'
p1157
I60
sS'stand'
p1158
I60
sS'ox'
p1159
I60
sS'mixed'
p1160
I60
sS'lugars'
p1161
I60
sS'mean'
p1162
I57
sS'or'
p1163
I48
sS'road'
p1164
I58
sS'subleasers'
p1165
I60
sS'heater'
p1166
I60
sS'snapchat'
p1167
I60
sS'cursed'
p1168
I60
sS'apologize'
p1169
I60
sS'gomez'
p1170
I60
sS'nowadays'
p1171
I60
sS'your'
p1172
I33
sS'her'
p1173
I54
sS'area'
p1174
I60
sS'there'
p1175
I42
sS'hey'
p1176
I55
sS'lol'
p1177
I40
sS'start'
p1178
I57
sS'cats'
p1179
I60
sS'futile'
p1180
I60
sS'lot'
p1181
I59
sS'morrison'
p1182
I60
sS'vicente'
p1183
I55
sS'jnstagram'
p1184
I60
sS'fanatic'
p1185
I60
sS'warwick'
p1186
I60
sS'delayed'
p1187
I60
sS'aww'
p1188
I60
sS'gore'
p1189
I60
sS'survived'
p1190
I57
sS'happier'
p1191
I60
sS'trying'
p1192
I59
sS'with'
p1193
I18
sS"720's"
p1194
I60
sS'spice'
p1195
I60
sS'gewdddd'
p1196
I59
sS"they're"
p1197
I56
sS'romantic'
p1198
I58
sS"wasn't"
p1199
I60
sS'dirty'
p1200
I59
sS'suitcase'
p1201
I60
sS'creeping'
p1202
I60
sS'gone'
p1203
I57
sS'ohh'
p1204
I60
sS'videos'
p1205
I60
sS'cinema'
p1206
I60
sS'exhausted'
p1207
I57
sS'ah'
p1208
I59
sS'efron'
p1209
I60
sS'am'
p1210
I44
sS'al'
p1211
I60
sS'deep'
p1212
I60
sS'an'
p1213
I47
sS'as'
p1214
I49
sS'intro'
p1215
I60
sS'at'
p1216
I15
sS'aw'
p1217
I59
sS'walks'
p1218
I60
sS'-____-'
p1219
I60
sS'watched'
p1220
I59
sS'viewpoint'
p1221
I60
sS'bishop'
p1222
I60
sS'film'
p1223
I60
sS'again'
p1224
I51
sS'"bitches'
p1225
I60
sS'deserve'
p1226
I60
sS'productively'
p1227
I60
sS'roses'
p1228
I60
sS'5'
p1229
I54
sS'friggin'
p1230
I60
sS'you'
p1231
I9
sS'puppy'
p1232
I59
sS'houseboat'
p1233
I57
sS'poor'
p1234
I60
sS'championship'
p1235
I60
sS'pillows'
p1236
I60
sS'obsessed'
p1237
I58
sS'spoilers'
p1238
I60
sS'symbol'
p1239
I60
sS'time'
p1240
I39
sS'a-'
p1241
I60
sS'cove'
p1242
I57
sS'seriousness'
p1243
I60
sS'flower'
p1244
I60
sS'peak'
p1245
I60
sS'finals'
p1246
I60
sS'alcohol'
p1247
I58
sS'booked'
p1248
I60
sS"jelly's"
p1249
I60
sS'mask'
p1250
I60
sS'vines'
p1251
I59
sS'mass'
p1252
I60
sS'terranea'
p1253
I60
sS'platter'
p1254
I60
sS'starting'
p1255
I59
sS'original'
p1256
I60
sS'all'
p1257
I26
sS'consider'
p1258
I60
sS'edc'
p1259
I60
sS'messi'
p1260
I60
sS'lack'
p1261
I60
sS'month'
p1262
I57
sS'cameron'
p1263
I60
sS'follow'
p1264
I60
sS'shattered'
p1265
I60
sS'-a'
p1266
I60
sS'tv'
p1267
I60
sS'thursday'
p1268
I56
sS'spirit'
p1269
I60
sS'to'
p1270
I3
sS'tail'
p1271
I60
sS'wooooo'
p1272
I60
sS'smile'
p1273
I60
sS'enjoying'
p1274
I59
sS'crest'
p1275
I60
sS'betches'
p1276
I60
sS'4-0'
p1277
I60
sS'worse'
p1278
I60
sS'song'
p1279
I57
sS'very'
p1280
I59
sS'horror'
p1281
I60
sS'day)'
p1282
I60
sS'fav'
p1283
I60
sS'fat'
p1284
I59
sS'fan'
p1285
I60
sS'decide'
p1286
I60
sS'fall'
p1287
I60
sS'bubbles'
p1288
I60
sS'edm'
p1289
I60
sS'lisz'
p1290
I60
sS'heaven'
p1291
I60
sS'17th'
p1292
I60
sS'--'
p1293
I58
sS'celebrity'
p1294
I60
sS'laying'
p1295
I60
sS'grandfather'
p1296
I60
sS'sang'
p1297
I60
sS'liars'
p1298
I60
sS'-2'
p1299
I60
sS'small'
p1300
I59
sS'20th'
p1301
I60
sS'blackout'
p1302
I60
sS"i'll"
p1303
I52
sS'tei'
p1304
I60
sS'instagram'
p1305
I59
sS'ten'
p1306
I60
sS'past'
p1307
I56
sS'ribbon'
p1308
I60
sS'what'
p1309
I38
sS'woo\xe2\x9c\x8c'
p1310
I60
sS'section'
p1311
I60
sS'crush'
p1312
I58
sS'scientists'
p1313
I60
sS'public'
p1314
I60
sS'sux'
p1315
I60
sS'qianqian'
p1316
I60
sS'tattoos'
p1317
I60
sS'full'
p1318
I57
sS'gallettes'
p1319
I60
sS'hours'
p1320
I49
sS'search'
p1321
I59
sS'ahead'
p1322
I60
sS'9-4'
p1323
I60
sS'experience'
p1324
I59
sS'pics'
p1325
I60
sS'miniature'
p1326
I60
sS'amount'
p1327
I60
sS'masterpiece'
p1328
I60
sS'90%'
p1329
I58
sS"would've"
p1330
I60
sS'romcoms'
p1331
I60
sS'chuck='
p1332
I60
sS'progress...kinda'
p1333
I60
sS'family'
p1334
I57
sS'suddenly'
p1335
I60
sS'put'
p1336
I57
sS'semester'
p1337
I58
sS'wanted'
p1338
I60
sS'texting'
p1339
I60
sS'two'
p1340
I52
sS'6'
p1341
I58
sS'taken'
p1342
I60
sS'homework'
p1343
I60
sS'more'
p1344
I45
sS'lineups'
p1345
I60
sS'remixes'
p1346
I60
sS'knows'
p1347
I58
sS'engaged'
p1348
I60
sS'quick\xe2\x80\xa6'
p1349
I60
sS'controlling'
p1350
I60
sS'basically'
p1351
I60
sS'known'
p1352
I60
sS'hurry'
p1353
I60
sS'glad'
p1354
I60
sS'town'
p1355
I60
sS'none'
p1356
I60
sS'hour'
p1357
I55
sS'science'
p1358
I60
sS'sucks'
p1359
I57
sS'guards'
p1360
I60
sS'offended'
p1361
I60
sS'del'
p1362
I60
sS'learn'
p1363
I60
sS'poisonous."'
p1364
I60
sS'disneyland...and'
p1365
I60
sS'history'
p1366
I60
sS'beautiful'
p1367
I46
sS'embarrassing'
p1368
I60
sS'memoirs'
p1369
I60
sS'share'
p1370
I59
sS'late?"'
p1371
I60
sS'sunscreen'
p1372
I60
sS'lolol'
p1373
I60
sS'lyfeeeee'
p1374
I60
sS':o'
p1375
I60
sS'numbers'
p1376
I60
sS'bonded'
p1377
I60
sS'trapshitfaced'
p1378
I60
sS'information'
p1379
I60
sS'lingering'
p1380
I60
sS'\xe2\x9c\xa82'
p1381
I60
sS'goal'
p1382
I60
sS'awkward'
p1383
I56
sS'desperation'
p1384
I60
sS'breaking'
p1385
I60
sS'naked"'
p1386
I60
sS'reject'
p1387
I60
sS"usc's"
p1388
I60
sS'sandwich'
p1389
I60
sS'okay'
p1390
I58
sS'plans'
p1391
I59
sS'cancun'
p1392
I60
sS'sneak'
p1393
I60
sS'\xce\xa6\xce\x94\xce\x98'
p1394
I60
sS'soundtrack'
p1395
I60
sS'justin'
p1396
I60
sS'adventure'
p1397
I60
sS'coming'
p1398
I57
sS'gardeners'
p1399
I60
sS'backyard'
p1400
I58
sS'bleak'
p1401
I60
sS'a'
p1402
I6
sS'dorms'
p1403
I60
sS'short'
p1404
I58
sS'tweeting'
p1405
I60
sS'anytime'
p1406
I59
sS'slacking'
p1407
I60
sS'roommates'
p1408
I60
sS'facebook'
p1409
I59
sS'\xc2\xaf\\_(\xe3\x83\x84)_/\xc2\xaf'
p1410
I60
sS'dream'
p1411
I58
sS'playing'
p1412
I59
sS'patio'
p1413
I59
sS"that's"
p1414
I59
sS'help'
p1415
I60
sS"don't"
p1416
I35
sS'september'
p1417
I60
sS'soon'
p1418
I58
sS'auburn'
p1419
I60
sS'logan'
p1420
I60
sS'paper'
p1421
I60
sS'through'
p1422
I56
sS'signs'
p1423
I60
sS'hell'
p1424
I58
sS'forsuree'
p1425
I60
sS'its'
p1426
I57
sS'astrology'
p1427
I60
sS'24'
p1428
I59
sS'nordstrom'
p1429
I60
sS'actually'
p1430
I53
sS'late'
p1431
I58
sS'>>>'
p1432
I57
sS'semesters'
p1433
I60
sS'soccer'
p1434
I55
sS'might'
p1435
I55
sS"haven't"
p1436
I56
sS'evening'
p1437
I59
sS'somebody'
p1438
I60
sS'food'
p1439
I58
sS'uhm'
p1440
I60
sS'hunter'
p1441
I60
sS'ralphs'
p1442
I59
sS'walls'
p1443
I60
sS'hahahahahaha'
p1444
I60
sS'starbucks'
p1445
I59
sS'icymi'
p1446
I60
sS'compound'
p1447
I60
sS'foot'
p1448
I60
sS'ninja'
p1449
I60
sS'4pm'
p1450
I60
sS'everytime'
p1451
I60
sS'always'
p1452
I50
sS'events'
p1453
I60
sS'micro'
p1454
I60
sS'someone'
p1455
I47
sS'turns'
p1456
I60
sS'found'
p1457
I57
sS'friendship'
p1458
I59
sS'button'
p1459
I60
sS"isn't"
p1460
I58
sS'lantern'
p1461
I60
sS'everyone'
p1462
I53
sS'forwarding'
p1463
I60
sS'house'
p1464
I51
sS'tiffany'
p1465
I60
sS'hard'
p1466
I51
sS'idea'
p1467
I58
sS'accidentally'
p1468
I58
sS'expect'
p1469
I60
sS'bouquets'
p1470
I60
sS'beyond'
p1471
I60
sS'really'
p1472
I49
sS'perry'
p1473
I60
sS'missed'
p1474
I58
sS'glitter'
p1475
I60
sS'robert'
p1476
I58
sS'since'
p1477
I60
sS'acting'
p1478
I60
sS'7'
p1479
I59
sS'paradise'
p1480
I58
sS'lolz'
p1481
I60
sS'darling'
p1482
I60
sS'ass'
p1483
I58
sS"devil's"
p1484
I60
sS'bass'
p1485
I60
sS'razor'
p1486
I60
sS'friday'
p1487
I58
sS'horse'
p1488
I59
sS'reason'
p1489
I60
sS'base'
p1490
I60
sS'stems'
p1491
I60
sS'imagine'
p1492
I60
sS'ask'
p1493
I59
sS'ash'
p1494
I60
sS'beginning'
p1495
I60
sS'bash'
p1496
I60
sS'betrothed'
p1497
I60
sS'caption'
p1498
I60
sS'american'
p1499
I60
sS'daisy'
p1500
I60
sS'deff'
p1501
I60
sS'unhealthy'
p1502
I60
sS'feel'
p1503
I52
sS'gloom\xe2\x98\x81'
p1504
I60
sS'fucked'
p1505
I59
sS'ouiii'
p1506
I60
sS'done'
p1507
I49
sS'to/is'
p1508
I60
sS'miss'
p1509
I52
sS'passes'
p1510
I60
sS'story'
p1511
I59
sS'guest'
p1512
I60
sS'(possibly'
p1513
I60
sS'least'
p1514
I59
sS'checkpoint'
p1515
I60
sS'wonderful'
p1516
I58
sS'passed'
p1517
I59
sS'essays'
p1518
I60
sS'store'
p1519
I60
sS'time\xe2\x80\xa6'
p1520
I60
sS'hotel'
p1521
I60
sS'park'
p1522
I56
sS'appreciation'
p1523
I60
sS'part'
p1524
I59
sS'doctors'
p1525
I60
sS'believe'
p1526
I57
sS'kind'
p1527
I56
sS'legs'
p1528
I60
sS'inducted'
p1529
I60
sS'double'
p1530
I60
sS'grey'
p1531
I60
sS'supposed'
p1532
I60
sS'dani'
p1533
I60
sS'dang'
p1534
I60
sS'ousted'
p1535
I60
sS'deciding'
p1536
I60
sS'midol'
p1537
I60
sS'peas'
p1538
I60
sS'juicy'
p1539
I59
sS'murder'
p1540
I60
sS'alike'
p1541
I60
sS'nights'
p1542
I59
sS'dancing'
p1543
I59
sS'trance'
p1544
I60
sS'self'
p1545
I60
sS'booooomb'
p1546
I60
sS'finding'
p1547
I60
sS"room's"
p1548
I60
sS'liz'
p1549
I60
sS'play'
p1550
I58
sS'electric'
p1551
I60
sS'\xe2\x9b\xb3'
p1552
I60
sS'quote'
p1553
I60
sS'eggs'
p1554
I60
sS'reunited'
p1555
I59
sS'most'
p1556
I49
sS'mace'
p1557
I60
sS'plan'
p1558
I60
sS'nothing'
p1559
I57
sS'extremely'
p1560
I60
sS'\xce\xa3\xce\x91\xce\x95'
p1561
I60
sS'understands'
p1562
I60
sS'clear'
p1563
I60
sS'sometimes'
p1564
I55
sS'10am'
p1565
I60
sS'206/207'
p1566
I60
sS'\xe2\x98\x80\xef\xb8\x8f'
p1567
I60
sS'physics'
p1568
I60
sS'shoutout'
p1569
I60
sS'ugh'
p1570
I58
sS'golf'
p1571
I39
sS'gold'
p1572
I60
sS'schoolers'
p1573
I60
sS'stfu'
p1574
I59
sS'awareness\xe2\x80\xa6'
p1575
I60
sS'fine'
p1576
I60
sS'find'
p1577
I57
sS'blender'
p1578
I60
sS'giant'
p1579
I59
sS'reunite'
p1580
I60
sS'nervous'
p1581
I60
sS'poppin'
p1582
I60
sS"jef's"
p1583
I59
sS'failed'
p1584
I60
sS'pretty'
p1585
I53
sS'california)'
p1586
I60
sS'8'
p1587
I58
sS'his'
p1588
I56
sS'hit'
p1589
I57
sS'grocery'
p1590
I60
sS'whistle'
p1591
I60
sS'feels'
p1592
I55
sS'breast'
p1593
I60
sS'closely'
p1594
I60
sS'during'
p1595
I60
sS'him'
p1596
I56
sS'\xe2\xad\x90\xef\xb8\x8f\xe2\xad\x90\xef\xb8\x8f\xe2\xad\x90\xef\xb8\x8f'
p1597
I60
sS'sleeve'
p1598
I58
sS'awesome\xe2\x98\xba\xef\xb8\x8f'
p1599
I60
sS'common'
p1600
I60
sS'gotten'
p1601
I60
sS'wait...sent'
p1602
I60
sS'river'
p1603
I60
sS'set'
p1604
I60
sS'woulda'
p1605
I60
sS'possible."'
p1606
I60
sS'see'
p1607
I48
sS'are'
p1608
I23
sS'institutes'
p1609
I60
sS'2.0'
p1610
I60
sS'project'
p1611
I60
sS'degree'
p1612
I60
sS'visiting'
p1613
I59
sS'movie'
p1614
I55
sS'wow'
p1615
I58
sS'please'
p1616
I54
sS"beuller's"
p1617
I60
sS'salsa"'
p1618
I60
sS'woo'
p1619
I58
sS'probably'
p1620
I54
sS'compliment'
p1621
I60
sS'meal'
p1622
I60
sS'ikr'
p1623
I60
sS'missing'
p1624
I60
sS'last'
p1625
I45
sS'aloe'
p1626
I60
sS"wouldn't"
p1627
I60
sS'barely'
p1628
I59
sS'selfies"'
p1629
I60
sS'yaaay'
p1630
I60
sS'retarded'
p1631
I60
sS'let'
p1632
I60
sS'whole'
p1633
I53
sS'liked'
p1634
I58
sS'\xe2\x98\xba'
p1635
I58
sS'danced'
p1636
I60
sS'point'
p1637
I54
sS'battery'
p1638
I60
sS'sweet'
p1639
I59
sS'community'
p1640
I58
sS'likes'
p1641
I59
sS'sexy'
p1642
I60
sS'rave'
p1643
I60
sS'expensive'
p1644
I60
sS'duh'
p1645
I59
sS'pv'
p1646
I52
sS'pt'
p1647
I60
sS'duo'
p1648
I60
sS'hitting'
p1649
I60
sS'dropping'
p1650
I60
sS'damn'
p1651
I59
sS'6-0'
p1652
I60
sS'\xe2\x98\x80'
p1653
I59
sS'pi'
p1654
I59
sS'empty'
p1655
I60
sS'ybombed'
p1656
I60
sS'sobriety'
p1657
I60
sS'gay'
p1658
I60
sS'sending'
p1659
I60
sS'fire'
p1660
I58
sS"what's"
p1661
I60
sS'gas'
p1662
I59
sS'understand'
p1663
I57
sS'demand'
p1664
I60
sS'assigning'
p1665
I60
sS'georgia'
p1666
I60
sS'look'
p1667
I53
sS'"do'
p1668
I60
sS'\xe2\xad\x90\xef\xb8\x8f'
p1669
I60
sS'while'
p1670
I57
sS'match'
p1671
I60
sS'fun'
p1672
I55
sS'>>>>>>>'
p1673
I60
sS'pack'
p1674
I60
sS'swim'
p1675
I60
sS'hoping'
p1676
I60
sS'world!\xe2\x80\xa6'
p1677
I60
sS'owen'
p1678
I60
sS'rip'
p1679
I59
sS'reads'
p1680
I60
sS'itself'
p1681
I59
sS'ready'
p1682
I56
sS'week)..blue'
p1683
I60
sS'funny'
p1684
I58
sS'anymore'
p1685
I56
sS'used'
p1686
I59
sS'knitting'
p1687
I60
sS'blair'
p1688
I60
sS'yesterday'
p1689
I54
sS'backstreet'
p1690
I60
sS'usually'
p1691
I60
sS'moment'
p1692
I58
sS'levels'
p1693
I60
sS'moving'
p1694
I60
sS'plugs'
p1695
I60
sS'recent'
p1696
I60
sS'dark'
p1697
I60
sS"dad's"
p1698
I60
sS'spent'
p1699
I58
sS'person'
p1700
I59
sS'cheer'
p1701
I59
sS'flags'
p1702
I60
sS'\xe9\xb9\xbd\xe8\x98\x87\xe9\x9b\x9e\xe3\x80\x82\xe8\xac\x9d\xe8\xac\x9d'
p1703
I60
sS'kelly'
p1704
I59
sS'chemistry'
p1705
I60
sS'spend'
p1706
I59
sS'omg!!!just'
p1707
I60
sS'listening'
p1708
I60
sS'tonight\xe2\x80\x9d'
p1709
I60
sS'shape'
p1710
I60
sS'hercules'
p1711
I60
sS'using'
p1712
I60
sS'praying'
p1713
I59
sS'autocorrects'
p1714
I60
sS'execution'
p1715
I60
sS'cup'
p1716
I58
sS'cuz'
p1717
I57
sS'schurrle'
p1718
I60
sS'parents'
p1719
I57
sS'crying'
p1720
I59
sS'los\xe2\x80\xa6'
p1721
I60
sS'bridal'
p1722
I60
sS'easter'
p1723
I58
sS'excited'
p1724
I50
sS'surprised'
p1725
I58
sS'ridiculously'
p1726
I60
sS'big'
p1727
I57
sS'couple'
p1728
I60
sS'goodyear'
p1729
I60
sS'shitty'
p1730
I60
sS'game'
p1731
I54
sS'kthx'
p1732
I60
sS'bit'
p1733
I57
sS'whatsup"'
p1734
I60
sS'wings'
p1735
I60
sS'formal'
p1736
I60
sS'(im)patiently'
p1737
I60
sS"ain't"
p1738
I60
sS'me\xe2\x80\x9d'
p1739
I60
sS'google'
p1740
I60
sS'soml'
p1741
I60
sS'fucking'
p1742
I55
sS'yolo'
p1743
I60
sS'some'
p1744
I48
sS'back'
p1745
I30
sS'bounce'
p1746
I60
sS'abercrombie...bitch'
p1747
I60
sS'dermal'
p1748
I60
sS'palm'
p1749
I58
sS'(oh'
p1750
I60
sS'jewelry'
p1751
I60
sS'pet'
p1752
I60
sS'absolutely'
p1753
I59
sS'pounding'
p1754
I60
sS'connecting'
p1755
I60
sS'\xe2\x99\xa8\xef\xb8\x8f'
p1756
I60
sS'dating'
p1757
I60
sS'nose'
p1758
I60
sS'be'
p1759
I19
sS'bf'
p1760
I60
sS'run'
p1761
I59
sS'rum'
p1762
I60
sS'300'
p1763
I60
sS'word'
p1764
I60
sS'305'
p1765
I60
sS'withdrawals'
p1766
I60
sS'step'
p1767
I60
sS'college...and'
p1768
I60
sS'from'
p1769
I34
sS'by'
p1770
I47
sS'working'
p1771
I60
sS'deserved'
p1772
I60
sS'netflix'
p1773
I59
sS'"more'
p1774
I60
sS'yeahhhhhh'
p1775
I60
sS'straightened'
p1776
I60
sS'drama'
p1777
I60
sS'range'
p1778
I60
sS'idk'
p1779
I59
sS'beetch'
p1780
I60
sS'mouth'
p1781
I60
sS'wanna'
p1782
I50
sS'idc'
p1783
I59
sS'kiffin'
p1784
I60
sS'ppl'
p1785
I57
sS'seeing'
p1786
I57
sS'clinton'
p1787
I60
sS'\xe2\x9b\x84\xef\xb8\x8f'
p1788
I60
sS'dude'
p1789
I60
sS'into'
p1790
I57
sS'within'
p1791
I60
sS'tofu'
p1792
I60
sS'martinez'
p1793
I60
sS'nigga'
p1794
I60
sS'lesson'
p1795
I60
sS'lebron'
p1796
I60
sS'much\xe2\x80\x9d'
p1797
I60
sS'spending'
p1798
I59
sS'sock'
p1799
I60
sS'live'
p1800
I54
sS'fast'
p1801
I58
sS'friend=the'
p1802
I60
sS"we're"
p1803
I58
sS'himself'
p1804
I60
sS'invite'
p1805
I60
sS'inches'
p1806
I60
sS'girlfriends'
p1807
I60
sS'boys'
p1808
I57
sS'yesssss'
p1809
I60
sS'properly'
p1810
I60
sS'delta'
p1811
I60
sS'coldest'
p1812
I60
sS'junior'
p1813
I60
sS'posted'
p1814
I60
sS'fulfilling'
p1815
I60
sS'up'
p1816
I32
sS'us'
p1817
I58
sS'ur'
p1818
I59
sS"tomorrow's"
p1819
I60
sS'"mimosa"'
p1820
I60
sS'uh'
p1821
I60
sS'called'
p1822
I59
sS'yelled'
p1823
I60
sS'storing'
p1824
I60
sS'camp'
p1825
I60
sS'freak'
p1826
I60
sS'stick'
p1827
I60
sS'defined'
p1828
I60
sS'haunt'
p1829
I60
sS'single'
p1830
I60
sS'chaw'
p1831
I60
sS'10hours'
p1832
I60
sS'chaz'
p1833
I60
sS'stripper'
p1834
I60
sS'rainy'
p1835
I60
sS'insomniac'
p1836
I60
sS'days!\xe2\x9c\xa8'
p1837
I60
sS'fixing'
p1838
I60
sS'nah'
p1839
I60
sS'peace'
p1840
I60
sS'rewriting'
p1841
I60
sS'application'
p1842
I60
sS'night...oh'
p1843
I60
sS'ttown'
p1844
I59
sS'nice'
p1845
I56
sS'problems'
p1846
I59
sS'mencias'
p1847
I60
sS'william'
p1848
I60
sS'smiled'
p1849
I60
sS'ago'
p1850
I60
sS'lane'
p1851
I59
sS'e'
p1852
I57
sS'200$'
p1853
I60
sS'trail'
p1854
I60
sS'age'
p1855
I60
sS'"argentina'
p1856
I60
sS'verdes'
p1857
I24
sS'far'
p1858
I60
sS"she's"
p1859
I58
sS'buffalo'
p1860
I60
sS'having'
p1861
I58
sS'once'
p1862
I59
sS'essay'
p1863
I58
sS'katy'
p1864
I60
sS'stress-eating'
p1865
I60
sS'jason'
p1866
I59
sS'zoey'
p1867
I60
sS'gg'
p1868
I60
sS'go'
p1869
I35
sS'gossip'
p1870
I59
sS'next\xe2\x80\xa6'
p1871
I60
sS'aquarium'
p1872
I60
sS'vietnamese'
p1873
I60
sS'concerned'
p1874
I60
sS'send'
p1875
I57
sS'sent'
p1876
I60
sS'queen'
p1877
I60
sS'torture'
p1878
I60
sS'outside'
p1879
I60
sS'babeee\xe2\x9d\xa4\xef\xb8\x8f'
p1880
I60
sS'avalon'
p1881
I59
sS'wishes'
p1882
I60
sS'putting'
p1883
I59
sS'telling'
p1884
I60
sS'drinking'
p1885
I58
sS'non-profit'
p1886
I60
sS't-.-'
p1887
I60
sS'uhh'
p1888
I60
sS'notes'
p1889
I60
sS'tokyo'
p1890
I60
sS'ryan'
p1891
I58
sS'try'
p1892
I59
sS'this'
p1893
I14
sS'race'
p1894
I60
sS'retweeted'
p1895
I60
sS'puke'
p1896
I60
sS'smaller'
p1897
I60
sS'booty'
p1898
I59
sS'bleeding'
p1899
I60
sS'\xe2\x9d\xa4'
p1900
I60
sS'boots'
p1901
I59
sS'waking'
p1902
I60
sS'noise'
p1903
I60
sS'video'
p1904
I60
sS'picked'
p1905
I60
sS'reunion'
p1906
I58
sS'download'
p1907
I60
sS'order.~toni'
p1908
I60
sS'derpy'
p1909
I60
sS'chicago'
p1910
I60
sS'giving'
p1911
I60
sS'sweaty'
p1912
I60
sS'waiting'
p1913
I58
sS'anywhere'
p1914
I60
sS'3d'
p1915
I58
sS'wtfffff'
p1916
I60
sS'shoreline'
p1917
I59
sS'single-spaced'
p1918
I60
sS'raccoons'
p1919
I60
sS'packing'
p1920
I58
sS'weirdo'
p1921
I60
sS'others'
p1922
I60
sS'sing'
p1923
I60
sS'extreme'
p1924
I60
sS'great'
p1925
I56
sS'\xe2\x9a\xbd\xef\xb8\x8f'
p1926
I60
sS'30'
p1927
I59
sS'leaving'
p1928
I60
sS'engine'
p1929
I60
sS'makes'
p1930
I54
sS'underpants'
p1931
I60
sS'apple'
p1932
I60
sS'heart'
p1933
I57
sS'win'
p1934
I60
sS'app'
p1935
I59
sS'wik'
p1936
I60
sS'comers'
p1937
I60
sS'singing'
p1938
I59
sS'"thank'
p1939
I60
sS'use'
p1940
I59
sS'crap'
p1941
I59
sS'&'
p1942
I37
sS'next'
p1943
I48
sS'few'
p1944
I56
sS'camera'
p1945
I60
sS'save'
p1946
I60
sS'turnoff'
p1947
I60
sS'babe'
p1948
I58
sS'started'
p1949
I58
sS'becomes'
p1950
I60
sS'econ'
p1951
I60
sS'sister'
p1952
I56
sS'confused'
p1953
I60
sS'sore'
p1954
I58
sS'gettin'
p1955
I60
sS'goal\xe2\x9c\x94'
p1956
I60
sS'baby'
p1957
I53
sS'iii'
p1958
I60
sS'charity'
p1959
I60
sS'animals'
p1960
I60
sS'salad'
p1961
I60
sS'f'
p1962
I60
sS'tunnel'
p1963
I59
sS'ride'
p1964
I60
sS'unreal'
p1965
I60
sS'ammons'
p1966
I60
sS'siick'
p1967
I60
sS'meet'
p1968
I60
sS'drops'
p1969
I60
sS'didnt'
p1970
I60
sS'unpacking'
p1971
I60
sS'quesadillas'
p1972
I60
sS'halloween'
p1973
I60
sS'\xe2\x9c\x82\xe2\x9c\x82'
p1974
I60
sS'pieces'
p1975
I59
sS'high'
p1976
I57
sS'pulling'
p1977
I60
sS'something'
p1978
I60
sS'blvd'
p1979
I60
sS'sunglasses'
p1980
I59
sS'tan'
p1981
I58
sS'educational'
p1982
I60
sS'syndrome'
p1983
I60
sS'six'
p1984
I59
sS'blessings'
p1985
I60
sS'animal'
p1986
I60
sS'instead'
p1987
I60
sS'profile'
p1988
I60
sS'watch'
p1989
I54
sS'philosophy'
p1990
I60
sS'kitchen?"'
p1991
I60
sS'fitz'
p1992
I60
sS'frat'
p1993
I59
sS'wrist'
p1994
I60
sS'crucible'
p1995
I60
sS'da'
p1996
I60
sS'cuddling'
p1997
I60
sS'22nd'
p1998
I60
sS'....lmao'
p1999
I60
sS'light'
p2000
I60
sS'honestly'
p2001
I58
sS'realizes'
p2002
I60
sS'pack&prepare'
p2003
I60
sS'addiction'
p2004
I60
sS'flyers\xe2\x80\xa6'
p2005
I60
sS'move'
p2006
I55
sS'looks'
p2007
I59
sS'bunch'
p2008
I59
sS'perfect'
p2009
I54
sS'write'
p2010
I60
sS'la'
p2011
I57
sS'tweet\xe2\x80\x9d'
p2012
I60
sS'labor'
p2013
I60
sS'willing'
p2014
I60
sS'degrees'
p2015
I59
sS'2014'
p2016
I58
sS'bye'
p2017
I60
sS'2013'
p2018
I59
sS'dad'
p2019
I56
sS'crash'
p2020
I60
sS'vicariously'
p2021
I60
sS'dan'
p2022
I60
sS'spell'
p2023
I60
sS'dat'
p2024
I60
sS'bothering'
p2025
I60
sS'kiss'
p2026
I60
sS'front'
p2027
I60
sS'earthlings'
p2028
I60
sS"johnson's"
p2029
I60
sS'day'
p2030
I29
sS'tisk'
p2031
I59
sS'magnitude'
p2032
I60
sS'trap'
p2033
I59
sS'truth'
p2034
I60
sS'michaels'
p2035
I60
sS'flavored'
p2036
I60
sS'brush'
p2037
I60
sS'showering'
p2038
I60
sS'bentley'
p2039
I60
sS'doing'
p2040
I58
sS'books'
p2041
I60
sS'our'
p2042
I49
sS'sexual'
p2043
I60
sS'out'
p2044
I25
sS'hilarious'
p2045
I60
sS'electronics'
p2046
I60
sS'cause'
p2047
I59
sS'cwg'
p2048
I60
sS'achievements'
p2049
I60
sS'shut'
p2050
I59
sS'hopscotch'
p2051
I60
sS'spot'
p2052
I60
sS'o.e'
p2053
I58
sS'hype'
p2054
I60
sS'york'
p2055
I59
sS"f'14"
p2056
I60
sS'backwards'
p2057
I60
sS'prepare'
p2058
I60
sS'g'
p2059
I60
sS'snapchats'
p2060
I57
sS'could'
p2061
I55
sS'times'
p2062
I56
sS'birthday'
p2063
I51
sS'hollister'
p2064
I59
sS'chills'
p2065
I60
sS'\xe2\x9d\xa4\xe2\x9d\xa4'
p2066
I60
sS'blown'
p2067
I60
sS'yells'
p2068
I60
sS'scene'
p2069
I60
sS'bitch'
p2070
I59
sS'quality'
p2071
I59
sS'fitty'
p2072
I60
sS"doesn't"
p2073
I58
sS'playlist'
p2074
I60
sS'10x'
p2075
I60
sS'los'
p2076
I39
sS'mam'
p2077
I60
sS'redondo'
p2078
I60
sS'system'
p2079
I60
sS'their'
p2080
I58
sS'said..get'
p2081
I60
sS'final'
p2082
I57
sS'2-0'
p2083
I60
sS'craziest'
p2084
I59
sS'insidious'
p2085
I60
sS'exactly'
p2086
I58
sS'fun\xe2\x9d\xa4\xef\xb8\x8f'
p2087
I60
sS'sketchyyyy'
p2088
I60
sS'decorating'
p2089
I60
sS'bieber'
p2090
I60
sS'fuzzy'
p2091
I60
sS'july'
p2092
I57
sS'photograph'
p2093
I60
sS'ben'
p2094
I60
sS'bother'
p2095
I60
sS'frandsss'
p2096
I60
sS'bed'
p2097
I48
sS'visited'
p2098
I60
sS'bet'
p2099
I60
sS'violets'
p2100
I60
sS'spelled'
p2101
I60
sS'tonight'
p2102
I52
sS'have'
p2103
I27
sS'need'
p2104
I50
sS'apparently'
p2105
I60
sS'mermaid'
p2106
I60
sS'dishes'
p2107
I60
sS'congrats'
p2108
I60
sS'able'
p2109
I59
sS'makeover'
p2110
I60
sS'which'
p2111
I59
sS'kinkos'
p2112
I60
sS'='
p2113
I57
sS'sequel'
p2114
I60
sS'tshirts'
p2115
I60
sS'who'
p2116
I51
sS"where's"
p2117
I60
sS'prisoner'
p2118
I60
sS'future'
p2119
I59
sS'why'
p2120
I30
sS"pachelbel's"
p2121
I60
sS'gather'
p2122
I60
sS'hearts.....unless'
p2123
I60
sS'thanksgiving'
p2124
I59
sS'face'
p2125
I56
sS'looked'
p2126
I58
sS"you'll"
p2127
I57
sS'strawberries'
p2128
I60
sS'park)'
p2129
I60
sS'yum'
p2130
I60
sS'pictures'
p2131
I52
sS'ummmmmm'
p2132
I60
sS'fact'
p2133
I58
sS'sells'
p2134
I60
sS'chadwick'
p2135
I59
sS'$500'
p2136
I60
sS'redheads'
p2137
I60
sS'text'
p2138
I57
sS'chapters'
p2139
I60
sS'bring'
p2140
I60
sS'costco'
p2141
I60
sS'earned'
p2142
I59
sS'('
p2143
I60
sS'should'
p2144
I53
sS'score'
p2145
I60
sS'khloe'
p2146
I60
sS'employee'
p2147
I60
sS'piano'
p2148
I60
sS'thousands'
p2149
I60
sS'hope'
p2150
I55
sS'handle'
p2151
I59
sS'means'
p2152
I59
sS'beat'
p2153
I60
sS'midnight'
p2154
I60
sS'photography'
p2155
I59
sS'lucky'
p2156
I58
sS'"dating'
p2157
I60
sS'perfection'
p2158
I60
sS'words'
p2159
I59
sS'argues'
p2160
I60
sS'prayers'
p2161
I60
sS'ghetto'
p2162
I60
sS'she'
p2163
I53
sS'contain'
p2164
I60
sS'fixed'
p2165
I60
sS'generations'
p2166
I60
sS'view'
p2167
I56
sS'official'
p2168
I60
sS'skittle'
p2169
I60
sS'national'
p2170
I59
sS'ogle'
p2171
I60
sS'computer'
p2172
I60
sS'snapchatting'
p2173
I60
sS'packed'
p2174
I60
sS'closet'
p2175
I60
sS'reunited!\xe2\x9d\xa4'
p2176
I60
sS'genius'
p2177
I60
sS'fierce."'
p2178
I60
sS'landon'
p2179
I60
sS'bought'
p2180
I59
sS'ends'
p2181
I60
sS'exam'
p2182
I60
sS'opening'
p2183
I60
sS'gambino'
p2184
I60
sS'the\xe2\x80\xa6'
p2185
I60
sS'team>>>'
p2186
I60
sS'selena'
p2187
I60
sS'legit'
p2188
I60
sS'staring'
p2189
I60
sS'hits'
p2190
I60
sS'figured'
p2191
I60
sS'taking'
p2192
I60
sS'april'
p2193
I60
sS'admit'
p2194
I60
sS'trumps'
p2195
I60
sS'otherwise'
p2196
I60
sS'wall'
p2197
I60
sS'tuesday'
p2198
I59
sS'walk'
p2199
I57
sS'cx'
p2200
I58
sS'math'
p2201
I60
sS'news'
p2202
I60
sS'kings'
p2203
I57
sS'yay'
p2204
I60
sS'johnny'
p2205
I60
sS"it's"
p2206
I35
sS'ai'
p2207
I60
sS'treat'
p2208
I60
sS'yak'
p2209
I60
sS'"i\'m'
p2210
I60
sS'bbq'
p2211
I60
sS'>'
p2212
I59
sS'hours...score'
p2213
I60
sS'perplexed'
p2214
I60
sS'moved'
p2215
I60
sS'airplanes'
p2216
I60
sS'dees'
p2217
I60
sS'finished'
p2218
I60
sS'-.-'
p2219
I60
sS'mail'
p2220
I60
sS'brunch'
p2221
I60
sS'general'
p2222
I60
sS'eyelashes'
p2223
I60
sS'appearance'
p2224
I60
sS'will'
p2225
I48
sS'stunning'
p2226
I60
sS'scanned'
p2227
I60
sS'hahaha'
p2228
I57
sS'wild'
p2229
I60
sS'models..ha'
p2230
I60
sS'annual'
p2231
I60
sS'almost'
p2232
I59
sS'vs'
p2233
I60
sS'tattoo'
p2234
I58
sS'tupac'
p2235
I60
sS'hospitals'
p2236
I60
sS'cross'
p2237
I60
sS'campus'
p2238
I59
sS'strange'
p2239
I60
sS'2005'
p2240
I60
sS'party'
p2241
I49
sS'android'
p2242
I60
sS'gets'
p2243
I60
sS'powell'
p2244
I60
sS'phi'
p2245
I59
sS'practice'
p2246
I60
sS"ringin'"
p2247
I60
sS'samantha'
p2248
I60
sS'drink'
p2249
I59
sS'student'
p2250
I59
sS'sisters'
p2251
I58
sS'warming'
p2252
I60
sS'keep'
p2253
I60
sS'off'
p2254
I51
sS'i'
p2255
I2
sS'6-27-14'
p2256
I60
sS'well'
p2257
I55
sS'thought'
p2258
I54
sS'oops'
p2259
I60
sS'sets'
p2260
I60
sS'oh.....;)'
p2261
I60
sS'cried'
p2262
I59
sS'less'
p2263
I59
sS'accurate'
p2264
I60
sS'clinic'
p2265
I60
sS'guy...but'
p2266
I60
sS'tone'
p2267
I60
sS'calla'
p2268
I60
sS'happiness'
p2269
I60
sS'hizzy'
p2270
I60
sS'flashlight'
p2271
I60
sS'hazing'
p2272
I60
sS'raves'
p2273
I58
sS'panther'
p2274
I60
sS'drunk'
p2275
I58
sS'sky'
p2276
I59
sS'lake'
p2277
I60
sS'killed'
p2278
I58
sS'reasons'
p2279
I60
sS'add'
p2280
I60
sS'other'
p2281
I55
sS'attractive'
p2282
I60
sS'nate'
p2283
I60
sS'details'
p2284
I60
sS'minnetonka'
p2285
I60
sS'ducked'
p2286
I60
sS'government'
p2287
I60
sS"who's"
p2288
I58
sS'five'
p2289
I59
sS'know'
p2290
I42
sS'facial'
p2291
I60
sS'immediately'
p2292
I60
sS'finals\xe2\x98\x80\xef\xb8\x8f'
p2293
I60
sS'like'
p2294
I22
sS'lost'
p2295
I60
sS'candy'
p2296
I59
sS'(or'
p2297
I60
sS'lose'
p2298
I60
sS'page'
p2299
I60
sS'because'
p2300
I51
sS'twitter'
p2301
I54
sS'hair'
p2302
I57
sS'daylight'
p2303
I60
sS'choosing'
p2304
I60
sS'oblivious'
p2305
I60
sS'home'
p2306
I43
sS'happens'
p2307
I60
sS'literally'
p2308
I53
sS'twerking'
p2309
I60
sS'does'
p2310
I57
sS'turkey...fail'
p2311
I60
sS'shouldve'
p2312
I60
sS'biology'
p2313
I60
sS'finale'
p2314
I60
sS'hawthorne'
p2315
I60
sS'host'
p2316
I60
sS'although'
p2317
I59
sS'pasta'
p2318
I60
sS'naps'
p2319
I60
sS'stage'
p2320
I58
sS'gained'
p2321
I60
sS'about'
p2322
I40
sS'photoshoot'
p2323
I59
sS'actual'
p2324
I59
sS'"original"'
p2325
I60
sS'getting'
p2326
I51
sS'shipping'
p2327
I60
sS'angeles'
p2328
I60
sS'swear'
p2329
I58
sS'housing\xe2\x9c\xa8'
p2330
I60
sS'blesse'
p2331
I60
sS'own'
p2332
I58
sS'haircut...4'
p2333
I60
sS'owe'
p2334
I60
sS'tight'
p2335
I60
sS'catherine'
p2336
I60
sS'weather'
p2337
I58
sS'champ'
p2338
I60
sS'tiny'
p2339
I60
sS'roads'
p2340
I60
sS'downnn'
p2341
I60
sS'fired'
p2342
I60
sS'hehe'
p2343
I60
sS'vanesslin'
p2344
I60
sS'jaratchi'
p2345
I60
sS'kidding'
p2346
I60
sS'biggest'
p2347
I58
sS'buy'
p2348
I58
sS"i've"
p2349
I48
sS'bus'
p2350
I58
sS'bitches'
p2351
I60
sS'hv'
p2352
I60
sS'hw'
p2353
I60
sS'but'
p2354
I35
sS'reminds'
p2355
I60
sS'hi'
p2356
I59
sS'goals'
p2357
I60
sS'editing'
p2358
I59
sS'eat'
p2359
I58
sS'he'
p2360
I54
sS'made'
p2361
I53
sS'wise'
p2362
I60
sS'wish'
p2363
I55
sS'j'
p2364
I59
sS'excitement'
p2365
I60
sS'below'
p2366
I60
sS'convince'
p2367
I60
sS'stories'
p2368
I60
sS'woke'
p2369
I60
sS'cake'
p2370
I60
sS'piece'
p2371
I60
sS'minutes'
p2372
I58
sS'irish'
p2373
I60
sS'intimidating'
p2374
I60
sS'whisper'
p2375
I60
sS'pic'
p2376
I60
sS'ppss'
p2377
I60
sS'3-1'
p2378
I60
sS'goodness'
p2379
I59
sS'shooting'
p2380
I58
sS'pit'
p2381
I60
sS'ew'
p2382
I60
sS'"are'
p2383
I60
sS'diego'
p2384
I60
sS'loud'
p2385
I60
sS'48'
p2386
I60
sS'dressed'
p2387
I60
sS'45'
p2388
I60
sS'40'
p2389
I60
sS'pleeaasssee'
p2390
I60
sS'book'
p2391
I59
sS'boom'
p2392
I59
sS'sick'
p2393
I57
sS'u'
p2394
I59
sS'85'
p2395
I60
sS"you're"
p2396
I49
sS'francisco'
p2397
I60
sS'class'
p2398
I57
sS'june'
p2399
I60
sS'lens'
p2400
I60
sS'\xe2\x80\xa2'
p2401
I60
sS'explanatory'
p2402
I60
sS'kinda'
p2403
I56
sS'friends'
p2404
I55
sS'goin'
p2405
I60
sS'ghost'
p2406
I60
sS'\xe2\x80\x94'
p2407
I60
sS'mozart'
p2408
I60
sS'kardashian'
p2409
I60
sS'lives'
p2410
I60
s.