(dp0
S''
p1
I2
sS'raining'
p2
I73
sS'limited'
p3
I73
sS'hats'
p4
I73
sS'foul'
p5
I73
sS'yikes'
p6
I73
sS'protest'
p7
I73
sS'sleep'
p8
I64
sS'asian'
p9
I72
sS'hating'
p10
I72
sS'tfios'
p11
I71
sS'muligans'
p12
I73
sS'hate'
p13
I55
sS'dehydrated'
p14
I73
sS'swag'
p15
I73
sS'up*'
p16
I73
sS'tweet'
p17
I67
sS'661-341-5391'
p18
I73
sS'under'
p19
I73
sS'lord'
p20
I70
sS'sorry'
p21
I71
sS'worth'
p22
I71
sS'callin'
p23
I73
sS';))))))'
p24
I73
sS':ddd'
p25
I73
sS'shoot'
p26
I73
sS'smack'
p27
I73
sS'every'
p28
I64
sS'jack'
p29
I73
sS'bringing'
p30
I72
sS'risp'
p31
I73
sS'school'
p32
I55
sS'bestfriend'
p33
I73
sS'nigger'
p34
I73
sS'ups'
p35
I73
sS'clothes'
p36
I72
sS'bitches-_-'
p37
I73
sS'tired'
p38
I65
sS'weddings'
p39
I73
sS'bacon'
p40
I73
sS'preaches'
p41
I73
sS'nigz'
p42
I73
sS'7th'
p43
I72
sS'n'
p44
I71
sS'blue'
p45
I67
sS'*shrugs*'
p46
I73
sS'thunder'
p47
I73
sS'ned'
p48
I73
sS'rockies'
p49
I73
sS'me:|'
p50
I73
sS'lights'
p51
I72
sS'dirt.moles'
p52
I73
sS'endorse'
p53
I73
sS'new'
p54
I54
sS'ever'
p55
I64
sS'disney'
p56
I73
sS'told'
p57
I68
sS'mee'
p58
I73
sS'azz-_-'
p59
I73
sS'reporter'
p60
I73
sS'never'
p61
I62
sS'meh'
p62
I71
sS'here'
p63
I63
sS'udbajsbdjdnsjbs'
p64
I73
sS'\xe2\x9d\xa4\xef\xb8\x8f'
p65
I73
sS'china'
p66
I73
sS'smokin'
p67
I72
sS'hers'
p68
I73
sS"aren't"
p69
I69
sS'mex'
p70
I73
sS'dry'
p71
I73
sS'kids'
p72
I70
sS'stevie'
p73
I73
sS'k'
p74
I73
sS'changed'
p75
I72
sS'piercing'
p76
I73
sS'reports'
p77
I73
sS'tv'
p78
I70
sS"i'd"
p79
I68
sS'smoke'
p80
I72
sS'permit'
p81
I73
sS'neurologist'
p82
I73
sS"i'm"
p83
I10
sS"someone's"
p84
I73
sS'punishment'
p85
I71
sS'golden'
p86
I73
sS'fantastic'
p87
I73
sS'1/2\xe2\x80\x9d'
p88
I73
sS'facepaint'
p89
I73
sS'lancaste'
p90
I73
sS'must-have'
p91
I73
sS'feelings'
p92
I71
sS'bro'
p93
I69
sS'gorillas'
p94
I73
sS'brb'
p95
I70
sS'bra'
p96
I72
sS'charge'
p97
I73
sS'would'
p98
I57
sS'army'
p99
I73
sS'hospital'
p100
I73
sS'negative'
p101
I72
sS'princess'
p102
I73
sS'cali'
p103
I72
sS'claxton'
p104
I73
sS'call'
p105
I65
sS'calm'
p106
I71
sS'loooooong'
p107
I73
sS'recommend'
p108
I72
sS'indiana'
p109
I73
sS'tryin'
p110
I73
sS'type'
p111
I71
sS'tell'
p112
I59
sS'breathe'
p113
I73
sS'posting'
p114
I73
sS'killas'
p115
I73
sS'expose'
p116
I73
sS'lmfaoooooodjsns'
p117
I73
sS'haha'
p118
I54
sS'award'
p119
I73
sS'hurt'
p120
I66
sS'phone'
p121
I70
sS"5'8"
p122
I72
sS'tying'
p123
I73
sS'musr'
p124
I73
sS'must'
p125
I72
sS'me'
p126
I8
sS'word'
p127
I73
sS'room'
p128
I71
sS'shame'
p129
I73
sS'mm'
p130
I73
sS'work'
p131
I67
sS'entertained'
p132
I73
sS'ilysm'
p133
I72
sS'movies'
p134
I70
sS'itself'
p135
I73
sS'my'
p136
I7
sS'gloria'
p137
I73
sS'give'
p138
I60
sS'stressing'
p139
I73
sS'that."'
p140
I73
sS"00:29:50.0,34.5641048,-118.0948663,9105.05,i'm"
p141
I73
sS'want'
p142
I61
sS'keep'
p143
I62
sS'sexually'
p144
I73
sS'aging'
p145
I73
sS'-2pac'
p146
I73
sS'hoe'
p147
I70
sS'end'
p148
I68
sS'eng'
p149
I73
sS'travel'
p150
I73
sS'how'
p151
I38
sS'hot'
p152
I67
sS'double-teaming'
p153
I73
sS'ig'
p154
I73
sS'answer'
p155
I73
sS'place'
p156
I72
sS'beach'
p157
I70
sS'pizza'
p158
I73
sS'barbra'
p159
I73
sS'mess'
p160
I72
sS'sis<3'
p161
I73
sS'after'
p162
I69
sS'wrong'
p163
I71
sS'lay'
p164
I73
sS'destined'
p165
I73
sS'aften'
p166
I73
sS'president'
p167
I73
sS'20/20'
p168
I73
sS'law'
p169
I72
sS'you;)'
p170
I72
sS"they're"
p171
I73
sS'purchase'
p172
I73
sS'danny'
p173
I73
sS'third'
p174
I72
sS'wins'
p175
I72
sS'appreciate'
p176
I72
sS'greet'
p177
I73
sS'saturday.,93550\n488745587110445056,jamesskeen1,2014-07-14'
p178
I73
sS'goodbye'
p179
I72
sS'worst'
p180
I72
sS'allen)'
p181
I73
sS'order'
p182
I72
sS'wind'
p183
I72
sS'wine'
p184
I73
sS'rn\xe2\x80\x9d'
p185
I73
sS'untold'
p186
I73
sS'bww\xe2\x80\x9d'
p187
I73
sS'office'
p188
I73
sS'over'
p189
I57
sS'clench'
p190
I73
sS'w/pujols'
p191
I73
sS'outshine'
p192
I73
sS'hbic'
p193
I73
sS'banged'
p194
I73
sS'budding'
p195
I73
sS'tops'
p196
I73
sS'before'
p197
I66
sS'what\xe2\x80\x99s'
p198
I73
sS'everrrrrr'
p199
I73
sS'shawnee'
p200
I73
sS'puig'
p201
I73
sS'somewhere'
p202
I72
sS'fix'
p203
I73
sS'denver'
p204
I73
sS'writing'
p205
I72
sS'better'
p206
I57
sS'imy'
p207
I68
sS'weeks'
p208
I73
sS'hahah'
p209
I73
sS'then'
p210
I60
sS'them'
p211
I61
sS'foolin'
p212
I73
sS'similar'
p213
I73
sS'safe'
p214
I73
sS"we'll"
p215
I72
sS'break'
p216
I72
sS'12:23:49.0,34.5613489,-118.0962397,9105.05,now'
p217
I73
sS'bang'
p218
I72
sS'\xe2\x98\xba\xef\xb8\x8f'
p219
I73
sS'one'
p220
I36
sS'saddened'
p221
I73
sS"grey's"
p222
I73
sS'classified'
p223
I73
sS'each'
p224
I72
sS'went'
p225
I72
sS'side'
p226
I72
sS'mean'
p227
I61
sS'meets'
p228
I73
sS'gunna'
p229
I58
sS'series'
p230
I71
sS'abuse'
p231
I73
sS'(really)'
p232
I73
sS'taught'
p233
I73
sS'forgot'
p234
I69
sS'message'
p235
I73
sS'rt'
p236
I66
sS'gon'
p237
I72
sS'driving'
p238
I72
sS'god'
p239
I69
sS'smu'
p240
I73
sS'kawhi'
p241
I72
sS'aji'
p242
I73
sS'encourage'
p243
I73
sS'daniel'
p244
I73
sS'rb'
p245
I72
sS'smh'
p246
I70
sS'medicine'
p247
I73
sS'got'
p248
I47
sS'rn'
p249
I71
sS'cutest'
p250
I73
sS"doesn't"
p251
I57
sS'"ain\'t'
p252
I73
sS'mean.,93550\n412384926739070976,obeyrenee82,2013-12-16'
p253
I73
sS'fave'
p254
I72
sS'free'
p255
I70
sS'struggle'
p256
I73
sS'egyptians'
p257
I73
sS'sadly'
p258
I73
sS'wanted'
p259
I66
sS'mvp'
p260
I73
sS'da?\xe2\x80\x9d'
p261
I73
sS'dammit'
p262
I60
sS'ate'
p263
I72
sS'.5'
p264
I73
sS'created'
p265
I73
sS'starts'
p266
I73
sS'refugee'
p267
I73
sS'days'
p268
I71
sS'filter'
p269
I73
sS'att'
p270
I73
sS'heck'
p271
I71
sS'speedy'
p272
I73
sS"'g'ain"
p273
I73
sS"today's"
p274
I73
sS'sambora'
p275
I73
sS'moving'
p276
I72
sS'selfs'
p277
I73
sS'fuckin'
p278
I72
sS'already'
p279
I69
sS'lol\xe2\x80\x9d'
p280
I71
sS'joseline'
p281
I73
sS'too*'
p282
I73
sS'accidentally'
p283
I73
sS'hook'
p284
I72
sS'featured'
p285
I73
sS'another'
p286
I72
sS'sober'
p287
I73
sS'thick'
p288
I73
sS'hood'
p289
I73
sS'service'
p290
I73
sS'top'
p291
I73
sS'me"'
p292
I73
sS'girls'
p293
I68
sS'*cries*'
p294
I71
sS'needed'
p295
I72
sS'too'
p296
I38
sS'legs'
p297
I73
sS'dogs'
p298
I73
sS'listen'
p299
I70
sS',93550\n450025525960908800,beckyluvzpandas,2014-03-29'
p300
I73
sS'hangout'
p301
I73
sS'teenwolf'
p302
I71
sS'nahh'
p303
I73
sS'hype\xe2\x80\x9d'
p304
I73
sS'"good'
p305
I73
sS'mercy'
p306
I73
sS'showed'
p307
I73
sS'coward'
p308
I73
sS"mother's"
p309
I73
sS'classes'
p310
I73
sS'flame'
p311
I73
sS'girl*'
p312
I72
sS'feeling'
p313
I72
sS'powers'
p314
I73
sS'mini'
p315
I73
sS'lbs'
p316
I73
sS'failing'
p317
I73
sS'sees'
p318
I73
sS'quench'
p319
I73
sS'pistons'
p320
I73
sS'mind'
p321
I67
sS"7-footer's"
p322
I73
sS'talking'
p323
I73
sS'seed'
p324
I72
sS'rap'
p325
I73
sS'seen'
p326
I73
sS'seem'
p327
I70
sS'mint'
p328
I73
sS'blog\xe2\x98\xba\xe2\x98\xba'
p329
I73
sS'it\xe2\x80\x9d'
p330
I73
sS'udon'
p331
I73
sS'divas'
p332
I73
sS'imy2'
p333
I73
sS'-'
p334
I71
sS'brandon'
p335
I73
sS'derek'
p336
I73
sS'doors'
p337
I73
sS'laughed'
p338
I72
sS'yet*'
p339
I73
sS'"john"'
p340
I73
sS'rides'
p341
I73
sS'even'
p342
I46
sS'memebers'
p343
I73
sS'though'
p344
I68
sS'anatomy'
p345
I73
sS'kelly'
p346
I72
sS'germany'
p347
I72
sS'competing'
p348
I73
sS'coin'
p349
I73
sS'maria'
p350
I73
sS'episode'
p351
I73
sS'alarm'
p352
I73
sS'31,93550\n251350952861388801,cashismy1stname,2012-09-27'
p353
I73
sS'definitely'
p354
I71
sS'aunt'
p355
I73
sS'leis'
p356
I73
sS'yessssssss'
p357
I73
sS'+'
p358
I73
sS'came'
p359
I70
sS'saying'
p360
I70
sS'catfish\xe2\x80\x9d'
p361
I73
sS'bomb'
p362
I73
sS'lyrics'
p363
I73
sS'dickey'
p364
I73
sS'queen'
p365
I73
sS'dahail'
p366
I72
sS'brief'
p367
I73
sS'radio'
p368
I73
sS"that'll"
p369
I73
sS'count'
p370
I73
sS'orleans'
p371
I73
sS'busy'
p372
I73
sS'clicked'
p373
I73
sS'cousins'
p374
I73
sS'sugar'
p375
I72
sS'rihanna'
p376
I73
sS'me.....when'
p377
I73
sS'rich'
p378
I73
sS'rice'
p379
I73
sS'"\xe2\x80\x9d'
p380
I73
sS'wearing'
p381
I72
sS'do'
p382
I35
sS'dm'
p383
I73
sS'dj'
p384
I73
sS'godzilla'
p385
I73
sS'honda'
p386
I73
sS'stop'
p387
I65
sS'cardinals'
p388
I72
sS'da'
p389
I71
sS'h'
p390
I73
sS'christopher'
p391
I73
sS'despite'
p392
I73
sS'nasty'
p393
I71
sS'saturn'
p394
I73
sS'14'
p395
I73
sS'runs'
p396
I73
sS'ahhhhhhh'
p397
I73
sS'pretzel'
p398
I73
sS'twice'
p399
I73
sS'bad'
p400
I63
sS'bae'
p401
I60
sS'release'
p402
I73
sS'bam'
p403
I73
sS'steal'
p404
I72
sS'ears'
p405
I73
sS'besties'
p406
I73
sS'fair'
p407
I73
sS'w/'
p408
I73
sS'pisooooooo'
p409
I73
sS'goodnight'
p410
I72
sS'fail'
p411
I73
sS'ayso'
p412
I73
sS'best'
p413
I62
sS'vampin'
p414
I73
sS'lancaster'
p415
I73
sS'k.o'
p416
I73
sS'said'
p417
I63
sS'away'
p418
I63
sS'future'
p419
I72
sS'olympics'
p420
I73
sS'finger'
p421
I73
sS'pets'
p422
I73
sS'hopefully'
p423
I73
sS'sorts'
p424
I73
sS'gif?\xe2\x80\x9d'
p425
I73
sS'discovery'
p426
I73
sS'lazy'
p427
I72
sS'oomf'
p428
I70
sS'omg'
p429
I68
sS'fruits'
p430
I72
sS'however'
p431
I73
sS'stress'
p432
I73
sS'wear'
p433
I71
sS'wtf'
p434
I59
sS'poisoning'
p435
I73
sS'wth'
p436
I73
sS'cousin'
p437
I72
sS'aunties'
p438
I73
sS'bras'
p439
I73
sS'fault'
p440
I72
sS'ill'
p441
I72
sS'person\xe2\x80\x9d'
p442
I73
sS'heating'
p443
I73
sS'ilh'
p444
I73
sS'players'
p445
I72
sS'games'
p446
I71
sS'bet'
p447
I70
sS'lookin'
p448
I72
sS'col'
p449
I73
sS'coo'
p450
I73
sS'ily'
p451
I40
sS'matts'
p452
I73
sS'artesian'
p453
I73
sS'had'
p454
I56
sS'irresponsible'
p455
I73
sS'2nd'
p456
I72
sS'active'
p457
I73
sS'canyon'
p458
I73
sS'arsenio'
p459
I73
sS'tony'
p460
I70
sS'blonde'
p461
I73
sS'trust'
p462
I72
sS"mvp's"
p463
I73
sS'speak'
p464
I73
sS'single-_-'
p465
I73
sS'fra'
p466
I73
sS'seein'
p467
I73
sS'beef'
p468
I72
sS'"you'
p469
I73
sS'chels'
p470
I72
sS'been'
p471
I58
sS'wendlyn'
p472
I73
sS'beer'
p473
I73
sS'much'
p474
I55
sS'stadium'
p475
I72
sS'basic'
p476
I73
sS'expected'
p477
I73
sS'idol'
p478
I73
sS'threw'
p479
I73
sS'mcm'
p480
I72
sS'deeper'
p481
I72
sS'goaltend'
p482
I73
sS'drugs'
p483
I72
sS'mce'
p484
I73
sS'sooooo'
p485
I72
sS'catering'
p486
I73
sS'dave'
p487
I73
sS'$120'
p488
I73
sS'chill'
p489
I69
sS'has'
p490
I65
sS'air'
p491
I72
sS'ugly'
p492
I71
sS'suppose'
p493
I73
sS'applies'
p494
I73
sS'cracked'
p495
I73
sS'voice'
p496
I71
sS'05:29:32.0,34.5641509,-118.0948924,9105.05,like'
p497
I73
sS'chilling'
p498
I73
sS'mistake'
p499
I73
sS'veronica'
p500
I73
sS'pyramid'
p501
I73
sS'convenience.,93550\n480124283629219840,jamesskeen1,2014-06-20'
p502
I73
sS'played'
p503
I71
sS'is'
p504
I9
sS'"i'
p505
I73
sS'sting'
p506
I73
sS'player'
p507
I73
sS'cant'
p508
I72
sS'im'
p509
I61
sS'in'
p510
I14
sS'ilym'
p511
I70
sS'disappear'
p512
I73
sS'if'
p513
I33
sS'niggas"'
p514
I73
sS'things'
p515
I70
sS'make'
p516
I63
sS'spectacular'
p517
I73
sS'split'
p518
I73
sS'babies'
p519
I71
sS'shawty'
p520
I71
sS'couple'
p521
I70
sS'yung'
p522
I73
sS'wheel'
p523
I73
sS'evolve'
p524
I73
sS'brett-lawrie'
p525
I73
sS'governors'
p526
I72
sS'social'
p527
I73
sS'hang'
p528
I72
sS'rain'
p529
I73
sS'kik'
p530
I73
sS'kim'
p531
I72
sS'jealous'
p532
I73
sS'to..\xe2\x80\x9d,93550\n450639253374914560,beckyluvzpandas,2014-03-31'
p533
I73
sS'opportunity'
p534
I73
sS'aka'
p535
I72
sS'thoughts'
p536
I71
sS'thx'
p537
I73
sS'youre'
p538
I73
sS'power."'
p539
I73
sS'tho'
p540
I57
sS'epic\xe2\x80\x9doh'
p541
I73
sS'greatest'
p542
I73
sS'mother'
p543
I73
sS'the'
p544
I3
sS'*finds'
p545
I73
sS'yours'
p546
I73
sS'left'
p547
I72
sS'burrell'
p548
I73
sS'just'
p549
I21
sS'yea'
p550
I73
sS'mills'
p551
I72
sS'sporting'
p552
I73
sS'newton'
p553
I73
sS'quotes'
p554
I72
sS'thanks'
p555
I63
sS'yep'
p556
I72
sS'yes'
p557
I54
sS'dirt.worms'
p558
I73
sS'yet'
p559
I70
sS'jose'
p560
I72
sS'polos'
p561
I73
sS'broncos'
p562
I73
sS'must-win'
p563
I73
sS'haa'
p564
I73
sS'josh'
p565
I72
sS'5s'
p566
I73
sS'shout'
p567
I72
sS'spread'
p568
I73
sS'teenager'
p569
I73
sS'easy'
p570
I72
sS'east'
p571
I71
sS'hat'
p572
I70
sS'5c'
p573
I73
sS'gave'
p574
I73
sS'breaks'
p575
I73
sS'possible'
p576
I73
sS'caps'
p577
I72
sS'snark'
p578
I73
sS'flipside'
p579
I73
sS'judge'
p580
I72
sS'highly'
p581
I73
sS'advanced'
p582
I73
sS'd'
p583
I73
sS'gifs'
p584
I72
sS'-_-'
p585
I72
sS'texts'
p586
I73
sS'cooler'
p587
I73
sS'nude'
p588
I73
sS'56'
p589
I73
sS'50'
p590
I71
sS'any1'
p591
I73
sS'remind'
p592
I73
sS'overrated'
p593
I73
sS'night'
p594
I64
sS'nighy'
p595
I73
sS'thole'
p596
I70
sS'right'
p597
I54
sS'old'
p598
I70
sS'ole'
p599
I73
sS'deal'
p600
I72
sS'people'
p601
I55
sS'somehow'
p602
I73
sS'dead'
p603
I70
sS'unnecessary'
p604
I73
sS'clubs'
p605
I73
sS'usher'
p606
I72
sS'bore'
p607
I73
sS'finna'
p608
I73
sS'for'
p609
I20
sS'bottom'
p610
I73
sS'handsome."'
p611
I73
sS'pregnant'
p612
I73
sS'ice'
p613
I72
sS'everything'
p614
I69
sS'icy'
p615
I73
sS'asking'
p616
I70
sS'tombstone,93550\n484831481391366146,jamesskeen1,2014-07-03'
p617
I73
sS'slurrs'
p618
I73
sS'cnn'
p619
I73
sS'420'
p620
I73
sS'marauders'
p621
I73
sS'christmas'
p622
I72
sS'pls'
p623
I64
sS'geez'
p624
I73
sS"ol'"
p625
I72
sS'spider-man'
p626
I73
sS'dgaf'
p627
I73
sS'graduates'
p628
I72
sS'burner'
p629
I73
sS'losing'
p630
I72
sS'post'
p631
I69
sS'super'
p632
I63
sS'cory'
p633
I73
sS'skreets\xe2\x80\x9d'
p634
I73
sS'v'
p635
I73
sS'plus'
p636
I73
sS'curry'
p637
I73
sS'whats'
p638
I72
sS'twitcon'
p639
I72
sS'wasting'
p640
I73
sS'selfie'
p641
I72
sS'sol'
p642
I73
sS'soo'
p643
I73
sS'ppl'
p644
I72
sS'down'
p645
I58
sS'back-to-back'
p646
I73
sS'raises'
p647
I73
sS'foooood'
p648
I73
sS'existed'
p649
I73
sS'support'
p650
I72
sS'constantly'
p651
I71
sS'fight'
p652
I73
sS'absolutely'
p653
I73
sS'fought'
p654
I73
sS'way'
p655
I61
sS'gio'
p656
I72
sS'music'
p657
I71
sS'was'
p658
I29
sS'02:02:13.0,34.5641091,-118.0947922,9105.05,in'
p659
I73
sS'head'
p660
I72
sS'medium'
p661
I73
sS'18:34:54.0,34.56223135,-118.1136209,9105.05,altering'
p662
I73
sS'batman'
p663
I73
sS'becoming'
p664
I73
sS'fireworks'
p665
I73
sS'bengals'
p666
I73
sS'heat'
p667
I72
sS'hear'
p668
I71
sS'?\xe2\x80\x9d'
p669
I73
sS'survive'
p670
I73
sS'true'
p671
I68
sS"'u'"
p672
I73
sS'happen'
p673
I71
sS'blueberry'
p674
I73
sS'adore'
p675
I73
sS'(cont)'
p676
I72
sS'forevers'
p677
I73
sS'daddy'
p678
I71
sS'horses'
p679
I73
sS'proud'
p680
I72
sS'b2'
p681
I73
sS'hungry'
p682
I72
sS'klinsmann'
p683
I73
sS'bourdain'
p684
I73
sS'awhile'
p685
I73
sS'annoying'
p686
I72
sS'check'
p687
I71
sS'shit'
p688
I46
sS'tomorrow^_^'
p689
I73
sS'vista'
p690
I73
sS'nl'
p691
I72
sS'dying'
p692
I73
sS'no'
p693
I35
sS'fosters'
p694
I73
sS'when'
p695
I34
sS'actor'
p696
I73
sS'reality'
p697
I73
sS'til'
p698
I72
sS'tim'
p699
I71
sS'meows'
p700
I73
sS'role'
p701
I73
sS'test'
p702
I73
sS'anansi'
p703
I73
sS'smell'
p704
I71
sS'scored'
p705
I73
sS'picture'
p706
I70
sS'intend'
p707
I73
sS'dies'
p708
I73
sS'felt'
p709
I72
sS'update'
p710
I73
sS"let's"
p711
I64
sS'fell'
p712
I73
sS'palma'
p713
I72
sS'variable'
p714
I73
sS'pierced'
p715
I73
sS'weekend'
p716
I72
sS'puss'
p717
I73
sS'cheated'
p718
I73
sS'glass'
p719
I72
sS'ryder'
p720
I73
sS'together'
p721
I71
sS'loyal'
p722
I72
sS'warm'
p723
I73
sS'time'
p724
I37
sS'serious'
p725
I72
sS'privilege'
p726
I73
sS'songs'
p727
I73
sS'neighbors'
p728
I73
sS':/'
p729
I65
sS':('
p730
I61
sS':)'
p731
I71
sS'ron'
p732
I73
sS'whoever'
p733
I73
sS'dance'
p734
I73
sS'focus'
p735
I72
sS'laura'
p736
I73
sS'there:),93550\n412402147154591744,obeyrenee82,2013-12-16'
p737
I73
sS'onshe'
p738
I73
sS'skin'
p739
I73
sS'damn\xe2\x80\x9d'
p740
I73
sS'shot'
p741
I73
sS'row'
p742
I73
sS'baller'
p743
I72
sS'zone'
p744
I73
sS'honoring'
p745
I73
sS"coach's"
p746
I73
sS'disgusting'
p747
I73
sS'finally'
p748
I70
sS'urks'
p749
I73
sS'cries*\xe2\x80\x9d'
p750
I73
sS'wifi.\xe2\x80\x9d'
p751
I73
sS'text'
p752
I62
sS"a's"
p753
I73
sS'division'
p754
I72
sS'stadium-quality'
p755
I73
sS':o'
p756
I71
sS':d'
p757
I73
sS'denied'
p758
I73
sS'lrt'
p759
I73
sS'join'
p760
I71
sS'blast'
p761
I73
sS'cool'
p762
I66
sS'1700'
p763
I73
sS'impressive'
p764
I73
sS'level'
p765
I70
sS'did'
p766
I60
sS'die'
p767
I73
sS'philippines'
p768
I73
sS'\xee\x84\x86'
p769
I73
sS'brother'
p770
I71
sS'leave'
p771
I70
sS'p'
p772
I72
sS'golfing\xe2\x80\x9dsound'
p773
I73
sS'team'
p774
I66
sS'yall'
p775
I73
sS'dis'
p776
I72
sS'shave'
p777
I73
sS'davidra'
p778
I73
sS'talked'
p779
I73
sS'says'
p780
I71
sS'regret'
p781
I70
sS'mayate*'
p782
I73
sS'dealing'
p783
I73
sS'3\xe2\x80\x9d'
p784
I73
sS'prediction'
p785
I72
sS'sign'
p786
I73
sS'wassup'
p787
I73
sS'roof'
p788
I73
sS'at-bat'
p789
I73
sS'\xee\x90\x94'
p790
I73
sS'ughsbxbshabs'
p791
I73
sS'irritated'
p792
I73
sS'peaceful.\xe2\x80\x9d'
p793
I73
sS'mt'
p794
I73
sS':/,93550\n497639876360015872,pablofresh_,2014-08-08'
p795
I73
sS'idnsjabshsjsjs\xe2\x80\x9d'
p796
I73
sS'axel'
p797
I72
sS'goes'
p798
I69
sS'hypocritical'
p799
I73
sS'guilt'
p800
I73
sS'falling'
p801
I73
sS'enthusiast'
p802
I73
sS'makeup'
p803
I70
sS'french'
p804
I73
sS'understanding'
p805
I73
sS'alone'
p806
I67
sS'along'
p807
I71
sS'$80'
p808
I73
sS'earthquake'
p809
I73
sS'change'
p810
I71
sS'wait'
p811
I55
sS'box'
p812
I73
sS'boy'
p813
I72
sS'flames'
p814
I73
sS'spoiled\xe2\x99\xa1,93550\n412359654744657922,obeyrenee82,2013-12-15'
p815
I73
sS'lakers'
p816
I72
sS'mentions\xe2\x80\x9d'
p817
I73
sS'kermit\xe2\x80\x9d'
p818
I73
sS'kemp'
p819
I73
sS'*buys'
p820
I73
sS'weird'
p821
I73
sS'77-75.\xe2\x80\x9d'
p822
I73
sS'lmfaoooo'
p823
I73
sS'love'
p824
I33
sS'extra'
p825
I73
sS'bruh\xe2\x80\x9d'
p826
I72
sS'sincerely'
p827
I73
sS'fake'
p828
I72
sS'overthink'
p829
I73
sS'everybody'
p830
I71
sS'franco'
p831
I72
sS'working'
p832
I70
sS'prove'
p833
I73
sS'aye'
p834
I71
sS'positive'
p835
I72
sS'>:)'
p836
I73
sS'won^_^'
p837
I73
sS'dude'
p838
I68
sS'tears'
p839
I73
sS'live'
p840
I71
sS'bases'
p841
I73
sS'ayy'
p842
I71
sS'iphone'
p843
I73
sS'wondering'
p844
I72
sS'memory'
p845
I73
sS'cuter'
p846
I72
sS'thru'
p847
I73
sS'angels'
p848
I72
sS'today'
p849
I61
sS'loving'
p850
I73
sS'phillies'
p851
I73
sS'chocolate'
p852
I73
sS'casey'
p853
I73
sS'drown'
p854
I73
sS'everywhere'
p855
I73
sS'fly'
p856
I70
sS'deserved'
p857
I73
sS'niggas'
p858
I69
sS'car'
p859
I73
sS'jude'
p860
I73
sS'cat'
p861
I71
sS'reviews'
p862
I73
sS'hardest'
p863
I73
sS'flannels'
p864
I73
sS'can'
p865
I39
sS'believed'
p866
I73
sS'making'
p867
I69
sS'septum'
p868
I72
sS'streak'
p869
I73
sS'heart'
p870
I70
sS'crazy'
p871
I64
sS':d\xe2\x80\x9d'
p872
I73
sS'fucc'
p873
I73
sS'figure'
p874
I73
sS'december'
p875
I73
sS'awesome'
p876
I73
sS"didn't"
p877
I61
sS'fuck'
p878
I50
sS'agent'
p879
I73
sS'heard*'
p880
I73
sS'chin'
p881
I73
sS'allowed'
p882
I73
sS'prize-winning'
p883
I73
sS'watching'
p884
I66
sS'sudden'
p885
I73
sS'gasol'
p886
I73
sS'1'
p887
I73
sS'till'
p888
I71
sS'optimal'
p889
I73
sS'(rick'
p890
I73
sS'nye'
p891
I72
sS'staying'
p892
I73
sS'southern'
p893
I72
sS'tbt'
p894
I73
sS'birthday'
p895
I63
sS'mad'
p896
I67
sS'mag'
p897
I73
sS'date'
p898
I73
sS'such'
p899
I68
sS'suck'
p900
I72
sS'guys'
p901
I57
sS'man'
p902
I61
sS'disheartening'
p903
I73
sS'remember'
p904
I71
sS'mayweather'
p905
I73
sS'question\xe2\x80\x9d'
p906
I71
sS'maybe'
p907
I65
sS'cuomo'
p908
I73
sS'corona'
p909
I73
sS'switch'
p910
I73
sS'so'
p911
I19
sS'toooooooo'
p912
I73
sS'tall'
p913
I72
sS'pulled'
p914
I73
sS'talk'
p915
I64
sS'typical'
p916
I73
sS'cute'
p917
I61
sS'approx'
p918
I73
sS'shoes'
p919
I72
sS'wishing'
p920
I72
sS'years'
p921
I69
sS'course'
p922
I71
sS'pitch'
p923
I73
sS'cold'
p924
I72
sS'still'
p925
I48
sS'felicia'
p926
I73
sS'thank'
p927
I70
sS"he's"
p928
I65
sS'thang'
p929
I73
sS'amazing'
p930
I72
sS'civil'
p931
I73
sS'librarians'
p932
I73
sS'perla'
p933
I73
sS'happened'
p934
I69
sS'lonely'
p935
I73
sS'vibrater!!!!\xe2\x80\x9d'
p936
I73
sS'moms'
p937
I72
sS'conversations'
p938
I73
sS'tho;)'
p939
I73
sS'feelin'
p940
I73
sS'toxic'
p941
I73
sS'half'
p942
I72
sS'not'
p943
I30
sS'23:12:57.0,34.564107,-118.0948567,9105.05,no'
p944
I73
sS'now'
p945
I46
sS'hall'
p946
I73
sS'cries*'
p947
I73
sS'argentina'
p948
I73
sS'name'
p949
I68
sS'james'
p950
I73
sS'drop'
p951
I71
sS'bowling'
p952
I72
sS'ecu'
p953
I73
sS'quarter'
p954
I72
sS'oreoshake'
p955
I73
sS'em'
p956
I72
sS'differential'
p957
I73
sS'eh'
p958
I72
sS'8head'
p959
I73
sS'yeah'
p960
I66
sS'replay'
p961
I73
sS'year'
p962
I69
sS'ft'
p963
I73
sS'girl'
p964
I53
sS'teams'
p965
I71
sS'pills'
p966
I73
sS'album'
p967
I73
sS'jackson'
p968
I73
sS'opened'
p969
I73
sS'3rd'
p970
I73
sS'yayaya'
p971
I73
sS'me?\xe2\x80\x9d'
p972
I73
sS'thirst'
p973
I73
sS'looking'
p974
I71
sS'bday'
p975
I73
sS'seriously'
p976
I71
sS'priest'
p977
I73
sS"shouldn't"
p978
I73
sS'hacked'
p979
I73
sS'internet'
p980
I73
sS'nudes'
p981
I73
sS'modelos'
p982
I73
sS'shows'
p983
I73
sS'earlier'
p984
I73
sS'monster'
p985
I73
sS'far^_^<3'
p986
I73
sS'cars'
p987
I72
sS'lms'
p988
I73
sS'boobs'
p989
I73
sS'california'
p990
I73
sS'mimi'
p991
I73
sS'pabs'
p992
I73
sS'card'
p993
I73
sS'care'
p994
I69
sS'underwear'
p995
I73
sS'language'
p996
I73
sS'yup'
p997
I73
sS'tries'
p998
I72
sS'honest'
p999
I73
sS'turn'
p1000
I70
sS'lindsey'
p1001
I73
sS'tangled'
p1002
I73
sS'swing'
p1003
I73
sS'mhmmmmmm'
p1004
I73
sS'view'
p1005
I73
sS'think'
p1006
I42
sS'first'
p1007
I64
sS'blind'
p1008
I72
sS'melissers'
p1009
I73
sS'zac'
p1010
I73
sS'xd'
p1011
I70
sS'yourself'
p1012
I72
sS'fast'
p1013
I73
sS'sounds'
p1014
I72
sS'open'
p1015
I73
sS'tomorrow'
p1016
I63
sS'size'
p1017
I73
sS'city'
p1018
I71
sS'little'
p1019
I70
sS'stuck'
p1020
I73
sS'anyone'
p1021
I67
sS'psychotic'
p1022
I73
sS'2'
p1023
I67
sS'legally'
p1024
I73
sS'friend'
p1025
I66
sS'gives'
p1026
I73
sS'eyes'
p1027
I73
sS'hug'
p1028
I73
sS"nayeli's"
p1029
I73
sS'that'
p1030
I11
sS'season'
p1031
I68
sS'hun'
p1032
I72
sS'huh'
p1033
I73
sS'wardrobe.,93550\n488743391111294976,jamesskeen1,2014-07-14'
p1034
I73
sS'short'
p1035
I73
sS'eyed'
p1036
I73
sS'butt'
p1037
I69
sS'than'
p1038
I64
sS'boyfriend'
p1039
I72
sS'count\xe2\x80\x9d'
p1040
I73
sS'10'
p1041
I71
sS'ratchets'
p1042
I73
sS'12'
p1043
I72
sS'15'
p1044
I73
sS'lmao'
p1045
I35
sS'$12'
p1046
I73
sS'gotta'
p1047
I70
sS'recruit'
p1048
I73
sS'janssen'
p1049
I73
sS'r'
p1050
I69
sS'were'
p1051
I63
sS'cards'
p1052
I73
sS'asleep'
p1053
I72
sS'happy'
p1054
I51
sS'fruity'
p1055
I73
sS'monday.\xe2\x80\x9d'
p1056
I73
sS'and'
p1057
I12
sS'angel'
p1058
I72
sS'<\\3'
p1059
I71
sS'righttttttttt'
p1060
I73
sS'turned'
p1061
I72
sS'argument'
p1062
I73
sS'(+96)'
p1063
I73
sS'sad'
p1064
I72
sS'13th'
p1065
I73
sS'say'
p1066
I52
sS'slam'
p1067
I73
sS'saw'
p1068
I71
sS'any'
p1069
I66
sS'henceforth'
p1070
I73
sS'sat'
p1071
I73
sS'15:58:29.0,34.56223836,-118.11362794,9105.05,happy'
p1072
I73
sS'wcw'
p1073
I73
sS'sending'
p1074
I73
sS'school,93550\n450489925838725120,beckyluvzpandas,2014-03-31'
p1075
I73
sS'shocked'
p1076
I72
sS'zoo'
p1077
I73
sS'note'
p1078
I73
sS'jefferson'
p1079
I73
sS'take'
p1080
I65
sS'wanting'
p1081
I73
sS'1st'
p1082
I73
sS'lawwwd'
p1083
I73
sS'channel'
p1084
I71
sS'handing'
p1085
I73
sS'sure'
p1086
I65
sS'multiple'
p1087
I73
sS'normal'
p1088
I71
sS'price'
p1089
I72
sS'knew'
p1090
I71
sS'paid'
p1091
I71
sS'rematch'
p1092
I73
sS'list.,93550\n481923757737377792,jamesskeen1,2014-06-25'
p1093
I73
sS'freshman'
p1094
I73
sS'tracy'
p1095
I73
sS'america'
p1096
I73
sS'forever'
p1097
I71
sS'luv'
p1098
I73
sS'lawd'
p1099
I73
sS'later'
p1100
I72
sS'sale'
p1101
I72
sS'senior'
p1102
I73
sS'up\xe2\x80\x9d'
p1103
I73
sS'review'
p1104
I72
sS'walking'
p1105
I71
sS'playoffs'
p1106
I71
sS'show'
p1107
I67
sS'babycakes'
p1108
I73
sS'cheap'
p1109
I73
sS'peaches'
p1110
I73
sS'bright'
p1111
I73
sS'welp'
p1112
I73
sS'hack'
p1113
I73
sS'corner'
p1114
I72
sS'aint'
p1115
I71
sS'slow'
p1116
I73
sS'\xe2\x9c\x88'
p1117
I73
sS'\xe2\x9c\x8b'
p1118
I71
sS'knicks'
p1119
I73
sS'daily'
p1120
I73
sS'dick'
p1121
I72
sS'3'
p1122
I66
sS'only'
p1123
I61
sS'going'
p1124
I43
sS'black'
p1125
I71
sS'posted'
p1126
I73
sS'ger'
p1127
I73
sS'correctly'
p1128
I73
sS'get'
p1129
I33
sS'(17)'
p1130
I73
sS'"clutch."'
p1131
I73
sS'outlet'
p1132
I73
sS'cryin'
p1133
I73
sS'wheelin'
p1134
I73
sS'yogabiking'
p1135
I73
sS'awwwww'
p1136
I73
sS'morning'
p1137
I70
sS'naked'
p1138
I73
sS":')"
p1139
I73
sS'stupid'
p1140
I68
sS'where'
p1141
I66
sS"y'all"
p1142
I67
sS'ignored'
p1143
I73
sS'0-for-6'
p1144
I73
sS'2-for-14'
p1145
I73
sS'cochina\xe2\x80\x9d'
p1146
I73
sS'cologne'
p1147
I73
sS'college'
p1148
I73
sS'kermit'
p1149
I73
sS'hoes'
p1150
I69
sS'erica'
p1151
I73
sS'wonder'
p1152
I72
sS'*looks'
p1153
I73
sS'ways'
p1154
I73
sS'orrrr'
p1155
I72
sS'teacup'
p1156
I73
sS'behind'
p1157
I70
sS'02:01:48.0,34.564111,-118.0947997,9105.05,i'
p1158
I73
sS'between'
p1159
I73
sS'it'
p1160
I13
sS'reading'
p1161
I70
sS'checks'
p1162
I73
sS'jumper'
p1163
I73
sS'affordable'
p1164
I73
sS'notice'
p1165
I73
sS'august'
p1166
I73
sS'parent'
p1167
I73
sS'messed'
p1168
I73
sS'screen'
p1169
I73
sS'nerdy'
p1170
I73
sS'points'
p1171
I73
sS'timmy'
p1172
I72
sS'killing'
p1173
I71
sS'23:05:24.0,34.56221832,-118.11369793,9105.05,av'
p1174
I73
sS'jk'
p1175
I70
sS'singers'
p1176
I73
sS'comb'
p1177
I73
sS'come'
p1178
I62
sS'motivation'
p1179
I73
sS'dates'
p1180
I73
sS'brody'
p1181
I73
sS'manu'
p1182
I73
sS'many'
p1183
I70
sS'trader'
p1184
I73
sS'bldgs'
p1185
I73
sS'restroom'
p1186
I73
sS'lol,93550\n507925586400911360,jamesskeen1,2014-09-05'
p1187
I73
sS"can't"
p1188
I50
sS'among'
p1189
I73
sS'4-0'
p1190
I73
sS'wheatons'
p1191
I73
sS'04:53:22.0,34.56499054,-118.09662539,9105.05,school,93550\n450495685348315136,beckyluvzpandas,2014-03-31'
p1192
I73
sS'color'
p1193
I73
sS'continuation'
p1194
I73
sS'por'
p1195
I73
sS'period'
p1196
I71
sS'pop'
p1197
I73
sS'coma'
p1198
I73
sS'hahaha.i'
p1199
I73
sS'crew'
p1200
I73
sS'save'
p1201
I73
sS'cares'
p1202
I73
sS'west'
p1203
I70
sS'21-0....lick'
p1204
I73
sS'breath'
p1205
I73
sS'combined'
p1206
I73
sS'wants'
p1207
I68
sS'"lisa'
p1208
I73
sS'offered'
p1209
I73
sS'blessing'
p1210
I73
sS'wake'
p1211
I72
sS'evidence'
p1212
I73
sS'realities'
p1213
I73
sS'those'
p1214
I73
sS'sound'
p1215
I71
sS'4-1'
p1216
I72
sS'myself'
p1217
I68
sS'50k'
p1218
I73
sS'turtles'
p1219
I73
sS'these'
p1220
I60
sS'trick'
p1221
I73
sS'pacers'
p1222
I73
sS'see;)'
p1223
I73
sS'jefferies'
p1224
I73
sS'cancelled'
p1225
I73
sS'situation'
p1226
I73
sS'cock'
p1227
I73
sS'taking'
p1228
I71
sS'ive'
p1229
I73
sS'ivc'
p1230
I73
sS'purse'
p1231
I73
sS'hater'
p1232
I73
sS'bros'
p1233
I73
sS'someone'
p1234
I62
sS'dangerously'
p1235
I73
sS'spooked'
p1236
I73
sS'thrills'
p1237
I73
sS'worry'
p1238
I73
sS'different'
p1239
I70
sS'rooting'
p1240
I73
sS'pay'
p1241
I72
sS'smfh\xe2\x80\x9d'
p1242
I73
sS'same'
p1243
I61
sS'mole'
p1244
I73
sS'food'
p1245
I63
sS'followers'
p1246
I71
sS'manila'
p1247
I73
sS'yessir'
p1248
I73
sS'isla'
p1249
I73
sS'dick\xe2\x80\x9d'
p1250
I73
sS'me^_^'
p1251
I71
sS'04:29:02.0,34.56520066,-118.09700755,9105.05,the'
p1252
I73
sS'week'
p1253
I68
sS'finish'
p1254
I72
sS'screenshot'
p1255
I73
sS'weel'
p1256
I73
sS'weed'
p1257
I72
sS'running'
p1258
I72
sS'fruit'
p1259
I73
sS'favorites'
p1260
I72
sS'weave'
p1261
I73
sS'\xe2\x9c\x8c\xef\xb8\x8f'
p1262
I73
sS'clingy'
p1263
I73
sS'floor'
p1264
I73
sS'roommate'
p1265
I73
sS'"how'
p1266
I73
sS'severe'
p1267
I73
sS'without'
p1268
I70
sS'comes'
p1269
I68
sS'bottle'
p1270
I73
sS'very'
p1271
I69
sS'nah'
p1272
I73
sS'summer'
p1273
I69
sS'agree.....oh'
p1274
I73
sS'they'
p1275
I48
sS',93550\n251352152583331842,cashismy1stname,2012-09-27'
p1276
I73
sS'being'
p1277
I60
sS'money'
p1278
I68
sS'shouts'
p1279
I73
sS'kill'
p1280
I70
sS'haaaaaaaa'
p1281
I73
sS'"hi"'
p1282
I73
sS'speed'
p1283
I73
sS'underling'
p1284
I73
sS'death'
p1285
I73
sS'thinking'
p1286
I69
sS"everyone's"
p1287
I72
sS'seems'
p1288
I73
sS'except'
p1289
I72
sS'all-around'
p1290
I73
sS'lets'
p1291
I73
sS'4'
p1292
I73
sS"bangin'"
p1293
I73
sS'either"'
p1294
I73
sS'ca'
p1295
I73
sS'5-year-old'
p1296
I73
sS'real'
p1297
I49
sS'fucked'
p1298
I73
sS'around'
p1299
I71
sS'kills'
p1300
I73
sS'rules'
p1301
I72
sS'jeans'
p1302
I73
sS'sandman'
p1303
I73
sS'gonna'
p1304
I60
sS'dark'
p1305
I72
sS'traffic'
p1306
I73
sS'mom'
p1307
I65
sS'world'
p1308
I67
sS'\xe2\x99\xa1\xe2\x99\xa5\xe2\x99\xa1\xe2\x99\xa5\xe2\x99\xa1\xe2\x99\xa5\xe2\x99\xa1'
p1309
I73
sS'dare'
p1310
I73
sS'adams'
p1311
I73
sS'dick"'
p1312
I73
sS'everytime'
p1313
I73
sS'*goes'
p1314
I72
sS'wby'
p1315
I73
sS'fairgrounds'
p1316
I73
sS'laughing'
p1317
I73
sS'always'
p1318
I53
sS'frogger'
p1319
I73
sS'depend'
p1320
I73
sS'me<33'
p1321
I73
sS"couldn't"
p1322
I73
sS'period\xe2\x80\x9d'
p1323
I73
sS'eddie'
p1324
I73
sS'respect'
p1325
I73
sS'thinks'
p1326
I73
sS'gross'
p1327
I72
sS'outs'
p1328
I70
sS'$2.99'
p1329
I73
sS'yike'
p1330
I73
sS'homie/,93550\n247825544274640896,cashismy1stname,2012-09-17'
p1331
I73
sS'kms'
p1332
I70
sS'23rd'
p1333
I73
sS'stopped'
p1334
I73
sS'hustle'
p1335
I73
sS'biased'
p1336
I72
sS'welcome'
p1337
I70
sS'transformers'
p1338
I72
sS'business'
p1339
I73
sS'asap'
p1340
I72
sS'lmfao'
p1341
I70
sS'nails'
p1342
I73
sS'broken'
p1343
I72
sS'^_^'
p1344
I72
sS'throwback'
p1345
I73
sS';)'
p1346
I72
sS'exciting'
p1347
I73
sS'palmdale'
p1348
I70
sS'on'
p1349
I18
sS'ol'
p1350
I73
sS'ok'
p1351
I44
sS'ace'
p1352
I73
sS'oh'
p1353
I51
sS'of'
p1354
I15
sS'favorite'
p1355
I71
sS'baserunners'
p1356
I73
sS'dark*'
p1357
I73
sS'stand'
p1358
I72
sS'oy'
p1359
I73
sS'act'
p1360
I72
sS'ow'
p1361
I73
sS'luck'
p1362
I73
sS'or'
p1363
I49
sS'wildin'
p1364
I73
sS'ladies'
p1365
I73
sS'blessed'
p1366
I73
sS'cursed'
p1367
I73
sS'heated'
p1368
I71
sS'fantasy'
p1369
I73
sS'your'
p1370
I32
sS'dawned'
p1371
I73
sS'buds'
p1372
I73
sS'preach'
p1373
I73
sS'neymar'
p1374
I73
sS"how's"
p1375
I73
sS'her'
p1376
I45
sS'area'
p1377
I73
sS'there'
p1378
I56
sS'vh1'
p1379
I73
sS'hey'
p1380
I71
sS'lol'
p1381
I24
sS'start'
p1382
I69
sS'drank'
p1383
I73
sS'racist'
p1384
I72
sS'lot'
p1385
I67
sS'lou'
p1386
I73
sS'strict'
p1387
I73
sS'gods"'
p1388
I73
sS'tight'
p1389
I73
sS'complete'
p1390
I73
sS'enough'
p1391
I72
sS'lmaooo'
p1392
I71
sS'fortherestofmylife'
p1393
I73
sS'hilarious\xe2\x99\xa5'
p1394
I73
sS'podcast'
p1395
I72
sS'with'
p1396
I26
sS'football'
p1397
I73
sS'pull'
p1398
I70
sS'october'
p1399
I73
sS"wasn't"
p1400
I72
sS'bucket'
p1401
I73
sS'abuser'
p1402
I73
sS'clear'
p1403
I73
sS'swaggy'
p1404
I73
sS'gone'
p1405
I71
sS'ac'
p1406
I73
sS'deez'
p1407
I73
sS'af'
p1408
I66
sS'ah'
p1409
I72
sS'felix'
p1410
I73
sS'am'
p1411
I64
sS'al'
p1412
I70
sS'an'
p1413
I37
sS'ap'
p1414
I73
sS'as'
p1415
I54
sS'at'
p1416
I34
sS'aw'
p1417
I72
sS'av'
p1418
I72
sS'girlfriend'
p1419
I73
sS'cream'
p1420
I73
sS'again'
p1421
I62
sS'idiot'
p1422
I71
sS'deserve'
p1423
I73
sS'saturday'
p1424
I73
sS'field'
p1425
I73
sS'topanga'
p1426
I73
sS'5'
p1427
I71
sS'you'
p1428
I5
sS'cp3'
p1429
I73
sS'poor'
p1430
I73
sS'schools\xe2\x80\x9d'
p1431
I73
sS'trip'
p1432
I73
sS'obsessed'
p1433
I73
sS'finale'
p1434
I72
sS'you?\xe2\x80\x9d'
p1435
I73
sS'whining'
p1436
I73
sS'chris'
p1437
I70
sS'finals'
p1438
I71
sS'building'
p1439
I73
sS'*\xe2\x80\x9d'
p1440
I73
sS'calls'
p1441
I72
sS'wife'
p1442
I71
sS'caribou'
p1443
I73
sS'tanner'
p1444
I73
sS'vines'
p1445
I73
sS'passed'
p1446
I73
sS'u'
p1447
I35
sS'alright'
p1448
I72
sS'dvr'
p1449
I73
sS'starting'
p1450
I72
sS'original'
p1451
I73
sS'cruisin'
p1452
I73
sS'all'
p1453
I28
sS'forget'
p1454
I70
sS'chinese'
p1455
I72
sS'suns'
p1456
I73
sS'lack'
p1457
I73
sS'af\xe2\x80\x9d'
p1458
I73
sS'month'
p1459
I73
sS"16:46:34.0,34.56218835,-118.11360564,9105.05,friday's"
p1460
I73
sS'thoughtful'
p1461
I73
sS'messy'
p1462
I72
sS'follow'
p1463
I69
sS'expressions'
p1464
I73
sS'16:54:37.0,34.5647278,-118.09886252,9105.05,,93550\n496995054745944067,ant1379,2014-08-06'
p1465
I73
sS'children'
p1466
I73
sS'causes'
p1467
I73
sS'hmmm'
p1468
I73
sS'jessie'
p1469
I73
sS"06:00:26.0,34.5641227,-118.0948579,9105.05,that's"
p1470
I73
sS"anymore:'("
p1471
I73
sS'imma'
p1472
I69
sS'bedddddd'
p1473
I73
sS'thursday'
p1474
I72
sS'to'
p1475
I4
sS'17:54:39.0,34.56222607,-118.11358465,9105.05,ftr'
p1476
I73
sS'tf'
p1477
I59
sS'anchor/host'
p1478
I73
sS'runnin'
p1479
I73
sS'woman'
p1480
I72
sS'worse'
p1481
I72
sS'song'
p1482
I72
sS'far'
p1483
I68
sS'fav'
p1484
I69
sS'4-2'
p1485
I73
sS'fat'
p1486
I70
sS'selfies'
p1487
I72
sS'joy-of-the-world-around-them'
p1488
I73
sS'aware'
p1489
I73
sS'fan'
p1490
I72
sS'fall'
p1491
I71
sS'awful'
p1492
I73
sS'ticket'
p1493
I73
sS'difference'
p1494
I72
sS'fag'
p1495
I73
sS'strand'
p1496
I73
sS'trippin'
p1497
I73
sS'heaven'
p1498
I73
sS'washing'
p1499
I73
sS'--'
p1500
I73
sS'clinched'
p1501
I73
sS'list'
p1502
I70
sS'windy'
p1503
I73
sS'grandfather'
p1504
I73
sS'dodger'
p1505
I72
sS'height"and'
p1506
I73
sS"i'll"
p1507
I59
sS'streets'
p1508
I71
sS'whens'
p1509
I73
sS'past'
p1510
I72
sS'burger'
p1511
I73
sS'rate'
p1512
I72
sS'nba'
p1513
I71
sS'pretentious'
p1514
I73
sS'haha,93550\n497639047108378624,pablofresh_,2014-08-08'
p1515
I73
sS'what'
p1516
I35
sS'darkness'
p1517
I73
sS'clock'
p1518
I73
sS'sun'
p1519
I72
sS'time.\xe2\x80\x9d'
p1520
I73
sS'dirt'
p1521
I73
sS'anniversary'
p1522
I73
sS'it,93550\n483707050275254272,jamesskeen1,2014-06-30'
p1523
I73
sS'garth'
p1524
I73
sS'tribute'
p1525
I73
sS'full'
p1526
I71
sS'christian'
p1527
I73
sS"c'mon"
p1528
I72
sS'call!"'
p1529
I73
sS'answers'
p1530
I73
sS'hours'
p1531
I72
sS'20:22:02.0,34.56253394,-118.11426203,9105.05,so'
p1532
I73
sS'berkeley'
p1533
I73
sS'bread\xe2\x80\x9d'
p1534
I73
sS'strong'
p1535
I69
sS'tragedy'
p1536
I73
sS"septum's"
p1537
I73
sS'search'
p1538
I73
sS',93550\n516988982622949376,brightsensation,2014-09-30'
p1539
I73
sS'loml'
p1540
I73
sS'experience'
p1541
I73
sS'pics'
p1542
I73
sS'rory'
p1543
I73
sS'pick'
p1544
I73
sS'mentions'
p1545
I73
sS'soul\xe2\x80\x9d'
p1546
I73
sS'disneyland'
p1547
I72
sS'followed'
p1548
I73
sS'family'
p1549
I70
sS'opinion)'
p1550
I73
sS'ask'
p1551
I72
sS'co-mvps'
p1552
I73
sS'worry-free'
p1553
I73
sS'gose'
p1554
I73
sS'vertebrae'
p1555
I73
sS'emoji'
p1556
I72
sS'munchies'
p1557
I73
sS'takes'
p1558
I71
sS'giiiirl'
p1559
I73
sS'two'
p1560
I67
sS'6'
p1561
I73
sS'shits'
p1562
I73
sS'more'
p1563
I60
sS'cannibalism'
p1564
I73
sS'tryna'
p1565
I71
sS'door'
p1566
I73
sS'knows'
p1567
I73
sS'pads'
p1568
I73
sS'grabbing'
p1569
I73
sS'23:38:04.0,34.56225126,-118.11363498,9105.05,you'
p1570
I73
sS'leonard'
p1571
I72
sS'excuse'
p1572
I72
sS"ain't"
p1573
I66
sS'that\xe2\x80\x9d'
p1574
I71
sS'hurry'
p1575
I72
sS'glad'
p1576
I73
sS'town'
p1577
I73
sS'none'
p1578
I73
sS'include'
p1579
I73
sS'haaaaaate'
p1580
I73
sS'gaurds'
p1581
I73
sS'science'
p1582
I73
sS"adrian's"
p1583
I73
sS'sucks'
p1584
I70
sS'huh?\xe2\x80\x9d'
p1585
I73
sS'4:00'
p1586
I73
sS'unwritten'
p1587
I73
sS'learn'
p1588
I70
sS'pokemon'
p1589
I73
sS'beautiful'
p1590
I73
sS'neverwhere'
p1591
I73
sS'brown'
p1592
I71
sS'lives'
p1593
I73
sS'40mph'
p1594
I73
sS'dui'
p1595
I73
sS"jose's"
p1596
I73
sS'stater'
p1597
I73
sS'stupidly'
p1598
I73
sS'numbers'
p1599
I73
sS'sense'
p1600
I73
sS'condemn'
p1601
I73
sS'huge'
p1602
I72
sS'needs'
p1603
I72
sS'goal'
p1604
I73
sS'awkward'
p1605
I73
sS'khakis'
p1606
I73
sS'acts'
p1607
I72
sS'everyday'
p1608
I73
sS'unlucky'
p1609
I73
sS'ish'
p1610
I73
sS'perry'
p1611
I73
sS'lawrie'
p1612
I73
sS'lips\xe2\x80\x9d'
p1613
I73
sS'fr'
p1614
I72
sS'okay'
p1615
I68
sS'plans'
p1616
I73
sS'rude'
p1617
I73
sS'advice'
p1618
I70
sS'efron'
p1619
I73
sS'reflect'
p1620
I73
sS'fb'
p1621
I72
sS'plane'
p1622
I73
sS'blood'
p1623
I73
sS'coming'
p1624
I71
sS'response'
p1625
I73
sS'a'
p1626
I6
sS'yet\xe2\x80\x9d'
p1627
I73
sS'-___-'
p1628
I72
sS'loud'
p1629
I73
sS'shady'
p1630
I73
sS'author'
p1631
I73
sS'eats'
p1632
I73
sS'anytime'
p1633
I73
sS'\xe2\x9b\xaa\xe2\x9b\xaamusic'
p1634
I73
sS'*logs'
p1635
I72
sS'media'
p1636
I73
sS'dream'
p1637
I73
sS'playing'
p1638
I72
sS"that's"
p1639
I43
sS'lame-on'
p1640
I73
sS'mexican'
p1641
I73
sS'help'
p1642
I68
sS"don't"
p1643
I22
sS'sooo'
p1644
I70
sS'soon'
p1645
I68
sS'ita'
p1646
I73
sS'bcuz'
p1647
I73
sS'attitude'
p1648
I72
sS'scientist'
p1649
I73
sS'through'
p1650
I70
sS'replies'
p1651
I73
sS'hell'
p1652
I70
sS'smiling'
p1653
I73
sS'its'
p1654
I64
sS'24'
p1655
I71
sS"14:22:25.0,34.56490246,-118.09679749,9105.05,you're"
p1656
I73
sS'style'
p1657
I73
sS'20'
p1658
I71
sS'21'
p1659
I71
sS'pray'
p1660
I73
sS'16:19:20.0,34.56221924,-118.11363121,9105.05,life'
p1661
I73
sS'14*\xe2\x80\x9d'
p1662
I73
sS'actually'
p1663
I72
sS'late'
p1664
I70
sS'isaac'
p1665
I73
sS'bout'
p1666
I73
sS'soccer'
p1667
I73
sS'might'
p1668
I68
sS"haven't"
p1669
I70
sS"'r'ight"
p1670
I73
sS'good'
p1671
I41
sS'somebody'
p1672
I71
sS'yo'
p1673
I73
sS'ya'
p1674
I61
sS'21:43:41.0,34.56492743,-118.09683152,9105.05,man'
p1675
I73
sS'okc'
p1676
I73
sS'starbucks'
p1677
I73
sS'okk'
p1678
I73
sS'yr'
p1679
I71
sS'sucked'
p1680
I71
sS'*likes'
p1681
I73
sS'stated'
p1682
I73
sS'nht'
p1683
I73
sS'occasions'
p1684
I73
sS'again\xe2\x80\x9d'
p1685
I72
sS'swimsuit'
p1686
I73
sS'tear'
p1687
I73
sS'token'
p1688
I73
sS'soya'
p1689
I73
sS'found'
p1690
I73
sS"isn't"
p1691
I70
sS'heavy'
p1692
I73
sS'weighs'
p1693
I73
sS'much\xee\x90\x96'
p1694
I73
sS'everyone'
p1695
I68
sS'neil'
p1696
I73
sS'restless'
p1697
I73
sS'weight'
p1698
I73
sS'house'
p1699
I70
sS'hard'
p1700
I71
sS'toooooo'
p1701
I73
sS'police'
p1702
I71
sS'expect'
p1703
I72
sS'thing'
p1704
I69
sS'ndnsjsbdjhsjsjxjs'
p1705
I73
sS'really'
p1706
I48
sS'lmao^_^'
p1707
I73
sS'series."'
p1708
I73
sS'missed'
p1709
I72
sS'since'
p1710
I70
sS'misses'
p1711
I73
sS'7'
p1712
I72
sS'issue'
p1713
I72
sS'joes'
p1714
I73
sS'ass'
p1715
I60
sS'hooooowwwwwwwww'
p1716
I73
sS'bully'
p1717
I73
sS'lawrence'
p1718
I73
sS'friday'
p1719
I72
sS'horse'
p1720
I73
sS'bulls'
p1721
I73
sS'reason'
p1722
I69
sS'base'
p1723
I73
sS'cookie'
p1724
I73
sS'asf'
p1725
I70
sS'put'
p1726
I70
sS'matthews'
p1727
I73
sS'earliest'
p1728
I73
sS'early^_^'
p1729
I73
sS'"she'
p1730
I73
sS'girly'
p1731
I73
sS'terrible'
p1732
I73
sS'mogooooos'
p1733
I73
sS'caption'
p1734
I73
sS'american'
p1735
I73
sS'w'
p1736
I68
sS'daisy'
p1737
I73
sS"it'll"
p1738
I73
sS'dont'
p1739
I68
sS'feel'
p1740
I57
sS'number'
p1741
I70
sS'valentine'
p1742
I73
sS'phs'
p1743
I73
sS'done'
p1744
I70
sS'miss'
p1745
I63
sS'whale'
p1746
I73
sS'"bitch"'
p1747
I73
sS'guess'
p1748
I65
sS'"'
p1749
I71
sS'leading'
p1750
I73
sS'least'
p1751
I67
sS'eddy'
p1752
I73
sS'hotd'
p1753
I73
sS'saint'
p1754
I72
sS'hundred'
p1755
I73
sS'selling'
p1756
I73
sS'statement'
p1757
I73
sS'relationship'
p1758
I69
sS'you\xe2\x80\x9d'
p1759
I72
sS'part'
p1760
I73
sS'$7'
p1761
I73
sS'believe'
p1762
I72
sS'convinced'
p1763
I73
sS'beat\xe2\x80\x9d'
p1764
I73
sS'king'
p1765
I72
sS'kind'
p1766
I70
sS'b'
p1767
I71
sS'condolences'
p1768
I73
sS'gotten'
p1769
I72
sS'dtf'
p1770
I73
sS'contrary'
p1771
I73
sS'dang'
p1772
I72
sS'kindle'
p1773
I72
sS':((('
p1774
I72
sS'outta'
p1775
I73
sS'yoself'
p1776
I73
sS'lmaooooo'
p1777
I72
sS'alike'
p1778
I73
sS'sell'
p1779
I73
sS'lie'
p1780
I71
sS'entirely.\xe2\x80\x9d'
p1781
I73
sS'drunk'
p1782
I73
sS'lil'
p1783
I71
sS'cave'
p1784
I73
sS'henne'
p1785
I73
sS'lit'
p1786
I73
sS'also'
p1787
I73
sS'costs'
p1788
I73
sS'lip'
p1789
I73
sS'useless'
p1790
I73
sS'commentary'
p1791
I73
sS'cheater'
p1792
I73
sS'play'
p1793
I66
sS'towards'
p1794
I71
sS'quote'
p1795
I70
sS'eater'
p1796
I73
sS'5mins'
p1797
I73
sS'most'
p1798
I68
sS'tbt\xe2\x80\x9d'
p1799
I73
sS'you....<<<<<<<experiencing'
p1800
I73
sS'nothing'
p1801
I71
sS'going.\xe2\x80\x9d'
p1802
I73
sS'"done"'
p1803
I73
sS'chicago'
p1804
I73
sS'cover'
p1805
I73
sS'futbol'
p1806
I73
sS"they'll"
p1807
I73
sS'lying'
p1808
I73
sS'ugh'
p1809
I50
sS'cowgirl'
p1810
I73
sS'celebrities'
p1811
I73
sS'broadcast.,93550\n491250602823778304,jamesskeen1,2014-07-21'
p1812
I73
sS'lmfaooooooo'
p1813
I73
sS'stfu'
p1814
I73
sS'fine'
p1815
I70
sS'find'
p1816
I72
sS'best.,93550\n507653529486376960,jamesskeen1,2014-09-04'
p1817
I73
sS'wilner'
p1818
I72
sS'kinkiness'
p1819
I73
sS'duncan'
p1820
I71
sS'justice'
p1821
I73
sS'unhappy'
p1822
I73
sS'wifed'
p1823
I73
sS'idiots'
p1824
I73
sS'central'
p1825
I73
sS'pretty'
p1826
I66
sS'8'
p1827
I73
sS'accurate'
p1828
I73
sS'discuss'
p1829
I73
sS'hip'
p1830
I73
sS'toronto'
p1831
I73
sS'his'
p1832
I65
sS'hit'
p1833
I71
sS'therefore'
p1834
I73
sS'meanwhile'
p1835
I73
sS'cholera'
p1836
I73
sS'tittin'
p1837
I73
sS'express'
p1838
I73
sS'resent'
p1839
I73
sS'feels'
p1840
I72
sS'reply'
p1841
I73
sS'during'
p1842
I73
sS'him'
p1843
I64
sS'anyways\xe2\x80\x9d'
p1844
I73
sS'cries'
p1845
I73
sS'cry'
p1846
I59
sS'garcia'
p1847
I73
sS'common'
p1848
I73
sS'double'
p1849
I72
sS'x'
p1850
I73
sS'gospel'
p1851
I73
sS"clippers'"
p1852
I73
sS'ooooooooooh'
p1853
I73
sS'wrote'
p1854
I72
sS'restaurants'
p1855
I73
sS'insane'
p1856
I73
sS'set'
p1857
I72
sS'art'
p1858
I72
sS'gawd'
p1859
I73
sS'favs.,93550\n489444178649051136,jamesskeen1,2014-07-16'
p1860
I73
sS'vine'
p1861
I71
sS'sex'
p1862
I73
sS'see'
p1863
I52
sS'defense'
p1864
I73
sS'dumb'
p1865
I68
sS'are'
p1866
I27
sS'good.,93550\n489451034561871872,jamesskeen1,2014-07-16'
p1867
I73
sS'close'
p1868
I72
sS'retweet'
p1869
I72
sS'guys\xe2\x80\x9d'
p1870
I73
sS'knees'
p1871
I73
sS'cosplay'
p1872
I73
sS'tamales'
p1873
I72
sS'pictures'
p1874
I67
sS'wow'
p1875
I52
sS'please'
p1876
I70
sS'won'
p1877
I70
sS'probably'
p1878
I69
sS'nope'
p1879
I70
sS'compliment'
p1880
I73
sS'available'
p1881
I73
sS'missing'
p1882
I73
sS'sold'
p1883
I73
sS'attention'
p1884
I73
sS'genre'
p1885
I73
sS'speakin'
p1886
I73
sS'16:53:36.0,34.56225436,-118.1136007,9105.05,highly'
p1887
I73
sS'both'
p1888
I71
sS'c'
p1889
I72
sS'last'
p1890
I60
sS'memorized'
p1891
I73
sS'fitted'
p1892
I73
sS"wouldn't"
p1893
I71
sS'barely'
p1894
I73
sS'onion'
p1895
I73
sS'pickup,93550\n486916087326322688,jamesskeen1,2014-07-09'
p1896
I73
sS'smh\xe2\x80\x9d'
p1897
I73
sS'alot'
p1898
I73
sS'oovoo'
p1899
I73
sS'focused'
p1900
I73
sS'whole'
p1901
I72
sS'patty'
p1902
I72
sS'cakes'
p1903
I73
sS'\xe2\x98\xba'
p1904
I72
sS'point'
p1905
I70
sS'battery'
p1906
I73
sS'sweet'
p1907
I73
sS'donkey'
p1908
I72
sS'whatever'
p1909
I65
sS'18:22:31.0,34.56222662,-118.11360086,9105.05,we'
p1910
I73
sS'header'
p1911
I72
sS')-'
p1912
I73
sS'tonta'
p1913
I73
sS'blamed'
p1914
I73
sS'bench'
p1915
I73
sS'duh'
p1916
I73
sS'jaylene'
p1917
I73
sS'devil'
p1918
I73
sS'just-bought'
p1919
I73
sS"avp's"
p1920
I73
sS'create'
p1921
I73
sS'mean,93550\n497639754708434944,pablofresh_,2014-08-08'
p1922
I73
sS'rasmus'
p1923
I73
sS'hitting'
p1924
I73
sS'damn'
p1925
I55
sS'yajaira'
p1926
I73
sS'orioles'
p1927
I72
sS'woke'
p1928
I73
sS'rub\xe2\x80\x9d'
p1929
I73
sS'flight'
p1930
I72
sS'gay'
p1931
I72
sS'buck'
p1932
I73
sS'fire'
p1933
I72
sS"what's"
p1934
I71
sS'gr8\xe2\x98\xba\xef\xb8\x8f'
p1935
I73
sS'mine'
p1936
I68
sS'anthony'
p1937
I73
sS'awake'
p1938
I72
sS'yes!rt'
p1939
I73
sS'rocking'
p1940
I73
sS'((phat))'
p1941
I73
sS'mlb'
p1942
I72
sS'look'
p1943
I58
sS'both.,93550\n504776959474147328,jamesskeen1,2014-08-27'
p1944
I73
sS'solid'
p1945
I73
sS'bill'
p1946
I72
sS'convo'
p1947
I73
sS'forgetting'
p1948
I73
sS'while'
p1949
I71
sS'replaced'
p1950
I73
sS'homework'
p1951
I71
sS'bitch\xe2\x80\x9d'
p1952
I73
sS'fun'
p1953
I69
sS'mid-banana'
p1954
I73
sS'guide'
p1955
I73
sS'you\xe2\x80\x9d,93550\n450496047337320448,beckyluvzpandas,2014-03-31'
p1956
I73
sS'<3'
p1957
I71
sS"nm....i'm"
p1958
I73
sS'rip'
p1959
I73
sS'ecstasy'
p1960
I73
sS'vow'
p1961
I73
sS'ready'
p1962
I69
sS'funny'
p1963
I64
sS'nigga"'
p1964
I73
sS'shirt'
p1965
I71
sS'anymore'
p1966
I64
sS'noooo'
p1967
I73
sS'read'
p1968
I73
sS'chelfie'
p1969
I73
sS'grand'
p1970
I72
sS'9'
p1971
I73
sS'lmfao\xe2\x80\x9dlmaoooooooooo\xe2\x80\x9d'
p1972
I73
sS'daughters'
p1973
I73
sS'used'
p1974
I71
sS'temporary'
p1975
I73
sS'fridge'
p1976
I73
sS'moment'
p1977
I72
sS'arrived'
p1978
I72
sS"'d'o"
p1979
I73
sS'ily\xe2\x80\x9d'
p1980
I72
sS'kno'
p1981
I73
sS'picky'
p1982
I73
sS'older'
p1983
I73
sS'tf\xe2\x80\x9dwho'
p1984
I73
sS'anybody'
p1985
I71
sS'person'
p1986
I68
sS'cheer'
p1987
I73
sS'edge'
p1988
I73
sS'flags'
p1989
I73
sS'y'
p1990
I72
sS'killa'
p1991
I73
sS'cheez'
p1992
I73
sS'spend'
p1993
I73
sS'listening'
p1994
I73
sS'today\xe2\x9a\xbd\xef\xb8\x8f'
p1995
I73
sS'boutta'
p1996
I72
sS'props.\xe2\x80\x9d'
p1997
I73
sS'quarters'
p1998
I73
sS'belgium'
p1999
I73
sS'mob'
p2000
I73
sS'august.\xe2\x80\x9d'
p2001
I73
sS'letting'
p2002
I72
sS'cut'
p2003
I73
sS'readers'
p2004
I73
sS'cuz'
p2005
I71
sS'ugly"wtf'
p2006
I73
sS'parents'
p2007
I71
sS'crying'
p2008
I67
sS'snap'
p2009
I73
sS'girls\xe2\x80\x9d'
p2010
I73
sS'mavs'
p2011
I73
sS'excited'
p2012
I71
sS'hates'
p2013
I72
sS'build'
p2014
I73
sS'march'
p2015
I73
sS'life!\xe2\x80\x9d'
p2016
I73
sS'big'
p2017
I73
sS'22:56:19.0,34.56228093,-118.11360179,9105.05,nice'
p2018
I73
sS'game'
p2019
I62
sS'bit'
p2020
I72
sS'wild\xe2\x80\x9d'
p2021
I73
sS'richie'
p2022
I73
sS'girl\xe2\x80\x9d'
p2023
I73
sS'lost'
p2024
I71
sS'ignore'
p2025
I72
sS'collect'
p2026
I73
sS'continue'
p2027
I73
sS'marquez'
p2028
I73
sS'buddies'
p2029
I73
sS'hinted'
p2030
I73
sS'fucking'
p2031
I64
sS'yolo'
p2032
I73
sS'some'
p2033
I55
sS'back'
p2034
I47
sS'loser'
p2035
I73
sS'lips'
p2036
I73
sS'tomorrowwwww'
p2037
I73
sS'sight'
p2038
I73
sS'mirror'
p2039
I73
sS'revines'
p2040
I73
sS'savage'
p2041
I73
sS'rarely'
p2042
I73
sS'closest'
p2043
I73
sS'decision'
p2044
I72
sS'pep'
p2045
I73
sS'3-pointer'
p2046
I73
sS'prom'
p2047
I73
sS'eggs'
p2048
I73
sS'either'
p2049
I64
sS'be'
p2050
I25
sS'eating'
p2051
I70
sS'bb'
p2052
I73
sS'bc'
p2053
I68
sS'rub'
p2054
I73
sS'lmaoooo'
p2055
I68
sS'(261)'
p2056
I73
sS'laker'
p2057
I73
sS'benzino'
p2058
I72
sS'refused'
p2059
I73
sS'nowhere'
p2060
I73
sS'santa'
p2061
I73
sS'rus'
p2062
I73
sS'by'
p2063
I58
sS'oed'
p2064
I73
sS'faith'
p2065
I72
sS'alone.,93550\n412454425282617344,obeyrenee82,2013-12-16'
p2066
I73
sS'anything'
p2067
I70
sS'netflix'
p2068
I71
sS'homesick'
p2069
I73
sS'graduation'
p2070
I72
sS'drama'
p2071
I73
sS'idk'
p2072
I65
sS'bish'
p2073
I73
sS'mouth'
p2074
I73
sS'scorpio"'
p2075
I73
sS'hahahah'
p2076
I73
sS'idc'
p2077
I71
sS'silence'
p2078
I72
sS'seeing'
p2079
I72
sS'idgi'
p2080
I72
sS'today<33'
p2081
I73
sS'auntie'
p2082
I72
sS'visit'
p2083
I72
sS'into'
p2084
I71
sS'within'
p2085
I73
sS'martinez'
p2086
I73
sS'momma'
p2087
I73
sS'because'
p2088
I58
sS'nobel'
p2089
I73
sS'lebron'
p2090
I73
sS'smells'
p2091
I73
sS'23:45:56.0,34.56220403,-118.11369684,9105.05,if'
p2092
I73
sS'smirnoff'
p2093
I73
sS'sonny'
p2094
I73
sS'whims'
p2095
I73
sS'story'
p2096
I73
sS'few'
p2097
I73
sS'spending'
p2098
I73
sS'long'
p2099
I69
sS'occupy'
p2100
I73
sS'spay'
p2101
I73
sS"we're"
p2102
I71
sS'bruh'
p2103
I71
sS'forward'
p2104
I70
sS'bored'
p2105
I71
sS'scared'
p2106
I73
sS'debbie'
p2107
I73
sS'0-0'
p2108
I73
sS'invite'
p2109
I71
sS'pastor'
p2110
I73
sS't-shirt'
p2111
I73
sS'boys'
p2112
I73
sS'alive'
p2113
I73
sS'lyingjsbajanaba'
p2114
I73
sS'line'
p2115
I73
sS'aldridge'
p2116
I73
sS'spirit\xe2\x80\x9d'
p2117
I73
sS'lifeguard'
p2118
I73
sS'tempered'
p2119
I73
sS'asain'
p2120
I73
sS'models.,93550\n484725545343537152,jamesskeen1,2014-07-03'
p2121
I73
sS'fries'
p2122
I73
sS'up'
p2123
I35
sS'us'
p2124
I65
sS'ur'
p2125
I57
sS'homo'
p2126
I73
sS'uh'
p2127
I73
sS'chelsea'
p2128
I73
sS'called'
p2129
I64
sS'uc'
p2130
I73
sS'porco'
p2131
I73
sS'sometimes'
p2132
I73
sS'chad'
p2133
I73
sS'raging'
p2134
I73
sS']a+'
p2135
I73
sS'haunt'
p2136
I73
sS'rates['
p2137
I73
sS'single'
p2138
I73
sS'warning'
p2139
I73
sS'rally'
p2140
I73
sS'weight"'
p2141
I73
sS'it???:/'
p2142
I73
sS'realest'
p2143
I73
sS'netfilx'
p2144
I73
sS'in\xe2\x80\x9d'
p2145
I73
sS'excuses'
p2146
I73
sS'bracket'
p2147
I73
sS'nice'
p2148
I68
sS'sleepidontwannagotoschoolijustwanttolayinmybedand'
p2149
I73
sS'04:51:55.0,34.5649556,-118.09687008,9105.05,no'
p2150
I73
sS'problems'
p2151
I72
sS'"baseball'
p2152
I73
sS'desert'
p2153
I72
sS'ago'
p2154
I72
sS'!\xe2\x80\x9d'
p2155
I73
sS'e'
p2156
I73
sS'vice'
p2157
I73
sS',93550\n412462199374761984,obeyrenee82,2013-12-16'
p2158
I73
sS'age'
p2159
I73
sS"height\xe2\x80\x9d6'2\xe2\x80\x9d"
p2160
I73
sS'youtube'
p2161
I73
sS'annoyed'
p2162
I73
sS'cooked'
p2163
I73
sS'worn'
p2164
I73
sS'*hits'
p2165
I73
sS"she's"
p2166
I67
sS'svu'
p2167
I73
sS'buffalo'
p2168
I73
sS'having'
p2169
I71
sS'once'
p2170
I71
sS'essay'
p2171
I73
sS'weatherman'
p2172
I73
sS'ga'
p2173
I73
sS'freakin'
p2174
I73
sS'go'
p2175
I31
sS'gm'
p2176
I72
sS'tweeted'
p2177
I73
sS'issues'
p2178
I73
sS'seemed'
p2179
I73
sS'wait...i'
p2180
I73
sS'young'
p2181
I70
sS'send'
p2182
I71
sS'nose'
p2183
I70
sS'blaze'
p2184
I69
sS'ya/children'
p2185
I73
sS'friendly'
p2186
I71
sS'peepsemitaymarie'
p2187
I73
sS'outside'
p2188
I72
sS'wishes'
p2189
I73
sS'telling'
p2190
I72
sS'decorating'
p2191
I73
sS'magic'
p2192
I73
sS'respectful'
p2193
I73
sS'campbell,93550\n482227420305428481,jamesskeen1,2014-06-26'
p2194
I73
sS'button'
p2195
I72
sS'gettin'
p2196
I73
sS"they've"
p2197
I73
sS'ryan'
p2198
I73
sS'try'
p2199
I66
sS'congrats'
p2200
I71
sS'21:26:48.0,34.56226714,-118.11362333,9105.05,bill'
p2201
I73
sS'tru'
p2202
I70
sS'challenge'
p2203
I73
sS'booty'
p2204
I73
sS"you'd"
p2205
I71
sS'kajuan'
p2206
I73
sS'me.,93550\n412452567327576064,obeyrenee82,2013-12-16'
p2207
I73
sS'waking'
p2208
I72
sS'video'
p2209
I73
sS'gamecasting'
p2210
I73
sS'picked'
p2211
I73
sS'spaghetti'
p2212
I73
sS'folk'
p2213
I73
sS'*sees'
p2214
I72
sS'week^_^'
p2215
I73
sS'plays'
p2216
I73
sS'showcase'
p2217
I72
sS'3s'
p2218
I73
sS'networks'
p2219
I73
sS'....\xe2\x80\x9d'
p2220
I73
sS'seconds'
p2221
I73
sS'waiting'
p2222
I71
sS'watch.,93550\n478649919603888128,jamesskeen1,2014-06-16'
p2223
I73
sS'body'
p2224
I71
sS'twitter*'
p2225
I72
sS'commercial'
p2226
I73
sS'punch'
p2227
I72
sS'desiree'
p2228
I73
sS'packing'
p2229
I73
sS'let'
p2230
I68
sS'sink'
p2231
I73
sS'n.y'
p2232
I73
sS'irritating'
p2233
I72
sS'leggings'
p2234
I73
sS'bakersfield'
p2235
I73
sS'great'
p2236
I58
sS'33'
p2237
I73
sS'until'
p2238
I73
sS'30'
p2239
I71
sS'resurrect'
p2240
I73
sS'pornstar'
p2241
I73
sS'opinion'
p2242
I73
sS'makes'
p2243
I70
sS'sup'
p2244
I73
sS'thats'
p2245
I70
sS'apple'
p2246
I73
sS'win'
p2247
I68
sS'manage'
p2248
I73
sS'either:/'
p2249
I73
sS'wit'
p2250
I73
sS'names'
p2251
I73
sS'dumbest'
p2252
I73
sS'singing'
p2253
I72
sS'standing'
p2254
I73
sS'use'
p2255
I70
sS'hahahahaha'
p2256
I72
sS'from'
p2257
I58
sS'&'
p2258
I62
sS';/'
p2259
I73
sS'frog'
p2260
I73
sS'next'
p2261
I65
sS'laying'
p2262
I73
sS'capri'
p2263
I73
sS'camera'
p2264
I73
sS'chu'
p2265
I73
sS'too,93550\n412402252368736256,obeyrenee82,2013-12-16'
p2266
I73
sS'themselves'
p2267
I73
sS'cheeks'
p2268
I73
sS'planing'
p2269
I73
sS'someone:)'
p2270
I73
sS'babe'
p2271
I73
sS'stabbing'
p2272
I73
sS'tonta\xe2\x80\x9d'
p2273
I73
sS'started'
p2274
I69
sS'carroll'
p2275
I73
sS'about'
p2276
I45
sS'yomi'
p2277
I71
sS'payne'
p2278
I73
sS'sore'
p2279
I73
sS'baby'
p2280
I62
sS'lifestyle'
p2281
I71
sS'rivalry'
p2282
I73
sS'women'
p2283
I72
sS'customer'
p2284
I73
sS'account'
p2285
I73
sS'balls'
p2286
I73
sS'f'
p2287
I73
sS'this'
p2288
I19
sS'gabriel'
p2289
I73
sS'ride'
p2290
I72
sS'*likes*\xe2\x80\x9d'
p2291
I73
sS'obvious'
p2292
I73
sS"mom's"
p2293
I73
sS'island'
p2294
I73
sS'aight'
p2295
I72
sS'meet'
p2296
I72
sS"murphy's"
p2297
I73
sS'didnt'
p2298
I73
sS'tat'
p2299
I73
sS'plate'
p2300
I71
sS'bananas'
p2301
I73
sS'pulling'
p2302
I73
sS'something'
p2303
I57
sS'braless'
p2304
I73
sS'csun'
p2305
I73
sS'sis'
p2306
I73
sS'sir'
p2307
I73
sS'lame'
p2308
I71
sS'vibe'
p2309
I73
sS'six'
p2310
I73
sS'anymore:/'
p2311
I73
sS'fortunate'
p2312
I73
sS'run'
p2313
I73
sS'winners'
p2314
I73
sS'animal'
p2315
I72
sS'instead'
p2316
I69
sS'fam'
p2317
I73
sS'de'
p2318
I73
sS'watch'
p2319
I62
sS'thunderstorm'
p2320
I73
sS'tied'
p2321
I73
sS'fouled'
p2322
I72
sS'wrist'
p2323
I73
sS'hahahaha'
p2324
I68
sS'"suck'
p2325
I73
sS'coast'
p2326
I72
sS'somethin'
p2327
I72
sS'um...ta'
p2328
I73
sS'light'
p2329
I73
sS'sit'
p2330
I72
sS'lines'
p2331
I73
sS'everything...:/'
p2332
I73
sS'honestly'
p2333
I71
sS'20mph'
p2334
I73
sS'classy'
p2335
I73
sS'move'
p2336
I71
sS"won't"
p2337
I69
sS'looks'
p2338
I71
sS'fuccin'
p2339
I73
sS'grayson'
p2340
I73
sS'happiest'
p2341
I73
sS'bunch'
p2342
I72
sS'perfect'
p2343
I73
sS'naynay'
p2344
I73
sS'la'
p2345
I73
sS'permanent'
p2346
I73
sS'choose'
p2347
I72
sS'orange'
p2348
I73
sS'2014'
p2349
I72
sS'bye'
p2350
I66
sS'dad'
p2351
I71
sS'spell'
p2352
I70
sS'bat'
p2353
I73
sS'happened"'
p2354
I73
sS'dat'
p2355
I73
sS'on-_-'
p2356
I73
sS'd.r.u.g.s'
p2357
I73
sS'cutting'
p2358
I73
sS'bowling\xe2\x80\x9d'
p2359
I73
sS'kiss'
p2360
I73
sS'front'
p2361
I73
sS'day'
p2362
I55
sS'truth'
p2363
I72
sS'promise'
p2364
I73
sS'*sigh*'
p2365
I73
sS'doing'
p2366
I66
sS'apologize'
p2367
I73
sS'books'
p2368
I71
sS'jagged'
p2369
I73
sS'our'
p2370
I72
sS'ipad'
p2371
I73
sS'87'
p2372
I73
sS'out'
p2373
I45
sS'clinching'
p2374
I73
sS'(at'
p2375
I73
sS'nowadays'
p2376
I73
sS',93550\n497641653637632000,pablofresh_,2014-08-08'
p2377
I73
sS'hilarious'
p2378
I73
sS'yankee'
p2379
I73
sS'cause'
p2380
I66
sS'wcup'
p2381
I73
sS'shut'
p2382
I71
sS'tamale'
p2383
I73
sS'jessica'
p2384
I72
sS'dictionary'
p2385
I73
sS'bww'
p2386
I73
sS'spot'
p2387
I73
sS'completely'
p2388
I73
sS'jill'
p2389
I73
sS'york'
p2390
I73
sS'coors'
p2391
I73
sS'early'
p2392
I73
sS'stupidest'
p2393
I73
sS'craving'
p2394
I73
sS'scary'
p2395
I71
sS'drowning'
p2396
I73
sS'yard'
p2397
I73
sS'g'
p2398
I73
sS'could'
p2399
I59
sS'gallina'
p2400
I73
sS'times'
p2401
I72
sS'yayayaya'
p2402
I72
sS'4th'
p2403
I73
sS'adrian'
p2404
I68
sS'out\xe2\x80\x9d'
p2405
I72
sS'ihy'
p2406
I70
sS'jesus'
p2407
I72
sS'whoop'
p2408
I73
sS'bitch'
p2409
I61
sS'soso'
p2410
I73
sS'reached'
p2411
I73
sS'noticed'
p2412
I73
sS'hehe'
p2413
I73
sS'owning'
p2414
I73
sS"you're"
p2415
I50
sS'guysssss'
p2416
I73
sS'privacy'
p2417
I73
sS'bears'
p2418
I72
sS'their'
p2419
I66
sS'noooooo'
p2420
I73
sS'omg\xe2\x80\x9d'
p2421
I73
sS'trending'
p2422
I73
sS'messing'
p2423
I73
sS'misunderstood'
p2424
I72
sS'gummy'
p2425
I73
sS'2-1'
p2426
I73
sS'stomach'
p2427
I73
sS',93550\n497642267687911425,pablofresh_,2014-08-08'
p2428
I73
sS'nobody'
p2429
I70
sS'megan'
p2430
I73
sS'depressing'
p2431
I73
sS'blazers'
p2432
I73
sS'series.\xe2\x80\x9d'
p2433
I73
sS'deeply'
p2434
I73
sS'july'
p2435
I72
sS'knowles'
p2436
I73
sS'steel'
p2437
I72
sS'bel'
p2438
I73
sS'boring'
p2439
I72
sS'lion'
p2440
I73
sS'bed'
p2441
I70
sS'bee'
p2442
I73
sS'whenever'
p2443
I72
sS'rt/fav'
p2444
I73
sS'6th'
p2445
I72
sS'spurs'
p2446
I65
sS'exhibit'
p2447
I72
sS'heheehheheehe'
p2448
I73
sS'chubbers'
p2449
I73
sS'arg'
p2450
I73
sS'curves'
p2451
I73
sS'tonight'
p2452
I66
sS'have'
p2453
I23
sS'need'
p2454
I45
sS'16:35:30.0,34.56225289,-118.11354148,9105.05,my'
p2455
I73
sS'comics'
p2456
I73
sS'dallas'
p2457
I73
sS'recap'
p2458
I73
sS'skittles'
p2459
I72
sS'kittens'
p2460
I73
sS'able'
p2461
I72
sS'which'
p2462
I72
sS'truck'
p2463
I73
sS'asshole'
p2464
I71
sS'subject'
p2465
I73
sS'pete'
p2466
I73
sS'aww'
p2467
I73
sS'who'
p2468
I55
sS'pineapple'
p2469
I73
sS'eyeliner'
p2470
I73
sS"where's"
p2471
I73
sS'forreal'
p2472
I73
sS'why'
p2473
I46
sS"lil'"
p2474
I73
sS'*outside'
p2475
I73
sS'you\xe2\x99\xa5'
p2476
I73
sS'upset'
p2477
I70
sS'face'
p2478
I64
sS'looked'
p2479
I73
sS'dog\xe2\x80\x9d'
p2480
I73
sS'movie'
p2481
I73
sS'positivity'
p2482
I73
sS'fact'
p2483
I70
sS'son'
p2484
I73
sS'parker'
p2485
I73
sS'lmaoo'
p2486
I70
sS'agreed'
p2487
I73
sS'anyway'
p2488
I73
sS'bring'
p2489
I68
sS'lmao\xe2\x80\x9d'
p2490
I71
sS'buehrle'
p2491
I73
sS'rough'
p2492
I72
sS'trying'
p2493
I66
sS'based'
p2494
I73
sS'nga'
p2495
I73
sS'squirreled'
p2496
I73
sS'('
p2497
I73
sS'idnsjabshsjsjs'
p2498
I73
sS'should'
p2499
I60
sS"there's"
p2500
I61
sS'lemme'
p2501
I71
sS'riding'
p2502
I73
sS'hope'
p2503
I66
sS'melissa'
p2504
I72
sS'meant'
p2505
I73
sS'outchea'
p2506
I73
sS'xdd'
p2507
I73
sS'handle'
p2508
I73
sS'listened'
p2509
I73
sS'means'
p2510
I72
sS'beat'
p2511
I70
sS'familiar'
p2512
I73
sS'dope'
p2513
I73
sS'lucky'
p2514
I71
sS'tbh'
p2515
I62
sS'ones'
p2516
I72
sS'words'
p2517
I68
sS'timing'
p2518
I73
sS'chips'
p2519
I73
sS'abby'
p2520
I73
sS'ghetto'
p2521
I73
sS'kitty\xe2\x80\x9d'
p2522
I73
sS'same\xe2\x80\x9d'
p2523
I73
sS'ended'
p2524
I73
sS'field\xe2\x9a\xbd\xef\xb8\x8f\xe2\x9a\xbd\xef\xb8\x8f'
p2525
I73
sS'married'
p2526
I72
sS'calling'
p2527
I72
sS'navarro'
p2528
I73
sS'default'
p2529
I73
sS'stuff'
p2530
I69
sS'she'
p2531
I41
sS'costume'
p2532
I73
sS'buzzer'
p2533
I73
sS'humans'
p2534
I73
sS'we'
p2535
I46
sS'mentioned'
p2536
I73
sS'signed'
p2537
I73
sS'buzzed'
p2538
I73
sS'packed'
p2539
I73
sS'closet'
p2540
I72
sS'picture\xe2\x80\x9d'
p2541
I73
sS'nightmare'
p2542
I73
sS'genius'
p2543
I73
sS'closed'
p2544
I73
sS'horrible'
p2545
I73
sS'bought'
p2546
I73
sS'ends'
p2547
I73
sS'a.m'
p2548
I73
sS'peeling)'
p2549
I73
sS"'s'ucces"
p2550
I73
sS'job'
p2551
I69
sS'spoil'
p2552
I73
sS'group'
p2553
I72
sS'/:\xe2\x80\x9d'
p2554
I73
sS'joke'
p2555
I73
sS'invited'
p2556
I72
sS'acknowledge'
p2557
I73
sS'"in"'
p2558
I73
sS'highland'
p2559
I73
sS'grounds'
p2560
I73
sS'comment'
p2561
I73
sS'gorgeous'
p2562
I73
sS'malcolm'
p2563
I72
sS'makin'
p2564
I72
sS'walk'
p2565
I71
sS'cy'
p2566
I73
sS'laugh'
p2567
I72
sS'kings'
p2568
I73
sS'yoooooo'
p2569
I73
sS'quit'
p2570
I73
sS'yay'
p2571
I72
sS'stripy-shirted'
p2572
I73
sS'addition'
p2573
I73
sS"it's"
p2574
I47
sS'cent'
p2575
I73
sS'tyler'
p2576
I73
sS'treat'
p2577
I70
sS'bby'
p2578
I70
sS'certain'
p2579
I73
sS'waste'
p2580
I73
sS'mike'
p2581
I73
sS'wanna'
p2582
I45
sS'verizon'
p2583
I73
sS'moved'
p2584
I73
sS'angles'
p2585
I73
sS'smoking'
p2586
I73
sS'ravens'
p2587
I73
sS'present'
p2588
I73
sS'volunteer'
p2589
I73
sS'homes'
p2590
I73
sS'eyelashes'
p2591
I73
sS'toothless'
p2592
I73
sS'unlike'
p2593
I73
sS'nd'
p2594
I61
sS'loser\xe2\x80\x9d'
p2595
I73
sS'15:57:25.0,34.56221547,-118.1136359,9105.05,so'
p2596
I73
sS'will'
p2597
I61
sS'hahaha'
p2598
I52
sS'wild'
p2599
I73
sS'va'
p2600
I73
sS'cell'
p2601
I73
sS'almost'
p2602
I71
sS'*ss'
p2603
I73
sS'vs'
p2604
I73
sS'avi'
p2605
I72
sS'partner'
p2606
I73
sS'avc'
p2607
I73
sS'fkn'
p2608
I68
sS')'
p2609
I72
sS'cross'
p2610
I73
sS'jaw'
p2611
I73
sS'digging'
p2612
I73
sS'2005'
p2613
I73
sS'party'
p2614
I69
sS'gets'
p2615
I73
sS'gibby'
p2616
I73
sS'injured'
p2617
I73
sS'ball'
p2618
I72
sS'selfish'
p2619
I73
sS'drink'
p2620
I73
sS'excitedbabshsbana'
p2621
I73
sS'ion'
p2622
I73
sS'sisters'
p2623
I72
sS'sunburn'
p2624
I72
sS'off'
p2625
I57
sS'i'
p2626
I1
sS'approve'
p2627
I73
sS'well'
p2628
I65
sS'thought'
p2629
I62
sS'pham'
p2630
I70
sS'oops'
p2631
I72
sS'wya'
p2632
I73
sS'drowns'
p2633
I73
sS'stores'
p2634
I73
sS'good.,93550\n487007367716806656,jamesskeen1,2014-07-09'
p2635
I73
sS'cried'
p2636
I70
sS'less'
p2637
I73
sS'moments'
p2638
I72
sS"should've"
p2639
I73
sS'accosting'
p2640
I73
sS'against'
p2641
I73
sS'mistakes'
p2642
I73
sS'bautista'
p2643
I72
sS'paul'
p2644
I73
sS'wed'
p2645
I73
sS'residential'
p2646
I73
sS'headed'
p2647
I73
sS'ganna'
p2648
I73
sS'realize'
p2649
I73
sS'add'
p2650
I73
sS'other'
p2651
I68
sS'attractive'
p2652
I73
sS'crack'
p2653
I73
sS'gmw'
p2654
I73
sS'smart'
p2655
I72
sS'depends'
p2656
I73
sS'whiz!!!\xe2\x80\x9d'
p2657
I73
sS'svu<3'
p2658
I73
sS"who's"
p2659
I70
sS'monique'
p2660
I73
sS'sweep'
p2661
I73
sS'five'
p2662
I73
sS'know'
p2663
I42
sS'facial'
p2664
I72
sS'press'
p2665
I73
sS'nvm'
p2666
I71
sS'loss'
p2667
I69
sS'lincoln'
p2668
I73
sS'tl'
p2669
I73
sS'like'
p2670
I17
sS'success'
p2671
I73
sS'eye.\xe2\x80\x9d'
p2672
I73
sS'fernando'
p2673
I73
sS'candy'
p2674
I73
sS'taping'
p2675
I71
sS'sized'
p2676
I73
sS'lose'
p2677
I70
sS'chick'
p2678
I73
sS'works'
p2679
I73
sS'emmy'
p2680
I73
sS'page'
p2681
I73
sS'nigga'
p2682
I62
sS'twitter'
p2683
I70
sS'library'
p2684
I73
sS'werk'
p2685
I73
sS'hair'
p2686
I66
sS'haaaaa'
p2687
I72
sS'home'
p2688
I67
sS'pham\xe2\x80\x9d'
p2689
I69
sS'highhhhh'
p2690
I73
sS'happens'
p2691
I73
sS'jays'
p2692
I63
sS'irl\xe2\x80\x9d'
p2693
I72
sS'esp'
p2694
I72
sS'literally'
p2695
I68
sS'garrett'
p2696
I73
sS'hatewakingupearlyijust'
p2697
I73
sS'does'
p2698
I64
sS'results"'
p2699
I73
sS'wendy'
p2700
I71
sS'uhhhh'
p2701
I73
sS'proof*'
p2702
I73
sS'blowing'
p2703
I73
sS'schedule'
p2704
I73
sS'bathroom'
p2705
I73
sS'60mph'
p2706
I73
sS'pressure'
p2707
I73
sS'raise'
p2708
I73
sS'sister'
p2709
I72
sS'rare'
p2710
I72
sS':-/'
p2711
I72
sS'rocket\xe2\x80\x9d'
p2712
I73
sS'getting'
p2713
I65
sS'madame'
p2714
I73
sS'lurkin'
p2715
I73
sS'swear'
p2716
I70
sS'too,93550\n412379001185767424,obeyrenee82,2013-12-16'
p2717
I73
sS'swimming'
p2718
I73
sS'own'
p2719
I66
sS'carolyn'
p2720
I73
sS'pussy'
p2721
I72
sS'neckbeard'
p2722
I73
sS'loner'
p2723
I72
sS'luna'
p2724
I68
sS'champ'
p2725
I73
sS'tiny'
p2726
I73
sS'female'
p2727
I73
sS'lowkey'
p2728
I73
sS'ridge'
p2729
I73
sS'housing'
p2730
I73
sS'*'
p2731
I73
sS'kidding'
p2732
I70
sS'owow'
p2733
I73
sS"jays-o's"
p2734
I73
sS'biggest'
p2735
I73
sS'16:32:33.0,34.5616822,-118.11450896,9105.05,,93550\n507934839497297920,brightsensation,2014-09-05'
p2736
I73
sS'*adrian'
p2737
I73
sS'jinx'
p2738
I70
sS'yellow'
p2739
I73
sS'funnel'
p2740
I73
sS'buy'
p2741
I66
sS'tina'
p2742
I73
sS"i've"
p2743
I68
sS'bus'
p2744
I73
sS'bitches'
p2745
I63
sS'but'
p2746
I16
sS'reminds'
p2747
I73
sS'hi'
p2748
I61
sS'goals'
p2749
I71
sS'13-gamer'
p2750
I73
sS'ha'
p2751
I69
sS'bitched'
p2752
I73
sS'eat'
p2753
I61
sS'bud'
p2754
I72
sS'he'
p2755
I45
sS'pressbox'
p2756
I73
sS'boarding'
p2757
I73
sS'made'
p2758
I64
sS'wise'
p2759
I73
sS'nigga\xe2\x80\x9d'
p2760
I73
sS'glory'
p2761
I73
sS'wish'
p2762
I70
sS'neuter'
p2763
I73
sS'distract'
p2764
I73
sS'excitement'
p2765
I73
sS'record'
p2766
I73
sS'pediatrician'
p2767
I73
sS'problem'
p2768
I73
sS'piece'
p2769
I71
sS'skating'
p2770
I73
sS'replying'
p2771
I72
sS'recognize'
p2772
I73
sS'pic'
p2773
I66
sS'life'
p2774
I60
sS'dioner'
p2775
I73
sS"kelly's"
p2776
I72
sS'shooting'
p2777
I73
sS'puns'
p2778
I73
sS'ew'
p2779
I71
sS'asap.,93550\n504774879405555712,jamesskeen1,2014-08-27'
p2780
I73
sS'mutual'
p2781
I73
sS'dressed'
p2782
I73
sS'offensive'
p2783
I73
sS'sayinglike'
p2784
I73
sS'book'
p2785
I71
sS'sick'
p2786
I73
sS'talkin'
p2787
I73
sS'/.\\\xe2\x80\x9d'
p2788
I73
sS'star'
p2789
I72
sS'monday'
p2790
I72
sS'class'
p2791
I73
sS'june'
p2792
I72
sS'daddy\xe2\x80\x9d'
p2793
I73
sS'stay'
p2794
I65
sS'semis'
p2795
I73
sS'chance'
p2796
I70
sS'kinda'
p2797
I68
sS'\xe2\x80\xa6'
p2798
I73
sS'else'
p2799
I68
sS'friends'
p2800
I64
sS'inspiration'
p2801
I73
sS'\xe2\x80\x94'
p2802
I70
sS'\xe2\x80\x9c'
p2803
I73
sS'understand'
p2804
I72
sS'yell'
p2805
I73
sS'"the'
p2806
I73
sS'8th'
p2807
I73
s.