(dp0
S''
p1
I1
sS'raining'
p2
I109
sS'carriers...\xe2\x80\xa6'
p3
I109
sS'suicidal'
p4
I109
sS'saves'
p5
I109
sS'four'
p6
I108
sS'betch'
p7
I109
sS'nursery'
p8
I109
sS'sleep'
p9
I84
sS'hanging'
p10
I106
sS'captain'
p11
I109
sS'hate'
p12
I59
sS'worked'
p13
I107
sS'consider'
p14
I109
sS'relationships'
p15
I109
sS'whose'
p16
I109
sS'feeding'
p17
I109
sS'buddy'
p18
I109
sS'attracted'
p19
I109
sS'tweet'
p20
I98
sS'sweetest'
p21
I108
sS'presents'
p22
I109
sS'bike'
p23
I106
sS'rematch!,91355\n461984596217708544,hyattrvalencia,2014-05-01'
p24
I109
sS'under'
p25
I108
sS'lord'
p26
I107
sS'sorry'
p27
I95
sS'pride'
p28
I108
sS'worth'
p29
I107
sS'supreme'
p30
I109
sS'yeeeer'
p31
I109
sS'stud'
p32
I109
sS'(esv)'
p33
I109
sS'battles'
p34
I109
sS'blanket'
p35
I108
sS'rise'
p36
I109
sS'lurk'
p37
I109
sS'every'
p38
I87
sS"hatin'"
p39
I109
sS"idc'"
p40
I109
sS'screaming'
p41
I106
sS'sickos'
p42
I109
sS'19:32:13.0,34.43511087,-118.62853252,9201.06,cabo'
p43
I109
sS'tickets'
p44
I109
sS'believed'
p45
I109
sS'school'
p46
I75
sS'bestfriend'
p47
I100
sS'wudda'
p48
I109
sS'wednesday'
p49
I107
sS'piling'
p50
I109
sS'advisory"'
p51
I109
sS'tahhh'
p52
I109
sS'woods'
p53
I109
sS'oooh'
p54
I109
sS'cms'
p55
I109
sS'heading'
p56
I108
sS'clothes'
p57
I105
sS'enjoy'
p58
I103
sS'force'
p59
I109
sS'tired'
p60
I96
sS'phones'
p61
I107
sS'consistent'
p62
I109
sS'hating'
p63
I109
sS'pyramid'
p64
I109
sS'direct'
p65
I109
sS'aprroach'
p66
I109
sS'nail'
p67
I109
sS'second'
p68
I106
sS'louder'
p69
I108
sS'friendships'
p70
I109
sS'usps'
p71
I109
sS'panda'
p72
I109
sS'even'
p73
I72
sS'errors'
p74
I109
sS'hide'
p75
I107
sS'help-i'
p76
I109
sS"tonight's"
p77
I106
sS'+'
p78
I109
sS'hahahahahahahahaha'
p79
I109
sS'fingers'
p80
I109
sS'lights'
p81
I106
sS'bipolar'
p82
I107
sS'nev'
p83
I109
sS'new'
p84
I68
sS'emily'
p85
I109
sS'ever'
p86
I85
sS'disney'
p87
I108
sS'told'
p88
I98
sS'crunch'
p89
I108
sS'evolving'
p90
I109
sS'hero'
p91
I109
sS'offenses'
p92
I109
sS'(castaic'
p93
I11
sS'never'
p94
I56
sS'wrapping'
p95
I109
sS'meh'
p96
I109
sS'here'
p97
I83
sS'\xe2\x9d\xa4\xef\xb8\x8f'
p98
I90
sS'109'
p99
I109
sS'studio'
p100
I108
sS'pursuit'
p101
I109
sS'&&'
p102
I105
sS'path'
p103
I109
sS'100'
p104
I107
sS"aren't"
p105
I103
sS'celebration'
p106
I109
sS'spammed'
p107
I109
sS'disrespect'
p108
I109
sS'kids'
p109
I107
sS'daughter'
p110
I108
sS'bedding'
p111
I109
sS'k'
p112
I106
sS'changed'
p113
I108
sS'bro'
p114
I108
sS'hooters'
p115
I109
sS'itunes'
p116
I107
sS'credit'
p117
I108
sS'unhelpful'
p118
I109
sS"i'd"
p119
I98
sS'"bye'
p120
I109
sS'smoke'
p121
I108
sS"s'mores"
p122
I109
sS'\xe2\x9c\x94\xef\xb8\x8f'
p123
I109
sS'california'
p124
I106
sS'aka'
p125
I45
sS"someone's"
p126
I107
sS'changes'
p127
I109
sS'eyebrows'
p128
I109
sS'freedom'
p129
I109
sS'marino'
p130
I109
sS'campaign'
p131
I109
sS'hatred'
p132
I109
sS'julie'
p133
I109
sS'darlings'
p134
I109
sS'julia'
p135
I109
sS'highly'
p136
I109
sS'county'
p137
I84
sS'growing...he'
p138
I109
sS'in-just'
p139
I109
sS'guests'
p140
I109
sS'hindsight'
p141
I109
sS'auditing'
p142
I109
sS'brb'
p143
I109
sS'unit'
p144
I108
sS'sarah'
p145
I109
sS'staaappp'
p146
I109
sS'\xe2\x80\xa2half'
p147
I108
sS'would'
p148
I81
sS'$4.57'
p149
I109
sS'again:/'
p150
I109
sS'feet-pick'
p151
I109
sS'screenshot'
p152
I109
sS'craving'
p153
I109
sS'cali'
p154
I107
sS'asses'
p155
I109
sS'hahhahaha'
p156
I109
sS'call'
p157
I99
sS'calm'
p158
I109
sS'passport'
p159
I108
sS'gilding'
p160
I109
sS'type'
p161
I105
sS'until'
p162
I96
sS'reevaluate'
p163
I109
sS'speaking'
p164
I109
sS'posting'
p165
I109
sS'holy'
p166
I106
sS'relax'
p167
I108
sS'successful'
p168
I109
sS'brings'
p169
I106
sS'haha'
p170
I93
sS'underwear'
p171
I108
sS'award'
p172
I109
sS'hurt'
p173
I104
sS'phone'
p174
I100
sS"5'9"
p175
I109
sS'warm'
p176
I106
sS'despega'
p177
I109
sS'siblings'
p178
I107
sS'hole'
p179
I108
sS'hold'
p180
I102
sS'squad'
p181
I109
sS'must'
p182
I101
sS'me'
p183
I15
sS'mf'
p184
I109
sS'word'
p185
I108
sS'room'
p186
I94
sS'skipping'
p187
I109
sS'pursue'
p188
I109
sS'mo'
p189
I108
sS'work'
p190
I58
sS'mi'
p191
I109
sS'worn'
p192
I108
sS'sauvemente'
p193
I109
sS'movies'
p194
I107
sS'cuddle'
p195
I109
sS'tinder'
p196
I109
sS'mr'
p197
I107
sS'guise'
p198
I109
sS'shoom'
p199
I109
sS'my'
p200
I8
sS'grenade'
p201
I109
sS'fortress'
p202
I43
sS'piercings'
p203
I109
sS'give'
p204
I93
sS'"mommmmmmmy"'
p205
I109
sS'unjust'
p206
I109
sS'win..\xe2\x80\x9d'
p207
I109
sS'hayford'
p208
I109
sS'assnana'
p209
I109
sS'"ariel"'
p210
I109
sS'check...gifts'
p211
I109
sS'want'
p212
I54
sS'hair...without'
p213
I109
sS'birthday...the'
p214
I109
sS'keep'
p215
I95
sS'hoe'
p216
I106
sS'end'
p217
I97
sS'recovery'
p218
I109
sS'thing'
p219
I95
sS'complaining'
p220
I107
sS'mouse'
p221
I109
sS'sitting'
p222
I106
sS'machine'
p223
I109
sS'far'
p224
I106
sS'amazing'
p225
I93
sS'drummer'
p226
I109
sS'hop'
p227
I107
sS'answer'
p228
I107
sS'yum'
p229
I109
sS'labios'
p230
I109
sS'audi'
p231
I109
sS'beach'
p232
I103
sS'checkin'
p233
I109
sS'hone'
p234
I109
sS'patting'
p235
I109
sS'candids'
p236
I109
sS'beauty'
p237
I109
sS'aches'
p238
I109
sS'bday'
p239
I108
sS'after'
p240
I99
sS'vicious'
p241
I109
sS'wrong'
p242
I99
sS'tackle'
p243
I109
sS'lay'
p244
I109
sS'law'
p245
I104
sS'lap'
p246
I109
sS'las'
p247
I108
sS'purchase'
p248
I109
sS'wins'
p249
I109
sS'g-eazy'
p250
I109
sS'appreciate'
p251
I108
sS'deffff'
p252
I109
sS'beeping'
p253
I109
sS'green'
p254
I106
sS'ultimate'
p255
I109
sS'keeps'
p256
I106
sS'plumbing'
p257
I106
sS'tatted'
p258
I108
sS'order'
p259
I100
sS'wine'
p260
I109
sS'operations'
p261
I109
sS'office'
p262
I99
sS'welcomed'
p263
I109
sS'over'
p264
I80
sS'choose'
p265
I109
sS"mary's"
p266
I109
sS'finest'
p267
I109
sS'1-10'
p268
I109
sS'heartand'
p269
I109
sS'medusa'
p270
I109
sS'19:31:57.0,34.43511087,-118.62853252,9201.06,me'
p271
I109
sS'mayor'
p272
I108
sS'before'
p273
I101
sS'ima'
p274
I109
sS'\xe2\x80\xa2oh'
p275
I109
sS'0.62mi'
p276
I109
sS'californians'
p277
I109
sS'fit'
p278
I109
sS'somewhere'
p279
I105
sS'bringing'
p280
I109
sS'tomorrow...so'
p281
I109
sS'expectations'
p282
I109
sS'writing'
p283
I109
sS'better'
p284
I78
sS'matured'
p285
I109
sS'lololololololololol'
p286
I109
sS'fade'
p287
I107
sS'"perfect"'
p288
I109
sS'corinthians'
p289
I109
sS'weeks'
p290
I106
sS'chapel'
p291
I109
sS'easier'
p292
I108
sS'eugene'
p293
I109
sS'hamiez'
p294
I109
sS'then'
p295
I72
sS'them'
p296
I79
sS'"new'
p297
I107
sS'weakness'
p298
I104
sS'workout'
p299
I108
sS'safe'
p300
I108
sS"we'll"
p301
I108
sS'cuties'
p302
I109
sS'break'
p303
I101
sS'band'
p304
I107
sS'roommate'
p305
I109
sS'they'
p306
I59
sS'bronchial'
p307
I109
sS'levels:1)'
p308
I109
sS'one'
p309
I47
sS'silver'
p310
I108
sS'bank'
p311
I109
sS'netherlands'
p312
I108
sS'brightness'
p313
I109
sS'readyy'
p314
I109
sS'debut'
p315
I109
sS'l'
p316
I106
sS'alexis'
p317
I109
sS'grows'
p318
I109
sS'choir'
p319
I109
sS'filling'
p320
I109
sS'victories'
p321
I109
sS'anymore...cuz'
p322
I109
sS'each'
p323
I108
sS'addicted'
p324
I109
sS'went'
p325
I102
sS'irregardless'
p326
I109
sS'bong'
p327
I109
sS'side'
p328
I107
sS'mean'
p329
I89
sS'cuuute'
p330
I109
sS'lifted'
p331
I108
sS"stampin'"
p332
I109
sS'woes'
p333
I109
sS'concord'
p334
I109
sS'gunna'
p335
I99
sS'list'
p336
I108
sS'innocent'
p337
I109
sS'bowls'
p338
I109
sS'solution'
p339
I108
sS'taught'
p340
I109
sS"we'd"
p341
I107
sS'forgot'
p342
I106
sS"no...they'd"
p343
I109
sS'saturday'
p344
I106
sS'hospitalized'
p345
I109
sS'fritos'
p346
I109
sS'goo'
p347
I109
sS'gon'
p348
I109
sS'lemons'
p349
I109
sS'driving'
p350
I102
sS'oprah'
p351
I109
sS'21:54:49.0,34.44838032,-118.63544971,9201.06,good'
p352
I109
sS'god'
p353
I84
sS'huero'
p354
I109
sS'washed'
p355
I108
sS'pobrecito'
p356
I109
sS'late:)'
p357
I109
sS'cheesy'
p358
I109
sS'rd'
p359
I109
sS'daniel'
p360
I104
sS'reader'
p361
I109
sS'got'
p362
I69
sS'rn'
p363
I104
sS'millions'
p364
I109
sS'now...someone'
p365
I109
sS'grease'
p366
I109
sS'turning'
p367
I109
sS'cutest'
p368
I103
sS"you're"
p369
I44
sS'up...our'
p370
I109
sS'little'
p371
I74
sS'free'
p372
I99
sS'appointments'
p373
I109
sS'struggle'
p374
I102
sS'grapes'
p375
I109
sS"people's"
p376
I109
sS'taped'
p377
I109
sS'favs'
p378
I109
sS'wanted'
p379
I103
sS'mvp'
p380
I109
sS'disgusting...all'
p381
I109
sS'stirrers'
p382
I109
sS'ate'
p383
I109
sS'\xe2\x80\xa2time'
p384
I109
sS'dayum'
p385
I109
sS'r2'
p386
I109
sS'dayy'
p387
I109
sS'starts'
p388
I108
sS'messages'
p389
I109
sS'days'
p390
I88
sS'ups'
p391
I109
sS'filter'
p392
I109
sS'festival'
p393
I109
sS'ish'
p394
I108
sS'"no'
p395
I109
sS'smokers'
p396
I109
sS"today's"
p397
I109
sS'can\xe2\x80\x99t'
p398
I109
sS'uses'
p399
I109
sS'loud'
p400
I107
sS'caught'
p401
I109
sS'fuckin'
p402
I109
sS"yedlin's"
p403
I109
sS"too'"
p404
I109
sS'clarita'
p405
I104
sS'>>'
p406
I105
sS'hearing'
p407
I108
sS'kfc'
p408
I108
sS'another'
p409
I103
sS'thick'
p410
I109
sS'tuna'
p411
I109
sS'hood'
p412
I109
sS'service'
p413
I108
sS'top'
p414
I107
sS'faithful...lord'
p415
I109
sS'girls'
p416
I89
sS'twisted'
p417
I109
sS"he'll"
p418
I109
sS'needed'
p419
I108
sS'jamba'
p420
I104
sS'airs'
p421
I109
sS'dumbass'
p422
I108
sS'too'
p423
I45
sS'ayeeee'
p424
I109
sS'hollywood'
p425
I106
sS'legs'
p426
I107
sS'dogs'
p427
I108
sS'listen'
p428
I105
sS'danish'
p429
I109
sS'ceiling'
p430
I109
sS'hangout'
p431
I107
sS'rylea'
p432
I109
sS'gym'
p433
I109
sS'albert'
p434
I105
sS'took'
p435
I107
sS'wisdom'
p436
I108
sS'bahahahahhaah'
p437
I109
sS'cereal'
p438
I109
sS'wasted'
p439
I109
sS'crawl'
p440
I109
sS'begins'
p441
I108
sS',91355\n479708247088431104,anthonyg1993,2014-06-19'
p442
I109
sS'anxiety'
p443
I109
sS'target'
p444
I109
sS'showed'
p445
I109
sS'burger'
p446
I109
sS'tired...but'
p447
I109
sS'tree'
p448
I108
sS'ebay'
p449
I109
sS'shower'
p450
I104
sS'matter'
p451
I105
sS'classes'
p452
I109
sS'silly'
p453
I109
sS'giver'
p454
I109
sS'spoiled'
p455
I108
sS'to"'
p456
I109
sS'feeling'
p457
I87
sS'chisme'
p458
I109
sS'jolly'
p459
I109
sS'bridge'
p460
I109
sS'mermaid'
p461
I109
sS'youre'
p462
I109
sS'yas'
p463
I109
sS'ran'
p464
I109
sS'unlearning'
p465
I109
sS'modern'
p466
I109
sS'mind'
p467
I100
sS'mine'
p468
I107
sS'anybody'
p469
I109
sS'return'
p470
I109
sS'talking'
p471
I101
sS'guapo'
p472
I109
sS'corny'
p473
I109
sS'pixycocaine'
p474
I109
sS'seen'
p475
I103
sS'mins'
p476
I106
sS'tells'
p477
I106
sS'(:\xe2\x99\xa1'
p478
I109
sS'ray'
p479
I109
sS'genuine'
p480
I109
sS'aikos'
p481
I109
sS'regretting'
p482
I109
sS'convenient'
p483
I109
sS'-'
p484
I101
sS'balling'
p485
I109
sS'others)'
p486
I109
sS'laughed'
p487
I108
sS'rides'
p488
I106
sS'menudo'
p489
I109
sS'blue'
p490
I107
sS'nobody'
p491
I102
sS'lion'
p492
I109
sS'though'
p493
I105
sS'"like"'
p494
I109
sS'regular'
p495
I109
sS'mouth'
p496
I109
sS'addict'
p497
I109
sS'horrible"'
p498
I109
sS'claims'
p499
I109
sS'news...my'
p500
I109
sS'macbook'
p501
I108
sS'grave'
p502
I109
sS'christ'
p503
I109
sS'singer'
p504
I109
sS'episode'
p505
I107
sS'pointe'
p506
I109
sS'rogers'
p507
I109
sS'emailing'
p508
I109
sS'alarm'
p509
I109
sS'camp'
p510
I109
sS'flow'
p511
I109
sS'dog'
p512
I105
sS'doe'
p513
I108
sS'cumbia'
p514
I109
sS'definitely'
p515
I104
sS'xo'
p516
I109
sS'principle'
p517
I109
sS'mailing'
p518
I109
sS'annoyed'
p519
I108
sS'came'
p520
I102
sS'saying'
p521
I107
sS'cooking'
p522
I109
sS'bomb'
p523
I105
sS'chirps'
p524
I109
sS'random'
p525
I107
sS'heckles'
p526
I109
sS'fonzie'
p527
I109
sS'pops'
p528
I109
sS'colors'
p529
I109
sS'radio'
p530
I107
sS'stepping'
p531
I109
sS'ankidouna'
p532
I109
sS'earth'
p533
I107
sS'bibles'
p534
I109
sS'probs'
p535
I109
sS'make'
p536
I74
sS'lessons'
p537
I109
sS'busy'
p538
I109
sS'cousin~'
p539
I109
sS'sleeps'
p540
I109
sS'explain'
p541
I107
sS"baby's"
p542
I104
sS'saludos'
p543
I109
sS'hrs'
p544
I108
sS'than'
p545
I81
sS'aldo'
p546
I109
sS'theme'
p547
I109
sS'ayyye'
p548
I109
sS'deepest'
p549
I108
sS'gods'
p550
I108
sS'today\xe2\x98\xba\xef\xb8\x8f'
p551
I109
sS'god-conscious'
p552
I109
sS'rice'
p553
I109
sS'sporting'
p554
I109
sS'personality'
p555
I109
sS'wearing'
p556
I107
sS'monica'
p557
I104
sS'dm'
p558
I109
sS'strip'
p559
I109
sS'10'
p560
I107
sS'de'
p561
I106
sS'watch'
p562
I103
sS'matsu\xe2\x80\xa6'
p563
I109
sS'da'
p564
I107
sS'is...creepy'
p565
I109
sS'gruposue\xc3\xb1os'
p566
I109
sS'watermelon'
p567
I108
sS'roundabout'
p568
I109
sS'spirit'
p569
I109
sS'wedding'
p570
I107
sS'happiest'
p571
I107
sS'dp'
p572
I109
sS'unfortunately'
p573
I108
sS'runs'
p574
I108
sS'~proverbs'
p575
I109
sS'countries'
p576
I109
sS'emm'
p577
I109
sS'officially'
p578
I105
sS'dias'
p579
I109
sS'friendships/relationships'
p580
I109
sS'bag'
p581
I108
sS'bad'
p582
I73
sS'bae'
p583
I106
sS'coke'
p584
I109
sS'too\xe2\x9d\xa4'
p585
I109
sS'tbfh'
p586
I104
sS'steal'
p587
I109
sS'yasss'
p588
I109
sS"house...it's"
p589
I109
sS'respond'
p590
I107
sS'playstation'
p591
I109
sS'blew'
p592
I109
sS'\xe2\x80\xa2listening'
p593
I109
sS'decides'
p594
I109
sS'beso'
p595
I109
sS'fair'
p596
I109
sS'unmotivated'
p597
I109
sS'w/'
p598
I105
sS'liquor'
p599
I107
sS'mamas'
p600
I109
sS'goodnight'
p601
I103
sS'decided'
p602
I107
sS'hopocalypse'
p603
I109
sS'submitted'
p604
I109
sS'holding'
p605
I109
sS'fail'
p606
I108
sS'day!\xe2\x98\xba\xe2\x98\xba'
p607
I109
sS'best'
p608
I82
sS'pete'
p609
I106
sS'possessed'
p610
I109
sS'un2'
p611
I109
sS'said'
p612
I94
sS'yours.\xe2\x80\x9d'
p613
I109
sS'mitch'
p614
I109
sS'inappropriate'
p615
I108
sS'sorta'
p616
I109
sS'away'
p617
I91
sS'gentleman'
p618
I109
sS'upp...i'
p619
I109
sS'continually'
p620
I108
sS"there's"
p621
I91
sS'hopefully'
p622
I104
sS'lazy'
p623
I104
sS'oomf'
p624
I108
sS'omg'
p625
I89
sS'poehler'
p626
I109
sS'extend'
p627
I109
sS'nature'
p628
I108
sS'he/she'
p629
I109
sS'pontoon'
p630
I109
sS'weak'
p631
I109
sS'$40'
p632
I109
sS'18:52:09.0,34.44683312,-118.62638935,9201.06,carp'
p633
I109
sS'nightmares'
p634
I109
sS'benchmarked'
p635
I109
sS'omw'
p636
I108
sS'wear'
p637
I104
sS'wtf'
p638
I98
sS'downgrade'
p639
I109
sS'cousin'
p640
I109
sS'picking'
p641
I109
sS'kitchen'
p642
I109
sS'faced'
p643
I109
sS'cop'
p644
I107
sS'essentially'
p645
I109
sS'accident'
p646
I108
sS'cow'
p647
I109
sS'met'
p648
I105
sS'resistant'
p649
I109
sS'fault'
p650
I109
sS'ill'
p651
I108
sS'cup'
p652
I109
sS'against'
p653
I108
sS'seirra'
p654
I109
sS'players'
p655
I109
sS'tattle'
p656
I109
sS'games'
p657
I108
sS'faces'
p658
I109
sS'howed'
p659
I109
sS"stefan's"
p660
I109
sS'asked'
p661
I104
sS'fatherrr'
p662
I109
sS'tough'
p663
I109
sS'wait....and'
p664
I109
sS'homies'
p665
I109
sS'm\xc3\xadlo'
p666
I109
sS'character'
p667
I109
sS'vain'
p668
I109
sS'nello'
p669
I109
sS'2nd'
p670
I109
sS'canyon'
p671
I108
sS'snores'
p672
I109
sS'wider'
p673
I109
sS'diff'
p674
I109
sS'trust'
p675
I106
sS'heals'
p676
I109
sS'okay;)'
p677
I109
sS'speak'
p678
I106
sS'bathroom'
p679
I109
sS'<---'
p680
I109
sS'clip'
p681
I109
sS'asks'
p682
I108
sS'basis'
p683
I109
sS'three'
p684
I106
sS'been'
p685
I71
sS'cyrus'
p686
I108
sS'confident'
p687
I109
sS'beer'
p688
I107
sS'much'
p689
I61
sS'urghh'
p690
I109
sS'noel'
p691
I109
sS'basic'
p692
I109
sS'privilege'
p693
I109
sS'lovely'
p694
I108
sS'threw'
p695
I108
sS'life'
p696
I59
sS'melts"'
p697
I109
sS'families'
p698
I109
sS'loft'
p699
I108
sS'drugs'
p700
I108
sS'dawhhhhhh'
p701
I109
sS'concerning'
p702
I109
sS'sunshine'
p703
I109
sS'ariana'
p704
I107
sS'whhy'
p705
I109
sS'fest'
p706
I108
sS'lift'
p707
I108
sS'chile'
p708
I109
sS'child'
p709
I109
sS'catch'
p710
I105
sS'throttle'
p711
I109
sS'chili'
p712
I108
sS'chill'
p713
I107
sS'commerce'
p714
I66
sS'gracias'
p715
I108
sS'tank'
p716
I109
sS'bpm...another'
p717
I109
sS"tweakin'"
p718
I109
sS'castro'
p719
I106
sS'n'
p720
I106
sS'ugly'
p721
I103
sS'near'
p722
I107
sS'teachers'
p723
I108
sS'stopping'
p724
I109
sS'cracked'
p725
I109
sS'voice'
p726
I105
sS'study'
p727
I109
sS'class?,91384\n440887506540568576,grant_marta,2014-03-04'
p728
I109
sS'mistake'
p729
I109
sS'cons'
p730
I107
sS'metropolitan'
p731
I109
sS'played'
p732
I107
sS'naming'
p733
I109
sS'sticker'
p734
I108
sS'sushi'
p735
I108
sS'bobblehead'
p736
I109
sS'it'
p737
I20
sS'shame'
p738
I108
sS'cant'
p739
I107
sS'im'
p740
I90
sS'creepy'
p741
I108
sS'in'
p742
I13
sS'madonna'
p743
I109
sS'shift'
p744
I109
sS'eeeee'
p745
I109
sS'breakfast'
p746
I109
sS'ig'
p747
I108
sS'if'
p748
I45
sS'grown'
p749
I109
sS'brenna'
p750
I109
sS'nike'
p751
I109
sS'things'
p752
I83
sS'realizing'
p753
I108
sS'adjectives'
p754
I109
sS'any'
p755
I98
sS'8pm'
p756
I109
sS'patient'
p757
I109
sS'belly'
p758
I109
sS"18:22:40.0,34.44512914,-118.61314036,9201.06,i'm"
p759
I109
sS'waste'
p760
I109
sS'vegetable'
p761
I109
sS'superman'
p762
I109
sS'mead*'
p763
I109
sS'couple'
p764
I103
sS'acquittal'
p765
I109
sS'lunes'
p766
I109
sS'independent'
p767
I109
sS'bearded'
p768
I109
sS'raid'
p769
I109
sS'sings'
p770
I109
sS'pick'
p771
I107
sS'hang'
p772
I109
sS'rain'
p773
I107
sS'hand'
p774
I108
sS'kik'
p775
I109
sS'fridays'
p776
I109
sS'kim'
p777
I109
sS'redneck'
p778
I42
sS'jealous'
p779
I108
sS'pitch\xe2\x80\xa6'
p780
I109
sS"i'm"
p781
I4
sS'thoughts'
p782
I106
sS'kid'
p783
I102
sS'mentioning'
p784
I109
sS'you...miss'
p785
I109
sS'lucas'
p786
I107
sS'thy'
p787
I108
sS"mother's"
p788
I108
sS'unconditionally'
p789
I108
sS'*leaving'
p790
I109
sS'humble'
p791
I109
sS'itself'
p792
I109
sS'kyle'
p793
I108
sS'ocean'
p794
I108
sS'tho'
p795
I100
sS'pick-me-up'
p796
I109
sS'contact'
p797
I106
sS'greatest'
p798
I109
sS'pandora'
p799
I109
sS'mother'
p800
I109
sS'hearts'
p801
I109
sS'the'
p802
I3
sS'smoked'
p803
I109
sS'yours'
p804
I106
sS'dads'
p805
I108
sS'left'
p806
I100
sS'yeh'
p807
I109
sS"she'll"
p808
I109
sS'just'
p809
I17
sS'yea'
p810
I108
sS'photo'
p811
I106
sS'laptop'
p812
I108
sS'hahahha'
p813
I108
sS'judge'
p814
I109
sS'infinity\xe2\x98\xba\xef\xb8\x8f'
p815
I109
sS'band)'
p816
I109
sS'thanks'
p817
I90
sS'human'
p818
I108
sS'yep'
p819
I109
sS'yes'
p820
I95
sS'tattooed'
p821
I109
sS'yet'
p822
I103
sS'sitting?,91384\n438502868778106880,grant_marta,2014-02-26'
p823
I109
sS'hills'
p824
I109
sS'mix'
p825
I109
sS'cherry'
p826
I109
sS'had'
p827
I70
sS'fog'
p828
I109
sS'office)'
p829
I109
sS'shout'
p830
I109
sS'belongs'
p831
I109
sS'advanced'
p832
I109
sS'easy'
p833
I101
sS'has'
p834
I84
sS'you<<<<'
p835
I109
sS'gave'
p836
I106
sS'casting'
p837
I109
sS'babes'
p838
I108
sS'ninjas'
p839
I109
sS'vanessa'
p840
I109
sS'(val'
p841
I85
sS'breaks'
p842
I108
sS'babeee'
p843
I109
sS'possible'
p844
I108
sS'amarillo'
p845
I109
sS'~jared'
p846
I109
sS'possibly'
p847
I109
sS'boxes'
p848
I109
sS'bastards'
p849
I109
sS'god"'
p850
I109
sS'shadow'
p851
I108
sS'feelings'
p852
I109
sS'burnt'
p853
I109
sS'12:30'
p854
I109
sS'dreams'
p855
I101
sS'apart'
p856
I108
sS'brought'
p857
I108
sS'gift'
p858
I109
sS'hrs...smh'
p859
I109
sS'texts'
p860
I106
sS'cooler'
p861
I109
sS'lily'
p862
I109
sS'hunt'
p863
I109
sS'50'
p864
I108
sS'favoriting'
p865
I109
sS'remind'
p866
I108
sS'night'
p867
I62
sS'notorious'
p868
I109
sS'koooooooo'
p869
I109
sS'prepping'
p870
I109
sS'right'
p871
I73
sS'honored'
p872
I108
sS'fuuuuuck'
p873
I109
sS'deal'
p874
I106
sS'people'
p875
I53
sS'sends'
p876
I109
sS'crown'
p877
I109
sS'to-do'
p878
I109
sS'idgaf'
p879
I107
sS'tajin'
p880
I109
sS'clubs'
p881
I109
sS'printer'
p882
I109
sS"nothing's"
p883
I109
sS'poolside'
p884
I109
sS'dear'
p885
I108
sS'radiohead'
p886
I109
sS'confusing'
p887
I109
sS'shapes'
p888
I109
sS'toxic'
p889
I108
sS'humor'
p890
I109
sS'for'
p891
I18
sS'loose...smh'
p892
I109
sS'/'
p893
I94
sS'up...well'
p894
I109
sS"'i'm"
p895
I109
sS'everything'
p896
I87
sS'asking'
p897
I105
sS'bra'
p898
I109
sS'treadmill'
p899
I109
sS'icp'
p900
I109
sS'adorable'
p901
I107
sS'christmas'
p902
I102
sS'comtorable'
p903
I109
sS'beers'
p904
I109
sS'pls'
p905
I109
sS'dental'
p906
I102
sS'burn'
p907
I107
sS'together,91384\n432188364440088577,hollymsullivan,2014-02-08'
p908
I109
sS'starring'
p909
I108
sS'pinches'
p910
I109
sS'graduated'
p911
I109
sS'memorable'
p912
I109
sS'post'
p913
I106
sS'pll'
p914
I109
sS'pre-sunset'
p915
I109
sS'trophy'
p916
I109
sS"something's"
p917
I109
sS'yelling'
p918
I109
sS'dashboard'
p919
I109
sS'b\xc3\x86'
p920
I109
sS'valentines'
p921
I108
sS'o'
p922
I105
sS'dinner'
p923
I105
sS'stoked'
p924
I109
sS'cherish'
p925
I109
sS'commit'
p926
I109
sS'twitch'
p927
I109
sS'sweater'
p928
I109
sS'facetime'
p929
I108
sS'nerve'
p930
I109
sS'whats'
p931
I109
sS'material'
p932
I109
sS'\xe2\x9a\xab\xef\xb8\x8f'
p933
I109
sS'awh'
p934
I108
sS'bound'
p935
I100
sS'son'
p936
I107
sS'down'
p937
I75
sS'ahs'
p938
I107
sS'vista...weird'
p939
I109
sS'nighttt'
p940
I109
sS'wrap'
p941
I109
sS'old'
p942
I99
sS'shoots'
p943
I109
sS'surround'
p944
I109
sS'waitttt'
p945
I109
sS'amidst'
p946
I109
sS'check...all'
p947
I109
sS'lashes'
p948
I109
sS'wah'
p949
I109
sS'\xe2\x9a\xbd\xe2\x9a\xbd'
p950
I109
sS'panorama'
p951
I109
sS'constantly'
p952
I108
sS'>>>>'
p953
I109
sS'fight'
p954
I108
sS'stuck'
p955
I105
sS'decay'
p956
I109
sS'way'
p957
I66
sS'gio'
p958
I108
sS'music'
p959
I103
sS'wat'
p960
I107
sS'was'
p961
I40
sS'war'
p962
I109
sS'purposely'
p963
I109
sS'happy'
p964
I70
sS'fork'
p965
I68
sS'bert'
p966
I109
sS'head'
p967
I109
sS'30s'
p968
I109
sS'form'
p969
I109
sS'it...dont'
p970
I109
sS'batman'
p971
I109
sS'becoming'
p972
I108
sS'converse'
p973
I107
sS'pobresito'
p974
I109
sS'oil'
p975
I109
sS'31st'
p976
I109
sS'heat'
p977
I106
sS'verde'
p978
I41
sS'hear'
p979
I99
sS'dead'
p980
I107
sS'claim'
p981
I109
sS'passportcheck'
p982
I109
sS'removed'
p983
I109
sS'true'
p984
I104
sS'fort'
p985
I109
sS'responding'
p986
I109
sS'fairchild'
p987
I109
sS"else's"
p988
I109
sS'inside'
p989
I102
sS'attached'
p990
I107
sS'devices'
p991
I109
sS'tell'
p992
I89
sS'psycho"'
p993
I109
sS'nicest'
p994
I109
sS'pckg'
p995
I109
sS'emotional'
p996
I108
sS'honeybooboo'
p997
I109
sS'reminiscing'
p998
I107
sS'promises'
p999
I109
sS'proud'
p1000
I102
sS'22:55:29.0,34.44835386,-118.63546625,9201.06,my'
p1001
I109
sS'sticks'
p1002
I109
sS'classic'
p1003
I109
sS'ecstatic'
p1004
I109
sS'upset'
p1005
I109
sS'cane'
p1006
I109
sS'covers'
p1007
I109
sS'hungry'
p1008
I108
sS'proves'
p1009
I109
sS'exist'
p1010
I109
sS'friends...the'
p1011
I109
sS'annoying'
p1012
I95
sS'trip'
p1013
I104
sS'shit'
p1014
I87
sS'apartment'
p1015
I109
sS'faithful'
p1016
I109
sS'dying'
p1017
I105
sS'no'
p1018
I43
sS'tit'
p1019
I109
sS'meagy'
p1020
I109
sS'when'
p1021
I32
sS'reality'
p1022
I107
sS'til'
p1023
I108
sS'shrine'
p1024
I46
sS'ambitious'
p1025
I109
sS'test'
p1026
I106
sS'tie'
p1027
I109
sS'depot'
p1028
I109
sS'smell'
p1029
I108
sS'roll'
p1030
I107
sS'12:17:48.0,34.44416852,-118.63447264,9201.06,30'
p1031
I109
sS'meeeee'
p1032
I109
sS'picture'
p1033
I106
sS"o'clock"
p1034
I107
sS'surprise'
p1035
I109
sS'felt'
p1036
I106
sS'update'
p1037
I108
sS'diet'
p1038
I109
sS'subtweet'
p1039
I109
sS"let's"
p1040
I105
sS'fell'
p1041
I107
sS'buki'
p1042
I109
sS'rolling'
p1043
I109
sS'shuttuppp'
p1044
I109
sS'weekend'
p1045
I92
sS'unlocking'
p1046
I109
sS'died'
p1047
I109
sS'babysitting'
p1048
I109
sS'9.5/10'
p1049
I109
sS'dulce'
p1050
I109
sS'happening'
p1051
I107
sS'tested'
p1052
I108
sS'assume'
p1053
I108
sS'flag'
p1054
I109
sS'together'
p1055
I105
sS'beds'
p1056
I109
sS'loyal'
p1057
I109
sS'songz'
p1058
I109
sS'time'
p1059
I54
sS'push'
p1060
I107
sS'serious'
p1061
I107
sS'126'
p1062
I102
sS'decision'
p1063
I109
sS'"his'
p1064
I109
sS'songs'
p1065
I107
sS'neighbors'
p1066
I107
sS':/'
p1067
I108
sS':('
p1068
I109
sS':)'
p1069
I82
sS':*'
p1070
I108
sS'dance'
p1071
I106
sS'skip'
p1072
I109
sS'excellent'
p1073
I109
sS'acrylics'
p1074
I109
sS'"boo'
p1075
I109
sS'mile'
p1076
I108
sS'ice'
p1077
I108
sS'skin'
p1078
I108
sS'battle'
p1079
I109
sS'competition'
p1080
I109
sS'hookerfuck'
p1081
I109
sS'21st'
p1082
I109
sS'depend'
p1083
I108
sS'happy."'
p1084
I109
sS'drama-free'
p1085
I109
sS'filming'
p1086
I109
sS'tounge'
p1087
I108
sS'moreeee'
p1088
I109
sS'hump'
p1089
I109
sS'april'
p1090
I109
sS'good"'
p1091
I109
sS'environment'
p1092
I109
sS'amaze'
p1093
I109
sS'finally'
p1094
I101
sS'hellllllllo'
p1095
I109
sS'ven'
p1096
I109
sS'explode'
p1097
I109
sS"5'4"
p1098
I109
sS'brown'
p1099
I109
sS'protective'
p1100
I107
sS'advantage'
p1101
I108
sS'life...lol'
p1102
I109
sS'everythang\xe2\x9b\xb3\xef\xb8\x8f\xe2\x9d\xa4\xef\xb8\x8f'
p1103
I109
sS'esv)'
p1104
I108
sS'espa\xc3\xb1ol'
p1105
I109
sS'none'
p1106
I107
sS'hatter'
p1107
I109
sS'choice'
p1108
I108
sS'warrrrr'
p1109
I109
sS'vegas'
p1110
I107
sS'kitten'
p1111
I108
sS'cook'
p1112
I108
sS'join'
p1113
I109
sS':p'
p1114
I106
sS'minute'
p1115
I104
sS'cool'
p1116
I103
sS'temper.\xe2\x80\x9d'
p1117
I109
sS'mahh'
p1118
I109
sS'foo'
p1119
I109
sS'clouds'
p1120
I109
sS'fuckdown'
p1121
I109
sS'level'
p1122
I109
sS'did'
p1123
I96
sS'die'
p1124
I107
sS'fragile'
p1125
I109
sS'peeps'
p1126
I108
sS'brother'
p1127
I105
sS'turnt'
p1128
I109
sS'good-'
p1129
I109
sS'leave'
p1130
I104
sS'soooo'
p1131
I107
sS'drakes'
p1132
I109
sS'subway'
p1133
I109
sS'team'
p1134
I104
sS'quick'
p1135
I108
sS'lever'
p1136
I109
sS'guy'
p1137
I83
sS'.___'
p1138
I109
sS'round'
p1139
I109
sS'added'
p1140
I109
sS"it'll"
p1141
I108
sS'spiritual'
p1142
I109
sS'accomplishment'
p1143
I108
sS'says'
p1144
I106
sS'regret'
p1145
I106
sS'upbeet'
p1146
I109
sS'two-faced'
p1147
I109
sS'sigh'
p1148
I109
sS'discover'
p1149
I109
sS'sigo'
p1150
I109
sS'sign'
p1151
I108
sS'jaymee'
p1152
I109
sS'cost'
p1153
I109
sS'shirts'
p1154
I108
sS'haha,91384\n431186095900876800,grant_marta,2014-02-05'
p1155
I109
sS'!!:)'
p1156
I109
sS'photographed'
p1157
I109
sS'chicken'
p1158
I108
sS'irritated'
p1159
I109
sS'feas'
p1160
I109
sS'stressful'
p1161
I109
sS'appear'
p1162
I109
sS'mister'
p1163
I109
sS"dahmer's"
p1164
I42
sS'remain'
p1165
I108
sS'uniform'
p1166
I107
sS'business'
p1167
I109
sS"carter's"
p1168
I109
sS'goes'
p1169
I105
sS'nine'
p1170
I109
sS'falling'
p1171
I109
sS'chromebook'
p1172
I109
sS'sweaters'
p1173
I107
sS'b\xc3\xa6'
p1174
I108
sS'filled'
p1175
I109
sS'&gt;&gt;&gt'
p1176
I109
sS'drink/'
p1177
I109
sS'morgan'
p1178
I109
sS'sheeit'
p1179
I109
sS'doubt'
p1180
I109
sS'french'
p1181
I109
sS'rug'
p1182
I109
sS'water'
p1183
I104
sS'exceptions'
p1184
I109
sS'woot'
p1185
I106
sS'chango'
p1186
I109
sS'yards'
p1187
I109
sS'alone'
p1188
I95
sS'along'
p1189
I107
sS'forrrr'
p1190
I109
sS'earthquake'
p1191
I108
sS'change'
p1192
I98
sS'wait'
p1193
I82
sS'box'
p1194
I108
sS'boy'
p1195
I100
sS'buttttt'
p1196
I109
sS'snubbed'
p1197
I109
sS'root'
p1198
I109
sS'givin'
p1199
I109
sS'show!!\xc2\xa1\xc2\xa1'
p1200
I109
sS'bow'
p1201
I109
sS'91:11'
p1202
I109
sS'cinnamon'
p1203
I109
sS'ughhh'
p1204
I109
sS'boo'
p1205
I107
sS'usually'
p1206
I109
sS'tha'
p1207
I109
sS'weird'
p1208
I105
sS'waaaaaaaaaaaaat'
p1209
I109
sS'pillow'
p1210
I109
sS'massage'
p1211
I109
sS'salon)'
p1212
I109
sS'teenage'
p1213
I109
sS'ipa'
p1214
I108
sS'love'
p1215
I35
sS"god's"
p1216
I109
sS'hiking'
p1217
I108
sS'extra'
p1218
I109
sS'hopeful'
p1219
I109
sS'prefer'
p1220
I108
sS'losing'
p1221
I109
sS'fake'
p1222
I105
sS'"my'
p1223
I109
sS'market'
p1224
I108
sS'sweating'
p1225
I109
sS'net-working'
p1226
I109
sS'troops'
p1227
I109
sS'working'
p1228
I95
sS'homesick'
p1229
I109
sS'aye'
p1230
I108
sS'positive'
p1231
I105
sS'angry'
p1232
I107
sS'cooperates'
p1233
I109
sS'dude'
p1234
I103
sS'only'
p1235
I77
sS'perm'
p1236
I109
sS'10:12'
p1237
I109
sS'sarcasm2)'
p1238
I109
sS'live'
p1239
I95
sS'wood'
p1240
I109
sS'iphone'
p1241
I107
sS'wondering'
p1242
I108
sS'memory'
p1243
I108
sS'black'
p1244
I109
sS'thru'
p1245
I108
sS'angels'
p1246
I109
sS'today'
p1247
I55
sS'wicked'
p1248
I108
sS'chapter'
p1249
I109
sS'\xe2\x80\xa2happy'
p1250
I108
sS'sharing'
p1251
I109
sS'club'
p1252
I109
sS'ooh'
p1253
I109
sS'clue'
p1254
I109
sS'ojai'
p1255
I109
sS'drown'
p1256
I107
sS'everywhere'
p1257
I107
sS'line!!"'
p1258
I109
sS'suckaa'
p1259
I109
sS'olive'
p1260
I109
sS'effort'
p1261
I109
sS'z'
p1262
I109
sS'fly'
p1263
I107
sS'douche'
p1264
I106
sS'piles'
p1265
I108
sS'niggas'
p1266
I107
sS'(proverbs'
p1267
I109
sS'car'
p1268
I100
sS'quoting'
p1269
I109
sS'pretend'
p1270
I108
sS'soul'
p1271
I109
sS'jude'
p1272
I109
sS'cat'
p1273
I109
sS'purge'
p1274
I109
sS'soup'
p1275
I109
sS'can'
p1276
I48
sS'co-workers'
p1277
I109
sS'braaaaat'
p1278
I109
sS'growing'
p1279
I108
sS'making'
p1280
I104
sS'laughter'
p1281
I109
sS'streak'
p1282
I109
sS'heart'
p1283
I95
sS'crazy'
p1284
I105
sS'months'
p1285
I100
sS'figure'
p1286
I109
sS'mirrors'
p1287
I109
sS'december'
p1288
I109
sS'awesome'
p1289
I105
sS'*hear'
p1290
I109
sS"didn't"
p1291
I84
sS'fuck'
p1292
I69
sS'sample'
p1293
I108
sS'heard'
p1294
I107
sS'chin'
p1295
I109
sS'purity'
p1296
I106
sS'sixxxx'
p1297
I109
sS'allowed'
p1298
I109
sS'flyest'
p1299
I109
sS'counting'
p1300
I109
sS'clothing'
p1301
I109
sS'freshen'
p1302
I109
sS'mention'
p1303
I109
sS'pink'
p1304
I107
sS'lacks'
p1305
I109
sS'winter'
p1306
I107
sS'deserves'
p1307
I109
sS'watching'
p1308
I98
sS'1'
p1309
I103
sS'till'
p1310
I101
sS'sunday'
p1311
I105
sS'fourth'
p1312
I109
sS'haveing'
p1313
I109
sS'youth'
p1314
I109
sS'speaks'
p1315
I109
sS'photography'
p1316
I109
sS'rinks'
p1317
I109
sS'?\xc2\xbf'
p1318
I109
sS'staying'
p1319
I106
sS'day--realizing'
p1320
I109
sS'cocktail'
p1321
I109
sS'information'
p1322
I109
sS'may'
p1323
I102
sS'serano'
p1324
I109
sS'22:11'
p1325
I109
sS'stripes'
p1326
I109
sS'heartbreaking'
p1327
I109
sS'birthday'
p1328
I92
sS'eeeyyyyy'
p1329
I109
sS'mad'
p1330
I97
sS'date'
p1331
I107
sS'such'
p1332
I103
sS'suck'
p1333
I108
sS'guys'
p1334
I87
sS'grow'
p1335
I106
sS'unbelievably'
p1336
I109
sS'man'
p1337
I96
sS'prob'
p1338
I109
sS'ohmygawd'
p1339
I109
sS'natural'
p1340
I109
sS'remember'
p1341
I93
sS'tbh'
p1342
I93
sS'whenever'
p1343
I107
sS'maybe'
p1344
I102
sS'hehehehehe'
p1345
I109
sS'leater'
p1346
I109
sS'provide'
p1347
I109
sS'preciosos!,91384\n437732356351225857,amacchiavellotv,2014-02-23'
p1348
I109
sS'frontin'
p1349
I108
sS'so'
p1350
I19
sS'"do'
p1351
I109
sS'basket'
p1352
I108
sS'sb'
p1353
I108
sS'sa'
p1354
I109
sS'junction'
p1355
I109
sS'pulled'
p1356
I109
sS'police-krs'
p1357
I108
sS'talk'
p1358
I98
sS'sd'
p1359
I108
sS'cute'
p1360
I87
sS'breaking'
p1361
I109
sS'shoes'
p1362
I102
sS'constituents'
p1363
I109
sS'pointed'
p1364
I109
sS'wishing'
p1365
I107
sS'years'
p1366
I103
sS'course'
p1367
I107
sS'yearn'
p1368
I109
sS'(ugh)'
p1369
I109
sS'procrastinator'
p1370
I109
sS'shake'
p1371
I109
sS'statements'
p1372
I109
sS'cold'
p1373
I104
sS'still'
p1374
I70
sS'worship'
p1375
I108
sS'anything...lol'
p1376
I109
sS'group'
p1377
I104
sS'thank'
p1378
I92
sS'how'
p1379
I50
sS'interesting'
p1380
I107
sS'birthdays'
p1381
I109
sS'hot'
p1382
I105
sS'dead*'
p1383
I109
sS'boooo'
p1384
I109
sS'celebrate'
p1385
I109
sS'thanx'
p1386
I108
sS'mehhhhh'
p1387
I109
sS'tweets'
p1388
I105
sS'mail'
p1389
I109
sS'troubled'
p1390
I109
sS'into'
p1391
I92
sS'limbo'
p1392
I109
sS'happened'
p1393
I101
sS"pat's"
p1394
I109
sS'\xe2\x80\xa2wanna'
p1395
I109
sS'lonely'
p1396
I108
sS'offffffff'
p1397
I109
sS'moms'
p1398
I107
sS'killer'
p1399
I109
sS'insomnia'
p1400
I108
sS'cut*'
p1401
I109
sS'lunch'
p1402
I101
sS'ipod\xe2\x9d\xa4\xe2\x9d\xa4\xe2\x9d\xa4\xe2\x9d\xa4\xe2\x9d\xa4\xe2\x9d\xa4\xe2\x9d\xa4'
p1403
I109
sS'half'
p1404
I107
sS'not'
p1405
I30
sS'now'
p1406
I58
sS'ahaha'
p1407
I108
sS'bullshit'
p1408
I109
sS'runners'
p1409
I109
sS'wagon'
p1410
I109
sS'"bestfriend"'
p1411
I109
sS'name'
p1412
I100
sS'thankful'
p1413
I106
sS'james'
p1414
I108
sS'drop'
p1415
I109
sS'leak'
p1416
I109
sS'debating'
p1417
I108
sS"now...i'm"
p1418
I109
sS'note...i'
p1419
I109
sS'desde'
p1420
I108
sS'butter'
p1421
I109
sS'rock'
p1422
I109
sS'muchas'
p1423
I109
sS'repaired'
p1424
I109
sS'turtle'
p1425
I109
sS'en'
p1426
I109
sS'lowkey'
p1427
I107
sS'benito'
p1428
I108
sS'yeah'
p1429
I102
sS'car*'
p1430
I109
sS'balanced'
p1431
I109
sS'fires'
p1432
I109
sS'catching'
p1433
I108
sS'feeeel'
p1434
I109
sS'ex'
p1435
I108
sS'ooooooooooooo'
p1436
I109
sS'year'
p1437
I87
sS'gtfo'
p1438
I109
sS'girl'
p1439
I78
sS'worried'
p1440
I109
sS'obsession'
p1441
I109
sS'amusement'
p1442
I109
sS'tried'
p1443
I108
sS'album'
p1444
I109
sS":'("
p1445
I108
sS'shown'
p1446
I109
sS'charms'
p1447
I109
sS'3rd'
p1448
I109
sS'space'
p1449
I108
sS'blt'
p1450
I108
sS'-jerrie'
p1451
I109
sS'ugly.\xe2\x80\x9d'
p1452
I109
sS'obispo'
p1453
I109
sS'looking'
p1454
I94
sS'mess'
p1455
I106
sS'seriously'
p1456
I94
sS'miles'
p1457
I108
sS"shouldn't"
p1458
I105
sS'fairs'
p1459
I109
sS'receiving'
p1460
I108
sS'nudes'
p1461
I109
sS'correct'
p1462
I109
sS'shows'
p1463
I106
sS'eagle'
p1464
I109
sS'smalls'
p1465
I109
sS'earlier'
p1466
I107
sS'carr'
p1467
I109
sS'cars'
p1468
I108
sS'million'
p1469
I109
sS'rely'
p1470
I109
sS'hulk'
p1471
I109
sS'quite'
p1472
I109
sS'am-touch'
p1473
I99
sS'complicated'
p1474
I108
sS"maybe....who's"
p1475
I109
sS'besides'
p1476
I109
sS'grandma'
p1477
I106
sS'brooke'
p1478
I109
sS'cough'
p1479
I107
sS'marine'
p1480
I108
sS'\xee\x84\x93'
p1481
I109
sS"7-11's"
p1482
I109
sS'care'
p1483
I97
sS'profesh'
p1484
I109
sS'training'
p1485
I108
sS'language'
p1486
I108
sS'ministry'
p1487
I109
sS'dunno'
p1488
I109
sS'headphones'
p1489
I108
sS'punk'
p1490
I109
sS'honest'
p1491
I107
sS'christinexle'
p1492
I109
sS'turn'
p1493
I96
sS'butterflies'
p1494
I108
sS'place'
p1495
I100
sS'preach'
p1496
I107
sS'yess'
p1497
I108
sS'think'
p1498
I71
sS'waited'
p1499
I109
sS'first'
p1500
I92
sS'emotion'
p1501
I109
sS'cheese'
p1502
I107
sS'foosho'
p1503
I109
sS'flying'
p1504
I108
sS'saving'
p1505
I109
sS'pendejo'
p1506
I108
sS'safety'
p1507
I109
sS'yourself'
p1508
I100
sS'enthralled'
p1509
I109
sS'long'
p1510
I86
sS'spanish'
p1511
I104
sS'impossible'
p1512
I106
sS'sounds'
p1513
I102
sS'open'
p1514
I103
sS'tomorrow'
p1515
I83
sS'ios7'
p1516
I109
sS'size'
p1517
I108
sS'city'
p1518
I78
sS'given'
p1519
I106
sS'necessarily'
p1520
I109
sS'personalities'
p1521
I109
sS'quality'
p1522
I109
sS'everything!\xe2\x80\x9d'
p1523
I109
sS'citp'
p1524
I109
sS'(:\xe2\x80\x9d'
p1525
I109
sS'bite'
p1526
I108
sS'slept'
p1527
I109
sS'europe'
p1528
I109
sS'moniii_geee'
p1529
I109
sS't'
p1530
I109
sS'anyone'
p1531
I104
sS'guadalupe'
p1532
I109
sS'fml'
p1533
I106
sS'2'
p1534
I92
sS'draft'
p1535
I109
sS'typing'
p1536
I109
sS'white'
p1537
I107
sS'home...at'
p1538
I109
sS'friend'
p1539
I97
sS'gives'
p1540
I100
sS'bitchhhh'
p1541
I109
sS'eyes'
p1542
I99
sS'hug'
p1543
I109
sS'hydro'
p1544
I109
sS'that'
p1545
I21
sS'season'
p1546
I107
sS'randle'
p1547
I109
sS'hurtful'
p1548
I109
sS'huh'
p1549
I109
sS'refuse'
p1550
I109
sS'ridiculous'
p1551
I108
sS'placerita'
p1552
I109
sS'uoeno'
p1553
I109
sS'x2'
p1554
I109
sS'fooled'
p1555
I109
sS'seat'
p1556
I109
sS'appreciated'
p1557
I108
sS"here's"
p1558
I109
sS'boyfriend'
p1559
I104
sS'11'
p1560
I109
sS'wide'
p1561
I108
sS'cracks'
p1562
I109
sS'15'
p1563
I109
sS'lmao'
p1564
I90
sS'sailing'
p1565
I109
sS'16'
p1566
I109
sS'depressed'
p1567
I108
sS'18'
p1568
I100
sS'gotta'
p1569
I103
sS'summary'
p1570
I109
sS'ventura'
p1571
I103
sS'future'
p1572
I107
sS'were'
p1573
I91
sS'1)'
p1574
I109
sS'college'
p1575
I99
sS'marines'
p1576
I109
sS'~william'
p1577
I109
sS'proactive'
p1578
I109
sS'rn,91355\n409435816318869504,anthonyg1993,2013-12-07'
p1579
I109
sS'and'
p1580
I16
sS'illness'
p1581
I109
sS'san'
p1582
I107
sS'pro'
p1583
I109
sS'parking'
p1584
I109
sS'turned'
p1585
I109
sS'give?i'
p1586
I109
sS'slap'
p1587
I107
sS'sad'
p1588
I98
sS'17:22:34.0,34.4522713,-118.6165283,9201.06,belgium'
p1589
I109
sS'say'
p1590
I79
sS'yoursthey'
p1591
I109
sS'anger'
p1592
I108
sS'sells'
p1593
I109
sS'saw'
p1594
I108
sS'castaic'
p1595
I79
sS'kevin'
p1596
I109
sS'sat'
p1597
I109
sS'\xe2\x80\xa2everything'
p1598
I109
sS'masss'
p1599
I109
sS'noches'
p1600
I109
sS'offer'
p1601
I109
sS'aside'
p1602
I109
sS'shocked'
p1603
I109
sS'note'
p1604
I108
sS'omfg'
p1605
I108
sS'ideal'
p1606
I109
sS'18th'
p1607
I109
sS'take'
p1608
I78
sS'online'
p1609
I107
sS'shocker'
p1610
I109
sS'wanting'
p1611
I108
sS'"careless'
p1612
I109
sS'$200'
p1613
I109
sS'channel'
p1614
I107
sS'dread'
p1615
I109
sS'begin'
p1616
I108
sS'sure'
p1617
I103
sS'pain'
p1618
I102
sS'normal'
p1619
I108
sS'uyy'
p1620
I109
sS'knew'
p1621
I106
sS'paid'
p1622
I109
sS'cannn'
p1623
I109
sS'back!:)'
p1624
I109
sS'freshman'
p1625
I108
sS'america'
p1626
I109
sS'woooo'
p1627
I109
sS'5:30...o'
p1628
I109
sS'you!,91355\n428963230141407232,hillerjohn,2014-01-30'
p1629
I109
sS'forever'
p1630
I94
sS'especially'
p1631
I107
sS'notifications'
p1632
I109
sS'considered'
p1633
I109
sS'egg'
p1634
I109
sS'later'
p1635
I108
sS'steady'
p1636
I109
sS'drive'
p1637
I104
sS'\xe2\x80\xa2is'
p1638
I109
sS'ways'
p1639
I108
sS'sunset'
p1640
I108
sS'uncle'
p1641
I109
sS'senior'
p1642
I104
sS'salt'
p1643
I109
sS'review'
p1644
I109
sS'diaper'
p1645
I109
sS'shop'
p1646
I109
sS'walking'
p1647
I103
sS'shot'
p1648
I107
sS'show'
p1649
I90
sS'mains'
p1650
I109
sS'cheap'
p1651
I108
sS'peaches'
p1652
I109
sS'shoe'
p1653
I109
sS'\xe2\x80\xa2mid'
p1654
I109
sS'corner'
p1655
I106
sS'imagined'
p1656
I109
sS'~jack'
p1657
I109
sS'curled'
p1658
I109
sS'aint'
p1659
I108
sS'obligated'
p1660
I109
sS'slow'
p1661
I106
sS'laughlin'
p1662
I109
sS'\xe2\x9c\x8b'
p1663
I97
sS'(tied'
p1664
I109
sS'nodded'
p1665
I109
sS'dick'
p1666
I108
sS'saints'
p1667
I109
sS'enough'
p1668
I98
sS'considering'
p1669
I108
sS'tears'
p1670
I104
sS'going'
p1671
I63
sS'actin'
p1672
I108
sS'posted'
p1673
I108
sS',91355\n492790098627293184,timhanna28,2014-07-25'
p1674
I109
sS'hippo'
p1675
I109
sS"dinner...it's"
p1676
I109
sS'get'
p1677
I38
sS'5:30am'
p1678
I109
sS'between'
p1679
I109
sS'freezing'
p1680
I106
sS'milkshakes'
p1681
I109
sS'truly'
p1682
I103
sS'cannot'
p1683
I106
sS'bracelets'
p1684
I109
sS'sciatic'
p1685
I109
sS'bastille'
p1686
I109
sS'is'
p1687
I14
sS'freaking'
p1688
I108
sS'"dirty'
p1689
I109
sS'frackin'
p1690
I109
sS'beaachhh'
p1691
I109
sS'colossus'
p1692
I109
sS'isnt'
p1693
I109
sS'yield'
p1694
I109
sS'morning'
p1695
I81
sS'naked'
p1696
I108
sS'jokes'
p1697
I109
sS'amando'
p1698
I109
sS'stupid'
p1699
I96
sS"could've"
p1700
I109
sS'920'
p1701
I109
sS'miley'
p1702
I108
sS'finishing'
p1703
I109
sS'mind"'
p1704
I109
sS'where'
p1705
I86
sS"everything's"
p1706
I106
sS'husband'
p1707
I109
sS'crystal'
p1708
I109
sS"y'all"
p1709
I108
sS"karley's"
p1710
I109
sS'lyft'
p1711
I109
sS'concert'
p1712
I107
sS"church's"
p1713
I109
sS'physically'
p1714
I109
sS'mtv'
p1715
I109
sS'dord'
p1716
I109
sS'ma\xc3\xb1ana'
p1717
I109
sS'paisita'
p1718
I109
sS'(psalm'
p1719
I108
sS'asleep'
p1720
I104
sS'job"'
p1721
I109
sS'hoes'
p1722
I108
sS'stalking'
p1723
I109
sS'rager'
p1724
I109
sS'wonder'
p1725
I104
sS'defensively'
p1726
I109
sS'fails'
p1727
I108
sS'plsssss'
p1728
I109
sS'lettin'
p1729
I108
sS'camping'
p1730
I108
sS'generosity'
p1731
I109
sS'24/7'
p1732
I108
sS'cleaning'
p1733
I109
sS'heart...take'
p1734
I109
sS'byob'
p1735
I109
sS'3'
p1736
I98
sS'joy'
p1737
I109
sS'killin'
p1738
I109
sS"tuesday's"
p1739
I109
sS'reading'
p1740
I104
sS'man-'
p1741
I109
sS'oversized'
p1742
I107
sS'bummed'
p1743
I108
sS'jobs'
p1744
I106
sS'parent'
p1745
I107
sS'kool'
p1746
I108
sS'prettiest'
p1747
I107
sS'screen'
p1748
I109
sS'tus'
p1749
I109
sS'crucified'
p1750
I109
sS'jr'
p1751
I109
sS'inseparable'
p1752
I109
sS'blame'
p1753
I109
sS'cups?\xc2\xbf'
p1754
I109
sS'camarillo'
p1755
I109
sS'como'
p1756
I109
sS'jk'
p1757
I106
sS'great\xe2\x80\x9d'
p1758
I109
sS'killing'
p1759
I109
sS'come'
p1760
I88
sS'lopez'
p1761
I109
sS'21'
p1762
I109
sS'sikeeeee'
p1763
I109
sS'reaction'
p1764
I107
sS'daddy'
p1765
I107
sS'talented'
p1766
I109
sS'mona'
p1767
I109
sS'successes'
p1768
I109
sS'many'
p1769
I96
sS'dedicate'
p1770
I109
sS'personal'
p1771
I109
sS'berry'
p1772
I109
sS'-nl'
p1773
I109
sS"can't"
p1774
I45
sS'mind....tomorrow'
p1775
I109
sS'among'
p1776
I109
sS'felicia"'
p1777
I109
sS'madness'
p1778
I109
sS'merry'
p1779
I109
sS'cancer'
p1780
I109
sS'strifebut'
p1781
I109
sS'color'
p1782
I109
sS'highlight'
p1783
I109
sS'hurts'
p1784
I107
sS'jeans'
p1785
I108
sS'period'
p1786
I108
sS'football'
p1787
I108
sS'resentment'
p1788
I109
sS'60'
p1789
I109
sS'"baby'
p1790
I109
sS"kelli's"
p1791
I109
sS'stretched'
p1792
I109
sS'learning'
p1793
I108
sS'constant'
p1794
I109
sS'crew'
p1795
I109
sS'precious'
p1796
I109
sS'badddddd'
p1797
I109
sS'caring'
p1798
I105
sS'save'
p1799
I109
sS'unusual'
p1800
I109
sS'cycling'
p1801
I109
sS'dress('
p1802
I109
sS'cares'
p1803
I105
sS'west'
p1804
I101
sS'vacation'
p1805
I107
sS'camelback'
p1806
I109
sS'mark'
p1807
I108
sS'cared'
p1808
I109
sS'\xe2\x9d\x84\xef\xb8\x8f\xe2\x9b\x84\xef\xb8\x8f\xe2\x98\x94\xef\xb8\x8f'
p1809
I109
sS'peaceful'
p1810
I108
sS'miller-time'
p1811
I109
sS'hardly'
p1812
I108
sS'500'
p1813
I109
sS'wants'
p1814
I104
sS'shopping'
p1815
I105
sS"schools'"
p1816
I109
sS'thousand'
p1817
I109
sS'resistance'
p1818
I109
sS'(29011'
p1819
I109
sS'imy'
p1820
I109
sS'wake'
p1821
I99
sS'"who'
p1822
I109
sS'crumble'
p1823
I109
sS'irrelevant'
p1824
I109
sS'argentina'
p1825
I109
sS'those'
p1826
I99
sS'sound'
p1827
I103
sS'myself'
p1828
I93
sS'besame'
p1829
I108
sS'casa'
p1830
I109
sS'mmmmmmkay'
p1831
I109
sS'these'
p1832
I98
sS'tribal'
p1833
I109
sS'!\xe2\x99\xa1'
p1834
I109
sS'sex'
p1835
I109
sS'endures'
p1836
I109
sS'tragedy'
p1837
I109
sS"luv'n"
p1838
I109
sS'ratchet'
p1839
I108
sS'behyram'
p1840
I109
sS'r&d,91355\n483617423795298305,amacchiavellotv,2014-06-30'
p1841
I109
sS'situation'
p1842
I108
sS'invited'
p1843
I109
sS'coolest'
p1844
I108
sS'cigs'
p1845
I109
sS'awww'
p1846
I109
sS'you...i'
p1847
I109
sS'purse'
p1848
I109
sS'coffee'
p1849
I106
sS'sleeping'
p1850
I107
sS'couples'
p1851
I107
sS'middle'
p1852
I107
sS'someone'
p1853
I55
sS'punched'
p1854
I109
sS'minds'
p1855
I109
sS'susy'
p1856
I109
sS'motivated'
p1857
I109
sS'obnoxious'
p1858
I109
sS'stickers'
p1859
I109
sS'ivy'
p1860
I107
sS'worry'
p1861
I107
sS'*sarah'
p1862
I109
sS'bags'
p1863
I108
sS'different'
p1864
I103
sS'daddio'
p1865
I109
sS'pat'
p1866
I105
sS'harsh'
p1867
I109
sS'author'
p1868
I109
sS'ian\xe2\x80\x9d'
p1869
I109
sS'pay'
p1870
I104
sS'granted'
p1871
I109
sS'bowl'
p1872
I109
sS'insidious'
p1873
I109
sS'same'
p1874
I97
sS'check'
p1875
I108
sS'withunless'
p1876
I109
sS'ya'
p1877
I102
sS'acquaintances'
p1878
I109
sS'speech'
p1879
I109
sS'catfish'
p1880
I109
sS'coworkers'
p1881
I109
sS'"i'
p1882
I108
sS'blowjob'
p1883
I109
sS'disappointment'
p1884
I109
sS'week'
p1885
I95
sS'noble'
p1886
I109
sS'finish'
p1887
I106
sS'barefoot'
p1888
I109
sS'closest'
p1889
I109
sS'it"'
p1890
I109
sS'earthquake\xe2\x80\x9d'
p1891
I109
sS'endthis'
p1892
I109
sS'drives'
p1893
I109
sS'weed'
p1894
I108
sS'director'
p1895
I109
sS'running'
p1896
I104
sS'salon,91355\n457947471952363521,kaibarnesdancer,2014-04-20'
p1897
I109
sS'totally'
p1898
I108
sS'swallow'
p1899
I109
sS'mentally'
p1900
I109
sS'weave'
p1901
I109
sS'\xe2\x9c\x8c\xef\xb8\x8f'
p1902
I99
sS'flaked'
p1903
I109
sS'burrito'
p1904
I109
sS'lordand'
p1905
I109
sS'charges'
p1906
I109
sS'charger'
p1907
I109
sS'ranch'
p1908
I106
sS'm.i.a'
p1909
I109
sS'nesss'
p1910
I109
sS'nothin'
p1911
I109
sS'severe'
p1912
I109
sS'without'
p1913
I97
sS'flakes'
p1914
I109
sS'comes'
p1915
I101
sS'genie'
p1916
I109
sS'grumpy'
p1917
I108
sS'commercials'
p1918
I109
sS"you've"
p1919
I104
sS'summer'
p1920
I99
sS'\xe2\x98\xba\xef\xb8\x8f'
p1921
I91
sS'noah'
p1922
I109
sS'being'
p1923
I77
sS'money'
p1924
I101
sS'sundeck'
p1925
I42
sS'fueling'
p1926
I109
sS'neon'
p1927
I109
sS'actions'
p1928
I106
sS'kill'
p1929
I101
sS'wifey'
p1930
I109
sS'tis'
p1931
I109
sS'tomorrows'
p1932
I109
sS'jeloni'
p1933
I109
sS'blow'
p1934
I109
sS'kardashian'
p1935
I109
sS'death'
p1936
I107
sS'esperanza"'
p1937
I109
sS'21:34:40.0,34.4244871,-118.64663643,9201.06,that'
p1938
I109
sS'thinking'
p1939
I105
sS"we've"
p1940
I109
sS"everyone's"
p1941
I108
sS'except'
p1942
I108
sS'weenie'
p1943
I108
sS'mann'
p1944
I108
sS'lets'
p1945
I105
sS'4'
p1946
I101
sS'sucked'
p1947
I109
sS'festivities,91355\n490539455619424257,1casstheass,2014-07-19'
p1948
I109
sS'tuesday'
p1949
I109
sS'real'
p1950
I100
sS'around'
p1951
I87
sS'kills'
p1952
I107
sS'read'
p1953
I104
sS'hve'
p1954
I109
sS'(1'
p1955
I109
sS'fridge'
p1956
I108
sS'gonna'
p1957
I95
sS'dark'
p1958
I103
sS'warehouse'
p1959
I109
sS'realist'
p1960
I109
sS'ants'
p1961
I109
sS'listening'
p1962
I106
sS'(-'
p1963
I109
sS'world'
p1964
I95
sS'psp'
p1965
I109
sS'cd'
p1966
I109
sS'blankets'
p1967
I109
sS'dare'
p1968
I109
sS'moss'
p1969
I109
sS'slaughterhouse'
p1970
I109
sS'macarthur'
p1971
I109
sS'stay"'
p1972
I109
sS'stranger'
p1973
I109
sS'amigobooth'
p1974
I109
sS'patrick'
p1975
I109
sS'pregnant'
p1976
I107
sS'monii_love28'
p1977
I108
sS'miracle'
p1978
I109
sS'siempre\xe2\x9c\x8b'
p1979
I109
sS'chamber'
p1980
I109
sS'audience'
p1981
I109
sS'maker'
p1982
I109
sS'nose'
p1983
I107
sS'occasions'
p1984
I108
sS'unbalanced'
p1985
I109
sS'accidentally'
p1986
I109
sS';p'
p1987
I108
sS'-my'
p1988
I109
sS"couldn't"
p1989
I108
sS'joking'
p1990
I109
sS'doll'
p1991
I107
sS"'love"
p1992
I109
sS'confused'
p1993
I108
sS'ewww'
p1994
I108
sS'butt'
p1995
I109
sS'lobster'
p1996
I109
sS'snatched'
p1997
I109
sS'kings'
p1998
I109
sS'playin'
p1999
I109
sS'snoring'
p2000
I108
sS'bigger'
p2001
I109
sS'thinks'
p2002
I108
sS'ahhhhhh'
p2003
I109
sS'gross'
p2004
I108
sS'slice'
p2005
I109
sS'mood'
p2006
I104
sS'in\xe2\x80\xa6'
p2007
I109
sS'memories'
p2008
I108
sS'wheaties'
p2009
I109
sS'irma'
p2010
I109
sS'celebrated'
p2011
I109
sS'slick'
p2012
I109
sS'stops'
p2013
I109
sS'moon'
p2014
I107
sS'rooming'
p2015
I109
sS'exit'
p2016
I109
sS'dies'
p2017
I109
sS'me...good'
p2018
I109
sS'decent'
p2019
I109
sS'cramps'
p2020
I108
sS'welcome'
p2021
I104
sS'power'
p2022
I106
sS'asap'
p2023
I103
sS'seconds'
p2024
I108
sS'seing'
p2025
I109
sS'nails'
p2026
I107
sS'wrong?"'
p2027
I108
sS'eh...have'
p2028
I109
sS'rain\xe2\x9b\x85'
p2029
I109
sS'untill'
p2030
I109
sS'broken'
p2031
I107
sS'terrified'
p2032
I109
sS'throwback'
p2033
I108
sS':)))'
p2034
I109
sS';)'
p2035
I107
sS'exciting'
p2036
I109
sS'palmdale'
p2037
I108
sS'beaches'
p2038
I109
sS'oo'
p2039
I109
sS'on'
p2040
I26
sS'stone'
p2041
I107
sS'ok'
p2042
I104
sS'oh'
p2043
I75
sS'of'
p2044
I12
sS'industry'
p2045
I66
sS'teddy'
p2046
I109
sS'favorite'
p2047
I97
sS'shrimp'
p2048
I109
sS'chop'
p2049
I109
sS'journey'
p2050
I108
sS'stand'
p2051
I103
sS'act'
p2052
I105
sS'mixed'
p2053
I109
sS'free"'
p2054
I109
sS'luck'
p2055
I106
sS'here....guess'
p2056
I109
sS'or'
p2057
I75
sS'road'
p2058
I105
sS'kory'
p2059
I109
sS'heater'
p2060
I109
sS'ladies'
p2061
I107
sS'burning'
p2062
I109
sS'16:3'
p2063
I109
sS'blessed'
p2064
I107
sS'snapchat'
p2065
I102
sS'raver'
p2066
I109
sS'shontelle'
p2067
I109
sS'bjs'
p2068
I109
sS'*kristen'
p2069
I109
sS'verdeee'
p2070
I109
sS'your'
p2071
I33
sS'technically'
p2072
I109
sS'mannkind)'
p2073
I109
sS'orthodontist'
p2074
I109
sS'log'
p2075
I109
sS'her'
p2076
I84
sS'area'
p2077
I109
sS'distracted'
p2078
I108
sS'hey'
p2079
I103
sS'lol'
p2080
I60
sS'meals'
p2081
I109
sS'hed'
p2082
I109
sS'los'
p2083
I107
sS'cats'
p2084
I107
sS'mondays'
p2085
I108
sS'low'
p2086
I106
sS'lot'
p2087
I94
sS'4:30'
p2088
I109
sS'ihy'
p2089
I109
sS'valencia'
p2090
I105
sS'aguaa'
p2091
I109
sS'suck;)"'
p2092
I109
sS'strict'
p2093
I109
sS'ehh'
p2094
I109
sS'chats'
p2095
I108
sS'trey'
p2096
I109
sS'mornings'
p2097
I109
sS'complete'
p2098
I107
sS'petty'
p2099
I109
sS'delayed'
p2100
I109
sS'strikes'
p2101
I109
sS'daaaayyyyssss'
p2102
I109
sS'muy'
p2103
I109
sS'pregnat'
p2104
I109
sS'"what\'s'
p2105
I108
sS'gorg'
p2106
I109
sS'corse'
p2107
I109
sS'trying'
p2108
I103
sS'with'
p2109
I27
sS'buying'
p2110
I109
sS'handsome'
p2111
I104
sS'card'
p2112
I109
sS'pull'
p2113
I108
sS'||'
p2114
I109
sS'october'
p2115
I105
sS'romantic'
p2116
I108
sS'joint'
p2117
I108
sS'rage'
p2118
I109
sS"wasn't"
p2119
I100
sS'interiors'
p2120
I109
sS'fbgm'
p2121
I109
sS'vomit'
p2122
I109
sS'mine?\xc2\xbf'
p2123
I109
sS'tonite'
p2124
I109
sS'dirty'
p2125
I106
sS'agree'
p2126
I109
sS'affection'
p2127
I109
sS'yvette'
p2128
I108
sS'detailed'
p2129
I109
sS'gone'
p2130
I103
sS'taylor'
p2131
I108
sS'ohh'
p2132
I108
sS'fright'
p2133
I107
sS'af'
p2134
I89
sS'exhausted'
p2135
I108
sS'certain'
p2136
I107
sS'describe'
p2137
I109
sS'am'
p2138
I81
sS'al'
p2139
I108
sS'deep'
p2140
I106
sS'an'
p2141
I61
sS'knowww'
p2142
I109
sS'as'
p2143
I76
sS'ar'
p2144
I109
sS'at'
p2145
I5
sS'aw'
p2146
I107
sS'-____-'
p2147
I109
sS'lifetime'
p2148
I107
sS'az'
p2149
I108
sS'eliot'
p2150
I109
sS'nerd'
p2151
I109
sS'worry"'
p2152
I109
sS'town.presumptuous'
p2153
I109
sS'again'
p2154
I95
sS'warrr'
p2155
I109
sS'idiot'
p2156
I109
sS'deserve'
p2157
I105
sS'rubber'
p2158
I109
sS'field'
p2159
I109
sS'5'
p2160
I99
sS'you'
p2161
I7
sS'puppy'
p2162
I108
sS'workout....good'
p2163
I109
sS'disgraceful'
p2164
I109
sS'poor'
p2165
I105
sS"gon'"
p2166
I109
sS'timd'
p2167
I109
sS'obsessed'
p2168
I109
sS'students'
p2169
I107
sS'a+'
p2170
I109
sS'nowwwww'
p2171
I109
sS'vans'
p2172
I109
sS'gifts'
p2173
I109
sS'important'
p2174
I107
sS'fresh'
p2175
I105
sS'chris'
p2176
I109
sS'spouse'
p2177
I109
sS'awkwardly'
p2178
I108
sS'pool'
p2179
I106
sS'lipstick'
p2180
I109
sS'5:45'
p2181
I109
sS'calls'
p2182
I108
sS'wife'
p2183
I106
sS'all-stars'
p2184
I109
sS"life's"
p2185
I107
sS'wifi'
p2186
I109
sS'curve'
p2187
I109
sS'having'
p2188
I90
sS'hahah'
p2189
I109
sS'christmastime'
p2190
I109
sS'larchmont'
p2191
I109
sS'u'
p2192
I94
sS'adam'
p2193
I109
sS'alright'
p2194
I106
sS'deluxe'
p2195
I108
sS'starting'
p2196
I101
sS'beachwood'
p2197
I109
sS'refuge'
p2198
I109
sS'all'
p2199
I36
sS'diss'
p2200
I109
sS'liar'
p2201
I109
sS'forget'
p2202
I100
sS'caused'
p2203
I109
sS'rascals'
p2204
I109
sS"danny's"
p2205
I109
sS'dollar'
p2206
I109
sS'\xe2\x98\xba\xef\xb8\x8f\xe2\x98\xba\xef\xb8\x8f\xe2\x98\xba\xef\xb8\x8f'
p2207
I109
sS'month'
p2208
I106
sS'awhh'
p2209
I108
sS'kicks'
p2210
I109
sS'coach'
p2211
I109
sS'talks'
p2212
I109
sS'follow'
p2213
I105
sS'scv'
p2214
I104
sS'decisions'
p2215
I109
sS'hmmm'
p2216
I108
sS'strangers'
p2217
I109
sS'glimpse'
p2218
I109
sS'ravens'
p2219
I109
sS'referring'
p2220
I109
sS'hunting'
p2221
I109
sS'ty'
p2222
I108
sS'tv'
p2223
I105
sS'tu'
p2224
I106
sS'microwave'
p2225
I109
sS'thursday'
p2226
I107
sS'laughing'
p2227
I108
sS'to'
p2228
I6
sS'tail'
p2229
I109
sS'tf'
p2230
I103
sS'smile'
p2231
I98
sS'thiswe'
p2232
I109
sS'te'
p2233
I109
sS'tb'
p2234
I109
sS'woman'
p2235
I109
sS'appointment'
p2236
I109
sS'worse'
p2237
I109
sS'virtue'
p2238
I109
sS'song'
p2239
I98
sS'very'
p2240
I104
sS'horror'
p2241
I108
sS'smh'
p2242
I109
sS'fat'
p2243
I107
sS'focus'
p2244
I109
sS'toss'
p2245
I109
sS'ppls'
p2246
I109
sS'worst'
p2247
I107
sS'decide'
p2248
I107
sS'fall'
p2249
I99
sS'ticket'
p2250
I108
sS'difference'
p2251
I108
sS'fag'
p2252
I109
sS'fresca'
p2253
I109
sS'cheerful'
p2254
I109
sS'heaven'
p2255
I107
sS'washing'
p2256
I109
sS'louis'
p2257
I109
sS'laying'
p2258
I102
sS'dunk'
p2259
I109
sS'reminding'
p2260
I108
sS'vibes'
p2261
I106
sS'skate'
p2262
I108
sS'small'
p2263
I107
sS'justifying'
p2264
I109
sS"i'll"
p2265
I77
sS'stoppppp'
p2266
I109
sS'cookies'
p2267
I109
sS'instagram'
p2268
I106
sS'tea'
p2269
I109
sS'tee'
p2270
I109
sS'yasssss'
p2271
I109
sS'straighten'
p2272
I109
sS'past'
p2273
I106
sS'19'
p2274
I109
sS'rate'
p2275
I109
sS'perspective'
p2276
I109
sS'pass'
p2277
I106
sS'lynwood'
p2278
I109
sS'nba'
p2279
I109
sS'putting'
p2280
I109
sS'90s'
p2281
I109
sS'what'
p2282
I39
sS'adjustment'
p2283
I109
sS'darkness'
p2284
I109
sS'brackets'
p2285
I109
sS'nana'
p2286
I109
sS'sun'
p2287
I106
sS'follower'
p2288
I109
sS'dirt'
p2289
I109
sS'fucks'
p2290
I106
sS'emotions'
p2291
I107
sS'down*me'
p2292
I109
sS'abs'
p2293
I109
sS'comfy!,91384\n436564811799748609,grant_marta,2014-02-20'
p2294
I109
sS'musta'
p2295
I109
sS'manages'
p2296
I109
sS'subtweets'
p2297
I108
sS'learned'
p2298
I109
sS'1920s'
p2299
I109
sS'tattoos'
p2300
I107
sS'gift\xe2\x80\x94peace'
p2301
I109
sS'full'
p2302
I103
sS'wud'
p2303
I109
sS'vuittons'
p2304
I109
sS'loose'
p2305
I109
sS'twenttyyyy'
p2306
I109
sS'supposedly'
p2307
I109
sS'timberlands'
p2308
I109
sS'forgive'
p2309
I109
sS'hours'
p2310
I104
sS'smartest'
p2311
I109
sS'frickinn'
p2312
I109
sS'oldie'
p2313
I109
sS'busstop'
p2314
I66
sS'hmmmm'
p2315
I109
sS'yummy'
p2316
I108
sS'november'
p2317
I108
sS'strong'
p2318
I104
sS'legend'
p2319
I108
sS'arena'
p2320
I109
sS'pleasant'
p2321
I109
sS'search'
p2322
I109
sS'teeth'
p2323
I109
sS'ahead'
p2324
I109
sS'readingusuallymeansboring'
p2325
I109
sS'stretching'
p2326
I109
sS'experience'
p2327
I106
sS'pics'
p2328
I109
sS'peaking'
p2329
I109
sS'airport'
p2330
I109
sS'tiffany'
p2331
I109
sS'advertising'
p2332
I107
sS'social'
p2333
I108
sS'action'
p2334
I108
sS'cookie'
p2335
I109
sS'chain'
p2336
I109
sS'sweetness'
p2337
I109
sS'talking\xe2\x80\x9d'
p2338
I109
sS'pregnancy'
p2339
I109
sS"day's"
p2340
I109
sS'aria'
p2341
I109
sS'guacamole'
p2342
I109
sS'family'
p2343
I94
sS'va'
p2344
I109
sS'thingee'
p2345
I109
sS'solitude'
p2346
I43
sS'vin'
p2347
I109
sS'magnitude'
p2348
I109
sS'disgusting'
p2349
I109
sS'put'
p2350
I95
sS'semester'
p2351
I108
sS'hooked'
p2352
I109
sS'pulls'
p2353
I109
sS'gosh'
p2354
I106
sS'dgaf'
p2355
I106
sS'eye'
p2356
I104
sS'takes'
p2357
I108
sS'nothings'
p2358
I108
sS'former'
p2359
I109
sS'donuts'
p2360
I109
sS'texting'
p2361
I105
sS'two'
p2362
I103
sS'orale'
p2363
I109
sS'splash'
p2364
I109
sS'morn'
p2365
I109
sS'6'
p2366
I107
sS'taken'
p2367
I107
sS'collard'
p2368
I109
sS'kick'
p2369
I108
sS'monii28'
p2370
I109
sS'more'
p2371
I79
sS'tryna'
p2372
I103
sS'door'
p2373
I109
sS'knows'
p2374
I104
sS'fun-filled'
p2375
I109
sS'company'
p2376
I109
sS'awkkkkward'
p2377
I109
sS"family's"
p2378
I107
sS'uhohh'
p2379
I109
sS'excuse'
p2380
I107
sS'antibiotics'
p2381
I109
sS"ain't"
p2382
I93
sS'basically'
p2383
I107
sS'broke'
p2384
I106
sS'known'
p2385
I108
sS'gained'
p2386
I109
sS'youuuuu'
p2387
I109
sS'doom'
p2388
I109
sS'lemme'
p2389
I109
sS'\xe2\x98\x80\xef\xb8\x8f\xe2\x9c\xa8'
p2390
I109
sS'glad'
p2391
I100
sS'town'
p2392
I106
sS'grill'
p2393
I109
sS'keeping'
p2394
I108
sS'hour'
p2395
I107
sS'canceled'
p2396
I109
sS'damien'
p2397
I109
sS'science'
p2398
I109
sS'des'
p2399
I109
sS'sucks'
p2400
I99
sS'jhene'
p2401
I109
sS'headbutted'
p2402
I109
sS'mall'
p2403
I107
sS'sudden'
p2404
I109
sS'del'
p2405
I108
sS"me!'"
p2406
I109
sS'learn'
p2407
I108
sS'abandon'
p2408
I109
sS'movies>>>'
p2409
I109
sS'spontaneous'
p2410
I109
sS'self-conscious'
p2411
I109
sS'history'
p2412
I109
sS'beautiful'
p2413
I99
sS'compare'
p2414
I108
sS'embarrassing'
p2415
I109
sS'butts"....good'
p2416
I109
sS'jessies'
p2417
I109
sS'lives'
p2418
I108
sS'share'
p2419
I109
sS'accept'
p2420
I108
sS'day\xe2\x9a\xbd'
p2421
I109
sS'sike'
p2422
I109
sS'lolol'
p2423
I109
sS':o'
p2424
I108
sS'numbers'
p2425
I109
sS"comin'"
p2426
I109
sS'that.\xe2\x80\x9d'
p2427
I109
sS'walt\xe2\x80\xa6'
p2428
I109
sS'dress'
p2429
I106
sS'ughhhh'
p2430
I107
sS'huge'
p2431
I109
sS'needs'
p2432
I108
sS'spurgeon'
p2433
I109
sS'goal'
p2434
I108
sS'awkward'
p2435
I102
sS'flawless'
p2436
I109
sS'rather'
p2437
I103
sS'comfort'
p2438
I109
sS'everyday'
p2439
I105
sS'needa'
p2440
I109
sS'heck'
p2441
I109
sS'yupit'
p2442
I109
sS'raggedy'
p2443
I109
sS'buenos'
p2444
I109
sS'hugs'
p2445
I109
sS'browns'
p2446
I109
sS'goat'
p2447
I109
sS'nlt)'
p2448
I108
sS'okay'
p2449
I97
sS'plans'
p2450
I107
sS'rude'
p2451
I106
sS'advice'
p2452
I108
sS'whyyyyyyyyyyyyyy'
p2453
I109
sS'questioning'
p2454
I109
sS'tries'
p2455
I109
sS'adventure'
p2456
I109
sS'numb'
p2457
I108
sS'coming'
p2458
I103
sS'backyard'
p2459
I108
sS'response'
p2460
I108
sS'crushed'
p2461
I109
sS'fo'
p2462
I109
sS'a'
p2463
I9
sS'scootering'
p2464
I109
sS'short'
p2465
I109
sS"mothafuckin'"
p2466
I109
sS'funday'
p2467
I107
sS'coat'
p2468
I109
sS'shady'
p2469
I109
sS'doctor'
p2470
I109
sS'bugs'
p2471
I108
sS'anytime'
p2472
I109
sS'funk'
p2473
I109
sS'roommates'
p2474
I109
sS'grande'
p2475
I109
sS'media'
p2476
I107
sS'banks'
p2477
I109
sS'pleasure'
p2478
I109
sS'hates'
p2479
I109
sS'dream'
p2480
I106
sS'playing'
p2481
I103
sS"that's"
p2482
I84
sS'replied'
p2483
I109
sS'chicks'
p2484
I109
sS'lifeguards'
p2485
I109
sS'mexican'
p2486
I107
sS'help'
p2487
I98
sS"don't"
p2488
I30
sS'"if'
p2489
I109
sS'cal-trans'
p2490
I109
sS'sooo'
p2491
I107
sS'soon'
p2492
I98
sS'trade'
p2493
I109
sS'post..post'
p2494
I109
sS'already'
p2495
I80
sS'through'
p2496
I97
sS'...blehhh'
p2497
I109
sS'signs'
p2498
I109
sS'hell'
p2499
I109
sS'smiling'
p2500
I107
sS'mam'
p2501
I109
sS'its'
p2502
I97
sS'24'
p2503
I107
sS'messed'
p2504
I109
sS'style'
p2505
I109
sS'dun'
p2506
I109
sS'20'
p2507
I107
sS'magicc'
p2508
I109
sS'22'
p2509
I109
sS'pray'
p2510
I109
sS'brows'
p2511
I109
sS'botched'
p2512
I109
sS'sale'
p2513
I108
sS'28'
p2514
I107
sS'dolla'
p2515
I107
sS'scully'
p2516
I109
sS'actually'
p2517
I84
sS'late'
p2518
I103
sS'>>>'
p2519
I106
sS'systems'
p2520
I109
sS'heros'
p2521
I109
sS'bout'
p2522
I102
sS'soccer'
p2523
I106
sS'might'
p2524
I107
sS'2)'
p2525
I109
sS"haven't"
p2526
I102
sS'fool'
p2527
I108
sS'mama...always'
p2528
I109
sS'hurting'
p2529
I109
sS'good'
p2530
I48
sS'somebody'
p2531
I108
sS'yo'
p2532
I101
sS'food'
p2533
I107
sS'uhm'
p2534
I109
sS'socially'
p2535
I109
sS'yg'
p2536
I109
sS'prenatal'
p2537
I109
sS'sams'
p2538
I109
sS'gracious'
p2539
I109
sS'olivia'
p2540
I109
sS'starbucks'
p2541
I104
sS'montclair'
p2542
I109
sS'nor'
p2543
I109
sS'ninja'
p2544
I108
sS'yu'
p2545
I109
sS'complain'
p2546
I107
sS"beyonc\xc3\xa9's"
p2547
I109
sS'impressive'
p2548
I109
sS'easily'
p2549
I108
sS'everytime'
p2550
I107
sS'sundays'
p2551
I109
sS'always'
p2552
I61
sS'again\xe2\x80\x9d'
p2553
I109
sS'drake'
p2554
I108
sS'bless'
p2555
I108
sS'tear'
p2556
I109
sS'goofy'
p2557
I109
sS'turns'
p2558
I109
sS'found'
p2559
I109
sS'p&dc)'
p2560
I109
sS'friendship'
p2561
I108
sS'joel'
p2562
I109
sS"isn't"
p2563
I102
sS'lantern'
p2564
I109
sS'\xe2\x98\x94\xef\xb8\x8f'
p2565
I109
sS'everyone'
p2566
I87
sS'weeknd'
p2567
I109
sS'mental'
p2568
I108
sS'weight'
p2569
I109
sS'idek'
p2570
I109
sS'generation'
p2571
I109
sS'house'
p2572
I94
sS'andale'
p2573
I109
sS'hard'
p2574
I92
sS'reduce'
p2575
I109
sS'idea'
p2576
I100
sS'hawaii'
p2577
I108
sS'kidnapping'
p2578
I109
sS'expect'
p2579
I105
sS'hart'
p2580
I108
sS'todo'
p2581
I109
sS'evil...i'
p2582
I109
sS'really'
p2583
I61
sS'pretendin'
p2584
I109
sS'anxious'
p2585
I107
sS'dears'
p2586
I109
sS'lovers'
p2587
I109
sS'pain...just'
p2588
I109
sS'missed'
p2589
I108
sS'teeth.,91384\n444627023013478400,grant_marta,2014-03-15'
p2590
I109
sS'glitter'
p2591
I109
sS'rebound'
p2592
I109
sS'since'
p2593
I105
sS'research'
p2594
I109
sS'acting'
p2595
I106
sS'health'
p2596
I108
sS'7'
p2597
I105
sS'paradise'
p2598
I108
sS'quince'
p2599
I109
sS'hangers'
p2600
I109
sS'ass'
p2601
I83
sS'pun'
p2602
I109
sS'senioritis'
p2603
I109
sS'pathetic'
p2604
I107
sS'circumstance'
p2605
I108
sS'driver'
p2606
I109
sS'porcelain'
p2607
I46
sS'friday'
p2608
I92
sS'story'
p2609
I108
sS'livestreaming'
p2610
I109
sS'it,91355\n489527649589411840,samanthaprecia2,2014-07-16'
p2611
I109
sS'houses'
p2612
I108
sS'reason'
p2613
I100
sS'"'
p2614
I92
sS'grapessss'
p2615
I109
sS'disneyland'
p2616
I105
sS'imagine'
p2617
I108
sS'ask'
p2618
I103
sS'teach'
p2619
I108
sS'beginning'
p2620
I109
sS'bash'
p2621
I109
sS'kthanxbye'
p2622
I109
sS'girly'
p2623
I108
sS'launch'
p2624
I109
sS'terrible'
p2625
I107
sS'pockets\xe2\x80\x9d'
p2626
I109
sS'mike...get'
p2627
I109
sS'expecting'
p2628
I108
sS'diego...ma\xc3\xb1ana'
p2629
I109
sS'w'
p2630
I108
sS'closer!!,91384\n431671718050942978,grant_marta,2014-02-07'
p2631
I109
sS'testament'
p2632
I109
sS'heartbeat'
p2633
I107
sS'throws'
p2634
I109
sS'feed'
p2635
I107
sS'dont'
p2636
I105
sS'forwards'
p2637
I109
sS'feel'
p2638
I70
sS'relate'
p2639
I109
sS'too...it'
p2640
I109
sS'knocking'
p2641
I108
sS'number'
p2642
I107
sS'fancy'
p2643
I108
sS'feet'
p2644
I104
sS'sisters'
p2645
I99
sS'unexpected'
p2646
I108
sS'done'
p2647
I93
sS'felicidades'
p2648
I109
sS'blank'
p2649
I109
sS'"wonder'
p2650
I109
sS'miss'
p2651
I76
sS'\xe2\x80\xa2i'
p2652
I109
sS'maple'
p2653
I109
sS'carter'
p2654
I109
sS'guess'
p2655
I100
sS'hott'
p2656
I106
sS'guest'
p2657
I109
sS'koo'
p2658
I109
sS'leading'
p2659
I109
sS'kreme'
p2660
I109
sS'comfy'
p2661
I107
sS'least'
p2662
I108
sS'wonderful'
p2663
I106
sS'passed'
p2664
I107
sS'arguing'
p2665
I109
sS'mama'
p2666
I108
sS'ton'
p2667
I109
sS'essays'
p2668
I108
sS'destruction'
p2669
I109
sS'syrup'
p2670
I109
sS'store'
p2671
I104
sS'temptations'
p2672
I109
sS'shifted'
p2673
I109
sS'//'
p2674
I109
sS'wahhhh'
p2675
I109
sS'saint'
p2676
I108
sS'para'
p2677
I109
sS'behind'
p2678
I107
sS'relieved'
p2679
I108
sS'mhmm'
p2680
I105
sS'ramzi'
p2681
I109
sS'lifee'
p2682
I109
sS'park'
p2683
I82
sS'\xe2\x80\xa29'
p2684
I109
sS'mmmm'
p2685
I109
sS'dentist'
p2686
I109
sS'part'
p2687
I102
sS'worrying'
p2688
I109
sS'doctors'
p2689
I107
sS'believe'
p2690
I95
sS'idec'
p2691
I109
sS'grace'
p2692
I107
sS'stirs'
p2693
I109
sS'dorky'
p2694
I109
sS'king'
p2695
I105
sS'kind'
p2696
I105
sS'b'
p2697
I105
sS'compliments'
p2698
I107
sS'callehones'
p2699
I109
sS'gotten'
p2700
I109
sS'moneekas'
p2701
I109
sS'walmart'
p2702
I109
sS'recording'
p2703
I109
sS'headers'
p2704
I109
sS'10:15...i'
p2705
I109
sS'intensities'
p2706
I109
sS'supposed'
p2707
I102
sS'dani'
p2708
I109
sS'dang'
p2709
I104
sS'weddd'
p2710
I109
sS'ousted'
p2711
I109
sS'charlotte'
p2712
I109
sS'whywhywhywhy'
p2713
I109
sS'livers'
p2714
I109
sS'wasnt'
p2715
I108
sS'reise'
p2716
I109
sS'alongside'
p2717
I109
sS'juicy'
p2718
I109
sS'juice'
p2719
I106
sS'showers'
p2720
I108
sS'nonono'
p2721
I109
sS'21:44:45.0,34.45491178,-118.63641986,9201.06,we'
p2722
I109
sS'orders'
p2723
I109
sS'ditched'
p2724
I109
sS'option'
p2725
I108
sS'mountain'
p2726
I104
sS'nights'
p2727
I103
sS'relationship'
p2728
I109
sS'dancing'
p2729
I109
sS'lil'
p2730
I109
sS'self'
p2731
I107
sS'flaming'
p2732
I109
sS'port'
p2733
I109
sS'also'
p2734
I105
sS'breeze'
p2735
I109
sS'stop<<<'
p2736
I109
sS'build'
p2737
I109
sS'finding'
p2738
I107
sS'donor'
p2739
I109
sS'bitchess'
p2740
I109
sS'brace'
p2741
I109
sS'you\xe2\x80\x9d'
p2742
I109
sS'duuuh'
p2743
I109
sS'darte'
p2744
I109
sS'play'
p2745
I104
sS'towards'
p2746
I109
sS'\xc3\x81ngeles,91384\n427653127404154880,amacchiavellotv,2014-01-27'
p2747
I109
sS'approves'
p2748
I109
sS'fanny'
p2749
I109
sS'7+'
p2750
I109
sS'reunited'
p2751
I109
sS'most'
p2752
I98
sS'75'
p2753
I109
sS'73'
p2754
I109
sS'channeling'
p2755
I109
sS'eaten'
p2756
I108
sS'exes'
p2757
I109
sS'nothing'
p2758
I93
sS'11:13'
p2759
I109
sS'hillbilly'
p2760
I109
sS'11:11'
p2761
I109
sS'model'
p2762
I109
sS'wats'
p2763
I109
sS'kc'
p2764
I108
sS'goodwill'
p2765
I109
sS'windows'
p2766
I109
sS'righteousnessand'
p2767
I109
sS'sometimes'
p2768
I95
sS'cover'
p2769
I109
sS'luckily'
p2770
I109
sS"'emotions'"
p2771
I109
sS"they'll"
p2772
I109
sS'\xe2\x80\xa23'
p2773
I109
sS'prettier'
p2774
I109
sS'clean'
p2775
I108
sS'\xe2\x98\x80\xef\xb8\x8f'
p2776
I109
sS'25th'
p2777
I109
sS'ron'
p2778
I109
sS'sinner'
p2779
I109
sS'jesse'
p2780
I109
sS'night...while'
p2781
I109
sS"they're"
p2782
I97
sS'lest'
p2783
I109
sS'despise'
p2784
I109
sS'ugh'
p2785
I75
sS'particularly'
p2786
I109
sS'gold'
p2787
I108
sS'gates'
p2788
I109
sS'swelling'
p2789
I109
sS'grandmas'
p2790
I109
sS'hueneme'
p2791
I109
sS'tayda'
p2792
I109
sS'\xe2\x9d\xa4\xef\xb8\x8fhappy'
p2793
I109
sS'"ifs"'
p2794
I109
sS'stfu'
p2795
I108
sS'hyped'
p2796
I109
sS'cds'
p2797
I109
sS'immaturity'
p2798
I109
sS'fine'
p2799
I107
sS'find'
p2800
I96
sS'shits'
p2801
I109
sS'exteriors'
p2802
I109
sS'current'
p2803
I109
sS'giant'
p2804
I109
sS'sayin'
p2805
I109
sS'justice'
p2806
I109
sS'nervous'
p2807
I104
sS'less'
p2808
I109
sS'payday'
p2809
I109
sS'penalty'
p2810
I109
sS'savannah'
p2811
I109
sS'idiots'
p2812
I109
sS'randy'
p2813
I108
sS'kales'
p2814
I109
sS'pretty'
p2815
I84
sS'8'
p2816
I104
sS'harmed'
p2817
I109
sS'posole'
p2818
I109
sS'homeee'
p2819
I109
sS'his'
p2820
I89
sS'hit'
p2821
I108
sS'permission'
p2822
I109
sS'luke'
p2823
I109
sS're-signing'
p2824
I109
sS'grocery'
p2825
I109
sS"they'd"
p2826
I109
sS'feels'
p2827
I103
sS'rings'
p2828
I109
sS'rest'
p2829
I103
sS'pretending'
p2830
I107
sS'tarantula'
p2831
I109
sS'during'
p2832
I108
sS'self-discipline'
p2833
I109
sS'bird'
p2834
I109
sS'him'
p2835
I92
sS'againnnn'
p2836
I109
sS'misty'
p2837
I109
sS'home...smh...i'
p2838
I109
sS'pleasures'
p2839
I109
sS'cry'
p2840
I104
sS'"world\'s'
p2841
I109
sS'lolly'
p2842
I109
sS'nickelodeon'
p2843
I109
sS'cartoons'
p2844
I109
sS'double'
p2845
I109
sS'naughty'
p2846
I109
sS'scheduled'
p2847
I109
sS'\xe2\x80\xa2this'
p2848
I109
sS'gee'
p2849
I109
sS"'thoughts'"
p2850
I109
sS'cutie'
p2851
I109
sS'set'
p2852
I108
sS'art'
p2853
I108
sS'cynical'
p2854
I109
sS'throwing'
p2855
I108
sS'vine'
p2856
I109
sS'rhinestone'
p2857
I109
sS'kylie'
p2858
I109
sS'see'
p2859
I67
sS'dumb'
p2860
I108
sS'are'
p2861
I37
sS'\xe2\x98\xba\xef\xb8\x8f\xe2\x98\xba\xef\xb8\x8f\xe2\x98\xba\xef\xb8\x8f\xe2\x98\xba\xef\xb8\x8f'
p2862
I109
sS'close'
p2863
I103
sS'bark'
p2864
I109
sS'retweet'
p2865
I109
sS'pacific'
p2866
I109
sS'project'
p2867
I106
sS'thoses'
p2868
I109
sS'expert'
p2869
I109
sS'don\xe2\x80\x99t'
p2870
I108
sS'movie'
p2871
I97
sS'wow'
p2872
I101
sS'currently'
p2873
I108
sS'please'
p2874
I100
sS'demons'
p2875
I109
sS'powerhouse'
p2876
I109
sS'fans'
p2877
I106
sS'\xe2\x80\xa2customer'
p2878
I109
sS'"precaution"'
p2879
I109
sS'wok'
p2880
I109
sS'up.\xe2\x80\x9d'
p2881
I109
sS'probably'
p2882
I105
sS'burned'
p2883
I109
sS'nope'
p2884
I109
sS'rosa'
p2885
I109
sS'pictured'
p2886
I109
sS'piss'
p2887
I109
sS'knowing'
p2888
I100
sS'solo'
p2889
I107
sS'korea'
p2890
I109
sS'creating'
p2891
I109
sS'missing'
p2892
I104
sS'husband\xe2\x80\x99s'
p2893
I109
sS'sold'
p2894
I109
sS'sole'
p2895
I109
sS'"bueno"'
p2896
I109
sS'outfit'
p2897
I108
sS'succeed'
p2898
I109
sS'"now'
p2899
I109
sS'"goooaaaaaal!!!"'
p2900
I109
sS'fame'
p2901
I108
sS'pissed'
p2902
I107
sS'(2014)'
p2903
I109
sS'both'
p2904
I101
sS'c'
p2905
I108
sS'last'
p2906
I77
sS'wee'
p2907
I109
sS'secrets'
p2908
I109
sS'treated'
p2909
I109
sS"wouldn't"
p2910
I99
sS'barely'
p2911
I109
sS'deuces\xe2\x9c\x8c\xef\xb8\x8f'
p2912
I109
sS'shitt'
p2913
I95
sS'connection'
p2914
I109
sS'became'
p2915
I108
sS'8am'
p2916
I109
sS'about"'
p2917
I109
sS'forgotten'
p2918
I107
sS'picture"'
p2919
I109
sS'baseball'
p2920
I109
sS'whole'
p2921
I104
sS'albeit'
p2922
I109
sS'"ands"'
p2923
I109
sS'liked'
p2924
I106
sS'alcohol'
p2925
I109
sS'point'
p2926
I102
sS'simple'
p2927
I108
sS'sweet'
p2928
I102
sS'fitness'
p2929
I109
sS'sweep'
p2930
I109
sS'whatever'
p2931
I106
sS'wen'
p2932
I107
sS'all...i'
p2933
I109
sS'mink'
p2934
I109
sS'ravi'
p2935
I109
sS'likes'
p2936
I108
sS'church'
p2937
I109
sS'outta'
p2938
I109
sS'center)'
p2939
I109
sS'it\xe2\x80\x99s'
p2940
I109
sS'headaches'
p2941
I108
sS'duh'
p2942
I108
sS'insults3)'
p2943
I109
sS'worthless'
p2944
I107
sS'invented'
p2945
I109
sS'cream'
p2946
I109
sS'raise'
p2947
I108
sS'pt'
p2948
I109
sS'amazing...i'
p2949
I109
sS'tgif'
p2950
I108
sS'strings'
p2951
I109
sS'ohla'
p2952
I109
sS'emblems'
p2953
I109
sS'whom'
p2954
I108
sS'freelance'
p2955
I109
sS'damn'
p2956
I96
sS'sugga'
p2957
I109
sS'changd'
p2958
I109
sS"'great"
p2959
I109
sS'empty'
p2960
I108
sS'boobear'
p2961
I109
sS'sweetheart'
p2962
I109
sS'lived'
p2963
I109
sS'flight'
p2964
I109
sS'agent"'
p2965
I109
sS'gay'
p2966
I108
sS'passengers'
p2967
I109
sS'fire'
p2968
I106
sS'caleb'
p2969
I109
sS"what's"
p2970
I101
sS'endlessly'
p2971
I109
sS'else'
p2972
I105
sS'anthony'
p2973
I109
sS'togo'
p2974
I109
sS'races'
p2975
I109
sS'awake'
p2976
I104
sS'traumatizing'
p2977
I108
sS'bidding'
p2978
I109
sS'gaf'
p2979
I109
sS'despite'
p2980
I108
sS'vastness'
p2981
I109
sS'buenas'
p2982
I109
sS'mla'
p2983
I109
sS'look'
p2984
I88
sS'clever...jill'
p2985
I109
sS'weekend...someone'
p2986
I109
sS'straight'
p2987
I106
sS'bill'
p2988
I109
sS'fux'
p2989
I109
sS'slurpees'
p2990
I109
sS'while'
p2991
I92
sS'replaced'
p2992
I109
sS'homework'
p2993
I95
sS'behavior'
p2994
I109
sS'impacted'
p2995
I109
sS'fun'
p2996
I94
sS'kissing'
p2997
I109
sS'vending'
p2998
I109
sS'14:25:53.0,34.45145988,-118.61483004,9201.06,feliz'
p2999
I109
sS'mitchell'
p3000
I109
sS'fuk'
p3001
I109
sS'staaap'
p3002
I109
sS'pack'
p3003
I109
sS'swim'
p3004
I108
sS'gel'
p3005
I109
sS'bummy'
p3006
I109
sS'hoax'
p3007
I109
sS'menea'
p3008
I109
sS'elegantnaturalfabulousperson'
p3009
I109
sS'shower..and'
p3010
I109
sS'skype'
p3011
I109
sS'ready'
p3012
I96
sS'fyf'
p3013
I109
sS'rid'
p3014
I107
sS'vanish'
p3015
I109
sS'chase'
p3016
I108
sS'funny'
p3017
I100
sS'sounding'
p3018
I109
sS'shirt'
p3019
I104
sS'anymore'
p3020
I100
sS'noooo'
p3021
I108
sS'migraine'
p3022
I107
sS'0'
p3023
I109
sS"rita's"
p3024
I109
sS'makeshift'
p3025
I109
sS'shirley"'
p3026
I109
sS'puig'
p3027
I109
sS'whore"'
p3028
I109
sS'man...hopefully'
p3029
I109
sS'friends;('
p3030
I109
sS'forgiveness'
p3031
I109
sS'higher'
p3032
I109
sS"grande's"
p3033
I109
sS'used'
p3034
I99
sS'temporary'
p3035
I107
sS'gringos'
p3036
I109
sS'assignment'
p3037
I109
sS'cigar'
p3038
I109
sS'yesterday'
p3039
I104
sS'holidays'
p3040
I108
sS'moment'
p3041
I102
sS'u.s'
p3042
I109
sS'moving'
p3043
I99
sS'purpose'
p3044
I108
sS"fallin'"
p3045
I109
sS'early'
p3046
I97
sS'picky'
p3047
I109
sS'footjob'
p3048
I109
sS'older'
p3049
I107
sS"dad's"
p3050
I106
sS'spent'
p3051
I108
sS'obviously'
p3052
I108
sS'sports'
p3053
I109
sS'person'
p3054
I101
sS'cheer'
p3055
I109
sS'flags'
p3056
I94
sS'homecoming'
p3057
I109
sS'y'
p3058
I107
sS'staaahppp'
p3059
I109
sS'meanwhile'
p3060
I109
sS'spend'
p3061
I102
sS'mom'
p3062
I93
sS'mountains\xe2\x80\x94'
p3063
I109
sS'do....i'
p3064
I109
sS'snapchats'
p3065
I108
sS'product'
p3066
I109
sS'cocky'
p3067
I109
sS'questions'
p3068
I109
sS'using'
p3069
I108
sS'...no'
p3070
I109
sS'couch'
p3071
I109
sS'prince'
p3072
I108
sS'procrastinating'
p3073
I109
sS'cut'
p3074
I107
sS'cus'
p3075
I109
sS'signal'
p3076
I109
sS'cholitas'
p3077
I109
sS'cemetery'
p3078
I108
sS'cuz'
p3079
I90
sS'cud'
p3080
I109
sS'parents'
p3081
I93
sS'location'
p3082
I109
sS'crying'
p3083
I104
sS'sooooon'
p3084
I109
sS'snap'
p3085
I108
sS'selfish'
p3086
I109
sS'cum'
p3087
I109
sS'lurkin'
p3088
I107
sS'easter'
p3089
I108
sS'excited'
p3090
I95
sS'surprised'
p3091
I108
sS'hater'
p3092
I109
sS'victims'
p3093
I109
sS'format'
p3094
I109
sS'big'
p3095
I105
sS'showing'
p3096
I106
sS'mcm'
p3097
I109
sS'shitty'
p3098
I107
sS'game'
p3099
I100
sS'(newhall'
p3100
I109
sS'date\xe2\x9d\xa4\xef\xb8\x8f'
p3101
I109
sS'barbaritaa'
p3102
I109
sS'bit'
p3103
I103
sS'109)'
p3104
I109
sS'projects'
p3105
I109
sS'success'
p3106
I108
sS'retake'
p3107
I108
sS'according'
p3108
I109
sS'message'
p3109
I108
sS'doritos'
p3110
I109
sS'gullible'
p3111
I109
sS'holes'
p3112
I109
sS'dany_ocean'
p3113
I109
sS'ignore'
p3114
I108
sS'arthur'
p3115
I108
sS'continue'
p3116
I109
sS'phucken'
p3117
I109
sS'healthy'
p3118
I109
sS'fuckinn'
p3119
I109
sS'<333'
p3120
I108
sS'somo'
p3121
I107
sS'fucking'
p3122
I92
sS'spring'
p3123
I108
sS'1st'
p3124
I106
sS'some'
p3125
I68
sS'back'
p3126
I78
sS'feliciaing'
p3127
I109
sS'lips'
p3128
I107
sS'experienced'
p3129
I109
sS'mighty'
p3130
I109
sS'loser'
p3131
I109
sS'awww..sorry'
p3132
I109
sS'mirror'
p3133
I109
sS'selfishness'
p3134
I109
sS'curious'
p3135
I109
sS"trippin'"
p3136
I109
sS'delivered'
p3137
I109
sS'scale'
p3138
I109
sS'weirdo'
p3139
I109
sS'contacts'
p3140
I108
sS'pet'
p3141
I109
sS'absolutely'
p3142
I105
sS'pros'
p3143
I108
sS'per'
p3144
I109
sS'meds'
p3145
I109
sS'prom'
p3146
I107
sS'desexualize'
p3147
I109
sS'pee'
p3148
I109
sS'epic'
p3149
I109
sS'bruhhh'
p3150
I109
sS'anna'
p3151
I42
sS'either'
p3152
I108
sS'be'
p3153
I24
sS'sixteen'
p3154
I109
sS'run'
p3155
I104
sS'bb'
p3156
I105
sS'bc'
p3157
I106
sS'reach'
p3158
I109
sS'agreement'
p3159
I109
sS'deeply!\xe2\x9d\xa4\xef\xb8\x8f'
p3160
I109
sS'times....24/7'
p3161
I109
sS'zombie'
p3162
I109
sS'jazzy'
p3163
I109
sS'step'
p3164
I108
sS'cheered'
p3165
I109
sS'nowhere'
p3166
I108
sS'santa'
p3167
I104
sS'heartless'
p3168
I109
sS'crap'
p3169
I107
sS'chola'
p3170
I109
sS'by'
p3171
I75
sS'franco'
p3172
I109
sS'shine'
p3173
I109
sS'faith'
p3174
I109
sS"j's"
p3175
I109
sS'wrecking'
p3176
I109
sS'anything'
p3177
I100
sS'netflix'
p3178
I107
sS'prove'
p3179
I109
sS"monica's"
p3180
I109
sS'graduation'
p3181
I107
sS'sprain'
p3182
I108
sS'drama'
p3183
I108
sS'sake'
p3184
I109
sS'ounce'
p3185
I109
sS'beans'
p3186
I109
sS'idk'
p3187
I106
sS'bish'
p3188
I108
sS'germany'
p3189
I109
sS'greaaaaat'
p3190
I109
sS'wanna'
p3191
I68
sS'farmers'
p3192
I109
sS'silence'
p3193
I109
sS'smog>'
p3194
I109
sS'seeing'
p3195
I105
sS'jimmy'
p3196
I109
sS'parese'
p3197
I109
sS'plenty'
p3198
I109
sS'visit'
p3199
I107
sS'mommy'
p3200
I106
sS'within'
p3201
I107
sS'rtrtrt'
p3202
I109
sS'chapela'
p3203
I109
sS'martinez'
p3204
I109
sS'momma'
p3205
I107
sS'because'
p3206
I62
sS'distancing'
p3207
I109
sS'mustaches'
p3208
I109
sS'senoritis'
p3209
I109
sS'smells'
p3210
I107
sS'computer'
p3211
I109
sS'today!,91355\n493106517759905792,miuratyler,2014-07-26'
p3212
I109
sS'\xe2\x80\x9ci'
p3213
I109
sS'spending'
p3214
I108
sS'ew'
p3215
I109
sS'question'
p3216
I108
sS'ca)'
p3217
I10
sS'fast'
p3218
I104
sS'baggy'
p3219
I109
sS'ixy'
p3220
I109
sS"we're"
p3221
I95
sS'forward'
p3222
I104
sS'walls'
p3223
I109
sS'bored'
p3224
I101
sS'scared'
p3225
I108
sS'mountains'
p3226
I109
sS'himself'
p3227
I107
sS'*daniel'
p3228
I109
sS'invite'
p3229
I109
sS'downstairs'
p3230
I109
sS'relaxed'
p3231
I109
sS'7am'
p3232
I109
sS'boys'
p3233
I102
sS'larry'
p3234
I109
sS'crank'
p3235
I109
sS'alive'
p3236
I109
sS'frosh'
p3237
I109
sS'insane'
p3238
I109
sS'cinco'
p3239
I109
sS'line'
p3240
I107
sS'\xe2\x99\xa5'
p3241
I109
sS'junior'
p3242
I108
sS'raising'
p3243
I109
sS'\xe2\x99\xa1'
p3244
I107
sS'petey'
p3245
I109
sS'motivator'
p3246
I109
sS'thaaa'
p3247
I109
sS'consist'
p3248
I108
sS'"fall"'
p3249
I109
sS'up'
p3250
I30
sS'us'
p3251
I91
sS'ur'
p3252
I106
sS"tomorrow's"
p3253
I105
sS'un'
p3254
I109
sS'uh'
p3255
I108
sS'faded'
p3256
I109
sS'ud'
p3257
I109
sS'loving'
p3258
I108
sS'called'
p3259
I107
sS'shes'
p3260
I109
sS'uber'
p3261
I109
sS"okayyyy'"
p3262
I109
sS'freak'
p3263
I108
sS'digasssss'
p3264
I109
sS'defined'
p3265
I109
sS'unsafe'
p3266
I109
sS'smudged'
p3267
I109
sS'package'
p3268
I109
sS'single'
p3269
I104
sS'cure'
p3270
I109
sS'evening'
p3271
I108
sS'$20'
p3272
I109
sS'chat'
p3273
I109
sS"wednesday's"
p3274
I109
sS'denys'
p3275
I109
sS'curl'
p3276
I109
sS'rainbow'
p3277
I109
sS'peach'
p3278
I109
sS'jalama'
p3279
I109
sS'marching'
p3280
I109
sS'5evaaa'
p3281
I109
sS'nah'
p3282
I108
sS'peace'
p3283
I107
sS'tare'
p3284
I109
sS'matching'
p3285
I109
sS'nap'
p3286
I107
sS'points'
p3287
I109
sS'coded'
p3288
I109
sS'yesss'
p3289
I109
sS'grind'
p3290
I108
sS'irreplaceable'
p3291
I108
sS'today\xe2\x80\x9d'
p3292
I109
sS'nice'
p3293
I98
sS"how're"
p3294
I109
sS'happens'
p3295
I109
sS'\xe2\x9c\x8bi'
p3296
I109
sS'costume'
p3297
I109
sS'ming'
p3298
I109
sS'missin'
p3299
I109
sS'luis'
p3300
I109
sS'visits'
p3301
I109
sS'occurred'
p3302
I109
sS'helping'
p3303
I107
sS"m&m's"
p3304
I109
sS'drag'
p3305
I109
sS'dunzo'
p3306
I109
sS'springsteen'
p3307
I109
sS'lotta'
p3308
I109
sS'ago'
p3309
I105
sS'lane'
p3310
I108
sS'land'
p3311
I108
sS'happier'
p3312
I109
sS"go...i've"
p3313
I109
sS'practically'
p3314
I109
sS'cribs'
p3315
I109
sS'nipply'
p3316
I109
sS'age'
p3317
I108
sS'funds...,91384\n437015937657483264,grant_marta,2014-02-22'
p3318
I109
sS'walked'
p3319
I107
sS'vmas'
p3320
I109
sS'guyss'
p3321
I109
sS'bloodwork'
p3322
I109
sS'pues'
p3323
I107
sS'uterus'
p3324
I109
sS"she's"
p3325
I103
sS'shhhiiittt'
p3326
I109
sS'svu'
p3327
I107
sS'imma'
p3328
I109
sS'hello'
p3329
I106
sS'once'
p3330
I99
sS'essay'
p3331
I107
sS'edc'
p3332
I109
sS'check...stockings'
p3333
I109
sS'nooo'
p3334
I109
sS'kross'
p3335
I109
sS'pks'
p3336
I109
sS'delivery'
p3337
I109
sS'hint'
p3338
I109
sS'birthdayyy'
p3339
I109
sS'results'
p3340
I108
sS'alien'
p3341
I109
sS'sequoia'
p3342
I109
sS'windy'
p3343
I109
sS'hyper'
p3344
I109
sS'legal'
p3345
I109
sS'coincidence'
p3346
I109
sS'go'
p3347
I37
sS'tweeted'
p3348
I109
sS'chillin'
p3349
I108
sS'issues'
p3350
I109
sS'chapa'
p3351
I107
sS'visiting'
p3352
I109
sS'concerned'
p3353
I109
sS'fried'
p3354
I109
sS'ultraviolence'
p3355
I109
sS'young'
p3356
I104
sS'send'
p3357
I105
sS'languages'
p3358
I109
sS'woohoo'
p3359
I108
sS'bruhh'
p3360
I109
sS'retweets'
p3361
I109
sS'details'
p3362
I109
sS'friendly'
p3363
I109
sS'sent'
p3364
I107
sS'honor'
p3365
I109
sS'hunt,91355\n453144610257121280,hillerjohn,2014-04-07'
p3366
I109
sS'cumbias'
p3367
I109
sS'queen'
p3368
I109
sS'garden'
p3369
I109
sS'what\xee\x90\x8d'
p3370
I109
sS'outside'
p3371
I106
sS'ugg'
p3372
I109
sS'bedrooms'
p3373
I109
sS'agua'
p3374
I109
sS'eeee'
p3375
I109
sS'wishes'
p3376
I109
sS'"are'
p3377
I109
sS'commute'
p3378
I109
sS'uh...thanks'
p3379
I109
sS'telling'
p3380
I104
sS'marvins'
p3381
I109
sS'drinking'
p3382
I101
sS'ending'
p3383
I109
sS'mothafucken'
p3384
I109
sS'entire'
p3385
I103
sS'magic'
p3386
I104
sS'aww..i'
p3387
I109
sS'harbor'
p3388
I109
sS'gender'
p3389
I108
sS'marry'
p3390
I108
sS'gettin'
p3391
I109
sS'eve'
p3392
I107
sS'confidence'
p3393
I109
sS"\xe2\x80\xa2i'm"
p3394
I108
sS'try'
p3395
I99
sS'assignments'
p3396
I109
sS'valle'
p3397
I109
sS'syfi'
p3398
I109
sS'challenge'
p3399
I109
sS'joey'
p3400
I108
sS'velo'
p3401
I109
sS'someday'
p3402
I108
sS'cap'
p3403
I109
sS'booty'
p3404
I109
sS"you'd"
p3405
I106
sS'bleeding'
p3406
I109
sS'\xe2\x9d\xa4'
p3407
I108
sS'boots'
p3408
I108
sS'waking'
p3409
I103
sS'jump'
p3410
I109
sS'stared'
p3411
I109
sS'grrr'
p3412
I109
sS'video'
p3413
I108
sS'picked'
p3414
I105
sS'nephew'
p3415
I108
sS'pisses'
p3416
I109
sS'graduating'
p3417
I108
sS'hot\xe2\x80\x9d'
p3418
I109
sS'3x'
p3419
I109
sS'plays'
p3420
I109
sS'sweats'
p3421
I108
sS'giving'
p3422
I105
sS'"if"'
p3423
I109
sS'sangria'
p3424
I109
sS'vampire'
p3425
I109
sS"man's"
p3426
I46
sS'cell'
p3427
I109
sS'waiting'
p3428
I104
sS'together...my'
p3429
I109
sS'twins'
p3430
I109
sS'bayy'
p3431
I109
sS'tournaments'
p3432
I109
sS'daniel&i'
p3433
I109
sS'body'
p3434
I104
sS'impact'
p3435
I109
sS'delicias'
p3436
I109
sS'degree'
p3437
I109
sS'leg'
p3438
I109
sS'pushing'
p3439
I109
sS'commercial'
p3440
I103
sS'punch'
p3441
I107
sS'comical'
p3442
I109
sS'following'
p3443
I109
sS'packing'
p3444
I109
sS'les'
p3445
I109
sS'let'
p3446
I91
sS'sink'
p3447
I108
sS'others'
p3448
I106
sS'sexy'
p3449
I109
sS'safer'
p3450
I109
sS'although...haha'
p3451
I109
sS'\xe2\x9c\x8c\xef\xb8\x8f\xe2\x9d\xa4\xef\xb8\x8f'
p3452
I109
sS'great'
p3453
I88
sS'toast'
p3454
I109
sS'04:03:45.0,34.45782314,-118.64499668,9201.06,conoce'
p3455
I109
sS'puesss'
p3456
I109
sS'30'
p3457
I106
sS'stairs'
p3458
I109
sS'taffy'
p3459
I109
sS'leaving'
p3460
I109
sS'defeat'
p3461
I109
sS'popcorn'
p3462
I109
sS'opinion'
p3463
I109
sS'makes'
p3464
I94
sS'weekends'
p3465
I109
sS'girllll'
p3466
I109
sS'named'
p3467
I108
sS'apple'
p3468
I109
sS'spy'
p3469
I109
sS'crashing'
p3470
I109
sS'win'
p3471
I107
sS'app'
p3472
I109
sS'manage'
p3473
I108
sS'minnesota'
p3474
I109
sS'16:25:10.0,34.44260291,-118.60695903,9201.06,taking'
p3475
I109
sS'wit'
p3476
I107
sS'names'
p3477
I108
sS'apply'
p3478
I108
sS'sugar'
p3479
I108
sS'roaming'
p3480
I109
sS'lime'
p3481
I109
sS'use'
p3482
I101
sS'hahahahaha'
p3483
I109
sS'from'
p3484
I57
sS'hears'
p3485
I109
sS'icee'
p3486
I109
sS'&'
p3487
I22
sS'snacks'
p3488
I109
sS'mamba'
p3489
I109
sS'cray'
p3490
I108
sS'next'
p3491
I95
sS'procrastinate'
p3492
I109
sS'few'
p3493
I104
sS'camera'
p3494
I107
sS'scariest'
p3495
I109
sS'chu'
p3496
I106
sS'd'
p3497
I109
sS'themselves'
p3498
I108
sS'hiding'
p3499
I108
sS'weirdest'
p3500
I109
sS'rick'
p3501
I109
sS'sort'
p3502
I109
sS'pencil'
p3503
I109
sS'babe'
p3504
I108
sS'upcoming'
p3505
I108
sS'started'
p3506
I108
sS'becomes'
p3507
I109
sS'pursuing'
p3508
I109
sS'about'
p3509
I69
sS'infection'
p3510
I109
sS'charming'
p3511
I108
sS'sore'
p3512
I108
sS'train'
p3513
I109
sS'rabbit'
p3514
I109
sS'baby'
p3515
I87
sS'lifestyle'
p3516
I109
sS'(santa'
p3517
I108
sS'women'
p3518
I109
sS'fan'
p3519
I109
sS'balls'
p3520
I108
sS'salad'
p3521
I109
sS'midterm'
p3522
I109
sS'this'
p3523
I25
sS'ride'
p3524
I96
sS'tease'
p3525
I109
sS'sad\xe2\x80\x9d'
p3526
I109
sS'pour'
p3527
I109
sS'times...no'
p3528
I109
sS'donut'
p3529
I109
sS'archer'
p3530
I109
sS'"awful'
p3531
I109
sS'backwards'
p3532
I109
sS'meet'
p3533
I96
sS'closing'
p3534
I109
sS'drops'
p3535
I109
sS'dreamss'
p3536
I109
sS'fetch'
p3537
I108
sS'bend'
p3538
I109
sS'control'
p3539
I109
sS'olaf'
p3540
I109
sS'swimmins'
p3541
I109
sS'chapelas'
p3542
I109
sS'thirsty'
p3543
I109
sS'do'
p3544
I48
sS'process'
p3545
I109
sS'lock'
p3546
I109
sS'0.3'
p3547
I109
sS'yass'
p3548
I109
sS'halloween'
p3549
I102
sS'pieces'
p3550
I109
sS'high'
p3551
I97
sS'assumptions'
p3552
I109
sS'something'
p3553
I79
sS'slip'
p3554
I109
sS'bones'
p3555
I109
sS'tan'
p3556
I109
sS'repping'
p3557
I109
sS'goliath'
p3558
I109
sS'sit'
p3559
I104
sS'likkkke'
p3560
I109
sS'six'
p3561
I96
sS'fortunate'
p3562
I109
sS'burgandy'
p3563
I109
sS'seeds'
p3564
I109
sS'2:2'
p3565
I109
sS'instead'
p3566
I107
sS'struggled'
p3567
I108
sS'profile'
p3568
I109
sS'tension'
p3569
I109
sS'buildings'
p3570
I109
sS'attend'
p3571
I109
sS'stop'
p3572
I51
sS'tied'
p3573
I109
sS'permanent'
p3574
I109
sS'7-11'
p3575
I109
sS'men'
p3576
I109
sS'taco'
p3577
I108
sS'hahahaha'
p3578
I107
sS'cuddling'
p3579
I108
sS'realized'
p3580
I107
sS'sry'
p3581
I109
sS'tidemouth'
p3582
I109
sS'dolled'
p3583
I109
sS'famous'
p3584
I109
sS'light'
p3585
I103
sS'pansies'
p3586
I109
sS'noises'
p3587
I109
sS'lines'
p3588
I109
sS'remedy'
p3589
I109
sS'-.-t'
p3590
I109
sS'honestly'
p3591
I89
sS'realizes'
p3592
I109
sS'allow'
p3593
I108
sS'classy'
p3594
I108
sS'way...wait'
p3595
I109
sS'counted'
p3596
I109
sS'houston'
p3597
I108
sS'holds'
p3598
I108
sS'creation'
p3599
I109
sS'thigh'
p3600
I109
sS'move'
p3601
I92
sS'sperm'
p3602
I109
sS"won't"
p3603
I99
sS'looks'
p3604
I97
sS'horny'
p3605
I109
sS'galaxy'
p3606
I107
sS'bunch'
p3607
I109
sS'perfect'
p3608
I98
sS'write'
p3609
I107
sS'la'
p3610
I106
sS'realllly'
p3611
I109
sS'perf'
p3612
I109
sS'emails'
p3613
I107
sS'kindergarten'
p3614
I109
sS'willing'
p3615
I106
sS'degrees'
p3616
I109
sS'button'
p3617
I109
sS'2014'
p3618
I108
sS'bye'
p3619
I99
sS'<'
p3620
I106
sS'dad'
p3621
I89
sS'cuss'
p3622
I109
sS'ruined'
p3623
I109
sS'crash'
p3624
I109
sS'greater'
p3625
I109
sS'pearl'
p3626
I109
sS"papa's"
p3627
I109
sS'auto'
p3628
I109
sS'practice'
p3629
I109
sS'versace'
p3630
I108
sS'eggplant"'
p3631
I109
sS'drivin\xe2\x80\x99'
p3632
I109
sS'bothering'
p3633
I109
sS'kiss'
p3634
I104
sS'hands'
p3635
I108
sS'front'
p3636
I105
sS'mango-a-go-go'
p3637
I109
sS'day'
p3638
I49
sS'worlds'
p3639
I109
sS'greens'
p3640
I109
sS'toes'
p3641
I109
sS'warned'
p3642
I109
sS'damnnn'
p3643
I109
sS'blazing'
p3644
I108
sS'geezzzzzzzus'
p3645
I109
sS'delightful'
p3646
I109
sS'fuzz'
p3647
I109
sS'truth'
p3648
I104
sS'tights'
p3649
I109
sS'pools'
p3650
I109
sS'champ'
p3651
I109
sS'bills'
p3652
I108
sS'|'
p3653
I107
sS'glasses'
p3654
I107
sS'studios'
p3655
I109
sS'map'
p3656
I109
sS'doing'
p3657
I97
sS'buena'
p3658
I109
sS'parties'
p3659
I109
sS'unbelievable'
p3660
I106
sS'our'
p3661
I81
sS'80'
p3662
I108
sS'3:00am'
p3663
I109
sS'sexual'
p3664
I109
sS'edibles'
p3665
I109
sS'special'
p3666
I98
sS'out'
p3667
I40
sS'?;p'
p3668
I109
sS'matt'
p3669
I109
sS"'"
p3670
I34
sS'bahaha'
p3671
I109
sS'armor'
p3672
I109
sS'butt\xe2\x80\x9d'
p3673
I109
sS'alt-j'
p3674
I109
sS'stub'
p3675
I109
sS'mate'
p3676
I109
sS'geoo'
p3677
I109
sS'hilarious'
p3678
I109
sS'intervention'
p3679
I109
sS'cause'
p3680
I103
sS'red'
p3681
I107
sS'architecture'
p3682
I109
sS'shut'
p3683
I106
sS'umbrella'
p3684
I109
sS'jessica'
p3685
I109
sS'frand'
p3686
I109
sS'frank'
p3687
I109
sS'release'
p3688
I109
sS'completely'
p3689
I108
sS'jill'
p3690
I109
sS'que'
p3691
I108
sS'latest'
p3692
I109
sS'princess'
p3693
I108
sS'"can'
p3694
I109
sS'scary'
p3695
I109
sS'river'
p3696
I109
sS'g'
p3697
I109
sS'geometry'
p3698
I101
sS'could'
p3699
I88
sS'hes'
p3700
I109
sS'florida'
p3701
I109
sS'spongebob'
p3702
I109
sS'times'
p3703
I101
sS'conversation'
p3704
I108
sS'49ers'
p3705
I109
sS'hence'
p3706
I109
sS',91355\n478950843899584512,miuratyler,2014-06-17'
p3707
I109
sS'chills'
p3708
I109
sS'scare'
p3709
I108
sS'ago...please'
p3710
I109
sS'start.\xe2\x80\x9d'
p3711
I109
sS'bahahhaa'
p3712
I109
sS'there'
p3713
I72
sS'!!omg!this'
p3714
I109
sS'..\xe2\x9d\x84\xef\xb8\x8f'
p3715
I109
sS'blown'
p3716
I109
sS'something!,91384\n431672127008145408,grant_marta,2014-02-07'
p3717
I109
sS'yrd'
p3718
I109
sS'relief!,91384\n436564603405737984,grant_marta,2014-02-20'
p3719
I109
sS'standards...they'
p3720
I109
sS'jesus'
p3721
I107
sS'exact'
p3722
I109
sS'standards'
p3723
I109
sS'bitch'
p3724
I96
sS'mah'
p3725
I108
sS'"break'
p3726
I109
sS'blows'
p3727
I109
sS'"man"'
p3728
I109
sS'home...&'
p3729
I109
sS'braces'
p3730
I108
sS'outfits'
p3731
I109
sS"doesn't"
p3732
I94
sS'accurate'
p3733
I109
sS'management'
p3734
I109
sS'start'
p3735
I98
sS'bears'
p3736
I108
sS'squinting'
p3737
I109
sS'book?"'
p3738
I109
sS'habit'
p3739
I109
sS'pervvvvvvvvv'
p3740
I109
sS'priority'
p3741
I109
sS'their'
p3742
I91
sS'slide'
p3743
I109
sS'decorations'
p3744
I109
sS'ankle'
p3745
I108
sS'tummy'
p3746
I109
sS'chases'
p3747
I109
sS'final'
p3748
I107
sS'cabin'
p3749
I109
sS'shatter'
p3750
I109
sS'gummy'
p3751
I109
sS'shell'
p3752
I109
sS'stomach'
p3753
I108
sS'stars'
p3754
I108
sS'\xe2\x80\xa2gorgeous'
p3755
I109
sS'shorts'
p3756
I108
sS'patron'
p3757
I109
sS'exactly'
p3758
I106
sS'motorcycle'
p3759
I109
sS'depressing'
p3760
I109
sS'groomer'
p3761
I109
sS'verse'
p3762
I109
sS'grandpa'
p3763
I109
sS'bieber'
p3764
I108
sS'maze'
p3765
I109
sS'noun'
p3766
I109
sS'july'
p3767
I108
sS'whateverrrr'
p3768
I109
sS'herself'
p3769
I109
sS'gotchu'
p3770
I109
sS'neck'
p3771
I108
sS'loved'
p3772
I107
sS'valley'
p3773
I109
sS'boring'
p3774
I108
sS'bother'
p3775
I108
sS'ballers'
p3776
I109
sS'bed'
p3777
I88
sS'bee'
p3778
I109
sS'fuck.\xe2\x80\x9d'
p3779
I109
sS'cards'
p3780
I109
sS'anaheim'
p3781
I108
sS'loves'
p3782
I105
sS'6th'
p3783
I109
sS'collecting'
p3784
I109
sS'1.5'
p3785
I109
sS'1.7'
p3786
I109
sS'wakes'
p3787
I109
sS'bahahahhahaha'
p3788
I109
sS'-___-'
p3789
I109
sS'spelled'
p3790
I109
sS'comfortable'
p3791
I104
sS'tonight'
p3792
I76
sS'hilarious"'
p3793
I109
sS'grandes'
p3794
I109
sS'receptionist'
p3795
I109
sS'have'
p3796
I31
sS'goodie'
p3797
I109
sS'need'
p3798
I60
sS'apparently'
p3799
I107
sS'clearly'
p3800
I108
sS'she'
p3801
I94
sS'screw'
p3802
I109
sS';)\xe2\x80\x9d'
p3803
I108
sS'afraid'
p3804
I106
sS'congrats'
p3805
I106
sS'studying'
p3806
I109
sS'53.1807'
p3807
I109
sS'able'
p3808
I105
sS'ronda'
p3809
I109
sS'parks'
p3810
I109
sS'erased'
p3811
I109
sS'"parental'
p3812
I109
sS'instance'
p3813
I109
sS'cuteeee'
p3814
I109
sS'which'
p3815
I107
sS'meeting'
p3816
I109
sS'truck'
p3817
I109
sS'asshole'
p3818
I106
sS'='
p3819
I108
sS'soap'
p3820
I108
sS'pursues'
p3821
I109
sS'toughest'
p3822
I108
sS'girlies'
p3823
I109
sS'brazil'
p3824
I109
sS'unless'
p3825
I109
sS'agenda'
p3826
I109
sS'gehry'
p3827
I109
sS'eres'
p3828
I109
sS'collaboration'
p3829
I109
sS'who'
p3830
I65
sS'murk'
p3831
I109
sS'ramzi/michael/patrice'
p3832
I109
sS'now!,91384\n433332268296175617,grant_marta,2014-02-11'
p3833
I109
sS'5am'
p3834
I109
sS'eight'
p3835
I108
sS'tall'
p3836
I108
sS'highschool'
p3837
I104
sS'why'
p3838
I54
sS'creepy...teehee'
p3839
I109
sS'hypocrite'
p3840
I109
sS'saddest'
p3841
I109
sS'twerksmas'
p3842
I109
sS'boobies'
p3843
I109
sS'snoozing'
p3844
I109
sS'stronger'
p3845
I108
sS'thanksgiving'
p3846
I107
sS'face'
p3847
I93
sS'looked'
p3848
I108
sS"you'll"
p3849
I100
sS'valencia)'
p3850
I109
sS'se'
p3851
I107
sS'pictures'
p3852
I107
sS'drop...me'
p3853
I109
sS'chargers'
p3854
I109
sS'typical'
p3855
I109
sS'painting'
p3856
I109
sS'"or'
p3857
I109
sS'fact'
p3858
I105
sS'gain'
p3859
I109
sS'super'
p3860
I109
sS'entertain'
p3861
I109
sS'chances'
p3862
I107
sS'text'
p3863
I100
sS'agreed'
p3864
I109
sS'assholes'
p3865
I109
sS'anyway'
p3866
I109
sS'bring'
p3867
I107
sS'shittttt'
p3868
I109
sS"90's"
p3869
I109
sS'bedroom'
p3870
I109
sS'soldiers'
p3871
I109
sS'fear'
p3872
I108
sS'longer'
p3873
I109
sS'staff'
p3874
I107
sS'ayee'
p3875
I109
sS'lameeee'
p3876
I109
sS'patiently'
p3877
I109
sS'knowledge'
p3878
I109
sS'ss'
p3879
I109
sS'('
p3880
I106
sS'studder'
p3881
I109
sS'should'
p3882
I90
sS'buttons'
p3883
I109
sS'score'
p3884
I109
sS'tape'
p3885
I109
sS'belated'
p3886
I109
sS'somos'
p3887
I109
sS'marriage'
p3888
I109
sS'piano'
p3889
I109
sS'hiiiii'
p3890
I109
sS'15:13'
p3891
I109
sS'hope'
p3892
I97
sS'meant'
p3893
I106
sS'handle'
p3894
I109
sS'means'
p3895
I101
sS'fellow'
p3896
I109
sS'midnight'
p3897
I109
sS'dope'
p3898
I109
sS'chopsticks'
p3899
I109
sS'overall'
p3900
I109
sS'lucky'
p3901
I107
sS'diddy'
p3902
I109
sS'wiggle'
p3903
I107
sS'bean'
p3904
I108
sS'ones'
p3905
I108
sS'boringest'
p3906
I109
sS'words'
p3907
I104
sS'werent'
p3908
I109
sS'ryan\xe2\x9d\xa4\xef\xb8\x8f\xe2\x9d\xa4\xef\xb8\x8f\xe2\x9d\xa4\xef\xb8\x8f\xe2\x9d\xa4\xef\xb8\x8f\xe2\x9d\xa4\xef\xb8\x8f'
p3909
I109
sS'tatsu'
p3910
I109
sS'ghetto'
p3911
I108
sS'crabs'
p3912
I109
sS'twins?"'
p3913
I109
sS'grrrr'
p3914
I109
sS'qt'
p3915
I109
sS'the\xe2\x80\xa6'
p3916
I109
sS'ended'
p3917
I109
sS'shy'
p3918
I105
sS'married'
p3919
I108
sS'slimer'
p3920
I109
sS'calling'
p3921
I109
sS'sha'
p3922
I106
sS'stuff'
p3923
I103
sS'mascara'
p3924
I108
sS"bub's"
p3925
I109
sS'grab'
p3926
I109
sS'fixed'
p3927
I109
sS'grad'
p3928
I109
sS'"tasty'
p3929
I109
sS'view'
p3930
I108
sS'available'
p3931
I109
sS'btw'
p3932
I109
sS'official'
p3933
I109
sS'exists'
p3934
I109
sS'silverlake'
p3935
I109
sS'heartburn'
p3936
I109
sS'yesterday...why'
p3937
I109
sS'we'
p3938
I60
sS'4:15am...like'
p3939
I109
sS'theres'
p3940
I109
sS'unfairly'
p3941
I109
sS'sanity'
p3942
I109
sS"she'd"
p3943
I109
sS'omf'
p3944
I109
sS'closer'
p3945
I105
sS'dungeon'
p3946
I43
sS'luu'
p3947
I109
sS'luv'
p3948
I107
sS'reform'
p3949
I109
sS'nightmare'
p3950
I107
sS'horribly'
p3951
I109
sS'playas'
p3952
I109
sS'sadness'
p3953
I109
sS'25/8'
p3954
I109
sS'103:6'
p3955
I109
sS'ellisa'
p3956
I109
sS'favor'
p3957
I108
sS'state'
p3958
I109
sS'krispy'
p3959
I109
sS'shakalakaaaaaaa'
p3960
I109
sS'closed'
p3961
I108
sS'horrible'
p3962
I106
sS'progress'
p3963
I109
sS'frustrated'
p3964
I107
sS'bought'
p3965
I106
sS'brewing'
p3966
I109
sS'ability'
p3967
I108
sS'munching'
p3968
I109
sS'a.m'
p3969
I108
sS'sorrow'
p3970
I109
sS'kicking'
p3971
I109
sS'job'
p3972
I95
sS'shittiest'
p3973
I109
sS'key'
p3974
I105
sS'felicia'
p3975
I106
sS'singh'
p3976
I109
sS'boss'
p3977
I109
sS'swift'
p3978
I108
sS'legit'
p3979
I106
sS'staring'
p3980
I109
sS'praying'
p3981
I109
sS'hits'
p3982
I109
sS'figured'
p3983
I109
sS'limits'
p3984
I109
sS'career'
p3985
I109
sS'joke'
p3986
I107
sS'taking'
p3987
I103
sS"he's"
p3988
I105
sS'aqua'
p3989
I108
sS'equal'
p3990
I109
sS'drug'
p3991
I108
sS'\xe2\x80\xa2you'
p3992
I108
sS'no-body'
p3993
I109
sS'etc'
p3994
I109
sS'admit'
p3995
I109
sS'out.\xe2\x80\x9d'
p3996
I109
sS'passing'
p3997
I104
sS'safely'
p3998
I109
sS'fortress\xe2\x80\xa6'
p3999
I109
sS'anything\xe2\x80\x9d'
p4000
I109
sS'e'
p4001
I109
sS'gorgeous'
p4002
I108
sS'relevant'
p4003
I109
sS'wall'
p4004
I109
sS'daniels'
p4005
I109
sS'ca'
p4006
I75
sS'solve'
p4007
I109
sS'walk'
p4008
I102
sS'roof'
p4009
I109
sS'\xe2\x9c\x88\xef\xb8\x8f\xe2\x9c\x8c\xef\xb8\x8f'
p4010
I109
sS'bump'
p4011
I109
sS'laugh'
p4012
I107
sS'disturbing'
p4013
I109
sS'respect'
p4014
I107
sS'winning'
p4015
I109
sS'basing'
p4016
I109
sS'watcha'
p4017
I109
sS'mountains..awk'
p4018
I109
sS'blink'
p4019
I108
sS'quit'
p4020
I104
sS'yay'
p4021
I106
sS'\xe2\x80\xa2goodvibes'
p4022
I109
sS'49er'
p4023
I109
sS"it's"
p4024
I29
sS'coghoul'
p4025
I109
sS'extranicefunnyperson'
p4026
I109
sS'responds'
p4027
I109
sS'outlaws'
p4028
I109
sS'tutor'
p4029
I108
sS'literal'
p4030
I109
sS'gaze'
p4031
I109
sS'slowly'
p4032
I108
sS'treat'
p4033
I107
sS'bby'
p4034
I106
sS'"i\'m'
p4035
I109
sS'hahahhaaha'
p4036
I109
sS'woohoo...now'
p4037
I109
sS'jusst'
p4038
I109
sS'>'
p4039
I101
sS'mike'
p4040
I108
sS'farmer'
p4041
I109
sS'quiero'
p4042
I109
sS'sales'
p4043
I109
sS'hmm'
p4044
I108
sS'finished'
p4045
I107
sS'tfti'
p4046
I109
sS'resort'
p4047
I109
sS'covered'
p4048
I108
sS'otp'
p4049
I108
sS'smoking'
p4050
I106
sS'general'
p4051
I108
sS'main'
p4052
I109
sS'splits'
p4053
I109
sS'ap'
p4054
I109
sS'intimidate'
p4055
I109
sS'brat'
p4056
I109
sS'harder'
p4057
I107
sS'tshirt'
p4058
I109
sS'will'
p4059
I66
sS'circle'
p4060
I109
sS'hahaha'
p4061
I104
sS'wild'
p4062
I108
sS'frustrating'
p4063
I109
sS'noticed'
p4064
I109
sS'cuzin'
p4065
I105
sS'mutant'
p4066
I109
sS'run....i'
p4067
I109
sS"today...what's"
p4068
I109
sS'almost'
p4069
I101
sS'whitherspoon'
p4070
I109
sS'surprisingly'
p4071
I109
sS'pews'
p4072
I109
sS'helped'
p4073
I109
sS'lying'
p4074
I109
sS'vv'
p4075
I108
sS'watched'
p4076
I109
sS'hearted'
p4077
I109
sS'bucks'
p4078
I109
sS'work...but'
p4079
I109
sS'jenner'
p4080
I109
sS'tattoo'
p4081
I108
sS'tbh\xe2\x9b\x84\xef\xb8\x8f'
p4082
I109
sS'packs'
p4083
I109
sS'sensitive'
p4084
I108
sS')'
p4085
I104
sS'periodddd'
p4086
I109
sS'00:00:01'
p4087
I109
sS'takin'
p4088
I109
sS'yourss'
p4089
I109
sS'strange'
p4090
I108
sS'meagers'
p4091
I109
sS'party'
p4092
I100
sS'gets'
p4093
I103
sS'difficult'
p4094
I109
sS'ball'
p4095
I107
sS'brag'
p4096
I109
sS'beautifulness'
p4097
I109
sS'staap'
p4098
I108
sS'drink'
p4099
I107
sS'upon'
p4100
I109
sS'diploma'
p4101
I109
sS'binoculars'
p4102
I109
sS'fucken'
p4103
I76
sS'phx'
p4104
I109
sS'sooner'
p4105
I109
sS'painful'
p4106
I109
sS'fucked'
p4107
I105
sS'freund'
p4108
I109
sS'broccoli'
p4109
I109
sS'suavemente'
p4110
I109
sS'numbered'
p4111
I109
sS'off'
p4112
I71
sS'center'
p4113
I109
sS'untouchable'
p4114
I109
sS'i'
p4115
I2
sS'obstacles'
p4116
I109
sS'well'
p4117
I90
sS'unpacked'
p4118
I109
sS'fighting'
p4119
I109
sS'thought'
p4120
I91
sS'yayyyyyy'
p4121
I109
sS"'my"
p4122
I109
sS'chipotle'
p4123
I109
sS'command'
p4124
I109
sS'oops'
p4125
I109
sS'english'
p4126
I109
sS'rush'
p4127
I109
sS'usual'
p4128
I109
sS'whisper"'
p4129
I109
sS'taller'
p4130
I109
sS'newest'
p4131
I109
sS'tickles'
p4132
I109
sS'cried'
p4133
I106
sS"'like"
p4134
I109
sS'moments'
p4135
I109
sS"should've"
p4136
I106
sS'gr8'
p4137
I109
sS'flies'
p4138
I108
sS'rolled'
p4139
I109
sS'6am'
p4140
I109
sS'mistakes'
p4141
I108
sS'"new-song"'
p4142
I109
sS'rocked'
p4143
I109
sS'headin'
p4144
I109
sS'cardboard'
p4145
I109
sS'happiness'
p4146
I103
sS'liters'
p4147
I109
sS'kindness'
p4148
I109
sS'let\xe2\x80\x99s'
p4149
I109
sS'nastiest'
p4150
I109
sS'vida'
p4151
I109
sS'drunk'
p4152
I106
sS'sky'
p4153
I108
sS'lake'
p4154
I107
sS'realize'
p4155
I107
sS'add'
p4156
I106
sS'other'
p4157
I104
sS'attractive'
p4158
I107
sS'wet'
p4159
I108
sS'ought'
p4160
I109
sS'smart'
p4161
I103
sS'raven'
p4162
I109
sS'bullshitt'
p4163
I108
sS'whorechata'
p4164
I109
sS'salvador.,91384\n434743249022889984,grant_marta,2014-02-15'
p4165
I109
sS'checking'
p4166
I109
sS"who's"
p4167
I106
sS'lin'
p4168
I109
sS'pants'
p4169
I109
sS'allegiance'
p4170
I109
sS'cruz'
p4171
I109
sS'"dafuq'
p4172
I109
sS'five'
p4173
I108
sS'know'
p4174
I44
sS'facial'
p4175
I109
sS'5:30'
p4176
I109
sS'nvm'
p4177
I109
sS'twit\xee\x84\x86'
p4178
I109
sS"who'd"
p4179
I109
sS'fools'
p4180
I109
sS'mhm'
p4181
I109
sS'necessary'
p4182
I107
sS'like'
p4183
I23
sS'lost'
p4184
I106
sS'ranch"'
p4185
I109
sS'aaahhhhhh'
p4186
I109
sS'candy'
p4187
I106
sS'loses'
p4188
I108
sS'lose'
p4189
I109
sS'hmu"'
p4190
I109
sS'become'
p4191
I108
sS'funniest'
p4192
I109
sS'works'
p4193
I107
sS'soft'
p4194
I108
sS'page'
p4195
I107
sS'adversity'
p4196
I109
sS'fruitless'
p4197
I109
sS'nigga'
p4198
I103
sS'comme'
p4199
I109
sS'sequence'
p4200
I109
sS'twitter'
p4201
I105
sS'library'
p4202
I46
sS'identified'
p4203
I109
sS'hair'
p4204
I96
sS'teaching...pretty'
p4205
I109
sS'kangen'
p4206
I109
sS'pounding'
p4207
I109
sS'home'
p4208
I67
sS'shabba'
p4209
I106
sS'jojo'
p4210
I109
sS'drinko'
p4211
I109
sS'stap'
p4212
I109
sS'lead'
p4213
I109
sS'literally'
p4214
I94
sS'avoid'
p4215
I108
sS'anonoying'
p4216
I109
sS'do<33'
p4217
I109
sS'twerking'
p4218
I109
sS'does'
p4219
I98
sS'passion'
p4220
I108
sS'dirty"'
p4221
I109
sS'\xe2\x80\xa2staying'
p4222
I109
sS'iphones'
p4223
I109
sS'day...,91384\n440712961414283264,grant_marta,2014-03-04'
p4224
I109
sS"hasn't"
p4225
I109
sS'ripped'
p4226
I108
sS'finale'
p4227
I109
sS'coated'
p4228
I109
sS'uhhhm'
p4229
I109
sS'schedule'
p4230
I108
sS'5:45am'
p4231
I109
sS'journal'
p4232
I109
sS'paper'
p4233
I109
sS'pressure'
p4234
I109
sS'singin'
p4235
I109
sS'np'
p4236
I109
sS'worthy'
p4237
I109
sS'amy'
p4238
I109
sS'naps'
p4239
I109
sS"'you"
p4240
I109
sS'((('
p4241
I109
sS'loans'
p4242
I109
sS'preventative'
p4243
I109
sS'name>>>>>>>'
p4244
I109
sS'stage'
p4245
I108
sS'day...finally'
p4246
I109
sS'sister'
p4247
I93
sS':-)'
p4248
I108
sS'actual'
p4249
I109
sS'justin'
p4250
I107
sS'getting'
p4251
I85
sS'universe'
p4252
I108
sS'biscuit'
p4253
I109
sS'toms'
p4254
I106
sS'4hunnid'
p4255
I109
sS'shipping'
p4256
I109
sS'angeles'
p4257
I108
sS'seager'
p4258
I109
sS'perks'
p4259
I106
sS'swear'
p4260
I101
sS'sweat'
p4261
I109
sS'pumps'
p4262
I109
sS'fearless'
p4263
I109
sS'introduced'
p4264
I109
sS'create'
p4265
I109
sS'em'
p4266
I109
sS'h8'
p4267
I109
sS'own'
p4268
I100
sS'letters'
p4269
I109
sS'kinda'
p4270
I100
sS"telly's"
p4271
I108
sS'\xe2\x80\xa2come'
p4272
I109
sS'socks'
p4273
I108
sS'loner'
p4274
I109
sS'screamed'
p4275
I109
sS'ultrasound'
p4276
I108
sS'guard'
p4277
I108
sS'weather'
p4278
I97
sS'promise'
p4279
I109
sS'brush'
p4280
I109
sS'dead.\xe2\x80\x9d'
p4281
I109
sS'kthanx'
p4282
I109
sS'capable'
p4283
I109
sS'couldnt'
p4284
I109
sS'quickly'
p4285
I109
sS'obvi'
p4286
I109
sS'eh'
p4287
I108
sS'clown'
p4288
I109
sS'2k14'
p4289
I109
sS'networking'
p4290
I109
sS'legends'
p4291
I108
sS'val'
p4292
I52
sS'pc'
p4293
I109
sS'noxious'
p4294
I109
sS'museum'
p4295
I109
sS'pitty'
p4296
I109
sS'apps'
p4297
I108
sS'spots'
p4298
I108
sS'kidding'
p4299
I107
sS'\xe2\x80\xa2pls'
p4300
I109
sS'biggest'
p4301
I106
sS'curious..what'
p4302
I109
sS'inspiration'
p4303
I108
sS'function'
p4304
I109
sS'tricky'
p4305
I109
sS'buy'
p4306
I104
sS'chatting'
p4307
I108
sS"i've"
p4308
I66
sS'bus'
p4309
I64
sS'brand'
p4310
I108
sS'bitches'
p4311
I104
sS'but'
p4312
I28
sS'likey'
p4313
I109
sS'38:12-15'
p4314
I109
sS'hi'
p4315
I104
sS'09-11-01'
p4316
I109
sS'salvation'
p4317
I109
sS'you<33'
p4318
I109
sS'didnt'
p4319
I109
sS'ha'
p4320
I104
sS'bitched'
p4321
I109
sS'eat'
p4322
I106
sS'bud'
p4323
I108
sS'he'
p4324
I70
sS'count'
p4325
I107
sS'proverbs'
p4326
I108
sS'made'
p4327
I97
sS'whether'
p4328
I106
sS'wish'
p4329
I90
sS'finals'
p4330
I109
sS'natalia'
p4331
I109
sS'smooth'
p4332
I109
sS'madi'
p4333
I109
sS'..we'
p4334
I109
sS'record'
p4335
I109
sS'below'
p4336
I109
sS'stories'
p4337
I109
sS'woke'
p4338
I105
sS'blessings'
p4339
I109
sS'bf'
p4340
I109
sS'problem'
p4341
I108
sS"u've"
p4342
I109
sS'minutes'
p4343
I108
sS'business"'
p4344
I109
sS'smothered'
p4345
I109
sS'pin'
p4346
I109
sS'pic'
p4347
I108
sS'kisses'
p4348
I109
sS'meaningless'
p4349
I109
sS'pig'
p4350
I109
sS'"regret"'
p4351
I109
sS'sibling'
p4352
I109
sS'beats'
p4353
I108
sS'b\xc3\xa6byyy'
p4354
I109
sS'forgot...im'
p4355
I109
sS'cool...your'
p4356
I109
sS"kelly's"
p4357
I109
sS'00:30:22.0,34.4405609,-118.6279838,9201.06,no'
p4358
I109
sS'happen'
p4359
I104
sS'balcony'
p4360
I109
sS'diego'
p4361
I109
sS'spell'
p4362
I109
sS'tho,91355\n479708180369248256,anthonyg1993,2014-06-19'
p4363
I109
sS'incredible'
p4364
I109
sS'46'
p4365
I109
sS'45'
p4366
I108
sS'40'
p4367
I109
sS'lately'
p4368
I109
sS'allergist'
p4369
I109
sS'book'
p4370
I105
sS'compares'
p4371
I109
sS'boom'
p4372
I109
sS'sick'
p4373
I96
sS'incredibly'
p4374
I109
sS'firefighters'
p4375
I109
sS'dresses'
p4376
I108
sS'fiesta'
p4377
I109
sS'repeat'
p4378
I109
sS"doctor...don't"
p4379
I109
sS'monday'
p4380
I107
sS'living'
p4381
I108
sS'class'
p4382
I105
sS'june'
p4383
I109
sS'outlets'
p4384
I108
sS'bundle'
p4385
I109
sS'stay'
p4386
I88
sS'risked'
p4387
I108
sS'.we'
p4388
I109
sS'chance'
p4389
I106
sS'\xe2\x80\xa2'
p4390
I109
sS'stab'
p4391
I108
sS'gatsby'
p4392
I108
sS'pickle'
p4393
I109
sS'bitchy'
p4394
I109
sS'friends'
p4395
I92
sS'goin'
p4396
I107
sS'ghost'
p4397
I109
sS'dickbag'
p4398
I109
sS'\xe2\x80\x94'
p4399
I102
sS'samsung'
p4400
I109
sS'ranks'
p4401
I107
sS'sickies'
p4402
I109
sS'original'
p4403
I109
sS'timelessness'
p4404
I109
sS'understand'
p4405
I100
sS'yell'
p4406
I108
sS'8th'
p4407
I109
sS'corey'
p4408
I109
s.